[2023-06-11T09:47:37.945+0000] {taskinstance.py:1103} INFO - Dependencies all met for dep_context=non-requeueable deps ti=<TaskInstance: first_dag_02.second_task scheduled__2022-06-21T00:00:00+00:00 [queued]>
[2023-06-11T09:47:38.312+0000] {taskinstance.py:1103} INFO - Dependencies all met for dep_context=requeueable deps ti=<TaskInstance: first_dag_02.second_task scheduled__2022-06-21T00:00:00+00:00 [queued]>
[2023-06-11T09:47:38.312+0000] {taskinstance.py:1308} INFO - Starting attempt 1 of 6
[2023-06-11T09:47:38.973+0000] {taskinstance.py:1327} INFO - Executing <Task(BashOperator): second_task> on 2022-06-21 00:00:00+00:00
[2023-06-11T09:47:39.032+0000] {standard_task_runner.py:57} INFO - Started process 5124 to run task
[2023-06-11T09:47:39.140+0000] {standard_task_runner.py:84} INFO - Running: ['***', 'tasks', 'run', 'first_dag_02', 'second_task', 'scheduled__2022-06-21T00:00:00+00:00', '--job-id', '1572', '--raw', '--subdir', 'DAGS_FOLDER/First_dag.py', '--cfg-path', '/tmp/tmpbwagmi5s']
[2023-06-11T09:47:39.215+0000] {standard_task_runner.py:85} INFO - Job 1572: Subtask second_task
[2023-06-11T09:47:39.794+0000] {task_command.py:410} INFO - Running <TaskInstance: first_dag_02.second_task scheduled__2022-06-21T00:00:00+00:00 [running]> on host 964e508aad03
[2023-06-11T09:47:42.308+0000] {taskinstance.py:1547} INFO - Exporting env vars: AIRFLOW_CTX_DAG_OWNER='Raja' AIRFLOW_CTX_DAG_ID='first_dag_02' AIRFLOW_CTX_TASK_ID='second_task' AIRFLOW_CTX_EXECUTION_DATE='2022-06-21T00:00:00+00:00' AIRFLOW_CTX_TRY_NUMBER='1' AIRFLOW_CTX_DAG_RUN_ID='scheduled__2022-06-21T00:00:00+00:00'
[2023-06-11T09:47:42.317+0000] {subprocess.py:63} INFO - Tmp dir root location: 
 /tmp
[2023-06-11T09:47:42.318+0000] {subprocess.py:75} INFO - Running command: ['/bin/bash', '-c', 'echo hey, I am task2 and will be running after task1!']
[2023-06-11T09:47:42.434+0000] {subprocess.py:86} INFO - Output:
[2023-06-11T09:47:42.441+0000] {subprocess.py:93} INFO - hey, I am task2 and will be running after task1!
[2023-06-11T09:47:42.442+0000] {subprocess.py:97} INFO - Command exited with return code 0
[2023-06-11T09:47:42.812+0000] {taskinstance.py:1350} INFO - Marking task as SUCCESS. dag_id=first_dag_02, task_id=second_task, execution_date=20220621T000000, start_date=20230611T094737, end_date=20230611T094742
[2023-06-11T09:47:43.142+0000] {local_task_job_runner.py:225} INFO - Task exited with return code 0
[2023-06-11T09:47:43.343+0000] {taskinstance.py:2651} INFO - 0 downstream tasks scheduled from follow-on schedule check
[2023-06-11T15:33:59.505+0000] {taskinstance.py:1103} INFO - Dependencies all met for dep_context=non-requeueable deps ti=<TaskInstance: first_dag_02.second_task scheduled__2022-06-21T00:00:00+00:00 [queued]>
[2023-06-11T15:33:59.626+0000] {taskinstance.py:1103} INFO - Dependencies all met for dep_context=requeueable deps ti=<TaskInstance: first_dag_02.second_task scheduled__2022-06-21T00:00:00+00:00 [queued]>
[2023-06-11T15:33:59.626+0000] {taskinstance.py:1308} INFO - Starting attempt 1 of 6
[2023-06-11T15:33:59.924+0000] {taskinstance.py:1327} INFO - Executing <Task(BashOperator): second_task> on 2022-06-21 00:00:00+00:00
[2023-06-11T15:33:59.946+0000] {standard_task_runner.py:57} INFO - Started process 1629 to run task
[2023-06-11T15:33:59.958+0000] {standard_task_runner.py:84} INFO - Running: ['***', 'tasks', 'run', 'first_dag_02', 'second_task', 'scheduled__2022-06-21T00:00:00+00:00', '--job-id', '1589', '--raw', '--subdir', 'DAGS_FOLDER/First_dag.py', '--cfg-path', '/tmp/tmplng9ukwt']
[2023-06-11T15:33:59.963+0000] {standard_task_runner.py:85} INFO - Job 1589: Subtask second_task
[2023-06-11T15:34:00.308+0000] {task_command.py:410} INFO - Running <TaskInstance: first_dag_02.second_task scheduled__2022-06-21T00:00:00+00:00 [running]> on host 7586ce0070ac
[2023-06-11T15:34:01.459+0000] {taskinstance.py:1547} INFO - Exporting env vars: AIRFLOW_CTX_DAG_OWNER='Raja' AIRFLOW_CTX_DAG_ID='first_dag_02' AIRFLOW_CTX_TASK_ID='second_task' AIRFLOW_CTX_EXECUTION_DATE='2022-06-21T00:00:00+00:00' AIRFLOW_CTX_TRY_NUMBER='1' AIRFLOW_CTX_DAG_RUN_ID='scheduled__2022-06-21T00:00:00+00:00'
[2023-06-11T15:34:01.462+0000] {subprocess.py:63} INFO - Tmp dir root location: 
 /tmp
[2023-06-11T15:34:01.463+0000] {subprocess.py:75} INFO - Running command: ['/bin/bash', '-c', 'echo hey, I am task2 and will be running after task1!']
[2023-06-11T15:34:01.527+0000] {subprocess.py:86} INFO - Output:
[2023-06-11T15:34:01.530+0000] {subprocess.py:93} INFO - hey, I am task2 and will be running after task1!
[2023-06-11T15:34:01.532+0000] {subprocess.py:97} INFO - Command exited with return code 0
[2023-06-11T15:34:01.769+0000] {taskinstance.py:1350} INFO - Marking task as SUCCESS. dag_id=first_dag_02, task_id=second_task, execution_date=20220621T000000, start_date=20230611T153359, end_date=20230611T153401
[2023-06-11T15:34:01.988+0000] {local_task_job_runner.py:225} INFO - Task exited with return code 0
[2023-06-11T15:34:02.190+0000] {taskinstance.py:2651} INFO - 0 downstream tasks scheduled from follow-on schedule check
