[2023-06-11T08:56:43.390+0000] {taskinstance.py:1103} INFO - Dependencies all met for dep_context=non-requeueable deps ti=<TaskInstance: first_dag_02.second_task scheduled__2021-12-24T00:00:00+00:00 [queued]>
[2023-06-11T08:56:43.688+0000] {taskinstance.py:1103} INFO - Dependencies all met for dep_context=requeueable deps ti=<TaskInstance: first_dag_02.second_task scheduled__2021-12-24T00:00:00+00:00 [queued]>
[2023-06-11T08:56:43.705+0000] {taskinstance.py:1308} INFO - Starting attempt 1 of 6
[2023-06-11T08:56:44.088+0000] {taskinstance.py:1327} INFO - Executing <Task(BashOperator): second_task> on 2021-12-24 00:00:00+00:00
[2023-06-11T08:56:44.134+0000] {standard_task_runner.py:57} INFO - Started process 2315 to run task
[2023-06-11T08:56:44.160+0000] {standard_task_runner.py:84} INFO - Running: ['***', 'tasks', 'run', 'first_dag_02', 'second_task', 'scheduled__2021-12-24T00:00:00+00:00', '--job-id', '720', '--raw', '--subdir', 'DAGS_FOLDER/First_dag.py', '--cfg-path', '/tmp/tmpennjyf13']
[2023-06-11T08:56:44.161+0000] {standard_task_runner.py:85} INFO - Job 720: Subtask second_task
[2023-06-11T08:56:44.556+0000] {task_command.py:410} INFO - Running <TaskInstance: first_dag_02.second_task scheduled__2021-12-24T00:00:00+00:00 [running]> on host 964e508aad03
[2023-06-11T08:56:46.630+0000] {taskinstance.py:1547} INFO - Exporting env vars: AIRFLOW_CTX_DAG_OWNER='Raja' AIRFLOW_CTX_DAG_ID='first_dag_02' AIRFLOW_CTX_TASK_ID='second_task' AIRFLOW_CTX_EXECUTION_DATE='2021-12-24T00:00:00+00:00' AIRFLOW_CTX_TRY_NUMBER='1' AIRFLOW_CTX_DAG_RUN_ID='scheduled__2021-12-24T00:00:00+00:00'
[2023-06-11T08:56:46.633+0000] {subprocess.py:63} INFO - Tmp dir root location: 
 /tmp
[2023-06-11T08:56:46.636+0000] {subprocess.py:75} INFO - Running command: ['/bin/bash', '-c', 'echo hey, I am task2 and will be running after task1!']
[2023-06-11T08:56:46.805+0000] {subprocess.py:86} INFO - Output:
[2023-06-11T08:56:46.817+0000] {subprocess.py:93} INFO - hey, I am task2 and will be running after task1!
[2023-06-11T08:56:46.818+0000] {subprocess.py:97} INFO - Command exited with return code 0
[2023-06-11T08:56:47.096+0000] {taskinstance.py:1350} INFO - Marking task as SUCCESS. dag_id=first_dag_02, task_id=second_task, execution_date=20211224T000000, start_date=20230611T085643, end_date=20230611T085647
[2023-06-11T08:56:47.261+0000] {local_task_job_runner.py:225} INFO - Task exited with return code 0
[2023-06-11T08:56:47.596+0000] {taskinstance.py:2651} INFO - 0 downstream tasks scheduled from follow-on schedule check
[2023-06-11T11:22:04.959+0000] {taskinstance.py:1103} INFO - Dependencies all met for dep_context=non-requeueable deps ti=<TaskInstance: first_dag_02.second_task scheduled__2021-12-24T00:00:00+00:00 [queued]>
[2023-06-11T11:22:05.577+0000] {taskinstance.py:1103} INFO - Dependencies all met for dep_context=requeueable deps ti=<TaskInstance: first_dag_02.second_task scheduled__2021-12-24T00:00:00+00:00 [queued]>
[2023-06-11T11:22:05.577+0000] {taskinstance.py:1308} INFO - Starting attempt 1 of 6
[2023-06-11T11:22:07.022+0000] {taskinstance.py:1327} INFO - Executing <Task(BashOperator): second_task> on 2021-12-24 00:00:00+00:00
[2023-06-11T11:22:07.123+0000] {standard_task_runner.py:57} INFO - Started process 1073 to run task
[2023-06-11T11:22:07.198+0000] {standard_task_runner.py:84} INFO - Running: ['***', 'tasks', 'run', 'first_dag_02', 'second_task', 'scheduled__2021-12-24T00:00:00+00:00', '--job-id', '779', '--raw', '--subdir', 'DAGS_FOLDER/First_dag.py', '--cfg-path', '/tmp/tmp2y5dky6z']
[2023-06-11T11:22:07.203+0000] {standard_task_runner.py:85} INFO - Job 779: Subtask second_task
[2023-06-11T11:22:08.860+0000] {task_command.py:410} INFO - Running <TaskInstance: first_dag_02.second_task scheduled__2021-12-24T00:00:00+00:00 [running]> on host 7586ce0070ac
[2023-06-11T11:22:10.884+0000] {taskinstance.py:1547} INFO - Exporting env vars: AIRFLOW_CTX_DAG_OWNER='Raja' AIRFLOW_CTX_DAG_ID='first_dag_02' AIRFLOW_CTX_TASK_ID='second_task' AIRFLOW_CTX_EXECUTION_DATE='2021-12-24T00:00:00+00:00' AIRFLOW_CTX_TRY_NUMBER='1' AIRFLOW_CTX_DAG_RUN_ID='scheduled__2021-12-24T00:00:00+00:00'
[2023-06-11T11:22:10.890+0000] {subprocess.py:63} INFO - Tmp dir root location: 
 /tmp
[2023-06-11T11:22:10.891+0000] {subprocess.py:75} INFO - Running command: ['/bin/bash', '-c', 'echo hey, I am task2 and will be running after task1!']
[2023-06-11T11:22:11.140+0000] {subprocess.py:86} INFO - Output:
[2023-06-11T11:22:11.198+0000] {subprocess.py:93} INFO - hey, I am task2 and will be running after task1!
[2023-06-11T11:22:11.205+0000] {subprocess.py:97} INFO - Command exited with return code 0
[2023-06-11T11:22:11.630+0000] {taskinstance.py:1350} INFO - Marking task as SUCCESS. dag_id=first_dag_02, task_id=second_task, execution_date=20211224T000000, start_date=20230611T112204, end_date=20230611T112211
[2023-06-11T11:22:11.809+0000] {local_task_job_runner.py:225} INFO - Task exited with return code 0
[2023-06-11T11:22:12.377+0000] {taskinstance.py:2651} INFO - 0 downstream tasks scheduled from follow-on schedule check
