[2023-06-11T05:20:40.040+0000] {taskinstance.py:1103} INFO - Dependencies all met for dep_context=non-requeueable deps ti=<TaskInstance: dag_catchip_01.task1 scheduled__2023-05-25T00:00:00+00:00 [queued]>
[2023-06-11T05:20:40.128+0000] {taskinstance.py:1103} INFO - Dependencies all met for dep_context=requeueable deps ti=<TaskInstance: dag_catchip_01.task1 scheduled__2023-05-25T00:00:00+00:00 [queued]>
[2023-06-11T05:20:40.129+0000] {taskinstance.py:1308} INFO - Starting attempt 1 of 6
[2023-06-11T05:20:40.243+0000] {taskinstance.py:1327} INFO - Executing <Task(BashOperator): task1> on 2023-05-25 00:00:00+00:00
[2023-06-11T05:20:40.252+0000] {standard_task_runner.py:57} INFO - Started process 776 to run task
[2023-06-11T05:20:40.275+0000] {standard_task_runner.py:84} INFO - Running: ['***', 'tasks', 'run', 'dag_catchip_01', 'task1', 'scheduled__2023-05-25T00:00:00+00:00', '--job-id', '212', '--raw', '--subdir', 'DAGS_FOLDER/dag_catchup.py', '--cfg-path', '/tmp/tmp6x7snq6j']
[2023-06-11T05:20:40.278+0000] {standard_task_runner.py:85} INFO - Job 212: Subtask task1
[2023-06-11T05:20:40.454+0000] {task_command.py:410} INFO - Running <TaskInstance: dag_catchip_01.task1 scheduled__2023-05-25T00:00:00+00:00 [running]> on host 69e374580eab
[2023-06-11T05:20:41.190+0000] {taskinstance.py:1547} INFO - Exporting env vars: AIRFLOW_CTX_DAG_OWNER='Raja' AIRFLOW_CTX_DAG_ID='dag_catchip_01' AIRFLOW_CTX_TASK_ID='task1' AIRFLOW_CTX_EXECUTION_DATE='2023-05-25T00:00:00+00:00' AIRFLOW_CTX_TRY_NUMBER='1' AIRFLOW_CTX_DAG_RUN_ID='scheduled__2023-05-25T00:00:00+00:00'
[2023-06-11T05:20:41.192+0000] {subprocess.py:63} INFO - Tmp dir root location: 
 /tmp
[2023-06-11T05:20:41.193+0000] {subprocess.py:75} INFO - Running command: ['/bin/bash', '-c', 'echo Hai how are you']
[2023-06-11T05:20:41.236+0000] {subprocess.py:86} INFO - Output:
[2023-06-11T05:20:41.238+0000] {subprocess.py:93} INFO - Hai how are you
[2023-06-11T05:20:41.239+0000] {subprocess.py:97} INFO - Command exited with return code 0
[2023-06-11T05:20:41.343+0000] {taskinstance.py:1350} INFO - Marking task as SUCCESS. dag_id=dag_catchip_01, task_id=task1, execution_date=20230525T000000, start_date=20230611T052040, end_date=20230611T052041
[2023-06-11T05:20:41.426+0000] {local_task_job_runner.py:225} INFO - Task exited with return code 0
[2023-06-11T05:20:41.499+0000] {taskinstance.py:2651} INFO - 0 downstream tasks scheduled from follow-on schedule check
[2023-06-11T08:24:26.533+0000] {taskinstance.py:1103} INFO - Dependencies all met for dep_context=non-requeueable deps ti=<TaskInstance: dag_catchip_01.task1 scheduled__2023-05-25T00:00:00+00:00 [queued]>
[2023-06-11T08:24:26.921+0000] {taskinstance.py:1103} INFO - Dependencies all met for dep_context=requeueable deps ti=<TaskInstance: dag_catchip_01.task1 scheduled__2023-05-25T00:00:00+00:00 [queued]>
[2023-06-11T08:24:26.922+0000] {taskinstance.py:1308} INFO - Starting attempt 1 of 6
[2023-06-11T08:24:29.624+0000] {taskinstance.py:1327} INFO - Executing <Task(BashOperator): task1> on 2023-05-25 00:00:00+00:00
[2023-06-11T08:24:29.936+0000] {standard_task_runner.py:57} INFO - Started process 968 to run task
[2023-06-11T08:24:30.147+0000] {standard_task_runner.py:84} INFO - Running: ['***', 'tasks', 'run', 'dag_catchip_01', 'task1', 'scheduled__2023-05-25T00:00:00+00:00', '--job-id', '305', '--raw', '--subdir', 'DAGS_FOLDER/dag_catchup.py', '--cfg-path', '/tmp/tmpi9su2ulg']
[2023-06-11T08:24:30.149+0000] {standard_task_runner.py:85} INFO - Job 305: Subtask task1
[2023-06-11T08:24:32.446+0000] {task_command.py:410} INFO - Running <TaskInstance: dag_catchip_01.task1 scheduled__2023-05-25T00:00:00+00:00 [running]> on host 492037cdd057
[2023-06-11T08:24:37.099+0000] {taskinstance.py:1547} INFO - Exporting env vars: AIRFLOW_CTX_DAG_OWNER='Raja' AIRFLOW_CTX_DAG_ID='dag_catchip_01' AIRFLOW_CTX_TASK_ID='task1' AIRFLOW_CTX_EXECUTION_DATE='2023-05-25T00:00:00+00:00' AIRFLOW_CTX_TRY_NUMBER='1' AIRFLOW_CTX_DAG_RUN_ID='scheduled__2023-05-25T00:00:00+00:00'
[2023-06-11T08:24:37.123+0000] {subprocess.py:63} INFO - Tmp dir root location: 
 /tmp
[2023-06-11T08:24:37.123+0000] {subprocess.py:75} INFO - Running command: ['/bin/bash', '-c', 'echo Hai how are you']
[2023-06-11T08:24:37.386+0000] {subprocess.py:86} INFO - Output:
[2023-06-11T08:24:37.389+0000] {subprocess.py:93} INFO - Hai how are you
[2023-06-11T08:24:37.390+0000] {subprocess.py:97} INFO - Command exited with return code 0
[2023-06-11T08:24:37.606+0000] {taskinstance.py:1350} INFO - Marking task as SUCCESS. dag_id=dag_catchip_01, task_id=task1, execution_date=20230525T000000, start_date=20230611T082426, end_date=20230611T082437
[2023-06-11T08:24:37.772+0000] {local_task_job_runner.py:225} INFO - Task exited with return code 0
[2023-06-11T08:24:38.553+0000] {taskinstance.py:2651} INFO - 0 downstream tasks scheduled from follow-on schedule check
