[2023-06-11T09:46:47.724+0000] {taskinstance.py:1103} INFO - Dependencies all met for dep_context=non-requeueable deps ti=<TaskInstance: first_dag_02.second_task scheduled__2022-06-11T00:00:00+00:00 [queued]>
[2023-06-11T09:46:47.977+0000] {taskinstance.py:1103} INFO - Dependencies all met for dep_context=requeueable deps ti=<TaskInstance: first_dag_02.second_task scheduled__2022-06-11T00:00:00+00:00 [queued]>
[2023-06-11T09:46:47.991+0000] {taskinstance.py:1308} INFO - Starting attempt 1 of 6
[2023-06-11T09:46:48.380+0000] {taskinstance.py:1327} INFO - Executing <Task(BashOperator): second_task> on 2022-06-11 00:00:00+00:00
[2023-06-11T09:46:48.435+0000] {standard_task_runner.py:57} INFO - Started process 4955 to run task
[2023-06-11T09:46:48.471+0000] {standard_task_runner.py:84} INFO - Running: ['***', 'tasks', 'run', 'first_dag_02', 'second_task', 'scheduled__2022-06-11T00:00:00+00:00', '--job-id', '1519', '--raw', '--subdir', 'DAGS_FOLDER/First_dag.py', '--cfg-path', '/tmp/tmpj6gnmqjz']
[2023-06-11T09:46:48.472+0000] {standard_task_runner.py:85} INFO - Job 1519: Subtask second_task
[2023-06-11T09:46:48.922+0000] {task_command.py:410} INFO - Running <TaskInstance: first_dag_02.second_task scheduled__2022-06-11T00:00:00+00:00 [running]> on host 964e508aad03
[2023-06-11T09:46:50.641+0000] {taskinstance.py:1547} INFO - Exporting env vars: AIRFLOW_CTX_DAG_OWNER='Raja' AIRFLOW_CTX_DAG_ID='first_dag_02' AIRFLOW_CTX_TASK_ID='second_task' AIRFLOW_CTX_EXECUTION_DATE='2022-06-11T00:00:00+00:00' AIRFLOW_CTX_TRY_NUMBER='1' AIRFLOW_CTX_DAG_RUN_ID='scheduled__2022-06-11T00:00:00+00:00'
[2023-06-11T09:46:50.643+0000] {subprocess.py:63} INFO - Tmp dir root location: 
 /tmp
[2023-06-11T09:46:50.646+0000] {subprocess.py:75} INFO - Running command: ['/bin/bash', '-c', 'echo hey, I am task2 and will be running after task1!']
[2023-06-11T09:46:50.711+0000] {subprocess.py:86} INFO - Output:
[2023-06-11T09:46:50.742+0000] {subprocess.py:93} INFO - hey, I am task2 and will be running after task1!
[2023-06-11T09:46:50.742+0000] {subprocess.py:97} INFO - Command exited with return code 0
[2023-06-11T09:46:50.915+0000] {taskinstance.py:1350} INFO - Marking task as SUCCESS. dag_id=first_dag_02, task_id=second_task, execution_date=20220611T000000, start_date=20230611T094647, end_date=20230611T094650
[2023-06-11T09:46:51.006+0000] {local_task_job_runner.py:225} INFO - Task exited with return code 0
[2023-06-11T09:46:51.266+0000] {taskinstance.py:2651} INFO - 0 downstream tasks scheduled from follow-on schedule check
[2023-06-11T15:33:44.037+0000] {taskinstance.py:1103} INFO - Dependencies all met for dep_context=non-requeueable deps ti=<TaskInstance: first_dag_02.second_task scheduled__2022-06-11T00:00:00+00:00 [queued]>
[2023-06-11T15:33:44.305+0000] {taskinstance.py:1103} INFO - Dependencies all met for dep_context=requeueable deps ti=<TaskInstance: first_dag_02.second_task scheduled__2022-06-11T00:00:00+00:00 [queued]>
[2023-06-11T15:33:44.305+0000] {taskinstance.py:1308} INFO - Starting attempt 1 of 6
[2023-06-11T15:33:44.657+0000] {taskinstance.py:1327} INFO - Executing <Task(BashOperator): second_task> on 2022-06-11 00:00:00+00:00
[2023-06-11T15:33:44.709+0000] {standard_task_runner.py:57} INFO - Started process 1565 to run task
[2023-06-11T15:33:44.718+0000] {standard_task_runner.py:84} INFO - Running: ['***', 'tasks', 'run', 'first_dag_02', 'second_task', 'scheduled__2022-06-11T00:00:00+00:00', '--job-id', '1566', '--raw', '--subdir', 'DAGS_FOLDER/First_dag.py', '--cfg-path', '/tmp/tmp7316t_i8']
[2023-06-11T15:33:44.750+0000] {standard_task_runner.py:85} INFO - Job 1566: Subtask second_task
[2023-06-11T15:33:45.071+0000] {task_command.py:410} INFO - Running <TaskInstance: first_dag_02.second_task scheduled__2022-06-11T00:00:00+00:00 [running]> on host 7586ce0070ac
[2023-06-11T15:33:47.074+0000] {taskinstance.py:1547} INFO - Exporting env vars: AIRFLOW_CTX_DAG_OWNER='Raja' AIRFLOW_CTX_DAG_ID='first_dag_02' AIRFLOW_CTX_TASK_ID='second_task' AIRFLOW_CTX_EXECUTION_DATE='2022-06-11T00:00:00+00:00' AIRFLOW_CTX_TRY_NUMBER='1' AIRFLOW_CTX_DAG_RUN_ID='scheduled__2022-06-11T00:00:00+00:00'
[2023-06-11T15:33:47.076+0000] {subprocess.py:63} INFO - Tmp dir root location: 
 /tmp
[2023-06-11T15:33:47.077+0000] {subprocess.py:75} INFO - Running command: ['/bin/bash', '-c', 'echo hey, I am task2 and will be running after task1!']
[2023-06-11T15:33:47.175+0000] {subprocess.py:86} INFO - Output:
[2023-06-11T15:33:47.203+0000] {subprocess.py:93} INFO - hey, I am task2 and will be running after task1!
[2023-06-11T15:33:47.206+0000] {subprocess.py:97} INFO - Command exited with return code 0
[2023-06-11T15:33:47.559+0000] {taskinstance.py:1350} INFO - Marking task as SUCCESS. dag_id=first_dag_02, task_id=second_task, execution_date=20220611T000000, start_date=20230611T153344, end_date=20230611T153347
[2023-06-11T15:33:47.927+0000] {local_task_job_runner.py:225} INFO - Task exited with return code 0
[2023-06-11T15:33:48.128+0000] {taskinstance.py:2651} INFO - 0 downstream tasks scheduled from follow-on schedule check
