[2023-06-11T05:20:41.588+0000] {taskinstance.py:1103} INFO - Dependencies all met for dep_context=non-requeueable deps ti=<TaskInstance: dag_catchip_01.task1 scheduled__2023-05-27T00:00:00+00:00 [queued]>
[2023-06-11T05:20:41.615+0000] {taskinstance.py:1103} INFO - Dependencies all met for dep_context=requeueable deps ti=<TaskInstance: dag_catchip_01.task1 scheduled__2023-05-27T00:00:00+00:00 [queued]>
[2023-06-11T05:20:41.615+0000] {taskinstance.py:1308} INFO - Starting attempt 1 of 6
[2023-06-11T05:20:41.687+0000] {taskinstance.py:1327} INFO - Executing <Task(BashOperator): task1> on 2023-05-27 00:00:00+00:00
[2023-06-11T05:20:41.695+0000] {standard_task_runner.py:57} INFO - Started process 781 to run task
[2023-06-11T05:20:41.714+0000] {standard_task_runner.py:84} INFO - Running: ['***', 'tasks', 'run', 'dag_catchip_01', 'task1', 'scheduled__2023-05-27T00:00:00+00:00', '--job-id', '214', '--raw', '--subdir', 'DAGS_FOLDER/dag_catchup.py', '--cfg-path', '/tmp/tmpcubstu06']
[2023-06-11T05:20:41.715+0000] {standard_task_runner.py:85} INFO - Job 214: Subtask task1
[2023-06-11T05:20:41.843+0000] {task_command.py:410} INFO - Running <TaskInstance: dag_catchip_01.task1 scheduled__2023-05-27T00:00:00+00:00 [running]> on host 69e374580eab
[2023-06-11T05:20:42.222+0000] {taskinstance.py:1547} INFO - Exporting env vars: AIRFLOW_CTX_DAG_OWNER='Raja' AIRFLOW_CTX_DAG_ID='dag_catchip_01' AIRFLOW_CTX_TASK_ID='task1' AIRFLOW_CTX_EXECUTION_DATE='2023-05-27T00:00:00+00:00' AIRFLOW_CTX_TRY_NUMBER='1' AIRFLOW_CTX_DAG_RUN_ID='scheduled__2023-05-27T00:00:00+00:00'
[2023-06-11T05:20:42.224+0000] {subprocess.py:63} INFO - Tmp dir root location: 
 /tmp
[2023-06-11T05:20:42.225+0000] {subprocess.py:75} INFO - Running command: ['/bin/bash', '-c', 'echo Hai how are you']
[2023-06-11T05:20:42.259+0000] {subprocess.py:86} INFO - Output:
[2023-06-11T05:20:42.263+0000] {subprocess.py:93} INFO - Hai how are you
[2023-06-11T05:20:42.265+0000] {subprocess.py:97} INFO - Command exited with return code 0
[2023-06-11T05:20:42.345+0000] {taskinstance.py:1350} INFO - Marking task as SUCCESS. dag_id=dag_catchip_01, task_id=task1, execution_date=20230527T000000, start_date=20230611T052041, end_date=20230611T052042
[2023-06-11T05:20:42.441+0000] {local_task_job_runner.py:225} INFO - Task exited with return code 0
[2023-06-11T05:20:43.034+0000] {taskinstance.py:2651} INFO - 0 downstream tasks scheduled from follow-on schedule check
[2023-06-11T08:24:37.661+0000] {taskinstance.py:1103} INFO - Dependencies all met for dep_context=non-requeueable deps ti=<TaskInstance: dag_catchip_01.task1 scheduled__2023-05-27T00:00:00+00:00 [queued]>
[2023-06-11T08:24:38.302+0000] {taskinstance.py:1103} INFO - Dependencies all met for dep_context=requeueable deps ti=<TaskInstance: dag_catchip_01.task1 scheduled__2023-05-27T00:00:00+00:00 [queued]>
[2023-06-11T08:24:38.313+0000] {taskinstance.py:1308} INFO - Starting attempt 1 of 6
[2023-06-11T08:24:38.771+0000] {taskinstance.py:1327} INFO - Executing <Task(BashOperator): task1> on 2023-05-27 00:00:00+00:00
[2023-06-11T08:24:38.784+0000] {standard_task_runner.py:57} INFO - Started process 994 to run task
[2023-06-11T08:24:38.794+0000] {standard_task_runner.py:84} INFO - Running: ['***', 'tasks', 'run', 'dag_catchip_01', 'task1', 'scheduled__2023-05-27T00:00:00+00:00', '--job-id', '309', '--raw', '--subdir', 'DAGS_FOLDER/dag_catchup.py', '--cfg-path', '/tmp/tmpa5jggig5']
[2023-06-11T08:24:38.795+0000] {standard_task_runner.py:85} INFO - Job 309: Subtask task1
[2023-06-11T08:24:39.928+0000] {task_command.py:410} INFO - Running <TaskInstance: dag_catchip_01.task1 scheduled__2023-05-27T00:00:00+00:00 [running]> on host 492037cdd057
[2023-06-11T08:24:43.102+0000] {taskinstance.py:1547} INFO - Exporting env vars: AIRFLOW_CTX_DAG_OWNER='Raja' AIRFLOW_CTX_DAG_ID='dag_catchip_01' AIRFLOW_CTX_TASK_ID='task1' AIRFLOW_CTX_EXECUTION_DATE='2023-05-27T00:00:00+00:00' AIRFLOW_CTX_TRY_NUMBER='1' AIRFLOW_CTX_DAG_RUN_ID='scheduled__2023-05-27T00:00:00+00:00'
[2023-06-11T08:24:43.104+0000] {subprocess.py:63} INFO - Tmp dir root location: 
 /tmp
[2023-06-11T08:24:43.119+0000] {subprocess.py:75} INFO - Running command: ['/bin/bash', '-c', 'echo Hai how are you']
[2023-06-11T08:24:43.364+0000] {subprocess.py:86} INFO - Output:
[2023-06-11T08:24:43.424+0000] {subprocess.py:93} INFO - Hai how are you
[2023-06-11T08:24:43.451+0000] {subprocess.py:97} INFO - Command exited with return code 0
[2023-06-11T08:24:44.012+0000] {taskinstance.py:1350} INFO - Marking task as SUCCESS. dag_id=dag_catchip_01, task_id=task1, execution_date=20230527T000000, start_date=20230611T082437, end_date=20230611T082444
[2023-06-11T08:24:44.529+0000] {local_task_job_runner.py:225} INFO - Task exited with return code 0
[2023-06-11T08:24:46.105+0000] {taskinstance.py:2651} INFO - 0 downstream tasks scheduled from follow-on schedule check
