[2023-06-11T09:39:17.719+0000] {taskinstance.py:1103} INFO - Dependencies all met for dep_context=non-requeueable deps ti=<TaskInstance: first_dag_02.thrid_task scheduled__2022-04-02T00:00:00+00:00 [queued]>
[2023-06-11T09:39:18.193+0000] {taskinstance.py:1103} INFO - Dependencies all met for dep_context=requeueable deps ti=<TaskInstance: first_dag_02.thrid_task scheduled__2022-04-02T00:00:00+00:00 [queued]>
[2023-06-11T09:39:18.194+0000] {taskinstance.py:1308} INFO - Starting attempt 1 of 6
[2023-06-11T09:39:18.349+0000] {taskinstance.py:1327} INFO - Executing <Task(BashOperator): thrid_task> on 2022-04-02 00:00:00+00:00
[2023-06-11T09:39:18.563+0000] {standard_task_runner.py:57} INFO - Started process 3847 to run task
[2023-06-11T09:39:18.692+0000] {standard_task_runner.py:84} INFO - Running: ['***', 'tasks', 'run', 'first_dag_02', 'thrid_task', 'scheduled__2022-04-02T00:00:00+00:00', '--job-id', '1190', '--raw', '--subdir', 'DAGS_FOLDER/First_dag.py', '--cfg-path', '/tmp/tmplm83m0vt']
[2023-06-11T09:39:18.693+0000] {standard_task_runner.py:85} INFO - Job 1190: Subtask thrid_task
[2023-06-11T09:39:19.314+0000] {task_command.py:410} INFO - Running <TaskInstance: first_dag_02.thrid_task scheduled__2022-04-02T00:00:00+00:00 [running]> on host 964e508aad03
[2023-06-11T09:39:20.458+0000] {taskinstance.py:1547} INFO - Exporting env vars: AIRFLOW_CTX_DAG_OWNER='Raja' AIRFLOW_CTX_DAG_ID='first_dag_02' AIRFLOW_CTX_TASK_ID='thrid_task' AIRFLOW_CTX_EXECUTION_DATE='2022-04-02T00:00:00+00:00' AIRFLOW_CTX_TRY_NUMBER='1' AIRFLOW_CTX_DAG_RUN_ID='scheduled__2022-04-02T00:00:00+00:00'
[2023-06-11T09:39:20.469+0000] {subprocess.py:63} INFO - Tmp dir root location: 
 /tmp
[2023-06-11T09:39:20.478+0000] {subprocess.py:75} INFO - Running command: ['/bin/bash', '-c', 'echo hey, I am task3 and will be running after task1 at the same time as task2!']
[2023-06-11T09:39:20.507+0000] {subprocess.py:86} INFO - Output:
[2023-06-11T09:39:20.515+0000] {subprocess.py:93} INFO - hey, I am task3 and will be running after task1 at the same time as task2!
[2023-06-11T09:39:20.516+0000] {subprocess.py:97} INFO - Command exited with return code 0
[2023-06-11T09:39:21.300+0000] {taskinstance.py:1350} INFO - Marking task as SUCCESS. dag_id=first_dag_02, task_id=thrid_task, execution_date=20220402T000000, start_date=20230611T093917, end_date=20230611T093921
[2023-06-11T09:39:22.246+0000] {local_task_job_runner.py:225} INFO - Task exited with return code 0
[2023-06-11T09:39:22.515+0000] {taskinstance.py:2651} INFO - 0 downstream tasks scheduled from follow-on schedule check
[2023-06-11T15:28:08.650+0000] {taskinstance.py:1103} INFO - Dependencies all met for dep_context=non-requeueable deps ti=<TaskInstance: first_dag_02.thrid_task scheduled__2022-04-02T00:00:00+00:00 [queued]>
[2023-06-11T15:28:09.144+0000] {taskinstance.py:1103} INFO - Dependencies all met for dep_context=requeueable deps ti=<TaskInstance: first_dag_02.thrid_task scheduled__2022-04-02T00:00:00+00:00 [queued]>
[2023-06-11T15:28:09.145+0000] {taskinstance.py:1308} INFO - Starting attempt 1 of 6
[2023-06-11T15:28:10.228+0000] {taskinstance.py:1327} INFO - Executing <Task(BashOperator): thrid_task> on 2022-04-02 00:00:00+00:00
[2023-06-11T15:28:10.345+0000] {standard_task_runner.py:57} INFO - Started process 536 to run task
[2023-06-11T15:28:10.442+0000] {standard_task_runner.py:84} INFO - Running: ['***', 'tasks', 'run', 'first_dag_02', 'thrid_task', 'scheduled__2022-04-02T00:00:00+00:00', '--job-id', '1248', '--raw', '--subdir', 'DAGS_FOLDER/First_dag.py', '--cfg-path', '/tmp/tmpw5f8usc9']
[2023-06-11T15:28:10.443+0000] {standard_task_runner.py:85} INFO - Job 1248: Subtask thrid_task
[2023-06-11T15:28:11.191+0000] {task_command.py:410} INFO - Running <TaskInstance: first_dag_02.thrid_task scheduled__2022-04-02T00:00:00+00:00 [running]> on host 7586ce0070ac
[2023-06-11T15:28:13.901+0000] {taskinstance.py:1547} INFO - Exporting env vars: AIRFLOW_CTX_DAG_OWNER='Raja' AIRFLOW_CTX_DAG_ID='first_dag_02' AIRFLOW_CTX_TASK_ID='thrid_task' AIRFLOW_CTX_EXECUTION_DATE='2022-04-02T00:00:00+00:00' AIRFLOW_CTX_TRY_NUMBER='1' AIRFLOW_CTX_DAG_RUN_ID='scheduled__2022-04-02T00:00:00+00:00'
[2023-06-11T15:28:13.921+0000] {subprocess.py:63} INFO - Tmp dir root location: 
 /tmp
[2023-06-11T15:28:13.944+0000] {subprocess.py:75} INFO - Running command: ['/bin/bash', '-c', 'echo hey, I am task3 and will be running after task1 at the same time as task2!']
[2023-06-11T15:28:14.074+0000] {subprocess.py:86} INFO - Output:
[2023-06-11T15:28:14.078+0000] {subprocess.py:93} INFO - hey, I am task3 and will be running after task1 at the same time as task2!
[2023-06-11T15:28:14.080+0000] {subprocess.py:97} INFO - Command exited with return code 0
[2023-06-11T15:28:14.986+0000] {taskinstance.py:1350} INFO - Marking task as SUCCESS. dag_id=first_dag_02, task_id=thrid_task, execution_date=20220402T000000, start_date=20230611T152808, end_date=20230611T152814
[2023-06-11T15:28:15.266+0000] {local_task_job_runner.py:225} INFO - Task exited with return code 0
[2023-06-11T15:28:15.761+0000] {taskinstance.py:2651} INFO - 0 downstream tasks scheduled from follow-on schedule check
