[2023-06-11T06:15:40.486+0000] {taskinstance.py:1103} INFO - Dependencies all met for dep_context=non-requeueable deps ti=<TaskInstance: dag_pythonoperator_18.greet scheduled__2023-06-06T00:00:00+00:00 [queued]>
[2023-06-11T06:15:40.579+0000] {taskinstance.py:1103} INFO - Dependencies all met for dep_context=requeueable deps ti=<TaskInstance: dag_pythonoperator_18.greet scheduled__2023-06-06T00:00:00+00:00 [queued]>
[2023-06-11T06:15:40.579+0000] {taskinstance.py:1308} INFO - Starting attempt 1 of 6
[2023-06-11T06:15:40.719+0000] {taskinstance.py:1327} INFO - Executing <Task(PythonOperator): greet> on 2023-06-06 00:00:00+00:00
[2023-06-11T06:15:40.745+0000] {standard_task_runner.py:57} INFO - Started process 578 to run task
[2023-06-11T06:15:40.742+0000] {standard_task_runner.py:84} INFO - Running: ['***', 'tasks', 'run', 'dag_pythonoperator_18', 'greet', 'scheduled__2023-06-06T00:00:00+00:00', '--job-id', '716', '--raw', '--subdir', 'DAGS_FOLDER/python_operator_dag.py', '--cfg-path', '/tmp/tmpr7trg1v4']
[2023-06-11T06:15:40.751+0000] {standard_task_runner.py:85} INFO - Job 716: Subtask greet
[2023-06-11T06:15:41.052+0000] {task_command.py:410} INFO - Running <TaskInstance: dag_pythonoperator_18.greet scheduled__2023-06-06T00:00:00+00:00 [running]> on host 69e374580eab
[2023-06-11T06:15:41.790+0000] {taskinstance.py:1547} INFO - Exporting env vars: AIRFLOW_CTX_DAG_OWNER='Raja' AIRFLOW_CTX_DAG_ID='dag_pythonoperator_18' AIRFLOW_CTX_TASK_ID='greet' AIRFLOW_CTX_EXECUTION_DATE='2023-06-06T00:00:00+00:00' AIRFLOW_CTX_TRY_NUMBER='1' AIRFLOW_CTX_DAG_RUN_ID='scheduled__2023-06-06T00:00:00+00:00'
[2023-06-11T06:15:41.993+0000] {logging_mixin.py:149} INFO - Hello World! My name is Raja sekhar, and I am 19 years old!
[2023-06-11T06:15:41.994+0000] {python.py:183} INFO - Done. Returned value was: None
[2023-06-11T06:15:42.063+0000] {taskinstance.py:1350} INFO - Marking task as SUCCESS. dag_id=dag_pythonoperator_18, task_id=greet, execution_date=20230606T000000, start_date=20230611T061540, end_date=20230611T061542
[2023-06-11T06:15:42.256+0000] {local_task_job_runner.py:225} INFO - Task exited with return code 0
[2023-06-11T06:15:42.415+0000] {taskinstance.py:2651} INFO - 0 downstream tasks scheduled from follow-on schedule check
[2023-06-11T08:25:53.434+0000] {taskinstance.py:1103} INFO - Dependencies all met for dep_context=non-requeueable deps ti=<TaskInstance: dag_pythonoperator_18.greet scheduled__2023-06-06T00:00:00+00:00 [queued]>
[2023-06-11T08:25:54.452+0000] {taskinstance.py:1103} INFO - Dependencies all met for dep_context=requeueable deps ti=<TaskInstance: dag_pythonoperator_18.greet scheduled__2023-06-06T00:00:00+00:00 [queued]>
[2023-06-11T08:25:54.469+0000] {taskinstance.py:1308} INFO - Starting attempt 1 of 6
[2023-06-11T08:25:56.210+0000] {taskinstance.py:1327} INFO - Executing <Task(PythonOperator): greet> on 2023-06-06 00:00:00+00:00
[2023-06-11T08:25:56.669+0000] {standard_task_runner.py:57} INFO - Started process 1110 to run task
[2023-06-11T08:25:56.982+0000] {standard_task_runner.py:84} INFO - Running: ['***', 'tasks', 'run', 'dag_pythonoperator_18', 'greet', 'scheduled__2023-06-06T00:00:00+00:00', '--job-id', '342', '--raw', '--subdir', 'DAGS_FOLDER/python_operator_dag.py', '--cfg-path', '/tmp/tmpj41ccvc0']
[2023-06-11T08:25:57.007+0000] {standard_task_runner.py:85} INFO - Job 342: Subtask greet
[2023-06-11T08:25:59.096+0000] {task_command.py:410} INFO - Running <TaskInstance: dag_pythonoperator_18.greet scheduled__2023-06-06T00:00:00+00:00 [running]> on host 492037cdd057
[2023-06-11T08:26:10.835+0000] {taskinstance.py:1547} INFO - Exporting env vars: AIRFLOW_CTX_DAG_OWNER='Raja' AIRFLOW_CTX_DAG_ID='dag_pythonoperator_18' AIRFLOW_CTX_TASK_ID='greet' AIRFLOW_CTX_EXECUTION_DATE='2023-06-06T00:00:00+00:00' AIRFLOW_CTX_TRY_NUMBER='1' AIRFLOW_CTX_DAG_RUN_ID='scheduled__2023-06-06T00:00:00+00:00'
[2023-06-11T08:26:11.904+0000] {logging_mixin.py:149} INFO - Hello World! My name is Raja sekhar, and I am 19 years old!
[2023-06-11T08:26:11.912+0000] {python.py:183} INFO - Done. Returned value was: None
[2023-06-11T08:26:12.067+0000] {taskinstance.py:1350} INFO - Marking task as SUCCESS. dag_id=dag_pythonoperator_18, task_id=greet, execution_date=20230606T000000, start_date=20230611T082553, end_date=20230611T082612
[2023-06-11T08:26:14.232+0000] {local_task_job_runner.py:225} INFO - Task exited with return code 0
[2023-06-11T08:26:16.117+0000] {taskinstance.py:2651} INFO - 0 downstream tasks scheduled from follow-on schedule check
[2023-06-11T08:48:15.957+0000] {taskinstance.py:1103} INFO - Dependencies all met for dep_context=non-requeueable deps ti=<TaskInstance: dag_pythonoperator_18.greet scheduled__2023-06-06T00:00:00+00:00 [queued]>
[2023-06-11T08:48:16.051+0000] {taskinstance.py:1103} INFO - Dependencies all met for dep_context=requeueable deps ti=<TaskInstance: dag_pythonoperator_18.greet scheduled__2023-06-06T00:00:00+00:00 [queued]>
[2023-06-11T08:48:16.051+0000] {taskinstance.py:1308} INFO - Starting attempt 1 of 6
[2023-06-11T08:48:16.320+0000] {taskinstance.py:1327} INFO - Executing <Task(PythonOperator): greet> on 2023-06-06 00:00:00+00:00
[2023-06-11T08:48:16.390+0000] {standard_task_runner.py:84} INFO - Running: ['***', 'tasks', 'run', 'dag_pythonoperator_18', 'greet', 'scheduled__2023-06-06T00:00:00+00:00', '--job-id', '118', '--raw', '--subdir', 'DAGS_FOLDER/python_operator_dag.py', '--cfg-path', '/tmp/tmpfz8gvdoi']
[2023-06-11T08:48:16.392+0000] {standard_task_runner.py:85} INFO - Job 118: Subtask greet
[2023-06-11T08:48:16.420+0000] {standard_task_runner.py:57} INFO - Started process 405 to run task
[2023-06-11T08:48:17.093+0000] {task_command.py:410} INFO - Running <TaskInstance: dag_pythonoperator_18.greet scheduled__2023-06-06T00:00:00+00:00 [running]> on host 964e508aad03
[2023-06-11T08:48:19.572+0000] {taskinstance.py:1547} INFO - Exporting env vars: AIRFLOW_CTX_DAG_OWNER='Raja' AIRFLOW_CTX_DAG_ID='dag_pythonoperator_18' AIRFLOW_CTX_TASK_ID='greet' AIRFLOW_CTX_EXECUTION_DATE='2023-06-06T00:00:00+00:00' AIRFLOW_CTX_TRY_NUMBER='1' AIRFLOW_CTX_DAG_RUN_ID='scheduled__2023-06-06T00:00:00+00:00'
[2023-06-11T08:48:19.880+0000] {logging_mixin.py:149} INFO - Hello World! My name is Raja sekhar, and I am 19 years old!
[2023-06-11T08:48:19.892+0000] {python.py:183} INFO - Done. Returned value was: None
[2023-06-11T08:48:20.212+0000] {taskinstance.py:1350} INFO - Marking task as SUCCESS. dag_id=dag_pythonoperator_18, task_id=greet, execution_date=20230606T000000, start_date=20230611T084815, end_date=20230611T084820
[2023-06-11T08:48:20.622+0000] {local_task_job_runner.py:225} INFO - Task exited with return code 0
[2023-06-11T08:48:21.345+0000] {taskinstance.py:2651} INFO - 0 downstream tasks scheduled from follow-on schedule check
[2023-06-11T10:39:56.605+0000] {taskinstance.py:1103} INFO - Dependencies all met for dep_context=non-requeueable deps ti=<TaskInstance: dag_pythonoperator_18.greet scheduled__2023-06-06T00:00:00+00:00 [queued]>
[2023-06-11T10:39:57.886+0000] {taskinstance.py:1103} INFO - Dependencies all met for dep_context=requeueable deps ti=<TaskInstance: dag_pythonoperator_18.greet scheduled__2023-06-06T00:00:00+00:00 [queued]>
[2023-06-11T10:39:57.886+0000] {taskinstance.py:1308} INFO - Starting attempt 1 of 6
[2023-06-11T10:40:00.498+0000] {taskinstance.py:1327} INFO - Executing <Task(PythonOperator): greet> on 2023-06-06 00:00:00+00:00
[2023-06-11T10:40:00.894+0000] {standard_task_runner.py:57} INFO - Started process 506 to run task
[2023-06-11T10:40:01.017+0000] {standard_task_runner.py:84} INFO - Running: ['***', 'tasks', 'run', 'dag_pythonoperator_18', 'greet', 'scheduled__2023-06-06T00:00:00+00:00', '--job-id', '136', '--raw', '--subdir', 'DAGS_FOLDER/python_operator_dag.py', '--cfg-path', '/tmp/tmpyikta90h']
[2023-06-11T10:40:01.018+0000] {standard_task_runner.py:85} INFO - Job 136: Subtask greet
[2023-06-11T10:40:02.712+0000] {task_command.py:410} INFO - Running <TaskInstance: dag_pythonoperator_18.greet scheduled__2023-06-06T00:00:00+00:00 [running]> on host 7586ce0070ac
[2023-06-11T10:40:09.111+0000] {taskinstance.py:1547} INFO - Exporting env vars: AIRFLOW_CTX_DAG_OWNER='Raja' AIRFLOW_CTX_DAG_ID='dag_pythonoperator_18' AIRFLOW_CTX_TASK_ID='greet' AIRFLOW_CTX_EXECUTION_DATE='2023-06-06T00:00:00+00:00' AIRFLOW_CTX_TRY_NUMBER='1' AIRFLOW_CTX_DAG_RUN_ID='scheduled__2023-06-06T00:00:00+00:00'
[2023-06-11T10:40:10.551+0000] {logging_mixin.py:149} INFO - Hello World! My name is Raja sekhar, and I am 19 years old!
[2023-06-11T10:40:10.579+0000] {python.py:183} INFO - Done. Returned value was: None
[2023-06-11T10:40:10.951+0000] {taskinstance.py:1350} INFO - Marking task as SUCCESS. dag_id=dag_pythonoperator_18, task_id=greet, execution_date=20230606T000000, start_date=20230611T103956, end_date=20230611T104010
[2023-06-11T10:40:11.399+0000] {local_task_job_runner.py:225} INFO - Task exited with return code 0
[2023-06-11T10:40:12.234+0000] {taskinstance.py:2651} INFO - 0 downstream tasks scheduled from follow-on schedule check
