[2023-06-11T08:58:13.026+0000] {taskinstance.py:1103} INFO - Dependencies all met for dep_context=non-requeueable deps ti=<TaskInstance: first_dag_02.thrid_task scheduled__2022-01-15T00:00:00+00:00 [queued]>
[2023-06-11T08:58:13.127+0000] {taskinstance.py:1103} INFO - Dependencies all met for dep_context=requeueable deps ti=<TaskInstance: first_dag_02.thrid_task scheduled__2022-01-15T00:00:00+00:00 [queued]>
[2023-06-11T08:58:13.128+0000] {taskinstance.py:1308} INFO - Starting attempt 1 of 6
[2023-06-11T08:58:13.442+0000] {taskinstance.py:1327} INFO - Executing <Task(BashOperator): thrid_task> on 2022-01-15 00:00:00+00:00
[2023-06-11T08:58:13.467+0000] {standard_task_runner.py:57} INFO - Started process 2661 to run task
[2023-06-11T08:58:13.482+0000] {standard_task_runner.py:84} INFO - Running: ['***', 'tasks', 'run', 'first_dag_02', 'thrid_task', 'scheduled__2022-01-15T00:00:00+00:00', '--job-id', '830', '--raw', '--subdir', 'DAGS_FOLDER/First_dag.py', '--cfg-path', '/tmp/tmpq_sqkae6']
[2023-06-11T08:58:13.519+0000] {standard_task_runner.py:85} INFO - Job 830: Subtask thrid_task
[2023-06-11T08:58:13.894+0000] {task_command.py:410} INFO - Running <TaskInstance: first_dag_02.thrid_task scheduled__2022-01-15T00:00:00+00:00 [running]> on host 964e508aad03
[2023-06-11T08:58:15.193+0000] {taskinstance.py:1547} INFO - Exporting env vars: AIRFLOW_CTX_DAG_OWNER='Raja' AIRFLOW_CTX_DAG_ID='first_dag_02' AIRFLOW_CTX_TASK_ID='thrid_task' AIRFLOW_CTX_EXECUTION_DATE='2022-01-15T00:00:00+00:00' AIRFLOW_CTX_TRY_NUMBER='1' AIRFLOW_CTX_DAG_RUN_ID='scheduled__2022-01-15T00:00:00+00:00'
[2023-06-11T08:58:15.200+0000] {subprocess.py:63} INFO - Tmp dir root location: 
 /tmp
[2023-06-11T08:58:15.207+0000] {subprocess.py:75} INFO - Running command: ['/bin/bash', '-c', 'echo hey, I am task3 and will be running after task1 at the same time as task2!']
[2023-06-11T08:58:15.273+0000] {subprocess.py:86} INFO - Output:
[2023-06-11T08:58:15.274+0000] {subprocess.py:93} INFO - hey, I am task3 and will be running after task1 at the same time as task2!
[2023-06-11T08:58:15.276+0000] {subprocess.py:97} INFO - Command exited with return code 0
[2023-06-11T08:58:15.471+0000] {taskinstance.py:1350} INFO - Marking task as SUCCESS. dag_id=first_dag_02, task_id=thrid_task, execution_date=20220115T000000, start_date=20230611T085813, end_date=20230611T085815
[2023-06-11T08:58:15.652+0000] {local_task_job_runner.py:225} INFO - Task exited with return code 0
[2023-06-11T08:58:15.858+0000] {taskinstance.py:2651} INFO - 0 downstream tasks scheduled from follow-on schedule check
[2023-06-11T11:29:42.022+0000] {taskinstance.py:1103} INFO - Dependencies all met for dep_context=non-requeueable deps ti=<TaskInstance: first_dag_02.thrid_task scheduled__2022-01-15T00:00:00+00:00 [queued]>
[2023-06-11T11:29:42.096+0000] {taskinstance.py:1103} INFO - Dependencies all met for dep_context=requeueable deps ti=<TaskInstance: first_dag_02.thrid_task scheduled__2022-01-15T00:00:00+00:00 [queued]>
[2023-06-11T11:29:42.096+0000] {taskinstance.py:1308} INFO - Starting attempt 1 of 6
[2023-06-11T11:29:42.964+0000] {taskinstance.py:1327} INFO - Executing <Task(BashOperator): thrid_task> on 2022-01-15 00:00:00+00:00
[2023-06-11T11:29:43.000+0000] {standard_task_runner.py:57} INFO - Started process 165 to run task
[2023-06-11T11:29:43.076+0000] {standard_task_runner.py:84} INFO - Running: ['***', 'tasks', 'run', 'first_dag_02', 'thrid_task', 'scheduled__2022-01-15T00:00:00+00:00', '--job-id', '859', '--raw', '--subdir', 'DAGS_FOLDER/First_dag.py', '--cfg-path', '/tmp/tmpjwfif_c4']
[2023-06-11T11:29:43.084+0000] {standard_task_runner.py:85} INFO - Job 859: Subtask thrid_task
[2023-06-11T11:29:44.201+0000] {task_command.py:410} INFO - Running <TaskInstance: first_dag_02.thrid_task scheduled__2022-01-15T00:00:00+00:00 [running]> on host 7586ce0070ac
[2023-06-11T11:29:47.056+0000] {taskinstance.py:1547} INFO - Exporting env vars: AIRFLOW_CTX_DAG_OWNER='Raja' AIRFLOW_CTX_DAG_ID='first_dag_02' AIRFLOW_CTX_TASK_ID='thrid_task' AIRFLOW_CTX_EXECUTION_DATE='2022-01-15T00:00:00+00:00' AIRFLOW_CTX_TRY_NUMBER='1' AIRFLOW_CTX_DAG_RUN_ID='scheduled__2022-01-15T00:00:00+00:00'
[2023-06-11T11:29:47.076+0000] {subprocess.py:63} INFO - Tmp dir root location: 
 /tmp
[2023-06-11T11:29:47.076+0000] {subprocess.py:75} INFO - Running command: ['/bin/bash', '-c', 'echo hey, I am task3 and will be running after task1 at the same time as task2!']
[2023-06-11T11:29:47.307+0000] {subprocess.py:86} INFO - Output:
[2023-06-11T11:29:47.331+0000] {subprocess.py:93} INFO - hey, I am task3 and will be running after task1 at the same time as task2!
[2023-06-11T11:29:47.353+0000] {subprocess.py:97} INFO - Command exited with return code 0
[2023-06-11T11:29:47.718+0000] {taskinstance.py:1350} INFO - Marking task as SUCCESS. dag_id=first_dag_02, task_id=thrid_task, execution_date=20220115T000000, start_date=20230611T112942, end_date=20230611T112947
[2023-06-11T11:29:48.588+0000] {local_task_job_runner.py:225} INFO - Task exited with return code 0
[2023-06-11T11:29:48.799+0000] {taskinstance.py:2651} INFO - 0 downstream tasks scheduled from follow-on schedule check
