[2023-06-11T05:17:53.379+0000] {taskinstance.py:1103} INFO - Dependencies all met for dep_context=non-requeueable deps ti=<TaskInstance: dag_catchip_01.task1 scheduled__2023-04-14T00:00:00+00:00 [queued]>
[2023-06-11T05:17:55.121+0000] {taskinstance.py:1103} INFO - Dependencies all met for dep_context=requeueable deps ti=<TaskInstance: dag_catchip_01.task1 scheduled__2023-04-14T00:00:00+00:00 [queued]>
[2023-06-11T05:17:55.138+0000] {taskinstance.py:1308} INFO - Starting attempt 1 of 6
[2023-06-11T05:17:56.287+0000] {taskinstance.py:1327} INFO - Executing <Task(BashOperator): task1> on 2023-04-14 00:00:00+00:00
[2023-06-11T05:17:56.314+0000] {standard_task_runner.py:57} INFO - Started process 527 to run task
[2023-06-11T05:17:56.333+0000] {standard_task_runner.py:84} INFO - Running: ['***', 'tasks', 'run', 'dag_catchip_01', 'task1', 'scheduled__2023-04-14T00:00:00+00:00', '--job-id', '138', '--raw', '--subdir', 'DAGS_FOLDER/dag_catchup.py', '--cfg-path', '/tmp/tmp0v020p6k']
[2023-06-11T05:17:56.335+0000] {standard_task_runner.py:85} INFO - Job 138: Subtask task1
[2023-06-11T05:18:00.221+0000] {task_command.py:410} INFO - Running <TaskInstance: dag_catchip_01.task1 scheduled__2023-04-14T00:00:00+00:00 [running]> on host 69e374580eab
[2023-06-11T05:18:07.208+0000] {taskinstance.py:1547} INFO - Exporting env vars: AIRFLOW_CTX_DAG_OWNER='Raja' AIRFLOW_CTX_DAG_ID='dag_catchip_01' AIRFLOW_CTX_TASK_ID='task1' AIRFLOW_CTX_EXECUTION_DATE='2023-04-14T00:00:00+00:00' AIRFLOW_CTX_TRY_NUMBER='1' AIRFLOW_CTX_DAG_RUN_ID='scheduled__2023-04-14T00:00:00+00:00'
[2023-06-11T05:18:07.344+0000] {subprocess.py:63} INFO - Tmp dir root location: 
 /tmp
[2023-06-11T05:18:07.382+0000] {subprocess.py:75} INFO - Running command: ['/bin/bash', '-c', 'echo Hai how are you']
[2023-06-11T05:18:07.711+0000] {subprocess.py:86} INFO - Output:
[2023-06-11T05:18:07.728+0000] {subprocess.py:93} INFO - Hai how are you
[2023-06-11T05:18:07.739+0000] {subprocess.py:97} INFO - Command exited with return code 0
[2023-06-11T05:18:08.288+0000] {taskinstance.py:1350} INFO - Marking task as SUCCESS. dag_id=dag_catchip_01, task_id=task1, execution_date=20230414T000000, start_date=20230611T051753, end_date=20230611T051808
[2023-06-11T05:18:08.512+0000] {local_task_job_runner.py:225} INFO - Task exited with return code 0
[2023-06-11T05:18:08.869+0000] {taskinstance.py:2651} INFO - 0 downstream tasks scheduled from follow-on schedule check
[2023-06-11T08:14:11.833+0000] {taskinstance.py:1103} INFO - Dependencies all met for dep_context=non-requeueable deps ti=<TaskInstance: dag_catchip_01.task1 scheduled__2023-04-14T00:00:00+00:00 [queued]>
[2023-06-11T08:14:12.040+0000] {taskinstance.py:1103} INFO - Dependencies all met for dep_context=requeueable deps ti=<TaskInstance: dag_catchip_01.task1 scheduled__2023-04-14T00:00:00+00:00 [queued]>
[2023-06-11T08:14:12.041+0000] {taskinstance.py:1308} INFO - Starting attempt 1 of 6
[2023-06-11T08:14:13.045+0000] {taskinstance.py:1327} INFO - Executing <Task(BashOperator): task1> on 2023-04-14 00:00:00+00:00
[2023-06-11T08:14:13.091+0000] {standard_task_runner.py:57} INFO - Started process 100 to run task
[2023-06-11T08:14:13.232+0000] {standard_task_runner.py:84} INFO - Running: ['***', 'tasks', 'run', 'dag_catchip_01', 'task1', 'scheduled__2023-04-14T00:00:00+00:00', '--job-id', '46', '--raw', '--subdir', 'DAGS_FOLDER/dag_catchup.py', '--cfg-path', '/tmp/tmpwjcfn0do']
[2023-06-11T08:14:13.305+0000] {standard_task_runner.py:85} INFO - Job 46: Subtask task1
[2023-06-11T08:14:14.963+0000] {task_command.py:410} INFO - Running <TaskInstance: dag_catchip_01.task1 scheduled__2023-04-14T00:00:00+00:00 [running]> on host 492037cdd057
[2023-06-11T08:14:19.375+0000] {taskinstance.py:1547} INFO - Exporting env vars: AIRFLOW_CTX_DAG_OWNER='Raja' AIRFLOW_CTX_DAG_ID='dag_catchip_01' AIRFLOW_CTX_TASK_ID='task1' AIRFLOW_CTX_EXECUTION_DATE='2023-04-14T00:00:00+00:00' AIRFLOW_CTX_TRY_NUMBER='1' AIRFLOW_CTX_DAG_RUN_ID='scheduled__2023-04-14T00:00:00+00:00'
[2023-06-11T08:14:19.400+0000] {subprocess.py:63} INFO - Tmp dir root location: 
 /tmp
[2023-06-11T08:14:19.407+0000] {subprocess.py:75} INFO - Running command: ['/bin/bash', '-c', 'echo Hai how are you']
[2023-06-11T08:14:19.460+0000] {subprocess.py:86} INFO - Output:
[2023-06-11T08:14:19.485+0000] {subprocess.py:93} INFO - Hai how are you
[2023-06-11T08:14:19.486+0000] {subprocess.py:97} INFO - Command exited with return code 0
[2023-06-11T08:14:20.607+0000] {taskinstance.py:1350} INFO - Marking task as SUCCESS. dag_id=dag_catchip_01, task_id=task1, execution_date=20230414T000000, start_date=20230611T081411, end_date=20230611T081420
[2023-06-11T08:14:20.784+0000] {local_task_job_runner.py:225} INFO - Task exited with return code 0
[2023-06-11T08:14:21.607+0000] {taskinstance.py:2651} INFO - 0 downstream tasks scheduled from follow-on schedule check
