[2023-06-11T09:44:05.687+0000] {taskinstance.py:1103} INFO - Dependencies all met for dep_context=non-requeueable deps ti=<TaskInstance: dag_cron_expression_03.task1 scheduled__2021-12-15T03:00:00+00:00 [queued]>
[2023-06-11T09:44:05.950+0000] {taskinstance.py:1103} INFO - Dependencies all met for dep_context=requeueable deps ti=<TaskInstance: dag_cron_expression_03.task1 scheduled__2021-12-15T03:00:00+00:00 [queued]>
[2023-06-11T09:44:05.950+0000] {taskinstance.py:1308} INFO - Starting attempt 1 of 6
[2023-06-11T09:44:06.309+0000] {taskinstance.py:1327} INFO - Executing <Task(BashOperator): task1> on 2021-12-15 03:00:00+00:00
[2023-06-11T09:44:06.334+0000] {standard_task_runner.py:57} INFO - Started process 4423 to run task
[2023-06-11T09:44:06.387+0000] {standard_task_runner.py:84} INFO - Running: ['***', 'tasks', 'run', 'dag_cron_expression_03', 'task1', 'scheduled__2021-12-15T03:00:00+00:00', '--job-id', '1354', '--raw', '--subdir', 'DAGS_FOLDER/dag_corn.py', '--cfg-path', '/tmp/tmpwb5dgcmu']
[2023-06-11T09:44:06.401+0000] {standard_task_runner.py:85} INFO - Job 1354: Subtask task1
[2023-06-11T09:44:06.940+0000] {task_command.py:410} INFO - Running <TaskInstance: dag_cron_expression_03.task1 scheduled__2021-12-15T03:00:00+00:00 [running]> on host 964e508aad03
[2023-06-11T09:44:08.642+0000] {taskinstance.py:1547} INFO - Exporting env vars: AIRFLOW_CTX_DAG_OWNER='Raja' AIRFLOW_CTX_DAG_ID='dag_cron_expression_03' AIRFLOW_CTX_TASK_ID='task1' AIRFLOW_CTX_EXECUTION_DATE='2021-12-15T03:00:00+00:00' AIRFLOW_CTX_TRY_NUMBER='1' AIRFLOW_CTX_DAG_RUN_ID='scheduled__2021-12-15T03:00:00+00:00'
[2023-06-11T09:44:08.644+0000] {subprocess.py:63} INFO - Tmp dir root location: 
 /tmp
[2023-06-11T09:44:08.648+0000] {subprocess.py:75} INFO - Running command: ['/bin/bash', '-c', 'echo dag with cron expression!']
[2023-06-11T09:44:08.797+0000] {subprocess.py:86} INFO - Output:
[2023-06-11T09:44:08.803+0000] {subprocess.py:93} INFO - dag with cron expression!
[2023-06-11T09:44:08.824+0000] {subprocess.py:97} INFO - Command exited with return code 0
[2023-06-11T09:44:09.223+0000] {taskinstance.py:1350} INFO - Marking task as SUCCESS. dag_id=dag_cron_expression_03, task_id=task1, execution_date=20211215T030000, start_date=20230611T094405, end_date=20230611T094409
[2023-06-11T09:44:09.684+0000] {local_task_job_runner.py:225} INFO - Task exited with return code 0
[2023-06-11T09:44:09.937+0000] {taskinstance.py:2651} INFO - 0 downstream tasks scheduled from follow-on schedule check
[2023-06-11T10:40:43.524+0000] {taskinstance.py:1103} INFO - Dependencies all met for dep_context=non-requeueable deps ti=<TaskInstance: dag_cron_expression_03.task1 scheduled__2021-12-15T03:00:00+00:00 [queued]>
[2023-06-11T10:40:44.399+0000] {taskinstance.py:1103} INFO - Dependencies all met for dep_context=requeueable deps ti=<TaskInstance: dag_cron_expression_03.task1 scheduled__2021-12-15T03:00:00+00:00 [queued]>
[2023-06-11T10:40:44.437+0000] {taskinstance.py:1308} INFO - Starting attempt 1 of 6
[2023-06-11T10:40:44.978+0000] {taskinstance.py:1327} INFO - Executing <Task(BashOperator): task1> on 2021-12-15 03:00:00+00:00
[2023-06-11T10:40:45.513+0000] {standard_task_runner.py:57} INFO - Started process 563 to run task
[2023-06-11T10:40:45.837+0000] {standard_task_runner.py:84} INFO - Running: ['***', 'tasks', 'run', 'dag_cron_expression_03', 'task1', 'scheduled__2021-12-15T03:00:00+00:00', '--job-id', '154', '--raw', '--subdir', 'DAGS_FOLDER/dag_cron.py', '--cfg-path', '/tmp/tmpcwq6f3cy']
[2023-06-11T10:40:45.951+0000] {standard_task_runner.py:85} INFO - Job 154: Subtask task1
[2023-06-11T10:40:48.345+0000] {task_command.py:410} INFO - Running <TaskInstance: dag_cron_expression_03.task1 scheduled__2021-12-15T03:00:00+00:00 [running]> on host 7586ce0070ac
[2023-06-11T10:40:55.502+0000] {taskinstance.py:1547} INFO - Exporting env vars: AIRFLOW_CTX_DAG_OWNER='Raja' AIRFLOW_CTX_DAG_ID='dag_cron_expression_03' AIRFLOW_CTX_TASK_ID='task1' AIRFLOW_CTX_EXECUTION_DATE='2021-12-15T03:00:00+00:00' AIRFLOW_CTX_TRY_NUMBER='1' AIRFLOW_CTX_DAG_RUN_ID='scheduled__2021-12-15T03:00:00+00:00'
[2023-06-11T10:40:55.538+0000] {subprocess.py:63} INFO - Tmp dir root location: 
 /tmp
[2023-06-11T10:40:55.552+0000] {subprocess.py:75} INFO - Running command: ['/bin/bash', '-c', 'echo dag with cron expression!']
[2023-06-11T10:40:56.063+0000] {subprocess.py:86} INFO - Output:
[2023-06-11T10:40:56.116+0000] {subprocess.py:93} INFO - dag with cron expression!
[2023-06-11T10:40:56.117+0000] {subprocess.py:97} INFO - Command exited with return code 0
[2023-06-11T10:40:57.839+0000] {taskinstance.py:1350} INFO - Marking task as SUCCESS. dag_id=dag_cron_expression_03, task_id=task1, execution_date=20211215T030000, start_date=20230611T104043, end_date=20230611T104057
[2023-06-11T10:40:57.980+0000] {local_task_job_runner.py:225} INFO - Task exited with return code 0
[2023-06-11T10:40:58.044+0000] {taskinstance.py:2651} INFO - 0 downstream tasks scheduled from follow-on schedule check
