[2023-06-11T11:13:51.989+0000] {taskinstance.py:1097} INFO - Dependencies not met for <TaskInstance: dag_cron_expression_03.task1 scheduled__2022-04-10T03:00:00+00:00 [up_for_retry]>, dependency 'Not In Retry Period' FAILED: Task is not ready for retry yet but will be retried automatically. Current date is 2023-06-11T11:13:51.989205+00:00 and task will be retried at 2023-06-11T11:17:54.097440+00:00.
[2023-06-11T11:13:52.120+0000] {local_task_job_runner.py:154} INFO - Task is not able to be run
[2023-06-11T11:18:18.669+0000] {taskinstance.py:1103} INFO - Dependencies all met for dep_context=non-requeueable deps ti=<TaskInstance: dag_cron_expression_03.task1 scheduled__2022-04-10T03:00:00+00:00 [queued]>
[2023-06-11T11:18:19.784+0000] {taskinstance.py:1103} INFO - Dependencies all met for dep_context=requeueable deps ti=<TaskInstance: dag_cron_expression_03.task1 scheduled__2022-04-10T03:00:00+00:00 [queued]>
[2023-06-11T11:18:19.784+0000] {taskinstance.py:1308} INFO - Starting attempt 2 of 6
[2023-06-11T11:18:22.137+0000] {taskinstance.py:1327} INFO - Executing <Task(BashOperator): task1> on 2022-04-10 03:00:00+00:00
[2023-06-11T11:18:22.274+0000] {standard_task_runner.py:57} INFO - Started process 688 to run task
[2023-06-11T11:18:22.408+0000] {standard_task_runner.py:84} INFO - Running: ['***', 'tasks', 'run', 'dag_cron_expression_03', 'task1', 'scheduled__2022-04-10T03:00:00+00:00', '--job-id', '663', '--raw', '--subdir', 'DAGS_FOLDER/dag_cron.py', '--cfg-path', '/tmp/tmpld20cwy2']
[2023-06-11T11:18:22.409+0000] {standard_task_runner.py:85} INFO - Job 663: Subtask task1
[2023-06-11T11:18:23.888+0000] {task_command.py:410} INFO - Running <TaskInstance: dag_cron_expression_03.task1 scheduled__2022-04-10T03:00:00+00:00 [running]> on host 7586ce0070ac
[2023-06-11T11:18:27.326+0000] {taskinstance.py:1547} INFO - Exporting env vars: AIRFLOW_CTX_DAG_OWNER='Raja' AIRFLOW_CTX_DAG_ID='dag_cron_expression_03' AIRFLOW_CTX_TASK_ID='task1' AIRFLOW_CTX_EXECUTION_DATE='2022-04-10T03:00:00+00:00' AIRFLOW_CTX_TRY_NUMBER='2' AIRFLOW_CTX_DAG_RUN_ID='scheduled__2022-04-10T03:00:00+00:00'
[2023-06-11T11:18:27.337+0000] {subprocess.py:63} INFO - Tmp dir root location: 
 /tmp
[2023-06-11T11:18:27.344+0000] {subprocess.py:75} INFO - Running command: ['/bin/bash', '-c', 'echo dag with cron expression!']
[2023-06-11T11:18:28.010+0000] {subprocess.py:86} INFO - Output:
[2023-06-11T11:18:28.011+0000] {subprocess.py:93} INFO - dag with cron expression!
[2023-06-11T11:18:28.011+0000] {subprocess.py:97} INFO - Command exited with return code 0
[2023-06-11T11:18:28.959+0000] {taskinstance.py:1350} INFO - Marking task as SUCCESS. dag_id=dag_cron_expression_03, task_id=task1, execution_date=20220410T030000, start_date=20230611T111818, end_date=20230611T111828
[2023-06-11T11:18:29.131+0000] {local_task_job_runner.py:225} INFO - Task exited with return code 0
[2023-06-11T11:18:29.563+0000] {taskinstance.py:2651} INFO - 0 downstream tasks scheduled from follow-on schedule check
