[2023-06-11T09:37:43.322+0000] {taskinstance.py:1097} INFO - Dependencies not met for <TaskInstance: first_dag_02.second_task scheduled__2022-03-22T00:00:00+00:00 [queued]>, dependency 'Trigger Rule' FAILED: Task's trigger rule 'all_success' requires all upstream tasks to have succeeded, but found 1 non-success(es). upstream_states=_UpstreamTIStates(success=0, skipped=0, failed=0, upstream_failed=0, removed=0, done=0), upstream_task_ids={'first_task'}
[2023-06-11T09:37:43.332+0000] {local_task_job_runner.py:154} INFO - Task is not able to be run
[2023-06-11T15:26:56.923+0000] {taskinstance.py:1103} INFO - Dependencies all met for dep_context=non-requeueable deps ti=<TaskInstance: first_dag_02.second_task scheduled__2022-03-22T00:00:00+00:00 [queued]>
[2023-06-11T15:26:57.095+0000] {taskinstance.py:1103} INFO - Dependencies all met for dep_context=requeueable deps ti=<TaskInstance: first_dag_02.second_task scheduled__2022-03-22T00:00:00+00:00 [queued]>
[2023-06-11T15:26:57.096+0000] {taskinstance.py:1308} INFO - Starting attempt 1 of 6
[2023-06-11T15:26:57.203+0000] {taskinstance.py:1327} INFO - Executing <Task(BashOperator): second_task> on 2022-03-22 00:00:00+00:00
[2023-06-11T15:26:57.209+0000] {standard_task_runner.py:57} INFO - Started process 299 to run task
[2023-06-11T15:26:57.218+0000] {standard_task_runner.py:84} INFO - Running: ['***', 'tasks', 'run', 'first_dag_02', 'second_task', 'scheduled__2022-03-22T00:00:00+00:00', '--job-id', '1177', '--raw', '--subdir', 'DAGS_FOLDER/First_dag.py', '--cfg-path', '/tmp/tmp592xbtv7']
[2023-06-11T15:26:57.229+0000] {standard_task_runner.py:85} INFO - Job 1177: Subtask second_task
[2023-06-11T15:26:58.103+0000] {task_command.py:410} INFO - Running <TaskInstance: first_dag_02.second_task scheduled__2022-03-22T00:00:00+00:00 [running]> on host 7586ce0070ac
[2023-06-11T15:27:00.256+0000] {taskinstance.py:1547} INFO - Exporting env vars: AIRFLOW_CTX_DAG_OWNER='Raja' AIRFLOW_CTX_DAG_ID='first_dag_02' AIRFLOW_CTX_TASK_ID='second_task' AIRFLOW_CTX_EXECUTION_DATE='2022-03-22T00:00:00+00:00' AIRFLOW_CTX_TRY_NUMBER='1' AIRFLOW_CTX_DAG_RUN_ID='scheduled__2022-03-22T00:00:00+00:00'
[2023-06-11T15:27:00.258+0000] {subprocess.py:63} INFO - Tmp dir root location: 
 /tmp
[2023-06-11T15:27:00.259+0000] {subprocess.py:75} INFO - Running command: ['/bin/bash', '-c', 'echo hey, I am task2 and will be running after task1!']
[2023-06-11T15:27:00.488+0000] {subprocess.py:86} INFO - Output:
[2023-06-11T15:27:00.491+0000] {subprocess.py:93} INFO - hey, I am task2 and will be running after task1!
[2023-06-11T15:27:00.492+0000] {subprocess.py:97} INFO - Command exited with return code 0
[2023-06-11T15:27:00.722+0000] {taskinstance.py:1350} INFO - Marking task as SUCCESS. dag_id=first_dag_02, task_id=second_task, execution_date=20220322T000000, start_date=20230611T152656, end_date=20230611T152700
[2023-06-11T15:27:01.158+0000] {local_task_job_runner.py:225} INFO - Task exited with return code 0
[2023-06-11T15:27:01.819+0000] {taskinstance.py:2651} INFO - 0 downstream tasks scheduled from follow-on schedule check
