[2023-06-11T08:54:37.827+0000] {taskinstance.py:1103} INFO - Dependencies all met for dep_context=non-requeueable deps ti=<TaskInstance: first_dag_02.thrid_task scheduled__2021-11-23T00:00:00+00:00 [queued]>
[2023-06-11T08:54:37.913+0000] {taskinstance.py:1103} INFO - Dependencies all met for dep_context=requeueable deps ti=<TaskInstance: first_dag_02.thrid_task scheduled__2021-11-23T00:00:00+00:00 [queued]>
[2023-06-11T08:54:37.920+0000] {taskinstance.py:1308} INFO - Starting attempt 1 of 6
[2023-06-11T08:54:38.063+0000] {taskinstance.py:1327} INFO - Executing <Task(BashOperator): thrid_task> on 2021-11-23 00:00:00+00:00
[2023-06-11T08:54:38.093+0000] {standard_task_runner.py:57} INFO - Started process 1839 to run task
[2023-06-11T08:54:38.109+0000] {standard_task_runner.py:84} INFO - Running: ['***', 'tasks', 'run', 'first_dag_02', 'thrid_task', 'scheduled__2021-11-23T00:00:00+00:00', '--job-id', '572', '--raw', '--subdir', 'DAGS_FOLDER/First_dag.py', '--cfg-path', '/tmp/tmphsvmmisq']
[2023-06-11T08:54:38.111+0000] {standard_task_runner.py:85} INFO - Job 572: Subtask thrid_task
[2023-06-11T08:54:38.664+0000] {task_command.py:410} INFO - Running <TaskInstance: first_dag_02.thrid_task scheduled__2021-11-23T00:00:00+00:00 [running]> on host 964e508aad03
[2023-06-11T08:54:39.952+0000] {taskinstance.py:1547} INFO - Exporting env vars: AIRFLOW_CTX_DAG_OWNER='Raja' AIRFLOW_CTX_DAG_ID='first_dag_02' AIRFLOW_CTX_TASK_ID='thrid_task' AIRFLOW_CTX_EXECUTION_DATE='2021-11-23T00:00:00+00:00' AIRFLOW_CTX_TRY_NUMBER='1' AIRFLOW_CTX_DAG_RUN_ID='scheduled__2021-11-23T00:00:00+00:00'
[2023-06-11T08:54:39.955+0000] {subprocess.py:63} INFO - Tmp dir root location: 
 /tmp
[2023-06-11T08:54:39.999+0000] {subprocess.py:75} INFO - Running command: ['/bin/bash', '-c', 'echo hey, I am task3 and will be running after task1 at the same time as task2!']
[2023-06-11T08:54:40.150+0000] {subprocess.py:86} INFO - Output:
[2023-06-11T08:54:40.187+0000] {subprocess.py:93} INFO - hey, I am task3 and will be running after task1 at the same time as task2!
[2023-06-11T08:54:40.204+0000] {subprocess.py:97} INFO - Command exited with return code 0
[2023-06-11T08:54:40.734+0000] {taskinstance.py:1350} INFO - Marking task as SUCCESS. dag_id=first_dag_02, task_id=thrid_task, execution_date=20211123T000000, start_date=20230611T085437, end_date=20230611T085440
[2023-06-11T08:54:40.910+0000] {local_task_job_runner.py:225} INFO - Task exited with return code 0
[2023-06-11T08:54:41.122+0000] {taskinstance.py:2651} INFO - 0 downstream tasks scheduled from follow-on schedule check
[2023-06-11T11:16:52.741+0000] {taskinstance.py:1103} INFO - Dependencies all met for dep_context=non-requeueable deps ti=<TaskInstance: first_dag_02.thrid_task scheduled__2021-11-23T00:00:00+00:00 [queued]>
[2023-06-11T11:16:53.450+0000] {taskinstance.py:1103} INFO - Dependencies all met for dep_context=requeueable deps ti=<TaskInstance: first_dag_02.thrid_task scheduled__2021-11-23T00:00:00+00:00 [queued]>
[2023-06-11T11:16:53.450+0000] {taskinstance.py:1308} INFO - Starting attempt 1 of 6
[2023-06-11T11:16:54.984+0000] {taskinstance.py:1327} INFO - Executing <Task(BashOperator): thrid_task> on 2021-11-23 00:00:00+00:00
[2023-06-11T11:16:55.149+0000] {standard_task_runner.py:57} INFO - Started process 515 to run task
[2023-06-11T11:16:55.265+0000] {standard_task_runner.py:84} INFO - Running: ['***', 'tasks', 'run', 'first_dag_02', 'thrid_task', 'scheduled__2021-11-23T00:00:00+00:00', '--job-id', '610', '--raw', '--subdir', 'DAGS_FOLDER/First_dag.py', '--cfg-path', '/tmp/tmpbq00b0f8']
[2023-06-11T11:16:55.430+0000] {standard_task_runner.py:85} INFO - Job 610: Subtask thrid_task
[2023-06-11T11:16:58.109+0000] {task_command.py:410} INFO - Running <TaskInstance: first_dag_02.thrid_task scheduled__2021-11-23T00:00:00+00:00 [running]> on host 7586ce0070ac
[2023-06-11T11:17:05.623+0000] {taskinstance.py:1547} INFO - Exporting env vars: AIRFLOW_CTX_DAG_OWNER='Raja' AIRFLOW_CTX_DAG_ID='first_dag_02' AIRFLOW_CTX_TASK_ID='thrid_task' AIRFLOW_CTX_EXECUTION_DATE='2021-11-23T00:00:00+00:00' AIRFLOW_CTX_TRY_NUMBER='1' AIRFLOW_CTX_DAG_RUN_ID='scheduled__2021-11-23T00:00:00+00:00'
[2023-06-11T11:17:05.628+0000] {subprocess.py:63} INFO - Tmp dir root location: 
 /tmp
[2023-06-11T11:17:05.629+0000] {subprocess.py:75} INFO - Running command: ['/bin/bash', '-c', 'echo hey, I am task3 and will be running after task1 at the same time as task2!']
[2023-06-11T11:17:05.870+0000] {subprocess.py:86} INFO - Output:
[2023-06-11T11:17:06.015+0000] {subprocess.py:93} INFO - hey, I am task3 and will be running after task1 at the same time as task2!
[2023-06-11T11:17:06.016+0000] {subprocess.py:97} INFO - Command exited with return code 0
[2023-06-11T11:17:06.821+0000] {taskinstance.py:1350} INFO - Marking task as SUCCESS. dag_id=first_dag_02, task_id=thrid_task, execution_date=20211123T000000, start_date=20230611T111652, end_date=20230611T111706
[2023-06-11T11:17:07.431+0000] {local_task_job_runner.py:225} INFO - Task exited with return code 0
[2023-06-11T11:17:07.734+0000] {taskinstance.py:2651} INFO - 0 downstream tasks scheduled from follow-on schedule check
