[2023-06-11T04:52:55.585+0000] {taskinstance.py:1103} INFO - Dependencies all met for dep_context=non-requeueable deps ti=<TaskInstance: first_dag_02.first_task scheduled__2021-10-09T00:00:00+00:00 [queued]>
[2023-06-11T04:52:56.147+0000] {taskinstance.py:1103} INFO - Dependencies all met for dep_context=requeueable deps ti=<TaskInstance: first_dag_02.first_task scheduled__2021-10-09T00:00:00+00:00 [queued]>
[2023-06-11T04:52:56.147+0000] {taskinstance.py:1308} INFO - Starting attempt 1 of 6
[2023-06-11T04:52:56.910+0000] {taskinstance.py:1327} INFO - Executing <Task(BashOperator): first_task> on 2021-10-09 00:00:00+00:00
[2023-06-11T04:52:56.919+0000] {standard_task_runner.py:57} INFO - Started process 996 to run task
[2023-06-11T04:52:56.956+0000] {standard_task_runner.py:84} INFO - Running: ['***', 'tasks', 'run', 'first_dag_02', 'first_task', 'scheduled__2021-10-09T00:00:00+00:00', '--job-id', '294', '--raw', '--subdir', 'DAGS_FOLDER/First_dag.py', '--cfg-path', '/tmp/tmpiibohkge']
[2023-06-11T04:52:56.974+0000] {standard_task_runner.py:85} INFO - Job 294: Subtask first_task
[2023-06-11T04:52:57.454+0000] {task_command.py:410} INFO - Running <TaskInstance: first_dag_02.first_task scheduled__2021-10-09T00:00:00+00:00 [running]> on host 4b1b5d40d165
[2023-06-11T04:52:59.174+0000] {taskinstance.py:1547} INFO - Exporting env vars: AIRFLOW_CTX_DAG_OWNER='Raja' AIRFLOW_CTX_DAG_ID='first_dag_02' AIRFLOW_CTX_TASK_ID='first_task' AIRFLOW_CTX_EXECUTION_DATE='2021-10-09T00:00:00+00:00' AIRFLOW_CTX_TRY_NUMBER='1' AIRFLOW_CTX_DAG_RUN_ID='scheduled__2021-10-09T00:00:00+00:00'
[2023-06-11T04:52:59.180+0000] {subprocess.py:63} INFO - Tmp dir root location: 
 /tmp
[2023-06-11T04:52:59.182+0000] {subprocess.py:75} INFO - Running command: ['/bin/bash', '-c', 'echo hello world, this is the first task!']
[2023-06-11T04:52:59.256+0000] {subprocess.py:86} INFO - Output:
[2023-06-11T04:52:59.282+0000] {subprocess.py:93} INFO - hello world, this is the first task!
[2023-06-11T04:52:59.326+0000] {subprocess.py:97} INFO - Command exited with return code 0
[2023-06-11T04:52:59.619+0000] {taskinstance.py:1350} INFO - Marking task as SUCCESS. dag_id=first_dag_02, task_id=first_task, execution_date=20211009T000000, start_date=20230611T045255, end_date=20230611T045259
[2023-06-11T04:53:00.040+0000] {local_task_job_runner.py:225} INFO - Task exited with return code 0
[2023-06-11T04:53:00.911+0000] {taskinstance.py:2651} INFO - 2 downstream tasks scheduled from follow-on schedule check
[2023-06-11T08:29:39.899+0000] {taskinstance.py:1103} INFO - Dependencies all met for dep_context=non-requeueable deps ti=<TaskInstance: first_dag_02.first_task scheduled__2021-10-09T00:00:00+00:00 [queued]>
[2023-06-11T08:29:40.501+0000] {taskinstance.py:1103} INFO - Dependencies all met for dep_context=requeueable deps ti=<TaskInstance: first_dag_02.first_task scheduled__2021-10-09T00:00:00+00:00 [queued]>
[2023-06-11T08:29:40.502+0000] {taskinstance.py:1308} INFO - Starting attempt 1 of 6
[2023-06-11T08:29:41.162+0000] {taskinstance.py:1327} INFO - Executing <Task(BashOperator): first_task> on 2021-10-09 00:00:00+00:00
[2023-06-11T08:29:41.179+0000] {standard_task_runner.py:57} INFO - Started process 1362 to run task
[2023-06-11T08:29:41.213+0000] {standard_task_runner.py:84} INFO - Running: ['***', 'tasks', 'run', 'first_dag_02', 'first_task', 'scheduled__2021-10-09T00:00:00+00:00', '--job-id', '415', '--raw', '--subdir', 'DAGS_FOLDER/First_dag.py', '--cfg-path', '/tmp/tmphy4we07z']
[2023-06-11T08:29:41.214+0000] {standard_task_runner.py:85} INFO - Job 415: Subtask first_task
[2023-06-11T08:29:41.799+0000] {task_command.py:410} INFO - Running <TaskInstance: first_dag_02.first_task scheduled__2021-10-09T00:00:00+00:00 [running]> on host 492037cdd057
[2023-06-11T08:29:43.934+0000] {taskinstance.py:1547} INFO - Exporting env vars: AIRFLOW_CTX_DAG_OWNER='Raja' AIRFLOW_CTX_DAG_ID='first_dag_02' AIRFLOW_CTX_TASK_ID='first_task' AIRFLOW_CTX_EXECUTION_DATE='2021-10-09T00:00:00+00:00' AIRFLOW_CTX_TRY_NUMBER='1' AIRFLOW_CTX_DAG_RUN_ID='scheduled__2021-10-09T00:00:00+00:00'
[2023-06-11T08:29:43.936+0000] {subprocess.py:63} INFO - Tmp dir root location: 
 /tmp
[2023-06-11T08:29:43.965+0000] {subprocess.py:75} INFO - Running command: ['/bin/bash', '-c', 'echo hello world, this is the first task!']
[2023-06-11T08:29:44.143+0000] {subprocess.py:86} INFO - Output:
[2023-06-11T08:29:44.166+0000] {subprocess.py:93} INFO - hello world, this is the first task!
[2023-06-11T08:29:44.167+0000] {subprocess.py:97} INFO - Command exited with return code 0
[2023-06-11T08:29:44.424+0000] {taskinstance.py:1350} INFO - Marking task as SUCCESS. dag_id=first_dag_02, task_id=first_task, execution_date=20211009T000000, start_date=20230611T082939, end_date=20230611T082944
[2023-06-11T08:29:44.788+0000] {local_task_job_runner.py:225} INFO - Task exited with return code 0
[2023-06-11T08:29:45.180+0000] {taskinstance.py:2651} INFO - 2 downstream tasks scheduled from follow-on schedule check
[2023-06-11T08:51:36.702+0000] {taskinstance.py:1103} INFO - Dependencies all met for dep_context=non-requeueable deps ti=<TaskInstance: first_dag_02.first_task scheduled__2021-10-09T00:00:00+00:00 [queued]>
[2023-06-11T08:51:36.873+0000] {taskinstance.py:1103} INFO - Dependencies all met for dep_context=requeueable deps ti=<TaskInstance: first_dag_02.first_task scheduled__2021-10-09T00:00:00+00:00 [queued]>
[2023-06-11T08:51:36.888+0000] {taskinstance.py:1308} INFO - Starting attempt 1 of 6
[2023-06-11T08:51:37.482+0000] {taskinstance.py:1327} INFO - Executing <Task(BashOperator): first_task> on 2021-10-09 00:00:00+00:00
[2023-06-11T08:51:37.506+0000] {standard_task_runner.py:57} INFO - Started process 1151 to run task
[2023-06-11T08:51:37.564+0000] {standard_task_runner.py:84} INFO - Running: ['***', 'tasks', 'run', 'first_dag_02', 'first_task', 'scheduled__2021-10-09T00:00:00+00:00', '--job-id', '354', '--raw', '--subdir', 'DAGS_FOLDER/First_dag.py', '--cfg-path', '/tmp/tmpt6x09c2w']
[2023-06-11T08:51:37.572+0000] {standard_task_runner.py:85} INFO - Job 354: Subtask first_task
[2023-06-11T08:51:38.366+0000] {task_command.py:410} INFO - Running <TaskInstance: first_dag_02.first_task scheduled__2021-10-09T00:00:00+00:00 [running]> on host 964e508aad03
[2023-06-11T08:51:40.062+0000] {taskinstance.py:1547} INFO - Exporting env vars: AIRFLOW_CTX_DAG_OWNER='Raja' AIRFLOW_CTX_DAG_ID='first_dag_02' AIRFLOW_CTX_TASK_ID='first_task' AIRFLOW_CTX_EXECUTION_DATE='2021-10-09T00:00:00+00:00' AIRFLOW_CTX_TRY_NUMBER='1' AIRFLOW_CTX_DAG_RUN_ID='scheduled__2021-10-09T00:00:00+00:00'
[2023-06-11T08:51:40.070+0000] {subprocess.py:63} INFO - Tmp dir root location: 
 /tmp
[2023-06-11T08:51:40.073+0000] {subprocess.py:75} INFO - Running command: ['/bin/bash', '-c', 'echo hello world, this is the first task!']
[2023-06-11T08:51:40.182+0000] {subprocess.py:86} INFO - Output:
[2023-06-11T08:51:40.217+0000] {subprocess.py:93} INFO - hello world, this is the first task!
[2023-06-11T08:51:40.218+0000] {subprocess.py:97} INFO - Command exited with return code 0
[2023-06-11T08:51:40.549+0000] {taskinstance.py:1350} INFO - Marking task as SUCCESS. dag_id=first_dag_02, task_id=first_task, execution_date=20211009T000000, start_date=20230611T085136, end_date=20230611T085140
[2023-06-11T08:51:40.888+0000] {local_task_job_runner.py:225} INFO - Task exited with return code 0
[2023-06-11T08:51:41.436+0000] {taskinstance.py:2651} INFO - 2 downstream tasks scheduled from follow-on schedule check
[2023-06-11T10:57:43.249+0000] {taskinstance.py:1103} INFO - Dependencies all met for dep_context=non-requeueable deps ti=<TaskInstance: first_dag_02.first_task scheduled__2021-10-09T00:00:00+00:00 [queued]>
[2023-06-11T10:57:43.539+0000] {taskinstance.py:1103} INFO - Dependencies all met for dep_context=requeueable deps ti=<TaskInstance: first_dag_02.first_task scheduled__2021-10-09T00:00:00+00:00 [queued]>
[2023-06-11T10:57:43.540+0000] {taskinstance.py:1308} INFO - Starting attempt 1 of 6
[2023-06-11T10:57:44.125+0000] {taskinstance.py:1327} INFO - Executing <Task(BashOperator): first_task> on 2021-10-09 00:00:00+00:00
[2023-06-11T10:57:44.258+0000] {standard_task_runner.py:57} INFO - Started process 1268 to run task
[2023-06-11T10:57:44.460+0000] {standard_task_runner.py:84} INFO - Running: ['***', 'tasks', 'run', 'first_dag_02', 'first_task', 'scheduled__2021-10-09T00:00:00+00:00', '--job-id', '347', '--raw', '--subdir', 'DAGS_FOLDER/First_dag.py', '--cfg-path', '/tmp/tmpxs2evt3u']
[2023-06-11T10:57:44.462+0000] {standard_task_runner.py:85} INFO - Job 347: Subtask first_task
[2023-06-11T10:57:45.608+0000] {task_command.py:410} INFO - Running <TaskInstance: first_dag_02.first_task scheduled__2021-10-09T00:00:00+00:00 [running]> on host 7586ce0070ac
[2023-06-11T10:57:49.017+0000] {taskinstance.py:1547} INFO - Exporting env vars: AIRFLOW_CTX_DAG_OWNER='Raja' AIRFLOW_CTX_DAG_ID='first_dag_02' AIRFLOW_CTX_TASK_ID='first_task' AIRFLOW_CTX_EXECUTION_DATE='2021-10-09T00:00:00+00:00' AIRFLOW_CTX_TRY_NUMBER='1' AIRFLOW_CTX_DAG_RUN_ID='scheduled__2021-10-09T00:00:00+00:00'
[2023-06-11T10:57:49.027+0000] {subprocess.py:63} INFO - Tmp dir root location: 
 /tmp
[2023-06-11T10:57:49.029+0000] {subprocess.py:75} INFO - Running command: ['/bin/bash', '-c', 'echo hello world, this is the first task!']
[2023-06-11T10:57:49.239+0000] {subprocess.py:86} INFO - Output:
[2023-06-11T10:57:49.329+0000] {subprocess.py:93} INFO - hello world, this is the first task!
[2023-06-11T10:57:49.333+0000] {subprocess.py:97} INFO - Command exited with return code 0
[2023-06-11T10:57:50.535+0000] {taskinstance.py:1350} INFO - Marking task as SUCCESS. dag_id=first_dag_02, task_id=first_task, execution_date=20211009T000000, start_date=20230611T105743, end_date=20230611T105750
[2023-06-11T10:57:51.605+0000] {local_task_job_runner.py:225} INFO - Task exited with return code 0
[2023-06-11T10:57:52.333+0000] {taskinstance.py:2651} INFO - 2 downstream tasks scheduled from follow-on schedule check
