[2023-06-11T09:46:14.986+0000] {taskinstance.py:1103} INFO - Dependencies all met for dep_context=non-requeueable deps ti=<TaskInstance: first_dag_02.first_task scheduled__2022-06-07T00:00:00+00:00 [queued]>
[2023-06-11T09:46:15.222+0000] {taskinstance.py:1103} INFO - Dependencies all met for dep_context=requeueable deps ti=<TaskInstance: first_dag_02.first_task scheduled__2022-06-07T00:00:00+00:00 [queued]>
[2023-06-11T09:46:15.223+0000] {taskinstance.py:1308} INFO - Starting attempt 1 of 6
[2023-06-11T09:46:15.729+0000] {taskinstance.py:1327} INFO - Executing <Task(BashOperator): first_task> on 2022-06-07 00:00:00+00:00
[2023-06-11T09:46:15.783+0000] {standard_task_runner.py:57} INFO - Started process 4857 to run task
[2023-06-11T09:46:15.865+0000] {standard_task_runner.py:84} INFO - Running: ['***', 'tasks', 'run', 'first_dag_02', 'first_task', 'scheduled__2022-06-07T00:00:00+00:00', '--job-id', '1487', '--raw', '--subdir', 'DAGS_FOLDER/First_dag.py', '--cfg-path', '/tmp/tmp5d4li53k']
[2023-06-11T09:46:15.866+0000] {standard_task_runner.py:85} INFO - Job 1487: Subtask first_task
[2023-06-11T09:46:16.810+0000] {task_command.py:410} INFO - Running <TaskInstance: first_dag_02.first_task scheduled__2022-06-07T00:00:00+00:00 [running]> on host 964e508aad03
[2023-06-11T09:46:19.078+0000] {taskinstance.py:1547} INFO - Exporting env vars: AIRFLOW_CTX_DAG_OWNER='Raja' AIRFLOW_CTX_DAG_ID='first_dag_02' AIRFLOW_CTX_TASK_ID='first_task' AIRFLOW_CTX_EXECUTION_DATE='2022-06-07T00:00:00+00:00' AIRFLOW_CTX_TRY_NUMBER='1' AIRFLOW_CTX_DAG_RUN_ID='scheduled__2022-06-07T00:00:00+00:00'
[2023-06-11T09:46:19.083+0000] {subprocess.py:63} INFO - Tmp dir root location: 
 /tmp
[2023-06-11T09:46:19.084+0000] {subprocess.py:75} INFO - Running command: ['/bin/bash', '-c', 'echo hello world, this is the first task!']
[2023-06-11T09:46:19.288+0000] {subprocess.py:86} INFO - Output:
[2023-06-11T09:46:19.323+0000] {subprocess.py:93} INFO - hello world, this is the first task!
[2023-06-11T09:46:19.324+0000] {subprocess.py:97} INFO - Command exited with return code 0
[2023-06-11T09:46:19.647+0000] {taskinstance.py:1350} INFO - Marking task as SUCCESS. dag_id=first_dag_02, task_id=first_task, execution_date=20220607T000000, start_date=20230611T094614, end_date=20230611T094619
[2023-06-11T09:46:20.139+0000] {local_task_job_runner.py:225} INFO - Task exited with return code 0
[2023-06-11T09:46:20.991+0000] {taskinstance.py:2651} INFO - 0 downstream tasks scheduled from follow-on schedule check
[2023-06-11T15:33:09.771+0000] {taskinstance.py:1103} INFO - Dependencies all met for dep_context=non-requeueable deps ti=<TaskInstance: first_dag_02.first_task scheduled__2022-06-07T00:00:00+00:00 [queued]>
[2023-06-11T15:33:10.052+0000] {taskinstance.py:1103} INFO - Dependencies all met for dep_context=requeueable deps ti=<TaskInstance: first_dag_02.first_task scheduled__2022-06-07T00:00:00+00:00 [queued]>
[2023-06-11T15:33:10.052+0000] {taskinstance.py:1308} INFO - Starting attempt 1 of 6
[2023-06-11T15:33:10.746+0000] {taskinstance.py:1327} INFO - Executing <Task(BashOperator): first_task> on 2022-06-07 00:00:00+00:00
[2023-06-11T15:33:10.775+0000] {standard_task_runner.py:57} INFO - Started process 1451 to run task
[2023-06-11T15:33:10.845+0000] {standard_task_runner.py:84} INFO - Running: ['***', 'tasks', 'run', 'first_dag_02', 'first_task', 'scheduled__2022-06-07T00:00:00+00:00', '--job-id', '1530', '--raw', '--subdir', 'DAGS_FOLDER/First_dag.py', '--cfg-path', '/tmp/tmppemkv5e_']
[2023-06-11T15:33:10.846+0000] {standard_task_runner.py:85} INFO - Job 1530: Subtask first_task
[2023-06-11T15:33:11.426+0000] {task_command.py:410} INFO - Running <TaskInstance: first_dag_02.first_task scheduled__2022-06-07T00:00:00+00:00 [running]> on host 7586ce0070ac
[2023-06-11T15:33:12.745+0000] {taskinstance.py:1547} INFO - Exporting env vars: AIRFLOW_CTX_DAG_OWNER='Raja' AIRFLOW_CTX_DAG_ID='first_dag_02' AIRFLOW_CTX_TASK_ID='first_task' AIRFLOW_CTX_EXECUTION_DATE='2022-06-07T00:00:00+00:00' AIRFLOW_CTX_TRY_NUMBER='1' AIRFLOW_CTX_DAG_RUN_ID='scheduled__2022-06-07T00:00:00+00:00'
[2023-06-11T15:33:12.747+0000] {subprocess.py:63} INFO - Tmp dir root location: 
 /tmp
[2023-06-11T15:33:12.798+0000] {subprocess.py:75} INFO - Running command: ['/bin/bash', '-c', 'echo hello world, this is the first task!']
[2023-06-11T15:33:12.972+0000] {subprocess.py:86} INFO - Output:
[2023-06-11T15:33:12.987+0000] {subprocess.py:93} INFO - hello world, this is the first task!
[2023-06-11T15:33:12.988+0000] {subprocess.py:97} INFO - Command exited with return code 0
[2023-06-11T15:33:13.588+0000] {taskinstance.py:1350} INFO - Marking task as SUCCESS. dag_id=first_dag_02, task_id=first_task, execution_date=20220607T000000, start_date=20230611T153309, end_date=20230611T153313
[2023-06-11T15:33:13.850+0000] {local_task_job_runner.py:225} INFO - Task exited with return code 0
[2023-06-11T15:33:14.315+0000] {taskinstance.py:2651} INFO - 2 downstream tasks scheduled from follow-on schedule check
