[2023-06-11T09:00:15.763+0000] {taskinstance.py:1103} INFO - Dependencies all met for dep_context=non-requeueable deps ti=<TaskInstance: first_dag_02.second_task scheduled__2022-02-16T00:00:00+00:00 [queued]>
[2023-06-11T09:00:15.980+0000] {taskinstance.py:1103} INFO - Dependencies all met for dep_context=requeueable deps ti=<TaskInstance: first_dag_02.second_task scheduled__2022-02-16T00:00:00+00:00 [queued]>
[2023-06-11T09:00:15.985+0000] {taskinstance.py:1308} INFO - Starting attempt 1 of 6
[2023-06-11T09:00:16.751+0000] {taskinstance.py:1327} INFO - Executing <Task(BashOperator): second_task> on 2022-02-16 00:00:00+00:00
[2023-06-11T09:00:16.884+0000] {standard_task_runner.py:57} INFO - Started process 3135 to run task
[2023-06-11T09:00:16.969+0000] {standard_task_runner.py:84} INFO - Running: ['***', 'tasks', 'run', 'first_dag_02', 'second_task', 'scheduled__2022-02-16T00:00:00+00:00', '--job-id', '978', '--raw', '--subdir', 'DAGS_FOLDER/First_dag.py', '--cfg-path', '/tmp/tmpsbffq3yj']
[2023-06-11T09:00:16.998+0000] {standard_task_runner.py:85} INFO - Job 978: Subtask second_task
[2023-06-11T09:00:17.973+0000] {task_command.py:410} INFO - Running <TaskInstance: first_dag_02.second_task scheduled__2022-02-16T00:00:00+00:00 [running]> on host 964e508aad03
[2023-06-11T09:00:21.207+0000] {taskinstance.py:1547} INFO - Exporting env vars: AIRFLOW_CTX_DAG_OWNER='Raja' AIRFLOW_CTX_DAG_ID='first_dag_02' AIRFLOW_CTX_TASK_ID='second_task' AIRFLOW_CTX_EXECUTION_DATE='2022-02-16T00:00:00+00:00' AIRFLOW_CTX_TRY_NUMBER='1' AIRFLOW_CTX_DAG_RUN_ID='scheduled__2022-02-16T00:00:00+00:00'
[2023-06-11T09:00:21.229+0000] {subprocess.py:63} INFO - Tmp dir root location: 
 /tmp
[2023-06-11T09:00:21.251+0000] {subprocess.py:75} INFO - Running command: ['/bin/bash', '-c', 'echo hey, I am task2 and will be running after task1!']
[2023-06-11T09:00:21.436+0000] {subprocess.py:86} INFO - Output:
[2023-06-11T09:00:21.470+0000] {subprocess.py:93} INFO - hey, I am task2 and will be running after task1!
[2023-06-11T09:00:21.471+0000] {subprocess.py:97} INFO - Command exited with return code 0
[2023-06-11T09:00:21.878+0000] {taskinstance.py:1350} INFO - Marking task as SUCCESS. dag_id=first_dag_02, task_id=second_task, execution_date=20220216T000000, start_date=20230611T090015, end_date=20230611T090021
[2023-06-11T09:00:22.501+0000] {local_task_job_runner.py:225} INFO - Task exited with return code 0
[2023-06-11T09:00:22.834+0000] {taskinstance.py:2651} INFO - 0 downstream tasks scheduled from follow-on schedule check
[2023-06-11T11:34:23.055+0000] {taskinstance.py:1103} INFO - Dependencies all met for dep_context=non-requeueable deps ti=<TaskInstance: first_dag_02.second_task scheduled__2022-02-16T00:00:00+00:00 [queued]>
[2023-06-11T11:34:23.784+0000] {taskinstance.py:1103} INFO - Dependencies all met for dep_context=requeueable deps ti=<TaskInstance: first_dag_02.second_task scheduled__2022-02-16T00:00:00+00:00 [queued]>
[2023-06-11T11:34:23.784+0000] {taskinstance.py:1308} INFO - Starting attempt 1 of 6
[2023-06-11T11:34:23.860+0000] {taskinstance.py:1327} INFO - Executing <Task(BashOperator): second_task> on 2022-02-16 00:00:00+00:00
[2023-06-11T11:34:23.870+0000] {standard_task_runner.py:57} INFO - Started process 623 to run task
[2023-06-11T11:34:23.880+0000] {standard_task_runner.py:84} INFO - Running: ['***', 'tasks', 'run', 'first_dag_02', 'second_task', 'scheduled__2022-02-16T00:00:00+00:00', '--job-id', '990', '--raw', '--subdir', 'DAGS_FOLDER/First_dag.py', '--cfg-path', '/tmp/tmp9zo1p9wx']
[2023-06-11T11:34:23.881+0000] {standard_task_runner.py:85} INFO - Job 990: Subtask second_task
[2023-06-11T11:34:25.680+0000] {task_command.py:410} INFO - Running <TaskInstance: first_dag_02.second_task scheduled__2022-02-16T00:00:00+00:00 [running]> on host 7586ce0070ac
[2023-06-11T11:34:32.152+0000] {taskinstance.py:1547} INFO - Exporting env vars: AIRFLOW_CTX_DAG_OWNER='Raja' AIRFLOW_CTX_DAG_ID='first_dag_02' AIRFLOW_CTX_TASK_ID='second_task' AIRFLOW_CTX_EXECUTION_DATE='2022-02-16T00:00:00+00:00' AIRFLOW_CTX_TRY_NUMBER='1' AIRFLOW_CTX_DAG_RUN_ID='scheduled__2022-02-16T00:00:00+00:00'
[2023-06-11T11:34:32.154+0000] {subprocess.py:63} INFO - Tmp dir root location: 
 /tmp
[2023-06-11T11:34:32.156+0000] {subprocess.py:75} INFO - Running command: ['/bin/bash', '-c', 'echo hey, I am task2 and will be running after task1!']
[2023-06-11T11:34:32.225+0000] {subprocess.py:86} INFO - Output:
[2023-06-11T11:34:32.577+0000] {subprocess.py:93} INFO - hey, I am task2 and will be running after task1!
[2023-06-11T11:34:32.649+0000] {subprocess.py:97} INFO - Command exited with return code 0
[2023-06-11T11:34:33.718+0000] {taskinstance.py:1350} INFO - Marking task as SUCCESS. dag_id=first_dag_02, task_id=second_task, execution_date=20220216T000000, start_date=20230611T113423, end_date=20230611T113433
[2023-06-11T11:34:35.137+0000] {local_task_job_runner.py:225} INFO - Task exited with return code 0
[2023-06-11T11:34:35.263+0000] {taskinstance.py:2651} INFO - 0 downstream tasks scheduled from follow-on schedule check
