[2023-06-11T06:15:08.944+0000] {taskinstance.py:1103} INFO - Dependencies all met for dep_context=non-requeueable deps ti=<TaskInstance: dag_pythonoperator_18.first_task scheduled__2023-06-06T00:00:00+00:00 [queued]>
[2023-06-11T06:15:09.165+0000] {taskinstance.py:1103} INFO - Dependencies all met for dep_context=requeueable deps ti=<TaskInstance: dag_pythonoperator_18.first_task scheduled__2023-06-06T00:00:00+00:00 [queued]>
[2023-06-11T06:15:09.168+0000] {taskinstance.py:1308} INFO - Starting attempt 1 of 6
[2023-06-11T06:15:09.293+0000] {taskinstance.py:1327} INFO - Executing <Task(PythonOperator): first_task> on 2023-06-06 00:00:00+00:00
[2023-06-11T06:15:09.303+0000] {standard_task_runner.py:57} INFO - Started process 518 to run task
[2023-06-11T06:15:09.343+0000] {standard_task_runner.py:84} INFO - Running: ['***', 'tasks', 'run', 'dag_pythonoperator_18', 'first_task', 'scheduled__2023-06-06T00:00:00+00:00', '--job-id', '691', '--raw', '--subdir', 'DAGS_FOLDER/python_operator_dag.py', '--cfg-path', '/tmp/tmpvp2xqjid']
[2023-06-11T06:15:09.344+0000] {standard_task_runner.py:85} INFO - Job 691: Subtask first_task
[2023-06-11T06:15:09.791+0000] {task_command.py:410} INFO - Running <TaskInstance: dag_pythonoperator_18.first_task scheduled__2023-06-06T00:00:00+00:00 [running]> on host 69e374580eab
[2023-06-11T06:15:11.329+0000] {taskinstance.py:1547} INFO - Exporting env vars: AIRFLOW_CTX_DAG_OWNER='Raja' AIRFLOW_CTX_DAG_ID='dag_pythonoperator_18' AIRFLOW_CTX_TASK_ID='first_task' AIRFLOW_CTX_EXECUTION_DATE='2023-06-06T00:00:00+00:00' AIRFLOW_CTX_TRY_NUMBER='1' AIRFLOW_CTX_DAG_RUN_ID='scheduled__2023-06-06T00:00:00+00:00'
[2023-06-11T06:15:11.330+0000] {logging_mixin.py:149} INFO - Hai this first python_operator dag
[2023-06-11T06:15:11.330+0000] {python.py:183} INFO - Done. Returned value was: None
[2023-06-11T06:15:11.465+0000] {taskinstance.py:1350} INFO - Marking task as SUCCESS. dag_id=dag_pythonoperator_18, task_id=first_task, execution_date=20230606T000000, start_date=20230611T061508, end_date=20230611T061511
[2023-06-11T06:15:11.589+0000] {local_task_job_runner.py:225} INFO - Task exited with return code 0
[2023-06-11T06:15:12.689+0000] {taskinstance.py:2651} INFO - 0 downstream tasks scheduled from follow-on schedule check
[2023-06-11T08:14:26.963+0000] {taskinstance.py:1103} INFO - Dependencies all met for dep_context=non-requeueable deps ti=<TaskInstance: dag_pythonoperator_18.first_task scheduled__2023-06-06T00:00:00+00:00 [queued]>
[2023-06-11T08:14:27.535+0000] {taskinstance.py:1103} INFO - Dependencies all met for dep_context=requeueable deps ti=<TaskInstance: dag_pythonoperator_18.first_task scheduled__2023-06-06T00:00:00+00:00 [queued]>
[2023-06-11T08:14:27.536+0000] {taskinstance.py:1308} INFO - Starting attempt 1 of 6
[2023-06-11T08:14:28.271+0000] {taskinstance.py:1327} INFO - Executing <Task(PythonOperator): first_task> on 2023-06-06 00:00:00+00:00
[2023-06-11T08:14:28.529+0000] {standard_task_runner.py:57} INFO - Started process 120 to run task
[2023-06-11T08:14:28.684+0000] {standard_task_runner.py:84} INFO - Running: ['***', 'tasks', 'run', 'dag_pythonoperator_18', 'first_task', 'scheduled__2023-06-06T00:00:00+00:00', '--job-id', '53', '--raw', '--subdir', 'DAGS_FOLDER/python_operator_dag.py', '--cfg-path', '/tmp/tmp3xkbvwxm']
[2023-06-11T08:14:28.817+0000] {standard_task_runner.py:85} INFO - Job 53: Subtask first_task
[2023-06-11T08:14:31.741+0000] {task_command.py:410} INFO - Running <TaskInstance: dag_pythonoperator_18.first_task scheduled__2023-06-06T00:00:00+00:00 [running]> on host 492037cdd057
[2023-06-11T08:14:34.383+0000] {taskinstance.py:1547} INFO - Exporting env vars: AIRFLOW_CTX_DAG_OWNER='Raja' AIRFLOW_CTX_DAG_ID='dag_pythonoperator_18' AIRFLOW_CTX_TASK_ID='first_task' AIRFLOW_CTX_EXECUTION_DATE='2023-06-06T00:00:00+00:00' AIRFLOW_CTX_TRY_NUMBER='1' AIRFLOW_CTX_DAG_RUN_ID='scheduled__2023-06-06T00:00:00+00:00'
[2023-06-11T08:14:34.384+0000] {logging_mixin.py:149} INFO - Hai this first python_operator dag
[2023-06-11T08:14:34.385+0000] {python.py:183} INFO - Done. Returned value was: None
[2023-06-11T08:14:34.456+0000] {taskinstance.py:1350} INFO - Marking task as SUCCESS. dag_id=dag_pythonoperator_18, task_id=first_task, execution_date=20230606T000000, start_date=20230611T081427, end_date=20230611T081434
[2023-06-11T08:14:34.809+0000] {local_task_job_runner.py:225} INFO - Task exited with return code 0
[2023-06-11T08:14:37.009+0000] {taskinstance.py:2651} INFO - 1 downstream tasks scheduled from follow-on schedule check
[2023-06-11T08:46:54.977+0000] {taskinstance.py:1103} INFO - Dependencies all met for dep_context=non-requeueable deps ti=<TaskInstance: dag_pythonoperator_18.first_task scheduled__2023-06-06T00:00:00+00:00 [queued]>
[2023-06-11T08:46:55.481+0000] {taskinstance.py:1103} INFO - Dependencies all met for dep_context=requeueable deps ti=<TaskInstance: dag_pythonoperator_18.first_task scheduled__2023-06-06T00:00:00+00:00 [queued]>
[2023-06-11T08:46:55.485+0000] {taskinstance.py:1308} INFO - Starting attempt 1 of 6
[2023-06-11T08:46:56.153+0000] {taskinstance.py:1327} INFO - Executing <Task(PythonOperator): first_task> on 2023-06-06 00:00:00+00:00
[2023-06-11T08:46:56.169+0000] {standard_task_runner.py:57} INFO - Started process 129 to run task
[2023-06-11T08:46:56.474+0000] {standard_task_runner.py:84} INFO - Running: ['***', 'tasks', 'run', 'dag_pythonoperator_18', 'first_task', 'scheduled__2023-06-06T00:00:00+00:00', '--job-id', '23', '--raw', '--subdir', 'DAGS_FOLDER/python_operator_dag.py', '--cfg-path', '/tmp/tmpfoi0yrcn']
[2023-06-11T08:46:56.626+0000] {standard_task_runner.py:85} INFO - Job 23: Subtask first_task
[2023-06-11T08:46:57.888+0000] {task_command.py:410} INFO - Running <TaskInstance: dag_pythonoperator_18.first_task scheduled__2023-06-06T00:00:00+00:00 [running]> on host 964e508aad03
[2023-06-11T08:46:59.472+0000] {taskinstance.py:1547} INFO - Exporting env vars: AIRFLOW_CTX_DAG_OWNER='Raja' AIRFLOW_CTX_DAG_ID='dag_pythonoperator_18' AIRFLOW_CTX_TASK_ID='first_task' AIRFLOW_CTX_EXECUTION_DATE='2023-06-06T00:00:00+00:00' AIRFLOW_CTX_TRY_NUMBER='1' AIRFLOW_CTX_DAG_RUN_ID='scheduled__2023-06-06T00:00:00+00:00'
[2023-06-11T08:46:59.473+0000] {logging_mixin.py:149} INFO - Hai this first python_operator dag
[2023-06-11T08:46:59.474+0000] {python.py:183} INFO - Done. Returned value was: None
[2023-06-11T08:46:59.691+0000] {taskinstance.py:1350} INFO - Marking task as SUCCESS. dag_id=dag_pythonoperator_18, task_id=first_task, execution_date=20230606T000000, start_date=20230611T084655, end_date=20230611T084659
[2023-06-11T08:47:00.176+0000] {local_task_job_runner.py:225} INFO - Task exited with return code 0
[2023-06-11T08:47:00.718+0000] {taskinstance.py:2651} INFO - 1 downstream tasks scheduled from follow-on schedule check
[2023-06-11T10:35:14.942+0000] {taskinstance.py:1103} INFO - Dependencies all met for dep_context=non-requeueable deps ti=<TaskInstance: dag_pythonoperator_18.first_task scheduled__2023-06-06T00:00:00+00:00 [queued]>
[2023-06-11T10:35:15.107+0000] {taskinstance.py:1103} INFO - Dependencies all met for dep_context=requeueable deps ti=<TaskInstance: dag_pythonoperator_18.first_task scheduled__2023-06-06T00:00:00+00:00 [queued]>
[2023-06-11T10:35:15.158+0000] {taskinstance.py:1308} INFO - Starting attempt 1 of 6
[2023-06-11T10:35:15.975+0000] {taskinstance.py:1327} INFO - Executing <Task(PythonOperator): first_task> on 2023-06-06 00:00:00+00:00
[2023-06-11T10:35:16.029+0000] {standard_task_runner.py:57} INFO - Started process 93 to run task
[2023-06-11T10:35:16.901+0000] {standard_task_runner.py:84} INFO - Running: ['***', 'tasks', 'run', 'dag_pythonoperator_18', 'first_task', 'scheduled__2023-06-06T00:00:00+00:00', '--job-id', '11', '--raw', '--subdir', 'DAGS_FOLDER/python_operator_dag.py', '--cfg-path', '/tmp/tmpqpxdqfpz']
[2023-06-11T10:35:16.994+0000] {standard_task_runner.py:85} INFO - Job 11: Subtask first_task
[2023-06-11T10:35:19.644+0000] {task_command.py:410} INFO - Running <TaskInstance: dag_pythonoperator_18.first_task scheduled__2023-06-06T00:00:00+00:00 [running]> on host 7586ce0070ac
[2023-06-11T10:35:25.069+0000] {taskinstance.py:1547} INFO - Exporting env vars: AIRFLOW_CTX_DAG_OWNER='Raja' AIRFLOW_CTX_DAG_ID='dag_pythonoperator_18' AIRFLOW_CTX_TASK_ID='first_task' AIRFLOW_CTX_EXECUTION_DATE='2023-06-06T00:00:00+00:00' AIRFLOW_CTX_TRY_NUMBER='1' AIRFLOW_CTX_DAG_RUN_ID='scheduled__2023-06-06T00:00:00+00:00'
[2023-06-11T10:35:25.153+0000] {logging_mixin.py:149} INFO - Hai this first python_operator dag
[2023-06-11T10:35:25.154+0000] {python.py:183} INFO - Done. Returned value was: None
[2023-06-11T10:35:25.563+0000] {taskinstance.py:1350} INFO - Marking task as SUCCESS. dag_id=dag_pythonoperator_18, task_id=first_task, execution_date=20230606T000000, start_date=20230611T103514, end_date=20230611T103525
[2023-06-11T10:35:26.125+0000] {local_task_job_runner.py:225} INFO - Task exited with return code 0
[2023-06-11T10:35:27.330+0000] {taskinstance.py:2651} INFO - 1 downstream tasks scheduled from follow-on schedule check
[2023-06-12T03:32:50.925+0000] {taskinstance.py:1103} INFO - Dependencies all met for dep_context=non-requeueable deps ti=<TaskInstance: dag_pythonoperator_18.first_task scheduled__2023-06-06T00:00:00+00:00 [queued]>
[2023-06-12T03:32:52.675+0000] {taskinstance.py:1103} INFO - Dependencies all met for dep_context=requeueable deps ti=<TaskInstance: dag_pythonoperator_18.first_task scheduled__2023-06-06T00:00:00+00:00 [queued]>
[2023-06-12T03:32:52.676+0000] {taskinstance.py:1308} INFO - Starting attempt 1 of 6
[2023-06-12T03:32:55.454+0000] {taskinstance.py:1327} INFO - Executing <Task(PythonOperator): first_task> on 2023-06-06 00:00:00+00:00
[2023-06-12T03:32:55.517+0000] {standard_task_runner.py:57} INFO - Started process 159 to run task
[2023-06-12T03:32:55.714+0000] {standard_task_runner.py:84} INFO - Running: ['***', 'tasks', 'run', 'dag_pythonoperator_18', 'first_task', 'scheduled__2023-06-06T00:00:00+00:00', '--job-id', '24', '--raw', '--subdir', 'DAGS_FOLDER/python_operator_dag.py', '--cfg-path', '/tmp/tmp45hmgy3h']
[2023-06-12T03:32:55.735+0000] {standard_task_runner.py:85} INFO - Job 24: Subtask first_task
[2023-06-12T03:33:02.577+0000] {task_command.py:410} INFO - Running <TaskInstance: dag_pythonoperator_18.first_task scheduled__2023-06-06T00:00:00+00:00 [running]> on host 03cd9a7904e9
[2023-06-12T03:33:08.678+0000] {taskinstance.py:1547} INFO - Exporting env vars: AIRFLOW_CTX_DAG_OWNER='Raja' AIRFLOW_CTX_DAG_ID='dag_pythonoperator_18' AIRFLOW_CTX_TASK_ID='first_task' AIRFLOW_CTX_EXECUTION_DATE='2023-06-06T00:00:00+00:00' AIRFLOW_CTX_TRY_NUMBER='1' AIRFLOW_CTX_DAG_RUN_ID='scheduled__2023-06-06T00:00:00+00:00'
[2023-06-12T03:33:08.787+0000] {logging_mixin.py:149} INFO - Hai this first python_operator dag
[2023-06-12T03:33:08.795+0000] {python.py:183} INFO - Done. Returned value was: None
[2023-06-12T03:33:09.238+0000] {taskinstance.py:1350} INFO - Marking task as SUCCESS. dag_id=dag_pythonoperator_18, task_id=first_task, execution_date=20230606T000000, start_date=20230612T033251, end_date=20230612T033309
[2023-06-12T03:33:10.034+0000] {local_task_job_runner.py:225} INFO - Task exited with return code 0
[2023-06-12T03:33:13.883+0000] {taskinstance.py:2651} INFO - 1 downstream tasks scheduled from follow-on schedule check
