[2023-06-12T07:55:23.089+0000] {taskinstance.py:1103} INFO - Dependencies all met for dep_context=non-requeueable deps ti=<TaskInstance: Var_dag.dag_var scheduled__2023-06-11T00:00:00+00:00 [queued]>
[2023-06-12T07:55:23.176+0000] {taskinstance.py:1103} INFO - Dependencies all met for dep_context=requeueable deps ti=<TaskInstance: Var_dag.dag_var scheduled__2023-06-11T00:00:00+00:00 [queued]>
[2023-06-12T07:55:23.177+0000] {taskinstance.py:1308} INFO - Starting attempt 1 of 6
[2023-06-12T07:55:23.260+0000] {taskinstance.py:1327} INFO - Executing <Task(PythonOperator): dag_var> on 2023-06-11 00:00:00+00:00
[2023-06-12T07:55:23.284+0000] {standard_task_runner.py:57} INFO - Started process 1372 to run task
[2023-06-12T07:55:23.308+0000] {standard_task_runner.py:84} INFO - Running: ['***', 'tasks', 'run', 'Var_dag', 'dag_var', 'scheduled__2023-06-11T00:00:00+00:00', '--job-id', '289', '--raw', '--subdir', 'DAGS_FOLDER/variable_dag.py', '--cfg-path', '/tmp/tmpgjuk15r7']
[2023-06-12T07:55:23.318+0000] {standard_task_runner.py:85} INFO - Job 289: Subtask dag_var
[2023-06-12T07:55:23.782+0000] {task_command.py:410} INFO - Running <TaskInstance: Var_dag.dag_var scheduled__2023-06-11T00:00:00+00:00 [running]> on host 03cd9a7904e9
[2023-06-12T07:55:24.195+0000] {taskinstance.py:1547} INFO - Exporting env vars: AIRFLOW_CTX_DAG_OWNER='Raja' AIRFLOW_CTX_DAG_ID='Var_dag' AIRFLOW_CTX_TASK_ID='dag_var' AIRFLOW_CTX_EXECUTION_DATE='2023-06-11T00:00:00+00:00' AIRFLOW_CTX_TRY_NUMBER='1' AIRFLOW_CTX_DAG_RUN_ID='scheduled__2023-06-11T00:00:00+00:00'
[2023-06-12T07:55:24.334+0000] {taskinstance.py:1824} ERROR - Task failed with exception
Traceback (most recent call last):
  File "/home/airflow/.local/lib/python3.7/site-packages/airflow/operators/python.py", line 181, in execute
    return_value = self.execute_callable()
  File "/home/airflow/.local/lib/python3.7/site-packages/airflow/operators/python.py", line 198, in execute_callable
    return self.python_callable(*self.op_args, **self.op_kwargs)
  File "/opt/airflow/dags/variable_dag.py", line 7, in print_variable
    var_sample_json=Variable.get('sample_json',deserialize_json=True)
  File "/home/airflow/.local/lib/python3.7/site-packages/airflow/models/variable.py", line 145, in get
    obj = json.loads(var_val)
  File "/usr/local/lib/python3.7/json/__init__.py", line 348, in loads
    return _default_decoder.decode(s)
  File "/usr/local/lib/python3.7/json/decoder.py", line 337, in decode
    obj, end = self.raw_decode(s, idx=_w(s, 0).end())
  File "/usr/local/lib/python3.7/json/decoder.py", line 355, in raw_decode
    raise JSONDecodeError("Expecting value", s, err.value) from None
json.decoder.JSONDecodeError: Expecting value: line 1 column 34 (char 33)
[2023-06-12T07:55:24.443+0000] {taskinstance.py:1350} INFO - Marking task as UP_FOR_RETRY. dag_id=Var_dag, task_id=dag_var, execution_date=20230611T000000, start_date=20230612T075523, end_date=20230612T075524
[2023-06-12T07:55:24.548+0000] {standard_task_runner.py:109} ERROR - Failed to execute job 289 for task dag_var (Expecting value: line 1 column 34 (char 33); 1372)
[2023-06-12T07:55:24.585+0000] {local_task_job_runner.py:225} INFO - Task exited with return code 1
[2023-06-12T07:55:24.695+0000] {taskinstance.py:2651} INFO - 0 downstream tasks scheduled from follow-on schedule check
