[2023-06-11T09:02:05.451+0000] {taskinstance.py:1103} INFO - Dependencies all met for dep_context=non-requeueable deps ti=<TaskInstance: first_dag_02.second_task scheduled__2022-03-07T00:00:00+00:00 [queued]>
[2023-06-11T09:02:05.685+0000] {taskinstance.py:1103} INFO - Dependencies all met for dep_context=requeueable deps ti=<TaskInstance: first_dag_02.second_task scheduled__2022-03-07T00:00:00+00:00 [queued]>
[2023-06-11T09:02:05.713+0000] {taskinstance.py:1308} INFO - Starting attempt 1 of 6
[2023-06-11T09:02:05.955+0000] {taskinstance.py:1327} INFO - Executing <Task(BashOperator): second_task> on 2022-03-07 00:00:00+00:00
[2023-06-11T09:02:06.058+0000] {standard_task_runner.py:57} INFO - Started process 3450 to run task
[2023-06-11T09:02:06.138+0000] {standard_task_runner.py:84} INFO - Running: ['***', 'tasks', 'run', 'first_dag_02', 'second_task', 'scheduled__2022-03-07T00:00:00+00:00', '--job-id', '1075', '--raw', '--subdir', 'DAGS_FOLDER/First_dag.py', '--cfg-path', '/tmp/tmpfk1qwp4j']
[2023-06-11T09:02:06.145+0000] {standard_task_runner.py:85} INFO - Job 1075: Subtask second_task
[2023-06-11T09:02:07.470+0000] {task_command.py:410} INFO - Running <TaskInstance: first_dag_02.second_task scheduled__2022-03-07T00:00:00+00:00 [running]> on host 964e508aad03
[2023-06-11T09:02:09.973+0000] {taskinstance.py:1547} INFO - Exporting env vars: AIRFLOW_CTX_DAG_OWNER='Raja' AIRFLOW_CTX_DAG_ID='first_dag_02' AIRFLOW_CTX_TASK_ID='second_task' AIRFLOW_CTX_EXECUTION_DATE='2022-03-07T00:00:00+00:00' AIRFLOW_CTX_TRY_NUMBER='1' AIRFLOW_CTX_DAG_RUN_ID='scheduled__2022-03-07T00:00:00+00:00'
[2023-06-11T09:02:09.978+0000] {subprocess.py:63} INFO - Tmp dir root location: 
 /tmp
[2023-06-11T09:02:09.993+0000] {subprocess.py:75} INFO - Running command: ['/bin/bash', '-c', 'echo hey, I am task2 and will be running after task1!']
[2023-06-11T09:02:10.308+0000] {subprocess.py:86} INFO - Output:
[2023-06-11T09:02:10.358+0000] {subprocess.py:93} INFO - hey, I am task2 and will be running after task1!
[2023-06-11T09:02:10.359+0000] {subprocess.py:97} INFO - Command exited with return code 0
[2023-06-11T09:02:10.699+0000] {taskinstance.py:1350} INFO - Marking task as SUCCESS. dag_id=first_dag_02, task_id=second_task, execution_date=20220307T000000, start_date=20230611T090205, end_date=20230611T090210
[2023-06-11T09:02:12.435+0000] {local_task_job_runner.py:225} INFO - Task exited with return code 0
[2023-06-11T09:02:14.388+0000] {taskinstance.py:2651} INFO - 0 downstream tasks scheduled from follow-on schedule check
[2023-06-11T15:25:54.256+0000] {taskinstance.py:1103} INFO - Dependencies all met for dep_context=non-requeueable deps ti=<TaskInstance: first_dag_02.second_task scheduled__2022-03-07T00:00:00+00:00 [queued]>
[2023-06-11T15:25:54.617+0000] {taskinstance.py:1103} INFO - Dependencies all met for dep_context=requeueable deps ti=<TaskInstance: first_dag_02.second_task scheduled__2022-03-07T00:00:00+00:00 [queued]>
[2023-06-11T15:25:54.623+0000] {taskinstance.py:1308} INFO - Starting attempt 1 of 6
[2023-06-11T15:25:55.360+0000] {taskinstance.py:1327} INFO - Executing <Task(BashOperator): second_task> on 2022-03-07 00:00:00+00:00
[2023-06-11T15:25:55.373+0000] {standard_task_runner.py:57} INFO - Started process 121 to run task
[2023-06-11T15:25:55.390+0000] {standard_task_runner.py:84} INFO - Running: ['***', 'tasks', 'run', 'first_dag_02', 'second_task', 'scheduled__2022-03-07T00:00:00+00:00', '--job-id', '1119', '--raw', '--subdir', 'DAGS_FOLDER/First_dag.py', '--cfg-path', '/tmp/tmp0p9ew9u8']
[2023-06-11T15:25:55.391+0000] {standard_task_runner.py:85} INFO - Job 1119: Subtask second_task
[2023-06-11T15:25:55.841+0000] {task_command.py:410} INFO - Running <TaskInstance: first_dag_02.second_task scheduled__2022-03-07T00:00:00+00:00 [running]> on host 7586ce0070ac
[2023-06-11T15:25:57.912+0000] {taskinstance.py:1547} INFO - Exporting env vars: AIRFLOW_CTX_DAG_OWNER='Raja' AIRFLOW_CTX_DAG_ID='first_dag_02' AIRFLOW_CTX_TASK_ID='second_task' AIRFLOW_CTX_EXECUTION_DATE='2022-03-07T00:00:00+00:00' AIRFLOW_CTX_TRY_NUMBER='1' AIRFLOW_CTX_DAG_RUN_ID='scheduled__2022-03-07T00:00:00+00:00'
[2023-06-11T15:25:57.915+0000] {subprocess.py:63} INFO - Tmp dir root location: 
 /tmp
[2023-06-11T15:25:57.926+0000] {subprocess.py:75} INFO - Running command: ['/bin/bash', '-c', 'echo hey, I am task2 and will be running after task1!']
[2023-06-11T15:25:57.985+0000] {subprocess.py:86} INFO - Output:
[2023-06-11T15:25:57.989+0000] {subprocess.py:93} INFO - hey, I am task2 and will be running after task1!
[2023-06-11T15:25:57.995+0000] {subprocess.py:97} INFO - Command exited with return code 0
[2023-06-11T15:25:58.774+0000] {taskinstance.py:1350} INFO - Marking task as SUCCESS. dag_id=first_dag_02, task_id=second_task, execution_date=20220307T000000, start_date=20230611T152554, end_date=20230611T152558
[2023-06-11T15:25:59.324+0000] {local_task_job_runner.py:225} INFO - Task exited with return code 0
[2023-06-11T15:25:59.493+0000] {taskinstance.py:2651} INFO - 0 downstream tasks scheduled from follow-on schedule check
