[2023-06-11T09:41:47.742+0000] {taskinstance.py:1103} INFO - Dependencies all met for dep_context=non-requeueable deps ti=<TaskInstance: dag_cron_expression_03.task1 scheduled__2021-11-04T03:00:00+00:00 [queued]>
[2023-06-11T09:41:48.466+0000] {taskinstance.py:1103} INFO - Dependencies all met for dep_context=requeueable deps ti=<TaskInstance: dag_cron_expression_03.task1 scheduled__2021-11-04T03:00:00+00:00 [queued]>
[2023-06-11T09:41:48.468+0000] {taskinstance.py:1308} INFO - Starting attempt 1 of 6
[2023-06-11T09:41:49.687+0000] {taskinstance.py:1327} INFO - Executing <Task(BashOperator): task1> on 2021-11-04 03:00:00+00:00
[2023-06-11T09:41:49.710+0000] {standard_task_runner.py:57} INFO - Started process 4103 to run task
[2023-06-11T09:41:49.739+0000] {standard_task_runner.py:84} INFO - Running: ['***', 'tasks', 'run', 'dag_cron_expression_03', 'task1', 'scheduled__2021-11-04T03:00:00+00:00', '--job-id', '1259', '--raw', '--subdir', 'DAGS_FOLDER/dag_corn.py', '--cfg-path', '/tmp/tmpokrqcmr7']
[2023-06-11T09:41:49.745+0000] {standard_task_runner.py:85} INFO - Job 1259: Subtask task1
[2023-06-11T09:41:52.635+0000] {task_command.py:410} INFO - Running <TaskInstance: dag_cron_expression_03.task1 scheduled__2021-11-04T03:00:00+00:00 [running]> on host 964e508aad03
[2023-06-11T09:41:56.406+0000] {taskinstance.py:1547} INFO - Exporting env vars: AIRFLOW_CTX_DAG_OWNER='Raja' AIRFLOW_CTX_DAG_ID='dag_cron_expression_03' AIRFLOW_CTX_TASK_ID='task1' AIRFLOW_CTX_EXECUTION_DATE='2021-11-04T03:00:00+00:00' AIRFLOW_CTX_TRY_NUMBER='1' AIRFLOW_CTX_DAG_RUN_ID='scheduled__2021-11-04T03:00:00+00:00'
[2023-06-11T09:41:56.417+0000] {subprocess.py:63} INFO - Tmp dir root location: 
 /tmp
[2023-06-11T09:41:56.419+0000] {subprocess.py:75} INFO - Running command: ['/bin/bash', '-c', 'echo dag with cron expression!']
[2023-06-11T09:41:56.925+0000] {subprocess.py:86} INFO - Output:
[2023-06-11T09:41:57.059+0000] {subprocess.py:93} INFO - dag with cron expression!
[2023-06-11T09:41:57.060+0000] {subprocess.py:97} INFO - Command exited with return code 0
[2023-06-11T09:41:59.565+0000] {taskinstance.py:1350} INFO - Marking task as SUCCESS. dag_id=dag_cron_expression_03, task_id=task1, execution_date=20211104T030000, start_date=20230611T094147, end_date=20230611T094159
[2023-06-11T09:42:00.870+0000] {local_task_job_runner.py:225} INFO - Task exited with return code 0
[2023-06-11T09:42:01.613+0000] {taskinstance.py:2651} INFO - 0 downstream tasks scheduled from follow-on schedule check
[2023-06-11T10:35:10.280+0000] {taskinstance.py:1103} INFO - Dependencies all met for dep_context=non-requeueable deps ti=<TaskInstance: dag_cron_expression_03.task1 scheduled__2021-11-04T03:00:00+00:00 [queued]>
[2023-06-11T10:35:10.518+0000] {taskinstance.py:1103} INFO - Dependencies all met for dep_context=requeueable deps ti=<TaskInstance: dag_cron_expression_03.task1 scheduled__2021-11-04T03:00:00+00:00 [queued]>
[2023-06-11T10:35:10.542+0000] {taskinstance.py:1308} INFO - Starting attempt 1 of 6
[2023-06-11T10:35:10.784+0000] {taskinstance.py:1327} INFO - Executing <Task(BashOperator): task1> on 2021-11-04 03:00:00+00:00
[2023-06-11T10:35:10.803+0000] {standard_task_runner.py:57} INFO - Started process 86 to run task
[2023-06-11T10:35:10.859+0000] {standard_task_runner.py:84} INFO - Running: ['***', 'tasks', 'run', 'dag_cron_expression_03', 'task1', 'scheduled__2021-11-04T03:00:00+00:00', '--job-id', '7', '--raw', '--subdir', 'DAGS_FOLDER/dag_corn.py', '--cfg-path', '/tmp/tmpgu9j6xrb']
[2023-06-11T10:35:10.861+0000] {standard_task_runner.py:85} INFO - Job 7: Subtask task1
[2023-06-11T10:35:13.110+0000] {task_command.py:410} INFO - Running <TaskInstance: dag_cron_expression_03.task1 scheduled__2021-11-04T03:00:00+00:00 [running]> on host 7586ce0070ac
[2023-06-11T10:35:16.558+0000] {taskinstance.py:1547} INFO - Exporting env vars: AIRFLOW_CTX_DAG_OWNER='Raja' AIRFLOW_CTX_DAG_ID='dag_cron_expression_03' AIRFLOW_CTX_TASK_ID='task1' AIRFLOW_CTX_EXECUTION_DATE='2021-11-04T03:00:00+00:00' AIRFLOW_CTX_TRY_NUMBER='1' AIRFLOW_CTX_DAG_RUN_ID='scheduled__2021-11-04T03:00:00+00:00'
[2023-06-11T10:35:16.568+0000] {subprocess.py:63} INFO - Tmp dir root location: 
 /tmp
[2023-06-11T10:35:16.572+0000] {subprocess.py:75} INFO - Running command: ['/bin/bash', '-c', 'echo dag with cron expression!']
[2023-06-11T10:35:17.095+0000] {subprocess.py:86} INFO - Output:
[2023-06-11T10:35:17.173+0000] {subprocess.py:93} INFO - dag with cron expression!
[2023-06-11T10:35:17.178+0000] {subprocess.py:97} INFO - Command exited with return code 0
[2023-06-11T10:35:19.070+0000] {taskinstance.py:1350} INFO - Marking task as SUCCESS. dag_id=dag_cron_expression_03, task_id=task1, execution_date=20211104T030000, start_date=20230611T103510, end_date=20230611T103519
[2023-06-11T10:35:19.285+0000] {local_task_job_runner.py:225} INFO - Task exited with return code 0
[2023-06-11T10:35:20.224+0000] {taskinstance.py:2651} INFO - 0 downstream tasks scheduled from follow-on schedule check
[2023-06-12T03:31:54.679+0000] {taskinstance.py:1103} INFO - Dependencies all met for dep_context=non-requeueable deps ti=<TaskInstance: dag_cron_expression_03.task1 scheduled__2021-11-04T03:00:00+00:00 [queued]>
[2023-06-12T03:31:55.446+0000] {taskinstance.py:1103} INFO - Dependencies all met for dep_context=requeueable deps ti=<TaskInstance: dag_cron_expression_03.task1 scheduled__2021-11-04T03:00:00+00:00 [queued]>
[2023-06-12T03:31:55.523+0000] {taskinstance.py:1308} INFO - Starting attempt 1 of 6
[2023-06-12T03:31:57.804+0000] {taskinstance.py:1327} INFO - Executing <Task(BashOperator): task1> on 2021-11-04 03:00:00+00:00
[2023-06-12T03:31:58.439+0000] {standard_task_runner.py:57} INFO - Started process 97 to run task
[2023-06-12T03:31:58.664+0000] {standard_task_runner.py:84} INFO - Running: ['***', 'tasks', 'run', 'dag_cron_expression_03', 'task1', 'scheduled__2021-11-04T03:00:00+00:00', '--job-id', '7', '--raw', '--subdir', 'DAGS_FOLDER/dag_cron.py', '--cfg-path', '/tmp/tmpasyv0253']
[2023-06-12T03:31:58.668+0000] {standard_task_runner.py:85} INFO - Job 7: Subtask task1
[2023-06-12T03:32:01.412+0000] {task_command.py:410} INFO - Running <TaskInstance: dag_cron_expression_03.task1 scheduled__2021-11-04T03:00:00+00:00 [running]> on host 03cd9a7904e9
[2023-06-12T03:32:07.772+0000] {taskinstance.py:1547} INFO - Exporting env vars: AIRFLOW_CTX_DAG_OWNER='Raja' AIRFLOW_CTX_DAG_ID='dag_cron_expression_03' AIRFLOW_CTX_TASK_ID='task1' AIRFLOW_CTX_EXECUTION_DATE='2021-11-04T03:00:00+00:00' AIRFLOW_CTX_TRY_NUMBER='1' AIRFLOW_CTX_DAG_RUN_ID='scheduled__2021-11-04T03:00:00+00:00'
[2023-06-12T03:32:07.783+0000] {subprocess.py:63} INFO - Tmp dir root location: 
 /tmp
[2023-06-12T03:32:07.801+0000] {subprocess.py:75} INFO - Running command: ['/bin/bash', '-c', 'echo dag with cron expression!']
[2023-06-12T03:32:08.286+0000] {subprocess.py:86} INFO - Output:
[2023-06-12T03:32:08.455+0000] {subprocess.py:93} INFO - dag with cron expression!
[2023-06-12T03:32:08.464+0000] {subprocess.py:97} INFO - Command exited with return code 0
[2023-06-12T03:32:09.845+0000] {taskinstance.py:1350} INFO - Marking task as SUCCESS. dag_id=dag_cron_expression_03, task_id=task1, execution_date=20211104T030000, start_date=20230612T033154, end_date=20230612T033209
[2023-06-12T03:32:10.978+0000] {local_task_job_runner.py:225} INFO - Task exited with return code 0
[2023-06-12T03:32:13.418+0000] {taskinstance.py:2651} INFO - 0 downstream tasks scheduled from follow-on schedule check
