[2023-06-11T09:45:34.365+0000] {taskinstance.py:1103} INFO - Dependencies all met for dep_context=non-requeueable deps ti=<TaskInstance: first_dag_02.second_task scheduled__2022-05-25T00:00:00+00:00 [queued]>
[2023-06-11T09:45:34.510+0000] {taskinstance.py:1103} INFO - Dependencies all met for dep_context=requeueable deps ti=<TaskInstance: first_dag_02.second_task scheduled__2022-05-25T00:00:00+00:00 [queued]>
[2023-06-11T09:45:34.511+0000] {taskinstance.py:1308} INFO - Starting attempt 1 of 6
[2023-06-11T09:45:34.705+0000] {taskinstance.py:1327} INFO - Executing <Task(BashOperator): second_task> on 2022-05-25 00:00:00+00:00
[2023-06-11T09:45:34.747+0000] {standard_task_runner.py:57} INFO - Started process 4716 to run task
[2023-06-11T09:45:34.797+0000] {standard_task_runner.py:84} INFO - Running: ['***', 'tasks', 'run', 'first_dag_02', 'second_task', 'scheduled__2022-05-25T00:00:00+00:00', '--job-id', '1445', '--raw', '--subdir', 'DAGS_FOLDER/First_dag.py', '--cfg-path', '/tmp/tmpytkx_ya1']
[2023-06-11T09:45:34.798+0000] {standard_task_runner.py:85} INFO - Job 1445: Subtask second_task
[2023-06-11T09:45:35.359+0000] {task_command.py:410} INFO - Running <TaskInstance: first_dag_02.second_task scheduled__2022-05-25T00:00:00+00:00 [running]> on host 964e508aad03
[2023-06-11T09:45:36.833+0000] {taskinstance.py:1547} INFO - Exporting env vars: AIRFLOW_CTX_DAG_OWNER='Raja' AIRFLOW_CTX_DAG_ID='first_dag_02' AIRFLOW_CTX_TASK_ID='second_task' AIRFLOW_CTX_EXECUTION_DATE='2022-05-25T00:00:00+00:00' AIRFLOW_CTX_TRY_NUMBER='1' AIRFLOW_CTX_DAG_RUN_ID='scheduled__2022-05-25T00:00:00+00:00'
[2023-06-11T09:45:36.835+0000] {subprocess.py:63} INFO - Tmp dir root location: 
 /tmp
[2023-06-11T09:45:36.836+0000] {subprocess.py:75} INFO - Running command: ['/bin/bash', '-c', 'echo hey, I am task2 and will be running after task1!']
[2023-06-11T09:45:36.995+0000] {subprocess.py:86} INFO - Output:
[2023-06-11T09:45:37.003+0000] {subprocess.py:93} INFO - hey, I am task2 and will be running after task1!
[2023-06-11T09:45:37.004+0000] {subprocess.py:97} INFO - Command exited with return code 0
[2023-06-11T09:45:37.143+0000] {taskinstance.py:1350} INFO - Marking task as SUCCESS. dag_id=first_dag_02, task_id=second_task, execution_date=20220525T000000, start_date=20230611T094534, end_date=20230611T094537
[2023-06-11T09:45:37.489+0000] {local_task_job_runner.py:225} INFO - Task exited with return code 0
[2023-06-11T09:45:37.773+0000] {taskinstance.py:2651} INFO - 0 downstream tasks scheduled from follow-on schedule check
[2023-06-11T15:32:33.538+0000] {taskinstance.py:1103} INFO - Dependencies all met for dep_context=non-requeueable deps ti=<TaskInstance: first_dag_02.second_task scheduled__2022-05-25T00:00:00+00:00 [queued]>
[2023-06-11T15:32:33.665+0000] {taskinstance.py:1103} INFO - Dependencies all met for dep_context=requeueable deps ti=<TaskInstance: first_dag_02.second_task scheduled__2022-05-25T00:00:00+00:00 [queued]>
[2023-06-11T15:32:33.666+0000] {taskinstance.py:1308} INFO - Starting attempt 1 of 6
[2023-06-11T15:32:34.222+0000] {taskinstance.py:1327} INFO - Executing <Task(BashOperator): second_task> on 2022-05-25 00:00:00+00:00
[2023-06-11T15:32:34.255+0000] {standard_task_runner.py:57} INFO - Started process 1336 to run task
[2023-06-11T15:32:34.284+0000] {standard_task_runner.py:84} INFO - Running: ['***', 'tasks', 'run', 'first_dag_02', 'second_task', 'scheduled__2022-05-25T00:00:00+00:00', '--job-id', '1494', '--raw', '--subdir', 'DAGS_FOLDER/First_dag.py', '--cfg-path', '/tmp/tmpkwz31sz_']
[2023-06-11T15:32:34.291+0000] {standard_task_runner.py:85} INFO - Job 1494: Subtask second_task
[2023-06-11T15:32:34.681+0000] {task_command.py:410} INFO - Running <TaskInstance: first_dag_02.second_task scheduled__2022-05-25T00:00:00+00:00 [running]> on host 7586ce0070ac
[2023-06-11T15:32:37.063+0000] {taskinstance.py:1547} INFO - Exporting env vars: AIRFLOW_CTX_DAG_OWNER='Raja' AIRFLOW_CTX_DAG_ID='first_dag_02' AIRFLOW_CTX_TASK_ID='second_task' AIRFLOW_CTX_EXECUTION_DATE='2022-05-25T00:00:00+00:00' AIRFLOW_CTX_TRY_NUMBER='1' AIRFLOW_CTX_DAG_RUN_ID='scheduled__2022-05-25T00:00:00+00:00'
[2023-06-11T15:32:37.069+0000] {subprocess.py:63} INFO - Tmp dir root location: 
 /tmp
[2023-06-11T15:32:37.076+0000] {subprocess.py:75} INFO - Running command: ['/bin/bash', '-c', 'echo hey, I am task2 and will be running after task1!']
[2023-06-11T15:32:37.227+0000] {subprocess.py:86} INFO - Output:
[2023-06-11T15:32:37.261+0000] {subprocess.py:93} INFO - hey, I am task2 and will be running after task1!
[2023-06-11T15:32:37.262+0000] {subprocess.py:97} INFO - Command exited with return code 0
[2023-06-11T15:32:37.598+0000] {taskinstance.py:1350} INFO - Marking task as SUCCESS. dag_id=first_dag_02, task_id=second_task, execution_date=20220525T000000, start_date=20230611T153233, end_date=20230611T153237
[2023-06-11T15:32:38.209+0000] {local_task_job_runner.py:225} INFO - Task exited with return code 0
[2023-06-11T15:32:38.390+0000] {taskinstance.py:2651} INFO - 0 downstream tasks scheduled from follow-on schedule check
