[2023-06-11T09:43:01.428+0000] {taskinstance.py:1103} INFO - Dependencies all met for dep_context=non-requeueable deps ti=<TaskInstance: first_dag_02.first_task scheduled__2022-04-27T00:00:00+00:00 [queued]>
[2023-06-11T09:43:01.613+0000] {taskinstance.py:1103} INFO - Dependencies all met for dep_context=requeueable deps ti=<TaskInstance: first_dag_02.first_task scheduled__2022-04-27T00:00:00+00:00 [queued]>
[2023-06-11T09:43:01.613+0000] {taskinstance.py:1308} INFO - Starting attempt 1 of 6
[2023-06-11T09:43:02.440+0000] {taskinstance.py:1327} INFO - Executing <Task(BashOperator): first_task> on 2022-04-27 00:00:00+00:00
[2023-06-11T09:43:02.556+0000] {standard_task_runner.py:57} INFO - Started process 4209 to run task
[2023-06-11T09:43:02.579+0000] {standard_task_runner.py:84} INFO - Running: ['***', 'tasks', 'run', 'first_dag_02', 'first_task', 'scheduled__2022-04-27T00:00:00+00:00', '--job-id', '1290', '--raw', '--subdir', 'DAGS_FOLDER/First_dag.py', '--cfg-path', '/tmp/tmp_i4gbkhn']
[2023-06-11T09:43:02.658+0000] {standard_task_runner.py:85} INFO - Job 1290: Subtask first_task
[2023-06-11T09:43:03.037+0000] {task_command.py:410} INFO - Running <TaskInstance: first_dag_02.first_task scheduled__2022-04-27T00:00:00+00:00 [running]> on host 964e508aad03
[2023-06-11T09:43:05.489+0000] {taskinstance.py:1547} INFO - Exporting env vars: AIRFLOW_CTX_DAG_OWNER='Raja' AIRFLOW_CTX_DAG_ID='first_dag_02' AIRFLOW_CTX_TASK_ID='first_task' AIRFLOW_CTX_EXECUTION_DATE='2022-04-27T00:00:00+00:00' AIRFLOW_CTX_TRY_NUMBER='1' AIRFLOW_CTX_DAG_RUN_ID='scheduled__2022-04-27T00:00:00+00:00'
[2023-06-11T09:43:05.509+0000] {subprocess.py:63} INFO - Tmp dir root location: 
 /tmp
[2023-06-11T09:43:05.510+0000] {subprocess.py:75} INFO - Running command: ['/bin/bash', '-c', 'echo hello world, this is the first task!']
[2023-06-11T09:43:05.701+0000] {subprocess.py:86} INFO - Output:
[2023-06-11T09:43:05.743+0000] {subprocess.py:93} INFO - hello world, this is the first task!
[2023-06-11T09:43:05.748+0000] {subprocess.py:97} INFO - Command exited with return code 0
[2023-06-11T09:43:06.464+0000] {taskinstance.py:1350} INFO - Marking task as SUCCESS. dag_id=first_dag_02, task_id=first_task, execution_date=20220427T000000, start_date=20230611T094301, end_date=20230611T094306
[2023-06-11T09:43:06.697+0000] {local_task_job_runner.py:225} INFO - Task exited with return code 0
[2023-06-11T09:43:07.197+0000] {taskinstance.py:2651} INFO - 2 downstream tasks scheduled from follow-on schedule check
[2023-06-11T15:29:44.897+0000] {taskinstance.py:1103} INFO - Dependencies all met for dep_context=non-requeueable deps ti=<TaskInstance: first_dag_02.first_task scheduled__2022-04-27T00:00:00+00:00 [queued]>
[2023-06-11T15:29:45.094+0000] {taskinstance.py:1103} INFO - Dependencies all met for dep_context=requeueable deps ti=<TaskInstance: first_dag_02.first_task scheduled__2022-04-27T00:00:00+00:00 [queued]>
[2023-06-11T15:29:45.095+0000] {taskinstance.py:1308} INFO - Starting attempt 1 of 6
[2023-06-11T15:29:45.445+0000] {taskinstance.py:1327} INFO - Executing <Task(BashOperator): first_task> on 2022-04-27 00:00:00+00:00
[2023-06-11T15:29:45.457+0000] {standard_task_runner.py:57} INFO - Started process 821 to run task
[2023-06-11T15:29:45.470+0000] {standard_task_runner.py:84} INFO - Running: ['***', 'tasks', 'run', 'first_dag_02', 'first_task', 'scheduled__2022-04-27T00:00:00+00:00', '--job-id', '1338', '--raw', '--subdir', 'DAGS_FOLDER/First_dag.py', '--cfg-path', '/tmp/tmpsqz7q4dj']
[2023-06-11T15:29:45.480+0000] {standard_task_runner.py:85} INFO - Job 1338: Subtask first_task
[2023-06-11T15:29:45.680+0000] {task_command.py:410} INFO - Running <TaskInstance: first_dag_02.first_task scheduled__2022-04-27T00:00:00+00:00 [running]> on host 7586ce0070ac
[2023-06-11T15:29:46.450+0000] {taskinstance.py:1547} INFO - Exporting env vars: AIRFLOW_CTX_DAG_OWNER='Raja' AIRFLOW_CTX_DAG_ID='first_dag_02' AIRFLOW_CTX_TASK_ID='first_task' AIRFLOW_CTX_EXECUTION_DATE='2022-04-27T00:00:00+00:00' AIRFLOW_CTX_TRY_NUMBER='1' AIRFLOW_CTX_DAG_RUN_ID='scheduled__2022-04-27T00:00:00+00:00'
[2023-06-11T15:29:46.453+0000] {subprocess.py:63} INFO - Tmp dir root location: 
 /tmp
[2023-06-11T15:29:46.454+0000] {subprocess.py:75} INFO - Running command: ['/bin/bash', '-c', 'echo hello world, this is the first task!']
[2023-06-11T15:29:46.535+0000] {subprocess.py:86} INFO - Output:
[2023-06-11T15:29:46.562+0000] {subprocess.py:93} INFO - hello world, this is the first task!
[2023-06-11T15:29:46.563+0000] {subprocess.py:97} INFO - Command exited with return code 0
[2023-06-11T15:29:46.739+0000] {taskinstance.py:1350} INFO - Marking task as SUCCESS. dag_id=first_dag_02, task_id=first_task, execution_date=20220427T000000, start_date=20230611T152944, end_date=20230611T152946
[2023-06-11T15:29:46.788+0000] {local_task_job_runner.py:225} INFO - Task exited with return code 0
[2023-06-11T15:29:47.053+0000] {taskinstance.py:2651} INFO - 2 downstream tasks scheduled from follow-on schedule check
