[2023-06-10T17:27:21.342+0000] {taskinstance.py:1103} INFO - Dependencies all met for dep_context=non-requeueable deps ti=<TaskInstance: first_dag_02.second_task scheduled__2021-08-03T00:00:00+00:00 [queued]>
[2023-06-10T17:27:22.117+0000] {taskinstance.py:1103} INFO - Dependencies all met for dep_context=requeueable deps ti=<TaskInstance: first_dag_02.second_task scheduled__2021-08-03T00:00:00+00:00 [queued]>
[2023-06-10T17:27:22.117+0000] {taskinstance.py:1308} INFO - Starting attempt 1 of 6
[2023-06-10T17:27:23.112+0000] {taskinstance.py:1327} INFO - Executing <Task(BashOperator): second_task> on 2021-08-03 00:00:00+00:00
[2023-06-10T17:27:23.258+0000] {standard_task_runner.py:57} INFO - Started process 944 to run task
[2023-06-10T17:27:23.536+0000] {standard_task_runner.py:84} INFO - Running: ['***', 'tasks', 'run', 'first_dag_02', 'second_task', 'scheduled__2021-08-03T00:00:00+00:00', '--job-id', '1824', '--raw', '--subdir', 'DAGS_FOLDER/First_dag.py', '--cfg-path', '/tmp/tmpbmri6uv0']
[2023-06-10T17:27:23.564+0000] {standard_task_runner.py:85} INFO - Job 1824: Subtask second_task
[2023-06-10T17:27:24.263+0000] {task_command.py:410} INFO - Running <TaskInstance: first_dag_02.second_task scheduled__2021-08-03T00:00:00+00:00 [running]> on host e326d5f70fa9
[2023-06-10T17:27:30.116+0000] {taskinstance.py:1547} INFO - Exporting env vars: AIRFLOW_CTX_DAG_OWNER='Raja' AIRFLOW_CTX_DAG_ID='first_dag_02' AIRFLOW_CTX_TASK_ID='second_task' AIRFLOW_CTX_EXECUTION_DATE='2021-08-03T00:00:00+00:00' AIRFLOW_CTX_TRY_NUMBER='1' AIRFLOW_CTX_DAG_RUN_ID='scheduled__2021-08-03T00:00:00+00:00'
[2023-06-10T17:27:30.125+0000] {subprocess.py:63} INFO - Tmp dir root location: 
 /tmp
[2023-06-10T17:27:30.125+0000] {subprocess.py:75} INFO - Running command: ['/bin/bash', '-c', 'echo hey, I am task2 and will be running after task1!']
[2023-06-10T17:27:30.730+0000] {subprocess.py:86} INFO - Output:
[2023-06-10T17:27:31.056+0000] {subprocess.py:93} INFO - hey, I am task2 and will be running after task1!
[2023-06-10T17:27:31.070+0000] {subprocess.py:97} INFO - Command exited with return code 0
[2023-06-10T17:27:33.145+0000] {taskinstance.py:1350} INFO - Marking task as SUCCESS. dag_id=first_dag_02, task_id=second_task, execution_date=20210803T000000, start_date=20230610T172721, end_date=20230610T172733
[2023-06-10T17:27:35.730+0000] {local_task_job_runner.py:225} INFO - Task exited with return code 0
[2023-06-10T17:27:38.243+0000] {taskinstance.py:2651} INFO - 0 downstream tasks scheduled from follow-on schedule check
[2023-06-11T04:44:27.163+0000] {taskinstance.py:1103} INFO - Dependencies all met for dep_context=non-requeueable deps ti=<TaskInstance: first_dag_02.second_task scheduled__2021-08-03T00:00:00+00:00 [queued]>
[2023-06-11T04:44:27.255+0000] {taskinstance.py:1103} INFO - Dependencies all met for dep_context=requeueable deps ti=<TaskInstance: first_dag_02.second_task scheduled__2021-08-03T00:00:00+00:00 [queued]>
[2023-06-11T04:44:27.256+0000] {taskinstance.py:1308} INFO - Starting attempt 1 of 6
[2023-06-11T04:44:28.439+0000] {taskinstance.py:1327} INFO - Executing <Task(BashOperator): second_task> on 2021-08-03 00:00:00+00:00
[2023-06-11T04:44:28.810+0000] {standard_task_runner.py:57} INFO - Started process 186 to run task
[2023-06-11T04:44:28.822+0000] {standard_task_runner.py:84} INFO - Running: ['***', 'tasks', 'run', 'first_dag_02', 'second_task', 'scheduled__2021-08-03T00:00:00+00:00', '--job-id', '40', '--raw', '--subdir', 'DAGS_FOLDER/First_dag.py', '--cfg-path', '/tmp/tmpjg0yh6h6']
[2023-06-11T04:44:28.823+0000] {standard_task_runner.py:85} INFO - Job 40: Subtask second_task
[2023-06-11T04:44:31.099+0000] {task_command.py:410} INFO - Running <TaskInstance: first_dag_02.second_task scheduled__2021-08-03T00:00:00+00:00 [running]> on host 4b1b5d40d165
[2023-06-11T04:44:34.100+0000] {taskinstance.py:1547} INFO - Exporting env vars: AIRFLOW_CTX_DAG_OWNER='Raja' AIRFLOW_CTX_DAG_ID='first_dag_02' AIRFLOW_CTX_TASK_ID='second_task' AIRFLOW_CTX_EXECUTION_DATE='2021-08-03T00:00:00+00:00' AIRFLOW_CTX_TRY_NUMBER='1' AIRFLOW_CTX_DAG_RUN_ID='scheduled__2021-08-03T00:00:00+00:00'
[2023-06-11T04:44:34.169+0000] {subprocess.py:63} INFO - Tmp dir root location: 
 /tmp
[2023-06-11T04:44:34.179+0000] {subprocess.py:75} INFO - Running command: ['/bin/bash', '-c', 'echo hey, I am task2 and will be running after task1!']
[2023-06-11T04:44:34.567+0000] {subprocess.py:86} INFO - Output:
[2023-06-11T04:44:34.579+0000] {subprocess.py:93} INFO - hey, I am task2 and will be running after task1!
[2023-06-11T04:44:34.592+0000] {subprocess.py:97} INFO - Command exited with return code 0
[2023-06-11T04:44:36.051+0000] {taskinstance.py:1350} INFO - Marking task as SUCCESS. dag_id=first_dag_02, task_id=second_task, execution_date=20210803T000000, start_date=20230611T044427, end_date=20230611T044436
[2023-06-11T04:44:36.756+0000] {local_task_job_runner.py:225} INFO - Task exited with return code 0
[2023-06-11T04:44:37.534+0000] {taskinstance.py:2651} INFO - 0 downstream tasks scheduled from follow-on schedule check
[2023-06-11T05:15:14.442+0000] {taskinstance.py:1103} INFO - Dependencies all met for dep_context=non-requeueable deps ti=<TaskInstance: first_dag_02.second_task scheduled__2021-08-03T00:00:00+00:00 [queued]>
[2023-06-11T05:15:14.964+0000] {taskinstance.py:1103} INFO - Dependencies all met for dep_context=requeueable deps ti=<TaskInstance: first_dag_02.second_task scheduled__2021-08-03T00:00:00+00:00 [queued]>
[2023-06-11T05:15:14.965+0000] {taskinstance.py:1308} INFO - Starting attempt 1 of 6
[2023-06-11T05:15:15.936+0000] {taskinstance.py:1327} INFO - Executing <Task(BashOperator): second_task> on 2021-08-03 00:00:00+00:00
[2023-06-11T05:15:15.993+0000] {standard_task_runner.py:57} INFO - Started process 251 to run task
[2023-06-11T05:15:16.068+0000] {standard_task_runner.py:84} INFO - Running: ['***', 'tasks', 'run', 'first_dag_02', 'second_task', 'scheduled__2021-08-03T00:00:00+00:00', '--job-id', '57', '--raw', '--subdir', 'DAGS_FOLDER/First_dag.py', '--cfg-path', '/tmp/tmpnzxs8reu']
[2023-06-11T05:15:16.069+0000] {standard_task_runner.py:85} INFO - Job 57: Subtask second_task
[2023-06-11T05:15:16.470+0000] {task_command.py:410} INFO - Running <TaskInstance: first_dag_02.second_task scheduled__2021-08-03T00:00:00+00:00 [running]> on host 69e374580eab
[2023-06-11T05:15:19.120+0000] {taskinstance.py:1547} INFO - Exporting env vars: AIRFLOW_CTX_DAG_OWNER='Raja' AIRFLOW_CTX_DAG_ID='first_dag_02' AIRFLOW_CTX_TASK_ID='second_task' AIRFLOW_CTX_EXECUTION_DATE='2021-08-03T00:00:00+00:00' AIRFLOW_CTX_TRY_NUMBER='1' AIRFLOW_CTX_DAG_RUN_ID='scheduled__2021-08-03T00:00:00+00:00'
[2023-06-11T05:15:19.199+0000] {subprocess.py:63} INFO - Tmp dir root location: 
 /tmp
[2023-06-11T05:15:19.205+0000] {subprocess.py:75} INFO - Running command: ['/bin/bash', '-c', 'echo hey, I am task2 and will be running after task1!']
[2023-06-11T05:15:19.499+0000] {subprocess.py:86} INFO - Output:
[2023-06-11T05:15:19.557+0000] {subprocess.py:93} INFO - hey, I am task2 and will be running after task1!
[2023-06-11T05:15:19.559+0000] {subprocess.py:97} INFO - Command exited with return code 0
[2023-06-11T05:15:20.735+0000] {taskinstance.py:1350} INFO - Marking task as SUCCESS. dag_id=first_dag_02, task_id=second_task, execution_date=20210803T000000, start_date=20230611T051514, end_date=20230611T051520
[2023-06-11T05:15:21.724+0000] {local_task_job_runner.py:225} INFO - Task exited with return code 0
[2023-06-11T05:15:22.580+0000] {taskinstance.py:2651} INFO - 0 downstream tasks scheduled from follow-on schedule check
[2023-06-11T08:16:17.939+0000] {taskinstance.py:1103} INFO - Dependencies all met for dep_context=non-requeueable deps ti=<TaskInstance: first_dag_02.second_task scheduled__2021-08-03T00:00:00+00:00 [queued]>
[2023-06-11T08:16:18.683+0000] {taskinstance.py:1103} INFO - Dependencies all met for dep_context=requeueable deps ti=<TaskInstance: first_dag_02.second_task scheduled__2021-08-03T00:00:00+00:00 [queued]>
[2023-06-11T08:16:18.683+0000] {taskinstance.py:1308} INFO - Starting attempt 1 of 6
[2023-06-11T08:16:19.220+0000] {taskinstance.py:1327} INFO - Executing <Task(BashOperator): second_task> on 2021-08-03 00:00:00+00:00
[2023-06-11T08:16:19.502+0000] {standard_task_runner.py:57} INFO - Started process 280 to run task
[2023-06-11T08:16:19.924+0000] {standard_task_runner.py:84} INFO - Running: ['***', 'tasks', 'run', 'first_dag_02', 'second_task', 'scheduled__2021-08-03T00:00:00+00:00', '--job-id', '102', '--raw', '--subdir', 'DAGS_FOLDER/First_dag.py', '--cfg-path', '/tmp/tmp53qt5gsg']
[2023-06-11T08:16:20.011+0000] {standard_task_runner.py:85} INFO - Job 102: Subtask second_task
[2023-06-11T08:16:20.762+0000] {task_command.py:410} INFO - Running <TaskInstance: first_dag_02.second_task scheduled__2021-08-03T00:00:00+00:00 [running]> on host 492037cdd057
[2023-06-11T08:16:27.363+0000] {taskinstance.py:1547} INFO - Exporting env vars: AIRFLOW_CTX_DAG_OWNER='Raja' AIRFLOW_CTX_DAG_ID='first_dag_02' AIRFLOW_CTX_TASK_ID='second_task' AIRFLOW_CTX_EXECUTION_DATE='2021-08-03T00:00:00+00:00' AIRFLOW_CTX_TRY_NUMBER='1' AIRFLOW_CTX_DAG_RUN_ID='scheduled__2021-08-03T00:00:00+00:00'
[2023-06-11T08:16:27.428+0000] {subprocess.py:63} INFO - Tmp dir root location: 
 /tmp
[2023-06-11T08:16:27.428+0000] {subprocess.py:75} INFO - Running command: ['/bin/bash', '-c', 'echo hey, I am task2 and will be running after task1!']
[2023-06-11T08:16:27.619+0000] {subprocess.py:86} INFO - Output:
[2023-06-11T08:16:27.630+0000] {subprocess.py:93} INFO - hey, I am task2 and will be running after task1!
[2023-06-11T08:16:27.651+0000] {subprocess.py:97} INFO - Command exited with return code 0
[2023-06-11T08:16:28.635+0000] {taskinstance.py:1350} INFO - Marking task as SUCCESS. dag_id=first_dag_02, task_id=second_task, execution_date=20210803T000000, start_date=20230611T081617, end_date=20230611T081628
[2023-06-11T08:16:29.504+0000] {local_task_job_runner.py:225} INFO - Task exited with return code 0
[2023-06-11T08:16:30.106+0000] {taskinstance.py:2651} INFO - 0 downstream tasks scheduled from follow-on schedule check
[2023-06-11T08:47:27.246+0000] {taskinstance.py:1103} INFO - Dependencies all met for dep_context=non-requeueable deps ti=<TaskInstance: first_dag_02.second_task scheduled__2021-08-03T00:00:00+00:00 [queued]>
[2023-06-11T08:47:27.689+0000] {taskinstance.py:1103} INFO - Dependencies all met for dep_context=requeueable deps ti=<TaskInstance: first_dag_02.second_task scheduled__2021-08-03T00:00:00+00:00 [queued]>
[2023-06-11T08:47:27.689+0000] {taskinstance.py:1308} INFO - Starting attempt 1 of 6
[2023-06-11T08:47:28.146+0000] {taskinstance.py:1327} INFO - Executing <Task(BashOperator): second_task> on 2021-08-03 00:00:00+00:00
[2023-06-11T08:47:28.266+0000] {standard_task_runner.py:57} INFO - Started process 239 to run task
[2023-06-11T08:47:28.370+0000] {standard_task_runner.py:84} INFO - Running: ['***', 'tasks', 'run', 'first_dag_02', 'second_task', 'scheduled__2021-08-03T00:00:00+00:00', '--job-id', '62', '--raw', '--subdir', 'DAGS_FOLDER/First_dag.py', '--cfg-path', '/tmp/tmpsp5fym6z']
[2023-06-11T08:47:28.371+0000] {standard_task_runner.py:85} INFO - Job 62: Subtask second_task
[2023-06-11T08:47:29.458+0000] {task_command.py:410} INFO - Running <TaskInstance: first_dag_02.second_task scheduled__2021-08-03T00:00:00+00:00 [running]> on host 964e508aad03
[2023-06-11T08:47:32.135+0000] {taskinstance.py:1547} INFO - Exporting env vars: AIRFLOW_CTX_DAG_OWNER='Raja' AIRFLOW_CTX_DAG_ID='first_dag_02' AIRFLOW_CTX_TASK_ID='second_task' AIRFLOW_CTX_EXECUTION_DATE='2021-08-03T00:00:00+00:00' AIRFLOW_CTX_TRY_NUMBER='1' AIRFLOW_CTX_DAG_RUN_ID='scheduled__2021-08-03T00:00:00+00:00'
[2023-06-11T08:47:32.147+0000] {subprocess.py:63} INFO - Tmp dir root location: 
 /tmp
[2023-06-11T08:47:32.148+0000] {subprocess.py:75} INFO - Running command: ['/bin/bash', '-c', 'echo hey, I am task2 and will be running after task1!']
[2023-06-11T08:47:32.624+0000] {subprocess.py:86} INFO - Output:
[2023-06-11T08:47:32.675+0000] {subprocess.py:93} INFO - hey, I am task2 and will be running after task1!
[2023-06-11T08:47:32.679+0000] {subprocess.py:97} INFO - Command exited with return code 0
[2023-06-11T08:47:33.260+0000] {taskinstance.py:1350} INFO - Marking task as SUCCESS. dag_id=first_dag_02, task_id=second_task, execution_date=20210803T000000, start_date=20230611T084727, end_date=20230611T084733
[2023-06-11T08:47:33.653+0000] {local_task_job_runner.py:225} INFO - Task exited with return code 0
[2023-06-11T08:47:34.109+0000] {taskinstance.py:2651} INFO - 0 downstream tasks scheduled from follow-on schedule check
[2023-06-11T10:37:25.772+0000] {taskinstance.py:1103} INFO - Dependencies all met for dep_context=non-requeueable deps ti=<TaskInstance: first_dag_02.second_task scheduled__2021-08-03T00:00:00+00:00 [queued]>
[2023-06-11T10:37:26.059+0000] {taskinstance.py:1103} INFO - Dependencies all met for dep_context=requeueable deps ti=<TaskInstance: first_dag_02.second_task scheduled__2021-08-03T00:00:00+00:00 [queued]>
[2023-06-11T10:37:26.063+0000] {taskinstance.py:1308} INFO - Starting attempt 1 of 6
[2023-06-11T10:37:26.162+0000] {taskinstance.py:1327} INFO - Executing <Task(BashOperator): second_task> on 2021-08-03 00:00:00+00:00
[2023-06-11T10:37:26.180+0000] {standard_task_runner.py:57} INFO - Started process 258 to run task
[2023-06-11T10:37:26.349+0000] {standard_task_runner.py:84} INFO - Running: ['***', 'tasks', 'run', 'first_dag_02', 'second_task', 'scheduled__2021-08-03T00:00:00+00:00', '--job-id', '64', '--raw', '--subdir', 'DAGS_FOLDER/First_dag.py', '--cfg-path', '/tmp/tmpo2w80yat']
[2023-06-11T10:37:26.396+0000] {standard_task_runner.py:85} INFO - Job 64: Subtask second_task
[2023-06-11T10:37:29.289+0000] {task_command.py:410} INFO - Running <TaskInstance: first_dag_02.second_task scheduled__2021-08-03T00:00:00+00:00 [running]> on host 7586ce0070ac
[2023-06-11T10:37:35.605+0000] {taskinstance.py:1547} INFO - Exporting env vars: AIRFLOW_CTX_DAG_OWNER='Raja' AIRFLOW_CTX_DAG_ID='first_dag_02' AIRFLOW_CTX_TASK_ID='second_task' AIRFLOW_CTX_EXECUTION_DATE='2021-08-03T00:00:00+00:00' AIRFLOW_CTX_TRY_NUMBER='1' AIRFLOW_CTX_DAG_RUN_ID='scheduled__2021-08-03T00:00:00+00:00'
[2023-06-11T10:37:35.673+0000] {subprocess.py:63} INFO - Tmp dir root location: 
 /tmp
[2023-06-11T10:37:35.690+0000] {subprocess.py:75} INFO - Running command: ['/bin/bash', '-c', 'echo hey, I am task2 and will be running after task1!']
[2023-06-11T10:37:36.225+0000] {subprocess.py:86} INFO - Output:
[2023-06-11T10:37:36.248+0000] {subprocess.py:93} INFO - hey, I am task2 and will be running after task1!
[2023-06-11T10:37:36.249+0000] {subprocess.py:97} INFO - Command exited with return code 0
[2023-06-11T10:37:38.710+0000] {taskinstance.py:1350} INFO - Marking task as SUCCESS. dag_id=first_dag_02, task_id=second_task, execution_date=20210803T000000, start_date=20230611T103725, end_date=20230611T103738
[2023-06-11T10:37:39.561+0000] {local_task_job_runner.py:225} INFO - Task exited with return code 0
[2023-06-11T10:37:39.880+0000] {taskinstance.py:2651} INFO - 0 downstream tasks scheduled from follow-on schedule check
