[2023-06-11T09:43:34.514+0000] {taskinstance.py:1103} INFO - Dependencies all met for dep_context=non-requeueable deps ti=<TaskInstance: first_dag_02.thrid_task scheduled__2022-04-30T00:00:00+00:00 [queued]>
[2023-06-11T09:43:34.824+0000] {taskinstance.py:1103} INFO - Dependencies all met for dep_context=requeueable deps ti=<TaskInstance: first_dag_02.thrid_task scheduled__2022-04-30T00:00:00+00:00 [queued]>
[2023-06-11T09:43:34.825+0000] {taskinstance.py:1308} INFO - Starting attempt 1 of 6
[2023-06-11T09:43:35.238+0000] {taskinstance.py:1327} INFO - Executing <Task(BashOperator): thrid_task> on 2022-04-30 00:00:00+00:00
[2023-06-11T09:43:35.315+0000] {standard_task_runner.py:57} INFO - Started process 4313 to run task
[2023-06-11T09:43:35.352+0000] {standard_task_runner.py:84} INFO - Running: ['***', 'tasks', 'run', 'first_dag_02', 'thrid_task', 'scheduled__2022-04-30T00:00:00+00:00', '--job-id', '1321', '--raw', '--subdir', 'DAGS_FOLDER/First_dag.py', '--cfg-path', '/tmp/tmpv3vx05jm']
[2023-06-11T09:43:35.354+0000] {standard_task_runner.py:85} INFO - Job 1321: Subtask thrid_task
[2023-06-11T09:43:36.012+0000] {task_command.py:410} INFO - Running <TaskInstance: first_dag_02.thrid_task scheduled__2022-04-30T00:00:00+00:00 [running]> on host 964e508aad03
[2023-06-11T09:43:38.156+0000] {taskinstance.py:1547} INFO - Exporting env vars: AIRFLOW_CTX_DAG_OWNER='Raja' AIRFLOW_CTX_DAG_ID='first_dag_02' AIRFLOW_CTX_TASK_ID='thrid_task' AIRFLOW_CTX_EXECUTION_DATE='2022-04-30T00:00:00+00:00' AIRFLOW_CTX_TRY_NUMBER='1' AIRFLOW_CTX_DAG_RUN_ID='scheduled__2022-04-30T00:00:00+00:00'
[2023-06-11T09:43:38.158+0000] {subprocess.py:63} INFO - Tmp dir root location: 
 /tmp
[2023-06-11T09:43:38.159+0000] {subprocess.py:75} INFO - Running command: ['/bin/bash', '-c', 'echo hey, I am task3 and will be running after task1 at the same time as task2!']
[2023-06-11T09:43:38.350+0000] {subprocess.py:86} INFO - Output:
[2023-06-11T09:43:38.372+0000] {subprocess.py:93} INFO - hey, I am task3 and will be running after task1 at the same time as task2!
[2023-06-11T09:43:38.377+0000] {subprocess.py:97} INFO - Command exited with return code 0
[2023-06-11T09:43:38.763+0000] {taskinstance.py:1350} INFO - Marking task as SUCCESS. dag_id=first_dag_02, task_id=thrid_task, execution_date=20220430T000000, start_date=20230611T094334, end_date=20230611T094338
[2023-06-11T09:43:39.128+0000] {local_task_job_runner.py:225} INFO - Task exited with return code 0
[2023-06-11T09:43:39.491+0000] {taskinstance.py:2651} INFO - 0 downstream tasks scheduled from follow-on schedule check
[2023-06-11T15:30:51.270+0000] {taskinstance.py:1103} INFO - Dependencies all met for dep_context=non-requeueable deps ti=<TaskInstance: first_dag_02.thrid_task scheduled__2022-04-30T00:00:00+00:00 [queued]>
[2023-06-11T15:30:51.652+0000] {taskinstance.py:1103} INFO - Dependencies all met for dep_context=requeueable deps ti=<TaskInstance: first_dag_02.thrid_task scheduled__2022-04-30T00:00:00+00:00 [queued]>
[2023-06-11T15:30:51.653+0000] {taskinstance.py:1308} INFO - Starting attempt 1 of 6
[2023-06-11T15:30:52.202+0000] {taskinstance.py:1327} INFO - Executing <Task(BashOperator): thrid_task> on 2022-04-30 00:00:00+00:00
[2023-06-11T15:30:52.235+0000] {standard_task_runner.py:57} INFO - Started process 982 to run task
[2023-06-11T15:30:52.340+0000] {standard_task_runner.py:84} INFO - Running: ['***', 'tasks', 'run', 'first_dag_02', 'thrid_task', 'scheduled__2022-04-30T00:00:00+00:00', '--job-id', '1388', '--raw', '--subdir', 'DAGS_FOLDER/First_dag.py', '--cfg-path', '/tmp/tmpqdooa5jm']
[2023-06-11T15:30:52.341+0000] {standard_task_runner.py:85} INFO - Job 1388: Subtask thrid_task
[2023-06-11T15:30:54.058+0000] {task_command.py:410} INFO - Running <TaskInstance: first_dag_02.thrid_task scheduled__2022-04-30T00:00:00+00:00 [running]> on host 7586ce0070ac
[2023-06-11T15:30:57.854+0000] {taskinstance.py:1547} INFO - Exporting env vars: AIRFLOW_CTX_DAG_OWNER='Raja' AIRFLOW_CTX_DAG_ID='first_dag_02' AIRFLOW_CTX_TASK_ID='thrid_task' AIRFLOW_CTX_EXECUTION_DATE='2022-04-30T00:00:00+00:00' AIRFLOW_CTX_TRY_NUMBER='1' AIRFLOW_CTX_DAG_RUN_ID='scheduled__2022-04-30T00:00:00+00:00'
[2023-06-11T15:30:57.895+0000] {subprocess.py:63} INFO - Tmp dir root location: 
 /tmp
[2023-06-11T15:30:57.901+0000] {subprocess.py:75} INFO - Running command: ['/bin/bash', '-c', 'echo hey, I am task3 and will be running after task1 at the same time as task2!']
[2023-06-11T15:30:57.970+0000] {subprocess.py:86} INFO - Output:
[2023-06-11T15:30:58.057+0000] {subprocess.py:93} INFO - hey, I am task3 and will be running after task1 at the same time as task2!
[2023-06-11T15:30:58.058+0000] {subprocess.py:97} INFO - Command exited with return code 0
[2023-06-11T15:30:58.582+0000] {taskinstance.py:1350} INFO - Marking task as SUCCESS. dag_id=first_dag_02, task_id=thrid_task, execution_date=20220430T000000, start_date=20230611T153051, end_date=20230611T153058
[2023-06-11T15:30:59.052+0000] {local_task_job_runner.py:225} INFO - Task exited with return code 0
[2023-06-11T15:30:59.700+0000] {taskinstance.py:2651} INFO - 0 downstream tasks scheduled from follow-on schedule check
