[2023-06-11T08:55:53.743+0000] {taskinstance.py:1103} INFO - Dependencies all met for dep_context=non-requeueable deps ti=<TaskInstance: first_dag_02.first_task scheduled__2021-12-11T00:00:00+00:00 [queued]>
[2023-06-11T08:55:53.828+0000] {taskinstance.py:1103} INFO - Dependencies all met for dep_context=requeueable deps ti=<TaskInstance: first_dag_02.first_task scheduled__2021-12-11T00:00:00+00:00 [queued]>
[2023-06-11T08:55:53.828+0000] {taskinstance.py:1308} INFO - Starting attempt 1 of 6
[2023-06-11T08:55:54.267+0000] {taskinstance.py:1327} INFO - Executing <Task(BashOperator): first_task> on 2021-12-11 00:00:00+00:00
[2023-06-11T08:55:54.295+0000] {standard_task_runner.py:57} INFO - Started process 2122 to run task
[2023-06-11T08:55:54.343+0000] {standard_task_runner.py:84} INFO - Running: ['***', 'tasks', 'run', 'first_dag_02', 'first_task', 'scheduled__2021-12-11T00:00:00+00:00', '--job-id', '660', '--raw', '--subdir', 'DAGS_FOLDER/First_dag.py', '--cfg-path', '/tmp/tmptc_kvz56']
[2023-06-11T08:55:54.356+0000] {standard_task_runner.py:85} INFO - Job 660: Subtask first_task
[2023-06-11T08:55:55.035+0000] {task_command.py:410} INFO - Running <TaskInstance: first_dag_02.first_task scheduled__2021-12-11T00:00:00+00:00 [running]> on host 964e508aad03
[2023-06-11T08:55:57.153+0000] {taskinstance.py:1547} INFO - Exporting env vars: AIRFLOW_CTX_DAG_OWNER='Raja' AIRFLOW_CTX_DAG_ID='first_dag_02' AIRFLOW_CTX_TASK_ID='first_task' AIRFLOW_CTX_EXECUTION_DATE='2021-12-11T00:00:00+00:00' AIRFLOW_CTX_TRY_NUMBER='1' AIRFLOW_CTX_DAG_RUN_ID='scheduled__2021-12-11T00:00:00+00:00'
[2023-06-11T08:55:57.155+0000] {subprocess.py:63} INFO - Tmp dir root location: 
 /tmp
[2023-06-11T08:55:57.156+0000] {subprocess.py:75} INFO - Running command: ['/bin/bash', '-c', 'echo hello world, this is the first task!']
[2023-06-11T08:55:57.411+0000] {subprocess.py:86} INFO - Output:
[2023-06-11T08:55:57.438+0000] {subprocess.py:93} INFO - hello world, this is the first task!
[2023-06-11T08:55:57.439+0000] {subprocess.py:97} INFO - Command exited with return code 0
[2023-06-11T08:55:57.823+0000] {taskinstance.py:1350} INFO - Marking task as SUCCESS. dag_id=first_dag_02, task_id=first_task, execution_date=20211211T000000, start_date=20230611T085553, end_date=20230611T085557
[2023-06-11T08:55:58.070+0000] {local_task_job_runner.py:225} INFO - Task exited with return code 0
[2023-06-11T08:55:58.192+0000] {taskinstance.py:2651} INFO - 2 downstream tasks scheduled from follow-on schedule check
[2023-06-11T11:19:09.503+0000] {taskinstance.py:1103} INFO - Dependencies all met for dep_context=non-requeueable deps ti=<TaskInstance: first_dag_02.first_task scheduled__2021-12-11T00:00:00+00:00 [queued]>
[2023-06-11T11:19:09.985+0000] {taskinstance.py:1103} INFO - Dependencies all met for dep_context=requeueable deps ti=<TaskInstance: first_dag_02.first_task scheduled__2021-12-11T00:00:00+00:00 [queued]>
[2023-06-11T11:19:10.003+0000] {taskinstance.py:1308} INFO - Starting attempt 1 of 6
[2023-06-11T11:19:11.204+0000] {taskinstance.py:1327} INFO - Executing <Task(BashOperator): first_task> on 2021-12-11 00:00:00+00:00
[2023-06-11T11:19:11.272+0000] {standard_task_runner.py:57} INFO - Started process 790 to run task
[2023-06-11T11:19:11.292+0000] {standard_task_runner.py:84} INFO - Running: ['***', 'tasks', 'run', 'first_dag_02', 'first_task', 'scheduled__2021-12-11T00:00:00+00:00', '--job-id', '695', '--raw', '--subdir', 'DAGS_FOLDER/First_dag.py', '--cfg-path', '/tmp/tmpw7uh7de6']
[2023-06-11T11:19:11.293+0000] {standard_task_runner.py:85} INFO - Job 695: Subtask first_task
[2023-06-11T11:19:12.277+0000] {task_command.py:410} INFO - Running <TaskInstance: first_dag_02.first_task scheduled__2021-12-11T00:00:00+00:00 [running]> on host 7586ce0070ac
[2023-06-11T11:19:15.991+0000] {taskinstance.py:1547} INFO - Exporting env vars: AIRFLOW_CTX_DAG_OWNER='Raja' AIRFLOW_CTX_DAG_ID='first_dag_02' AIRFLOW_CTX_TASK_ID='first_task' AIRFLOW_CTX_EXECUTION_DATE='2021-12-11T00:00:00+00:00' AIRFLOW_CTX_TRY_NUMBER='1' AIRFLOW_CTX_DAG_RUN_ID='scheduled__2021-12-11T00:00:00+00:00'
[2023-06-11T11:19:15.993+0000] {subprocess.py:63} INFO - Tmp dir root location: 
 /tmp
[2023-06-11T11:19:16.042+0000] {subprocess.py:75} INFO - Running command: ['/bin/bash', '-c', 'echo hello world, this is the first task!']
[2023-06-11T11:19:16.552+0000] {subprocess.py:86} INFO - Output:
[2023-06-11T11:19:16.603+0000] {subprocess.py:93} INFO - hello world, this is the first task!
[2023-06-11T11:19:16.603+0000] {subprocess.py:97} INFO - Command exited with return code 0
[2023-06-11T11:19:17.529+0000] {taskinstance.py:1350} INFO - Marking task as SUCCESS. dag_id=first_dag_02, task_id=first_task, execution_date=20211211T000000, start_date=20230611T111909, end_date=20230611T111917
[2023-06-11T11:19:18.462+0000] {local_task_job_runner.py:225} INFO - Task exited with return code 0
[2023-06-11T11:19:20.659+0000] {taskinstance.py:2651} INFO - 2 downstream tasks scheduled from follow-on schedule check
