[2023-06-11T09:46:46.123+0000] {taskinstance.py:1103} INFO - Dependencies all met for dep_context=non-requeueable deps ti=<TaskInstance: first_dag_02.second_task scheduled__2022-06-10T00:00:00+00:00 [queued]>
[2023-06-11T09:46:46.758+0000] {taskinstance.py:1103} INFO - Dependencies all met for dep_context=requeueable deps ti=<TaskInstance: first_dag_02.second_task scheduled__2022-06-10T00:00:00+00:00 [queued]>
[2023-06-11T09:46:46.758+0000] {taskinstance.py:1308} INFO - Starting attempt 1 of 6
[2023-06-11T09:46:47.520+0000] {taskinstance.py:1327} INFO - Executing <Task(BashOperator): second_task> on 2022-06-10 00:00:00+00:00
[2023-06-11T09:46:47.609+0000] {standard_task_runner.py:57} INFO - Started process 4952 to run task
[2023-06-11T09:46:47.646+0000] {standard_task_runner.py:84} INFO - Running: ['***', 'tasks', 'run', 'first_dag_02', 'second_task', 'scheduled__2022-06-10T00:00:00+00:00', '--job-id', '1517', '--raw', '--subdir', 'DAGS_FOLDER/First_dag.py', '--cfg-path', '/tmp/tmp70tpnkic']
[2023-06-11T09:46:47.647+0000] {standard_task_runner.py:85} INFO - Job 1517: Subtask second_task
[2023-06-11T09:46:48.278+0000] {task_command.py:410} INFO - Running <TaskInstance: first_dag_02.second_task scheduled__2022-06-10T00:00:00+00:00 [running]> on host 964e508aad03
[2023-06-11T09:46:49.421+0000] {taskinstance.py:1547} INFO - Exporting env vars: AIRFLOW_CTX_DAG_OWNER='Raja' AIRFLOW_CTX_DAG_ID='first_dag_02' AIRFLOW_CTX_TASK_ID='second_task' AIRFLOW_CTX_EXECUTION_DATE='2022-06-10T00:00:00+00:00' AIRFLOW_CTX_TRY_NUMBER='1' AIRFLOW_CTX_DAG_RUN_ID='scheduled__2022-06-10T00:00:00+00:00'
[2023-06-11T09:46:49.423+0000] {subprocess.py:63} INFO - Tmp dir root location: 
 /tmp
[2023-06-11T09:46:49.424+0000] {subprocess.py:75} INFO - Running command: ['/bin/bash', '-c', 'echo hey, I am task2 and will be running after task1!']
[2023-06-11T09:46:49.526+0000] {subprocess.py:86} INFO - Output:
[2023-06-11T09:46:49.541+0000] {subprocess.py:93} INFO - hey, I am task2 and will be running after task1!
[2023-06-11T09:46:49.541+0000] {subprocess.py:97} INFO - Command exited with return code 0
[2023-06-11T09:46:49.749+0000] {taskinstance.py:1350} INFO - Marking task as SUCCESS. dag_id=first_dag_02, task_id=second_task, execution_date=20220610T000000, start_date=20230611T094646, end_date=20230611T094649
[2023-06-11T09:46:49.904+0000] {local_task_job_runner.py:225} INFO - Task exited with return code 0
[2023-06-11T09:46:50.343+0000] {taskinstance.py:2651} INFO - 0 downstream tasks scheduled from follow-on schedule check
[2023-06-11T15:33:41.274+0000] {taskinstance.py:1103} INFO - Dependencies all met for dep_context=non-requeueable deps ti=<TaskInstance: first_dag_02.second_task scheduled__2022-06-10T00:00:00+00:00 [queued]>
[2023-06-11T15:33:41.368+0000] {taskinstance.py:1103} INFO - Dependencies all met for dep_context=requeueable deps ti=<TaskInstance: first_dag_02.second_task scheduled__2022-06-10T00:00:00+00:00 [queued]>
[2023-06-11T15:33:41.369+0000] {taskinstance.py:1308} INFO - Starting attempt 1 of 6
[2023-06-11T15:33:41.573+0000] {taskinstance.py:1327} INFO - Executing <Task(BashOperator): second_task> on 2022-06-10 00:00:00+00:00
[2023-06-11T15:33:41.579+0000] {standard_task_runner.py:57} INFO - Started process 1555 to run task
[2023-06-11T15:33:41.704+0000] {standard_task_runner.py:84} INFO - Running: ['***', 'tasks', 'run', 'first_dag_02', 'second_task', 'scheduled__2022-06-10T00:00:00+00:00', '--job-id', '1563', '--raw', '--subdir', 'DAGS_FOLDER/First_dag.py', '--cfg-path', '/tmp/tmptpi0x6as']
[2023-06-11T15:33:41.705+0000] {standard_task_runner.py:85} INFO - Job 1563: Subtask second_task
[2023-06-11T15:33:42.586+0000] {task_command.py:410} INFO - Running <TaskInstance: first_dag_02.second_task scheduled__2022-06-10T00:00:00+00:00 [running]> on host 7586ce0070ac
[2023-06-11T15:33:44.876+0000] {taskinstance.py:1547} INFO - Exporting env vars: AIRFLOW_CTX_DAG_OWNER='Raja' AIRFLOW_CTX_DAG_ID='first_dag_02' AIRFLOW_CTX_TASK_ID='second_task' AIRFLOW_CTX_EXECUTION_DATE='2022-06-10T00:00:00+00:00' AIRFLOW_CTX_TRY_NUMBER='1' AIRFLOW_CTX_DAG_RUN_ID='scheduled__2022-06-10T00:00:00+00:00'
[2023-06-11T15:33:44.894+0000] {subprocess.py:63} INFO - Tmp dir root location: 
 /tmp
[2023-06-11T15:33:44.895+0000] {subprocess.py:75} INFO - Running command: ['/bin/bash', '-c', 'echo hey, I am task2 and will be running after task1!']
[2023-06-11T15:33:45.101+0000] {subprocess.py:86} INFO - Output:
[2023-06-11T15:33:45.121+0000] {subprocess.py:93} INFO - hey, I am task2 and will be running after task1!
[2023-06-11T15:33:45.121+0000] {subprocess.py:97} INFO - Command exited with return code 0
[2023-06-11T15:33:45.608+0000] {taskinstance.py:1350} INFO - Marking task as SUCCESS. dag_id=first_dag_02, task_id=second_task, execution_date=20220610T000000, start_date=20230611T153341, end_date=20230611T153345
[2023-06-11T15:33:45.857+0000] {local_task_job_runner.py:225} INFO - Task exited with return code 0
[2023-06-11T15:33:46.092+0000] {taskinstance.py:2651} INFO - 0 downstream tasks scheduled from follow-on schedule check
