[2023-06-11T04:53:57.902+0000] {taskinstance.py:1103} INFO - Dependencies all met for dep_context=non-requeueable deps ti=<TaskInstance: first_dag_02.thrid_task scheduled__2021-10-17T00:00:00+00:00 [queued]>
[2023-06-11T04:53:58.958+0000] {taskinstance.py:1103} INFO - Dependencies all met for dep_context=requeueable deps ti=<TaskInstance: first_dag_02.thrid_task scheduled__2021-10-17T00:00:00+00:00 [queued]>
[2023-06-11T04:53:58.959+0000] {taskinstance.py:1308} INFO - Starting attempt 1 of 6
[2023-06-11T04:53:59.842+0000] {taskinstance.py:1327} INFO - Executing <Task(BashOperator): thrid_task> on 2021-10-17 00:00:00+00:00
[2023-06-11T04:54:00.111+0000] {standard_task_runner.py:57} INFO - Started process 1097 to run task
[2023-06-11T04:54:00.194+0000] {standard_task_runner.py:84} INFO - Running: ['***', 'tasks', 'run', 'first_dag_02', 'thrid_task', 'scheduled__2021-10-17T00:00:00+00:00', '--job-id', '324', '--raw', '--subdir', 'DAGS_FOLDER/First_dag.py', '--cfg-path', '/tmp/tmp8kdm6bx5']
[2023-06-11T04:54:00.197+0000] {standard_task_runner.py:85} INFO - Job 324: Subtask thrid_task
[2023-06-11T04:54:01.791+0000] {task_command.py:410} INFO - Running <TaskInstance: first_dag_02.thrid_task scheduled__2021-10-17T00:00:00+00:00 [running]> on host 4b1b5d40d165
[2023-06-11T04:54:03.749+0000] {taskinstance.py:1547} INFO - Exporting env vars: AIRFLOW_CTX_DAG_OWNER='Raja' AIRFLOW_CTX_DAG_ID='first_dag_02' AIRFLOW_CTX_TASK_ID='thrid_task' AIRFLOW_CTX_EXECUTION_DATE='2021-10-17T00:00:00+00:00' AIRFLOW_CTX_TRY_NUMBER='1' AIRFLOW_CTX_DAG_RUN_ID='scheduled__2021-10-17T00:00:00+00:00'
[2023-06-11T04:54:03.873+0000] {subprocess.py:63} INFO - Tmp dir root location: 
 /tmp
[2023-06-11T04:54:04.007+0000] {subprocess.py:75} INFO - Running command: ['/bin/bash', '-c', 'echo hey, I am task3 and will be running after task1 at the same time as task2!']
[2023-06-11T04:54:04.265+0000] {subprocess.py:86} INFO - Output:
[2023-06-11T04:54:04.272+0000] {subprocess.py:93} INFO - hey, I am task3 and will be running after task1 at the same time as task2!
[2023-06-11T04:54:04.278+0000] {subprocess.py:97} INFO - Command exited with return code 0
[2023-06-11T04:54:04.759+0000] {taskinstance.py:1350} INFO - Marking task as SUCCESS. dag_id=first_dag_02, task_id=thrid_task, execution_date=20211017T000000, start_date=20230611T045357, end_date=20230611T045404
[2023-06-11T04:54:04.977+0000] {local_task_job_runner.py:225} INFO - Task exited with return code 0
[2023-06-11T04:54:06.295+0000] {taskinstance.py:2651} INFO - 0 downstream tasks scheduled from follow-on schedule check
[2023-06-11T08:30:29.360+0000] {taskinstance.py:1103} INFO - Dependencies all met for dep_context=non-requeueable deps ti=<TaskInstance: first_dag_02.thrid_task scheduled__2021-10-17T00:00:00+00:00 [queued]>
[2023-06-11T08:30:29.596+0000] {taskinstance.py:1103} INFO - Dependencies all met for dep_context=requeueable deps ti=<TaskInstance: first_dag_02.thrid_task scheduled__2021-10-17T00:00:00+00:00 [queued]>
[2023-06-11T08:30:29.596+0000] {taskinstance.py:1308} INFO - Starting attempt 1 of 6
[2023-06-11T08:30:30.619+0000] {taskinstance.py:1327} INFO - Executing <Task(BashOperator): thrid_task> on 2021-10-17 00:00:00+00:00
[2023-06-11T08:30:30.749+0000] {standard_task_runner.py:57} INFO - Started process 1468 to run task
[2023-06-11T08:30:30.777+0000] {standard_task_runner.py:84} INFO - Running: ['***', 'tasks', 'run', 'first_dag_02', 'thrid_task', 'scheduled__2021-10-17T00:00:00+00:00', '--job-id', '447', '--raw', '--subdir', 'DAGS_FOLDER/First_dag.py', '--cfg-path', '/tmp/tmp5qx3r0gv']
[2023-06-11T08:30:30.789+0000] {standard_task_runner.py:85} INFO - Job 447: Subtask thrid_task
[2023-06-11T08:30:31.957+0000] {task_command.py:410} INFO - Running <TaskInstance: first_dag_02.thrid_task scheduled__2021-10-17T00:00:00+00:00 [running]> on host 492037cdd057
[2023-06-11T08:30:36.016+0000] {taskinstance.py:1547} INFO - Exporting env vars: AIRFLOW_CTX_DAG_OWNER='Raja' AIRFLOW_CTX_DAG_ID='first_dag_02' AIRFLOW_CTX_TASK_ID='thrid_task' AIRFLOW_CTX_EXECUTION_DATE='2021-10-17T00:00:00+00:00' AIRFLOW_CTX_TRY_NUMBER='1' AIRFLOW_CTX_DAG_RUN_ID='scheduled__2021-10-17T00:00:00+00:00'
[2023-06-11T08:30:36.038+0000] {subprocess.py:63} INFO - Tmp dir root location: 
 /tmp
[2023-06-11T08:30:36.039+0000] {subprocess.py:75} INFO - Running command: ['/bin/bash', '-c', 'echo hey, I am task3 and will be running after task1 at the same time as task2!']
[2023-06-11T08:30:36.075+0000] {subprocess.py:86} INFO - Output:
[2023-06-11T08:30:36.094+0000] {subprocess.py:93} INFO - hey, I am task3 and will be running after task1 at the same time as task2!
[2023-06-11T08:30:36.098+0000] {subprocess.py:97} INFO - Command exited with return code 0
[2023-06-11T08:30:36.746+0000] {taskinstance.py:1350} INFO - Marking task as SUCCESS. dag_id=first_dag_02, task_id=thrid_task, execution_date=20211017T000000, start_date=20230611T083029, end_date=20230611T083036
[2023-06-11T08:30:36.954+0000] {local_task_job_runner.py:225} INFO - Task exited with return code 0
[2023-06-11T08:30:37.105+0000] {taskinstance.py:2651} INFO - 0 downstream tasks scheduled from follow-on schedule check
[2023-06-11T08:52:37.610+0000] {taskinstance.py:1103} INFO - Dependencies all met for dep_context=non-requeueable deps ti=<TaskInstance: first_dag_02.thrid_task scheduled__2021-10-17T00:00:00+00:00 [queued]>
[2023-06-11T08:52:38.014+0000] {taskinstance.py:1103} INFO - Dependencies all met for dep_context=requeueable deps ti=<TaskInstance: first_dag_02.thrid_task scheduled__2021-10-17T00:00:00+00:00 [queued]>
[2023-06-11T08:52:38.015+0000] {taskinstance.py:1308} INFO - Starting attempt 1 of 6
[2023-06-11T08:52:38.828+0000] {taskinstance.py:1327} INFO - Executing <Task(BashOperator): thrid_task> on 2021-10-17 00:00:00+00:00
[2023-06-11T08:52:38.871+0000] {standard_task_runner.py:57} INFO - Started process 1379 to run task
[2023-06-11T08:52:38.940+0000] {standard_task_runner.py:84} INFO - Running: ['***', 'tasks', 'run', 'first_dag_02', 'thrid_task', 'scheduled__2021-10-17T00:00:00+00:00', '--job-id', '427', '--raw', '--subdir', 'DAGS_FOLDER/First_dag.py', '--cfg-path', '/tmp/tmpglnujz0h']
[2023-06-11T08:52:38.955+0000] {standard_task_runner.py:85} INFO - Job 427: Subtask thrid_task
[2023-06-11T08:52:39.962+0000] {task_command.py:410} INFO - Running <TaskInstance: first_dag_02.thrid_task scheduled__2021-10-17T00:00:00+00:00 [running]> on host 964e508aad03
[2023-06-11T08:52:41.985+0000] {taskinstance.py:1547} INFO - Exporting env vars: AIRFLOW_CTX_DAG_OWNER='Raja' AIRFLOW_CTX_DAG_ID='first_dag_02' AIRFLOW_CTX_TASK_ID='thrid_task' AIRFLOW_CTX_EXECUTION_DATE='2021-10-17T00:00:00+00:00' AIRFLOW_CTX_TRY_NUMBER='1' AIRFLOW_CTX_DAG_RUN_ID='scheduled__2021-10-17T00:00:00+00:00'
[2023-06-11T08:52:41.995+0000] {subprocess.py:63} INFO - Tmp dir root location: 
 /tmp
[2023-06-11T08:52:42.000+0000] {subprocess.py:75} INFO - Running command: ['/bin/bash', '-c', 'echo hey, I am task3 and will be running after task1 at the same time as task2!']
[2023-06-11T08:52:42.045+0000] {subprocess.py:86} INFO - Output:
[2023-06-11T08:52:42.069+0000] {subprocess.py:93} INFO - hey, I am task3 and will be running after task1 at the same time as task2!
[2023-06-11T08:52:42.070+0000] {subprocess.py:97} INFO - Command exited with return code 0
[2023-06-11T08:52:42.497+0000] {taskinstance.py:1350} INFO - Marking task as SUCCESS. dag_id=first_dag_02, task_id=thrid_task, execution_date=20211017T000000, start_date=20230611T085237, end_date=20230611T085242
[2023-06-11T08:52:42.734+0000] {local_task_job_runner.py:225} INFO - Task exited with return code 0
[2023-06-11T08:52:43.178+0000] {taskinstance.py:2651} INFO - 0 downstream tasks scheduled from follow-on schedule check
[2023-06-11T10:59:21.092+0000] {taskinstance.py:1103} INFO - Dependencies all met for dep_context=non-requeueable deps ti=<TaskInstance: first_dag_02.thrid_task scheduled__2021-10-17T00:00:00+00:00 [queued]>
[2023-06-11T10:59:22.231+0000] {taskinstance.py:1103} INFO - Dependencies all met for dep_context=requeueable deps ti=<TaskInstance: first_dag_02.thrid_task scheduled__2021-10-17T00:00:00+00:00 [queued]>
[2023-06-11T10:59:22.237+0000] {taskinstance.py:1308} INFO - Starting attempt 1 of 6
[2023-06-11T10:59:24.538+0000] {taskinstance.py:1327} INFO - Executing <Task(BashOperator): thrid_task> on 2021-10-17 00:00:00+00:00
[2023-06-11T10:59:24.592+0000] {standard_task_runner.py:57} INFO - Started process 1469 to run task
[2023-06-11T10:59:24.750+0000] {standard_task_runner.py:84} INFO - Running: ['***', 'tasks', 'run', 'first_dag_02', 'thrid_task', 'scheduled__2021-10-17T00:00:00+00:00', '--job-id', '407', '--raw', '--subdir', 'DAGS_FOLDER/First_dag.py', '--cfg-path', '/tmp/tmpkkwbsuu_']
[2023-06-11T10:59:24.752+0000] {standard_task_runner.py:85} INFO - Job 407: Subtask thrid_task
[2023-06-11T10:59:27.411+0000] {task_command.py:410} INFO - Running <TaskInstance: first_dag_02.thrid_task scheduled__2021-10-17T00:00:00+00:00 [running]> on host 7586ce0070ac
[2023-06-11T10:59:31.185+0000] {taskinstance.py:1547} INFO - Exporting env vars: AIRFLOW_CTX_DAG_OWNER='Raja' AIRFLOW_CTX_DAG_ID='first_dag_02' AIRFLOW_CTX_TASK_ID='thrid_task' AIRFLOW_CTX_EXECUTION_DATE='2021-10-17T00:00:00+00:00' AIRFLOW_CTX_TRY_NUMBER='1' AIRFLOW_CTX_DAG_RUN_ID='scheduled__2021-10-17T00:00:00+00:00'
[2023-06-11T10:59:31.323+0000] {subprocess.py:63} INFO - Tmp dir root location: 
 /tmp
[2023-06-11T10:59:31.323+0000] {subprocess.py:75} INFO - Running command: ['/bin/bash', '-c', 'echo hey, I am task3 and will be running after task1 at the same time as task2!']
[2023-06-11T10:59:32.679+0000] {subprocess.py:86} INFO - Output:
[2023-06-11T10:59:33.173+0000] {subprocess.py:93} INFO - hey, I am task3 and will be running after task1 at the same time as task2!
[2023-06-11T10:59:33.176+0000] {subprocess.py:97} INFO - Command exited with return code 0
[2023-06-11T10:59:34.218+0000] {taskinstance.py:1350} INFO - Marking task as SUCCESS. dag_id=first_dag_02, task_id=thrid_task, execution_date=20211017T000000, start_date=20230611T105921, end_date=20230611T105934
[2023-06-11T10:59:35.268+0000] {local_task_job_runner.py:225} INFO - Task exited with return code 0
[2023-06-11T10:59:35.938+0000] {taskinstance.py:2651} INFO - 0 downstream tasks scheduled from follow-on schedule check
