[2023-06-11T09:36:55.347+0000] {taskinstance.py:1103} INFO - Dependencies all met for dep_context=non-requeueable deps ti=<TaskInstance: first_dag_02.first_task scheduled__2022-03-27T00:00:00+00:00 [queued]>
[2023-06-11T09:36:55.430+0000] {taskinstance.py:1103} INFO - Dependencies all met for dep_context=requeueable deps ti=<TaskInstance: first_dag_02.first_task scheduled__2022-03-27T00:00:00+00:00 [queued]>
[2023-06-11T09:36:55.431+0000] {taskinstance.py:1308} INFO - Starting attempt 1 of 6
[2023-06-11T09:36:59.366+0000] {taskinstance.py:1327} INFO - Executing <Task(BashOperator): first_task> on 2022-03-27 00:00:00+00:00
[2023-06-11T09:36:59.728+0000] {standard_task_runner.py:57} INFO - Started process 3603 to run task
[2023-06-11T09:36:59.935+0000] {standard_task_runner.py:84} INFO - Running: ['***', 'tasks', 'run', 'first_dag_02', 'first_task', 'scheduled__2022-03-27T00:00:00+00:00', '--job-id', '1119', '--raw', '--subdir', 'DAGS_FOLDER/First_dag.py', '--cfg-path', '/tmp/tmpfgv8haay']
[2023-06-11T09:36:59.936+0000] {standard_task_runner.py:85} INFO - Job 1119: Subtask first_task
[2023-06-11T09:37:01.414+0000] {task_command.py:410} INFO - Running <TaskInstance: first_dag_02.first_task scheduled__2022-03-27T00:00:00+00:00 [running]> on host 964e508aad03
[2023-06-11T09:37:04.798+0000] {taskinstance.py:1547} INFO - Exporting env vars: AIRFLOW_CTX_DAG_OWNER='Raja' AIRFLOW_CTX_DAG_ID='first_dag_02' AIRFLOW_CTX_TASK_ID='first_task' AIRFLOW_CTX_EXECUTION_DATE='2022-03-27T00:00:00+00:00' AIRFLOW_CTX_TRY_NUMBER='1' AIRFLOW_CTX_DAG_RUN_ID='scheduled__2022-03-27T00:00:00+00:00'
[2023-06-11T09:37:04.802+0000] {subprocess.py:63} INFO - Tmp dir root location: 
 /tmp
[2023-06-11T09:37:04.803+0000] {subprocess.py:75} INFO - Running command: ['/bin/bash', '-c', 'echo hello world, this is the first task!']
[2023-06-11T09:37:05.335+0000] {subprocess.py:86} INFO - Output:
[2023-06-11T09:37:05.375+0000] {subprocess.py:93} INFO - hello world, this is the first task!
[2023-06-11T09:37:05.376+0000] {subprocess.py:97} INFO - Command exited with return code 0
[2023-06-11T09:37:05.633+0000] {taskinstance.py:1350} INFO - Marking task as SUCCESS. dag_id=first_dag_02, task_id=first_task, execution_date=20220327T000000, start_date=20230611T093655, end_date=20230611T093705
[2023-06-11T09:37:06.268+0000] {local_task_job_runner.py:225} INFO - Task exited with return code 0
[2023-06-11T09:37:08.205+0000] {taskinstance.py:2651} INFO - 0 downstream tasks scheduled from follow-on schedule check
[2023-06-11T15:27:31.268+0000] {taskinstance.py:1103} INFO - Dependencies all met for dep_context=non-requeueable deps ti=<TaskInstance: first_dag_02.first_task scheduled__2022-03-27T00:00:00+00:00 [queued]>
[2023-06-11T15:27:31.554+0000] {taskinstance.py:1103} INFO - Dependencies all met for dep_context=requeueable deps ti=<TaskInstance: first_dag_02.first_task scheduled__2022-03-27T00:00:00+00:00 [queued]>
[2023-06-11T15:27:31.585+0000] {taskinstance.py:1308} INFO - Starting attempt 1 of 6
[2023-06-11T15:27:31.995+0000] {taskinstance.py:1327} INFO - Executing <Task(BashOperator): first_task> on 2022-03-27 00:00:00+00:00
[2023-06-11T15:27:32.043+0000] {standard_task_runner.py:57} INFO - Started process 418 to run task
[2023-06-11T15:27:32.149+0000] {standard_task_runner.py:84} INFO - Running: ['***', 'tasks', 'run', 'first_dag_02', 'first_task', 'scheduled__2022-03-27T00:00:00+00:00', '--job-id', '1209', '--raw', '--subdir', 'DAGS_FOLDER/First_dag.py', '--cfg-path', '/tmp/tmpu4yedfn8']
[2023-06-11T15:27:32.159+0000] {standard_task_runner.py:85} INFO - Job 1209: Subtask first_task
[2023-06-11T15:27:32.969+0000] {task_command.py:410} INFO - Running <TaskInstance: first_dag_02.first_task scheduled__2022-03-27T00:00:00+00:00 [running]> on host 7586ce0070ac
[2023-06-11T15:27:35.111+0000] {taskinstance.py:1547} INFO - Exporting env vars: AIRFLOW_CTX_DAG_OWNER='Raja' AIRFLOW_CTX_DAG_ID='first_dag_02' AIRFLOW_CTX_TASK_ID='first_task' AIRFLOW_CTX_EXECUTION_DATE='2022-03-27T00:00:00+00:00' AIRFLOW_CTX_TRY_NUMBER='1' AIRFLOW_CTX_DAG_RUN_ID='scheduled__2022-03-27T00:00:00+00:00'
[2023-06-11T15:27:35.131+0000] {subprocess.py:63} INFO - Tmp dir root location: 
 /tmp
[2023-06-11T15:27:35.161+0000] {subprocess.py:75} INFO - Running command: ['/bin/bash', '-c', 'echo hello world, this is the first task!']
[2023-06-11T15:27:35.322+0000] {subprocess.py:86} INFO - Output:
[2023-06-11T15:27:35.330+0000] {subprocess.py:93} INFO - hello world, this is the first task!
[2023-06-11T15:27:35.347+0000] {subprocess.py:97} INFO - Command exited with return code 0
[2023-06-11T15:27:35.766+0000] {taskinstance.py:1350} INFO - Marking task as SUCCESS. dag_id=first_dag_02, task_id=first_task, execution_date=20220327T000000, start_date=20230611T152731, end_date=20230611T152735
[2023-06-11T15:27:36.508+0000] {local_task_job_runner.py:225} INFO - Task exited with return code 0
[2023-06-11T15:27:37.019+0000] {taskinstance.py:2651} INFO - 2 downstream tasks scheduled from follow-on schedule check
