[2023-06-11T04:49:46.274+0000] {taskinstance.py:1103} INFO - Dependencies all met for dep_context=non-requeueable deps ti=<TaskInstance: dag_pythonoperator_00.third_task scheduled__2023-06-03T00:00:00+00:00 [queued]>
[2023-06-11T04:49:47.020+0000] {taskinstance.py:1103} INFO - Dependencies all met for dep_context=requeueable deps ti=<TaskInstance: dag_pythonoperator_00.third_task scheduled__2023-06-03T00:00:00+00:00 [queued]>
[2023-06-11T04:49:47.021+0000] {taskinstance.py:1308} INFO - Starting attempt 1 of 6
[2023-06-11T04:49:48.604+0000] {taskinstance.py:1327} INFO - Executing <Task(PythonOperator): third_task> on 2023-06-03 00:00:00+00:00
[2023-06-11T04:49:48.961+0000] {standard_task_runner.py:57} INFO - Started process 749 to run task
[2023-06-11T04:49:49.162+0000] {standard_task_runner.py:84} INFO - Running: ['***', 'tasks', 'run', 'dag_pythonoperator_00', 'third_task', 'scheduled__2023-06-03T00:00:00+00:00', '--job-id', '216', '--raw', '--subdir', 'DAGS_FOLDER/python_operator_dag.py', '--cfg-path', '/tmp/tmp3t_6oz2v']
[2023-06-11T04:49:49.163+0000] {standard_task_runner.py:85} INFO - Job 216: Subtask third_task
[2023-06-11T04:49:50.843+0000] {task_command.py:410} INFO - Running <TaskInstance: dag_pythonoperator_00.third_task scheduled__2023-06-03T00:00:00+00:00 [running]> on host 4b1b5d40d165
[2023-06-11T04:49:57.469+0000] {taskinstance.py:1547} INFO - Exporting env vars: AIRFLOW_CTX_DAG_OWNER='Raja' AIRFLOW_CTX_DAG_ID='dag_pythonoperator_00' AIRFLOW_CTX_TASK_ID='third_task' AIRFLOW_CTX_EXECUTION_DATE='2023-06-03T00:00:00+00:00' AIRFLOW_CTX_TRY_NUMBER='1' AIRFLOW_CTX_DAG_RUN_ID='scheduled__2023-06-03T00:00:00+00:00'
[2023-06-11T04:49:57.724+0000] {python.py:183} INFO - Done. Returned value was: None
[2023-06-11T04:49:57.893+0000] {taskinstance.py:1350} INFO - Marking task as SUCCESS. dag_id=dag_pythonoperator_00, task_id=third_task, execution_date=20230603T000000, start_date=20230611T044946, end_date=20230611T044957
[2023-06-11T04:49:58.651+0000] {local_task_job_runner.py:225} INFO - Task exited with return code 0
[2023-06-11T04:50:00.869+0000] {taskinstance.py:2651} INFO - 1 downstream tasks scheduled from follow-on schedule check
[2023-06-11T05:21:25.150+0000] {taskinstance.py:1103} INFO - Dependencies all met for dep_context=non-requeueable deps ti=<TaskInstance: dag_pythonoperator_00.third_task scheduled__2023-06-03T00:00:00+00:00 [queued]>
[2023-06-11T05:21:25.303+0000] {taskinstance.py:1103} INFO - Dependencies all met for dep_context=requeueable deps ti=<TaskInstance: dag_pythonoperator_00.third_task scheduled__2023-06-03T00:00:00+00:00 [queued]>
[2023-06-11T05:21:25.303+0000] {taskinstance.py:1308} INFO - Starting attempt 1 of 6
[2023-06-11T05:21:26.004+0000] {taskinstance.py:1327} INFO - Executing <Task(PythonOperator): third_task> on 2023-06-03 00:00:00+00:00
[2023-06-11T05:21:26.084+0000] {standard_task_runner.py:57} INFO - Started process 862 to run task
[2023-06-11T05:21:26.117+0000] {standard_task_runner.py:84} INFO - Running: ['***', 'tasks', 'run', 'dag_pythonoperator_00', 'third_task', 'scheduled__2023-06-03T00:00:00+00:00', '--job-id', '241', '--raw', '--subdir', 'DAGS_FOLDER/python_operator_dag.py', '--cfg-path', '/tmp/tmphjsi7nvs']
[2023-06-11T05:21:26.119+0000] {standard_task_runner.py:85} INFO - Job 241: Subtask third_task
[2023-06-11T05:21:26.631+0000] {task_command.py:410} INFO - Running <TaskInstance: dag_pythonoperator_00.third_task scheduled__2023-06-03T00:00:00+00:00 [running]> on host 69e374580eab
[2023-06-11T05:21:28.627+0000] {taskinstance.py:1547} INFO - Exporting env vars: AIRFLOW_CTX_DAG_OWNER='Raja' AIRFLOW_CTX_DAG_ID='dag_pythonoperator_00' AIRFLOW_CTX_TASK_ID='third_task' AIRFLOW_CTX_EXECUTION_DATE='2023-06-03T00:00:00+00:00' AIRFLOW_CTX_TRY_NUMBER='1' AIRFLOW_CTX_DAG_RUN_ID='scheduled__2023-06-03T00:00:00+00:00'
[2023-06-11T05:21:29.005+0000] {python.py:183} INFO - Done. Returned value was: None
[2023-06-11T05:21:29.164+0000] {taskinstance.py:1350} INFO - Marking task as SUCCESS. dag_id=dag_pythonoperator_00, task_id=third_task, execution_date=20230603T000000, start_date=20230611T052125, end_date=20230611T052129
[2023-06-11T05:21:29.321+0000] {local_task_job_runner.py:225} INFO - Task exited with return code 0
[2023-06-11T05:21:29.596+0000] {taskinstance.py:2651} INFO - 1 downstream tasks scheduled from follow-on schedule check
