[2023-06-10T14:06:00.225+0000] {processor.py:157} INFO - Started process (PID=51) to work on /home/airflow/.local/lib/python3.7/site-packages/airflow/example_dags/example_latest_only_with_trigger.py
[2023-06-10T14:06:00.275+0000] {processor.py:826} INFO - Processing file /home/airflow/.local/lib/python3.7/site-packages/airflow/example_dags/example_latest_only_with_trigger.py for tasks to queue
[2023-06-10T14:06:00.277+0000] {logging_mixin.py:149} INFO - [2023-06-10T14:06:00.277+0000] {dagbag.py:541} INFO - Filling up the DagBag from /home/airflow/.local/lib/python3.7/site-packages/airflow/example_dags/example_latest_only_with_trigger.py
[2023-06-10T14:06:00.352+0000] {processor.py:836} INFO - DAG(s) dict_keys(['latest_only_with_trigger']) retrieved from /home/airflow/.local/lib/python3.7/site-packages/airflow/example_dags/example_latest_only_with_trigger.py
[2023-06-10T14:06:00.657+0000] {logging_mixin.py:149} INFO - [2023-06-10T14:06:00.656+0000] {dag.py:2726} INFO - Sync 1 DAGs
[2023-06-10T14:06:00.912+0000] {logging_mixin.py:149} INFO - [2023-06-10T14:06:00.910+0000] {dag.py:3490} INFO - Setting next_dagrun for latest_only_with_trigger to 2023-06-10T10:06:00.909725+00:00, run_after=2023-06-10T14:06:00.909725+00:00
[2023-06-10T14:06:01.111+0000] {processor.py:179} INFO - Processing /home/airflow/.local/lib/python3.7/site-packages/airflow/example_dags/example_latest_only_with_trigger.py took 0.906 seconds
[2023-06-10T14:06:31.726+0000] {processor.py:157} INFO - Started process (PID=107) to work on /home/airflow/.local/lib/python3.7/site-packages/airflow/example_dags/example_latest_only_with_trigger.py
[2023-06-10T14:06:31.728+0000] {processor.py:826} INFO - Processing file /home/airflow/.local/lib/python3.7/site-packages/airflow/example_dags/example_latest_only_with_trigger.py for tasks to queue
[2023-06-10T14:06:31.730+0000] {logging_mixin.py:149} INFO - [2023-06-10T14:06:31.730+0000] {dagbag.py:541} INFO - Filling up the DagBag from /home/airflow/.local/lib/python3.7/site-packages/airflow/example_dags/example_latest_only_with_trigger.py
[2023-06-10T14:06:31.748+0000] {processor.py:836} INFO - DAG(s) dict_keys(['latest_only_with_trigger']) retrieved from /home/airflow/.local/lib/python3.7/site-packages/airflow/example_dags/example_latest_only_with_trigger.py
[2023-06-10T14:06:31.826+0000] {logging_mixin.py:149} INFO - [2023-06-10T14:06:31.825+0000] {dag.py:2726} INFO - Sync 1 DAGs
[2023-06-10T14:06:31.931+0000] {logging_mixin.py:149} INFO - [2023-06-10T14:06:31.930+0000] {dag.py:3490} INFO - Setting next_dagrun for latest_only_with_trigger to 2023-06-10T10:06:31.929763+00:00, run_after=2023-06-10T14:06:31.929763+00:00
[2023-06-10T14:06:32.004+0000] {processor.py:179} INFO - Processing /home/airflow/.local/lib/python3.7/site-packages/airflow/example_dags/example_latest_only_with_trigger.py took 0.297 seconds
[2023-06-10T14:07:02.354+0000] {processor.py:157} INFO - Started process (PID=161) to work on /home/airflow/.local/lib/python3.7/site-packages/airflow/example_dags/example_latest_only_with_trigger.py
[2023-06-10T14:07:02.357+0000] {processor.py:826} INFO - Processing file /home/airflow/.local/lib/python3.7/site-packages/airflow/example_dags/example_latest_only_with_trigger.py for tasks to queue
[2023-06-10T14:07:02.367+0000] {logging_mixin.py:149} INFO - [2023-06-10T14:07:02.366+0000] {dagbag.py:541} INFO - Filling up the DagBag from /home/airflow/.local/lib/python3.7/site-packages/airflow/example_dags/example_latest_only_with_trigger.py
[2023-06-10T14:07:02.395+0000] {processor.py:836} INFO - DAG(s) dict_keys(['latest_only_with_trigger']) retrieved from /home/airflow/.local/lib/python3.7/site-packages/airflow/example_dags/example_latest_only_with_trigger.py
[2023-06-10T14:07:02.502+0000] {logging_mixin.py:149} INFO - [2023-06-10T14:07:02.502+0000] {dag.py:2726} INFO - Sync 1 DAGs
[2023-06-10T14:07:02.608+0000] {logging_mixin.py:149} INFO - [2023-06-10T14:07:02.608+0000] {dag.py:3490} INFO - Setting next_dagrun for latest_only_with_trigger to 2023-06-10T10:07:02.607787+00:00, run_after=2023-06-10T14:07:02.607787+00:00
[2023-06-10T14:07:02.647+0000] {processor.py:179} INFO - Processing /home/airflow/.local/lib/python3.7/site-packages/airflow/example_dags/example_latest_only_with_trigger.py took 0.312 seconds
[2023-06-10T14:07:32.834+0000] {processor.py:157} INFO - Started process (PID=216) to work on /home/airflow/.local/lib/python3.7/site-packages/airflow/example_dags/example_latest_only_with_trigger.py
[2023-06-10T14:07:32.838+0000] {processor.py:826} INFO - Processing file /home/airflow/.local/lib/python3.7/site-packages/airflow/example_dags/example_latest_only_with_trigger.py for tasks to queue
[2023-06-10T14:07:32.840+0000] {logging_mixin.py:149} INFO - [2023-06-10T14:07:32.840+0000] {dagbag.py:541} INFO - Filling up the DagBag from /home/airflow/.local/lib/python3.7/site-packages/airflow/example_dags/example_latest_only_with_trigger.py
[2023-06-10T14:07:32.859+0000] {processor.py:836} INFO - DAG(s) dict_keys(['latest_only_with_trigger']) retrieved from /home/airflow/.local/lib/python3.7/site-packages/airflow/example_dags/example_latest_only_with_trigger.py
[2023-06-10T14:07:32.949+0000] {logging_mixin.py:149} INFO - [2023-06-10T14:07:32.949+0000] {dag.py:2726} INFO - Sync 1 DAGs
[2023-06-10T14:07:33.016+0000] {logging_mixin.py:149} INFO - [2023-06-10T14:07:33.016+0000] {dag.py:3490} INFO - Setting next_dagrun for latest_only_with_trigger to 2023-06-10T10:07:33.015483+00:00, run_after=2023-06-10T14:07:33.015483+00:00
[2023-06-10T14:07:33.088+0000] {processor.py:179} INFO - Processing /home/airflow/.local/lib/python3.7/site-packages/airflow/example_dags/example_latest_only_with_trigger.py took 0.269 seconds
[2023-06-10T14:08:03.596+0000] {processor.py:157} INFO - Started process (PID=271) to work on /home/airflow/.local/lib/python3.7/site-packages/airflow/example_dags/example_latest_only_with_trigger.py
[2023-06-10T14:08:03.599+0000] {processor.py:826} INFO - Processing file /home/airflow/.local/lib/python3.7/site-packages/airflow/example_dags/example_latest_only_with_trigger.py for tasks to queue
[2023-06-10T14:08:03.600+0000] {logging_mixin.py:149} INFO - [2023-06-10T14:08:03.600+0000] {dagbag.py:541} INFO - Filling up the DagBag from /home/airflow/.local/lib/python3.7/site-packages/airflow/example_dags/example_latest_only_with_trigger.py
[2023-06-10T14:08:03.620+0000] {processor.py:836} INFO - DAG(s) dict_keys(['latest_only_with_trigger']) retrieved from /home/airflow/.local/lib/python3.7/site-packages/airflow/example_dags/example_latest_only_with_trigger.py
[2023-06-10T14:08:03.696+0000] {logging_mixin.py:149} INFO - [2023-06-10T14:08:03.696+0000] {dag.py:2726} INFO - Sync 1 DAGs
[2023-06-10T14:08:03.783+0000] {logging_mixin.py:149} INFO - [2023-06-10T14:08:03.782+0000] {dag.py:3490} INFO - Setting next_dagrun for latest_only_with_trigger to 2023-06-10T10:08:03.782114+00:00, run_after=2023-06-10T14:08:03.782114+00:00
[2023-06-10T14:08:03.847+0000] {processor.py:179} INFO - Processing /home/airflow/.local/lib/python3.7/site-packages/airflow/example_dags/example_latest_only_with_trigger.py took 0.262 seconds
[2023-06-10T14:08:34.003+0000] {processor.py:157} INFO - Started process (PID=327) to work on /home/airflow/.local/lib/python3.7/site-packages/airflow/example_dags/example_latest_only_with_trigger.py
[2023-06-10T14:08:34.005+0000] {processor.py:826} INFO - Processing file /home/airflow/.local/lib/python3.7/site-packages/airflow/example_dags/example_latest_only_with_trigger.py for tasks to queue
[2023-06-10T14:08:34.007+0000] {logging_mixin.py:149} INFO - [2023-06-10T14:08:34.007+0000] {dagbag.py:541} INFO - Filling up the DagBag from /home/airflow/.local/lib/python3.7/site-packages/airflow/example_dags/example_latest_only_with_trigger.py
[2023-06-10T14:08:34.022+0000] {processor.py:836} INFO - DAG(s) dict_keys(['latest_only_with_trigger']) retrieved from /home/airflow/.local/lib/python3.7/site-packages/airflow/example_dags/example_latest_only_with_trigger.py
[2023-06-10T14:08:34.045+0000] {logging_mixin.py:149} INFO - [2023-06-10T14:08:34.045+0000] {dag.py:2726} INFO - Sync 1 DAGs
[2023-06-10T14:08:34.110+0000] {logging_mixin.py:149} INFO - [2023-06-10T14:08:34.109+0000] {dag.py:3490} INFO - Setting next_dagrun for latest_only_with_trigger to 2023-06-10T10:08:34.108990+00:00, run_after=2023-06-10T14:08:34.108990+00:00
[2023-06-10T14:08:34.189+0000] {processor.py:179} INFO - Processing /home/airflow/.local/lib/python3.7/site-packages/airflow/example_dags/example_latest_only_with_trigger.py took 0.202 seconds
[2023-06-10T14:09:04.561+0000] {processor.py:157} INFO - Started process (PID=381) to work on /home/airflow/.local/lib/python3.7/site-packages/airflow/example_dags/example_latest_only_with_trigger.py
[2023-06-10T14:09:04.564+0000] {processor.py:826} INFO - Processing file /home/airflow/.local/lib/python3.7/site-packages/airflow/example_dags/example_latest_only_with_trigger.py for tasks to queue
[2023-06-10T14:09:04.565+0000] {logging_mixin.py:149} INFO - [2023-06-10T14:09:04.565+0000] {dagbag.py:541} INFO - Filling up the DagBag from /home/airflow/.local/lib/python3.7/site-packages/airflow/example_dags/example_latest_only_with_trigger.py
[2023-06-10T14:09:04.576+0000] {processor.py:836} INFO - DAG(s) dict_keys(['latest_only_with_trigger']) retrieved from /home/airflow/.local/lib/python3.7/site-packages/airflow/example_dags/example_latest_only_with_trigger.py
[2023-06-10T14:09:04.621+0000] {logging_mixin.py:149} INFO - [2023-06-10T14:09:04.621+0000] {dag.py:2726} INFO - Sync 1 DAGs
[2023-06-10T14:09:04.685+0000] {logging_mixin.py:149} INFO - [2023-06-10T14:09:04.685+0000] {dag.py:3490} INFO - Setting next_dagrun for latest_only_with_trigger to 2023-06-10T10:09:04.684514+00:00, run_after=2023-06-10T14:09:04.684514+00:00
[2023-06-10T14:09:04.729+0000] {processor.py:179} INFO - Processing /home/airflow/.local/lib/python3.7/site-packages/airflow/example_dags/example_latest_only_with_trigger.py took 0.173 seconds
[2023-06-10T14:09:34.951+0000] {processor.py:157} INFO - Started process (PID=436) to work on /home/airflow/.local/lib/python3.7/site-packages/airflow/example_dags/example_latest_only_with_trigger.py
[2023-06-10T14:09:34.953+0000] {processor.py:826} INFO - Processing file /home/airflow/.local/lib/python3.7/site-packages/airflow/example_dags/example_latest_only_with_trigger.py for tasks to queue
[2023-06-10T14:09:34.954+0000] {logging_mixin.py:149} INFO - [2023-06-10T14:09:34.954+0000] {dagbag.py:541} INFO - Filling up the DagBag from /home/airflow/.local/lib/python3.7/site-packages/airflow/example_dags/example_latest_only_with_trigger.py
[2023-06-10T14:09:34.970+0000] {processor.py:836} INFO - DAG(s) dict_keys(['latest_only_with_trigger']) retrieved from /home/airflow/.local/lib/python3.7/site-packages/airflow/example_dags/example_latest_only_with_trigger.py
[2023-06-10T14:09:35.065+0000] {logging_mixin.py:149} INFO - [2023-06-10T14:09:35.064+0000] {dag.py:2726} INFO - Sync 1 DAGs
[2023-06-10T14:09:35.154+0000] {logging_mixin.py:149} INFO - [2023-06-10T14:09:35.154+0000] {dag.py:3490} INFO - Setting next_dagrun for latest_only_with_trigger to 2023-06-10T10:09:35.153865+00:00, run_after=2023-06-10T14:09:35.153865+00:00
[2023-06-10T14:09:35.201+0000] {processor.py:179} INFO - Processing /home/airflow/.local/lib/python3.7/site-packages/airflow/example_dags/example_latest_only_with_trigger.py took 0.263 seconds
[2023-06-10T14:10:05.523+0000] {processor.py:157} INFO - Started process (PID=491) to work on /home/airflow/.local/lib/python3.7/site-packages/airflow/example_dags/example_latest_only_with_trigger.py
[2023-06-10T14:10:05.525+0000] {processor.py:826} INFO - Processing file /home/airflow/.local/lib/python3.7/site-packages/airflow/example_dags/example_latest_only_with_trigger.py for tasks to queue
[2023-06-10T14:10:05.526+0000] {logging_mixin.py:149} INFO - [2023-06-10T14:10:05.526+0000] {dagbag.py:541} INFO - Filling up the DagBag from /home/airflow/.local/lib/python3.7/site-packages/airflow/example_dags/example_latest_only_with_trigger.py
[2023-06-10T14:10:05.540+0000] {processor.py:836} INFO - DAG(s) dict_keys(['latest_only_with_trigger']) retrieved from /home/airflow/.local/lib/python3.7/site-packages/airflow/example_dags/example_latest_only_with_trigger.py
[2023-06-10T14:10:05.594+0000] {logging_mixin.py:149} INFO - [2023-06-10T14:10:05.594+0000] {dag.py:2726} INFO - Sync 1 DAGs
[2023-06-10T14:10:05.658+0000] {logging_mixin.py:149} INFO - [2023-06-10T14:10:05.658+0000] {dag.py:3490} INFO - Setting next_dagrun for latest_only_with_trigger to 2023-06-10T10:10:05.657642+00:00, run_after=2023-06-10T14:10:05.657642+00:00
[2023-06-10T14:10:05.698+0000] {processor.py:179} INFO - Processing /home/airflow/.local/lib/python3.7/site-packages/airflow/example_dags/example_latest_only_with_trigger.py took 0.183 seconds
[2023-06-10T14:10:35.960+0000] {processor.py:157} INFO - Started process (PID=546) to work on /home/airflow/.local/lib/python3.7/site-packages/airflow/example_dags/example_latest_only_with_trigger.py
[2023-06-10T14:10:35.963+0000] {processor.py:826} INFO - Processing file /home/airflow/.local/lib/python3.7/site-packages/airflow/example_dags/example_latest_only_with_trigger.py for tasks to queue
[2023-06-10T14:10:35.965+0000] {logging_mixin.py:149} INFO - [2023-06-10T14:10:35.965+0000] {dagbag.py:541} INFO - Filling up the DagBag from /home/airflow/.local/lib/python3.7/site-packages/airflow/example_dags/example_latest_only_with_trigger.py
[2023-06-10T14:10:35.991+0000] {processor.py:836} INFO - DAG(s) dict_keys(['latest_only_with_trigger']) retrieved from /home/airflow/.local/lib/python3.7/site-packages/airflow/example_dags/example_latest_only_with_trigger.py
[2023-06-10T14:10:36.130+0000] {logging_mixin.py:149} INFO - [2023-06-10T14:10:36.130+0000] {dag.py:2726} INFO - Sync 1 DAGs
[2023-06-10T14:10:36.295+0000] {logging_mixin.py:149} INFO - [2023-06-10T14:10:36.294+0000] {dag.py:3490} INFO - Setting next_dagrun for latest_only_with_trigger to 2023-06-10T10:10:36.294254+00:00, run_after=2023-06-10T14:10:36.294254+00:00
[2023-06-10T14:10:36.381+0000] {processor.py:179} INFO - Processing /home/airflow/.local/lib/python3.7/site-packages/airflow/example_dags/example_latest_only_with_trigger.py took 0.432 seconds
[2023-06-10T14:11:06.956+0000] {processor.py:157} INFO - Started process (PID=601) to work on /home/airflow/.local/lib/python3.7/site-packages/airflow/example_dags/example_latest_only_with_trigger.py
[2023-06-10T14:11:06.960+0000] {processor.py:826} INFO - Processing file /home/airflow/.local/lib/python3.7/site-packages/airflow/example_dags/example_latest_only_with_trigger.py for tasks to queue
[2023-06-10T14:11:06.961+0000] {logging_mixin.py:149} INFO - [2023-06-10T14:11:06.961+0000] {dagbag.py:541} INFO - Filling up the DagBag from /home/airflow/.local/lib/python3.7/site-packages/airflow/example_dags/example_latest_only_with_trigger.py
[2023-06-10T14:11:06.976+0000] {processor.py:836} INFO - DAG(s) dict_keys(['latest_only_with_trigger']) retrieved from /home/airflow/.local/lib/python3.7/site-packages/airflow/example_dags/example_latest_only_with_trigger.py
[2023-06-10T14:11:07.015+0000] {logging_mixin.py:149} INFO - [2023-06-10T14:11:07.014+0000] {dag.py:2726} INFO - Sync 1 DAGs
[2023-06-10T14:11:07.087+0000] {logging_mixin.py:149} INFO - [2023-06-10T14:11:07.087+0000] {dag.py:3490} INFO - Setting next_dagrun for latest_only_with_trigger to 2023-06-10T10:11:07.087056+00:00, run_after=2023-06-10T14:11:07.087056+00:00
[2023-06-10T14:11:07.142+0000] {processor.py:179} INFO - Processing /home/airflow/.local/lib/python3.7/site-packages/airflow/example_dags/example_latest_only_with_trigger.py took 0.192 seconds
[2023-06-10T14:11:37.660+0000] {processor.py:157} INFO - Started process (PID=656) to work on /home/airflow/.local/lib/python3.7/site-packages/airflow/example_dags/example_latest_only_with_trigger.py
[2023-06-10T14:11:37.662+0000] {processor.py:826} INFO - Processing file /home/airflow/.local/lib/python3.7/site-packages/airflow/example_dags/example_latest_only_with_trigger.py for tasks to queue
[2023-06-10T14:11:37.663+0000] {logging_mixin.py:149} INFO - [2023-06-10T14:11:37.663+0000] {dagbag.py:541} INFO - Filling up the DagBag from /home/airflow/.local/lib/python3.7/site-packages/airflow/example_dags/example_latest_only_with_trigger.py
[2023-06-10T14:11:37.676+0000] {processor.py:836} INFO - DAG(s) dict_keys(['latest_only_with_trigger']) retrieved from /home/airflow/.local/lib/python3.7/site-packages/airflow/example_dags/example_latest_only_with_trigger.py
[2023-06-10T14:11:37.760+0000] {logging_mixin.py:149} INFO - [2023-06-10T14:11:37.760+0000] {dag.py:2726} INFO - Sync 1 DAGs
[2023-06-10T14:11:37.819+0000] {logging_mixin.py:149} INFO - [2023-06-10T14:11:37.819+0000] {dag.py:3490} INFO - Setting next_dagrun for latest_only_with_trigger to 2023-06-10T10:11:37.818635+00:00, run_after=2023-06-10T14:11:37.818635+00:00
[2023-06-10T14:11:37.858+0000] {processor.py:179} INFO - Processing /home/airflow/.local/lib/python3.7/site-packages/airflow/example_dags/example_latest_only_with_trigger.py took 0.204 seconds
[2023-06-10T14:12:08.195+0000] {processor.py:157} INFO - Started process (PID=707) to work on /home/airflow/.local/lib/python3.7/site-packages/airflow/example_dags/example_latest_only_with_trigger.py
[2023-06-10T14:12:08.197+0000] {processor.py:826} INFO - Processing file /home/airflow/.local/lib/python3.7/site-packages/airflow/example_dags/example_latest_only_with_trigger.py for tasks to queue
[2023-06-10T14:12:08.199+0000] {logging_mixin.py:149} INFO - [2023-06-10T14:12:08.199+0000] {dagbag.py:541} INFO - Filling up the DagBag from /home/airflow/.local/lib/python3.7/site-packages/airflow/example_dags/example_latest_only_with_trigger.py
[2023-06-10T14:12:08.215+0000] {processor.py:836} INFO - DAG(s) dict_keys(['latest_only_with_trigger']) retrieved from /home/airflow/.local/lib/python3.7/site-packages/airflow/example_dags/example_latest_only_with_trigger.py
[2023-06-10T14:12:08.320+0000] {logging_mixin.py:149} INFO - [2023-06-10T14:12:08.319+0000] {dag.py:2726} INFO - Sync 1 DAGs
[2023-06-10T14:12:08.441+0000] {logging_mixin.py:149} INFO - [2023-06-10T14:12:08.441+0000] {dag.py:3490} INFO - Setting next_dagrun for latest_only_with_trigger to 2023-06-10T10:12:08.440164+00:00, run_after=2023-06-10T14:12:08.440164+00:00
[2023-06-10T14:12:08.549+0000] {processor.py:179} INFO - Processing /home/airflow/.local/lib/python3.7/site-packages/airflow/example_dags/example_latest_only_with_trigger.py took 0.368 seconds
[2023-06-10T14:12:38.817+0000] {processor.py:157} INFO - Started process (PID=762) to work on /home/airflow/.local/lib/python3.7/site-packages/airflow/example_dags/example_latest_only_with_trigger.py
[2023-06-10T14:12:38.820+0000] {processor.py:826} INFO - Processing file /home/airflow/.local/lib/python3.7/site-packages/airflow/example_dags/example_latest_only_with_trigger.py for tasks to queue
[2023-06-10T14:12:38.826+0000] {logging_mixin.py:149} INFO - [2023-06-10T14:12:38.826+0000] {dagbag.py:541} INFO - Filling up the DagBag from /home/airflow/.local/lib/python3.7/site-packages/airflow/example_dags/example_latest_only_with_trigger.py
[2023-06-10T14:12:38.873+0000] {processor.py:836} INFO - DAG(s) dict_keys(['latest_only_with_trigger']) retrieved from /home/airflow/.local/lib/python3.7/site-packages/airflow/example_dags/example_latest_only_with_trigger.py
[2023-06-10T14:12:38.994+0000] {logging_mixin.py:149} INFO - [2023-06-10T14:12:38.994+0000] {dag.py:2726} INFO - Sync 1 DAGs
[2023-06-10T14:12:39.104+0000] {logging_mixin.py:149} INFO - [2023-06-10T14:12:39.104+0000] {dag.py:3490} INFO - Setting next_dagrun for latest_only_with_trigger to 2023-06-10T10:12:39.103908+00:00, run_after=2023-06-10T14:12:39.103908+00:00
[2023-06-10T14:12:39.215+0000] {processor.py:179} INFO - Processing /home/airflow/.local/lib/python3.7/site-packages/airflow/example_dags/example_latest_only_with_trigger.py took 0.413 seconds
[2023-06-10T14:13:09.474+0000] {processor.py:157} INFO - Started process (PID=817) to work on /home/airflow/.local/lib/python3.7/site-packages/airflow/example_dags/example_latest_only_with_trigger.py
[2023-06-10T14:13:09.476+0000] {processor.py:826} INFO - Processing file /home/airflow/.local/lib/python3.7/site-packages/airflow/example_dags/example_latest_only_with_trigger.py for tasks to queue
[2023-06-10T14:13:09.478+0000] {logging_mixin.py:149} INFO - [2023-06-10T14:13:09.478+0000] {dagbag.py:541} INFO - Filling up the DagBag from /home/airflow/.local/lib/python3.7/site-packages/airflow/example_dags/example_latest_only_with_trigger.py
[2023-06-10T14:13:09.490+0000] {processor.py:836} INFO - DAG(s) dict_keys(['latest_only_with_trigger']) retrieved from /home/airflow/.local/lib/python3.7/site-packages/airflow/example_dags/example_latest_only_with_trigger.py
[2023-06-10T14:13:09.563+0000] {logging_mixin.py:149} INFO - [2023-06-10T14:13:09.562+0000] {dag.py:2726} INFO - Sync 1 DAGs
[2023-06-10T14:13:09.626+0000] {logging_mixin.py:149} INFO - [2023-06-10T14:13:09.626+0000] {dag.py:3490} INFO - Setting next_dagrun for latest_only_with_trigger to 2023-06-10T10:13:09.625889+00:00, run_after=2023-06-10T14:13:09.625889+00:00
[2023-06-10T14:13:09.678+0000] {processor.py:179} INFO - Processing /home/airflow/.local/lib/python3.7/site-packages/airflow/example_dags/example_latest_only_with_trigger.py took 0.211 seconds
[2023-06-10T14:13:39.813+0000] {processor.py:157} INFO - Started process (PID=871) to work on /home/airflow/.local/lib/python3.7/site-packages/airflow/example_dags/example_latest_only_with_trigger.py
[2023-06-10T14:13:39.815+0000] {processor.py:826} INFO - Processing file /home/airflow/.local/lib/python3.7/site-packages/airflow/example_dags/example_latest_only_with_trigger.py for tasks to queue
[2023-06-10T14:13:39.817+0000] {logging_mixin.py:149} INFO - [2023-06-10T14:13:39.816+0000] {dagbag.py:541} INFO - Filling up the DagBag from /home/airflow/.local/lib/python3.7/site-packages/airflow/example_dags/example_latest_only_with_trigger.py
[2023-06-10T14:13:39.830+0000] {processor.py:836} INFO - DAG(s) dict_keys(['latest_only_with_trigger']) retrieved from /home/airflow/.local/lib/python3.7/site-packages/airflow/example_dags/example_latest_only_with_trigger.py
[2023-06-10T14:13:39.883+0000] {logging_mixin.py:149} INFO - [2023-06-10T14:13:39.882+0000] {dag.py:2726} INFO - Sync 1 DAGs
[2023-06-10T14:13:39.945+0000] {logging_mixin.py:149} INFO - [2023-06-10T14:13:39.944+0000] {dag.py:3490} INFO - Setting next_dagrun for latest_only_with_trigger to 2023-06-10T10:13:39.944361+00:00, run_after=2023-06-10T14:13:39.944361+00:00
[2023-06-10T14:13:39.986+0000] {processor.py:179} INFO - Processing /home/airflow/.local/lib/python3.7/site-packages/airflow/example_dags/example_latest_only_with_trigger.py took 0.180 seconds
[2023-06-10T14:14:10.590+0000] {processor.py:157} INFO - Started process (PID=925) to work on /home/airflow/.local/lib/python3.7/site-packages/airflow/example_dags/example_latest_only_with_trigger.py
[2023-06-10T14:14:10.601+0000] {processor.py:826} INFO - Processing file /home/airflow/.local/lib/python3.7/site-packages/airflow/example_dags/example_latest_only_with_trigger.py for tasks to queue
[2023-06-10T14:14:10.612+0000] {logging_mixin.py:149} INFO - [2023-06-10T14:14:10.612+0000] {dagbag.py:541} INFO - Filling up the DagBag from /home/airflow/.local/lib/python3.7/site-packages/airflow/example_dags/example_latest_only_with_trigger.py
[2023-06-10T14:14:10.666+0000] {processor.py:836} INFO - DAG(s) dict_keys(['latest_only_with_trigger']) retrieved from /home/airflow/.local/lib/python3.7/site-packages/airflow/example_dags/example_latest_only_with_trigger.py
[2023-06-10T14:14:10.822+0000] {logging_mixin.py:149} INFO - [2023-06-10T14:14:10.822+0000] {dag.py:2726} INFO - Sync 1 DAGs
[2023-06-10T14:14:10.935+0000] {logging_mixin.py:149} INFO - [2023-06-10T14:14:10.935+0000] {dag.py:3490} INFO - Setting next_dagrun for latest_only_with_trigger to 2023-06-10T10:14:10.933782+00:00, run_after=2023-06-10T14:14:10.933782+00:00
[2023-06-10T14:14:11.013+0000] {processor.py:179} INFO - Processing /home/airflow/.local/lib/python3.7/site-packages/airflow/example_dags/example_latest_only_with_trigger.py took 0.454 seconds
[2023-06-10T14:14:41.185+0000] {processor.py:157} INFO - Started process (PID=980) to work on /home/airflow/.local/lib/python3.7/site-packages/airflow/example_dags/example_latest_only_with_trigger.py
[2023-06-10T14:14:41.191+0000] {processor.py:826} INFO - Processing file /home/airflow/.local/lib/python3.7/site-packages/airflow/example_dags/example_latest_only_with_trigger.py for tasks to queue
[2023-06-10T14:14:41.193+0000] {logging_mixin.py:149} INFO - [2023-06-10T14:14:41.192+0000] {dagbag.py:541} INFO - Filling up the DagBag from /home/airflow/.local/lib/python3.7/site-packages/airflow/example_dags/example_latest_only_with_trigger.py
[2023-06-10T14:14:41.211+0000] {processor.py:836} INFO - DAG(s) dict_keys(['latest_only_with_trigger']) retrieved from /home/airflow/.local/lib/python3.7/site-packages/airflow/example_dags/example_latest_only_with_trigger.py
[2023-06-10T14:14:41.277+0000] {logging_mixin.py:149} INFO - [2023-06-10T14:14:41.277+0000] {dag.py:2726} INFO - Sync 1 DAGs
[2023-06-10T14:14:41.342+0000] {logging_mixin.py:149} INFO - [2023-06-10T14:14:41.342+0000] {dag.py:3490} INFO - Setting next_dagrun for latest_only_with_trigger to 2023-06-10T10:14:41.341545+00:00, run_after=2023-06-10T14:14:41.341545+00:00
[2023-06-10T14:14:41.392+0000] {processor.py:179} INFO - Processing /home/airflow/.local/lib/python3.7/site-packages/airflow/example_dags/example_latest_only_with_trigger.py took 0.222 seconds
[2023-06-10T14:15:12.554+0000] {processor.py:157} INFO - Started process (PID=1036) to work on /home/airflow/.local/lib/python3.7/site-packages/airflow/example_dags/example_latest_only_with_trigger.py
[2023-06-10T14:15:12.556+0000] {processor.py:826} INFO - Processing file /home/airflow/.local/lib/python3.7/site-packages/airflow/example_dags/example_latest_only_with_trigger.py for tasks to queue
[2023-06-10T14:15:12.558+0000] {logging_mixin.py:149} INFO - [2023-06-10T14:15:12.557+0000] {dagbag.py:541} INFO - Filling up the DagBag from /home/airflow/.local/lib/python3.7/site-packages/airflow/example_dags/example_latest_only_with_trigger.py
[2023-06-10T14:15:12.579+0000] {processor.py:836} INFO - DAG(s) dict_keys(['latest_only_with_trigger']) retrieved from /home/airflow/.local/lib/python3.7/site-packages/airflow/example_dags/example_latest_only_with_trigger.py
[2023-06-10T14:15:12.689+0000] {logging_mixin.py:149} INFO - [2023-06-10T14:15:12.689+0000] {dag.py:2726} INFO - Sync 1 DAGs
[2023-06-10T14:15:12.789+0000] {logging_mixin.py:149} INFO - [2023-06-10T14:15:12.789+0000] {dag.py:3490} INFO - Setting next_dagrun for latest_only_with_trigger to 2023-06-10T10:15:12.787302+00:00, run_after=2023-06-10T14:15:12.787302+00:00
[2023-06-10T14:15:12.879+0000] {processor.py:179} INFO - Processing /home/airflow/.local/lib/python3.7/site-packages/airflow/example_dags/example_latest_only_with_trigger.py took 0.334 seconds
[2023-06-10T14:15:42.947+0000] {processor.py:157} INFO - Started process (PID=1090) to work on /home/airflow/.local/lib/python3.7/site-packages/airflow/example_dags/example_latest_only_with_trigger.py
[2023-06-10T14:15:42.950+0000] {processor.py:826} INFO - Processing file /home/airflow/.local/lib/python3.7/site-packages/airflow/example_dags/example_latest_only_with_trigger.py for tasks to queue
[2023-06-10T14:15:42.952+0000] {logging_mixin.py:149} INFO - [2023-06-10T14:15:42.952+0000] {dagbag.py:541} INFO - Filling up the DagBag from /home/airflow/.local/lib/python3.7/site-packages/airflow/example_dags/example_latest_only_with_trigger.py
[2023-06-10T14:15:42.979+0000] {processor.py:836} INFO - DAG(s) dict_keys(['latest_only_with_trigger']) retrieved from /home/airflow/.local/lib/python3.7/site-packages/airflow/example_dags/example_latest_only_with_trigger.py
[2023-06-10T14:15:43.119+0000] {logging_mixin.py:149} INFO - [2023-06-10T14:15:43.118+0000] {dag.py:2726} INFO - Sync 1 DAGs
[2023-06-10T14:15:43.190+0000] {logging_mixin.py:149} INFO - [2023-06-10T14:15:43.190+0000] {dag.py:3490} INFO - Setting next_dagrun for latest_only_with_trigger to 2023-06-10T10:15:43.189798+00:00, run_after=2023-06-10T14:15:43.189798+00:00
[2023-06-10T14:15:43.229+0000] {processor.py:179} INFO - Processing /home/airflow/.local/lib/python3.7/site-packages/airflow/example_dags/example_latest_only_with_trigger.py took 0.293 seconds
[2023-06-10T14:16:13.495+0000] {processor.py:157} INFO - Started process (PID=1146) to work on /home/airflow/.local/lib/python3.7/site-packages/airflow/example_dags/example_latest_only_with_trigger.py
[2023-06-10T14:16:13.497+0000] {processor.py:826} INFO - Processing file /home/airflow/.local/lib/python3.7/site-packages/airflow/example_dags/example_latest_only_with_trigger.py for tasks to queue
[2023-06-10T14:16:13.498+0000] {logging_mixin.py:149} INFO - [2023-06-10T14:16:13.498+0000] {dagbag.py:541} INFO - Filling up the DagBag from /home/airflow/.local/lib/python3.7/site-packages/airflow/example_dags/example_latest_only_with_trigger.py
[2023-06-10T14:16:13.517+0000] {processor.py:836} INFO - DAG(s) dict_keys(['latest_only_with_trigger']) retrieved from /home/airflow/.local/lib/python3.7/site-packages/airflow/example_dags/example_latest_only_with_trigger.py
[2023-06-10T14:16:13.575+0000] {logging_mixin.py:149} INFO - [2023-06-10T14:16:13.574+0000] {dag.py:2726} INFO - Sync 1 DAGs
[2023-06-10T14:16:13.637+0000] {logging_mixin.py:149} INFO - [2023-06-10T14:16:13.637+0000] {dag.py:3490} INFO - Setting next_dagrun for latest_only_with_trigger to 2023-06-10T10:16:13.637073+00:00, run_after=2023-06-10T14:16:13.637073+00:00
[2023-06-10T14:16:13.683+0000] {processor.py:179} INFO - Processing /home/airflow/.local/lib/python3.7/site-packages/airflow/example_dags/example_latest_only_with_trigger.py took 0.195 seconds
[2023-06-10T14:16:44.376+0000] {processor.py:157} INFO - Started process (PID=1202) to work on /home/airflow/.local/lib/python3.7/site-packages/airflow/example_dags/example_latest_only_with_trigger.py
[2023-06-10T14:16:44.378+0000] {processor.py:826} INFO - Processing file /home/airflow/.local/lib/python3.7/site-packages/airflow/example_dags/example_latest_only_with_trigger.py for tasks to queue
[2023-06-10T14:16:44.379+0000] {logging_mixin.py:149} INFO - [2023-06-10T14:16:44.379+0000] {dagbag.py:541} INFO - Filling up the DagBag from /home/airflow/.local/lib/python3.7/site-packages/airflow/example_dags/example_latest_only_with_trigger.py
[2023-06-10T14:16:44.392+0000] {processor.py:836} INFO - DAG(s) dict_keys(['latest_only_with_trigger']) retrieved from /home/airflow/.local/lib/python3.7/site-packages/airflow/example_dags/example_latest_only_with_trigger.py
[2023-06-10T14:16:44.441+0000] {logging_mixin.py:149} INFO - [2023-06-10T14:16:44.441+0000] {dag.py:2726} INFO - Sync 1 DAGs
[2023-06-10T14:16:44.502+0000] {logging_mixin.py:149} INFO - [2023-06-10T14:16:44.501+0000] {dag.py:3490} INFO - Setting next_dagrun for latest_only_with_trigger to 2023-06-10T10:16:44.501369+00:00, run_after=2023-06-10T14:16:44.501369+00:00
[2023-06-10T14:16:44.537+0000] {processor.py:179} INFO - Processing /home/airflow/.local/lib/python3.7/site-packages/airflow/example_dags/example_latest_only_with_trigger.py took 0.168 seconds
[2023-06-10T14:27:24.019+0000] {processor.py:157} INFO - Started process (PID=51) to work on /home/airflow/.local/lib/python3.7/site-packages/airflow/example_dags/example_latest_only_with_trigger.py
[2023-06-10T14:27:24.030+0000] {processor.py:826} INFO - Processing file /home/airflow/.local/lib/python3.7/site-packages/airflow/example_dags/example_latest_only_with_trigger.py for tasks to queue
[2023-06-10T14:27:24.032+0000] {logging_mixin.py:149} INFO - [2023-06-10T14:27:24.032+0000] {dagbag.py:541} INFO - Filling up the DagBag from /home/airflow/.local/lib/python3.7/site-packages/airflow/example_dags/example_latest_only_with_trigger.py
[2023-06-10T14:27:24.072+0000] {processor.py:836} INFO - DAG(s) dict_keys(['latest_only_with_trigger']) retrieved from /home/airflow/.local/lib/python3.7/site-packages/airflow/example_dags/example_latest_only_with_trigger.py
[2023-06-10T14:27:24.215+0000] {logging_mixin.py:149} INFO - [2023-06-10T14:27:24.214+0000] {dag.py:2726} INFO - Sync 1 DAGs
[2023-06-10T14:27:24.405+0000] {logging_mixin.py:149} INFO - [2023-06-10T14:27:24.404+0000] {dag.py:3490} INFO - Setting next_dagrun for latest_only_with_trigger to 2023-06-10T10:27:24.404384+00:00, run_after=2023-06-10T14:27:24.404384+00:00
[2023-06-10T14:27:24.526+0000] {processor.py:179} INFO - Processing /home/airflow/.local/lib/python3.7/site-packages/airflow/example_dags/example_latest_only_with_trigger.py took 0.534 seconds
[2023-06-10T14:27:57.785+0000] {processor.py:157} INFO - Started process (PID=106) to work on /home/airflow/.local/lib/python3.7/site-packages/airflow/example_dags/example_latest_only_with_trigger.py
[2023-06-10T14:27:57.796+0000] {processor.py:826} INFO - Processing file /home/airflow/.local/lib/python3.7/site-packages/airflow/example_dags/example_latest_only_with_trigger.py for tasks to queue
[2023-06-10T14:27:57.798+0000] {logging_mixin.py:149} INFO - [2023-06-10T14:27:57.798+0000] {dagbag.py:541} INFO - Filling up the DagBag from /home/airflow/.local/lib/python3.7/site-packages/airflow/example_dags/example_latest_only_with_trigger.py
[2023-06-10T14:27:57.860+0000] {processor.py:836} INFO - DAG(s) dict_keys(['latest_only_with_trigger']) retrieved from /home/airflow/.local/lib/python3.7/site-packages/airflow/example_dags/example_latest_only_with_trigger.py
[2023-06-10T14:27:58.016+0000] {logging_mixin.py:149} INFO - [2023-06-10T14:27:58.016+0000] {dag.py:2726} INFO - Sync 1 DAGs
[2023-06-10T14:27:58.270+0000] {logging_mixin.py:149} INFO - [2023-06-10T14:27:58.270+0000] {dag.py:3490} INFO - Setting next_dagrun for latest_only_with_trigger to 2023-06-10T10:27:58.269918+00:00, run_after=2023-06-10T14:27:58.269918+00:00
[2023-06-10T14:27:58.459+0000] {processor.py:179} INFO - Processing /home/airflow/.local/lib/python3.7/site-packages/airflow/example_dags/example_latest_only_with_trigger.py took 0.695 seconds
[2023-06-10T14:28:28.932+0000] {processor.py:157} INFO - Started process (PID=161) to work on /home/airflow/.local/lib/python3.7/site-packages/airflow/example_dags/example_latest_only_with_trigger.py
[2023-06-10T14:28:28.937+0000] {processor.py:826} INFO - Processing file /home/airflow/.local/lib/python3.7/site-packages/airflow/example_dags/example_latest_only_with_trigger.py for tasks to queue
[2023-06-10T14:28:28.941+0000] {logging_mixin.py:149} INFO - [2023-06-10T14:28:28.940+0000] {dagbag.py:541} INFO - Filling up the DagBag from /home/airflow/.local/lib/python3.7/site-packages/airflow/example_dags/example_latest_only_with_trigger.py
[2023-06-10T14:28:28.964+0000] {processor.py:836} INFO - DAG(s) dict_keys(['latest_only_with_trigger']) retrieved from /home/airflow/.local/lib/python3.7/site-packages/airflow/example_dags/example_latest_only_with_trigger.py
[2023-06-10T14:28:29.082+0000] {logging_mixin.py:149} INFO - [2023-06-10T14:28:29.082+0000] {dag.py:2726} INFO - Sync 1 DAGs
[2023-06-10T14:28:29.164+0000] {logging_mixin.py:149} INFO - [2023-06-10T14:28:29.163+0000] {dag.py:3490} INFO - Setting next_dagrun for latest_only_with_trigger to 2023-06-10T10:28:29.163505+00:00, run_after=2023-06-10T14:28:29.163505+00:00
[2023-06-10T14:28:29.233+0000] {processor.py:179} INFO - Processing /home/airflow/.local/lib/python3.7/site-packages/airflow/example_dags/example_latest_only_with_trigger.py took 0.337 seconds
[2023-06-10T14:28:59.340+0000] {processor.py:157} INFO - Started process (PID=215) to work on /home/airflow/.local/lib/python3.7/site-packages/airflow/example_dags/example_latest_only_with_trigger.py
[2023-06-10T14:28:59.342+0000] {processor.py:826} INFO - Processing file /home/airflow/.local/lib/python3.7/site-packages/airflow/example_dags/example_latest_only_with_trigger.py for tasks to queue
[2023-06-10T14:28:59.344+0000] {logging_mixin.py:149} INFO - [2023-06-10T14:28:59.344+0000] {dagbag.py:541} INFO - Filling up the DagBag from /home/airflow/.local/lib/python3.7/site-packages/airflow/example_dags/example_latest_only_with_trigger.py
[2023-06-10T14:28:59.359+0000] {processor.py:836} INFO - DAG(s) dict_keys(['latest_only_with_trigger']) retrieved from /home/airflow/.local/lib/python3.7/site-packages/airflow/example_dags/example_latest_only_with_trigger.py
[2023-06-10T14:28:59.435+0000] {logging_mixin.py:149} INFO - [2023-06-10T14:28:59.435+0000] {dag.py:2726} INFO - Sync 1 DAGs
[2023-06-10T14:28:59.542+0000] {logging_mixin.py:149} INFO - [2023-06-10T14:28:59.541+0000] {dag.py:3490} INFO - Setting next_dagrun for latest_only_with_trigger to 2023-06-10T10:28:59.541299+00:00, run_after=2023-06-10T14:28:59.541299+00:00
[2023-06-10T14:28:59.594+0000] {processor.py:179} INFO - Processing /home/airflow/.local/lib/python3.7/site-packages/airflow/example_dags/example_latest_only_with_trigger.py took 0.261 seconds
[2023-06-10T14:29:30.441+0000] {processor.py:157} INFO - Started process (PID=270) to work on /home/airflow/.local/lib/python3.7/site-packages/airflow/example_dags/example_latest_only_with_trigger.py
[2023-06-10T14:29:30.444+0000] {processor.py:826} INFO - Processing file /home/airflow/.local/lib/python3.7/site-packages/airflow/example_dags/example_latest_only_with_trigger.py for tasks to queue
[2023-06-10T14:29:30.445+0000] {logging_mixin.py:149} INFO - [2023-06-10T14:29:30.445+0000] {dagbag.py:541} INFO - Filling up the DagBag from /home/airflow/.local/lib/python3.7/site-packages/airflow/example_dags/example_latest_only_with_trigger.py
[2023-06-10T14:29:30.462+0000] {processor.py:836} INFO - DAG(s) dict_keys(['latest_only_with_trigger']) retrieved from /home/airflow/.local/lib/python3.7/site-packages/airflow/example_dags/example_latest_only_with_trigger.py
[2023-06-10T14:29:30.556+0000] {logging_mixin.py:149} INFO - [2023-06-10T14:29:30.556+0000] {dag.py:2726} INFO - Sync 1 DAGs
[2023-06-10T14:29:30.628+0000] {logging_mixin.py:149} INFO - [2023-06-10T14:29:30.628+0000] {dag.py:3490} INFO - Setting next_dagrun for latest_only_with_trigger to 2023-06-10T10:29:30.628055+00:00, run_after=2023-06-10T14:29:30.628055+00:00
[2023-06-10T14:29:30.686+0000] {processor.py:179} INFO - Processing /home/airflow/.local/lib/python3.7/site-packages/airflow/example_dags/example_latest_only_with_trigger.py took 0.253 seconds
[2023-06-10T14:30:01.035+0000] {processor.py:157} INFO - Started process (PID=325) to work on /home/airflow/.local/lib/python3.7/site-packages/airflow/example_dags/example_latest_only_with_trigger.py
[2023-06-10T14:30:01.039+0000] {processor.py:826} INFO - Processing file /home/airflow/.local/lib/python3.7/site-packages/airflow/example_dags/example_latest_only_with_trigger.py for tasks to queue
[2023-06-10T14:30:01.040+0000] {logging_mixin.py:149} INFO - [2023-06-10T14:30:01.040+0000] {dagbag.py:541} INFO - Filling up the DagBag from /home/airflow/.local/lib/python3.7/site-packages/airflow/example_dags/example_latest_only_with_trigger.py
[2023-06-10T14:30:01.055+0000] {processor.py:836} INFO - DAG(s) dict_keys(['latest_only_with_trigger']) retrieved from /home/airflow/.local/lib/python3.7/site-packages/airflow/example_dags/example_latest_only_with_trigger.py
[2023-06-10T14:30:01.107+0000] {logging_mixin.py:149} INFO - [2023-06-10T14:30:01.107+0000] {dag.py:2726} INFO - Sync 1 DAGs
[2023-06-10T14:30:01.199+0000] {logging_mixin.py:149} INFO - [2023-06-10T14:30:01.198+0000] {dag.py:3490} INFO - Setting next_dagrun for latest_only_with_trigger to 2023-06-10T10:30:01.198410+00:00, run_after=2023-06-10T14:30:01.198410+00:00
[2023-06-10T14:30:01.245+0000] {processor.py:179} INFO - Processing /home/airflow/.local/lib/python3.7/site-packages/airflow/example_dags/example_latest_only_with_trigger.py took 0.219 seconds
[2023-06-10T14:30:31.679+0000] {processor.py:157} INFO - Started process (PID=381) to work on /home/airflow/.local/lib/python3.7/site-packages/airflow/example_dags/example_latest_only_with_trigger.py
[2023-06-10T14:30:31.682+0000] {processor.py:826} INFO - Processing file /home/airflow/.local/lib/python3.7/site-packages/airflow/example_dags/example_latest_only_with_trigger.py for tasks to queue
[2023-06-10T14:30:31.684+0000] {logging_mixin.py:149} INFO - [2023-06-10T14:30:31.683+0000] {dagbag.py:541} INFO - Filling up the DagBag from /home/airflow/.local/lib/python3.7/site-packages/airflow/example_dags/example_latest_only_with_trigger.py
[2023-06-10T14:30:31.695+0000] {processor.py:836} INFO - DAG(s) dict_keys(['latest_only_with_trigger']) retrieved from /home/airflow/.local/lib/python3.7/site-packages/airflow/example_dags/example_latest_only_with_trigger.py
[2023-06-10T14:30:31.751+0000] {logging_mixin.py:149} INFO - [2023-06-10T14:30:31.751+0000] {dag.py:2726} INFO - Sync 1 DAGs
[2023-06-10T14:30:31.835+0000] {logging_mixin.py:149} INFO - [2023-06-10T14:30:31.835+0000] {dag.py:3490} INFO - Setting next_dagrun for latest_only_with_trigger to 2023-06-10T10:30:31.834984+00:00, run_after=2023-06-10T14:30:31.834984+00:00
[2023-06-10T14:30:31.891+0000] {processor.py:179} INFO - Processing /home/airflow/.local/lib/python3.7/site-packages/airflow/example_dags/example_latest_only_with_trigger.py took 0.219 seconds
