[2023-06-10T14:06:07.875+0000] {processor.py:157} INFO - Started process (PID=62) to work on /home/airflow/.local/lib/python3.7/site-packages/airflow/example_dags/example_short_circuit_operator.py
[2023-06-10T14:06:07.894+0000] {processor.py:826} INFO - Processing file /home/airflow/.local/lib/python3.7/site-packages/airflow/example_dags/example_short_circuit_operator.py for tasks to queue
[2023-06-10T14:06:07.896+0000] {logging_mixin.py:149} INFO - [2023-06-10T14:06:07.895+0000] {dagbag.py:541} INFO - Filling up the DagBag from /home/airflow/.local/lib/python3.7/site-packages/airflow/example_dags/example_short_circuit_operator.py
[2023-06-10T14:06:08.038+0000] {processor.py:836} INFO - DAG(s) dict_keys(['example_short_circuit_operator']) retrieved from /home/airflow/.local/lib/python3.7/site-packages/airflow/example_dags/example_short_circuit_operator.py
[2023-06-10T14:06:08.352+0000] {logging_mixin.py:149} INFO - [2023-06-10T14:06:08.352+0000] {dag.py:2726} INFO - Sync 1 DAGs
[2023-06-10T14:06:08.866+0000] {logging_mixin.py:149} INFO - [2023-06-10T14:06:08.866+0000] {dag.py:3490} INFO - Setting next_dagrun for example_short_circuit_operator to 2023-06-09T14:06:08.865281+00:00, run_after=2023-06-10T14:06:08.865281+00:00
[2023-06-10T14:06:09.012+0000] {processor.py:179} INFO - Processing /home/airflow/.local/lib/python3.7/site-packages/airflow/example_dags/example_short_circuit_operator.py took 1.170 seconds
[2023-06-10T14:06:39.244+0000] {processor.py:157} INFO - Started process (PID=118) to work on /home/airflow/.local/lib/python3.7/site-packages/airflow/example_dags/example_short_circuit_operator.py
[2023-06-10T14:06:39.256+0000] {processor.py:826} INFO - Processing file /home/airflow/.local/lib/python3.7/site-packages/airflow/example_dags/example_short_circuit_operator.py for tasks to queue
[2023-06-10T14:06:39.258+0000] {logging_mixin.py:149} INFO - [2023-06-10T14:06:39.258+0000] {dagbag.py:541} INFO - Filling up the DagBag from /home/airflow/.local/lib/python3.7/site-packages/airflow/example_dags/example_short_circuit_operator.py
[2023-06-10T14:06:39.307+0000] {processor.py:836} INFO - DAG(s) dict_keys(['example_short_circuit_operator']) retrieved from /home/airflow/.local/lib/python3.7/site-packages/airflow/example_dags/example_short_circuit_operator.py
[2023-06-10T14:06:39.398+0000] {logging_mixin.py:149} INFO - [2023-06-10T14:06:39.398+0000] {dag.py:2726} INFO - Sync 1 DAGs
[2023-06-10T14:06:39.572+0000] {logging_mixin.py:149} INFO - [2023-06-10T14:06:39.572+0000] {dag.py:3490} INFO - Setting next_dagrun for example_short_circuit_operator to 2023-06-09T14:06:39.572272+00:00, run_after=2023-06-10T14:06:39.572272+00:00
[2023-06-10T14:06:39.740+0000] {processor.py:179} INFO - Processing /home/airflow/.local/lib/python3.7/site-packages/airflow/example_dags/example_short_circuit_operator.py took 0.507 seconds
[2023-06-10T14:07:10.018+0000] {processor.py:157} INFO - Started process (PID=173) to work on /home/airflow/.local/lib/python3.7/site-packages/airflow/example_dags/example_short_circuit_operator.py
[2023-06-10T14:07:10.020+0000] {processor.py:826} INFO - Processing file /home/airflow/.local/lib/python3.7/site-packages/airflow/example_dags/example_short_circuit_operator.py for tasks to queue
[2023-06-10T14:07:10.028+0000] {logging_mixin.py:149} INFO - [2023-06-10T14:07:10.027+0000] {dagbag.py:541} INFO - Filling up the DagBag from /home/airflow/.local/lib/python3.7/site-packages/airflow/example_dags/example_short_circuit_operator.py
[2023-06-10T14:07:10.064+0000] {processor.py:836} INFO - DAG(s) dict_keys(['example_short_circuit_operator']) retrieved from /home/airflow/.local/lib/python3.7/site-packages/airflow/example_dags/example_short_circuit_operator.py
[2023-06-10T14:07:10.211+0000] {logging_mixin.py:149} INFO - [2023-06-10T14:07:10.211+0000] {dag.py:2726} INFO - Sync 1 DAGs
[2023-06-10T14:07:10.289+0000] {logging_mixin.py:149} INFO - [2023-06-10T14:07:10.289+0000] {dag.py:3490} INFO - Setting next_dagrun for example_short_circuit_operator to 2023-06-09T14:07:10.288974+00:00, run_after=2023-06-10T14:07:10.288974+00:00
[2023-06-10T14:07:10.335+0000] {processor.py:179} INFO - Processing /home/airflow/.local/lib/python3.7/site-packages/airflow/example_dags/example_short_circuit_operator.py took 0.339 seconds
[2023-06-10T14:07:41.413+0000] {processor.py:157} INFO - Started process (PID=228) to work on /home/airflow/.local/lib/python3.7/site-packages/airflow/example_dags/example_short_circuit_operator.py
[2023-06-10T14:07:41.416+0000] {processor.py:826} INFO - Processing file /home/airflow/.local/lib/python3.7/site-packages/airflow/example_dags/example_short_circuit_operator.py for tasks to queue
[2023-06-10T14:07:41.418+0000] {logging_mixin.py:149} INFO - [2023-06-10T14:07:41.418+0000] {dagbag.py:541} INFO - Filling up the DagBag from /home/airflow/.local/lib/python3.7/site-packages/airflow/example_dags/example_short_circuit_operator.py
[2023-06-10T14:07:41.450+0000] {processor.py:836} INFO - DAG(s) dict_keys(['example_short_circuit_operator']) retrieved from /home/airflow/.local/lib/python3.7/site-packages/airflow/example_dags/example_short_circuit_operator.py
[2023-06-10T14:07:41.515+0000] {logging_mixin.py:149} INFO - [2023-06-10T14:07:41.515+0000] {dag.py:2726} INFO - Sync 1 DAGs
[2023-06-10T14:07:41.584+0000] {logging_mixin.py:149} INFO - [2023-06-10T14:07:41.584+0000] {dag.py:3490} INFO - Setting next_dagrun for example_short_circuit_operator to 2023-06-09T14:07:41.584103+00:00, run_after=2023-06-10T14:07:41.584103+00:00
[2023-06-10T14:07:41.640+0000] {processor.py:179} INFO - Processing /home/airflow/.local/lib/python3.7/site-packages/airflow/example_dags/example_short_circuit_operator.py took 0.251 seconds
[2023-06-10T14:08:12.158+0000] {processor.py:157} INFO - Started process (PID=283) to work on /home/airflow/.local/lib/python3.7/site-packages/airflow/example_dags/example_short_circuit_operator.py
[2023-06-10T14:08:12.161+0000] {processor.py:826} INFO - Processing file /home/airflow/.local/lib/python3.7/site-packages/airflow/example_dags/example_short_circuit_operator.py for tasks to queue
[2023-06-10T14:08:12.162+0000] {logging_mixin.py:149} INFO - [2023-06-10T14:08:12.162+0000] {dagbag.py:541} INFO - Filling up the DagBag from /home/airflow/.local/lib/python3.7/site-packages/airflow/example_dags/example_short_circuit_operator.py
[2023-06-10T14:08:12.178+0000] {processor.py:836} INFO - DAG(s) dict_keys(['example_short_circuit_operator']) retrieved from /home/airflow/.local/lib/python3.7/site-packages/airflow/example_dags/example_short_circuit_operator.py
[2023-06-10T14:08:12.238+0000] {logging_mixin.py:149} INFO - [2023-06-10T14:08:12.238+0000] {dag.py:2726} INFO - Sync 1 DAGs
[2023-06-10T14:08:12.403+0000] {logging_mixin.py:149} INFO - [2023-06-10T14:08:12.402+0000] {dag.py:3490} INFO - Setting next_dagrun for example_short_circuit_operator to 2023-06-09T14:08:12.402420+00:00, run_after=2023-06-10T14:08:12.402420+00:00
[2023-06-10T14:08:12.467+0000] {processor.py:179} INFO - Processing /home/airflow/.local/lib/python3.7/site-packages/airflow/example_dags/example_short_circuit_operator.py took 0.326 seconds
[2023-06-10T14:08:42.683+0000] {processor.py:157} INFO - Started process (PID=339) to work on /home/airflow/.local/lib/python3.7/site-packages/airflow/example_dags/example_short_circuit_operator.py
[2023-06-10T14:08:42.685+0000] {processor.py:826} INFO - Processing file /home/airflow/.local/lib/python3.7/site-packages/airflow/example_dags/example_short_circuit_operator.py for tasks to queue
[2023-06-10T14:08:42.687+0000] {logging_mixin.py:149} INFO - [2023-06-10T14:08:42.686+0000] {dagbag.py:541} INFO - Filling up the DagBag from /home/airflow/.local/lib/python3.7/site-packages/airflow/example_dags/example_short_circuit_operator.py
[2023-06-10T14:08:42.709+0000] {processor.py:836} INFO - DAG(s) dict_keys(['example_short_circuit_operator']) retrieved from /home/airflow/.local/lib/python3.7/site-packages/airflow/example_dags/example_short_circuit_operator.py
[2023-06-10T14:08:42.760+0000] {logging_mixin.py:149} INFO - [2023-06-10T14:08:42.759+0000] {dag.py:2726} INFO - Sync 1 DAGs
[2023-06-10T14:08:42.862+0000] {logging_mixin.py:149} INFO - [2023-06-10T14:08:42.862+0000] {dag.py:3490} INFO - Setting next_dagrun for example_short_circuit_operator to 2023-06-09T14:08:42.861535+00:00, run_after=2023-06-10T14:08:42.861535+00:00
[2023-06-10T14:08:42.948+0000] {processor.py:179} INFO - Processing /home/airflow/.local/lib/python3.7/site-packages/airflow/example_dags/example_short_circuit_operator.py took 0.273 seconds
[2023-06-10T14:09:13.230+0000] {processor.py:157} INFO - Started process (PID=393) to work on /home/airflow/.local/lib/python3.7/site-packages/airflow/example_dags/example_short_circuit_operator.py
[2023-06-10T14:09:13.232+0000] {processor.py:826} INFO - Processing file /home/airflow/.local/lib/python3.7/site-packages/airflow/example_dags/example_short_circuit_operator.py for tasks to queue
[2023-06-10T14:09:13.234+0000] {logging_mixin.py:149} INFO - [2023-06-10T14:09:13.234+0000] {dagbag.py:541} INFO - Filling up the DagBag from /home/airflow/.local/lib/python3.7/site-packages/airflow/example_dags/example_short_circuit_operator.py
[2023-06-10T14:09:13.251+0000] {processor.py:836} INFO - DAG(s) dict_keys(['example_short_circuit_operator']) retrieved from /home/airflow/.local/lib/python3.7/site-packages/airflow/example_dags/example_short_circuit_operator.py
[2023-06-10T14:09:13.313+0000] {logging_mixin.py:149} INFO - [2023-06-10T14:09:13.313+0000] {dag.py:2726} INFO - Sync 1 DAGs
[2023-06-10T14:09:13.381+0000] {logging_mixin.py:149} INFO - [2023-06-10T14:09:13.381+0000] {dag.py:3490} INFO - Setting next_dagrun for example_short_circuit_operator to 2023-06-09T14:09:13.381074+00:00, run_after=2023-06-10T14:09:13.381074+00:00
[2023-06-10T14:09:13.435+0000] {processor.py:179} INFO - Processing /home/airflow/.local/lib/python3.7/site-packages/airflow/example_dags/example_short_circuit_operator.py took 0.211 seconds
[2023-06-10T14:09:43.804+0000] {processor.py:157} INFO - Started process (PID=448) to work on /home/airflow/.local/lib/python3.7/site-packages/airflow/example_dags/example_short_circuit_operator.py
[2023-06-10T14:09:43.807+0000] {processor.py:826} INFO - Processing file /home/airflow/.local/lib/python3.7/site-packages/airflow/example_dags/example_short_circuit_operator.py for tasks to queue
[2023-06-10T14:09:43.810+0000] {logging_mixin.py:149} INFO - [2023-06-10T14:09:43.810+0000] {dagbag.py:541} INFO - Filling up the DagBag from /home/airflow/.local/lib/python3.7/site-packages/airflow/example_dags/example_short_circuit_operator.py
[2023-06-10T14:09:43.847+0000] {processor.py:836} INFO - DAG(s) dict_keys(['example_short_circuit_operator']) retrieved from /home/airflow/.local/lib/python3.7/site-packages/airflow/example_dags/example_short_circuit_operator.py
[2023-06-10T14:09:43.952+0000] {logging_mixin.py:149} INFO - [2023-06-10T14:09:43.952+0000] {dag.py:2726} INFO - Sync 1 DAGs
[2023-06-10T14:09:44.043+0000] {logging_mixin.py:149} INFO - [2023-06-10T14:09:44.042+0000] {dag.py:3490} INFO - Setting next_dagrun for example_short_circuit_operator to 2023-06-09T14:09:44.042225+00:00, run_after=2023-06-10T14:09:44.042225+00:00
[2023-06-10T14:09:44.091+0000] {processor.py:179} INFO - Processing /home/airflow/.local/lib/python3.7/site-packages/airflow/example_dags/example_short_circuit_operator.py took 0.298 seconds
[2023-06-10T14:10:14.986+0000] {processor.py:157} INFO - Started process (PID=503) to work on /home/airflow/.local/lib/python3.7/site-packages/airflow/example_dags/example_short_circuit_operator.py
[2023-06-10T14:10:14.987+0000] {processor.py:826} INFO - Processing file /home/airflow/.local/lib/python3.7/site-packages/airflow/example_dags/example_short_circuit_operator.py for tasks to queue
[2023-06-10T14:10:15.001+0000] {logging_mixin.py:149} INFO - [2023-06-10T14:10:15.000+0000] {dagbag.py:541} INFO - Filling up the DagBag from /home/airflow/.local/lib/python3.7/site-packages/airflow/example_dags/example_short_circuit_operator.py
[2023-06-10T14:10:15.024+0000] {processor.py:836} INFO - DAG(s) dict_keys(['example_short_circuit_operator']) retrieved from /home/airflow/.local/lib/python3.7/site-packages/airflow/example_dags/example_short_circuit_operator.py
[2023-06-10T14:10:15.095+0000] {logging_mixin.py:149} INFO - [2023-06-10T14:10:15.095+0000] {dag.py:2726} INFO - Sync 1 DAGs
[2023-06-10T14:10:15.168+0000] {logging_mixin.py:149} INFO - [2023-06-10T14:10:15.167+0000] {dag.py:3490} INFO - Setting next_dagrun for example_short_circuit_operator to 2023-06-09T14:10:15.167484+00:00, run_after=2023-06-10T14:10:15.167484+00:00
[2023-06-10T14:10:15.223+0000] {processor.py:179} INFO - Processing /home/airflow/.local/lib/python3.7/site-packages/airflow/example_dags/example_short_circuit_operator.py took 0.246 seconds
[2023-06-10T14:10:45.507+0000] {processor.py:157} INFO - Started process (PID=558) to work on /home/airflow/.local/lib/python3.7/site-packages/airflow/example_dags/example_short_circuit_operator.py
[2023-06-10T14:10:45.509+0000] {processor.py:826} INFO - Processing file /home/airflow/.local/lib/python3.7/site-packages/airflow/example_dags/example_short_circuit_operator.py for tasks to queue
[2023-06-10T14:10:45.511+0000] {logging_mixin.py:149} INFO - [2023-06-10T14:10:45.510+0000] {dagbag.py:541} INFO - Filling up the DagBag from /home/airflow/.local/lib/python3.7/site-packages/airflow/example_dags/example_short_circuit_operator.py
[2023-06-10T14:10:45.529+0000] {processor.py:836} INFO - DAG(s) dict_keys(['example_short_circuit_operator']) retrieved from /home/airflow/.local/lib/python3.7/site-packages/airflow/example_dags/example_short_circuit_operator.py
[2023-06-10T14:10:45.597+0000] {logging_mixin.py:149} INFO - [2023-06-10T14:10:45.597+0000] {dag.py:2726} INFO - Sync 1 DAGs
[2023-06-10T14:10:45.663+0000] {logging_mixin.py:149} INFO - [2023-06-10T14:10:45.663+0000] {dag.py:3490} INFO - Setting next_dagrun for example_short_circuit_operator to 2023-06-09T14:10:45.662940+00:00, run_after=2023-06-10T14:10:45.662940+00:00
[2023-06-10T14:10:45.722+0000] {processor.py:179} INFO - Processing /home/airflow/.local/lib/python3.7/site-packages/airflow/example_dags/example_short_circuit_operator.py took 0.225 seconds
[2023-06-10T14:11:15.862+0000] {processor.py:157} INFO - Started process (PID=613) to work on /home/airflow/.local/lib/python3.7/site-packages/airflow/example_dags/example_short_circuit_operator.py
[2023-06-10T14:11:15.865+0000] {processor.py:826} INFO - Processing file /home/airflow/.local/lib/python3.7/site-packages/airflow/example_dags/example_short_circuit_operator.py for tasks to queue
[2023-06-10T14:11:15.867+0000] {logging_mixin.py:149} INFO - [2023-06-10T14:11:15.866+0000] {dagbag.py:541} INFO - Filling up the DagBag from /home/airflow/.local/lib/python3.7/site-packages/airflow/example_dags/example_short_circuit_operator.py
[2023-06-10T14:11:15.893+0000] {processor.py:836} INFO - DAG(s) dict_keys(['example_short_circuit_operator']) retrieved from /home/airflow/.local/lib/python3.7/site-packages/airflow/example_dags/example_short_circuit_operator.py
[2023-06-10T14:11:15.920+0000] {logging_mixin.py:149} INFO - [2023-06-10T14:11:15.920+0000] {dag.py:2726} INFO - Sync 1 DAGs
[2023-06-10T14:11:15.993+0000] {logging_mixin.py:149} INFO - [2023-06-10T14:11:15.993+0000] {dag.py:3490} INFO - Setting next_dagrun for example_short_circuit_operator to 2023-06-09T14:11:15.993108+00:00, run_after=2023-06-10T14:11:15.993108+00:00
[2023-06-10T14:11:16.047+0000] {processor.py:179} INFO - Processing /home/airflow/.local/lib/python3.7/site-packages/airflow/example_dags/example_short_circuit_operator.py took 0.194 seconds
[2023-06-10T14:11:46.948+0000] {processor.py:157} INFO - Started process (PID=668) to work on /home/airflow/.local/lib/python3.7/site-packages/airflow/example_dags/example_short_circuit_operator.py
[2023-06-10T14:11:46.953+0000] {processor.py:826} INFO - Processing file /home/airflow/.local/lib/python3.7/site-packages/airflow/example_dags/example_short_circuit_operator.py for tasks to queue
[2023-06-10T14:11:46.955+0000] {logging_mixin.py:149} INFO - [2023-06-10T14:11:46.954+0000] {dagbag.py:541} INFO - Filling up the DagBag from /home/airflow/.local/lib/python3.7/site-packages/airflow/example_dags/example_short_circuit_operator.py
[2023-06-10T14:11:47.024+0000] {processor.py:836} INFO - DAG(s) dict_keys(['example_short_circuit_operator']) retrieved from /home/airflow/.local/lib/python3.7/site-packages/airflow/example_dags/example_short_circuit_operator.py
[2023-06-10T14:11:47.185+0000] {logging_mixin.py:149} INFO - [2023-06-10T14:11:47.184+0000] {dag.py:2726} INFO - Sync 1 DAGs
[2023-06-10T14:11:47.459+0000] {logging_mixin.py:149} INFO - [2023-06-10T14:11:47.459+0000] {dag.py:3490} INFO - Setting next_dagrun for example_short_circuit_operator to 2023-06-09T14:11:47.458483+00:00, run_after=2023-06-10T14:11:47.458483+00:00
[2023-06-10T14:11:47.529+0000] {processor.py:179} INFO - Processing /home/airflow/.local/lib/python3.7/site-packages/airflow/example_dags/example_short_circuit_operator.py took 0.627 seconds
[2023-06-10T14:12:17.997+0000] {processor.py:157} INFO - Started process (PID=723) to work on /home/airflow/.local/lib/python3.7/site-packages/airflow/example_dags/example_short_circuit_operator.py
[2023-06-10T14:12:17.999+0000] {processor.py:826} INFO - Processing file /home/airflow/.local/lib/python3.7/site-packages/airflow/example_dags/example_short_circuit_operator.py for tasks to queue
[2023-06-10T14:12:18.002+0000] {logging_mixin.py:149} INFO - [2023-06-10T14:12:18.001+0000] {dagbag.py:541} INFO - Filling up the DagBag from /home/airflow/.local/lib/python3.7/site-packages/airflow/example_dags/example_short_circuit_operator.py
[2023-06-10T14:12:18.020+0000] {processor.py:836} INFO - DAG(s) dict_keys(['example_short_circuit_operator']) retrieved from /home/airflow/.local/lib/python3.7/site-packages/airflow/example_dags/example_short_circuit_operator.py
[2023-06-10T14:12:18.085+0000] {logging_mixin.py:149} INFO - [2023-06-10T14:12:18.085+0000] {dag.py:2726} INFO - Sync 1 DAGs
[2023-06-10T14:12:18.150+0000] {logging_mixin.py:149} INFO - [2023-06-10T14:12:18.150+0000] {dag.py:3490} INFO - Setting next_dagrun for example_short_circuit_operator to 2023-06-09T14:12:18.149972+00:00, run_after=2023-06-10T14:12:18.149972+00:00
[2023-06-10T14:12:18.195+0000] {processor.py:179} INFO - Processing /home/airflow/.local/lib/python3.7/site-packages/airflow/example_dags/example_short_circuit_operator.py took 0.206 seconds
[2023-06-10T14:12:48.694+0000] {processor.py:157} INFO - Started process (PID=778) to work on /home/airflow/.local/lib/python3.7/site-packages/airflow/example_dags/example_short_circuit_operator.py
[2023-06-10T14:12:48.737+0000] {processor.py:826} INFO - Processing file /home/airflow/.local/lib/python3.7/site-packages/airflow/example_dags/example_short_circuit_operator.py for tasks to queue
[2023-06-10T14:12:48.739+0000] {logging_mixin.py:149} INFO - [2023-06-10T14:12:48.738+0000] {dagbag.py:541} INFO - Filling up the DagBag from /home/airflow/.local/lib/python3.7/site-packages/airflow/example_dags/example_short_circuit_operator.py
[2023-06-10T14:12:48.775+0000] {processor.py:836} INFO - DAG(s) dict_keys(['example_short_circuit_operator']) retrieved from /home/airflow/.local/lib/python3.7/site-packages/airflow/example_dags/example_short_circuit_operator.py
[2023-06-10T14:12:48.874+0000] {logging_mixin.py:149} INFO - [2023-06-10T14:12:48.874+0000] {dag.py:2726} INFO - Sync 1 DAGs
[2023-06-10T14:12:49.157+0000] {logging_mixin.py:149} INFO - [2023-06-10T14:12:49.156+0000] {dag.py:3490} INFO - Setting next_dagrun for example_short_circuit_operator to 2023-06-09T14:12:49.156084+00:00, run_after=2023-06-10T14:12:49.156084+00:00
[2023-06-10T14:12:49.455+0000] {processor.py:179} INFO - Processing /home/airflow/.local/lib/python3.7/site-packages/airflow/example_dags/example_short_circuit_operator.py took 0.771 seconds
[2023-06-10T14:13:19.902+0000] {processor.py:157} INFO - Started process (PID=833) to work on /home/airflow/.local/lib/python3.7/site-packages/airflow/example_dags/example_short_circuit_operator.py
[2023-06-10T14:13:19.903+0000] {processor.py:826} INFO - Processing file /home/airflow/.local/lib/python3.7/site-packages/airflow/example_dags/example_short_circuit_operator.py for tasks to queue
[2023-06-10T14:13:19.921+0000] {logging_mixin.py:149} INFO - [2023-06-10T14:13:19.921+0000] {dagbag.py:541} INFO - Filling up the DagBag from /home/airflow/.local/lib/python3.7/site-packages/airflow/example_dags/example_short_circuit_operator.py
[2023-06-10T14:13:19.972+0000] {processor.py:836} INFO - DAG(s) dict_keys(['example_short_circuit_operator']) retrieved from /home/airflow/.local/lib/python3.7/site-packages/airflow/example_dags/example_short_circuit_operator.py
[2023-06-10T14:13:19.996+0000] {logging_mixin.py:149} INFO - [2023-06-10T14:13:19.996+0000] {dag.py:2726} INFO - Sync 1 DAGs
[2023-06-10T14:13:20.114+0000] {logging_mixin.py:149} INFO - [2023-06-10T14:13:20.114+0000] {dag.py:3490} INFO - Setting next_dagrun for example_short_circuit_operator to 2023-06-09T14:13:20.113715+00:00, run_after=2023-06-10T14:13:20.113715+00:00
[2023-06-10T14:13:20.165+0000] {processor.py:179} INFO - Processing /home/airflow/.local/lib/python3.7/site-packages/airflow/example_dags/example_short_circuit_operator.py took 0.280 seconds
[2023-06-10T14:13:50.243+0000] {processor.py:157} INFO - Started process (PID=886) to work on /home/airflow/.local/lib/python3.7/site-packages/airflow/example_dags/example_short_circuit_operator.py
[2023-06-10T14:13:50.246+0000] {processor.py:826} INFO - Processing file /home/airflow/.local/lib/python3.7/site-packages/airflow/example_dags/example_short_circuit_operator.py for tasks to queue
[2023-06-10T14:13:50.248+0000] {logging_mixin.py:149} INFO - [2023-06-10T14:13:50.247+0000] {dagbag.py:541} INFO - Filling up the DagBag from /home/airflow/.local/lib/python3.7/site-packages/airflow/example_dags/example_short_circuit_operator.py
[2023-06-10T14:13:50.273+0000] {processor.py:836} INFO - DAG(s) dict_keys(['example_short_circuit_operator']) retrieved from /home/airflow/.local/lib/python3.7/site-packages/airflow/example_dags/example_short_circuit_operator.py
[2023-06-10T14:13:50.347+0000] {logging_mixin.py:149} INFO - [2023-06-10T14:13:50.347+0000] {dag.py:2726} INFO - Sync 1 DAGs
[2023-06-10T14:13:50.446+0000] {logging_mixin.py:149} INFO - [2023-06-10T14:13:50.445+0000] {dag.py:3490} INFO - Setting next_dagrun for example_short_circuit_operator to 2023-06-09T14:13:50.444999+00:00, run_after=2023-06-10T14:13:50.444999+00:00
[2023-06-10T14:13:50.570+0000] {processor.py:179} INFO - Processing /home/airflow/.local/lib/python3.7/site-packages/airflow/example_dags/example_short_circuit_operator.py took 0.337 seconds
[2023-06-10T14:14:20.676+0000] {processor.py:157} INFO - Started process (PID=940) to work on /home/airflow/.local/lib/python3.7/site-packages/airflow/example_dags/example_short_circuit_operator.py
[2023-06-10T14:14:20.679+0000] {processor.py:826} INFO - Processing file /home/airflow/.local/lib/python3.7/site-packages/airflow/example_dags/example_short_circuit_operator.py for tasks to queue
[2023-06-10T14:14:20.680+0000] {logging_mixin.py:149} INFO - [2023-06-10T14:14:20.680+0000] {dagbag.py:541} INFO - Filling up the DagBag from /home/airflow/.local/lib/python3.7/site-packages/airflow/example_dags/example_short_circuit_operator.py
[2023-06-10T14:14:20.706+0000] {processor.py:836} INFO - DAG(s) dict_keys(['example_short_circuit_operator']) retrieved from /home/airflow/.local/lib/python3.7/site-packages/airflow/example_dags/example_short_circuit_operator.py
[2023-06-10T14:14:20.787+0000] {logging_mixin.py:149} INFO - [2023-06-10T14:14:20.787+0000] {dag.py:2726} INFO - Sync 1 DAGs
[2023-06-10T14:14:20.853+0000] {logging_mixin.py:149} INFO - [2023-06-10T14:14:20.853+0000] {dag.py:3490} INFO - Setting next_dagrun for example_short_circuit_operator to 2023-06-09T14:14:20.852346+00:00, run_after=2023-06-10T14:14:20.852346+00:00
[2023-06-10T14:14:20.948+0000] {processor.py:179} INFO - Processing /home/airflow/.local/lib/python3.7/site-packages/airflow/example_dags/example_short_circuit_operator.py took 0.279 seconds
[2023-06-10T14:14:52.979+0000] {processor.py:157} INFO - Started process (PID=995) to work on /home/airflow/.local/lib/python3.7/site-packages/airflow/example_dags/example_short_circuit_operator.py
[2023-06-10T14:14:52.986+0000] {processor.py:826} INFO - Processing file /home/airflow/.local/lib/python3.7/site-packages/airflow/example_dags/example_short_circuit_operator.py for tasks to queue
[2023-06-10T14:14:52.994+0000] {logging_mixin.py:149} INFO - [2023-06-10T14:14:52.993+0000] {dagbag.py:541} INFO - Filling up the DagBag from /home/airflow/.local/lib/python3.7/site-packages/airflow/example_dags/example_short_circuit_operator.py
[2023-06-10T14:14:53.038+0000] {processor.py:836} INFO - DAG(s) dict_keys(['example_short_circuit_operator']) retrieved from /home/airflow/.local/lib/python3.7/site-packages/airflow/example_dags/example_short_circuit_operator.py
[2023-06-10T14:14:53.222+0000] {logging_mixin.py:149} INFO - [2023-06-10T14:14:53.222+0000] {dag.py:2726} INFO - Sync 1 DAGs
[2023-06-10T14:14:53.600+0000] {logging_mixin.py:149} INFO - [2023-06-10T14:14:53.599+0000] {dag.py:3490} INFO - Setting next_dagrun for example_short_circuit_operator to 2023-06-09T14:14:53.592859+00:00, run_after=2023-06-10T14:14:53.592859+00:00
[2023-06-10T14:14:53.723+0000] {processor.py:179} INFO - Processing /home/airflow/.local/lib/python3.7/site-packages/airflow/example_dags/example_short_circuit_operator.py took 0.763 seconds
[2023-06-10T14:15:23.922+0000] {processor.py:157} INFO - Started process (PID=1050) to work on /home/airflow/.local/lib/python3.7/site-packages/airflow/example_dags/example_short_circuit_operator.py
[2023-06-10T14:15:23.925+0000] {processor.py:826} INFO - Processing file /home/airflow/.local/lib/python3.7/site-packages/airflow/example_dags/example_short_circuit_operator.py for tasks to queue
[2023-06-10T14:15:23.926+0000] {logging_mixin.py:149} INFO - [2023-06-10T14:15:23.926+0000] {dagbag.py:541} INFO - Filling up the DagBag from /home/airflow/.local/lib/python3.7/site-packages/airflow/example_dags/example_short_circuit_operator.py
[2023-06-10T14:15:23.945+0000] {processor.py:836} INFO - DAG(s) dict_keys(['example_short_circuit_operator']) retrieved from /home/airflow/.local/lib/python3.7/site-packages/airflow/example_dags/example_short_circuit_operator.py
[2023-06-10T14:15:24.025+0000] {logging_mixin.py:149} INFO - [2023-06-10T14:15:24.025+0000] {dag.py:2726} INFO - Sync 1 DAGs
[2023-06-10T14:15:24.091+0000] {logging_mixin.py:149} INFO - [2023-06-10T14:15:24.091+0000] {dag.py:3490} INFO - Setting next_dagrun for example_short_circuit_operator to 2023-06-09T14:15:24.091051+00:00, run_after=2023-06-10T14:15:24.091051+00:00
[2023-06-10T14:15:24.145+0000] {processor.py:179} INFO - Processing /home/airflow/.local/lib/python3.7/site-packages/airflow/example_dags/example_short_circuit_operator.py took 0.231 seconds
[2023-06-10T14:15:54.716+0000] {processor.py:157} INFO - Started process (PID=1105) to work on /home/airflow/.local/lib/python3.7/site-packages/airflow/example_dags/example_short_circuit_operator.py
[2023-06-10T14:15:54.722+0000] {processor.py:826} INFO - Processing file /home/airflow/.local/lib/python3.7/site-packages/airflow/example_dags/example_short_circuit_operator.py for tasks to queue
[2023-06-10T14:15:54.723+0000] {logging_mixin.py:149} INFO - [2023-06-10T14:15:54.723+0000] {dagbag.py:541} INFO - Filling up the DagBag from /home/airflow/.local/lib/python3.7/site-packages/airflow/example_dags/example_short_circuit_operator.py
[2023-06-10T14:15:54.757+0000] {processor.py:836} INFO - DAG(s) dict_keys(['example_short_circuit_operator']) retrieved from /home/airflow/.local/lib/python3.7/site-packages/airflow/example_dags/example_short_circuit_operator.py
[2023-06-10T14:15:54.861+0000] {logging_mixin.py:149} INFO - [2023-06-10T14:15:54.860+0000] {dag.py:2726} INFO - Sync 1 DAGs
[2023-06-10T14:15:54.963+0000] {logging_mixin.py:149} INFO - [2023-06-10T14:15:54.962+0000] {dag.py:3490} INFO - Setting next_dagrun for example_short_circuit_operator to 2023-06-09T14:15:54.962337+00:00, run_after=2023-06-10T14:15:54.962337+00:00
[2023-06-10T14:15:55.043+0000] {processor.py:179} INFO - Processing /home/airflow/.local/lib/python3.7/site-packages/airflow/example_dags/example_short_circuit_operator.py took 0.350 seconds
[2023-06-10T14:16:25.275+0000] {processor.py:157} INFO - Started process (PID=1161) to work on /home/airflow/.local/lib/python3.7/site-packages/airflow/example_dags/example_short_circuit_operator.py
[2023-06-10T14:16:25.279+0000] {processor.py:826} INFO - Processing file /home/airflow/.local/lib/python3.7/site-packages/airflow/example_dags/example_short_circuit_operator.py for tasks to queue
[2023-06-10T14:16:25.281+0000] {logging_mixin.py:149} INFO - [2023-06-10T14:16:25.280+0000] {dagbag.py:541} INFO - Filling up the DagBag from /home/airflow/.local/lib/python3.7/site-packages/airflow/example_dags/example_short_circuit_operator.py
[2023-06-10T14:16:25.345+0000] {processor.py:836} INFO - DAG(s) dict_keys(['example_short_circuit_operator']) retrieved from /home/airflow/.local/lib/python3.7/site-packages/airflow/example_dags/example_short_circuit_operator.py
[2023-06-10T14:16:25.525+0000] {logging_mixin.py:149} INFO - [2023-06-10T14:16:25.525+0000] {dag.py:2726} INFO - Sync 1 DAGs
[2023-06-10T14:16:25.739+0000] {logging_mixin.py:149} INFO - [2023-06-10T14:16:25.739+0000] {dag.py:3490} INFO - Setting next_dagrun for example_short_circuit_operator to 2023-06-09T14:16:25.738698+00:00, run_after=2023-06-10T14:16:25.738698+00:00
[2023-06-10T14:16:25.878+0000] {processor.py:179} INFO - Processing /home/airflow/.local/lib/python3.7/site-packages/airflow/example_dags/example_short_circuit_operator.py took 0.622 seconds
[2023-06-10T14:27:28.331+0000] {processor.py:157} INFO - Started process (PID=62) to work on /home/airflow/.local/lib/python3.7/site-packages/airflow/example_dags/example_short_circuit_operator.py
[2023-06-10T14:27:28.338+0000] {processor.py:826} INFO - Processing file /home/airflow/.local/lib/python3.7/site-packages/airflow/example_dags/example_short_circuit_operator.py for tasks to queue
[2023-06-10T14:27:28.340+0000] {logging_mixin.py:149} INFO - [2023-06-10T14:27:28.340+0000] {dagbag.py:541} INFO - Filling up the DagBag from /home/airflow/.local/lib/python3.7/site-packages/airflow/example_dags/example_short_circuit_operator.py
[2023-06-10T14:27:28.378+0000] {processor.py:836} INFO - DAG(s) dict_keys(['example_short_circuit_operator']) retrieved from /home/airflow/.local/lib/python3.7/site-packages/airflow/example_dags/example_short_circuit_operator.py
[2023-06-10T14:27:28.669+0000] {logging_mixin.py:149} INFO - [2023-06-10T14:27:28.669+0000] {dag.py:2726} INFO - Sync 1 DAGs
[2023-06-10T14:27:29.221+0000] {logging_mixin.py:149} INFO - [2023-06-10T14:27:29.221+0000] {dag.py:3490} INFO - Setting next_dagrun for example_short_circuit_operator to 2023-06-09T14:27:29.220711+00:00, run_after=2023-06-10T14:27:29.220711+00:00
[2023-06-10T14:27:29.487+0000] {processor.py:179} INFO - Processing /home/airflow/.local/lib/python3.7/site-packages/airflow/example_dags/example_short_circuit_operator.py took 1.164 seconds
[2023-06-10T14:28:03.556+0000] {processor.py:157} INFO - Started process (PID=124) to work on /home/airflow/.local/lib/python3.7/site-packages/airflow/example_dags/example_short_circuit_operator.py
[2023-06-10T14:28:03.571+0000] {processor.py:826} INFO - Processing file /home/airflow/.local/lib/python3.7/site-packages/airflow/example_dags/example_short_circuit_operator.py for tasks to queue
[2023-06-10T14:28:03.580+0000] {logging_mixin.py:149} INFO - [2023-06-10T14:28:03.580+0000] {dagbag.py:541} INFO - Filling up the DagBag from /home/airflow/.local/lib/python3.7/site-packages/airflow/example_dags/example_short_circuit_operator.py
[2023-06-10T14:28:03.652+0000] {processor.py:836} INFO - DAG(s) dict_keys(['example_short_circuit_operator']) retrieved from /home/airflow/.local/lib/python3.7/site-packages/airflow/example_dags/example_short_circuit_operator.py
[2023-06-10T14:28:03.973+0000] {logging_mixin.py:149} INFO - [2023-06-10T14:28:03.972+0000] {dag.py:2726} INFO - Sync 1 DAGs
[2023-06-10T14:28:04.113+0000] {logging_mixin.py:149} INFO - [2023-06-10T14:28:04.113+0000] {dag.py:3490} INFO - Setting next_dagrun for example_short_circuit_operator to 2023-06-09T14:28:04.112856+00:00, run_after=2023-06-10T14:28:04.112856+00:00
[2023-06-10T14:28:04.239+0000] {processor.py:179} INFO - Processing /home/airflow/.local/lib/python3.7/site-packages/airflow/example_dags/example_short_circuit_operator.py took 0.695 seconds
[2023-06-10T14:28:35.013+0000] {processor.py:157} INFO - Started process (PID=179) to work on /home/airflow/.local/lib/python3.7/site-packages/airflow/example_dags/example_short_circuit_operator.py
[2023-06-10T14:28:35.019+0000] {processor.py:826} INFO - Processing file /home/airflow/.local/lib/python3.7/site-packages/airflow/example_dags/example_short_circuit_operator.py for tasks to queue
[2023-06-10T14:28:35.021+0000] {logging_mixin.py:149} INFO - [2023-06-10T14:28:35.021+0000] {dagbag.py:541} INFO - Filling up the DagBag from /home/airflow/.local/lib/python3.7/site-packages/airflow/example_dags/example_short_circuit_operator.py
[2023-06-10T14:28:35.072+0000] {processor.py:836} INFO - DAG(s) dict_keys(['example_short_circuit_operator']) retrieved from /home/airflow/.local/lib/python3.7/site-packages/airflow/example_dags/example_short_circuit_operator.py
[2023-06-10T14:28:35.260+0000] {logging_mixin.py:149} INFO - [2023-06-10T14:28:35.259+0000] {dag.py:2726} INFO - Sync 1 DAGs
[2023-06-10T14:28:35.454+0000] {logging_mixin.py:149} INFO - [2023-06-10T14:28:35.438+0000] {dag.py:3490} INFO - Setting next_dagrun for example_short_circuit_operator to 2023-06-09T14:28:35.436143+00:00, run_after=2023-06-10T14:28:35.436143+00:00
[2023-06-10T14:28:35.672+0000] {processor.py:179} INFO - Processing /home/airflow/.local/lib/python3.7/site-packages/airflow/example_dags/example_short_circuit_operator.py took 0.681 seconds
[2023-06-10T14:29:05.923+0000] {processor.py:157} INFO - Started process (PID=233) to work on /home/airflow/.local/lib/python3.7/site-packages/airflow/example_dags/example_short_circuit_operator.py
[2023-06-10T14:29:05.927+0000] {processor.py:826} INFO - Processing file /home/airflow/.local/lib/python3.7/site-packages/airflow/example_dags/example_short_circuit_operator.py for tasks to queue
[2023-06-10T14:29:05.929+0000] {logging_mixin.py:149} INFO - [2023-06-10T14:29:05.929+0000] {dagbag.py:541} INFO - Filling up the DagBag from /home/airflow/.local/lib/python3.7/site-packages/airflow/example_dags/example_short_circuit_operator.py
[2023-06-10T14:29:05.958+0000] {processor.py:836} INFO - DAG(s) dict_keys(['example_short_circuit_operator']) retrieved from /home/airflow/.local/lib/python3.7/site-packages/airflow/example_dags/example_short_circuit_operator.py
[2023-06-10T14:29:06.023+0000] {logging_mixin.py:149} INFO - [2023-06-10T14:29:06.023+0000] {dag.py:2726} INFO - Sync 1 DAGs
[2023-06-10T14:29:06.119+0000] {logging_mixin.py:149} INFO - [2023-06-10T14:29:06.118+0000] {dag.py:3490} INFO - Setting next_dagrun for example_short_circuit_operator to 2023-06-09T14:29:06.117780+00:00, run_after=2023-06-10T14:29:06.117780+00:00
[2023-06-10T14:29:06.180+0000] {processor.py:179} INFO - Processing /home/airflow/.local/lib/python3.7/site-packages/airflow/example_dags/example_short_circuit_operator.py took 0.270 seconds
[2023-06-10T14:29:39.517+0000] {processor.py:157} INFO - Started process (PID=288) to work on /home/airflow/.local/lib/python3.7/site-packages/airflow/example_dags/example_short_circuit_operator.py
[2023-06-10T14:29:39.528+0000] {processor.py:826} INFO - Processing file /home/airflow/.local/lib/python3.7/site-packages/airflow/example_dags/example_short_circuit_operator.py for tasks to queue
[2023-06-10T14:29:39.537+0000] {logging_mixin.py:149} INFO - [2023-06-10T14:29:39.537+0000] {dagbag.py:541} INFO - Filling up the DagBag from /home/airflow/.local/lib/python3.7/site-packages/airflow/example_dags/example_short_circuit_operator.py
[2023-06-10T14:29:39.636+0000] {processor.py:836} INFO - DAG(s) dict_keys(['example_short_circuit_operator']) retrieved from /home/airflow/.local/lib/python3.7/site-packages/airflow/example_dags/example_short_circuit_operator.py
[2023-06-10T14:29:39.872+0000] {logging_mixin.py:149} INFO - [2023-06-10T14:29:39.871+0000] {dag.py:2726} INFO - Sync 1 DAGs
[2023-06-10T14:29:40.080+0000] {logging_mixin.py:149} INFO - [2023-06-10T14:29:40.079+0000] {dag.py:3490} INFO - Setting next_dagrun for example_short_circuit_operator to 2023-06-09T14:29:40.078574+00:00, run_after=2023-06-10T14:29:40.078574+00:00
[2023-06-10T14:29:40.275+0000] {processor.py:179} INFO - Processing /home/airflow/.local/lib/python3.7/site-packages/airflow/example_dags/example_short_circuit_operator.py took 0.788 seconds
[2023-06-10T14:30:10.993+0000] {processor.py:157} INFO - Started process (PID=344) to work on /home/airflow/.local/lib/python3.7/site-packages/airflow/example_dags/example_short_circuit_operator.py
[2023-06-10T14:30:10.998+0000] {processor.py:826} INFO - Processing file /home/airflow/.local/lib/python3.7/site-packages/airflow/example_dags/example_short_circuit_operator.py for tasks to queue
[2023-06-10T14:30:11.000+0000] {logging_mixin.py:149} INFO - [2023-06-10T14:30:11.000+0000] {dagbag.py:541} INFO - Filling up the DagBag from /home/airflow/.local/lib/python3.7/site-packages/airflow/example_dags/example_short_circuit_operator.py
[2023-06-10T14:30:11.026+0000] {processor.py:836} INFO - DAG(s) dict_keys(['example_short_circuit_operator']) retrieved from /home/airflow/.local/lib/python3.7/site-packages/airflow/example_dags/example_short_circuit_operator.py
[2023-06-10T14:30:11.086+0000] {logging_mixin.py:149} INFO - [2023-06-10T14:30:11.086+0000] {dag.py:2726} INFO - Sync 1 DAGs
[2023-06-10T14:30:11.143+0000] {logging_mixin.py:149} INFO - [2023-06-10T14:30:11.143+0000] {dag.py:3490} INFO - Setting next_dagrun for example_short_circuit_operator to 2023-06-09T14:30:11.143103+00:00, run_after=2023-06-10T14:30:11.143103+00:00
[2023-06-10T14:30:11.206+0000] {processor.py:179} INFO - Processing /home/airflow/.local/lib/python3.7/site-packages/airflow/example_dags/example_short_circuit_operator.py took 0.224 seconds
[2023-06-10T14:30:41.630+0000] {processor.py:157} INFO - Started process (PID=400) to work on /home/airflow/.local/lib/python3.7/site-packages/airflow/example_dags/example_short_circuit_operator.py
[2023-06-10T14:30:41.633+0000] {processor.py:826} INFO - Processing file /home/airflow/.local/lib/python3.7/site-packages/airflow/example_dags/example_short_circuit_operator.py for tasks to queue
[2023-06-10T14:30:41.635+0000] {logging_mixin.py:149} INFO - [2023-06-10T14:30:41.635+0000] {dagbag.py:541} INFO - Filling up the DagBag from /home/airflow/.local/lib/python3.7/site-packages/airflow/example_dags/example_short_circuit_operator.py
[2023-06-10T14:30:41.663+0000] {processor.py:836} INFO - DAG(s) dict_keys(['example_short_circuit_operator']) retrieved from /home/airflow/.local/lib/python3.7/site-packages/airflow/example_dags/example_short_circuit_operator.py
[2023-06-10T14:30:41.765+0000] {logging_mixin.py:149} INFO - [2023-06-10T14:30:41.765+0000] {dag.py:2726} INFO - Sync 1 DAGs
[2023-06-10T14:30:41.845+0000] {logging_mixin.py:149} INFO - [2023-06-10T14:30:41.844+0000] {dag.py:3490} INFO - Setting next_dagrun for example_short_circuit_operator to 2023-06-09T14:30:41.844553+00:00, run_after=2023-06-10T14:30:41.844553+00:00
[2023-06-10T14:30:41.888+0000] {processor.py:179} INFO - Processing /home/airflow/.local/lib/python3.7/site-packages/airflow/example_dags/example_short_circuit_operator.py took 0.266 seconds
