[2023-06-10T14:05:59.071+0000] {processor.py:157} INFO - Started process (PID=50) to work on /home/airflow/.local/lib/python3.7/site-packages/airflow/example_dags/example_xcomargs.py
[2023-06-10T14:05:59.091+0000] {processor.py:826} INFO - Processing file /home/airflow/.local/lib/python3.7/site-packages/airflow/example_dags/example_xcomargs.py for tasks to queue
[2023-06-10T14:05:59.100+0000] {logging_mixin.py:149} INFO - [2023-06-10T14:05:59.099+0000] {dagbag.py:541} INFO - Filling up the DagBag from /home/airflow/.local/lib/python3.7/site-packages/airflow/example_dags/example_xcomargs.py
[2023-06-10T14:05:59.250+0000] {processor.py:836} INFO - DAG(s) dict_keys(['example_xcom_args_with_operators', 'example_xcom_args']) retrieved from /home/airflow/.local/lib/python3.7/site-packages/airflow/example_dags/example_xcomargs.py
[2023-06-10T14:05:59.344+0000] {logging_mixin.py:149} INFO - [2023-06-10T14:05:59.344+0000] {dag.py:2726} INFO - Sync 2 DAGs
[2023-06-10T14:05:59.599+0000] {logging_mixin.py:149} INFO - [2023-06-10T14:05:59.596+0000] {dag.py:3490} INFO - Setting next_dagrun for example_xcom_args to None, run_after=None
[2023-06-10T14:05:59.707+0000] {logging_mixin.py:149} INFO - [2023-06-10T14:05:59.684+0000] {dag.py:3490} INFO - Setting next_dagrun for example_xcom_args_with_operators to None, run_after=None
[2023-06-10T14:05:59.953+0000] {processor.py:179} INFO - Processing /home/airflow/.local/lib/python3.7/site-packages/airflow/example_dags/example_xcomargs.py took 0.924 seconds
[2023-06-10T14:06:30.392+0000] {processor.py:157} INFO - Started process (PID=105) to work on /home/airflow/.local/lib/python3.7/site-packages/airflow/example_dags/example_xcomargs.py
[2023-06-10T14:06:30.396+0000] {processor.py:826} INFO - Processing file /home/airflow/.local/lib/python3.7/site-packages/airflow/example_dags/example_xcomargs.py for tasks to queue
[2023-06-10T14:06:30.399+0000] {logging_mixin.py:149} INFO - [2023-06-10T14:06:30.399+0000] {dagbag.py:541} INFO - Filling up the DagBag from /home/airflow/.local/lib/python3.7/site-packages/airflow/example_dags/example_xcomargs.py
[2023-06-10T14:06:30.436+0000] {processor.py:836} INFO - DAG(s) dict_keys(['example_xcom_args', 'example_xcom_args_with_operators']) retrieved from /home/airflow/.local/lib/python3.7/site-packages/airflow/example_dags/example_xcomargs.py
[2023-06-10T14:06:30.511+0000] {logging_mixin.py:149} INFO - [2023-06-10T14:06:30.511+0000] {dag.py:2726} INFO - Sync 2 DAGs
[2023-06-10T14:06:30.575+0000] {logging_mixin.py:149} INFO - [2023-06-10T14:06:30.575+0000] {dag.py:3490} INFO - Setting next_dagrun for example_xcom_args to None, run_after=None
[2023-06-10T14:06:30.581+0000] {logging_mixin.py:149} INFO - [2023-06-10T14:06:30.581+0000] {dag.py:3490} INFO - Setting next_dagrun for example_xcom_args_with_operators to None, run_after=None
[2023-06-10T14:06:30.618+0000] {processor.py:179} INFO - Processing /home/airflow/.local/lib/python3.7/site-packages/airflow/example_dags/example_xcomargs.py took 0.253 seconds
[2023-06-10T14:07:01.077+0000] {processor.py:157} INFO - Started process (PID=160) to work on /home/airflow/.local/lib/python3.7/site-packages/airflow/example_dags/example_xcomargs.py
[2023-06-10T14:07:01.079+0000] {processor.py:826} INFO - Processing file /home/airflow/.local/lib/python3.7/site-packages/airflow/example_dags/example_xcomargs.py for tasks to queue
[2023-06-10T14:07:01.081+0000] {logging_mixin.py:149} INFO - [2023-06-10T14:07:01.081+0000] {dagbag.py:541} INFO - Filling up the DagBag from /home/airflow/.local/lib/python3.7/site-packages/airflow/example_dags/example_xcomargs.py
[2023-06-10T14:07:01.108+0000] {processor.py:836} INFO - DAG(s) dict_keys(['example_xcom_args_with_operators', 'example_xcom_args']) retrieved from /home/airflow/.local/lib/python3.7/site-packages/airflow/example_dags/example_xcomargs.py
[2023-06-10T14:07:01.211+0000] {logging_mixin.py:149} INFO - [2023-06-10T14:07:01.211+0000] {dag.py:2726} INFO - Sync 2 DAGs
[2023-06-10T14:07:01.289+0000] {logging_mixin.py:149} INFO - [2023-06-10T14:07:01.289+0000] {dag.py:3490} INFO - Setting next_dagrun for example_xcom_args to None, run_after=None
[2023-06-10T14:07:01.297+0000] {logging_mixin.py:149} INFO - [2023-06-10T14:07:01.297+0000] {dag.py:3490} INFO - Setting next_dagrun for example_xcom_args_with_operators to None, run_after=None
[2023-06-10T14:07:01.378+0000] {processor.py:179} INFO - Processing /home/airflow/.local/lib/python3.7/site-packages/airflow/example_dags/example_xcomargs.py took 0.319 seconds
[2023-06-10T14:07:31.735+0000] {processor.py:157} INFO - Started process (PID=215) to work on /home/airflow/.local/lib/python3.7/site-packages/airflow/example_dags/example_xcomargs.py
[2023-06-10T14:07:31.738+0000] {processor.py:826} INFO - Processing file /home/airflow/.local/lib/python3.7/site-packages/airflow/example_dags/example_xcomargs.py for tasks to queue
[2023-06-10T14:07:31.739+0000] {logging_mixin.py:149} INFO - [2023-06-10T14:07:31.739+0000] {dagbag.py:541} INFO - Filling up the DagBag from /home/airflow/.local/lib/python3.7/site-packages/airflow/example_dags/example_xcomargs.py
[2023-06-10T14:07:31.752+0000] {processor.py:836} INFO - DAG(s) dict_keys(['example_xcom_args', 'example_xcom_args_with_operators']) retrieved from /home/airflow/.local/lib/python3.7/site-packages/airflow/example_dags/example_xcomargs.py
[2023-06-10T14:07:31.834+0000] {logging_mixin.py:149} INFO - [2023-06-10T14:07:31.834+0000] {dag.py:2726} INFO - Sync 2 DAGs
[2023-06-10T14:07:31.915+0000] {logging_mixin.py:149} INFO - [2023-06-10T14:07:31.914+0000] {dag.py:3490} INFO - Setting next_dagrun for example_xcom_args to None, run_after=None
[2023-06-10T14:07:31.935+0000] {logging_mixin.py:149} INFO - [2023-06-10T14:07:31.934+0000] {dag.py:3490} INFO - Setting next_dagrun for example_xcom_args_with_operators to None, run_after=None
[2023-06-10T14:07:32.000+0000] {processor.py:179} INFO - Processing /home/airflow/.local/lib/python3.7/site-packages/airflow/example_dags/example_xcomargs.py took 0.270 seconds
[2023-06-10T14:08:02.566+0000] {processor.py:157} INFO - Started process (PID=270) to work on /home/airflow/.local/lib/python3.7/site-packages/airflow/example_dags/example_xcomargs.py
[2023-06-10T14:08:02.569+0000] {processor.py:826} INFO - Processing file /home/airflow/.local/lib/python3.7/site-packages/airflow/example_dags/example_xcomargs.py for tasks to queue
[2023-06-10T14:08:02.570+0000] {logging_mixin.py:149} INFO - [2023-06-10T14:08:02.570+0000] {dagbag.py:541} INFO - Filling up the DagBag from /home/airflow/.local/lib/python3.7/site-packages/airflow/example_dags/example_xcomargs.py
[2023-06-10T14:08:02.585+0000] {processor.py:836} INFO - DAG(s) dict_keys(['example_xcom_args_with_operators', 'example_xcom_args']) retrieved from /home/airflow/.local/lib/python3.7/site-packages/airflow/example_dags/example_xcomargs.py
[2023-06-10T14:08:02.636+0000] {logging_mixin.py:149} INFO - [2023-06-10T14:08:02.636+0000] {dag.py:2726} INFO - Sync 2 DAGs
[2023-06-10T14:08:02.692+0000] {logging_mixin.py:149} INFO - [2023-06-10T14:08:02.691+0000] {dag.py:3490} INFO - Setting next_dagrun for example_xcom_args to None, run_after=None
[2023-06-10T14:08:02.698+0000] {logging_mixin.py:149} INFO - [2023-06-10T14:08:02.698+0000] {dag.py:3490} INFO - Setting next_dagrun for example_xcom_args_with_operators to None, run_after=None
[2023-06-10T14:08:02.760+0000] {processor.py:179} INFO - Processing /home/airflow/.local/lib/python3.7/site-packages/airflow/example_dags/example_xcomargs.py took 0.201 seconds
[2023-06-10T14:08:32.954+0000] {processor.py:157} INFO - Started process (PID=326) to work on /home/airflow/.local/lib/python3.7/site-packages/airflow/example_dags/example_xcomargs.py
[2023-06-10T14:08:32.956+0000] {processor.py:826} INFO - Processing file /home/airflow/.local/lib/python3.7/site-packages/airflow/example_dags/example_xcomargs.py for tasks to queue
[2023-06-10T14:08:32.957+0000] {logging_mixin.py:149} INFO - [2023-06-10T14:08:32.957+0000] {dagbag.py:541} INFO - Filling up the DagBag from /home/airflow/.local/lib/python3.7/site-packages/airflow/example_dags/example_xcomargs.py
[2023-06-10T14:08:32.972+0000] {processor.py:836} INFO - DAG(s) dict_keys(['example_xcom_args', 'example_xcom_args_with_operators']) retrieved from /home/airflow/.local/lib/python3.7/site-packages/airflow/example_dags/example_xcomargs.py
[2023-06-10T14:08:33.034+0000] {logging_mixin.py:149} INFO - [2023-06-10T14:08:33.033+0000] {dag.py:2726} INFO - Sync 2 DAGs
[2023-06-10T14:08:33.099+0000] {logging_mixin.py:149} INFO - [2023-06-10T14:08:33.098+0000] {dag.py:3490} INFO - Setting next_dagrun for example_xcom_args to None, run_after=None
[2023-06-10T14:08:33.106+0000] {logging_mixin.py:149} INFO - [2023-06-10T14:08:33.106+0000] {dag.py:3490} INFO - Setting next_dagrun for example_xcom_args_with_operators to None, run_after=None
[2023-06-10T14:08:33.141+0000] {processor.py:179} INFO - Processing /home/airflow/.local/lib/python3.7/site-packages/airflow/example_dags/example_xcomargs.py took 0.193 seconds
[2023-06-10T14:09:03.551+0000] {processor.py:157} INFO - Started process (PID=380) to work on /home/airflow/.local/lib/python3.7/site-packages/airflow/example_dags/example_xcomargs.py
[2023-06-10T14:09:03.554+0000] {processor.py:826} INFO - Processing file /home/airflow/.local/lib/python3.7/site-packages/airflow/example_dags/example_xcomargs.py for tasks to queue
[2023-06-10T14:09:03.555+0000] {logging_mixin.py:149} INFO - [2023-06-10T14:09:03.555+0000] {dagbag.py:541} INFO - Filling up the DagBag from /home/airflow/.local/lib/python3.7/site-packages/airflow/example_dags/example_xcomargs.py
[2023-06-10T14:09:03.576+0000] {processor.py:836} INFO - DAG(s) dict_keys(['example_xcom_args', 'example_xcom_args_with_operators']) retrieved from /home/airflow/.local/lib/python3.7/site-packages/airflow/example_dags/example_xcomargs.py
[2023-06-10T14:09:03.631+0000] {logging_mixin.py:149} INFO - [2023-06-10T14:09:03.631+0000] {dag.py:2726} INFO - Sync 2 DAGs
[2023-06-10T14:09:03.688+0000] {logging_mixin.py:149} INFO - [2023-06-10T14:09:03.688+0000] {dag.py:3490} INFO - Setting next_dagrun for example_xcom_args to None, run_after=None
[2023-06-10T14:09:03.695+0000] {logging_mixin.py:149} INFO - [2023-06-10T14:09:03.695+0000] {dag.py:3490} INFO - Setting next_dagrun for example_xcom_args_with_operators to None, run_after=None
[2023-06-10T14:09:03.739+0000] {processor.py:179} INFO - Processing /home/airflow/.local/lib/python3.7/site-packages/airflow/example_dags/example_xcomargs.py took 0.195 seconds
[2023-06-10T14:09:33.937+0000] {processor.py:157} INFO - Started process (PID=435) to work on /home/airflow/.local/lib/python3.7/site-packages/airflow/example_dags/example_xcomargs.py
[2023-06-10T14:09:33.940+0000] {processor.py:826} INFO - Processing file /home/airflow/.local/lib/python3.7/site-packages/airflow/example_dags/example_xcomargs.py for tasks to queue
[2023-06-10T14:09:33.945+0000] {logging_mixin.py:149} INFO - [2023-06-10T14:09:33.944+0000] {dagbag.py:541} INFO - Filling up the DagBag from /home/airflow/.local/lib/python3.7/site-packages/airflow/example_dags/example_xcomargs.py
[2023-06-10T14:09:33.991+0000] {processor.py:836} INFO - DAG(s) dict_keys(['example_xcom_args_with_operators', 'example_xcom_args']) retrieved from /home/airflow/.local/lib/python3.7/site-packages/airflow/example_dags/example_xcomargs.py
[2023-06-10T14:09:34.103+0000] {logging_mixin.py:149} INFO - [2023-06-10T14:09:34.102+0000] {dag.py:2726} INFO - Sync 2 DAGs
[2023-06-10T14:09:34.232+0000] {logging_mixin.py:149} INFO - [2023-06-10T14:09:34.232+0000] {dag.py:3490} INFO - Setting next_dagrun for example_xcom_args to None, run_after=None
[2023-06-10T14:09:34.254+0000] {logging_mixin.py:149} INFO - [2023-06-10T14:09:34.253+0000] {dag.py:3490} INFO - Setting next_dagrun for example_xcom_args_with_operators to None, run_after=None
[2023-06-10T14:09:34.313+0000] {processor.py:179} INFO - Processing /home/airflow/.local/lib/python3.7/site-packages/airflow/example_dags/example_xcomargs.py took 0.392 seconds
[2023-06-10T14:10:04.506+0000] {processor.py:157} INFO - Started process (PID=490) to work on /home/airflow/.local/lib/python3.7/site-packages/airflow/example_dags/example_xcomargs.py
[2023-06-10T14:10:04.507+0000] {processor.py:826} INFO - Processing file /home/airflow/.local/lib/python3.7/site-packages/airflow/example_dags/example_xcomargs.py for tasks to queue
[2023-06-10T14:10:04.508+0000] {logging_mixin.py:149} INFO - [2023-06-10T14:10:04.508+0000] {dagbag.py:541} INFO - Filling up the DagBag from /home/airflow/.local/lib/python3.7/site-packages/airflow/example_dags/example_xcomargs.py
[2023-06-10T14:10:04.526+0000] {processor.py:836} INFO - DAG(s) dict_keys(['example_xcom_args', 'example_xcom_args_with_operators']) retrieved from /home/airflow/.local/lib/python3.7/site-packages/airflow/example_dags/example_xcomargs.py
[2023-06-10T14:10:04.585+0000] {logging_mixin.py:149} INFO - [2023-06-10T14:10:04.585+0000] {dag.py:2726} INFO - Sync 2 DAGs
[2023-06-10T14:10:04.665+0000] {logging_mixin.py:149} INFO - [2023-06-10T14:10:04.665+0000] {dag.py:3490} INFO - Setting next_dagrun for example_xcom_args to None, run_after=None
[2023-06-10T14:10:04.675+0000] {logging_mixin.py:149} INFO - [2023-06-10T14:10:04.675+0000] {dag.py:3490} INFO - Setting next_dagrun for example_xcom_args_with_operators to None, run_after=None
[2023-06-10T14:10:04.719+0000] {processor.py:179} INFO - Processing /home/airflow/.local/lib/python3.7/site-packages/airflow/example_dags/example_xcomargs.py took 0.220 seconds
[2023-06-10T14:10:34.914+0000] {processor.py:157} INFO - Started process (PID=545) to work on /home/airflow/.local/lib/python3.7/site-packages/airflow/example_dags/example_xcomargs.py
[2023-06-10T14:10:34.917+0000] {processor.py:826} INFO - Processing file /home/airflow/.local/lib/python3.7/site-packages/airflow/example_dags/example_xcomargs.py for tasks to queue
[2023-06-10T14:10:34.919+0000] {logging_mixin.py:149} INFO - [2023-06-10T14:10:34.918+0000] {dagbag.py:541} INFO - Filling up the DagBag from /home/airflow/.local/lib/python3.7/site-packages/airflow/example_dags/example_xcomargs.py
[2023-06-10T14:10:34.936+0000] {processor.py:836} INFO - DAG(s) dict_keys(['example_xcom_args', 'example_xcom_args_with_operators']) retrieved from /home/airflow/.local/lib/python3.7/site-packages/airflow/example_dags/example_xcomargs.py
[2023-06-10T14:10:34.989+0000] {logging_mixin.py:149} INFO - [2023-06-10T14:10:34.988+0000] {dag.py:2726} INFO - Sync 2 DAGs
[2023-06-10T14:10:35.047+0000] {logging_mixin.py:149} INFO - [2023-06-10T14:10:35.047+0000] {dag.py:3490} INFO - Setting next_dagrun for example_xcom_args to None, run_after=None
[2023-06-10T14:10:35.054+0000] {logging_mixin.py:149} INFO - [2023-06-10T14:10:35.054+0000] {dag.py:3490} INFO - Setting next_dagrun for example_xcom_args_with_operators to None, run_after=None
[2023-06-10T14:10:35.097+0000] {processor.py:179} INFO - Processing /home/airflow/.local/lib/python3.7/site-packages/airflow/example_dags/example_xcomargs.py took 0.188 seconds
[2023-06-10T14:11:05.849+0000] {processor.py:157} INFO - Started process (PID=600) to work on /home/airflow/.local/lib/python3.7/site-packages/airflow/example_dags/example_xcomargs.py
[2023-06-10T14:11:05.852+0000] {processor.py:826} INFO - Processing file /home/airflow/.local/lib/python3.7/site-packages/airflow/example_dags/example_xcomargs.py for tasks to queue
[2023-06-10T14:11:05.854+0000] {logging_mixin.py:149} INFO - [2023-06-10T14:11:05.854+0000] {dagbag.py:541} INFO - Filling up the DagBag from /home/airflow/.local/lib/python3.7/site-packages/airflow/example_dags/example_xcomargs.py
[2023-06-10T14:11:05.873+0000] {processor.py:836} INFO - DAG(s) dict_keys(['example_xcom_args', 'example_xcom_args_with_operators']) retrieved from /home/airflow/.local/lib/python3.7/site-packages/airflow/example_dags/example_xcomargs.py
[2023-06-10T14:11:05.902+0000] {logging_mixin.py:149} INFO - [2023-06-10T14:11:05.902+0000] {dag.py:2726} INFO - Sync 2 DAGs
[2023-06-10T14:11:05.988+0000] {logging_mixin.py:149} INFO - [2023-06-10T14:11:05.987+0000] {dag.py:3490} INFO - Setting next_dagrun for example_xcom_args to None, run_after=None
[2023-06-10T14:11:05.997+0000] {logging_mixin.py:149} INFO - [2023-06-10T14:11:05.997+0000] {dag.py:3490} INFO - Setting next_dagrun for example_xcom_args_with_operators to None, run_after=None
[2023-06-10T14:11:06.039+0000] {processor.py:179} INFO - Processing /home/airflow/.local/lib/python3.7/site-packages/airflow/example_dags/example_xcomargs.py took 0.195 seconds
[2023-06-10T14:11:36.378+0000] {processor.py:157} INFO - Started process (PID=651) to work on /home/airflow/.local/lib/python3.7/site-packages/airflow/example_dags/example_xcomargs.py
[2023-06-10T14:11:36.382+0000] {processor.py:826} INFO - Processing file /home/airflow/.local/lib/python3.7/site-packages/airflow/example_dags/example_xcomargs.py for tasks to queue
[2023-06-10T14:11:36.384+0000] {logging_mixin.py:149} INFO - [2023-06-10T14:11:36.383+0000] {dagbag.py:541} INFO - Filling up the DagBag from /home/airflow/.local/lib/python3.7/site-packages/airflow/example_dags/example_xcomargs.py
[2023-06-10T14:11:36.404+0000] {processor.py:836} INFO - DAG(s) dict_keys(['example_xcom_args', 'example_xcom_args_with_operators']) retrieved from /home/airflow/.local/lib/python3.7/site-packages/airflow/example_dags/example_xcomargs.py
[2023-06-10T14:11:36.633+0000] {logging_mixin.py:149} INFO - [2023-06-10T14:11:36.633+0000] {dag.py:2726} INFO - Sync 2 DAGs
[2023-06-10T14:11:36.792+0000] {logging_mixin.py:149} INFO - [2023-06-10T14:11:36.792+0000] {dag.py:3490} INFO - Setting next_dagrun for example_xcom_args to None, run_after=None
[2023-06-10T14:11:36.812+0000] {logging_mixin.py:149} INFO - [2023-06-10T14:11:36.811+0000] {dag.py:3490} INFO - Setting next_dagrun for example_xcom_args_with_operators to None, run_after=None
[2023-06-10T14:11:36.895+0000] {processor.py:179} INFO - Processing /home/airflow/.local/lib/python3.7/site-packages/airflow/example_dags/example_xcomargs.py took 0.524 seconds
[2023-06-10T14:12:07.162+0000] {processor.py:157} INFO - Started process (PID=706) to work on /home/airflow/.local/lib/python3.7/site-packages/airflow/example_dags/example_xcomargs.py
[2023-06-10T14:12:07.165+0000] {processor.py:826} INFO - Processing file /home/airflow/.local/lib/python3.7/site-packages/airflow/example_dags/example_xcomargs.py for tasks to queue
[2023-06-10T14:12:07.166+0000] {logging_mixin.py:149} INFO - [2023-06-10T14:12:07.166+0000] {dagbag.py:541} INFO - Filling up the DagBag from /home/airflow/.local/lib/python3.7/site-packages/airflow/example_dags/example_xcomargs.py
[2023-06-10T14:12:07.181+0000] {processor.py:836} INFO - DAG(s) dict_keys(['example_xcom_args', 'example_xcom_args_with_operators']) retrieved from /home/airflow/.local/lib/python3.7/site-packages/airflow/example_dags/example_xcomargs.py
[2023-06-10T14:12:07.234+0000] {logging_mixin.py:149} INFO - [2023-06-10T14:12:07.234+0000] {dag.py:2726} INFO - Sync 2 DAGs
[2023-06-10T14:12:07.288+0000] {logging_mixin.py:149} INFO - [2023-06-10T14:12:07.288+0000] {dag.py:3490} INFO - Setting next_dagrun for example_xcom_args to None, run_after=None
[2023-06-10T14:12:07.295+0000] {logging_mixin.py:149} INFO - [2023-06-10T14:12:07.295+0000] {dag.py:3490} INFO - Setting next_dagrun for example_xcom_args_with_operators to None, run_after=None
[2023-06-10T14:12:07.329+0000] {processor.py:179} INFO - Processing /home/airflow/.local/lib/python3.7/site-packages/airflow/example_dags/example_xcomargs.py took 0.172 seconds
[2023-06-10T14:12:37.521+0000] {processor.py:157} INFO - Started process (PID=761) to work on /home/airflow/.local/lib/python3.7/site-packages/airflow/example_dags/example_xcomargs.py
[2023-06-10T14:12:37.523+0000] {processor.py:826} INFO - Processing file /home/airflow/.local/lib/python3.7/site-packages/airflow/example_dags/example_xcomargs.py for tasks to queue
[2023-06-10T14:12:37.525+0000] {logging_mixin.py:149} INFO - [2023-06-10T14:12:37.524+0000] {dagbag.py:541} INFO - Filling up the DagBag from /home/airflow/.local/lib/python3.7/site-packages/airflow/example_dags/example_xcomargs.py
[2023-06-10T14:12:37.560+0000] {processor.py:836} INFO - DAG(s) dict_keys(['example_xcom_args', 'example_xcom_args_with_operators']) retrieved from /home/airflow/.local/lib/python3.7/site-packages/airflow/example_dags/example_xcomargs.py
[2023-06-10T14:12:37.663+0000] {logging_mixin.py:149} INFO - [2023-06-10T14:12:37.663+0000] {dag.py:2726} INFO - Sync 2 DAGs
[2023-06-10T14:12:37.771+0000] {logging_mixin.py:149} INFO - [2023-06-10T14:12:37.771+0000] {dag.py:3490} INFO - Setting next_dagrun for example_xcom_args to None, run_after=None
[2023-06-10T14:12:37.783+0000] {logging_mixin.py:149} INFO - [2023-06-10T14:12:37.782+0000] {dag.py:3490} INFO - Setting next_dagrun for example_xcom_args_with_operators to None, run_after=None
[2023-06-10T14:12:37.832+0000] {processor.py:179} INFO - Processing /home/airflow/.local/lib/python3.7/site-packages/airflow/example_dags/example_xcomargs.py took 0.318 seconds
[2023-06-10T14:13:08.351+0000] {processor.py:157} INFO - Started process (PID=816) to work on /home/airflow/.local/lib/python3.7/site-packages/airflow/example_dags/example_xcomargs.py
[2023-06-10T14:13:08.353+0000] {processor.py:826} INFO - Processing file /home/airflow/.local/lib/python3.7/site-packages/airflow/example_dags/example_xcomargs.py for tasks to queue
[2023-06-10T14:13:08.355+0000] {logging_mixin.py:149} INFO - [2023-06-10T14:13:08.354+0000] {dagbag.py:541} INFO - Filling up the DagBag from /home/airflow/.local/lib/python3.7/site-packages/airflow/example_dags/example_xcomargs.py
[2023-06-10T14:13:08.378+0000] {processor.py:836} INFO - DAG(s) dict_keys(['example_xcom_args_with_operators', 'example_xcom_args']) retrieved from /home/airflow/.local/lib/python3.7/site-packages/airflow/example_dags/example_xcomargs.py
[2023-06-10T14:13:08.451+0000] {logging_mixin.py:149} INFO - [2023-06-10T14:13:08.451+0000] {dag.py:2726} INFO - Sync 2 DAGs
[2023-06-10T14:13:08.517+0000] {logging_mixin.py:149} INFO - [2023-06-10T14:13:08.517+0000] {dag.py:3490} INFO - Setting next_dagrun for example_xcom_args to None, run_after=None
[2023-06-10T14:13:08.525+0000] {logging_mixin.py:149} INFO - [2023-06-10T14:13:08.525+0000] {dag.py:3490} INFO - Setting next_dagrun for example_xcom_args_with_operators to None, run_after=None
[2023-06-10T14:13:08.564+0000] {processor.py:179} INFO - Processing /home/airflow/.local/lib/python3.7/site-packages/airflow/example_dags/example_xcomargs.py took 0.219 seconds
[2023-06-10T14:13:38.610+0000] {processor.py:157} INFO - Started process (PID=870) to work on /home/airflow/.local/lib/python3.7/site-packages/airflow/example_dags/example_xcomargs.py
[2023-06-10T14:13:38.614+0000] {processor.py:826} INFO - Processing file /home/airflow/.local/lib/python3.7/site-packages/airflow/example_dags/example_xcomargs.py for tasks to queue
[2023-06-10T14:13:38.615+0000] {logging_mixin.py:149} INFO - [2023-06-10T14:13:38.615+0000] {dagbag.py:541} INFO - Filling up the DagBag from /home/airflow/.local/lib/python3.7/site-packages/airflow/example_dags/example_xcomargs.py
[2023-06-10T14:13:38.632+0000] {processor.py:836} INFO - DAG(s) dict_keys(['example_xcom_args_with_operators', 'example_xcom_args']) retrieved from /home/airflow/.local/lib/python3.7/site-packages/airflow/example_dags/example_xcomargs.py
[2023-06-10T14:13:38.659+0000] {logging_mixin.py:149} INFO - [2023-06-10T14:13:38.659+0000] {dag.py:2726} INFO - Sync 2 DAGs
[2023-06-10T14:13:38.732+0000] {logging_mixin.py:149} INFO - [2023-06-10T14:13:38.732+0000] {dag.py:3490} INFO - Setting next_dagrun for example_xcom_args to None, run_after=None
[2023-06-10T14:13:38.740+0000] {logging_mixin.py:149} INFO - [2023-06-10T14:13:38.740+0000] {dag.py:3490} INFO - Setting next_dagrun for example_xcom_args_with_operators to None, run_after=None
[2023-06-10T14:13:38.775+0000] {processor.py:179} INFO - Processing /home/airflow/.local/lib/python3.7/site-packages/airflow/example_dags/example_xcomargs.py took 0.170 seconds
[2023-06-10T14:14:09.896+0000] {processor.py:157} INFO - Started process (PID=924) to work on /home/airflow/.local/lib/python3.7/site-packages/airflow/example_dags/example_xcomargs.py
[2023-06-10T14:14:09.917+0000] {processor.py:826} INFO - Processing file /home/airflow/.local/lib/python3.7/site-packages/airflow/example_dags/example_xcomargs.py for tasks to queue
[2023-06-10T14:14:09.924+0000] {logging_mixin.py:149} INFO - [2023-06-10T14:14:09.924+0000] {dagbag.py:541} INFO - Filling up the DagBag from /home/airflow/.local/lib/python3.7/site-packages/airflow/example_dags/example_xcomargs.py
[2023-06-10T14:14:09.954+0000] {processor.py:836} INFO - DAG(s) dict_keys(['example_xcom_args', 'example_xcom_args_with_operators']) retrieved from /home/airflow/.local/lib/python3.7/site-packages/airflow/example_dags/example_xcomargs.py
[2023-06-10T14:14:10.218+0000] {logging_mixin.py:149} INFO - [2023-06-10T14:14:10.217+0000] {dag.py:2726} INFO - Sync 2 DAGs
[2023-06-10T14:14:10.556+0000] {logging_mixin.py:149} INFO - [2023-06-10T14:14:10.556+0000] {dag.py:3490} INFO - Setting next_dagrun for example_xcom_args to None, run_after=None
[2023-06-10T14:14:10.609+0000] {logging_mixin.py:149} INFO - [2023-06-10T14:14:10.609+0000] {dag.py:3490} INFO - Setting next_dagrun for example_xcom_args_with_operators to None, run_after=None
[2023-06-10T14:14:10.749+0000] {processor.py:179} INFO - Processing /home/airflow/.local/lib/python3.7/site-packages/airflow/example_dags/example_xcomargs.py took 0.880 seconds
[2023-06-10T14:14:40.978+0000] {processor.py:157} INFO - Started process (PID=979) to work on /home/airflow/.local/lib/python3.7/site-packages/airflow/example_dags/example_xcomargs.py
[2023-06-10T14:14:40.981+0000] {processor.py:826} INFO - Processing file /home/airflow/.local/lib/python3.7/site-packages/airflow/example_dags/example_xcomargs.py for tasks to queue
[2023-06-10T14:14:40.982+0000] {logging_mixin.py:149} INFO - [2023-06-10T14:14:40.982+0000] {dagbag.py:541} INFO - Filling up the DagBag from /home/airflow/.local/lib/python3.7/site-packages/airflow/example_dags/example_xcomargs.py
[2023-06-10T14:14:40.998+0000] {processor.py:836} INFO - DAG(s) dict_keys(['example_xcom_args_with_operators', 'example_xcom_args']) retrieved from /home/airflow/.local/lib/python3.7/site-packages/airflow/example_dags/example_xcomargs.py
[2023-06-10T14:14:41.069+0000] {logging_mixin.py:149} INFO - [2023-06-10T14:14:41.069+0000] {dag.py:2726} INFO - Sync 2 DAGs
[2023-06-10T14:14:41.169+0000] {logging_mixin.py:149} INFO - [2023-06-10T14:14:41.169+0000] {dag.py:3490} INFO - Setting next_dagrun for example_xcom_args to None, run_after=None
[2023-06-10T14:14:41.182+0000] {logging_mixin.py:149} INFO - [2023-06-10T14:14:41.181+0000] {dag.py:3490} INFO - Setting next_dagrun for example_xcom_args_with_operators to None, run_after=None
[2023-06-10T14:14:41.232+0000] {processor.py:179} INFO - Processing /home/airflow/.local/lib/python3.7/site-packages/airflow/example_dags/example_xcomargs.py took 0.261 seconds
[2023-06-10T14:15:11.536+0000] {processor.py:157} INFO - Started process (PID=1034) to work on /home/airflow/.local/lib/python3.7/site-packages/airflow/example_dags/example_xcomargs.py
[2023-06-10T14:15:11.539+0000] {processor.py:826} INFO - Processing file /home/airflow/.local/lib/python3.7/site-packages/airflow/example_dags/example_xcomargs.py for tasks to queue
[2023-06-10T14:15:11.541+0000] {logging_mixin.py:149} INFO - [2023-06-10T14:15:11.540+0000] {dagbag.py:541} INFO - Filling up the DagBag from /home/airflow/.local/lib/python3.7/site-packages/airflow/example_dags/example_xcomargs.py
[2023-06-10T14:15:11.568+0000] {processor.py:836} INFO - DAG(s) dict_keys(['example_xcom_args', 'example_xcom_args_with_operators']) retrieved from /home/airflow/.local/lib/python3.7/site-packages/airflow/example_dags/example_xcomargs.py
[2023-06-10T14:15:11.754+0000] {logging_mixin.py:149} INFO - [2023-06-10T14:15:11.754+0000] {dag.py:2726} INFO - Sync 2 DAGs
[2023-06-10T14:15:12.001+0000] {logging_mixin.py:149} INFO - [2023-06-10T14:15:12.000+0000] {dag.py:3490} INFO - Setting next_dagrun for example_xcom_args to None, run_after=None
[2023-06-10T14:15:12.043+0000] {logging_mixin.py:149} INFO - [2023-06-10T14:15:12.042+0000] {dag.py:3490} INFO - Setting next_dagrun for example_xcom_args_with_operators to None, run_after=None
[2023-06-10T14:15:12.156+0000] {processor.py:179} INFO - Processing /home/airflow/.local/lib/python3.7/site-packages/airflow/example_dags/example_xcomargs.py took 0.631 seconds
[2023-06-10T14:15:42.602+0000] {processor.py:157} INFO - Started process (PID=1089) to work on /home/airflow/.local/lib/python3.7/site-packages/airflow/example_dags/example_xcomargs.py
[2023-06-10T14:15:42.608+0000] {processor.py:826} INFO - Processing file /home/airflow/.local/lib/python3.7/site-packages/airflow/example_dags/example_xcomargs.py for tasks to queue
[2023-06-10T14:15:42.610+0000] {logging_mixin.py:149} INFO - [2023-06-10T14:15:42.609+0000] {dagbag.py:541} INFO - Filling up the DagBag from /home/airflow/.local/lib/python3.7/site-packages/airflow/example_dags/example_xcomargs.py
[2023-06-10T14:15:42.651+0000] {processor.py:836} INFO - DAG(s) dict_keys(['example_xcom_args', 'example_xcom_args_with_operators']) retrieved from /home/airflow/.local/lib/python3.7/site-packages/airflow/example_dags/example_xcomargs.py
[2023-06-10T14:15:42.861+0000] {logging_mixin.py:149} INFO - [2023-06-10T14:15:42.860+0000] {dag.py:2726} INFO - Sync 2 DAGs
[2023-06-10T14:15:43.017+0000] {logging_mixin.py:149} INFO - [2023-06-10T14:15:43.017+0000] {dag.py:3490} INFO - Setting next_dagrun for example_xcom_args to None, run_after=None
[2023-06-10T14:15:43.029+0000] {logging_mixin.py:149} INFO - [2023-06-10T14:15:43.029+0000] {dag.py:3490} INFO - Setting next_dagrun for example_xcom_args_with_operators to None, run_after=None
[2023-06-10T14:15:43.111+0000] {processor.py:179} INFO - Processing /home/airflow/.local/lib/python3.7/site-packages/airflow/example_dags/example_xcomargs.py took 0.520 seconds
[2023-06-10T14:16:13.467+0000] {processor.py:157} INFO - Started process (PID=1145) to work on /home/airflow/.local/lib/python3.7/site-packages/airflow/example_dags/example_xcomargs.py
[2023-06-10T14:16:13.469+0000] {processor.py:826} INFO - Processing file /home/airflow/.local/lib/python3.7/site-packages/airflow/example_dags/example_xcomargs.py for tasks to queue
[2023-06-10T14:16:13.470+0000] {logging_mixin.py:149} INFO - [2023-06-10T14:16:13.469+0000] {dagbag.py:541} INFO - Filling up the DagBag from /home/airflow/.local/lib/python3.7/site-packages/airflow/example_dags/example_xcomargs.py
[2023-06-10T14:16:13.497+0000] {processor.py:836} INFO - DAG(s) dict_keys(['example_xcom_args_with_operators', 'example_xcom_args']) retrieved from /home/airflow/.local/lib/python3.7/site-packages/airflow/example_dags/example_xcomargs.py
[2023-06-10T14:16:13.567+0000] {logging_mixin.py:149} INFO - [2023-06-10T14:16:13.567+0000] {dag.py:2726} INFO - Sync 2 DAGs
[2023-06-10T14:16:13.629+0000] {logging_mixin.py:149} INFO - [2023-06-10T14:16:13.628+0000] {dag.py:3490} INFO - Setting next_dagrun for example_xcom_args to None, run_after=None
[2023-06-10T14:16:13.636+0000] {logging_mixin.py:149} INFO - [2023-06-10T14:16:13.636+0000] {dag.py:3490} INFO - Setting next_dagrun for example_xcom_args_with_operators to None, run_after=None
[2023-06-10T14:16:13.671+0000] {processor.py:179} INFO - Processing /home/airflow/.local/lib/python3.7/site-packages/airflow/example_dags/example_xcomargs.py took 0.209 seconds
[2023-06-10T14:16:44.190+0000] {processor.py:157} INFO - Started process (PID=1201) to work on /home/airflow/.local/lib/python3.7/site-packages/airflow/example_dags/example_xcomargs.py
[2023-06-10T14:16:44.191+0000] {processor.py:826} INFO - Processing file /home/airflow/.local/lib/python3.7/site-packages/airflow/example_dags/example_xcomargs.py for tasks to queue
[2023-06-10T14:16:44.193+0000] {logging_mixin.py:149} INFO - [2023-06-10T14:16:44.192+0000] {dagbag.py:541} INFO - Filling up the DagBag from /home/airflow/.local/lib/python3.7/site-packages/airflow/example_dags/example_xcomargs.py
[2023-06-10T14:16:44.223+0000] {processor.py:836} INFO - DAG(s) dict_keys(['example_xcom_args', 'example_xcom_args_with_operators']) retrieved from /home/airflow/.local/lib/python3.7/site-packages/airflow/example_dags/example_xcomargs.py
[2023-06-10T14:16:44.291+0000] {logging_mixin.py:149} INFO - [2023-06-10T14:16:44.291+0000] {dag.py:2726} INFO - Sync 2 DAGs
[2023-06-10T14:16:44.352+0000] {logging_mixin.py:149} INFO - [2023-06-10T14:16:44.352+0000] {dag.py:3490} INFO - Setting next_dagrun for example_xcom_args to None, run_after=None
[2023-06-10T14:16:44.363+0000] {logging_mixin.py:149} INFO - [2023-06-10T14:16:44.363+0000] {dag.py:3490} INFO - Setting next_dagrun for example_xcom_args_with_operators to None, run_after=None
[2023-06-10T14:16:44.399+0000] {processor.py:179} INFO - Processing /home/airflow/.local/lib/python3.7/site-packages/airflow/example_dags/example_xcomargs.py took 0.215 seconds
[2023-06-10T14:27:23.866+0000] {processor.py:157} INFO - Started process (PID=50) to work on /home/airflow/.local/lib/python3.7/site-packages/airflow/example_dags/example_xcomargs.py
[2023-06-10T14:27:23.872+0000] {processor.py:826} INFO - Processing file /home/airflow/.local/lib/python3.7/site-packages/airflow/example_dags/example_xcomargs.py for tasks to queue
[2023-06-10T14:27:23.874+0000] {logging_mixin.py:149} INFO - [2023-06-10T14:27:23.873+0000] {dagbag.py:541} INFO - Filling up the DagBag from /home/airflow/.local/lib/python3.7/site-packages/airflow/example_dags/example_xcomargs.py
[2023-06-10T14:27:23.923+0000] {processor.py:836} INFO - DAG(s) dict_keys(['example_xcom_args_with_operators', 'example_xcom_args']) retrieved from /home/airflow/.local/lib/python3.7/site-packages/airflow/example_dags/example_xcomargs.py
[2023-06-10T14:27:24.022+0000] {logging_mixin.py:149} INFO - [2023-06-10T14:27:24.021+0000] {dag.py:2726} INFO - Sync 2 DAGs
[2023-06-10T14:27:24.172+0000] {logging_mixin.py:149} INFO - [2023-06-10T14:27:24.172+0000] {dag.py:3490} INFO - Setting next_dagrun for example_xcom_args to None, run_after=None
[2023-06-10T14:27:24.191+0000] {logging_mixin.py:149} INFO - [2023-06-10T14:27:24.190+0000] {dag.py:3490} INFO - Setting next_dagrun for example_xcom_args_with_operators to None, run_after=None
[2023-06-10T14:27:24.268+0000] {processor.py:179} INFO - Processing /home/airflow/.local/lib/python3.7/site-packages/airflow/example_dags/example_xcomargs.py took 0.434 seconds
[2023-06-10T14:27:56.876+0000] {processor.py:157} INFO - Started process (PID=105) to work on /home/airflow/.local/lib/python3.7/site-packages/airflow/example_dags/example_xcomargs.py
[2023-06-10T14:27:56.878+0000] {processor.py:826} INFO - Processing file /home/airflow/.local/lib/python3.7/site-packages/airflow/example_dags/example_xcomargs.py for tasks to queue
[2023-06-10T14:27:56.880+0000] {logging_mixin.py:149} INFO - [2023-06-10T14:27:56.879+0000] {dagbag.py:541} INFO - Filling up the DagBag from /home/airflow/.local/lib/python3.7/site-packages/airflow/example_dags/example_xcomargs.py
[2023-06-10T14:27:56.933+0000] {processor.py:836} INFO - DAG(s) dict_keys(['example_xcom_args', 'example_xcom_args_with_operators']) retrieved from /home/airflow/.local/lib/python3.7/site-packages/airflow/example_dags/example_xcomargs.py
[2023-06-10T14:27:57.193+0000] {logging_mixin.py:149} INFO - [2023-06-10T14:27:57.193+0000] {dag.py:2726} INFO - Sync 2 DAGs
[2023-06-10T14:27:57.436+0000] {logging_mixin.py:149} INFO - [2023-06-10T14:27:57.436+0000] {dag.py:3490} INFO - Setting next_dagrun for example_xcom_args to None, run_after=None
[2023-06-10T14:27:57.463+0000] {logging_mixin.py:149} INFO - [2023-06-10T14:27:57.463+0000] {dag.py:3490} INFO - Setting next_dagrun for example_xcom_args_with_operators to None, run_after=None
[2023-06-10T14:27:57.665+0000] {processor.py:179} INFO - Processing /home/airflow/.local/lib/python3.7/site-packages/airflow/example_dags/example_xcomargs.py took 0.801 seconds
[2023-06-10T14:28:28.490+0000] {processor.py:157} INFO - Started process (PID=160) to work on /home/airflow/.local/lib/python3.7/site-packages/airflow/example_dags/example_xcomargs.py
[2023-06-10T14:28:28.492+0000] {processor.py:826} INFO - Processing file /home/airflow/.local/lib/python3.7/site-packages/airflow/example_dags/example_xcomargs.py for tasks to queue
[2023-06-10T14:28:28.493+0000] {logging_mixin.py:149} INFO - [2023-06-10T14:28:28.493+0000] {dagbag.py:541} INFO - Filling up the DagBag from /home/airflow/.local/lib/python3.7/site-packages/airflow/example_dags/example_xcomargs.py
[2023-06-10T14:28:28.541+0000] {processor.py:836} INFO - DAG(s) dict_keys(['example_xcom_args', 'example_xcom_args_with_operators']) retrieved from /home/airflow/.local/lib/python3.7/site-packages/airflow/example_dags/example_xcomargs.py
[2023-06-10T14:28:28.623+0000] {logging_mixin.py:149} INFO - [2023-06-10T14:28:28.623+0000] {dag.py:2726} INFO - Sync 2 DAGs
[2023-06-10T14:28:28.698+0000] {logging_mixin.py:149} INFO - [2023-06-10T14:28:28.697+0000] {dag.py:3490} INFO - Setting next_dagrun for example_xcom_args to None, run_after=None
[2023-06-10T14:28:28.707+0000] {logging_mixin.py:149} INFO - [2023-06-10T14:28:28.707+0000] {dag.py:3490} INFO - Setting next_dagrun for example_xcom_args_with_operators to None, run_after=None
[2023-06-10T14:28:28.758+0000] {processor.py:179} INFO - Processing /home/airflow/.local/lib/python3.7/site-packages/airflow/example_dags/example_xcomargs.py took 0.276 seconds
[2023-06-10T14:28:59.000+0000] {processor.py:157} INFO - Started process (PID=214) to work on /home/airflow/.local/lib/python3.7/site-packages/airflow/example_dags/example_xcomargs.py
[2023-06-10T14:28:59.003+0000] {processor.py:826} INFO - Processing file /home/airflow/.local/lib/python3.7/site-packages/airflow/example_dags/example_xcomargs.py for tasks to queue
[2023-06-10T14:28:59.005+0000] {logging_mixin.py:149} INFO - [2023-06-10T14:28:59.004+0000] {dagbag.py:541} INFO - Filling up the DagBag from /home/airflow/.local/lib/python3.7/site-packages/airflow/example_dags/example_xcomargs.py
[2023-06-10T14:28:59.020+0000] {processor.py:836} INFO - DAG(s) dict_keys(['example_xcom_args', 'example_xcom_args_with_operators']) retrieved from /home/airflow/.local/lib/python3.7/site-packages/airflow/example_dags/example_xcomargs.py
[2023-06-10T14:28:59.107+0000] {logging_mixin.py:149} INFO - [2023-06-10T14:28:59.107+0000] {dag.py:2726} INFO - Sync 2 DAGs
[2023-06-10T14:28:59.239+0000] {logging_mixin.py:149} INFO - [2023-06-10T14:28:59.239+0000] {dag.py:3490} INFO - Setting next_dagrun for example_xcom_args to None, run_after=None
[2023-06-10T14:28:59.249+0000] {logging_mixin.py:149} INFO - [2023-06-10T14:28:59.249+0000] {dag.py:3490} INFO - Setting next_dagrun for example_xcom_args_with_operators to None, run_after=None
[2023-06-10T14:28:59.307+0000] {processor.py:179} INFO - Processing /home/airflow/.local/lib/python3.7/site-packages/airflow/example_dags/example_xcomargs.py took 0.312 seconds
[2023-06-10T14:29:29.355+0000] {processor.py:157} INFO - Started process (PID=269) to work on /home/airflow/.local/lib/python3.7/site-packages/airflow/example_dags/example_xcomargs.py
[2023-06-10T14:29:29.357+0000] {processor.py:826} INFO - Processing file /home/airflow/.local/lib/python3.7/site-packages/airflow/example_dags/example_xcomargs.py for tasks to queue
[2023-06-10T14:29:29.358+0000] {logging_mixin.py:149} INFO - [2023-06-10T14:29:29.358+0000] {dagbag.py:541} INFO - Filling up the DagBag from /home/airflow/.local/lib/python3.7/site-packages/airflow/example_dags/example_xcomargs.py
[2023-06-10T14:29:29.374+0000] {processor.py:836} INFO - DAG(s) dict_keys(['example_xcom_args_with_operators', 'example_xcom_args']) retrieved from /home/airflow/.local/lib/python3.7/site-packages/airflow/example_dags/example_xcomargs.py
[2023-06-10T14:29:29.438+0000] {logging_mixin.py:149} INFO - [2023-06-10T14:29:29.438+0000] {dag.py:2726} INFO - Sync 2 DAGs
[2023-06-10T14:29:29.502+0000] {logging_mixin.py:149} INFO - [2023-06-10T14:29:29.501+0000] {dag.py:3490} INFO - Setting next_dagrun for example_xcom_args to None, run_after=None
[2023-06-10T14:29:29.511+0000] {logging_mixin.py:149} INFO - [2023-06-10T14:29:29.511+0000] {dag.py:3490} INFO - Setting next_dagrun for example_xcom_args_with_operators to None, run_after=None
[2023-06-10T14:29:29.545+0000] {processor.py:179} INFO - Processing /home/airflow/.local/lib/python3.7/site-packages/airflow/example_dags/example_xcomargs.py took 0.196 seconds
[2023-06-10T14:30:00.020+0000] {processor.py:157} INFO - Started process (PID=324) to work on /home/airflow/.local/lib/python3.7/site-packages/airflow/example_dags/example_xcomargs.py
[2023-06-10T14:30:00.023+0000] {processor.py:826} INFO - Processing file /home/airflow/.local/lib/python3.7/site-packages/airflow/example_dags/example_xcomargs.py for tasks to queue
[2023-06-10T14:30:00.026+0000] {logging_mixin.py:149} INFO - [2023-06-10T14:30:00.026+0000] {dagbag.py:541} INFO - Filling up the DagBag from /home/airflow/.local/lib/python3.7/site-packages/airflow/example_dags/example_xcomargs.py
[2023-06-10T14:30:00.045+0000] {processor.py:836} INFO - DAG(s) dict_keys(['example_xcom_args', 'example_xcom_args_with_operators']) retrieved from /home/airflow/.local/lib/python3.7/site-packages/airflow/example_dags/example_xcomargs.py
[2023-06-10T14:30:00.116+0000] {logging_mixin.py:149} INFO - [2023-06-10T14:30:00.116+0000] {dag.py:2726} INFO - Sync 2 DAGs
[2023-06-10T14:30:00.173+0000] {logging_mixin.py:149} INFO - [2023-06-10T14:30:00.173+0000] {dag.py:3490} INFO - Setting next_dagrun for example_xcom_args to None, run_after=None
[2023-06-10T14:30:00.182+0000] {logging_mixin.py:149} INFO - [2023-06-10T14:30:00.182+0000] {dag.py:3490} INFO - Setting next_dagrun for example_xcom_args_with_operators to None, run_after=None
[2023-06-10T14:30:00.217+0000] {processor.py:179} INFO - Processing /home/airflow/.local/lib/python3.7/site-packages/airflow/example_dags/example_xcomargs.py took 0.212 seconds
[2023-06-10T14:30:30.624+0000] {processor.py:157} INFO - Started process (PID=380) to work on /home/airflow/.local/lib/python3.7/site-packages/airflow/example_dags/example_xcomargs.py
[2023-06-10T14:30:30.627+0000] {processor.py:826} INFO - Processing file /home/airflow/.local/lib/python3.7/site-packages/airflow/example_dags/example_xcomargs.py for tasks to queue
[2023-06-10T14:30:30.629+0000] {logging_mixin.py:149} INFO - [2023-06-10T14:30:30.629+0000] {dagbag.py:541} INFO - Filling up the DagBag from /home/airflow/.local/lib/python3.7/site-packages/airflow/example_dags/example_xcomargs.py
[2023-06-10T14:30:30.650+0000] {processor.py:836} INFO - DAG(s) dict_keys(['example_xcom_args_with_operators', 'example_xcom_args']) retrieved from /home/airflow/.local/lib/python3.7/site-packages/airflow/example_dags/example_xcomargs.py
[2023-06-10T14:30:30.702+0000] {logging_mixin.py:149} INFO - [2023-06-10T14:30:30.702+0000] {dag.py:2726} INFO - Sync 2 DAGs
[2023-06-10T14:30:30.758+0000] {logging_mixin.py:149} INFO - [2023-06-10T14:30:30.758+0000] {dag.py:3490} INFO - Setting next_dagrun for example_xcom_args to None, run_after=None
[2023-06-10T14:30:30.765+0000] {logging_mixin.py:149} INFO - [2023-06-10T14:30:30.765+0000] {dag.py:3490} INFO - Setting next_dagrun for example_xcom_args_with_operators to None, run_after=None
[2023-06-10T14:30:30.801+0000] {processor.py:179} INFO - Processing /home/airflow/.local/lib/python3.7/site-packages/airflow/example_dags/example_xcomargs.py took 0.185 seconds
