[2023-06-10T14:06:19.157+0000] {processor.py:157} INFO - Started process (PID=74) to work on /home/airflow/.local/lib/python3.7/site-packages/airflow/example_dags/example_branch_operator.py
[2023-06-10T14:06:19.158+0000] {processor.py:826} INFO - Processing file /home/airflow/.local/lib/python3.7/site-packages/airflow/example_dags/example_branch_operator.py for tasks to queue
[2023-06-10T14:06:19.160+0000] {logging_mixin.py:149} INFO - [2023-06-10T14:06:19.160+0000] {dagbag.py:541} INFO - Filling up the DagBag from /home/airflow/.local/lib/python3.7/site-packages/airflow/example_dags/example_branch_operator.py
[2023-06-10T14:06:19.190+0000] {processor.py:836} INFO - DAG(s) dict_keys(['example_branch_operator']) retrieved from /home/airflow/.local/lib/python3.7/site-packages/airflow/example_dags/example_branch_operator.py
[2023-06-10T14:06:19.261+0000] {logging_mixin.py:149} INFO - [2023-06-10T14:06:19.260+0000] {dag.py:2726} INFO - Sync 1 DAGs
[2023-06-10T14:06:19.323+0000] {logging_mixin.py:149} INFO - [2023-06-10T14:06:19.323+0000] {dag.py:3490} INFO - Setting next_dagrun for example_branch_operator to 2023-06-09T00:00:00+00:00, run_after=2023-06-10T00:00:00+00:00
[2023-06-10T14:06:19.362+0000] {processor.py:179} INFO - Processing /home/airflow/.local/lib/python3.7/site-packages/airflow/example_dags/example_branch_operator.py took 0.211 seconds
[2023-06-10T14:06:50.480+0000] {processor.py:157} INFO - Started process (PID=130) to work on /home/airflow/.local/lib/python3.7/site-packages/airflow/example_dags/example_branch_operator.py
[2023-06-10T14:06:50.482+0000] {processor.py:826} INFO - Processing file /home/airflow/.local/lib/python3.7/site-packages/airflow/example_dags/example_branch_operator.py for tasks to queue
[2023-06-10T14:06:50.483+0000] {logging_mixin.py:149} INFO - [2023-06-10T14:06:50.483+0000] {dagbag.py:541} INFO - Filling up the DagBag from /home/airflow/.local/lib/python3.7/site-packages/airflow/example_dags/example_branch_operator.py
[2023-06-10T14:06:50.507+0000] {processor.py:836} INFO - DAG(s) dict_keys(['example_branch_operator']) retrieved from /home/airflow/.local/lib/python3.7/site-packages/airflow/example_dags/example_branch_operator.py
[2023-06-10T14:06:50.567+0000] {logging_mixin.py:149} INFO - [2023-06-10T14:06:50.567+0000] {dag.py:2726} INFO - Sync 1 DAGs
[2023-06-10T14:06:50.640+0000] {logging_mixin.py:149} INFO - [2023-06-10T14:06:50.640+0000] {dag.py:3490} INFO - Setting next_dagrun for example_branch_operator to 2023-06-09T00:00:00+00:00, run_after=2023-06-10T00:00:00+00:00
[2023-06-10T14:06:50.682+0000] {processor.py:179} INFO - Processing /home/airflow/.local/lib/python3.7/site-packages/airflow/example_dags/example_branch_operator.py took 0.207 seconds
[2023-06-10T14:07:20.984+0000] {processor.py:157} INFO - Started process (PID=185) to work on /home/airflow/.local/lib/python3.7/site-packages/airflow/example_dags/example_branch_operator.py
[2023-06-10T14:07:20.986+0000] {processor.py:826} INFO - Processing file /home/airflow/.local/lib/python3.7/site-packages/airflow/example_dags/example_branch_operator.py for tasks to queue
[2023-06-10T14:07:20.987+0000] {logging_mixin.py:149} INFO - [2023-06-10T14:07:20.987+0000] {dagbag.py:541} INFO - Filling up the DagBag from /home/airflow/.local/lib/python3.7/site-packages/airflow/example_dags/example_branch_operator.py
[2023-06-10T14:07:21.019+0000] {processor.py:836} INFO - DAG(s) dict_keys(['example_branch_operator']) retrieved from /home/airflow/.local/lib/python3.7/site-packages/airflow/example_dags/example_branch_operator.py
[2023-06-10T14:07:21.084+0000] {logging_mixin.py:149} INFO - [2023-06-10T14:07:21.083+0000] {dag.py:2726} INFO - Sync 1 DAGs
[2023-06-10T14:07:21.154+0000] {logging_mixin.py:149} INFO - [2023-06-10T14:07:21.154+0000] {dag.py:3490} INFO - Setting next_dagrun for example_branch_operator to 2023-06-09T00:00:00+00:00, run_after=2023-06-10T00:00:00+00:00
[2023-06-10T14:07:21.208+0000] {processor.py:179} INFO - Processing /home/airflow/.local/lib/python3.7/site-packages/airflow/example_dags/example_branch_operator.py took 0.231 seconds
[2023-06-10T14:07:51.372+0000] {processor.py:157} INFO - Started process (PID=239) to work on /home/airflow/.local/lib/python3.7/site-packages/airflow/example_dags/example_branch_operator.py
[2023-06-10T14:07:51.373+0000] {processor.py:826} INFO - Processing file /home/airflow/.local/lib/python3.7/site-packages/airflow/example_dags/example_branch_operator.py for tasks to queue
[2023-06-10T14:07:51.374+0000] {logging_mixin.py:149} INFO - [2023-06-10T14:07:51.374+0000] {dagbag.py:541} INFO - Filling up the DagBag from /home/airflow/.local/lib/python3.7/site-packages/airflow/example_dags/example_branch_operator.py
[2023-06-10T14:07:51.392+0000] {processor.py:836} INFO - DAG(s) dict_keys(['example_branch_operator']) retrieved from /home/airflow/.local/lib/python3.7/site-packages/airflow/example_dags/example_branch_operator.py
[2023-06-10T14:07:51.444+0000] {logging_mixin.py:149} INFO - [2023-06-10T14:07:51.444+0000] {dag.py:2726} INFO - Sync 1 DAGs
[2023-06-10T14:07:51.501+0000] {logging_mixin.py:149} INFO - [2023-06-10T14:07:51.501+0000] {dag.py:3490} INFO - Setting next_dagrun for example_branch_operator to 2023-06-09T00:00:00+00:00, run_after=2023-06-10T00:00:00+00:00
[2023-06-10T14:07:51.539+0000] {processor.py:179} INFO - Processing /home/airflow/.local/lib/python3.7/site-packages/airflow/example_dags/example_branch_operator.py took 0.173 seconds
[2023-06-10T14:08:22.712+0000] {processor.py:157} INFO - Started process (PID=294) to work on /home/airflow/.local/lib/python3.7/site-packages/airflow/example_dags/example_branch_operator.py
[2023-06-10T14:08:22.714+0000] {processor.py:826} INFO - Processing file /home/airflow/.local/lib/python3.7/site-packages/airflow/example_dags/example_branch_operator.py for tasks to queue
[2023-06-10T14:08:22.715+0000] {logging_mixin.py:149} INFO - [2023-06-10T14:08:22.715+0000] {dagbag.py:541} INFO - Filling up the DagBag from /home/airflow/.local/lib/python3.7/site-packages/airflow/example_dags/example_branch_operator.py
[2023-06-10T14:08:22.753+0000] {processor.py:836} INFO - DAG(s) dict_keys(['example_branch_operator']) retrieved from /home/airflow/.local/lib/python3.7/site-packages/airflow/example_dags/example_branch_operator.py
[2023-06-10T14:08:22.845+0000] {logging_mixin.py:149} INFO - [2023-06-10T14:08:22.844+0000] {dag.py:2726} INFO - Sync 1 DAGs
[2023-06-10T14:08:22.941+0000] {logging_mixin.py:149} INFO - [2023-06-10T14:08:22.941+0000] {dag.py:3490} INFO - Setting next_dagrun for example_branch_operator to 2023-06-09T00:00:00+00:00, run_after=2023-06-10T00:00:00+00:00
[2023-06-10T14:08:22.989+0000] {processor.py:179} INFO - Processing /home/airflow/.local/lib/python3.7/site-packages/airflow/example_dags/example_branch_operator.py took 0.283 seconds
[2023-06-10T14:08:53.125+0000] {processor.py:157} INFO - Started process (PID=350) to work on /home/airflow/.local/lib/python3.7/site-packages/airflow/example_dags/example_branch_operator.py
[2023-06-10T14:08:53.128+0000] {processor.py:826} INFO - Processing file /home/airflow/.local/lib/python3.7/site-packages/airflow/example_dags/example_branch_operator.py for tasks to queue
[2023-06-10T14:08:53.130+0000] {logging_mixin.py:149} INFO - [2023-06-10T14:08:53.130+0000] {dagbag.py:541} INFO - Filling up the DagBag from /home/airflow/.local/lib/python3.7/site-packages/airflow/example_dags/example_branch_operator.py
[2023-06-10T14:08:53.150+0000] {processor.py:836} INFO - DAG(s) dict_keys(['example_branch_operator']) retrieved from /home/airflow/.local/lib/python3.7/site-packages/airflow/example_dags/example_branch_operator.py
[2023-06-10T14:08:53.171+0000] {logging_mixin.py:149} INFO - [2023-06-10T14:08:53.171+0000] {dag.py:2726} INFO - Sync 1 DAGs
[2023-06-10T14:08:53.270+0000] {logging_mixin.py:149} INFO - [2023-06-10T14:08:53.270+0000] {dag.py:3490} INFO - Setting next_dagrun for example_branch_operator to 2023-06-09T00:00:00+00:00, run_after=2023-06-10T00:00:00+00:00
[2023-06-10T14:08:53.315+0000] {processor.py:179} INFO - Processing /home/airflow/.local/lib/python3.7/site-packages/airflow/example_dags/example_branch_operator.py took 0.198 seconds
[2023-06-10T14:09:23.796+0000] {processor.py:157} INFO - Started process (PID=404) to work on /home/airflow/.local/lib/python3.7/site-packages/airflow/example_dags/example_branch_operator.py
[2023-06-10T14:09:23.798+0000] {processor.py:826} INFO - Processing file /home/airflow/.local/lib/python3.7/site-packages/airflow/example_dags/example_branch_operator.py for tasks to queue
[2023-06-10T14:09:23.800+0000] {logging_mixin.py:149} INFO - [2023-06-10T14:09:23.799+0000] {dagbag.py:541} INFO - Filling up the DagBag from /home/airflow/.local/lib/python3.7/site-packages/airflow/example_dags/example_branch_operator.py
[2023-06-10T14:09:23.825+0000] {processor.py:836} INFO - DAG(s) dict_keys(['example_branch_operator']) retrieved from /home/airflow/.local/lib/python3.7/site-packages/airflow/example_dags/example_branch_operator.py
[2023-06-10T14:09:23.889+0000] {logging_mixin.py:149} INFO - [2023-06-10T14:09:23.889+0000] {dag.py:2726} INFO - Sync 1 DAGs
[2023-06-10T14:09:23.952+0000] {logging_mixin.py:149} INFO - [2023-06-10T14:09:23.951+0000] {dag.py:3490} INFO - Setting next_dagrun for example_branch_operator to 2023-06-09T00:00:00+00:00, run_after=2023-06-10T00:00:00+00:00
[2023-06-10T14:09:23.986+0000] {processor.py:179} INFO - Processing /home/airflow/.local/lib/python3.7/site-packages/airflow/example_dags/example_branch_operator.py took 0.199 seconds
[2023-06-10T14:09:54.152+0000] {processor.py:157} INFO - Started process (PID=459) to work on /home/airflow/.local/lib/python3.7/site-packages/airflow/example_dags/example_branch_operator.py
[2023-06-10T14:09:54.153+0000] {processor.py:826} INFO - Processing file /home/airflow/.local/lib/python3.7/site-packages/airflow/example_dags/example_branch_operator.py for tasks to queue
[2023-06-10T14:09:54.154+0000] {logging_mixin.py:149} INFO - [2023-06-10T14:09:54.154+0000] {dagbag.py:541} INFO - Filling up the DagBag from /home/airflow/.local/lib/python3.7/site-packages/airflow/example_dags/example_branch_operator.py
[2023-06-10T14:09:54.174+0000] {processor.py:836} INFO - DAG(s) dict_keys(['example_branch_operator']) retrieved from /home/airflow/.local/lib/python3.7/site-packages/airflow/example_dags/example_branch_operator.py
[2023-06-10T14:09:54.230+0000] {logging_mixin.py:149} INFO - [2023-06-10T14:09:54.229+0000] {dag.py:2726} INFO - Sync 1 DAGs
[2023-06-10T14:09:54.290+0000] {logging_mixin.py:149} INFO - [2023-06-10T14:09:54.289+0000] {dag.py:3490} INFO - Setting next_dagrun for example_branch_operator to 2023-06-09T00:00:00+00:00, run_after=2023-06-10T00:00:00+00:00
[2023-06-10T14:09:54.330+0000] {processor.py:179} INFO - Processing /home/airflow/.local/lib/python3.7/site-packages/airflow/example_dags/example_branch_operator.py took 0.184 seconds
[2023-06-10T14:10:24.489+0000] {processor.py:157} INFO - Started process (PID=514) to work on /home/airflow/.local/lib/python3.7/site-packages/airflow/example_dags/example_branch_operator.py
[2023-06-10T14:10:24.490+0000] {processor.py:826} INFO - Processing file /home/airflow/.local/lib/python3.7/site-packages/airflow/example_dags/example_branch_operator.py for tasks to queue
[2023-06-10T14:10:24.491+0000] {logging_mixin.py:149} INFO - [2023-06-10T14:10:24.491+0000] {dagbag.py:541} INFO - Filling up the DagBag from /home/airflow/.local/lib/python3.7/site-packages/airflow/example_dags/example_branch_operator.py
[2023-06-10T14:10:24.509+0000] {processor.py:836} INFO - DAG(s) dict_keys(['example_branch_operator']) retrieved from /home/airflow/.local/lib/python3.7/site-packages/airflow/example_dags/example_branch_operator.py
[2023-06-10T14:10:24.565+0000] {logging_mixin.py:149} INFO - [2023-06-10T14:10:24.565+0000] {dag.py:2726} INFO - Sync 1 DAGs
[2023-06-10T14:10:24.632+0000] {logging_mixin.py:149} INFO - [2023-06-10T14:10:24.632+0000] {dag.py:3490} INFO - Setting next_dagrun for example_branch_operator to 2023-06-09T00:00:00+00:00, run_after=2023-06-10T00:00:00+00:00
[2023-06-10T14:10:24.676+0000] {processor.py:179} INFO - Processing /home/airflow/.local/lib/python3.7/site-packages/airflow/example_dags/example_branch_operator.py took 0.194 seconds
[2023-06-10T14:10:54.838+0000] {processor.py:157} INFO - Started process (PID=569) to work on /home/airflow/.local/lib/python3.7/site-packages/airflow/example_dags/example_branch_operator.py
[2023-06-10T14:10:54.849+0000] {processor.py:826} INFO - Processing file /home/airflow/.local/lib/python3.7/site-packages/airflow/example_dags/example_branch_operator.py for tasks to queue
[2023-06-10T14:10:54.851+0000] {logging_mixin.py:149} INFO - [2023-06-10T14:10:54.850+0000] {dagbag.py:541} INFO - Filling up the DagBag from /home/airflow/.local/lib/python3.7/site-packages/airflow/example_dags/example_branch_operator.py
[2023-06-10T14:10:54.953+0000] {processor.py:836} INFO - DAG(s) dict_keys(['example_branch_operator']) retrieved from /home/airflow/.local/lib/python3.7/site-packages/airflow/example_dags/example_branch_operator.py
[2023-06-10T14:10:55.182+0000] {logging_mixin.py:149} INFO - [2023-06-10T14:10:55.181+0000] {dag.py:2726} INFO - Sync 1 DAGs
[2023-06-10T14:10:55.467+0000] {logging_mixin.py:149} INFO - [2023-06-10T14:10:55.466+0000] {dag.py:3490} INFO - Setting next_dagrun for example_branch_operator to 2023-06-09T00:00:00+00:00, run_after=2023-06-10T00:00:00+00:00
[2023-06-10T14:10:55.559+0000] {processor.py:179} INFO - Processing /home/airflow/.local/lib/python3.7/site-packages/airflow/example_dags/example_branch_operator.py took 0.745 seconds
[2023-06-10T14:11:25.891+0000] {processor.py:157} INFO - Started process (PID=624) to work on /home/airflow/.local/lib/python3.7/site-packages/airflow/example_dags/example_branch_operator.py
[2023-06-10T14:11:25.894+0000] {processor.py:826} INFO - Processing file /home/airflow/.local/lib/python3.7/site-packages/airflow/example_dags/example_branch_operator.py for tasks to queue
[2023-06-10T14:11:25.896+0000] {logging_mixin.py:149} INFO - [2023-06-10T14:11:25.895+0000] {dagbag.py:541} INFO - Filling up the DagBag from /home/airflow/.local/lib/python3.7/site-packages/airflow/example_dags/example_branch_operator.py
[2023-06-10T14:11:25.920+0000] {processor.py:836} INFO - DAG(s) dict_keys(['example_branch_operator']) retrieved from /home/airflow/.local/lib/python3.7/site-packages/airflow/example_dags/example_branch_operator.py
[2023-06-10T14:11:25.987+0000] {logging_mixin.py:149} INFO - [2023-06-10T14:11:25.987+0000] {dag.py:2726} INFO - Sync 1 DAGs
[2023-06-10T14:11:26.090+0000] {logging_mixin.py:149} INFO - [2023-06-10T14:11:26.090+0000] {dag.py:3490} INFO - Setting next_dagrun for example_branch_operator to 2023-06-09T00:00:00+00:00, run_after=2023-06-10T00:00:00+00:00
[2023-06-10T14:11:26.132+0000] {processor.py:179} INFO - Processing /home/airflow/.local/lib/python3.7/site-packages/airflow/example_dags/example_branch_operator.py took 0.248 seconds
[2023-06-10T14:11:56.844+0000] {processor.py:157} INFO - Started process (PID=679) to work on /home/airflow/.local/lib/python3.7/site-packages/airflow/example_dags/example_branch_operator.py
[2023-06-10T14:11:56.847+0000] {processor.py:826} INFO - Processing file /home/airflow/.local/lib/python3.7/site-packages/airflow/example_dags/example_branch_operator.py for tasks to queue
[2023-06-10T14:11:56.848+0000] {logging_mixin.py:149} INFO - [2023-06-10T14:11:56.848+0000] {dagbag.py:541} INFO - Filling up the DagBag from /home/airflow/.local/lib/python3.7/site-packages/airflow/example_dags/example_branch_operator.py
[2023-06-10T14:11:56.871+0000] {processor.py:836} INFO - DAG(s) dict_keys(['example_branch_operator']) retrieved from /home/airflow/.local/lib/python3.7/site-packages/airflow/example_dags/example_branch_operator.py
[2023-06-10T14:11:56.948+0000] {logging_mixin.py:149} INFO - [2023-06-10T14:11:56.948+0000] {dag.py:2726} INFO - Sync 1 DAGs
[2023-06-10T14:11:57.019+0000] {logging_mixin.py:149} INFO - [2023-06-10T14:11:57.018+0000] {dag.py:3490} INFO - Setting next_dagrun for example_branch_operator to 2023-06-09T00:00:00+00:00, run_after=2023-06-10T00:00:00+00:00
[2023-06-10T14:11:57.058+0000] {processor.py:179} INFO - Processing /home/airflow/.local/lib/python3.7/site-packages/airflow/example_dags/example_branch_operator.py took 0.224 seconds
[2023-06-10T14:12:27.180+0000] {processor.py:157} INFO - Started process (PID=734) to work on /home/airflow/.local/lib/python3.7/site-packages/airflow/example_dags/example_branch_operator.py
[2023-06-10T14:12:27.182+0000] {processor.py:826} INFO - Processing file /home/airflow/.local/lib/python3.7/site-packages/airflow/example_dags/example_branch_operator.py for tasks to queue
[2023-06-10T14:12:27.183+0000] {logging_mixin.py:149} INFO - [2023-06-10T14:12:27.183+0000] {dagbag.py:541} INFO - Filling up the DagBag from /home/airflow/.local/lib/python3.7/site-packages/airflow/example_dags/example_branch_operator.py
[2023-06-10T14:12:27.211+0000] {processor.py:836} INFO - DAG(s) dict_keys(['example_branch_operator']) retrieved from /home/airflow/.local/lib/python3.7/site-packages/airflow/example_dags/example_branch_operator.py
[2023-06-10T14:12:27.290+0000] {logging_mixin.py:149} INFO - [2023-06-10T14:12:27.289+0000] {dag.py:2726} INFO - Sync 1 DAGs
[2023-06-10T14:12:27.378+0000] {logging_mixin.py:149} INFO - [2023-06-10T14:12:27.377+0000] {dag.py:3490} INFO - Setting next_dagrun for example_branch_operator to 2023-06-09T00:00:00+00:00, run_after=2023-06-10T00:00:00+00:00
[2023-06-10T14:12:27.415+0000] {processor.py:179} INFO - Processing /home/airflow/.local/lib/python3.7/site-packages/airflow/example_dags/example_branch_operator.py took 0.242 seconds
[2023-06-10T14:12:58.362+0000] {processor.py:157} INFO - Started process (PID=789) to work on /home/airflow/.local/lib/python3.7/site-packages/airflow/example_dags/example_branch_operator.py
[2023-06-10T14:12:58.371+0000] {processor.py:826} INFO - Processing file /home/airflow/.local/lib/python3.7/site-packages/airflow/example_dags/example_branch_operator.py for tasks to queue
[2023-06-10T14:12:58.372+0000] {logging_mixin.py:149} INFO - [2023-06-10T14:12:58.372+0000] {dagbag.py:541} INFO - Filling up the DagBag from /home/airflow/.local/lib/python3.7/site-packages/airflow/example_dags/example_branch_operator.py
[2023-06-10T14:12:58.457+0000] {processor.py:836} INFO - DAG(s) dict_keys(['example_branch_operator']) retrieved from /home/airflow/.local/lib/python3.7/site-packages/airflow/example_dags/example_branch_operator.py
[2023-06-10T14:12:58.662+0000] {logging_mixin.py:149} INFO - [2023-06-10T14:12:58.661+0000] {dag.py:2726} INFO - Sync 1 DAGs
[2023-06-10T14:12:58.980+0000] {logging_mixin.py:149} INFO - [2023-06-10T14:12:58.979+0000] {dag.py:3490} INFO - Setting next_dagrun for example_branch_operator to 2023-06-09T00:00:00+00:00, run_after=2023-06-10T00:00:00+00:00
[2023-06-10T14:12:59.084+0000] {processor.py:179} INFO - Processing /home/airflow/.local/lib/python3.7/site-packages/airflow/example_dags/example_branch_operator.py took 0.743 seconds
[2023-06-10T14:13:29.857+0000] {processor.py:157} INFO - Started process (PID=850) to work on /home/airflow/.local/lib/python3.7/site-packages/airflow/example_dags/example_branch_operator.py
[2023-06-10T14:13:29.858+0000] {processor.py:826} INFO - Processing file /home/airflow/.local/lib/python3.7/site-packages/airflow/example_dags/example_branch_operator.py for tasks to queue
[2023-06-10T14:13:29.860+0000] {logging_mixin.py:149} INFO - [2023-06-10T14:13:29.860+0000] {dagbag.py:541} INFO - Filling up the DagBag from /home/airflow/.local/lib/python3.7/site-packages/airflow/example_dags/example_branch_operator.py
[2023-06-10T14:13:29.882+0000] {processor.py:836} INFO - DAG(s) dict_keys(['example_branch_operator']) retrieved from /home/airflow/.local/lib/python3.7/site-packages/airflow/example_dags/example_branch_operator.py
[2023-06-10T14:13:29.907+0000] {logging_mixin.py:149} INFO - [2023-06-10T14:13:29.907+0000] {dag.py:2726} INFO - Sync 1 DAGs
[2023-06-10T14:13:29.979+0000] {logging_mixin.py:149} INFO - [2023-06-10T14:13:29.978+0000] {dag.py:3490} INFO - Setting next_dagrun for example_branch_operator to 2023-06-09T00:00:00+00:00, run_after=2023-06-10T00:00:00+00:00
[2023-06-10T14:13:30.026+0000] {processor.py:179} INFO - Processing /home/airflow/.local/lib/python3.7/site-packages/airflow/example_dags/example_branch_operator.py took 0.175 seconds
[2023-06-10T14:14:00.448+0000] {processor.py:157} INFO - Started process (PID=904) to work on /home/airflow/.local/lib/python3.7/site-packages/airflow/example_dags/example_branch_operator.py
[2023-06-10T14:14:00.451+0000] {processor.py:826} INFO - Processing file /home/airflow/.local/lib/python3.7/site-packages/airflow/example_dags/example_branch_operator.py for tasks to queue
[2023-06-10T14:14:00.453+0000] {logging_mixin.py:149} INFO - [2023-06-10T14:14:00.452+0000] {dagbag.py:541} INFO - Filling up the DagBag from /home/airflow/.local/lib/python3.7/site-packages/airflow/example_dags/example_branch_operator.py
[2023-06-10T14:14:00.475+0000] {processor.py:836} INFO - DAG(s) dict_keys(['example_branch_operator']) retrieved from /home/airflow/.local/lib/python3.7/site-packages/airflow/example_dags/example_branch_operator.py
[2023-06-10T14:14:00.545+0000] {logging_mixin.py:149} INFO - [2023-06-10T14:14:00.545+0000] {dag.py:2726} INFO - Sync 1 DAGs
[2023-06-10T14:14:00.625+0000] {logging_mixin.py:149} INFO - [2023-06-10T14:14:00.625+0000] {dag.py:3490} INFO - Setting next_dagrun for example_branch_operator to 2023-06-09T00:00:00+00:00, run_after=2023-06-10T00:00:00+00:00
[2023-06-10T14:14:00.673+0000] {processor.py:179} INFO - Processing /home/airflow/.local/lib/python3.7/site-packages/airflow/example_dags/example_branch_operator.py took 0.234 seconds
[2023-06-10T14:14:31.191+0000] {processor.py:157} INFO - Started process (PID=959) to work on /home/airflow/.local/lib/python3.7/site-packages/airflow/example_dags/example_branch_operator.py
[2023-06-10T14:14:31.195+0000] {processor.py:826} INFO - Processing file /home/airflow/.local/lib/python3.7/site-packages/airflow/example_dags/example_branch_operator.py for tasks to queue
[2023-06-10T14:14:31.197+0000] {logging_mixin.py:149} INFO - [2023-06-10T14:14:31.197+0000] {dagbag.py:541} INFO - Filling up the DagBag from /home/airflow/.local/lib/python3.7/site-packages/airflow/example_dags/example_branch_operator.py
[2023-06-10T14:14:31.221+0000] {processor.py:836} INFO - DAG(s) dict_keys(['example_branch_operator']) retrieved from /home/airflow/.local/lib/python3.7/site-packages/airflow/example_dags/example_branch_operator.py
[2023-06-10T14:14:31.288+0000] {logging_mixin.py:149} INFO - [2023-06-10T14:14:31.288+0000] {dag.py:2726} INFO - Sync 1 DAGs
[2023-06-10T14:14:31.363+0000] {logging_mixin.py:149} INFO - [2023-06-10T14:14:31.363+0000] {dag.py:3490} INFO - Setting next_dagrun for example_branch_operator to 2023-06-09T00:00:00+00:00, run_after=2023-06-10T00:00:00+00:00
[2023-06-10T14:14:31.411+0000] {processor.py:179} INFO - Processing /home/airflow/.local/lib/python3.7/site-packages/airflow/example_dags/example_branch_operator.py took 0.226 seconds
[2023-06-10T14:15:01.586+0000] {processor.py:157} INFO - Started process (PID=1015) to work on /home/airflow/.local/lib/python3.7/site-packages/airflow/example_dags/example_branch_operator.py
[2023-06-10T14:15:01.594+0000] {processor.py:826} INFO - Processing file /home/airflow/.local/lib/python3.7/site-packages/airflow/example_dags/example_branch_operator.py for tasks to queue
[2023-06-10T14:15:01.596+0000] {logging_mixin.py:149} INFO - [2023-06-10T14:15:01.595+0000] {dagbag.py:541} INFO - Filling up the DagBag from /home/airflow/.local/lib/python3.7/site-packages/airflow/example_dags/example_branch_operator.py
[2023-06-10T14:15:01.644+0000] {processor.py:836} INFO - DAG(s) dict_keys(['example_branch_operator']) retrieved from /home/airflow/.local/lib/python3.7/site-packages/airflow/example_dags/example_branch_operator.py
[2023-06-10T14:15:01.765+0000] {logging_mixin.py:149} INFO - [2023-06-10T14:15:01.763+0000] {dag.py:2726} INFO - Sync 1 DAGs
[2023-06-10T14:15:01.894+0000] {logging_mixin.py:149} INFO - [2023-06-10T14:15:01.893+0000] {dag.py:3490} INFO - Setting next_dagrun for example_branch_operator to 2023-06-09T00:00:00+00:00, run_after=2023-06-10T00:00:00+00:00
[2023-06-10T14:15:01.967+0000] {processor.py:179} INFO - Processing /home/airflow/.local/lib/python3.7/site-packages/airflow/example_dags/example_branch_operator.py took 0.399 seconds
[2023-06-10T14:15:32.263+0000] {processor.py:157} INFO - Started process (PID=1070) to work on /home/airflow/.local/lib/python3.7/site-packages/airflow/example_dags/example_branch_operator.py
[2023-06-10T14:15:32.266+0000] {processor.py:826} INFO - Processing file /home/airflow/.local/lib/python3.7/site-packages/airflow/example_dags/example_branch_operator.py for tasks to queue
[2023-06-10T14:15:32.267+0000] {logging_mixin.py:149} INFO - [2023-06-10T14:15:32.267+0000] {dagbag.py:541} INFO - Filling up the DagBag from /home/airflow/.local/lib/python3.7/site-packages/airflow/example_dags/example_branch_operator.py
[2023-06-10T14:15:32.288+0000] {processor.py:836} INFO - DAG(s) dict_keys(['example_branch_operator']) retrieved from /home/airflow/.local/lib/python3.7/site-packages/airflow/example_dags/example_branch_operator.py
[2023-06-10T14:15:32.342+0000] {logging_mixin.py:149} INFO - [2023-06-10T14:15:32.342+0000] {dag.py:2726} INFO - Sync 1 DAGs
[2023-06-10T14:15:32.404+0000] {logging_mixin.py:149} INFO - [2023-06-10T14:15:32.404+0000] {dag.py:3490} INFO - Setting next_dagrun for example_branch_operator to 2023-06-09T00:00:00+00:00, run_after=2023-06-10T00:00:00+00:00
[2023-06-10T14:15:32.446+0000] {processor.py:179} INFO - Processing /home/airflow/.local/lib/python3.7/site-packages/airflow/example_dags/example_branch_operator.py took 0.189 seconds
[2023-06-10T14:16:02.709+0000] {processor.py:157} INFO - Started process (PID=1126) to work on /home/airflow/.local/lib/python3.7/site-packages/airflow/example_dags/example_branch_operator.py
[2023-06-10T14:16:02.710+0000] {processor.py:826} INFO - Processing file /home/airflow/.local/lib/python3.7/site-packages/airflow/example_dags/example_branch_operator.py for tasks to queue
[2023-06-10T14:16:02.712+0000] {logging_mixin.py:149} INFO - [2023-06-10T14:16:02.712+0000] {dagbag.py:541} INFO - Filling up the DagBag from /home/airflow/.local/lib/python3.7/site-packages/airflow/example_dags/example_branch_operator.py
[2023-06-10T14:16:02.736+0000] {processor.py:836} INFO - DAG(s) dict_keys(['example_branch_operator']) retrieved from /home/airflow/.local/lib/python3.7/site-packages/airflow/example_dags/example_branch_operator.py
[2023-06-10T14:16:02.810+0000] {logging_mixin.py:149} INFO - [2023-06-10T14:16:02.810+0000] {dag.py:2726} INFO - Sync 1 DAGs
[2023-06-10T14:16:02.894+0000] {logging_mixin.py:149} INFO - [2023-06-10T14:16:02.894+0000] {dag.py:3490} INFO - Setting next_dagrun for example_branch_operator to 2023-06-09T00:00:00+00:00, run_after=2023-06-10T00:00:00+00:00
[2023-06-10T14:16:02.938+0000] {processor.py:179} INFO - Processing /home/airflow/.local/lib/python3.7/site-packages/airflow/example_dags/example_branch_operator.py took 0.238 seconds
[2023-06-10T14:16:33.161+0000] {processor.py:157} INFO - Started process (PID=1182) to work on /home/airflow/.local/lib/python3.7/site-packages/airflow/example_dags/example_branch_operator.py
[2023-06-10T14:16:33.162+0000] {processor.py:826} INFO - Processing file /home/airflow/.local/lib/python3.7/site-packages/airflow/example_dags/example_branch_operator.py for tasks to queue
[2023-06-10T14:16:33.163+0000] {logging_mixin.py:149} INFO - [2023-06-10T14:16:33.163+0000] {dagbag.py:541} INFO - Filling up the DagBag from /home/airflow/.local/lib/python3.7/site-packages/airflow/example_dags/example_branch_operator.py
[2023-06-10T14:16:33.191+0000] {processor.py:836} INFO - DAG(s) dict_keys(['example_branch_operator']) retrieved from /home/airflow/.local/lib/python3.7/site-packages/airflow/example_dags/example_branch_operator.py
[2023-06-10T14:16:33.255+0000] {logging_mixin.py:149} INFO - [2023-06-10T14:16:33.255+0000] {dag.py:2726} INFO - Sync 1 DAGs
[2023-06-10T14:16:33.339+0000] {logging_mixin.py:149} INFO - [2023-06-10T14:16:33.339+0000] {dag.py:3490} INFO - Setting next_dagrun for example_branch_operator to 2023-06-09T00:00:00+00:00, run_after=2023-06-10T00:00:00+00:00
[2023-06-10T14:16:33.454+0000] {processor.py:179} INFO - Processing /home/airflow/.local/lib/python3.7/site-packages/airflow/example_dags/example_branch_operator.py took 0.298 seconds
[2023-06-10T14:27:35.437+0000] {processor.py:157} INFO - Started process (PID=81) to work on /home/airflow/.local/lib/python3.7/site-packages/airflow/example_dags/example_branch_operator.py
[2023-06-10T14:27:35.443+0000] {processor.py:826} INFO - Processing file /home/airflow/.local/lib/python3.7/site-packages/airflow/example_dags/example_branch_operator.py for tasks to queue
[2023-06-10T14:27:35.444+0000] {logging_mixin.py:149} INFO - [2023-06-10T14:27:35.444+0000] {dagbag.py:541} INFO - Filling up the DagBag from /home/airflow/.local/lib/python3.7/site-packages/airflow/example_dags/example_branch_operator.py
[2023-06-10T14:27:35.488+0000] {processor.py:836} INFO - DAG(s) dict_keys(['example_branch_operator']) retrieved from /home/airflow/.local/lib/python3.7/site-packages/airflow/example_dags/example_branch_operator.py
[2023-06-10T14:27:35.721+0000] {logging_mixin.py:149} INFO - [2023-06-10T14:27:35.721+0000] {dag.py:2726} INFO - Sync 1 DAGs
[2023-06-10T14:27:35.935+0000] {logging_mixin.py:149} INFO - [2023-06-10T14:27:35.935+0000] {dag.py:3490} INFO - Setting next_dagrun for example_branch_operator to 2023-06-09T00:00:00+00:00, run_after=2023-06-10T00:00:00+00:00
[2023-06-10T14:27:36.035+0000] {processor.py:179} INFO - Processing /home/airflow/.local/lib/python3.7/site-packages/airflow/example_dags/example_branch_operator.py took 0.605 seconds
[2023-06-10T14:28:10.096+0000] {processor.py:157} INFO - Started process (PID=136) to work on /home/airflow/.local/lib/python3.7/site-packages/airflow/example_dags/example_branch_operator.py
[2023-06-10T14:28:10.106+0000] {processor.py:826} INFO - Processing file /home/airflow/.local/lib/python3.7/site-packages/airflow/example_dags/example_branch_operator.py for tasks to queue
[2023-06-10T14:28:10.107+0000] {logging_mixin.py:149} INFO - [2023-06-10T14:28:10.107+0000] {dagbag.py:541} INFO - Filling up the DagBag from /home/airflow/.local/lib/python3.7/site-packages/airflow/example_dags/example_branch_operator.py
[2023-06-10T14:28:10.168+0000] {processor.py:836} INFO - DAG(s) dict_keys(['example_branch_operator']) retrieved from /home/airflow/.local/lib/python3.7/site-packages/airflow/example_dags/example_branch_operator.py
[2023-06-10T14:28:10.341+0000] {logging_mixin.py:149} INFO - [2023-06-10T14:28:10.341+0000] {dag.py:2726} INFO - Sync 1 DAGs
[2023-06-10T14:28:10.472+0000] {logging_mixin.py:149} INFO - [2023-06-10T14:28:10.472+0000] {dag.py:3490} INFO - Setting next_dagrun for example_branch_operator to 2023-06-09T00:00:00+00:00, run_after=2023-06-10T00:00:00+00:00
[2023-06-10T14:28:10.564+0000] {processor.py:179} INFO - Processing /home/airflow/.local/lib/python3.7/site-packages/airflow/example_dags/example_branch_operator.py took 0.493 seconds
[2023-06-10T14:28:40.900+0000] {processor.py:157} INFO - Started process (PID=191) to work on /home/airflow/.local/lib/python3.7/site-packages/airflow/example_dags/example_branch_operator.py
[2023-06-10T14:28:40.902+0000] {processor.py:826} INFO - Processing file /home/airflow/.local/lib/python3.7/site-packages/airflow/example_dags/example_branch_operator.py for tasks to queue
[2023-06-10T14:28:40.904+0000] {logging_mixin.py:149} INFO - [2023-06-10T14:28:40.904+0000] {dagbag.py:541} INFO - Filling up the DagBag from /home/airflow/.local/lib/python3.7/site-packages/airflow/example_dags/example_branch_operator.py
[2023-06-10T14:28:40.926+0000] {processor.py:836} INFO - DAG(s) dict_keys(['example_branch_operator']) retrieved from /home/airflow/.local/lib/python3.7/site-packages/airflow/example_dags/example_branch_operator.py
[2023-06-10T14:28:40.988+0000] {logging_mixin.py:149} INFO - [2023-06-10T14:28:40.987+0000] {dag.py:2726} INFO - Sync 1 DAGs
[2023-06-10T14:28:41.064+0000] {logging_mixin.py:149} INFO - [2023-06-10T14:28:41.064+0000] {dag.py:3490} INFO - Setting next_dagrun for example_branch_operator to 2023-06-09T00:00:00+00:00, run_after=2023-06-10T00:00:00+00:00
[2023-06-10T14:28:41.104+0000] {processor.py:179} INFO - Processing /home/airflow/.local/lib/python3.7/site-packages/airflow/example_dags/example_branch_operator.py took 0.212 seconds
[2023-06-10T14:29:11.701+0000] {processor.py:157} INFO - Started process (PID=246) to work on /home/airflow/.local/lib/python3.7/site-packages/airflow/example_dags/example_branch_operator.py
[2023-06-10T14:29:11.707+0000] {processor.py:826} INFO - Processing file /home/airflow/.local/lib/python3.7/site-packages/airflow/example_dags/example_branch_operator.py for tasks to queue
[2023-06-10T14:29:11.708+0000] {logging_mixin.py:149} INFO - [2023-06-10T14:29:11.708+0000] {dagbag.py:541} INFO - Filling up the DagBag from /home/airflow/.local/lib/python3.7/site-packages/airflow/example_dags/example_branch_operator.py
[2023-06-10T14:29:11.740+0000] {processor.py:836} INFO - DAG(s) dict_keys(['example_branch_operator']) retrieved from /home/airflow/.local/lib/python3.7/site-packages/airflow/example_dags/example_branch_operator.py
[2023-06-10T14:29:11.805+0000] {logging_mixin.py:149} INFO - [2023-06-10T14:29:11.805+0000] {dag.py:2726} INFO - Sync 1 DAGs
[2023-06-10T14:29:11.876+0000] {logging_mixin.py:149} INFO - [2023-06-10T14:29:11.876+0000] {dag.py:3490} INFO - Setting next_dagrun for example_branch_operator to 2023-06-09T00:00:00+00:00, run_after=2023-06-10T00:00:00+00:00
[2023-06-10T14:29:11.917+0000] {processor.py:179} INFO - Processing /home/airflow/.local/lib/python3.7/site-packages/airflow/example_dags/example_branch_operator.py took 0.229 seconds
[2023-06-10T14:29:46.243+0000] {processor.py:157} INFO - Started process (PID=301) to work on /home/airflow/.local/lib/python3.7/site-packages/airflow/example_dags/example_branch_operator.py
[2023-06-10T14:29:46.260+0000] {processor.py:826} INFO - Processing file /home/airflow/.local/lib/python3.7/site-packages/airflow/example_dags/example_branch_operator.py for tasks to queue
[2023-06-10T14:29:46.267+0000] {logging_mixin.py:149} INFO - [2023-06-10T14:29:46.266+0000] {dagbag.py:541} INFO - Filling up the DagBag from /home/airflow/.local/lib/python3.7/site-packages/airflow/example_dags/example_branch_operator.py
[2023-06-10T14:29:46.359+0000] {processor.py:836} INFO - DAG(s) dict_keys(['example_branch_operator']) retrieved from /home/airflow/.local/lib/python3.7/site-packages/airflow/example_dags/example_branch_operator.py
[2023-06-10T14:29:46.545+0000] {logging_mixin.py:149} INFO - [2023-06-10T14:29:46.545+0000] {dag.py:2726} INFO - Sync 1 DAGs
[2023-06-10T14:29:46.666+0000] {logging_mixin.py:149} INFO - [2023-06-10T14:29:46.665+0000] {dag.py:3490} INFO - Setting next_dagrun for example_branch_operator to 2023-06-09T00:00:00+00:00, run_after=2023-06-10T00:00:00+00:00
[2023-06-10T14:29:46.759+0000] {processor.py:179} INFO - Processing /home/airflow/.local/lib/python3.7/site-packages/airflow/example_dags/example_branch_operator.py took 0.573 seconds
[2023-06-10T14:30:17.239+0000] {processor.py:157} INFO - Started process (PID=357) to work on /home/airflow/.local/lib/python3.7/site-packages/airflow/example_dags/example_branch_operator.py
[2023-06-10T14:30:17.245+0000] {processor.py:826} INFO - Processing file /home/airflow/.local/lib/python3.7/site-packages/airflow/example_dags/example_branch_operator.py for tasks to queue
[2023-06-10T14:30:17.249+0000] {logging_mixin.py:149} INFO - [2023-06-10T14:30:17.249+0000] {dagbag.py:541} INFO - Filling up the DagBag from /home/airflow/.local/lib/python3.7/site-packages/airflow/example_dags/example_branch_operator.py
[2023-06-10T14:30:17.294+0000] {processor.py:836} INFO - DAG(s) dict_keys(['example_branch_operator']) retrieved from /home/airflow/.local/lib/python3.7/site-packages/airflow/example_dags/example_branch_operator.py
[2023-06-10T14:30:17.366+0000] {logging_mixin.py:149} INFO - [2023-06-10T14:30:17.366+0000] {dag.py:2726} INFO - Sync 1 DAGs
[2023-06-10T14:30:17.426+0000] {logging_mixin.py:149} INFO - [2023-06-10T14:30:17.426+0000] {dag.py:3490} INFO - Setting next_dagrun for example_branch_operator to 2023-06-09T00:00:00+00:00, run_after=2023-06-10T00:00:00+00:00
[2023-06-10T14:30:17.465+0000] {processor.py:179} INFO - Processing /home/airflow/.local/lib/python3.7/site-packages/airflow/example_dags/example_branch_operator.py took 0.245 seconds
[2023-06-10T14:30:48.122+0000] {processor.py:157} INFO - Started process (PID=413) to work on /home/airflow/.local/lib/python3.7/site-packages/airflow/example_dags/example_branch_operator.py
[2023-06-10T14:30:48.124+0000] {processor.py:826} INFO - Processing file /home/airflow/.local/lib/python3.7/site-packages/airflow/example_dags/example_branch_operator.py for tasks to queue
[2023-06-10T14:30:48.126+0000] {logging_mixin.py:149} INFO - [2023-06-10T14:30:48.126+0000] {dagbag.py:541} INFO - Filling up the DagBag from /home/airflow/.local/lib/python3.7/site-packages/airflow/example_dags/example_branch_operator.py
[2023-06-10T14:30:48.156+0000] {processor.py:836} INFO - DAG(s) dict_keys(['example_branch_operator']) retrieved from /home/airflow/.local/lib/python3.7/site-packages/airflow/example_dags/example_branch_operator.py
[2023-06-10T14:30:48.230+0000] {logging_mixin.py:149} INFO - [2023-06-10T14:30:48.230+0000] {dag.py:2726} INFO - Sync 1 DAGs
[2023-06-10T14:30:48.318+0000] {logging_mixin.py:149} INFO - [2023-06-10T14:30:48.318+0000] {dag.py:3490} INFO - Setting next_dagrun for example_branch_operator to 2023-06-09T00:00:00+00:00, run_after=2023-06-10T00:00:00+00:00
[2023-06-10T14:30:48.360+0000] {processor.py:179} INFO - Processing /home/airflow/.local/lib/python3.7/site-packages/airflow/example_dags/example_branch_operator.py took 0.249 seconds
