[2023-06-10T14:06:11.068+0000] {processor.py:157} INFO - Started process (PID=66) to work on /home/airflow/.local/lib/python3.7/site-packages/airflow/example_dags/example_external_task_marker_dag.py
[2023-06-10T14:06:11.070+0000] {processor.py:826} INFO - Processing file /home/airflow/.local/lib/python3.7/site-packages/airflow/example_dags/example_external_task_marker_dag.py for tasks to queue
[2023-06-10T14:06:11.073+0000] {logging_mixin.py:149} INFO - [2023-06-10T14:06:11.072+0000] {dagbag.py:541} INFO - Filling up the DagBag from /home/airflow/.local/lib/python3.7/site-packages/airflow/example_dags/example_external_task_marker_dag.py
[2023-06-10T14:06:11.124+0000] {processor.py:836} INFO - DAG(s) dict_keys(['example_external_task_marker_child', 'example_external_task_marker_parent']) retrieved from /home/airflow/.local/lib/python3.7/site-packages/airflow/example_dags/example_external_task_marker_dag.py
[2023-06-10T14:06:11.603+0000] {logging_mixin.py:149} INFO - [2023-06-10T14:06:11.603+0000] {dag.py:2726} INFO - Sync 2 DAGs
[2023-06-10T14:06:11.826+0000] {logging_mixin.py:149} INFO - [2023-06-10T14:06:11.826+0000] {dag.py:3490} INFO - Setting next_dagrun for example_external_task_marker_child to None, run_after=None
[2023-06-10T14:06:11.858+0000] {logging_mixin.py:149} INFO - [2023-06-10T14:06:11.857+0000] {dag.py:3490} INFO - Setting next_dagrun for example_external_task_marker_parent to None, run_after=None
[2023-06-10T14:06:12.021+0000] {processor.py:179} INFO - Processing /home/airflow/.local/lib/python3.7/site-packages/airflow/example_dags/example_external_task_marker_dag.py took 0.972 seconds
[2023-06-10T14:06:42.119+0000] {processor.py:157} INFO - Started process (PID=122) to work on /home/airflow/.local/lib/python3.7/site-packages/airflow/example_dags/example_external_task_marker_dag.py
[2023-06-10T14:06:42.121+0000] {processor.py:826} INFO - Processing file /home/airflow/.local/lib/python3.7/site-packages/airflow/example_dags/example_external_task_marker_dag.py for tasks to queue
[2023-06-10T14:06:42.122+0000] {logging_mixin.py:149} INFO - [2023-06-10T14:06:42.122+0000] {dagbag.py:541} INFO - Filling up the DagBag from /home/airflow/.local/lib/python3.7/site-packages/airflow/example_dags/example_external_task_marker_dag.py
[2023-06-10T14:06:42.134+0000] {processor.py:836} INFO - DAG(s) dict_keys(['example_external_task_marker_child', 'example_external_task_marker_parent']) retrieved from /home/airflow/.local/lib/python3.7/site-packages/airflow/example_dags/example_external_task_marker_dag.py
[2023-06-10T14:06:42.201+0000] {logging_mixin.py:149} INFO - [2023-06-10T14:06:42.201+0000] {dag.py:2726} INFO - Sync 2 DAGs
[2023-06-10T14:06:42.268+0000] {logging_mixin.py:149} INFO - [2023-06-10T14:06:42.268+0000] {dag.py:3490} INFO - Setting next_dagrun for example_external_task_marker_child to None, run_after=None
[2023-06-10T14:06:42.277+0000] {logging_mixin.py:149} INFO - [2023-06-10T14:06:42.277+0000] {dag.py:3490} INFO - Setting next_dagrun for example_external_task_marker_parent to None, run_after=None
[2023-06-10T14:06:42.312+0000] {processor.py:179} INFO - Processing /home/airflow/.local/lib/python3.7/site-packages/airflow/example_dags/example_external_task_marker_dag.py took 0.200 seconds
[2023-06-10T14:07:12.956+0000] {processor.py:157} INFO - Started process (PID=177) to work on /home/airflow/.local/lib/python3.7/site-packages/airflow/example_dags/example_external_task_marker_dag.py
[2023-06-10T14:07:12.958+0000] {processor.py:826} INFO - Processing file /home/airflow/.local/lib/python3.7/site-packages/airflow/example_dags/example_external_task_marker_dag.py for tasks to queue
[2023-06-10T14:07:12.960+0000] {logging_mixin.py:149} INFO - [2023-06-10T14:07:12.959+0000] {dagbag.py:541} INFO - Filling up the DagBag from /home/airflow/.local/lib/python3.7/site-packages/airflow/example_dags/example_external_task_marker_dag.py
[2023-06-10T14:07:12.981+0000] {processor.py:836} INFO - DAG(s) dict_keys(['example_external_task_marker_child', 'example_external_task_marker_parent']) retrieved from /home/airflow/.local/lib/python3.7/site-packages/airflow/example_dags/example_external_task_marker_dag.py
[2023-06-10T14:07:13.039+0000] {logging_mixin.py:149} INFO - [2023-06-10T14:07:13.038+0000] {dag.py:2726} INFO - Sync 2 DAGs
[2023-06-10T14:07:13.103+0000] {logging_mixin.py:149} INFO - [2023-06-10T14:07:13.103+0000] {dag.py:3490} INFO - Setting next_dagrun for example_external_task_marker_child to None, run_after=None
[2023-06-10T14:07:13.112+0000] {logging_mixin.py:149} INFO - [2023-06-10T14:07:13.112+0000] {dag.py:3490} INFO - Setting next_dagrun for example_external_task_marker_parent to None, run_after=None
[2023-06-10T14:07:13.151+0000] {processor.py:179} INFO - Processing /home/airflow/.local/lib/python3.7/site-packages/airflow/example_dags/example_external_task_marker_dag.py took 0.201 seconds
[2023-06-10T14:07:44.064+0000] {processor.py:157} INFO - Started process (PID=232) to work on /home/airflow/.local/lib/python3.7/site-packages/airflow/example_dags/example_external_task_marker_dag.py
[2023-06-10T14:07:44.066+0000] {processor.py:826} INFO - Processing file /home/airflow/.local/lib/python3.7/site-packages/airflow/example_dags/example_external_task_marker_dag.py for tasks to queue
[2023-06-10T14:07:44.067+0000] {logging_mixin.py:149} INFO - [2023-06-10T14:07:44.067+0000] {dagbag.py:541} INFO - Filling up the DagBag from /home/airflow/.local/lib/python3.7/site-packages/airflow/example_dags/example_external_task_marker_dag.py
[2023-06-10T14:07:44.076+0000] {processor.py:836} INFO - DAG(s) dict_keys(['example_external_task_marker_parent', 'example_external_task_marker_child']) retrieved from /home/airflow/.local/lib/python3.7/site-packages/airflow/example_dags/example_external_task_marker_dag.py
[2023-06-10T14:07:44.126+0000] {logging_mixin.py:149} INFO - [2023-06-10T14:07:44.126+0000] {dag.py:2726} INFO - Sync 2 DAGs
[2023-06-10T14:07:44.199+0000] {logging_mixin.py:149} INFO - [2023-06-10T14:07:44.199+0000] {dag.py:3490} INFO - Setting next_dagrun for example_external_task_marker_child to None, run_after=None
[2023-06-10T14:07:44.208+0000] {logging_mixin.py:149} INFO - [2023-06-10T14:07:44.208+0000] {dag.py:3490} INFO - Setting next_dagrun for example_external_task_marker_parent to None, run_after=None
[2023-06-10T14:07:44.256+0000] {processor.py:179} INFO - Processing /home/airflow/.local/lib/python3.7/site-packages/airflow/example_dags/example_external_task_marker_dag.py took 0.197 seconds
[2023-06-10T14:08:15.291+0000] {processor.py:157} INFO - Started process (PID=287) to work on /home/airflow/.local/lib/python3.7/site-packages/airflow/example_dags/example_external_task_marker_dag.py
[2023-06-10T14:08:15.296+0000] {processor.py:826} INFO - Processing file /home/airflow/.local/lib/python3.7/site-packages/airflow/example_dags/example_external_task_marker_dag.py for tasks to queue
[2023-06-10T14:08:15.298+0000] {logging_mixin.py:149} INFO - [2023-06-10T14:08:15.298+0000] {dagbag.py:541} INFO - Filling up the DagBag from /home/airflow/.local/lib/python3.7/site-packages/airflow/example_dags/example_external_task_marker_dag.py
[2023-06-10T14:08:15.314+0000] {processor.py:836} INFO - DAG(s) dict_keys(['example_external_task_marker_child', 'example_external_task_marker_parent']) retrieved from /home/airflow/.local/lib/python3.7/site-packages/airflow/example_dags/example_external_task_marker_dag.py
[2023-06-10T14:08:15.402+0000] {logging_mixin.py:149} INFO - [2023-06-10T14:08:15.402+0000] {dag.py:2726} INFO - Sync 2 DAGs
[2023-06-10T14:08:15.469+0000] {logging_mixin.py:149} INFO - [2023-06-10T14:08:15.469+0000] {dag.py:3490} INFO - Setting next_dagrun for example_external_task_marker_child to None, run_after=None
[2023-06-10T14:08:15.476+0000] {logging_mixin.py:149} INFO - [2023-06-10T14:08:15.475+0000] {dag.py:3490} INFO - Setting next_dagrun for example_external_task_marker_parent to None, run_after=None
[2023-06-10T14:08:15.513+0000] {processor.py:179} INFO - Processing /home/airflow/.local/lib/python3.7/site-packages/airflow/example_dags/example_external_task_marker_dag.py took 0.241 seconds
[2023-06-10T14:08:45.734+0000] {processor.py:157} INFO - Started process (PID=343) to work on /home/airflow/.local/lib/python3.7/site-packages/airflow/example_dags/example_external_task_marker_dag.py
[2023-06-10T14:08:45.737+0000] {processor.py:826} INFO - Processing file /home/airflow/.local/lib/python3.7/site-packages/airflow/example_dags/example_external_task_marker_dag.py for tasks to queue
[2023-06-10T14:08:45.739+0000] {logging_mixin.py:149} INFO - [2023-06-10T14:08:45.739+0000] {dagbag.py:541} INFO - Filling up the DagBag from /home/airflow/.local/lib/python3.7/site-packages/airflow/example_dags/example_external_task_marker_dag.py
[2023-06-10T14:08:45.757+0000] {processor.py:836} INFO - DAG(s) dict_keys(['example_external_task_marker_child', 'example_external_task_marker_parent']) retrieved from /home/airflow/.local/lib/python3.7/site-packages/airflow/example_dags/example_external_task_marker_dag.py
[2023-06-10T14:08:45.796+0000] {logging_mixin.py:149} INFO - [2023-06-10T14:08:45.795+0000] {dag.py:2726} INFO - Sync 2 DAGs
[2023-06-10T14:08:45.885+0000] {logging_mixin.py:149} INFO - [2023-06-10T14:08:45.885+0000] {dag.py:3490} INFO - Setting next_dagrun for example_external_task_marker_child to None, run_after=None
[2023-06-10T14:08:45.896+0000] {logging_mixin.py:149} INFO - [2023-06-10T14:08:45.896+0000] {dag.py:3490} INFO - Setting next_dagrun for example_external_task_marker_parent to None, run_after=None
[2023-06-10T14:08:45.952+0000] {processor.py:179} INFO - Processing /home/airflow/.local/lib/python3.7/site-packages/airflow/example_dags/example_external_task_marker_dag.py took 0.226 seconds
[2023-06-10T14:09:16.776+0000] {processor.py:157} INFO - Started process (PID=397) to work on /home/airflow/.local/lib/python3.7/site-packages/airflow/example_dags/example_external_task_marker_dag.py
[2023-06-10T14:09:16.778+0000] {processor.py:826} INFO - Processing file /home/airflow/.local/lib/python3.7/site-packages/airflow/example_dags/example_external_task_marker_dag.py for tasks to queue
[2023-06-10T14:09:16.779+0000] {logging_mixin.py:149} INFO - [2023-06-10T14:09:16.779+0000] {dagbag.py:541} INFO - Filling up the DagBag from /home/airflow/.local/lib/python3.7/site-packages/airflow/example_dags/example_external_task_marker_dag.py
[2023-06-10T14:09:16.792+0000] {processor.py:836} INFO - DAG(s) dict_keys(['example_external_task_marker_child', 'example_external_task_marker_parent']) retrieved from /home/airflow/.local/lib/python3.7/site-packages/airflow/example_dags/example_external_task_marker_dag.py
[2023-06-10T14:09:16.842+0000] {logging_mixin.py:149} INFO - [2023-06-10T14:09:16.841+0000] {dag.py:2726} INFO - Sync 2 DAGs
[2023-06-10T14:09:16.896+0000] {logging_mixin.py:149} INFO - [2023-06-10T14:09:16.895+0000] {dag.py:3490} INFO - Setting next_dagrun for example_external_task_marker_child to None, run_after=None
[2023-06-10T14:09:16.903+0000] {logging_mixin.py:149} INFO - [2023-06-10T14:09:16.903+0000] {dag.py:3490} INFO - Setting next_dagrun for example_external_task_marker_parent to None, run_after=None
[2023-06-10T14:09:16.939+0000] {processor.py:179} INFO - Processing /home/airflow/.local/lib/python3.7/site-packages/airflow/example_dags/example_external_task_marker_dag.py took 0.171 seconds
[2023-06-10T14:09:47.391+0000] {processor.py:157} INFO - Started process (PID=452) to work on /home/airflow/.local/lib/python3.7/site-packages/airflow/example_dags/example_external_task_marker_dag.py
[2023-06-10T14:09:47.393+0000] {processor.py:826} INFO - Processing file /home/airflow/.local/lib/python3.7/site-packages/airflow/example_dags/example_external_task_marker_dag.py for tasks to queue
[2023-06-10T14:09:47.394+0000] {logging_mixin.py:149} INFO - [2023-06-10T14:09:47.394+0000] {dagbag.py:541} INFO - Filling up the DagBag from /home/airflow/.local/lib/python3.7/site-packages/airflow/example_dags/example_external_task_marker_dag.py
[2023-06-10T14:09:47.405+0000] {processor.py:836} INFO - DAG(s) dict_keys(['example_external_task_marker_parent', 'example_external_task_marker_child']) retrieved from /home/airflow/.local/lib/python3.7/site-packages/airflow/example_dags/example_external_task_marker_dag.py
[2023-06-10T14:09:47.458+0000] {logging_mixin.py:149} INFO - [2023-06-10T14:09:47.458+0000] {dag.py:2726} INFO - Sync 2 DAGs
[2023-06-10T14:09:47.515+0000] {logging_mixin.py:149} INFO - [2023-06-10T14:09:47.515+0000] {dag.py:3490} INFO - Setting next_dagrun for example_external_task_marker_child to None, run_after=None
[2023-06-10T14:09:47.522+0000] {logging_mixin.py:149} INFO - [2023-06-10T14:09:47.522+0000] {dag.py:3490} INFO - Setting next_dagrun for example_external_task_marker_parent to None, run_after=None
[2023-06-10T14:09:47.558+0000] {processor.py:179} INFO - Processing /home/airflow/.local/lib/python3.7/site-packages/airflow/example_dags/example_external_task_marker_dag.py took 0.173 seconds
[2023-06-10T14:10:17.782+0000] {processor.py:157} INFO - Started process (PID=507) to work on /home/airflow/.local/lib/python3.7/site-packages/airflow/example_dags/example_external_task_marker_dag.py
[2023-06-10T14:10:17.783+0000] {processor.py:826} INFO - Processing file /home/airflow/.local/lib/python3.7/site-packages/airflow/example_dags/example_external_task_marker_dag.py for tasks to queue
[2023-06-10T14:10:17.784+0000] {logging_mixin.py:149} INFO - [2023-06-10T14:10:17.784+0000] {dagbag.py:541} INFO - Filling up the DagBag from /home/airflow/.local/lib/python3.7/site-packages/airflow/example_dags/example_external_task_marker_dag.py
[2023-06-10T14:10:17.796+0000] {processor.py:836} INFO - DAG(s) dict_keys(['example_external_task_marker_child', 'example_external_task_marker_parent']) retrieved from /home/airflow/.local/lib/python3.7/site-packages/airflow/example_dags/example_external_task_marker_dag.py
[2023-06-10T14:10:17.852+0000] {logging_mixin.py:149} INFO - [2023-06-10T14:10:17.852+0000] {dag.py:2726} INFO - Sync 2 DAGs
[2023-06-10T14:10:17.922+0000] {logging_mixin.py:149} INFO - [2023-06-10T14:10:17.921+0000] {dag.py:3490} INFO - Setting next_dagrun for example_external_task_marker_child to None, run_after=None
[2023-06-10T14:10:17.930+0000] {logging_mixin.py:149} INFO - [2023-06-10T14:10:17.930+0000] {dag.py:3490} INFO - Setting next_dagrun for example_external_task_marker_parent to None, run_after=None
[2023-06-10T14:10:17.980+0000] {processor.py:179} INFO - Processing /home/airflow/.local/lib/python3.7/site-packages/airflow/example_dags/example_external_task_marker_dag.py took 0.205 seconds
[2023-06-10T14:10:48.479+0000] {processor.py:157} INFO - Started process (PID=562) to work on /home/airflow/.local/lib/python3.7/site-packages/airflow/example_dags/example_external_task_marker_dag.py
[2023-06-10T14:10:48.482+0000] {processor.py:826} INFO - Processing file /home/airflow/.local/lib/python3.7/site-packages/airflow/example_dags/example_external_task_marker_dag.py for tasks to queue
[2023-06-10T14:10:48.483+0000] {logging_mixin.py:149} INFO - [2023-06-10T14:10:48.483+0000] {dagbag.py:541} INFO - Filling up the DagBag from /home/airflow/.local/lib/python3.7/site-packages/airflow/example_dags/example_external_task_marker_dag.py
[2023-06-10T14:10:48.495+0000] {processor.py:836} INFO - DAG(s) dict_keys(['example_external_task_marker_child', 'example_external_task_marker_parent']) retrieved from /home/airflow/.local/lib/python3.7/site-packages/airflow/example_dags/example_external_task_marker_dag.py
[2023-06-10T14:10:48.599+0000] {logging_mixin.py:149} INFO - [2023-06-10T14:10:48.596+0000] {dag.py:2726} INFO - Sync 2 DAGs
[2023-06-10T14:10:48.685+0000] {logging_mixin.py:149} INFO - [2023-06-10T14:10:48.685+0000] {dag.py:3490} INFO - Setting next_dagrun for example_external_task_marker_child to None, run_after=None
[2023-06-10T14:10:48.698+0000] {logging_mixin.py:149} INFO - [2023-06-10T14:10:48.698+0000] {dag.py:3490} INFO - Setting next_dagrun for example_external_task_marker_parent to None, run_after=None
[2023-06-10T14:10:48.745+0000] {processor.py:179} INFO - Processing /home/airflow/.local/lib/python3.7/site-packages/airflow/example_dags/example_external_task_marker_dag.py took 0.284 seconds
[2023-06-10T14:11:19.382+0000] {processor.py:157} INFO - Started process (PID=617) to work on /home/airflow/.local/lib/python3.7/site-packages/airflow/example_dags/example_external_task_marker_dag.py
[2023-06-10T14:11:19.386+0000] {processor.py:826} INFO - Processing file /home/airflow/.local/lib/python3.7/site-packages/airflow/example_dags/example_external_task_marker_dag.py for tasks to queue
[2023-06-10T14:11:19.388+0000] {logging_mixin.py:149} INFO - [2023-06-10T14:11:19.388+0000] {dagbag.py:541} INFO - Filling up the DagBag from /home/airflow/.local/lib/python3.7/site-packages/airflow/example_dags/example_external_task_marker_dag.py
[2023-06-10T14:11:19.403+0000] {processor.py:836} INFO - DAG(s) dict_keys(['example_external_task_marker_parent', 'example_external_task_marker_child']) retrieved from /home/airflow/.local/lib/python3.7/site-packages/airflow/example_dags/example_external_task_marker_dag.py
[2023-06-10T14:11:19.425+0000] {logging_mixin.py:149} INFO - [2023-06-10T14:11:19.425+0000] {dag.py:2726} INFO - Sync 2 DAGs
[2023-06-10T14:11:19.483+0000] {logging_mixin.py:149} INFO - [2023-06-10T14:11:19.482+0000] {dag.py:3490} INFO - Setting next_dagrun for example_external_task_marker_child to None, run_after=None
[2023-06-10T14:11:19.491+0000] {logging_mixin.py:149} INFO - [2023-06-10T14:11:19.490+0000] {dag.py:3490} INFO - Setting next_dagrun for example_external_task_marker_parent to None, run_after=None
[2023-06-10T14:11:19.524+0000] {processor.py:179} INFO - Processing /home/airflow/.local/lib/python3.7/site-packages/airflow/example_dags/example_external_task_marker_dag.py took 0.152 seconds
[2023-06-10T14:11:50.267+0000] {processor.py:157} INFO - Started process (PID=672) to work on /home/airflow/.local/lib/python3.7/site-packages/airflow/example_dags/example_external_task_marker_dag.py
[2023-06-10T14:11:50.268+0000] {processor.py:826} INFO - Processing file /home/airflow/.local/lib/python3.7/site-packages/airflow/example_dags/example_external_task_marker_dag.py for tasks to queue
[2023-06-10T14:11:50.269+0000] {logging_mixin.py:149} INFO - [2023-06-10T14:11:50.269+0000] {dagbag.py:541} INFO - Filling up the DagBag from /home/airflow/.local/lib/python3.7/site-packages/airflow/example_dags/example_external_task_marker_dag.py
[2023-06-10T14:11:50.283+0000] {processor.py:836} INFO - DAG(s) dict_keys(['example_external_task_marker_child', 'example_external_task_marker_parent']) retrieved from /home/airflow/.local/lib/python3.7/site-packages/airflow/example_dags/example_external_task_marker_dag.py
[2023-06-10T14:11:50.347+0000] {logging_mixin.py:149} INFO - [2023-06-10T14:11:50.347+0000] {dag.py:2726} INFO - Sync 2 DAGs
[2023-06-10T14:11:50.416+0000] {logging_mixin.py:149} INFO - [2023-06-10T14:11:50.416+0000] {dag.py:3490} INFO - Setting next_dagrun for example_external_task_marker_child to None, run_after=None
[2023-06-10T14:11:50.423+0000] {logging_mixin.py:149} INFO - [2023-06-10T14:11:50.422+0000] {dag.py:3490} INFO - Setting next_dagrun for example_external_task_marker_parent to None, run_after=None
[2023-06-10T14:11:50.486+0000] {processor.py:179} INFO - Processing /home/airflow/.local/lib/python3.7/site-packages/airflow/example_dags/example_external_task_marker_dag.py took 0.246 seconds
[2023-06-10T14:12:20.582+0000] {processor.py:157} INFO - Started process (PID=727) to work on /home/airflow/.local/lib/python3.7/site-packages/airflow/example_dags/example_external_task_marker_dag.py
[2023-06-10T14:12:20.584+0000] {processor.py:826} INFO - Processing file /home/airflow/.local/lib/python3.7/site-packages/airflow/example_dags/example_external_task_marker_dag.py for tasks to queue
[2023-06-10T14:12:20.585+0000] {logging_mixin.py:149} INFO - [2023-06-10T14:12:20.585+0000] {dagbag.py:541} INFO - Filling up the DagBag from /home/airflow/.local/lib/python3.7/site-packages/airflow/example_dags/example_external_task_marker_dag.py
[2023-06-10T14:12:20.596+0000] {processor.py:836} INFO - DAG(s) dict_keys(['example_external_task_marker_parent', 'example_external_task_marker_child']) retrieved from /home/airflow/.local/lib/python3.7/site-packages/airflow/example_dags/example_external_task_marker_dag.py
[2023-06-10T14:12:20.657+0000] {logging_mixin.py:149} INFO - [2023-06-10T14:12:20.657+0000] {dag.py:2726} INFO - Sync 2 DAGs
[2023-06-10T14:12:20.720+0000] {logging_mixin.py:149} INFO - [2023-06-10T14:12:20.719+0000] {dag.py:3490} INFO - Setting next_dagrun for example_external_task_marker_child to None, run_after=None
[2023-06-10T14:12:20.733+0000] {logging_mixin.py:149} INFO - [2023-06-10T14:12:20.732+0000] {dag.py:3490} INFO - Setting next_dagrun for example_external_task_marker_parent to None, run_after=None
[2023-06-10T14:12:20.769+0000] {processor.py:179} INFO - Processing /home/airflow/.local/lib/python3.7/site-packages/airflow/example_dags/example_external_task_marker_dag.py took 0.204 seconds
[2023-06-10T14:12:51.203+0000] {processor.py:157} INFO - Started process (PID=782) to work on /home/airflow/.local/lib/python3.7/site-packages/airflow/example_dags/example_external_task_marker_dag.py
[2023-06-10T14:12:51.205+0000] {processor.py:826} INFO - Processing file /home/airflow/.local/lib/python3.7/site-packages/airflow/example_dags/example_external_task_marker_dag.py for tasks to queue
[2023-06-10T14:12:51.207+0000] {logging_mixin.py:149} INFO - [2023-06-10T14:12:51.207+0000] {dagbag.py:541} INFO - Filling up the DagBag from /home/airflow/.local/lib/python3.7/site-packages/airflow/example_dags/example_external_task_marker_dag.py
[2023-06-10T14:12:51.233+0000] {processor.py:836} INFO - DAG(s) dict_keys(['example_external_task_marker_parent', 'example_external_task_marker_child']) retrieved from /home/airflow/.local/lib/python3.7/site-packages/airflow/example_dags/example_external_task_marker_dag.py
[2023-06-10T14:12:51.330+0000] {logging_mixin.py:149} INFO - [2023-06-10T14:12:51.330+0000] {dag.py:2726} INFO - Sync 2 DAGs
[2023-06-10T14:12:51.398+0000] {logging_mixin.py:149} INFO - [2023-06-10T14:12:51.398+0000] {dag.py:3490} INFO - Setting next_dagrun for example_external_task_marker_child to None, run_after=None
[2023-06-10T14:12:51.409+0000] {logging_mixin.py:149} INFO - [2023-06-10T14:12:51.408+0000] {dag.py:3490} INFO - Setting next_dagrun for example_external_task_marker_parent to None, run_after=None
[2023-06-10T14:12:51.449+0000] {processor.py:179} INFO - Processing /home/airflow/.local/lib/python3.7/site-packages/airflow/example_dags/example_external_task_marker_dag.py took 0.253 seconds
[2023-06-10T14:13:21.749+0000] {processor.py:157} INFO - Started process (PID=837) to work on /home/airflow/.local/lib/python3.7/site-packages/airflow/example_dags/example_external_task_marker_dag.py
[2023-06-10T14:13:21.754+0000] {processor.py:826} INFO - Processing file /home/airflow/.local/lib/python3.7/site-packages/airflow/example_dags/example_external_task_marker_dag.py for tasks to queue
[2023-06-10T14:13:21.756+0000] {logging_mixin.py:149} INFO - [2023-06-10T14:13:21.755+0000] {dagbag.py:541} INFO - Filling up the DagBag from /home/airflow/.local/lib/python3.7/site-packages/airflow/example_dags/example_external_task_marker_dag.py
[2023-06-10T14:13:21.809+0000] {processor.py:836} INFO - DAG(s) dict_keys(['example_external_task_marker_child', 'example_external_task_marker_parent']) retrieved from /home/airflow/.local/lib/python3.7/site-packages/airflow/example_dags/example_external_task_marker_dag.py
[2023-06-10T14:13:21.954+0000] {logging_mixin.py:149} INFO - [2023-06-10T14:13:21.954+0000] {dag.py:2726} INFO - Sync 2 DAGs
[2023-06-10T14:13:22.312+0000] {logging_mixin.py:149} INFO - [2023-06-10T14:13:22.312+0000] {dag.py:3490} INFO - Setting next_dagrun for example_external_task_marker_child to None, run_after=None
[2023-06-10T14:13:22.354+0000] {logging_mixin.py:149} INFO - [2023-06-10T14:13:22.353+0000] {dag.py:3490} INFO - Setting next_dagrun for example_external_task_marker_parent to None, run_after=None
[2023-06-10T14:13:22.460+0000] {processor.py:179} INFO - Processing /home/airflow/.local/lib/python3.7/site-packages/airflow/example_dags/example_external_task_marker_dag.py took 0.777 seconds
[2023-06-10T14:13:52.972+0000] {processor.py:157} INFO - Started process (PID=891) to work on /home/airflow/.local/lib/python3.7/site-packages/airflow/example_dags/example_external_task_marker_dag.py
[2023-06-10T14:13:52.993+0000] {processor.py:826} INFO - Processing file /home/airflow/.local/lib/python3.7/site-packages/airflow/example_dags/example_external_task_marker_dag.py for tasks to queue
[2023-06-10T14:13:52.995+0000] {logging_mixin.py:149} INFO - [2023-06-10T14:13:52.994+0000] {dagbag.py:541} INFO - Filling up the DagBag from /home/airflow/.local/lib/python3.7/site-packages/airflow/example_dags/example_external_task_marker_dag.py
[2023-06-10T14:13:53.035+0000] {processor.py:836} INFO - DAG(s) dict_keys(['example_external_task_marker_child', 'example_external_task_marker_parent']) retrieved from /home/airflow/.local/lib/python3.7/site-packages/airflow/example_dags/example_external_task_marker_dag.py
[2023-06-10T14:13:53.182+0000] {logging_mixin.py:149} INFO - [2023-06-10T14:13:53.181+0000] {dag.py:2726} INFO - Sync 2 DAGs
[2023-06-10T14:13:53.359+0000] {logging_mixin.py:149} INFO - [2023-06-10T14:13:53.358+0000] {dag.py:3490} INFO - Setting next_dagrun for example_external_task_marker_child to None, run_after=None
[2023-06-10T14:13:53.390+0000] {logging_mixin.py:149} INFO - [2023-06-10T14:13:53.389+0000] {dag.py:3490} INFO - Setting next_dagrun for example_external_task_marker_parent to None, run_after=None
[2023-06-10T14:13:53.496+0000] {processor.py:179} INFO - Processing /home/airflow/.local/lib/python3.7/site-packages/airflow/example_dags/example_external_task_marker_dag.py took 0.561 seconds
[2023-06-10T14:14:24.383+0000] {processor.py:157} INFO - Started process (PID=945) to work on /home/airflow/.local/lib/python3.7/site-packages/airflow/example_dags/example_external_task_marker_dag.py
[2023-06-10T14:14:24.388+0000] {processor.py:826} INFO - Processing file /home/airflow/.local/lib/python3.7/site-packages/airflow/example_dags/example_external_task_marker_dag.py for tasks to queue
[2023-06-10T14:14:24.390+0000] {logging_mixin.py:149} INFO - [2023-06-10T14:14:24.389+0000] {dagbag.py:541} INFO - Filling up the DagBag from /home/airflow/.local/lib/python3.7/site-packages/airflow/example_dags/example_external_task_marker_dag.py
[2023-06-10T14:14:24.402+0000] {processor.py:836} INFO - DAG(s) dict_keys(['example_external_task_marker_child', 'example_external_task_marker_parent']) retrieved from /home/airflow/.local/lib/python3.7/site-packages/airflow/example_dags/example_external_task_marker_dag.py
[2023-06-10T14:14:24.494+0000] {logging_mixin.py:149} INFO - [2023-06-10T14:14:24.493+0000] {dag.py:2726} INFO - Sync 2 DAGs
[2023-06-10T14:14:24.564+0000] {logging_mixin.py:149} INFO - [2023-06-10T14:14:24.564+0000] {dag.py:3490} INFO - Setting next_dagrun for example_external_task_marker_child to None, run_after=None
[2023-06-10T14:14:24.574+0000] {logging_mixin.py:149} INFO - [2023-06-10T14:14:24.574+0000] {dag.py:3490} INFO - Setting next_dagrun for example_external_task_marker_parent to None, run_after=None
[2023-06-10T14:14:24.614+0000] {processor.py:179} INFO - Processing /home/airflow/.local/lib/python3.7/site-packages/airflow/example_dags/example_external_task_marker_dag.py took 0.239 seconds
[2023-06-10T14:14:55.147+0000] {processor.py:157} INFO - Started process (PID=1000) to work on /home/airflow/.local/lib/python3.7/site-packages/airflow/example_dags/example_external_task_marker_dag.py
[2023-06-10T14:14:55.152+0000] {processor.py:826} INFO - Processing file /home/airflow/.local/lib/python3.7/site-packages/airflow/example_dags/example_external_task_marker_dag.py for tasks to queue
[2023-06-10T14:14:55.156+0000] {logging_mixin.py:149} INFO - [2023-06-10T14:14:55.155+0000] {dagbag.py:541} INFO - Filling up the DagBag from /home/airflow/.local/lib/python3.7/site-packages/airflow/example_dags/example_external_task_marker_dag.py
[2023-06-10T14:14:55.178+0000] {processor.py:836} INFO - DAG(s) dict_keys(['example_external_task_marker_parent', 'example_external_task_marker_child']) retrieved from /home/airflow/.local/lib/python3.7/site-packages/airflow/example_dags/example_external_task_marker_dag.py
[2023-06-10T14:14:55.316+0000] {logging_mixin.py:149} INFO - [2023-06-10T14:14:55.314+0000] {dag.py:2726} INFO - Sync 2 DAGs
[2023-06-10T14:14:55.438+0000] {logging_mixin.py:149} INFO - [2023-06-10T14:14:55.437+0000] {dag.py:3490} INFO - Setting next_dagrun for example_external_task_marker_child to None, run_after=None
[2023-06-10T14:14:55.456+0000] {logging_mixin.py:149} INFO - [2023-06-10T14:14:55.455+0000] {dag.py:3490} INFO - Setting next_dagrun for example_external_task_marker_parent to None, run_after=None
[2023-06-10T14:14:55.556+0000] {processor.py:179} INFO - Processing /home/airflow/.local/lib/python3.7/site-packages/airflow/example_dags/example_external_task_marker_dag.py took 0.432 seconds
[2023-06-10T14:15:26.450+0000] {processor.py:157} INFO - Started process (PID=1056) to work on /home/airflow/.local/lib/python3.7/site-packages/airflow/example_dags/example_external_task_marker_dag.py
[2023-06-10T14:15:26.452+0000] {processor.py:826} INFO - Processing file /home/airflow/.local/lib/python3.7/site-packages/airflow/example_dags/example_external_task_marker_dag.py for tasks to queue
[2023-06-10T14:15:26.458+0000] {logging_mixin.py:149} INFO - [2023-06-10T14:15:26.457+0000] {dagbag.py:541} INFO - Filling up the DagBag from /home/airflow/.local/lib/python3.7/site-packages/airflow/example_dags/example_external_task_marker_dag.py
[2023-06-10T14:15:26.480+0000] {processor.py:836} INFO - DAG(s) dict_keys(['example_external_task_marker_parent', 'example_external_task_marker_child']) retrieved from /home/airflow/.local/lib/python3.7/site-packages/airflow/example_dags/example_external_task_marker_dag.py
[2023-06-10T14:15:26.590+0000] {logging_mixin.py:149} INFO - [2023-06-10T14:15:26.590+0000] {dag.py:2726} INFO - Sync 2 DAGs
[2023-06-10T14:15:26.652+0000] {logging_mixin.py:149} INFO - [2023-06-10T14:15:26.652+0000] {dag.py:3490} INFO - Setting next_dagrun for example_external_task_marker_child to None, run_after=None
[2023-06-10T14:15:26.661+0000] {logging_mixin.py:149} INFO - [2023-06-10T14:15:26.661+0000] {dag.py:3490} INFO - Setting next_dagrun for example_external_task_marker_parent to None, run_after=None
[2023-06-10T14:15:26.719+0000] {processor.py:179} INFO - Processing /home/airflow/.local/lib/python3.7/site-packages/airflow/example_dags/example_external_task_marker_dag.py took 0.282 seconds
[2023-06-10T14:15:57.636+0000] {processor.py:157} INFO - Started process (PID=1111) to work on /home/airflow/.local/lib/python3.7/site-packages/airflow/example_dags/example_external_task_marker_dag.py
[2023-06-10T14:15:57.638+0000] {processor.py:826} INFO - Processing file /home/airflow/.local/lib/python3.7/site-packages/airflow/example_dags/example_external_task_marker_dag.py for tasks to queue
[2023-06-10T14:15:57.640+0000] {logging_mixin.py:149} INFO - [2023-06-10T14:15:57.640+0000] {dagbag.py:541} INFO - Filling up the DagBag from /home/airflow/.local/lib/python3.7/site-packages/airflow/example_dags/example_external_task_marker_dag.py
[2023-06-10T14:15:57.664+0000] {processor.py:836} INFO - DAG(s) dict_keys(['example_external_task_marker_parent', 'example_external_task_marker_child']) retrieved from /home/airflow/.local/lib/python3.7/site-packages/airflow/example_dags/example_external_task_marker_dag.py
[2023-06-10T14:15:57.749+0000] {logging_mixin.py:149} INFO - [2023-06-10T14:15:57.749+0000] {dag.py:2726} INFO - Sync 2 DAGs
[2023-06-10T14:15:57.829+0000] {logging_mixin.py:149} INFO - [2023-06-10T14:15:57.828+0000] {dag.py:3490} INFO - Setting next_dagrun for example_external_task_marker_child to None, run_after=None
[2023-06-10T14:15:57.838+0000] {logging_mixin.py:149} INFO - [2023-06-10T14:15:57.838+0000] {dag.py:3490} INFO - Setting next_dagrun for example_external_task_marker_parent to None, run_after=None
[2023-06-10T14:15:57.881+0000] {processor.py:179} INFO - Processing /home/airflow/.local/lib/python3.7/site-packages/airflow/example_dags/example_external_task_marker_dag.py took 0.256 seconds
[2023-06-10T14:16:28.062+0000] {processor.py:157} INFO - Started process (PID=1167) to work on /home/airflow/.local/lib/python3.7/site-packages/airflow/example_dags/example_external_task_marker_dag.py
[2023-06-10T14:16:28.070+0000] {processor.py:826} INFO - Processing file /home/airflow/.local/lib/python3.7/site-packages/airflow/example_dags/example_external_task_marker_dag.py for tasks to queue
[2023-06-10T14:16:28.076+0000] {logging_mixin.py:149} INFO - [2023-06-10T14:16:28.076+0000] {dagbag.py:541} INFO - Filling up the DagBag from /home/airflow/.local/lib/python3.7/site-packages/airflow/example_dags/example_external_task_marker_dag.py
[2023-06-10T14:16:28.091+0000] {processor.py:836} INFO - DAG(s) dict_keys(['example_external_task_marker_child', 'example_external_task_marker_parent']) retrieved from /home/airflow/.local/lib/python3.7/site-packages/airflow/example_dags/example_external_task_marker_dag.py
[2023-06-10T14:16:28.238+0000] {logging_mixin.py:149} INFO - [2023-06-10T14:16:28.237+0000] {dag.py:2726} INFO - Sync 2 DAGs
[2023-06-10T14:16:28.335+0000] {logging_mixin.py:149} INFO - [2023-06-10T14:16:28.335+0000] {dag.py:3490} INFO - Setting next_dagrun for example_external_task_marker_child to None, run_after=None
[2023-06-10T14:16:28.345+0000] {logging_mixin.py:149} INFO - [2023-06-10T14:16:28.345+0000] {dag.py:3490} INFO - Setting next_dagrun for example_external_task_marker_parent to None, run_after=None
[2023-06-10T14:16:28.399+0000] {processor.py:179} INFO - Processing /home/airflow/.local/lib/python3.7/site-packages/airflow/example_dags/example_external_task_marker_dag.py took 0.351 seconds
[2023-06-10T14:27:30.664+0000] {processor.py:157} INFO - Started process (PID=73) to work on /home/airflow/.local/lib/python3.7/site-packages/airflow/example_dags/example_external_task_marker_dag.py
[2023-06-10T14:27:30.741+0000] {processor.py:826} INFO - Processing file /home/airflow/.local/lib/python3.7/site-packages/airflow/example_dags/example_external_task_marker_dag.py for tasks to queue
[2023-06-10T14:27:30.746+0000] {logging_mixin.py:149} INFO - [2023-06-10T14:27:30.746+0000] {dagbag.py:541} INFO - Filling up the DagBag from /home/airflow/.local/lib/python3.7/site-packages/airflow/example_dags/example_external_task_marker_dag.py
[2023-06-10T14:27:30.824+0000] {processor.py:836} INFO - DAG(s) dict_keys(['example_external_task_marker_child', 'example_external_task_marker_parent']) retrieved from /home/airflow/.local/lib/python3.7/site-packages/airflow/example_dags/example_external_task_marker_dag.py
[2023-06-10T14:27:30.971+0000] {logging_mixin.py:149} INFO - [2023-06-10T14:27:30.971+0000] {dag.py:2726} INFO - Sync 2 DAGs
[2023-06-10T14:27:31.139+0000] {logging_mixin.py:149} INFO - [2023-06-10T14:27:31.138+0000] {dag.py:3490} INFO - Setting next_dagrun for example_external_task_marker_child to None, run_after=None
[2023-06-10T14:27:31.168+0000] {logging_mixin.py:149} INFO - [2023-06-10T14:27:31.167+0000] {dag.py:3490} INFO - Setting next_dagrun for example_external_task_marker_parent to None, run_after=None
[2023-06-10T14:27:31.276+0000] {processor.py:179} INFO - Processing /home/airflow/.local/lib/python3.7/site-packages/airflow/example_dags/example_external_task_marker_dag.py took 0.740 seconds
[2023-06-10T14:28:06.361+0000] {processor.py:157} INFO - Started process (PID=128) to work on /home/airflow/.local/lib/python3.7/site-packages/airflow/example_dags/example_external_task_marker_dag.py
[2023-06-10T14:28:06.375+0000] {processor.py:826} INFO - Processing file /home/airflow/.local/lib/python3.7/site-packages/airflow/example_dags/example_external_task_marker_dag.py for tasks to queue
[2023-06-10T14:28:06.386+0000] {logging_mixin.py:149} INFO - [2023-06-10T14:28:06.381+0000] {dagbag.py:541} INFO - Filling up the DagBag from /home/airflow/.local/lib/python3.7/site-packages/airflow/example_dags/example_external_task_marker_dag.py
[2023-06-10T14:28:06.421+0000] {processor.py:836} INFO - DAG(s) dict_keys(['example_external_task_marker_parent', 'example_external_task_marker_child']) retrieved from /home/airflow/.local/lib/python3.7/site-packages/airflow/example_dags/example_external_task_marker_dag.py
[2023-06-10T14:28:06.601+0000] {logging_mixin.py:149} INFO - [2023-06-10T14:28:06.601+0000] {dag.py:2726} INFO - Sync 2 DAGs
[2023-06-10T14:28:06.740+0000] {logging_mixin.py:149} INFO - [2023-06-10T14:28:06.740+0000] {dag.py:3490} INFO - Setting next_dagrun for example_external_task_marker_child to None, run_after=None
[2023-06-10T14:28:06.781+0000] {logging_mixin.py:149} INFO - [2023-06-10T14:28:06.766+0000] {dag.py:3490} INFO - Setting next_dagrun for example_external_task_marker_parent to None, run_after=None
[2023-06-10T14:28:06.875+0000] {processor.py:179} INFO - Processing /home/airflow/.local/lib/python3.7/site-packages/airflow/example_dags/example_external_task_marker_dag.py took 0.523 seconds
[2023-06-10T14:28:37.208+0000] {processor.py:157} INFO - Started process (PID=183) to work on /home/airflow/.local/lib/python3.7/site-packages/airflow/example_dags/example_external_task_marker_dag.py
[2023-06-10T14:28:37.214+0000] {processor.py:826} INFO - Processing file /home/airflow/.local/lib/python3.7/site-packages/airflow/example_dags/example_external_task_marker_dag.py for tasks to queue
[2023-06-10T14:28:37.218+0000] {logging_mixin.py:149} INFO - [2023-06-10T14:28:37.216+0000] {dagbag.py:541} INFO - Filling up the DagBag from /home/airflow/.local/lib/python3.7/site-packages/airflow/example_dags/example_external_task_marker_dag.py
[2023-06-10T14:28:37.263+0000] {processor.py:836} INFO - DAG(s) dict_keys(['example_external_task_marker_parent', 'example_external_task_marker_child']) retrieved from /home/airflow/.local/lib/python3.7/site-packages/airflow/example_dags/example_external_task_marker_dag.py
[2023-06-10T14:28:37.405+0000] {logging_mixin.py:149} INFO - [2023-06-10T14:28:37.405+0000] {dag.py:2726} INFO - Sync 2 DAGs
[2023-06-10T14:28:37.481+0000] {logging_mixin.py:149} INFO - [2023-06-10T14:28:37.480+0000] {dag.py:3490} INFO - Setting next_dagrun for example_external_task_marker_child to None, run_after=None
[2023-06-10T14:28:37.489+0000] {logging_mixin.py:149} INFO - [2023-06-10T14:28:37.488+0000] {dag.py:3490} INFO - Setting next_dagrun for example_external_task_marker_parent to None, run_after=None
[2023-06-10T14:28:37.553+0000] {processor.py:179} INFO - Processing /home/airflow/.local/lib/python3.7/site-packages/airflow/example_dags/example_external_task_marker_dag.py took 0.383 seconds
[2023-06-10T14:29:07.856+0000] {processor.py:157} INFO - Started process (PID=238) to work on /home/airflow/.local/lib/python3.7/site-packages/airflow/example_dags/example_external_task_marker_dag.py
[2023-06-10T14:29:07.869+0000] {processor.py:826} INFO - Processing file /home/airflow/.local/lib/python3.7/site-packages/airflow/example_dags/example_external_task_marker_dag.py for tasks to queue
[2023-06-10T14:29:07.870+0000] {logging_mixin.py:149} INFO - [2023-06-10T14:29:07.870+0000] {dagbag.py:541} INFO - Filling up the DagBag from /home/airflow/.local/lib/python3.7/site-packages/airflow/example_dags/example_external_task_marker_dag.py
[2023-06-10T14:29:07.934+0000] {processor.py:836} INFO - DAG(s) dict_keys(['example_external_task_marker_child', 'example_external_task_marker_parent']) retrieved from /home/airflow/.local/lib/python3.7/site-packages/airflow/example_dags/example_external_task_marker_dag.py
[2023-06-10T14:29:08.163+0000] {logging_mixin.py:149} INFO - [2023-06-10T14:29:08.162+0000] {dag.py:2726} INFO - Sync 2 DAGs
[2023-06-10T14:29:08.347+0000] {logging_mixin.py:149} INFO - [2023-06-10T14:29:08.347+0000] {dag.py:3490} INFO - Setting next_dagrun for example_external_task_marker_child to None, run_after=None
[2023-06-10T14:29:08.367+0000] {logging_mixin.py:149} INFO - [2023-06-10T14:29:08.367+0000] {dag.py:3490} INFO - Setting next_dagrun for example_external_task_marker_parent to None, run_after=None
[2023-06-10T14:29:08.471+0000] {processor.py:179} INFO - Processing /home/airflow/.local/lib/python3.7/site-packages/airflow/example_dags/example_external_task_marker_dag.py took 0.632 seconds
[2023-06-10T14:29:42.556+0000] {processor.py:157} INFO - Started process (PID=293) to work on /home/airflow/.local/lib/python3.7/site-packages/airflow/example_dags/example_external_task_marker_dag.py
[2023-06-10T14:29:42.559+0000] {processor.py:826} INFO - Processing file /home/airflow/.local/lib/python3.7/site-packages/airflow/example_dags/example_external_task_marker_dag.py for tasks to queue
[2023-06-10T14:29:42.575+0000] {logging_mixin.py:149} INFO - [2023-06-10T14:29:42.575+0000] {dagbag.py:541} INFO - Filling up the DagBag from /home/airflow/.local/lib/python3.7/site-packages/airflow/example_dags/example_external_task_marker_dag.py
[2023-06-10T14:29:42.620+0000] {processor.py:836} INFO - DAG(s) dict_keys(['example_external_task_marker_parent', 'example_external_task_marker_child']) retrieved from /home/airflow/.local/lib/python3.7/site-packages/airflow/example_dags/example_external_task_marker_dag.py
[2023-06-10T14:29:43.007+0000] {logging_mixin.py:149} INFO - [2023-06-10T14:29:43.007+0000] {dag.py:2726} INFO - Sync 2 DAGs
[2023-06-10T14:29:43.372+0000] {logging_mixin.py:149} INFO - [2023-06-10T14:29:43.372+0000] {dag.py:3490} INFO - Setting next_dagrun for example_external_task_marker_child to None, run_after=None
[2023-06-10T14:29:43.384+0000] {logging_mixin.py:149} INFO - [2023-06-10T14:29:43.384+0000] {dag.py:3490} INFO - Setting next_dagrun for example_external_task_marker_parent to None, run_after=None
[2023-06-10T14:29:43.437+0000] {processor.py:179} INFO - Processing /home/airflow/.local/lib/python3.7/site-packages/airflow/example_dags/example_external_task_marker_dag.py took 0.908 seconds
[2023-06-10T14:30:13.738+0000] {processor.py:157} INFO - Started process (PID=349) to work on /home/airflow/.local/lib/python3.7/site-packages/airflow/example_dags/example_external_task_marker_dag.py
[2023-06-10T14:30:13.742+0000] {processor.py:826} INFO - Processing file /home/airflow/.local/lib/python3.7/site-packages/airflow/example_dags/example_external_task_marker_dag.py for tasks to queue
[2023-06-10T14:30:13.745+0000] {logging_mixin.py:149} INFO - [2023-06-10T14:30:13.744+0000] {dagbag.py:541} INFO - Filling up the DagBag from /home/airflow/.local/lib/python3.7/site-packages/airflow/example_dags/example_external_task_marker_dag.py
[2023-06-10T14:30:13.756+0000] {processor.py:836} INFO - DAG(s) dict_keys(['example_external_task_marker_parent', 'example_external_task_marker_child']) retrieved from /home/airflow/.local/lib/python3.7/site-packages/airflow/example_dags/example_external_task_marker_dag.py
[2023-06-10T14:30:13.823+0000] {logging_mixin.py:149} INFO - [2023-06-10T14:30:13.823+0000] {dag.py:2726} INFO - Sync 2 DAGs
[2023-06-10T14:30:13.898+0000] {logging_mixin.py:149} INFO - [2023-06-10T14:30:13.897+0000] {dag.py:3490} INFO - Setting next_dagrun for example_external_task_marker_child to None, run_after=None
[2023-06-10T14:30:13.907+0000] {logging_mixin.py:149} INFO - [2023-06-10T14:30:13.907+0000] {dag.py:3490} INFO - Setting next_dagrun for example_external_task_marker_parent to None, run_after=None
[2023-06-10T14:30:13.955+0000] {processor.py:179} INFO - Processing /home/airflow/.local/lib/python3.7/site-packages/airflow/example_dags/example_external_task_marker_dag.py took 0.224 seconds
[2023-06-10T14:30:44.264+0000] {processor.py:157} INFO - Started process (PID=404) to work on /home/airflow/.local/lib/python3.7/site-packages/airflow/example_dags/example_external_task_marker_dag.py
[2023-06-10T14:30:44.267+0000] {processor.py:826} INFO - Processing file /home/airflow/.local/lib/python3.7/site-packages/airflow/example_dags/example_external_task_marker_dag.py for tasks to queue
[2023-06-10T14:30:44.274+0000] {logging_mixin.py:149} INFO - [2023-06-10T14:30:44.274+0000] {dagbag.py:541} INFO - Filling up the DagBag from /home/airflow/.local/lib/python3.7/site-packages/airflow/example_dags/example_external_task_marker_dag.py
[2023-06-10T14:30:44.306+0000] {processor.py:836} INFO - DAG(s) dict_keys(['example_external_task_marker_child', 'example_external_task_marker_parent']) retrieved from /home/airflow/.local/lib/python3.7/site-packages/airflow/example_dags/example_external_task_marker_dag.py
[2023-06-10T14:30:44.428+0000] {logging_mixin.py:149} INFO - [2023-06-10T14:30:44.428+0000] {dag.py:2726} INFO - Sync 2 DAGs
[2023-06-10T14:30:44.526+0000] {logging_mixin.py:149} INFO - [2023-06-10T14:30:44.526+0000] {dag.py:3490} INFO - Setting next_dagrun for example_external_task_marker_child to None, run_after=None
[2023-06-10T14:30:44.536+0000] {logging_mixin.py:149} INFO - [2023-06-10T14:30:44.536+0000] {dag.py:3490} INFO - Setting next_dagrun for example_external_task_marker_parent to None, run_after=None
[2023-06-10T14:30:44.576+0000] {processor.py:179} INFO - Processing /home/airflow/.local/lib/python3.7/site-packages/airflow/example_dags/example_external_task_marker_dag.py took 0.322 seconds
