[2023-06-10T14:06:04.166+0000] {processor.py:157} INFO - Started process (PID=57) to work on /home/airflow/.local/lib/python3.7/site-packages/airflow/example_dags/example_subdag_operator.py
[2023-06-10T14:06:04.168+0000] {processor.py:826} INFO - Processing file /home/airflow/.local/lib/python3.7/site-packages/airflow/example_dags/example_subdag_operator.py for tasks to queue
[2023-06-10T14:06:04.177+0000] {logging_mixin.py:149} INFO - [2023-06-10T14:06:04.176+0000] {dagbag.py:541} INFO - Filling up the DagBag from /home/airflow/.local/lib/python3.7/site-packages/airflow/example_dags/example_subdag_operator.py
[2023-06-10T14:06:04.500+0000] {processor.py:836} INFO - DAG(s) dict_keys(['example_subdag_operator.section-1', 'example_subdag_operator.section-2', 'example_subdag_operator']) retrieved from /home/airflow/.local/lib/python3.7/site-packages/airflow/example_dags/example_subdag_operator.py
[2023-06-10T14:06:05.128+0000] {logging_mixin.py:149} INFO - [2023-06-10T14:06:05.128+0000] {dag.py:2726} INFO - Sync 3 DAGs
[2023-06-10T14:06:05.443+0000] {logging_mixin.py:149} INFO - [2023-06-10T14:06:05.443+0000] {dag.py:3490} INFO - Setting next_dagrun for example_subdag_operator to 2022-01-01T00:00:00+00:00, run_after=2022-01-01T00:00:00+00:00
[2023-06-10T14:06:05.454+0000] {logging_mixin.py:149} INFO - [2023-06-10T14:06:05.454+0000] {dag.py:3490} INFO - Setting next_dagrun for example_subdag_operator.section-1 to None, run_after=None
[2023-06-10T14:06:05.458+0000] {logging_mixin.py:149} INFO - [2023-06-10T14:06:05.458+0000] {dag.py:3490} INFO - Setting next_dagrun for example_subdag_operator.section-2 to None, run_after=None
[2023-06-10T14:06:05.505+0000] {logging_mixin.py:149} INFO - [2023-06-10T14:06:05.505+0000] {dag.py:2726} INFO - Sync 2 DAGs
[2023-06-10T14:06:05.600+0000] {logging_mixin.py:149} INFO - [2023-06-10T14:06:05.592+0000] {dag.py:3490} INFO - Setting next_dagrun for example_subdag_operator.section-1 to None, run_after=None
[2023-06-10T14:06:05.614+0000] {logging_mixin.py:149} INFO - [2023-06-10T14:06:05.614+0000] {dag.py:3490} INFO - Setting next_dagrun for example_subdag_operator.section-2 to None, run_after=None
[2023-06-10T14:06:05.777+0000] {processor.py:179} INFO - Processing /home/airflow/.local/lib/python3.7/site-packages/airflow/example_dags/example_subdag_operator.py took 1.636 seconds
[2023-06-10T14:06:36.533+0000] {processor.py:157} INFO - Started process (PID=113) to work on /home/airflow/.local/lib/python3.7/site-packages/airflow/example_dags/example_subdag_operator.py
[2023-06-10T14:06:36.539+0000] {processor.py:826} INFO - Processing file /home/airflow/.local/lib/python3.7/site-packages/airflow/example_dags/example_subdag_operator.py for tasks to queue
[2023-06-10T14:06:36.543+0000] {logging_mixin.py:149} INFO - [2023-06-10T14:06:36.543+0000] {dagbag.py:541} INFO - Filling up the DagBag from /home/airflow/.local/lib/python3.7/site-packages/airflow/example_dags/example_subdag_operator.py
[2023-06-10T14:06:36.609+0000] {processor.py:836} INFO - DAG(s) dict_keys(['example_subdag_operator.section-1', 'example_subdag_operator.section-2', 'example_subdag_operator']) retrieved from /home/airflow/.local/lib/python3.7/site-packages/airflow/example_dags/example_subdag_operator.py
[2023-06-10T14:06:36.692+0000] {logging_mixin.py:149} INFO - [2023-06-10T14:06:36.692+0000] {dag.py:2726} INFO - Sync 3 DAGs
[2023-06-10T14:06:36.765+0000] {logging_mixin.py:149} INFO - [2023-06-10T14:06:36.764+0000] {dag.py:3490} INFO - Setting next_dagrun for example_subdag_operator to 2022-01-01T00:00:00+00:00, run_after=2022-01-01T00:00:00+00:00
[2023-06-10T14:06:36.773+0000] {logging_mixin.py:149} INFO - [2023-06-10T14:06:36.773+0000] {dag.py:3490} INFO - Setting next_dagrun for example_subdag_operator.section-1 to None, run_after=None
[2023-06-10T14:06:36.776+0000] {logging_mixin.py:149} INFO - [2023-06-10T14:06:36.775+0000] {dag.py:3490} INFO - Setting next_dagrun for example_subdag_operator.section-2 to None, run_after=None
[2023-06-10T14:06:36.794+0000] {logging_mixin.py:149} INFO - [2023-06-10T14:06:36.794+0000] {dag.py:2726} INFO - Sync 2 DAGs
[2023-06-10T14:06:36.811+0000] {logging_mixin.py:149} INFO - [2023-06-10T14:06:36.811+0000] {dag.py:3490} INFO - Setting next_dagrun for example_subdag_operator.section-1 to None, run_after=None
[2023-06-10T14:06:36.812+0000] {logging_mixin.py:149} INFO - [2023-06-10T14:06:36.812+0000] {dag.py:3490} INFO - Setting next_dagrun for example_subdag_operator.section-2 to None, run_after=None
[2023-06-10T14:06:36.893+0000] {processor.py:179} INFO - Processing /home/airflow/.local/lib/python3.7/site-packages/airflow/example_dags/example_subdag_operator.py took 0.401 seconds
[2023-06-10T14:07:07.193+0000] {processor.py:157} INFO - Started process (PID=168) to work on /home/airflow/.local/lib/python3.7/site-packages/airflow/example_dags/example_subdag_operator.py
[2023-06-10T14:07:07.200+0000] {processor.py:826} INFO - Processing file /home/airflow/.local/lib/python3.7/site-packages/airflow/example_dags/example_subdag_operator.py for tasks to queue
[2023-06-10T14:07:07.207+0000] {logging_mixin.py:149} INFO - [2023-06-10T14:07:07.206+0000] {dagbag.py:541} INFO - Filling up the DagBag from /home/airflow/.local/lib/python3.7/site-packages/airflow/example_dags/example_subdag_operator.py
[2023-06-10T14:07:07.331+0000] {processor.py:836} INFO - DAG(s) dict_keys(['example_subdag_operator.section-1', 'example_subdag_operator.section-2', 'example_subdag_operator']) retrieved from /home/airflow/.local/lib/python3.7/site-packages/airflow/example_dags/example_subdag_operator.py
[2023-06-10T14:07:07.445+0000] {logging_mixin.py:149} INFO - [2023-06-10T14:07:07.445+0000] {dag.py:2726} INFO - Sync 3 DAGs
[2023-06-10T14:07:07.535+0000] {logging_mixin.py:149} INFO - [2023-06-10T14:07:07.535+0000] {dag.py:3490} INFO - Setting next_dagrun for example_subdag_operator to 2022-01-01T00:00:00+00:00, run_after=2022-01-01T00:00:00+00:00
[2023-06-10T14:07:07.543+0000] {logging_mixin.py:149} INFO - [2023-06-10T14:07:07.543+0000] {dag.py:3490} INFO - Setting next_dagrun for example_subdag_operator.section-1 to None, run_after=None
[2023-06-10T14:07:07.547+0000] {logging_mixin.py:149} INFO - [2023-06-10T14:07:07.547+0000] {dag.py:3490} INFO - Setting next_dagrun for example_subdag_operator.section-2 to None, run_after=None
[2023-06-10T14:07:07.562+0000] {logging_mixin.py:149} INFO - [2023-06-10T14:07:07.562+0000] {dag.py:2726} INFO - Sync 2 DAGs
[2023-06-10T14:07:07.574+0000] {logging_mixin.py:149} INFO - [2023-06-10T14:07:07.574+0000] {dag.py:3490} INFO - Setting next_dagrun for example_subdag_operator.section-1 to None, run_after=None
[2023-06-10T14:07:07.575+0000] {logging_mixin.py:149} INFO - [2023-06-10T14:07:07.575+0000] {dag.py:3490} INFO - Setting next_dagrun for example_subdag_operator.section-2 to None, run_after=None
[2023-06-10T14:07:07.596+0000] {processor.py:179} INFO - Processing /home/airflow/.local/lib/python3.7/site-packages/airflow/example_dags/example_subdag_operator.py took 0.432 seconds
[2023-06-10T14:07:38.263+0000] {processor.py:157} INFO - Started process (PID=223) to work on /home/airflow/.local/lib/python3.7/site-packages/airflow/example_dags/example_subdag_operator.py
[2023-06-10T14:07:38.266+0000] {processor.py:826} INFO - Processing file /home/airflow/.local/lib/python3.7/site-packages/airflow/example_dags/example_subdag_operator.py for tasks to queue
[2023-06-10T14:07:38.268+0000] {logging_mixin.py:149} INFO - [2023-06-10T14:07:38.267+0000] {dagbag.py:541} INFO - Filling up the DagBag from /home/airflow/.local/lib/python3.7/site-packages/airflow/example_dags/example_subdag_operator.py
[2023-06-10T14:07:38.355+0000] {processor.py:836} INFO - DAG(s) dict_keys(['example_subdag_operator.section-1', 'example_subdag_operator.section-2', 'example_subdag_operator']) retrieved from /home/airflow/.local/lib/python3.7/site-packages/airflow/example_dags/example_subdag_operator.py
[2023-06-10T14:07:38.436+0000] {logging_mixin.py:149} INFO - [2023-06-10T14:07:38.436+0000] {dag.py:2726} INFO - Sync 3 DAGs
[2023-06-10T14:07:38.496+0000] {logging_mixin.py:149} INFO - [2023-06-10T14:07:38.496+0000] {dag.py:3490} INFO - Setting next_dagrun for example_subdag_operator to 2022-01-01T00:00:00+00:00, run_after=2022-01-01T00:00:00+00:00
[2023-06-10T14:07:38.504+0000] {logging_mixin.py:149} INFO - [2023-06-10T14:07:38.503+0000] {dag.py:3490} INFO - Setting next_dagrun for example_subdag_operator.section-1 to None, run_after=None
[2023-06-10T14:07:38.506+0000] {logging_mixin.py:149} INFO - [2023-06-10T14:07:38.506+0000] {dag.py:3490} INFO - Setting next_dagrun for example_subdag_operator.section-2 to None, run_after=None
[2023-06-10T14:07:38.521+0000] {logging_mixin.py:149} INFO - [2023-06-10T14:07:38.520+0000] {dag.py:2726} INFO - Sync 2 DAGs
[2023-06-10T14:07:38.532+0000] {logging_mixin.py:149} INFO - [2023-06-10T14:07:38.532+0000] {dag.py:3490} INFO - Setting next_dagrun for example_subdag_operator.section-1 to None, run_after=None
[2023-06-10T14:07:38.533+0000] {logging_mixin.py:149} INFO - [2023-06-10T14:07:38.533+0000] {dag.py:3490} INFO - Setting next_dagrun for example_subdag_operator.section-2 to None, run_after=None
[2023-06-10T14:07:38.567+0000] {processor.py:179} INFO - Processing /home/airflow/.local/lib/python3.7/site-packages/airflow/example_dags/example_subdag_operator.py took 0.315 seconds
[2023-06-10T14:08:09.346+0000] {processor.py:157} INFO - Started process (PID=278) to work on /home/airflow/.local/lib/python3.7/site-packages/airflow/example_dags/example_subdag_operator.py
[2023-06-10T14:08:09.348+0000] {processor.py:826} INFO - Processing file /home/airflow/.local/lib/python3.7/site-packages/airflow/example_dags/example_subdag_operator.py for tasks to queue
[2023-06-10T14:08:09.349+0000] {logging_mixin.py:149} INFO - [2023-06-10T14:08:09.349+0000] {dagbag.py:541} INFO - Filling up the DagBag from /home/airflow/.local/lib/python3.7/site-packages/airflow/example_dags/example_subdag_operator.py
[2023-06-10T14:08:09.450+0000] {processor.py:836} INFO - DAG(s) dict_keys(['example_subdag_operator.section-1', 'example_subdag_operator.section-2', 'example_subdag_operator']) retrieved from /home/airflow/.local/lib/python3.7/site-packages/airflow/example_dags/example_subdag_operator.py
[2023-06-10T14:08:09.503+0000] {logging_mixin.py:149} INFO - [2023-06-10T14:08:09.503+0000] {dag.py:2726} INFO - Sync 3 DAGs
[2023-06-10T14:08:09.628+0000] {logging_mixin.py:149} INFO - [2023-06-10T14:08:09.628+0000] {dag.py:3490} INFO - Setting next_dagrun for example_subdag_operator to 2022-01-01T00:00:00+00:00, run_after=2022-01-01T00:00:00+00:00
[2023-06-10T14:08:09.637+0000] {logging_mixin.py:149} INFO - [2023-06-10T14:08:09.637+0000] {dag.py:3490} INFO - Setting next_dagrun for example_subdag_operator.section-1 to None, run_after=None
[2023-06-10T14:08:09.641+0000] {logging_mixin.py:149} INFO - [2023-06-10T14:08:09.640+0000] {dag.py:3490} INFO - Setting next_dagrun for example_subdag_operator.section-2 to None, run_after=None
[2023-06-10T14:08:09.657+0000] {logging_mixin.py:149} INFO - [2023-06-10T14:08:09.656+0000] {dag.py:2726} INFO - Sync 2 DAGs
[2023-06-10T14:08:09.669+0000] {logging_mixin.py:149} INFO - [2023-06-10T14:08:09.669+0000] {dag.py:3490} INFO - Setting next_dagrun for example_subdag_operator.section-1 to None, run_after=None
[2023-06-10T14:08:09.670+0000] {logging_mixin.py:149} INFO - [2023-06-10T14:08:09.670+0000] {dag.py:3490} INFO - Setting next_dagrun for example_subdag_operator.section-2 to None, run_after=None
[2023-06-10T14:08:09.696+0000] {processor.py:179} INFO - Processing /home/airflow/.local/lib/python3.7/site-packages/airflow/example_dags/example_subdag_operator.py took 0.357 seconds
[2023-06-10T14:08:40.000+0000] {processor.py:157} INFO - Started process (PID=334) to work on /home/airflow/.local/lib/python3.7/site-packages/airflow/example_dags/example_subdag_operator.py
[2023-06-10T14:08:40.003+0000] {processor.py:826} INFO - Processing file /home/airflow/.local/lib/python3.7/site-packages/airflow/example_dags/example_subdag_operator.py for tasks to queue
[2023-06-10T14:08:40.005+0000] {logging_mixin.py:149} INFO - [2023-06-10T14:08:40.004+0000] {dagbag.py:541} INFO - Filling up the DagBag from /home/airflow/.local/lib/python3.7/site-packages/airflow/example_dags/example_subdag_operator.py
[2023-06-10T14:08:40.093+0000] {processor.py:836} INFO - DAG(s) dict_keys(['example_subdag_operator.section-1', 'example_subdag_operator.section-2', 'example_subdag_operator']) retrieved from /home/airflow/.local/lib/python3.7/site-packages/airflow/example_dags/example_subdag_operator.py
[2023-06-10T14:08:40.105+0000] {logging_mixin.py:149} INFO - [2023-06-10T14:08:40.105+0000] {dag.py:2726} INFO - Sync 3 DAGs
[2023-06-10T14:08:40.170+0000] {logging_mixin.py:149} INFO - [2023-06-10T14:08:40.170+0000] {dag.py:3490} INFO - Setting next_dagrun for example_subdag_operator to 2022-01-01T00:00:00+00:00, run_after=2022-01-01T00:00:00+00:00
[2023-06-10T14:08:40.177+0000] {logging_mixin.py:149} INFO - [2023-06-10T14:08:40.177+0000] {dag.py:3490} INFO - Setting next_dagrun for example_subdag_operator.section-1 to None, run_after=None
[2023-06-10T14:08:40.179+0000] {logging_mixin.py:149} INFO - [2023-06-10T14:08:40.179+0000] {dag.py:3490} INFO - Setting next_dagrun for example_subdag_operator.section-2 to None, run_after=None
[2023-06-10T14:08:40.194+0000] {logging_mixin.py:149} INFO - [2023-06-10T14:08:40.194+0000] {dag.py:2726} INFO - Sync 2 DAGs
[2023-06-10T14:08:40.205+0000] {logging_mixin.py:149} INFO - [2023-06-10T14:08:40.205+0000] {dag.py:3490} INFO - Setting next_dagrun for example_subdag_operator.section-1 to None, run_after=None
[2023-06-10T14:08:40.206+0000] {logging_mixin.py:149} INFO - [2023-06-10T14:08:40.206+0000] {dag.py:3490} INFO - Setting next_dagrun for example_subdag_operator.section-2 to None, run_after=None
[2023-06-10T14:08:40.231+0000] {processor.py:179} INFO - Processing /home/airflow/.local/lib/python3.7/site-packages/airflow/example_dags/example_subdag_operator.py took 0.240 seconds
[2023-06-10T14:09:10.528+0000] {processor.py:157} INFO - Started process (PID=388) to work on /home/airflow/.local/lib/python3.7/site-packages/airflow/example_dags/example_subdag_operator.py
[2023-06-10T14:09:10.530+0000] {processor.py:826} INFO - Processing file /home/airflow/.local/lib/python3.7/site-packages/airflow/example_dags/example_subdag_operator.py for tasks to queue
[2023-06-10T14:09:10.532+0000] {logging_mixin.py:149} INFO - [2023-06-10T14:09:10.531+0000] {dagbag.py:541} INFO - Filling up the DagBag from /home/airflow/.local/lib/python3.7/site-packages/airflow/example_dags/example_subdag_operator.py
[2023-06-10T14:09:10.583+0000] {processor.py:836} INFO - DAG(s) dict_keys(['example_subdag_operator.section-1', 'example_subdag_operator.section-2', 'example_subdag_operator']) retrieved from /home/airflow/.local/lib/python3.7/site-packages/airflow/example_dags/example_subdag_operator.py
[2023-06-10T14:09:10.622+0000] {logging_mixin.py:149} INFO - [2023-06-10T14:09:10.621+0000] {dag.py:2726} INFO - Sync 3 DAGs
[2023-06-10T14:09:10.676+0000] {logging_mixin.py:149} INFO - [2023-06-10T14:09:10.676+0000] {dag.py:3490} INFO - Setting next_dagrun for example_subdag_operator to 2022-01-01T00:00:00+00:00, run_after=2022-01-01T00:00:00+00:00
[2023-06-10T14:09:10.683+0000] {logging_mixin.py:149} INFO - [2023-06-10T14:09:10.683+0000] {dag.py:3490} INFO - Setting next_dagrun for example_subdag_operator.section-1 to None, run_after=None
[2023-06-10T14:09:10.685+0000] {logging_mixin.py:149} INFO - [2023-06-10T14:09:10.685+0000] {dag.py:3490} INFO - Setting next_dagrun for example_subdag_operator.section-2 to None, run_after=None
[2023-06-10T14:09:10.700+0000] {logging_mixin.py:149} INFO - [2023-06-10T14:09:10.700+0000] {dag.py:2726} INFO - Sync 2 DAGs
[2023-06-10T14:09:10.711+0000] {logging_mixin.py:149} INFO - [2023-06-10T14:09:10.711+0000] {dag.py:3490} INFO - Setting next_dagrun for example_subdag_operator.section-1 to None, run_after=None
[2023-06-10T14:09:10.712+0000] {logging_mixin.py:149} INFO - [2023-06-10T14:09:10.712+0000] {dag.py:3490} INFO - Setting next_dagrun for example_subdag_operator.section-2 to None, run_after=None
[2023-06-10T14:09:10.739+0000] {processor.py:179} INFO - Processing /home/airflow/.local/lib/python3.7/site-packages/airflow/example_dags/example_subdag_operator.py took 0.220 seconds
[2023-06-10T14:09:40.949+0000] {processor.py:157} INFO - Started process (PID=443) to work on /home/airflow/.local/lib/python3.7/site-packages/airflow/example_dags/example_subdag_operator.py
[2023-06-10T14:09:40.952+0000] {processor.py:826} INFO - Processing file /home/airflow/.local/lib/python3.7/site-packages/airflow/example_dags/example_subdag_operator.py for tasks to queue
[2023-06-10T14:09:40.953+0000] {logging_mixin.py:149} INFO - [2023-06-10T14:09:40.953+0000] {dagbag.py:541} INFO - Filling up the DagBag from /home/airflow/.local/lib/python3.7/site-packages/airflow/example_dags/example_subdag_operator.py
[2023-06-10T14:09:41.012+0000] {processor.py:836} INFO - DAG(s) dict_keys(['example_subdag_operator.section-1', 'example_subdag_operator.section-2', 'example_subdag_operator']) retrieved from /home/airflow/.local/lib/python3.7/site-packages/airflow/example_dags/example_subdag_operator.py
[2023-06-10T14:09:41.061+0000] {logging_mixin.py:149} INFO - [2023-06-10T14:09:41.061+0000] {dag.py:2726} INFO - Sync 3 DAGs
[2023-06-10T14:09:41.129+0000] {logging_mixin.py:149} INFO - [2023-06-10T14:09:41.128+0000] {dag.py:3490} INFO - Setting next_dagrun for example_subdag_operator to 2022-01-01T00:00:00+00:00, run_after=2022-01-01T00:00:00+00:00
[2023-06-10T14:09:41.137+0000] {logging_mixin.py:149} INFO - [2023-06-10T14:09:41.136+0000] {dag.py:3490} INFO - Setting next_dagrun for example_subdag_operator.section-1 to None, run_after=None
[2023-06-10T14:09:41.139+0000] {logging_mixin.py:149} INFO - [2023-06-10T14:09:41.139+0000] {dag.py:3490} INFO - Setting next_dagrun for example_subdag_operator.section-2 to None, run_after=None
[2023-06-10T14:09:41.158+0000] {logging_mixin.py:149} INFO - [2023-06-10T14:09:41.158+0000] {dag.py:2726} INFO - Sync 2 DAGs
[2023-06-10T14:09:41.172+0000] {logging_mixin.py:149} INFO - [2023-06-10T14:09:41.172+0000] {dag.py:3490} INFO - Setting next_dagrun for example_subdag_operator.section-1 to None, run_after=None
[2023-06-10T14:09:41.173+0000] {logging_mixin.py:149} INFO - [2023-06-10T14:09:41.173+0000] {dag.py:3490} INFO - Setting next_dagrun for example_subdag_operator.section-2 to None, run_after=None
[2023-06-10T14:09:41.201+0000] {processor.py:179} INFO - Processing /home/airflow/.local/lib/python3.7/site-packages/airflow/example_dags/example_subdag_operator.py took 0.263 seconds
[2023-06-10T14:10:11.257+0000] {processor.py:157} INFO - Started process (PID=498) to work on /home/airflow/.local/lib/python3.7/site-packages/airflow/example_dags/example_subdag_operator.py
[2023-06-10T14:10:11.258+0000] {processor.py:826} INFO - Processing file /home/airflow/.local/lib/python3.7/site-packages/airflow/example_dags/example_subdag_operator.py for tasks to queue
[2023-06-10T14:10:11.260+0000] {logging_mixin.py:149} INFO - [2023-06-10T14:10:11.259+0000] {dagbag.py:541} INFO - Filling up the DagBag from /home/airflow/.local/lib/python3.7/site-packages/airflow/example_dags/example_subdag_operator.py
[2023-06-10T14:10:11.322+0000] {processor.py:836} INFO - DAG(s) dict_keys(['example_subdag_operator.section-1', 'example_subdag_operator.section-2', 'example_subdag_operator']) retrieved from /home/airflow/.local/lib/python3.7/site-packages/airflow/example_dags/example_subdag_operator.py
[2023-06-10T14:10:11.375+0000] {logging_mixin.py:149} INFO - [2023-06-10T14:10:11.375+0000] {dag.py:2726} INFO - Sync 3 DAGs
[2023-06-10T14:10:11.436+0000] {logging_mixin.py:149} INFO - [2023-06-10T14:10:11.436+0000] {dag.py:3490} INFO - Setting next_dagrun for example_subdag_operator to 2022-01-01T00:00:00+00:00, run_after=2022-01-01T00:00:00+00:00
[2023-06-10T14:10:11.445+0000] {logging_mixin.py:149} INFO - [2023-06-10T14:10:11.444+0000] {dag.py:3490} INFO - Setting next_dagrun for example_subdag_operator.section-1 to None, run_after=None
[2023-06-10T14:10:11.447+0000] {logging_mixin.py:149} INFO - [2023-06-10T14:10:11.447+0000] {dag.py:3490} INFO - Setting next_dagrun for example_subdag_operator.section-2 to None, run_after=None
[2023-06-10T14:10:11.463+0000] {logging_mixin.py:149} INFO - [2023-06-10T14:10:11.462+0000] {dag.py:2726} INFO - Sync 2 DAGs
[2023-06-10T14:10:11.476+0000] {logging_mixin.py:149} INFO - [2023-06-10T14:10:11.476+0000] {dag.py:3490} INFO - Setting next_dagrun for example_subdag_operator.section-1 to None, run_after=None
[2023-06-10T14:10:11.477+0000] {logging_mixin.py:149} INFO - [2023-06-10T14:10:11.477+0000] {dag.py:3490} INFO - Setting next_dagrun for example_subdag_operator.section-2 to None, run_after=None
[2023-06-10T14:10:11.501+0000] {processor.py:179} INFO - Processing /home/airflow/.local/lib/python3.7/site-packages/airflow/example_dags/example_subdag_operator.py took 0.251 seconds
[2023-06-10T14:10:42.100+0000] {processor.py:157} INFO - Started process (PID=553) to work on /home/airflow/.local/lib/python3.7/site-packages/airflow/example_dags/example_subdag_operator.py
[2023-06-10T14:10:42.103+0000] {processor.py:826} INFO - Processing file /home/airflow/.local/lib/python3.7/site-packages/airflow/example_dags/example_subdag_operator.py for tasks to queue
[2023-06-10T14:10:42.104+0000] {logging_mixin.py:149} INFO - [2023-06-10T14:10:42.104+0000] {dagbag.py:541} INFO - Filling up the DagBag from /home/airflow/.local/lib/python3.7/site-packages/airflow/example_dags/example_subdag_operator.py
[2023-06-10T14:10:42.184+0000] {processor.py:836} INFO - DAG(s) dict_keys(['example_subdag_operator.section-1', 'example_subdag_operator.section-2', 'example_subdag_operator']) retrieved from /home/airflow/.local/lib/python3.7/site-packages/airflow/example_dags/example_subdag_operator.py
[2023-06-10T14:10:42.248+0000] {logging_mixin.py:149} INFO - [2023-06-10T14:10:42.248+0000] {dag.py:2726} INFO - Sync 3 DAGs
[2023-06-10T14:10:42.330+0000] {logging_mixin.py:149} INFO - [2023-06-10T14:10:42.330+0000] {dag.py:3490} INFO - Setting next_dagrun for example_subdag_operator to 2022-01-01T00:00:00+00:00, run_after=2022-01-01T00:00:00+00:00
[2023-06-10T14:10:42.341+0000] {logging_mixin.py:149} INFO - [2023-06-10T14:10:42.340+0000] {dag.py:3490} INFO - Setting next_dagrun for example_subdag_operator.section-1 to None, run_after=None
[2023-06-10T14:10:42.343+0000] {logging_mixin.py:149} INFO - [2023-06-10T14:10:42.343+0000] {dag.py:3490} INFO - Setting next_dagrun for example_subdag_operator.section-2 to None, run_after=None
[2023-06-10T14:10:42.362+0000] {logging_mixin.py:149} INFO - [2023-06-10T14:10:42.362+0000] {dag.py:2726} INFO - Sync 2 DAGs
[2023-06-10T14:10:42.379+0000] {logging_mixin.py:149} INFO - [2023-06-10T14:10:42.379+0000] {dag.py:3490} INFO - Setting next_dagrun for example_subdag_operator.section-1 to None, run_after=None
[2023-06-10T14:10:42.380+0000] {logging_mixin.py:149} INFO - [2023-06-10T14:10:42.380+0000] {dag.py:3490} INFO - Setting next_dagrun for example_subdag_operator.section-2 to None, run_after=None
[2023-06-10T14:10:42.421+0000] {processor.py:179} INFO - Processing /home/airflow/.local/lib/python3.7/site-packages/airflow/example_dags/example_subdag_operator.py took 0.339 seconds
[2023-06-10T14:11:13.221+0000] {processor.py:157} INFO - Started process (PID=608) to work on /home/airflow/.local/lib/python3.7/site-packages/airflow/example_dags/example_subdag_operator.py
[2023-06-10T14:11:13.223+0000] {processor.py:826} INFO - Processing file /home/airflow/.local/lib/python3.7/site-packages/airflow/example_dags/example_subdag_operator.py for tasks to queue
[2023-06-10T14:11:13.224+0000] {logging_mixin.py:149} INFO - [2023-06-10T14:11:13.224+0000] {dagbag.py:541} INFO - Filling up the DagBag from /home/airflow/.local/lib/python3.7/site-packages/airflow/example_dags/example_subdag_operator.py
[2023-06-10T14:11:13.276+0000] {processor.py:836} INFO - DAG(s) dict_keys(['example_subdag_operator.section-1', 'example_subdag_operator.section-2', 'example_subdag_operator']) retrieved from /home/airflow/.local/lib/python3.7/site-packages/airflow/example_dags/example_subdag_operator.py
[2023-06-10T14:11:13.285+0000] {logging_mixin.py:149} INFO - [2023-06-10T14:11:13.285+0000] {dag.py:2726} INFO - Sync 3 DAGs
[2023-06-10T14:11:13.349+0000] {logging_mixin.py:149} INFO - [2023-06-10T14:11:13.349+0000] {dag.py:3490} INFO - Setting next_dagrun for example_subdag_operator to 2022-01-01T00:00:00+00:00, run_after=2022-01-01T00:00:00+00:00
[2023-06-10T14:11:13.356+0000] {logging_mixin.py:149} INFO - [2023-06-10T14:11:13.356+0000] {dag.py:3490} INFO - Setting next_dagrun for example_subdag_operator.section-1 to None, run_after=None
[2023-06-10T14:11:13.359+0000] {logging_mixin.py:149} INFO - [2023-06-10T14:11:13.359+0000] {dag.py:3490} INFO - Setting next_dagrun for example_subdag_operator.section-2 to None, run_after=None
[2023-06-10T14:11:13.379+0000] {logging_mixin.py:149} INFO - [2023-06-10T14:11:13.378+0000] {dag.py:2726} INFO - Sync 2 DAGs
[2023-06-10T14:11:13.395+0000] {logging_mixin.py:149} INFO - [2023-06-10T14:11:13.395+0000] {dag.py:3490} INFO - Setting next_dagrun for example_subdag_operator.section-1 to None, run_after=None
[2023-06-10T14:11:13.396+0000] {logging_mixin.py:149} INFO - [2023-06-10T14:11:13.395+0000] {dag.py:3490} INFO - Setting next_dagrun for example_subdag_operator.section-2 to None, run_after=None
[2023-06-10T14:11:13.421+0000] {processor.py:179} INFO - Processing /home/airflow/.local/lib/python3.7/site-packages/airflow/example_dags/example_subdag_operator.py took 0.207 seconds
[2023-06-10T14:11:43.636+0000] {processor.py:157} INFO - Started process (PID=662) to work on /home/airflow/.local/lib/python3.7/site-packages/airflow/example_dags/example_subdag_operator.py
[2023-06-10T14:11:43.639+0000] {processor.py:826} INFO - Processing file /home/airflow/.local/lib/python3.7/site-packages/airflow/example_dags/example_subdag_operator.py for tasks to queue
[2023-06-10T14:11:43.640+0000] {logging_mixin.py:149} INFO - [2023-06-10T14:11:43.640+0000] {dagbag.py:541} INFO - Filling up the DagBag from /home/airflow/.local/lib/python3.7/site-packages/airflow/example_dags/example_subdag_operator.py
[2023-06-10T14:11:43.733+0000] {processor.py:836} INFO - DAG(s) dict_keys(['example_subdag_operator.section-1', 'example_subdag_operator.section-2', 'example_subdag_operator']) retrieved from /home/airflow/.local/lib/python3.7/site-packages/airflow/example_dags/example_subdag_operator.py
[2023-06-10T14:11:43.806+0000] {logging_mixin.py:149} INFO - [2023-06-10T14:11:43.806+0000] {dag.py:2726} INFO - Sync 3 DAGs
[2023-06-10T14:11:43.885+0000] {logging_mixin.py:149} INFO - [2023-06-10T14:11:43.884+0000] {dag.py:3490} INFO - Setting next_dagrun for example_subdag_operator to 2022-01-01T00:00:00+00:00, run_after=2022-01-01T00:00:00+00:00
[2023-06-10T14:11:43.893+0000] {logging_mixin.py:149} INFO - [2023-06-10T14:11:43.892+0000] {dag.py:3490} INFO - Setting next_dagrun for example_subdag_operator.section-1 to None, run_after=None
[2023-06-10T14:11:43.898+0000] {logging_mixin.py:149} INFO - [2023-06-10T14:11:43.898+0000] {dag.py:3490} INFO - Setting next_dagrun for example_subdag_operator.section-2 to None, run_after=None
[2023-06-10T14:11:43.923+0000] {logging_mixin.py:149} INFO - [2023-06-10T14:11:43.923+0000] {dag.py:2726} INFO - Sync 2 DAGs
[2023-06-10T14:11:43.937+0000] {logging_mixin.py:149} INFO - [2023-06-10T14:11:43.937+0000] {dag.py:3490} INFO - Setting next_dagrun for example_subdag_operator.section-1 to None, run_after=None
[2023-06-10T14:11:43.939+0000] {logging_mixin.py:149} INFO - [2023-06-10T14:11:43.938+0000] {dag.py:3490} INFO - Setting next_dagrun for example_subdag_operator.section-2 to None, run_after=None
[2023-06-10T14:11:43.966+0000] {processor.py:179} INFO - Processing /home/airflow/.local/lib/python3.7/site-packages/airflow/example_dags/example_subdag_operator.py took 0.337 seconds
[2023-06-10T14:12:14.922+0000] {processor.py:157} INFO - Started process (PID=719) to work on /home/airflow/.local/lib/python3.7/site-packages/airflow/example_dags/example_subdag_operator.py
[2023-06-10T14:12:14.926+0000] {processor.py:826} INFO - Processing file /home/airflow/.local/lib/python3.7/site-packages/airflow/example_dags/example_subdag_operator.py for tasks to queue
[2023-06-10T14:12:14.927+0000] {logging_mixin.py:149} INFO - [2023-06-10T14:12:14.927+0000] {dagbag.py:541} INFO - Filling up the DagBag from /home/airflow/.local/lib/python3.7/site-packages/airflow/example_dags/example_subdag_operator.py
[2023-06-10T14:12:14.991+0000] {processor.py:836} INFO - DAG(s) dict_keys(['example_subdag_operator.section-1', 'example_subdag_operator.section-2', 'example_subdag_operator']) retrieved from /home/airflow/.local/lib/python3.7/site-packages/airflow/example_dags/example_subdag_operator.py
[2023-06-10T14:12:15.041+0000] {logging_mixin.py:149} INFO - [2023-06-10T14:12:15.040+0000] {dag.py:2726} INFO - Sync 3 DAGs
[2023-06-10T14:12:15.107+0000] {logging_mixin.py:149} INFO - [2023-06-10T14:12:15.106+0000] {dag.py:3490} INFO - Setting next_dagrun for example_subdag_operator to 2022-01-01T00:00:00+00:00, run_after=2022-01-01T00:00:00+00:00
[2023-06-10T14:12:15.115+0000] {logging_mixin.py:149} INFO - [2023-06-10T14:12:15.115+0000] {dag.py:3490} INFO - Setting next_dagrun for example_subdag_operator.section-1 to None, run_after=None
[2023-06-10T14:12:15.118+0000] {logging_mixin.py:149} INFO - [2023-06-10T14:12:15.118+0000] {dag.py:3490} INFO - Setting next_dagrun for example_subdag_operator.section-2 to None, run_after=None
[2023-06-10T14:12:15.135+0000] {logging_mixin.py:149} INFO - [2023-06-10T14:12:15.134+0000] {dag.py:2726} INFO - Sync 2 DAGs
[2023-06-10T14:12:15.146+0000] {logging_mixin.py:149} INFO - [2023-06-10T14:12:15.146+0000] {dag.py:3490} INFO - Setting next_dagrun for example_subdag_operator.section-1 to None, run_after=None
[2023-06-10T14:12:15.147+0000] {logging_mixin.py:149} INFO - [2023-06-10T14:12:15.147+0000] {dag.py:3490} INFO - Setting next_dagrun for example_subdag_operator.section-2 to None, run_after=None
[2023-06-10T14:12:15.168+0000] {processor.py:179} INFO - Processing /home/airflow/.local/lib/python3.7/site-packages/airflow/example_dags/example_subdag_operator.py took 0.254 seconds
[2023-06-10T14:12:45.469+0000] {processor.py:157} INFO - Started process (PID=773) to work on /home/airflow/.local/lib/python3.7/site-packages/airflow/example_dags/example_subdag_operator.py
[2023-06-10T14:12:45.471+0000] {processor.py:826} INFO - Processing file /home/airflow/.local/lib/python3.7/site-packages/airflow/example_dags/example_subdag_operator.py for tasks to queue
[2023-06-10T14:12:45.473+0000] {logging_mixin.py:149} INFO - [2023-06-10T14:12:45.472+0000] {dagbag.py:541} INFO - Filling up the DagBag from /home/airflow/.local/lib/python3.7/site-packages/airflow/example_dags/example_subdag_operator.py
[2023-06-10T14:12:45.573+0000] {processor.py:836} INFO - DAG(s) dict_keys(['example_subdag_operator.section-1', 'example_subdag_operator.section-2', 'example_subdag_operator']) retrieved from /home/airflow/.local/lib/python3.7/site-packages/airflow/example_dags/example_subdag_operator.py
[2023-06-10T14:12:45.656+0000] {logging_mixin.py:149} INFO - [2023-06-10T14:12:45.656+0000] {dag.py:2726} INFO - Sync 3 DAGs
[2023-06-10T14:12:45.835+0000] {logging_mixin.py:149} INFO - [2023-06-10T14:12:45.834+0000] {dag.py:3490} INFO - Setting next_dagrun for example_subdag_operator to 2022-01-01T00:00:00+00:00, run_after=2022-01-01T00:00:00+00:00
[2023-06-10T14:12:45.874+0000] {logging_mixin.py:149} INFO - [2023-06-10T14:12:45.874+0000] {dag.py:3490} INFO - Setting next_dagrun for example_subdag_operator.section-1 to None, run_after=None
[2023-06-10T14:12:45.885+0000] {logging_mixin.py:149} INFO - [2023-06-10T14:12:45.884+0000] {dag.py:3490} INFO - Setting next_dagrun for example_subdag_operator.section-2 to None, run_after=None
[2023-06-10T14:12:45.938+0000] {logging_mixin.py:149} INFO - [2023-06-10T14:12:45.937+0000] {dag.py:2726} INFO - Sync 2 DAGs
[2023-06-10T14:12:45.974+0000] {logging_mixin.py:149} INFO - [2023-06-10T14:12:45.973+0000] {dag.py:3490} INFO - Setting next_dagrun for example_subdag_operator.section-1 to None, run_after=None
[2023-06-10T14:12:45.983+0000] {logging_mixin.py:149} INFO - [2023-06-10T14:12:45.982+0000] {dag.py:3490} INFO - Setting next_dagrun for example_subdag_operator.section-2 to None, run_after=None
[2023-06-10T14:12:46.078+0000] {processor.py:179} INFO - Processing /home/airflow/.local/lib/python3.7/site-packages/airflow/example_dags/example_subdag_operator.py took 0.619 seconds
[2023-06-10T14:13:16.711+0000] {processor.py:157} INFO - Started process (PID=828) to work on /home/airflow/.local/lib/python3.7/site-packages/airflow/example_dags/example_subdag_operator.py
[2023-06-10T14:13:16.712+0000] {processor.py:826} INFO - Processing file /home/airflow/.local/lib/python3.7/site-packages/airflow/example_dags/example_subdag_operator.py for tasks to queue
[2023-06-10T14:13:16.714+0000] {logging_mixin.py:149} INFO - [2023-06-10T14:13:16.714+0000] {dagbag.py:541} INFO - Filling up the DagBag from /home/airflow/.local/lib/python3.7/site-packages/airflow/example_dags/example_subdag_operator.py
[2023-06-10T14:13:16.860+0000] {processor.py:836} INFO - DAG(s) dict_keys(['example_subdag_operator.section-1', 'example_subdag_operator.section-2', 'example_subdag_operator']) retrieved from /home/airflow/.local/lib/python3.7/site-packages/airflow/example_dags/example_subdag_operator.py
[2023-06-10T14:13:16.872+0000] {logging_mixin.py:149} INFO - [2023-06-10T14:13:16.872+0000] {dag.py:2726} INFO - Sync 3 DAGs
[2023-06-10T14:13:17.086+0000] {logging_mixin.py:149} INFO - [2023-06-10T14:13:17.085+0000] {dag.py:3490} INFO - Setting next_dagrun for example_subdag_operator to 2022-01-01T00:00:00+00:00, run_after=2022-01-01T00:00:00+00:00
[2023-06-10T14:13:17.114+0000] {logging_mixin.py:149} INFO - [2023-06-10T14:13:17.113+0000] {dag.py:3490} INFO - Setting next_dagrun for example_subdag_operator.section-1 to None, run_after=None
[2023-06-10T14:13:17.120+0000] {logging_mixin.py:149} INFO - [2023-06-10T14:13:17.120+0000] {dag.py:3490} INFO - Setting next_dagrun for example_subdag_operator.section-2 to None, run_after=None
[2023-06-10T14:13:17.140+0000] {logging_mixin.py:149} INFO - [2023-06-10T14:13:17.140+0000] {dag.py:2726} INFO - Sync 2 DAGs
[2023-06-10T14:13:17.155+0000] {logging_mixin.py:149} INFO - [2023-06-10T14:13:17.155+0000] {dag.py:3490} INFO - Setting next_dagrun for example_subdag_operator.section-1 to None, run_after=None
[2023-06-10T14:13:17.156+0000] {logging_mixin.py:149} INFO - [2023-06-10T14:13:17.156+0000] {dag.py:3490} INFO - Setting next_dagrun for example_subdag_operator.section-2 to None, run_after=None
[2023-06-10T14:13:17.197+0000] {processor.py:179} INFO - Processing /home/airflow/.local/lib/python3.7/site-packages/airflow/example_dags/example_subdag_operator.py took 0.518 seconds
[2023-06-10T14:13:47.892+0000] {processor.py:157} INFO - Started process (PID=882) to work on /home/airflow/.local/lib/python3.7/site-packages/airflow/example_dags/example_subdag_operator.py
[2023-06-10T14:13:47.899+0000] {processor.py:826} INFO - Processing file /home/airflow/.local/lib/python3.7/site-packages/airflow/example_dags/example_subdag_operator.py for tasks to queue
[2023-06-10T14:13:47.902+0000] {logging_mixin.py:149} INFO - [2023-06-10T14:13:47.900+0000] {dagbag.py:541} INFO - Filling up the DagBag from /home/airflow/.local/lib/python3.7/site-packages/airflow/example_dags/example_subdag_operator.py
[2023-06-10T14:13:47.980+0000] {processor.py:836} INFO - DAG(s) dict_keys(['example_subdag_operator.section-1', 'example_subdag_operator.section-2', 'example_subdag_operator']) retrieved from /home/airflow/.local/lib/python3.7/site-packages/airflow/example_dags/example_subdag_operator.py
[2023-06-10T14:13:48.027+0000] {logging_mixin.py:149} INFO - [2023-06-10T14:13:48.027+0000] {dag.py:2726} INFO - Sync 3 DAGs
[2023-06-10T14:13:48.113+0000] {logging_mixin.py:149} INFO - [2023-06-10T14:13:48.112+0000] {dag.py:3490} INFO - Setting next_dagrun for example_subdag_operator to 2022-01-01T00:00:00+00:00, run_after=2022-01-01T00:00:00+00:00
[2023-06-10T14:13:48.121+0000] {logging_mixin.py:149} INFO - [2023-06-10T14:13:48.121+0000] {dag.py:3490} INFO - Setting next_dagrun for example_subdag_operator.section-1 to None, run_after=None
[2023-06-10T14:13:48.124+0000] {logging_mixin.py:149} INFO - [2023-06-10T14:13:48.123+0000] {dag.py:3490} INFO - Setting next_dagrun for example_subdag_operator.section-2 to None, run_after=None
[2023-06-10T14:13:48.162+0000] {logging_mixin.py:149} INFO - [2023-06-10T14:13:48.162+0000] {dag.py:2726} INFO - Sync 2 DAGs
[2023-06-10T14:13:48.191+0000] {logging_mixin.py:149} INFO - [2023-06-10T14:13:48.190+0000] {dag.py:3490} INFO - Setting next_dagrun for example_subdag_operator.section-1 to None, run_after=None
[2023-06-10T14:13:48.194+0000] {logging_mixin.py:149} INFO - [2023-06-10T14:13:48.193+0000] {dag.py:3490} INFO - Setting next_dagrun for example_subdag_operator.section-2 to None, run_after=None
[2023-06-10T14:13:48.229+0000] {processor.py:179} INFO - Processing /home/airflow/.local/lib/python3.7/site-packages/airflow/example_dags/example_subdag_operator.py took 0.376 seconds
[2023-06-10T14:14:18.961+0000] {processor.py:157} INFO - Started process (PID=936) to work on /home/airflow/.local/lib/python3.7/site-packages/airflow/example_dags/example_subdag_operator.py
[2023-06-10T14:14:18.963+0000] {processor.py:826} INFO - Processing file /home/airflow/.local/lib/python3.7/site-packages/airflow/example_dags/example_subdag_operator.py for tasks to queue
[2023-06-10T14:14:18.965+0000] {logging_mixin.py:149} INFO - [2023-06-10T14:14:18.964+0000] {dagbag.py:541} INFO - Filling up the DagBag from /home/airflow/.local/lib/python3.7/site-packages/airflow/example_dags/example_subdag_operator.py
[2023-06-10T14:14:19.041+0000] {processor.py:836} INFO - DAG(s) dict_keys(['example_subdag_operator.section-1', 'example_subdag_operator.section-2', 'example_subdag_operator']) retrieved from /home/airflow/.local/lib/python3.7/site-packages/airflow/example_dags/example_subdag_operator.py
[2023-06-10T14:14:19.107+0000] {logging_mixin.py:149} INFO - [2023-06-10T14:14:19.106+0000] {dag.py:2726} INFO - Sync 3 DAGs
[2023-06-10T14:14:19.174+0000] {logging_mixin.py:149} INFO - [2023-06-10T14:14:19.174+0000] {dag.py:3490} INFO - Setting next_dagrun for example_subdag_operator to 2022-01-01T00:00:00+00:00, run_after=2022-01-01T00:00:00+00:00
[2023-06-10T14:14:19.181+0000] {logging_mixin.py:149} INFO - [2023-06-10T14:14:19.181+0000] {dag.py:3490} INFO - Setting next_dagrun for example_subdag_operator.section-1 to None, run_after=None
[2023-06-10T14:14:19.184+0000] {logging_mixin.py:149} INFO - [2023-06-10T14:14:19.183+0000] {dag.py:3490} INFO - Setting next_dagrun for example_subdag_operator.section-2 to None, run_after=None
[2023-06-10T14:14:19.199+0000] {logging_mixin.py:149} INFO - [2023-06-10T14:14:19.198+0000] {dag.py:2726} INFO - Sync 2 DAGs
[2023-06-10T14:14:19.210+0000] {logging_mixin.py:149} INFO - [2023-06-10T14:14:19.210+0000] {dag.py:3490} INFO - Setting next_dagrun for example_subdag_operator.section-1 to None, run_after=None
[2023-06-10T14:14:19.211+0000] {logging_mixin.py:149} INFO - [2023-06-10T14:14:19.211+0000] {dag.py:3490} INFO - Setting next_dagrun for example_subdag_operator.section-2 to None, run_after=None
[2023-06-10T14:14:19.239+0000] {processor.py:179} INFO - Processing /home/airflow/.local/lib/python3.7/site-packages/airflow/example_dags/example_subdag_operator.py took 0.286 seconds
[2023-06-10T14:14:49.732+0000] {processor.py:157} INFO - Started process (PID=991) to work on /home/airflow/.local/lib/python3.7/site-packages/airflow/example_dags/example_subdag_operator.py
[2023-06-10T14:14:49.740+0000] {processor.py:826} INFO - Processing file /home/airflow/.local/lib/python3.7/site-packages/airflow/example_dags/example_subdag_operator.py for tasks to queue
[2023-06-10T14:14:49.742+0000] {logging_mixin.py:149} INFO - [2023-06-10T14:14:49.742+0000] {dagbag.py:541} INFO - Filling up the DagBag from /home/airflow/.local/lib/python3.7/site-packages/airflow/example_dags/example_subdag_operator.py
[2023-06-10T14:14:49.931+0000] {processor.py:836} INFO - DAG(s) dict_keys(['example_subdag_operator.section-1', 'example_subdag_operator.section-2', 'example_subdag_operator']) retrieved from /home/airflow/.local/lib/python3.7/site-packages/airflow/example_dags/example_subdag_operator.py
[2023-06-10T14:14:50.058+0000] {logging_mixin.py:149} INFO - [2023-06-10T14:14:50.057+0000] {dag.py:2726} INFO - Sync 3 DAGs
[2023-06-10T14:14:50.589+0000] {logging_mixin.py:149} INFO - [2023-06-10T14:14:50.532+0000] {dag.py:3490} INFO - Setting next_dagrun for example_subdag_operator to 2022-01-01T00:00:00+00:00, run_after=2022-01-01T00:00:00+00:00
[2023-06-10T14:14:50.707+0000] {logging_mixin.py:149} INFO - [2023-06-10T14:14:50.707+0000] {dag.py:3490} INFO - Setting next_dagrun for example_subdag_operator.section-1 to None, run_after=None
[2023-06-10T14:14:50.719+0000] {logging_mixin.py:149} INFO - [2023-06-10T14:14:50.718+0000] {dag.py:3490} INFO - Setting next_dagrun for example_subdag_operator.section-2 to None, run_after=None
[2023-06-10T14:14:50.882+0000] {logging_mixin.py:149} INFO - [2023-06-10T14:14:50.879+0000] {dag.py:2726} INFO - Sync 2 DAGs
[2023-06-10T14:14:51.015+0000] {logging_mixin.py:149} INFO - [2023-06-10T14:14:51.014+0000] {dag.py:3490} INFO - Setting next_dagrun for example_subdag_operator.section-1 to None, run_after=None
[2023-06-10T14:14:51.020+0000] {logging_mixin.py:149} INFO - [2023-06-10T14:14:51.015+0000] {dag.py:3490} INFO - Setting next_dagrun for example_subdag_operator.section-2 to None, run_after=None
[2023-06-10T14:14:51.192+0000] {processor.py:179} INFO - Processing /home/airflow/.local/lib/python3.7/site-packages/airflow/example_dags/example_subdag_operator.py took 1.469 seconds
[2023-06-10T14:15:21.316+0000] {processor.py:157} INFO - Started process (PID=1047) to work on /home/airflow/.local/lib/python3.7/site-packages/airflow/example_dags/example_subdag_operator.py
[2023-06-10T14:15:21.325+0000] {processor.py:826} INFO - Processing file /home/airflow/.local/lib/python3.7/site-packages/airflow/example_dags/example_subdag_operator.py for tasks to queue
[2023-06-10T14:15:21.334+0000] {logging_mixin.py:149} INFO - [2023-06-10T14:15:21.334+0000] {dagbag.py:541} INFO - Filling up the DagBag from /home/airflow/.local/lib/python3.7/site-packages/airflow/example_dags/example_subdag_operator.py
[2023-06-10T14:15:21.521+0000] {processor.py:836} INFO - DAG(s) dict_keys(['example_subdag_operator.section-1', 'example_subdag_operator.section-2', 'example_subdag_operator']) retrieved from /home/airflow/.local/lib/python3.7/site-packages/airflow/example_dags/example_subdag_operator.py
[2023-06-10T14:15:21.718+0000] {logging_mixin.py:149} INFO - [2023-06-10T14:15:21.717+0000] {dag.py:2726} INFO - Sync 3 DAGs
[2023-06-10T14:15:21.983+0000] {logging_mixin.py:149} INFO - [2023-06-10T14:15:21.981+0000] {dag.py:3490} INFO - Setting next_dagrun for example_subdag_operator to 2022-01-01T00:00:00+00:00, run_after=2022-01-01T00:00:00+00:00
[2023-06-10T14:15:21.995+0000] {logging_mixin.py:149} INFO - [2023-06-10T14:15:21.995+0000] {dag.py:3490} INFO - Setting next_dagrun for example_subdag_operator.section-1 to None, run_after=None
[2023-06-10T14:15:22.000+0000] {logging_mixin.py:149} INFO - [2023-06-10T14:15:22.000+0000] {dag.py:3490} INFO - Setting next_dagrun for example_subdag_operator.section-2 to None, run_after=None
[2023-06-10T14:15:22.057+0000] {logging_mixin.py:149} INFO - [2023-06-10T14:15:22.056+0000] {dag.py:2726} INFO - Sync 2 DAGs
[2023-06-10T14:15:22.094+0000] {logging_mixin.py:149} INFO - [2023-06-10T14:15:22.094+0000] {dag.py:3490} INFO - Setting next_dagrun for example_subdag_operator.section-1 to None, run_after=None
[2023-06-10T14:15:22.094+0000] {logging_mixin.py:149} INFO - [2023-06-10T14:15:22.094+0000] {dag.py:3490} INFO - Setting next_dagrun for example_subdag_operator.section-2 to None, run_after=None
[2023-06-10T14:15:22.184+0000] {processor.py:179} INFO - Processing /home/airflow/.local/lib/python3.7/site-packages/airflow/example_dags/example_subdag_operator.py took 0.918 seconds
[2023-06-10T14:15:52.428+0000] {processor.py:157} INFO - Started process (PID=1102) to work on /home/airflow/.local/lib/python3.7/site-packages/airflow/example_dags/example_subdag_operator.py
[2023-06-10T14:15:52.431+0000] {processor.py:826} INFO - Processing file /home/airflow/.local/lib/python3.7/site-packages/airflow/example_dags/example_subdag_operator.py for tasks to queue
[2023-06-10T14:15:52.432+0000] {logging_mixin.py:149} INFO - [2023-06-10T14:15:52.432+0000] {dagbag.py:541} INFO - Filling up the DagBag from /home/airflow/.local/lib/python3.7/site-packages/airflow/example_dags/example_subdag_operator.py
[2023-06-10T14:15:52.510+0000] {processor.py:836} INFO - DAG(s) dict_keys(['example_subdag_operator.section-1', 'example_subdag_operator.section-2', 'example_subdag_operator']) retrieved from /home/airflow/.local/lib/python3.7/site-packages/airflow/example_dags/example_subdag_operator.py
[2023-06-10T14:15:52.567+0000] {logging_mixin.py:149} INFO - [2023-06-10T14:15:52.566+0000] {dag.py:2726} INFO - Sync 3 DAGs
[2023-06-10T14:15:52.621+0000] {logging_mixin.py:149} INFO - [2023-06-10T14:15:52.620+0000] {dag.py:3490} INFO - Setting next_dagrun for example_subdag_operator to 2022-01-01T00:00:00+00:00, run_after=2022-01-01T00:00:00+00:00
[2023-06-10T14:15:52.627+0000] {logging_mixin.py:149} INFO - [2023-06-10T14:15:52.627+0000] {dag.py:3490} INFO - Setting next_dagrun for example_subdag_operator.section-1 to None, run_after=None
[2023-06-10T14:15:52.630+0000] {logging_mixin.py:149} INFO - [2023-06-10T14:15:52.629+0000] {dag.py:3490} INFO - Setting next_dagrun for example_subdag_operator.section-2 to None, run_after=None
[2023-06-10T14:15:52.646+0000] {logging_mixin.py:149} INFO - [2023-06-10T14:15:52.645+0000] {dag.py:2726} INFO - Sync 2 DAGs
[2023-06-10T14:15:52.656+0000] {logging_mixin.py:149} INFO - [2023-06-10T14:15:52.656+0000] {dag.py:3490} INFO - Setting next_dagrun for example_subdag_operator.section-1 to None, run_after=None
[2023-06-10T14:15:52.657+0000] {logging_mixin.py:149} INFO - [2023-06-10T14:15:52.657+0000] {dag.py:3490} INFO - Setting next_dagrun for example_subdag_operator.section-2 to None, run_after=None
[2023-06-10T14:15:52.679+0000] {processor.py:179} INFO - Processing /home/airflow/.local/lib/python3.7/site-packages/airflow/example_dags/example_subdag_operator.py took 0.259 seconds
[2023-06-10T14:16:23.249+0000] {processor.py:157} INFO - Started process (PID=1158) to work on /home/airflow/.local/lib/python3.7/site-packages/airflow/example_dags/example_subdag_operator.py
[2023-06-10T14:16:23.252+0000] {processor.py:826} INFO - Processing file /home/airflow/.local/lib/python3.7/site-packages/airflow/example_dags/example_subdag_operator.py for tasks to queue
[2023-06-10T14:16:23.256+0000] {logging_mixin.py:149} INFO - [2023-06-10T14:16:23.255+0000] {dagbag.py:541} INFO - Filling up the DagBag from /home/airflow/.local/lib/python3.7/site-packages/airflow/example_dags/example_subdag_operator.py
[2023-06-10T14:16:23.541+0000] {processor.py:836} INFO - DAG(s) dict_keys(['example_subdag_operator.section-1', 'example_subdag_operator.section-2', 'example_subdag_operator']) retrieved from /home/airflow/.local/lib/python3.7/site-packages/airflow/example_dags/example_subdag_operator.py
[2023-06-10T14:16:23.724+0000] {logging_mixin.py:149} INFO - [2023-06-10T14:16:23.724+0000] {dag.py:2726} INFO - Sync 3 DAGs
[2023-06-10T14:16:24.012+0000] {logging_mixin.py:149} INFO - [2023-06-10T14:16:24.011+0000] {dag.py:3490} INFO - Setting next_dagrun for example_subdag_operator to 2022-01-01T00:00:00+00:00, run_after=2022-01-01T00:00:00+00:00
[2023-06-10T14:16:24.034+0000] {logging_mixin.py:149} INFO - [2023-06-10T14:16:24.033+0000] {dag.py:3490} INFO - Setting next_dagrun for example_subdag_operator.section-1 to None, run_after=None
[2023-06-10T14:16:24.037+0000] {logging_mixin.py:149} INFO - [2023-06-10T14:16:24.037+0000] {dag.py:3490} INFO - Setting next_dagrun for example_subdag_operator.section-2 to None, run_after=None
[2023-06-10T14:16:24.073+0000] {logging_mixin.py:149} INFO - [2023-06-10T14:16:24.073+0000] {dag.py:2726} INFO - Sync 2 DAGs
[2023-06-10T14:16:24.095+0000] {logging_mixin.py:149} INFO - [2023-06-10T14:16:24.095+0000] {dag.py:3490} INFO - Setting next_dagrun for example_subdag_operator.section-1 to None, run_after=None
[2023-06-10T14:16:24.098+0000] {logging_mixin.py:149} INFO - [2023-06-10T14:16:24.096+0000] {dag.py:3490} INFO - Setting next_dagrun for example_subdag_operator.section-2 to None, run_after=None
[2023-06-10T14:16:24.152+0000] {processor.py:179} INFO - Processing /home/airflow/.local/lib/python3.7/site-packages/airflow/example_dags/example_subdag_operator.py took 0.932 seconds
[2023-06-10T14:27:25.733+0000] {processor.py:157} INFO - Started process (PID=57) to work on /home/airflow/.local/lib/python3.7/site-packages/airflow/example_dags/example_subdag_operator.py
[2023-06-10T14:27:25.736+0000] {processor.py:826} INFO - Processing file /home/airflow/.local/lib/python3.7/site-packages/airflow/example_dags/example_subdag_operator.py for tasks to queue
[2023-06-10T14:27:25.737+0000] {logging_mixin.py:149} INFO - [2023-06-10T14:27:25.737+0000] {dagbag.py:541} INFO - Filling up the DagBag from /home/airflow/.local/lib/python3.7/site-packages/airflow/example_dags/example_subdag_operator.py
[2023-06-10T14:27:25.814+0000] {processor.py:836} INFO - DAG(s) dict_keys(['example_subdag_operator.section-1', 'example_subdag_operator.section-2', 'example_subdag_operator']) retrieved from /home/airflow/.local/lib/python3.7/site-packages/airflow/example_dags/example_subdag_operator.py
[2023-06-10T14:27:25.907+0000] {logging_mixin.py:149} INFO - [2023-06-10T14:27:25.907+0000] {dag.py:2726} INFO - Sync 3 DAGs
[2023-06-10T14:27:25.991+0000] {logging_mixin.py:149} INFO - [2023-06-10T14:27:25.990+0000] {dag.py:3490} INFO - Setting next_dagrun for example_subdag_operator to 2022-01-01T00:00:00+00:00, run_after=2022-01-01T00:00:00+00:00
[2023-06-10T14:27:26.001+0000] {logging_mixin.py:149} INFO - [2023-06-10T14:27:26.000+0000] {dag.py:3490} INFO - Setting next_dagrun for example_subdag_operator.section-1 to None, run_after=None
[2023-06-10T14:27:26.004+0000] {logging_mixin.py:149} INFO - [2023-06-10T14:27:26.004+0000] {dag.py:3490} INFO - Setting next_dagrun for example_subdag_operator.section-2 to None, run_after=None
[2023-06-10T14:27:26.025+0000] {logging_mixin.py:149} INFO - [2023-06-10T14:27:26.024+0000] {dag.py:2726} INFO - Sync 2 DAGs
[2023-06-10T14:27:26.041+0000] {logging_mixin.py:149} INFO - [2023-06-10T14:27:26.041+0000] {dag.py:3490} INFO - Setting next_dagrun for example_subdag_operator.section-1 to None, run_after=None
[2023-06-10T14:27:26.042+0000] {logging_mixin.py:149} INFO - [2023-06-10T14:27:26.042+0000] {dag.py:3490} INFO - Setting next_dagrun for example_subdag_operator.section-2 to None, run_after=None
[2023-06-10T14:27:26.071+0000] {processor.py:179} INFO - Processing /home/airflow/.local/lib/python3.7/site-packages/airflow/example_dags/example_subdag_operator.py took 0.367 seconds
[2023-06-10T14:28:00.532+0000] {processor.py:157} INFO - Started process (PID=112) to work on /home/airflow/.local/lib/python3.7/site-packages/airflow/example_dags/example_subdag_operator.py
[2023-06-10T14:28:00.536+0000] {processor.py:826} INFO - Processing file /home/airflow/.local/lib/python3.7/site-packages/airflow/example_dags/example_subdag_operator.py for tasks to queue
[2023-06-10T14:28:00.538+0000] {logging_mixin.py:149} INFO - [2023-06-10T14:28:00.538+0000] {dagbag.py:541} INFO - Filling up the DagBag from /home/airflow/.local/lib/python3.7/site-packages/airflow/example_dags/example_subdag_operator.py
[2023-06-10T14:28:00.660+0000] {processor.py:836} INFO - DAG(s) dict_keys(['example_subdag_operator.section-1', 'example_subdag_operator.section-2', 'example_subdag_operator']) retrieved from /home/airflow/.local/lib/python3.7/site-packages/airflow/example_dags/example_subdag_operator.py
[2023-06-10T14:28:00.941+0000] {logging_mixin.py:149} INFO - [2023-06-10T14:28:00.941+0000] {dag.py:2726} INFO - Sync 3 DAGs
[2023-06-10T14:28:01.392+0000] {logging_mixin.py:149} INFO - [2023-06-10T14:28:01.391+0000] {dag.py:3490} INFO - Setting next_dagrun for example_subdag_operator to 2022-01-01T00:00:00+00:00, run_after=2022-01-01T00:00:00+00:00
[2023-06-10T14:28:01.415+0000] {logging_mixin.py:149} INFO - [2023-06-10T14:28:01.414+0000] {dag.py:3490} INFO - Setting next_dagrun for example_subdag_operator.section-1 to None, run_after=None
[2023-06-10T14:28:01.427+0000] {logging_mixin.py:149} INFO - [2023-06-10T14:28:01.426+0000] {dag.py:3490} INFO - Setting next_dagrun for example_subdag_operator.section-2 to None, run_after=None
[2023-06-10T14:28:01.542+0000] {logging_mixin.py:149} INFO - [2023-06-10T14:28:01.541+0000] {dag.py:2726} INFO - Sync 2 DAGs
[2023-06-10T14:28:01.611+0000] {logging_mixin.py:149} INFO - [2023-06-10T14:28:01.611+0000] {dag.py:3490} INFO - Setting next_dagrun for example_subdag_operator.section-1 to None, run_after=None
[2023-06-10T14:28:01.612+0000] {logging_mixin.py:149} INFO - [2023-06-10T14:28:01.612+0000] {dag.py:3490} INFO - Setting next_dagrun for example_subdag_operator.section-2 to None, run_after=None
[2023-06-10T14:28:01.674+0000] {processor.py:179} INFO - Processing /home/airflow/.local/lib/python3.7/site-packages/airflow/example_dags/example_subdag_operator.py took 1.166 seconds
[2023-06-10T14:28:31.759+0000] {processor.py:157} INFO - Started process (PID=167) to work on /home/airflow/.local/lib/python3.7/site-packages/airflow/example_dags/example_subdag_operator.py
[2023-06-10T14:28:31.761+0000] {processor.py:826} INFO - Processing file /home/airflow/.local/lib/python3.7/site-packages/airflow/example_dags/example_subdag_operator.py for tasks to queue
[2023-06-10T14:28:31.764+0000] {logging_mixin.py:149} INFO - [2023-06-10T14:28:31.763+0000] {dagbag.py:541} INFO - Filling up the DagBag from /home/airflow/.local/lib/python3.7/site-packages/airflow/example_dags/example_subdag_operator.py
[2023-06-10T14:28:31.842+0000] {processor.py:836} INFO - DAG(s) dict_keys(['example_subdag_operator.section-1', 'example_subdag_operator.section-2', 'example_subdag_operator']) retrieved from /home/airflow/.local/lib/python3.7/site-packages/airflow/example_dags/example_subdag_operator.py
[2023-06-10T14:28:31.895+0000] {logging_mixin.py:149} INFO - [2023-06-10T14:28:31.895+0000] {dag.py:2726} INFO - Sync 3 DAGs
[2023-06-10T14:28:32.019+0000] {logging_mixin.py:149} INFO - [2023-06-10T14:28:32.018+0000] {dag.py:3490} INFO - Setting next_dagrun for example_subdag_operator to 2022-01-01T00:00:00+00:00, run_after=2022-01-01T00:00:00+00:00
[2023-06-10T14:28:32.038+0000] {logging_mixin.py:149} INFO - [2023-06-10T14:28:32.037+0000] {dag.py:3490} INFO - Setting next_dagrun for example_subdag_operator.section-1 to None, run_after=None
[2023-06-10T14:28:32.042+0000] {logging_mixin.py:149} INFO - [2023-06-10T14:28:32.041+0000] {dag.py:3490} INFO - Setting next_dagrun for example_subdag_operator.section-2 to None, run_after=None
[2023-06-10T14:28:32.072+0000] {logging_mixin.py:149} INFO - [2023-06-10T14:28:32.072+0000] {dag.py:2726} INFO - Sync 2 DAGs
[2023-06-10T14:28:32.094+0000] {logging_mixin.py:149} INFO - [2023-06-10T14:28:32.093+0000] {dag.py:3490} INFO - Setting next_dagrun for example_subdag_operator.section-1 to None, run_after=None
[2023-06-10T14:28:32.095+0000] {logging_mixin.py:149} INFO - [2023-06-10T14:28:32.094+0000] {dag.py:3490} INFO - Setting next_dagrun for example_subdag_operator.section-2 to None, run_after=None
[2023-06-10T14:28:32.134+0000] {processor.py:179} INFO - Processing /home/airflow/.local/lib/python3.7/site-packages/airflow/example_dags/example_subdag_operator.py took 0.385 seconds
[2023-06-10T14:29:03.960+0000] {processor.py:157} INFO - Started process (PID=229) to work on /home/airflow/.local/lib/python3.7/site-packages/airflow/example_dags/example_subdag_operator.py
[2023-06-10T14:29:03.963+0000] {processor.py:826} INFO - Processing file /home/airflow/.local/lib/python3.7/site-packages/airflow/example_dags/example_subdag_operator.py for tasks to queue
[2023-06-10T14:29:03.964+0000] {logging_mixin.py:149} INFO - [2023-06-10T14:29:03.964+0000] {dagbag.py:541} INFO - Filling up the DagBag from /home/airflow/.local/lib/python3.7/site-packages/airflow/example_dags/example_subdag_operator.py
[2023-06-10T14:29:04.037+0000] {processor.py:836} INFO - DAG(s) dict_keys(['example_subdag_operator.section-1', 'example_subdag_operator.section-2', 'example_subdag_operator']) retrieved from /home/airflow/.local/lib/python3.7/site-packages/airflow/example_dags/example_subdag_operator.py
[2023-06-10T14:29:04.104+0000] {logging_mixin.py:149} INFO - [2023-06-10T14:29:04.104+0000] {dag.py:2726} INFO - Sync 3 DAGs
[2023-06-10T14:29:04.225+0000] {logging_mixin.py:149} INFO - [2023-06-10T14:29:04.225+0000] {dag.py:3490} INFO - Setting next_dagrun for example_subdag_operator to 2022-01-01T00:00:00+00:00, run_after=2022-01-01T00:00:00+00:00
[2023-06-10T14:29:04.235+0000] {logging_mixin.py:149} INFO - [2023-06-10T14:29:04.235+0000] {dag.py:3490} INFO - Setting next_dagrun for example_subdag_operator.section-1 to None, run_after=None
[2023-06-10T14:29:04.239+0000] {logging_mixin.py:149} INFO - [2023-06-10T14:29:04.239+0000] {dag.py:3490} INFO - Setting next_dagrun for example_subdag_operator.section-2 to None, run_after=None
[2023-06-10T14:29:04.260+0000] {logging_mixin.py:149} INFO - [2023-06-10T14:29:04.259+0000] {dag.py:2726} INFO - Sync 2 DAGs
[2023-06-10T14:29:04.276+0000] {logging_mixin.py:149} INFO - [2023-06-10T14:29:04.276+0000] {dag.py:3490} INFO - Setting next_dagrun for example_subdag_operator.section-1 to None, run_after=None
[2023-06-10T14:29:04.277+0000] {logging_mixin.py:149} INFO - [2023-06-10T14:29:04.277+0000] {dag.py:3490} INFO - Setting next_dagrun for example_subdag_operator.section-2 to None, run_after=None
[2023-06-10T14:29:04.311+0000] {processor.py:179} INFO - Processing /home/airflow/.local/lib/python3.7/site-packages/airflow/example_dags/example_subdag_operator.py took 0.359 seconds
[2023-06-10T14:29:36.603+0000] {processor.py:157} INFO - Started process (PID=284) to work on /home/airflow/.local/lib/python3.7/site-packages/airflow/example_dags/example_subdag_operator.py
[2023-06-10T14:29:36.615+0000] {processor.py:826} INFO - Processing file /home/airflow/.local/lib/python3.7/site-packages/airflow/example_dags/example_subdag_operator.py for tasks to queue
[2023-06-10T14:29:36.629+0000] {logging_mixin.py:149} INFO - [2023-06-10T14:29:36.623+0000] {dagbag.py:541} INFO - Filling up the DagBag from /home/airflow/.local/lib/python3.7/site-packages/airflow/example_dags/example_subdag_operator.py
[2023-06-10T14:29:36.927+0000] {processor.py:836} INFO - DAG(s) dict_keys(['example_subdag_operator.section-1', 'example_subdag_operator.section-2', 'example_subdag_operator']) retrieved from /home/airflow/.local/lib/python3.7/site-packages/airflow/example_dags/example_subdag_operator.py
[2023-06-10T14:29:37.196+0000] {logging_mixin.py:149} INFO - [2023-06-10T14:29:37.195+0000] {dag.py:2726} INFO - Sync 3 DAGs
[2023-06-10T14:29:37.532+0000] {logging_mixin.py:149} INFO - [2023-06-10T14:29:37.532+0000] {dag.py:3490} INFO - Setting next_dagrun for example_subdag_operator to 2022-01-01T00:00:00+00:00, run_after=2022-01-01T00:00:00+00:00
[2023-06-10T14:29:37.593+0000] {logging_mixin.py:149} INFO - [2023-06-10T14:29:37.592+0000] {dag.py:3490} INFO - Setting next_dagrun for example_subdag_operator.section-1 to None, run_after=None
[2023-06-10T14:29:37.610+0000] {logging_mixin.py:149} INFO - [2023-06-10T14:29:37.610+0000] {dag.py:3490} INFO - Setting next_dagrun for example_subdag_operator.section-2 to None, run_after=None
[2023-06-10T14:29:37.694+0000] {logging_mixin.py:149} INFO - [2023-06-10T14:29:37.685+0000] {dag.py:2726} INFO - Sync 2 DAGs
[2023-06-10T14:29:37.739+0000] {logging_mixin.py:149} INFO - [2023-06-10T14:29:37.739+0000] {dag.py:3490} INFO - Setting next_dagrun for example_subdag_operator.section-1 to None, run_after=None
[2023-06-10T14:29:37.740+0000] {logging_mixin.py:149} INFO - [2023-06-10T14:29:37.740+0000] {dag.py:3490} INFO - Setting next_dagrun for example_subdag_operator.section-2 to None, run_after=None
[2023-06-10T14:29:37.959+0000] {processor.py:179} INFO - Processing /home/airflow/.local/lib/python3.7/site-packages/airflow/example_dags/example_subdag_operator.py took 1.400 seconds
[2023-06-10T14:30:08.879+0000] {processor.py:157} INFO - Started process (PID=340) to work on /home/airflow/.local/lib/python3.7/site-packages/airflow/example_dags/example_subdag_operator.py
[2023-06-10T14:30:08.881+0000] {processor.py:826} INFO - Processing file /home/airflow/.local/lib/python3.7/site-packages/airflow/example_dags/example_subdag_operator.py for tasks to queue
[2023-06-10T14:30:08.883+0000] {logging_mixin.py:149} INFO - [2023-06-10T14:30:08.882+0000] {dagbag.py:541} INFO - Filling up the DagBag from /home/airflow/.local/lib/python3.7/site-packages/airflow/example_dags/example_subdag_operator.py
[2023-06-10T14:30:08.992+0000] {processor.py:836} INFO - DAG(s) dict_keys(['example_subdag_operator.section-1', 'example_subdag_operator.section-2', 'example_subdag_operator']) retrieved from /home/airflow/.local/lib/python3.7/site-packages/airflow/example_dags/example_subdag_operator.py
[2023-06-10T14:30:09.066+0000] {logging_mixin.py:149} INFO - [2023-06-10T14:30:09.066+0000] {dag.py:2726} INFO - Sync 3 DAGs
[2023-06-10T14:30:09.141+0000] {logging_mixin.py:149} INFO - [2023-06-10T14:30:09.141+0000] {dag.py:3490} INFO - Setting next_dagrun for example_subdag_operator to 2022-01-01T00:00:00+00:00, run_after=2022-01-01T00:00:00+00:00
[2023-06-10T14:30:09.148+0000] {logging_mixin.py:149} INFO - [2023-06-10T14:30:09.148+0000] {dag.py:3490} INFO - Setting next_dagrun for example_subdag_operator.section-1 to None, run_after=None
[2023-06-10T14:30:09.151+0000] {logging_mixin.py:149} INFO - [2023-06-10T14:30:09.151+0000] {dag.py:3490} INFO - Setting next_dagrun for example_subdag_operator.section-2 to None, run_after=None
[2023-06-10T14:30:09.167+0000] {logging_mixin.py:149} INFO - [2023-06-10T14:30:09.167+0000] {dag.py:2726} INFO - Sync 2 DAGs
[2023-06-10T14:30:09.191+0000] {logging_mixin.py:149} INFO - [2023-06-10T14:30:09.190+0000] {dag.py:3490} INFO - Setting next_dagrun for example_subdag_operator.section-1 to None, run_after=None
[2023-06-10T14:30:09.192+0000] {logging_mixin.py:149} INFO - [2023-06-10T14:30:09.192+0000] {dag.py:3490} INFO - Setting next_dagrun for example_subdag_operator.section-2 to None, run_after=None
[2023-06-10T14:30:09.236+0000] {processor.py:179} INFO - Processing /home/airflow/.local/lib/python3.7/site-packages/airflow/example_dags/example_subdag_operator.py took 0.367 seconds
[2023-06-10T14:30:39.575+0000] {processor.py:157} INFO - Started process (PID=394) to work on /home/airflow/.local/lib/python3.7/site-packages/airflow/example_dags/example_subdag_operator.py
[2023-06-10T14:30:39.584+0000] {processor.py:826} INFO - Processing file /home/airflow/.local/lib/python3.7/site-packages/airflow/example_dags/example_subdag_operator.py for tasks to queue
[2023-06-10T14:30:39.585+0000] {logging_mixin.py:149} INFO - [2023-06-10T14:30:39.585+0000] {dagbag.py:541} INFO - Filling up the DagBag from /home/airflow/.local/lib/python3.7/site-packages/airflow/example_dags/example_subdag_operator.py
[2023-06-10T14:30:39.657+0000] {processor.py:836} INFO - DAG(s) dict_keys(['example_subdag_operator.section-1', 'example_subdag_operator.section-2', 'example_subdag_operator']) retrieved from /home/airflow/.local/lib/python3.7/site-packages/airflow/example_dags/example_subdag_operator.py
[2023-06-10T14:30:39.729+0000] {logging_mixin.py:149} INFO - [2023-06-10T14:30:39.729+0000] {dag.py:2726} INFO - Sync 3 DAGs
[2023-06-10T14:30:39.799+0000] {logging_mixin.py:149} INFO - [2023-06-10T14:30:39.799+0000] {dag.py:3490} INFO - Setting next_dagrun for example_subdag_operator to 2022-01-01T00:00:00+00:00, run_after=2022-01-01T00:00:00+00:00
[2023-06-10T14:30:39.806+0000] {logging_mixin.py:149} INFO - [2023-06-10T14:30:39.806+0000] {dag.py:3490} INFO - Setting next_dagrun for example_subdag_operator.section-1 to None, run_after=None
[2023-06-10T14:30:39.809+0000] {logging_mixin.py:149} INFO - [2023-06-10T14:30:39.808+0000] {dag.py:3490} INFO - Setting next_dagrun for example_subdag_operator.section-2 to None, run_after=None
[2023-06-10T14:30:39.824+0000] {logging_mixin.py:149} INFO - [2023-06-10T14:30:39.824+0000] {dag.py:2726} INFO - Sync 2 DAGs
[2023-06-10T14:30:39.836+0000] {logging_mixin.py:149} INFO - [2023-06-10T14:30:39.836+0000] {dag.py:3490} INFO - Setting next_dagrun for example_subdag_operator.section-1 to None, run_after=None
[2023-06-10T14:30:39.837+0000] {logging_mixin.py:149} INFO - [2023-06-10T14:30:39.837+0000] {dag.py:3490} INFO - Setting next_dagrun for example_subdag_operator.section-2 to None, run_after=None
[2023-06-10T14:30:39.860+0000] {processor.py:179} INFO - Processing /home/airflow/.local/lib/python3.7/site-packages/airflow/example_dags/example_subdag_operator.py took 0.292 seconds
