[2023-06-10T14:06:19.760+0000] {processor.py:157} INFO - Started process (PID=78) to work on /home/airflow/.local/lib/python3.7/site-packages/airflow/example_dags/example_params_ui_tutorial.py
[2023-06-10T14:06:19.761+0000] {processor.py:826} INFO - Processing file /home/airflow/.local/lib/python3.7/site-packages/airflow/example_dags/example_params_ui_tutorial.py for tasks to queue
[2023-06-10T14:06:19.763+0000] {logging_mixin.py:149} INFO - [2023-06-10T14:06:19.762+0000] {dagbag.py:541} INFO - Filling up the DagBag from /home/airflow/.local/lib/python3.7/site-packages/airflow/example_dags/example_params_ui_tutorial.py
[2023-06-10T14:06:20.086+0000] {processor.py:836} INFO - DAG(s) dict_keys(['example_params_ui_tutorial']) retrieved from /home/airflow/.local/lib/python3.7/site-packages/airflow/example_dags/example_params_ui_tutorial.py
[2023-06-10T14:06:20.351+0000] {logging_mixin.py:149} INFO - [2023-06-10T14:06:20.351+0000] {dag.py:2726} INFO - Sync 1 DAGs
[2023-06-10T14:06:20.424+0000] {logging_mixin.py:149} INFO - [2023-06-10T14:06:20.424+0000] {dag.py:3490} INFO - Setting next_dagrun for example_params_ui_tutorial to None, run_after=None
[2023-06-10T14:06:20.478+0000] {processor.py:179} INFO - Processing /home/airflow/.local/lib/python3.7/site-packages/airflow/example_dags/example_params_ui_tutorial.py took 0.733 seconds
[2023-06-10T14:06:51.053+0000] {processor.py:157} INFO - Started process (PID=134) to work on /home/airflow/.local/lib/python3.7/site-packages/airflow/example_dags/example_params_ui_tutorial.py
[2023-06-10T14:06:51.054+0000] {processor.py:826} INFO - Processing file /home/airflow/.local/lib/python3.7/site-packages/airflow/example_dags/example_params_ui_tutorial.py for tasks to queue
[2023-06-10T14:06:51.056+0000] {logging_mixin.py:149} INFO - [2023-06-10T14:06:51.056+0000] {dagbag.py:541} INFO - Filling up the DagBag from /home/airflow/.local/lib/python3.7/site-packages/airflow/example_dags/example_params_ui_tutorial.py
[2023-06-10T14:06:51.174+0000] {processor.py:836} INFO - DAG(s) dict_keys(['example_params_ui_tutorial']) retrieved from /home/airflow/.local/lib/python3.7/site-packages/airflow/example_dags/example_params_ui_tutorial.py
[2023-06-10T14:06:51.367+0000] {logging_mixin.py:149} INFO - [2023-06-10T14:06:51.366+0000] {dag.py:2726} INFO - Sync 1 DAGs
[2023-06-10T14:06:51.507+0000] {logging_mixin.py:149} INFO - [2023-06-10T14:06:51.507+0000] {dag.py:3490} INFO - Setting next_dagrun for example_params_ui_tutorial to None, run_after=None
[2023-06-10T14:06:51.551+0000] {processor.py:179} INFO - Processing /home/airflow/.local/lib/python3.7/site-packages/airflow/example_dags/example_params_ui_tutorial.py took 0.504 seconds
[2023-06-10T14:07:22.181+0000] {processor.py:157} INFO - Started process (PID=190) to work on /home/airflow/.local/lib/python3.7/site-packages/airflow/example_dags/example_params_ui_tutorial.py
[2023-06-10T14:07:22.183+0000] {processor.py:826} INFO - Processing file /home/airflow/.local/lib/python3.7/site-packages/airflow/example_dags/example_params_ui_tutorial.py for tasks to queue
[2023-06-10T14:07:22.185+0000] {logging_mixin.py:149} INFO - [2023-06-10T14:07:22.184+0000] {dagbag.py:541} INFO - Filling up the DagBag from /home/airflow/.local/lib/python3.7/site-packages/airflow/example_dags/example_params_ui_tutorial.py
[2023-06-10T14:07:22.309+0000] {processor.py:836} INFO - DAG(s) dict_keys(['example_params_ui_tutorial']) retrieved from /home/airflow/.local/lib/python3.7/site-packages/airflow/example_dags/example_params_ui_tutorial.py
[2023-06-10T14:07:22.773+0000] {logging_mixin.py:149} INFO - [2023-06-10T14:07:22.772+0000] {dag.py:2726} INFO - Sync 1 DAGs
[2023-06-10T14:07:22.856+0000] {logging_mixin.py:149} INFO - [2023-06-10T14:07:22.856+0000] {dag.py:3490} INFO - Setting next_dagrun for example_params_ui_tutorial to None, run_after=None
[2023-06-10T14:07:22.899+0000] {processor.py:179} INFO - Processing /home/airflow/.local/lib/python3.7/site-packages/airflow/example_dags/example_params_ui_tutorial.py took 0.725 seconds
[2023-06-10T14:07:53.240+0000] {processor.py:157} INFO - Started process (PID=248) to work on /home/airflow/.local/lib/python3.7/site-packages/airflow/example_dags/example_params_ui_tutorial.py
[2023-06-10T14:07:53.242+0000] {processor.py:826} INFO - Processing file /home/airflow/.local/lib/python3.7/site-packages/airflow/example_dags/example_params_ui_tutorial.py for tasks to queue
[2023-06-10T14:07:53.245+0000] {logging_mixin.py:149} INFO - [2023-06-10T14:07:53.245+0000] {dagbag.py:541} INFO - Filling up the DagBag from /home/airflow/.local/lib/python3.7/site-packages/airflow/example_dags/example_params_ui_tutorial.py
[2023-06-10T14:07:53.350+0000] {processor.py:836} INFO - DAG(s) dict_keys(['example_params_ui_tutorial']) retrieved from /home/airflow/.local/lib/python3.7/site-packages/airflow/example_dags/example_params_ui_tutorial.py
[2023-06-10T14:07:53.531+0000] {logging_mixin.py:149} INFO - [2023-06-10T14:07:53.531+0000] {dag.py:2726} INFO - Sync 1 DAGs
[2023-06-10T14:07:53.606+0000] {logging_mixin.py:149} INFO - [2023-06-10T14:07:53.606+0000] {dag.py:3490} INFO - Setting next_dagrun for example_params_ui_tutorial to None, run_after=None
[2023-06-10T14:07:53.645+0000] {processor.py:179} INFO - Processing /home/airflow/.local/lib/python3.7/site-packages/airflow/example_dags/example_params_ui_tutorial.py took 0.414 seconds
[2023-06-10T14:08:24.687+0000] {processor.py:157} INFO - Started process (PID=299) to work on /home/airflow/.local/lib/python3.7/site-packages/airflow/example_dags/example_params_ui_tutorial.py
[2023-06-10T14:08:24.695+0000] {processor.py:826} INFO - Processing file /home/airflow/.local/lib/python3.7/site-packages/airflow/example_dags/example_params_ui_tutorial.py for tasks to queue
[2023-06-10T14:08:24.697+0000] {logging_mixin.py:149} INFO - [2023-06-10T14:08:24.697+0000] {dagbag.py:541} INFO - Filling up the DagBag from /home/airflow/.local/lib/python3.7/site-packages/airflow/example_dags/example_params_ui_tutorial.py
[2023-06-10T14:08:24.883+0000] {processor.py:836} INFO - DAG(s) dict_keys(['example_params_ui_tutorial']) retrieved from /home/airflow/.local/lib/python3.7/site-packages/airflow/example_dags/example_params_ui_tutorial.py
[2023-06-10T14:08:25.193+0000] {logging_mixin.py:149} INFO - [2023-06-10T14:08:25.193+0000] {dag.py:2726} INFO - Sync 1 DAGs
[2023-06-10T14:08:25.272+0000] {logging_mixin.py:149} INFO - [2023-06-10T14:08:25.272+0000] {dag.py:3490} INFO - Setting next_dagrun for example_params_ui_tutorial to None, run_after=None
[2023-06-10T14:08:25.336+0000] {processor.py:179} INFO - Processing /home/airflow/.local/lib/python3.7/site-packages/airflow/example_dags/example_params_ui_tutorial.py took 0.667 seconds
[2023-06-10T14:08:55.586+0000] {processor.py:157} INFO - Started process (PID=355) to work on /home/airflow/.local/lib/python3.7/site-packages/airflow/example_dags/example_params_ui_tutorial.py
[2023-06-10T14:08:55.588+0000] {processor.py:826} INFO - Processing file /home/airflow/.local/lib/python3.7/site-packages/airflow/example_dags/example_params_ui_tutorial.py for tasks to queue
[2023-06-10T14:08:55.590+0000] {logging_mixin.py:149} INFO - [2023-06-10T14:08:55.590+0000] {dagbag.py:541} INFO - Filling up the DagBag from /home/airflow/.local/lib/python3.7/site-packages/airflow/example_dags/example_params_ui_tutorial.py
[2023-06-10T14:08:55.721+0000] {processor.py:836} INFO - DAG(s) dict_keys(['example_params_ui_tutorial']) retrieved from /home/airflow/.local/lib/python3.7/site-packages/airflow/example_dags/example_params_ui_tutorial.py
[2023-06-10T14:08:55.753+0000] {logging_mixin.py:149} INFO - [2023-06-10T14:08:55.753+0000] {dag.py:2726} INFO - Sync 1 DAGs
[2023-06-10T14:08:55.831+0000] {logging_mixin.py:149} INFO - [2023-06-10T14:08:55.831+0000] {dag.py:3490} INFO - Setting next_dagrun for example_params_ui_tutorial to None, run_after=None
[2023-06-10T14:08:55.893+0000] {processor.py:179} INFO - Processing /home/airflow/.local/lib/python3.7/site-packages/airflow/example_dags/example_params_ui_tutorial.py took 0.315 seconds
[2023-06-10T14:09:26.110+0000] {processor.py:157} INFO - Started process (PID=408) to work on /home/airflow/.local/lib/python3.7/site-packages/airflow/example_dags/example_params_ui_tutorial.py
[2023-06-10T14:09:26.111+0000] {processor.py:826} INFO - Processing file /home/airflow/.local/lib/python3.7/site-packages/airflow/example_dags/example_params_ui_tutorial.py for tasks to queue
[2023-06-10T14:09:26.113+0000] {logging_mixin.py:149} INFO - [2023-06-10T14:09:26.112+0000] {dagbag.py:541} INFO - Filling up the DagBag from /home/airflow/.local/lib/python3.7/site-packages/airflow/example_dags/example_params_ui_tutorial.py
[2023-06-10T14:09:26.224+0000] {processor.py:836} INFO - DAG(s) dict_keys(['example_params_ui_tutorial']) retrieved from /home/airflow/.local/lib/python3.7/site-packages/airflow/example_dags/example_params_ui_tutorial.py
[2023-06-10T14:09:26.398+0000] {logging_mixin.py:149} INFO - [2023-06-10T14:09:26.398+0000] {dag.py:2726} INFO - Sync 1 DAGs
[2023-06-10T14:09:26.468+0000] {logging_mixin.py:149} INFO - [2023-06-10T14:09:26.467+0000] {dag.py:3490} INFO - Setting next_dagrun for example_params_ui_tutorial to None, run_after=None
[2023-06-10T14:09:26.503+0000] {processor.py:179} INFO - Processing /home/airflow/.local/lib/python3.7/site-packages/airflow/example_dags/example_params_ui_tutorial.py took 0.401 seconds
[2023-06-10T14:09:56.625+0000] {processor.py:157} INFO - Started process (PID=463) to work on /home/airflow/.local/lib/python3.7/site-packages/airflow/example_dags/example_params_ui_tutorial.py
[2023-06-10T14:09:56.627+0000] {processor.py:826} INFO - Processing file /home/airflow/.local/lib/python3.7/site-packages/airflow/example_dags/example_params_ui_tutorial.py for tasks to queue
[2023-06-10T14:09:56.628+0000] {logging_mixin.py:149} INFO - [2023-06-10T14:09:56.628+0000] {dagbag.py:541} INFO - Filling up the DagBag from /home/airflow/.local/lib/python3.7/site-packages/airflow/example_dags/example_params_ui_tutorial.py
[2023-06-10T14:09:56.719+0000] {processor.py:836} INFO - DAG(s) dict_keys(['example_params_ui_tutorial']) retrieved from /home/airflow/.local/lib/python3.7/site-packages/airflow/example_dags/example_params_ui_tutorial.py
[2023-06-10T14:09:56.887+0000] {logging_mixin.py:149} INFO - [2023-06-10T14:09:56.887+0000] {dag.py:2726} INFO - Sync 1 DAGs
[2023-06-10T14:09:56.945+0000] {logging_mixin.py:149} INFO - [2023-06-10T14:09:56.944+0000] {dag.py:3490} INFO - Setting next_dagrun for example_params_ui_tutorial to None, run_after=None
[2023-06-10T14:09:56.986+0000] {processor.py:179} INFO - Processing /home/airflow/.local/lib/python3.7/site-packages/airflow/example_dags/example_params_ui_tutorial.py took 0.367 seconds
[2023-06-10T14:10:27.990+0000] {processor.py:157} INFO - Started process (PID=520) to work on /home/airflow/.local/lib/python3.7/site-packages/airflow/example_dags/example_params_ui_tutorial.py
[2023-06-10T14:10:27.992+0000] {processor.py:826} INFO - Processing file /home/airflow/.local/lib/python3.7/site-packages/airflow/example_dags/example_params_ui_tutorial.py for tasks to queue
[2023-06-10T14:10:27.994+0000] {logging_mixin.py:149} INFO - [2023-06-10T14:10:27.994+0000] {dagbag.py:541} INFO - Filling up the DagBag from /home/airflow/.local/lib/python3.7/site-packages/airflow/example_dags/example_params_ui_tutorial.py
[2023-06-10T14:10:28.119+0000] {processor.py:836} INFO - DAG(s) dict_keys(['example_params_ui_tutorial']) retrieved from /home/airflow/.local/lib/python3.7/site-packages/airflow/example_dags/example_params_ui_tutorial.py
[2023-06-10T14:10:28.486+0000] {logging_mixin.py:149} INFO - [2023-06-10T14:10:28.485+0000] {dag.py:2726} INFO - Sync 1 DAGs
[2023-06-10T14:10:28.585+0000] {logging_mixin.py:149} INFO - [2023-06-10T14:10:28.585+0000] {dag.py:3490} INFO - Setting next_dagrun for example_params_ui_tutorial to None, run_after=None
[2023-06-10T14:10:28.640+0000] {processor.py:179} INFO - Processing /home/airflow/.local/lib/python3.7/site-packages/airflow/example_dags/example_params_ui_tutorial.py took 0.658 seconds
[2023-06-10T14:10:58.697+0000] {processor.py:157} INFO - Started process (PID=581) to work on /home/airflow/.local/lib/python3.7/site-packages/airflow/example_dags/example_params_ui_tutorial.py
[2023-06-10T14:10:58.700+0000] {processor.py:826} INFO - Processing file /home/airflow/.local/lib/python3.7/site-packages/airflow/example_dags/example_params_ui_tutorial.py for tasks to queue
[2023-06-10T14:10:58.701+0000] {logging_mixin.py:149} INFO - [2023-06-10T14:10:58.701+0000] {dagbag.py:541} INFO - Filling up the DagBag from /home/airflow/.local/lib/python3.7/site-packages/airflow/example_dags/example_params_ui_tutorial.py
[2023-06-10T14:10:58.830+0000] {processor.py:836} INFO - DAG(s) dict_keys(['example_params_ui_tutorial']) retrieved from /home/airflow/.local/lib/python3.7/site-packages/airflow/example_dags/example_params_ui_tutorial.py
[2023-06-10T14:10:59.020+0000] {logging_mixin.py:149} INFO - [2023-06-10T14:10:59.019+0000] {dag.py:2726} INFO - Sync 1 DAGs
[2023-06-10T14:10:59.087+0000] {logging_mixin.py:149} INFO - [2023-06-10T14:10:59.086+0000] {dag.py:3490} INFO - Setting next_dagrun for example_params_ui_tutorial to None, run_after=None
[2023-06-10T14:10:59.140+0000] {processor.py:179} INFO - Processing /home/airflow/.local/lib/python3.7/site-packages/airflow/example_dags/example_params_ui_tutorial.py took 0.451 seconds
[2023-06-10T14:11:29.765+0000] {processor.py:157} INFO - Started process (PID=637) to work on /home/airflow/.local/lib/python3.7/site-packages/airflow/example_dags/example_params_ui_tutorial.py
[2023-06-10T14:11:29.774+0000] {processor.py:826} INFO - Processing file /home/airflow/.local/lib/python3.7/site-packages/airflow/example_dags/example_params_ui_tutorial.py for tasks to queue
[2023-06-10T14:11:29.775+0000] {logging_mixin.py:149} INFO - [2023-06-10T14:11:29.775+0000] {dagbag.py:541} INFO - Filling up the DagBag from /home/airflow/.local/lib/python3.7/site-packages/airflow/example_dags/example_params_ui_tutorial.py
[2023-06-10T14:11:29.889+0000] {processor.py:836} INFO - DAG(s) dict_keys(['example_params_ui_tutorial']) retrieved from /home/airflow/.local/lib/python3.7/site-packages/airflow/example_dags/example_params_ui_tutorial.py
[2023-06-10T14:11:29.909+0000] {logging_mixin.py:149} INFO - [2023-06-10T14:11:29.908+0000] {dag.py:2726} INFO - Sync 1 DAGs
[2023-06-10T14:11:29.980+0000] {logging_mixin.py:149} INFO - [2023-06-10T14:11:29.980+0000] {dag.py:3490} INFO - Setting next_dagrun for example_params_ui_tutorial to None, run_after=None
[2023-06-10T14:11:30.069+0000] {processor.py:179} INFO - Processing /home/airflow/.local/lib/python3.7/site-packages/airflow/example_dags/example_params_ui_tutorial.py took 0.316 seconds
[2023-06-10T14:12:00.731+0000] {processor.py:157} INFO - Started process (PID=692) to work on /home/airflow/.local/lib/python3.7/site-packages/airflow/example_dags/example_params_ui_tutorial.py
[2023-06-10T14:12:00.733+0000] {processor.py:826} INFO - Processing file /home/airflow/.local/lib/python3.7/site-packages/airflow/example_dags/example_params_ui_tutorial.py for tasks to queue
[2023-06-10T14:12:00.735+0000] {logging_mixin.py:149} INFO - [2023-06-10T14:12:00.735+0000] {dagbag.py:541} INFO - Filling up the DagBag from /home/airflow/.local/lib/python3.7/site-packages/airflow/example_dags/example_params_ui_tutorial.py
[2023-06-10T14:12:00.848+0000] {processor.py:836} INFO - DAG(s) dict_keys(['example_params_ui_tutorial']) retrieved from /home/airflow/.local/lib/python3.7/site-packages/airflow/example_dags/example_params_ui_tutorial.py
[2023-06-10T14:12:01.026+0000] {logging_mixin.py:149} INFO - [2023-06-10T14:12:01.026+0000] {dag.py:2726} INFO - Sync 1 DAGs
[2023-06-10T14:12:01.091+0000] {logging_mixin.py:149} INFO - [2023-06-10T14:12:01.090+0000] {dag.py:3490} INFO - Setting next_dagrun for example_params_ui_tutorial to None, run_after=None
[2023-06-10T14:12:01.139+0000] {processor.py:179} INFO - Processing /home/airflow/.local/lib/python3.7/site-packages/airflow/example_dags/example_params_ui_tutorial.py took 0.417 seconds
[2023-06-10T14:12:31.486+0000] {processor.py:157} INFO - Started process (PID=747) to work on /home/airflow/.local/lib/python3.7/site-packages/airflow/example_dags/example_params_ui_tutorial.py
[2023-06-10T14:12:31.487+0000] {processor.py:826} INFO - Processing file /home/airflow/.local/lib/python3.7/site-packages/airflow/example_dags/example_params_ui_tutorial.py for tasks to queue
[2023-06-10T14:12:31.489+0000] {logging_mixin.py:149} INFO - [2023-06-10T14:12:31.488+0000] {dagbag.py:541} INFO - Filling up the DagBag from /home/airflow/.local/lib/python3.7/site-packages/airflow/example_dags/example_params_ui_tutorial.py
[2023-06-10T14:12:31.603+0000] {processor.py:836} INFO - DAG(s) dict_keys(['example_params_ui_tutorial']) retrieved from /home/airflow/.local/lib/python3.7/site-packages/airflow/example_dags/example_params_ui_tutorial.py
[2023-06-10T14:12:31.834+0000] {logging_mixin.py:149} INFO - [2023-06-10T14:12:31.834+0000] {dag.py:2726} INFO - Sync 1 DAGs
[2023-06-10T14:12:31.908+0000] {logging_mixin.py:149} INFO - [2023-06-10T14:12:31.907+0000] {dag.py:3490} INFO - Setting next_dagrun for example_params_ui_tutorial to None, run_after=None
[2023-06-10T14:12:31.954+0000] {processor.py:179} INFO - Processing /home/airflow/.local/lib/python3.7/site-packages/airflow/example_dags/example_params_ui_tutorial.py took 0.476 seconds
[2023-06-10T14:13:02.574+0000] {processor.py:157} INFO - Started process (PID=804) to work on /home/airflow/.local/lib/python3.7/site-packages/airflow/example_dags/example_params_ui_tutorial.py
[2023-06-10T14:13:02.577+0000] {processor.py:826} INFO - Processing file /home/airflow/.local/lib/python3.7/site-packages/airflow/example_dags/example_params_ui_tutorial.py for tasks to queue
[2023-06-10T14:13:02.579+0000] {logging_mixin.py:149} INFO - [2023-06-10T14:13:02.578+0000] {dagbag.py:541} INFO - Filling up the DagBag from /home/airflow/.local/lib/python3.7/site-packages/airflow/example_dags/example_params_ui_tutorial.py
[2023-06-10T14:13:02.827+0000] {processor.py:836} INFO - DAG(s) dict_keys(['example_params_ui_tutorial']) retrieved from /home/airflow/.local/lib/python3.7/site-packages/airflow/example_dags/example_params_ui_tutorial.py
[2023-06-10T14:13:03.022+0000] {logging_mixin.py:149} INFO - [2023-06-10T14:13:03.021+0000] {dag.py:2726} INFO - Sync 1 DAGs
[2023-06-10T14:13:03.089+0000] {logging_mixin.py:149} INFO - [2023-06-10T14:13:03.089+0000] {dag.py:3490} INFO - Setting next_dagrun for example_params_ui_tutorial to None, run_after=None
[2023-06-10T14:13:03.145+0000] {processor.py:179} INFO - Processing /home/airflow/.local/lib/python3.7/site-packages/airflow/example_dags/example_params_ui_tutorial.py took 0.578 seconds
[2023-06-10T14:13:34.392+0000] {processor.py:157} INFO - Started process (PID=862) to work on /home/airflow/.local/lib/python3.7/site-packages/airflow/example_dags/example_params_ui_tutorial.py
[2023-06-10T14:13:34.394+0000] {processor.py:826} INFO - Processing file /home/airflow/.local/lib/python3.7/site-packages/airflow/example_dags/example_params_ui_tutorial.py for tasks to queue
[2023-06-10T14:13:34.395+0000] {logging_mixin.py:149} INFO - [2023-06-10T14:13:34.395+0000] {dagbag.py:541} INFO - Filling up the DagBag from /home/airflow/.local/lib/python3.7/site-packages/airflow/example_dags/example_params_ui_tutorial.py
[2023-06-10T14:13:34.604+0000] {processor.py:836} INFO - DAG(s) dict_keys(['example_params_ui_tutorial']) retrieved from /home/airflow/.local/lib/python3.7/site-packages/airflow/example_dags/example_params_ui_tutorial.py
[2023-06-10T14:13:34.629+0000] {logging_mixin.py:149} INFO - [2023-06-10T14:13:34.629+0000] {dag.py:2726} INFO - Sync 1 DAGs
[2023-06-10T14:13:34.698+0000] {logging_mixin.py:149} INFO - [2023-06-10T14:13:34.698+0000] {dag.py:3490} INFO - Setting next_dagrun for example_params_ui_tutorial to None, run_after=None
[2023-06-10T14:13:34.753+0000] {processor.py:179} INFO - Processing /home/airflow/.local/lib/python3.7/site-packages/airflow/example_dags/example_params_ui_tutorial.py took 0.368 seconds
[2023-06-10T14:14:05.437+0000] {processor.py:157} INFO - Started process (PID=916) to work on /home/airflow/.local/lib/python3.7/site-packages/airflow/example_dags/example_params_ui_tutorial.py
[2023-06-10T14:14:05.442+0000] {processor.py:826} INFO - Processing file /home/airflow/.local/lib/python3.7/site-packages/airflow/example_dags/example_params_ui_tutorial.py for tasks to queue
[2023-06-10T14:14:05.444+0000] {logging_mixin.py:149} INFO - [2023-06-10T14:14:05.443+0000] {dagbag.py:541} INFO - Filling up the DagBag from /home/airflow/.local/lib/python3.7/site-packages/airflow/example_dags/example_params_ui_tutorial.py
[2023-06-10T14:14:05.585+0000] {processor.py:836} INFO - DAG(s) dict_keys(['example_params_ui_tutorial']) retrieved from /home/airflow/.local/lib/python3.7/site-packages/airflow/example_dags/example_params_ui_tutorial.py
[2023-06-10T14:14:05.796+0000] {logging_mixin.py:149} INFO - [2023-06-10T14:14:05.795+0000] {dag.py:2726} INFO - Sync 1 DAGs
[2023-06-10T14:14:05.856+0000] {logging_mixin.py:149} INFO - [2023-06-10T14:14:05.855+0000] {dag.py:3490} INFO - Setting next_dagrun for example_params_ui_tutorial to None, run_after=None
[2023-06-10T14:14:05.899+0000] {processor.py:179} INFO - Processing /home/airflow/.local/lib/python3.7/site-packages/airflow/example_dags/example_params_ui_tutorial.py took 0.479 seconds
[2023-06-10T14:14:36.459+0000] {processor.py:157} INFO - Started process (PID=971) to work on /home/airflow/.local/lib/python3.7/site-packages/airflow/example_dags/example_params_ui_tutorial.py
[2023-06-10T14:14:36.463+0000] {processor.py:826} INFO - Processing file /home/airflow/.local/lib/python3.7/site-packages/airflow/example_dags/example_params_ui_tutorial.py for tasks to queue
[2023-06-10T14:14:36.465+0000] {logging_mixin.py:149} INFO - [2023-06-10T14:14:36.465+0000] {dagbag.py:541} INFO - Filling up the DagBag from /home/airflow/.local/lib/python3.7/site-packages/airflow/example_dags/example_params_ui_tutorial.py
[2023-06-10T14:14:36.659+0000] {processor.py:836} INFO - DAG(s) dict_keys(['example_params_ui_tutorial']) retrieved from /home/airflow/.local/lib/python3.7/site-packages/airflow/example_dags/example_params_ui_tutorial.py
[2023-06-10T14:14:36.821+0000] {logging_mixin.py:149} INFO - [2023-06-10T14:14:36.820+0000] {dag.py:2726} INFO - Sync 1 DAGs
[2023-06-10T14:14:36.880+0000] {logging_mixin.py:149} INFO - [2023-06-10T14:14:36.880+0000] {dag.py:3490} INFO - Setting next_dagrun for example_params_ui_tutorial to None, run_after=None
[2023-06-10T14:14:36.919+0000] {processor.py:179} INFO - Processing /home/airflow/.local/lib/python3.7/site-packages/airflow/example_dags/example_params_ui_tutorial.py took 0.471 seconds
[2023-06-10T14:15:08.291+0000] {processor.py:157} INFO - Started process (PID=1030) to work on /home/airflow/.local/lib/python3.7/site-packages/airflow/example_dags/example_params_ui_tutorial.py
[2023-06-10T14:15:08.293+0000] {processor.py:826} INFO - Processing file /home/airflow/.local/lib/python3.7/site-packages/airflow/example_dags/example_params_ui_tutorial.py for tasks to queue
[2023-06-10T14:15:08.295+0000] {logging_mixin.py:149} INFO - [2023-06-10T14:15:08.294+0000] {dagbag.py:541} INFO - Filling up the DagBag from /home/airflow/.local/lib/python3.7/site-packages/airflow/example_dags/example_params_ui_tutorial.py
[2023-06-10T14:15:08.441+0000] {processor.py:836} INFO - DAG(s) dict_keys(['example_params_ui_tutorial']) retrieved from /home/airflow/.local/lib/python3.7/site-packages/airflow/example_dags/example_params_ui_tutorial.py
[2023-06-10T14:15:08.646+0000] {logging_mixin.py:149} INFO - [2023-06-10T14:15:08.645+0000] {dag.py:2726} INFO - Sync 1 DAGs
[2023-06-10T14:15:08.775+0000] {logging_mixin.py:149} INFO - [2023-06-10T14:15:08.775+0000] {dag.py:3490} INFO - Setting next_dagrun for example_params_ui_tutorial to None, run_after=None
[2023-06-10T14:15:08.886+0000] {processor.py:179} INFO - Processing /home/airflow/.local/lib/python3.7/site-packages/airflow/example_dags/example_params_ui_tutorial.py took 0.604 seconds
[2023-06-10T14:15:39.285+0000] {processor.py:157} INFO - Started process (PID=1085) to work on /home/airflow/.local/lib/python3.7/site-packages/airflow/example_dags/example_params_ui_tutorial.py
[2023-06-10T14:15:39.287+0000] {processor.py:826} INFO - Processing file /home/airflow/.local/lib/python3.7/site-packages/airflow/example_dags/example_params_ui_tutorial.py for tasks to queue
[2023-06-10T14:15:39.288+0000] {logging_mixin.py:149} INFO - [2023-06-10T14:15:39.288+0000] {dagbag.py:541} INFO - Filling up the DagBag from /home/airflow/.local/lib/python3.7/site-packages/airflow/example_dags/example_params_ui_tutorial.py
[2023-06-10T14:15:39.390+0000] {processor.py:836} INFO - DAG(s) dict_keys(['example_params_ui_tutorial']) retrieved from /home/airflow/.local/lib/python3.7/site-packages/airflow/example_dags/example_params_ui_tutorial.py
[2023-06-10T14:15:39.536+0000] {logging_mixin.py:149} INFO - [2023-06-10T14:15:39.536+0000] {dag.py:2726} INFO - Sync 1 DAGs
[2023-06-10T14:15:39.599+0000] {logging_mixin.py:149} INFO - [2023-06-10T14:15:39.599+0000] {dag.py:3490} INFO - Setting next_dagrun for example_params_ui_tutorial to None, run_after=None
[2023-06-10T14:15:39.634+0000] {processor.py:179} INFO - Processing /home/airflow/.local/lib/python3.7/site-packages/airflow/example_dags/example_params_ui_tutorial.py took 0.355 seconds
[2023-06-10T14:16:10.023+0000] {processor.py:157} INFO - Started process (PID=1141) to work on /home/airflow/.local/lib/python3.7/site-packages/airflow/example_dags/example_params_ui_tutorial.py
[2023-06-10T14:16:10.026+0000] {processor.py:826} INFO - Processing file /home/airflow/.local/lib/python3.7/site-packages/airflow/example_dags/example_params_ui_tutorial.py for tasks to queue
[2023-06-10T14:16:10.027+0000] {logging_mixin.py:149} INFO - [2023-06-10T14:16:10.027+0000] {dagbag.py:541} INFO - Filling up the DagBag from /home/airflow/.local/lib/python3.7/site-packages/airflow/example_dags/example_params_ui_tutorial.py
[2023-06-10T14:16:10.120+0000] {processor.py:836} INFO - DAG(s) dict_keys(['example_params_ui_tutorial']) retrieved from /home/airflow/.local/lib/python3.7/site-packages/airflow/example_dags/example_params_ui_tutorial.py
[2023-06-10T14:16:10.272+0000] {logging_mixin.py:149} INFO - [2023-06-10T14:16:10.272+0000] {dag.py:2726} INFO - Sync 1 DAGs
[2023-06-10T14:16:10.326+0000] {logging_mixin.py:149} INFO - [2023-06-10T14:16:10.325+0000] {dag.py:3490} INFO - Setting next_dagrun for example_params_ui_tutorial to None, run_after=None
[2023-06-10T14:16:10.362+0000] {processor.py:179} INFO - Processing /home/airflow/.local/lib/python3.7/site-packages/airflow/example_dags/example_params_ui_tutorial.py took 0.344 seconds
[2023-06-10T14:16:41.316+0000] {processor.py:157} INFO - Started process (PID=1197) to work on /home/airflow/.local/lib/python3.7/site-packages/airflow/example_dags/example_params_ui_tutorial.py
[2023-06-10T14:16:41.318+0000] {processor.py:826} INFO - Processing file /home/airflow/.local/lib/python3.7/site-packages/airflow/example_dags/example_params_ui_tutorial.py for tasks to queue
[2023-06-10T14:16:41.319+0000] {logging_mixin.py:149} INFO - [2023-06-10T14:16:41.319+0000] {dagbag.py:541} INFO - Filling up the DagBag from /home/airflow/.local/lib/python3.7/site-packages/airflow/example_dags/example_params_ui_tutorial.py
[2023-06-10T14:16:41.460+0000] {processor.py:836} INFO - DAG(s) dict_keys(['example_params_ui_tutorial']) retrieved from /home/airflow/.local/lib/python3.7/site-packages/airflow/example_dags/example_params_ui_tutorial.py
[2023-06-10T14:16:41.678+0000] {logging_mixin.py:149} INFO - [2023-06-10T14:16:41.678+0000] {dag.py:2726} INFO - Sync 1 DAGs
[2023-06-10T14:16:41.746+0000] {logging_mixin.py:149} INFO - [2023-06-10T14:16:41.746+0000] {dag.py:3490} INFO - Setting next_dagrun for example_params_ui_tutorial to None, run_after=None
[2023-06-10T14:16:41.787+0000] {processor.py:179} INFO - Processing /home/airflow/.local/lib/python3.7/site-packages/airflow/example_dags/example_params_ui_tutorial.py took 0.480 seconds
[2023-06-10T14:27:36.723+0000] {processor.py:157} INFO - Started process (PID=85) to work on /home/airflow/.local/lib/python3.7/site-packages/airflow/example_dags/example_params_ui_tutorial.py
[2023-06-10T14:27:36.727+0000] {processor.py:826} INFO - Processing file /home/airflow/.local/lib/python3.7/site-packages/airflow/example_dags/example_params_ui_tutorial.py for tasks to queue
[2023-06-10T14:27:36.728+0000] {logging_mixin.py:149} INFO - [2023-06-10T14:27:36.728+0000] {dagbag.py:541} INFO - Filling up the DagBag from /home/airflow/.local/lib/python3.7/site-packages/airflow/example_dags/example_params_ui_tutorial.py
[2023-06-10T14:27:36.983+0000] {processor.py:836} INFO - DAG(s) dict_keys(['example_params_ui_tutorial']) retrieved from /home/airflow/.local/lib/python3.7/site-packages/airflow/example_dags/example_params_ui_tutorial.py
[2023-06-10T14:27:37.201+0000] {logging_mixin.py:149} INFO - [2023-06-10T14:27:37.201+0000] {dag.py:2726} INFO - Sync 1 DAGs
[2023-06-10T14:27:37.282+0000] {logging_mixin.py:149} INFO - [2023-06-10T14:27:37.281+0000] {dag.py:3490} INFO - Setting next_dagrun for example_params_ui_tutorial to None, run_after=None
[2023-06-10T14:27:37.332+0000] {processor.py:179} INFO - Processing /home/airflow/.local/lib/python3.7/site-packages/airflow/example_dags/example_params_ui_tutorial.py took 0.616 seconds
[2023-06-10T14:28:11.757+0000] {processor.py:157} INFO - Started process (PID=140) to work on /home/airflow/.local/lib/python3.7/site-packages/airflow/example_dags/example_params_ui_tutorial.py
[2023-06-10T14:28:11.770+0000] {processor.py:826} INFO - Processing file /home/airflow/.local/lib/python3.7/site-packages/airflow/example_dags/example_params_ui_tutorial.py for tasks to queue
[2023-06-10T14:28:11.772+0000] {logging_mixin.py:149} INFO - [2023-06-10T14:28:11.772+0000] {dagbag.py:541} INFO - Filling up the DagBag from /home/airflow/.local/lib/python3.7/site-packages/airflow/example_dags/example_params_ui_tutorial.py
[2023-06-10T14:28:11.971+0000] {processor.py:836} INFO - DAG(s) dict_keys(['example_params_ui_tutorial']) retrieved from /home/airflow/.local/lib/python3.7/site-packages/airflow/example_dags/example_params_ui_tutorial.py
[2023-06-10T14:28:12.792+0000] {logging_mixin.py:149} INFO - [2023-06-10T14:28:12.791+0000] {dag.py:2726} INFO - Sync 1 DAGs
[2023-06-10T14:28:13.193+0000] {logging_mixin.py:149} INFO - [2023-06-10T14:28:13.192+0000] {dag.py:3490} INFO - Setting next_dagrun for example_params_ui_tutorial to None, run_after=None
[2023-06-10T14:28:13.396+0000] {processor.py:179} INFO - Processing /home/airflow/.local/lib/python3.7/site-packages/airflow/example_dags/example_params_ui_tutorial.py took 1.673 seconds
[2023-06-10T14:28:43.790+0000] {processor.py:157} INFO - Started process (PID=196) to work on /home/airflow/.local/lib/python3.7/site-packages/airflow/example_dags/example_params_ui_tutorial.py
[2023-06-10T14:28:43.793+0000] {processor.py:826} INFO - Processing file /home/airflow/.local/lib/python3.7/site-packages/airflow/example_dags/example_params_ui_tutorial.py for tasks to queue
[2023-06-10T14:28:43.795+0000] {logging_mixin.py:149} INFO - [2023-06-10T14:28:43.794+0000] {dagbag.py:541} INFO - Filling up the DagBag from /home/airflow/.local/lib/python3.7/site-packages/airflow/example_dags/example_params_ui_tutorial.py
[2023-06-10T14:28:43.978+0000] {processor.py:836} INFO - DAG(s) dict_keys(['example_params_ui_tutorial']) retrieved from /home/airflow/.local/lib/python3.7/site-packages/airflow/example_dags/example_params_ui_tutorial.py
[2023-06-10T14:28:44.271+0000] {logging_mixin.py:149} INFO - [2023-06-10T14:28:44.270+0000] {dag.py:2726} INFO - Sync 1 DAGs
[2023-06-10T14:28:44.395+0000] {logging_mixin.py:149} INFO - [2023-06-10T14:28:44.395+0000] {dag.py:3490} INFO - Setting next_dagrun for example_params_ui_tutorial to None, run_after=None
[2023-06-10T14:28:44.547+0000] {processor.py:179} INFO - Processing /home/airflow/.local/lib/python3.7/site-packages/airflow/example_dags/example_params_ui_tutorial.py took 0.769 seconds
[2023-06-10T14:29:14.720+0000] {processor.py:157} INFO - Started process (PID=251) to work on /home/airflow/.local/lib/python3.7/site-packages/airflow/example_dags/example_params_ui_tutorial.py
[2023-06-10T14:29:14.721+0000] {processor.py:826} INFO - Processing file /home/airflow/.local/lib/python3.7/site-packages/airflow/example_dags/example_params_ui_tutorial.py for tasks to queue
[2023-06-10T14:29:14.722+0000] {logging_mixin.py:149} INFO - [2023-06-10T14:29:14.722+0000] {dagbag.py:541} INFO - Filling up the DagBag from /home/airflow/.local/lib/python3.7/site-packages/airflow/example_dags/example_params_ui_tutorial.py
[2023-06-10T14:29:14.874+0000] {processor.py:836} INFO - DAG(s) dict_keys(['example_params_ui_tutorial']) retrieved from /home/airflow/.local/lib/python3.7/site-packages/airflow/example_dags/example_params_ui_tutorial.py
[2023-06-10T14:29:15.261+0000] {logging_mixin.py:149} INFO - [2023-06-10T14:29:15.260+0000] {dag.py:2726} INFO - Sync 1 DAGs
[2023-06-10T14:29:15.386+0000] {logging_mixin.py:149} INFO - [2023-06-10T14:29:15.385+0000] {dag.py:3490} INFO - Setting next_dagrun for example_params_ui_tutorial to None, run_after=None
[2023-06-10T14:29:15.445+0000] {processor.py:179} INFO - Processing /home/airflow/.local/lib/python3.7/site-packages/airflow/example_dags/example_params_ui_tutorial.py took 0.732 seconds
[2023-06-10T14:29:47.749+0000] {processor.py:157} INFO - Started process (PID=305) to work on /home/airflow/.local/lib/python3.7/site-packages/airflow/example_dags/example_params_ui_tutorial.py
[2023-06-10T14:29:47.753+0000] {processor.py:826} INFO - Processing file /home/airflow/.local/lib/python3.7/site-packages/airflow/example_dags/example_params_ui_tutorial.py for tasks to queue
[2023-06-10T14:29:47.758+0000] {logging_mixin.py:149} INFO - [2023-06-10T14:29:47.756+0000] {dagbag.py:541} INFO - Filling up the DagBag from /home/airflow/.local/lib/python3.7/site-packages/airflow/example_dags/example_params_ui_tutorial.py
[2023-06-10T14:29:48.173+0000] {processor.py:836} INFO - DAG(s) dict_keys(['example_params_ui_tutorial']) retrieved from /home/airflow/.local/lib/python3.7/site-packages/airflow/example_dags/example_params_ui_tutorial.py
[2023-06-10T14:29:48.634+0000] {logging_mixin.py:149} INFO - [2023-06-10T14:29:48.634+0000] {dag.py:2726} INFO - Sync 1 DAGs
[2023-06-10T14:29:48.804+0000] {logging_mixin.py:149} INFO - [2023-06-10T14:29:48.804+0000] {dag.py:3490} INFO - Setting next_dagrun for example_params_ui_tutorial to None, run_after=None
[2023-06-10T14:29:48.931+0000] {processor.py:179} INFO - Processing /home/airflow/.local/lib/python3.7/site-packages/airflow/example_dags/example_params_ui_tutorial.py took 1.200 seconds
[2023-06-10T14:30:19.816+0000] {processor.py:157} INFO - Started process (PID=362) to work on /home/airflow/.local/lib/python3.7/site-packages/airflow/example_dags/example_params_ui_tutorial.py
[2023-06-10T14:30:19.818+0000] {processor.py:826} INFO - Processing file /home/airflow/.local/lib/python3.7/site-packages/airflow/example_dags/example_params_ui_tutorial.py for tasks to queue
[2023-06-10T14:30:19.819+0000] {logging_mixin.py:149} INFO - [2023-06-10T14:30:19.819+0000] {dagbag.py:541} INFO - Filling up the DagBag from /home/airflow/.local/lib/python3.7/site-packages/airflow/example_dags/example_params_ui_tutorial.py
[2023-06-10T14:30:19.925+0000] {processor.py:836} INFO - DAG(s) dict_keys(['example_params_ui_tutorial']) retrieved from /home/airflow/.local/lib/python3.7/site-packages/airflow/example_dags/example_params_ui_tutorial.py
[2023-06-10T14:30:20.139+0000] {logging_mixin.py:149} INFO - [2023-06-10T14:30:20.139+0000] {dag.py:2726} INFO - Sync 1 DAGs
[2023-06-10T14:30:20.195+0000] {logging_mixin.py:149} INFO - [2023-06-10T14:30:20.195+0000] {dag.py:3490} INFO - Setting next_dagrun for example_params_ui_tutorial to None, run_after=None
[2023-06-10T14:30:20.229+0000] {processor.py:179} INFO - Processing /home/airflow/.local/lib/python3.7/site-packages/airflow/example_dags/example_params_ui_tutorial.py took 0.422 seconds
[2023-06-10T14:30:51.131+0000] {processor.py:157} INFO - Started process (PID=420) to work on /home/airflow/.local/lib/python3.7/site-packages/airflow/example_dags/example_params_ui_tutorial.py
[2023-06-10T14:30:51.134+0000] {processor.py:826} INFO - Processing file /home/airflow/.local/lib/python3.7/site-packages/airflow/example_dags/example_params_ui_tutorial.py for tasks to queue
[2023-06-10T14:30:51.135+0000] {logging_mixin.py:149} INFO - [2023-06-10T14:30:51.135+0000] {dagbag.py:541} INFO - Filling up the DagBag from /home/airflow/.local/lib/python3.7/site-packages/airflow/example_dags/example_params_ui_tutorial.py
[2023-06-10T14:30:51.226+0000] {processor.py:836} INFO - DAG(s) dict_keys(['example_params_ui_tutorial']) retrieved from /home/airflow/.local/lib/python3.7/site-packages/airflow/example_dags/example_params_ui_tutorial.py
[2023-06-10T14:30:51.372+0000] {logging_mixin.py:149} INFO - [2023-06-10T14:30:51.372+0000] {dag.py:2726} INFO - Sync 1 DAGs
[2023-06-10T14:30:51.430+0000] {logging_mixin.py:149} INFO - [2023-06-10T14:30:51.430+0000] {dag.py:3490} INFO - Setting next_dagrun for example_params_ui_tutorial to None, run_after=None
[2023-06-10T14:30:51.467+0000] {processor.py:179} INFO - Processing /home/airflow/.local/lib/python3.7/site-packages/airflow/example_dags/example_params_ui_tutorial.py took 0.343 seconds
