[2023-06-10T14:05:55.624+0000] {processor.py:157} INFO - Started process (PID=47) to work on /home/airflow/.local/lib/python3.7/site-packages/airflow/example_dags/example_params_trigger_ui.py
[2023-06-10T14:05:55.633+0000] {processor.py:826} INFO - Processing file /home/airflow/.local/lib/python3.7/site-packages/airflow/example_dags/example_params_trigger_ui.py for tasks to queue
[2023-06-10T14:05:55.647+0000] {logging_mixin.py:149} INFO - [2023-06-10T14:05:55.646+0000] {dagbag.py:541} INFO - Filling up the DagBag from /home/airflow/.local/lib/python3.7/site-packages/airflow/example_dags/example_params_trigger_ui.py
[2023-06-10T14:05:55.822+0000] {processor.py:836} INFO - DAG(s) dict_keys(['example_params_trigger_ui']) retrieved from /home/airflow/.local/lib/python3.7/site-packages/airflow/example_dags/example_params_trigger_ui.py
[2023-06-10T14:05:56.346+0000] {logging_mixin.py:149} INFO - [2023-06-10T14:05:56.345+0000] {dag.py:2726} INFO - Sync 1 DAGs
[2023-06-10T14:05:56.665+0000] {logging_mixin.py:149} INFO - [2023-06-10T14:05:56.665+0000] {dag.py:3490} INFO - Setting next_dagrun for example_params_trigger_ui to None, run_after=None
[2023-06-10T14:05:56.912+0000] {processor.py:179} INFO - Processing /home/airflow/.local/lib/python3.7/site-packages/airflow/example_dags/example_params_trigger_ui.py took 1.317 seconds
[2023-06-10T14:06:27.163+0000] {processor.py:157} INFO - Started process (PID=102) to work on /home/airflow/.local/lib/python3.7/site-packages/airflow/example_dags/example_params_trigger_ui.py
[2023-06-10T14:06:27.167+0000] {processor.py:826} INFO - Processing file /home/airflow/.local/lib/python3.7/site-packages/airflow/example_dags/example_params_trigger_ui.py for tasks to queue
[2023-06-10T14:06:27.171+0000] {logging_mixin.py:149} INFO - [2023-06-10T14:06:27.170+0000] {dagbag.py:541} INFO - Filling up the DagBag from /home/airflow/.local/lib/python3.7/site-packages/airflow/example_dags/example_params_trigger_ui.py
[2023-06-10T14:06:27.307+0000] {processor.py:836} INFO - DAG(s) dict_keys(['example_params_trigger_ui']) retrieved from /home/airflow/.local/lib/python3.7/site-packages/airflow/example_dags/example_params_trigger_ui.py
[2023-06-10T14:06:27.564+0000] {logging_mixin.py:149} INFO - [2023-06-10T14:06:27.564+0000] {dag.py:2726} INFO - Sync 1 DAGs
[2023-06-10T14:06:27.651+0000] {logging_mixin.py:149} INFO - [2023-06-10T14:06:27.651+0000] {dag.py:3490} INFO - Setting next_dagrun for example_params_trigger_ui to None, run_after=None
[2023-06-10T14:06:27.694+0000] {processor.py:179} INFO - Processing /home/airflow/.local/lib/python3.7/site-packages/airflow/example_dags/example_params_trigger_ui.py took 0.556 seconds
[2023-06-10T14:06:57.929+0000] {processor.py:157} INFO - Started process (PID=157) to work on /home/airflow/.local/lib/python3.7/site-packages/airflow/example_dags/example_params_trigger_ui.py
[2023-06-10T14:06:57.930+0000] {processor.py:826} INFO - Processing file /home/airflow/.local/lib/python3.7/site-packages/airflow/example_dags/example_params_trigger_ui.py for tasks to queue
[2023-06-10T14:06:57.931+0000] {logging_mixin.py:149} INFO - [2023-06-10T14:06:57.931+0000] {dagbag.py:541} INFO - Filling up the DagBag from /home/airflow/.local/lib/python3.7/site-packages/airflow/example_dags/example_params_trigger_ui.py
[2023-06-10T14:06:57.974+0000] {processor.py:836} INFO - DAG(s) dict_keys(['example_params_trigger_ui']) retrieved from /home/airflow/.local/lib/python3.7/site-packages/airflow/example_dags/example_params_trigger_ui.py
[2023-06-10T14:06:58.170+0000] {logging_mixin.py:149} INFO - [2023-06-10T14:06:58.170+0000] {dag.py:2726} INFO - Sync 1 DAGs
[2023-06-10T14:06:58.224+0000] {logging_mixin.py:149} INFO - [2023-06-10T14:06:58.224+0000] {dag.py:3490} INFO - Setting next_dagrun for example_params_trigger_ui to None, run_after=None
[2023-06-10T14:06:58.262+0000] {processor.py:179} INFO - Processing /home/airflow/.local/lib/python3.7/site-packages/airflow/example_dags/example_params_trigger_ui.py took 0.341 seconds
[2023-06-10T14:07:28.622+0000] {processor.py:157} INFO - Started process (PID=212) to work on /home/airflow/.local/lib/python3.7/site-packages/airflow/example_dags/example_params_trigger_ui.py
[2023-06-10T14:07:28.625+0000] {processor.py:826} INFO - Processing file /home/airflow/.local/lib/python3.7/site-packages/airflow/example_dags/example_params_trigger_ui.py for tasks to queue
[2023-06-10T14:07:28.627+0000] {logging_mixin.py:149} INFO - [2023-06-10T14:07:28.627+0000] {dagbag.py:541} INFO - Filling up the DagBag from /home/airflow/.local/lib/python3.7/site-packages/airflow/example_dags/example_params_trigger_ui.py
[2023-06-10T14:07:28.755+0000] {processor.py:836} INFO - DAG(s) dict_keys(['example_params_trigger_ui']) retrieved from /home/airflow/.local/lib/python3.7/site-packages/airflow/example_dags/example_params_trigger_ui.py
[2023-06-10T14:07:29.217+0000] {logging_mixin.py:149} INFO - [2023-06-10T14:07:29.217+0000] {dag.py:2726} INFO - Sync 1 DAGs
[2023-06-10T14:07:29.367+0000] {logging_mixin.py:149} INFO - [2023-06-10T14:07:29.367+0000] {dag.py:3490} INFO - Setting next_dagrun for example_params_trigger_ui to None, run_after=None
[2023-06-10T14:07:29.429+0000] {processor.py:179} INFO - Processing /home/airflow/.local/lib/python3.7/site-packages/airflow/example_dags/example_params_trigger_ui.py took 0.820 seconds
[2023-06-10T14:07:59.951+0000] {processor.py:157} INFO - Started process (PID=267) to work on /home/airflow/.local/lib/python3.7/site-packages/airflow/example_dags/example_params_trigger_ui.py
[2023-06-10T14:07:59.953+0000] {processor.py:826} INFO - Processing file /home/airflow/.local/lib/python3.7/site-packages/airflow/example_dags/example_params_trigger_ui.py for tasks to queue
[2023-06-10T14:07:59.954+0000] {logging_mixin.py:149} INFO - [2023-06-10T14:07:59.954+0000] {dagbag.py:541} INFO - Filling up the DagBag from /home/airflow/.local/lib/python3.7/site-packages/airflow/example_dags/example_params_trigger_ui.py
[2023-06-10T14:08:00.032+0000] {processor.py:836} INFO - DAG(s) dict_keys(['example_params_trigger_ui']) retrieved from /home/airflow/.local/lib/python3.7/site-packages/airflow/example_dags/example_params_trigger_ui.py
[2023-06-10T14:08:00.402+0000] {logging_mixin.py:149} INFO - [2023-06-10T14:08:00.402+0000] {dag.py:2726} INFO - Sync 1 DAGs
[2023-06-10T14:08:00.456+0000] {logging_mixin.py:149} INFO - [2023-06-10T14:08:00.456+0000] {dag.py:3490} INFO - Setting next_dagrun for example_params_trigger_ui to None, run_after=None
[2023-06-10T14:08:00.491+0000] {processor.py:179} INFO - Processing /home/airflow/.local/lib/python3.7/site-packages/airflow/example_dags/example_params_trigger_ui.py took 0.547 seconds
[2023-06-10T14:08:30.903+0000] {processor.py:157} INFO - Started process (PID=324) to work on /home/airflow/.local/lib/python3.7/site-packages/airflow/example_dags/example_params_trigger_ui.py
[2023-06-10T14:08:30.917+0000] {processor.py:826} INFO - Processing file /home/airflow/.local/lib/python3.7/site-packages/airflow/example_dags/example_params_trigger_ui.py for tasks to queue
[2023-06-10T14:08:30.919+0000] {logging_mixin.py:149} INFO - [2023-06-10T14:08:30.918+0000] {dagbag.py:541} INFO - Filling up the DagBag from /home/airflow/.local/lib/python3.7/site-packages/airflow/example_dags/example_params_trigger_ui.py
[2023-06-10T14:08:31.017+0000] {processor.py:836} INFO - DAG(s) dict_keys(['example_params_trigger_ui']) retrieved from /home/airflow/.local/lib/python3.7/site-packages/airflow/example_dags/example_params_trigger_ui.py
[2023-06-10T14:08:31.044+0000] {logging_mixin.py:149} INFO - [2023-06-10T14:08:31.044+0000] {dag.py:2726} INFO - Sync 1 DAGs
[2023-06-10T14:08:31.180+0000] {logging_mixin.py:149} INFO - [2023-06-10T14:08:31.180+0000] {dag.py:3490} INFO - Setting next_dagrun for example_params_trigger_ui to None, run_after=None
[2023-06-10T14:08:31.221+0000] {processor.py:179} INFO - Processing /home/airflow/.local/lib/python3.7/site-packages/airflow/example_dags/example_params_trigger_ui.py took 0.338 seconds
[2023-06-10T14:09:01.511+0000] {processor.py:157} INFO - Started process (PID=378) to work on /home/airflow/.local/lib/python3.7/site-packages/airflow/example_dags/example_params_trigger_ui.py
[2023-06-10T14:09:01.513+0000] {processor.py:826} INFO - Processing file /home/airflow/.local/lib/python3.7/site-packages/airflow/example_dags/example_params_trigger_ui.py for tasks to queue
[2023-06-10T14:09:01.514+0000] {logging_mixin.py:149} INFO - [2023-06-10T14:09:01.514+0000] {dagbag.py:541} INFO - Filling up the DagBag from /home/airflow/.local/lib/python3.7/site-packages/airflow/example_dags/example_params_trigger_ui.py
[2023-06-10T14:09:01.586+0000] {processor.py:836} INFO - DAG(s) dict_keys(['example_params_trigger_ui']) retrieved from /home/airflow/.local/lib/python3.7/site-packages/airflow/example_dags/example_params_trigger_ui.py
[2023-06-10T14:09:01.873+0000] {logging_mixin.py:149} INFO - [2023-06-10T14:09:01.872+0000] {dag.py:2726} INFO - Sync 1 DAGs
[2023-06-10T14:09:02.075+0000] {logging_mixin.py:149} INFO - [2023-06-10T14:09:02.075+0000] {dag.py:3490} INFO - Setting next_dagrun for example_params_trigger_ui to None, run_after=None
[2023-06-10T14:09:02.125+0000] {processor.py:179} INFO - Processing /home/airflow/.local/lib/python3.7/site-packages/airflow/example_dags/example_params_trigger_ui.py took 0.621 seconds
[2023-06-10T14:09:32.429+0000] {processor.py:157} INFO - Started process (PID=433) to work on /home/airflow/.local/lib/python3.7/site-packages/airflow/example_dags/example_params_trigger_ui.py
[2023-06-10T14:09:32.432+0000] {processor.py:826} INFO - Processing file /home/airflow/.local/lib/python3.7/site-packages/airflow/example_dags/example_params_trigger_ui.py for tasks to queue
[2023-06-10T14:09:32.434+0000] {logging_mixin.py:149} INFO - [2023-06-10T14:09:32.433+0000] {dagbag.py:541} INFO - Filling up the DagBag from /home/airflow/.local/lib/python3.7/site-packages/airflow/example_dags/example_params_trigger_ui.py
[2023-06-10T14:09:32.495+0000] {processor.py:836} INFO - DAG(s) dict_keys(['example_params_trigger_ui']) retrieved from /home/airflow/.local/lib/python3.7/site-packages/airflow/example_dags/example_params_trigger_ui.py
[2023-06-10T14:09:32.742+0000] {logging_mixin.py:149} INFO - [2023-06-10T14:09:32.742+0000] {dag.py:2726} INFO - Sync 1 DAGs
[2023-06-10T14:09:32.804+0000] {logging_mixin.py:149} INFO - [2023-06-10T14:09:32.803+0000] {dag.py:3490} INFO - Setting next_dagrun for example_params_trigger_ui to None, run_after=None
[2023-06-10T14:09:32.841+0000] {processor.py:179} INFO - Processing /home/airflow/.local/lib/python3.7/site-packages/airflow/example_dags/example_params_trigger_ui.py took 0.420 seconds
[2023-06-10T14:10:02.917+0000] {processor.py:157} INFO - Started process (PID=487) to work on /home/airflow/.local/lib/python3.7/site-packages/airflow/example_dags/example_params_trigger_ui.py
[2023-06-10T14:10:02.918+0000] {processor.py:826} INFO - Processing file /home/airflow/.local/lib/python3.7/site-packages/airflow/example_dags/example_params_trigger_ui.py for tasks to queue
[2023-06-10T14:10:02.919+0000] {logging_mixin.py:149} INFO - [2023-06-10T14:10:02.919+0000] {dagbag.py:541} INFO - Filling up the DagBag from /home/airflow/.local/lib/python3.7/site-packages/airflow/example_dags/example_params_trigger_ui.py
[2023-06-10T14:10:02.974+0000] {processor.py:836} INFO - DAG(s) dict_keys(['example_params_trigger_ui']) retrieved from /home/airflow/.local/lib/python3.7/site-packages/airflow/example_dags/example_params_trigger_ui.py
[2023-06-10T14:10:03.221+0000] {logging_mixin.py:149} INFO - [2023-06-10T14:10:03.221+0000] {dag.py:2726} INFO - Sync 1 DAGs
[2023-06-10T14:10:03.277+0000] {logging_mixin.py:149} INFO - [2023-06-10T14:10:03.277+0000] {dag.py:3490} INFO - Setting next_dagrun for example_params_trigger_ui to None, run_after=None
[2023-06-10T14:10:03.324+0000] {processor.py:179} INFO - Processing /home/airflow/.local/lib/python3.7/site-packages/airflow/example_dags/example_params_trigger_ui.py took 0.413 seconds
[2023-06-10T14:10:33.403+0000] {processor.py:157} INFO - Started process (PID=538) to work on /home/airflow/.local/lib/python3.7/site-packages/airflow/example_dags/example_params_trigger_ui.py
[2023-06-10T14:10:33.414+0000] {processor.py:826} INFO - Processing file /home/airflow/.local/lib/python3.7/site-packages/airflow/example_dags/example_params_trigger_ui.py for tasks to queue
[2023-06-10T14:10:33.427+0000] {logging_mixin.py:149} INFO - [2023-06-10T14:10:33.427+0000] {dagbag.py:541} INFO - Filling up the DagBag from /home/airflow/.local/lib/python3.7/site-packages/airflow/example_dags/example_params_trigger_ui.py
[2023-06-10T14:10:33.592+0000] {processor.py:836} INFO - DAG(s) dict_keys(['example_params_trigger_ui']) retrieved from /home/airflow/.local/lib/python3.7/site-packages/airflow/example_dags/example_params_trigger_ui.py
[2023-06-10T14:10:34.158+0000] {logging_mixin.py:149} INFO - [2023-06-10T14:10:34.158+0000] {dag.py:2726} INFO - Sync 1 DAGs
[2023-06-10T14:10:34.240+0000] {logging_mixin.py:149} INFO - [2023-06-10T14:10:34.239+0000] {dag.py:3490} INFO - Setting next_dagrun for example_params_trigger_ui to None, run_after=None
[2023-06-10T14:10:34.312+0000] {processor.py:179} INFO - Processing /home/airflow/.local/lib/python3.7/site-packages/airflow/example_dags/example_params_trigger_ui.py took 0.934 seconds
[2023-06-10T14:11:04.401+0000] {processor.py:157} INFO - Started process (PID=594) to work on /home/airflow/.local/lib/python3.7/site-packages/airflow/example_dags/example_params_trigger_ui.py
[2023-06-10T14:11:04.406+0000] {processor.py:826} INFO - Processing file /home/airflow/.local/lib/python3.7/site-packages/airflow/example_dags/example_params_trigger_ui.py for tasks to queue
[2023-06-10T14:11:04.410+0000] {logging_mixin.py:149} INFO - [2023-06-10T14:11:04.409+0000] {dagbag.py:541} INFO - Filling up the DagBag from /home/airflow/.local/lib/python3.7/site-packages/airflow/example_dags/example_params_trigger_ui.py
[2023-06-10T14:11:04.516+0000] {processor.py:836} INFO - DAG(s) dict_keys(['example_params_trigger_ui']) retrieved from /home/airflow/.local/lib/python3.7/site-packages/airflow/example_dags/example_params_trigger_ui.py
[2023-06-10T14:11:04.556+0000] {logging_mixin.py:149} INFO - [2023-06-10T14:11:04.555+0000] {dag.py:2726} INFO - Sync 1 DAGs
[2023-06-10T14:11:04.659+0000] {logging_mixin.py:149} INFO - [2023-06-10T14:11:04.658+0000] {dag.py:3490} INFO - Setting next_dagrun for example_params_trigger_ui to None, run_after=None
[2023-06-10T14:11:04.731+0000] {processor.py:179} INFO - Processing /home/airflow/.local/lib/python3.7/site-packages/airflow/example_dags/example_params_trigger_ui.py took 0.349 seconds
[2023-06-10T14:11:34.866+0000] {processor.py:157} INFO - Started process (PID=649) to work on /home/airflow/.local/lib/python3.7/site-packages/airflow/example_dags/example_params_trigger_ui.py
[2023-06-10T14:11:34.870+0000] {processor.py:826} INFO - Processing file /home/airflow/.local/lib/python3.7/site-packages/airflow/example_dags/example_params_trigger_ui.py for tasks to queue
[2023-06-10T14:11:34.871+0000] {logging_mixin.py:149} INFO - [2023-06-10T14:11:34.871+0000] {dagbag.py:541} INFO - Filling up the DagBag from /home/airflow/.local/lib/python3.7/site-packages/airflow/example_dags/example_params_trigger_ui.py
[2023-06-10T14:11:34.940+0000] {processor.py:836} INFO - DAG(s) dict_keys(['example_params_trigger_ui']) retrieved from /home/airflow/.local/lib/python3.7/site-packages/airflow/example_dags/example_params_trigger_ui.py
[2023-06-10T14:11:35.211+0000] {logging_mixin.py:149} INFO - [2023-06-10T14:11:35.211+0000] {dag.py:2726} INFO - Sync 1 DAGs
[2023-06-10T14:11:35.282+0000] {logging_mixin.py:149} INFO - [2023-06-10T14:11:35.282+0000] {dag.py:3490} INFO - Setting next_dagrun for example_params_trigger_ui to None, run_after=None
[2023-06-10T14:11:35.326+0000] {processor.py:179} INFO - Processing /home/airflow/.local/lib/python3.7/site-packages/airflow/example_dags/example_params_trigger_ui.py took 0.473 seconds
[2023-06-10T14:12:05.450+0000] {processor.py:157} INFO - Started process (PID=704) to work on /home/airflow/.local/lib/python3.7/site-packages/airflow/example_dags/example_params_trigger_ui.py
[2023-06-10T14:12:05.452+0000] {processor.py:826} INFO - Processing file /home/airflow/.local/lib/python3.7/site-packages/airflow/example_dags/example_params_trigger_ui.py for tasks to queue
[2023-06-10T14:12:05.455+0000] {logging_mixin.py:149} INFO - [2023-06-10T14:12:05.454+0000] {dagbag.py:541} INFO - Filling up the DagBag from /home/airflow/.local/lib/python3.7/site-packages/airflow/example_dags/example_params_trigger_ui.py
[2023-06-10T14:12:05.530+0000] {processor.py:836} INFO - DAG(s) dict_keys(['example_params_trigger_ui']) retrieved from /home/airflow/.local/lib/python3.7/site-packages/airflow/example_dags/example_params_trigger_ui.py
[2023-06-10T14:12:05.745+0000] {logging_mixin.py:149} INFO - [2023-06-10T14:12:05.744+0000] {dag.py:2726} INFO - Sync 1 DAGs
[2023-06-10T14:12:05.811+0000] {logging_mixin.py:149} INFO - [2023-06-10T14:12:05.810+0000] {dag.py:3490} INFO - Setting next_dagrun for example_params_trigger_ui to None, run_after=None
[2023-06-10T14:12:05.855+0000] {processor.py:179} INFO - Processing /home/airflow/.local/lib/python3.7/site-packages/airflow/example_dags/example_params_trigger_ui.py took 0.419 seconds
[2023-06-10T14:12:36.119+0000] {processor.py:157} INFO - Started process (PID=759) to work on /home/airflow/.local/lib/python3.7/site-packages/airflow/example_dags/example_params_trigger_ui.py
[2023-06-10T14:12:36.121+0000] {processor.py:826} INFO - Processing file /home/airflow/.local/lib/python3.7/site-packages/airflow/example_dags/example_params_trigger_ui.py for tasks to queue
[2023-06-10T14:12:36.123+0000] {logging_mixin.py:149} INFO - [2023-06-10T14:12:36.122+0000] {dagbag.py:541} INFO - Filling up the DagBag from /home/airflow/.local/lib/python3.7/site-packages/airflow/example_dags/example_params_trigger_ui.py
[2023-06-10T14:12:36.164+0000] {processor.py:836} INFO - DAG(s) dict_keys(['example_params_trigger_ui']) retrieved from /home/airflow/.local/lib/python3.7/site-packages/airflow/example_dags/example_params_trigger_ui.py
[2023-06-10T14:12:36.363+0000] {logging_mixin.py:149} INFO - [2023-06-10T14:12:36.363+0000] {dag.py:2726} INFO - Sync 1 DAGs
[2023-06-10T14:12:36.417+0000] {logging_mixin.py:149} INFO - [2023-06-10T14:12:36.417+0000] {dag.py:3490} INFO - Setting next_dagrun for example_params_trigger_ui to None, run_after=None
[2023-06-10T14:12:36.466+0000] {processor.py:179} INFO - Processing /home/airflow/.local/lib/python3.7/site-packages/airflow/example_dags/example_params_trigger_ui.py took 0.354 seconds
[2023-06-10T14:13:06.781+0000] {processor.py:157} INFO - Started process (PID=814) to work on /home/airflow/.local/lib/python3.7/site-packages/airflow/example_dags/example_params_trigger_ui.py
[2023-06-10T14:13:06.785+0000] {processor.py:826} INFO - Processing file /home/airflow/.local/lib/python3.7/site-packages/airflow/example_dags/example_params_trigger_ui.py for tasks to queue
[2023-06-10T14:13:06.787+0000] {logging_mixin.py:149} INFO - [2023-06-10T14:13:06.786+0000] {dagbag.py:541} INFO - Filling up the DagBag from /home/airflow/.local/lib/python3.7/site-packages/airflow/example_dags/example_params_trigger_ui.py
[2023-06-10T14:13:06.845+0000] {processor.py:836} INFO - DAG(s) dict_keys(['example_params_trigger_ui']) retrieved from /home/airflow/.local/lib/python3.7/site-packages/airflow/example_dags/example_params_trigger_ui.py
[2023-06-10T14:13:07.297+0000] {logging_mixin.py:149} INFO - [2023-06-10T14:13:07.297+0000] {dag.py:2726} INFO - Sync 1 DAGs
[2023-06-10T14:13:07.373+0000] {logging_mixin.py:149} INFO - [2023-06-10T14:13:07.372+0000] {dag.py:3490} INFO - Setting next_dagrun for example_params_trigger_ui to None, run_after=None
[2023-06-10T14:13:07.426+0000] {processor.py:179} INFO - Processing /home/airflow/.local/lib/python3.7/site-packages/airflow/example_dags/example_params_trigger_ui.py took 0.660 seconds
[2023-06-10T14:13:37.582+0000] {processor.py:157} INFO - Started process (PID=868) to work on /home/airflow/.local/lib/python3.7/site-packages/airflow/example_dags/example_params_trigger_ui.py
[2023-06-10T14:13:37.583+0000] {processor.py:826} INFO - Processing file /home/airflow/.local/lib/python3.7/site-packages/airflow/example_dags/example_params_trigger_ui.py for tasks to queue
[2023-06-10T14:13:37.584+0000] {logging_mixin.py:149} INFO - [2023-06-10T14:13:37.584+0000] {dagbag.py:541} INFO - Filling up the DagBag from /home/airflow/.local/lib/python3.7/site-packages/airflow/example_dags/example_params_trigger_ui.py
[2023-06-10T14:13:37.636+0000] {processor.py:836} INFO - DAG(s) dict_keys(['example_params_trigger_ui']) retrieved from /home/airflow/.local/lib/python3.7/site-packages/airflow/example_dags/example_params_trigger_ui.py
[2023-06-10T14:13:37.661+0000] {logging_mixin.py:149} INFO - [2023-06-10T14:13:37.661+0000] {dag.py:2726} INFO - Sync 1 DAGs
[2023-06-10T14:13:37.737+0000] {logging_mixin.py:149} INFO - [2023-06-10T14:13:37.737+0000] {dag.py:3490} INFO - Setting next_dagrun for example_params_trigger_ui to None, run_after=None
[2023-06-10T14:13:37.784+0000] {processor.py:179} INFO - Processing /home/airflow/.local/lib/python3.7/site-packages/airflow/example_dags/example_params_trigger_ui.py took 0.208 seconds
[2023-06-10T14:14:08.487+0000] {processor.py:157} INFO - Started process (PID=922) to work on /home/airflow/.local/lib/python3.7/site-packages/airflow/example_dags/example_params_trigger_ui.py
[2023-06-10T14:14:08.498+0000] {processor.py:826} INFO - Processing file /home/airflow/.local/lib/python3.7/site-packages/airflow/example_dags/example_params_trigger_ui.py for tasks to queue
[2023-06-10T14:14:08.504+0000] {logging_mixin.py:149} INFO - [2023-06-10T14:14:08.499+0000] {dagbag.py:541} INFO - Filling up the DagBag from /home/airflow/.local/lib/python3.7/site-packages/airflow/example_dags/example_params_trigger_ui.py
[2023-06-10T14:14:08.614+0000] {processor.py:836} INFO - DAG(s) dict_keys(['example_params_trigger_ui']) retrieved from /home/airflow/.local/lib/python3.7/site-packages/airflow/example_dags/example_params_trigger_ui.py
[2023-06-10T14:14:09.253+0000] {logging_mixin.py:149} INFO - [2023-06-10T14:14:09.253+0000] {dag.py:2726} INFO - Sync 1 DAGs
[2023-06-10T14:14:09.406+0000] {logging_mixin.py:149} INFO - [2023-06-10T14:14:09.405+0000] {dag.py:3490} INFO - Setting next_dagrun for example_params_trigger_ui to None, run_after=None
[2023-06-10T14:14:09.561+0000] {processor.py:179} INFO - Processing /home/airflow/.local/lib/python3.7/site-packages/airflow/example_dags/example_params_trigger_ui.py took 1.118 seconds
[2023-06-10T14:14:40.191+0000] {processor.py:157} INFO - Started process (PID=976) to work on /home/airflow/.local/lib/python3.7/site-packages/airflow/example_dags/example_params_trigger_ui.py
[2023-06-10T14:14:40.194+0000] {processor.py:826} INFO - Processing file /home/airflow/.local/lib/python3.7/site-packages/airflow/example_dags/example_params_trigger_ui.py for tasks to queue
[2023-06-10T14:14:40.195+0000] {logging_mixin.py:149} INFO - [2023-06-10T14:14:40.195+0000] {dagbag.py:541} INFO - Filling up the DagBag from /home/airflow/.local/lib/python3.7/site-packages/airflow/example_dags/example_params_trigger_ui.py
[2023-06-10T14:14:40.253+0000] {processor.py:836} INFO - DAG(s) dict_keys(['example_params_trigger_ui']) retrieved from /home/airflow/.local/lib/python3.7/site-packages/airflow/example_dags/example_params_trigger_ui.py
[2023-06-10T14:14:40.498+0000] {logging_mixin.py:149} INFO - [2023-06-10T14:14:40.498+0000] {dag.py:2726} INFO - Sync 1 DAGs
[2023-06-10T14:14:40.556+0000] {logging_mixin.py:149} INFO - [2023-06-10T14:14:40.556+0000] {dag.py:3490} INFO - Setting next_dagrun for example_params_trigger_ui to None, run_after=None
[2023-06-10T14:14:40.603+0000] {processor.py:179} INFO - Processing /home/airflow/.local/lib/python3.7/site-packages/airflow/example_dags/example_params_trigger_ui.py took 0.418 seconds
[2023-06-10T14:15:10.705+0000] {processor.py:157} INFO - Started process (PID=1032) to work on /home/airflow/.local/lib/python3.7/site-packages/airflow/example_dags/example_params_trigger_ui.py
[2023-06-10T14:15:10.707+0000] {processor.py:826} INFO - Processing file /home/airflow/.local/lib/python3.7/site-packages/airflow/example_dags/example_params_trigger_ui.py for tasks to queue
[2023-06-10T14:15:10.709+0000] {logging_mixin.py:149} INFO - [2023-06-10T14:15:10.708+0000] {dagbag.py:541} INFO - Filling up the DagBag from /home/airflow/.local/lib/python3.7/site-packages/airflow/example_dags/example_params_trigger_ui.py
[2023-06-10T14:15:10.820+0000] {processor.py:836} INFO - DAG(s) dict_keys(['example_params_trigger_ui']) retrieved from /home/airflow/.local/lib/python3.7/site-packages/airflow/example_dags/example_params_trigger_ui.py
[2023-06-10T14:15:11.271+0000] {logging_mixin.py:149} INFO - [2023-06-10T14:15:11.271+0000] {dag.py:2726} INFO - Sync 1 DAGs
[2023-06-10T14:15:11.376+0000] {logging_mixin.py:149} INFO - [2023-06-10T14:15:11.375+0000] {dag.py:3490} INFO - Setting next_dagrun for example_params_trigger_ui to None, run_after=None
[2023-06-10T14:15:11.466+0000] {processor.py:179} INFO - Processing /home/airflow/.local/lib/python3.7/site-packages/airflow/example_dags/example_params_trigger_ui.py took 0.769 seconds
[2023-06-10T14:15:41.553+0000] {processor.py:157} INFO - Started process (PID=1087) to work on /home/airflow/.local/lib/python3.7/site-packages/airflow/example_dags/example_params_trigger_ui.py
[2023-06-10T14:15:41.556+0000] {processor.py:826} INFO - Processing file /home/airflow/.local/lib/python3.7/site-packages/airflow/example_dags/example_params_trigger_ui.py for tasks to queue
[2023-06-10T14:15:41.559+0000] {logging_mixin.py:149} INFO - [2023-06-10T14:15:41.558+0000] {dagbag.py:541} INFO - Filling up the DagBag from /home/airflow/.local/lib/python3.7/site-packages/airflow/example_dags/example_params_trigger_ui.py
[2023-06-10T14:15:41.646+0000] {processor.py:836} INFO - DAG(s) dict_keys(['example_params_trigger_ui']) retrieved from /home/airflow/.local/lib/python3.7/site-packages/airflow/example_dags/example_params_trigger_ui.py
[2023-06-10T14:15:42.092+0000] {logging_mixin.py:149} INFO - [2023-06-10T14:15:42.091+0000] {dag.py:2726} INFO - Sync 1 DAGs
[2023-06-10T14:15:42.212+0000] {logging_mixin.py:149} INFO - [2023-06-10T14:15:42.211+0000] {dag.py:3490} INFO - Setting next_dagrun for example_params_trigger_ui to None, run_after=None
[2023-06-10T14:15:42.293+0000] {processor.py:179} INFO - Processing /home/airflow/.local/lib/python3.7/site-packages/airflow/example_dags/example_params_trigger_ui.py took 0.754 seconds
[2023-06-10T14:16:12.462+0000] {processor.py:157} INFO - Started process (PID=1143) to work on /home/airflow/.local/lib/python3.7/site-packages/airflow/example_dags/example_params_trigger_ui.py
[2023-06-10T14:16:12.465+0000] {processor.py:826} INFO - Processing file /home/airflow/.local/lib/python3.7/site-packages/airflow/example_dags/example_params_trigger_ui.py for tasks to queue
[2023-06-10T14:16:12.467+0000] {logging_mixin.py:149} INFO - [2023-06-10T14:16:12.467+0000] {dagbag.py:541} INFO - Filling up the DagBag from /home/airflow/.local/lib/python3.7/site-packages/airflow/example_dags/example_params_trigger_ui.py
[2023-06-10T14:16:12.551+0000] {processor.py:836} INFO - DAG(s) dict_keys(['example_params_trigger_ui']) retrieved from /home/airflow/.local/lib/python3.7/site-packages/airflow/example_dags/example_params_trigger_ui.py
[2023-06-10T14:16:12.919+0000] {logging_mixin.py:149} INFO - [2023-06-10T14:16:12.918+0000] {dag.py:2726} INFO - Sync 1 DAGs
[2023-06-10T14:16:13.018+0000] {logging_mixin.py:149} INFO - [2023-06-10T14:16:13.017+0000] {dag.py:3490} INFO - Setting next_dagrun for example_params_trigger_ui to None, run_after=None
[2023-06-10T14:16:13.076+0000] {processor.py:179} INFO - Processing /home/airflow/.local/lib/python3.7/site-packages/airflow/example_dags/example_params_trigger_ui.py took 0.631 seconds
[2023-06-10T14:16:43.918+0000] {processor.py:157} INFO - Started process (PID=1199) to work on /home/airflow/.local/lib/python3.7/site-packages/airflow/example_dags/example_params_trigger_ui.py
[2023-06-10T14:16:43.922+0000] {processor.py:826} INFO - Processing file /home/airflow/.local/lib/python3.7/site-packages/airflow/example_dags/example_params_trigger_ui.py for tasks to queue
[2023-06-10T14:16:43.924+0000] {logging_mixin.py:149} INFO - [2023-06-10T14:16:43.923+0000] {dagbag.py:541} INFO - Filling up the DagBag from /home/airflow/.local/lib/python3.7/site-packages/airflow/example_dags/example_params_trigger_ui.py
[2023-06-10T14:16:43.975+0000] {processor.py:836} INFO - DAG(s) dict_keys(['example_params_trigger_ui']) retrieved from /home/airflow/.local/lib/python3.7/site-packages/airflow/example_dags/example_params_trigger_ui.py
[2023-06-10T14:16:44.240+0000] {logging_mixin.py:149} INFO - [2023-06-10T14:16:44.240+0000] {dag.py:2726} INFO - Sync 1 DAGs
[2023-06-10T14:16:44.305+0000] {logging_mixin.py:149} INFO - [2023-06-10T14:16:44.305+0000] {dag.py:3490} INFO - Setting next_dagrun for example_params_trigger_ui to None, run_after=None
[2023-06-10T14:16:44.344+0000] {processor.py:179} INFO - Processing /home/airflow/.local/lib/python3.7/site-packages/airflow/example_dags/example_params_trigger_ui.py took 0.438 seconds
[2023-06-10T14:27:21.446+0000] {processor.py:157} INFO - Started process (PID=47) to work on /home/airflow/.local/lib/python3.7/site-packages/airflow/example_dags/example_params_trigger_ui.py
[2023-06-10T14:27:21.457+0000] {processor.py:826} INFO - Processing file /home/airflow/.local/lib/python3.7/site-packages/airflow/example_dags/example_params_trigger_ui.py for tasks to queue
[2023-06-10T14:27:21.459+0000] {logging_mixin.py:149} INFO - [2023-06-10T14:27:21.459+0000] {dagbag.py:541} INFO - Filling up the DagBag from /home/airflow/.local/lib/python3.7/site-packages/airflow/example_dags/example_params_trigger_ui.py
[2023-06-10T14:27:21.646+0000] {processor.py:836} INFO - DAG(s) dict_keys(['example_params_trigger_ui']) retrieved from /home/airflow/.local/lib/python3.7/site-packages/airflow/example_dags/example_params_trigger_ui.py
[2023-06-10T14:27:22.763+0000] {logging_mixin.py:149} INFO - [2023-06-10T14:27:22.763+0000] {dag.py:2726} INFO - Sync 1 DAGs
[2023-06-10T14:27:22.989+0000] {logging_mixin.py:149} INFO - [2023-06-10T14:27:22.989+0000] {dag.py:3490} INFO - Setting next_dagrun for example_params_trigger_ui to None, run_after=None
[2023-06-10T14:27:23.084+0000] {processor.py:179} INFO - Processing /home/airflow/.local/lib/python3.7/site-packages/airflow/example_dags/example_params_trigger_ui.py took 1.661 seconds
[2023-06-10T14:27:53.924+0000] {processor.py:157} INFO - Started process (PID=102) to work on /home/airflow/.local/lib/python3.7/site-packages/airflow/example_dags/example_params_trigger_ui.py
[2023-06-10T14:27:53.942+0000] {processor.py:826} INFO - Processing file /home/airflow/.local/lib/python3.7/site-packages/airflow/example_dags/example_params_trigger_ui.py for tasks to queue
[2023-06-10T14:27:53.944+0000] {logging_mixin.py:149} INFO - [2023-06-10T14:27:53.944+0000] {dagbag.py:541} INFO - Filling up the DagBag from /home/airflow/.local/lib/python3.7/site-packages/airflow/example_dags/example_params_trigger_ui.py
[2023-06-10T14:27:54.124+0000] {processor.py:836} INFO - DAG(s) dict_keys(['example_params_trigger_ui']) retrieved from /home/airflow/.local/lib/python3.7/site-packages/airflow/example_dags/example_params_trigger_ui.py
[2023-06-10T14:27:54.663+0000] {logging_mixin.py:149} INFO - [2023-06-10T14:27:54.662+0000] {dag.py:2726} INFO - Sync 1 DAGs
[2023-06-10T14:27:54.932+0000] {logging_mixin.py:149} INFO - [2023-06-10T14:27:54.931+0000] {dag.py:3490} INFO - Setting next_dagrun for example_params_trigger_ui to None, run_after=None
[2023-06-10T14:27:55.045+0000] {processor.py:179} INFO - Processing /home/airflow/.local/lib/python3.7/site-packages/airflow/example_dags/example_params_trigger_ui.py took 1.133 seconds
[2023-06-10T14:28:25.854+0000] {processor.py:157} INFO - Started process (PID=156) to work on /home/airflow/.local/lib/python3.7/site-packages/airflow/example_dags/example_params_trigger_ui.py
[2023-06-10T14:28:25.859+0000] {processor.py:826} INFO - Processing file /home/airflow/.local/lib/python3.7/site-packages/airflow/example_dags/example_params_trigger_ui.py for tasks to queue
[2023-06-10T14:28:25.870+0000] {logging_mixin.py:149} INFO - [2023-06-10T14:28:25.865+0000] {dagbag.py:541} INFO - Filling up the DagBag from /home/airflow/.local/lib/python3.7/site-packages/airflow/example_dags/example_params_trigger_ui.py
[2023-06-10T14:28:26.000+0000] {processor.py:836} INFO - DAG(s) dict_keys(['example_params_trigger_ui']) retrieved from /home/airflow/.local/lib/python3.7/site-packages/airflow/example_dags/example_params_trigger_ui.py
[2023-06-10T14:28:26.569+0000] {logging_mixin.py:149} INFO - [2023-06-10T14:28:26.568+0000] {dag.py:2726} INFO - Sync 1 DAGs
[2023-06-10T14:28:26.810+0000] {logging_mixin.py:149} INFO - [2023-06-10T14:28:26.809+0000] {dag.py:3490} INFO - Setting next_dagrun for example_params_trigger_ui to None, run_after=None
[2023-06-10T14:28:26.895+0000] {processor.py:179} INFO - Processing /home/airflow/.local/lib/python3.7/site-packages/airflow/example_dags/example_params_trigger_ui.py took 1.067 seconds
[2023-06-10T14:28:57.002+0000] {processor.py:157} INFO - Started process (PID=211) to work on /home/airflow/.local/lib/python3.7/site-packages/airflow/example_dags/example_params_trigger_ui.py
[2023-06-10T14:28:57.005+0000] {processor.py:826} INFO - Processing file /home/airflow/.local/lib/python3.7/site-packages/airflow/example_dags/example_params_trigger_ui.py for tasks to queue
[2023-06-10T14:28:57.008+0000] {logging_mixin.py:149} INFO - [2023-06-10T14:28:57.008+0000] {dagbag.py:541} INFO - Filling up the DagBag from /home/airflow/.local/lib/python3.7/site-packages/airflow/example_dags/example_params_trigger_ui.py
[2023-06-10T14:28:57.090+0000] {processor.py:836} INFO - DAG(s) dict_keys(['example_params_trigger_ui']) retrieved from /home/airflow/.local/lib/python3.7/site-packages/airflow/example_dags/example_params_trigger_ui.py
[2023-06-10T14:28:57.343+0000] {logging_mixin.py:149} INFO - [2023-06-10T14:28:57.343+0000] {dag.py:2726} INFO - Sync 1 DAGs
[2023-06-10T14:28:57.407+0000] {logging_mixin.py:149} INFO - [2023-06-10T14:28:57.406+0000] {dag.py:3490} INFO - Setting next_dagrun for example_params_trigger_ui to None, run_after=None
[2023-06-10T14:28:57.444+0000] {processor.py:179} INFO - Processing /home/airflow/.local/lib/python3.7/site-packages/airflow/example_dags/example_params_trigger_ui.py took 0.452 seconds
[2023-06-10T14:29:27.550+0000] {processor.py:157} INFO - Started process (PID=266) to work on /home/airflow/.local/lib/python3.7/site-packages/airflow/example_dags/example_params_trigger_ui.py
[2023-06-10T14:29:27.553+0000] {processor.py:826} INFO - Processing file /home/airflow/.local/lib/python3.7/site-packages/airflow/example_dags/example_params_trigger_ui.py for tasks to queue
[2023-06-10T14:29:27.554+0000] {logging_mixin.py:149} INFO - [2023-06-10T14:29:27.554+0000] {dagbag.py:541} INFO - Filling up the DagBag from /home/airflow/.local/lib/python3.7/site-packages/airflow/example_dags/example_params_trigger_ui.py
[2023-06-10T14:29:27.605+0000] {processor.py:836} INFO - DAG(s) dict_keys(['example_params_trigger_ui']) retrieved from /home/airflow/.local/lib/python3.7/site-packages/airflow/example_dags/example_params_trigger_ui.py
[2023-06-10T14:29:27.878+0000] {logging_mixin.py:149} INFO - [2023-06-10T14:29:27.878+0000] {dag.py:2726} INFO - Sync 1 DAGs
[2023-06-10T14:29:27.936+0000] {logging_mixin.py:149} INFO - [2023-06-10T14:29:27.936+0000] {dag.py:3490} INFO - Setting next_dagrun for example_params_trigger_ui to None, run_after=None
[2023-06-10T14:29:27.973+0000] {processor.py:179} INFO - Processing /home/airflow/.local/lib/python3.7/site-packages/airflow/example_dags/example_params_trigger_ui.py took 0.434 seconds
[2023-06-10T14:29:58.455+0000] {processor.py:157} INFO - Started process (PID=321) to work on /home/airflow/.local/lib/python3.7/site-packages/airflow/example_dags/example_params_trigger_ui.py
[2023-06-10T14:29:58.460+0000] {processor.py:826} INFO - Processing file /home/airflow/.local/lib/python3.7/site-packages/airflow/example_dags/example_params_trigger_ui.py for tasks to queue
[2023-06-10T14:29:58.462+0000] {logging_mixin.py:149} INFO - [2023-06-10T14:29:58.461+0000] {dagbag.py:541} INFO - Filling up the DagBag from /home/airflow/.local/lib/python3.7/site-packages/airflow/example_dags/example_params_trigger_ui.py
[2023-06-10T14:29:58.514+0000] {processor.py:836} INFO - DAG(s) dict_keys(['example_params_trigger_ui']) retrieved from /home/airflow/.local/lib/python3.7/site-packages/airflow/example_dags/example_params_trigger_ui.py
[2023-06-10T14:29:58.807+0000] {logging_mixin.py:149} INFO - [2023-06-10T14:29:58.806+0000] {dag.py:2726} INFO - Sync 1 DAGs
[2023-06-10T14:29:58.900+0000] {logging_mixin.py:149} INFO - [2023-06-10T14:29:58.900+0000] {dag.py:3490} INFO - Setting next_dagrun for example_params_trigger_ui to None, run_after=None
[2023-06-10T14:29:58.952+0000] {processor.py:179} INFO - Processing /home/airflow/.local/lib/python3.7/site-packages/airflow/example_dags/example_params_trigger_ui.py took 0.505 seconds
[2023-06-10T14:30:29.057+0000] {processor.py:157} INFO - Started process (PID=377) to work on /home/airflow/.local/lib/python3.7/site-packages/airflow/example_dags/example_params_trigger_ui.py
[2023-06-10T14:30:29.060+0000] {processor.py:826} INFO - Processing file /home/airflow/.local/lib/python3.7/site-packages/airflow/example_dags/example_params_trigger_ui.py for tasks to queue
[2023-06-10T14:30:29.062+0000] {logging_mixin.py:149} INFO - [2023-06-10T14:30:29.061+0000] {dagbag.py:541} INFO - Filling up the DagBag from /home/airflow/.local/lib/python3.7/site-packages/airflow/example_dags/example_params_trigger_ui.py
[2023-06-10T14:30:29.107+0000] {processor.py:836} INFO - DAG(s) dict_keys(['example_params_trigger_ui']) retrieved from /home/airflow/.local/lib/python3.7/site-packages/airflow/example_dags/example_params_trigger_ui.py
[2023-06-10T14:30:29.383+0000] {logging_mixin.py:149} INFO - [2023-06-10T14:30:29.382+0000] {dag.py:2726} INFO - Sync 1 DAGs
[2023-06-10T14:30:29.478+0000] {logging_mixin.py:149} INFO - [2023-06-10T14:30:29.478+0000] {dag.py:3490} INFO - Setting next_dagrun for example_params_trigger_ui to None, run_after=None
[2023-06-10T14:30:29.523+0000] {processor.py:179} INFO - Processing /home/airflow/.local/lib/python3.7/site-packages/airflow/example_dags/example_params_trigger_ui.py took 0.472 seconds
