[2023-06-10T14:05:52.052+0000] {processor.py:157} INFO - Started process (PID=35) to work on /home/airflow/.local/lib/python3.7/site-packages/airflow/example_dags/example_trigger_target_dag.py
[2023-06-10T14:05:52.054+0000] {processor.py:826} INFO - Processing file /home/airflow/.local/lib/python3.7/site-packages/airflow/example_dags/example_trigger_target_dag.py for tasks to queue
[2023-06-10T14:05:52.055+0000] {logging_mixin.py:149} INFO - [2023-06-10T14:05:52.055+0000] {dagbag.py:541} INFO - Filling up the DagBag from /home/airflow/.local/lib/python3.7/site-packages/airflow/example_dags/example_trigger_target_dag.py
[2023-06-10T14:05:52.071+0000] {processor.py:836} INFO - DAG(s) dict_keys(['example_trigger_target_dag']) retrieved from /home/airflow/.local/lib/python3.7/site-packages/airflow/example_dags/example_trigger_target_dag.py
[2023-06-10T14:05:52.145+0000] {logging_mixin.py:149} INFO - [2023-06-10T14:05:52.145+0000] {dag.py:2726} INFO - Sync 1 DAGs
[2023-06-10T14:05:52.269+0000] {logging_mixin.py:149} INFO - [2023-06-10T14:05:52.268+0000] {dag.py:3490} INFO - Setting next_dagrun for example_trigger_target_dag to None, run_after=None
[2023-06-10T14:05:52.316+0000] {processor.py:179} INFO - Processing /home/airflow/.local/lib/python3.7/site-packages/airflow/example_dags/example_trigger_target_dag.py took 0.271 seconds
[2023-06-10T14:06:23.222+0000] {processor.py:157} INFO - Started process (PID=89) to work on /home/airflow/.local/lib/python3.7/site-packages/airflow/example_dags/example_trigger_target_dag.py
[2023-06-10T14:06:23.224+0000] {processor.py:826} INFO - Processing file /home/airflow/.local/lib/python3.7/site-packages/airflow/example_dags/example_trigger_target_dag.py for tasks to queue
[2023-06-10T14:06:23.225+0000] {logging_mixin.py:149} INFO - [2023-06-10T14:06:23.225+0000] {dagbag.py:541} INFO - Filling up the DagBag from /home/airflow/.local/lib/python3.7/site-packages/airflow/example_dags/example_trigger_target_dag.py
[2023-06-10T14:06:23.236+0000] {processor.py:836} INFO - DAG(s) dict_keys(['example_trigger_target_dag']) retrieved from /home/airflow/.local/lib/python3.7/site-packages/airflow/example_dags/example_trigger_target_dag.py
[2023-06-10T14:06:23.294+0000] {logging_mixin.py:149} INFO - [2023-06-10T14:06:23.293+0000] {dag.py:2726} INFO - Sync 1 DAGs
[2023-06-10T14:06:23.385+0000] {logging_mixin.py:149} INFO - [2023-06-10T14:06:23.385+0000] {dag.py:3490} INFO - Setting next_dagrun for example_trigger_target_dag to None, run_after=None
[2023-06-10T14:06:23.435+0000] {processor.py:179} INFO - Processing /home/airflow/.local/lib/python3.7/site-packages/airflow/example_dags/example_trigger_target_dag.py took 0.219 seconds
[2023-06-10T14:06:54.132+0000] {processor.py:157} INFO - Started process (PID=141) to work on /home/airflow/.local/lib/python3.7/site-packages/airflow/example_dags/example_trigger_target_dag.py
[2023-06-10T14:06:54.134+0000] {processor.py:826} INFO - Processing file /home/airflow/.local/lib/python3.7/site-packages/airflow/example_dags/example_trigger_target_dag.py for tasks to queue
[2023-06-10T14:06:54.135+0000] {logging_mixin.py:149} INFO - [2023-06-10T14:06:54.135+0000] {dagbag.py:541} INFO - Filling up the DagBag from /home/airflow/.local/lib/python3.7/site-packages/airflow/example_dags/example_trigger_target_dag.py
[2023-06-10T14:06:54.148+0000] {processor.py:836} INFO - DAG(s) dict_keys(['example_trigger_target_dag']) retrieved from /home/airflow/.local/lib/python3.7/site-packages/airflow/example_dags/example_trigger_target_dag.py
[2023-06-10T14:06:54.200+0000] {logging_mixin.py:149} INFO - [2023-06-10T14:06:54.199+0000] {dag.py:2726} INFO - Sync 1 DAGs
[2023-06-10T14:06:54.268+0000] {logging_mixin.py:149} INFO - [2023-06-10T14:06:54.267+0000] {dag.py:3490} INFO - Setting next_dagrun for example_trigger_target_dag to None, run_after=None
[2023-06-10T14:06:54.319+0000] {processor.py:179} INFO - Processing /home/airflow/.local/lib/python3.7/site-packages/airflow/example_dags/example_trigger_target_dag.py took 0.197 seconds
[2023-06-10T14:07:25.074+0000] {processor.py:157} INFO - Started process (PID=196) to work on /home/airflow/.local/lib/python3.7/site-packages/airflow/example_dags/example_trigger_target_dag.py
[2023-06-10T14:07:25.076+0000] {processor.py:826} INFO - Processing file /home/airflow/.local/lib/python3.7/site-packages/airflow/example_dags/example_trigger_target_dag.py for tasks to queue
[2023-06-10T14:07:25.077+0000] {logging_mixin.py:149} INFO - [2023-06-10T14:07:25.077+0000] {dagbag.py:541} INFO - Filling up the DagBag from /home/airflow/.local/lib/python3.7/site-packages/airflow/example_dags/example_trigger_target_dag.py
[2023-06-10T14:07:25.086+0000] {processor.py:836} INFO - DAG(s) dict_keys(['example_trigger_target_dag']) retrieved from /home/airflow/.local/lib/python3.7/site-packages/airflow/example_dags/example_trigger_target_dag.py
[2023-06-10T14:07:25.129+0000] {logging_mixin.py:149} INFO - [2023-06-10T14:07:25.129+0000] {dag.py:2726} INFO - Sync 1 DAGs
[2023-06-10T14:07:25.197+0000] {logging_mixin.py:149} INFO - [2023-06-10T14:07:25.196+0000] {dag.py:3490} INFO - Setting next_dagrun for example_trigger_target_dag to None, run_after=None
[2023-06-10T14:07:25.289+0000] {processor.py:179} INFO - Processing /home/airflow/.local/lib/python3.7/site-packages/airflow/example_dags/example_trigger_target_dag.py took 0.219 seconds
[2023-06-10T14:07:55.556+0000] {processor.py:157} INFO - Started process (PID=251) to work on /home/airflow/.local/lib/python3.7/site-packages/airflow/example_dags/example_trigger_target_dag.py
[2023-06-10T14:07:55.558+0000] {processor.py:826} INFO - Processing file /home/airflow/.local/lib/python3.7/site-packages/airflow/example_dags/example_trigger_target_dag.py for tasks to queue
[2023-06-10T14:07:55.559+0000] {logging_mixin.py:149} INFO - [2023-06-10T14:07:55.558+0000] {dagbag.py:541} INFO - Filling up the DagBag from /home/airflow/.local/lib/python3.7/site-packages/airflow/example_dags/example_trigger_target_dag.py
[2023-06-10T14:07:55.567+0000] {processor.py:836} INFO - DAG(s) dict_keys(['example_trigger_target_dag']) retrieved from /home/airflow/.local/lib/python3.7/site-packages/airflow/example_dags/example_trigger_target_dag.py
[2023-06-10T14:07:55.607+0000] {logging_mixin.py:149} INFO - [2023-06-10T14:07:55.607+0000] {dag.py:2726} INFO - Sync 1 DAGs
[2023-06-10T14:07:55.660+0000] {logging_mixin.py:149} INFO - [2023-06-10T14:07:55.660+0000] {dag.py:3490} INFO - Setting next_dagrun for example_trigger_target_dag to None, run_after=None
[2023-06-10T14:07:55.697+0000] {processor.py:179} INFO - Processing /home/airflow/.local/lib/python3.7/site-packages/airflow/example_dags/example_trigger_target_dag.py took 0.150 seconds
[2023-06-10T14:08:26.222+0000] {processor.py:157} INFO - Started process (PID=306) to work on /home/airflow/.local/lib/python3.7/site-packages/airflow/example_dags/example_trigger_target_dag.py
[2023-06-10T14:08:26.225+0000] {processor.py:826} INFO - Processing file /home/airflow/.local/lib/python3.7/site-packages/airflow/example_dags/example_trigger_target_dag.py for tasks to queue
[2023-06-10T14:08:26.226+0000] {logging_mixin.py:149} INFO - [2023-06-10T14:08:26.226+0000] {dagbag.py:541} INFO - Filling up the DagBag from /home/airflow/.local/lib/python3.7/site-packages/airflow/example_dags/example_trigger_target_dag.py
[2023-06-10T14:08:26.239+0000] {processor.py:836} INFO - DAG(s) dict_keys(['example_trigger_target_dag']) retrieved from /home/airflow/.local/lib/python3.7/site-packages/airflow/example_dags/example_trigger_target_dag.py
[2023-06-10T14:08:26.338+0000] {logging_mixin.py:149} INFO - [2023-06-10T14:08:26.338+0000] {dag.py:2726} INFO - Sync 1 DAGs
[2023-06-10T14:08:26.402+0000] {logging_mixin.py:149} INFO - [2023-06-10T14:08:26.402+0000] {dag.py:3490} INFO - Setting next_dagrun for example_trigger_target_dag to None, run_after=None
[2023-06-10T14:08:26.454+0000] {processor.py:179} INFO - Processing /home/airflow/.local/lib/python3.7/site-packages/airflow/example_dags/example_trigger_target_dag.py took 0.239 seconds
[2023-06-10T14:08:57.227+0000] {processor.py:157} INFO - Started process (PID=362) to work on /home/airflow/.local/lib/python3.7/site-packages/airflow/example_dags/example_trigger_target_dag.py
[2023-06-10T14:08:57.229+0000] {processor.py:826} INFO - Processing file /home/airflow/.local/lib/python3.7/site-packages/airflow/example_dags/example_trigger_target_dag.py for tasks to queue
[2023-06-10T14:08:57.231+0000] {logging_mixin.py:149} INFO - [2023-06-10T14:08:57.230+0000] {dagbag.py:541} INFO - Filling up the DagBag from /home/airflow/.local/lib/python3.7/site-packages/airflow/example_dags/example_trigger_target_dag.py
[2023-06-10T14:08:57.247+0000] {processor.py:836} INFO - DAG(s) dict_keys(['example_trigger_target_dag']) retrieved from /home/airflow/.local/lib/python3.7/site-packages/airflow/example_dags/example_trigger_target_dag.py
[2023-06-10T14:08:57.315+0000] {logging_mixin.py:149} INFO - [2023-06-10T14:08:57.315+0000] {dag.py:2726} INFO - Sync 1 DAGs
[2023-06-10T14:08:57.409+0000] {logging_mixin.py:149} INFO - [2023-06-10T14:08:57.409+0000] {dag.py:3490} INFO - Setting next_dagrun for example_trigger_target_dag to None, run_after=None
[2023-06-10T14:08:57.512+0000] {processor.py:179} INFO - Processing /home/airflow/.local/lib/python3.7/site-packages/airflow/example_dags/example_trigger_target_dag.py took 0.293 seconds
[2023-06-10T14:09:28.479+0000] {processor.py:157} INFO - Started process (PID=423) to work on /home/airflow/.local/lib/python3.7/site-packages/airflow/example_dags/example_trigger_target_dag.py
[2023-06-10T14:09:28.482+0000] {processor.py:826} INFO - Processing file /home/airflow/.local/lib/python3.7/site-packages/airflow/example_dags/example_trigger_target_dag.py for tasks to queue
[2023-06-10T14:09:28.483+0000] {logging_mixin.py:149} INFO - [2023-06-10T14:09:28.483+0000] {dagbag.py:541} INFO - Filling up the DagBag from /home/airflow/.local/lib/python3.7/site-packages/airflow/example_dags/example_trigger_target_dag.py
[2023-06-10T14:09:28.497+0000] {processor.py:836} INFO - DAG(s) dict_keys(['example_trigger_target_dag']) retrieved from /home/airflow/.local/lib/python3.7/site-packages/airflow/example_dags/example_trigger_target_dag.py
[2023-06-10T14:09:28.553+0000] {logging_mixin.py:149} INFO - [2023-06-10T14:09:28.553+0000] {dag.py:2726} INFO - Sync 1 DAGs
[2023-06-10T14:09:28.624+0000] {logging_mixin.py:149} INFO - [2023-06-10T14:09:28.624+0000] {dag.py:3490} INFO - Setting next_dagrun for example_trigger_target_dag to None, run_after=None
[2023-06-10T14:09:28.695+0000] {processor.py:179} INFO - Processing /home/airflow/.local/lib/python3.7/site-packages/airflow/example_dags/example_trigger_target_dag.py took 0.226 seconds
[2023-06-10T14:09:59.062+0000] {processor.py:157} INFO - Started process (PID=478) to work on /home/airflow/.local/lib/python3.7/site-packages/airflow/example_dags/example_trigger_target_dag.py
[2023-06-10T14:09:59.063+0000] {processor.py:826} INFO - Processing file /home/airflow/.local/lib/python3.7/site-packages/airflow/example_dags/example_trigger_target_dag.py for tasks to queue
[2023-06-10T14:09:59.065+0000] {logging_mixin.py:149} INFO - [2023-06-10T14:09:59.064+0000] {dagbag.py:541} INFO - Filling up the DagBag from /home/airflow/.local/lib/python3.7/site-packages/airflow/example_dags/example_trigger_target_dag.py
[2023-06-10T14:09:59.074+0000] {processor.py:836} INFO - DAG(s) dict_keys(['example_trigger_target_dag']) retrieved from /home/airflow/.local/lib/python3.7/site-packages/airflow/example_dags/example_trigger_target_dag.py
[2023-06-10T14:09:59.130+0000] {logging_mixin.py:149} INFO - [2023-06-10T14:09:59.130+0000] {dag.py:2726} INFO - Sync 1 DAGs
[2023-06-10T14:09:59.209+0000] {logging_mixin.py:149} INFO - [2023-06-10T14:09:59.209+0000] {dag.py:3490} INFO - Setting next_dagrun for example_trigger_target_dag to None, run_after=None
[2023-06-10T14:09:59.252+0000] {processor.py:179} INFO - Processing /home/airflow/.local/lib/python3.7/site-packages/airflow/example_dags/example_trigger_target_dag.py took 0.196 seconds
[2023-06-10T14:10:29.746+0000] {processor.py:157} INFO - Started process (PID=533) to work on /home/airflow/.local/lib/python3.7/site-packages/airflow/example_dags/example_trigger_target_dag.py
[2023-06-10T14:10:29.747+0000] {processor.py:826} INFO - Processing file /home/airflow/.local/lib/python3.7/site-packages/airflow/example_dags/example_trigger_target_dag.py for tasks to queue
[2023-06-10T14:10:29.749+0000] {logging_mixin.py:149} INFO - [2023-06-10T14:10:29.749+0000] {dagbag.py:541} INFO - Filling up the DagBag from /home/airflow/.local/lib/python3.7/site-packages/airflow/example_dags/example_trigger_target_dag.py
[2023-06-10T14:10:29.759+0000] {processor.py:836} INFO - DAG(s) dict_keys(['example_trigger_target_dag']) retrieved from /home/airflow/.local/lib/python3.7/site-packages/airflow/example_dags/example_trigger_target_dag.py
[2023-06-10T14:10:29.817+0000] {logging_mixin.py:149} INFO - [2023-06-10T14:10:29.817+0000] {dag.py:2726} INFO - Sync 1 DAGs
[2023-06-10T14:10:29.885+0000] {logging_mixin.py:149} INFO - [2023-06-10T14:10:29.885+0000] {dag.py:3490} INFO - Setting next_dagrun for example_trigger_target_dag to None, run_after=None
[2023-06-10T14:10:29.928+0000] {processor.py:179} INFO - Processing /home/airflow/.local/lib/python3.7/site-packages/airflow/example_dags/example_trigger_target_dag.py took 0.189 seconds
[2023-06-10T14:11:00.583+0000] {processor.py:157} INFO - Started process (PID=588) to work on /home/airflow/.local/lib/python3.7/site-packages/airflow/example_dags/example_trigger_target_dag.py
[2023-06-10T14:11:00.586+0000] {processor.py:826} INFO - Processing file /home/airflow/.local/lib/python3.7/site-packages/airflow/example_dags/example_trigger_target_dag.py for tasks to queue
[2023-06-10T14:11:00.588+0000] {logging_mixin.py:149} INFO - [2023-06-10T14:11:00.587+0000] {dagbag.py:541} INFO - Filling up the DagBag from /home/airflow/.local/lib/python3.7/site-packages/airflow/example_dags/example_trigger_target_dag.py
[2023-06-10T14:11:00.599+0000] {processor.py:836} INFO - DAG(s) dict_keys(['example_trigger_target_dag']) retrieved from /home/airflow/.local/lib/python3.7/site-packages/airflow/example_dags/example_trigger_target_dag.py
[2023-06-10T14:11:00.686+0000] {logging_mixin.py:149} INFO - [2023-06-10T14:11:00.686+0000] {dag.py:2726} INFO - Sync 1 DAGs
[2023-06-10T14:11:00.798+0000] {logging_mixin.py:149} INFO - [2023-06-10T14:11:00.798+0000] {dag.py:3490} INFO - Setting next_dagrun for example_trigger_target_dag to None, run_after=None
[2023-06-10T14:11:00.854+0000] {processor.py:179} INFO - Processing /home/airflow/.local/lib/python3.7/site-packages/airflow/example_dags/example_trigger_target_dag.py took 0.277 seconds
[2023-06-10T14:11:31.228+0000] {processor.py:157} INFO - Started process (PID=642) to work on /home/airflow/.local/lib/python3.7/site-packages/airflow/example_dags/example_trigger_target_dag.py
[2023-06-10T14:11:31.231+0000] {processor.py:826} INFO - Processing file /home/airflow/.local/lib/python3.7/site-packages/airflow/example_dags/example_trigger_target_dag.py for tasks to queue
[2023-06-10T14:11:31.233+0000] {logging_mixin.py:149} INFO - [2023-06-10T14:11:31.232+0000] {dagbag.py:541} INFO - Filling up the DagBag from /home/airflow/.local/lib/python3.7/site-packages/airflow/example_dags/example_trigger_target_dag.py
[2023-06-10T14:11:31.246+0000] {processor.py:836} INFO - DAG(s) dict_keys(['example_trigger_target_dag']) retrieved from /home/airflow/.local/lib/python3.7/site-packages/airflow/example_dags/example_trigger_target_dag.py
[2023-06-10T14:11:31.297+0000] {logging_mixin.py:149} INFO - [2023-06-10T14:11:31.297+0000] {dag.py:2726} INFO - Sync 1 DAGs
[2023-06-10T14:11:31.363+0000] {logging_mixin.py:149} INFO - [2023-06-10T14:11:31.362+0000] {dag.py:3490} INFO - Setting next_dagrun for example_trigger_target_dag to None, run_after=None
[2023-06-10T14:11:31.433+0000] {processor.py:179} INFO - Processing /home/airflow/.local/lib/python3.7/site-packages/airflow/example_dags/example_trigger_target_dag.py took 0.213 seconds
[2023-06-10T14:12:02.249+0000] {processor.py:157} INFO - Started process (PID=697) to work on /home/airflow/.local/lib/python3.7/site-packages/airflow/example_dags/example_trigger_target_dag.py
[2023-06-10T14:12:02.258+0000] {processor.py:826} INFO - Processing file /home/airflow/.local/lib/python3.7/site-packages/airflow/example_dags/example_trigger_target_dag.py for tasks to queue
[2023-06-10T14:12:02.265+0000] {logging_mixin.py:149} INFO - [2023-06-10T14:12:02.260+0000] {dagbag.py:541} INFO - Filling up the DagBag from /home/airflow/.local/lib/python3.7/site-packages/airflow/example_dags/example_trigger_target_dag.py
[2023-06-10T14:12:02.300+0000] {processor.py:836} INFO - DAG(s) dict_keys(['example_trigger_target_dag']) retrieved from /home/airflow/.local/lib/python3.7/site-packages/airflow/example_dags/example_trigger_target_dag.py
[2023-06-10T14:12:02.407+0000] {logging_mixin.py:149} INFO - [2023-06-10T14:12:02.407+0000] {dag.py:2726} INFO - Sync 1 DAGs
[2023-06-10T14:12:02.499+0000] {logging_mixin.py:149} INFO - [2023-06-10T14:12:02.499+0000] {dag.py:3490} INFO - Setting next_dagrun for example_trigger_target_dag to None, run_after=None
[2023-06-10T14:12:02.537+0000] {processor.py:179} INFO - Processing /home/airflow/.local/lib/python3.7/site-packages/airflow/example_dags/example_trigger_target_dag.py took 0.294 seconds
[2023-06-10T14:12:32.989+0000] {processor.py:157} INFO - Started process (PID=752) to work on /home/airflow/.local/lib/python3.7/site-packages/airflow/example_dags/example_trigger_target_dag.py
[2023-06-10T14:12:32.991+0000] {processor.py:826} INFO - Processing file /home/airflow/.local/lib/python3.7/site-packages/airflow/example_dags/example_trigger_target_dag.py for tasks to queue
[2023-06-10T14:12:32.993+0000] {logging_mixin.py:149} INFO - [2023-06-10T14:12:32.993+0000] {dagbag.py:541} INFO - Filling up the DagBag from /home/airflow/.local/lib/python3.7/site-packages/airflow/example_dags/example_trigger_target_dag.py
[2023-06-10T14:12:33.010+0000] {processor.py:836} INFO - DAG(s) dict_keys(['example_trigger_target_dag']) retrieved from /home/airflow/.local/lib/python3.7/site-packages/airflow/example_dags/example_trigger_target_dag.py
[2023-06-10T14:12:33.076+0000] {logging_mixin.py:149} INFO - [2023-06-10T14:12:33.076+0000] {dag.py:2726} INFO - Sync 1 DAGs
[2023-06-10T14:12:33.144+0000] {logging_mixin.py:149} INFO - [2023-06-10T14:12:33.144+0000] {dag.py:3490} INFO - Setting next_dagrun for example_trigger_target_dag to None, run_after=None
[2023-06-10T14:12:33.187+0000] {processor.py:179} INFO - Processing /home/airflow/.local/lib/python3.7/site-packages/airflow/example_dags/example_trigger_target_dag.py took 0.207 seconds
[2023-06-10T14:13:03.782+0000] {processor.py:157} INFO - Started process (PID=807) to work on /home/airflow/.local/lib/python3.7/site-packages/airflow/example_dags/example_trigger_target_dag.py
[2023-06-10T14:13:03.784+0000] {processor.py:826} INFO - Processing file /home/airflow/.local/lib/python3.7/site-packages/airflow/example_dags/example_trigger_target_dag.py for tasks to queue
[2023-06-10T14:13:03.785+0000] {logging_mixin.py:149} INFO - [2023-06-10T14:13:03.785+0000] {dagbag.py:541} INFO - Filling up the DagBag from /home/airflow/.local/lib/python3.7/site-packages/airflow/example_dags/example_trigger_target_dag.py
[2023-06-10T14:13:03.795+0000] {processor.py:836} INFO - DAG(s) dict_keys(['example_trigger_target_dag']) retrieved from /home/airflow/.local/lib/python3.7/site-packages/airflow/example_dags/example_trigger_target_dag.py
[2023-06-10T14:13:03.847+0000] {logging_mixin.py:149} INFO - [2023-06-10T14:13:03.847+0000] {dag.py:2726} INFO - Sync 1 DAGs
[2023-06-10T14:13:03.924+0000] {logging_mixin.py:149} INFO - [2023-06-10T14:13:03.924+0000] {dag.py:3490} INFO - Setting next_dagrun for example_trigger_target_dag to None, run_after=None
[2023-06-10T14:13:03.966+0000] {processor.py:179} INFO - Processing /home/airflow/.local/lib/python3.7/site-packages/airflow/example_dags/example_trigger_target_dag.py took 0.190 seconds
[2023-06-10T14:13:34.163+0000] {processor.py:157} INFO - Started process (PID=860) to work on /home/airflow/.local/lib/python3.7/site-packages/airflow/example_dags/example_trigger_target_dag.py
[2023-06-10T14:13:34.166+0000] {processor.py:826} INFO - Processing file /home/airflow/.local/lib/python3.7/site-packages/airflow/example_dags/example_trigger_target_dag.py for tasks to queue
[2023-06-10T14:13:34.167+0000] {logging_mixin.py:149} INFO - [2023-06-10T14:13:34.167+0000] {dagbag.py:541} INFO - Filling up the DagBag from /home/airflow/.local/lib/python3.7/site-packages/airflow/example_dags/example_trigger_target_dag.py
[2023-06-10T14:13:34.177+0000] {processor.py:836} INFO - DAG(s) dict_keys(['example_trigger_target_dag']) retrieved from /home/airflow/.local/lib/python3.7/site-packages/airflow/example_dags/example_trigger_target_dag.py
[2023-06-10T14:13:34.203+0000] {logging_mixin.py:149} INFO - [2023-06-10T14:13:34.203+0000] {dag.py:2726} INFO - Sync 1 DAGs
[2023-06-10T14:13:34.300+0000] {logging_mixin.py:149} INFO - [2023-06-10T14:13:34.300+0000] {dag.py:3490} INFO - Setting next_dagrun for example_trigger_target_dag to None, run_after=None
[2023-06-10T14:13:34.347+0000] {processor.py:179} INFO - Processing /home/airflow/.local/lib/python3.7/site-packages/airflow/example_dags/example_trigger_target_dag.py took 0.211 seconds
[2023-06-10T14:14:04.981+0000] {processor.py:157} INFO - Started process (PID=914) to work on /home/airflow/.local/lib/python3.7/site-packages/airflow/example_dags/example_trigger_target_dag.py
[2023-06-10T14:14:04.991+0000] {processor.py:826} INFO - Processing file /home/airflow/.local/lib/python3.7/site-packages/airflow/example_dags/example_trigger_target_dag.py for tasks to queue
[2023-06-10T14:14:04.993+0000] {logging_mixin.py:149} INFO - [2023-06-10T14:14:04.993+0000] {dagbag.py:541} INFO - Filling up the DagBag from /home/airflow/.local/lib/python3.7/site-packages/airflow/example_dags/example_trigger_target_dag.py
[2023-06-10T14:14:05.004+0000] {processor.py:836} INFO - DAG(s) dict_keys(['example_trigger_target_dag']) retrieved from /home/airflow/.local/lib/python3.7/site-packages/airflow/example_dags/example_trigger_target_dag.py
[2023-06-10T14:14:05.112+0000] {logging_mixin.py:149} INFO - [2023-06-10T14:14:05.111+0000] {dag.py:2726} INFO - Sync 1 DAGs
[2023-06-10T14:14:05.212+0000] {logging_mixin.py:149} INFO - [2023-06-10T14:14:05.212+0000] {dag.py:3490} INFO - Setting next_dagrun for example_trigger_target_dag to None, run_after=None
[2023-06-10T14:14:05.342+0000] {processor.py:179} INFO - Processing /home/airflow/.local/lib/python3.7/site-packages/airflow/example_dags/example_trigger_target_dag.py took 0.378 seconds
[2023-06-10T14:14:36.133+0000] {processor.py:157} INFO - Started process (PID=969) to work on /home/airflow/.local/lib/python3.7/site-packages/airflow/example_dags/example_trigger_target_dag.py
[2023-06-10T14:14:36.136+0000] {processor.py:826} INFO - Processing file /home/airflow/.local/lib/python3.7/site-packages/airflow/example_dags/example_trigger_target_dag.py for tasks to queue
[2023-06-10T14:14:36.138+0000] {logging_mixin.py:149} INFO - [2023-06-10T14:14:36.137+0000] {dagbag.py:541} INFO - Filling up the DagBag from /home/airflow/.local/lib/python3.7/site-packages/airflow/example_dags/example_trigger_target_dag.py
[2023-06-10T14:14:36.151+0000] {processor.py:836} INFO - DAG(s) dict_keys(['example_trigger_target_dag']) retrieved from /home/airflow/.local/lib/python3.7/site-packages/airflow/example_dags/example_trigger_target_dag.py
[2023-06-10T14:14:36.227+0000] {logging_mixin.py:149} INFO - [2023-06-10T14:14:36.226+0000] {dag.py:2726} INFO - Sync 1 DAGs
[2023-06-10T14:14:36.347+0000] {logging_mixin.py:149} INFO - [2023-06-10T14:14:36.347+0000] {dag.py:3490} INFO - Setting next_dagrun for example_trigger_target_dag to None, run_after=None
[2023-06-10T14:14:36.408+0000] {processor.py:179} INFO - Processing /home/airflow/.local/lib/python3.7/site-packages/airflow/example_dags/example_trigger_target_dag.py took 0.283 seconds
[2023-06-10T14:15:07.386+0000] {processor.py:157} INFO - Started process (PID=1025) to work on /home/airflow/.local/lib/python3.7/site-packages/airflow/example_dags/example_trigger_target_dag.py
[2023-06-10T14:15:07.388+0000] {processor.py:826} INFO - Processing file /home/airflow/.local/lib/python3.7/site-packages/airflow/example_dags/example_trigger_target_dag.py for tasks to queue
[2023-06-10T14:15:07.393+0000] {logging_mixin.py:149} INFO - [2023-06-10T14:15:07.392+0000] {dagbag.py:541} INFO - Filling up the DagBag from /home/airflow/.local/lib/python3.7/site-packages/airflow/example_dags/example_trigger_target_dag.py
[2023-06-10T14:15:07.419+0000] {processor.py:836} INFO - DAG(s) dict_keys(['example_trigger_target_dag']) retrieved from /home/airflow/.local/lib/python3.7/site-packages/airflow/example_dags/example_trigger_target_dag.py
[2023-06-10T14:15:07.499+0000] {logging_mixin.py:149} INFO - [2023-06-10T14:15:07.499+0000] {dag.py:2726} INFO - Sync 1 DAGs
[2023-06-10T14:15:07.570+0000] {logging_mixin.py:149} INFO - [2023-06-10T14:15:07.570+0000] {dag.py:3490} INFO - Setting next_dagrun for example_trigger_target_dag to None, run_after=None
[2023-06-10T14:15:07.625+0000] {processor.py:179} INFO - Processing /home/airflow/.local/lib/python3.7/site-packages/airflow/example_dags/example_trigger_target_dag.py took 0.247 seconds
[2023-06-10T14:15:38.608+0000] {processor.py:157} INFO - Started process (PID=1080) to work on /home/airflow/.local/lib/python3.7/site-packages/airflow/example_dags/example_trigger_target_dag.py
[2023-06-10T14:15:38.612+0000] {processor.py:826} INFO - Processing file /home/airflow/.local/lib/python3.7/site-packages/airflow/example_dags/example_trigger_target_dag.py for tasks to queue
[2023-06-10T14:15:38.613+0000] {logging_mixin.py:149} INFO - [2023-06-10T14:15:38.613+0000] {dagbag.py:541} INFO - Filling up the DagBag from /home/airflow/.local/lib/python3.7/site-packages/airflow/example_dags/example_trigger_target_dag.py
[2023-06-10T14:15:38.623+0000] {processor.py:836} INFO - DAG(s) dict_keys(['example_trigger_target_dag']) retrieved from /home/airflow/.local/lib/python3.7/site-packages/airflow/example_dags/example_trigger_target_dag.py
[2023-06-10T14:15:38.677+0000] {logging_mixin.py:149} INFO - [2023-06-10T14:15:38.677+0000] {dag.py:2726} INFO - Sync 1 DAGs
[2023-06-10T14:15:38.764+0000] {logging_mixin.py:149} INFO - [2023-06-10T14:15:38.764+0000] {dag.py:3490} INFO - Setting next_dagrun for example_trigger_target_dag to None, run_after=None
[2023-06-10T14:15:38.809+0000] {processor.py:179} INFO - Processing /home/airflow/.local/lib/python3.7/site-packages/airflow/example_dags/example_trigger_target_dag.py took 0.210 seconds
[2023-06-10T14:16:09.301+0000] {processor.py:157} INFO - Started process (PID=1136) to work on /home/airflow/.local/lib/python3.7/site-packages/airflow/example_dags/example_trigger_target_dag.py
[2023-06-10T14:16:09.305+0000] {processor.py:826} INFO - Processing file /home/airflow/.local/lib/python3.7/site-packages/airflow/example_dags/example_trigger_target_dag.py for tasks to queue
[2023-06-10T14:16:09.307+0000] {logging_mixin.py:149} INFO - [2023-06-10T14:16:09.307+0000] {dagbag.py:541} INFO - Filling up the DagBag from /home/airflow/.local/lib/python3.7/site-packages/airflow/example_dags/example_trigger_target_dag.py
[2023-06-10T14:16:09.327+0000] {processor.py:836} INFO - DAG(s) dict_keys(['example_trigger_target_dag']) retrieved from /home/airflow/.local/lib/python3.7/site-packages/airflow/example_dags/example_trigger_target_dag.py
[2023-06-10T14:16:09.385+0000] {logging_mixin.py:149} INFO - [2023-06-10T14:16:09.384+0000] {dag.py:2726} INFO - Sync 1 DAGs
[2023-06-10T14:16:09.456+0000] {logging_mixin.py:149} INFO - [2023-06-10T14:16:09.456+0000] {dag.py:3490} INFO - Setting next_dagrun for example_trigger_target_dag to None, run_after=None
[2023-06-10T14:16:09.502+0000] {processor.py:179} INFO - Processing /home/airflow/.local/lib/python3.7/site-packages/airflow/example_dags/example_trigger_target_dag.py took 0.226 seconds
[2023-06-10T14:16:40.557+0000] {processor.py:157} INFO - Started process (PID=1192) to work on /home/airflow/.local/lib/python3.7/site-packages/airflow/example_dags/example_trigger_target_dag.py
[2023-06-10T14:16:40.560+0000] {processor.py:826} INFO - Processing file /home/airflow/.local/lib/python3.7/site-packages/airflow/example_dags/example_trigger_target_dag.py for tasks to queue
[2023-06-10T14:16:40.566+0000] {logging_mixin.py:149} INFO - [2023-06-10T14:16:40.566+0000] {dagbag.py:541} INFO - Filling up the DagBag from /home/airflow/.local/lib/python3.7/site-packages/airflow/example_dags/example_trigger_target_dag.py
[2023-06-10T14:16:40.576+0000] {processor.py:836} INFO - DAG(s) dict_keys(['example_trigger_target_dag']) retrieved from /home/airflow/.local/lib/python3.7/site-packages/airflow/example_dags/example_trigger_target_dag.py
[2023-06-10T14:16:40.631+0000] {logging_mixin.py:149} INFO - [2023-06-10T14:16:40.631+0000] {dag.py:2726} INFO - Sync 1 DAGs
[2023-06-10T14:16:40.697+0000] {logging_mixin.py:149} INFO - [2023-06-10T14:16:40.696+0000] {dag.py:3490} INFO - Setting next_dagrun for example_trigger_target_dag to None, run_after=None
[2023-06-10T14:16:40.747+0000] {processor.py:179} INFO - Processing /home/airflow/.local/lib/python3.7/site-packages/airflow/example_dags/example_trigger_target_dag.py took 0.208 seconds
[2023-06-10T14:27:17.693+0000] {processor.py:157} INFO - Started process (PID=42) to work on /home/airflow/.local/lib/python3.7/site-packages/airflow/example_dags/example_trigger_target_dag.py
[2023-06-10T14:27:17.703+0000] {processor.py:826} INFO - Processing file /home/airflow/.local/lib/python3.7/site-packages/airflow/example_dags/example_trigger_target_dag.py for tasks to queue
[2023-06-10T14:27:17.704+0000] {logging_mixin.py:149} INFO - [2023-06-10T14:27:17.704+0000] {dagbag.py:541} INFO - Filling up the DagBag from /home/airflow/.local/lib/python3.7/site-packages/airflow/example_dags/example_trigger_target_dag.py
[2023-06-10T14:27:17.754+0000] {processor.py:836} INFO - DAG(s) dict_keys(['example_trigger_target_dag']) retrieved from /home/airflow/.local/lib/python3.7/site-packages/airflow/example_dags/example_trigger_target_dag.py
[2023-06-10T14:27:17.892+0000] {logging_mixin.py:149} INFO - [2023-06-10T14:27:17.891+0000] {dag.py:2726} INFO - Sync 1 DAGs
[2023-06-10T14:27:18.027+0000] {logging_mixin.py:149} INFO - [2023-06-10T14:27:18.027+0000] {dag.py:3490} INFO - Setting next_dagrun for example_trigger_target_dag to None, run_after=None
[2023-06-10T14:27:18.076+0000] {processor.py:179} INFO - Processing /home/airflow/.local/lib/python3.7/site-packages/airflow/example_dags/example_trigger_target_dag.py took 0.413 seconds
[2023-06-10T14:27:48.275+0000] {processor.py:157} INFO - Started process (PID=96) to work on /home/airflow/.local/lib/python3.7/site-packages/airflow/example_dags/example_trigger_target_dag.py
[2023-06-10T14:27:48.283+0000] {processor.py:826} INFO - Processing file /home/airflow/.local/lib/python3.7/site-packages/airflow/example_dags/example_trigger_target_dag.py for tasks to queue
[2023-06-10T14:27:48.291+0000] {logging_mixin.py:149} INFO - [2023-06-10T14:27:48.290+0000] {dagbag.py:541} INFO - Filling up the DagBag from /home/airflow/.local/lib/python3.7/site-packages/airflow/example_dags/example_trigger_target_dag.py
[2023-06-10T14:27:48.313+0000] {processor.py:836} INFO - DAG(s) dict_keys(['example_trigger_target_dag']) retrieved from /home/airflow/.local/lib/python3.7/site-packages/airflow/example_dags/example_trigger_target_dag.py
[2023-06-10T14:27:48.443+0000] {logging_mixin.py:149} INFO - [2023-06-10T14:27:48.443+0000] {dag.py:2726} INFO - Sync 1 DAGs
[2023-06-10T14:27:48.645+0000] {logging_mixin.py:149} INFO - [2023-06-10T14:27:48.644+0000] {dag.py:3490} INFO - Setting next_dagrun for example_trigger_target_dag to None, run_after=None
[2023-06-10T14:27:48.770+0000] {processor.py:179} INFO - Processing /home/airflow/.local/lib/python3.7/site-packages/airflow/example_dags/example_trigger_target_dag.py took 0.504 seconds
[2023-06-10T14:28:19.398+0000] {processor.py:157} INFO - Started process (PID=151) to work on /home/airflow/.local/lib/python3.7/site-packages/airflow/example_dags/example_trigger_target_dag.py
[2023-06-10T14:28:19.405+0000] {processor.py:826} INFO - Processing file /home/airflow/.local/lib/python3.7/site-packages/airflow/example_dags/example_trigger_target_dag.py for tasks to queue
[2023-06-10T14:28:19.407+0000] {logging_mixin.py:149} INFO - [2023-06-10T14:28:19.406+0000] {dagbag.py:541} INFO - Filling up the DagBag from /home/airflow/.local/lib/python3.7/site-packages/airflow/example_dags/example_trigger_target_dag.py
[2023-06-10T14:28:19.465+0000] {processor.py:836} INFO - DAG(s) dict_keys(['example_trigger_target_dag']) retrieved from /home/airflow/.local/lib/python3.7/site-packages/airflow/example_dags/example_trigger_target_dag.py
[2023-06-10T14:28:19.771+0000] {logging_mixin.py:149} INFO - [2023-06-10T14:28:19.770+0000] {dag.py:2726} INFO - Sync 1 DAGs
[2023-06-10T14:28:20.015+0000] {logging_mixin.py:149} INFO - [2023-06-10T14:28:20.015+0000] {dag.py:3490} INFO - Setting next_dagrun for example_trigger_target_dag to None, run_after=None
[2023-06-10T14:28:20.324+0000] {processor.py:179} INFO - Processing /home/airflow/.local/lib/python3.7/site-packages/airflow/example_dags/example_trigger_target_dag.py took 0.946 seconds
[2023-06-10T14:28:51.158+0000] {processor.py:157} INFO - Started process (PID=206) to work on /home/airflow/.local/lib/python3.7/site-packages/airflow/example_dags/example_trigger_target_dag.py
[2023-06-10T14:28:51.160+0000] {processor.py:826} INFO - Processing file /home/airflow/.local/lib/python3.7/site-packages/airflow/example_dags/example_trigger_target_dag.py for tasks to queue
[2023-06-10T14:28:51.162+0000] {logging_mixin.py:149} INFO - [2023-06-10T14:28:51.162+0000] {dagbag.py:541} INFO - Filling up the DagBag from /home/airflow/.local/lib/python3.7/site-packages/airflow/example_dags/example_trigger_target_dag.py
[2023-06-10T14:28:51.183+0000] {processor.py:836} INFO - DAG(s) dict_keys(['example_trigger_target_dag']) retrieved from /home/airflow/.local/lib/python3.7/site-packages/airflow/example_dags/example_trigger_target_dag.py
[2023-06-10T14:28:51.250+0000] {logging_mixin.py:149} INFO - [2023-06-10T14:28:51.249+0000] {dag.py:2726} INFO - Sync 1 DAGs
[2023-06-10T14:28:51.328+0000] {logging_mixin.py:149} INFO - [2023-06-10T14:28:51.328+0000] {dag.py:3490} INFO - Setting next_dagrun for example_trigger_target_dag to None, run_after=None
[2023-06-10T14:28:51.374+0000] {processor.py:179} INFO - Processing /home/airflow/.local/lib/python3.7/site-packages/airflow/example_dags/example_trigger_target_dag.py took 0.226 seconds
[2023-06-10T14:29:21.712+0000] {processor.py:157} INFO - Started process (PID=261) to work on /home/airflow/.local/lib/python3.7/site-packages/airflow/example_dags/example_trigger_target_dag.py
[2023-06-10T14:29:21.715+0000] {processor.py:826} INFO - Processing file /home/airflow/.local/lib/python3.7/site-packages/airflow/example_dags/example_trigger_target_dag.py for tasks to queue
[2023-06-10T14:29:21.717+0000] {logging_mixin.py:149} INFO - [2023-06-10T14:29:21.717+0000] {dagbag.py:541} INFO - Filling up the DagBag from /home/airflow/.local/lib/python3.7/site-packages/airflow/example_dags/example_trigger_target_dag.py
[2023-06-10T14:29:21.759+0000] {processor.py:836} INFO - DAG(s) dict_keys(['example_trigger_target_dag']) retrieved from /home/airflow/.local/lib/python3.7/site-packages/airflow/example_dags/example_trigger_target_dag.py
[2023-06-10T14:29:21.924+0000] {logging_mixin.py:149} INFO - [2023-06-10T14:29:21.924+0000] {dag.py:2726} INFO - Sync 1 DAGs
[2023-06-10T14:29:21.996+0000] {logging_mixin.py:149} INFO - [2023-06-10T14:29:21.996+0000] {dag.py:3490} INFO - Setting next_dagrun for example_trigger_target_dag to None, run_after=None
[2023-06-10T14:29:22.039+0000] {processor.py:179} INFO - Processing /home/airflow/.local/lib/python3.7/site-packages/airflow/example_dags/example_trigger_target_dag.py took 0.353 seconds
[2023-06-10T14:29:52.622+0000] {processor.py:157} INFO - Started process (PID=316) to work on /home/airflow/.local/lib/python3.7/site-packages/airflow/example_dags/example_trigger_target_dag.py
[2023-06-10T14:29:52.624+0000] {processor.py:826} INFO - Processing file /home/airflow/.local/lib/python3.7/site-packages/airflow/example_dags/example_trigger_target_dag.py for tasks to queue
[2023-06-10T14:29:52.627+0000] {logging_mixin.py:149} INFO - [2023-06-10T14:29:52.627+0000] {dagbag.py:541} INFO - Filling up the DagBag from /home/airflow/.local/lib/python3.7/site-packages/airflow/example_dags/example_trigger_target_dag.py
[2023-06-10T14:29:52.643+0000] {processor.py:836} INFO - DAG(s) dict_keys(['example_trigger_target_dag']) retrieved from /home/airflow/.local/lib/python3.7/site-packages/airflow/example_dags/example_trigger_target_dag.py
[2023-06-10T14:29:52.709+0000] {logging_mixin.py:149} INFO - [2023-06-10T14:29:52.709+0000] {dag.py:2726} INFO - Sync 1 DAGs
[2023-06-10T14:29:52.788+0000] {logging_mixin.py:149} INFO - [2023-06-10T14:29:52.787+0000] {dag.py:3490} INFO - Setting next_dagrun for example_trigger_target_dag to None, run_after=None
[2023-06-10T14:29:52.837+0000] {processor.py:179} INFO - Processing /home/airflow/.local/lib/python3.7/site-packages/airflow/example_dags/example_trigger_target_dag.py took 0.223 seconds
[2023-06-10T14:30:23.317+0000] {processor.py:157} INFO - Started process (PID=368) to work on /home/airflow/.local/lib/python3.7/site-packages/airflow/example_dags/example_trigger_target_dag.py
[2023-06-10T14:30:23.319+0000] {processor.py:826} INFO - Processing file /home/airflow/.local/lib/python3.7/site-packages/airflow/example_dags/example_trigger_target_dag.py for tasks to queue
[2023-06-10T14:30:23.322+0000] {logging_mixin.py:149} INFO - [2023-06-10T14:30:23.321+0000] {dagbag.py:541} INFO - Filling up the DagBag from /home/airflow/.local/lib/python3.7/site-packages/airflow/example_dags/example_trigger_target_dag.py
[2023-06-10T14:30:23.346+0000] {processor.py:836} INFO - DAG(s) dict_keys(['example_trigger_target_dag']) retrieved from /home/airflow/.local/lib/python3.7/site-packages/airflow/example_dags/example_trigger_target_dag.py
[2023-06-10T14:30:23.405+0000] {logging_mixin.py:149} INFO - [2023-06-10T14:30:23.405+0000] {dag.py:2726} INFO - Sync 1 DAGs
[2023-06-10T14:30:23.470+0000] {logging_mixin.py:149} INFO - [2023-06-10T14:30:23.470+0000] {dag.py:3490} INFO - Setting next_dagrun for example_trigger_target_dag to None, run_after=None
[2023-06-10T14:30:23.521+0000] {processor.py:179} INFO - Processing /home/airflow/.local/lib/python3.7/site-packages/airflow/example_dags/example_trigger_target_dag.py took 0.211 seconds
[2023-06-10T14:30:53.803+0000] {processor.py:157} INFO - Started process (PID=423) to work on /home/airflow/.local/lib/python3.7/site-packages/airflow/example_dags/example_trigger_target_dag.py
[2023-06-10T14:30:53.805+0000] {processor.py:826} INFO - Processing file /home/airflow/.local/lib/python3.7/site-packages/airflow/example_dags/example_trigger_target_dag.py for tasks to queue
[2023-06-10T14:30:53.806+0000] {logging_mixin.py:149} INFO - [2023-06-10T14:30:53.806+0000] {dagbag.py:541} INFO - Filling up the DagBag from /home/airflow/.local/lib/python3.7/site-packages/airflow/example_dags/example_trigger_target_dag.py
[2023-06-10T14:30:53.816+0000] {processor.py:836} INFO - DAG(s) dict_keys(['example_trigger_target_dag']) retrieved from /home/airflow/.local/lib/python3.7/site-packages/airflow/example_dags/example_trigger_target_dag.py
[2023-06-10T14:30:53.867+0000] {logging_mixin.py:149} INFO - [2023-06-10T14:30:53.866+0000] {dag.py:2726} INFO - Sync 1 DAGs
[2023-06-10T14:30:53.935+0000] {logging_mixin.py:149} INFO - [2023-06-10T14:30:53.935+0000] {dag.py:3490} INFO - Setting next_dagrun for example_trigger_target_dag to None, run_after=None
[2023-06-10T14:30:53.984+0000] {processor.py:179} INFO - Processing /home/airflow/.local/lib/python3.7/site-packages/airflow/example_dags/example_trigger_target_dag.py took 0.194 seconds
