[2023-06-10T14:06:19.451+0000] {processor.py:157} INFO - Started process (PID=77) to work on /home/airflow/.local/lib/python3.7/site-packages/airflow/example_dags/example_branch_day_of_week_operator.py
[2023-06-10T14:06:19.454+0000] {processor.py:826} INFO - Processing file /home/airflow/.local/lib/python3.7/site-packages/airflow/example_dags/example_branch_day_of_week_operator.py for tasks to queue
[2023-06-10T14:06:19.457+0000] {logging_mixin.py:149} INFO - [2023-06-10T14:06:19.456+0000] {dagbag.py:541} INFO - Filling up the DagBag from /home/airflow/.local/lib/python3.7/site-packages/airflow/example_dags/example_branch_day_of_week_operator.py
[2023-06-10T14:06:19.480+0000] {processor.py:836} INFO - DAG(s) dict_keys(['example_weekday_branch_operator']) retrieved from /home/airflow/.local/lib/python3.7/site-packages/airflow/example_dags/example_branch_day_of_week_operator.py
[2023-06-10T14:06:19.571+0000] {logging_mixin.py:149} INFO - [2023-06-10T14:06:19.571+0000] {dag.py:2726} INFO - Sync 1 DAGs
[2023-06-10T14:06:19.654+0000] {logging_mixin.py:149} INFO - [2023-06-10T14:06:19.654+0000] {dag.py:3490} INFO - Setting next_dagrun for example_weekday_branch_operator to 2023-06-09T00:00:00+00:00, run_after=2023-06-10T00:00:00+00:00
[2023-06-10T14:06:19.740+0000] {processor.py:179} INFO - Processing /home/airflow/.local/lib/python3.7/site-packages/airflow/example_dags/example_branch_day_of_week_operator.py took 0.297 seconds
[2023-06-10T14:06:50.906+0000] {processor.py:157} INFO - Started process (PID=133) to work on /home/airflow/.local/lib/python3.7/site-packages/airflow/example_dags/example_branch_day_of_week_operator.py
[2023-06-10T14:06:50.908+0000] {processor.py:826} INFO - Processing file /home/airflow/.local/lib/python3.7/site-packages/airflow/example_dags/example_branch_day_of_week_operator.py for tasks to queue
[2023-06-10T14:06:50.910+0000] {logging_mixin.py:149} INFO - [2023-06-10T14:06:50.910+0000] {dagbag.py:541} INFO - Filling up the DagBag from /home/airflow/.local/lib/python3.7/site-packages/airflow/example_dags/example_branch_day_of_week_operator.py
[2023-06-10T14:06:50.945+0000] {processor.py:836} INFO - DAG(s) dict_keys(['example_weekday_branch_operator']) retrieved from /home/airflow/.local/lib/python3.7/site-packages/airflow/example_dags/example_branch_day_of_week_operator.py
[2023-06-10T14:06:51.043+0000] {logging_mixin.py:149} INFO - [2023-06-10T14:06:51.043+0000] {dag.py:2726} INFO - Sync 1 DAGs
[2023-06-10T14:06:51.122+0000] {logging_mixin.py:149} INFO - [2023-06-10T14:06:51.122+0000] {dag.py:3490} INFO - Setting next_dagrun for example_weekday_branch_operator to 2023-06-09T00:00:00+00:00, run_after=2023-06-10T00:00:00+00:00
[2023-06-10T14:06:51.164+0000] {processor.py:179} INFO - Processing /home/airflow/.local/lib/python3.7/site-packages/airflow/example_dags/example_branch_day_of_week_operator.py took 0.265 seconds
[2023-06-10T14:07:21.735+0000] {processor.py:157} INFO - Started process (PID=188) to work on /home/airflow/.local/lib/python3.7/site-packages/airflow/example_dags/example_branch_day_of_week_operator.py
[2023-06-10T14:07:21.737+0000] {processor.py:826} INFO - Processing file /home/airflow/.local/lib/python3.7/site-packages/airflow/example_dags/example_branch_day_of_week_operator.py for tasks to queue
[2023-06-10T14:07:21.738+0000] {logging_mixin.py:149} INFO - [2023-06-10T14:07:21.738+0000] {dagbag.py:541} INFO - Filling up the DagBag from /home/airflow/.local/lib/python3.7/site-packages/airflow/example_dags/example_branch_day_of_week_operator.py
[2023-06-10T14:07:21.751+0000] {processor.py:836} INFO - DAG(s) dict_keys(['example_weekday_branch_operator']) retrieved from /home/airflow/.local/lib/python3.7/site-packages/airflow/example_dags/example_branch_day_of_week_operator.py
[2023-06-10T14:07:21.799+0000] {logging_mixin.py:149} INFO - [2023-06-10T14:07:21.799+0000] {dag.py:2726} INFO - Sync 1 DAGs
[2023-06-10T14:07:21.871+0000] {logging_mixin.py:149} INFO - [2023-06-10T14:07:21.871+0000] {dag.py:3490} INFO - Setting next_dagrun for example_weekday_branch_operator to 2023-06-09T00:00:00+00:00, run_after=2023-06-10T00:00:00+00:00
[2023-06-10T14:07:21.931+0000] {processor.py:179} INFO - Processing /home/airflow/.local/lib/python3.7/site-packages/airflow/example_dags/example_branch_day_of_week_operator.py took 0.200 seconds
[2023-06-10T14:07:52.092+0000] {processor.py:157} INFO - Started process (PID=243) to work on /home/airflow/.local/lib/python3.7/site-packages/airflow/example_dags/example_branch_day_of_week_operator.py
[2023-06-10T14:07:52.093+0000] {processor.py:826} INFO - Processing file /home/airflow/.local/lib/python3.7/site-packages/airflow/example_dags/example_branch_day_of_week_operator.py for tasks to queue
[2023-06-10T14:07:52.095+0000] {logging_mixin.py:149} INFO - [2023-06-10T14:07:52.094+0000] {dagbag.py:541} INFO - Filling up the DagBag from /home/airflow/.local/lib/python3.7/site-packages/airflow/example_dags/example_branch_day_of_week_operator.py
[2023-06-10T14:07:52.112+0000] {processor.py:836} INFO - DAG(s) dict_keys(['example_weekday_branch_operator']) retrieved from /home/airflow/.local/lib/python3.7/site-packages/airflow/example_dags/example_branch_day_of_week_operator.py
[2023-06-10T14:07:52.177+0000] {logging_mixin.py:149} INFO - [2023-06-10T14:07:52.177+0000] {dag.py:2726} INFO - Sync 1 DAGs
[2023-06-10T14:07:52.270+0000] {logging_mixin.py:149} INFO - [2023-06-10T14:07:52.270+0000] {dag.py:3490} INFO - Setting next_dagrun for example_weekday_branch_operator to 2023-06-09T00:00:00+00:00, run_after=2023-06-10T00:00:00+00:00
[2023-06-10T14:07:52.646+0000] {processor.py:179} INFO - Processing /home/airflow/.local/lib/python3.7/site-packages/airflow/example_dags/example_branch_day_of_week_operator.py took 0.561 seconds
[2023-06-10T14:08:24.181+0000] {processor.py:157} INFO - Started process (PID=298) to work on /home/airflow/.local/lib/python3.7/site-packages/airflow/example_dags/example_branch_day_of_week_operator.py
[2023-06-10T14:08:24.186+0000] {processor.py:826} INFO - Processing file /home/airflow/.local/lib/python3.7/site-packages/airflow/example_dags/example_branch_day_of_week_operator.py for tasks to queue
[2023-06-10T14:08:24.189+0000] {logging_mixin.py:149} INFO - [2023-06-10T14:08:24.188+0000] {dagbag.py:541} INFO - Filling up the DagBag from /home/airflow/.local/lib/python3.7/site-packages/airflow/example_dags/example_branch_day_of_week_operator.py
[2023-06-10T14:08:24.232+0000] {processor.py:836} INFO - DAG(s) dict_keys(['example_weekday_branch_operator']) retrieved from /home/airflow/.local/lib/python3.7/site-packages/airflow/example_dags/example_branch_day_of_week_operator.py
[2023-06-10T14:08:24.349+0000] {logging_mixin.py:149} INFO - [2023-06-10T14:08:24.349+0000] {dag.py:2726} INFO - Sync 1 DAGs
[2023-06-10T14:08:24.495+0000] {logging_mixin.py:149} INFO - [2023-06-10T14:08:24.495+0000] {dag.py:3490} INFO - Setting next_dagrun for example_weekday_branch_operator to 2023-06-09T00:00:00+00:00, run_after=2023-06-10T00:00:00+00:00
[2023-06-10T14:08:24.577+0000] {processor.py:179} INFO - Processing /home/airflow/.local/lib/python3.7/site-packages/airflow/example_dags/example_branch_day_of_week_operator.py took 0.421 seconds
[2023-06-10T14:08:55.346+0000] {processor.py:157} INFO - Started process (PID=354) to work on /home/airflow/.local/lib/python3.7/site-packages/airflow/example_dags/example_branch_day_of_week_operator.py
[2023-06-10T14:08:55.348+0000] {processor.py:826} INFO - Processing file /home/airflow/.local/lib/python3.7/site-packages/airflow/example_dags/example_branch_day_of_week_operator.py for tasks to queue
[2023-06-10T14:08:55.350+0000] {logging_mixin.py:149} INFO - [2023-06-10T14:08:55.350+0000] {dagbag.py:541} INFO - Filling up the DagBag from /home/airflow/.local/lib/python3.7/site-packages/airflow/example_dags/example_branch_day_of_week_operator.py
[2023-06-10T14:08:55.369+0000] {processor.py:836} INFO - DAG(s) dict_keys(['example_weekday_branch_operator']) retrieved from /home/airflow/.local/lib/python3.7/site-packages/airflow/example_dags/example_branch_day_of_week_operator.py
[2023-06-10T14:08:55.396+0000] {logging_mixin.py:149} INFO - [2023-06-10T14:08:55.396+0000] {dag.py:2726} INFO - Sync 1 DAGs
[2023-06-10T14:08:55.484+0000] {logging_mixin.py:149} INFO - [2023-06-10T14:08:55.484+0000] {dag.py:3490} INFO - Setting next_dagrun for example_weekday_branch_operator to 2023-06-09T00:00:00+00:00, run_after=2023-06-10T00:00:00+00:00
[2023-06-10T14:08:55.535+0000] {processor.py:179} INFO - Processing /home/airflow/.local/lib/python3.7/site-packages/airflow/example_dags/example_branch_day_of_week_operator.py took 0.197 seconds
[2023-06-10T14:09:26.086+0000] {processor.py:157} INFO - Started process (PID=407) to work on /home/airflow/.local/lib/python3.7/site-packages/airflow/example_dags/example_branch_day_of_week_operator.py
[2023-06-10T14:09:26.090+0000] {processor.py:826} INFO - Processing file /home/airflow/.local/lib/python3.7/site-packages/airflow/example_dags/example_branch_day_of_week_operator.py for tasks to queue
[2023-06-10T14:09:26.093+0000] {logging_mixin.py:149} INFO - [2023-06-10T14:09:26.092+0000] {dagbag.py:541} INFO - Filling up the DagBag from /home/airflow/.local/lib/python3.7/site-packages/airflow/example_dags/example_branch_day_of_week_operator.py
[2023-06-10T14:09:26.114+0000] {processor.py:836} INFO - DAG(s) dict_keys(['example_weekday_branch_operator']) retrieved from /home/airflow/.local/lib/python3.7/site-packages/airflow/example_dags/example_branch_day_of_week_operator.py
[2023-06-10T14:09:26.170+0000] {logging_mixin.py:149} INFO - [2023-06-10T14:09:26.170+0000] {dag.py:2726} INFO - Sync 1 DAGs
[2023-06-10T14:09:26.242+0000] {logging_mixin.py:149} INFO - [2023-06-10T14:09:26.242+0000] {dag.py:3490} INFO - Setting next_dagrun for example_weekday_branch_operator to 2023-06-09T00:00:00+00:00, run_after=2023-06-10T00:00:00+00:00
[2023-06-10T14:09:26.287+0000] {processor.py:179} INFO - Processing /home/airflow/.local/lib/python3.7/site-packages/airflow/example_dags/example_branch_day_of_week_operator.py took 0.219 seconds
[2023-06-10T14:09:56.438+0000] {processor.py:157} INFO - Started process (PID=462) to work on /home/airflow/.local/lib/python3.7/site-packages/airflow/example_dags/example_branch_day_of_week_operator.py
[2023-06-10T14:09:56.440+0000] {processor.py:826} INFO - Processing file /home/airflow/.local/lib/python3.7/site-packages/airflow/example_dags/example_branch_day_of_week_operator.py for tasks to queue
[2023-06-10T14:09:56.442+0000] {logging_mixin.py:149} INFO - [2023-06-10T14:09:56.442+0000] {dagbag.py:541} INFO - Filling up the DagBag from /home/airflow/.local/lib/python3.7/site-packages/airflow/example_dags/example_branch_day_of_week_operator.py
[2023-06-10T14:09:56.458+0000] {processor.py:836} INFO - DAG(s) dict_keys(['example_weekday_branch_operator']) retrieved from /home/airflow/.local/lib/python3.7/site-packages/airflow/example_dags/example_branch_day_of_week_operator.py
[2023-06-10T14:09:56.501+0000] {logging_mixin.py:149} INFO - [2023-06-10T14:09:56.501+0000] {dag.py:2726} INFO - Sync 1 DAGs
[2023-06-10T14:09:56.562+0000] {logging_mixin.py:149} INFO - [2023-06-10T14:09:56.562+0000] {dag.py:3490} INFO - Setting next_dagrun for example_weekday_branch_operator to 2023-06-09T00:00:00+00:00, run_after=2023-06-10T00:00:00+00:00
[2023-06-10T14:09:56.596+0000] {processor.py:179} INFO - Processing /home/airflow/.local/lib/python3.7/site-packages/airflow/example_dags/example_branch_day_of_week_operator.py took 0.164 seconds
[2023-06-10T14:10:26.793+0000] {processor.py:157} INFO - Started process (PID=517) to work on /home/airflow/.local/lib/python3.7/site-packages/airflow/example_dags/example_branch_day_of_week_operator.py
[2023-06-10T14:10:26.795+0000] {processor.py:826} INFO - Processing file /home/airflow/.local/lib/python3.7/site-packages/airflow/example_dags/example_branch_day_of_week_operator.py for tasks to queue
[2023-06-10T14:10:26.797+0000] {logging_mixin.py:149} INFO - [2023-06-10T14:10:26.796+0000] {dagbag.py:541} INFO - Filling up the DagBag from /home/airflow/.local/lib/python3.7/site-packages/airflow/example_dags/example_branch_day_of_week_operator.py
[2023-06-10T14:10:26.815+0000] {processor.py:836} INFO - DAG(s) dict_keys(['example_weekday_branch_operator']) retrieved from /home/airflow/.local/lib/python3.7/site-packages/airflow/example_dags/example_branch_day_of_week_operator.py
[2023-06-10T14:10:26.871+0000] {logging_mixin.py:149} INFO - [2023-06-10T14:10:26.870+0000] {dag.py:2726} INFO - Sync 1 DAGs
[2023-06-10T14:10:26.940+0000] {logging_mixin.py:149} INFO - [2023-06-10T14:10:26.940+0000] {dag.py:3490} INFO - Setting next_dagrun for example_weekday_branch_operator to 2023-06-09T00:00:00+00:00, run_after=2023-06-10T00:00:00+00:00
[2023-06-10T14:10:26.979+0000] {processor.py:179} INFO - Processing /home/airflow/.local/lib/python3.7/site-packages/airflow/example_dags/example_branch_day_of_week_operator.py took 0.194 seconds
[2023-06-10T14:10:57.082+0000] {processor.py:157} INFO - Started process (PID=572) to work on /home/airflow/.local/lib/python3.7/site-packages/airflow/example_dags/example_branch_day_of_week_operator.py
[2023-06-10T14:10:57.085+0000] {processor.py:826} INFO - Processing file /home/airflow/.local/lib/python3.7/site-packages/airflow/example_dags/example_branch_day_of_week_operator.py for tasks to queue
[2023-06-10T14:10:57.086+0000] {logging_mixin.py:149} INFO - [2023-06-10T14:10:57.086+0000] {dagbag.py:541} INFO - Filling up the DagBag from /home/airflow/.local/lib/python3.7/site-packages/airflow/example_dags/example_branch_day_of_week_operator.py
[2023-06-10T14:10:57.108+0000] {processor.py:836} INFO - DAG(s) dict_keys(['example_weekday_branch_operator']) retrieved from /home/airflow/.local/lib/python3.7/site-packages/airflow/example_dags/example_branch_day_of_week_operator.py
[2023-06-10T14:10:57.248+0000] {logging_mixin.py:149} INFO - [2023-06-10T14:10:57.247+0000] {dag.py:2726} INFO - Sync 1 DAGs
[2023-06-10T14:10:57.368+0000] {logging_mixin.py:149} INFO - [2023-06-10T14:10:57.367+0000] {dag.py:3490} INFO - Setting next_dagrun for example_weekday_branch_operator to 2023-06-09T00:00:00+00:00, run_after=2023-06-10T00:00:00+00:00
[2023-06-10T14:10:57.449+0000] {processor.py:179} INFO - Processing /home/airflow/.local/lib/python3.7/site-packages/airflow/example_dags/example_branch_day_of_week_operator.py took 0.378 seconds
[2023-06-10T14:11:28.306+0000] {processor.py:157} INFO - Started process (PID=633) to work on /home/airflow/.local/lib/python3.7/site-packages/airflow/example_dags/example_branch_day_of_week_operator.py
[2023-06-10T14:11:28.309+0000] {processor.py:826} INFO - Processing file /home/airflow/.local/lib/python3.7/site-packages/airflow/example_dags/example_branch_day_of_week_operator.py for tasks to queue
[2023-06-10T14:11:28.311+0000] {logging_mixin.py:149} INFO - [2023-06-10T14:11:28.311+0000] {dagbag.py:541} INFO - Filling up the DagBag from /home/airflow/.local/lib/python3.7/site-packages/airflow/example_dags/example_branch_day_of_week_operator.py
[2023-06-10T14:11:28.332+0000] {processor.py:836} INFO - DAG(s) dict_keys(['example_weekday_branch_operator']) retrieved from /home/airflow/.local/lib/python3.7/site-packages/airflow/example_dags/example_branch_day_of_week_operator.py
[2023-06-10T14:11:28.383+0000] {logging_mixin.py:149} INFO - [2023-06-10T14:11:28.383+0000] {dag.py:2726} INFO - Sync 1 DAGs
[2023-06-10T14:11:28.462+0000] {logging_mixin.py:149} INFO - [2023-06-10T14:11:28.462+0000] {dag.py:3490} INFO - Setting next_dagrun for example_weekday_branch_operator to 2023-06-09T00:00:00+00:00, run_after=2023-06-10T00:00:00+00:00
[2023-06-10T14:11:28.505+0000] {processor.py:179} INFO - Processing /home/airflow/.local/lib/python3.7/site-packages/airflow/example_dags/example_branch_day_of_week_operator.py took 0.217 seconds
[2023-06-10T14:11:59.219+0000] {processor.py:157} INFO - Started process (PID=689) to work on /home/airflow/.local/lib/python3.7/site-packages/airflow/example_dags/example_branch_day_of_week_operator.py
[2023-06-10T14:11:59.222+0000] {processor.py:826} INFO - Processing file /home/airflow/.local/lib/python3.7/site-packages/airflow/example_dags/example_branch_day_of_week_operator.py for tasks to queue
[2023-06-10T14:11:59.223+0000] {logging_mixin.py:149} INFO - [2023-06-10T14:11:59.223+0000] {dagbag.py:541} INFO - Filling up the DagBag from /home/airflow/.local/lib/python3.7/site-packages/airflow/example_dags/example_branch_day_of_week_operator.py
[2023-06-10T14:11:59.236+0000] {processor.py:836} INFO - DAG(s) dict_keys(['example_weekday_branch_operator']) retrieved from /home/airflow/.local/lib/python3.7/site-packages/airflow/example_dags/example_branch_day_of_week_operator.py
[2023-06-10T14:11:59.293+0000] {logging_mixin.py:149} INFO - [2023-06-10T14:11:59.293+0000] {dag.py:2726} INFO - Sync 1 DAGs
[2023-06-10T14:11:59.370+0000] {logging_mixin.py:149} INFO - [2023-06-10T14:11:59.369+0000] {dag.py:3490} INFO - Setting next_dagrun for example_weekday_branch_operator to 2023-06-09T00:00:00+00:00, run_after=2023-06-10T00:00:00+00:00
[2023-06-10T14:11:59.411+0000] {processor.py:179} INFO - Processing /home/airflow/.local/lib/python3.7/site-packages/airflow/example_dags/example_branch_day_of_week_operator.py took 0.198 seconds
[2023-06-10T14:12:29.561+0000] {processor.py:157} INFO - Started process (PID=744) to work on /home/airflow/.local/lib/python3.7/site-packages/airflow/example_dags/example_branch_day_of_week_operator.py
[2023-06-10T14:12:29.562+0000] {processor.py:826} INFO - Processing file /home/airflow/.local/lib/python3.7/site-packages/airflow/example_dags/example_branch_day_of_week_operator.py for tasks to queue
[2023-06-10T14:12:29.563+0000] {logging_mixin.py:149} INFO - [2023-06-10T14:12:29.563+0000] {dagbag.py:541} INFO - Filling up the DagBag from /home/airflow/.local/lib/python3.7/site-packages/airflow/example_dags/example_branch_day_of_week_operator.py
[2023-06-10T14:12:29.578+0000] {processor.py:836} INFO - DAG(s) dict_keys(['example_weekday_branch_operator']) retrieved from /home/airflow/.local/lib/python3.7/site-packages/airflow/example_dags/example_branch_day_of_week_operator.py
[2023-06-10T14:12:29.636+0000] {logging_mixin.py:149} INFO - [2023-06-10T14:12:29.635+0000] {dag.py:2726} INFO - Sync 1 DAGs
[2023-06-10T14:12:29.714+0000] {logging_mixin.py:149} INFO - [2023-06-10T14:12:29.714+0000] {dag.py:3490} INFO - Setting next_dagrun for example_weekday_branch_operator to 2023-06-09T00:00:00+00:00, run_after=2023-06-10T00:00:00+00:00
[2023-06-10T14:12:29.760+0000] {processor.py:179} INFO - Processing /home/airflow/.local/lib/python3.7/site-packages/airflow/example_dags/example_branch_day_of_week_operator.py took 0.207 seconds
[2023-06-10T14:13:00.365+0000] {processor.py:157} INFO - Started process (PID=799) to work on /home/airflow/.local/lib/python3.7/site-packages/airflow/example_dags/example_branch_day_of_week_operator.py
[2023-06-10T14:13:00.376+0000] {processor.py:826} INFO - Processing file /home/airflow/.local/lib/python3.7/site-packages/airflow/example_dags/example_branch_day_of_week_operator.py for tasks to queue
[2023-06-10T14:13:00.386+0000] {logging_mixin.py:149} INFO - [2023-06-10T14:13:00.377+0000] {dagbag.py:541} INFO - Filling up the DagBag from /home/airflow/.local/lib/python3.7/site-packages/airflow/example_dags/example_branch_day_of_week_operator.py
[2023-06-10T14:13:00.454+0000] {processor.py:836} INFO - DAG(s) dict_keys(['example_weekday_branch_operator']) retrieved from /home/airflow/.local/lib/python3.7/site-packages/airflow/example_dags/example_branch_day_of_week_operator.py
[2023-06-10T14:13:00.650+0000] {logging_mixin.py:149} INFO - [2023-06-10T14:13:00.649+0000] {dag.py:2726} INFO - Sync 1 DAGs
[2023-06-10T14:13:00.765+0000] {logging_mixin.py:149} INFO - [2023-06-10T14:13:00.765+0000] {dag.py:3490} INFO - Setting next_dagrun for example_weekday_branch_operator to 2023-06-09T00:00:00+00:00, run_after=2023-06-10T00:00:00+00:00
[2023-06-10T14:13:00.822+0000] {processor.py:179} INFO - Processing /home/airflow/.local/lib/python3.7/site-packages/airflow/example_dags/example_branch_day_of_week_operator.py took 0.511 seconds
[2023-06-10T14:13:31.139+0000] {processor.py:157} INFO - Started process (PID=853) to work on /home/airflow/.local/lib/python3.7/site-packages/airflow/example_dags/example_branch_day_of_week_operator.py
[2023-06-10T14:13:31.155+0000] {processor.py:826} INFO - Processing file /home/airflow/.local/lib/python3.7/site-packages/airflow/example_dags/example_branch_day_of_week_operator.py for tasks to queue
[2023-06-10T14:13:31.156+0000] {logging_mixin.py:149} INFO - [2023-06-10T14:13:31.156+0000] {dagbag.py:541} INFO - Filling up the DagBag from /home/airflow/.local/lib/python3.7/site-packages/airflow/example_dags/example_branch_day_of_week_operator.py
[2023-06-10T14:13:31.188+0000] {processor.py:836} INFO - DAG(s) dict_keys(['example_weekday_branch_operator']) retrieved from /home/airflow/.local/lib/python3.7/site-packages/airflow/example_dags/example_branch_day_of_week_operator.py
[2023-06-10T14:13:31.269+0000] {logging_mixin.py:149} INFO - [2023-06-10T14:13:31.268+0000] {dag.py:2726} INFO - Sync 1 DAGs
[2023-06-10T14:13:31.377+0000] {logging_mixin.py:149} INFO - [2023-06-10T14:13:31.376+0000] {dag.py:3490} INFO - Setting next_dagrun for example_weekday_branch_operator to 2023-06-09T00:00:00+00:00, run_after=2023-06-10T00:00:00+00:00
[2023-06-10T14:13:31.421+0000] {processor.py:179} INFO - Processing /home/airflow/.local/lib/python3.7/site-packages/airflow/example_dags/example_branch_day_of_week_operator.py took 0.287 seconds
[2023-06-10T14:14:01.803+0000] {processor.py:157} INFO - Started process (PID=907) to work on /home/airflow/.local/lib/python3.7/site-packages/airflow/example_dags/example_branch_day_of_week_operator.py
[2023-06-10T14:14:01.806+0000] {processor.py:826} INFO - Processing file /home/airflow/.local/lib/python3.7/site-packages/airflow/example_dags/example_branch_day_of_week_operator.py for tasks to queue
[2023-06-10T14:14:01.807+0000] {logging_mixin.py:149} INFO - [2023-06-10T14:14:01.807+0000] {dagbag.py:541} INFO - Filling up the DagBag from /home/airflow/.local/lib/python3.7/site-packages/airflow/example_dags/example_branch_day_of_week_operator.py
[2023-06-10T14:14:01.824+0000] {processor.py:836} INFO - DAG(s) dict_keys(['example_weekday_branch_operator']) retrieved from /home/airflow/.local/lib/python3.7/site-packages/airflow/example_dags/example_branch_day_of_week_operator.py
[2023-06-10T14:14:01.926+0000] {logging_mixin.py:149} INFO - [2023-06-10T14:14:01.926+0000] {dag.py:2726} INFO - Sync 1 DAGs
[2023-06-10T14:14:02.033+0000] {logging_mixin.py:149} INFO - [2023-06-10T14:14:02.032+0000] {dag.py:3490} INFO - Setting next_dagrun for example_weekday_branch_operator to 2023-06-09T00:00:00+00:00, run_after=2023-06-10T00:00:00+00:00
[2023-06-10T14:14:02.117+0000] {processor.py:179} INFO - Processing /home/airflow/.local/lib/python3.7/site-packages/airflow/example_dags/example_branch_day_of_week_operator.py took 0.322 seconds
[2023-06-10T14:14:32.514+0000] {processor.py:157} INFO - Started process (PID=962) to work on /home/airflow/.local/lib/python3.7/site-packages/airflow/example_dags/example_branch_day_of_week_operator.py
[2023-06-10T14:14:32.516+0000] {processor.py:826} INFO - Processing file /home/airflow/.local/lib/python3.7/site-packages/airflow/example_dags/example_branch_day_of_week_operator.py for tasks to queue
[2023-06-10T14:14:32.517+0000] {logging_mixin.py:149} INFO - [2023-06-10T14:14:32.517+0000] {dagbag.py:541} INFO - Filling up the DagBag from /home/airflow/.local/lib/python3.7/site-packages/airflow/example_dags/example_branch_day_of_week_operator.py
[2023-06-10T14:14:32.535+0000] {processor.py:836} INFO - DAG(s) dict_keys(['example_weekday_branch_operator']) retrieved from /home/airflow/.local/lib/python3.7/site-packages/airflow/example_dags/example_branch_day_of_week_operator.py
[2023-06-10T14:14:32.697+0000] {logging_mixin.py:149} INFO - [2023-06-10T14:14:32.697+0000] {dag.py:2726} INFO - Sync 1 DAGs
[2023-06-10T14:14:32.907+0000] {logging_mixin.py:149} INFO - [2023-06-10T14:14:32.907+0000] {dag.py:3490} INFO - Setting next_dagrun for example_weekday_branch_operator to 2023-06-09T00:00:00+00:00, run_after=2023-06-10T00:00:00+00:00
[2023-06-10T14:14:33.032+0000] {processor.py:179} INFO - Processing /home/airflow/.local/lib/python3.7/site-packages/airflow/example_dags/example_branch_day_of_week_operator.py took 0.525 seconds
[2023-06-10T14:15:03.190+0000] {processor.py:157} INFO - Started process (PID=1018) to work on /home/airflow/.local/lib/python3.7/site-packages/airflow/example_dags/example_branch_day_of_week_operator.py
[2023-06-10T14:15:03.193+0000] {processor.py:826} INFO - Processing file /home/airflow/.local/lib/python3.7/site-packages/airflow/example_dags/example_branch_day_of_week_operator.py for tasks to queue
[2023-06-10T14:15:03.195+0000] {logging_mixin.py:149} INFO - [2023-06-10T14:15:03.194+0000] {dagbag.py:541} INFO - Filling up the DagBag from /home/airflow/.local/lib/python3.7/site-packages/airflow/example_dags/example_branch_day_of_week_operator.py
[2023-06-10T14:15:03.217+0000] {processor.py:836} INFO - DAG(s) dict_keys(['example_weekday_branch_operator']) retrieved from /home/airflow/.local/lib/python3.7/site-packages/airflow/example_dags/example_branch_day_of_week_operator.py
[2023-06-10T14:15:03.307+0000] {logging_mixin.py:149} INFO - [2023-06-10T14:15:03.306+0000] {dag.py:2726} INFO - Sync 1 DAGs
[2023-06-10T14:15:03.418+0000] {logging_mixin.py:149} INFO - [2023-06-10T14:15:03.418+0000] {dag.py:3490} INFO - Setting next_dagrun for example_weekday_branch_operator to 2023-06-09T00:00:00+00:00, run_after=2023-06-10T00:00:00+00:00
[2023-06-10T14:15:03.467+0000] {processor.py:179} INFO - Processing /home/airflow/.local/lib/python3.7/site-packages/airflow/example_dags/example_branch_day_of_week_operator.py took 0.287 seconds
[2023-06-10T14:15:33.587+0000] {processor.py:157} INFO - Started process (PID=1073) to work on /home/airflow/.local/lib/python3.7/site-packages/airflow/example_dags/example_branch_day_of_week_operator.py
[2023-06-10T14:15:33.589+0000] {processor.py:826} INFO - Processing file /home/airflow/.local/lib/python3.7/site-packages/airflow/example_dags/example_branch_day_of_week_operator.py for tasks to queue
[2023-06-10T14:15:33.591+0000] {logging_mixin.py:149} INFO - [2023-06-10T14:15:33.591+0000] {dagbag.py:541} INFO - Filling up the DagBag from /home/airflow/.local/lib/python3.7/site-packages/airflow/example_dags/example_branch_day_of_week_operator.py
[2023-06-10T14:15:33.606+0000] {processor.py:836} INFO - DAG(s) dict_keys(['example_weekday_branch_operator']) retrieved from /home/airflow/.local/lib/python3.7/site-packages/airflow/example_dags/example_branch_day_of_week_operator.py
[2023-06-10T14:15:33.656+0000] {logging_mixin.py:149} INFO - [2023-06-10T14:15:33.656+0000] {dag.py:2726} INFO - Sync 1 DAGs
[2023-06-10T14:15:33.733+0000] {logging_mixin.py:149} INFO - [2023-06-10T14:15:33.732+0000] {dag.py:3490} INFO - Setting next_dagrun for example_weekday_branch_operator to 2023-06-09T00:00:00+00:00, run_after=2023-06-10T00:00:00+00:00
[2023-06-10T14:15:33.773+0000] {processor.py:179} INFO - Processing /home/airflow/.local/lib/python3.7/site-packages/airflow/example_dags/example_branch_day_of_week_operator.py took 0.195 seconds
[2023-06-10T14:16:04.107+0000] {processor.py:157} INFO - Started process (PID=1129) to work on /home/airflow/.local/lib/python3.7/site-packages/airflow/example_dags/example_branch_day_of_week_operator.py
[2023-06-10T14:16:04.111+0000] {processor.py:826} INFO - Processing file /home/airflow/.local/lib/python3.7/site-packages/airflow/example_dags/example_branch_day_of_week_operator.py for tasks to queue
[2023-06-10T14:16:04.114+0000] {logging_mixin.py:149} INFO - [2023-06-10T14:16:04.113+0000] {dagbag.py:541} INFO - Filling up the DagBag from /home/airflow/.local/lib/python3.7/site-packages/airflow/example_dags/example_branch_day_of_week_operator.py
[2023-06-10T14:16:04.156+0000] {processor.py:836} INFO - DAG(s) dict_keys(['example_weekday_branch_operator']) retrieved from /home/airflow/.local/lib/python3.7/site-packages/airflow/example_dags/example_branch_day_of_week_operator.py
[2023-06-10T14:16:04.252+0000] {logging_mixin.py:149} INFO - [2023-06-10T14:16:04.252+0000] {dag.py:2726} INFO - Sync 1 DAGs
[2023-06-10T14:16:04.338+0000] {logging_mixin.py:149} INFO - [2023-06-10T14:16:04.338+0000] {dag.py:3490} INFO - Setting next_dagrun for example_weekday_branch_operator to 2023-06-09T00:00:00+00:00, run_after=2023-06-10T00:00:00+00:00
[2023-06-10T14:16:04.406+0000] {processor.py:179} INFO - Processing /home/airflow/.local/lib/python3.7/site-packages/airflow/example_dags/example_branch_day_of_week_operator.py took 0.314 seconds
[2023-06-10T14:16:34.579+0000] {processor.py:157} INFO - Started process (PID=1185) to work on /home/airflow/.local/lib/python3.7/site-packages/airflow/example_dags/example_branch_day_of_week_operator.py
[2023-06-10T14:16:34.583+0000] {processor.py:826} INFO - Processing file /home/airflow/.local/lib/python3.7/site-packages/airflow/example_dags/example_branch_day_of_week_operator.py for tasks to queue
[2023-06-10T14:16:34.585+0000] {logging_mixin.py:149} INFO - [2023-06-10T14:16:34.584+0000] {dagbag.py:541} INFO - Filling up the DagBag from /home/airflow/.local/lib/python3.7/site-packages/airflow/example_dags/example_branch_day_of_week_operator.py
[2023-06-10T14:16:34.604+0000] {processor.py:836} INFO - DAG(s) dict_keys(['example_weekday_branch_operator']) retrieved from /home/airflow/.local/lib/python3.7/site-packages/airflow/example_dags/example_branch_day_of_week_operator.py
[2023-06-10T14:16:34.657+0000] {logging_mixin.py:149} INFO - [2023-06-10T14:16:34.656+0000] {dag.py:2726} INFO - Sync 1 DAGs
[2023-06-10T14:16:34.761+0000] {logging_mixin.py:149} INFO - [2023-06-10T14:16:34.761+0000] {dag.py:3490} INFO - Setting next_dagrun for example_weekday_branch_operator to 2023-06-09T00:00:00+00:00, run_after=2023-06-10T00:00:00+00:00
[2023-06-10T14:16:34.807+0000] {processor.py:179} INFO - Processing /home/airflow/.local/lib/python3.7/site-packages/airflow/example_dags/example_branch_day_of_week_operator.py took 0.237 seconds
[2023-06-10T14:27:36.620+0000] {processor.py:157} INFO - Started process (PID=84) to work on /home/airflow/.local/lib/python3.7/site-packages/airflow/example_dags/example_branch_day_of_week_operator.py
[2023-06-10T14:27:36.623+0000] {processor.py:826} INFO - Processing file /home/airflow/.local/lib/python3.7/site-packages/airflow/example_dags/example_branch_day_of_week_operator.py for tasks to queue
[2023-06-10T14:27:36.625+0000] {logging_mixin.py:149} INFO - [2023-06-10T14:27:36.624+0000] {dagbag.py:541} INFO - Filling up the DagBag from /home/airflow/.local/lib/python3.7/site-packages/airflow/example_dags/example_branch_day_of_week_operator.py
[2023-06-10T14:27:36.645+0000] {processor.py:836} INFO - DAG(s) dict_keys(['example_weekday_branch_operator']) retrieved from /home/airflow/.local/lib/python3.7/site-packages/airflow/example_dags/example_branch_day_of_week_operator.py
[2023-06-10T14:27:36.730+0000] {logging_mixin.py:149} INFO - [2023-06-10T14:27:36.730+0000] {dag.py:2726} INFO - Sync 1 DAGs
[2023-06-10T14:27:36.813+0000] {logging_mixin.py:149} INFO - [2023-06-10T14:27:36.813+0000] {dag.py:3490} INFO - Setting next_dagrun for example_weekday_branch_operator to 2023-06-09T00:00:00+00:00, run_after=2023-06-10T00:00:00+00:00
[2023-06-10T14:27:36.895+0000] {processor.py:179} INFO - Processing /home/airflow/.local/lib/python3.7/site-packages/airflow/example_dags/example_branch_day_of_week_operator.py took 0.296 seconds
[2023-06-10T14:28:11.543+0000] {processor.py:157} INFO - Started process (PID=139) to work on /home/airflow/.local/lib/python3.7/site-packages/airflow/example_dags/example_branch_day_of_week_operator.py
[2023-06-10T14:28:11.549+0000] {processor.py:826} INFO - Processing file /home/airflow/.local/lib/python3.7/site-packages/airflow/example_dags/example_branch_day_of_week_operator.py for tasks to queue
[2023-06-10T14:28:11.552+0000] {logging_mixin.py:149} INFO - [2023-06-10T14:28:11.552+0000] {dagbag.py:541} INFO - Filling up the DagBag from /home/airflow/.local/lib/python3.7/site-packages/airflow/example_dags/example_branch_day_of_week_operator.py
[2023-06-10T14:28:11.657+0000] {processor.py:836} INFO - DAG(s) dict_keys(['example_weekday_branch_operator']) retrieved from /home/airflow/.local/lib/python3.7/site-packages/airflow/example_dags/example_branch_day_of_week_operator.py
[2023-06-10T14:28:11.833+0000] {logging_mixin.py:149} INFO - [2023-06-10T14:28:11.833+0000] {dag.py:2726} INFO - Sync 1 DAGs
[2023-06-10T14:28:12.143+0000] {logging_mixin.py:149} INFO - [2023-06-10T14:28:12.143+0000] {dag.py:3490} INFO - Setting next_dagrun for example_weekday_branch_operator to 2023-06-09T00:00:00+00:00, run_after=2023-06-10T00:00:00+00:00
[2023-06-10T14:28:12.278+0000] {processor.py:179} INFO - Processing /home/airflow/.local/lib/python3.7/site-packages/airflow/example_dags/example_branch_day_of_week_operator.py took 0.755 seconds
[2023-06-10T14:28:43.253+0000] {processor.py:157} INFO - Started process (PID=194) to work on /home/airflow/.local/lib/python3.7/site-packages/airflow/example_dags/example_branch_day_of_week_operator.py
[2023-06-10T14:28:43.257+0000] {processor.py:826} INFO - Processing file /home/airflow/.local/lib/python3.7/site-packages/airflow/example_dags/example_branch_day_of_week_operator.py for tasks to queue
[2023-06-10T14:28:43.259+0000] {logging_mixin.py:149} INFO - [2023-06-10T14:28:43.259+0000] {dagbag.py:541} INFO - Filling up the DagBag from /home/airflow/.local/lib/python3.7/site-packages/airflow/example_dags/example_branch_day_of_week_operator.py
[2023-06-10T14:28:43.285+0000] {processor.py:836} INFO - DAG(s) dict_keys(['example_weekday_branch_operator']) retrieved from /home/airflow/.local/lib/python3.7/site-packages/airflow/example_dags/example_branch_day_of_week_operator.py
[2023-06-10T14:28:43.378+0000] {logging_mixin.py:149} INFO - [2023-06-10T14:28:43.377+0000] {dag.py:2726} INFO - Sync 1 DAGs
[2023-06-10T14:28:43.556+0000] {logging_mixin.py:149} INFO - [2023-06-10T14:28:43.556+0000] {dag.py:3490} INFO - Setting next_dagrun for example_weekday_branch_operator to 2023-06-09T00:00:00+00:00, run_after=2023-06-10T00:00:00+00:00
[2023-06-10T14:28:43.671+0000] {processor.py:179} INFO - Processing /home/airflow/.local/lib/python3.7/site-packages/airflow/example_dags/example_branch_day_of_week_operator.py took 0.430 seconds
[2023-06-10T14:29:14.239+0000] {processor.py:157} INFO - Started process (PID=249) to work on /home/airflow/.local/lib/python3.7/site-packages/airflow/example_dags/example_branch_day_of_week_operator.py
[2023-06-10T14:29:14.241+0000] {processor.py:826} INFO - Processing file /home/airflow/.local/lib/python3.7/site-packages/airflow/example_dags/example_branch_day_of_week_operator.py for tasks to queue
[2023-06-10T14:29:14.245+0000] {logging_mixin.py:149} INFO - [2023-06-10T14:29:14.243+0000] {dagbag.py:541} INFO - Filling up the DagBag from /home/airflow/.local/lib/python3.7/site-packages/airflow/example_dags/example_branch_day_of_week_operator.py
[2023-06-10T14:29:14.322+0000] {processor.py:836} INFO - DAG(s) dict_keys(['example_weekday_branch_operator']) retrieved from /home/airflow/.local/lib/python3.7/site-packages/airflow/example_dags/example_branch_day_of_week_operator.py
[2023-06-10T14:29:14.463+0000] {logging_mixin.py:149} INFO - [2023-06-10T14:29:14.463+0000] {dag.py:2726} INFO - Sync 1 DAGs
[2023-06-10T14:29:14.634+0000] {logging_mixin.py:149} INFO - [2023-06-10T14:29:14.634+0000] {dag.py:3490} INFO - Setting next_dagrun for example_weekday_branch_operator to 2023-06-09T00:00:00+00:00, run_after=2023-06-10T00:00:00+00:00
[2023-06-10T14:29:14.679+0000] {processor.py:179} INFO - Processing /home/airflow/.local/lib/python3.7/site-packages/airflow/example_dags/example_branch_day_of_week_operator.py took 0.450 seconds
[2023-06-10T14:29:47.189+0000] {processor.py:157} INFO - Started process (PID=304) to work on /home/airflow/.local/lib/python3.7/site-packages/airflow/example_dags/example_branch_day_of_week_operator.py
[2023-06-10T14:29:47.198+0000] {processor.py:826} INFO - Processing file /home/airflow/.local/lib/python3.7/site-packages/airflow/example_dags/example_branch_day_of_week_operator.py for tasks to queue
[2023-06-10T14:29:47.200+0000] {logging_mixin.py:149} INFO - [2023-06-10T14:29:47.200+0000] {dagbag.py:541} INFO - Filling up the DagBag from /home/airflow/.local/lib/python3.7/site-packages/airflow/example_dags/example_branch_day_of_week_operator.py
[2023-06-10T14:29:47.251+0000] {processor.py:836} INFO - DAG(s) dict_keys(['example_weekday_branch_operator']) retrieved from /home/airflow/.local/lib/python3.7/site-packages/airflow/example_dags/example_branch_day_of_week_operator.py
[2023-06-10T14:29:47.344+0000] {logging_mixin.py:149} INFO - [2023-06-10T14:29:47.344+0000] {dag.py:2726} INFO - Sync 1 DAGs
[2023-06-10T14:29:47.477+0000] {logging_mixin.py:149} INFO - [2023-06-10T14:29:47.477+0000] {dag.py:3490} INFO - Setting next_dagrun for example_weekday_branch_operator to 2023-06-09T00:00:00+00:00, run_after=2023-06-10T00:00:00+00:00
[2023-06-10T14:29:47.613+0000] {processor.py:179} INFO - Processing /home/airflow/.local/lib/python3.7/site-packages/airflow/example_dags/example_branch_day_of_week_operator.py took 0.463 seconds
[2023-06-10T14:30:18.504+0000] {processor.py:157} INFO - Started process (PID=360) to work on /home/airflow/.local/lib/python3.7/site-packages/airflow/example_dags/example_branch_day_of_week_operator.py
[2023-06-10T14:30:18.505+0000] {processor.py:826} INFO - Processing file /home/airflow/.local/lib/python3.7/site-packages/airflow/example_dags/example_branch_day_of_week_operator.py for tasks to queue
[2023-06-10T14:30:18.507+0000] {logging_mixin.py:149} INFO - [2023-06-10T14:30:18.507+0000] {dagbag.py:541} INFO - Filling up the DagBag from /home/airflow/.local/lib/python3.7/site-packages/airflow/example_dags/example_branch_day_of_week_operator.py
[2023-06-10T14:30:18.522+0000] {processor.py:836} INFO - DAG(s) dict_keys(['example_weekday_branch_operator']) retrieved from /home/airflow/.local/lib/python3.7/site-packages/airflow/example_dags/example_branch_day_of_week_operator.py
[2023-06-10T14:30:18.575+0000] {logging_mixin.py:149} INFO - [2023-06-10T14:30:18.575+0000] {dag.py:2726} INFO - Sync 1 DAGs
[2023-06-10T14:30:18.657+0000] {logging_mixin.py:149} INFO - [2023-06-10T14:30:18.656+0000] {dag.py:3490} INFO - Setting next_dagrun for example_weekday_branch_operator to 2023-06-09T00:00:00+00:00, run_after=2023-06-10T00:00:00+00:00
[2023-06-10T14:30:18.710+0000] {processor.py:179} INFO - Processing /home/airflow/.local/lib/python3.7/site-packages/airflow/example_dags/example_branch_day_of_week_operator.py took 0.211 seconds
[2023-06-10T14:30:49.389+0000] {processor.py:157} INFO - Started process (PID=415) to work on /home/airflow/.local/lib/python3.7/site-packages/airflow/example_dags/example_branch_day_of_week_operator.py
[2023-06-10T14:30:49.396+0000] {processor.py:826} INFO - Processing file /home/airflow/.local/lib/python3.7/site-packages/airflow/example_dags/example_branch_day_of_week_operator.py for tasks to queue
[2023-06-10T14:30:49.397+0000] {logging_mixin.py:149} INFO - [2023-06-10T14:30:49.397+0000] {dagbag.py:541} INFO - Filling up the DagBag from /home/airflow/.local/lib/python3.7/site-packages/airflow/example_dags/example_branch_day_of_week_operator.py
[2023-06-10T14:30:49.423+0000] {processor.py:836} INFO - DAG(s) dict_keys(['example_weekday_branch_operator']) retrieved from /home/airflow/.local/lib/python3.7/site-packages/airflow/example_dags/example_branch_day_of_week_operator.py
[2023-06-10T14:30:49.490+0000] {logging_mixin.py:149} INFO - [2023-06-10T14:30:49.489+0000] {dag.py:2726} INFO - Sync 1 DAGs
[2023-06-10T14:30:49.558+0000] {logging_mixin.py:149} INFO - [2023-06-10T14:30:49.557+0000] {dag.py:3490} INFO - Setting next_dagrun for example_weekday_branch_operator to 2023-06-09T00:00:00+00:00, run_after=2023-06-10T00:00:00+00:00
[2023-06-10T14:30:49.599+0000] {processor.py:179} INFO - Processing /home/airflow/.local/lib/python3.7/site-packages/airflow/example_dags/example_branch_day_of_week_operator.py took 0.224 seconds
