[2023-06-10T14:06:12.895+0000] {processor.py:157} INFO - Started process (PID=68) to work on /home/airflow/.local/lib/python3.7/site-packages/airflow/example_dags/tutorial_taskflow_api.py
[2023-06-10T14:06:12.967+0000] {processor.py:826} INFO - Processing file /home/airflow/.local/lib/python3.7/site-packages/airflow/example_dags/tutorial_taskflow_api.py for tasks to queue
[2023-06-10T14:06:12.970+0000] {logging_mixin.py:149} INFO - [2023-06-10T14:06:12.970+0000] {dagbag.py:541} INFO - Filling up the DagBag from /home/airflow/.local/lib/python3.7/site-packages/airflow/example_dags/tutorial_taskflow_api.py
[2023-06-10T14:06:13.169+0000] {processor.py:836} INFO - DAG(s) dict_keys(['tutorial_taskflow_api']) retrieved from /home/airflow/.local/lib/python3.7/site-packages/airflow/example_dags/tutorial_taskflow_api.py
[2023-06-10T14:06:14.251+0000] {logging_mixin.py:149} INFO - [2023-06-10T14:06:14.251+0000] {dag.py:2726} INFO - Sync 1 DAGs
[2023-06-10T14:06:14.711+0000] {logging_mixin.py:149} INFO - [2023-06-10T14:06:14.710+0000] {dag.py:3490} INFO - Setting next_dagrun for tutorial_taskflow_api to None, run_after=None
[2023-06-10T14:06:15.434+0000] {processor.py:179} INFO - Processing /home/airflow/.local/lib/python3.7/site-packages/airflow/example_dags/tutorial_taskflow_api.py took 2.607 seconds
[2023-06-10T14:06:46.223+0000] {processor.py:157} INFO - Started process (PID=123) to work on /home/airflow/.local/lib/python3.7/site-packages/airflow/example_dags/tutorial_taskflow_api.py
[2023-06-10T14:06:46.227+0000] {processor.py:826} INFO - Processing file /home/airflow/.local/lib/python3.7/site-packages/airflow/example_dags/tutorial_taskflow_api.py for tasks to queue
[2023-06-10T14:06:46.231+0000] {logging_mixin.py:149} INFO - [2023-06-10T14:06:46.230+0000] {dagbag.py:541} INFO - Filling up the DagBag from /home/airflow/.local/lib/python3.7/site-packages/airflow/example_dags/tutorial_taskflow_api.py
[2023-06-10T14:06:46.268+0000] {processor.py:836} INFO - DAG(s) dict_keys(['tutorial_taskflow_api']) retrieved from /home/airflow/.local/lib/python3.7/site-packages/airflow/example_dags/tutorial_taskflow_api.py
[2023-06-10T14:06:46.317+0000] {logging_mixin.py:149} INFO - [2023-06-10T14:06:46.317+0000] {dag.py:2726} INFO - Sync 1 DAGs
[2023-06-10T14:06:46.375+0000] {logging_mixin.py:149} INFO - [2023-06-10T14:06:46.374+0000] {dag.py:3490} INFO - Setting next_dagrun for tutorial_taskflow_api to None, run_after=None
[2023-06-10T14:06:46.413+0000] {processor.py:179} INFO - Processing /home/airflow/.local/lib/python3.7/site-packages/airflow/example_dags/tutorial_taskflow_api.py took 0.208 seconds
[2023-06-10T14:07:17.016+0000] {processor.py:157} INFO - Started process (PID=178) to work on /home/airflow/.local/lib/python3.7/site-packages/airflow/example_dags/tutorial_taskflow_api.py
[2023-06-10T14:07:17.018+0000] {processor.py:826} INFO - Processing file /home/airflow/.local/lib/python3.7/site-packages/airflow/example_dags/tutorial_taskflow_api.py for tasks to queue
[2023-06-10T14:07:17.022+0000] {logging_mixin.py:149} INFO - [2023-06-10T14:07:17.021+0000] {dagbag.py:541} INFO - Filling up the DagBag from /home/airflow/.local/lib/python3.7/site-packages/airflow/example_dags/tutorial_taskflow_api.py
[2023-06-10T14:07:17.034+0000] {processor.py:836} INFO - DAG(s) dict_keys(['tutorial_taskflow_api']) retrieved from /home/airflow/.local/lib/python3.7/site-packages/airflow/example_dags/tutorial_taskflow_api.py
[2023-06-10T14:07:17.077+0000] {logging_mixin.py:149} INFO - [2023-06-10T14:07:17.077+0000] {dag.py:2726} INFO - Sync 1 DAGs
[2023-06-10T14:07:17.140+0000] {logging_mixin.py:149} INFO - [2023-06-10T14:07:17.139+0000] {dag.py:3490} INFO - Setting next_dagrun for tutorial_taskflow_api to None, run_after=None
[2023-06-10T14:07:17.217+0000] {processor.py:179} INFO - Processing /home/airflow/.local/lib/python3.7/site-packages/airflow/example_dags/tutorial_taskflow_api.py took 0.212 seconds
[2023-06-10T14:07:47.331+0000] {processor.py:157} INFO - Started process (PID=233) to work on /home/airflow/.local/lib/python3.7/site-packages/airflow/example_dags/tutorial_taskflow_api.py
[2023-06-10T14:07:47.334+0000] {processor.py:826} INFO - Processing file /home/airflow/.local/lib/python3.7/site-packages/airflow/example_dags/tutorial_taskflow_api.py for tasks to queue
[2023-06-10T14:07:47.335+0000] {logging_mixin.py:149} INFO - [2023-06-10T14:07:47.335+0000] {dagbag.py:541} INFO - Filling up the DagBag from /home/airflow/.local/lib/python3.7/site-packages/airflow/example_dags/tutorial_taskflow_api.py
[2023-06-10T14:07:47.348+0000] {processor.py:836} INFO - DAG(s) dict_keys(['tutorial_taskflow_api']) retrieved from /home/airflow/.local/lib/python3.7/site-packages/airflow/example_dags/tutorial_taskflow_api.py
[2023-06-10T14:07:47.391+0000] {logging_mixin.py:149} INFO - [2023-06-10T14:07:47.390+0000] {dag.py:2726} INFO - Sync 1 DAGs
[2023-06-10T14:07:47.451+0000] {logging_mixin.py:149} INFO - [2023-06-10T14:07:47.451+0000] {dag.py:3490} INFO - Setting next_dagrun for tutorial_taskflow_api to None, run_after=None
[2023-06-10T14:07:47.492+0000] {processor.py:179} INFO - Processing /home/airflow/.local/lib/python3.7/site-packages/airflow/example_dags/tutorial_taskflow_api.py took 0.167 seconds
[2023-06-10T14:08:17.579+0000] {processor.py:157} INFO - Started process (PID=288) to work on /home/airflow/.local/lib/python3.7/site-packages/airflow/example_dags/tutorial_taskflow_api.py
[2023-06-10T14:08:17.581+0000] {processor.py:826} INFO - Processing file /home/airflow/.local/lib/python3.7/site-packages/airflow/example_dags/tutorial_taskflow_api.py for tasks to queue
[2023-06-10T14:08:17.582+0000] {logging_mixin.py:149} INFO - [2023-06-10T14:08:17.582+0000] {dagbag.py:541} INFO - Filling up the DagBag from /home/airflow/.local/lib/python3.7/site-packages/airflow/example_dags/tutorial_taskflow_api.py
[2023-06-10T14:08:17.623+0000] {processor.py:836} INFO - DAG(s) dict_keys(['tutorial_taskflow_api']) retrieved from /home/airflow/.local/lib/python3.7/site-packages/airflow/example_dags/tutorial_taskflow_api.py
[2023-06-10T14:08:17.766+0000] {logging_mixin.py:149} INFO - [2023-06-10T14:08:17.766+0000] {dag.py:2726} INFO - Sync 1 DAGs
[2023-06-10T14:08:17.846+0000] {logging_mixin.py:149} INFO - [2023-06-10T14:08:17.846+0000] {dag.py:3490} INFO - Setting next_dagrun for tutorial_taskflow_api to None, run_after=None
[2023-06-10T14:08:17.884+0000] {processor.py:179} INFO - Processing /home/airflow/.local/lib/python3.7/site-packages/airflow/example_dags/tutorial_taskflow_api.py took 0.313 seconds
[2023-06-10T14:08:48.043+0000] {processor.py:157} INFO - Started process (PID=344) to work on /home/airflow/.local/lib/python3.7/site-packages/airflow/example_dags/tutorial_taskflow_api.py
[2023-06-10T14:08:48.045+0000] {processor.py:826} INFO - Processing file /home/airflow/.local/lib/python3.7/site-packages/airflow/example_dags/tutorial_taskflow_api.py for tasks to queue
[2023-06-10T14:08:48.047+0000] {logging_mixin.py:149} INFO - [2023-06-10T14:08:48.046+0000] {dagbag.py:541} INFO - Filling up the DagBag from /home/airflow/.local/lib/python3.7/site-packages/airflow/example_dags/tutorial_taskflow_api.py
[2023-06-10T14:08:48.062+0000] {processor.py:836} INFO - DAG(s) dict_keys(['tutorial_taskflow_api']) retrieved from /home/airflow/.local/lib/python3.7/site-packages/airflow/example_dags/tutorial_taskflow_api.py
[2023-06-10T14:08:48.091+0000] {logging_mixin.py:149} INFO - [2023-06-10T14:08:48.091+0000] {dag.py:2726} INFO - Sync 1 DAGs
[2023-06-10T14:08:48.175+0000] {logging_mixin.py:149} INFO - [2023-06-10T14:08:48.175+0000] {dag.py:3490} INFO - Setting next_dagrun for tutorial_taskflow_api to None, run_after=None
[2023-06-10T14:08:48.229+0000] {processor.py:179} INFO - Processing /home/airflow/.local/lib/python3.7/site-packages/airflow/example_dags/tutorial_taskflow_api.py took 0.194 seconds
[2023-06-10T14:09:19.023+0000] {processor.py:157} INFO - Started process (PID=398) to work on /home/airflow/.local/lib/python3.7/site-packages/airflow/example_dags/tutorial_taskflow_api.py
[2023-06-10T14:09:19.024+0000] {processor.py:826} INFO - Processing file /home/airflow/.local/lib/python3.7/site-packages/airflow/example_dags/tutorial_taskflow_api.py for tasks to queue
[2023-06-10T14:09:19.026+0000] {logging_mixin.py:149} INFO - [2023-06-10T14:09:19.026+0000] {dagbag.py:541} INFO - Filling up the DagBag from /home/airflow/.local/lib/python3.7/site-packages/airflow/example_dags/tutorial_taskflow_api.py
[2023-06-10T14:09:19.041+0000] {processor.py:836} INFO - DAG(s) dict_keys(['tutorial_taskflow_api']) retrieved from /home/airflow/.local/lib/python3.7/site-packages/airflow/example_dags/tutorial_taskflow_api.py
[2023-06-10T14:09:19.096+0000] {logging_mixin.py:149} INFO - [2023-06-10T14:09:19.096+0000] {dag.py:2726} INFO - Sync 1 DAGs
[2023-06-10T14:09:19.150+0000] {logging_mixin.py:149} INFO - [2023-06-10T14:09:19.150+0000] {dag.py:3490} INFO - Setting next_dagrun for tutorial_taskflow_api to None, run_after=None
[2023-06-10T14:09:19.185+0000] {processor.py:179} INFO - Processing /home/airflow/.local/lib/python3.7/site-packages/airflow/example_dags/tutorial_taskflow_api.py took 0.171 seconds
[2023-06-10T14:09:49.437+0000] {processor.py:157} INFO - Started process (PID=453) to work on /home/airflow/.local/lib/python3.7/site-packages/airflow/example_dags/tutorial_taskflow_api.py
[2023-06-10T14:09:49.439+0000] {processor.py:826} INFO - Processing file /home/airflow/.local/lib/python3.7/site-packages/airflow/example_dags/tutorial_taskflow_api.py for tasks to queue
[2023-06-10T14:09:49.442+0000] {logging_mixin.py:149} INFO - [2023-06-10T14:09:49.441+0000] {dagbag.py:541} INFO - Filling up the DagBag from /home/airflow/.local/lib/python3.7/site-packages/airflow/example_dags/tutorial_taskflow_api.py
[2023-06-10T14:09:49.454+0000] {processor.py:836} INFO - DAG(s) dict_keys(['tutorial_taskflow_api']) retrieved from /home/airflow/.local/lib/python3.7/site-packages/airflow/example_dags/tutorial_taskflow_api.py
[2023-06-10T14:09:49.501+0000] {logging_mixin.py:149} INFO - [2023-06-10T14:09:49.501+0000] {dag.py:2726} INFO - Sync 1 DAGs
[2023-06-10T14:09:49.562+0000] {logging_mixin.py:149} INFO - [2023-06-10T14:09:49.562+0000] {dag.py:3490} INFO - Setting next_dagrun for tutorial_taskflow_api to None, run_after=None
[2023-06-10T14:09:49.603+0000] {processor.py:179} INFO - Processing /home/airflow/.local/lib/python3.7/site-packages/airflow/example_dags/tutorial_taskflow_api.py took 0.172 seconds
[2023-06-10T14:10:19.820+0000] {processor.py:157} INFO - Started process (PID=508) to work on /home/airflow/.local/lib/python3.7/site-packages/airflow/example_dags/tutorial_taskflow_api.py
[2023-06-10T14:10:19.822+0000] {processor.py:826} INFO - Processing file /home/airflow/.local/lib/python3.7/site-packages/airflow/example_dags/tutorial_taskflow_api.py for tasks to queue
[2023-06-10T14:10:19.824+0000] {logging_mixin.py:149} INFO - [2023-06-10T14:10:19.824+0000] {dagbag.py:541} INFO - Filling up the DagBag from /home/airflow/.local/lib/python3.7/site-packages/airflow/example_dags/tutorial_taskflow_api.py
[2023-06-10T14:10:19.835+0000] {processor.py:836} INFO - DAG(s) dict_keys(['tutorial_taskflow_api']) retrieved from /home/airflow/.local/lib/python3.7/site-packages/airflow/example_dags/tutorial_taskflow_api.py
[2023-06-10T14:10:19.879+0000] {logging_mixin.py:149} INFO - [2023-06-10T14:10:19.878+0000] {dag.py:2726} INFO - Sync 1 DAGs
[2023-06-10T14:10:19.936+0000] {logging_mixin.py:149} INFO - [2023-06-10T14:10:19.936+0000] {dag.py:3490} INFO - Setting next_dagrun for tutorial_taskflow_api to None, run_after=None
[2023-06-10T14:10:19.974+0000] {processor.py:179} INFO - Processing /home/airflow/.local/lib/python3.7/site-packages/airflow/example_dags/tutorial_taskflow_api.py took 0.160 seconds
[2023-06-10T14:10:50.920+0000] {processor.py:157} INFO - Started process (PID=563) to work on /home/airflow/.local/lib/python3.7/site-packages/airflow/example_dags/tutorial_taskflow_api.py
[2023-06-10T14:10:50.923+0000] {processor.py:826} INFO - Processing file /home/airflow/.local/lib/python3.7/site-packages/airflow/example_dags/tutorial_taskflow_api.py for tasks to queue
[2023-06-10T14:10:50.925+0000] {logging_mixin.py:149} INFO - [2023-06-10T14:10:50.924+0000] {dagbag.py:541} INFO - Filling up the DagBag from /home/airflow/.local/lib/python3.7/site-packages/airflow/example_dags/tutorial_taskflow_api.py
[2023-06-10T14:10:50.937+0000] {processor.py:836} INFO - DAG(s) dict_keys(['tutorial_taskflow_api']) retrieved from /home/airflow/.local/lib/python3.7/site-packages/airflow/example_dags/tutorial_taskflow_api.py
[2023-06-10T14:10:51.010+0000] {logging_mixin.py:149} INFO - [2023-06-10T14:10:51.010+0000] {dag.py:2726} INFO - Sync 1 DAGs
[2023-06-10T14:10:51.133+0000] {logging_mixin.py:149} INFO - [2023-06-10T14:10:51.133+0000] {dag.py:3490} INFO - Setting next_dagrun for tutorial_taskflow_api to None, run_after=None
[2023-06-10T14:10:51.235+0000] {processor.py:179} INFO - Processing /home/airflow/.local/lib/python3.7/site-packages/airflow/example_dags/tutorial_taskflow_api.py took 0.326 seconds
[2023-06-10T14:11:21.544+0000] {processor.py:157} INFO - Started process (PID=618) to work on /home/airflow/.local/lib/python3.7/site-packages/airflow/example_dags/tutorial_taskflow_api.py
[2023-06-10T14:11:21.556+0000] {processor.py:826} INFO - Processing file /home/airflow/.local/lib/python3.7/site-packages/airflow/example_dags/tutorial_taskflow_api.py for tasks to queue
[2023-06-10T14:11:21.558+0000] {logging_mixin.py:149} INFO - [2023-06-10T14:11:21.558+0000] {dagbag.py:541} INFO - Filling up the DagBag from /home/airflow/.local/lib/python3.7/site-packages/airflow/example_dags/tutorial_taskflow_api.py
[2023-06-10T14:11:21.588+0000] {processor.py:836} INFO - DAG(s) dict_keys(['tutorial_taskflow_api']) retrieved from /home/airflow/.local/lib/python3.7/site-packages/airflow/example_dags/tutorial_taskflow_api.py
[2023-06-10T14:11:21.630+0000] {logging_mixin.py:149} INFO - [2023-06-10T14:11:21.629+0000] {dag.py:2726} INFO - Sync 1 DAGs
[2023-06-10T14:11:21.728+0000] {logging_mixin.py:149} INFO - [2023-06-10T14:11:21.728+0000] {dag.py:3490} INFO - Setting next_dagrun for tutorial_taskflow_api to None, run_after=None
[2023-06-10T14:11:21.845+0000] {processor.py:179} INFO - Processing /home/airflow/.local/lib/python3.7/site-packages/airflow/example_dags/tutorial_taskflow_api.py took 0.317 seconds
[2023-06-10T14:11:52.304+0000] {processor.py:157} INFO - Started process (PID=673) to work on /home/airflow/.local/lib/python3.7/site-packages/airflow/example_dags/tutorial_taskflow_api.py
[2023-06-10T14:11:52.306+0000] {processor.py:826} INFO - Processing file /home/airflow/.local/lib/python3.7/site-packages/airflow/example_dags/tutorial_taskflow_api.py for tasks to queue
[2023-06-10T14:11:52.308+0000] {logging_mixin.py:149} INFO - [2023-06-10T14:11:52.308+0000] {dagbag.py:541} INFO - Filling up the DagBag from /home/airflow/.local/lib/python3.7/site-packages/airflow/example_dags/tutorial_taskflow_api.py
[2023-06-10T14:11:52.319+0000] {processor.py:836} INFO - DAG(s) dict_keys(['tutorial_taskflow_api']) retrieved from /home/airflow/.local/lib/python3.7/site-packages/airflow/example_dags/tutorial_taskflow_api.py
[2023-06-10T14:11:52.369+0000] {logging_mixin.py:149} INFO - [2023-06-10T14:11:52.368+0000] {dag.py:2726} INFO - Sync 1 DAGs
[2023-06-10T14:11:52.430+0000] {logging_mixin.py:149} INFO - [2023-06-10T14:11:52.430+0000] {dag.py:3490} INFO - Setting next_dagrun for tutorial_taskflow_api to None, run_after=None
[2023-06-10T14:11:52.466+0000] {processor.py:179} INFO - Processing /home/airflow/.local/lib/python3.7/site-packages/airflow/example_dags/tutorial_taskflow_api.py took 0.169 seconds
[2023-06-10T14:12:22.780+0000] {processor.py:157} INFO - Started process (PID=728) to work on /home/airflow/.local/lib/python3.7/site-packages/airflow/example_dags/tutorial_taskflow_api.py
[2023-06-10T14:12:22.782+0000] {processor.py:826} INFO - Processing file /home/airflow/.local/lib/python3.7/site-packages/airflow/example_dags/tutorial_taskflow_api.py for tasks to queue
[2023-06-10T14:12:22.783+0000] {logging_mixin.py:149} INFO - [2023-06-10T14:12:22.783+0000] {dagbag.py:541} INFO - Filling up the DagBag from /home/airflow/.local/lib/python3.7/site-packages/airflow/example_dags/tutorial_taskflow_api.py
[2023-06-10T14:12:22.812+0000] {processor.py:836} INFO - DAG(s) dict_keys(['tutorial_taskflow_api']) retrieved from /home/airflow/.local/lib/python3.7/site-packages/airflow/example_dags/tutorial_taskflow_api.py
[2023-06-10T14:12:22.927+0000] {logging_mixin.py:149} INFO - [2023-06-10T14:12:22.926+0000] {dag.py:2726} INFO - Sync 1 DAGs
[2023-06-10T14:12:23.026+0000] {logging_mixin.py:149} INFO - [2023-06-10T14:12:23.025+0000] {dag.py:3490} INFO - Setting next_dagrun for tutorial_taskflow_api to None, run_after=None
[2023-06-10T14:12:23.087+0000] {processor.py:179} INFO - Processing /home/airflow/.local/lib/python3.7/site-packages/airflow/example_dags/tutorial_taskflow_api.py took 0.313 seconds
[2023-06-10T14:12:53.539+0000] {processor.py:157} INFO - Started process (PID=783) to work on /home/airflow/.local/lib/python3.7/site-packages/airflow/example_dags/tutorial_taskflow_api.py
[2023-06-10T14:12:53.544+0000] {processor.py:826} INFO - Processing file /home/airflow/.local/lib/python3.7/site-packages/airflow/example_dags/tutorial_taskflow_api.py for tasks to queue
[2023-06-10T14:12:53.546+0000] {logging_mixin.py:149} INFO - [2023-06-10T14:12:53.545+0000] {dagbag.py:541} INFO - Filling up the DagBag from /home/airflow/.local/lib/python3.7/site-packages/airflow/example_dags/tutorial_taskflow_api.py
[2023-06-10T14:12:53.559+0000] {processor.py:836} INFO - DAG(s) dict_keys(['tutorial_taskflow_api']) retrieved from /home/airflow/.local/lib/python3.7/site-packages/airflow/example_dags/tutorial_taskflow_api.py
[2023-06-10T14:12:53.599+0000] {logging_mixin.py:149} INFO - [2023-06-10T14:12:53.599+0000] {dag.py:2726} INFO - Sync 1 DAGs
[2023-06-10T14:12:53.652+0000] {logging_mixin.py:149} INFO - [2023-06-10T14:12:53.652+0000] {dag.py:3490} INFO - Setting next_dagrun for tutorial_taskflow_api to None, run_after=None
[2023-06-10T14:12:53.690+0000] {processor.py:179} INFO - Processing /home/airflow/.local/lib/python3.7/site-packages/airflow/example_dags/tutorial_taskflow_api.py took 0.167 seconds
[2023-06-10T14:13:24.444+0000] {processor.py:157} INFO - Started process (PID=838) to work on /home/airflow/.local/lib/python3.7/site-packages/airflow/example_dags/tutorial_taskflow_api.py
[2023-06-10T14:13:24.446+0000] {processor.py:826} INFO - Processing file /home/airflow/.local/lib/python3.7/site-packages/airflow/example_dags/tutorial_taskflow_api.py for tasks to queue
[2023-06-10T14:13:24.447+0000] {logging_mixin.py:149} INFO - [2023-06-10T14:13:24.447+0000] {dagbag.py:541} INFO - Filling up the DagBag from /home/airflow/.local/lib/python3.7/site-packages/airflow/example_dags/tutorial_taskflow_api.py
[2023-06-10T14:13:24.459+0000] {processor.py:836} INFO - DAG(s) dict_keys(['tutorial_taskflow_api']) retrieved from /home/airflow/.local/lib/python3.7/site-packages/airflow/example_dags/tutorial_taskflow_api.py
[2023-06-10T14:13:24.488+0000] {logging_mixin.py:149} INFO - [2023-06-10T14:13:24.487+0000] {dag.py:2726} INFO - Sync 1 DAGs
[2023-06-10T14:13:24.549+0000] {logging_mixin.py:149} INFO - [2023-06-10T14:13:24.549+0000] {dag.py:3490} INFO - Setting next_dagrun for tutorial_taskflow_api to None, run_after=None
[2023-06-10T14:13:24.589+0000] {processor.py:179} INFO - Processing /home/airflow/.local/lib/python3.7/site-packages/airflow/example_dags/tutorial_taskflow_api.py took 0.150 seconds
[2023-06-10T14:13:54.784+0000] {processor.py:157} INFO - Started process (PID=892) to work on /home/airflow/.local/lib/python3.7/site-packages/airflow/example_dags/tutorial_taskflow_api.py
[2023-06-10T14:13:54.786+0000] {processor.py:826} INFO - Processing file /home/airflow/.local/lib/python3.7/site-packages/airflow/example_dags/tutorial_taskflow_api.py for tasks to queue
[2023-06-10T14:13:54.787+0000] {logging_mixin.py:149} INFO - [2023-06-10T14:13:54.787+0000] {dagbag.py:541} INFO - Filling up the DagBag from /home/airflow/.local/lib/python3.7/site-packages/airflow/example_dags/tutorial_taskflow_api.py
[2023-06-10T14:13:54.800+0000] {processor.py:836} INFO - DAG(s) dict_keys(['tutorial_taskflow_api']) retrieved from /home/airflow/.local/lib/python3.7/site-packages/airflow/example_dags/tutorial_taskflow_api.py
[2023-06-10T14:13:54.855+0000] {logging_mixin.py:149} INFO - [2023-06-10T14:13:54.855+0000] {dag.py:2726} INFO - Sync 1 DAGs
[2023-06-10T14:13:54.931+0000] {logging_mixin.py:149} INFO - [2023-06-10T14:13:54.931+0000] {dag.py:3490} INFO - Setting next_dagrun for tutorial_taskflow_api to None, run_after=None
[2023-06-10T14:13:54.979+0000] {processor.py:179} INFO - Processing /home/airflow/.local/lib/python3.7/site-packages/airflow/example_dags/tutorial_taskflow_api.py took 0.203 seconds
[2023-06-10T14:14:25.691+0000] {processor.py:157} INFO - Started process (PID=946) to work on /home/airflow/.local/lib/python3.7/site-packages/airflow/example_dags/tutorial_taskflow_api.py
[2023-06-10T14:14:25.693+0000] {processor.py:826} INFO - Processing file /home/airflow/.local/lib/python3.7/site-packages/airflow/example_dags/tutorial_taskflow_api.py for tasks to queue
[2023-06-10T14:14:25.695+0000] {logging_mixin.py:149} INFO - [2023-06-10T14:14:25.695+0000] {dagbag.py:541} INFO - Filling up the DagBag from /home/airflow/.local/lib/python3.7/site-packages/airflow/example_dags/tutorial_taskflow_api.py
[2023-06-10T14:14:25.709+0000] {processor.py:836} INFO - DAG(s) dict_keys(['tutorial_taskflow_api']) retrieved from /home/airflow/.local/lib/python3.7/site-packages/airflow/example_dags/tutorial_taskflow_api.py
[2023-06-10T14:14:25.753+0000] {logging_mixin.py:149} INFO - [2023-06-10T14:14:25.752+0000] {dag.py:2726} INFO - Sync 1 DAGs
[2023-06-10T14:14:25.808+0000] {logging_mixin.py:149} INFO - [2023-06-10T14:14:25.807+0000] {dag.py:3490} INFO - Setting next_dagrun for tutorial_taskflow_api to None, run_after=None
[2023-06-10T14:14:25.857+0000] {processor.py:179} INFO - Processing /home/airflow/.local/lib/python3.7/site-packages/airflow/example_dags/tutorial_taskflow_api.py took 0.179 seconds
[2023-06-10T14:14:56.651+0000] {processor.py:157} INFO - Started process (PID=1001) to work on /home/airflow/.local/lib/python3.7/site-packages/airflow/example_dags/tutorial_taskflow_api.py
[2023-06-10T14:14:56.655+0000] {processor.py:826} INFO - Processing file /home/airflow/.local/lib/python3.7/site-packages/airflow/example_dags/tutorial_taskflow_api.py for tasks to queue
[2023-06-10T14:14:56.657+0000] {logging_mixin.py:149} INFO - [2023-06-10T14:14:56.656+0000] {dagbag.py:541} INFO - Filling up the DagBag from /home/airflow/.local/lib/python3.7/site-packages/airflow/example_dags/tutorial_taskflow_api.py
[2023-06-10T14:14:56.683+0000] {processor.py:836} INFO - DAG(s) dict_keys(['tutorial_taskflow_api']) retrieved from /home/airflow/.local/lib/python3.7/site-packages/airflow/example_dags/tutorial_taskflow_api.py
[2023-06-10T14:14:56.795+0000] {logging_mixin.py:149} INFO - [2023-06-10T14:14:56.795+0000] {dag.py:2726} INFO - Sync 1 DAGs
[2023-06-10T14:14:56.925+0000] {logging_mixin.py:149} INFO - [2023-06-10T14:14:56.924+0000] {dag.py:3490} INFO - Setting next_dagrun for tutorial_taskflow_api to None, run_after=None
[2023-06-10T14:14:57.012+0000] {processor.py:179} INFO - Processing /home/airflow/.local/lib/python3.7/site-packages/airflow/example_dags/tutorial_taskflow_api.py took 0.385 seconds
[2023-06-10T14:15:27.702+0000] {processor.py:157} INFO - Started process (PID=1057) to work on /home/airflow/.local/lib/python3.7/site-packages/airflow/example_dags/tutorial_taskflow_api.py
[2023-06-10T14:15:27.705+0000] {processor.py:826} INFO - Processing file /home/airflow/.local/lib/python3.7/site-packages/airflow/example_dags/tutorial_taskflow_api.py for tasks to queue
[2023-06-10T14:15:27.707+0000] {logging_mixin.py:149} INFO - [2023-06-10T14:15:27.707+0000] {dagbag.py:541} INFO - Filling up the DagBag from /home/airflow/.local/lib/python3.7/site-packages/airflow/example_dags/tutorial_taskflow_api.py
[2023-06-10T14:15:27.721+0000] {processor.py:836} INFO - DAG(s) dict_keys(['tutorial_taskflow_api']) retrieved from /home/airflow/.local/lib/python3.7/site-packages/airflow/example_dags/tutorial_taskflow_api.py
[2023-06-10T14:15:27.792+0000] {logging_mixin.py:149} INFO - [2023-06-10T14:15:27.791+0000] {dag.py:2726} INFO - Sync 1 DAGs
[2023-06-10T14:15:27.855+0000] {logging_mixin.py:149} INFO - [2023-06-10T14:15:27.855+0000] {dag.py:3490} INFO - Setting next_dagrun for tutorial_taskflow_api to None, run_after=None
[2023-06-10T14:15:27.894+0000] {processor.py:179} INFO - Processing /home/airflow/.local/lib/python3.7/site-packages/airflow/example_dags/tutorial_taskflow_api.py took 0.202 seconds
[2023-06-10T14:15:58.686+0000] {processor.py:157} INFO - Started process (PID=1112) to work on /home/airflow/.local/lib/python3.7/site-packages/airflow/example_dags/tutorial_taskflow_api.py
[2023-06-10T14:15:58.690+0000] {processor.py:826} INFO - Processing file /home/airflow/.local/lib/python3.7/site-packages/airflow/example_dags/tutorial_taskflow_api.py for tasks to queue
[2023-06-10T14:15:58.692+0000] {logging_mixin.py:149} INFO - [2023-06-10T14:15:58.691+0000] {dagbag.py:541} INFO - Filling up the DagBag from /home/airflow/.local/lib/python3.7/site-packages/airflow/example_dags/tutorial_taskflow_api.py
[2023-06-10T14:15:58.711+0000] {processor.py:836} INFO - DAG(s) dict_keys(['tutorial_taskflow_api']) retrieved from /home/airflow/.local/lib/python3.7/site-packages/airflow/example_dags/tutorial_taskflow_api.py
[2023-06-10T14:15:58.772+0000] {logging_mixin.py:149} INFO - [2023-06-10T14:15:58.772+0000] {dag.py:2726} INFO - Sync 1 DAGs
[2023-06-10T14:15:58.874+0000] {logging_mixin.py:149} INFO - [2023-06-10T14:15:58.874+0000] {dag.py:3490} INFO - Setting next_dagrun for tutorial_taskflow_api to None, run_after=None
[2023-06-10T14:15:58.918+0000] {processor.py:179} INFO - Processing /home/airflow/.local/lib/python3.7/site-packages/airflow/example_dags/tutorial_taskflow_api.py took 0.243 seconds
[2023-06-10T14:16:29.451+0000] {processor.py:157} INFO - Started process (PID=1168) to work on /home/airflow/.local/lib/python3.7/site-packages/airflow/example_dags/tutorial_taskflow_api.py
[2023-06-10T14:16:29.454+0000] {processor.py:826} INFO - Processing file /home/airflow/.local/lib/python3.7/site-packages/airflow/example_dags/tutorial_taskflow_api.py for tasks to queue
[2023-06-10T14:16:29.455+0000] {logging_mixin.py:149} INFO - [2023-06-10T14:16:29.455+0000] {dagbag.py:541} INFO - Filling up the DagBag from /home/airflow/.local/lib/python3.7/site-packages/airflow/example_dags/tutorial_taskflow_api.py
[2023-06-10T14:16:29.474+0000] {processor.py:836} INFO - DAG(s) dict_keys(['tutorial_taskflow_api']) retrieved from /home/airflow/.local/lib/python3.7/site-packages/airflow/example_dags/tutorial_taskflow_api.py
[2023-06-10T14:16:29.586+0000] {logging_mixin.py:149} INFO - [2023-06-10T14:16:29.586+0000] {dag.py:2726} INFO - Sync 1 DAGs
[2023-06-10T14:16:29.706+0000] {logging_mixin.py:149} INFO - [2023-06-10T14:16:29.706+0000] {dag.py:3490} INFO - Setting next_dagrun for tutorial_taskflow_api to None, run_after=None
[2023-06-10T14:16:29.782+0000] {processor.py:179} INFO - Processing /home/airflow/.local/lib/python3.7/site-packages/airflow/example_dags/tutorial_taskflow_api.py took 0.341 seconds
[2023-06-10T14:27:31.657+0000] {processor.py:157} INFO - Started process (PID=75) to work on /home/airflow/.local/lib/python3.7/site-packages/airflow/example_dags/tutorial_taskflow_api.py
[2023-06-10T14:27:31.672+0000] {processor.py:826} INFO - Processing file /home/airflow/.local/lib/python3.7/site-packages/airflow/example_dags/tutorial_taskflow_api.py for tasks to queue
[2023-06-10T14:27:31.675+0000] {logging_mixin.py:149} INFO - [2023-06-10T14:27:31.674+0000] {dagbag.py:541} INFO - Filling up the DagBag from /home/airflow/.local/lib/python3.7/site-packages/airflow/example_dags/tutorial_taskflow_api.py
[2023-06-10T14:27:31.710+0000] {processor.py:836} INFO - DAG(s) dict_keys(['tutorial_taskflow_api']) retrieved from /home/airflow/.local/lib/python3.7/site-packages/airflow/example_dags/tutorial_taskflow_api.py
[2023-06-10T14:27:31.796+0000] {logging_mixin.py:149} INFO - [2023-06-10T14:27:31.796+0000] {dag.py:2726} INFO - Sync 1 DAGs
[2023-06-10T14:27:32.494+0000] {logging_mixin.py:149} INFO - [2023-06-10T14:27:32.493+0000] {dag.py:3490} INFO - Setting next_dagrun for tutorial_taskflow_api to None, run_after=None
[2023-06-10T14:27:32.639+0000] {processor.py:179} INFO - Processing /home/airflow/.local/lib/python3.7/site-packages/airflow/example_dags/tutorial_taskflow_api.py took 0.999 seconds
[2023-06-10T14:28:06.991+0000] {processor.py:157} INFO - Started process (PID=130) to work on /home/airflow/.local/lib/python3.7/site-packages/airflow/example_dags/tutorial_taskflow_api.py
[2023-06-10T14:28:06.994+0000] {processor.py:826} INFO - Processing file /home/airflow/.local/lib/python3.7/site-packages/airflow/example_dags/tutorial_taskflow_api.py for tasks to queue
[2023-06-10T14:28:06.996+0000] {logging_mixin.py:149} INFO - [2023-06-10T14:28:06.996+0000] {dagbag.py:541} INFO - Filling up the DagBag from /home/airflow/.local/lib/python3.7/site-packages/airflow/example_dags/tutorial_taskflow_api.py
[2023-06-10T14:28:07.041+0000] {processor.py:836} INFO - DAG(s) dict_keys(['tutorial_taskflow_api']) retrieved from /home/airflow/.local/lib/python3.7/site-packages/airflow/example_dags/tutorial_taskflow_api.py
[2023-06-10T14:28:07.259+0000] {logging_mixin.py:149} INFO - [2023-06-10T14:28:07.258+0000] {dag.py:2726} INFO - Sync 1 DAGs
[2023-06-10T14:28:07.632+0000] {logging_mixin.py:149} INFO - [2023-06-10T14:28:07.631+0000] {dag.py:3490} INFO - Setting next_dagrun for tutorial_taskflow_api to None, run_after=None
[2023-06-10T14:28:07.823+0000] {processor.py:179} INFO - Processing /home/airflow/.local/lib/python3.7/site-packages/airflow/example_dags/tutorial_taskflow_api.py took 0.846 seconds
[2023-06-10T14:28:38.183+0000] {processor.py:157} INFO - Started process (PID=184) to work on /home/airflow/.local/lib/python3.7/site-packages/airflow/example_dags/tutorial_taskflow_api.py
[2023-06-10T14:28:38.185+0000] {processor.py:826} INFO - Processing file /home/airflow/.local/lib/python3.7/site-packages/airflow/example_dags/tutorial_taskflow_api.py for tasks to queue
[2023-06-10T14:28:38.187+0000] {logging_mixin.py:149} INFO - [2023-06-10T14:28:38.186+0000] {dagbag.py:541} INFO - Filling up the DagBag from /home/airflow/.local/lib/python3.7/site-packages/airflow/example_dags/tutorial_taskflow_api.py
[2023-06-10T14:28:38.200+0000] {processor.py:836} INFO - DAG(s) dict_keys(['tutorial_taskflow_api']) retrieved from /home/airflow/.local/lib/python3.7/site-packages/airflow/example_dags/tutorial_taskflow_api.py
[2023-06-10T14:28:38.259+0000] {logging_mixin.py:149} INFO - [2023-06-10T14:28:38.259+0000] {dag.py:2726} INFO - Sync 1 DAGs
[2023-06-10T14:28:38.333+0000] {logging_mixin.py:149} INFO - [2023-06-10T14:28:38.332+0000] {dag.py:3490} INFO - Setting next_dagrun for tutorial_taskflow_api to None, run_after=None
[2023-06-10T14:28:38.402+0000] {processor.py:179} INFO - Processing /home/airflow/.local/lib/python3.7/site-packages/airflow/example_dags/tutorial_taskflow_api.py took 0.228 seconds
[2023-06-10T14:29:08.523+0000] {processor.py:157} INFO - Started process (PID=239) to work on /home/airflow/.local/lib/python3.7/site-packages/airflow/example_dags/tutorial_taskflow_api.py
[2023-06-10T14:29:08.526+0000] {processor.py:826} INFO - Processing file /home/airflow/.local/lib/python3.7/site-packages/airflow/example_dags/tutorial_taskflow_api.py for tasks to queue
[2023-06-10T14:29:08.527+0000] {logging_mixin.py:149} INFO - [2023-06-10T14:29:08.527+0000] {dagbag.py:541} INFO - Filling up the DagBag from /home/airflow/.local/lib/python3.7/site-packages/airflow/example_dags/tutorial_taskflow_api.py
[2023-06-10T14:29:08.548+0000] {processor.py:836} INFO - DAG(s) dict_keys(['tutorial_taskflow_api']) retrieved from /home/airflow/.local/lib/python3.7/site-packages/airflow/example_dags/tutorial_taskflow_api.py
[2023-06-10T14:29:08.693+0000] {logging_mixin.py:149} INFO - [2023-06-10T14:29:08.693+0000] {dag.py:2726} INFO - Sync 1 DAGs
[2023-06-10T14:29:08.785+0000] {logging_mixin.py:149} INFO - [2023-06-10T14:29:08.784+0000] {dag.py:3490} INFO - Setting next_dagrun for tutorial_taskflow_api to None, run_after=None
[2023-06-10T14:29:08.880+0000] {processor.py:179} INFO - Processing /home/airflow/.local/lib/python3.7/site-packages/airflow/example_dags/tutorial_taskflow_api.py took 0.368 seconds
[2023-06-10T14:29:42.792+0000] {processor.py:157} INFO - Started process (PID=294) to work on /home/airflow/.local/lib/python3.7/site-packages/airflow/example_dags/tutorial_taskflow_api.py
[2023-06-10T14:29:42.796+0000] {processor.py:826} INFO - Processing file /home/airflow/.local/lib/python3.7/site-packages/airflow/example_dags/tutorial_taskflow_api.py for tasks to queue
[2023-06-10T14:29:42.797+0000] {logging_mixin.py:149} INFO - [2023-06-10T14:29:42.797+0000] {dagbag.py:541} INFO - Filling up the DagBag from /home/airflow/.local/lib/python3.7/site-packages/airflow/example_dags/tutorial_taskflow_api.py
[2023-06-10T14:29:42.834+0000] {processor.py:836} INFO - DAG(s) dict_keys(['tutorial_taskflow_api']) retrieved from /home/airflow/.local/lib/python3.7/site-packages/airflow/example_dags/tutorial_taskflow_api.py
[2023-06-10T14:29:43.138+0000] {logging_mixin.py:149} INFO - [2023-06-10T14:29:43.138+0000] {dag.py:2726} INFO - Sync 1 DAGs
[2023-06-10T14:29:43.467+0000] {logging_mixin.py:149} INFO - [2023-06-10T14:29:43.467+0000] {dag.py:3490} INFO - Setting next_dagrun for tutorial_taskflow_api to None, run_after=None
[2023-06-10T14:29:43.617+0000] {processor.py:179} INFO - Processing /home/airflow/.local/lib/python3.7/site-packages/airflow/example_dags/tutorial_taskflow_api.py took 0.846 seconds
[2023-06-10T14:30:13.750+0000] {processor.py:157} INFO - Started process (PID=350) to work on /home/airflow/.local/lib/python3.7/site-packages/airflow/example_dags/tutorial_taskflow_api.py
[2023-06-10T14:30:13.753+0000] {processor.py:826} INFO - Processing file /home/airflow/.local/lib/python3.7/site-packages/airflow/example_dags/tutorial_taskflow_api.py for tasks to queue
[2023-06-10T14:30:13.755+0000] {logging_mixin.py:149} INFO - [2023-06-10T14:30:13.755+0000] {dagbag.py:541} INFO - Filling up the DagBag from /home/airflow/.local/lib/python3.7/site-packages/airflow/example_dags/tutorial_taskflow_api.py
[2023-06-10T14:30:13.773+0000] {processor.py:836} INFO - DAG(s) dict_keys(['tutorial_taskflow_api']) retrieved from /home/airflow/.local/lib/python3.7/site-packages/airflow/example_dags/tutorial_taskflow_api.py
[2023-06-10T14:30:13.825+0000] {logging_mixin.py:149} INFO - [2023-06-10T14:30:13.825+0000] {dag.py:2726} INFO - Sync 1 DAGs
[2023-06-10T14:30:13.889+0000] {logging_mixin.py:149} INFO - [2023-06-10T14:30:13.889+0000] {dag.py:3490} INFO - Setting next_dagrun for tutorial_taskflow_api to None, run_after=None
[2023-06-10T14:30:13.947+0000] {processor.py:179} INFO - Processing /home/airflow/.local/lib/python3.7/site-packages/airflow/example_dags/tutorial_taskflow_api.py took 0.203 seconds
[2023-06-10T14:30:44.291+0000] {processor.py:157} INFO - Started process (PID=405) to work on /home/airflow/.local/lib/python3.7/site-packages/airflow/example_dags/tutorial_taskflow_api.py
[2023-06-10T14:30:44.294+0000] {processor.py:826} INFO - Processing file /home/airflow/.local/lib/python3.7/site-packages/airflow/example_dags/tutorial_taskflow_api.py for tasks to queue
[2023-06-10T14:30:44.297+0000] {logging_mixin.py:149} INFO - [2023-06-10T14:30:44.296+0000] {dagbag.py:541} INFO - Filling up the DagBag from /home/airflow/.local/lib/python3.7/site-packages/airflow/example_dags/tutorial_taskflow_api.py
[2023-06-10T14:30:44.321+0000] {processor.py:836} INFO - DAG(s) dict_keys(['tutorial_taskflow_api']) retrieved from /home/airflow/.local/lib/python3.7/site-packages/airflow/example_dags/tutorial_taskflow_api.py
[2023-06-10T14:30:44.395+0000] {logging_mixin.py:149} INFO - [2023-06-10T14:30:44.394+0000] {dag.py:2726} INFO - Sync 1 DAGs
[2023-06-10T14:30:44.496+0000] {logging_mixin.py:149} INFO - [2023-06-10T14:30:44.495+0000] {dag.py:3490} INFO - Setting next_dagrun for tutorial_taskflow_api to None, run_after=None
[2023-06-10T14:30:44.547+0000] {processor.py:179} INFO - Processing /home/airflow/.local/lib/python3.7/site-packages/airflow/example_dags/tutorial_taskflow_api.py took 0.270 seconds
