[2023-06-10T17:28:35.448+0000] {taskinstance.py:1103} INFO - Dependencies all met for dep_context=non-requeueable deps ti=<TaskInstance: first_dag_02.second_task scheduled__2021-08-13T00:00:00+00:00 [queued]>
[2023-06-10T17:28:36.494+0000] {taskinstance.py:1103} INFO - Dependencies all met for dep_context=requeueable deps ti=<TaskInstance: first_dag_02.second_task scheduled__2021-08-13T00:00:00+00:00 [queued]>
[2023-06-10T17:28:36.500+0000] {taskinstance.py:1308} INFO - Starting attempt 1 of 6
[2023-06-10T17:28:36.711+0000] {taskinstance.py:1327} INFO - Executing <Task(BashOperator): second_task> on 2021-08-13 00:00:00+00:00
[2023-06-10T17:28:36.745+0000] {standard_task_runner.py:57} INFO - Started process 1020 to run task
[2023-06-10T17:28:36.778+0000] {standard_task_runner.py:84} INFO - Running: ['***', 'tasks', 'run', 'first_dag_02', 'second_task', 'scheduled__2021-08-13T00:00:00+00:00', '--job-id', '1844', '--raw', '--subdir', 'DAGS_FOLDER/First_dag.py', '--cfg-path', '/tmp/tmpov7054mu']
[2023-06-10T17:28:36.780+0000] {standard_task_runner.py:85} INFO - Job 1844: Subtask second_task
[2023-06-10T17:28:39.056+0000] {task_command.py:410} INFO - Running <TaskInstance: first_dag_02.second_task scheduled__2021-08-13T00:00:00+00:00 [running]> on host e326d5f70fa9
[2023-06-10T17:28:46.442+0000] {taskinstance.py:1547} INFO - Exporting env vars: AIRFLOW_CTX_DAG_OWNER='Raja' AIRFLOW_CTX_DAG_ID='first_dag_02' AIRFLOW_CTX_TASK_ID='second_task' AIRFLOW_CTX_EXECUTION_DATE='2021-08-13T00:00:00+00:00' AIRFLOW_CTX_TRY_NUMBER='1' AIRFLOW_CTX_DAG_RUN_ID='scheduled__2021-08-13T00:00:00+00:00'
[2023-06-10T17:28:46.466+0000] {subprocess.py:63} INFO - Tmp dir root location: 
 /tmp
[2023-06-10T17:28:46.470+0000] {subprocess.py:75} INFO - Running command: ['/bin/bash', '-c', 'echo hey, I am task2 and will be running after task1!']
[2023-06-10T17:28:46.840+0000] {subprocess.py:86} INFO - Output:
[2023-06-10T17:28:46.847+0000] {subprocess.py:93} INFO - hey, I am task2 and will be running after task1!
[2023-06-10T17:28:46.892+0000] {subprocess.py:97} INFO - Command exited with return code 0
[2023-06-10T17:28:47.556+0000] {taskinstance.py:1350} INFO - Marking task as SUCCESS. dag_id=first_dag_02, task_id=second_task, execution_date=20210813T000000, start_date=20230610T172835, end_date=20230610T172847
[2023-06-10T17:28:48.740+0000] {local_task_job_runner.py:225} INFO - Task exited with return code 0
[2023-06-10T17:28:49.761+0000] {taskinstance.py:2651} INFO - 0 downstream tasks scheduled from follow-on schedule check
[2023-06-11T04:45:47.130+0000] {taskinstance.py:1103} INFO - Dependencies all met for dep_context=non-requeueable deps ti=<TaskInstance: first_dag_02.second_task scheduled__2021-08-13T00:00:00+00:00 [queued]>
[2023-06-11T04:45:47.306+0000] {taskinstance.py:1103} INFO - Dependencies all met for dep_context=requeueable deps ti=<TaskInstance: first_dag_02.second_task scheduled__2021-08-13T00:00:00+00:00 [queued]>
[2023-06-11T04:45:47.317+0000] {taskinstance.py:1308} INFO - Starting attempt 1 of 6
[2023-06-11T04:45:47.522+0000] {taskinstance.py:1327} INFO - Executing <Task(BashOperator): second_task> on 2021-08-13 00:00:00+00:00
[2023-06-11T04:45:47.542+0000] {standard_task_runner.py:57} INFO - Started process 321 to run task
[2023-06-11T04:45:47.582+0000] {standard_task_runner.py:84} INFO - Running: ['***', 'tasks', 'run', 'first_dag_02', 'second_task', 'scheduled__2021-08-13T00:00:00+00:00', '--job-id', '89', '--raw', '--subdir', 'DAGS_FOLDER/First_dag.py', '--cfg-path', '/tmp/tmpf2bej2lk']
[2023-06-11T04:45:47.594+0000] {standard_task_runner.py:85} INFO - Job 89: Subtask second_task
[2023-06-11T04:45:47.910+0000] {task_command.py:410} INFO - Running <TaskInstance: first_dag_02.second_task scheduled__2021-08-13T00:00:00+00:00 [running]> on host 4b1b5d40d165
[2023-06-11T04:45:50.347+0000] {taskinstance.py:1547} INFO - Exporting env vars: AIRFLOW_CTX_DAG_OWNER='Raja' AIRFLOW_CTX_DAG_ID='first_dag_02' AIRFLOW_CTX_TASK_ID='second_task' AIRFLOW_CTX_EXECUTION_DATE='2021-08-13T00:00:00+00:00' AIRFLOW_CTX_TRY_NUMBER='1' AIRFLOW_CTX_DAG_RUN_ID='scheduled__2021-08-13T00:00:00+00:00'
[2023-06-11T04:45:50.351+0000] {subprocess.py:63} INFO - Tmp dir root location: 
 /tmp
[2023-06-11T04:45:50.352+0000] {subprocess.py:75} INFO - Running command: ['/bin/bash', '-c', 'echo hey, I am task2 and will be running after task1!']
[2023-06-11T04:45:50.511+0000] {subprocess.py:86} INFO - Output:
[2023-06-11T04:45:50.541+0000] {subprocess.py:93} INFO - hey, I am task2 and will be running after task1!
[2023-06-11T04:45:50.570+0000] {subprocess.py:97} INFO - Command exited with return code 0
[2023-06-11T04:45:50.946+0000] {taskinstance.py:1350} INFO - Marking task as SUCCESS. dag_id=first_dag_02, task_id=second_task, execution_date=20210813T000000, start_date=20230611T044547, end_date=20230611T044550
[2023-06-11T04:45:51.060+0000] {local_task_job_runner.py:225} INFO - Task exited with return code 0
[2023-06-11T04:45:51.156+0000] {taskinstance.py:2651} INFO - 0 downstream tasks scheduled from follow-on schedule check
[2023-06-11T05:16:02.897+0000] {taskinstance.py:1103} INFO - Dependencies all met for dep_context=non-requeueable deps ti=<TaskInstance: first_dag_02.second_task scheduled__2021-08-13T00:00:00+00:00 [queued]>
[2023-06-11T05:16:03.307+0000] {taskinstance.py:1103} INFO - Dependencies all met for dep_context=requeueable deps ti=<TaskInstance: first_dag_02.second_task scheduled__2021-08-13T00:00:00+00:00 [queued]>
[2023-06-11T05:16:03.313+0000] {taskinstance.py:1308} INFO - Starting attempt 1 of 6
[2023-06-11T05:16:04.575+0000] {taskinstance.py:1327} INFO - Executing <Task(BashOperator): second_task> on 2021-08-13 00:00:00+00:00
[2023-06-11T05:16:04.604+0000] {standard_task_runner.py:57} INFO - Started process 332 to run task
[2023-06-11T05:16:04.651+0000] {standard_task_runner.py:84} INFO - Running: ['***', 'tasks', 'run', 'first_dag_02', 'second_task', 'scheduled__2021-08-13T00:00:00+00:00', '--job-id', '80', '--raw', '--subdir', 'DAGS_FOLDER/First_dag.py', '--cfg-path', '/tmp/tmp07olkeqa']
[2023-06-11T05:16:04.668+0000] {standard_task_runner.py:85} INFO - Job 80: Subtask second_task
[2023-06-11T05:16:06.421+0000] {task_command.py:410} INFO - Running <TaskInstance: first_dag_02.second_task scheduled__2021-08-13T00:00:00+00:00 [running]> on host 69e374580eab
[2023-06-11T05:16:11.049+0000] {taskinstance.py:1547} INFO - Exporting env vars: AIRFLOW_CTX_DAG_OWNER='Raja' AIRFLOW_CTX_DAG_ID='first_dag_02' AIRFLOW_CTX_TASK_ID='second_task' AIRFLOW_CTX_EXECUTION_DATE='2021-08-13T00:00:00+00:00' AIRFLOW_CTX_TRY_NUMBER='1' AIRFLOW_CTX_DAG_RUN_ID='scheduled__2021-08-13T00:00:00+00:00'
[2023-06-11T05:16:11.087+0000] {subprocess.py:63} INFO - Tmp dir root location: 
 /tmp
[2023-06-11T05:16:11.089+0000] {subprocess.py:75} INFO - Running command: ['/bin/bash', '-c', 'echo hey, I am task2 and will be running after task1!']
[2023-06-11T05:16:11.548+0000] {subprocess.py:86} INFO - Output:
[2023-06-11T05:16:11.578+0000] {subprocess.py:93} INFO - hey, I am task2 and will be running after task1!
[2023-06-11T05:16:11.666+0000] {subprocess.py:97} INFO - Command exited with return code 0
[2023-06-11T05:16:12.935+0000] {taskinstance.py:1350} INFO - Marking task as SUCCESS. dag_id=first_dag_02, task_id=second_task, execution_date=20210813T000000, start_date=20230611T051602, end_date=20230611T051612
[2023-06-11T05:16:14.254+0000] {local_task_job_runner.py:225} INFO - Task exited with return code 0
[2023-06-11T05:16:14.877+0000] {taskinstance.py:2651} INFO - 0 downstream tasks scheduled from follow-on schedule check
[2023-06-11T08:18:08.017+0000] {taskinstance.py:1103} INFO - Dependencies all met for dep_context=non-requeueable deps ti=<TaskInstance: first_dag_02.second_task scheduled__2021-08-13T00:00:00+00:00 [queued]>
[2023-06-11T08:18:09.086+0000] {taskinstance.py:1103} INFO - Dependencies all met for dep_context=requeueable deps ti=<TaskInstance: first_dag_02.second_task scheduled__2021-08-13T00:00:00+00:00 [queued]>
[2023-06-11T08:18:09.087+0000] {taskinstance.py:1308} INFO - Starting attempt 1 of 6
[2023-06-11T08:18:10.207+0000] {taskinstance.py:1327} INFO - Executing <Task(BashOperator): second_task> on 2021-08-13 00:00:00+00:00
[2023-06-11T08:18:10.582+0000] {standard_task_runner.py:57} INFO - Started process 425 to run task
[2023-06-11T08:18:10.754+0000] {standard_task_runner.py:84} INFO - Running: ['***', 'tasks', 'run', 'first_dag_02', 'second_task', 'scheduled__2021-08-13T00:00:00+00:00', '--job-id', '147', '--raw', '--subdir', 'DAGS_FOLDER/First_dag.py', '--cfg-path', '/tmp/tmpwgjiuf_6']
[2023-06-11T08:18:10.792+0000] {standard_task_runner.py:85} INFO - Job 147: Subtask second_task
[2023-06-11T08:18:13.383+0000] {task_command.py:410} INFO - Running <TaskInstance: first_dag_02.second_task scheduled__2021-08-13T00:00:00+00:00 [running]> on host 492037cdd057
[2023-06-11T08:18:22.563+0000] {taskinstance.py:1547} INFO - Exporting env vars: AIRFLOW_CTX_DAG_OWNER='Raja' AIRFLOW_CTX_DAG_ID='first_dag_02' AIRFLOW_CTX_TASK_ID='second_task' AIRFLOW_CTX_EXECUTION_DATE='2021-08-13T00:00:00+00:00' AIRFLOW_CTX_TRY_NUMBER='1' AIRFLOW_CTX_DAG_RUN_ID='scheduled__2021-08-13T00:00:00+00:00'
[2023-06-11T08:18:22.854+0000] {subprocess.py:63} INFO - Tmp dir root location: 
 /tmp
[2023-06-11T08:18:22.855+0000] {subprocess.py:75} INFO - Running command: ['/bin/bash', '-c', 'echo hey, I am task2 and will be running after task1!']
[2023-06-11T08:18:23.647+0000] {subprocess.py:86} INFO - Output:
[2023-06-11T08:18:23.694+0000] {subprocess.py:93} INFO - hey, I am task2 and will be running after task1!
[2023-06-11T08:18:23.695+0000] {subprocess.py:97} INFO - Command exited with return code 0
[2023-06-11T08:18:25.133+0000] {taskinstance.py:1350} INFO - Marking task as SUCCESS. dag_id=first_dag_02, task_id=second_task, execution_date=20210813T000000, start_date=20230611T081808, end_date=20230611T081825
[2023-06-11T08:18:25.735+0000] {local_task_job_runner.py:225} INFO - Task exited with return code 0
[2023-06-11T08:18:26.337+0000] {taskinstance.py:2651} INFO - 0 downstream tasks scheduled from follow-on schedule check
[2023-06-11T08:48:02.611+0000] {taskinstance.py:1103} INFO - Dependencies all met for dep_context=non-requeueable deps ti=<TaskInstance: first_dag_02.second_task scheduled__2021-08-13T00:00:00+00:00 [queued]>
[2023-06-11T08:48:02.817+0000] {taskinstance.py:1103} INFO - Dependencies all met for dep_context=requeueable deps ti=<TaskInstance: first_dag_02.second_task scheduled__2021-08-13T00:00:00+00:00 [queued]>
[2023-06-11T08:48:02.817+0000] {taskinstance.py:1308} INFO - Starting attempt 1 of 6
[2023-06-11T08:48:03.533+0000] {taskinstance.py:1327} INFO - Executing <Task(BashOperator): second_task> on 2021-08-13 00:00:00+00:00
[2023-06-11T08:48:03.651+0000] {standard_task_runner.py:57} INFO - Started process 364 to run task
[2023-06-11T08:48:03.731+0000] {standard_task_runner.py:84} INFO - Running: ['***', 'tasks', 'run', 'first_dag_02', 'second_task', 'scheduled__2021-08-13T00:00:00+00:00', '--job-id', '104', '--raw', '--subdir', 'DAGS_FOLDER/First_dag.py', '--cfg-path', '/tmp/tmpwbykafol']
[2023-06-11T08:48:03.732+0000] {standard_task_runner.py:85} INFO - Job 104: Subtask second_task
[2023-06-11T08:48:04.540+0000] {task_command.py:410} INFO - Running <TaskInstance: first_dag_02.second_task scheduled__2021-08-13T00:00:00+00:00 [running]> on host 964e508aad03
[2023-06-11T08:48:07.717+0000] {taskinstance.py:1547} INFO - Exporting env vars: AIRFLOW_CTX_DAG_OWNER='Raja' AIRFLOW_CTX_DAG_ID='first_dag_02' AIRFLOW_CTX_TASK_ID='second_task' AIRFLOW_CTX_EXECUTION_DATE='2021-08-13T00:00:00+00:00' AIRFLOW_CTX_TRY_NUMBER='1' AIRFLOW_CTX_DAG_RUN_ID='scheduled__2021-08-13T00:00:00+00:00'
[2023-06-11T08:48:07.718+0000] {subprocess.py:63} INFO - Tmp dir root location: 
 /tmp
[2023-06-11T08:48:07.719+0000] {subprocess.py:75} INFO - Running command: ['/bin/bash', '-c', 'echo hey, I am task2 and will be running after task1!']
[2023-06-11T08:48:07.814+0000] {subprocess.py:86} INFO - Output:
[2023-06-11T08:48:07.831+0000] {subprocess.py:93} INFO - hey, I am task2 and will be running after task1!
[2023-06-11T08:48:07.831+0000] {subprocess.py:97} INFO - Command exited with return code 0
[2023-06-11T08:48:08.071+0000] {taskinstance.py:1350} INFO - Marking task as SUCCESS. dag_id=first_dag_02, task_id=second_task, execution_date=20210813T000000, start_date=20230611T084802, end_date=20230611T084808
[2023-06-11T08:48:08.455+0000] {local_task_job_runner.py:225} INFO - Task exited with return code 0
[2023-06-11T08:48:09.003+0000] {taskinstance.py:2651} INFO - 0 downstream tasks scheduled from follow-on schedule check
[2023-06-11T10:39:02.526+0000] {taskinstance.py:1103} INFO - Dependencies all met for dep_context=non-requeueable deps ti=<TaskInstance: first_dag_02.second_task scheduled__2021-08-13T00:00:00+00:00 [queued]>
[2023-06-11T10:39:03.246+0000] {taskinstance.py:1103} INFO - Dependencies all met for dep_context=requeueable deps ti=<TaskInstance: first_dag_02.second_task scheduled__2021-08-13T00:00:00+00:00 [queued]>
[2023-06-11T10:39:03.247+0000] {taskinstance.py:1308} INFO - Starting attempt 1 of 6
[2023-06-11T10:39:04.078+0000] {taskinstance.py:1327} INFO - Executing <Task(BashOperator): second_task> on 2021-08-13 00:00:00+00:00
[2023-06-11T10:39:04.166+0000] {standard_task_runner.py:57} INFO - Started process 395 to run task
[2023-06-11T10:39:04.221+0000] {standard_task_runner.py:84} INFO - Running: ['***', 'tasks', 'run', 'first_dag_02', 'second_task', 'scheduled__2021-08-13T00:00:00+00:00', '--job-id', '104', '--raw', '--subdir', 'DAGS_FOLDER/First_dag.py', '--cfg-path', '/tmp/tmpztg357cc']
[2023-06-11T10:39:04.222+0000] {standard_task_runner.py:85} INFO - Job 104: Subtask second_task
[2023-06-11T10:39:04.975+0000] {task_command.py:410} INFO - Running <TaskInstance: first_dag_02.second_task scheduled__2021-08-13T00:00:00+00:00 [running]> on host 7586ce0070ac
[2023-06-11T10:39:08.693+0000] {taskinstance.py:1547} INFO - Exporting env vars: AIRFLOW_CTX_DAG_OWNER='Raja' AIRFLOW_CTX_DAG_ID='first_dag_02' AIRFLOW_CTX_TASK_ID='second_task' AIRFLOW_CTX_EXECUTION_DATE='2021-08-13T00:00:00+00:00' AIRFLOW_CTX_TRY_NUMBER='1' AIRFLOW_CTX_DAG_RUN_ID='scheduled__2021-08-13T00:00:00+00:00'
[2023-06-11T10:39:08.698+0000] {subprocess.py:63} INFO - Tmp dir root location: 
 /tmp
[2023-06-11T10:39:08.701+0000] {subprocess.py:75} INFO - Running command: ['/bin/bash', '-c', 'echo hey, I am task2 and will be running after task1!']
[2023-06-11T10:39:08.952+0000] {subprocess.py:86} INFO - Output:
[2023-06-11T10:39:08.987+0000] {subprocess.py:93} INFO - hey, I am task2 and will be running after task1!
[2023-06-11T10:39:08.988+0000] {subprocess.py:97} INFO - Command exited with return code 0
[2023-06-11T10:39:09.284+0000] {taskinstance.py:1350} INFO - Marking task as SUCCESS. dag_id=first_dag_02, task_id=second_task, execution_date=20210813T000000, start_date=20230611T103902, end_date=20230611T103909
[2023-06-11T10:39:11.183+0000] {local_task_job_runner.py:225} INFO - Task exited with return code 0
[2023-06-11T10:39:11.381+0000] {taskinstance.py:2651} INFO - 0 downstream tasks scheduled from follow-on schedule check
