[2023-06-11T08:53:45.461+0000] {taskinstance.py:1103} INFO - Dependencies all met for dep_context=non-requeueable deps ti=<TaskInstance: first_dag_02.second_task scheduled__2021-11-05T00:00:00+00:00 [queued]>
[2023-06-11T08:53:45.671+0000] {taskinstance.py:1103} INFO - Dependencies all met for dep_context=requeueable deps ti=<TaskInstance: first_dag_02.second_task scheduled__2021-11-05T00:00:00+00:00 [queued]>
[2023-06-11T08:53:45.672+0000] {taskinstance.py:1308} INFO - Starting attempt 1 of 6
[2023-06-11T08:53:46.202+0000] {taskinstance.py:1327} INFO - Executing <Task(BashOperator): second_task> on 2021-11-05 00:00:00+00:00
[2023-06-11T08:53:46.212+0000] {standard_task_runner.py:57} INFO - Started process 1650 to run task
[2023-06-11T08:53:46.246+0000] {standard_task_runner.py:84} INFO - Running: ['***', 'tasks', 'run', 'first_dag_02', 'second_task', 'scheduled__2021-11-05T00:00:00+00:00', '--job-id', '511', '--raw', '--subdir', 'DAGS_FOLDER/First_dag.py', '--cfg-path', '/tmp/tmpduf6fomq']
[2023-06-11T08:53:46.247+0000] {standard_task_runner.py:85} INFO - Job 511: Subtask second_task
[2023-06-11T08:53:46.785+0000] {task_command.py:410} INFO - Running <TaskInstance: first_dag_02.second_task scheduled__2021-11-05T00:00:00+00:00 [running]> on host 964e508aad03
[2023-06-11T08:53:48.326+0000] {taskinstance.py:1547} INFO - Exporting env vars: AIRFLOW_CTX_DAG_OWNER='Raja' AIRFLOW_CTX_DAG_ID='first_dag_02' AIRFLOW_CTX_TASK_ID='second_task' AIRFLOW_CTX_EXECUTION_DATE='2021-11-05T00:00:00+00:00' AIRFLOW_CTX_TRY_NUMBER='1' AIRFLOW_CTX_DAG_RUN_ID='scheduled__2021-11-05T00:00:00+00:00'
[2023-06-11T08:53:48.330+0000] {subprocess.py:63} INFO - Tmp dir root location: 
 /tmp
[2023-06-11T08:53:48.349+0000] {subprocess.py:75} INFO - Running command: ['/bin/bash', '-c', 'echo hey, I am task2 and will be running after task1!']
[2023-06-11T08:53:48.463+0000] {subprocess.py:86} INFO - Output:
[2023-06-11T08:53:48.491+0000] {subprocess.py:93} INFO - hey, I am task2 and will be running after task1!
[2023-06-11T08:53:48.492+0000] {subprocess.py:97} INFO - Command exited with return code 0
[2023-06-11T08:53:48.886+0000] {taskinstance.py:1350} INFO - Marking task as SUCCESS. dag_id=first_dag_02, task_id=second_task, execution_date=20211105T000000, start_date=20230611T085345, end_date=20230611T085348
[2023-06-11T08:53:49.109+0000] {local_task_job_runner.py:225} INFO - Task exited with return code 0
[2023-06-11T08:53:49.469+0000] {taskinstance.py:2651} INFO - 0 downstream tasks scheduled from follow-on schedule check
[2023-06-11T11:14:46.967+0000] {taskinstance.py:1103} INFO - Dependencies all met for dep_context=non-requeueable deps ti=<TaskInstance: first_dag_02.second_task scheduled__2021-11-05T00:00:00+00:00 [queued]>
[2023-06-11T11:14:47.531+0000] {taskinstance.py:1103} INFO - Dependencies all met for dep_context=requeueable deps ti=<TaskInstance: first_dag_02.second_task scheduled__2021-11-05T00:00:00+00:00 [queued]>
[2023-06-11T11:14:47.541+0000] {taskinstance.py:1308} INFO - Starting attempt 1 of 6
[2023-06-11T11:14:47.980+0000] {taskinstance.py:1327} INFO - Executing <Task(BashOperator): second_task> on 2021-11-05 00:00:00+00:00
[2023-06-11T11:14:48.145+0000] {standard_task_runner.py:57} INFO - Started process 218 to run task
[2023-06-11T11:14:48.216+0000] {standard_task_runner.py:84} INFO - Running: ['***', 'tasks', 'run', 'first_dag_02', 'second_task', 'scheduled__2021-11-05T00:00:00+00:00', '--job-id', '521', '--raw', '--subdir', 'DAGS_FOLDER/First_dag.py', '--cfg-path', '/tmp/tmp3y8ndrp0']
[2023-06-11T11:14:48.233+0000] {standard_task_runner.py:85} INFO - Job 521: Subtask second_task
[2023-06-11T11:14:48.848+0000] {task_command.py:410} INFO - Running <TaskInstance: first_dag_02.second_task scheduled__2021-11-05T00:00:00+00:00 [running]> on host 7586ce0070ac
[2023-06-11T11:14:53.034+0000] {taskinstance.py:1547} INFO - Exporting env vars: AIRFLOW_CTX_DAG_OWNER='Raja' AIRFLOW_CTX_DAG_ID='first_dag_02' AIRFLOW_CTX_TASK_ID='second_task' AIRFLOW_CTX_EXECUTION_DATE='2021-11-05T00:00:00+00:00' AIRFLOW_CTX_TRY_NUMBER='1' AIRFLOW_CTX_DAG_RUN_ID='scheduled__2021-11-05T00:00:00+00:00'
[2023-06-11T11:14:53.060+0000] {subprocess.py:63} INFO - Tmp dir root location: 
 /tmp
[2023-06-11T11:14:53.061+0000] {subprocess.py:75} INFO - Running command: ['/bin/bash', '-c', 'echo hey, I am task2 and will be running after task1!']
[2023-06-11T11:14:53.089+0000] {subprocess.py:86} INFO - Output:
[2023-06-11T11:14:53.093+0000] {subprocess.py:93} INFO - hey, I am task2 and will be running after task1!
[2023-06-11T11:14:53.094+0000] {subprocess.py:97} INFO - Command exited with return code 0
[2023-06-11T11:14:53.328+0000] {taskinstance.py:1350} INFO - Marking task as SUCCESS. dag_id=first_dag_02, task_id=second_task, execution_date=20211105T000000, start_date=20230611T111447, end_date=20230611T111453
[2023-06-11T11:14:54.330+0000] {local_task_job_runner.py:225} INFO - Task exited with return code 0
[2023-06-11T11:14:54.581+0000] {taskinstance.py:2651} INFO - 0 downstream tasks scheduled from follow-on schedule check
