[2023-06-11T09:41:26.549+0000] {taskinstance.py:1103} INFO - Dependencies all met for dep_context=non-requeueable deps ti=<TaskInstance: dag_catchup_03.task1 scheduled__2023-06-10T00:00:00+00:00 [queued]>
[2023-06-11T09:41:26.592+0000] {taskinstance.py:1103} INFO - Dependencies all met for dep_context=requeueable deps ti=<TaskInstance: dag_catchup_03.task1 scheduled__2023-06-10T00:00:00+00:00 [queued]>
[2023-06-11T09:41:26.601+0000] {taskinstance.py:1308} INFO - Starting attempt 1 of 6
[2023-06-11T09:41:27.636+0000] {taskinstance.py:1327} INFO - Executing <Task(BashOperator): task1> on 2023-06-10 00:00:00+00:00
[2023-06-11T09:41:27.938+0000] {standard_task_runner.py:57} INFO - Started process 4066 to run task
[2023-06-11T09:41:28.260+0000] {standard_task_runner.py:84} INFO - Running: ['***', 'tasks', 'run', 'dag_catchup_03', 'task1', 'scheduled__2023-06-10T00:00:00+00:00', '--job-id', '1250', '--raw', '--subdir', 'DAGS_FOLDER/dag_catchup.py', '--cfg-path', '/tmp/tmph31azb49']
[2023-06-11T09:41:28.261+0000] {standard_task_runner.py:85} INFO - Job 1250: Subtask task1
[2023-06-11T09:41:30.662+0000] {task_command.py:410} INFO - Running <TaskInstance: dag_catchup_03.task1 scheduled__2023-06-10T00:00:00+00:00 [running]> on host 964e508aad03
[2023-06-11T09:41:37.086+0000] {taskinstance.py:1547} INFO - Exporting env vars: AIRFLOW_CTX_DAG_OWNER='Raja' AIRFLOW_CTX_DAG_ID='dag_catchup_03' AIRFLOW_CTX_TASK_ID='task1' AIRFLOW_CTX_EXECUTION_DATE='2023-06-10T00:00:00+00:00' AIRFLOW_CTX_TRY_NUMBER='1' AIRFLOW_CTX_DAG_RUN_ID='scheduled__2023-06-10T00:00:00+00:00'
[2023-06-11T09:41:37.146+0000] {subprocess.py:63} INFO - Tmp dir root location: 
 /tmp
[2023-06-11T09:41:37.147+0000] {subprocess.py:75} INFO - Running command: ['/bin/bash', '-c', 'echo This is a simple bash command!']
[2023-06-11T09:41:37.409+0000] {subprocess.py:86} INFO - Output:
[2023-06-11T09:41:37.456+0000] {subprocess.py:93} INFO - This is a simple bash command!
[2023-06-11T09:41:37.458+0000] {subprocess.py:97} INFO - Command exited with return code 0
[2023-06-11T09:41:38.621+0000] {taskinstance.py:1350} INFO - Marking task as SUCCESS. dag_id=dag_catchup_03, task_id=task1, execution_date=20230610T000000, start_date=20230611T094126, end_date=20230611T094138
[2023-06-11T09:41:39.659+0000] {local_task_job_runner.py:225} INFO - Task exited with return code 0
[2023-06-11T09:41:40.364+0000] {taskinstance.py:2651} INFO - 0 downstream tasks scheduled from follow-on schedule check
[2023-06-11T10:35:05.349+0000] {taskinstance.py:1103} INFO - Dependencies all met for dep_context=non-requeueable deps ti=<TaskInstance: dag_catchup_03.task1 scheduled__2023-06-10T00:00:00+00:00 [queued]>
[2023-06-11T10:35:06.548+0000] {taskinstance.py:1103} INFO - Dependencies all met for dep_context=requeueable deps ti=<TaskInstance: dag_catchup_03.task1 scheduled__2023-06-10T00:00:00+00:00 [queued]>
[2023-06-11T10:35:06.548+0000] {taskinstance.py:1308} INFO - Starting attempt 1 of 6
[2023-06-11T10:35:07.097+0000] {taskinstance.py:1327} INFO - Executing <Task(BashOperator): task1> on 2023-06-10 00:00:00+00:00
[2023-06-11T10:35:07.308+0000] {standard_task_runner.py:57} INFO - Started process 84 to run task
[2023-06-11T10:35:07.318+0000] {standard_task_runner.py:84} INFO - Running: ['***', 'tasks', 'run', 'dag_catchup_03', 'task1', 'scheduled__2023-06-10T00:00:00+00:00', '--job-id', '4', '--raw', '--subdir', 'DAGS_FOLDER/dag_catchup.py', '--cfg-path', '/tmp/tmpdul0_zym']
[2023-06-11T10:35:07.319+0000] {standard_task_runner.py:85} INFO - Job 4: Subtask task1
[2023-06-11T10:35:09.249+0000] {task_command.py:410} INFO - Running <TaskInstance: dag_catchup_03.task1 scheduled__2023-06-10T00:00:00+00:00 [running]> on host 7586ce0070ac
[2023-06-11T10:35:12.677+0000] {taskinstance.py:1547} INFO - Exporting env vars: AIRFLOW_CTX_DAG_OWNER='Raja' AIRFLOW_CTX_DAG_ID='dag_catchup_03' AIRFLOW_CTX_TASK_ID='task1' AIRFLOW_CTX_EXECUTION_DATE='2023-06-10T00:00:00+00:00' AIRFLOW_CTX_TRY_NUMBER='1' AIRFLOW_CTX_DAG_RUN_ID='scheduled__2023-06-10T00:00:00+00:00'
[2023-06-11T10:35:12.686+0000] {subprocess.py:63} INFO - Tmp dir root location: 
 /tmp
[2023-06-11T10:35:12.690+0000] {subprocess.py:75} INFO - Running command: ['/bin/bash', '-c', 'echo This is a simple bash command!']
[2023-06-11T10:35:12.779+0000] {subprocess.py:86} INFO - Output:
[2023-06-11T10:35:12.812+0000] {subprocess.py:93} INFO - This is a simple bash command!
[2023-06-11T10:35:12.828+0000] {subprocess.py:97} INFO - Command exited with return code 0
[2023-06-11T10:35:13.091+0000] {taskinstance.py:1350} INFO - Marking task as SUCCESS. dag_id=dag_catchup_03, task_id=task1, execution_date=20230610T000000, start_date=20230611T103505, end_date=20230611T103513
[2023-06-11T10:35:14.963+0000] {local_task_job_runner.py:225} INFO - Task exited with return code 0
[2023-06-11T10:35:15.958+0000] {taskinstance.py:2651} INFO - 0 downstream tasks scheduled from follow-on schedule check
