[2023-06-10T17:28:29.117+0000] {taskinstance.py:1103} INFO - Dependencies all met for dep_context=non-requeueable deps ti=<TaskInstance: first_dag_02.thrid_task scheduled__2021-08-08T00:00:00+00:00 [queued]>
[2023-06-10T17:28:29.961+0000] {taskinstance.py:1103} INFO - Dependencies all met for dep_context=requeueable deps ti=<TaskInstance: first_dag_02.thrid_task scheduled__2021-08-08T00:00:00+00:00 [queued]>
[2023-06-10T17:28:29.964+0000] {taskinstance.py:1308} INFO - Starting attempt 1 of 6
[2023-06-10T17:28:31.830+0000] {taskinstance.py:1327} INFO - Executing <Task(BashOperator): thrid_task> on 2021-08-08 00:00:00+00:00
[2023-06-10T17:28:31.990+0000] {standard_task_runner.py:57} INFO - Started process 1013 to run task
[2023-06-10T17:28:32.142+0000] {standard_task_runner.py:84} INFO - Running: ['***', 'tasks', 'run', 'first_dag_02', 'thrid_task', 'scheduled__2021-08-08T00:00:00+00:00', '--job-id', '1842', '--raw', '--subdir', 'DAGS_FOLDER/First_dag.py', '--cfg-path', '/tmp/tmpp681j46a']
[2023-06-10T17:28:32.152+0000] {standard_task_runner.py:85} INFO - Job 1842: Subtask thrid_task
[2023-06-10T17:28:33.301+0000] {task_command.py:410} INFO - Running <TaskInstance: first_dag_02.thrid_task scheduled__2021-08-08T00:00:00+00:00 [running]> on host e326d5f70fa9
[2023-06-10T17:28:39.237+0000] {taskinstance.py:1547} INFO - Exporting env vars: AIRFLOW_CTX_DAG_OWNER='Raja' AIRFLOW_CTX_DAG_ID='first_dag_02' AIRFLOW_CTX_TASK_ID='thrid_task' AIRFLOW_CTX_EXECUTION_DATE='2021-08-08T00:00:00+00:00' AIRFLOW_CTX_TRY_NUMBER='1' AIRFLOW_CTX_DAG_RUN_ID='scheduled__2021-08-08T00:00:00+00:00'
[2023-06-10T17:28:39.354+0000] {subprocess.py:63} INFO - Tmp dir root location: 
 /tmp
[2023-06-10T17:28:39.500+0000] {subprocess.py:75} INFO - Running command: ['/bin/bash', '-c', 'echo hey, I am task3 and will be running after task1 at the same time as task2!']
[2023-06-10T17:28:40.292+0000] {subprocess.py:86} INFO - Output:
[2023-06-10T17:28:40.306+0000] {subprocess.py:93} INFO - hey, I am task3 and will be running after task1 at the same time as task2!
[2023-06-10T17:28:40.314+0000] {subprocess.py:97} INFO - Command exited with return code 0
[2023-06-10T17:28:41.303+0000] {taskinstance.py:1350} INFO - Marking task as SUCCESS. dag_id=first_dag_02, task_id=thrid_task, execution_date=20210808T000000, start_date=20230610T172829, end_date=20230610T172841
[2023-06-10T17:28:42.124+0000] {local_task_job_runner.py:225} INFO - Task exited with return code 0
[2023-06-10T17:28:43.048+0000] {taskinstance.py:2651} INFO - 0 downstream tasks scheduled from follow-on schedule check
[2023-06-11T04:45:26.353+0000] {taskinstance.py:1103} INFO - Dependencies all met for dep_context=non-requeueable deps ti=<TaskInstance: first_dag_02.thrid_task scheduled__2021-08-08T00:00:00+00:00 [queued]>
[2023-06-11T04:45:26.633+0000] {taskinstance.py:1103} INFO - Dependencies all met for dep_context=requeueable deps ti=<TaskInstance: first_dag_02.thrid_task scheduled__2021-08-08T00:00:00+00:00 [queued]>
[2023-06-11T04:45:26.635+0000] {taskinstance.py:1308} INFO - Starting attempt 1 of 6
[2023-06-11T04:45:27.169+0000] {taskinstance.py:1327} INFO - Executing <Task(BashOperator): thrid_task> on 2021-08-08 00:00:00+00:00
[2023-06-11T04:45:27.282+0000] {standard_task_runner.py:57} INFO - Started process 273 to run task
[2023-06-11T04:45:27.397+0000] {standard_task_runner.py:84} INFO - Running: ['***', 'tasks', 'run', 'first_dag_02', 'thrid_task', 'scheduled__2021-08-08T00:00:00+00:00', '--job-id', '71', '--raw', '--subdir', 'DAGS_FOLDER/First_dag.py', '--cfg-path', '/tmp/tmpxgft1kpy']
[2023-06-11T04:45:27.399+0000] {standard_task_runner.py:85} INFO - Job 71: Subtask thrid_task
[2023-06-11T04:45:28.590+0000] {task_command.py:410} INFO - Running <TaskInstance: first_dag_02.thrid_task scheduled__2021-08-08T00:00:00+00:00 [running]> on host 4b1b5d40d165
[2023-06-11T04:45:29.790+0000] {taskinstance.py:1547} INFO - Exporting env vars: AIRFLOW_CTX_DAG_OWNER='Raja' AIRFLOW_CTX_DAG_ID='first_dag_02' AIRFLOW_CTX_TASK_ID='thrid_task' AIRFLOW_CTX_EXECUTION_DATE='2021-08-08T00:00:00+00:00' AIRFLOW_CTX_TRY_NUMBER='1' AIRFLOW_CTX_DAG_RUN_ID='scheduled__2021-08-08T00:00:00+00:00'
[2023-06-11T04:45:29.791+0000] {subprocess.py:63} INFO - Tmp dir root location: 
 /tmp
[2023-06-11T04:45:29.792+0000] {subprocess.py:75} INFO - Running command: ['/bin/bash', '-c', 'echo hey, I am task3 and will be running after task1 at the same time as task2!']
[2023-06-11T04:45:29.941+0000] {subprocess.py:86} INFO - Output:
[2023-06-11T04:45:29.976+0000] {subprocess.py:93} INFO - hey, I am task3 and will be running after task1 at the same time as task2!
[2023-06-11T04:45:29.977+0000] {subprocess.py:97} INFO - Command exited with return code 0
[2023-06-11T04:45:30.804+0000] {taskinstance.py:1350} INFO - Marking task as SUCCESS. dag_id=first_dag_02, task_id=thrid_task, execution_date=20210808T000000, start_date=20230611T044526, end_date=20230611T044530
[2023-06-11T04:45:31.496+0000] {local_task_job_runner.py:225} INFO - Task exited with return code 0
[2023-06-11T04:45:31.855+0000] {taskinstance.py:2651} INFO - 0 downstream tasks scheduled from follow-on schedule check
[2023-06-11T05:15:28.945+0000] {taskinstance.py:1103} INFO - Dependencies all met for dep_context=non-requeueable deps ti=<TaskInstance: first_dag_02.thrid_task scheduled__2021-08-08T00:00:00+00:00 [queued]>
[2023-06-11T05:15:29.746+0000] {taskinstance.py:1103} INFO - Dependencies all met for dep_context=requeueable deps ti=<TaskInstance: first_dag_02.thrid_task scheduled__2021-08-08T00:00:00+00:00 [queued]>
[2023-06-11T05:15:29.751+0000] {taskinstance.py:1308} INFO - Starting attempt 1 of 6
[2023-06-11T05:15:31.556+0000] {taskinstance.py:1327} INFO - Executing <Task(BashOperator): thrid_task> on 2021-08-08 00:00:00+00:00
[2023-06-11T05:15:31.849+0000] {standard_task_runner.py:57} INFO - Started process 287 to run task
[2023-06-11T05:15:31.881+0000] {standard_task_runner.py:84} INFO - Running: ['***', 'tasks', 'run', 'first_dag_02', 'thrid_task', 'scheduled__2021-08-08T00:00:00+00:00', '--job-id', '66', '--raw', '--subdir', 'DAGS_FOLDER/First_dag.py', '--cfg-path', '/tmp/tmp4gk5mhgg']
[2023-06-11T05:15:31.926+0000] {standard_task_runner.py:85} INFO - Job 66: Subtask thrid_task
[2023-06-11T05:15:33.596+0000] {task_command.py:410} INFO - Running <TaskInstance: first_dag_02.thrid_task scheduled__2021-08-08T00:00:00+00:00 [running]> on host 69e374580eab
[2023-06-11T05:15:40.023+0000] {taskinstance.py:1547} INFO - Exporting env vars: AIRFLOW_CTX_DAG_OWNER='Raja' AIRFLOW_CTX_DAG_ID='first_dag_02' AIRFLOW_CTX_TASK_ID='thrid_task' AIRFLOW_CTX_EXECUTION_DATE='2021-08-08T00:00:00+00:00' AIRFLOW_CTX_TRY_NUMBER='1' AIRFLOW_CTX_DAG_RUN_ID='scheduled__2021-08-08T00:00:00+00:00'
[2023-06-11T05:15:40.263+0000] {subprocess.py:63} INFO - Tmp dir root location: 
 /tmp
[2023-06-11T05:15:40.307+0000] {subprocess.py:75} INFO - Running command: ['/bin/bash', '-c', 'echo hey, I am task3 and will be running after task1 at the same time as task2!']
[2023-06-11T05:15:40.708+0000] {subprocess.py:86} INFO - Output:
[2023-06-11T05:15:40.726+0000] {subprocess.py:93} INFO - hey, I am task3 and will be running after task1 at the same time as task2!
[2023-06-11T05:15:40.728+0000] {subprocess.py:97} INFO - Command exited with return code 0
[2023-06-11T05:15:42.780+0000] {taskinstance.py:1350} INFO - Marking task as SUCCESS. dag_id=first_dag_02, task_id=thrid_task, execution_date=20210808T000000, start_date=20230611T051528, end_date=20230611T051542
[2023-06-11T05:15:43.040+0000] {local_task_job_runner.py:225} INFO - Task exited with return code 0
[2023-06-11T05:15:43.195+0000] {taskinstance.py:2651} INFO - 0 downstream tasks scheduled from follow-on schedule check
[2023-06-11T08:17:05.549+0000] {taskinstance.py:1103} INFO - Dependencies all met for dep_context=non-requeueable deps ti=<TaskInstance: first_dag_02.thrid_task scheduled__2021-08-08T00:00:00+00:00 [queued]>
[2023-06-11T08:17:05.795+0000] {taskinstance.py:1103} INFO - Dependencies all met for dep_context=requeueable deps ti=<TaskInstance: first_dag_02.thrid_task scheduled__2021-08-08T00:00:00+00:00 [queued]>
[2023-06-11T08:17:05.795+0000] {taskinstance.py:1308} INFO - Starting attempt 1 of 6
[2023-06-11T08:17:07.379+0000] {taskinstance.py:1327} INFO - Executing <Task(BashOperator): thrid_task> on 2021-08-08 00:00:00+00:00
[2023-06-11T08:17:07.400+0000] {standard_task_runner.py:57} INFO - Started process 339 to run task
[2023-06-11T08:17:07.417+0000] {standard_task_runner.py:84} INFO - Running: ['***', 'tasks', 'run', 'first_dag_02', 'thrid_task', 'scheduled__2021-08-08T00:00:00+00:00', '--job-id', '122', '--raw', '--subdir', 'DAGS_FOLDER/First_dag.py', '--cfg-path', '/tmp/tmptwrhv384']
[2023-06-11T08:17:07.418+0000] {standard_task_runner.py:85} INFO - Job 122: Subtask thrid_task
[2023-06-11T08:17:09.032+0000] {task_command.py:410} INFO - Running <TaskInstance: first_dag_02.thrid_task scheduled__2021-08-08T00:00:00+00:00 [running]> on host 492037cdd057
[2023-06-11T08:17:13.378+0000] {taskinstance.py:1547} INFO - Exporting env vars: AIRFLOW_CTX_DAG_OWNER='Raja' AIRFLOW_CTX_DAG_ID='first_dag_02' AIRFLOW_CTX_TASK_ID='thrid_task' AIRFLOW_CTX_EXECUTION_DATE='2021-08-08T00:00:00+00:00' AIRFLOW_CTX_TRY_NUMBER='1' AIRFLOW_CTX_DAG_RUN_ID='scheduled__2021-08-08T00:00:00+00:00'
[2023-06-11T08:17:13.627+0000] {subprocess.py:63} INFO - Tmp dir root location: 
 /tmp
[2023-06-11T08:17:13.640+0000] {subprocess.py:75} INFO - Running command: ['/bin/bash', '-c', 'echo hey, I am task3 and will be running after task1 at the same time as task2!']
[2023-06-11T08:17:14.429+0000] {subprocess.py:86} INFO - Output:
[2023-06-11T08:17:14.614+0000] {subprocess.py:93} INFO - hey, I am task3 and will be running after task1 at the same time as task2!
[2023-06-11T08:17:14.616+0000] {subprocess.py:97} INFO - Command exited with return code 0
[2023-06-11T08:17:15.713+0000] {taskinstance.py:1350} INFO - Marking task as SUCCESS. dag_id=first_dag_02, task_id=thrid_task, execution_date=20210808T000000, start_date=20230611T081705, end_date=20230611T081715
[2023-06-11T08:17:16.745+0000] {local_task_job_runner.py:225} INFO - Task exited with return code 0
[2023-06-11T08:17:18.348+0000] {taskinstance.py:2651} INFO - 0 downstream tasks scheduled from follow-on schedule check
[2023-06-11T08:47:49.476+0000] {taskinstance.py:1103} INFO - Dependencies all met for dep_context=non-requeueable deps ti=<TaskInstance: first_dag_02.thrid_task scheduled__2021-08-08T00:00:00+00:00 [queued]>
[2023-06-11T08:47:49.768+0000] {taskinstance.py:1103} INFO - Dependencies all met for dep_context=requeueable deps ti=<TaskInstance: first_dag_02.thrid_task scheduled__2021-08-08T00:00:00+00:00 [queued]>
[2023-06-11T08:47:49.769+0000] {taskinstance.py:1308} INFO - Starting attempt 1 of 6
[2023-06-11T08:47:50.761+0000] {taskinstance.py:1327} INFO - Executing <Task(BashOperator): thrid_task> on 2021-08-08 00:00:00+00:00
[2023-06-11T08:47:50.837+0000] {standard_task_runner.py:57} INFO - Started process 313 to run task
[2023-06-11T08:47:50.947+0000] {standard_task_runner.py:84} INFO - Running: ['***', 'tasks', 'run', 'first_dag_02', 'thrid_task', 'scheduled__2021-08-08T00:00:00+00:00', '--job-id', '88', '--raw', '--subdir', 'DAGS_FOLDER/First_dag.py', '--cfg-path', '/tmp/tmpb7nzrm8s']
[2023-06-11T08:47:50.948+0000] {standard_task_runner.py:85} INFO - Job 88: Subtask thrid_task
[2023-06-11T08:47:51.746+0000] {task_command.py:410} INFO - Running <TaskInstance: first_dag_02.thrid_task scheduled__2021-08-08T00:00:00+00:00 [running]> on host 964e508aad03
[2023-06-11T08:47:53.671+0000] {taskinstance.py:1547} INFO - Exporting env vars: AIRFLOW_CTX_DAG_OWNER='Raja' AIRFLOW_CTX_DAG_ID='first_dag_02' AIRFLOW_CTX_TASK_ID='thrid_task' AIRFLOW_CTX_EXECUTION_DATE='2021-08-08T00:00:00+00:00' AIRFLOW_CTX_TRY_NUMBER='1' AIRFLOW_CTX_DAG_RUN_ID='scheduled__2021-08-08T00:00:00+00:00'
[2023-06-11T08:47:53.694+0000] {subprocess.py:63} INFO - Tmp dir root location: 
 /tmp
[2023-06-11T08:47:53.695+0000] {subprocess.py:75} INFO - Running command: ['/bin/bash', '-c', 'echo hey, I am task3 and will be running after task1 at the same time as task2!']
[2023-06-11T08:47:53.860+0000] {subprocess.py:86} INFO - Output:
[2023-06-11T08:47:53.876+0000] {subprocess.py:93} INFO - hey, I am task3 and will be running after task1 at the same time as task2!
[2023-06-11T08:47:53.877+0000] {subprocess.py:97} INFO - Command exited with return code 0
[2023-06-11T08:47:54.108+0000] {taskinstance.py:1350} INFO - Marking task as SUCCESS. dag_id=first_dag_02, task_id=thrid_task, execution_date=20210808T000000, start_date=20230611T084749, end_date=20230611T084754
[2023-06-11T08:47:54.308+0000] {local_task_job_runner.py:225} INFO - Task exited with return code 0
[2023-06-11T08:47:54.536+0000] {taskinstance.py:2651} INFO - 0 downstream tasks scheduled from follow-on schedule check
[2023-06-11T10:38:02.060+0000] {taskinstance.py:1103} INFO - Dependencies all met for dep_context=non-requeueable deps ti=<TaskInstance: first_dag_02.thrid_task scheduled__2021-08-08T00:00:00+00:00 [queued]>
[2023-06-11T10:38:02.275+0000] {taskinstance.py:1103} INFO - Dependencies all met for dep_context=requeueable deps ti=<TaskInstance: first_dag_02.thrid_task scheduled__2021-08-08T00:00:00+00:00 [queued]>
[2023-06-11T10:38:02.288+0000] {taskinstance.py:1308} INFO - Starting attempt 1 of 6
[2023-06-11T10:38:03.527+0000] {taskinstance.py:1327} INFO - Executing <Task(BashOperator): thrid_task> on 2021-08-08 00:00:00+00:00
[2023-06-11T10:38:03.547+0000] {standard_task_runner.py:57} INFO - Started process 312 to run task
[2023-06-11T10:38:03.845+0000] {standard_task_runner.py:84} INFO - Running: ['***', 'tasks', 'run', 'first_dag_02', 'thrid_task', 'scheduled__2021-08-08T00:00:00+00:00', '--job-id', '79', '--raw', '--subdir', 'DAGS_FOLDER/First_dag.py', '--cfg-path', '/tmp/tmpvy4gu_a3']
[2023-06-11T10:38:03.877+0000] {standard_task_runner.py:85} INFO - Job 79: Subtask thrid_task
[2023-06-11T10:38:04.542+0000] {task_command.py:410} INFO - Running <TaskInstance: first_dag_02.thrid_task scheduled__2021-08-08T00:00:00+00:00 [running]> on host 7586ce0070ac
[2023-06-11T10:38:08.962+0000] {taskinstance.py:1547} INFO - Exporting env vars: AIRFLOW_CTX_DAG_OWNER='Raja' AIRFLOW_CTX_DAG_ID='first_dag_02' AIRFLOW_CTX_TASK_ID='thrid_task' AIRFLOW_CTX_EXECUTION_DATE='2021-08-08T00:00:00+00:00' AIRFLOW_CTX_TRY_NUMBER='1' AIRFLOW_CTX_DAG_RUN_ID='scheduled__2021-08-08T00:00:00+00:00'
[2023-06-11T10:38:09.230+0000] {subprocess.py:63} INFO - Tmp dir root location: 
 /tmp
[2023-06-11T10:38:09.231+0000] {subprocess.py:75} INFO - Running command: ['/bin/bash', '-c', 'echo hey, I am task3 and will be running after task1 at the same time as task2!']
[2023-06-11T10:38:09.375+0000] {subprocess.py:86} INFO - Output:
[2023-06-11T10:38:09.512+0000] {subprocess.py:93} INFO - hey, I am task3 and will be running after task1 at the same time as task2!
[2023-06-11T10:38:09.515+0000] {subprocess.py:97} INFO - Command exited with return code 0
[2023-06-11T10:38:10.083+0000] {taskinstance.py:1350} INFO - Marking task as SUCCESS. dag_id=first_dag_02, task_id=thrid_task, execution_date=20210808T000000, start_date=20230611T103802, end_date=20230611T103810
[2023-06-11T10:38:10.405+0000] {local_task_job_runner.py:225} INFO - Task exited with return code 0
[2023-06-11T10:38:12.071+0000] {taskinstance.py:2651} INFO - 0 downstream tasks scheduled from follow-on schedule check
