[2023-06-11T09:00:31.112+0000] {taskinstance.py:1103} INFO - Dependencies all met for dep_context=non-requeueable deps ti=<TaskInstance: first_dag_02.second_task scheduled__2022-02-19T00:00:00+00:00 [queued]>
[2023-06-11T09:00:31.339+0000] {taskinstance.py:1103} INFO - Dependencies all met for dep_context=requeueable deps ti=<TaskInstance: first_dag_02.second_task scheduled__2022-02-19T00:00:00+00:00 [queued]>
[2023-06-11T09:00:31.339+0000] {taskinstance.py:1308} INFO - Starting attempt 1 of 6
[2023-06-11T09:00:31.807+0000] {taskinstance.py:1327} INFO - Executing <Task(BashOperator): second_task> on 2022-02-19 00:00:00+00:00
[2023-06-11T09:00:31.865+0000] {standard_task_runner.py:57} INFO - Started process 3191 to run task
[2023-06-11T09:00:31.938+0000] {standard_task_runner.py:84} INFO - Running: ['***', 'tasks', 'run', 'first_dag_02', 'second_task', 'scheduled__2022-02-19T00:00:00+00:00', '--job-id', '995', '--raw', '--subdir', 'DAGS_FOLDER/First_dag.py', '--cfg-path', '/tmp/tmpbbgj2lrz']
[2023-06-11T09:00:31.939+0000] {standard_task_runner.py:85} INFO - Job 995: Subtask second_task
[2023-06-11T09:00:32.843+0000] {task_command.py:410} INFO - Running <TaskInstance: first_dag_02.second_task scheduled__2022-02-19T00:00:00+00:00 [running]> on host 964e508aad03
[2023-06-11T09:00:34.380+0000] {taskinstance.py:1547} INFO - Exporting env vars: AIRFLOW_CTX_DAG_OWNER='Raja' AIRFLOW_CTX_DAG_ID='first_dag_02' AIRFLOW_CTX_TASK_ID='second_task' AIRFLOW_CTX_EXECUTION_DATE='2022-02-19T00:00:00+00:00' AIRFLOW_CTX_TRY_NUMBER='1' AIRFLOW_CTX_DAG_RUN_ID='scheduled__2022-02-19T00:00:00+00:00'
[2023-06-11T09:00:34.382+0000] {subprocess.py:63} INFO - Tmp dir root location: 
 /tmp
[2023-06-11T09:00:34.383+0000] {subprocess.py:75} INFO - Running command: ['/bin/bash', '-c', 'echo hey, I am task2 and will be running after task1!']
[2023-06-11T09:00:34.522+0000] {subprocess.py:86} INFO - Output:
[2023-06-11T09:00:34.536+0000] {subprocess.py:93} INFO - hey, I am task2 and will be running after task1!
[2023-06-11T09:00:34.550+0000] {subprocess.py:97} INFO - Command exited with return code 0
[2023-06-11T09:00:34.814+0000] {taskinstance.py:1350} INFO - Marking task as SUCCESS. dag_id=first_dag_02, task_id=second_task, execution_date=20220219T000000, start_date=20230611T090031, end_date=20230611T090034
[2023-06-11T09:00:34.936+0000] {local_task_job_runner.py:225} INFO - Task exited with return code 0
[2023-06-11T09:00:35.155+0000] {taskinstance.py:2651} INFO - 0 downstream tasks scheduled from follow-on schedule check
[2023-06-11T11:34:52.440+0000] {taskinstance.py:1103} INFO - Dependencies all met for dep_context=non-requeueable deps ti=<TaskInstance: first_dag_02.second_task scheduled__2022-02-19T00:00:00+00:00 [queued]>
[2023-06-11T11:34:53.558+0000] {taskinstance.py:1103} INFO - Dependencies all met for dep_context=requeueable deps ti=<TaskInstance: first_dag_02.second_task scheduled__2022-02-19T00:00:00+00:00 [queued]>
[2023-06-11T11:34:53.559+0000] {taskinstance.py:1308} INFO - Starting attempt 1 of 6
[2023-06-11T11:34:53.642+0000] {taskinstance.py:1327} INFO - Executing <Task(BashOperator): second_task> on 2022-02-19 00:00:00+00:00
[2023-06-11T11:34:53.650+0000] {standard_task_runner.py:57} INFO - Started process 667 to run task
[2023-06-11T11:34:53.658+0000] {standard_task_runner.py:84} INFO - Running: ['***', 'tasks', 'run', 'first_dag_02', 'second_task', 'scheduled__2022-02-19T00:00:00+00:00', '--job-id', '1002', '--raw', '--subdir', 'DAGS_FOLDER/First_dag.py', '--cfg-path', '/tmp/tmp7vuehim_']
[2023-06-11T11:34:53.660+0000] {standard_task_runner.py:85} INFO - Job 1002: Subtask second_task
[2023-06-11T11:34:55.718+0000] {task_command.py:410} INFO - Running <TaskInstance: first_dag_02.second_task scheduled__2022-02-19T00:00:00+00:00 [running]> on host 7586ce0070ac
[2023-06-11T11:34:58.830+0000] {taskinstance.py:1547} INFO - Exporting env vars: AIRFLOW_CTX_DAG_OWNER='Raja' AIRFLOW_CTX_DAG_ID='first_dag_02' AIRFLOW_CTX_TASK_ID='second_task' AIRFLOW_CTX_EXECUTION_DATE='2022-02-19T00:00:00+00:00' AIRFLOW_CTX_TRY_NUMBER='1' AIRFLOW_CTX_DAG_RUN_ID='scheduled__2022-02-19T00:00:00+00:00'
[2023-06-11T11:34:58.842+0000] {subprocess.py:63} INFO - Tmp dir root location: 
 /tmp
[2023-06-11T11:34:58.848+0000] {subprocess.py:75} INFO - Running command: ['/bin/bash', '-c', 'echo hey, I am task2 and will be running after task1!']
[2023-06-11T11:34:59.181+0000] {subprocess.py:86} INFO - Output:
[2023-06-11T11:34:59.333+0000] {subprocess.py:93} INFO - hey, I am task2 and will be running after task1!
[2023-06-11T11:34:59.335+0000] {subprocess.py:97} INFO - Command exited with return code 0
[2023-06-11T11:34:59.861+0000] {taskinstance.py:1350} INFO - Marking task as SUCCESS. dag_id=first_dag_02, task_id=second_task, execution_date=20220219T000000, start_date=20230611T113452, end_date=20230611T113459
[2023-06-11T11:35:01.120+0000] {local_task_job_runner.py:225} INFO - Task exited with return code 0
[2023-06-11T11:35:01.918+0000] {taskinstance.py:2651} INFO - 0 downstream tasks scheduled from follow-on schedule check
