[2023-06-10T16:27:59.375+0000] {taskinstance.py:1103} INFO - Dependencies all met for dep_context=non-requeueable deps ti=<TaskInstance: dag_pythonoperator.fourth_task scheduled__2023-06-02T00:00:00+00:00 [queued]>
[2023-06-10T16:27:59.526+0000] {taskinstance.py:1103} INFO - Dependencies all met for dep_context=requeueable deps ti=<TaskInstance: dag_pythonoperator.fourth_task scheduled__2023-06-02T00:00:00+00:00 [queued]>
[2023-06-10T16:27:59.526+0000] {taskinstance.py:1308} INFO - Starting attempt 1 of 6
[2023-06-10T16:28:02.657+0000] {taskinstance.py:1327} INFO - Executing <Task(PythonOperator): fourth_task> on 2023-06-02 00:00:00+00:00
[2023-06-10T16:28:02.833+0000] {standard_task_runner.py:57} INFO - Started process 4292 to run task
[2023-06-10T16:28:03.368+0000] {standard_task_runner.py:84} INFO - Running: ['***', 'tasks', 'run', 'dag_pythonoperator', 'fourth_task', 'scheduled__2023-06-02T00:00:00+00:00', '--job-id', '1322', '--raw', '--subdir', 'DAGS_FOLDER/Pythonoperator_dag.py', '--cfg-path', '/tmp/tmp9kaoeokz']
[2023-06-10T16:28:03.659+0000] {standard_task_runner.py:85} INFO - Job 1322: Subtask fourth_task
[2023-06-10T16:28:07.360+0000] {task_command.py:410} INFO - Running <TaskInstance: dag_pythonoperator.fourth_task scheduled__2023-06-02T00:00:00+00:00 [running]> on host e326d5f70fa9
[2023-06-10T16:28:15.980+0000] {taskinstance.py:1547} INFO - Exporting env vars: AIRFLOW_CTX_DAG_OWNER='Raja' AIRFLOW_CTX_DAG_ID='dag_pythonoperator' AIRFLOW_CTX_TASK_ID='fourth_task' AIRFLOW_CTX_EXECUTION_DATE='2023-06-02T00:00:00+00:00' AIRFLOW_CTX_TRY_NUMBER='1' AIRFLOW_CTX_DAG_RUN_ID='scheduled__2023-06-02T00:00:00+00:00'
[2023-06-10T16:28:18.419+0000] {python.py:183} INFO - Done. Returned value was: None
[2023-06-10T16:28:22.665+0000] {taskinstance.py:1350} INFO - Marking task as SUCCESS. dag_id=dag_pythonoperator, task_id=fourth_task, execution_date=20230602T000000, start_date=20230610T162759, end_date=20230610T162822
[2023-06-10T16:28:23.821+0000] {local_task_job_runner.py:225} INFO - Task exited with return code 0
[2023-06-10T16:28:26.925+0000] {taskinstance.py:2651} INFO - 0 downstream tasks scheduled from follow-on schedule check
[2023-06-11T04:44:08.229+0000] {taskinstance.py:1103} INFO - Dependencies all met for dep_context=non-requeueable deps ti=<TaskInstance: dag_pythonoperator.fourth_task scheduled__2023-06-02T00:00:00+00:00 [queued]>
[2023-06-11T04:44:09.063+0000] {taskinstance.py:1103} INFO - Dependencies all met for dep_context=requeueable deps ti=<TaskInstance: dag_pythonoperator.fourth_task scheduled__2023-06-02T00:00:00+00:00 [queued]>
[2023-06-11T04:44:09.065+0000] {taskinstance.py:1308} INFO - Starting attempt 1 of 6
[2023-06-11T04:44:11.226+0000] {taskinstance.py:1327} INFO - Executing <Task(PythonOperator): fourth_task> on 2023-06-02 00:00:00+00:00
[2023-06-11T04:44:11.256+0000] {standard_task_runner.py:57} INFO - Started process 171 to run task
[2023-06-11T04:44:11.301+0000] {standard_task_runner.py:84} INFO - Running: ['***', 'tasks', 'run', 'dag_pythonoperator', 'fourth_task', 'scheduled__2023-06-02T00:00:00+00:00', '--job-id', '35', '--raw', '--subdir', 'DAGS_FOLDER/python_operator_dag.py', '--cfg-path', '/tmp/tmpacbwmfvs']
[2023-06-11T04:44:11.335+0000] {standard_task_runner.py:85} INFO - Job 35: Subtask fourth_task
[2023-06-11T04:44:13.515+0000] {task_command.py:410} INFO - Running <TaskInstance: dag_pythonoperator.fourth_task scheduled__2023-06-02T00:00:00+00:00 [running]> on host 4b1b5d40d165
[2023-06-11T04:44:18.362+0000] {taskinstance.py:1547} INFO - Exporting env vars: AIRFLOW_CTX_DAG_OWNER='Raja' AIRFLOW_CTX_DAG_ID='dag_pythonoperator' AIRFLOW_CTX_TASK_ID='fourth_task' AIRFLOW_CTX_EXECUTION_DATE='2023-06-02T00:00:00+00:00' AIRFLOW_CTX_TRY_NUMBER='1' AIRFLOW_CTX_DAG_RUN_ID='scheduled__2023-06-02T00:00:00+00:00'
[2023-06-11T04:44:19.411+0000] {python.py:183} INFO - Done. Returned value was: None
[2023-06-11T04:44:19.843+0000] {taskinstance.py:1350} INFO - Marking task as SUCCESS. dag_id=dag_pythonoperator, task_id=fourth_task, execution_date=20230602T000000, start_date=20230611T044408, end_date=20230611T044419
[2023-06-11T04:44:20.704+0000] {local_task_job_runner.py:225} INFO - Task exited with return code 0
[2023-06-11T04:44:22.507+0000] {taskinstance.py:2651} INFO - 1 downstream tasks scheduled from follow-on schedule check
