[2023-06-11T04:52:49.952+0000] {taskinstance.py:1103} INFO - Dependencies all met for dep_context=non-requeueable deps ti=<TaskInstance: first_dag_02.second_task scheduled__2021-10-08T00:00:00+00:00 [queued]>
[2023-06-11T04:52:50.120+0000] {taskinstance.py:1103} INFO - Dependencies all met for dep_context=requeueable deps ti=<TaskInstance: first_dag_02.second_task scheduled__2021-10-08T00:00:00+00:00 [queued]>
[2023-06-11T04:52:50.123+0000] {taskinstance.py:1308} INFO - Starting attempt 1 of 6
[2023-06-11T04:52:50.729+0000] {taskinstance.py:1327} INFO - Executing <Task(BashOperator): second_task> on 2021-10-08 00:00:00+00:00
[2023-06-11T04:52:50.747+0000] {standard_task_runner.py:57} INFO - Started process 987 to run task
[2023-06-11T04:52:50.752+0000] {standard_task_runner.py:84} INFO - Running: ['***', 'tasks', 'run', 'first_dag_02', 'second_task', 'scheduled__2021-10-08T00:00:00+00:00', '--job-id', '292', '--raw', '--subdir', 'DAGS_FOLDER/First_dag.py', '--cfg-path', '/tmp/tmp2adv2koh']
[2023-06-11T04:52:50.771+0000] {standard_task_runner.py:85} INFO - Job 292: Subtask second_task
[2023-06-11T04:52:51.308+0000] {task_command.py:410} INFO - Running <TaskInstance: first_dag_02.second_task scheduled__2021-10-08T00:00:00+00:00 [running]> on host 4b1b5d40d165
[2023-06-11T04:52:51.922+0000] {taskinstance.py:1547} INFO - Exporting env vars: AIRFLOW_CTX_DAG_OWNER='Raja' AIRFLOW_CTX_DAG_ID='first_dag_02' AIRFLOW_CTX_TASK_ID='second_task' AIRFLOW_CTX_EXECUTION_DATE='2021-10-08T00:00:00+00:00' AIRFLOW_CTX_TRY_NUMBER='1' AIRFLOW_CTX_DAG_RUN_ID='scheduled__2021-10-08T00:00:00+00:00'
[2023-06-11T04:52:51.932+0000] {subprocess.py:63} INFO - Tmp dir root location: 
 /tmp
[2023-06-11T04:52:51.932+0000] {subprocess.py:75} INFO - Running command: ['/bin/bash', '-c', 'echo hey, I am task2 and will be running after task1!']
[2023-06-11T04:52:52.002+0000] {subprocess.py:86} INFO - Output:
[2023-06-11T04:52:52.019+0000] {subprocess.py:93} INFO - hey, I am task2 and will be running after task1!
[2023-06-11T04:52:52.023+0000] {subprocess.py:97} INFO - Command exited with return code 0
[2023-06-11T04:52:52.181+0000] {taskinstance.py:1350} INFO - Marking task as SUCCESS. dag_id=first_dag_02, task_id=second_task, execution_date=20211008T000000, start_date=20230611T045249, end_date=20230611T045252
[2023-06-11T04:52:52.269+0000] {local_task_job_runner.py:225} INFO - Task exited with return code 0
[2023-06-11T04:52:52.916+0000] {taskinstance.py:2651} INFO - 0 downstream tasks scheduled from follow-on schedule check
[2023-06-11T08:29:55.454+0000] {taskinstance.py:1103} INFO - Dependencies all met for dep_context=non-requeueable deps ti=<TaskInstance: first_dag_02.second_task scheduled__2021-10-08T00:00:00+00:00 [queued]>
[2023-06-11T08:29:55.522+0000] {taskinstance.py:1103} INFO - Dependencies all met for dep_context=requeueable deps ti=<TaskInstance: first_dag_02.second_task scheduled__2021-10-08T00:00:00+00:00 [queued]>
[2023-06-11T08:29:55.522+0000] {taskinstance.py:1308} INFO - Starting attempt 1 of 6
[2023-06-11T08:29:55.905+0000] {taskinstance.py:1327} INFO - Executing <Task(BashOperator): second_task> on 2021-10-08 00:00:00+00:00
[2023-06-11T08:29:55.960+0000] {standard_task_runner.py:57} INFO - Started process 1404 to run task
[2023-06-11T08:29:56.038+0000] {standard_task_runner.py:84} INFO - Running: ['***', 'tasks', 'run', 'first_dag_02', 'second_task', 'scheduled__2021-10-08T00:00:00+00:00', '--job-id', '429', '--raw', '--subdir', 'DAGS_FOLDER/First_dag.py', '--cfg-path', '/tmp/tmpp3lklxqz']
[2023-06-11T08:29:56.051+0000] {standard_task_runner.py:85} INFO - Job 429: Subtask second_task
[2023-06-11T08:29:56.919+0000] {task_command.py:410} INFO - Running <TaskInstance: first_dag_02.second_task scheduled__2021-10-08T00:00:00+00:00 [running]> on host 492037cdd057
[2023-06-11T08:29:58.503+0000] {taskinstance.py:1547} INFO - Exporting env vars: AIRFLOW_CTX_DAG_OWNER='Raja' AIRFLOW_CTX_DAG_ID='first_dag_02' AIRFLOW_CTX_TASK_ID='second_task' AIRFLOW_CTX_EXECUTION_DATE='2021-10-08T00:00:00+00:00' AIRFLOW_CTX_TRY_NUMBER='1' AIRFLOW_CTX_DAG_RUN_ID='scheduled__2021-10-08T00:00:00+00:00'
[2023-06-11T08:29:58.504+0000] {subprocess.py:63} INFO - Tmp dir root location: 
 /tmp
[2023-06-11T08:29:58.505+0000] {subprocess.py:75} INFO - Running command: ['/bin/bash', '-c', 'echo hey, I am task2 and will be running after task1!']
[2023-06-11T08:29:58.679+0000] {subprocess.py:86} INFO - Output:
[2023-06-11T08:29:58.687+0000] {subprocess.py:93} INFO - hey, I am task2 and will be running after task1!
[2023-06-11T08:29:58.687+0000] {subprocess.py:97} INFO - Command exited with return code 0
[2023-06-11T08:29:59.416+0000] {taskinstance.py:1350} INFO - Marking task as SUCCESS. dag_id=first_dag_02, task_id=second_task, execution_date=20211008T000000, start_date=20230611T082955, end_date=20230611T082959
[2023-06-11T08:29:59.487+0000] {local_task_job_runner.py:225} INFO - Task exited with return code 0
[2023-06-11T08:30:00.183+0000] {taskinstance.py:2651} INFO - 0 downstream tasks scheduled from follow-on schedule check
[2023-06-11T08:51:58.129+0000] {taskinstance.py:1103} INFO - Dependencies all met for dep_context=non-requeueable deps ti=<TaskInstance: first_dag_02.second_task scheduled__2021-10-08T00:00:00+00:00 [queued]>
[2023-06-11T08:51:58.468+0000] {taskinstance.py:1103} INFO - Dependencies all met for dep_context=requeueable deps ti=<TaskInstance: first_dag_02.second_task scheduled__2021-10-08T00:00:00+00:00 [queued]>
[2023-06-11T08:51:58.472+0000] {taskinstance.py:1308} INFO - Starting attempt 1 of 6
[2023-06-11T08:51:59.166+0000] {taskinstance.py:1327} INFO - Executing <Task(BashOperator): second_task> on 2021-10-08 00:00:00+00:00
[2023-06-11T08:51:59.268+0000] {standard_task_runner.py:57} INFO - Started process 1231 to run task
[2023-06-11T08:51:59.353+0000] {standard_task_runner.py:84} INFO - Running: ['***', 'tasks', 'run', 'first_dag_02', 'second_task', 'scheduled__2021-10-08T00:00:00+00:00', '--job-id', '381', '--raw', '--subdir', 'DAGS_FOLDER/First_dag.py', '--cfg-path', '/tmp/tmpakhjpmew']
[2023-06-11T08:51:59.375+0000] {standard_task_runner.py:85} INFO - Job 381: Subtask second_task
[2023-06-11T08:52:00.490+0000] {task_command.py:410} INFO - Running <TaskInstance: first_dag_02.second_task scheduled__2021-10-08T00:00:00+00:00 [running]> on host 964e508aad03
[2023-06-11T08:52:03.030+0000] {taskinstance.py:1547} INFO - Exporting env vars: AIRFLOW_CTX_DAG_OWNER='Raja' AIRFLOW_CTX_DAG_ID='first_dag_02' AIRFLOW_CTX_TASK_ID='second_task' AIRFLOW_CTX_EXECUTION_DATE='2021-10-08T00:00:00+00:00' AIRFLOW_CTX_TRY_NUMBER='1' AIRFLOW_CTX_DAG_RUN_ID='scheduled__2021-10-08T00:00:00+00:00'
[2023-06-11T08:52:03.037+0000] {subprocess.py:63} INFO - Tmp dir root location: 
 /tmp
[2023-06-11T08:52:03.038+0000] {subprocess.py:75} INFO - Running command: ['/bin/bash', '-c', 'echo hey, I am task2 and will be running after task1!']
[2023-06-11T08:52:03.086+0000] {subprocess.py:86} INFO - Output:
[2023-06-11T08:52:03.093+0000] {subprocess.py:93} INFO - hey, I am task2 and will be running after task1!
[2023-06-11T08:52:03.097+0000] {subprocess.py:97} INFO - Command exited with return code 0
[2023-06-11T08:52:03.272+0000] {taskinstance.py:1350} INFO - Marking task as SUCCESS. dag_id=first_dag_02, task_id=second_task, execution_date=20211008T000000, start_date=20230611T085158, end_date=20230611T085203
[2023-06-11T08:52:03.414+0000] {local_task_job_runner.py:225} INFO - Task exited with return code 0
[2023-06-11T08:52:03.693+0000] {taskinstance.py:2651} INFO - 0 downstream tasks scheduled from follow-on schedule check
[2023-06-11T10:58:18.605+0000] {taskinstance.py:1103} INFO - Dependencies all met for dep_context=non-requeueable deps ti=<TaskInstance: first_dag_02.second_task scheduled__2021-10-08T00:00:00+00:00 [queued]>
[2023-06-11T10:58:18.746+0000] {taskinstance.py:1103} INFO - Dependencies all met for dep_context=requeueable deps ti=<TaskInstance: first_dag_02.second_task scheduled__2021-10-08T00:00:00+00:00 [queued]>
[2023-06-11T10:58:18.746+0000] {taskinstance.py:1308} INFO - Starting attempt 1 of 6
[2023-06-11T10:58:19.637+0000] {taskinstance.py:1327} INFO - Executing <Task(BashOperator): second_task> on 2021-10-08 00:00:00+00:00
[2023-06-11T10:58:19.825+0000] {standard_task_runner.py:57} INFO - Started process 1344 to run task
[2023-06-11T10:58:19.946+0000] {standard_task_runner.py:84} INFO - Running: ['***', 'tasks', 'run', 'first_dag_02', 'second_task', 'scheduled__2021-10-08T00:00:00+00:00', '--job-id', '370', '--raw', '--subdir', 'DAGS_FOLDER/First_dag.py', '--cfg-path', '/tmp/tmphqjtz_oy']
[2023-06-11T10:58:19.947+0000] {standard_task_runner.py:85} INFO - Job 370: Subtask second_task
[2023-06-11T10:58:20.966+0000] {task_command.py:410} INFO - Running <TaskInstance: first_dag_02.second_task scheduled__2021-10-08T00:00:00+00:00 [running]> on host 7586ce0070ac
[2023-06-11T10:58:24.909+0000] {taskinstance.py:1547} INFO - Exporting env vars: AIRFLOW_CTX_DAG_OWNER='Raja' AIRFLOW_CTX_DAG_ID='first_dag_02' AIRFLOW_CTX_TASK_ID='second_task' AIRFLOW_CTX_EXECUTION_DATE='2021-10-08T00:00:00+00:00' AIRFLOW_CTX_TRY_NUMBER='1' AIRFLOW_CTX_DAG_RUN_ID='scheduled__2021-10-08T00:00:00+00:00'
[2023-06-11T10:58:24.912+0000] {subprocess.py:63} INFO - Tmp dir root location: 
 /tmp
[2023-06-11T10:58:24.914+0000] {subprocess.py:75} INFO - Running command: ['/bin/bash', '-c', 'echo hey, I am task2 and will be running after task1!']
[2023-06-11T10:58:24.964+0000] {subprocess.py:86} INFO - Output:
[2023-06-11T10:58:24.990+0000] {subprocess.py:93} INFO - hey, I am task2 and will be running after task1!
[2023-06-11T10:58:25.013+0000] {subprocess.py:97} INFO - Command exited with return code 0
[2023-06-11T10:58:25.899+0000] {taskinstance.py:1350} INFO - Marking task as SUCCESS. dag_id=first_dag_02, task_id=second_task, execution_date=20211008T000000, start_date=20230611T105818, end_date=20230611T105825
[2023-06-11T10:58:26.440+0000] {local_task_job_runner.py:225} INFO - Task exited with return code 0
[2023-06-11T10:58:26.627+0000] {taskinstance.py:2651} INFO - 0 downstream tasks scheduled from follow-on schedule check
