[2023-06-11T09:01:49.399+0000] {taskinstance.py:1103} INFO - Dependencies all met for dep_context=non-requeueable deps ti=<TaskInstance: first_dag_02.thrid_task scheduled__2022-03-03T00:00:00+00:00 [queued]>
[2023-06-11T09:01:49.473+0000] {taskinstance.py:1103} INFO - Dependencies all met for dep_context=requeueable deps ti=<TaskInstance: first_dag_02.thrid_task scheduled__2022-03-03T00:00:00+00:00 [queued]>
[2023-06-11T09:01:49.473+0000] {taskinstance.py:1308} INFO - Starting attempt 1 of 6
[2023-06-11T09:01:49.610+0000] {taskinstance.py:1327} INFO - Executing <Task(BashOperator): thrid_task> on 2022-03-03 00:00:00+00:00
[2023-06-11T09:01:49.632+0000] {standard_task_runner.py:57} INFO - Started process 3393 to run task
[2023-06-11T09:01:49.674+0000] {standard_task_runner.py:84} INFO - Running: ['***', 'tasks', 'run', 'first_dag_02', 'thrid_task', 'scheduled__2022-03-03T00:00:00+00:00', '--job-id', '1056', '--raw', '--subdir', 'DAGS_FOLDER/First_dag.py', '--cfg-path', '/tmp/tmp2o4n4lfp']
[2023-06-11T09:01:49.674+0000] {standard_task_runner.py:85} INFO - Job 1056: Subtask thrid_task
[2023-06-11T09:01:50.321+0000] {task_command.py:410} INFO - Running <TaskInstance: first_dag_02.thrid_task scheduled__2022-03-03T00:00:00+00:00 [running]> on host 964e508aad03
[2023-06-11T09:01:52.077+0000] {taskinstance.py:1547} INFO - Exporting env vars: AIRFLOW_CTX_DAG_OWNER='Raja' AIRFLOW_CTX_DAG_ID='first_dag_02' AIRFLOW_CTX_TASK_ID='thrid_task' AIRFLOW_CTX_EXECUTION_DATE='2022-03-03T00:00:00+00:00' AIRFLOW_CTX_TRY_NUMBER='1' AIRFLOW_CTX_DAG_RUN_ID='scheduled__2022-03-03T00:00:00+00:00'
[2023-06-11T09:01:52.097+0000] {subprocess.py:63} INFO - Tmp dir root location: 
 /tmp
[2023-06-11T09:01:52.113+0000] {subprocess.py:75} INFO - Running command: ['/bin/bash', '-c', 'echo hey, I am task3 and will be running after task1 at the same time as task2!']
[2023-06-11T09:01:52.279+0000] {subprocess.py:86} INFO - Output:
[2023-06-11T09:01:52.283+0000] {subprocess.py:93} INFO - hey, I am task3 and will be running after task1 at the same time as task2!
[2023-06-11T09:01:52.284+0000] {subprocess.py:97} INFO - Command exited with return code 0
[2023-06-11T09:01:52.787+0000] {taskinstance.py:1350} INFO - Marking task as SUCCESS. dag_id=first_dag_02, task_id=thrid_task, execution_date=20220303T000000, start_date=20230611T090149, end_date=20230611T090152
[2023-06-11T09:01:53.176+0000] {local_task_job_runner.py:225} INFO - Task exited with return code 0
[2023-06-11T09:01:53.421+0000] {taskinstance.py:2651} INFO - 0 downstream tasks scheduled from follow-on schedule check
[2023-06-11T11:37:09.811+0000] {taskinstance.py:1103} INFO - Dependencies all met for dep_context=non-requeueable deps ti=<TaskInstance: first_dag_02.thrid_task scheduled__2022-03-03T00:00:00+00:00 [queued]>
[2023-06-11T11:37:09.919+0000] {taskinstance.py:1103} INFO - Dependencies all met for dep_context=requeueable deps ti=<TaskInstance: first_dag_02.thrid_task scheduled__2022-03-03T00:00:00+00:00 [queued]>
[2023-06-11T11:37:09.920+0000] {taskinstance.py:1308} INFO - Starting attempt 1 of 6
[2023-06-11T11:37:10.332+0000] {taskinstance.py:1327} INFO - Executing <Task(BashOperator): thrid_task> on 2022-03-03 00:00:00+00:00
[2023-06-11T11:37:10.421+0000] {standard_task_runner.py:57} INFO - Started process 867 to run task
[2023-06-11T11:37:10.493+0000] {standard_task_runner.py:84} INFO - Running: ['***', 'tasks', 'run', 'first_dag_02', 'thrid_task', 'scheduled__2022-03-03T00:00:00+00:00', '--job-id', '1060', '--raw', '--subdir', 'DAGS_FOLDER/First_dag.py', '--cfg-path', '/tmp/tmpjt4qlepg']
[2023-06-11T11:37:10.493+0000] {standard_task_runner.py:85} INFO - Job 1060: Subtask thrid_task
[2023-06-11T11:37:10.921+0000] {task_command.py:410} INFO - Running <TaskInstance: first_dag_02.thrid_task scheduled__2022-03-03T00:00:00+00:00 [running]> on host 7586ce0070ac
[2023-06-11T11:37:13.560+0000] {taskinstance.py:1547} INFO - Exporting env vars: AIRFLOW_CTX_DAG_OWNER='Raja' AIRFLOW_CTX_DAG_ID='first_dag_02' AIRFLOW_CTX_TASK_ID='thrid_task' AIRFLOW_CTX_EXECUTION_DATE='2022-03-03T00:00:00+00:00' AIRFLOW_CTX_TRY_NUMBER='1' AIRFLOW_CTX_DAG_RUN_ID='scheduled__2022-03-03T00:00:00+00:00'
[2023-06-11T11:37:13.562+0000] {subprocess.py:63} INFO - Tmp dir root location: 
 /tmp
[2023-06-11T11:37:13.564+0000] {subprocess.py:75} INFO - Running command: ['/bin/bash', '-c', 'echo hey, I am task3 and will be running after task1 at the same time as task2!']
[2023-06-11T11:37:14.048+0000] {subprocess.py:86} INFO - Output:
[2023-06-11T11:37:14.065+0000] {subprocess.py:93} INFO - hey, I am task3 and will be running after task1 at the same time as task2!
[2023-06-11T11:37:14.123+0000] {subprocess.py:97} INFO - Command exited with return code 0
[2023-06-11T11:37:14.960+0000] {taskinstance.py:1350} INFO - Marking task as SUCCESS. dag_id=first_dag_02, task_id=thrid_task, execution_date=20220303T000000, start_date=20230611T113709, end_date=20230611T113714
[2023-06-11T11:37:15.628+0000] {local_task_job_runner.py:225} INFO - Task exited with return code 0
[2023-06-11T11:37:16.241+0000] {taskinstance.py:2651} INFO - 0 downstream tasks scheduled from follow-on schedule check
