[2023-06-11T06:15:13.977+0000] {taskinstance.py:1103} INFO - Dependencies all met for dep_context=non-requeueable deps ti=<TaskInstance: dag_pythonoperator_18.get_name scheduled__2023-06-04T00:00:00+00:00 [queued]>
[2023-06-11T06:15:14.681+0000] {taskinstance.py:1103} INFO - Dependencies all met for dep_context=requeueable deps ti=<TaskInstance: dag_pythonoperator_18.get_name scheduled__2023-06-04T00:00:00+00:00 [queued]>
[2023-06-11T06:15:14.682+0000] {taskinstance.py:1308} INFO - Starting attempt 1 of 6
[2023-06-11T06:15:15.072+0000] {taskinstance.py:1327} INFO - Executing <Task(PythonOperator): get_name> on 2023-06-04 00:00:00+00:00
[2023-06-11T06:15:15.125+0000] {standard_task_runner.py:57} INFO - Started process 526 to run task
[2023-06-11T06:15:15.231+0000] {standard_task_runner.py:84} INFO - Running: ['***', 'tasks', 'run', 'dag_pythonoperator_18', 'get_name', 'scheduled__2023-06-04T00:00:00+00:00', '--job-id', '693', '--raw', '--subdir', 'DAGS_FOLDER/python_operator_dag.py', '--cfg-path', '/tmp/tmpoqymrv81']
[2023-06-11T06:15:15.232+0000] {standard_task_runner.py:85} INFO - Job 693: Subtask get_name
[2023-06-11T06:15:16.275+0000] {task_command.py:410} INFO - Running <TaskInstance: dag_pythonoperator_18.get_name scheduled__2023-06-04T00:00:00+00:00 [running]> on host 69e374580eab
[2023-06-11T06:15:17.804+0000] {taskinstance.py:1547} INFO - Exporting env vars: AIRFLOW_CTX_DAG_OWNER='Raja' AIRFLOW_CTX_DAG_ID='dag_pythonoperator_18' AIRFLOW_CTX_TASK_ID='get_name' AIRFLOW_CTX_EXECUTION_DATE='2023-06-04T00:00:00+00:00' AIRFLOW_CTX_TRY_NUMBER='1' AIRFLOW_CTX_DAG_RUN_ID='scheduled__2023-06-04T00:00:00+00:00'
[2023-06-11T06:15:17.981+0000] {python.py:183} INFO - Done. Returned value was: None
[2023-06-11T06:15:18.033+0000] {taskinstance.py:1350} INFO - Marking task as SUCCESS. dag_id=dag_pythonoperator_18, task_id=get_name, execution_date=20230604T000000, start_date=20230611T061514, end_date=20230611T061518
[2023-06-11T06:15:18.170+0000] {local_task_job_runner.py:225} INFO - Task exited with return code 0
[2023-06-11T06:15:18.861+0000] {taskinstance.py:2651} INFO - 1 downstream tasks scheduled from follow-on schedule check
[2023-06-11T08:15:35.139+0000] {taskinstance.py:1103} INFO - Dependencies all met for dep_context=non-requeueable deps ti=<TaskInstance: dag_pythonoperator_18.get_name scheduled__2023-06-04T00:00:00+00:00 [queued]>
[2023-06-11T08:15:35.462+0000] {taskinstance.py:1103} INFO - Dependencies all met for dep_context=requeueable deps ti=<TaskInstance: dag_pythonoperator_18.get_name scheduled__2023-06-04T00:00:00+00:00 [queued]>
[2023-06-11T08:15:35.463+0000] {taskinstance.py:1308} INFO - Starting attempt 1 of 6
[2023-06-11T08:15:37.225+0000] {taskinstance.py:1327} INFO - Executing <Task(PythonOperator): get_name> on 2023-06-04 00:00:00+00:00
[2023-06-11T08:15:37.288+0000] {standard_task_runner.py:57} INFO - Started process 223 to run task
[2023-06-11T08:15:37.536+0000] {standard_task_runner.py:84} INFO - Running: ['***', 'tasks', 'run', 'dag_pythonoperator_18', 'get_name', 'scheduled__2023-06-04T00:00:00+00:00', '--job-id', '83', '--raw', '--subdir', 'DAGS_FOLDER/python_operator_dag.py', '--cfg-path', '/tmp/tmpzytqcbh9']
[2023-06-11T08:15:37.547+0000] {standard_task_runner.py:85} INFO - Job 83: Subtask get_name
[2023-06-11T08:15:40.841+0000] {task_command.py:410} INFO - Running <TaskInstance: dag_pythonoperator_18.get_name scheduled__2023-06-04T00:00:00+00:00 [running]> on host 492037cdd057
[2023-06-11T08:15:45.804+0000] {taskinstance.py:1547} INFO - Exporting env vars: AIRFLOW_CTX_DAG_OWNER='Raja' AIRFLOW_CTX_DAG_ID='dag_pythonoperator_18' AIRFLOW_CTX_TASK_ID='get_name' AIRFLOW_CTX_EXECUTION_DATE='2023-06-04T00:00:00+00:00' AIRFLOW_CTX_TRY_NUMBER='1' AIRFLOW_CTX_DAG_RUN_ID='scheduled__2023-06-04T00:00:00+00:00'
[2023-06-11T08:15:48.416+0000] {python.py:183} INFO - Done. Returned value was: None
[2023-06-11T08:15:49.098+0000] {taskinstance.py:1350} INFO - Marking task as SUCCESS. dag_id=dag_pythonoperator_18, task_id=get_name, execution_date=20230604T000000, start_date=20230611T081535, end_date=20230611T081549
[2023-06-11T08:15:50.120+0000] {local_task_job_runner.py:225} INFO - Task exited with return code 0
[2023-06-11T08:15:52.582+0000] {taskinstance.py:2651} INFO - 0 downstream tasks scheduled from follow-on schedule check
[2023-06-11T08:47:08.918+0000] {taskinstance.py:1103} INFO - Dependencies all met for dep_context=non-requeueable deps ti=<TaskInstance: dag_pythonoperator_18.get_name scheduled__2023-06-04T00:00:00+00:00 [queued]>
[2023-06-11T08:47:09.119+0000] {taskinstance.py:1103} INFO - Dependencies all met for dep_context=requeueable deps ti=<TaskInstance: dag_pythonoperator_18.get_name scheduled__2023-06-04T00:00:00+00:00 [queued]>
[2023-06-11T08:47:09.119+0000] {taskinstance.py:1308} INFO - Starting attempt 1 of 6
[2023-06-11T08:47:09.471+0000] {taskinstance.py:1327} INFO - Executing <Task(PythonOperator): get_name> on 2023-06-04 00:00:00+00:00
[2023-06-11T08:47:09.548+0000] {standard_task_runner.py:57} INFO - Started process 175 to run task
[2023-06-11T08:47:09.595+0000] {standard_task_runner.py:84} INFO - Running: ['***', 'tasks', 'run', 'dag_pythonoperator_18', 'get_name', 'scheduled__2023-06-04T00:00:00+00:00', '--job-id', '40', '--raw', '--subdir', 'DAGS_FOLDER/python_operator_dag.py', '--cfg-path', '/tmp/tmpwhm0sr83']
[2023-06-11T08:47:09.630+0000] {standard_task_runner.py:85} INFO - Job 40: Subtask get_name
[2023-06-11T08:47:10.810+0000] {task_command.py:410} INFO - Running <TaskInstance: dag_pythonoperator_18.get_name scheduled__2023-06-04T00:00:00+00:00 [running]> on host 964e508aad03
[2023-06-11T08:47:13.569+0000] {taskinstance.py:1547} INFO - Exporting env vars: AIRFLOW_CTX_DAG_OWNER='Raja' AIRFLOW_CTX_DAG_ID='dag_pythonoperator_18' AIRFLOW_CTX_TASK_ID='get_name' AIRFLOW_CTX_EXECUTION_DATE='2023-06-04T00:00:00+00:00' AIRFLOW_CTX_TRY_NUMBER='1' AIRFLOW_CTX_DAG_RUN_ID='scheduled__2023-06-04T00:00:00+00:00'
[2023-06-11T08:47:13.783+0000] {python.py:183} INFO - Done. Returned value was: None
[2023-06-11T08:47:14.138+0000] {taskinstance.py:1350} INFO - Marking task as SUCCESS. dag_id=dag_pythonoperator_18, task_id=get_name, execution_date=20230604T000000, start_date=20230611T084708, end_date=20230611T084714
[2023-06-11T08:47:14.394+0000] {local_task_job_runner.py:225} INFO - Task exited with return code 0
[2023-06-11T08:47:15.115+0000] {taskinstance.py:2651} INFO - 1 downstream tasks scheduled from follow-on schedule check
[2023-06-11T10:36:50.929+0000] {taskinstance.py:1103} INFO - Dependencies all met for dep_context=non-requeueable deps ti=<TaskInstance: dag_pythonoperator_18.get_name scheduled__2023-06-04T00:00:00+00:00 [queued]>
[2023-06-11T10:36:51.274+0000] {taskinstance.py:1103} INFO - Dependencies all met for dep_context=requeueable deps ti=<TaskInstance: dag_pythonoperator_18.get_name scheduled__2023-06-04T00:00:00+00:00 [queued]>
[2023-06-11T10:36:51.274+0000] {taskinstance.py:1308} INFO - Starting attempt 1 of 6
[2023-06-11T10:36:52.045+0000] {taskinstance.py:1327} INFO - Executing <Task(PythonOperator): get_name> on 2023-06-04 00:00:00+00:00
[2023-06-11T10:36:52.065+0000] {standard_task_runner.py:57} INFO - Started process 206 to run task
[2023-06-11T10:36:52.315+0000] {standard_task_runner.py:84} INFO - Running: ['***', 'tasks', 'run', 'dag_pythonoperator_18', 'get_name', 'scheduled__2023-06-04T00:00:00+00:00', '--job-id', '47', '--raw', '--subdir', 'DAGS_FOLDER/python_operator_dag.py', '--cfg-path', '/tmp/tmp8p5gricf']
[2023-06-11T10:36:52.369+0000] {standard_task_runner.py:85} INFO - Job 47: Subtask get_name
[2023-06-11T10:36:53.691+0000] {task_command.py:410} INFO - Running <TaskInstance: dag_pythonoperator_18.get_name scheduled__2023-06-04T00:00:00+00:00 [running]> on host 7586ce0070ac
[2023-06-11T10:36:57.817+0000] {taskinstance.py:1547} INFO - Exporting env vars: AIRFLOW_CTX_DAG_OWNER='Raja' AIRFLOW_CTX_DAG_ID='dag_pythonoperator_18' AIRFLOW_CTX_TASK_ID='get_name' AIRFLOW_CTX_EXECUTION_DATE='2023-06-04T00:00:00+00:00' AIRFLOW_CTX_TRY_NUMBER='1' AIRFLOW_CTX_DAG_RUN_ID='scheduled__2023-06-04T00:00:00+00:00'
[2023-06-11T10:36:58.066+0000] {python.py:183} INFO - Done. Returned value was: None
[2023-06-11T10:36:58.244+0000] {taskinstance.py:1350} INFO - Marking task as SUCCESS. dag_id=dag_pythonoperator_18, task_id=get_name, execution_date=20230604T000000, start_date=20230611T103650, end_date=20230611T103658
[2023-06-11T10:36:58.517+0000] {local_task_job_runner.py:225} INFO - Task exited with return code 0
[2023-06-11T10:36:59.299+0000] {taskinstance.py:2651} INFO - 1 downstream tasks scheduled from follow-on schedule check
[2023-06-12T03:33:40.542+0000] {taskinstance.py:1103} INFO - Dependencies all met for dep_context=non-requeueable deps ti=<TaskInstance: dag_pythonoperator_18.get_name scheduled__2023-06-04T00:00:00+00:00 [queued]>
[2023-06-12T03:33:41.589+0000] {taskinstance.py:1103} INFO - Dependencies all met for dep_context=requeueable deps ti=<TaskInstance: dag_pythonoperator_18.get_name scheduled__2023-06-04T00:00:00+00:00 [queued]>
[2023-06-12T03:33:41.607+0000] {taskinstance.py:1308} INFO - Starting attempt 1 of 6
[2023-06-12T03:33:42.576+0000] {taskinstance.py:1327} INFO - Executing <Task(PythonOperator): get_name> on 2023-06-04 00:00:00+00:00
[2023-06-12T03:33:42.607+0000] {standard_task_runner.py:57} INFO - Started process 211 to run task
[2023-06-12T03:33:42.678+0000] {standard_task_runner.py:84} INFO - Running: ['***', 'tasks', 'run', 'dag_pythonoperator_18', 'get_name', 'scheduled__2023-06-04T00:00:00+00:00', '--job-id', '45', '--raw', '--subdir', 'DAGS_FOLDER/python_operator_dag.py', '--cfg-path', '/tmp/tmpy9_dkjz4']
[2023-06-12T03:33:42.696+0000] {standard_task_runner.py:85} INFO - Job 45: Subtask get_name
[2023-06-12T03:33:45.093+0000] {task_command.py:410} INFO - Running <TaskInstance: dag_pythonoperator_18.get_name scheduled__2023-06-04T00:00:00+00:00 [running]> on host 03cd9a7904e9
[2023-06-12T03:33:50.749+0000] {taskinstance.py:1547} INFO - Exporting env vars: AIRFLOW_CTX_DAG_OWNER='Raja' AIRFLOW_CTX_DAG_ID='dag_pythonoperator_18' AIRFLOW_CTX_TASK_ID='get_name' AIRFLOW_CTX_EXECUTION_DATE='2023-06-04T00:00:00+00:00' AIRFLOW_CTX_TRY_NUMBER='1' AIRFLOW_CTX_DAG_RUN_ID='scheduled__2023-06-04T00:00:00+00:00'
[2023-06-12T03:33:51.473+0000] {python.py:183} INFO - Done. Returned value was: None
[2023-06-12T03:33:51.601+0000] {taskinstance.py:1350} INFO - Marking task as SUCCESS. dag_id=dag_pythonoperator_18, task_id=get_name, execution_date=20230604T000000, start_date=20230612T033340, end_date=20230612T033351
[2023-06-12T03:33:52.393+0000] {local_task_job_runner.py:225} INFO - Task exited with return code 0
[2023-06-12T03:33:53.678+0000] {taskinstance.py:2651} INFO - 1 downstream tasks scheduled from follow-on schedule check
