[2023-06-11T09:46:35.838+0000] {taskinstance.py:1103} INFO - Dependencies all met for dep_context=non-requeueable deps ti=<TaskInstance: first_dag_02.second_task scheduled__2022-06-08T00:00:00+00:00 [queued]>
[2023-06-11T09:46:36.191+0000] {taskinstance.py:1103} INFO - Dependencies all met for dep_context=requeueable deps ti=<TaskInstance: first_dag_02.second_task scheduled__2022-06-08T00:00:00+00:00 [queued]>
[2023-06-11T09:46:36.192+0000] {taskinstance.py:1308} INFO - Starting attempt 1 of 6
[2023-06-11T09:46:37.458+0000] {taskinstance.py:1327} INFO - Executing <Task(BashOperator): second_task> on 2022-06-08 00:00:00+00:00
[2023-06-11T09:46:37.881+0000] {standard_task_runner.py:57} INFO - Started process 4923 to run task
[2023-06-11T09:46:38.074+0000] {standard_task_runner.py:84} INFO - Running: ['***', 'tasks', 'run', 'first_dag_02', 'second_task', 'scheduled__2022-06-08T00:00:00+00:00', '--job-id', '1508', '--raw', '--subdir', 'DAGS_FOLDER/First_dag.py', '--cfg-path', '/tmp/tmpyz9f9uco']
[2023-06-11T09:46:38.157+0000] {standard_task_runner.py:85} INFO - Job 1508: Subtask second_task
[2023-06-11T09:46:39.937+0000] {task_command.py:410} INFO - Running <TaskInstance: first_dag_02.second_task scheduled__2022-06-08T00:00:00+00:00 [running]> on host 964e508aad03
[2023-06-11T09:46:44.024+0000] {taskinstance.py:1547} INFO - Exporting env vars: AIRFLOW_CTX_DAG_OWNER='Raja' AIRFLOW_CTX_DAG_ID='first_dag_02' AIRFLOW_CTX_TASK_ID='second_task' AIRFLOW_CTX_EXECUTION_DATE='2022-06-08T00:00:00+00:00' AIRFLOW_CTX_TRY_NUMBER='1' AIRFLOW_CTX_DAG_RUN_ID='scheduled__2022-06-08T00:00:00+00:00'
[2023-06-11T09:46:44.029+0000] {subprocess.py:63} INFO - Tmp dir root location: 
 /tmp
[2023-06-11T09:46:44.030+0000] {subprocess.py:75} INFO - Running command: ['/bin/bash', '-c', 'echo hey, I am task2 and will be running after task1!']
[2023-06-11T09:46:44.058+0000] {subprocess.py:86} INFO - Output:
[2023-06-11T09:46:44.063+0000] {subprocess.py:93} INFO - hey, I am task2 and will be running after task1!
[2023-06-11T09:46:44.065+0000] {subprocess.py:97} INFO - Command exited with return code 0
[2023-06-11T09:46:44.342+0000] {taskinstance.py:1350} INFO - Marking task as SUCCESS. dag_id=first_dag_02, task_id=second_task, execution_date=20220608T000000, start_date=20230611T094635, end_date=20230611T094644
[2023-06-11T09:46:44.457+0000] {local_task_job_runner.py:225} INFO - Task exited with return code 0
[2023-06-11T09:46:44.974+0000] {taskinstance.py:2651} INFO - 0 downstream tasks scheduled from follow-on schedule check
[2023-06-11T15:33:41.445+0000] {taskinstance.py:1103} INFO - Dependencies all met for dep_context=non-requeueable deps ti=<TaskInstance: first_dag_02.second_task scheduled__2022-06-08T00:00:00+00:00 [queued]>
[2023-06-11T15:33:41.659+0000] {taskinstance.py:1103} INFO - Dependencies all met for dep_context=requeueable deps ti=<TaskInstance: first_dag_02.second_task scheduled__2022-06-08T00:00:00+00:00 [queued]>
[2023-06-11T15:33:41.659+0000] {taskinstance.py:1308} INFO - Starting attempt 1 of 6
[2023-06-11T15:33:42.139+0000] {taskinstance.py:1327} INFO - Executing <Task(BashOperator): second_task> on 2022-06-08 00:00:00+00:00
[2023-06-11T15:33:42.169+0000] {standard_task_runner.py:57} INFO - Started process 1558 to run task
[2023-06-11T15:33:42.220+0000] {standard_task_runner.py:84} INFO - Running: ['***', 'tasks', 'run', 'first_dag_02', 'second_task', 'scheduled__2022-06-08T00:00:00+00:00', '--job-id', '1562', '--raw', '--subdir', 'DAGS_FOLDER/First_dag.py', '--cfg-path', '/tmp/tmpeica8gfn']
[2023-06-11T15:33:42.223+0000] {standard_task_runner.py:85} INFO - Job 1562: Subtask second_task
[2023-06-11T15:33:42.844+0000] {task_command.py:410} INFO - Running <TaskInstance: first_dag_02.second_task scheduled__2022-06-08T00:00:00+00:00 [running]> on host 7586ce0070ac
[2023-06-11T15:33:44.630+0000] {taskinstance.py:1547} INFO - Exporting env vars: AIRFLOW_CTX_DAG_OWNER='Raja' AIRFLOW_CTX_DAG_ID='first_dag_02' AIRFLOW_CTX_TASK_ID='second_task' AIRFLOW_CTX_EXECUTION_DATE='2022-06-08T00:00:00+00:00' AIRFLOW_CTX_TRY_NUMBER='1' AIRFLOW_CTX_DAG_RUN_ID='scheduled__2022-06-08T00:00:00+00:00'
[2023-06-11T15:33:44.647+0000] {subprocess.py:63} INFO - Tmp dir root location: 
 /tmp
[2023-06-11T15:33:44.661+0000] {subprocess.py:75} INFO - Running command: ['/bin/bash', '-c', 'echo hey, I am task2 and will be running after task1!']
[2023-06-11T15:33:44.796+0000] {subprocess.py:86} INFO - Output:
[2023-06-11T15:33:44.822+0000] {subprocess.py:93} INFO - hey, I am task2 and will be running after task1!
[2023-06-11T15:33:44.822+0000] {subprocess.py:97} INFO - Command exited with return code 0
[2023-06-11T15:33:45.434+0000] {taskinstance.py:1350} INFO - Marking task as SUCCESS. dag_id=first_dag_02, task_id=second_task, execution_date=20220608T000000, start_date=20230611T153341, end_date=20230611T153345
[2023-06-11T15:33:45.576+0000] {local_task_job_runner.py:225} INFO - Task exited with return code 0
[2023-06-11T15:33:45.811+0000] {taskinstance.py:2651} INFO - 0 downstream tasks scheduled from follow-on schedule check
