[2023-06-10T17:27:02.846+0000] {taskinstance.py:1103} INFO - Dependencies all met for dep_context=non-requeueable deps ti=<TaskInstance: first_dag_02.first_task scheduled__2021-08-07T00:00:00+00:00 [queued]>
[2023-06-10T17:27:02.911+0000] {taskinstance.py:1103} INFO - Dependencies all met for dep_context=requeueable deps ti=<TaskInstance: first_dag_02.first_task scheduled__2021-08-07T00:00:00+00:00 [queued]>
[2023-06-10T17:27:02.920+0000] {taskinstance.py:1308} INFO - Starting attempt 1 of 6
[2023-06-10T17:27:03.001+0000] {taskinstance.py:1327} INFO - Executing <Task(BashOperator): first_task> on 2021-08-07 00:00:00+00:00
[2023-06-10T17:27:03.037+0000] {standard_task_runner.py:57} INFO - Started process 900 to run task
[2023-06-10T17:27:03.076+0000] {standard_task_runner.py:84} INFO - Running: ['***', 'tasks', 'run', 'first_dag_02', 'first_task', 'scheduled__2021-08-07T00:00:00+00:00', '--job-id', '1810', '--raw', '--subdir', 'DAGS_FOLDER/First_dag.py', '--cfg-path', '/tmp/tmpiujgjwpg']
[2023-06-10T17:27:03.077+0000] {standard_task_runner.py:85} INFO - Job 1810: Subtask first_task
[2023-06-10T17:27:03.943+0000] {task_command.py:410} INFO - Running <TaskInstance: first_dag_02.first_task scheduled__2021-08-07T00:00:00+00:00 [running]> on host e326d5f70fa9
[2023-06-10T17:27:06.874+0000] {taskinstance.py:1547} INFO - Exporting env vars: AIRFLOW_CTX_DAG_OWNER='Raja' AIRFLOW_CTX_DAG_ID='first_dag_02' AIRFLOW_CTX_TASK_ID='first_task' AIRFLOW_CTX_EXECUTION_DATE='2021-08-07T00:00:00+00:00' AIRFLOW_CTX_TRY_NUMBER='1' AIRFLOW_CTX_DAG_RUN_ID='scheduled__2021-08-07T00:00:00+00:00'
[2023-06-10T17:27:06.877+0000] {subprocess.py:63} INFO - Tmp dir root location: 
 /tmp
[2023-06-10T17:27:06.879+0000] {subprocess.py:75} INFO - Running command: ['/bin/bash', '-c', 'echo hello world, this is the first task!']
[2023-06-10T17:27:07.287+0000] {subprocess.py:86} INFO - Output:
[2023-06-10T17:27:07.322+0000] {subprocess.py:93} INFO - hello world, this is the first task!
[2023-06-10T17:27:07.323+0000] {subprocess.py:97} INFO - Command exited with return code 0
[2023-06-10T17:27:07.932+0000] {taskinstance.py:1350} INFO - Marking task as SUCCESS. dag_id=first_dag_02, task_id=first_task, execution_date=20210807T000000, start_date=20230610T172702, end_date=20230610T172707
[2023-06-10T17:27:08.654+0000] {local_task_job_runner.py:225} INFO - Task exited with return code 0
[2023-06-10T17:27:08.947+0000] {taskinstance.py:2651} INFO - 2 downstream tasks scheduled from follow-on schedule check
[2023-06-11T04:43:48.017+0000] {taskinstance.py:1103} INFO - Dependencies all met for dep_context=non-requeueable deps ti=<TaskInstance: first_dag_02.first_task scheduled__2021-08-07T00:00:00+00:00 [queued]>
[2023-06-11T04:43:48.917+0000] {taskinstance.py:1103} INFO - Dependencies all met for dep_context=requeueable deps ti=<TaskInstance: first_dag_02.first_task scheduled__2021-08-07T00:00:00+00:00 [queued]>
[2023-06-11T04:43:48.927+0000] {taskinstance.py:1308} INFO - Starting attempt 1 of 6
[2023-06-11T04:43:50.783+0000] {taskinstance.py:1327} INFO - Executing <Task(BashOperator): first_task> on 2021-08-07 00:00:00+00:00
[2023-06-11T04:43:50.890+0000] {standard_task_runner.py:57} INFO - Started process 133 to run task
[2023-06-11T04:43:50.899+0000] {standard_task_runner.py:84} INFO - Running: ['***', 'tasks', 'run', 'first_dag_02', 'first_task', 'scheduled__2021-08-07T00:00:00+00:00', '--job-id', '24', '--raw', '--subdir', 'DAGS_FOLDER/First_dag.py', '--cfg-path', '/tmp/tmp38w8m0o0']
[2023-06-11T04:43:50.901+0000] {standard_task_runner.py:85} INFO - Job 24: Subtask first_task
[2023-06-11T04:43:51.871+0000] {task_command.py:410} INFO - Running <TaskInstance: first_dag_02.first_task scheduled__2021-08-07T00:00:00+00:00 [running]> on host 4b1b5d40d165
[2023-06-11T04:43:59.246+0000] {taskinstance.py:1547} INFO - Exporting env vars: AIRFLOW_CTX_DAG_OWNER='Raja' AIRFLOW_CTX_DAG_ID='first_dag_02' AIRFLOW_CTX_TASK_ID='first_task' AIRFLOW_CTX_EXECUTION_DATE='2021-08-07T00:00:00+00:00' AIRFLOW_CTX_TRY_NUMBER='1' AIRFLOW_CTX_DAG_RUN_ID='scheduled__2021-08-07T00:00:00+00:00'
[2023-06-11T04:43:59.395+0000] {subprocess.py:63} INFO - Tmp dir root location: 
 /tmp
[2023-06-11T04:43:59.533+0000] {subprocess.py:75} INFO - Running command: ['/bin/bash', '-c', 'echo hello world, this is the first task!']
[2023-06-11T04:44:00.259+0000] {subprocess.py:86} INFO - Output:
[2023-06-11T04:44:00.321+0000] {subprocess.py:93} INFO - hello world, this is the first task!
[2023-06-11T04:44:00.365+0000] {subprocess.py:97} INFO - Command exited with return code 0
[2023-06-11T04:44:00.954+0000] {taskinstance.py:1350} INFO - Marking task as SUCCESS. dag_id=first_dag_02, task_id=first_task, execution_date=20210807T000000, start_date=20230611T044348, end_date=20230611T044400
[2023-06-11T04:44:03.683+0000] {local_task_job_runner.py:225} INFO - Task exited with return code 0
[2023-06-11T04:44:05.464+0000] {taskinstance.py:2651} INFO - 0 downstream tasks scheduled from follow-on schedule check
[2023-06-11T05:14:02.835+0000] {taskinstance.py:1103} INFO - Dependencies all met for dep_context=non-requeueable deps ti=<TaskInstance: first_dag_02.first_task scheduled__2021-08-07T00:00:00+00:00 [queued]>
[2023-06-11T05:14:03.959+0000] {taskinstance.py:1103} INFO - Dependencies all met for dep_context=requeueable deps ti=<TaskInstance: first_dag_02.first_task scheduled__2021-08-07T00:00:00+00:00 [queued]>
[2023-06-11T05:14:03.962+0000] {taskinstance.py:1308} INFO - Starting attempt 1 of 6
[2023-06-11T05:14:06.178+0000] {taskinstance.py:1327} INFO - Executing <Task(BashOperator): first_task> on 2021-08-07 00:00:00+00:00
[2023-06-11T05:14:06.967+0000] {standard_task_runner.py:84} INFO - Running: ['***', 'tasks', 'run', 'first_dag_02', 'first_task', 'scheduled__2021-08-07T00:00:00+00:00', '--job-id', '32', '--raw', '--subdir', 'DAGS_FOLDER/First_dag.py', '--cfg-path', '/tmp/tmpw5nqav9h']
[2023-06-11T05:14:06.969+0000] {standard_task_runner.py:85} INFO - Job 32: Subtask first_task
[2023-06-11T05:14:06.844+0000] {standard_task_runner.py:57} INFO - Started process 172 to run task
[2023-06-11T05:14:11.121+0000] {task_command.py:410} INFO - Running <TaskInstance: first_dag_02.first_task scheduled__2021-08-07T00:00:00+00:00 [running]> on host 69e374580eab
[2023-06-11T05:14:16.938+0000] {taskinstance.py:1547} INFO - Exporting env vars: AIRFLOW_CTX_DAG_OWNER='Raja' AIRFLOW_CTX_DAG_ID='first_dag_02' AIRFLOW_CTX_TASK_ID='first_task' AIRFLOW_CTX_EXECUTION_DATE='2021-08-07T00:00:00+00:00' AIRFLOW_CTX_TRY_NUMBER='1' AIRFLOW_CTX_DAG_RUN_ID='scheduled__2021-08-07T00:00:00+00:00'
[2023-06-11T05:14:17.022+0000] {subprocess.py:63} INFO - Tmp dir root location: 
 /tmp
[2023-06-11T05:14:17.050+0000] {subprocess.py:75} INFO - Running command: ['/bin/bash', '-c', 'echo hello world, this is the first task!']
[2023-06-11T05:14:17.253+0000] {subprocess.py:86} INFO - Output:
[2023-06-11T05:14:17.262+0000] {subprocess.py:93} INFO - hello world, this is the first task!
[2023-06-11T05:14:17.265+0000] {subprocess.py:97} INFO - Command exited with return code 0
[2023-06-11T05:14:17.424+0000] {taskinstance.py:1350} INFO - Marking task as SUCCESS. dag_id=first_dag_02, task_id=first_task, execution_date=20210807T000000, start_date=20230611T051402, end_date=20230611T051417
[2023-06-11T05:14:17.809+0000] {local_task_job_runner.py:225} INFO - Task exited with return code 0
[2023-06-11T05:14:18.419+0000] {taskinstance.py:2651} INFO - 2 downstream tasks scheduled from follow-on schedule check
[2023-06-11T08:15:01.483+0000] {taskinstance.py:1103} INFO - Dependencies all met for dep_context=non-requeueable deps ti=<TaskInstance: first_dag_02.first_task scheduled__2021-08-07T00:00:00+00:00 [queued]>
[2023-06-11T08:15:02.483+0000] {taskinstance.py:1103} INFO - Dependencies all met for dep_context=requeueable deps ti=<TaskInstance: first_dag_02.first_task scheduled__2021-08-07T00:00:00+00:00 [queued]>
[2023-06-11T08:15:02.484+0000] {taskinstance.py:1308} INFO - Starting attempt 1 of 6
[2023-06-11T08:15:04.262+0000] {taskinstance.py:1327} INFO - Executing <Task(BashOperator): first_task> on 2021-08-07 00:00:00+00:00
[2023-06-11T08:15:04.736+0000] {standard_task_runner.py:57} INFO - Started process 173 to run task
[2023-06-11T08:15:05.090+0000] {standard_task_runner.py:84} INFO - Running: ['***', 'tasks', 'run', 'first_dag_02', 'first_task', 'scheduled__2021-08-07T00:00:00+00:00', '--job-id', '68', '--raw', '--subdir', 'DAGS_FOLDER/First_dag.py', '--cfg-path', '/tmp/tmpvq8ktffv']
[2023-06-11T08:15:05.130+0000] {standard_task_runner.py:85} INFO - Job 68: Subtask first_task
[2023-06-11T08:15:08.756+0000] {task_command.py:410} INFO - Running <TaskInstance: first_dag_02.first_task scheduled__2021-08-07T00:00:00+00:00 [running]> on host 492037cdd057
[2023-06-11T08:15:13.515+0000] {taskinstance.py:1547} INFO - Exporting env vars: AIRFLOW_CTX_DAG_OWNER='Raja' AIRFLOW_CTX_DAG_ID='first_dag_02' AIRFLOW_CTX_TASK_ID='first_task' AIRFLOW_CTX_EXECUTION_DATE='2021-08-07T00:00:00+00:00' AIRFLOW_CTX_TRY_NUMBER='1' AIRFLOW_CTX_DAG_RUN_ID='scheduled__2021-08-07T00:00:00+00:00'
[2023-06-11T08:15:13.535+0000] {subprocess.py:63} INFO - Tmp dir root location: 
 /tmp
[2023-06-11T08:15:13.542+0000] {subprocess.py:75} INFO - Running command: ['/bin/bash', '-c', 'echo hello world, this is the first task!']
[2023-06-11T08:15:13.881+0000] {subprocess.py:86} INFO - Output:
[2023-06-11T08:15:13.889+0000] {subprocess.py:93} INFO - hello world, this is the first task!
[2023-06-11T08:15:13.891+0000] {subprocess.py:97} INFO - Command exited with return code 0
[2023-06-11T08:15:14.943+0000] {taskinstance.py:1350} INFO - Marking task as SUCCESS. dag_id=first_dag_02, task_id=first_task, execution_date=20210807T000000, start_date=20230611T081501, end_date=20230611T081514
[2023-06-11T08:15:15.579+0000] {local_task_job_runner.py:225} INFO - Task exited with return code 0
[2023-06-11T08:15:16.652+0000] {taskinstance.py:2651} INFO - 2 downstream tasks scheduled from follow-on schedule check
[2023-06-11T08:47:00.232+0000] {taskinstance.py:1103} INFO - Dependencies all met for dep_context=non-requeueable deps ti=<TaskInstance: first_dag_02.first_task scheduled__2021-08-07T00:00:00+00:00 [queued]>
[2023-06-11T08:47:00.585+0000] {taskinstance.py:1103} INFO - Dependencies all met for dep_context=requeueable deps ti=<TaskInstance: first_dag_02.first_task scheduled__2021-08-07T00:00:00+00:00 [queued]>
[2023-06-11T08:47:00.586+0000] {taskinstance.py:1308} INFO - Starting attempt 1 of 6
[2023-06-11T08:47:00.940+0000] {taskinstance.py:1327} INFO - Executing <Task(BashOperator): first_task> on 2021-08-07 00:00:00+00:00
[2023-06-11T08:47:01.056+0000] {standard_task_runner.py:57} INFO - Started process 150 to run task
[2023-06-11T08:47:01.138+0000] {standard_task_runner.py:84} INFO - Running: ['***', 'tasks', 'run', 'first_dag_02', 'first_task', 'scheduled__2021-08-07T00:00:00+00:00', '--job-id', '34', '--raw', '--subdir', 'DAGS_FOLDER/First_dag.py', '--cfg-path', '/tmp/tmpkcryknhd']
[2023-06-11T08:47:01.149+0000] {standard_task_runner.py:85} INFO - Job 34: Subtask first_task
[2023-06-11T08:47:01.580+0000] {task_command.py:410} INFO - Running <TaskInstance: first_dag_02.first_task scheduled__2021-08-07T00:00:00+00:00 [running]> on host 964e508aad03
[2023-06-11T08:47:03.515+0000] {taskinstance.py:1547} INFO - Exporting env vars: AIRFLOW_CTX_DAG_OWNER='Raja' AIRFLOW_CTX_DAG_ID='first_dag_02' AIRFLOW_CTX_TASK_ID='first_task' AIRFLOW_CTX_EXECUTION_DATE='2021-08-07T00:00:00+00:00' AIRFLOW_CTX_TRY_NUMBER='1' AIRFLOW_CTX_DAG_RUN_ID='scheduled__2021-08-07T00:00:00+00:00'
[2023-06-11T08:47:03.550+0000] {subprocess.py:63} INFO - Tmp dir root location: 
 /tmp
[2023-06-11T08:47:03.551+0000] {subprocess.py:75} INFO - Running command: ['/bin/bash', '-c', 'echo hello world, this is the first task!']
[2023-06-11T08:47:03.879+0000] {subprocess.py:86} INFO - Output:
[2023-06-11T08:47:04.017+0000] {subprocess.py:93} INFO - hello world, this is the first task!
[2023-06-11T08:47:04.018+0000] {subprocess.py:97} INFO - Command exited with return code 0
[2023-06-11T08:47:04.103+0000] {taskinstance.py:1350} INFO - Marking task as SUCCESS. dag_id=first_dag_02, task_id=first_task, execution_date=20210807T000000, start_date=20230611T084700, end_date=20230611T084704
[2023-06-11T08:47:04.187+0000] {local_task_job_runner.py:225} INFO - Task exited with return code 0
[2023-06-11T08:47:04.838+0000] {taskinstance.py:2651} INFO - 2 downstream tasks scheduled from follow-on schedule check
[2023-06-11T10:36:16.384+0000] {taskinstance.py:1103} INFO - Dependencies all met for dep_context=non-requeueable deps ti=<TaskInstance: first_dag_02.first_task scheduled__2021-08-07T00:00:00+00:00 [queued]>
[2023-06-11T10:36:16.961+0000] {taskinstance.py:1103} INFO - Dependencies all met for dep_context=requeueable deps ti=<TaskInstance: first_dag_02.first_task scheduled__2021-08-07T00:00:00+00:00 [queued]>
[2023-06-11T10:36:16.962+0000] {taskinstance.py:1308} INFO - Starting attempt 1 of 6
[2023-06-11T10:36:18.433+0000] {taskinstance.py:1327} INFO - Executing <Task(BashOperator): first_task> on 2021-08-07 00:00:00+00:00
[2023-06-11T10:36:18.458+0000] {standard_task_runner.py:57} INFO - Started process 164 to run task
[2023-06-11T10:36:18.520+0000] {standard_task_runner.py:84} INFO - Running: ['***', 'tasks', 'run', 'first_dag_02', 'first_task', 'scheduled__2021-08-07T00:00:00+00:00', '--job-id', '31', '--raw', '--subdir', 'DAGS_FOLDER/First_dag.py', '--cfg-path', '/tmp/tmpaz37ru8z']
[2023-06-11T10:36:18.521+0000] {standard_task_runner.py:85} INFO - Job 31: Subtask first_task
[2023-06-11T10:36:20.229+0000] {task_command.py:410} INFO - Running <TaskInstance: first_dag_02.first_task scheduled__2021-08-07T00:00:00+00:00 [running]> on host 7586ce0070ac
[2023-06-11T10:36:24.999+0000] {taskinstance.py:1547} INFO - Exporting env vars: AIRFLOW_CTX_DAG_OWNER='Raja' AIRFLOW_CTX_DAG_ID='first_dag_02' AIRFLOW_CTX_TASK_ID='first_task' AIRFLOW_CTX_EXECUTION_DATE='2021-08-07T00:00:00+00:00' AIRFLOW_CTX_TRY_NUMBER='1' AIRFLOW_CTX_DAG_RUN_ID='scheduled__2021-08-07T00:00:00+00:00'
[2023-06-11T10:36:25.008+0000] {subprocess.py:63} INFO - Tmp dir root location: 
 /tmp
[2023-06-11T10:36:25.010+0000] {subprocess.py:75} INFO - Running command: ['/bin/bash', '-c', 'echo hello world, this is the first task!']
[2023-06-11T10:36:25.105+0000] {subprocess.py:86} INFO - Output:
[2023-06-11T10:36:25.108+0000] {subprocess.py:93} INFO - hello world, this is the first task!
[2023-06-11T10:36:25.188+0000] {subprocess.py:97} INFO - Command exited with return code 0
[2023-06-11T10:36:26.528+0000] {taskinstance.py:1350} INFO - Marking task as SUCCESS. dag_id=first_dag_02, task_id=first_task, execution_date=20210807T000000, start_date=20230611T103616, end_date=20230611T103626
[2023-06-11T10:36:27.972+0000] {local_task_job_runner.py:225} INFO - Task exited with return code 0
[2023-06-11T10:36:31.167+0000] {taskinstance.py:2651} INFO - 0 downstream tasks scheduled from follow-on schedule check
