[2023-06-11T08:55:05.016+0000] {taskinstance.py:1103} INFO - Dependencies all met for dep_context=non-requeueable deps ti=<TaskInstance: first_dag_02.first_task scheduled__2021-12-01T00:00:00+00:00 [queued]>
[2023-06-11T08:55:05.212+0000] {taskinstance.py:1103} INFO - Dependencies all met for dep_context=requeueable deps ti=<TaskInstance: first_dag_02.first_task scheduled__2021-12-01T00:00:00+00:00 [queued]>
[2023-06-11T08:55:05.248+0000] {taskinstance.py:1308} INFO - Starting attempt 1 of 6
[2023-06-11T08:55:06.164+0000] {taskinstance.py:1327} INFO - Executing <Task(BashOperator): first_task> on 2021-12-01 00:00:00+00:00
[2023-06-11T08:55:06.254+0000] {standard_task_runner.py:57} INFO - Started process 1956 to run task
[2023-06-11T08:55:06.298+0000] {standard_task_runner.py:84} INFO - Running: ['***', 'tasks', 'run', 'first_dag_02', 'first_task', 'scheduled__2021-12-01T00:00:00+00:00', '--job-id', '607', '--raw', '--subdir', 'DAGS_FOLDER/First_dag.py', '--cfg-path', '/tmp/tmpbizawljv']
[2023-06-11T08:55:06.309+0000] {standard_task_runner.py:85} INFO - Job 607: Subtask first_task
[2023-06-11T08:55:07.412+0000] {task_command.py:410} INFO - Running <TaskInstance: first_dag_02.first_task scheduled__2021-12-01T00:00:00+00:00 [running]> on host 964e508aad03
[2023-06-11T08:55:10.379+0000] {taskinstance.py:1547} INFO - Exporting env vars: AIRFLOW_CTX_DAG_OWNER='Raja' AIRFLOW_CTX_DAG_ID='first_dag_02' AIRFLOW_CTX_TASK_ID='first_task' AIRFLOW_CTX_EXECUTION_DATE='2021-12-01T00:00:00+00:00' AIRFLOW_CTX_TRY_NUMBER='1' AIRFLOW_CTX_DAG_RUN_ID='scheduled__2021-12-01T00:00:00+00:00'
[2023-06-11T08:55:10.382+0000] {subprocess.py:63} INFO - Tmp dir root location: 
 /tmp
[2023-06-11T08:55:10.382+0000] {subprocess.py:75} INFO - Running command: ['/bin/bash', '-c', 'echo hello world, this is the first task!']
[2023-06-11T08:55:10.604+0000] {subprocess.py:86} INFO - Output:
[2023-06-11T08:55:10.607+0000] {subprocess.py:93} INFO - hello world, this is the first task!
[2023-06-11T08:55:10.633+0000] {subprocess.py:97} INFO - Command exited with return code 0
[2023-06-11T08:55:10.944+0000] {taskinstance.py:1350} INFO - Marking task as SUCCESS. dag_id=first_dag_02, task_id=first_task, execution_date=20211201T000000, start_date=20230611T085505, end_date=20230611T085510
[2023-06-11T08:55:11.218+0000] {local_task_job_runner.py:225} INFO - Task exited with return code 0
[2023-06-11T08:55:11.752+0000] {taskinstance.py:2651} INFO - 2 downstream tasks scheduled from follow-on schedule check
[2023-06-11T11:17:43.647+0000] {taskinstance.py:1103} INFO - Dependencies all met for dep_context=non-requeueable deps ti=<TaskInstance: first_dag_02.first_task scheduled__2021-12-01T00:00:00+00:00 [queued]>
[2023-06-11T11:17:44.296+0000] {taskinstance.py:1103} INFO - Dependencies all met for dep_context=requeueable deps ti=<TaskInstance: first_dag_02.first_task scheduled__2021-12-01T00:00:00+00:00 [queued]>
[2023-06-11T11:17:44.296+0000] {taskinstance.py:1308} INFO - Starting attempt 1 of 6
[2023-06-11T11:17:45.158+0000] {taskinstance.py:1327} INFO - Executing <Task(BashOperator): first_task> on 2021-12-01 00:00:00+00:00
[2023-06-11T11:17:45.301+0000] {standard_task_runner.py:57} INFO - Started process 594 to run task
[2023-06-11T11:17:45.434+0000] {standard_task_runner.py:84} INFO - Running: ['***', 'tasks', 'run', 'first_dag_02', 'first_task', 'scheduled__2021-12-01T00:00:00+00:00', '--job-id', '637', '--raw', '--subdir', 'DAGS_FOLDER/First_dag.py', '--cfg-path', '/tmp/tmple4e9k1h']
[2023-06-11T11:17:45.435+0000] {standard_task_runner.py:85} INFO - Job 637: Subtask first_task
[2023-06-11T11:17:46.878+0000] {task_command.py:410} INFO - Running <TaskInstance: first_dag_02.first_task scheduled__2021-12-01T00:00:00+00:00 [running]> on host 7586ce0070ac
[2023-06-11T11:17:48.951+0000] {taskinstance.py:1547} INFO - Exporting env vars: AIRFLOW_CTX_DAG_OWNER='Raja' AIRFLOW_CTX_DAG_ID='first_dag_02' AIRFLOW_CTX_TASK_ID='first_task' AIRFLOW_CTX_EXECUTION_DATE='2021-12-01T00:00:00+00:00' AIRFLOW_CTX_TRY_NUMBER='1' AIRFLOW_CTX_DAG_RUN_ID='scheduled__2021-12-01T00:00:00+00:00'
[2023-06-11T11:17:48.956+0000] {subprocess.py:63} INFO - Tmp dir root location: 
 /tmp
[2023-06-11T11:17:48.962+0000] {subprocess.py:75} INFO - Running command: ['/bin/bash', '-c', 'echo hello world, this is the first task!']
[2023-06-11T11:17:49.176+0000] {subprocess.py:86} INFO - Output:
[2023-06-11T11:17:49.178+0000] {subprocess.py:93} INFO - hello world, this is the first task!
[2023-06-11T11:17:49.210+0000] {subprocess.py:97} INFO - Command exited with return code 0
[2023-06-11T11:17:49.745+0000] {taskinstance.py:1350} INFO - Marking task as SUCCESS. dag_id=first_dag_02, task_id=first_task, execution_date=20211201T000000, start_date=20230611T111743, end_date=20230611T111749
[2023-06-11T11:17:50.037+0000] {local_task_job_runner.py:225} INFO - Task exited with return code 0
[2023-06-11T11:17:50.234+0000] {taskinstance.py:2651} INFO - 2 downstream tasks scheduled from follow-on schedule check
