[2023-06-11T08:59:29.722+0000] {taskinstance.py:1103} INFO - Dependencies all met for dep_context=non-requeueable deps ti=<TaskInstance: first_dag_02.thrid_task scheduled__2022-02-04T00:00:00+00:00 [queued]>
[2023-06-11T08:59:29.923+0000] {taskinstance.py:1103} INFO - Dependencies all met for dep_context=requeueable deps ti=<TaskInstance: first_dag_02.thrid_task scheduled__2022-02-04T00:00:00+00:00 [queued]>
[2023-06-11T08:59:29.924+0000] {taskinstance.py:1308} INFO - Starting attempt 1 of 6
[2023-06-11T08:59:30.213+0000] {taskinstance.py:1327} INFO - Executing <Task(BashOperator): thrid_task> on 2022-02-04 00:00:00+00:00
[2023-06-11T08:59:30.221+0000] {standard_task_runner.py:57} INFO - Started process 2954 to run task
[2023-06-11T08:59:30.297+0000] {standard_task_runner.py:84} INFO - Running: ['***', 'tasks', 'run', 'first_dag_02', 'thrid_task', 'scheduled__2022-02-04T00:00:00+00:00', '--job-id', '924', '--raw', '--subdir', 'DAGS_FOLDER/First_dag.py', '--cfg-path', '/tmp/tmpz5buntm_']
[2023-06-11T08:59:30.312+0000] {standard_task_runner.py:85} INFO - Job 924: Subtask thrid_task
[2023-06-11T08:59:30.613+0000] {task_command.py:410} INFO - Running <TaskInstance: first_dag_02.thrid_task scheduled__2022-02-04T00:00:00+00:00 [running]> on host 964e508aad03
[2023-06-11T08:59:31.440+0000] {taskinstance.py:1547} INFO - Exporting env vars: AIRFLOW_CTX_DAG_OWNER='Raja' AIRFLOW_CTX_DAG_ID='first_dag_02' AIRFLOW_CTX_TASK_ID='thrid_task' AIRFLOW_CTX_EXECUTION_DATE='2022-02-04T00:00:00+00:00' AIRFLOW_CTX_TRY_NUMBER='1' AIRFLOW_CTX_DAG_RUN_ID='scheduled__2022-02-04T00:00:00+00:00'
[2023-06-11T08:59:31.443+0000] {subprocess.py:63} INFO - Tmp dir root location: 
 /tmp
[2023-06-11T08:59:31.444+0000] {subprocess.py:75} INFO - Running command: ['/bin/bash', '-c', 'echo hey, I am task3 and will be running after task1 at the same time as task2!']
[2023-06-11T08:59:31.487+0000] {subprocess.py:86} INFO - Output:
[2023-06-11T08:59:31.500+0000] {subprocess.py:93} INFO - hey, I am task3 and will be running after task1 at the same time as task2!
[2023-06-11T08:59:31.501+0000] {subprocess.py:97} INFO - Command exited with return code 0
[2023-06-11T08:59:31.607+0000] {taskinstance.py:1350} INFO - Marking task as SUCCESS. dag_id=first_dag_02, task_id=thrid_task, execution_date=20220204T000000, start_date=20230611T085929, end_date=20230611T085931
[2023-06-11T08:59:31.672+0000] {local_task_job_runner.py:225} INFO - Task exited with return code 0
[2023-06-11T08:59:31.732+0000] {taskinstance.py:2651} INFO - 0 downstream tasks scheduled from follow-on schedule check
[2023-06-11T11:32:58.098+0000] {taskinstance.py:1103} INFO - Dependencies all met for dep_context=non-requeueable deps ti=<TaskInstance: first_dag_02.thrid_task scheduled__2022-02-04T00:00:00+00:00 [queued]>
[2023-06-11T11:32:58.217+0000] {taskinstance.py:1103} INFO - Dependencies all met for dep_context=requeueable deps ti=<TaskInstance: first_dag_02.thrid_task scheduled__2022-02-04T00:00:00+00:00 [queued]>
[2023-06-11T11:32:58.218+0000] {taskinstance.py:1308} INFO - Starting attempt 1 of 6
[2023-06-11T11:32:58.951+0000] {taskinstance.py:1327} INFO - Executing <Task(BashOperator): thrid_task> on 2022-02-04 00:00:00+00:00
[2023-06-11T11:32:59.069+0000] {standard_task_runner.py:57} INFO - Started process 469 to run task
[2023-06-11T11:32:59.170+0000] {standard_task_runner.py:84} INFO - Running: ['***', 'tasks', 'run', 'first_dag_02', 'thrid_task', 'scheduled__2022-02-04T00:00:00+00:00', '--job-id', '944', '--raw', '--subdir', 'DAGS_FOLDER/First_dag.py', '--cfg-path', '/tmp/tmp7n6nu7ad']
[2023-06-11T11:32:59.171+0000] {standard_task_runner.py:85} INFO - Job 944: Subtask thrid_task
[2023-06-11T11:32:59.826+0000] {task_command.py:410} INFO - Running <TaskInstance: first_dag_02.thrid_task scheduled__2022-02-04T00:00:00+00:00 [running]> on host 7586ce0070ac
[2023-06-11T11:33:02.079+0000] {taskinstance.py:1547} INFO - Exporting env vars: AIRFLOW_CTX_DAG_OWNER='Raja' AIRFLOW_CTX_DAG_ID='first_dag_02' AIRFLOW_CTX_TASK_ID='thrid_task' AIRFLOW_CTX_EXECUTION_DATE='2022-02-04T00:00:00+00:00' AIRFLOW_CTX_TRY_NUMBER='1' AIRFLOW_CTX_DAG_RUN_ID='scheduled__2022-02-04T00:00:00+00:00'
[2023-06-11T11:33:02.082+0000] {subprocess.py:63} INFO - Tmp dir root location: 
 /tmp
[2023-06-11T11:33:02.094+0000] {subprocess.py:75} INFO - Running command: ['/bin/bash', '-c', 'echo hey, I am task3 and will be running after task1 at the same time as task2!']
[2023-06-11T11:33:02.212+0000] {subprocess.py:86} INFO - Output:
[2023-06-11T11:33:02.235+0000] {subprocess.py:93} INFO - hey, I am task3 and will be running after task1 at the same time as task2!
[2023-06-11T11:33:02.236+0000] {subprocess.py:97} INFO - Command exited with return code 0
[2023-06-11T11:33:02.509+0000] {taskinstance.py:1350} INFO - Marking task as SUCCESS. dag_id=first_dag_02, task_id=thrid_task, execution_date=20220204T000000, start_date=20230611T113258, end_date=20230611T113302
[2023-06-11T11:33:02.712+0000] {local_task_job_runner.py:225} INFO - Task exited with return code 0
[2023-06-11T11:33:02.897+0000] {taskinstance.py:2651} INFO - 0 downstream tasks scheduled from follow-on schedule check
