[2023-06-11T09:48:52.303+0000] {taskinstance.py:1103} INFO - Dependencies all met for dep_context=non-requeueable deps ti=<TaskInstance: first_dag_02.first_task scheduled__2022-07-08T00:00:00+00:00 [queued]>
[2023-06-11T09:48:53.206+0000] {taskinstance.py:1103} INFO - Dependencies all met for dep_context=requeueable deps ti=<TaskInstance: first_dag_02.first_task scheduled__2022-07-08T00:00:00+00:00 [queued]>
[2023-06-11T09:48:53.206+0000] {taskinstance.py:1308} INFO - Starting attempt 1 of 6
[2023-06-11T09:48:53.764+0000] {taskinstance.py:1327} INFO - Executing <Task(BashOperator): first_task> on 2022-07-08 00:00:00+00:00
[2023-06-11T09:48:53.807+0000] {standard_task_runner.py:57} INFO - Started process 5287 to run task
[2023-06-11T09:48:53.988+0000] {standard_task_runner.py:84} INFO - Running: ['***', 'tasks', 'run', 'first_dag_02', 'first_task', 'scheduled__2022-07-08T00:00:00+00:00', '--job-id', '1622', '--raw', '--subdir', 'DAGS_FOLDER/First_dag.py', '--cfg-path', '/tmp/tmpfa2jl8i3']
[2023-06-11T09:48:54.049+0000] {standard_task_runner.py:85} INFO - Job 1622: Subtask first_task
[2023-06-11T09:48:55.931+0000] {task_command.py:410} INFO - Running <TaskInstance: first_dag_02.first_task scheduled__2022-07-08T00:00:00+00:00 [running]> on host 964e508aad03
[2023-06-11T09:49:01.914+0000] {taskinstance.py:1547} INFO - Exporting env vars: AIRFLOW_CTX_DAG_OWNER='Raja' AIRFLOW_CTX_DAG_ID='first_dag_02' AIRFLOW_CTX_TASK_ID='first_task' AIRFLOW_CTX_EXECUTION_DATE='2022-07-08T00:00:00+00:00' AIRFLOW_CTX_TRY_NUMBER='1' AIRFLOW_CTX_DAG_RUN_ID='scheduled__2022-07-08T00:00:00+00:00'
[2023-06-11T09:49:02.142+0000] {subprocess.py:63} INFO - Tmp dir root location: 
 /tmp
[2023-06-11T09:49:02.210+0000] {subprocess.py:75} INFO - Running command: ['/bin/bash', '-c', 'echo hello world, this is the first task!']
[2023-06-11T09:49:03.438+0000] {subprocess.py:86} INFO - Output:
[2023-06-11T09:49:03.602+0000] {subprocess.py:93} INFO - hello world, this is the first task!
[2023-06-11T09:49:03.640+0000] {subprocess.py:97} INFO - Command exited with return code 0
[2023-06-11T09:49:04.679+0000] {taskinstance.py:1350} INFO - Marking task as SUCCESS. dag_id=first_dag_02, task_id=first_task, execution_date=20220708T000000, start_date=20230611T094852, end_date=20230611T094904
[2023-06-11T09:49:06.903+0000] {local_task_job_runner.py:225} INFO - Task exited with return code 0
[2023-06-11T09:49:08.516+0000] {taskinstance.py:2651} INFO - 0 downstream tasks scheduled from follow-on schedule check
[2023-06-11T15:35:18.011+0000] {taskinstance.py:1103} INFO - Dependencies all met for dep_context=non-requeueable deps ti=<TaskInstance: first_dag_02.first_task scheduled__2022-07-08T00:00:00+00:00 [queued]>
[2023-06-11T15:35:18.228+0000] {taskinstance.py:1103} INFO - Dependencies all met for dep_context=requeueable deps ti=<TaskInstance: first_dag_02.first_task scheduled__2022-07-08T00:00:00+00:00 [queued]>
[2023-06-11T15:35:18.228+0000] {taskinstance.py:1308} INFO - Starting attempt 1 of 6
[2023-06-11T15:35:18.770+0000] {taskinstance.py:1327} INFO - Executing <Task(BashOperator): first_task> on 2022-07-08 00:00:00+00:00
[2023-06-11T15:35:18.836+0000] {standard_task_runner.py:57} INFO - Started process 1906 to run task
[2023-06-11T15:35:18.866+0000] {standard_task_runner.py:84} INFO - Running: ['***', 'tasks', 'run', 'first_dag_02', 'first_task', 'scheduled__2022-07-08T00:00:00+00:00', '--job-id', '1674', '--raw', '--subdir', 'DAGS_FOLDER/First_dag.py', '--cfg-path', '/tmp/tmp7rjdtz59']
[2023-06-11T15:35:18.866+0000] {standard_task_runner.py:85} INFO - Job 1674: Subtask first_task
[2023-06-11T15:35:19.677+0000] {task_command.py:410} INFO - Running <TaskInstance: first_dag_02.first_task scheduled__2022-07-08T00:00:00+00:00 [running]> on host 7586ce0070ac
[2023-06-11T15:35:21.677+0000] {taskinstance.py:1547} INFO - Exporting env vars: AIRFLOW_CTX_DAG_OWNER='Raja' AIRFLOW_CTX_DAG_ID='first_dag_02' AIRFLOW_CTX_TASK_ID='first_task' AIRFLOW_CTX_EXECUTION_DATE='2022-07-08T00:00:00+00:00' AIRFLOW_CTX_TRY_NUMBER='1' AIRFLOW_CTX_DAG_RUN_ID='scheduled__2022-07-08T00:00:00+00:00'
[2023-06-11T15:35:21.680+0000] {subprocess.py:63} INFO - Tmp dir root location: 
 /tmp
[2023-06-11T15:35:21.682+0000] {subprocess.py:75} INFO - Running command: ['/bin/bash', '-c', 'echo hello world, this is the first task!']
[2023-06-11T15:35:21.751+0000] {subprocess.py:86} INFO - Output:
[2023-06-11T15:35:21.762+0000] {subprocess.py:93} INFO - hello world, this is the first task!
[2023-06-11T15:35:21.763+0000] {subprocess.py:97} INFO - Command exited with return code 0
[2023-06-11T15:35:22.166+0000] {taskinstance.py:1350} INFO - Marking task as SUCCESS. dag_id=first_dag_02, task_id=first_task, execution_date=20220708T000000, start_date=20230611T153518, end_date=20230611T153522
[2023-06-11T15:35:23.151+0000] {local_task_job_runner.py:225} INFO - Task exited with return code 0
[2023-06-11T15:35:23.616+0000] {taskinstance.py:2651} INFO - 2 downstream tasks scheduled from follow-on schedule check
