[2023-06-11T09:46:57.285+0000] {taskinstance.py:1103} INFO - Dependencies all met for dep_context=non-requeueable deps ti=<TaskInstance: dag_cron_expression_03.task1 scheduled__2022-03-11T03:00:00+00:00 [queued]>
[2023-06-11T09:46:57.620+0000] {taskinstance.py:1103} INFO - Dependencies all met for dep_context=requeueable deps ti=<TaskInstance: dag_cron_expression_03.task1 scheduled__2022-03-11T03:00:00+00:00 [queued]>
[2023-06-11T09:46:57.624+0000] {taskinstance.py:1308} INFO - Starting attempt 1 of 6
[2023-06-11T09:46:58.293+0000] {taskinstance.py:1327} INFO - Executing <Task(BashOperator): task1> on 2022-03-11 03:00:00+00:00
[2023-06-11T09:46:58.369+0000] {standard_task_runner.py:57} INFO - Started process 4990 to run task
[2023-06-11T09:46:58.397+0000] {standard_task_runner.py:84} INFO - Running: ['***', 'tasks', 'run', 'dag_cron_expression_03', 'task1', 'scheduled__2022-03-11T03:00:00+00:00', '--job-id', '1530', '--raw', '--subdir', 'DAGS_FOLDER/dag_corn.py', '--cfg-path', '/tmp/tmpl0ainofz']
[2023-06-11T09:46:58.398+0000] {standard_task_runner.py:85} INFO - Job 1530: Subtask task1
[2023-06-11T09:46:59.084+0000] {task_command.py:410} INFO - Running <TaskInstance: dag_cron_expression_03.task1 scheduled__2022-03-11T03:00:00+00:00 [running]> on host 964e508aad03
[2023-06-11T09:47:01.467+0000] {taskinstance.py:1547} INFO - Exporting env vars: AIRFLOW_CTX_DAG_OWNER='Raja' AIRFLOW_CTX_DAG_ID='dag_cron_expression_03' AIRFLOW_CTX_TASK_ID='task1' AIRFLOW_CTX_EXECUTION_DATE='2022-03-11T03:00:00+00:00' AIRFLOW_CTX_TRY_NUMBER='1' AIRFLOW_CTX_DAG_RUN_ID='scheduled__2022-03-11T03:00:00+00:00'
[2023-06-11T09:47:01.486+0000] {subprocess.py:63} INFO - Tmp dir root location: 
 /tmp
[2023-06-11T09:47:01.487+0000] {subprocess.py:75} INFO - Running command: ['/bin/bash', '-c', 'echo dag with cron expression!']
[2023-06-11T09:47:01.778+0000] {subprocess.py:86} INFO - Output:
[2023-06-11T09:47:01.839+0000] {subprocess.py:93} INFO - dag with cron expression!
[2023-06-11T09:47:01.840+0000] {subprocess.py:97} INFO - Command exited with return code 0
[2023-06-11T09:47:02.329+0000] {taskinstance.py:1350} INFO - Marking task as SUCCESS. dag_id=dag_cron_expression_03, task_id=task1, execution_date=20220311T030000, start_date=20230611T094657, end_date=20230611T094702
[2023-06-11T09:47:02.656+0000] {local_task_job_runner.py:225} INFO - Task exited with return code 0
[2023-06-11T09:47:02.899+0000] {taskinstance.py:2651} INFO - 0 downstream tasks scheduled from follow-on schedule check
[2023-06-11T10:58:31.983+0000] {taskinstance.py:1103} INFO - Dependencies all met for dep_context=non-requeueable deps ti=<TaskInstance: dag_cron_expression_03.task1 scheduled__2022-03-11T03:00:00+00:00 [queued]>
[2023-06-11T10:58:32.165+0000] {taskinstance.py:1103} INFO - Dependencies all met for dep_context=requeueable deps ti=<TaskInstance: dag_cron_expression_03.task1 scheduled__2022-03-11T03:00:00+00:00 [queued]>
[2023-06-11T10:58:32.166+0000] {taskinstance.py:1308} INFO - Starting attempt 1 of 6
[2023-06-11T10:58:32.499+0000] {taskinstance.py:1327} INFO - Executing <Task(BashOperator): task1> on 2022-03-11 03:00:00+00:00
[2023-06-11T10:58:32.524+0000] {standard_task_runner.py:57} INFO - Started process 1371 to run task
[2023-06-11T10:58:32.583+0000] {standard_task_runner.py:84} INFO - Running: ['***', 'tasks', 'run', 'dag_cron_expression_03', 'task1', 'scheduled__2022-03-11T03:00:00+00:00', '--job-id', '377', '--raw', '--subdir', 'DAGS_FOLDER/dag_cron.py', '--cfg-path', '/tmp/tmp1uinot1v']
[2023-06-11T10:58:32.584+0000] {standard_task_runner.py:85} INFO - Job 377: Subtask task1
[2023-06-11T10:58:33.853+0000] {task_command.py:410} INFO - Running <TaskInstance: dag_cron_expression_03.task1 scheduled__2022-03-11T03:00:00+00:00 [running]> on host 7586ce0070ac
[2023-06-11T10:58:36.767+0000] {taskinstance.py:1547} INFO - Exporting env vars: AIRFLOW_CTX_DAG_OWNER='Raja' AIRFLOW_CTX_DAG_ID='dag_cron_expression_03' AIRFLOW_CTX_TASK_ID='task1' AIRFLOW_CTX_EXECUTION_DATE='2022-03-11T03:00:00+00:00' AIRFLOW_CTX_TRY_NUMBER='1' AIRFLOW_CTX_DAG_RUN_ID='scheduled__2022-03-11T03:00:00+00:00'
[2023-06-11T10:58:36.810+0000] {subprocess.py:63} INFO - Tmp dir root location: 
 /tmp
[2023-06-11T10:58:36.811+0000] {subprocess.py:75} INFO - Running command: ['/bin/bash', '-c', 'echo dag with cron expression!']
[2023-06-11T10:58:37.121+0000] {subprocess.py:86} INFO - Output:
[2023-06-11T10:58:37.124+0000] {subprocess.py:93} INFO - dag with cron expression!
[2023-06-11T10:58:37.126+0000] {subprocess.py:97} INFO - Command exited with return code 0
[2023-06-11T10:58:39.075+0000] {taskinstance.py:1350} INFO - Marking task as SUCCESS. dag_id=dag_cron_expression_03, task_id=task1, execution_date=20220311T030000, start_date=20230611T105831, end_date=20230611T105839
[2023-06-11T10:58:39.923+0000] {local_task_job_runner.py:225} INFO - Task exited with return code 0
[2023-06-11T10:58:40.293+0000] {taskinstance.py:2651} INFO - 0 downstream tasks scheduled from follow-on schedule check
