[2023-06-11T08:55:39.934+0000] {taskinstance.py:1103} INFO - Dependencies all met for dep_context=non-requeueable deps ti=<TaskInstance: first_dag_02.second_task scheduled__2021-12-07T00:00:00+00:00 [queued]>
[2023-06-11T08:55:40.042+0000] {taskinstance.py:1103} INFO - Dependencies all met for dep_context=requeueable deps ti=<TaskInstance: first_dag_02.second_task scheduled__2021-12-07T00:00:00+00:00 [queued]>
[2023-06-11T08:55:40.051+0000] {taskinstance.py:1308} INFO - Starting attempt 1 of 6
[2023-06-11T08:55:40.230+0000] {taskinstance.py:1327} INFO - Executing <Task(BashOperator): second_task> on 2021-12-07 00:00:00+00:00
[2023-06-11T08:55:40.276+0000] {standard_task_runner.py:57} INFO - Started process 2084 to run task
[2023-06-11T08:55:40.395+0000] {standard_task_runner.py:84} INFO - Running: ['***', 'tasks', 'run', 'first_dag_02', 'second_task', 'scheduled__2021-12-07T00:00:00+00:00', '--job-id', '650', '--raw', '--subdir', 'DAGS_FOLDER/First_dag.py', '--cfg-path', '/tmp/tmpo4122bz1']
[2023-06-11T08:55:40.402+0000] {standard_task_runner.py:85} INFO - Job 650: Subtask second_task
[2023-06-11T08:55:40.693+0000] {task_command.py:410} INFO - Running <TaskInstance: first_dag_02.second_task scheduled__2021-12-07T00:00:00+00:00 [running]> on host 964e508aad03
[2023-06-11T08:55:41.479+0000] {taskinstance.py:1547} INFO - Exporting env vars: AIRFLOW_CTX_DAG_OWNER='Raja' AIRFLOW_CTX_DAG_ID='first_dag_02' AIRFLOW_CTX_TASK_ID='second_task' AIRFLOW_CTX_EXECUTION_DATE='2021-12-07T00:00:00+00:00' AIRFLOW_CTX_TRY_NUMBER='1' AIRFLOW_CTX_DAG_RUN_ID='scheduled__2021-12-07T00:00:00+00:00'
[2023-06-11T08:55:41.488+0000] {subprocess.py:63} INFO - Tmp dir root location: 
 /tmp
[2023-06-11T08:55:41.490+0000] {subprocess.py:75} INFO - Running command: ['/bin/bash', '-c', 'echo hey, I am task2 and will be running after task1!']
[2023-06-11T08:55:41.512+0000] {subprocess.py:86} INFO - Output:
[2023-06-11T08:55:41.528+0000] {subprocess.py:93} INFO - hey, I am task2 and will be running after task1!
[2023-06-11T08:55:41.529+0000] {subprocess.py:97} INFO - Command exited with return code 0
[2023-06-11T08:55:41.671+0000] {taskinstance.py:1350} INFO - Marking task as SUCCESS. dag_id=first_dag_02, task_id=second_task, execution_date=20211207T000000, start_date=20230611T085539, end_date=20230611T085541
[2023-06-11T08:55:41.779+0000] {local_task_job_runner.py:225} INFO - Task exited with return code 0
[2023-06-11T08:55:41.864+0000] {taskinstance.py:2651} INFO - 0 downstream tasks scheduled from follow-on schedule check
[2023-06-11T11:19:27.071+0000] {taskinstance.py:1103} INFO - Dependencies all met for dep_context=non-requeueable deps ti=<TaskInstance: first_dag_02.second_task scheduled__2021-12-07T00:00:00+00:00 [queued]>
[2023-06-11T11:19:27.756+0000] {taskinstance.py:1103} INFO - Dependencies all met for dep_context=requeueable deps ti=<TaskInstance: first_dag_02.second_task scheduled__2021-12-07T00:00:00+00:00 [queued]>
[2023-06-11T11:19:27.757+0000] {taskinstance.py:1308} INFO - Starting attempt 1 of 6
[2023-06-11T11:19:29.912+0000] {taskinstance.py:1327} INFO - Executing <Task(BashOperator): second_task> on 2021-12-07 00:00:00+00:00
[2023-06-11T11:19:30.104+0000] {standard_task_runner.py:57} INFO - Started process 822 to run task
[2023-06-11T11:19:30.276+0000] {standard_task_runner.py:84} INFO - Running: ['***', 'tasks', 'run', 'first_dag_02', 'second_task', 'scheduled__2021-12-07T00:00:00+00:00', '--job-id', '701', '--raw', '--subdir', 'DAGS_FOLDER/First_dag.py', '--cfg-path', '/tmp/tmpm7lhab4c']
[2023-06-11T11:19:30.292+0000] {standard_task_runner.py:85} INFO - Job 701: Subtask second_task
[2023-06-11T11:19:33.505+0000] {task_command.py:410} INFO - Running <TaskInstance: first_dag_02.second_task scheduled__2021-12-07T00:00:00+00:00 [running]> on host 7586ce0070ac
[2023-06-11T11:19:41.765+0000] {taskinstance.py:1547} INFO - Exporting env vars: AIRFLOW_CTX_DAG_OWNER='Raja' AIRFLOW_CTX_DAG_ID='first_dag_02' AIRFLOW_CTX_TASK_ID='second_task' AIRFLOW_CTX_EXECUTION_DATE='2021-12-07T00:00:00+00:00' AIRFLOW_CTX_TRY_NUMBER='1' AIRFLOW_CTX_DAG_RUN_ID='scheduled__2021-12-07T00:00:00+00:00'
[2023-06-11T11:19:41.814+0000] {subprocess.py:63} INFO - Tmp dir root location: 
 /tmp
[2023-06-11T11:19:41.818+0000] {subprocess.py:75} INFO - Running command: ['/bin/bash', '-c', 'echo hey, I am task2 and will be running after task1!']
[2023-06-11T11:19:42.798+0000] {subprocess.py:86} INFO - Output:
[2023-06-11T11:19:42.942+0000] {subprocess.py:93} INFO - hey, I am task2 and will be running after task1!
[2023-06-11T11:19:42.972+0000] {subprocess.py:97} INFO - Command exited with return code 0
[2023-06-11T11:19:45.144+0000] {taskinstance.py:1350} INFO - Marking task as SUCCESS. dag_id=first_dag_02, task_id=second_task, execution_date=20211207T000000, start_date=20230611T111927, end_date=20230611T111945
[2023-06-11T11:19:46.242+0000] {local_task_job_runner.py:225} INFO - Task exited with return code 0
[2023-06-11T11:19:47.823+0000] {taskinstance.py:2651} INFO - 0 downstream tasks scheduled from follow-on schedule check
