[2023-06-11T09:47:05.863+0000] {taskinstance.py:1103} INFO - Dependencies all met for dep_context=non-requeueable deps ti=<TaskInstance: first_dag_02.first_task scheduled__2022-06-18T00:00:00+00:00 [queued]>
[2023-06-11T09:47:05.944+0000] {taskinstance.py:1103} INFO - Dependencies all met for dep_context=requeueable deps ti=<TaskInstance: first_dag_02.first_task scheduled__2022-06-18T00:00:00+00:00 [queued]>
[2023-06-11T09:47:05.944+0000] {taskinstance.py:1308} INFO - Starting attempt 1 of 6
[2023-06-11T09:47:06.103+0000] {taskinstance.py:1327} INFO - Executing <Task(BashOperator): first_task> on 2022-06-18 00:00:00+00:00
[2023-06-11T09:47:06.135+0000] {standard_task_runner.py:57} INFO - Started process 5014 to run task
[2023-06-11T09:47:06.147+0000] {standard_task_runner.py:84} INFO - Running: ['***', 'tasks', 'run', 'first_dag_02', 'first_task', 'scheduled__2022-06-18T00:00:00+00:00', '--job-id', '1539', '--raw', '--subdir', 'DAGS_FOLDER/First_dag.py', '--cfg-path', '/tmp/tmphp7x4si9']
[2023-06-11T09:47:06.148+0000] {standard_task_runner.py:85} INFO - Job 1539: Subtask first_task
[2023-06-11T09:47:06.894+0000] {task_command.py:410} INFO - Running <TaskInstance: first_dag_02.first_task scheduled__2022-06-18T00:00:00+00:00 [running]> on host 964e508aad03
[2023-06-11T09:47:09.726+0000] {taskinstance.py:1547} INFO - Exporting env vars: AIRFLOW_CTX_DAG_OWNER='Raja' AIRFLOW_CTX_DAG_ID='first_dag_02' AIRFLOW_CTX_TASK_ID='first_task' AIRFLOW_CTX_EXECUTION_DATE='2022-06-18T00:00:00+00:00' AIRFLOW_CTX_TRY_NUMBER='1' AIRFLOW_CTX_DAG_RUN_ID='scheduled__2022-06-18T00:00:00+00:00'
[2023-06-11T09:47:09.755+0000] {subprocess.py:63} INFO - Tmp dir root location: 
 /tmp
[2023-06-11T09:47:09.816+0000] {subprocess.py:75} INFO - Running command: ['/bin/bash', '-c', 'echo hello world, this is the first task!']
[2023-06-11T09:47:10.085+0000] {subprocess.py:86} INFO - Output:
[2023-06-11T09:47:10.088+0000] {subprocess.py:93} INFO - hello world, this is the first task!
[2023-06-11T09:47:10.088+0000] {subprocess.py:97} INFO - Command exited with return code 0
[2023-06-11T09:47:10.690+0000] {taskinstance.py:1350} INFO - Marking task as SUCCESS. dag_id=first_dag_02, task_id=first_task, execution_date=20220618T000000, start_date=20230611T094705, end_date=20230611T094710
[2023-06-11T09:47:11.913+0000] {local_task_job_runner.py:225} INFO - Task exited with return code 0
[2023-06-11T09:47:12.712+0000] {taskinstance.py:2651} INFO - 2 downstream tasks scheduled from follow-on schedule check
[2023-06-11T15:33:24.506+0000] {taskinstance.py:1103} INFO - Dependencies all met for dep_context=non-requeueable deps ti=<TaskInstance: first_dag_02.first_task scheduled__2022-06-18T00:00:00+00:00 [queued]>
[2023-06-11T15:33:24.552+0000] {taskinstance.py:1103} INFO - Dependencies all met for dep_context=requeueable deps ti=<TaskInstance: first_dag_02.first_task scheduled__2022-06-18T00:00:00+00:00 [queued]>
[2023-06-11T15:33:24.552+0000] {taskinstance.py:1308} INFO - Starting attempt 1 of 6
[2023-06-11T15:33:24.960+0000] {taskinstance.py:1327} INFO - Executing <Task(BashOperator): first_task> on 2022-06-18 00:00:00+00:00
[2023-06-11T15:33:25.058+0000] {standard_task_runner.py:57} INFO - Started process 1501 to run task
[2023-06-11T15:33:25.112+0000] {standard_task_runner.py:84} INFO - Running: ['***', 'tasks', 'run', 'first_dag_02', 'first_task', 'scheduled__2022-06-18T00:00:00+00:00', '--job-id', '1547', '--raw', '--subdir', 'DAGS_FOLDER/First_dag.py', '--cfg-path', '/tmp/tmpx8e3piak']
[2023-06-11T15:33:25.173+0000] {standard_task_runner.py:85} INFO - Job 1547: Subtask first_task
[2023-06-11T15:33:26.188+0000] {task_command.py:410} INFO - Running <TaskInstance: first_dag_02.first_task scheduled__2022-06-18T00:00:00+00:00 [running]> on host 7586ce0070ac
[2023-06-11T15:33:28.396+0000] {taskinstance.py:1547} INFO - Exporting env vars: AIRFLOW_CTX_DAG_OWNER='Raja' AIRFLOW_CTX_DAG_ID='first_dag_02' AIRFLOW_CTX_TASK_ID='first_task' AIRFLOW_CTX_EXECUTION_DATE='2022-06-18T00:00:00+00:00' AIRFLOW_CTX_TRY_NUMBER='1' AIRFLOW_CTX_DAG_RUN_ID='scheduled__2022-06-18T00:00:00+00:00'
[2023-06-11T15:33:28.398+0000] {subprocess.py:63} INFO - Tmp dir root location: 
 /tmp
[2023-06-11T15:33:28.399+0000] {subprocess.py:75} INFO - Running command: ['/bin/bash', '-c', 'echo hello world, this is the first task!']
[2023-06-11T15:33:28.605+0000] {subprocess.py:86} INFO - Output:
[2023-06-11T15:33:28.629+0000] {subprocess.py:93} INFO - hello world, this is the first task!
[2023-06-11T15:33:28.630+0000] {subprocess.py:97} INFO - Command exited with return code 0
[2023-06-11T15:33:29.037+0000] {taskinstance.py:1350} INFO - Marking task as SUCCESS. dag_id=first_dag_02, task_id=first_task, execution_date=20220618T000000, start_date=20230611T153324, end_date=20230611T153329
[2023-06-11T15:33:30.439+0000] {local_task_job_runner.py:225} INFO - Task exited with return code 0
[2023-06-11T15:33:30.966+0000] {taskinstance.py:2651} INFO - 2 downstream tasks scheduled from follow-on schedule check
