[2023-06-11T06:15:07.908+0000] {taskinstance.py:1103} INFO - Dependencies all met for dep_context=non-requeueable deps ti=<TaskInstance: dag_pythonoperator_18.first_task scheduled__2023-06-05T00:00:00+00:00 [queued]>
[2023-06-11T06:15:08.340+0000] {taskinstance.py:1103} INFO - Dependencies all met for dep_context=requeueable deps ti=<TaskInstance: dag_pythonoperator_18.first_task scheduled__2023-06-05T00:00:00+00:00 [queued]>
[2023-06-11T06:15:08.341+0000] {taskinstance.py:1308} INFO - Starting attempt 1 of 6
[2023-06-11T06:15:08.543+0000] {taskinstance.py:1327} INFO - Executing <Task(PythonOperator): first_task> on 2023-06-05 00:00:00+00:00
[2023-06-11T06:15:08.568+0000] {standard_task_runner.py:57} INFO - Started process 517 to run task
[2023-06-11T06:15:08.583+0000] {standard_task_runner.py:84} INFO - Running: ['***', 'tasks', 'run', 'dag_pythonoperator_18', 'first_task', 'scheduled__2023-06-05T00:00:00+00:00', '--job-id', '690', '--raw', '--subdir', 'DAGS_FOLDER/python_operator_dag.py', '--cfg-path', '/tmp/tmpf23unw84']
[2023-06-11T06:15:08.584+0000] {standard_task_runner.py:85} INFO - Job 690: Subtask first_task
[2023-06-11T06:15:08.877+0000] {task_command.py:410} INFO - Running <TaskInstance: dag_pythonoperator_18.first_task scheduled__2023-06-05T00:00:00+00:00 [running]> on host 69e374580eab
[2023-06-11T06:15:10.252+0000] {taskinstance.py:1547} INFO - Exporting env vars: AIRFLOW_CTX_DAG_OWNER='Raja' AIRFLOW_CTX_DAG_ID='dag_pythonoperator_18' AIRFLOW_CTX_TASK_ID='first_task' AIRFLOW_CTX_EXECUTION_DATE='2023-06-05T00:00:00+00:00' AIRFLOW_CTX_TRY_NUMBER='1' AIRFLOW_CTX_DAG_RUN_ID='scheduled__2023-06-05T00:00:00+00:00'
[2023-06-11T06:15:10.253+0000] {logging_mixin.py:149} INFO - Hai this first python_operator dag
[2023-06-11T06:15:10.254+0000] {python.py:183} INFO - Done. Returned value was: None
[2023-06-11T06:15:10.416+0000] {taskinstance.py:1350} INFO - Marking task as SUCCESS. dag_id=dag_pythonoperator_18, task_id=first_task, execution_date=20230605T000000, start_date=20230611T061507, end_date=20230611T061510
[2023-06-11T06:15:10.736+0000] {local_task_job_runner.py:225} INFO - Task exited with return code 0
[2023-06-11T06:15:11.646+0000] {taskinstance.py:2651} INFO - 1 downstream tasks scheduled from follow-on schedule check
[2023-06-11T08:13:59.355+0000] {taskinstance.py:1103} INFO - Dependencies all met for dep_context=non-requeueable deps ti=<TaskInstance: dag_pythonoperator_18.first_task scheduled__2023-06-05T00:00:00+00:00 [queued]>
[2023-06-11T08:13:59.684+0000] {taskinstance.py:1103} INFO - Dependencies all met for dep_context=requeueable deps ti=<TaskInstance: dag_pythonoperator_18.first_task scheduled__2023-06-05T00:00:00+00:00 [queued]>
[2023-06-11T08:13:59.688+0000] {taskinstance.py:1308} INFO - Starting attempt 1 of 6
[2023-06-11T08:13:59.797+0000] {taskinstance.py:1327} INFO - Executing <Task(PythonOperator): first_task> on 2023-06-05 00:00:00+00:00
[2023-06-11T08:13:59.803+0000] {standard_task_runner.py:57} INFO - Started process 77 to run task
[2023-06-11T08:13:59.813+0000] {standard_task_runner.py:84} INFO - Running: ['***', 'tasks', 'run', 'dag_pythonoperator_18', 'first_task', 'scheduled__2023-06-05T00:00:00+00:00', '--job-id', '36', '--raw', '--subdir', 'DAGS_FOLDER/python_operator_dag.py', '--cfg-path', '/tmp/tmpje4hbuca']
[2023-06-11T08:13:59.814+0000] {standard_task_runner.py:85} INFO - Job 36: Subtask first_task
[2023-06-11T08:14:02.323+0000] {task_command.py:410} INFO - Running <TaskInstance: dag_pythonoperator_18.first_task scheduled__2023-06-05T00:00:00+00:00 [running]> on host 492037cdd057
[2023-06-11T08:14:05.715+0000] {taskinstance.py:1547} INFO - Exporting env vars: AIRFLOW_CTX_DAG_OWNER='Raja' AIRFLOW_CTX_DAG_ID='dag_pythonoperator_18' AIRFLOW_CTX_TASK_ID='first_task' AIRFLOW_CTX_EXECUTION_DATE='2023-06-05T00:00:00+00:00' AIRFLOW_CTX_TRY_NUMBER='1' AIRFLOW_CTX_DAG_RUN_ID='scheduled__2023-06-05T00:00:00+00:00'
[2023-06-11T08:14:05.726+0000] {logging_mixin.py:149} INFO - Hai this first python_operator dag
[2023-06-11T08:14:05.727+0000] {python.py:183} INFO - Done. Returned value was: None
[2023-06-11T08:14:05.975+0000] {taskinstance.py:1350} INFO - Marking task as SUCCESS. dag_id=dag_pythonoperator_18, task_id=first_task, execution_date=20230605T000000, start_date=20230611T081359, end_date=20230611T081405
[2023-06-11T08:14:06.833+0000] {local_task_job_runner.py:225} INFO - Task exited with return code 0
[2023-06-11T08:14:09.500+0000] {taskinstance.py:2651} INFO - 1 downstream tasks scheduled from follow-on schedule check
[2023-06-11T08:46:34.951+0000] {taskinstance.py:1103} INFO - Dependencies all met for dep_context=non-requeueable deps ti=<TaskInstance: dag_pythonoperator_18.first_task scheduled__2023-06-05T00:00:00+00:00 [queued]>
[2023-06-11T08:46:35.093+0000] {taskinstance.py:1103} INFO - Dependencies all met for dep_context=requeueable deps ti=<TaskInstance: dag_pythonoperator_18.first_task scheduled__2023-06-05T00:00:00+00:00 [queued]>
[2023-06-11T08:46:35.093+0000] {taskinstance.py:1308} INFO - Starting attempt 1 of 6
[2023-06-11T08:46:35.234+0000] {taskinstance.py:1327} INFO - Executing <Task(PythonOperator): first_task> on 2023-06-05 00:00:00+00:00
[2023-06-11T08:46:35.411+0000] {standard_task_runner.py:84} INFO - Running: ['***', 'tasks', 'run', 'dag_pythonoperator_18', 'first_task', 'scheduled__2023-06-05T00:00:00+00:00', '--job-id', '10', '--raw', '--subdir', 'DAGS_FOLDER/python_operator_dag.py', '--cfg-path', '/tmp/tmpa0hfr1ty']
[2023-06-11T08:46:35.414+0000] {standard_task_runner.py:85} INFO - Job 10: Subtask first_task
[2023-06-11T08:46:35.721+0000] {standard_task_runner.py:57} INFO - Started process 81 to run task
[2023-06-11T08:46:36.815+0000] {task_command.py:410} INFO - Running <TaskInstance: dag_pythonoperator_18.first_task scheduled__2023-06-05T00:00:00+00:00 [running]> on host 964e508aad03
[2023-06-11T08:46:40.767+0000] {taskinstance.py:1547} INFO - Exporting env vars: AIRFLOW_CTX_DAG_OWNER='Raja' AIRFLOW_CTX_DAG_ID='dag_pythonoperator_18' AIRFLOW_CTX_TASK_ID='first_task' AIRFLOW_CTX_EXECUTION_DATE='2023-06-05T00:00:00+00:00' AIRFLOW_CTX_TRY_NUMBER='1' AIRFLOW_CTX_DAG_RUN_ID='scheduled__2023-06-05T00:00:00+00:00'
[2023-06-11T08:46:40.774+0000] {logging_mixin.py:149} INFO - Hai this first python_operator dag
[2023-06-11T08:46:40.774+0000] {python.py:183} INFO - Done. Returned value was: None
[2023-06-11T08:46:40.876+0000] {taskinstance.py:1350} INFO - Marking task as SUCCESS. dag_id=dag_pythonoperator_18, task_id=first_task, execution_date=20230605T000000, start_date=20230611T084634, end_date=20230611T084640
[2023-06-11T08:46:42.107+0000] {local_task_job_runner.py:225} INFO - Task exited with return code 0
[2023-06-11T08:46:42.986+0000] {taskinstance.py:2651} INFO - 1 downstream tasks scheduled from follow-on schedule check
[2023-06-11T10:35:12.138+0000] {taskinstance.py:1103} INFO - Dependencies all met for dep_context=non-requeueable deps ti=<TaskInstance: dag_pythonoperator_18.first_task scheduled__2023-06-05T00:00:00+00:00 [queued]>
[2023-06-11T10:35:12.855+0000] {taskinstance.py:1103} INFO - Dependencies all met for dep_context=requeueable deps ti=<TaskInstance: dag_pythonoperator_18.first_task scheduled__2023-06-05T00:00:00+00:00 [queued]>
[2023-06-11T10:35:12.855+0000] {taskinstance.py:1308} INFO - Starting attempt 1 of 6
[2023-06-11T10:35:13.531+0000] {taskinstance.py:1327} INFO - Executing <Task(PythonOperator): first_task> on 2023-06-05 00:00:00+00:00
[2023-06-11T10:35:13.542+0000] {standard_task_runner.py:57} INFO - Started process 90 to run task
[2023-06-11T10:35:13.742+0000] {standard_task_runner.py:84} INFO - Running: ['***', 'tasks', 'run', 'dag_pythonoperator_18', 'first_task', 'scheduled__2023-06-05T00:00:00+00:00', '--job-id', '10', '--raw', '--subdir', 'DAGS_FOLDER/python_operator_dag.py', '--cfg-path', '/tmp/tmp4noaqgei']
[2023-06-11T10:35:13.743+0000] {standard_task_runner.py:85} INFO - Job 10: Subtask first_task
[2023-06-11T10:35:17.420+0000] {task_command.py:410} INFO - Running <TaskInstance: dag_pythonoperator_18.first_task scheduled__2023-06-05T00:00:00+00:00 [running]> on host 7586ce0070ac
[2023-06-11T10:35:25.357+0000] {taskinstance.py:1547} INFO - Exporting env vars: AIRFLOW_CTX_DAG_OWNER='Raja' AIRFLOW_CTX_DAG_ID='dag_pythonoperator_18' AIRFLOW_CTX_TASK_ID='first_task' AIRFLOW_CTX_EXECUTION_DATE='2023-06-05T00:00:00+00:00' AIRFLOW_CTX_TRY_NUMBER='1' AIRFLOW_CTX_DAG_RUN_ID='scheduled__2023-06-05T00:00:00+00:00'
[2023-06-11T10:35:25.374+0000] {logging_mixin.py:149} INFO - Hai this first python_operator dag
[2023-06-11T10:35:25.386+0000] {python.py:183} INFO - Done. Returned value was: None
[2023-06-11T10:35:25.983+0000] {taskinstance.py:1350} INFO - Marking task as SUCCESS. dag_id=dag_pythonoperator_18, task_id=first_task, execution_date=20230605T000000, start_date=20230611T103512, end_date=20230611T103525
[2023-06-11T10:35:28.328+0000] {local_task_job_runner.py:225} INFO - Task exited with return code 0
[2023-06-11T10:35:29.263+0000] {taskinstance.py:2651} INFO - 1 downstream tasks scheduled from follow-on schedule check
[2023-06-12T03:32:49.246+0000] {taskinstance.py:1103} INFO - Dependencies all met for dep_context=non-requeueable deps ti=<TaskInstance: dag_pythonoperator_18.first_task scheduled__2023-06-05T00:00:00+00:00 [queued]>
[2023-06-12T03:32:49.425+0000] {taskinstance.py:1103} INFO - Dependencies all met for dep_context=requeueable deps ti=<TaskInstance: dag_pythonoperator_18.first_task scheduled__2023-06-05T00:00:00+00:00 [queued]>
[2023-06-12T03:32:49.426+0000] {taskinstance.py:1308} INFO - Starting attempt 1 of 6
[2023-06-12T03:32:50.855+0000] {taskinstance.py:1327} INFO - Executing <Task(PythonOperator): first_task> on 2023-06-05 00:00:00+00:00
[2023-06-12T03:32:51.321+0000] {standard_task_runner.py:57} INFO - Started process 149 to run task
[2023-06-12T03:32:51.388+0000] {standard_task_runner.py:84} INFO - Running: ['***', 'tasks', 'run', 'dag_pythonoperator_18', 'first_task', 'scheduled__2023-06-05T00:00:00+00:00', '--job-id', '25', '--raw', '--subdir', 'DAGS_FOLDER/python_operator_dag.py', '--cfg-path', '/tmp/tmp1f9r0t2q']
[2023-06-12T03:32:51.441+0000] {standard_task_runner.py:85} INFO - Job 25: Subtask first_task
[2023-06-12T03:32:53.209+0000] {task_command.py:410} INFO - Running <TaskInstance: dag_pythonoperator_18.first_task scheduled__2023-06-05T00:00:00+00:00 [running]> on host 03cd9a7904e9
[2023-06-12T03:32:59.543+0000] {taskinstance.py:1547} INFO - Exporting env vars: AIRFLOW_CTX_DAG_OWNER='Raja' AIRFLOW_CTX_DAG_ID='dag_pythonoperator_18' AIRFLOW_CTX_TASK_ID='first_task' AIRFLOW_CTX_EXECUTION_DATE='2023-06-05T00:00:00+00:00' AIRFLOW_CTX_TRY_NUMBER='1' AIRFLOW_CTX_DAG_RUN_ID='scheduled__2023-06-05T00:00:00+00:00'
[2023-06-12T03:32:59.544+0000] {logging_mixin.py:149} INFO - Hai this first python_operator dag
[2023-06-12T03:32:59.545+0000] {python.py:183} INFO - Done. Returned value was: None
[2023-06-12T03:32:59.623+0000] {taskinstance.py:1350} INFO - Marking task as SUCCESS. dag_id=dag_pythonoperator_18, task_id=first_task, execution_date=20230605T000000, start_date=20230612T033249, end_date=20230612T033259
[2023-06-12T03:32:59.844+0000] {local_task_job_runner.py:225} INFO - Task exited with return code 0
[2023-06-12T03:33:01.133+0000] {taskinstance.py:2651} INFO - 1 downstream tasks scheduled from follow-on schedule check
