[2023-06-11T04:54:31.986+0000] {taskinstance.py:1103} INFO - Dependencies all met for dep_context=non-requeueable deps ti=<TaskInstance: first_dag_02.second_task scheduled__2021-10-24T00:00:00+00:00 [queued]>
[2023-06-11T04:54:33.204+0000] {taskinstance.py:1103} INFO - Dependencies all met for dep_context=requeueable deps ti=<TaskInstance: first_dag_02.second_task scheduled__2021-10-24T00:00:00+00:00 [queued]>
[2023-06-11T04:54:33.210+0000] {taskinstance.py:1308} INFO - Starting attempt 1 of 6
[2023-06-11T04:54:35.168+0000] {taskinstance.py:1327} INFO - Executing <Task(BashOperator): second_task> on 2021-10-24 00:00:00+00:00
[2023-06-11T04:54:35.583+0000] {standard_task_runner.py:57} INFO - Started process 1162 to run task
[2023-06-11T04:54:35.875+0000] {standard_task_runner.py:84} INFO - Running: ['***', 'tasks', 'run', 'first_dag_02', 'second_task', 'scheduled__2021-10-24T00:00:00+00:00', '--job-id', '346', '--raw', '--subdir', 'DAGS_FOLDER/First_dag.py', '--cfg-path', '/tmp/tmps7843nqi']
[2023-06-11T04:54:35.897+0000] {standard_task_runner.py:85} INFO - Job 346: Subtask second_task
[2023-06-11T04:54:36.977+0000] {task_command.py:410} INFO - Running <TaskInstance: first_dag_02.second_task scheduled__2021-10-24T00:00:00+00:00 [running]> on host 4b1b5d40d165
[2023-06-11T04:54:47.014+0000] {taskinstance.py:1547} INFO - Exporting env vars: AIRFLOW_CTX_DAG_OWNER='Raja' AIRFLOW_CTX_DAG_ID='first_dag_02' AIRFLOW_CTX_TASK_ID='second_task' AIRFLOW_CTX_EXECUTION_DATE='2021-10-24T00:00:00+00:00' AIRFLOW_CTX_TRY_NUMBER='1' AIRFLOW_CTX_DAG_RUN_ID='scheduled__2021-10-24T00:00:00+00:00'
[2023-06-11T04:54:47.052+0000] {subprocess.py:63} INFO - Tmp dir root location: 
 /tmp
[2023-06-11T04:54:47.058+0000] {subprocess.py:75} INFO - Running command: ['/bin/bash', '-c', 'echo hey, I am task2 and will be running after task1!']
[2023-06-11T04:54:47.158+0000] {subprocess.py:86} INFO - Output:
[2023-06-11T04:54:47.207+0000] {subprocess.py:93} INFO - hey, I am task2 and will be running after task1!
[2023-06-11T04:54:47.252+0000] {subprocess.py:97} INFO - Command exited with return code 0
[2023-06-11T04:54:48.353+0000] {taskinstance.py:1350} INFO - Marking task as SUCCESS. dag_id=first_dag_02, task_id=second_task, execution_date=20211024T000000, start_date=20230611T045431, end_date=20230611T045448
[2023-06-11T04:54:48.596+0000] {local_task_job_runner.py:225} INFO - Task exited with return code 0
[2023-06-11T04:54:49.523+0000] {taskinstance.py:2651} INFO - 0 downstream tasks scheduled from follow-on schedule check
[2023-06-11T08:52:52.195+0000] {taskinstance.py:1103} INFO - Dependencies all met for dep_context=non-requeueable deps ti=<TaskInstance: first_dag_02.second_task scheduled__2021-10-24T00:00:00+00:00 [queued]>
[2023-06-11T08:52:52.430+0000] {taskinstance.py:1103} INFO - Dependencies all met for dep_context=requeueable deps ti=<TaskInstance: first_dag_02.second_task scheduled__2021-10-24T00:00:00+00:00 [queued]>
[2023-06-11T08:52:52.435+0000] {taskinstance.py:1308} INFO - Starting attempt 1 of 6
[2023-06-11T08:52:52.882+0000] {taskinstance.py:1327} INFO - Executing <Task(BashOperator): second_task> on 2021-10-24 00:00:00+00:00
[2023-06-11T08:52:52.931+0000] {standard_task_runner.py:57} INFO - Started process 1434 to run task
[2023-06-11T08:52:52.972+0000] {standard_task_runner.py:84} INFO - Running: ['***', 'tasks', 'run', 'first_dag_02', 'second_task', 'scheduled__2021-10-24T00:00:00+00:00', '--job-id', '446', '--raw', '--subdir', 'DAGS_FOLDER/First_dag.py', '--cfg-path', '/tmp/tmpf9tkrmir']
[2023-06-11T08:52:53.017+0000] {standard_task_runner.py:85} INFO - Job 446: Subtask second_task
[2023-06-11T08:52:53.722+0000] {task_command.py:410} INFO - Running <TaskInstance: first_dag_02.second_task scheduled__2021-10-24T00:00:00+00:00 [running]> on host 964e508aad03
[2023-06-11T08:52:55.872+0000] {taskinstance.py:1547} INFO - Exporting env vars: AIRFLOW_CTX_DAG_OWNER='Raja' AIRFLOW_CTX_DAG_ID='first_dag_02' AIRFLOW_CTX_TASK_ID='second_task' AIRFLOW_CTX_EXECUTION_DATE='2021-10-24T00:00:00+00:00' AIRFLOW_CTX_TRY_NUMBER='1' AIRFLOW_CTX_DAG_RUN_ID='scheduled__2021-10-24T00:00:00+00:00'
[2023-06-11T08:52:55.875+0000] {subprocess.py:63} INFO - Tmp dir root location: 
 /tmp
[2023-06-11T08:52:55.909+0000] {subprocess.py:75} INFO - Running command: ['/bin/bash', '-c', 'echo hey, I am task2 and will be running after task1!']
[2023-06-11T08:52:56.066+0000] {subprocess.py:86} INFO - Output:
[2023-06-11T08:52:56.069+0000] {subprocess.py:93} INFO - hey, I am task2 and will be running after task1!
[2023-06-11T08:52:56.095+0000] {subprocess.py:97} INFO - Command exited with return code 0
[2023-06-11T08:52:56.450+0000] {taskinstance.py:1350} INFO - Marking task as SUCCESS. dag_id=first_dag_02, task_id=second_task, execution_date=20211024T000000, start_date=20230611T085252, end_date=20230611T085256
[2023-06-11T08:52:56.834+0000] {local_task_job_runner.py:225} INFO - Task exited with return code 0
[2023-06-11T08:52:57.212+0000] {taskinstance.py:2651} INFO - 0 downstream tasks scheduled from follow-on schedule check
