[2023-06-11T08:55:24.000+0000] {taskinstance.py:1103} INFO - Dependencies all met for dep_context=non-requeueable deps ti=<TaskInstance: first_dag_02.thrid_task scheduled__2021-12-01T00:00:00+00:00 [queued]>
[2023-06-11T08:55:24.123+0000] {taskinstance.py:1103} INFO - Dependencies all met for dep_context=requeueable deps ti=<TaskInstance: first_dag_02.thrid_task scheduled__2021-12-01T00:00:00+00:00 [queued]>
[2023-06-11T08:55:24.126+0000] {taskinstance.py:1308} INFO - Starting attempt 1 of 6
[2023-06-11T08:55:24.679+0000] {taskinstance.py:1327} INFO - Executing <Task(BashOperator): thrid_task> on 2021-12-01 00:00:00+00:00
[2023-06-11T08:55:24.821+0000] {standard_task_runner.py:57} INFO - Started process 2020 to run task
[2023-06-11T08:55:24.878+0000] {standard_task_runner.py:84} INFO - Running: ['***', 'tasks', 'run', 'first_dag_02', 'thrid_task', 'scheduled__2021-12-01T00:00:00+00:00', '--job-id', '628', '--raw', '--subdir', 'DAGS_FOLDER/First_dag.py', '--cfg-path', '/tmp/tmpj5ukcl8x']
[2023-06-11T08:55:24.895+0000] {standard_task_runner.py:85} INFO - Job 628: Subtask thrid_task
[2023-06-11T08:55:25.574+0000] {task_command.py:410} INFO - Running <TaskInstance: first_dag_02.thrid_task scheduled__2021-12-01T00:00:00+00:00 [running]> on host 964e508aad03
[2023-06-11T08:55:27.978+0000] {taskinstance.py:1547} INFO - Exporting env vars: AIRFLOW_CTX_DAG_OWNER='Raja' AIRFLOW_CTX_DAG_ID='first_dag_02' AIRFLOW_CTX_TASK_ID='thrid_task' AIRFLOW_CTX_EXECUTION_DATE='2021-12-01T00:00:00+00:00' AIRFLOW_CTX_TRY_NUMBER='1' AIRFLOW_CTX_DAG_RUN_ID='scheduled__2021-12-01T00:00:00+00:00'
[2023-06-11T08:55:27.980+0000] {subprocess.py:63} INFO - Tmp dir root location: 
 /tmp
[2023-06-11T08:55:27.981+0000] {subprocess.py:75} INFO - Running command: ['/bin/bash', '-c', 'echo hey, I am task3 and will be running after task1 at the same time as task2!']
[2023-06-11T08:55:28.180+0000] {subprocess.py:86} INFO - Output:
[2023-06-11T08:55:28.195+0000] {subprocess.py:93} INFO - hey, I am task3 and will be running after task1 at the same time as task2!
[2023-06-11T08:55:28.196+0000] {subprocess.py:97} INFO - Command exited with return code 0
[2023-06-11T08:55:28.730+0000] {taskinstance.py:1350} INFO - Marking task as SUCCESS. dag_id=first_dag_02, task_id=thrid_task, execution_date=20211201T000000, start_date=20230611T085524, end_date=20230611T085528
[2023-06-11T08:55:28.971+0000] {local_task_job_runner.py:225} INFO - Task exited with return code 0
[2023-06-11T08:55:29.315+0000] {taskinstance.py:2651} INFO - 0 downstream tasks scheduled from follow-on schedule check
[2023-06-11T11:18:29.883+0000] {taskinstance.py:1103} INFO - Dependencies all met for dep_context=non-requeueable deps ti=<TaskInstance: first_dag_02.thrid_task scheduled__2021-12-01T00:00:00+00:00 [queued]>
[2023-06-11T11:18:30.953+0000] {taskinstance.py:1103} INFO - Dependencies all met for dep_context=requeueable deps ti=<TaskInstance: first_dag_02.thrid_task scheduled__2021-12-01T00:00:00+00:00 [queued]>
[2023-06-11T11:18:30.954+0000] {taskinstance.py:1308} INFO - Starting attempt 1 of 6
[2023-06-11T11:18:32.050+0000] {taskinstance.py:1327} INFO - Executing <Task(BashOperator): thrid_task> on 2021-12-01 00:00:00+00:00
[2023-06-11T11:18:32.455+0000] {standard_task_runner.py:57} INFO - Started process 706 to run task
[2023-06-11T11:18:32.476+0000] {standard_task_runner.py:84} INFO - Running: ['***', 'tasks', 'run', 'first_dag_02', 'thrid_task', 'scheduled__2021-12-01T00:00:00+00:00', '--job-id', '670', '--raw', '--subdir', 'DAGS_FOLDER/First_dag.py', '--cfg-path', '/tmp/tmpu3rmjva3']
[2023-06-11T11:18:32.477+0000] {standard_task_runner.py:85} INFO - Job 670: Subtask thrid_task
[2023-06-11T11:18:33.964+0000] {task_command.py:410} INFO - Running <TaskInstance: first_dag_02.thrid_task scheduled__2021-12-01T00:00:00+00:00 [running]> on host 7586ce0070ac
[2023-06-11T11:18:37.757+0000] {taskinstance.py:1547} INFO - Exporting env vars: AIRFLOW_CTX_DAG_OWNER='Raja' AIRFLOW_CTX_DAG_ID='first_dag_02' AIRFLOW_CTX_TASK_ID='thrid_task' AIRFLOW_CTX_EXECUTION_DATE='2021-12-01T00:00:00+00:00' AIRFLOW_CTX_TRY_NUMBER='1' AIRFLOW_CTX_DAG_RUN_ID='scheduled__2021-12-01T00:00:00+00:00'
[2023-06-11T11:18:37.763+0000] {subprocess.py:63} INFO - Tmp dir root location: 
 /tmp
[2023-06-11T11:18:37.765+0000] {subprocess.py:75} INFO - Running command: ['/bin/bash', '-c', 'echo hey, I am task3 and will be running after task1 at the same time as task2!']
[2023-06-11T11:18:37.863+0000] {subprocess.py:86} INFO - Output:
[2023-06-11T11:18:37.883+0000] {subprocess.py:93} INFO - hey, I am task3 and will be running after task1 at the same time as task2!
[2023-06-11T11:18:37.913+0000] {subprocess.py:97} INFO - Command exited with return code 0
[2023-06-11T11:18:38.309+0000] {taskinstance.py:1350} INFO - Marking task as SUCCESS. dag_id=first_dag_02, task_id=thrid_task, execution_date=20211201T000000, start_date=20230611T111829, end_date=20230611T111838
[2023-06-11T11:18:38.749+0000] {local_task_job_runner.py:225} INFO - Task exited with return code 0
[2023-06-11T11:18:39.201+0000] {taskinstance.py:2651} INFO - 0 downstream tasks scheduled from follow-on schedule check
