[2023-06-11T04:54:32.230+0000] {taskinstance.py:1103} INFO - Dependencies all met for dep_context=non-requeueable deps ti=<TaskInstance: first_dag_02.thrid_task scheduled__2021-10-26T00:00:00+00:00 [queued]>
[2023-06-11T04:54:32.317+0000] {taskinstance.py:1103} INFO - Dependencies all met for dep_context=requeueable deps ti=<TaskInstance: first_dag_02.thrid_task scheduled__2021-10-26T00:00:00+00:00 [queued]>
[2023-06-11T04:54:32.317+0000] {taskinstance.py:1308} INFO - Starting attempt 1 of 6
[2023-06-11T04:54:35.371+0000] {taskinstance.py:1327} INFO - Executing <Task(BashOperator): thrid_task> on 2021-10-26 00:00:00+00:00
[2023-06-11T04:54:35.917+0000] {standard_task_runner.py:57} INFO - Started process 1163 to run task
[2023-06-11T04:54:36.221+0000] {standard_task_runner.py:84} INFO - Running: ['***', 'tasks', 'run', 'first_dag_02', 'thrid_task', 'scheduled__2021-10-26T00:00:00+00:00', '--job-id', '344', '--raw', '--subdir', 'DAGS_FOLDER/First_dag.py', '--cfg-path', '/tmp/tmpxte_acjy']
[2023-06-11T04:54:36.223+0000] {standard_task_runner.py:85} INFO - Job 344: Subtask thrid_task
[2023-06-11T04:54:37.917+0000] {task_command.py:410} INFO - Running <TaskInstance: first_dag_02.thrid_task scheduled__2021-10-26T00:00:00+00:00 [running]> on host 4b1b5d40d165
[2023-06-11T04:54:50.334+0000] {taskinstance.py:1547} INFO - Exporting env vars: AIRFLOW_CTX_DAG_OWNER='Raja' AIRFLOW_CTX_DAG_ID='first_dag_02' AIRFLOW_CTX_TASK_ID='thrid_task' AIRFLOW_CTX_EXECUTION_DATE='2021-10-26T00:00:00+00:00' AIRFLOW_CTX_TRY_NUMBER='1' AIRFLOW_CTX_DAG_RUN_ID='scheduled__2021-10-26T00:00:00+00:00'
[2023-06-11T04:54:50.338+0000] {subprocess.py:63} INFO - Tmp dir root location: 
 /tmp
[2023-06-11T04:54:50.340+0000] {subprocess.py:75} INFO - Running command: ['/bin/bash', '-c', 'echo hey, I am task3 and will be running after task1 at the same time as task2!']
[2023-06-11T04:54:50.394+0000] {subprocess.py:86} INFO - Output:
[2023-06-11T04:54:50.421+0000] {subprocess.py:93} INFO - hey, I am task3 and will be running after task1 at the same time as task2!
[2023-06-11T04:54:50.422+0000] {subprocess.py:97} INFO - Command exited with return code 0
[2023-06-11T04:54:50.539+0000] {taskinstance.py:1350} INFO - Marking task as SUCCESS. dag_id=first_dag_02, task_id=thrid_task, execution_date=20211026T000000, start_date=20230611T045432, end_date=20230611T045450
[2023-06-11T04:54:50.921+0000] {local_task_job_runner.py:225} INFO - Task exited with return code 0
[2023-06-11T04:54:51.172+0000] {taskinstance.py:2651} INFO - 0 downstream tasks scheduled from follow-on schedule check
[2023-06-11T08:52:59.871+0000] {taskinstance.py:1103} INFO - Dependencies all met for dep_context=non-requeueable deps ti=<TaskInstance: first_dag_02.thrid_task scheduled__2021-10-26T00:00:00+00:00 [queued]>
[2023-06-11T08:53:00.077+0000] {taskinstance.py:1103} INFO - Dependencies all met for dep_context=requeueable deps ti=<TaskInstance: first_dag_02.thrid_task scheduled__2021-10-26T00:00:00+00:00 [queued]>
[2023-06-11T08:53:00.080+0000] {taskinstance.py:1308} INFO - Starting attempt 1 of 6
[2023-06-11T08:53:00.336+0000] {taskinstance.py:1327} INFO - Executing <Task(BashOperator): thrid_task> on 2021-10-26 00:00:00+00:00
[2023-06-11T08:53:00.379+0000] {standard_task_runner.py:57} INFO - Started process 1465 to run task
[2023-06-11T08:53:00.449+0000] {standard_task_runner.py:84} INFO - Running: ['***', 'tasks', 'run', 'first_dag_02', 'thrid_task', 'scheduled__2021-10-26T00:00:00+00:00', '--job-id', '452', '--raw', '--subdir', 'DAGS_FOLDER/First_dag.py', '--cfg-path', '/tmp/tmpa641id_b']
[2023-06-11T08:53:00.456+0000] {standard_task_runner.py:85} INFO - Job 452: Subtask thrid_task
[2023-06-11T08:53:00.947+0000] {task_command.py:410} INFO - Running <TaskInstance: first_dag_02.thrid_task scheduled__2021-10-26T00:00:00+00:00 [running]> on host 964e508aad03
[2023-06-11T08:53:02.426+0000] {taskinstance.py:1547} INFO - Exporting env vars: AIRFLOW_CTX_DAG_OWNER='Raja' AIRFLOW_CTX_DAG_ID='first_dag_02' AIRFLOW_CTX_TASK_ID='thrid_task' AIRFLOW_CTX_EXECUTION_DATE='2021-10-26T00:00:00+00:00' AIRFLOW_CTX_TRY_NUMBER='1' AIRFLOW_CTX_DAG_RUN_ID='scheduled__2021-10-26T00:00:00+00:00'
[2023-06-11T08:53:02.430+0000] {subprocess.py:63} INFO - Tmp dir root location: 
 /tmp
[2023-06-11T08:53:02.431+0000] {subprocess.py:75} INFO - Running command: ['/bin/bash', '-c', 'echo hey, I am task3 and will be running after task1 at the same time as task2!']
[2023-06-11T08:53:02.507+0000] {subprocess.py:86} INFO - Output:
[2023-06-11T08:53:02.519+0000] {subprocess.py:93} INFO - hey, I am task3 and will be running after task1 at the same time as task2!
[2023-06-11T08:53:02.526+0000] {subprocess.py:97} INFO - Command exited with return code 0
[2023-06-11T08:53:02.862+0000] {taskinstance.py:1350} INFO - Marking task as SUCCESS. dag_id=first_dag_02, task_id=thrid_task, execution_date=20211026T000000, start_date=20230611T085259, end_date=20230611T085302
[2023-06-11T08:53:03.153+0000] {local_task_job_runner.py:225} INFO - Task exited with return code 0
[2023-06-11T08:53:03.503+0000] {taskinstance.py:2651} INFO - 0 downstream tasks scheduled from follow-on schedule check
[2023-06-11T11:13:35.278+0000] {taskinstance.py:1103} INFO - Dependencies all met for dep_context=non-requeueable deps ti=<TaskInstance: first_dag_02.thrid_task scheduled__2021-10-26T00:00:00+00:00 [queued]>
[2023-06-11T11:13:35.509+0000] {taskinstance.py:1103} INFO - Dependencies all met for dep_context=requeueable deps ti=<TaskInstance: first_dag_02.thrid_task scheduled__2021-10-26T00:00:00+00:00 [queued]>
[2023-06-11T11:13:35.509+0000] {taskinstance.py:1308} INFO - Starting attempt 1 of 6
[2023-06-11T11:13:37.888+0000] {taskinstance.py:1327} INFO - Executing <Task(BashOperator): thrid_task> on 2021-10-26 00:00:00+00:00
[2023-06-11T11:13:37.900+0000] {standard_task_runner.py:57} INFO - Started process 73 to run task
[2023-06-11T11:13:37.905+0000] {standard_task_runner.py:84} INFO - Running: ['***', 'tasks', 'run', 'first_dag_02', 'thrid_task', 'scheduled__2021-10-26T00:00:00+00:00', '--job-id', '473', '--raw', '--subdir', 'DAGS_FOLDER/First_dag.py', '--cfg-path', '/tmp/tmpvkudrbyq']
[2023-06-11T11:13:37.906+0000] {standard_task_runner.py:85} INFO - Job 473: Subtask thrid_task
[2023-06-11T11:13:39.075+0000] {task_command.py:410} INFO - Running <TaskInstance: first_dag_02.thrid_task scheduled__2021-10-26T00:00:00+00:00 [running]> on host 7586ce0070ac
[2023-06-11T11:13:44.102+0000] {taskinstance.py:1547} INFO - Exporting env vars: AIRFLOW_CTX_DAG_OWNER='Raja' AIRFLOW_CTX_DAG_ID='first_dag_02' AIRFLOW_CTX_TASK_ID='thrid_task' AIRFLOW_CTX_EXECUTION_DATE='2021-10-26T00:00:00+00:00' AIRFLOW_CTX_TRY_NUMBER='1' AIRFLOW_CTX_DAG_RUN_ID='scheduled__2021-10-26T00:00:00+00:00'
[2023-06-11T11:13:44.292+0000] {subprocess.py:63} INFO - Tmp dir root location: 
 /tmp
[2023-06-11T11:13:44.340+0000] {subprocess.py:75} INFO - Running command: ['/bin/bash', '-c', 'echo hey, I am task3 and will be running after task1 at the same time as task2!']
[2023-06-11T11:13:45.324+0000] {subprocess.py:86} INFO - Output:
[2023-06-11T11:13:45.411+0000] {subprocess.py:93} INFO - hey, I am task3 and will be running after task1 at the same time as task2!
[2023-06-11T11:13:45.415+0000] {subprocess.py:97} INFO - Command exited with return code 0
[2023-06-11T11:13:45.631+0000] {taskinstance.py:1350} INFO - Marking task as SUCCESS. dag_id=first_dag_02, task_id=thrid_task, execution_date=20211026T000000, start_date=20230611T111335, end_date=20230611T111345
[2023-06-11T11:13:46.169+0000] {local_task_job_runner.py:225} INFO - Task exited with return code 0
[2023-06-11T11:13:46.618+0000] {taskinstance.py:2651} INFO - 0 downstream tasks scheduled from follow-on schedule check
