[2023-06-11T08:56:13.826+0000] {taskinstance.py:1103} INFO - Dependencies all met for dep_context=non-requeueable deps ti=<TaskInstance: first_dag_02.first_task scheduled__2021-12-24T00:00:00+00:00 [queued]>
[2023-06-11T08:56:14.049+0000] {taskinstance.py:1103} INFO - Dependencies all met for dep_context=requeueable deps ti=<TaskInstance: first_dag_02.first_task scheduled__2021-12-24T00:00:00+00:00 [queued]>
[2023-06-11T08:56:14.050+0000] {taskinstance.py:1308} INFO - Starting attempt 1 of 6
[2023-06-11T08:56:14.228+0000] {taskinstance.py:1327} INFO - Executing <Task(BashOperator): first_task> on 2021-12-24 00:00:00+00:00
[2023-06-11T08:56:14.235+0000] {standard_task_runner.py:57} INFO - Started process 2213 to run task
[2023-06-11T08:56:14.319+0000] {standard_task_runner.py:84} INFO - Running: ['***', 'tasks', 'run', 'first_dag_02', 'first_task', 'scheduled__2021-12-24T00:00:00+00:00', '--job-id', '686', '--raw', '--subdir', 'DAGS_FOLDER/First_dag.py', '--cfg-path', '/tmp/tmpid8zg9w1']
[2023-06-11T08:56:14.319+0000] {standard_task_runner.py:85} INFO - Job 686: Subtask first_task
[2023-06-11T08:56:14.879+0000] {task_command.py:410} INFO - Running <TaskInstance: first_dag_02.first_task scheduled__2021-12-24T00:00:00+00:00 [running]> on host 964e508aad03
[2023-06-11T08:56:16.371+0000] {taskinstance.py:1547} INFO - Exporting env vars: AIRFLOW_CTX_DAG_OWNER='Raja' AIRFLOW_CTX_DAG_ID='first_dag_02' AIRFLOW_CTX_TASK_ID='first_task' AIRFLOW_CTX_EXECUTION_DATE='2021-12-24T00:00:00+00:00' AIRFLOW_CTX_TRY_NUMBER='1' AIRFLOW_CTX_DAG_RUN_ID='scheduled__2021-12-24T00:00:00+00:00'
[2023-06-11T08:56:16.373+0000] {subprocess.py:63} INFO - Tmp dir root location: 
 /tmp
[2023-06-11T08:56:16.374+0000] {subprocess.py:75} INFO - Running command: ['/bin/bash', '-c', 'echo hello world, this is the first task!']
[2023-06-11T08:56:16.546+0000] {subprocess.py:86} INFO - Output:
[2023-06-11T08:56:16.554+0000] {subprocess.py:93} INFO - hello world, this is the first task!
[2023-06-11T08:56:16.555+0000] {subprocess.py:97} INFO - Command exited with return code 0
[2023-06-11T08:56:16.920+0000] {taskinstance.py:1350} INFO - Marking task as SUCCESS. dag_id=first_dag_02, task_id=first_task, execution_date=20211224T000000, start_date=20230611T085613, end_date=20230611T085616
[2023-06-11T08:56:17.232+0000] {local_task_job_runner.py:225} INFO - Task exited with return code 0
[2023-06-11T08:56:17.558+0000] {taskinstance.py:2651} INFO - 2 downstream tasks scheduled from follow-on schedule check
[2023-06-11T11:21:32.768+0000] {taskinstance.py:1103} INFO - Dependencies all met for dep_context=non-requeueable deps ti=<TaskInstance: first_dag_02.first_task scheduled__2021-12-24T00:00:00+00:00 [queued]>
[2023-06-11T11:21:33.173+0000] {taskinstance.py:1103} INFO - Dependencies all met for dep_context=requeueable deps ti=<TaskInstance: first_dag_02.first_task scheduled__2021-12-24T00:00:00+00:00 [queued]>
[2023-06-11T11:21:33.174+0000] {taskinstance.py:1308} INFO - Starting attempt 1 of 6
[2023-06-11T11:21:33.866+0000] {taskinstance.py:1327} INFO - Executing <Task(BashOperator): first_task> on 2021-12-24 00:00:00+00:00
[2023-06-11T11:21:33.896+0000] {standard_task_runner.py:57} INFO - Started process 1001 to run task
[2023-06-11T11:21:33.978+0000] {standard_task_runner.py:84} INFO - Running: ['***', 'tasks', 'run', 'first_dag_02', 'first_task', 'scheduled__2021-12-24T00:00:00+00:00', '--job-id', '753', '--raw', '--subdir', 'DAGS_FOLDER/First_dag.py', '--cfg-path', '/tmp/tmpibxnfoyy']
[2023-06-11T11:21:33.979+0000] {standard_task_runner.py:85} INFO - Job 753: Subtask first_task
[2023-06-11T11:21:35.425+0000] {task_command.py:410} INFO - Running <TaskInstance: first_dag_02.first_task scheduled__2021-12-24T00:00:00+00:00 [running]> on host 7586ce0070ac
[2023-06-11T11:21:38.225+0000] {taskinstance.py:1547} INFO - Exporting env vars: AIRFLOW_CTX_DAG_OWNER='Raja' AIRFLOW_CTX_DAG_ID='first_dag_02' AIRFLOW_CTX_TASK_ID='first_task' AIRFLOW_CTX_EXECUTION_DATE='2021-12-24T00:00:00+00:00' AIRFLOW_CTX_TRY_NUMBER='1' AIRFLOW_CTX_DAG_RUN_ID='scheduled__2021-12-24T00:00:00+00:00'
[2023-06-11T11:21:38.227+0000] {subprocess.py:63} INFO - Tmp dir root location: 
 /tmp
[2023-06-11T11:21:38.228+0000] {subprocess.py:75} INFO - Running command: ['/bin/bash', '-c', 'echo hello world, this is the first task!']
[2023-06-11T11:21:38.988+0000] {subprocess.py:86} INFO - Output:
[2023-06-11T11:21:39.040+0000] {subprocess.py:93} INFO - hello world, this is the first task!
[2023-06-11T11:21:39.055+0000] {subprocess.py:97} INFO - Command exited with return code 0
[2023-06-11T11:21:39.695+0000] {taskinstance.py:1350} INFO - Marking task as SUCCESS. dag_id=first_dag_02, task_id=first_task, execution_date=20211224T000000, start_date=20230611T112132, end_date=20230611T112139
[2023-06-11T11:21:40.111+0000] {local_task_job_runner.py:225} INFO - Task exited with return code 0
[2023-06-11T11:21:40.806+0000] {taskinstance.py:2651} INFO - 2 downstream tasks scheduled from follow-on schedule check
