[2023-06-11T08:53:45.404+0000] {taskinstance.py:1103} INFO - Dependencies all met for dep_context=non-requeueable deps ti=<TaskInstance: first_dag_02.thrid_task scheduled__2021-11-05T00:00:00+00:00 [queued]>
[2023-06-11T08:53:45.733+0000] {taskinstance.py:1103} INFO - Dependencies all met for dep_context=requeueable deps ti=<TaskInstance: first_dag_02.thrid_task scheduled__2021-11-05T00:00:00+00:00 [queued]>
[2023-06-11T08:53:45.733+0000] {taskinstance.py:1308} INFO - Starting attempt 1 of 6
[2023-06-11T08:53:46.239+0000] {taskinstance.py:1327} INFO - Executing <Task(BashOperator): thrid_task> on 2021-11-05 00:00:00+00:00
[2023-06-11T08:53:46.266+0000] {standard_task_runner.py:57} INFO - Started process 1651 to run task
[2023-06-11T08:53:46.313+0000] {standard_task_runner.py:84} INFO - Running: ['***', 'tasks', 'run', 'first_dag_02', 'thrid_task', 'scheduled__2021-11-05T00:00:00+00:00', '--job-id', '512', '--raw', '--subdir', 'DAGS_FOLDER/First_dag.py', '--cfg-path', '/tmp/tmpdvd0hp1s']
[2023-06-11T08:53:46.352+0000] {standard_task_runner.py:85} INFO - Job 512: Subtask thrid_task
[2023-06-11T08:53:47.089+0000] {task_command.py:410} INFO - Running <TaskInstance: first_dag_02.thrid_task scheduled__2021-11-05T00:00:00+00:00 [running]> on host 964e508aad03
[2023-06-11T08:53:48.481+0000] {taskinstance.py:1547} INFO - Exporting env vars: AIRFLOW_CTX_DAG_OWNER='Raja' AIRFLOW_CTX_DAG_ID='first_dag_02' AIRFLOW_CTX_TASK_ID='thrid_task' AIRFLOW_CTX_EXECUTION_DATE='2021-11-05T00:00:00+00:00' AIRFLOW_CTX_TRY_NUMBER='1' AIRFLOW_CTX_DAG_RUN_ID='scheduled__2021-11-05T00:00:00+00:00'
[2023-06-11T08:53:48.482+0000] {subprocess.py:63} INFO - Tmp dir root location: 
 /tmp
[2023-06-11T08:53:48.483+0000] {subprocess.py:75} INFO - Running command: ['/bin/bash', '-c', 'echo hey, I am task3 and will be running after task1 at the same time as task2!']
[2023-06-11T08:53:48.517+0000] {subprocess.py:86} INFO - Output:
[2023-06-11T08:53:48.527+0000] {subprocess.py:93} INFO - hey, I am task3 and will be running after task1 at the same time as task2!
[2023-06-11T08:53:48.528+0000] {subprocess.py:97} INFO - Command exited with return code 0
[2023-06-11T08:53:48.629+0000] {taskinstance.py:1350} INFO - Marking task as SUCCESS. dag_id=first_dag_02, task_id=thrid_task, execution_date=20211105T000000, start_date=20230611T085345, end_date=20230611T085348
[2023-06-11T08:53:48.947+0000] {local_task_job_runner.py:225} INFO - Task exited with return code 0
[2023-06-11T08:53:49.223+0000] {taskinstance.py:2651} INFO - 0 downstream tasks scheduled from follow-on schedule check
[2023-06-11T11:14:49.892+0000] {taskinstance.py:1103} INFO - Dependencies all met for dep_context=non-requeueable deps ti=<TaskInstance: first_dag_02.thrid_task scheduled__2021-11-05T00:00:00+00:00 [queued]>
[2023-06-11T11:14:50.264+0000] {taskinstance.py:1103} INFO - Dependencies all met for dep_context=requeueable deps ti=<TaskInstance: first_dag_02.thrid_task scheduled__2021-11-05T00:00:00+00:00 [queued]>
[2023-06-11T11:14:50.264+0000] {taskinstance.py:1308} INFO - Starting attempt 1 of 6
[2023-06-11T11:14:51.002+0000] {taskinstance.py:1327} INFO - Executing <Task(BashOperator): thrid_task> on 2021-11-05 00:00:00+00:00
[2023-06-11T11:14:51.099+0000] {standard_task_runner.py:57} INFO - Started process 224 to run task
[2023-06-11T11:14:51.167+0000] {standard_task_runner.py:84} INFO - Running: ['***', 'tasks', 'run', 'first_dag_02', 'thrid_task', 'scheduled__2021-11-05T00:00:00+00:00', '--job-id', '523', '--raw', '--subdir', 'DAGS_FOLDER/First_dag.py', '--cfg-path', '/tmp/tmprjsvnrsr']
[2023-06-11T11:14:51.168+0000] {standard_task_runner.py:85} INFO - Job 523: Subtask thrid_task
[2023-06-11T11:14:52.113+0000] {task_command.py:410} INFO - Running <TaskInstance: first_dag_02.thrid_task scheduled__2021-11-05T00:00:00+00:00 [running]> on host 7586ce0070ac
[2023-06-11T11:14:56.417+0000] {taskinstance.py:1547} INFO - Exporting env vars: AIRFLOW_CTX_DAG_OWNER='Raja' AIRFLOW_CTX_DAG_ID='first_dag_02' AIRFLOW_CTX_TASK_ID='thrid_task' AIRFLOW_CTX_EXECUTION_DATE='2021-11-05T00:00:00+00:00' AIRFLOW_CTX_TRY_NUMBER='1' AIRFLOW_CTX_DAG_RUN_ID='scheduled__2021-11-05T00:00:00+00:00'
[2023-06-11T11:14:56.467+0000] {subprocess.py:63} INFO - Tmp dir root location: 
 /tmp
[2023-06-11T11:14:56.505+0000] {subprocess.py:75} INFO - Running command: ['/bin/bash', '-c', 'echo hey, I am task3 and will be running after task1 at the same time as task2!']
[2023-06-11T11:14:56.700+0000] {subprocess.py:86} INFO - Output:
[2023-06-11T11:14:56.710+0000] {subprocess.py:93} INFO - hey, I am task3 and will be running after task1 at the same time as task2!
[2023-06-11T11:14:56.794+0000] {subprocess.py:97} INFO - Command exited with return code 0
[2023-06-11T11:14:57.234+0000] {taskinstance.py:1350} INFO - Marking task as SUCCESS. dag_id=first_dag_02, task_id=thrid_task, execution_date=20211105T000000, start_date=20230611T111449, end_date=20230611T111457
[2023-06-11T11:14:57.542+0000] {local_task_job_runner.py:225} INFO - Task exited with return code 0
[2023-06-11T11:14:58.445+0000] {taskinstance.py:2651} INFO - 0 downstream tasks scheduled from follow-on schedule check
