[2023-06-11T08:56:48.155+0000] {taskinstance.py:1103} INFO - Dependencies all met for dep_context=non-requeueable deps ti=<TaskInstance: first_dag_02.first_task scheduled__2021-12-27T00:00:00+00:00 [queued]>
[2023-06-11T08:56:48.408+0000] {taskinstance.py:1103} INFO - Dependencies all met for dep_context=requeueable deps ti=<TaskInstance: first_dag_02.first_task scheduled__2021-12-27T00:00:00+00:00 [queued]>
[2023-06-11T08:56:48.409+0000] {taskinstance.py:1308} INFO - Starting attempt 1 of 6
[2023-06-11T08:56:48.665+0000] {taskinstance.py:1327} INFO - Executing <Task(BashOperator): first_task> on 2021-12-27 00:00:00+00:00
[2023-06-11T08:56:48.682+0000] {standard_task_runner.py:57} INFO - Started process 2339 to run task
[2023-06-11T08:56:48.703+0000] {standard_task_runner.py:84} INFO - Running: ['***', 'tasks', 'run', 'first_dag_02', 'first_task', 'scheduled__2021-12-27T00:00:00+00:00', '--job-id', '730', '--raw', '--subdir', 'DAGS_FOLDER/First_dag.py', '--cfg-path', '/tmp/tmpn8ch0u4u']
[2023-06-11T08:56:48.717+0000] {standard_task_runner.py:85} INFO - Job 730: Subtask first_task
[2023-06-11T08:56:49.175+0000] {task_command.py:410} INFO - Running <TaskInstance: first_dag_02.first_task scheduled__2021-12-27T00:00:00+00:00 [running]> on host 964e508aad03
[2023-06-11T08:56:50.593+0000] {taskinstance.py:1547} INFO - Exporting env vars: AIRFLOW_CTX_DAG_OWNER='Raja' AIRFLOW_CTX_DAG_ID='first_dag_02' AIRFLOW_CTX_TASK_ID='first_task' AIRFLOW_CTX_EXECUTION_DATE='2021-12-27T00:00:00+00:00' AIRFLOW_CTX_TRY_NUMBER='1' AIRFLOW_CTX_DAG_RUN_ID='scheduled__2021-12-27T00:00:00+00:00'
[2023-06-11T08:56:50.612+0000] {subprocess.py:63} INFO - Tmp dir root location: 
 /tmp
[2023-06-11T08:56:50.628+0000] {subprocess.py:75} INFO - Running command: ['/bin/bash', '-c', 'echo hello world, this is the first task!']
[2023-06-11T08:56:50.784+0000] {subprocess.py:86} INFO - Output:
[2023-06-11T08:56:50.791+0000] {subprocess.py:93} INFO - hello world, this is the first task!
[2023-06-11T08:56:50.832+0000] {subprocess.py:97} INFO - Command exited with return code 0
[2023-06-11T08:56:51.142+0000] {taskinstance.py:1350} INFO - Marking task as SUCCESS. dag_id=first_dag_02, task_id=first_task, execution_date=20211227T000000, start_date=20230611T085648, end_date=20230611T085651
[2023-06-11T08:56:51.338+0000] {local_task_job_runner.py:225} INFO - Task exited with return code 0
[2023-06-11T08:56:51.468+0000] {taskinstance.py:2651} INFO - 2 downstream tasks scheduled from follow-on schedule check
[2023-06-11T11:21:39.200+0000] {taskinstance.py:1103} INFO - Dependencies all met for dep_context=non-requeueable deps ti=<TaskInstance: first_dag_02.first_task scheduled__2021-12-27T00:00:00+00:00 [queued]>
[2023-06-11T11:21:39.579+0000] {taskinstance.py:1103} INFO - Dependencies all met for dep_context=requeueable deps ti=<TaskInstance: first_dag_02.first_task scheduled__2021-12-27T00:00:00+00:00 [queued]>
[2023-06-11T11:21:39.592+0000] {taskinstance.py:1308} INFO - Starting attempt 1 of 6
[2023-06-11T11:21:40.184+0000] {taskinstance.py:1327} INFO - Executing <Task(BashOperator): first_task> on 2021-12-27 00:00:00+00:00
[2023-06-11T11:21:40.211+0000] {standard_task_runner.py:57} INFO - Started process 1010 to run task
[2023-06-11T11:21:40.280+0000] {standard_task_runner.py:84} INFO - Running: ['***', 'tasks', 'run', 'first_dag_02', 'first_task', 'scheduled__2021-12-27T00:00:00+00:00', '--job-id', '755', '--raw', '--subdir', 'DAGS_FOLDER/First_dag.py', '--cfg-path', '/tmp/tmp5mjkbfek']
[2023-06-11T11:21:40.281+0000] {standard_task_runner.py:85} INFO - Job 755: Subtask first_task
[2023-06-11T11:21:41.346+0000] {task_command.py:410} INFO - Running <TaskInstance: first_dag_02.first_task scheduled__2021-12-27T00:00:00+00:00 [running]> on host 7586ce0070ac
[2023-06-11T11:21:44.017+0000] {taskinstance.py:1547} INFO - Exporting env vars: AIRFLOW_CTX_DAG_OWNER='Raja' AIRFLOW_CTX_DAG_ID='first_dag_02' AIRFLOW_CTX_TASK_ID='first_task' AIRFLOW_CTX_EXECUTION_DATE='2021-12-27T00:00:00+00:00' AIRFLOW_CTX_TRY_NUMBER='1' AIRFLOW_CTX_DAG_RUN_ID='scheduled__2021-12-27T00:00:00+00:00'
[2023-06-11T11:21:44.020+0000] {subprocess.py:63} INFO - Tmp dir root location: 
 /tmp
[2023-06-11T11:21:44.023+0000] {subprocess.py:75} INFO - Running command: ['/bin/bash', '-c', 'echo hello world, this is the first task!']
[2023-06-11T11:21:44.201+0000] {subprocess.py:86} INFO - Output:
[2023-06-11T11:21:44.290+0000] {subprocess.py:93} INFO - hello world, this is the first task!
[2023-06-11T11:21:44.291+0000] {subprocess.py:97} INFO - Command exited with return code 0
[2023-06-11T11:21:45.248+0000] {taskinstance.py:1350} INFO - Marking task as SUCCESS. dag_id=first_dag_02, task_id=first_task, execution_date=20211227T000000, start_date=20230611T112139, end_date=20230611T112145
[2023-06-11T11:21:45.618+0000] {local_task_job_runner.py:225} INFO - Task exited with return code 0
[2023-06-11T11:21:45.931+0000] {taskinstance.py:2651} INFO - 2 downstream tasks scheduled from follow-on schedule check
