[2023-06-11T09:43:18.354+0000] {taskinstance.py:1103} INFO - Dependencies all met for dep_context=non-requeueable deps ti=<TaskInstance: first_dag_02.second_task scheduled__2022-04-26T00:00:00+00:00 [queued]>
[2023-06-11T09:43:18.891+0000] {taskinstance.py:1103} INFO - Dependencies all met for dep_context=requeueable deps ti=<TaskInstance: first_dag_02.second_task scheduled__2022-04-26T00:00:00+00:00 [queued]>
[2023-06-11T09:43:18.893+0000] {taskinstance.py:1308} INFO - Starting attempt 1 of 6
[2023-06-11T09:43:19.907+0000] {taskinstance.py:1327} INFO - Executing <Task(BashOperator): second_task> on 2022-04-26 00:00:00+00:00
[2023-06-11T09:43:19.915+0000] {standard_task_runner.py:57} INFO - Started process 4262 to run task
[2023-06-11T09:43:20.064+0000] {standard_task_runner.py:84} INFO - Running: ['***', 'tasks', 'run', 'first_dag_02', 'second_task', 'scheduled__2022-04-26T00:00:00+00:00', '--job-id', '1304', '--raw', '--subdir', 'DAGS_FOLDER/First_dag.py', '--cfg-path', '/tmp/tmpuv77vgbe']
[2023-06-11T09:43:20.081+0000] {standard_task_runner.py:85} INFO - Job 1304: Subtask second_task
[2023-06-11T09:43:21.114+0000] {task_command.py:410} INFO - Running <TaskInstance: first_dag_02.second_task scheduled__2022-04-26T00:00:00+00:00 [running]> on host 964e508aad03
[2023-06-11T09:43:23.554+0000] {taskinstance.py:1547} INFO - Exporting env vars: AIRFLOW_CTX_DAG_OWNER='Raja' AIRFLOW_CTX_DAG_ID='first_dag_02' AIRFLOW_CTX_TASK_ID='second_task' AIRFLOW_CTX_EXECUTION_DATE='2022-04-26T00:00:00+00:00' AIRFLOW_CTX_TRY_NUMBER='1' AIRFLOW_CTX_DAG_RUN_ID='scheduled__2022-04-26T00:00:00+00:00'
[2023-06-11T09:43:23.563+0000] {subprocess.py:63} INFO - Tmp dir root location: 
 /tmp
[2023-06-11T09:43:23.564+0000] {subprocess.py:75} INFO - Running command: ['/bin/bash', '-c', 'echo hey, I am task2 and will be running after task1!']
[2023-06-11T09:43:23.694+0000] {subprocess.py:86} INFO - Output:
[2023-06-11T09:43:23.747+0000] {subprocess.py:93} INFO - hey, I am task2 and will be running after task1!
[2023-06-11T09:43:23.748+0000] {subprocess.py:97} INFO - Command exited with return code 0
[2023-06-11T09:43:24.404+0000] {taskinstance.py:1350} INFO - Marking task as SUCCESS. dag_id=first_dag_02, task_id=second_task, execution_date=20220426T000000, start_date=20230611T094318, end_date=20230611T094324
[2023-06-11T09:43:24.878+0000] {local_task_job_runner.py:225} INFO - Task exited with return code 0
[2023-06-11T09:43:24.969+0000] {taskinstance.py:2651} INFO - 0 downstream tasks scheduled from follow-on schedule check
[2023-06-11T15:29:52.863+0000] {taskinstance.py:1103} INFO - Dependencies all met for dep_context=non-requeueable deps ti=<TaskInstance: first_dag_02.second_task scheduled__2022-04-26T00:00:00+00:00 [queued]>
[2023-06-11T15:29:53.031+0000] {taskinstance.py:1103} INFO - Dependencies all met for dep_context=requeueable deps ti=<TaskInstance: first_dag_02.second_task scheduled__2022-04-26T00:00:00+00:00 [queued]>
[2023-06-11T15:29:53.046+0000] {taskinstance.py:1308} INFO - Starting attempt 1 of 6
[2023-06-11T15:29:53.347+0000] {taskinstance.py:1327} INFO - Executing <Task(BashOperator): second_task> on 2022-04-26 00:00:00+00:00
[2023-06-11T15:29:53.407+0000] {standard_task_runner.py:57} INFO - Started process 852 to run task
[2023-06-11T15:29:53.514+0000] {standard_task_runner.py:84} INFO - Running: ['***', 'tasks', 'run', 'first_dag_02', 'second_task', 'scheduled__2022-04-26T00:00:00+00:00', '--job-id', '1347', '--raw', '--subdir', 'DAGS_FOLDER/First_dag.py', '--cfg-path', '/tmp/tmp_k88lhpc']
[2023-06-11T15:29:53.551+0000] {standard_task_runner.py:85} INFO - Job 1347: Subtask second_task
[2023-06-11T15:29:54.495+0000] {task_command.py:410} INFO - Running <TaskInstance: first_dag_02.second_task scheduled__2022-04-26T00:00:00+00:00 [running]> on host 7586ce0070ac
[2023-06-11T15:29:57.301+0000] {taskinstance.py:1547} INFO - Exporting env vars: AIRFLOW_CTX_DAG_OWNER='Raja' AIRFLOW_CTX_DAG_ID='first_dag_02' AIRFLOW_CTX_TASK_ID='second_task' AIRFLOW_CTX_EXECUTION_DATE='2022-04-26T00:00:00+00:00' AIRFLOW_CTX_TRY_NUMBER='1' AIRFLOW_CTX_DAG_RUN_ID='scheduled__2022-04-26T00:00:00+00:00'
[2023-06-11T15:29:57.319+0000] {subprocess.py:63} INFO - Tmp dir root location: 
 /tmp
[2023-06-11T15:29:57.320+0000] {subprocess.py:75} INFO - Running command: ['/bin/bash', '-c', 'echo hey, I am task2 and will be running after task1!']
[2023-06-11T15:29:57.627+0000] {subprocess.py:86} INFO - Output:
[2023-06-11T15:29:57.702+0000] {subprocess.py:93} INFO - hey, I am task2 and will be running after task1!
[2023-06-11T15:29:57.712+0000] {subprocess.py:97} INFO - Command exited with return code 0
[2023-06-11T15:29:58.023+0000] {taskinstance.py:1350} INFO - Marking task as SUCCESS. dag_id=first_dag_02, task_id=second_task, execution_date=20220426T000000, start_date=20230611T152952, end_date=20230611T152958
[2023-06-11T15:29:58.224+0000] {local_task_job_runner.py:225} INFO - Task exited with return code 0
[2023-06-11T15:29:58.503+0000] {taskinstance.py:2651} INFO - 0 downstream tasks scheduled from follow-on schedule check
