[2023-06-11T09:41:52.145+0000] {taskinstance.py:1103} INFO - Dependencies all met for dep_context=non-requeueable deps ti=<TaskInstance: dag_cron_expression_03.task1 scheduled__2021-11-05T03:00:00+00:00 [queued]>
[2023-06-11T09:41:52.994+0000] {taskinstance.py:1103} INFO - Dependencies all met for dep_context=requeueable deps ti=<TaskInstance: dag_cron_expression_03.task1 scheduled__2021-11-05T03:00:00+00:00 [queued]>
[2023-06-11T09:41:52.994+0000] {taskinstance.py:1308} INFO - Starting attempt 1 of 6
[2023-06-11T09:41:55.293+0000] {taskinstance.py:1327} INFO - Executing <Task(BashOperator): task1> on 2021-11-05 03:00:00+00:00
[2023-06-11T09:41:56.104+0000] {standard_task_runner.py:57} INFO - Started process 4116 to run task
[2023-06-11T09:41:56.207+0000] {standard_task_runner.py:84} INFO - Running: ['***', 'tasks', 'run', 'dag_cron_expression_03', 'task1', 'scheduled__2021-11-05T03:00:00+00:00', '--job-id', '1260', '--raw', '--subdir', 'DAGS_FOLDER/dag_corn.py', '--cfg-path', '/tmp/tmp7isx4ee7']
[2023-06-11T09:41:56.209+0000] {standard_task_runner.py:85} INFO - Job 1260: Subtask task1
[2023-06-11T09:41:58.458+0000] {task_command.py:410} INFO - Running <TaskInstance: dag_cron_expression_03.task1 scheduled__2021-11-05T03:00:00+00:00 [running]> on host 964e508aad03
[2023-06-11T09:42:04.128+0000] {taskinstance.py:1547} INFO - Exporting env vars: AIRFLOW_CTX_DAG_OWNER='Raja' AIRFLOW_CTX_DAG_ID='dag_cron_expression_03' AIRFLOW_CTX_TASK_ID='task1' AIRFLOW_CTX_EXECUTION_DATE='2021-11-05T03:00:00+00:00' AIRFLOW_CTX_TRY_NUMBER='1' AIRFLOW_CTX_DAG_RUN_ID='scheduled__2021-11-05T03:00:00+00:00'
[2023-06-11T09:42:04.217+0000] {subprocess.py:63} INFO - Tmp dir root location: 
 /tmp
[2023-06-11T09:42:04.255+0000] {subprocess.py:75} INFO - Running command: ['/bin/bash', '-c', 'echo dag with cron expression!']
[2023-06-11T09:42:04.760+0000] {subprocess.py:86} INFO - Output:
[2023-06-11T09:42:04.771+0000] {subprocess.py:93} INFO - dag with cron expression!
[2023-06-11T09:42:04.772+0000] {subprocess.py:97} INFO - Command exited with return code 0
[2023-06-11T09:42:05.725+0000] {taskinstance.py:1350} INFO - Marking task as SUCCESS. dag_id=dag_cron_expression_03, task_id=task1, execution_date=20211105T030000, start_date=20230611T094152, end_date=20230611T094205
[2023-06-11T09:42:06.894+0000] {local_task_job_runner.py:225} INFO - Task exited with return code 0
[2023-06-11T09:42:09.118+0000] {taskinstance.py:2651} INFO - 0 downstream tasks scheduled from follow-on schedule check
[2023-06-11T10:35:05.811+0000] {taskinstance.py:1103} INFO - Dependencies all met for dep_context=non-requeueable deps ti=<TaskInstance: dag_cron_expression_03.task1 scheduled__2021-11-05T03:00:00+00:00 [queued]>
[2023-06-11T10:35:06.130+0000] {taskinstance.py:1103} INFO - Dependencies all met for dep_context=requeueable deps ti=<TaskInstance: dag_cron_expression_03.task1 scheduled__2021-11-05T03:00:00+00:00 [queued]>
[2023-06-11T10:35:06.138+0000] {taskinstance.py:1308} INFO - Starting attempt 1 of 6
[2023-06-11T10:35:07.337+0000] {taskinstance.py:1327} INFO - Executing <Task(BashOperator): task1> on 2021-11-05 03:00:00+00:00
[2023-06-11T10:35:07.349+0000] {standard_task_runner.py:57} INFO - Started process 85 to run task
[2023-06-11T10:35:07.391+0000] {standard_task_runner.py:84} INFO - Running: ['***', 'tasks', 'run', 'dag_cron_expression_03', 'task1', 'scheduled__2021-11-05T03:00:00+00:00', '--job-id', '6', '--raw', '--subdir', 'DAGS_FOLDER/dag_corn.py', '--cfg-path', '/tmp/tmp8_l64o9c']
[2023-06-11T10:35:07.402+0000] {standard_task_runner.py:85} INFO - Job 6: Subtask task1
[2023-06-11T10:35:09.713+0000] {task_command.py:410} INFO - Running <TaskInstance: dag_cron_expression_03.task1 scheduled__2021-11-05T03:00:00+00:00 [running]> on host 7586ce0070ac
[2023-06-11T10:35:13.522+0000] {taskinstance.py:1547} INFO - Exporting env vars: AIRFLOW_CTX_DAG_OWNER='Raja' AIRFLOW_CTX_DAG_ID='dag_cron_expression_03' AIRFLOW_CTX_TASK_ID='task1' AIRFLOW_CTX_EXECUTION_DATE='2021-11-05T03:00:00+00:00' AIRFLOW_CTX_TRY_NUMBER='1' AIRFLOW_CTX_DAG_RUN_ID='scheduled__2021-11-05T03:00:00+00:00'
[2023-06-11T10:35:13.529+0000] {subprocess.py:63} INFO - Tmp dir root location: 
 /tmp
[2023-06-11T10:35:13.535+0000] {subprocess.py:75} INFO - Running command: ['/bin/bash', '-c', 'echo dag with cron expression!']
[2023-06-11T10:35:13.987+0000] {subprocess.py:86} INFO - Output:
[2023-06-11T10:35:13.993+0000] {subprocess.py:93} INFO - dag with cron expression!
[2023-06-11T10:35:13.995+0000] {subprocess.py:97} INFO - Command exited with return code 0
[2023-06-11T10:35:16.117+0000] {taskinstance.py:1350} INFO - Marking task as SUCCESS. dag_id=dag_cron_expression_03, task_id=task1, execution_date=20211105T030000, start_date=20230611T103505, end_date=20230611T103516
[2023-06-11T10:35:17.224+0000] {local_task_job_runner.py:225} INFO - Task exited with return code 0
[2023-06-11T10:35:18.982+0000] {taskinstance.py:2651} INFO - 0 downstream tasks scheduled from follow-on schedule check
[2023-06-12T03:32:49.314+0000] {taskinstance.py:1103} INFO - Dependencies all met for dep_context=non-requeueable deps ti=<TaskInstance: dag_cron_expression_03.task1 scheduled__2021-11-05T03:00:00+00:00 [queued]>
[2023-06-12T03:32:49.536+0000] {taskinstance.py:1103} INFO - Dependencies all met for dep_context=requeueable deps ti=<TaskInstance: dag_cron_expression_03.task1 scheduled__2021-11-05T03:00:00+00:00 [queued]>
[2023-06-12T03:32:49.537+0000] {taskinstance.py:1308} INFO - Starting attempt 1 of 6
[2023-06-12T03:32:50.892+0000] {taskinstance.py:1327} INFO - Executing <Task(BashOperator): task1> on 2021-11-05 03:00:00+00:00
[2023-06-12T03:32:51.102+0000] {standard_task_runner.py:57} INFO - Started process 148 to run task
[2023-06-12T03:32:51.458+0000] {standard_task_runner.py:84} INFO - Running: ['***', 'tasks', 'run', 'dag_cron_expression_03', 'task1', 'scheduled__2021-11-05T03:00:00+00:00', '--job-id', '22', '--raw', '--subdir', 'DAGS_FOLDER/dag_cron.py', '--cfg-path', '/tmp/tmp0_jjw4hp']
[2023-06-12T03:32:51.866+0000] {standard_task_runner.py:85} INFO - Job 22: Subtask task1
[2023-06-12T03:32:53.926+0000] {task_command.py:410} INFO - Running <TaskInstance: dag_cron_expression_03.task1 scheduled__2021-11-05T03:00:00+00:00 [running]> on host 03cd9a7904e9
[2023-06-12T03:32:59.805+0000] {taskinstance.py:1547} INFO - Exporting env vars: AIRFLOW_CTX_DAG_OWNER='Raja' AIRFLOW_CTX_DAG_ID='dag_cron_expression_03' AIRFLOW_CTX_TASK_ID='task1' AIRFLOW_CTX_EXECUTION_DATE='2021-11-05T03:00:00+00:00' AIRFLOW_CTX_TRY_NUMBER='1' AIRFLOW_CTX_DAG_RUN_ID='scheduled__2021-11-05T03:00:00+00:00'
[2023-06-12T03:32:59.840+0000] {subprocess.py:63} INFO - Tmp dir root location: 
 /tmp
[2023-06-12T03:32:59.851+0000] {subprocess.py:75} INFO - Running command: ['/bin/bash', '-c', 'echo dag with cron expression!']
[2023-06-12T03:33:00.782+0000] {subprocess.py:86} INFO - Output:
[2023-06-12T03:33:00.793+0000] {subprocess.py:93} INFO - dag with cron expression!
[2023-06-12T03:33:00.795+0000] {subprocess.py:97} INFO - Command exited with return code 0
[2023-06-12T03:33:02.932+0000] {taskinstance.py:1350} INFO - Marking task as SUCCESS. dag_id=dag_cron_expression_03, task_id=task1, execution_date=20211105T030000, start_date=20230612T033249, end_date=20230612T033302
[2023-06-12T03:33:03.156+0000] {local_task_job_runner.py:225} INFO - Task exited with return code 0
[2023-06-12T03:33:03.209+0000] {taskinstance.py:2651} INFO - 0 downstream tasks scheduled from follow-on schedule check
