[2023-06-11T09:48:41.390+0000] {taskinstance.py:1103} INFO - Dependencies all met for dep_context=non-requeueable deps ti=<TaskInstance: first_dag_02.first_task scheduled__2022-07-05T00:00:00+00:00 [queued]>
[2023-06-11T09:48:42.179+0000] {taskinstance.py:1103} INFO - Dependencies all met for dep_context=requeueable deps ti=<TaskInstance: first_dag_02.first_task scheduled__2022-07-05T00:00:00+00:00 [queued]>
[2023-06-11T09:48:42.180+0000] {taskinstance.py:1308} INFO - Starting attempt 1 of 6
[2023-06-11T09:48:42.920+0000] {taskinstance.py:1327} INFO - Executing <Task(BashOperator): first_task> on 2022-07-05 00:00:00+00:00
[2023-06-11T09:48:42.947+0000] {standard_task_runner.py:57} INFO - Started process 5274 to run task
[2023-06-11T09:48:42.983+0000] {standard_task_runner.py:84} INFO - Running: ['***', 'tasks', 'run', 'first_dag_02', 'first_task', 'scheduled__2022-07-05T00:00:00+00:00', '--job-id', '1614', '--raw', '--subdir', 'DAGS_FOLDER/First_dag.py', '--cfg-path', '/tmp/tmpvok_y73c']
[2023-06-11T09:48:42.996+0000] {standard_task_runner.py:85} INFO - Job 1614: Subtask first_task
[2023-06-11T09:48:44.606+0000] {task_command.py:410} INFO - Running <TaskInstance: first_dag_02.first_task scheduled__2022-07-05T00:00:00+00:00 [running]> on host 964e508aad03
[2023-06-11T09:48:48.386+0000] {taskinstance.py:1547} INFO - Exporting env vars: AIRFLOW_CTX_DAG_OWNER='Raja' AIRFLOW_CTX_DAG_ID='first_dag_02' AIRFLOW_CTX_TASK_ID='first_task' AIRFLOW_CTX_EXECUTION_DATE='2022-07-05T00:00:00+00:00' AIRFLOW_CTX_TRY_NUMBER='1' AIRFLOW_CTX_DAG_RUN_ID='scheduled__2022-07-05T00:00:00+00:00'
[2023-06-11T09:48:48.515+0000] {subprocess.py:63} INFO - Tmp dir root location: 
 /tmp
[2023-06-11T09:48:48.526+0000] {subprocess.py:75} INFO - Running command: ['/bin/bash', '-c', 'echo hello world, this is the first task!']
[2023-06-11T09:48:48.626+0000] {subprocess.py:86} INFO - Output:
[2023-06-11T09:48:48.697+0000] {subprocess.py:93} INFO - hello world, this is the first task!
[2023-06-11T09:48:48.701+0000] {subprocess.py:97} INFO - Command exited with return code 0
[2023-06-11T09:48:49.519+0000] {taskinstance.py:1350} INFO - Marking task as SUCCESS. dag_id=first_dag_02, task_id=first_task, execution_date=20220705T000000, start_date=20230611T094841, end_date=20230611T094849
[2023-06-11T09:48:50.700+0000] {local_task_job_runner.py:225} INFO - Task exited with return code 0
[2023-06-11T09:48:52.161+0000] {taskinstance.py:2651} INFO - 2 downstream tasks scheduled from follow-on schedule check
[2023-06-11T15:34:31.976+0000] {taskinstance.py:1103} INFO - Dependencies all met for dep_context=non-requeueable deps ti=<TaskInstance: first_dag_02.first_task scheduled__2022-07-05T00:00:00+00:00 [queued]>
[2023-06-11T15:34:32.120+0000] {taskinstance.py:1103} INFO - Dependencies all met for dep_context=requeueable deps ti=<TaskInstance: first_dag_02.first_task scheduled__2022-07-05T00:00:00+00:00 [queued]>
[2023-06-11T15:34:32.128+0000] {taskinstance.py:1308} INFO - Starting attempt 1 of 6
[2023-06-11T15:34:32.380+0000] {taskinstance.py:1327} INFO - Executing <Task(BashOperator): first_task> on 2022-07-05 00:00:00+00:00
[2023-06-11T15:34:32.431+0000] {standard_task_runner.py:57} INFO - Started process 1744 to run task
[2023-06-11T15:34:32.477+0000] {standard_task_runner.py:84} INFO - Running: ['***', 'tasks', 'run', 'first_dag_02', 'first_task', 'scheduled__2022-07-05T00:00:00+00:00', '--job-id', '1624', '--raw', '--subdir', 'DAGS_FOLDER/First_dag.py', '--cfg-path', '/tmp/tmpkthp62d0']
[2023-06-11T15:34:32.486+0000] {standard_task_runner.py:85} INFO - Job 1624: Subtask first_task
[2023-06-11T15:34:33.273+0000] {task_command.py:410} INFO - Running <TaskInstance: first_dag_02.first_task scheduled__2022-07-05T00:00:00+00:00 [running]> on host 7586ce0070ac
[2023-06-11T15:34:35.925+0000] {taskinstance.py:1547} INFO - Exporting env vars: AIRFLOW_CTX_DAG_OWNER='Raja' AIRFLOW_CTX_DAG_ID='first_dag_02' AIRFLOW_CTX_TASK_ID='first_task' AIRFLOW_CTX_EXECUTION_DATE='2022-07-05T00:00:00+00:00' AIRFLOW_CTX_TRY_NUMBER='1' AIRFLOW_CTX_DAG_RUN_ID='scheduled__2022-07-05T00:00:00+00:00'
[2023-06-11T15:34:35.927+0000] {subprocess.py:63} INFO - Tmp dir root location: 
 /tmp
[2023-06-11T15:34:35.928+0000] {subprocess.py:75} INFO - Running command: ['/bin/bash', '-c', 'echo hello world, this is the first task!']
[2023-06-11T15:34:36.008+0000] {subprocess.py:86} INFO - Output:
[2023-06-11T15:34:36.018+0000] {subprocess.py:93} INFO - hello world, this is the first task!
[2023-06-11T15:34:36.020+0000] {subprocess.py:97} INFO - Command exited with return code 0
[2023-06-11T15:34:36.130+0000] {taskinstance.py:1350} INFO - Marking task as SUCCESS. dag_id=first_dag_02, task_id=first_task, execution_date=20220705T000000, start_date=20230611T153431, end_date=20230611T153436
[2023-06-11T15:34:36.360+0000] {local_task_job_runner.py:225} INFO - Task exited with return code 0
[2023-06-11T15:34:37.105+0000] {taskinstance.py:2651} INFO - 2 downstream tasks scheduled from follow-on schedule check
