[2023-06-11T09:48:26.761+0000] {taskinstance.py:1103} INFO - Dependencies all met for dep_context=non-requeueable deps ti=<TaskInstance: first_dag_02.thrid_task scheduled__2022-07-01T00:00:00+00:00 [queued]>
[2023-06-11T09:48:27.290+0000] {taskinstance.py:1103} INFO - Dependencies all met for dep_context=requeueable deps ti=<TaskInstance: first_dag_02.thrid_task scheduled__2022-07-01T00:00:00+00:00 [queued]>
[2023-06-11T09:48:27.292+0000] {taskinstance.py:1308} INFO - Starting attempt 1 of 6
[2023-06-11T09:48:28.099+0000] {taskinstance.py:1327} INFO - Executing <Task(BashOperator): thrid_task> on 2022-07-01 00:00:00+00:00
[2023-06-11T09:48:28.114+0000] {standard_task_runner.py:57} INFO - Started process 5243 to run task
[2023-06-11T09:48:28.274+0000] {standard_task_runner.py:84} INFO - Running: ['***', 'tasks', 'run', 'first_dag_02', 'thrid_task', 'scheduled__2022-07-01T00:00:00+00:00', '--job-id', '1610', '--raw', '--subdir', 'DAGS_FOLDER/First_dag.py', '--cfg-path', '/tmp/tmp4grx0_kx']
[2023-06-11T09:48:28.274+0000] {standard_task_runner.py:85} INFO - Job 1610: Subtask thrid_task
[2023-06-11T09:48:29.532+0000] {task_command.py:410} INFO - Running <TaskInstance: first_dag_02.thrid_task scheduled__2022-07-01T00:00:00+00:00 [running]> on host 964e508aad03
[2023-06-11T09:48:35.365+0000] {taskinstance.py:1547} INFO - Exporting env vars: AIRFLOW_CTX_DAG_OWNER='Raja' AIRFLOW_CTX_DAG_ID='first_dag_02' AIRFLOW_CTX_TASK_ID='thrid_task' AIRFLOW_CTX_EXECUTION_DATE='2022-07-01T00:00:00+00:00' AIRFLOW_CTX_TRY_NUMBER='1' AIRFLOW_CTX_DAG_RUN_ID='scheduled__2022-07-01T00:00:00+00:00'
[2023-06-11T09:48:35.379+0000] {subprocess.py:63} INFO - Tmp dir root location: 
 /tmp
[2023-06-11T09:48:35.384+0000] {subprocess.py:75} INFO - Running command: ['/bin/bash', '-c', 'echo hey, I am task3 and will be running after task1 at the same time as task2!']
[2023-06-11T09:48:35.537+0000] {subprocess.py:86} INFO - Output:
[2023-06-11T09:48:35.563+0000] {subprocess.py:93} INFO - hey, I am task3 and will be running after task1 at the same time as task2!
[2023-06-11T09:48:35.563+0000] {subprocess.py:97} INFO - Command exited with return code 0
[2023-06-11T09:48:35.995+0000] {taskinstance.py:1350} INFO - Marking task as SUCCESS. dag_id=first_dag_02, task_id=thrid_task, execution_date=20220701T000000, start_date=20230611T094826, end_date=20230611T094835
[2023-06-11T09:48:36.869+0000] {local_task_job_runner.py:225} INFO - Task exited with return code 0
[2023-06-11T09:48:37.894+0000] {taskinstance.py:2651} INFO - 0 downstream tasks scheduled from follow-on schedule check
[2023-06-11T15:34:47.803+0000] {taskinstance.py:1103} INFO - Dependencies all met for dep_context=non-requeueable deps ti=<TaskInstance: first_dag_02.thrid_task scheduled__2022-07-01T00:00:00+00:00 [queued]>
[2023-06-11T15:34:48.073+0000] {taskinstance.py:1103} INFO - Dependencies all met for dep_context=requeueable deps ti=<TaskInstance: first_dag_02.thrid_task scheduled__2022-07-01T00:00:00+00:00 [queued]>
[2023-06-11T15:34:48.075+0000] {taskinstance.py:1308} INFO - Starting attempt 1 of 6
[2023-06-11T15:34:48.357+0000] {taskinstance.py:1327} INFO - Executing <Task(BashOperator): thrid_task> on 2022-07-01 00:00:00+00:00
[2023-06-11T15:34:48.385+0000] {standard_task_runner.py:57} INFO - Started process 1795 to run task
[2023-06-11T15:34:48.426+0000] {standard_task_runner.py:84} INFO - Running: ['***', 'tasks', 'run', 'first_dag_02', 'thrid_task', 'scheduled__2022-07-01T00:00:00+00:00', '--job-id', '1641', '--raw', '--subdir', 'DAGS_FOLDER/First_dag.py', '--cfg-path', '/tmp/tmpiomy9_7e']
[2023-06-11T15:34:48.427+0000] {standard_task_runner.py:85} INFO - Job 1641: Subtask thrid_task
[2023-06-11T15:34:49.272+0000] {task_command.py:410} INFO - Running <TaskInstance: first_dag_02.thrid_task scheduled__2022-07-01T00:00:00+00:00 [running]> on host 7586ce0070ac
[2023-06-11T15:34:53.133+0000] {taskinstance.py:1547} INFO - Exporting env vars: AIRFLOW_CTX_DAG_OWNER='Raja' AIRFLOW_CTX_DAG_ID='first_dag_02' AIRFLOW_CTX_TASK_ID='thrid_task' AIRFLOW_CTX_EXECUTION_DATE='2022-07-01T00:00:00+00:00' AIRFLOW_CTX_TRY_NUMBER='1' AIRFLOW_CTX_DAG_RUN_ID='scheduled__2022-07-01T00:00:00+00:00'
[2023-06-11T15:34:53.160+0000] {subprocess.py:63} INFO - Tmp dir root location: 
 /tmp
[2023-06-11T15:34:53.173+0000] {subprocess.py:75} INFO - Running command: ['/bin/bash', '-c', 'echo hey, I am task3 and will be running after task1 at the same time as task2!']
[2023-06-11T15:34:53.413+0000] {subprocess.py:86} INFO - Output:
[2023-06-11T15:34:53.418+0000] {subprocess.py:93} INFO - hey, I am task3 and will be running after task1 at the same time as task2!
[2023-06-11T15:34:53.478+0000] {subprocess.py:97} INFO - Command exited with return code 0
[2023-06-11T15:34:53.925+0000] {taskinstance.py:1350} INFO - Marking task as SUCCESS. dag_id=first_dag_02, task_id=thrid_task, execution_date=20220701T000000, start_date=20230611T153447, end_date=20230611T153453
[2023-06-11T15:34:54.335+0000] {local_task_job_runner.py:225} INFO - Task exited with return code 0
[2023-06-11T15:34:54.863+0000] {taskinstance.py:2651} INFO - 0 downstream tasks scheduled from follow-on schedule check
