[2023-06-11T09:47:21.279+0000] {taskinstance.py:1103} INFO - Dependencies all met for dep_context=non-requeueable deps ti=<TaskInstance: first_dag_02.thrid_task scheduled__2022-06-13T00:00:00+00:00 [queued]>
[2023-06-11T09:47:21.718+0000] {taskinstance.py:1103} INFO - Dependencies all met for dep_context=requeueable deps ti=<TaskInstance: first_dag_02.thrid_task scheduled__2022-06-13T00:00:00+00:00 [queued]>
[2023-06-11T09:47:21.718+0000] {taskinstance.py:1308} INFO - Starting attempt 1 of 6
[2023-06-11T09:47:22.394+0000] {taskinstance.py:1327} INFO - Executing <Task(BashOperator): thrid_task> on 2022-06-13 00:00:00+00:00
[2023-06-11T09:47:22.430+0000] {standard_task_runner.py:57} INFO - Started process 5067 to run task
[2023-06-11T09:47:22.515+0000] {standard_task_runner.py:84} INFO - Running: ['***', 'tasks', 'run', 'first_dag_02', 'thrid_task', 'scheduled__2022-06-13T00:00:00+00:00', '--job-id', '1553', '--raw', '--subdir', 'DAGS_FOLDER/First_dag.py', '--cfg-path', '/tmp/tmp07zilceh']
[2023-06-11T09:47:22.529+0000] {standard_task_runner.py:85} INFO - Job 1553: Subtask thrid_task
[2023-06-11T09:47:23.321+0000] {task_command.py:410} INFO - Running <TaskInstance: first_dag_02.thrid_task scheduled__2022-06-13T00:00:00+00:00 [running]> on host 964e508aad03
[2023-06-11T09:47:24.422+0000] {taskinstance.py:1547} INFO - Exporting env vars: AIRFLOW_CTX_DAG_OWNER='Raja' AIRFLOW_CTX_DAG_ID='first_dag_02' AIRFLOW_CTX_TASK_ID='thrid_task' AIRFLOW_CTX_EXECUTION_DATE='2022-06-13T00:00:00+00:00' AIRFLOW_CTX_TRY_NUMBER='1' AIRFLOW_CTX_DAG_RUN_ID='scheduled__2022-06-13T00:00:00+00:00'
[2023-06-11T09:47:24.425+0000] {subprocess.py:63} INFO - Tmp dir root location: 
 /tmp
[2023-06-11T09:47:24.426+0000] {subprocess.py:75} INFO - Running command: ['/bin/bash', '-c', 'echo hey, I am task3 and will be running after task1 at the same time as task2!']
[2023-06-11T09:47:24.492+0000] {subprocess.py:86} INFO - Output:
[2023-06-11T09:47:24.506+0000] {subprocess.py:93} INFO - hey, I am task3 and will be running after task1 at the same time as task2!
[2023-06-11T09:47:24.524+0000] {subprocess.py:97} INFO - Command exited with return code 0
[2023-06-11T09:47:24.959+0000] {taskinstance.py:1350} INFO - Marking task as SUCCESS. dag_id=first_dag_02, task_id=thrid_task, execution_date=20220613T000000, start_date=20230611T094721, end_date=20230611T094724
[2023-06-11T09:47:25.381+0000] {local_task_job_runner.py:225} INFO - Task exited with return code 0
[2023-06-11T09:47:25.488+0000] {taskinstance.py:2651} INFO - 0 downstream tasks scheduled from follow-on schedule check
[2023-06-11T15:33:46.888+0000] {taskinstance.py:1103} INFO - Dependencies all met for dep_context=non-requeueable deps ti=<TaskInstance: first_dag_02.thrid_task scheduled__2022-06-13T00:00:00+00:00 [queued]>
[2023-06-11T15:33:47.097+0000] {taskinstance.py:1103} INFO - Dependencies all met for dep_context=requeueable deps ti=<TaskInstance: first_dag_02.thrid_task scheduled__2022-06-13T00:00:00+00:00 [queued]>
[2023-06-11T15:33:47.098+0000] {taskinstance.py:1308} INFO - Starting attempt 1 of 6
[2023-06-11T15:33:47.395+0000] {taskinstance.py:1327} INFO - Executing <Task(BashOperator): thrid_task> on 2022-06-13 00:00:00+00:00
[2023-06-11T15:33:47.491+0000] {standard_task_runner.py:57} INFO - Started process 1580 to run task
[2023-06-11T15:33:47.555+0000] {standard_task_runner.py:84} INFO - Running: ['***', 'tasks', 'run', 'first_dag_02', 'thrid_task', 'scheduled__2022-06-13T00:00:00+00:00', '--job-id', '1572', '--raw', '--subdir', 'DAGS_FOLDER/First_dag.py', '--cfg-path', '/tmp/tmpda_a8bvr']
[2023-06-11T15:33:47.592+0000] {standard_task_runner.py:85} INFO - Job 1572: Subtask thrid_task
[2023-06-11T15:33:48.413+0000] {task_command.py:410} INFO - Running <TaskInstance: first_dag_02.thrid_task scheduled__2022-06-13T00:00:00+00:00 [running]> on host 7586ce0070ac
[2023-06-11T15:33:50.632+0000] {taskinstance.py:1547} INFO - Exporting env vars: AIRFLOW_CTX_DAG_OWNER='Raja' AIRFLOW_CTX_DAG_ID='first_dag_02' AIRFLOW_CTX_TASK_ID='thrid_task' AIRFLOW_CTX_EXECUTION_DATE='2022-06-13T00:00:00+00:00' AIRFLOW_CTX_TRY_NUMBER='1' AIRFLOW_CTX_DAG_RUN_ID='scheduled__2022-06-13T00:00:00+00:00'
[2023-06-11T15:33:50.634+0000] {subprocess.py:63} INFO - Tmp dir root location: 
 /tmp
[2023-06-11T15:33:50.635+0000] {subprocess.py:75} INFO - Running command: ['/bin/bash', '-c', 'echo hey, I am task3 and will be running after task1 at the same time as task2!']
[2023-06-11T15:33:50.917+0000] {subprocess.py:86} INFO - Output:
[2023-06-11T15:33:50.944+0000] {subprocess.py:93} INFO - hey, I am task3 and will be running after task1 at the same time as task2!
[2023-06-11T15:33:50.944+0000] {subprocess.py:97} INFO - Command exited with return code 0
[2023-06-11T15:33:51.173+0000] {taskinstance.py:1350} INFO - Marking task as SUCCESS. dag_id=first_dag_02, task_id=thrid_task, execution_date=20220613T000000, start_date=20230611T153346, end_date=20230611T153351
[2023-06-11T15:33:51.308+0000] {local_task_job_runner.py:225} INFO - Task exited with return code 0
[2023-06-11T15:33:51.426+0000] {taskinstance.py:2651} INFO - 0 downstream tasks scheduled from follow-on schedule check
