[2023-06-11T04:50:29.517+0000] {taskinstance.py:1103} INFO - Dependencies all met for dep_context=non-requeueable deps ti=<TaskInstance: first_dag_02.thrid_task scheduled__2021-09-23T00:00:00+00:00 [queued]>
[2023-06-11T04:50:31.191+0000] {taskinstance.py:1103} INFO - Dependencies all met for dep_context=requeueable deps ti=<TaskInstance: first_dag_02.thrid_task scheduled__2021-09-23T00:00:00+00:00 [queued]>
[2023-06-11T04:50:31.345+0000] {taskinstance.py:1308} INFO - Starting attempt 1 of 6
[2023-06-11T04:50:34.256+0000] {taskinstance.py:1327} INFO - Executing <Task(BashOperator): thrid_task> on 2021-09-23 00:00:00+00:00
[2023-06-11T04:50:34.421+0000] {standard_task_runner.py:57} INFO - Started process 813 to run task
[2023-06-11T04:50:34.436+0000] {standard_task_runner.py:84} INFO - Running: ['***', 'tasks', 'run', 'first_dag_02', 'thrid_task', 'scheduled__2021-09-23T00:00:00+00:00', '--job-id', '236', '--raw', '--subdir', 'DAGS_FOLDER/First_dag.py', '--cfg-path', '/tmp/tmpqa5dbhbg']
[2023-06-11T04:50:34.438+0000] {standard_task_runner.py:85} INFO - Job 236: Subtask thrid_task
[2023-06-11T04:50:36.454+0000] {task_command.py:410} INFO - Running <TaskInstance: first_dag_02.thrid_task scheduled__2021-09-23T00:00:00+00:00 [running]> on host 4b1b5d40d165
[2023-06-11T04:50:43.770+0000] {taskinstance.py:1547} INFO - Exporting env vars: AIRFLOW_CTX_DAG_OWNER='Raja' AIRFLOW_CTX_DAG_ID='first_dag_02' AIRFLOW_CTX_TASK_ID='thrid_task' AIRFLOW_CTX_EXECUTION_DATE='2021-09-23T00:00:00+00:00' AIRFLOW_CTX_TRY_NUMBER='1' AIRFLOW_CTX_DAG_RUN_ID='scheduled__2021-09-23T00:00:00+00:00'
[2023-06-11T04:50:43.790+0000] {subprocess.py:63} INFO - Tmp dir root location: 
 /tmp
[2023-06-11T04:50:43.791+0000] {subprocess.py:75} INFO - Running command: ['/bin/bash', '-c', 'echo hey, I am task3 and will be running after task1 at the same time as task2!']
[2023-06-11T04:50:43.815+0000] {subprocess.py:86} INFO - Output:
[2023-06-11T04:50:44.088+0000] {subprocess.py:93} INFO - hey, I am task3 and will be running after task1 at the same time as task2!
[2023-06-11T04:50:44.449+0000] {subprocess.py:97} INFO - Command exited with return code 0
[2023-06-11T04:50:45.903+0000] {taskinstance.py:1350} INFO - Marking task as SUCCESS. dag_id=first_dag_02, task_id=thrid_task, execution_date=20210923T000000, start_date=20230611T045029, end_date=20230611T045045
[2023-06-11T04:50:46.602+0000] {local_task_job_runner.py:225} INFO - Task exited with return code 0
[2023-06-11T04:50:47.131+0000] {taskinstance.py:2651} INFO - 0 downstream tasks scheduled from follow-on schedule check
[2023-06-11T08:27:56.526+0000] {taskinstance.py:1103} INFO - Dependencies all met for dep_context=non-requeueable deps ti=<TaskInstance: first_dag_02.thrid_task scheduled__2021-09-23T00:00:00+00:00 [queued]>
[2023-06-11T08:27:56.613+0000] {taskinstance.py:1103} INFO - Dependencies all met for dep_context=requeueable deps ti=<TaskInstance: first_dag_02.thrid_task scheduled__2021-09-23T00:00:00+00:00 [queued]>
[2023-06-11T08:27:56.614+0000] {taskinstance.py:1308} INFO - Starting attempt 1 of 6
[2023-06-11T08:28:00.017+0000] {taskinstance.py:1327} INFO - Executing <Task(BashOperator): thrid_task> on 2021-09-23 00:00:00+00:00
[2023-06-11T08:28:00.099+0000] {standard_task_runner.py:57} INFO - Started process 1223 to run task
[2023-06-11T08:28:00.367+0000] {standard_task_runner.py:84} INFO - Running: ['***', 'tasks', 'run', 'first_dag_02', 'thrid_task', 'scheduled__2021-09-23T00:00:00+00:00', '--job-id', '377', '--raw', '--subdir', 'DAGS_FOLDER/First_dag.py', '--cfg-path', '/tmp/tmpncngmyrq']
[2023-06-11T08:28:00.401+0000] {standard_task_runner.py:85} INFO - Job 377: Subtask thrid_task
[2023-06-11T08:28:06.936+0000] {task_command.py:410} INFO - Running <TaskInstance: first_dag_02.thrid_task scheduled__2021-09-23T00:00:00+00:00 [running]> on host 492037cdd057
[2023-06-11T08:28:28.353+0000] {taskinstance.py:1547} INFO - Exporting env vars: AIRFLOW_CTX_DAG_OWNER='Raja' AIRFLOW_CTX_DAG_ID='first_dag_02' AIRFLOW_CTX_TASK_ID='thrid_task' AIRFLOW_CTX_EXECUTION_DATE='2021-09-23T00:00:00+00:00' AIRFLOW_CTX_TRY_NUMBER='1' AIRFLOW_CTX_DAG_RUN_ID='scheduled__2021-09-23T00:00:00+00:00'
[2023-06-11T08:28:30.016+0000] {subprocess.py:63} INFO - Tmp dir root location: 
 /tmp
[2023-06-11T08:28:31.098+0000] {subprocess.py:75} INFO - Running command: ['/bin/bash', '-c', 'echo hey, I am task3 and will be running after task1 at the same time as task2!']
[2023-06-11T08:28:36.270+0000] {subprocess.py:86} INFO - Output:
[2023-06-11T08:28:37.105+0000] {subprocess.py:93} INFO - hey, I am task3 and will be running after task1 at the same time as task2!
[2023-06-11T08:28:37.743+0000] {subprocess.py:97} INFO - Command exited with return code 0
[2023-06-11T08:28:40.274+0000] {taskinstance.py:1350} INFO - Marking task as SUCCESS. dag_id=first_dag_02, task_id=thrid_task, execution_date=20210923T000000, start_date=20230611T082756, end_date=20230611T082840
[2023-06-11T08:28:40.664+0000] {local_task_job_runner.py:225} INFO - Task exited with return code 0
[2023-06-11T08:28:41.534+0000] {taskinstance.py:2651} INFO - 0 downstream tasks scheduled from follow-on schedule check
[2023-06-11T08:50:58.768+0000] {taskinstance.py:1103} INFO - Dependencies all met for dep_context=non-requeueable deps ti=<TaskInstance: first_dag_02.thrid_task scheduled__2021-09-23T00:00:00+00:00 [queued]>
[2023-06-11T08:50:58.936+0000] {taskinstance.py:1103} INFO - Dependencies all met for dep_context=requeueable deps ti=<TaskInstance: first_dag_02.thrid_task scheduled__2021-09-23T00:00:00+00:00 [queued]>
[2023-06-11T08:50:58.937+0000] {taskinstance.py:1308} INFO - Starting attempt 1 of 6
[2023-06-11T08:50:59.259+0000] {taskinstance.py:1327} INFO - Executing <Task(BashOperator): thrid_task> on 2021-09-23 00:00:00+00:00
[2023-06-11T08:50:59.284+0000] {standard_task_runner.py:57} INFO - Started process 1007 to run task
[2023-06-11T08:50:59.345+0000] {standard_task_runner.py:84} INFO - Running: ['***', 'tasks', 'run', 'first_dag_02', 'thrid_task', 'scheduled__2021-09-23T00:00:00+00:00', '--job-id', '309', '--raw', '--subdir', 'DAGS_FOLDER/First_dag.py', '--cfg-path', '/tmp/tmp7ma0bo_6']
[2023-06-11T08:50:59.356+0000] {standard_task_runner.py:85} INFO - Job 309: Subtask thrid_task
[2023-06-11T08:51:00.098+0000] {task_command.py:410} INFO - Running <TaskInstance: first_dag_02.thrid_task scheduled__2021-09-23T00:00:00+00:00 [running]> on host 964e508aad03
[2023-06-11T08:51:02.088+0000] {taskinstance.py:1547} INFO - Exporting env vars: AIRFLOW_CTX_DAG_OWNER='Raja' AIRFLOW_CTX_DAG_ID='first_dag_02' AIRFLOW_CTX_TASK_ID='thrid_task' AIRFLOW_CTX_EXECUTION_DATE='2021-09-23T00:00:00+00:00' AIRFLOW_CTX_TRY_NUMBER='1' AIRFLOW_CTX_DAG_RUN_ID='scheduled__2021-09-23T00:00:00+00:00'
[2023-06-11T08:51:02.090+0000] {subprocess.py:63} INFO - Tmp dir root location: 
 /tmp
[2023-06-11T08:51:02.090+0000] {subprocess.py:75} INFO - Running command: ['/bin/bash', '-c', 'echo hey, I am task3 and will be running after task1 at the same time as task2!']
[2023-06-11T08:51:02.342+0000] {subprocess.py:86} INFO - Output:
[2023-06-11T08:51:02.346+0000] {subprocess.py:93} INFO - hey, I am task3 and will be running after task1 at the same time as task2!
[2023-06-11T08:51:02.370+0000] {subprocess.py:97} INFO - Command exited with return code 0
[2023-06-11T08:51:02.677+0000] {taskinstance.py:1350} INFO - Marking task as SUCCESS. dag_id=first_dag_02, task_id=thrid_task, execution_date=20210923T000000, start_date=20230611T085058, end_date=20230611T085102
[2023-06-11T08:51:02.951+0000] {local_task_job_runner.py:225} INFO - Task exited with return code 0
[2023-06-11T08:51:03.199+0000] {taskinstance.py:2651} INFO - 0 downstream tasks scheduled from follow-on schedule check
[2023-06-11T10:55:00.306+0000] {taskinstance.py:1103} INFO - Dependencies all met for dep_context=non-requeueable deps ti=<TaskInstance: first_dag_02.thrid_task scheduled__2021-09-23T00:00:00+00:00 [queued]>
[2023-06-11T10:55:00.533+0000] {taskinstance.py:1103} INFO - Dependencies all met for dep_context=requeueable deps ti=<TaskInstance: first_dag_02.thrid_task scheduled__2021-09-23T00:00:00+00:00 [queued]>
[2023-06-11T10:55:00.533+0000] {taskinstance.py:1308} INFO - Starting attempt 1 of 6
[2023-06-11T10:55:01.678+0000] {taskinstance.py:1327} INFO - Executing <Task(BashOperator): thrid_task> on 2021-09-23 00:00:00+00:00
[2023-06-11T10:55:01.745+0000] {standard_task_runner.py:57} INFO - Started process 1088 to run task
[2023-06-11T10:55:02.265+0000] {standard_task_runner.py:84} INFO - Running: ['***', 'tasks', 'run', 'first_dag_02', 'thrid_task', 'scheduled__2021-09-23T00:00:00+00:00', '--job-id', '296', '--raw', '--subdir', 'DAGS_FOLDER/First_dag.py', '--cfg-path', '/tmp/tmpdn5goa9k']
[2023-06-11T10:55:02.267+0000] {standard_task_runner.py:85} INFO - Job 296: Subtask thrid_task
[2023-06-11T10:55:04.935+0000] {task_command.py:410} INFO - Running <TaskInstance: first_dag_02.thrid_task scheduled__2021-09-23T00:00:00+00:00 [running]> on host 7586ce0070ac
[2023-06-11T10:55:11.051+0000] {taskinstance.py:1547} INFO - Exporting env vars: AIRFLOW_CTX_DAG_OWNER='Raja' AIRFLOW_CTX_DAG_ID='first_dag_02' AIRFLOW_CTX_TASK_ID='thrid_task' AIRFLOW_CTX_EXECUTION_DATE='2021-09-23T00:00:00+00:00' AIRFLOW_CTX_TRY_NUMBER='1' AIRFLOW_CTX_DAG_RUN_ID='scheduled__2021-09-23T00:00:00+00:00'
[2023-06-11T10:55:11.093+0000] {subprocess.py:63} INFO - Tmp dir root location: 
 /tmp
[2023-06-11T10:55:11.096+0000] {subprocess.py:75} INFO - Running command: ['/bin/bash', '-c', 'echo hey, I am task3 and will be running after task1 at the same time as task2!']
[2023-06-11T10:55:11.249+0000] {subprocess.py:86} INFO - Output:
[2023-06-11T10:55:11.250+0000] {subprocess.py:93} INFO - hey, I am task3 and will be running after task1 at the same time as task2!
[2023-06-11T10:55:11.431+0000] {subprocess.py:97} INFO - Command exited with return code 0
[2023-06-11T10:55:12.506+0000] {taskinstance.py:1350} INFO - Marking task as SUCCESS. dag_id=first_dag_02, task_id=thrid_task, execution_date=20210923T000000, start_date=20230611T105500, end_date=20230611T105512
[2023-06-11T10:55:13.173+0000] {local_task_job_runner.py:225} INFO - Task exited with return code 0
[2023-06-11T10:55:14.510+0000] {taskinstance.py:2651} INFO - 0 downstream tasks scheduled from follow-on schedule check
