[2023-06-11T09:47:52.333+0000] {taskinstance.py:1103} INFO - Dependencies all met for dep_context=non-requeueable deps ti=<TaskInstance: dag_cron_expression_03.task1 scheduled__2022-03-31T03:00:00+00:00 [queued]>
[2023-06-11T09:47:52.479+0000] {taskinstance.py:1103} INFO - Dependencies all met for dep_context=requeueable deps ti=<TaskInstance: dag_cron_expression_03.task1 scheduled__2022-03-31T03:00:00+00:00 [queued]>
[2023-06-11T09:47:52.480+0000] {taskinstance.py:1308} INFO - Starting attempt 1 of 6
[2023-06-11T09:47:52.562+0000] {taskinstance.py:1327} INFO - Executing <Task(BashOperator): task1> on 2022-03-31 03:00:00+00:00
[2023-06-11T09:47:52.625+0000] {standard_task_runner.py:57} INFO - Started process 5173 to run task
[2023-06-11T09:47:52.697+0000] {standard_task_runner.py:84} INFO - Running: ['***', 'tasks', 'run', 'dag_cron_expression_03', 'task1', 'scheduled__2022-03-31T03:00:00+00:00', '--job-id', '1590', '--raw', '--subdir', 'DAGS_FOLDER/dag_corn.py', '--cfg-path', '/tmp/tmp5sbjxub1']
[2023-06-11T09:47:52.698+0000] {standard_task_runner.py:85} INFO - Job 1590: Subtask task1
[2023-06-11T09:47:54.026+0000] {task_command.py:410} INFO - Running <TaskInstance: dag_cron_expression_03.task1 scheduled__2022-03-31T03:00:00+00:00 [running]> on host 964e508aad03
[2023-06-11T09:47:58.753+0000] {taskinstance.py:1547} INFO - Exporting env vars: AIRFLOW_CTX_DAG_OWNER='Raja' AIRFLOW_CTX_DAG_ID='dag_cron_expression_03' AIRFLOW_CTX_TASK_ID='task1' AIRFLOW_CTX_EXECUTION_DATE='2022-03-31T03:00:00+00:00' AIRFLOW_CTX_TRY_NUMBER='1' AIRFLOW_CTX_DAG_RUN_ID='scheduled__2022-03-31T03:00:00+00:00'
[2023-06-11T09:47:58.760+0000] {subprocess.py:63} INFO - Tmp dir root location: 
 /tmp
[2023-06-11T09:47:58.797+0000] {subprocess.py:75} INFO - Running command: ['/bin/bash', '-c', 'echo dag with cron expression!']
[2023-06-11T09:47:58.972+0000] {subprocess.py:86} INFO - Output:
[2023-06-11T09:47:59.100+0000] {subprocess.py:93} INFO - dag with cron expression!
[2023-06-11T09:47:59.101+0000] {subprocess.py:97} INFO - Command exited with return code 0
[2023-06-11T09:48:00.706+0000] {taskinstance.py:1350} INFO - Marking task as SUCCESS. dag_id=dag_cron_expression_03, task_id=task1, execution_date=20220331T030000, start_date=20230611T094752, end_date=20230611T094800
[2023-06-11T09:48:01.325+0000] {local_task_job_runner.py:225} INFO - Task exited with return code 0
[2023-06-11T09:48:01.775+0000] {taskinstance.py:2651} INFO - 0 downstream tasks scheduled from follow-on schedule check
[2023-06-11T10:59:52.470+0000] {taskinstance.py:1103} INFO - Dependencies all met for dep_context=non-requeueable deps ti=<TaskInstance: dag_cron_expression_03.task1 scheduled__2022-03-31T03:00:00+00:00 [queued]>
[2023-06-11T10:59:52.827+0000] {taskinstance.py:1103} INFO - Dependencies all met for dep_context=requeueable deps ti=<TaskInstance: dag_cron_expression_03.task1 scheduled__2022-03-31T03:00:00+00:00 [queued]>
[2023-06-11T10:59:52.828+0000] {taskinstance.py:1308} INFO - Starting attempt 1 of 6
[2023-06-11T10:59:53.477+0000] {taskinstance.py:1327} INFO - Executing <Task(BashOperator): task1> on 2022-03-31 03:00:00+00:00
[2023-06-11T10:59:53.553+0000] {standard_task_runner.py:57} INFO - Started process 1504 to run task
[2023-06-11T10:59:53.582+0000] {standard_task_runner.py:84} INFO - Running: ['***', 'tasks', 'run', 'dag_cron_expression_03', 'task1', 'scheduled__2022-03-31T03:00:00+00:00', '--job-id', '419', '--raw', '--subdir', 'DAGS_FOLDER/dag_cron.py', '--cfg-path', '/tmp/tmpo0p6wau8']
[2023-06-11T10:59:53.585+0000] {standard_task_runner.py:85} INFO - Job 419: Subtask task1
[2023-06-11T10:59:54.970+0000] {task_command.py:410} INFO - Running <TaskInstance: dag_cron_expression_03.task1 scheduled__2022-03-31T03:00:00+00:00 [running]> on host 7586ce0070ac
[2023-06-11T11:00:00.817+0000] {taskinstance.py:1547} INFO - Exporting env vars: AIRFLOW_CTX_DAG_OWNER='Raja' AIRFLOW_CTX_DAG_ID='dag_cron_expression_03' AIRFLOW_CTX_TASK_ID='task1' AIRFLOW_CTX_EXECUTION_DATE='2022-03-31T03:00:00+00:00' AIRFLOW_CTX_TRY_NUMBER='1' AIRFLOW_CTX_DAG_RUN_ID='scheduled__2022-03-31T03:00:00+00:00'
[2023-06-11T11:00:00.831+0000] {subprocess.py:63} INFO - Tmp dir root location: 
 /tmp
[2023-06-11T11:00:00.940+0000] {subprocess.py:75} INFO - Running command: ['/bin/bash', '-c', 'echo dag with cron expression!']
[2023-06-11T11:00:02.086+0000] {subprocess.py:86} INFO - Output:
[2023-06-11T11:00:02.818+0000] {subprocess.py:93} INFO - dag with cron expression!
[2023-06-11T11:00:02.853+0000] {subprocess.py:97} INFO - Command exited with return code 0
[2023-06-11T11:00:04.206+0000] {taskinstance.py:1350} INFO - Marking task as SUCCESS. dag_id=dag_cron_expression_03, task_id=task1, execution_date=20220331T030000, start_date=20230611T105952, end_date=20230611T110004
[2023-06-11T11:00:04.668+0000] {local_task_job_runner.py:225} INFO - Task exited with return code 0
[2023-06-11T11:00:04.966+0000] {taskinstance.py:2651} INFO - 0 downstream tasks scheduled from follow-on schedule check
