[2023-06-10T17:23:17.168+0000] {taskinstance.py:1103} INFO - Dependencies all met for dep_context=non-requeueable deps ti=<TaskInstance: dag_pythonoperator_2.second_task scheduled__2023-06-02T00:00:00+00:00 [queued]>
[2023-06-10T17:23:18.081+0000] {taskinstance.py:1103} INFO - Dependencies all met for dep_context=requeueable deps ti=<TaskInstance: dag_pythonoperator_2.second_task scheduled__2023-06-02T00:00:00+00:00 [queued]>
[2023-06-10T17:23:18.082+0000] {taskinstance.py:1308} INFO - Starting attempt 1 of 6
[2023-06-10T17:23:18.162+0000] {taskinstance.py:1327} INFO - Executing <Task(PythonOperator): second_task> on 2023-06-02 00:00:00+00:00
[2023-06-10T17:23:18.254+0000] {standard_task_runner.py:57} INFO - Started process 520 to run task
[2023-06-10T17:23:18.439+0000] {standard_task_runner.py:84} INFO - Running: ['***', 'tasks', 'run', 'dag_pythonoperator_2', 'second_task', 'scheduled__2023-06-02T00:00:00+00:00', '--job-id', '1710', '--raw', '--subdir', 'DAGS_FOLDER/Pythonoperator_dag.py', '--cfg-path', '/tmp/tmpcstyyuo5']
[2023-06-10T17:23:18.523+0000] {standard_task_runner.py:85} INFO - Job 1710: Subtask second_task
[2023-06-10T17:23:20.568+0000] {task_command.py:410} INFO - Running <TaskInstance: dag_pythonoperator_2.second_task scheduled__2023-06-02T00:00:00+00:00 [running]> on host e326d5f70fa9
[2023-06-10T17:23:25.710+0000] {taskinstance.py:1547} INFO - Exporting env vars: AIRFLOW_CTX_DAG_OWNER='Raja' AIRFLOW_CTX_DAG_ID='dag_pythonoperator_2' AIRFLOW_CTX_TASK_ID='second_task' AIRFLOW_CTX_EXECUTION_DATE='2023-06-02T00:00:00+00:00' AIRFLOW_CTX_TRY_NUMBER='1' AIRFLOW_CTX_DAG_RUN_ID='scheduled__2023-06-02T00:00:00+00:00'
[2023-06-10T17:23:25.950+0000] {taskinstance.py:1824} ERROR - Task failed with exception
Traceback (most recent call last):
  File "/home/airflow/.local/lib/python3.7/site-packages/airflow/operators/python.py", line 181, in execute
    return_value = self.execute_callable()
  File "/home/airflow/.local/lib/python3.7/site-packages/airflow/operators/python.py", line 198, in execute_callable
    return self.python_callable(*self.op_args, **self.op_kwargs)
  File "/opt/airflow/dags/Pythonoperator_dag.py", line 16, in retur_values
    first_name=ti.xcom_pull(task_ids=get_name,key='first_name')
  File "/home/airflow/.local/lib/python3.7/site-packages/airflow/utils/session.py", line 76, in wrapper
    return func(*args, session=session, **kwargs)
  File "/home/airflow/.local/lib/python3.7/site-packages/airflow/models/taskinstance.py", line 2441, in xcom_pull
    task_id_whens = {tid: i for i, tid in enumerate(task_ids)}
TypeError: 'function' object is not iterable
[2023-06-10T17:23:26.329+0000] {taskinstance.py:1350} INFO - Marking task as UP_FOR_RETRY. dag_id=dag_pythonoperator_2, task_id=second_task, execution_date=20230602T000000, start_date=20230610T172317, end_date=20230610T172326
[2023-06-10T17:23:27.477+0000] {standard_task_runner.py:109} ERROR - Failed to execute job 1710 for task second_task ('function' object is not iterable; 520)
[2023-06-10T17:23:27.761+0000] {local_task_job_runner.py:225} INFO - Task exited with return code 1
[2023-06-10T17:23:29.773+0000] {taskinstance.py:2651} INFO - 0 downstream tasks scheduled from follow-on schedule check
