[2023-06-11T04:49:13.674+0000] {taskinstance.py:1103} INFO - Dependencies all met for dep_context=non-requeueable deps ti=<TaskInstance: first_dag_02.thrid_task scheduled__2021-09-18T00:00:00+00:00 [queued]>
[2023-06-11T04:49:14.347+0000] {taskinstance.py:1103} INFO - Dependencies all met for dep_context=requeueable deps ti=<TaskInstance: first_dag_02.thrid_task scheduled__2021-09-18T00:00:00+00:00 [queued]>
[2023-06-11T04:49:14.352+0000] {taskinstance.py:1308} INFO - Starting attempt 1 of 6
[2023-06-11T04:49:14.907+0000] {taskinstance.py:1327} INFO - Executing <Task(BashOperator): thrid_task> on 2021-09-18 00:00:00+00:00
[2023-06-11T04:49:15.067+0000] {standard_task_runner.py:57} INFO - Started process 697 to run task
[2023-06-11T04:49:15.090+0000] {standard_task_runner.py:84} INFO - Running: ['***', 'tasks', 'run', 'first_dag_02', 'thrid_task', 'scheduled__2021-09-18T00:00:00+00:00', '--job-id', '201', '--raw', '--subdir', 'DAGS_FOLDER/First_dag.py', '--cfg-path', '/tmp/tmpflhu9uil']
[2023-06-11T04:49:15.091+0000] {standard_task_runner.py:85} INFO - Job 201: Subtask thrid_task
[2023-06-11T04:49:18.063+0000] {task_command.py:410} INFO - Running <TaskInstance: first_dag_02.thrid_task scheduled__2021-09-18T00:00:00+00:00 [running]> on host 4b1b5d40d165
[2023-06-11T04:49:21.219+0000] {taskinstance.py:1547} INFO - Exporting env vars: AIRFLOW_CTX_DAG_OWNER='Raja' AIRFLOW_CTX_DAG_ID='first_dag_02' AIRFLOW_CTX_TASK_ID='thrid_task' AIRFLOW_CTX_EXECUTION_DATE='2021-09-18T00:00:00+00:00' AIRFLOW_CTX_TRY_NUMBER='1' AIRFLOW_CTX_DAG_RUN_ID='scheduled__2021-09-18T00:00:00+00:00'
[2023-06-11T04:49:21.222+0000] {subprocess.py:63} INFO - Tmp dir root location: 
 /tmp
[2023-06-11T04:49:21.225+0000] {subprocess.py:75} INFO - Running command: ['/bin/bash', '-c', 'echo hey, I am task3 and will be running after task1 at the same time as task2!']
[2023-06-11T04:49:21.641+0000] {subprocess.py:86} INFO - Output:
[2023-06-11T04:49:21.694+0000] {subprocess.py:93} INFO - hey, I am task3 and will be running after task1 at the same time as task2!
[2023-06-11T04:49:21.698+0000] {subprocess.py:97} INFO - Command exited with return code 0
[2023-06-11T04:49:23.341+0000] {taskinstance.py:1350} INFO - Marking task as SUCCESS. dag_id=first_dag_02, task_id=thrid_task, execution_date=20210918T000000, start_date=20230611T044913, end_date=20230611T044923
[2023-06-11T04:49:26.395+0000] {local_task_job_runner.py:225} INFO - Task exited with return code 0
[2023-06-11T04:49:27.002+0000] {taskinstance.py:2651} INFO - 0 downstream tasks scheduled from follow-on schedule check
[2023-06-11T08:27:06.840+0000] {taskinstance.py:1103} INFO - Dependencies all met for dep_context=non-requeueable deps ti=<TaskInstance: first_dag_02.thrid_task scheduled__2021-09-18T00:00:00+00:00 [queued]>
[2023-06-11T08:27:07.569+0000] {taskinstance.py:1103} INFO - Dependencies all met for dep_context=requeueable deps ti=<TaskInstance: first_dag_02.thrid_task scheduled__2021-09-18T00:00:00+00:00 [queued]>
[2023-06-11T08:27:07.570+0000] {taskinstance.py:1308} INFO - Starting attempt 1 of 6
[2023-06-11T08:27:09.229+0000] {taskinstance.py:1327} INFO - Executing <Task(BashOperator): thrid_task> on 2021-09-18 00:00:00+00:00
[2023-06-11T08:27:09.237+0000] {standard_task_runner.py:57} INFO - Started process 1170 to run task
[2023-06-11T08:27:09.260+0000] {standard_task_runner.py:84} INFO - Running: ['***', 'tasks', 'run', 'first_dag_02', 'thrid_task', 'scheduled__2021-09-18T00:00:00+00:00', '--job-id', '361', '--raw', '--subdir', 'DAGS_FOLDER/First_dag.py', '--cfg-path', '/tmp/tmp4u8wnx6o']
[2023-06-11T08:27:09.262+0000] {standard_task_runner.py:85} INFO - Job 361: Subtask thrid_task
[2023-06-11T08:27:12.325+0000] {task_command.py:410} INFO - Running <TaskInstance: first_dag_02.thrid_task scheduled__2021-09-18T00:00:00+00:00 [running]> on host 492037cdd057
[2023-06-11T08:27:25.895+0000] {taskinstance.py:1547} INFO - Exporting env vars: AIRFLOW_CTX_DAG_OWNER='Raja' AIRFLOW_CTX_DAG_ID='first_dag_02' AIRFLOW_CTX_TASK_ID='thrid_task' AIRFLOW_CTX_EXECUTION_DATE='2021-09-18T00:00:00+00:00' AIRFLOW_CTX_TRY_NUMBER='1' AIRFLOW_CTX_DAG_RUN_ID='scheduled__2021-09-18T00:00:00+00:00'
[2023-06-11T08:27:25.963+0000] {subprocess.py:63} INFO - Tmp dir root location: 
 /tmp
[2023-06-11T08:27:25.970+0000] {subprocess.py:75} INFO - Running command: ['/bin/bash', '-c', 'echo hey, I am task3 and will be running after task1 at the same time as task2!']
[2023-06-11T08:27:26.195+0000] {subprocess.py:86} INFO - Output:
[2023-06-11T08:27:27.529+0000] {subprocess.py:93} INFO - hey, I am task3 and will be running after task1 at the same time as task2!
[2023-06-11T08:27:27.532+0000] {subprocess.py:97} INFO - Command exited with return code 0
[2023-06-11T08:27:30.342+0000] {taskinstance.py:1350} INFO - Marking task as SUCCESS. dag_id=first_dag_02, task_id=thrid_task, execution_date=20210918T000000, start_date=20230611T082706, end_date=20230611T082730
[2023-06-11T08:27:31.036+0000] {local_task_job_runner.py:225} INFO - Task exited with return code 0
[2023-06-11T08:27:33.432+0000] {taskinstance.py:2651} INFO - 0 downstream tasks scheduled from follow-on schedule check
[2023-06-11T08:50:43.496+0000] {taskinstance.py:1103} INFO - Dependencies all met for dep_context=non-requeueable deps ti=<TaskInstance: first_dag_02.thrid_task scheduled__2021-09-18T00:00:00+00:00 [queued]>
[2023-06-11T08:50:43.606+0000] {taskinstance.py:1103} INFO - Dependencies all met for dep_context=requeueable deps ti=<TaskInstance: first_dag_02.thrid_task scheduled__2021-09-18T00:00:00+00:00 [queued]>
[2023-06-11T08:50:43.606+0000] {taskinstance.py:1308} INFO - Starting attempt 1 of 6
[2023-06-11T08:50:44.433+0000] {taskinstance.py:1327} INFO - Executing <Task(BashOperator): thrid_task> on 2021-09-18 00:00:00+00:00
[2023-06-11T08:50:44.626+0000] {standard_task_runner.py:57} INFO - Started process 952 to run task
[2023-06-11T08:50:44.659+0000] {standard_task_runner.py:84} INFO - Running: ['***', 'tasks', 'run', 'first_dag_02', 'thrid_task', 'scheduled__2021-09-18T00:00:00+00:00', '--job-id', '294', '--raw', '--subdir', 'DAGS_FOLDER/First_dag.py', '--cfg-path', '/tmp/tmp_s2oryjf']
[2023-06-11T08:50:44.675+0000] {standard_task_runner.py:85} INFO - Job 294: Subtask thrid_task
[2023-06-11T08:50:45.439+0000] {task_command.py:410} INFO - Running <TaskInstance: first_dag_02.thrid_task scheduled__2021-09-18T00:00:00+00:00 [running]> on host 964e508aad03
[2023-06-11T08:50:49.566+0000] {taskinstance.py:1547} INFO - Exporting env vars: AIRFLOW_CTX_DAG_OWNER='Raja' AIRFLOW_CTX_DAG_ID='first_dag_02' AIRFLOW_CTX_TASK_ID='thrid_task' AIRFLOW_CTX_EXECUTION_DATE='2021-09-18T00:00:00+00:00' AIRFLOW_CTX_TRY_NUMBER='1' AIRFLOW_CTX_DAG_RUN_ID='scheduled__2021-09-18T00:00:00+00:00'
[2023-06-11T08:50:49.603+0000] {subprocess.py:63} INFO - Tmp dir root location: 
 /tmp
[2023-06-11T08:50:49.620+0000] {subprocess.py:75} INFO - Running command: ['/bin/bash', '-c', 'echo hey, I am task3 and will be running after task1 at the same time as task2!']
[2023-06-11T08:50:49.826+0000] {subprocess.py:86} INFO - Output:
[2023-06-11T08:50:49.836+0000] {subprocess.py:93} INFO - hey, I am task3 and will be running after task1 at the same time as task2!
[2023-06-11T08:50:49.837+0000] {subprocess.py:97} INFO - Command exited with return code 0
[2023-06-11T08:50:50.575+0000] {taskinstance.py:1350} INFO - Marking task as SUCCESS. dag_id=first_dag_02, task_id=thrid_task, execution_date=20210918T000000, start_date=20230611T085043, end_date=20230611T085050
[2023-06-11T08:50:51.245+0000] {local_task_job_runner.py:225} INFO - Task exited with return code 0
[2023-06-11T08:50:51.650+0000] {taskinstance.py:2651} INFO - 0 downstream tasks scheduled from follow-on schedule check
[2023-06-11T10:53:59.206+0000] {taskinstance.py:1103} INFO - Dependencies all met for dep_context=non-requeueable deps ti=<TaskInstance: first_dag_02.thrid_task scheduled__2021-09-18T00:00:00+00:00 [queued]>
[2023-06-11T10:53:59.422+0000] {taskinstance.py:1103} INFO - Dependencies all met for dep_context=requeueable deps ti=<TaskInstance: first_dag_02.thrid_task scheduled__2021-09-18T00:00:00+00:00 [queued]>
[2023-06-11T10:53:59.427+0000] {taskinstance.py:1308} INFO - Starting attempt 1 of 6
[2023-06-11T10:54:10.808+0000] {taskinstance.py:1327} INFO - Executing <Task(BashOperator): thrid_task> on 2021-09-18 00:00:00+00:00
[2023-06-11T10:54:11.001+0000] {standard_task_runner.py:57} INFO - Started process 1026 to run task
[2023-06-11T10:54:11.737+0000] {standard_task_runner.py:84} INFO - Running: ['***', 'tasks', 'run', 'first_dag_02', 'thrid_task', 'scheduled__2021-09-18T00:00:00+00:00', '--job-id', '279', '--raw', '--subdir', 'DAGS_FOLDER/First_dag.py', '--cfg-path', '/tmp/tmpbcc9a_ui']
[2023-06-11T10:54:11.739+0000] {standard_task_runner.py:85} INFO - Job 279: Subtask thrid_task
[2023-06-11T10:54:12.678+0000] {task_command.py:410} INFO - Running <TaskInstance: first_dag_02.thrid_task scheduled__2021-09-18T00:00:00+00:00 [running]> on host 7586ce0070ac
[2023-06-11T10:54:18.244+0000] {taskinstance.py:1547} INFO - Exporting env vars: AIRFLOW_CTX_DAG_OWNER='Raja' AIRFLOW_CTX_DAG_ID='first_dag_02' AIRFLOW_CTX_TASK_ID='thrid_task' AIRFLOW_CTX_EXECUTION_DATE='2021-09-18T00:00:00+00:00' AIRFLOW_CTX_TRY_NUMBER='1' AIRFLOW_CTX_DAG_RUN_ID='scheduled__2021-09-18T00:00:00+00:00'
[2023-06-11T10:54:18.279+0000] {subprocess.py:63} INFO - Tmp dir root location: 
 /tmp
[2023-06-11T10:54:18.284+0000] {subprocess.py:75} INFO - Running command: ['/bin/bash', '-c', 'echo hey, I am task3 and will be running after task1 at the same time as task2!']
[2023-06-11T10:54:18.481+0000] {subprocess.py:86} INFO - Output:
[2023-06-11T10:54:18.527+0000] {subprocess.py:93} INFO - hey, I am task3 and will be running after task1 at the same time as task2!
[2023-06-11T10:54:18.531+0000] {subprocess.py:97} INFO - Command exited with return code 0
[2023-06-11T10:54:19.353+0000] {taskinstance.py:1350} INFO - Marking task as SUCCESS. dag_id=first_dag_02, task_id=thrid_task, execution_date=20210918T000000, start_date=20230611T105359, end_date=20230611T105419
[2023-06-11T10:54:21.196+0000] {local_task_job_runner.py:225} INFO - Task exited with return code 0
[2023-06-11T10:54:21.467+0000] {taskinstance.py:2651} INFO - 0 downstream tasks scheduled from follow-on schedule check
