[2023-06-11T11:13:51.595+0000] {taskinstance.py:1097} INFO - Dependencies not met for <TaskInstance: first_dag_02.first_task scheduled__2021-10-31T00:00:00+00:00 [up_for_retry]>, dependency 'Not In Retry Period' FAILED: Task is not ready for retry yet but will be retried automatically. Current date is 2023-06-11T11:13:51.594827+00:00 and task will be retried at 2023-06-11T11:14:54.208159+00:00.
[2023-06-11T11:13:51.812+0000] {local_task_job_runner.py:154} INFO - Task is not able to be run
[2023-06-11T11:15:09.610+0000] {taskinstance.py:1103} INFO - Dependencies all met for dep_context=non-requeueable deps ti=<TaskInstance: first_dag_02.first_task scheduled__2021-10-31T00:00:00+00:00 [queued]>
[2023-06-11T11:15:09.826+0000] {taskinstance.py:1103} INFO - Dependencies all met for dep_context=requeueable deps ti=<TaskInstance: first_dag_02.first_task scheduled__2021-10-31T00:00:00+00:00 [queued]>
[2023-06-11T11:15:09.827+0000] {taskinstance.py:1308} INFO - Starting attempt 2 of 6
[2023-06-11T11:15:10.434+0000] {taskinstance.py:1327} INFO - Executing <Task(BashOperator): first_task> on 2021-10-31 00:00:00+00:00
[2023-06-11T11:15:10.493+0000] {standard_task_runner.py:57} INFO - Started process 278 to run task
[2023-06-11T11:15:10.545+0000] {standard_task_runner.py:84} INFO - Running: ['***', 'tasks', 'run', 'first_dag_02', 'first_task', 'scheduled__2021-10-31T00:00:00+00:00', '--job-id', '541', '--raw', '--subdir', 'DAGS_FOLDER/First_dag.py', '--cfg-path', '/tmp/tmpujs_9gwl']
[2023-06-11T11:15:10.585+0000] {standard_task_runner.py:85} INFO - Job 541: Subtask first_task
[2023-06-11T11:15:11.039+0000] {task_command.py:410} INFO - Running <TaskInstance: first_dag_02.first_task scheduled__2021-10-31T00:00:00+00:00 [running]> on host 7586ce0070ac
[2023-06-11T11:15:12.612+0000] {taskinstance.py:1547} INFO - Exporting env vars: AIRFLOW_CTX_DAG_OWNER='Raja' AIRFLOW_CTX_DAG_ID='first_dag_02' AIRFLOW_CTX_TASK_ID='first_task' AIRFLOW_CTX_EXECUTION_DATE='2021-10-31T00:00:00+00:00' AIRFLOW_CTX_TRY_NUMBER='2' AIRFLOW_CTX_DAG_RUN_ID='scheduled__2021-10-31T00:00:00+00:00'
[2023-06-11T11:15:12.615+0000] {subprocess.py:63} INFO - Tmp dir root location: 
 /tmp
[2023-06-11T11:15:12.622+0000] {subprocess.py:75} INFO - Running command: ['/bin/bash', '-c', 'echo hello world, this is the first task!']
[2023-06-11T11:15:12.758+0000] {subprocess.py:86} INFO - Output:
[2023-06-11T11:15:12.780+0000] {subprocess.py:93} INFO - hello world, this is the first task!
[2023-06-11T11:15:12.786+0000] {subprocess.py:97} INFO - Command exited with return code 0
[2023-06-11T11:15:13.343+0000] {taskinstance.py:1350} INFO - Marking task as SUCCESS. dag_id=first_dag_02, task_id=first_task, execution_date=20211031T000000, start_date=20230611T111509, end_date=20230611T111513
[2023-06-11T11:15:13.619+0000] {local_task_job_runner.py:225} INFO - Task exited with return code 0
[2023-06-11T11:15:13.963+0000] {taskinstance.py:2651} INFO - 2 downstream tasks scheduled from follow-on schedule check
