[2023-06-11T08:58:45.477+0000] {taskinstance.py:1103} INFO - Dependencies all met for dep_context=non-requeueable deps ti=<TaskInstance: first_dag_02.thrid_task scheduled__2022-01-19T00:00:00+00:00 [queued]>
[2023-06-11T08:58:45.665+0000] {taskinstance.py:1103} INFO - Dependencies all met for dep_context=requeueable deps ti=<TaskInstance: first_dag_02.thrid_task scheduled__2022-01-19T00:00:00+00:00 [queued]>
[2023-06-11T08:58:45.665+0000] {taskinstance.py:1308} INFO - Starting attempt 1 of 6
[2023-06-11T08:58:46.012+0000] {taskinstance.py:1327} INFO - Executing <Task(BashOperator): thrid_task> on 2022-01-19 00:00:00+00:00
[2023-06-11T08:58:46.127+0000] {standard_task_runner.py:57} INFO - Started process 2782 to run task
[2023-06-11T08:58:46.181+0000] {standard_task_runner.py:84} INFO - Running: ['***', 'tasks', 'run', 'first_dag_02', 'thrid_task', 'scheduled__2022-01-19T00:00:00+00:00', '--job-id', '869', '--raw', '--subdir', 'DAGS_FOLDER/First_dag.py', '--cfg-path', '/tmp/tmpchs1sups']
[2023-06-11T08:58:46.181+0000] {standard_task_runner.py:85} INFO - Job 869: Subtask thrid_task
[2023-06-11T08:58:46.508+0000] {task_command.py:410} INFO - Running <TaskInstance: first_dag_02.thrid_task scheduled__2022-01-19T00:00:00+00:00 [running]> on host 964e508aad03
[2023-06-11T08:58:48.182+0000] {taskinstance.py:1547} INFO - Exporting env vars: AIRFLOW_CTX_DAG_OWNER='Raja' AIRFLOW_CTX_DAG_ID='first_dag_02' AIRFLOW_CTX_TASK_ID='thrid_task' AIRFLOW_CTX_EXECUTION_DATE='2022-01-19T00:00:00+00:00' AIRFLOW_CTX_TRY_NUMBER='1' AIRFLOW_CTX_DAG_RUN_ID='scheduled__2022-01-19T00:00:00+00:00'
[2023-06-11T08:58:48.189+0000] {subprocess.py:63} INFO - Tmp dir root location: 
 /tmp
[2023-06-11T08:58:48.190+0000] {subprocess.py:75} INFO - Running command: ['/bin/bash', '-c', 'echo hey, I am task3 and will be running after task1 at the same time as task2!']
[2023-06-11T08:58:48.270+0000] {subprocess.py:86} INFO - Output:
[2023-06-11T08:58:48.300+0000] {subprocess.py:93} INFO - hey, I am task3 and will be running after task1 at the same time as task2!
[2023-06-11T08:58:48.316+0000] {subprocess.py:97} INFO - Command exited with return code 0
[2023-06-11T08:58:48.531+0000] {taskinstance.py:1350} INFO - Marking task as SUCCESS. dag_id=first_dag_02, task_id=thrid_task, execution_date=20220119T000000, start_date=20230611T085845, end_date=20230611T085848
[2023-06-11T08:58:49.113+0000] {local_task_job_runner.py:225} INFO - Task exited with return code 0
[2023-06-11T08:58:49.374+0000] {taskinstance.py:2651} INFO - 0 downstream tasks scheduled from follow-on schedule check
[2023-06-11T11:30:37.461+0000] {taskinstance.py:1103} INFO - Dependencies all met for dep_context=non-requeueable deps ti=<TaskInstance: first_dag_02.thrid_task scheduled__2022-01-19T00:00:00+00:00 [queued]>
[2023-06-11T11:30:37.688+0000] {taskinstance.py:1103} INFO - Dependencies all met for dep_context=requeueable deps ti=<TaskInstance: first_dag_02.thrid_task scheduled__2022-01-19T00:00:00+00:00 [queued]>
[2023-06-11T11:30:37.688+0000] {taskinstance.py:1308} INFO - Starting attempt 1 of 6
[2023-06-11T11:30:38.028+0000] {taskinstance.py:1327} INFO - Executing <Task(BashOperator): thrid_task> on 2022-01-19 00:00:00+00:00
[2023-06-11T11:30:38.040+0000] {standard_task_runner.py:57} INFO - Started process 239 to run task
[2023-06-11T11:30:38.054+0000] {standard_task_runner.py:84} INFO - Running: ['***', 'tasks', 'run', 'first_dag_02', 'thrid_task', 'scheduled__2022-01-19T00:00:00+00:00', '--job-id', '881', '--raw', '--subdir', 'DAGS_FOLDER/First_dag.py', '--cfg-path', '/tmp/tmp7amt7khi']
[2023-06-11T11:30:38.055+0000] {standard_task_runner.py:85} INFO - Job 881: Subtask thrid_task
[2023-06-11T11:30:38.348+0000] {task_command.py:410} INFO - Running <TaskInstance: first_dag_02.thrid_task scheduled__2022-01-19T00:00:00+00:00 [running]> on host 7586ce0070ac
[2023-06-11T11:30:40.560+0000] {taskinstance.py:1547} INFO - Exporting env vars: AIRFLOW_CTX_DAG_OWNER='Raja' AIRFLOW_CTX_DAG_ID='first_dag_02' AIRFLOW_CTX_TASK_ID='thrid_task' AIRFLOW_CTX_EXECUTION_DATE='2022-01-19T00:00:00+00:00' AIRFLOW_CTX_TRY_NUMBER='1' AIRFLOW_CTX_DAG_RUN_ID='scheduled__2022-01-19T00:00:00+00:00'
[2023-06-11T11:30:40.576+0000] {subprocess.py:63} INFO - Tmp dir root location: 
 /tmp
[2023-06-11T11:30:40.577+0000] {subprocess.py:75} INFO - Running command: ['/bin/bash', '-c', 'echo hey, I am task3 and will be running after task1 at the same time as task2!']
[2023-06-11T11:30:40.748+0000] {subprocess.py:86} INFO - Output:
[2023-06-11T11:30:40.778+0000] {subprocess.py:93} INFO - hey, I am task3 and will be running after task1 at the same time as task2!
[2023-06-11T11:30:40.783+0000] {subprocess.py:97} INFO - Command exited with return code 0
[2023-06-11T11:30:41.518+0000] {taskinstance.py:1350} INFO - Marking task as SUCCESS. dag_id=first_dag_02, task_id=thrid_task, execution_date=20220119T000000, start_date=20230611T113037, end_date=20230611T113041
[2023-06-11T11:30:42.110+0000] {local_task_job_runner.py:225} INFO - Task exited with return code 0
[2023-06-11T11:30:42.673+0000] {taskinstance.py:2651} INFO - 0 downstream tasks scheduled from follow-on schedule check
