[2023-06-11T09:44:38.022+0000] {taskinstance.py:1103} INFO - Dependencies all met for dep_context=non-requeueable deps ti=<TaskInstance: dag_cron_expression_03.task1 scheduled__2021-12-28T03:00:00+00:00 [queued]>
[2023-06-11T09:44:38.261+0000] {taskinstance.py:1103} INFO - Dependencies all met for dep_context=requeueable deps ti=<TaskInstance: dag_cron_expression_03.task1 scheduled__2021-12-28T03:00:00+00:00 [queued]>
[2023-06-11T09:44:38.262+0000] {taskinstance.py:1308} INFO - Starting attempt 1 of 6
[2023-06-11T09:44:38.809+0000] {taskinstance.py:1327} INFO - Executing <Task(BashOperator): task1> on 2021-12-28 03:00:00+00:00
[2023-06-11T09:44:38.939+0000] {standard_task_runner.py:57} INFO - Started process 4534 to run task
[2023-06-11T09:44:39.032+0000] {standard_task_runner.py:84} INFO - Running: ['***', 'tasks', 'run', 'dag_cron_expression_03', 'task1', 'scheduled__2021-12-28T03:00:00+00:00', '--job-id', '1387', '--raw', '--subdir', 'DAGS_FOLDER/dag_corn.py', '--cfg-path', '/tmp/tmphn6mgqtz']
[2023-06-11T09:44:39.042+0000] {standard_task_runner.py:85} INFO - Job 1387: Subtask task1
[2023-06-11T09:44:39.906+0000] {task_command.py:410} INFO - Running <TaskInstance: dag_cron_expression_03.task1 scheduled__2021-12-28T03:00:00+00:00 [running]> on host 964e508aad03
[2023-06-11T09:44:41.820+0000] {taskinstance.py:1547} INFO - Exporting env vars: AIRFLOW_CTX_DAG_OWNER='Raja' AIRFLOW_CTX_DAG_ID='dag_cron_expression_03' AIRFLOW_CTX_TASK_ID='task1' AIRFLOW_CTX_EXECUTION_DATE='2021-12-28T03:00:00+00:00' AIRFLOW_CTX_TRY_NUMBER='1' AIRFLOW_CTX_DAG_RUN_ID='scheduled__2021-12-28T03:00:00+00:00'
[2023-06-11T09:44:41.822+0000] {subprocess.py:63} INFO - Tmp dir root location: 
 /tmp
[2023-06-11T09:44:41.823+0000] {subprocess.py:75} INFO - Running command: ['/bin/bash', '-c', 'echo dag with cron expression!']
[2023-06-11T09:44:41.997+0000] {subprocess.py:86} INFO - Output:
[2023-06-11T09:44:41.997+0000] {subprocess.py:93} INFO - dag with cron expression!
[2023-06-11T09:44:41.998+0000] {subprocess.py:97} INFO - Command exited with return code 0
[2023-06-11T09:44:42.449+0000] {taskinstance.py:1350} INFO - Marking task as SUCCESS. dag_id=dag_cron_expression_03, task_id=task1, execution_date=20211228T030000, start_date=20230611T094438, end_date=20230611T094442
[2023-06-11T09:44:42.581+0000] {local_task_job_runner.py:225} INFO - Task exited with return code 0
[2023-06-11T09:44:42.914+0000] {taskinstance.py:2651} INFO - 0 downstream tasks scheduled from follow-on schedule check
[2023-06-11T10:41:48.562+0000] {taskinstance.py:1103} INFO - Dependencies all met for dep_context=non-requeueable deps ti=<TaskInstance: dag_cron_expression_03.task1 scheduled__2021-12-28T03:00:00+00:00 [queued]>
[2023-06-11T10:41:48.646+0000] {taskinstance.py:1103} INFO - Dependencies all met for dep_context=requeueable deps ti=<TaskInstance: dag_cron_expression_03.task1 scheduled__2021-12-28T03:00:00+00:00 [queued]>
[2023-06-11T10:41:48.647+0000] {taskinstance.py:1308} INFO - Starting attempt 1 of 6
[2023-06-11T10:41:49.097+0000] {taskinstance.py:1327} INFO - Executing <Task(BashOperator): task1> on 2021-12-28 03:00:00+00:00
[2023-06-11T10:41:49.816+0000] {standard_task_runner.py:57} INFO - Started process 639 to run task
[2023-06-11T10:41:49.987+0000] {standard_task_runner.py:84} INFO - Running: ['***', 'tasks', 'run', 'dag_cron_expression_03', 'task1', 'scheduled__2021-12-28T03:00:00+00:00', '--job-id', '179', '--raw', '--subdir', 'DAGS_FOLDER/dag_cron.py', '--cfg-path', '/tmp/tmp2ugqcj_m']
[2023-06-11T10:41:50.084+0000] {standard_task_runner.py:85} INFO - Job 179: Subtask task1
[2023-06-11T10:41:53.667+0000] {task_command.py:410} INFO - Running <TaskInstance: dag_cron_expression_03.task1 scheduled__2021-12-28T03:00:00+00:00 [running]> on host 7586ce0070ac
[2023-06-11T10:41:57.622+0000] {taskinstance.py:1547} INFO - Exporting env vars: AIRFLOW_CTX_DAG_OWNER='Raja' AIRFLOW_CTX_DAG_ID='dag_cron_expression_03' AIRFLOW_CTX_TASK_ID='task1' AIRFLOW_CTX_EXECUTION_DATE='2021-12-28T03:00:00+00:00' AIRFLOW_CTX_TRY_NUMBER='1' AIRFLOW_CTX_DAG_RUN_ID='scheduled__2021-12-28T03:00:00+00:00'
[2023-06-11T10:41:57.920+0000] {subprocess.py:63} INFO - Tmp dir root location: 
 /tmp
[2023-06-11T10:41:57.941+0000] {subprocess.py:75} INFO - Running command: ['/bin/bash', '-c', 'echo dag with cron expression!']
[2023-06-11T10:41:58.470+0000] {subprocess.py:86} INFO - Output:
[2023-06-11T10:41:58.515+0000] {subprocess.py:93} INFO - dag with cron expression!
[2023-06-11T10:41:58.701+0000] {subprocess.py:97} INFO - Command exited with return code 0
[2023-06-11T10:42:00.677+0000] {taskinstance.py:1350} INFO - Marking task as SUCCESS. dag_id=dag_cron_expression_03, task_id=task1, execution_date=20211228T030000, start_date=20230611T104148, end_date=20230611T104200
[2023-06-11T10:42:01.308+0000] {local_task_job_runner.py:225} INFO - Task exited with return code 0
[2023-06-11T10:42:01.567+0000] {taskinstance.py:2651} INFO - 0 downstream tasks scheduled from follow-on schedule check
