[2023-06-11T09:02:02.680+0000] {taskinstance.py:1103} INFO - Dependencies all met for dep_context=non-requeueable deps ti=<TaskInstance: first_dag_02.first_task scheduled__2022-03-13T00:00:00+00:00 [queued]>
[2023-06-11T09:02:02.790+0000] {taskinstance.py:1103} INFO - Dependencies all met for dep_context=requeueable deps ti=<TaskInstance: first_dag_02.first_task scheduled__2022-03-13T00:00:00+00:00 [queued]>
[2023-06-11T09:02:02.791+0000] {taskinstance.py:1308} INFO - Starting attempt 1 of 6
[2023-06-11T09:02:03.069+0000] {taskinstance.py:1327} INFO - Executing <Task(BashOperator): first_task> on 2022-03-13 00:00:00+00:00
[2023-06-11T09:02:03.082+0000] {standard_task_runner.py:57} INFO - Started process 3444 to run task
[2023-06-11T09:02:03.179+0000] {standard_task_runner.py:84} INFO - Running: ['***', 'tasks', 'run', 'first_dag_02', 'first_task', 'scheduled__2022-03-13T00:00:00+00:00', '--job-id', '1072', '--raw', '--subdir', 'DAGS_FOLDER/First_dag.py', '--cfg-path', '/tmp/tmpk2ay2ota']
[2023-06-11T09:02:03.191+0000] {standard_task_runner.py:85} INFO - Job 1072: Subtask first_task
[2023-06-11T09:02:03.730+0000] {task_command.py:410} INFO - Running <TaskInstance: first_dag_02.first_task scheduled__2022-03-13T00:00:00+00:00 [running]> on host 964e508aad03
[2023-06-11T09:02:06.143+0000] {taskinstance.py:1547} INFO - Exporting env vars: AIRFLOW_CTX_DAG_OWNER='Raja' AIRFLOW_CTX_DAG_ID='first_dag_02' AIRFLOW_CTX_TASK_ID='first_task' AIRFLOW_CTX_EXECUTION_DATE='2022-03-13T00:00:00+00:00' AIRFLOW_CTX_TRY_NUMBER='1' AIRFLOW_CTX_DAG_RUN_ID='scheduled__2022-03-13T00:00:00+00:00'
[2023-06-11T09:02:06.145+0000] {subprocess.py:63} INFO - Tmp dir root location: 
 /tmp
[2023-06-11T09:02:06.146+0000] {subprocess.py:75} INFO - Running command: ['/bin/bash', '-c', 'echo hello world, this is the first task!']
[2023-06-11T09:02:06.253+0000] {subprocess.py:86} INFO - Output:
[2023-06-11T09:02:06.258+0000] {subprocess.py:93} INFO - hello world, this is the first task!
[2023-06-11T09:02:06.279+0000] {subprocess.py:97} INFO - Command exited with return code 0
[2023-06-11T09:02:06.838+0000] {taskinstance.py:1350} INFO - Marking task as SUCCESS. dag_id=first_dag_02, task_id=first_task, execution_date=20220313T000000, start_date=20230611T090202, end_date=20230611T090206
[2023-06-11T09:02:07.385+0000] {local_task_job_runner.py:225} INFO - Task exited with return code 0
[2023-06-11T09:02:08.112+0000] {taskinstance.py:2651} INFO - 2 downstream tasks scheduled from follow-on schedule check
[2023-06-11T15:25:54.629+0000] {taskinstance.py:1103} INFO - Dependencies all met for dep_context=non-requeueable deps ti=<TaskInstance: first_dag_02.first_task scheduled__2022-03-13T00:00:00+00:00 [queued]>
[2023-06-11T15:25:55.101+0000] {taskinstance.py:1103} INFO - Dependencies all met for dep_context=requeueable deps ti=<TaskInstance: first_dag_02.first_task scheduled__2022-03-13T00:00:00+00:00 [queued]>
[2023-06-11T15:25:55.119+0000] {taskinstance.py:1308} INFO - Starting attempt 1 of 6
[2023-06-11T15:25:55.815+0000] {taskinstance.py:1327} INFO - Executing <Task(BashOperator): first_task> on 2022-03-13 00:00:00+00:00
[2023-06-11T15:25:55.915+0000] {standard_task_runner.py:57} INFO - Started process 124 to run task
[2023-06-11T15:25:56.015+0000] {standard_task_runner.py:84} INFO - Running: ['***', 'tasks', 'run', 'first_dag_02', 'first_task', 'scheduled__2022-03-13T00:00:00+00:00', '--job-id', '1120', '--raw', '--subdir', 'DAGS_FOLDER/First_dag.py', '--cfg-path', '/tmp/tmp3qi3q67z']
[2023-06-11T15:25:56.070+0000] {standard_task_runner.py:85} INFO - Job 1120: Subtask first_task
[2023-06-11T15:25:57.215+0000] {task_command.py:410} INFO - Running <TaskInstance: first_dag_02.first_task scheduled__2022-03-13T00:00:00+00:00 [running]> on host 7586ce0070ac
[2023-06-11T15:26:00.670+0000] {taskinstance.py:1547} INFO - Exporting env vars: AIRFLOW_CTX_DAG_OWNER='Raja' AIRFLOW_CTX_DAG_ID='first_dag_02' AIRFLOW_CTX_TASK_ID='first_task' AIRFLOW_CTX_EXECUTION_DATE='2022-03-13T00:00:00+00:00' AIRFLOW_CTX_TRY_NUMBER='1' AIRFLOW_CTX_DAG_RUN_ID='scheduled__2022-03-13T00:00:00+00:00'
[2023-06-11T15:26:00.732+0000] {subprocess.py:63} INFO - Tmp dir root location: 
 /tmp
[2023-06-11T15:26:00.740+0000] {subprocess.py:75} INFO - Running command: ['/bin/bash', '-c', 'echo hello world, this is the first task!']
[2023-06-11T15:26:00.906+0000] {subprocess.py:86} INFO - Output:
[2023-06-11T15:26:00.945+0000] {subprocess.py:93} INFO - hello world, this is the first task!
[2023-06-11T15:26:00.987+0000] {subprocess.py:97} INFO - Command exited with return code 0
[2023-06-11T15:26:01.784+0000] {taskinstance.py:1350} INFO - Marking task as SUCCESS. dag_id=first_dag_02, task_id=first_task, execution_date=20220313T000000, start_date=20230611T152554, end_date=20230611T152601
[2023-06-11T15:26:08.839+0000] {local_task_job_runner.py:225} INFO - Task exited with return code 0
[2023-06-11T15:26:09.563+0000] {taskinstance.py:2651} INFO - 2 downstream tasks scheduled from follow-on schedule check
