[2023-06-11T09:47:42.151+0000] {taskinstance.py:1103} INFO - Dependencies all met for dep_context=non-requeueable deps ti=<TaskInstance: first_dag_02.thrid_task scheduled__2022-06-22T00:00:00+00:00 [queued]>
[2023-06-11T09:47:42.357+0000] {taskinstance.py:1103} INFO - Dependencies all met for dep_context=requeueable deps ti=<TaskInstance: first_dag_02.thrid_task scheduled__2022-06-22T00:00:00+00:00 [queued]>
[2023-06-11T09:47:42.367+0000] {taskinstance.py:1308} INFO - Starting attempt 1 of 6
[2023-06-11T09:47:42.589+0000] {taskinstance.py:1327} INFO - Executing <Task(BashOperator): thrid_task> on 2022-06-22 00:00:00+00:00
[2023-06-11T09:47:42.642+0000] {standard_task_runner.py:57} INFO - Started process 5140 to run task
[2023-06-11T09:47:42.685+0000] {standard_task_runner.py:84} INFO - Running: ['***', 'tasks', 'run', 'first_dag_02', 'thrid_task', 'scheduled__2022-06-22T00:00:00+00:00', '--job-id', '1578', '--raw', '--subdir', 'DAGS_FOLDER/First_dag.py', '--cfg-path', '/tmp/tmp1h1098wg']
[2023-06-11T09:47:42.692+0000] {standard_task_runner.py:85} INFO - Job 1578: Subtask thrid_task
[2023-06-11T09:47:43.055+0000] {task_command.py:410} INFO - Running <TaskInstance: first_dag_02.thrid_task scheduled__2022-06-22T00:00:00+00:00 [running]> on host 964e508aad03
[2023-06-11T09:47:44.897+0000] {taskinstance.py:1547} INFO - Exporting env vars: AIRFLOW_CTX_DAG_OWNER='Raja' AIRFLOW_CTX_DAG_ID='first_dag_02' AIRFLOW_CTX_TASK_ID='thrid_task' AIRFLOW_CTX_EXECUTION_DATE='2022-06-22T00:00:00+00:00' AIRFLOW_CTX_TRY_NUMBER='1' AIRFLOW_CTX_DAG_RUN_ID='scheduled__2022-06-22T00:00:00+00:00'
[2023-06-11T09:47:44.900+0000] {subprocess.py:63} INFO - Tmp dir root location: 
 /tmp
[2023-06-11T09:47:45.013+0000] {subprocess.py:75} INFO - Running command: ['/bin/bash', '-c', 'echo hey, I am task3 and will be running after task1 at the same time as task2!']
[2023-06-11T09:47:45.050+0000] {subprocess.py:86} INFO - Output:
[2023-06-11T09:47:45.056+0000] {subprocess.py:93} INFO - hey, I am task3 and will be running after task1 at the same time as task2!
[2023-06-11T09:47:45.057+0000] {subprocess.py:97} INFO - Command exited with return code 0
[2023-06-11T09:47:45.414+0000] {taskinstance.py:1350} INFO - Marking task as SUCCESS. dag_id=first_dag_02, task_id=thrid_task, execution_date=20220622T000000, start_date=20230611T094742, end_date=20230611T094745
[2023-06-11T09:47:45.623+0000] {local_task_job_runner.py:225} INFO - Task exited with return code 0
[2023-06-11T09:47:46.028+0000] {taskinstance.py:2651} INFO - 0 downstream tasks scheduled from follow-on schedule check
[2023-06-11T15:34:28.777+0000] {taskinstance.py:1103} INFO - Dependencies all met for dep_context=non-requeueable deps ti=<TaskInstance: first_dag_02.thrid_task scheduled__2022-06-22T00:00:00+00:00 [queued]>
[2023-06-11T15:34:28.888+0000] {taskinstance.py:1103} INFO - Dependencies all met for dep_context=requeueable deps ti=<TaskInstance: first_dag_02.thrid_task scheduled__2022-06-22T00:00:00+00:00 [queued]>
[2023-06-11T15:34:28.892+0000] {taskinstance.py:1308} INFO - Starting attempt 1 of 6
[2023-06-11T15:34:29.206+0000] {taskinstance.py:1327} INFO - Executing <Task(BashOperator): thrid_task> on 2022-06-22 00:00:00+00:00
[2023-06-11T15:34:29.255+0000] {standard_task_runner.py:57} INFO - Started process 1728 to run task
[2023-06-11T15:34:29.274+0000] {standard_task_runner.py:84} INFO - Running: ['***', 'tasks', 'run', 'first_dag_02', 'thrid_task', 'scheduled__2022-06-22T00:00:00+00:00', '--job-id', '1616', '--raw', '--subdir', 'DAGS_FOLDER/First_dag.py', '--cfg-path', '/tmp/tmp3394mwuh']
[2023-06-11T15:34:29.275+0000] {standard_task_runner.py:85} INFO - Job 1616: Subtask thrid_task
[2023-06-11T15:34:30.094+0000] {task_command.py:410} INFO - Running <TaskInstance: first_dag_02.thrid_task scheduled__2022-06-22T00:00:00+00:00 [running]> on host 7586ce0070ac
[2023-06-11T15:34:32.024+0000] {taskinstance.py:1547} INFO - Exporting env vars: AIRFLOW_CTX_DAG_OWNER='Raja' AIRFLOW_CTX_DAG_ID='first_dag_02' AIRFLOW_CTX_TASK_ID='thrid_task' AIRFLOW_CTX_EXECUTION_DATE='2022-06-22T00:00:00+00:00' AIRFLOW_CTX_TRY_NUMBER='1' AIRFLOW_CTX_DAG_RUN_ID='scheduled__2022-06-22T00:00:00+00:00'
[2023-06-11T15:34:32.026+0000] {subprocess.py:63} INFO - Tmp dir root location: 
 /tmp
[2023-06-11T15:34:32.026+0000] {subprocess.py:75} INFO - Running command: ['/bin/bash', '-c', 'echo hey, I am task3 and will be running after task1 at the same time as task2!']
[2023-06-11T15:34:32.146+0000] {subprocess.py:86} INFO - Output:
[2023-06-11T15:34:32.169+0000] {subprocess.py:93} INFO - hey, I am task3 and will be running after task1 at the same time as task2!
[2023-06-11T15:34:32.169+0000] {subprocess.py:97} INFO - Command exited with return code 0
[2023-06-11T15:34:32.517+0000] {taskinstance.py:1350} INFO - Marking task as SUCCESS. dag_id=first_dag_02, task_id=thrid_task, execution_date=20220622T000000, start_date=20230611T153428, end_date=20230611T153432
[2023-06-11T15:34:32.765+0000] {local_task_job_runner.py:225} INFO - Task exited with return code 0
[2023-06-11T15:34:33.420+0000] {taskinstance.py:2651} INFO - 0 downstream tasks scheduled from follow-on schedule check
