[2023-06-11T08:55:39.874+0000] {taskinstance.py:1103} INFO - Dependencies all met for dep_context=non-requeueable deps ti=<TaskInstance: first_dag_02.second_task scheduled__2021-12-08T00:00:00+00:00 [queued]>
[2023-06-11T08:55:39.962+0000] {taskinstance.py:1103} INFO - Dependencies all met for dep_context=requeueable deps ti=<TaskInstance: first_dag_02.second_task scheduled__2021-12-08T00:00:00+00:00 [queued]>
[2023-06-11T08:55:39.962+0000] {taskinstance.py:1308} INFO - Starting attempt 1 of 6
[2023-06-11T08:55:40.149+0000] {taskinstance.py:1327} INFO - Executing <Task(BashOperator): second_task> on 2021-12-08 00:00:00+00:00
[2023-06-11T08:55:40.184+0000] {standard_task_runner.py:57} INFO - Started process 2083 to run task
[2023-06-11T08:55:40.238+0000] {standard_task_runner.py:84} INFO - Running: ['***', 'tasks', 'run', 'first_dag_02', 'second_task', 'scheduled__2021-12-08T00:00:00+00:00', '--job-id', '651', '--raw', '--subdir', 'DAGS_FOLDER/First_dag.py', '--cfg-path', '/tmp/tmp3h9ehff6']
[2023-06-11T08:55:40.277+0000] {standard_task_runner.py:85} INFO - Job 651: Subtask second_task
[2023-06-11T08:55:40.592+0000] {task_command.py:410} INFO - Running <TaskInstance: first_dag_02.second_task scheduled__2021-12-08T00:00:00+00:00 [running]> on host 964e508aad03
[2023-06-11T08:55:41.546+0000] {taskinstance.py:1547} INFO - Exporting env vars: AIRFLOW_CTX_DAG_OWNER='Raja' AIRFLOW_CTX_DAG_ID='first_dag_02' AIRFLOW_CTX_TASK_ID='second_task' AIRFLOW_CTX_EXECUTION_DATE='2021-12-08T00:00:00+00:00' AIRFLOW_CTX_TRY_NUMBER='1' AIRFLOW_CTX_DAG_RUN_ID='scheduled__2021-12-08T00:00:00+00:00'
[2023-06-11T08:55:41.552+0000] {subprocess.py:63} INFO - Tmp dir root location: 
 /tmp
[2023-06-11T08:55:41.556+0000] {subprocess.py:75} INFO - Running command: ['/bin/bash', '-c', 'echo hey, I am task2 and will be running after task1!']
[2023-06-11T08:55:41.609+0000] {subprocess.py:86} INFO - Output:
[2023-06-11T08:55:41.612+0000] {subprocess.py:93} INFO - hey, I am task2 and will be running after task1!
[2023-06-11T08:55:41.613+0000] {subprocess.py:97} INFO - Command exited with return code 0
[2023-06-11T08:55:41.706+0000] {taskinstance.py:1350} INFO - Marking task as SUCCESS. dag_id=first_dag_02, task_id=second_task, execution_date=20211208T000000, start_date=20230611T085539, end_date=20230611T085541
[2023-06-11T08:55:41.789+0000] {local_task_job_runner.py:225} INFO - Task exited with return code 0
[2023-06-11T08:55:41.831+0000] {taskinstance.py:2651} INFO - 0 downstream tasks scheduled from follow-on schedule check
[2023-06-11T11:19:37.755+0000] {taskinstance.py:1103} INFO - Dependencies all met for dep_context=non-requeueable deps ti=<TaskInstance: first_dag_02.second_task scheduled__2021-12-08T00:00:00+00:00 [queued]>
[2023-06-11T11:19:38.931+0000] {taskinstance.py:1103} INFO - Dependencies all met for dep_context=requeueable deps ti=<TaskInstance: first_dag_02.second_task scheduled__2021-12-08T00:00:00+00:00 [queued]>
[2023-06-11T11:19:38.932+0000] {taskinstance.py:1308} INFO - Starting attempt 1 of 6
[2023-06-11T11:19:41.302+0000] {taskinstance.py:1327} INFO - Executing <Task(BashOperator): second_task> on 2021-12-08 00:00:00+00:00
[2023-06-11T11:19:41.936+0000] {standard_task_runner.py:84} INFO - Running: ['***', 'tasks', 'run', 'first_dag_02', 'second_task', 'scheduled__2021-12-08T00:00:00+00:00', '--job-id', '706', '--raw', '--subdir', 'DAGS_FOLDER/First_dag.py', '--cfg-path', '/tmp/tmp3szik0bs']
[2023-06-11T11:19:41.701+0000] {standard_task_runner.py:57} INFO - Started process 829 to run task
[2023-06-11T11:19:41.937+0000] {standard_task_runner.py:85} INFO - Job 706: Subtask second_task
[2023-06-11T11:19:45.212+0000] {task_command.py:410} INFO - Running <TaskInstance: first_dag_02.second_task scheduled__2021-12-08T00:00:00+00:00 [running]> on host 7586ce0070ac
[2023-06-11T11:19:52.255+0000] {taskinstance.py:1547} INFO - Exporting env vars: AIRFLOW_CTX_DAG_OWNER='Raja' AIRFLOW_CTX_DAG_ID='first_dag_02' AIRFLOW_CTX_TASK_ID='second_task' AIRFLOW_CTX_EXECUTION_DATE='2021-12-08T00:00:00+00:00' AIRFLOW_CTX_TRY_NUMBER='1' AIRFLOW_CTX_DAG_RUN_ID='scheduled__2021-12-08T00:00:00+00:00'
[2023-06-11T11:19:52.333+0000] {subprocess.py:63} INFO - Tmp dir root location: 
 /tmp
[2023-06-11T11:19:52.351+0000] {subprocess.py:75} INFO - Running command: ['/bin/bash', '-c', 'echo hey, I am task2 and will be running after task1!']
[2023-06-11T11:19:52.676+0000] {subprocess.py:86} INFO - Output:
[2023-06-11T11:19:52.682+0000] {subprocess.py:93} INFO - hey, I am task2 and will be running after task1!
[2023-06-11T11:19:52.699+0000] {subprocess.py:97} INFO - Command exited with return code 0
[2023-06-11T11:19:53.660+0000] {taskinstance.py:1350} INFO - Marking task as SUCCESS. dag_id=first_dag_02, task_id=second_task, execution_date=20211208T000000, start_date=20230611T111937, end_date=20230611T111953
[2023-06-11T11:19:55.463+0000] {local_task_job_runner.py:225} INFO - Task exited with return code 0
[2023-06-11T11:19:56.136+0000] {taskinstance.py:2651} INFO - 0 downstream tasks scheduled from follow-on schedule check
