[2023-06-11T09:44:39.491+0000] {taskinstance.py:1103} INFO - Dependencies all met for dep_context=non-requeueable deps ti=<TaskInstance: dag_cron_expression_03.task1 scheduled__2022-01-02T03:00:00+00:00 [queued]>
[2023-06-11T09:44:39.781+0000] {taskinstance.py:1103} INFO - Dependencies all met for dep_context=requeueable deps ti=<TaskInstance: dag_cron_expression_03.task1 scheduled__2022-01-02T03:00:00+00:00 [queued]>
[2023-06-11T09:44:39.781+0000] {taskinstance.py:1308} INFO - Starting attempt 1 of 6
[2023-06-11T09:44:40.135+0000] {taskinstance.py:1327} INFO - Executing <Task(BashOperator): task1> on 2022-01-02 03:00:00+00:00
[2023-06-11T09:44:40.215+0000] {standard_task_runner.py:57} INFO - Started process 4538 to run task
[2023-06-11T09:44:40.261+0000] {standard_task_runner.py:84} INFO - Running: ['***', 'tasks', 'run', 'dag_cron_expression_03', 'task1', 'scheduled__2022-01-02T03:00:00+00:00', '--job-id', '1391', '--raw', '--subdir', 'DAGS_FOLDER/dag_corn.py', '--cfg-path', '/tmp/tmp4bouh8kq']
[2023-06-11T09:44:40.268+0000] {standard_task_runner.py:85} INFO - Job 1391: Subtask task1
[2023-06-11T09:44:40.931+0000] {task_command.py:410} INFO - Running <TaskInstance: dag_cron_expression_03.task1 scheduled__2022-01-02T03:00:00+00:00 [running]> on host 964e508aad03
[2023-06-11T09:44:42.478+0000] {taskinstance.py:1547} INFO - Exporting env vars: AIRFLOW_CTX_DAG_OWNER='Raja' AIRFLOW_CTX_DAG_ID='dag_cron_expression_03' AIRFLOW_CTX_TASK_ID='task1' AIRFLOW_CTX_EXECUTION_DATE='2022-01-02T03:00:00+00:00' AIRFLOW_CTX_TRY_NUMBER='1' AIRFLOW_CTX_DAG_RUN_ID='scheduled__2022-01-02T03:00:00+00:00'
[2023-06-11T09:44:42.480+0000] {subprocess.py:63} INFO - Tmp dir root location: 
 /tmp
[2023-06-11T09:44:42.524+0000] {subprocess.py:75} INFO - Running command: ['/bin/bash', '-c', 'echo dag with cron expression!']
[2023-06-11T09:44:42.711+0000] {subprocess.py:86} INFO - Output:
[2023-06-11T09:44:42.744+0000] {subprocess.py:93} INFO - dag with cron expression!
[2023-06-11T09:44:42.745+0000] {subprocess.py:97} INFO - Command exited with return code 0
[2023-06-11T09:44:43.038+0000] {taskinstance.py:1350} INFO - Marking task as SUCCESS. dag_id=dag_cron_expression_03, task_id=task1, execution_date=20220102T030000, start_date=20230611T094439, end_date=20230611T094443
[2023-06-11T09:44:43.443+0000] {local_task_job_runner.py:225} INFO - Task exited with return code 0
[2023-06-11T09:44:43.613+0000] {taskinstance.py:2651} INFO - 0 downstream tasks scheduled from follow-on schedule check
[2023-06-11T10:43:07.018+0000] {taskinstance.py:1103} INFO - Dependencies all met for dep_context=non-requeueable deps ti=<TaskInstance: dag_cron_expression_03.task1 scheduled__2022-01-02T03:00:00+00:00 [queued]>
[2023-06-11T10:43:07.724+0000] {taskinstance.py:1103} INFO - Dependencies all met for dep_context=requeueable deps ti=<TaskInstance: dag_cron_expression_03.task1 scheduled__2022-01-02T03:00:00+00:00 [queued]>
[2023-06-11T10:43:07.725+0000] {taskinstance.py:1308} INFO - Starting attempt 1 of 6
[2023-06-11T10:43:13.343+0000] {taskinstance.py:1327} INFO - Executing <Task(BashOperator): task1> on 2022-01-02 03:00:00+00:00
[2023-06-11T10:43:13.803+0000] {standard_task_runner.py:57} INFO - Started process 742 to run task
[2023-06-11T10:43:14.139+0000] {standard_task_runner.py:84} INFO - Running: ['***', 'tasks', 'run', 'dag_cron_expression_03', 'task1', 'scheduled__2022-01-02T03:00:00+00:00', '--job-id', '208', '--raw', '--subdir', 'DAGS_FOLDER/dag_cron.py', '--cfg-path', '/tmp/tmp3q5hnq5x']
[2023-06-11T10:43:14.140+0000] {standard_task_runner.py:85} INFO - Job 208: Subtask task1
[2023-06-11T10:43:18.483+0000] {task_command.py:410} INFO - Running <TaskInstance: dag_cron_expression_03.task1 scheduled__2022-01-02T03:00:00+00:00 [running]> on host 7586ce0070ac
[2023-06-11T10:43:27.534+0000] {taskinstance.py:1547} INFO - Exporting env vars: AIRFLOW_CTX_DAG_OWNER='Raja' AIRFLOW_CTX_DAG_ID='dag_cron_expression_03' AIRFLOW_CTX_TASK_ID='task1' AIRFLOW_CTX_EXECUTION_DATE='2022-01-02T03:00:00+00:00' AIRFLOW_CTX_TRY_NUMBER='1' AIRFLOW_CTX_DAG_RUN_ID='scheduled__2022-01-02T03:00:00+00:00'
[2023-06-11T10:43:27.696+0000] {subprocess.py:63} INFO - Tmp dir root location: 
 /tmp
[2023-06-11T10:43:27.703+0000] {subprocess.py:75} INFO - Running command: ['/bin/bash', '-c', 'echo dag with cron expression!']
[2023-06-11T10:43:27.859+0000] {subprocess.py:86} INFO - Output:
[2023-06-11T10:43:28.010+0000] {subprocess.py:93} INFO - dag with cron expression!
[2023-06-11T10:43:28.011+0000] {subprocess.py:97} INFO - Command exited with return code 0
[2023-06-11T10:43:28.886+0000] {taskinstance.py:1350} INFO - Marking task as SUCCESS. dag_id=dag_cron_expression_03, task_id=task1, execution_date=20220102T030000, start_date=20230611T104307, end_date=20230611T104328
[2023-06-11T10:43:30.961+0000] {local_task_job_runner.py:225} INFO - Task exited with return code 0
[2023-06-11T10:43:31.302+0000] {taskinstance.py:2651} INFO - 0 downstream tasks scheduled from follow-on schedule check
