[2023-06-11T04:53:43.467+0000] {taskinstance.py:1103} INFO - Dependencies all met for dep_context=non-requeueable deps ti=<TaskInstance: first_dag_02.first_task scheduled__2021-10-17T00:00:00+00:00 [queued]>
[2023-06-11T04:53:43.706+0000] {taskinstance.py:1103} INFO - Dependencies all met for dep_context=requeueable deps ti=<TaskInstance: first_dag_02.first_task scheduled__2021-10-17T00:00:00+00:00 [queued]>
[2023-06-11T04:53:43.707+0000] {taskinstance.py:1308} INFO - Starting attempt 1 of 6
[2023-06-11T04:53:43.989+0000] {taskinstance.py:1327} INFO - Executing <Task(BashOperator): first_task> on 2021-10-17 00:00:00+00:00
[2023-06-11T04:53:43.996+0000] {standard_task_runner.py:57} INFO - Started process 1073 to run task
[2023-06-11T04:53:44.039+0000] {standard_task_runner.py:84} INFO - Running: ['***', 'tasks', 'run', 'first_dag_02', 'first_task', 'scheduled__2021-10-17T00:00:00+00:00', '--job-id', '317', '--raw', '--subdir', 'DAGS_FOLDER/First_dag.py', '--cfg-path', '/tmp/tmpy6_2qpv8']
[2023-06-11T04:53:44.044+0000] {standard_task_runner.py:85} INFO - Job 317: Subtask first_task
[2023-06-11T04:53:44.473+0000] {task_command.py:410} INFO - Running <TaskInstance: first_dag_02.first_task scheduled__2021-10-17T00:00:00+00:00 [running]> on host 4b1b5d40d165
[2023-06-11T04:53:46.018+0000] {taskinstance.py:1547} INFO - Exporting env vars: AIRFLOW_CTX_DAG_OWNER='Raja' AIRFLOW_CTX_DAG_ID='first_dag_02' AIRFLOW_CTX_TASK_ID='first_task' AIRFLOW_CTX_EXECUTION_DATE='2021-10-17T00:00:00+00:00' AIRFLOW_CTX_TRY_NUMBER='1' AIRFLOW_CTX_DAG_RUN_ID='scheduled__2021-10-17T00:00:00+00:00'
[2023-06-11T04:53:46.036+0000] {subprocess.py:63} INFO - Tmp dir root location: 
 /tmp
[2023-06-11T04:53:46.040+0000] {subprocess.py:75} INFO - Running command: ['/bin/bash', '-c', 'echo hello world, this is the first task!']
[2023-06-11T04:53:46.093+0000] {subprocess.py:86} INFO - Output:
[2023-06-11T04:53:46.102+0000] {subprocess.py:93} INFO - hello world, this is the first task!
[2023-06-11T04:53:46.108+0000] {subprocess.py:97} INFO - Command exited with return code 0
[2023-06-11T04:53:46.328+0000] {taskinstance.py:1350} INFO - Marking task as SUCCESS. dag_id=first_dag_02, task_id=first_task, execution_date=20211017T000000, start_date=20230611T045343, end_date=20230611T045346
[2023-06-11T04:53:46.652+0000] {local_task_job_runner.py:225} INFO - Task exited with return code 0
[2023-06-11T04:53:46.900+0000] {taskinstance.py:2651} INFO - 2 downstream tasks scheduled from follow-on schedule check
[2023-06-11T08:29:46.586+0000] {taskinstance.py:1103} INFO - Dependencies all met for dep_context=non-requeueable deps ti=<TaskInstance: first_dag_02.first_task scheduled__2021-10-17T00:00:00+00:00 [queued]>
[2023-06-11T08:29:46.915+0000] {taskinstance.py:1103} INFO - Dependencies all met for dep_context=requeueable deps ti=<TaskInstance: first_dag_02.first_task scheduled__2021-10-17T00:00:00+00:00 [queued]>
[2023-06-11T08:29:46.918+0000] {taskinstance.py:1308} INFO - Starting attempt 1 of 6
[2023-06-11T08:29:47.590+0000] {taskinstance.py:1327} INFO - Executing <Task(BashOperator): first_task> on 2021-10-17 00:00:00+00:00
[2023-06-11T08:29:47.644+0000] {standard_task_runner.py:57} INFO - Started process 1382 to run task
[2023-06-11T08:29:47.678+0000] {standard_task_runner.py:84} INFO - Running: ['***', 'tasks', 'run', 'first_dag_02', 'first_task', 'scheduled__2021-10-17T00:00:00+00:00', '--job-id', '420', '--raw', '--subdir', 'DAGS_FOLDER/First_dag.py', '--cfg-path', '/tmp/tmpaubo4j20']
[2023-06-11T08:29:47.696+0000] {standard_task_runner.py:85} INFO - Job 420: Subtask first_task
[2023-06-11T08:29:48.363+0000] {task_command.py:410} INFO - Running <TaskInstance: first_dag_02.first_task scheduled__2021-10-17T00:00:00+00:00 [running]> on host 492037cdd057
[2023-06-11T08:29:50.709+0000] {taskinstance.py:1547} INFO - Exporting env vars: AIRFLOW_CTX_DAG_OWNER='Raja' AIRFLOW_CTX_DAG_ID='first_dag_02' AIRFLOW_CTX_TASK_ID='first_task' AIRFLOW_CTX_EXECUTION_DATE='2021-10-17T00:00:00+00:00' AIRFLOW_CTX_TRY_NUMBER='1' AIRFLOW_CTX_DAG_RUN_ID='scheduled__2021-10-17T00:00:00+00:00'
[2023-06-11T08:29:50.712+0000] {subprocess.py:63} INFO - Tmp dir root location: 
 /tmp
[2023-06-11T08:29:50.713+0000] {subprocess.py:75} INFO - Running command: ['/bin/bash', '-c', 'echo hello world, this is the first task!']
[2023-06-11T08:29:50.933+0000] {subprocess.py:86} INFO - Output:
[2023-06-11T08:29:51.089+0000] {subprocess.py:93} INFO - hello world, this is the first task!
[2023-06-11T08:29:51.090+0000] {subprocess.py:97} INFO - Command exited with return code 0
[2023-06-11T08:29:52.212+0000] {taskinstance.py:1350} INFO - Marking task as SUCCESS. dag_id=first_dag_02, task_id=first_task, execution_date=20211017T000000, start_date=20230611T082946, end_date=20230611T082952
[2023-06-11T08:29:52.979+0000] {local_task_job_runner.py:225} INFO - Task exited with return code 0
[2023-06-11T08:29:54.163+0000] {taskinstance.py:2651} INFO - 2 downstream tasks scheduled from follow-on schedule check
[2023-06-11T08:52:19.654+0000] {taskinstance.py:1103} INFO - Dependencies all met for dep_context=non-requeueable deps ti=<TaskInstance: first_dag_02.first_task scheduled__2021-10-17T00:00:00+00:00 [queued]>
[2023-06-11T08:52:19.831+0000] {taskinstance.py:1103} INFO - Dependencies all met for dep_context=requeueable deps ti=<TaskInstance: first_dag_02.first_task scheduled__2021-10-17T00:00:00+00:00 [queued]>
[2023-06-11T08:52:19.832+0000] {taskinstance.py:1308} INFO - Starting attempt 1 of 6
[2023-06-11T08:52:20.234+0000] {taskinstance.py:1327} INFO - Executing <Task(BashOperator): first_task> on 2021-10-17 00:00:00+00:00
[2023-06-11T08:52:20.314+0000] {standard_task_runner.py:57} INFO - Started process 1312 to run task
[2023-06-11T08:52:20.329+0000] {standard_task_runner.py:84} INFO - Running: ['***', 'tasks', 'run', 'first_dag_02', 'first_task', 'scheduled__2021-10-17T00:00:00+00:00', '--job-id', '403', '--raw', '--subdir', 'DAGS_FOLDER/First_dag.py', '--cfg-path', '/tmp/tmpj5vrxd_4']
[2023-06-11T08:52:20.330+0000] {standard_task_runner.py:85} INFO - Job 403: Subtask first_task
[2023-06-11T08:52:21.012+0000] {task_command.py:410} INFO - Running <TaskInstance: first_dag_02.first_task scheduled__2021-10-17T00:00:00+00:00 [running]> on host 964e508aad03
[2023-06-11T08:52:23.331+0000] {taskinstance.py:1547} INFO - Exporting env vars: AIRFLOW_CTX_DAG_OWNER='Raja' AIRFLOW_CTX_DAG_ID='first_dag_02' AIRFLOW_CTX_TASK_ID='first_task' AIRFLOW_CTX_EXECUTION_DATE='2021-10-17T00:00:00+00:00' AIRFLOW_CTX_TRY_NUMBER='1' AIRFLOW_CTX_DAG_RUN_ID='scheduled__2021-10-17T00:00:00+00:00'
[2023-06-11T08:52:23.333+0000] {subprocess.py:63} INFO - Tmp dir root location: 
 /tmp
[2023-06-11T08:52:23.333+0000] {subprocess.py:75} INFO - Running command: ['/bin/bash', '-c', 'echo hello world, this is the first task!']
[2023-06-11T08:52:23.393+0000] {subprocess.py:86} INFO - Output:
[2023-06-11T08:52:23.398+0000] {subprocess.py:93} INFO - hello world, this is the first task!
[2023-06-11T08:52:23.418+0000] {subprocess.py:97} INFO - Command exited with return code 0
[2023-06-11T08:52:23.596+0000] {taskinstance.py:1350} INFO - Marking task as SUCCESS. dag_id=first_dag_02, task_id=first_task, execution_date=20211017T000000, start_date=20230611T085219, end_date=20230611T085223
[2023-06-11T08:52:24.042+0000] {local_task_job_runner.py:225} INFO - Task exited with return code 0
[2023-06-11T08:52:24.548+0000] {taskinstance.py:2651} INFO - 2 downstream tasks scheduled from follow-on schedule check
[2023-06-11T10:58:46.773+0000] {taskinstance.py:1103} INFO - Dependencies all met for dep_context=non-requeueable deps ti=<TaskInstance: first_dag_02.first_task scheduled__2021-10-17T00:00:00+00:00 [queued]>
[2023-06-11T10:58:46.868+0000] {taskinstance.py:1103} INFO - Dependencies all met for dep_context=requeueable deps ti=<TaskInstance: first_dag_02.first_task scheduled__2021-10-17T00:00:00+00:00 [queued]>
[2023-06-11T10:58:46.896+0000] {taskinstance.py:1308} INFO - Starting attempt 1 of 6
[2023-06-11T10:58:48.220+0000] {taskinstance.py:1327} INFO - Executing <Task(BashOperator): first_task> on 2021-10-17 00:00:00+00:00
[2023-06-11T10:58:48.382+0000] {standard_task_runner.py:84} INFO - Running: ['***', 'tasks', 'run', 'first_dag_02', 'first_task', 'scheduled__2021-10-17T00:00:00+00:00', '--job-id', '389', '--raw', '--subdir', 'DAGS_FOLDER/First_dag.py', '--cfg-path', '/tmp/tmpvl_eyvr6']
[2023-06-11T10:58:48.387+0000] {standard_task_runner.py:85} INFO - Job 389: Subtask first_task
[2023-06-11T10:58:48.374+0000] {standard_task_runner.py:57} INFO - Started process 1409 to run task
[2023-06-11T10:58:49.840+0000] {task_command.py:410} INFO - Running <TaskInstance: first_dag_02.first_task scheduled__2021-10-17T00:00:00+00:00 [running]> on host 7586ce0070ac
[2023-06-11T10:58:54.254+0000] {taskinstance.py:1547} INFO - Exporting env vars: AIRFLOW_CTX_DAG_OWNER='Raja' AIRFLOW_CTX_DAG_ID='first_dag_02' AIRFLOW_CTX_TASK_ID='first_task' AIRFLOW_CTX_EXECUTION_DATE='2021-10-17T00:00:00+00:00' AIRFLOW_CTX_TRY_NUMBER='1' AIRFLOW_CTX_DAG_RUN_ID='scheduled__2021-10-17T00:00:00+00:00'
[2023-06-11T10:58:54.307+0000] {subprocess.py:63} INFO - Tmp dir root location: 
 /tmp
[2023-06-11T10:58:54.772+0000] {subprocess.py:75} INFO - Running command: ['/bin/bash', '-c', 'echo hello world, this is the first task!']
[2023-06-11T10:58:55.199+0000] {subprocess.py:86} INFO - Output:
[2023-06-11T10:58:55.529+0000] {subprocess.py:93} INFO - hello world, this is the first task!
[2023-06-11T10:58:55.532+0000] {subprocess.py:97} INFO - Command exited with return code 0
[2023-06-11T10:58:56.317+0000] {taskinstance.py:1350} INFO - Marking task as SUCCESS. dag_id=first_dag_02, task_id=first_task, execution_date=20211017T000000, start_date=20230611T105846, end_date=20230611T105856
[2023-06-11T10:58:57.680+0000] {local_task_job_runner.py:225} INFO - Task exited with return code 0
[2023-06-11T10:58:59.161+0000] {taskinstance.py:2651} INFO - 0 downstream tasks scheduled from follow-on schedule check
