[2023-06-11T09:44:12.292+0000] {taskinstance.py:1103} INFO - Dependencies all met for dep_context=non-requeueable deps ti=<TaskInstance: first_dag_02.first_task scheduled__2022-05-12T00:00:00+00:00 [queued]>
[2023-06-11T09:44:12.316+0000] {taskinstance.py:1103} INFO - Dependencies all met for dep_context=requeueable deps ti=<TaskInstance: first_dag_02.first_task scheduled__2022-05-12T00:00:00+00:00 [queued]>
[2023-06-11T09:44:12.316+0000] {taskinstance.py:1308} INFO - Starting attempt 1 of 6
[2023-06-11T09:44:12.475+0000] {taskinstance.py:1327} INFO - Executing <Task(BashOperator): first_task> on 2022-05-12 00:00:00+00:00
[2023-06-11T09:44:12.481+0000] {standard_task_runner.py:57} INFO - Started process 4447 to run task
[2023-06-11T09:44:12.493+0000] {standard_task_runner.py:84} INFO - Running: ['***', 'tasks', 'run', 'first_dag_02', 'first_task', 'scheduled__2022-05-12T00:00:00+00:00', '--job-id', '1363', '--raw', '--subdir', 'DAGS_FOLDER/First_dag.py', '--cfg-path', '/tmp/tmpt_7smhm4']
[2023-06-11T09:44:12.494+0000] {standard_task_runner.py:85} INFO - Job 1363: Subtask first_task
[2023-06-11T09:44:12.768+0000] {task_command.py:410} INFO - Running <TaskInstance: first_dag_02.first_task scheduled__2022-05-12T00:00:00+00:00 [running]> on host 964e508aad03
[2023-06-11T09:44:13.757+0000] {taskinstance.py:1547} INFO - Exporting env vars: AIRFLOW_CTX_DAG_OWNER='Raja' AIRFLOW_CTX_DAG_ID='first_dag_02' AIRFLOW_CTX_TASK_ID='first_task' AIRFLOW_CTX_EXECUTION_DATE='2022-05-12T00:00:00+00:00' AIRFLOW_CTX_TRY_NUMBER='1' AIRFLOW_CTX_DAG_RUN_ID='scheduled__2022-05-12T00:00:00+00:00'
[2023-06-11T09:44:13.767+0000] {subprocess.py:63} INFO - Tmp dir root location: 
 /tmp
[2023-06-11T09:44:13.778+0000] {subprocess.py:75} INFO - Running command: ['/bin/bash', '-c', 'echo hello world, this is the first task!']
[2023-06-11T09:44:13.931+0000] {subprocess.py:86} INFO - Output:
[2023-06-11T09:44:13.973+0000] {subprocess.py:93} INFO - hello world, this is the first task!
[2023-06-11T09:44:13.974+0000] {subprocess.py:97} INFO - Command exited with return code 0
[2023-06-11T09:44:14.225+0000] {taskinstance.py:1350} INFO - Marking task as SUCCESS. dag_id=first_dag_02, task_id=first_task, execution_date=20220512T000000, start_date=20230611T094412, end_date=20230611T094414
[2023-06-11T09:44:14.588+0000] {local_task_job_runner.py:225} INFO - Task exited with return code 0
[2023-06-11T09:44:15.127+0000] {taskinstance.py:2651} INFO - 0 downstream tasks scheduled from follow-on schedule check
[2023-06-11T15:30:49.899+0000] {taskinstance.py:1103} INFO - Dependencies all met for dep_context=non-requeueable deps ti=<TaskInstance: first_dag_02.first_task scheduled__2022-05-12T00:00:00+00:00 [queued]>
[2023-06-11T15:30:50.560+0000] {taskinstance.py:1103} INFO - Dependencies all met for dep_context=requeueable deps ti=<TaskInstance: first_dag_02.first_task scheduled__2022-05-12T00:00:00+00:00 [queued]>
[2023-06-11T15:30:50.565+0000] {taskinstance.py:1308} INFO - Starting attempt 1 of 6
[2023-06-11T15:30:51.247+0000] {taskinstance.py:1327} INFO - Executing <Task(BashOperator): first_task> on 2022-05-12 00:00:00+00:00
[2023-06-11T15:30:51.372+0000] {standard_task_runner.py:84} INFO - Running: ['***', 'tasks', 'run', 'first_dag_02', 'first_task', 'scheduled__2022-05-12T00:00:00+00:00', '--job-id', '1384', '--raw', '--subdir', 'DAGS_FOLDER/First_dag.py', '--cfg-path', '/tmp/tmpmnnxbfj_']
[2023-06-11T15:30:51.384+0000] {standard_task_runner.py:85} INFO - Job 1384: Subtask first_task
[2023-06-11T15:30:51.330+0000] {standard_task_runner.py:57} INFO - Started process 979 to run task
[2023-06-11T15:30:52.553+0000] {task_command.py:410} INFO - Running <TaskInstance: first_dag_02.first_task scheduled__2022-05-12T00:00:00+00:00 [running]> on host 7586ce0070ac
[2023-06-11T15:30:57.520+0000] {taskinstance.py:1547} INFO - Exporting env vars: AIRFLOW_CTX_DAG_OWNER='Raja' AIRFLOW_CTX_DAG_ID='first_dag_02' AIRFLOW_CTX_TASK_ID='first_task' AIRFLOW_CTX_EXECUTION_DATE='2022-05-12T00:00:00+00:00' AIRFLOW_CTX_TRY_NUMBER='1' AIRFLOW_CTX_DAG_RUN_ID='scheduled__2022-05-12T00:00:00+00:00'
[2023-06-11T15:30:57.530+0000] {subprocess.py:63} INFO - Tmp dir root location: 
 /tmp
[2023-06-11T15:30:57.531+0000] {subprocess.py:75} INFO - Running command: ['/bin/bash', '-c', 'echo hello world, this is the first task!']
[2023-06-11T15:30:57.801+0000] {subprocess.py:86} INFO - Output:
[2023-06-11T15:30:57.813+0000] {subprocess.py:93} INFO - hello world, this is the first task!
[2023-06-11T15:30:57.813+0000] {subprocess.py:97} INFO - Command exited with return code 0
[2023-06-11T15:30:58.397+0000] {taskinstance.py:1350} INFO - Marking task as SUCCESS. dag_id=first_dag_02, task_id=first_task, execution_date=20220512T000000, start_date=20230611T153049, end_date=20230611T153058
[2023-06-11T15:30:58.667+0000] {local_task_job_runner.py:225} INFO - Task exited with return code 0
[2023-06-11T15:30:58.981+0000] {taskinstance.py:2651} INFO - 2 downstream tasks scheduled from follow-on schedule check
