[2023-06-11T09:44:06.010+0000] {taskinstance.py:1103} INFO - Dependencies all met for dep_context=non-requeueable deps ti=<TaskInstance: dag_cron_expression_03.task1 scheduled__2021-12-16T03:00:00+00:00 [queued]>
[2023-06-11T09:44:06.128+0000] {taskinstance.py:1103} INFO - Dependencies all met for dep_context=requeueable deps ti=<TaskInstance: dag_cron_expression_03.task1 scheduled__2021-12-16T03:00:00+00:00 [queued]>
[2023-06-11T09:44:06.129+0000] {taskinstance.py:1308} INFO - Starting attempt 1 of 6
[2023-06-11T09:44:06.424+0000] {taskinstance.py:1327} INFO - Executing <Task(BashOperator): task1> on 2021-12-16 03:00:00+00:00
[2023-06-11T09:44:06.469+0000] {standard_task_runner.py:57} INFO - Started process 4424 to run task
[2023-06-11T09:44:06.511+0000] {standard_task_runner.py:84} INFO - Running: ['***', 'tasks', 'run', 'dag_cron_expression_03', 'task1', 'scheduled__2021-12-16T03:00:00+00:00', '--job-id', '1356', '--raw', '--subdir', 'DAGS_FOLDER/dag_corn.py', '--cfg-path', '/tmp/tmpqrpd1h7n']
[2023-06-11T09:44:06.512+0000] {standard_task_runner.py:85} INFO - Job 1356: Subtask task1
[2023-06-11T09:44:07.113+0000] {task_command.py:410} INFO - Running <TaskInstance: dag_cron_expression_03.task1 scheduled__2021-12-16T03:00:00+00:00 [running]> on host 964e508aad03
[2023-06-11T09:44:08.736+0000] {taskinstance.py:1547} INFO - Exporting env vars: AIRFLOW_CTX_DAG_OWNER='Raja' AIRFLOW_CTX_DAG_ID='dag_cron_expression_03' AIRFLOW_CTX_TASK_ID='task1' AIRFLOW_CTX_EXECUTION_DATE='2021-12-16T03:00:00+00:00' AIRFLOW_CTX_TRY_NUMBER='1' AIRFLOW_CTX_DAG_RUN_ID='scheduled__2021-12-16T03:00:00+00:00'
[2023-06-11T09:44:08.738+0000] {subprocess.py:63} INFO - Tmp dir root location: 
 /tmp
[2023-06-11T09:44:08.739+0000] {subprocess.py:75} INFO - Running command: ['/bin/bash', '-c', 'echo dag with cron expression!']
[2023-06-11T09:44:08.812+0000] {subprocess.py:86} INFO - Output:
[2023-06-11T09:44:08.813+0000] {subprocess.py:93} INFO - dag with cron expression!
[2023-06-11T09:44:08.813+0000] {subprocess.py:97} INFO - Command exited with return code 0
[2023-06-11T09:44:09.319+0000] {taskinstance.py:1350} INFO - Marking task as SUCCESS. dag_id=dag_cron_expression_03, task_id=task1, execution_date=20211216T030000, start_date=20230611T094406, end_date=20230611T094409
[2023-06-11T09:44:09.625+0000] {local_task_job_runner.py:225} INFO - Task exited with return code 0
[2023-06-11T09:44:09.826+0000] {taskinstance.py:2651} INFO - 0 downstream tasks scheduled from follow-on schedule check
[2023-06-11T10:40:45.363+0000] {taskinstance.py:1103} INFO - Dependencies all met for dep_context=non-requeueable deps ti=<TaskInstance: dag_cron_expression_03.task1 scheduled__2021-12-16T03:00:00+00:00 [queued]>
[2023-06-11T10:40:45.490+0000] {taskinstance.py:1103} INFO - Dependencies all met for dep_context=requeueable deps ti=<TaskInstance: dag_cron_expression_03.task1 scheduled__2021-12-16T03:00:00+00:00 [queued]>
[2023-06-11T10:40:45.490+0000] {taskinstance.py:1308} INFO - Starting attempt 1 of 6
[2023-06-11T10:40:45.709+0000] {taskinstance.py:1327} INFO - Executing <Task(BashOperator): task1> on 2021-12-16 03:00:00+00:00
[2023-06-11T10:40:46.099+0000] {standard_task_runner.py:57} INFO - Started process 565 to run task
[2023-06-11T10:40:46.278+0000] {standard_task_runner.py:84} INFO - Running: ['***', 'tasks', 'run', 'dag_cron_expression_03', 'task1', 'scheduled__2021-12-16T03:00:00+00:00', '--job-id', '158', '--raw', '--subdir', 'DAGS_FOLDER/dag_cron.py', '--cfg-path', '/tmp/tmpfyyrqkur']
[2023-06-11T10:40:46.279+0000] {standard_task_runner.py:85} INFO - Job 158: Subtask task1
[2023-06-11T10:40:50.208+0000] {task_command.py:410} INFO - Running <TaskInstance: dag_cron_expression_03.task1 scheduled__2021-12-16T03:00:00+00:00 [running]> on host 7586ce0070ac
[2023-06-11T10:40:58.755+0000] {taskinstance.py:1547} INFO - Exporting env vars: AIRFLOW_CTX_DAG_OWNER='Raja' AIRFLOW_CTX_DAG_ID='dag_cron_expression_03' AIRFLOW_CTX_TASK_ID='task1' AIRFLOW_CTX_EXECUTION_DATE='2021-12-16T03:00:00+00:00' AIRFLOW_CTX_TRY_NUMBER='1' AIRFLOW_CTX_DAG_RUN_ID='scheduled__2021-12-16T03:00:00+00:00'
[2023-06-11T10:40:59.223+0000] {subprocess.py:63} INFO - Tmp dir root location: 
 /tmp
[2023-06-11T10:40:59.228+0000] {subprocess.py:75} INFO - Running command: ['/bin/bash', '-c', 'echo dag with cron expression!']
[2023-06-11T10:40:59.331+0000] {subprocess.py:86} INFO - Output:
[2023-06-11T10:40:59.357+0000] {subprocess.py:93} INFO - dag with cron expression!
[2023-06-11T10:40:59.358+0000] {subprocess.py:97} INFO - Command exited with return code 0
[2023-06-11T10:41:01.111+0000] {taskinstance.py:1350} INFO - Marking task as SUCCESS. dag_id=dag_cron_expression_03, task_id=task1, execution_date=20211216T030000, start_date=20230611T104045, end_date=20230611T104101
[2023-06-11T10:41:01.954+0000] {local_task_job_runner.py:225} INFO - Task exited with return code 0
[2023-06-11T10:41:02.821+0000] {taskinstance.py:2651} INFO - 0 downstream tasks scheduled from follow-on schedule check
