[2023-06-11T09:40:40.485+0000] {taskinstance.py:1103} INFO - Dependencies all met for dep_context=non-requeueable deps ti=<TaskInstance: first_dag_02.second_task scheduled__2022-04-10T00:00:00+00:00 [queued]>
[2023-06-11T09:40:40.823+0000] {taskinstance.py:1103} INFO - Dependencies all met for dep_context=requeueable deps ti=<TaskInstance: first_dag_02.second_task scheduled__2022-04-10T00:00:00+00:00 [queued]>
[2023-06-11T09:40:40.830+0000] {taskinstance.py:1308} INFO - Starting attempt 1 of 6
[2023-06-11T09:40:42.910+0000] {taskinstance.py:1327} INFO - Executing <Task(BashOperator): second_task> on 2022-04-10 00:00:00+00:00
[2023-06-11T09:40:43.355+0000] {standard_task_runner.py:57} INFO - Started process 3999 to run task
[2023-06-11T09:40:43.382+0000] {standard_task_runner.py:84} INFO - Running: ['***', 'tasks', 'run', 'first_dag_02', 'second_task', 'scheduled__2022-04-10T00:00:00+00:00', '--job-id', '1234', '--raw', '--subdir', 'DAGS_FOLDER/First_dag.py', '--cfg-path', '/tmp/tmp91utjhk6']
[2023-06-11T09:40:43.383+0000] {standard_task_runner.py:85} INFO - Job 1234: Subtask second_task
[2023-06-11T09:40:44.313+0000] {task_command.py:410} INFO - Running <TaskInstance: first_dag_02.second_task scheduled__2022-04-10T00:00:00+00:00 [running]> on host 964e508aad03
[2023-06-11T09:40:51.657+0000] {taskinstance.py:1547} INFO - Exporting env vars: AIRFLOW_CTX_DAG_OWNER='Raja' AIRFLOW_CTX_DAG_ID='first_dag_02' AIRFLOW_CTX_TASK_ID='second_task' AIRFLOW_CTX_EXECUTION_DATE='2022-04-10T00:00:00+00:00' AIRFLOW_CTX_TRY_NUMBER='1' AIRFLOW_CTX_DAG_RUN_ID='scheduled__2022-04-10T00:00:00+00:00'
[2023-06-11T09:40:51.923+0000] {subprocess.py:63} INFO - Tmp dir root location: 
 /tmp
[2023-06-11T09:40:51.932+0000] {subprocess.py:75} INFO - Running command: ['/bin/bash', '-c', 'echo hey, I am task2 and will be running after task1!']
[2023-06-11T09:40:52.379+0000] {subprocess.py:86} INFO - Output:
[2023-06-11T09:40:52.678+0000] {subprocess.py:93} INFO - hey, I am task2 and will be running after task1!
[2023-06-11T09:40:52.683+0000] {subprocess.py:97} INFO - Command exited with return code 0
[2023-06-11T09:40:53.679+0000] {taskinstance.py:1350} INFO - Marking task as SUCCESS. dag_id=first_dag_02, task_id=second_task, execution_date=20220410T000000, start_date=20230611T094040, end_date=20230611T094053
[2023-06-11T09:40:54.477+0000] {local_task_job_runner.py:225} INFO - Task exited with return code 0
[2023-06-11T09:40:56.332+0000] {taskinstance.py:2651} INFO - 0 downstream tasks scheduled from follow-on schedule check
[2023-06-11T15:28:29.599+0000] {taskinstance.py:1103} INFO - Dependencies all met for dep_context=non-requeueable deps ti=<TaskInstance: first_dag_02.second_task scheduled__2022-04-10T00:00:00+00:00 [queued]>
[2023-06-11T15:28:29.699+0000] {taskinstance.py:1103} INFO - Dependencies all met for dep_context=requeueable deps ti=<TaskInstance: first_dag_02.second_task scheduled__2022-04-10T00:00:00+00:00 [queued]>
[2023-06-11T15:28:29.699+0000] {taskinstance.py:1308} INFO - Starting attempt 1 of 6
[2023-06-11T15:28:30.238+0000] {taskinstance.py:1327} INFO - Executing <Task(BashOperator): second_task> on 2022-04-10 00:00:00+00:00
[2023-06-11T15:28:30.250+0000] {standard_task_runner.py:57} INFO - Started process 602 to run task
[2023-06-11T15:28:30.270+0000] {standard_task_runner.py:84} INFO - Running: ['***', 'tasks', 'run', 'first_dag_02', 'second_task', 'scheduled__2022-04-10T00:00:00+00:00', '--job-id', '1268', '--raw', '--subdir', 'DAGS_FOLDER/First_dag.py', '--cfg-path', '/tmp/tmpahb6706q']
[2023-06-11T15:28:30.271+0000] {standard_task_runner.py:85} INFO - Job 1268: Subtask second_task
[2023-06-11T15:28:31.322+0000] {task_command.py:410} INFO - Running <TaskInstance: first_dag_02.second_task scheduled__2022-04-10T00:00:00+00:00 [running]> on host 7586ce0070ac
[2023-06-11T15:28:33.545+0000] {taskinstance.py:1547} INFO - Exporting env vars: AIRFLOW_CTX_DAG_OWNER='Raja' AIRFLOW_CTX_DAG_ID='first_dag_02' AIRFLOW_CTX_TASK_ID='second_task' AIRFLOW_CTX_EXECUTION_DATE='2022-04-10T00:00:00+00:00' AIRFLOW_CTX_TRY_NUMBER='1' AIRFLOW_CTX_DAG_RUN_ID='scheduled__2022-04-10T00:00:00+00:00'
[2023-06-11T15:28:33.549+0000] {subprocess.py:63} INFO - Tmp dir root location: 
 /tmp
[2023-06-11T15:28:33.609+0000] {subprocess.py:75} INFO - Running command: ['/bin/bash', '-c', 'echo hey, I am task2 and will be running after task1!']
[2023-06-11T15:28:33.745+0000] {subprocess.py:86} INFO - Output:
[2023-06-11T15:28:33.750+0000] {subprocess.py:93} INFO - hey, I am task2 and will be running after task1!
[2023-06-11T15:28:33.761+0000] {subprocess.py:97} INFO - Command exited with return code 0
[2023-06-11T15:28:34.173+0000] {taskinstance.py:1350} INFO - Marking task as SUCCESS. dag_id=first_dag_02, task_id=second_task, execution_date=20220410T000000, start_date=20230611T152829, end_date=20230611T152834
[2023-06-11T15:28:34.556+0000] {local_task_job_runner.py:225} INFO - Task exited with return code 0
[2023-06-11T15:28:35.091+0000] {taskinstance.py:2651} INFO - 0 downstream tasks scheduled from follow-on schedule check
