[2023-06-11T09:45:20.770+0000] {taskinstance.py:1103} INFO - Dependencies all met for dep_context=non-requeueable deps ti=<TaskInstance: dag_cron_expression_03.task1 scheduled__2022-01-23T03:00:00+00:00 [queued]>
[2023-06-11T09:45:21.079+0000] {taskinstance.py:1103} INFO - Dependencies all met for dep_context=requeueable deps ti=<TaskInstance: dag_cron_expression_03.task1 scheduled__2022-01-23T03:00:00+00:00 [queued]>
[2023-06-11T09:45:21.088+0000] {taskinstance.py:1308} INFO - Starting attempt 1 of 6
[2023-06-11T09:45:21.543+0000] {taskinstance.py:1327} INFO - Executing <Task(BashOperator): task1> on 2022-01-23 03:00:00+00:00
[2023-06-11T09:45:21.606+0000] {standard_task_runner.py:57} INFO - Started process 4668 to run task
[2023-06-11T09:45:21.702+0000] {standard_task_runner.py:84} INFO - Running: ['***', 'tasks', 'run', 'dag_cron_expression_03', 'task1', 'scheduled__2022-01-23T03:00:00+00:00', '--job-id', '1431', '--raw', '--subdir', 'DAGS_FOLDER/dag_corn.py', '--cfg-path', '/tmp/tmpvkhmsn_k']
[2023-06-11T09:45:21.703+0000] {standard_task_runner.py:85} INFO - Job 1431: Subtask task1
[2023-06-11T09:45:22.655+0000] {task_command.py:410} INFO - Running <TaskInstance: dag_cron_expression_03.task1 scheduled__2022-01-23T03:00:00+00:00 [running]> on host 964e508aad03
[2023-06-11T09:45:25.312+0000] {taskinstance.py:1547} INFO - Exporting env vars: AIRFLOW_CTX_DAG_OWNER='Raja' AIRFLOW_CTX_DAG_ID='dag_cron_expression_03' AIRFLOW_CTX_TASK_ID='task1' AIRFLOW_CTX_EXECUTION_DATE='2022-01-23T03:00:00+00:00' AIRFLOW_CTX_TRY_NUMBER='1' AIRFLOW_CTX_DAG_RUN_ID='scheduled__2022-01-23T03:00:00+00:00'
[2023-06-11T09:45:25.314+0000] {subprocess.py:63} INFO - Tmp dir root location: 
 /tmp
[2023-06-11T09:45:25.315+0000] {subprocess.py:75} INFO - Running command: ['/bin/bash', '-c', 'echo dag with cron expression!']
[2023-06-11T09:45:25.601+0000] {subprocess.py:86} INFO - Output:
[2023-06-11T09:45:25.685+0000] {subprocess.py:93} INFO - dag with cron expression!
[2023-06-11T09:45:25.686+0000] {subprocess.py:97} INFO - Command exited with return code 0
[2023-06-11T09:45:26.151+0000] {taskinstance.py:1350} INFO - Marking task as SUCCESS. dag_id=dag_cron_expression_03, task_id=task1, execution_date=20220123T030000, start_date=20230611T094520, end_date=20230611T094526
[2023-06-11T09:45:26.634+0000] {local_task_job_runner.py:225} INFO - Task exited with return code 0
[2023-06-11T09:45:26.907+0000] {taskinstance.py:2651} INFO - 0 downstream tasks scheduled from follow-on schedule check
[2023-06-11T10:47:53.996+0000] {taskinstance.py:1103} INFO - Dependencies all met for dep_context=non-requeueable deps ti=<TaskInstance: dag_cron_expression_03.task1 scheduled__2022-01-23T03:00:00+00:00 [queued]>
[2023-06-11T10:47:54.257+0000] {taskinstance.py:1103} INFO - Dependencies all met for dep_context=requeueable deps ti=<TaskInstance: dag_cron_expression_03.task1 scheduled__2022-01-23T03:00:00+00:00 [queued]>
[2023-06-11T10:47:54.258+0000] {taskinstance.py:1308} INFO - Starting attempt 1 of 6
[2023-06-11T10:47:55.924+0000] {taskinstance.py:1327} INFO - Executing <Task(BashOperator): task1> on 2022-01-23 03:00:00+00:00
[2023-06-11T10:47:56.142+0000] {standard_task_runner.py:57} INFO - Started process 910 to run task
[2023-06-11T10:47:56.243+0000] {standard_task_runner.py:84} INFO - Running: ['***', 'tasks', 'run', 'dag_cron_expression_03', 'task1', 'scheduled__2022-01-23T03:00:00+00:00', '--job-id', '252', '--raw', '--subdir', 'DAGS_FOLDER/dag_cron.py', '--cfg-path', '/tmp/tmpot130pca']
[2023-06-11T10:47:56.244+0000] {standard_task_runner.py:85} INFO - Job 252: Subtask task1
[2023-06-11T10:47:58.384+0000] {task_command.py:410} INFO - Running <TaskInstance: dag_cron_expression_03.task1 scheduled__2022-01-23T03:00:00+00:00 [running]> on host 7586ce0070ac
[2023-06-11T10:48:01.652+0000] {taskinstance.py:1547} INFO - Exporting env vars: AIRFLOW_CTX_DAG_OWNER='Raja' AIRFLOW_CTX_DAG_ID='dag_cron_expression_03' AIRFLOW_CTX_TASK_ID='task1' AIRFLOW_CTX_EXECUTION_DATE='2022-01-23T03:00:00+00:00' AIRFLOW_CTX_TRY_NUMBER='1' AIRFLOW_CTX_DAG_RUN_ID='scheduled__2022-01-23T03:00:00+00:00'
[2023-06-11T10:48:01.690+0000] {subprocess.py:63} INFO - Tmp dir root location: 
 /tmp
[2023-06-11T10:48:01.701+0000] {subprocess.py:75} INFO - Running command: ['/bin/bash', '-c', 'echo dag with cron expression!']
[2023-06-11T10:48:02.749+0000] {subprocess.py:86} INFO - Output:
[2023-06-11T10:48:02.754+0000] {subprocess.py:93} INFO - dag with cron expression!
[2023-06-11T10:48:02.794+0000] {subprocess.py:97} INFO - Command exited with return code 0
[2023-06-11T10:48:03.851+0000] {taskinstance.py:1350} INFO - Marking task as SUCCESS. dag_id=dag_cron_expression_03, task_id=task1, execution_date=20220123T030000, start_date=20230611T104754, end_date=20230611T104803
[2023-06-11T10:48:04.055+0000] {local_task_job_runner.py:225} INFO - Task exited with return code 0
[2023-06-11T10:48:04.173+0000] {taskinstance.py:2651} INFO - 0 downstream tasks scheduled from follow-on schedule check
