[2023-06-11T05:21:23.804+0000] {taskinstance.py:1103} INFO - Dependencies all met for dep_context=non-requeueable deps ti=<TaskInstance: dag_catchip_01.task1 scheduled__2023-06-09T00:00:00+00:00 [queued]>
[2023-06-11T05:21:24.167+0000] {taskinstance.py:1103} INFO - Dependencies all met for dep_context=requeueable deps ti=<TaskInstance: dag_catchip_01.task1 scheduled__2023-06-09T00:00:00+00:00 [queued]>
[2023-06-11T05:21:24.170+0000] {taskinstance.py:1308} INFO - Starting attempt 1 of 6
[2023-06-11T05:21:24.606+0000] {taskinstance.py:1327} INFO - Executing <Task(BashOperator): task1> on 2023-06-09 00:00:00+00:00
[2023-06-11T05:21:24.655+0000] {standard_task_runner.py:57} INFO - Started process 858 to run task
[2023-06-11T05:21:24.673+0000] {standard_task_runner.py:84} INFO - Running: ['***', 'tasks', 'run', 'dag_catchip_01', 'task1', 'scheduled__2023-06-09T00:00:00+00:00', '--job-id', '239', '--raw', '--subdir', 'DAGS_FOLDER/dag_catchup.py', '--cfg-path', '/tmp/tmp_77_duho']
[2023-06-11T05:21:24.675+0000] {standard_task_runner.py:85} INFO - Job 239: Subtask task1
[2023-06-11T05:21:25.143+0000] {task_command.py:410} INFO - Running <TaskInstance: dag_catchip_01.task1 scheduled__2023-06-09T00:00:00+00:00 [running]> on host 69e374580eab
[2023-06-11T05:21:28.664+0000] {taskinstance.py:1547} INFO - Exporting env vars: AIRFLOW_CTX_DAG_OWNER='Raja' AIRFLOW_CTX_DAG_ID='dag_catchip_01' AIRFLOW_CTX_TASK_ID='task1' AIRFLOW_CTX_EXECUTION_DATE='2023-06-09T00:00:00+00:00' AIRFLOW_CTX_TRY_NUMBER='1' AIRFLOW_CTX_DAG_RUN_ID='scheduled__2023-06-09T00:00:00+00:00'
[2023-06-11T05:21:28.678+0000] {subprocess.py:63} INFO - Tmp dir root location: 
 /tmp
[2023-06-11T05:21:28.687+0000] {subprocess.py:75} INFO - Running command: ['/bin/bash', '-c', 'echo Hai how are you']
[2023-06-11T05:21:28.873+0000] {subprocess.py:86} INFO - Output:
[2023-06-11T05:21:28.875+0000] {subprocess.py:93} INFO - Hai how are you
[2023-06-11T05:21:28.877+0000] {subprocess.py:97} INFO - Command exited with return code 0
[2023-06-11T05:21:29.306+0000] {taskinstance.py:1350} INFO - Marking task as SUCCESS. dag_id=dag_catchip_01, task_id=task1, execution_date=20230609T000000, start_date=20230611T052123, end_date=20230611T052129
[2023-06-11T05:21:29.559+0000] {local_task_job_runner.py:225} INFO - Task exited with return code 0
[2023-06-11T05:21:29.790+0000] {taskinstance.py:2651} INFO - 0 downstream tasks scheduled from follow-on schedule check
[2023-06-11T08:26:16.671+0000] {taskinstance.py:1103} INFO - Dependencies all met for dep_context=non-requeueable deps ti=<TaskInstance: dag_catchip_01.task1 scheduled__2023-06-09T00:00:00+00:00 [queued]>
[2023-06-11T08:26:16.895+0000] {taskinstance.py:1103} INFO - Dependencies all met for dep_context=requeueable deps ti=<TaskInstance: dag_catchip_01.task1 scheduled__2023-06-09T00:00:00+00:00 [queued]>
[2023-06-11T08:26:16.899+0000] {taskinstance.py:1308} INFO - Starting attempt 1 of 6
[2023-06-11T08:26:17.084+0000] {taskinstance.py:1327} INFO - Executing <Task(BashOperator): task1> on 2023-06-09 00:00:00+00:00
[2023-06-11T08:26:17.239+0000] {standard_task_runner.py:57} INFO - Started process 1118 to run task
[2023-06-11T08:26:17.357+0000] {standard_task_runner.py:84} INFO - Running: ['***', 'tasks', 'run', 'dag_catchip_01', 'task1', 'scheduled__2023-06-09T00:00:00+00:00', '--job-id', '349', '--raw', '--subdir', 'DAGS_FOLDER/dag_catchup.py', '--cfg-path', '/tmp/tmp8fv4r188']
[2023-06-11T08:26:17.434+0000] {standard_task_runner.py:85} INFO - Job 349: Subtask task1
[2023-06-11T08:26:19.213+0000] {task_command.py:410} INFO - Running <TaskInstance: dag_catchip_01.task1 scheduled__2023-06-09T00:00:00+00:00 [running]> on host 492037cdd057
[2023-06-11T08:26:28.774+0000] {taskinstance.py:1547} INFO - Exporting env vars: AIRFLOW_CTX_DAG_OWNER='Raja' AIRFLOW_CTX_DAG_ID='dag_catchip_01' AIRFLOW_CTX_TASK_ID='task1' AIRFLOW_CTX_EXECUTION_DATE='2023-06-09T00:00:00+00:00' AIRFLOW_CTX_TRY_NUMBER='1' AIRFLOW_CTX_DAG_RUN_ID='scheduled__2023-06-09T00:00:00+00:00'
[2023-06-11T08:26:29.045+0000] {subprocess.py:63} INFO - Tmp dir root location: 
 /tmp
[2023-06-11T08:26:29.073+0000] {subprocess.py:75} INFO - Running command: ['/bin/bash', '-c', 'echo Hai how are you']
[2023-06-11T08:26:29.315+0000] {subprocess.py:86} INFO - Output:
[2023-06-11T08:26:30.808+0000] {subprocess.py:93} INFO - Hai how are you
[2023-06-11T08:26:30.834+0000] {subprocess.py:97} INFO - Command exited with return code 0
[2023-06-11T08:26:32.088+0000] {taskinstance.py:1350} INFO - Marking task as SUCCESS. dag_id=dag_catchip_01, task_id=task1, execution_date=20230609T000000, start_date=20230611T082616, end_date=20230611T082632
[2023-06-11T08:26:34.344+0000] {local_task_job_runner.py:225} INFO - Task exited with return code 0
[2023-06-11T08:26:38.944+0000] {taskinstance.py:2651} INFO - 0 downstream tasks scheduled from follow-on schedule check
