[2023-06-11T04:49:53.683+0000] {taskinstance.py:1103} INFO - Dependencies all met for dep_context=non-requeueable deps ti=<TaskInstance: first_dag_02.thrid_task scheduled__2021-09-21T00:00:00+00:00 [queued]>
[2023-06-11T04:49:54.001+0000] {taskinstance.py:1103} INFO - Dependencies all met for dep_context=requeueable deps ti=<TaskInstance: first_dag_02.thrid_task scheduled__2021-09-21T00:00:00+00:00 [queued]>
[2023-06-11T04:49:54.002+0000] {taskinstance.py:1308} INFO - Starting attempt 1 of 6
[2023-06-11T04:49:55.583+0000] {taskinstance.py:1327} INFO - Executing <Task(BashOperator): thrid_task> on 2021-09-21 00:00:00+00:00
[2023-06-11T04:49:55.811+0000] {standard_task_runner.py:57} INFO - Started process 755 to run task
[2023-06-11T04:49:56.302+0000] {standard_task_runner.py:84} INFO - Running: ['***', 'tasks', 'run', 'first_dag_02', 'thrid_task', 'scheduled__2021-09-21T00:00:00+00:00', '--job-id', '219', '--raw', '--subdir', 'DAGS_FOLDER/First_dag.py', '--cfg-path', '/tmp/tmpmtt26vxi']
[2023-06-11T04:49:56.382+0000] {standard_task_runner.py:85} INFO - Job 219: Subtask thrid_task
[2023-06-11T04:49:58.705+0000] {task_command.py:410} INFO - Running <TaskInstance: first_dag_02.thrid_task scheduled__2021-09-21T00:00:00+00:00 [running]> on host 4b1b5d40d165
[2023-06-11T04:50:05.203+0000] {taskinstance.py:1547} INFO - Exporting env vars: AIRFLOW_CTX_DAG_OWNER='Raja' AIRFLOW_CTX_DAG_ID='first_dag_02' AIRFLOW_CTX_TASK_ID='thrid_task' AIRFLOW_CTX_EXECUTION_DATE='2021-09-21T00:00:00+00:00' AIRFLOW_CTX_TRY_NUMBER='1' AIRFLOW_CTX_DAG_RUN_ID='scheduled__2021-09-21T00:00:00+00:00'
[2023-06-11T04:50:05.331+0000] {subprocess.py:63} INFO - Tmp dir root location: 
 /tmp
[2023-06-11T04:50:05.407+0000] {subprocess.py:75} INFO - Running command: ['/bin/bash', '-c', 'echo hey, I am task3 and will be running after task1 at the same time as task2!']
[2023-06-11T04:50:05.826+0000] {subprocess.py:86} INFO - Output:
[2023-06-11T04:50:05.851+0000] {subprocess.py:93} INFO - hey, I am task3 and will be running after task1 at the same time as task2!
[2023-06-11T04:50:05.853+0000] {subprocess.py:97} INFO - Command exited with return code 0
[2023-06-11T04:50:06.030+0000] {taskinstance.py:1350} INFO - Marking task as SUCCESS. dag_id=first_dag_02, task_id=thrid_task, execution_date=20210921T000000, start_date=20230611T044953, end_date=20230611T045006
[2023-06-11T04:50:06.995+0000] {local_task_job_runner.py:225} INFO - Task exited with return code 0
[2023-06-11T04:50:07.547+0000] {taskinstance.py:2651} INFO - 0 downstream tasks scheduled from follow-on schedule check
[2023-06-11T08:27:32.806+0000] {taskinstance.py:1103} INFO - Dependencies all met for dep_context=non-requeueable deps ti=<TaskInstance: first_dag_02.thrid_task scheduled__2021-09-21T00:00:00+00:00 [queued]>
[2023-06-11T08:27:32.853+0000] {taskinstance.py:1103} INFO - Dependencies all met for dep_context=requeueable deps ti=<TaskInstance: first_dag_02.thrid_task scheduled__2021-09-21T00:00:00+00:00 [queued]>
[2023-06-11T08:27:32.853+0000] {taskinstance.py:1308} INFO - Starting attempt 1 of 6
[2023-06-11T08:27:33.901+0000] {taskinstance.py:1327} INFO - Executing <Task(BashOperator): thrid_task> on 2021-09-21 00:00:00+00:00
[2023-06-11T08:27:34.090+0000] {standard_task_runner.py:57} INFO - Started process 1198 to run task
[2023-06-11T08:27:34.246+0000] {standard_task_runner.py:84} INFO - Running: ['***', 'tasks', 'run', 'first_dag_02', 'thrid_task', 'scheduled__2021-09-21T00:00:00+00:00', '--job-id', '370', '--raw', '--subdir', 'DAGS_FOLDER/First_dag.py', '--cfg-path', '/tmp/tmp7l1u7x_1']
[2023-06-11T08:27:34.364+0000] {standard_task_runner.py:85} INFO - Job 370: Subtask thrid_task
[2023-06-11T08:27:36.531+0000] {task_command.py:410} INFO - Running <TaskInstance: first_dag_02.thrid_task scheduled__2021-09-21T00:00:00+00:00 [running]> on host 492037cdd057
[2023-06-11T08:27:41.436+0000] {taskinstance.py:1547} INFO - Exporting env vars: AIRFLOW_CTX_DAG_OWNER='Raja' AIRFLOW_CTX_DAG_ID='first_dag_02' AIRFLOW_CTX_TASK_ID='thrid_task' AIRFLOW_CTX_EXECUTION_DATE='2021-09-21T00:00:00+00:00' AIRFLOW_CTX_TRY_NUMBER='1' AIRFLOW_CTX_DAG_RUN_ID='scheduled__2021-09-21T00:00:00+00:00'
[2023-06-11T08:27:41.667+0000] {subprocess.py:63} INFO - Tmp dir root location: 
 /tmp
[2023-06-11T08:27:41.693+0000] {subprocess.py:75} INFO - Running command: ['/bin/bash', '-c', 'echo hey, I am task3 and will be running after task1 at the same time as task2!']
[2023-06-11T08:27:43.873+0000] {subprocess.py:86} INFO - Output:
[2023-06-11T08:27:44.462+0000] {subprocess.py:93} INFO - hey, I am task3 and will be running after task1 at the same time as task2!
[2023-06-11T08:27:44.468+0000] {subprocess.py:97} INFO - Command exited with return code 0
[2023-06-11T08:27:46.247+0000] {taskinstance.py:1350} INFO - Marking task as SUCCESS. dag_id=first_dag_02, task_id=thrid_task, execution_date=20210921T000000, start_date=20230611T082732, end_date=20230611T082746
[2023-06-11T08:27:47.264+0000] {local_task_job_runner.py:225} INFO - Task exited with return code 0
[2023-06-11T08:27:49.831+0000] {taskinstance.py:2651} INFO - 0 downstream tasks scheduled from follow-on schedule check
[2023-06-11T08:50:55.377+0000] {taskinstance.py:1103} INFO - Dependencies all met for dep_context=non-requeueable deps ti=<TaskInstance: first_dag_02.thrid_task scheduled__2021-09-21T00:00:00+00:00 [queued]>
[2023-06-11T08:50:55.605+0000] {taskinstance.py:1103} INFO - Dependencies all met for dep_context=requeueable deps ti=<TaskInstance: first_dag_02.thrid_task scheduled__2021-09-21T00:00:00+00:00 [queued]>
[2023-06-11T08:50:55.605+0000] {taskinstance.py:1308} INFO - Starting attempt 1 of 6
[2023-06-11T08:50:56.033+0000] {taskinstance.py:1327} INFO - Executing <Task(BashOperator): thrid_task> on 2021-09-21 00:00:00+00:00
[2023-06-11T08:50:56.106+0000] {standard_task_runner.py:57} INFO - Started process 989 to run task
[2023-06-11T08:50:56.163+0000] {standard_task_runner.py:84} INFO - Running: ['***', 'tasks', 'run', 'first_dag_02', 'thrid_task', 'scheduled__2021-09-21T00:00:00+00:00', '--job-id', '303', '--raw', '--subdir', 'DAGS_FOLDER/First_dag.py', '--cfg-path', '/tmp/tmphee2rz_i']
[2023-06-11T08:50:56.185+0000] {standard_task_runner.py:85} INFO - Job 303: Subtask thrid_task
[2023-06-11T08:50:56.798+0000] {task_command.py:410} INFO - Running <TaskInstance: first_dag_02.thrid_task scheduled__2021-09-21T00:00:00+00:00 [running]> on host 964e508aad03
[2023-06-11T08:50:58.775+0000] {taskinstance.py:1547} INFO - Exporting env vars: AIRFLOW_CTX_DAG_OWNER='Raja' AIRFLOW_CTX_DAG_ID='first_dag_02' AIRFLOW_CTX_TASK_ID='thrid_task' AIRFLOW_CTX_EXECUTION_DATE='2021-09-21T00:00:00+00:00' AIRFLOW_CTX_TRY_NUMBER='1' AIRFLOW_CTX_DAG_RUN_ID='scheduled__2021-09-21T00:00:00+00:00'
[2023-06-11T08:50:58.793+0000] {subprocess.py:63} INFO - Tmp dir root location: 
 /tmp
[2023-06-11T08:50:58.800+0000] {subprocess.py:75} INFO - Running command: ['/bin/bash', '-c', 'echo hey, I am task3 and will be running after task1 at the same time as task2!']
[2023-06-11T08:50:58.927+0000] {subprocess.py:86} INFO - Output:
[2023-06-11T08:50:58.948+0000] {subprocess.py:93} INFO - hey, I am task3 and will be running after task1 at the same time as task2!
[2023-06-11T08:50:58.949+0000] {subprocess.py:97} INFO - Command exited with return code 0
[2023-06-11T08:50:59.288+0000] {taskinstance.py:1350} INFO - Marking task as SUCCESS. dag_id=first_dag_02, task_id=thrid_task, execution_date=20210921T000000, start_date=20230611T085055, end_date=20230611T085059
[2023-06-11T08:50:59.377+0000] {local_task_job_runner.py:225} INFO - Task exited with return code 0
[2023-06-11T08:50:59.519+0000] {taskinstance.py:2651} INFO - 0 downstream tasks scheduled from follow-on schedule check
[2023-06-11T10:54:17.386+0000] {taskinstance.py:1103} INFO - Dependencies all met for dep_context=non-requeueable deps ti=<TaskInstance: first_dag_02.thrid_task scheduled__2021-09-21T00:00:00+00:00 [queued]>
[2023-06-11T10:54:17.862+0000] {taskinstance.py:1103} INFO - Dependencies all met for dep_context=requeueable deps ti=<TaskInstance: first_dag_02.thrid_task scheduled__2021-09-21T00:00:00+00:00 [queued]>
[2023-06-11T10:54:17.866+0000] {taskinstance.py:1308} INFO - Starting attempt 1 of 6
[2023-06-11T10:54:19.703+0000] {taskinstance.py:1327} INFO - Executing <Task(BashOperator): thrid_task> on 2021-09-21 00:00:00+00:00
[2023-06-11T10:54:19.747+0000] {standard_task_runner.py:57} INFO - Started process 1042 to run task
[2023-06-11T10:54:20.031+0000] {standard_task_runner.py:84} INFO - Running: ['***', 'tasks', 'run', 'first_dag_02', 'thrid_task', 'scheduled__2021-09-21T00:00:00+00:00', '--job-id', '285', '--raw', '--subdir', 'DAGS_FOLDER/First_dag.py', '--cfg-path', '/tmp/tmplzx9d5ha']
[2023-06-11T10:54:20.129+0000] {standard_task_runner.py:85} INFO - Job 285: Subtask thrid_task
[2023-06-11T10:54:22.616+0000] {task_command.py:410} INFO - Running <TaskInstance: first_dag_02.thrid_task scheduled__2021-09-21T00:00:00+00:00 [running]> on host 7586ce0070ac
[2023-06-11T10:54:29.205+0000] {taskinstance.py:1547} INFO - Exporting env vars: AIRFLOW_CTX_DAG_OWNER='Raja' AIRFLOW_CTX_DAG_ID='first_dag_02' AIRFLOW_CTX_TASK_ID='thrid_task' AIRFLOW_CTX_EXECUTION_DATE='2021-09-21T00:00:00+00:00' AIRFLOW_CTX_TRY_NUMBER='1' AIRFLOW_CTX_DAG_RUN_ID='scheduled__2021-09-21T00:00:00+00:00'
[2023-06-11T10:54:29.242+0000] {subprocess.py:63} INFO - Tmp dir root location: 
 /tmp
[2023-06-11T10:54:29.252+0000] {subprocess.py:75} INFO - Running command: ['/bin/bash', '-c', 'echo hey, I am task3 and will be running after task1 at the same time as task2!']
[2023-06-11T10:54:30.280+0000] {subprocess.py:86} INFO - Output:
[2023-06-11T10:54:30.439+0000] {subprocess.py:93} INFO - hey, I am task3 and will be running after task1 at the same time as task2!
[2023-06-11T10:54:30.448+0000] {subprocess.py:97} INFO - Command exited with return code 0
[2023-06-11T10:54:31.464+0000] {taskinstance.py:1350} INFO - Marking task as SUCCESS. dag_id=first_dag_02, task_id=thrid_task, execution_date=20210921T000000, start_date=20230611T105417, end_date=20230611T105431
[2023-06-11T10:54:32.551+0000] {local_task_job_runner.py:225} INFO - Task exited with return code 0
[2023-06-11T10:54:33.545+0000] {taskinstance.py:2651} INFO - 0 downstream tasks scheduled from follow-on schedule check
