[2023-06-11T09:43:58.358+0000] {taskinstance.py:1103} INFO - Dependencies all met for dep_context=non-requeueable deps ti=<TaskInstance: first_dag_02.second_task scheduled__2022-05-06T00:00:00+00:00 [queued]>
[2023-06-11T09:43:58.411+0000] {taskinstance.py:1103} INFO - Dependencies all met for dep_context=requeueable deps ti=<TaskInstance: first_dag_02.second_task scheduled__2022-05-06T00:00:00+00:00 [queued]>
[2023-06-11T09:43:58.411+0000] {taskinstance.py:1308} INFO - Starting attempt 1 of 6
[2023-06-11T09:43:58.517+0000] {taskinstance.py:1327} INFO - Executing <Task(BashOperator): second_task> on 2022-05-06 00:00:00+00:00
[2023-06-11T09:43:58.530+0000] {standard_task_runner.py:57} INFO - Started process 4394 to run task
[2023-06-11T09:43:58.581+0000] {standard_task_runner.py:84} INFO - Running: ['***', 'tasks', 'run', 'first_dag_02', 'second_task', 'scheduled__2022-05-06T00:00:00+00:00', '--job-id', '1345', '--raw', '--subdir', 'DAGS_FOLDER/First_dag.py', '--cfg-path', '/tmp/tmpvj7j_et8']
[2023-06-11T09:43:58.591+0000] {standard_task_runner.py:85} INFO - Job 1345: Subtask second_task
[2023-06-11T09:43:58.858+0000] {task_command.py:410} INFO - Running <TaskInstance: first_dag_02.second_task scheduled__2022-05-06T00:00:00+00:00 [running]> on host 964e508aad03
[2023-06-11T09:43:59.440+0000] {taskinstance.py:1547} INFO - Exporting env vars: AIRFLOW_CTX_DAG_OWNER='Raja' AIRFLOW_CTX_DAG_ID='first_dag_02' AIRFLOW_CTX_TASK_ID='second_task' AIRFLOW_CTX_EXECUTION_DATE='2022-05-06T00:00:00+00:00' AIRFLOW_CTX_TRY_NUMBER='1' AIRFLOW_CTX_DAG_RUN_ID='scheduled__2022-05-06T00:00:00+00:00'
[2023-06-11T09:43:59.443+0000] {subprocess.py:63} INFO - Tmp dir root location: 
 /tmp
[2023-06-11T09:43:59.443+0000] {subprocess.py:75} INFO - Running command: ['/bin/bash', '-c', 'echo hey, I am task2 and will be running after task1!']
[2023-06-11T09:43:59.519+0000] {subprocess.py:86} INFO - Output:
[2023-06-11T09:43:59.530+0000] {subprocess.py:93} INFO - hey, I am task2 and will be running after task1!
[2023-06-11T09:43:59.537+0000] {subprocess.py:97} INFO - Command exited with return code 0
[2023-06-11T09:43:59.824+0000] {taskinstance.py:1350} INFO - Marking task as SUCCESS. dag_id=first_dag_02, task_id=second_task, execution_date=20220506T000000, start_date=20230611T094358, end_date=20230611T094359
[2023-06-11T09:44:00.030+0000] {local_task_job_runner.py:225} INFO - Task exited with return code 0
[2023-06-11T09:44:00.369+0000] {taskinstance.py:2651} INFO - 0 downstream tasks scheduled from follow-on schedule check
[2023-06-11T15:31:08.551+0000] {taskinstance.py:1103} INFO - Dependencies all met for dep_context=non-requeueable deps ti=<TaskInstance: first_dag_02.second_task scheduled__2022-05-06T00:00:00+00:00 [queued]>
[2023-06-11T15:31:08.804+0000] {taskinstance.py:1103} INFO - Dependencies all met for dep_context=requeueable deps ti=<TaskInstance: first_dag_02.second_task scheduled__2022-05-06T00:00:00+00:00 [queued]>
[2023-06-11T15:31:08.827+0000] {taskinstance.py:1308} INFO - Starting attempt 1 of 6
[2023-06-11T15:31:09.493+0000] {taskinstance.py:1327} INFO - Executing <Task(BashOperator): second_task> on 2022-05-06 00:00:00+00:00
[2023-06-11T15:31:09.504+0000] {standard_task_runner.py:57} INFO - Started process 1041 to run task
[2023-06-11T15:31:09.564+0000] {standard_task_runner.py:84} INFO - Running: ['***', 'tasks', 'run', 'first_dag_02', 'second_task', 'scheduled__2022-05-06T00:00:00+00:00', '--job-id', '1404', '--raw', '--subdir', 'DAGS_FOLDER/First_dag.py', '--cfg-path', '/tmp/tmpoqaqdyzh']
[2023-06-11T15:31:09.565+0000] {standard_task_runner.py:85} INFO - Job 1404: Subtask second_task
[2023-06-11T15:31:10.137+0000] {task_command.py:410} INFO - Running <TaskInstance: first_dag_02.second_task scheduled__2022-05-06T00:00:00+00:00 [running]> on host 7586ce0070ac
[2023-06-11T15:31:11.971+0000] {taskinstance.py:1547} INFO - Exporting env vars: AIRFLOW_CTX_DAG_OWNER='Raja' AIRFLOW_CTX_DAG_ID='first_dag_02' AIRFLOW_CTX_TASK_ID='second_task' AIRFLOW_CTX_EXECUTION_DATE='2022-05-06T00:00:00+00:00' AIRFLOW_CTX_TRY_NUMBER='1' AIRFLOW_CTX_DAG_RUN_ID='scheduled__2022-05-06T00:00:00+00:00'
[2023-06-11T15:31:11.972+0000] {subprocess.py:63} INFO - Tmp dir root location: 
 /tmp
[2023-06-11T15:31:11.973+0000] {subprocess.py:75} INFO - Running command: ['/bin/bash', '-c', 'echo hey, I am task2 and will be running after task1!']
[2023-06-11T15:31:11.994+0000] {subprocess.py:86} INFO - Output:
[2023-06-11T15:31:11.998+0000] {subprocess.py:93} INFO - hey, I am task2 and will be running after task1!
[2023-06-11T15:31:11.999+0000] {subprocess.py:97} INFO - Command exited with return code 0
[2023-06-11T15:31:12.279+0000] {taskinstance.py:1350} INFO - Marking task as SUCCESS. dag_id=first_dag_02, task_id=second_task, execution_date=20220506T000000, start_date=20230611T153108, end_date=20230611T153112
[2023-06-11T15:31:12.562+0000] {local_task_job_runner.py:225} INFO - Task exited with return code 0
[2023-06-11T15:31:12.918+0000] {taskinstance.py:2651} INFO - 0 downstream tasks scheduled from follow-on schedule check
