[2023-06-11T09:44:22.398+0000] {taskinstance.py:1103} INFO - Dependencies all met for dep_context=non-requeueable deps ti=<TaskInstance: first_dag_02.thrid_task scheduled__2022-05-13T00:00:00+00:00 [queued]>
[2023-06-11T09:44:22.810+0000] {taskinstance.py:1103} INFO - Dependencies all met for dep_context=requeueable deps ti=<TaskInstance: first_dag_02.thrid_task scheduled__2022-05-13T00:00:00+00:00 [queued]>
[2023-06-11T09:44:22.818+0000] {taskinstance.py:1308} INFO - Starting attempt 1 of 6
[2023-06-11T09:44:23.340+0000] {taskinstance.py:1327} INFO - Executing <Task(BashOperator): thrid_task> on 2022-05-13 00:00:00+00:00
[2023-06-11T09:44:23.579+0000] {standard_task_runner.py:57} INFO - Started process 4481 to run task
[2023-06-11T09:44:23.617+0000] {standard_task_runner.py:84} INFO - Running: ['***', 'tasks', 'run', 'first_dag_02', 'thrid_task', 'scheduled__2022-05-13T00:00:00+00:00', '--job-id', '1371', '--raw', '--subdir', 'DAGS_FOLDER/First_dag.py', '--cfg-path', '/tmp/tmpam3wgedf']
[2023-06-11T09:44:23.621+0000] {standard_task_runner.py:85} INFO - Job 1371: Subtask thrid_task
[2023-06-11T09:44:24.354+0000] {task_command.py:410} INFO - Running <TaskInstance: first_dag_02.thrid_task scheduled__2022-05-13T00:00:00+00:00 [running]> on host 964e508aad03
[2023-06-11T09:44:27.336+0000] {taskinstance.py:1547} INFO - Exporting env vars: AIRFLOW_CTX_DAG_OWNER='Raja' AIRFLOW_CTX_DAG_ID='first_dag_02' AIRFLOW_CTX_TASK_ID='thrid_task' AIRFLOW_CTX_EXECUTION_DATE='2022-05-13T00:00:00+00:00' AIRFLOW_CTX_TRY_NUMBER='1' AIRFLOW_CTX_DAG_RUN_ID='scheduled__2022-05-13T00:00:00+00:00'
[2023-06-11T09:44:27.418+0000] {subprocess.py:63} INFO - Tmp dir root location: 
 /tmp
[2023-06-11T09:44:27.444+0000] {subprocess.py:75} INFO - Running command: ['/bin/bash', '-c', 'echo hey, I am task3 and will be running after task1 at the same time as task2!']
[2023-06-11T09:44:27.726+0000] {subprocess.py:86} INFO - Output:
[2023-06-11T09:44:27.890+0000] {subprocess.py:93} INFO - hey, I am task3 and will be running after task1 at the same time as task2!
[2023-06-11T09:44:27.897+0000] {subprocess.py:97} INFO - Command exited with return code 0
[2023-06-11T09:44:28.819+0000] {taskinstance.py:1350} INFO - Marking task as SUCCESS. dag_id=first_dag_02, task_id=thrid_task, execution_date=20220513T000000, start_date=20230611T094422, end_date=20230611T094428
[2023-06-11T09:44:29.268+0000] {local_task_job_runner.py:225} INFO - Task exited with return code 0
[2023-06-11T09:44:29.559+0000] {taskinstance.py:2651} INFO - 0 downstream tasks scheduled from follow-on schedule check
[2023-06-11T15:31:26.572+0000] {taskinstance.py:1103} INFO - Dependencies all met for dep_context=non-requeueable deps ti=<TaskInstance: first_dag_02.thrid_task scheduled__2022-05-13T00:00:00+00:00 [queued]>
[2023-06-11T15:31:26.612+0000] {taskinstance.py:1103} INFO - Dependencies all met for dep_context=requeueable deps ti=<TaskInstance: first_dag_02.thrid_task scheduled__2022-05-13T00:00:00+00:00 [queued]>
[2023-06-11T15:31:26.613+0000] {taskinstance.py:1308} INFO - Starting attempt 1 of 6
[2023-06-11T15:31:26.691+0000] {taskinstance.py:1327} INFO - Executing <Task(BashOperator): thrid_task> on 2022-05-13 00:00:00+00:00
[2023-06-11T15:31:26.715+0000] {standard_task_runner.py:57} INFO - Started process 1111 to run task
[2023-06-11T15:31:26.742+0000] {standard_task_runner.py:84} INFO - Running: ['***', 'tasks', 'run', 'first_dag_02', 'thrid_task', 'scheduled__2022-05-13T00:00:00+00:00', '--job-id', '1427', '--raw', '--subdir', 'DAGS_FOLDER/First_dag.py', '--cfg-path', '/tmp/tmppb3j6c6c']
[2023-06-11T15:31:26.761+0000] {standard_task_runner.py:85} INFO - Job 1427: Subtask thrid_task
[2023-06-11T15:31:27.796+0000] {task_command.py:410} INFO - Running <TaskInstance: first_dag_02.thrid_task scheduled__2022-05-13T00:00:00+00:00 [running]> on host 7586ce0070ac
[2023-06-11T15:31:30.288+0000] {taskinstance.py:1547} INFO - Exporting env vars: AIRFLOW_CTX_DAG_OWNER='Raja' AIRFLOW_CTX_DAG_ID='first_dag_02' AIRFLOW_CTX_TASK_ID='thrid_task' AIRFLOW_CTX_EXECUTION_DATE='2022-05-13T00:00:00+00:00' AIRFLOW_CTX_TRY_NUMBER='1' AIRFLOW_CTX_DAG_RUN_ID='scheduled__2022-05-13T00:00:00+00:00'
[2023-06-11T15:31:30.290+0000] {subprocess.py:63} INFO - Tmp dir root location: 
 /tmp
[2023-06-11T15:31:30.291+0000] {subprocess.py:75} INFO - Running command: ['/bin/bash', '-c', 'echo hey, I am task3 and will be running after task1 at the same time as task2!']
[2023-06-11T15:31:30.635+0000] {subprocess.py:86} INFO - Output:
[2023-06-11T15:31:30.695+0000] {subprocess.py:93} INFO - hey, I am task3 and will be running after task1 at the same time as task2!
[2023-06-11T15:31:30.696+0000] {subprocess.py:97} INFO - Command exited with return code 0
[2023-06-11T15:31:31.367+0000] {taskinstance.py:1350} INFO - Marking task as SUCCESS. dag_id=first_dag_02, task_id=thrid_task, execution_date=20220513T000000, start_date=20230611T153126, end_date=20230611T153131
[2023-06-11T15:31:32.107+0000] {local_task_job_runner.py:225} INFO - Task exited with return code 0
[2023-06-11T15:31:32.463+0000] {taskinstance.py:2651} INFO - 0 downstream tasks scheduled from follow-on schedule check
