[2023-06-11T09:46:47.617+0000] {taskinstance.py:1103} INFO - Dependencies all met for dep_context=non-requeueable deps ti=<TaskInstance: dag_cron_expression_03.task1 scheduled__2022-03-01T03:00:00+00:00 [queued]>
[2023-06-11T09:46:47.814+0000] {taskinstance.py:1103} INFO - Dependencies all met for dep_context=requeueable deps ti=<TaskInstance: dag_cron_expression_03.task1 scheduled__2022-03-01T03:00:00+00:00 [queued]>
[2023-06-11T09:46:47.815+0000] {taskinstance.py:1308} INFO - Starting attempt 1 of 6
[2023-06-11T09:46:48.245+0000] {taskinstance.py:1327} INFO - Executing <Task(BashOperator): task1> on 2022-03-01 03:00:00+00:00
[2023-06-11T09:46:48.317+0000] {standard_task_runner.py:57} INFO - Started process 4954 to run task
[2023-06-11T09:46:48.340+0000] {standard_task_runner.py:84} INFO - Running: ['***', 'tasks', 'run', 'dag_cron_expression_03', 'task1', 'scheduled__2022-03-01T03:00:00+00:00', '--job-id', '1518', '--raw', '--subdir', 'DAGS_FOLDER/dag_corn.py', '--cfg-path', '/tmp/tmpa2dckk4y']
[2023-06-11T09:46:48.344+0000] {standard_task_runner.py:85} INFO - Job 1518: Subtask task1
[2023-06-11T09:46:48.862+0000] {task_command.py:410} INFO - Running <TaskInstance: dag_cron_expression_03.task1 scheduled__2022-03-01T03:00:00+00:00 [running]> on host 964e508aad03
[2023-06-11T09:46:50.215+0000] {taskinstance.py:1547} INFO - Exporting env vars: AIRFLOW_CTX_DAG_OWNER='Raja' AIRFLOW_CTX_DAG_ID='dag_cron_expression_03' AIRFLOW_CTX_TASK_ID='task1' AIRFLOW_CTX_EXECUTION_DATE='2022-03-01T03:00:00+00:00' AIRFLOW_CTX_TRY_NUMBER='1' AIRFLOW_CTX_DAG_RUN_ID='scheduled__2022-03-01T03:00:00+00:00'
[2023-06-11T09:46:50.216+0000] {subprocess.py:63} INFO - Tmp dir root location: 
 /tmp
[2023-06-11T09:46:50.217+0000] {subprocess.py:75} INFO - Running command: ['/bin/bash', '-c', 'echo dag with cron expression!']
[2023-06-11T09:46:50.291+0000] {subprocess.py:86} INFO - Output:
[2023-06-11T09:46:50.299+0000] {subprocess.py:93} INFO - dag with cron expression!
[2023-06-11T09:46:50.299+0000] {subprocess.py:97} INFO - Command exited with return code 0
[2023-06-11T09:46:50.465+0000] {taskinstance.py:1350} INFO - Marking task as SUCCESS. dag_id=dag_cron_expression_03, task_id=task1, execution_date=20220301T030000, start_date=20230611T094647, end_date=20230611T094650
[2023-06-11T09:46:50.532+0000] {local_task_job_runner.py:225} INFO - Task exited with return code 0
[2023-06-11T09:46:50.800+0000] {taskinstance.py:2651} INFO - 0 downstream tasks scheduled from follow-on schedule check
[2023-06-11T10:57:54.618+0000] {taskinstance.py:1103} INFO - Dependencies all met for dep_context=non-requeueable deps ti=<TaskInstance: dag_cron_expression_03.task1 scheduled__2022-03-01T03:00:00+00:00 [queued]>
[2023-06-11T10:57:55.510+0000] {taskinstance.py:1103} INFO - Dependencies all met for dep_context=requeueable deps ti=<TaskInstance: dag_cron_expression_03.task1 scheduled__2022-03-01T03:00:00+00:00 [queued]>
[2023-06-11T10:57:55.540+0000] {taskinstance.py:1308} INFO - Starting attempt 1 of 6
[2023-06-11T10:57:57.610+0000] {taskinstance.py:1327} INFO - Executing <Task(BashOperator): task1> on 2022-03-01 03:00:00+00:00
[2023-06-11T10:57:57.736+0000] {standard_task_runner.py:57} INFO - Started process 1296 to run task
[2023-06-11T10:57:57.958+0000] {standard_task_runner.py:84} INFO - Running: ['***', 'tasks', 'run', 'dag_cron_expression_03', 'task1', 'scheduled__2022-03-01T03:00:00+00:00', '--job-id', '356', '--raw', '--subdir', 'DAGS_FOLDER/dag_cron.py', '--cfg-path', '/tmp/tmpn6tmno3t']
[2023-06-11T10:57:57.959+0000] {standard_task_runner.py:85} INFO - Job 356: Subtask task1
[2023-06-11T10:57:59.696+0000] {task_command.py:410} INFO - Running <TaskInstance: dag_cron_expression_03.task1 scheduled__2022-03-01T03:00:00+00:00 [running]> on host 7586ce0070ac
[2023-06-11T10:58:03.217+0000] {taskinstance.py:1547} INFO - Exporting env vars: AIRFLOW_CTX_DAG_OWNER='Raja' AIRFLOW_CTX_DAG_ID='dag_cron_expression_03' AIRFLOW_CTX_TASK_ID='task1' AIRFLOW_CTX_EXECUTION_DATE='2022-03-01T03:00:00+00:00' AIRFLOW_CTX_TRY_NUMBER='1' AIRFLOW_CTX_DAG_RUN_ID='scheduled__2022-03-01T03:00:00+00:00'
[2023-06-11T10:58:03.260+0000] {subprocess.py:63} INFO - Tmp dir root location: 
 /tmp
[2023-06-11T10:58:03.277+0000] {subprocess.py:75} INFO - Running command: ['/bin/bash', '-c', 'echo dag with cron expression!']
[2023-06-11T10:58:03.840+0000] {subprocess.py:86} INFO - Output:
[2023-06-11T10:58:03.855+0000] {subprocess.py:93} INFO - dag with cron expression!
[2023-06-11T10:58:03.857+0000] {subprocess.py:97} INFO - Command exited with return code 0
[2023-06-11T10:58:04.842+0000] {taskinstance.py:1350} INFO - Marking task as SUCCESS. dag_id=dag_cron_expression_03, task_id=task1, execution_date=20220301T030000, start_date=20230611T105754, end_date=20230611T105804
[2023-06-11T10:58:05.427+0000] {local_task_job_runner.py:225} INFO - Task exited with return code 0
[2023-06-11T10:58:06.901+0000] {taskinstance.py:2651} INFO - 0 downstream tasks scheduled from follow-on schedule check
