[2023-06-11T05:19:57.637+0000] {taskinstance.py:1103} INFO - Dependencies all met for dep_context=non-requeueable deps ti=<TaskInstance: dag_catchip_01.task1 scheduled__2023-05-04T00:00:00+00:00 [queued]>
[2023-06-11T05:19:57.959+0000] {taskinstance.py:1103} INFO - Dependencies all met for dep_context=requeueable deps ti=<TaskInstance: dag_catchip_01.task1 scheduled__2023-05-04T00:00:00+00:00 [queued]>
[2023-06-11T05:19:57.960+0000] {taskinstance.py:1308} INFO - Starting attempt 1 of 6
[2023-06-11T05:19:59.110+0000] {taskinstance.py:1327} INFO - Executing <Task(BashOperator): task1> on 2023-05-04 00:00:00+00:00
[2023-06-11T05:19:59.312+0000] {standard_task_runner.py:57} INFO - Started process 692 to run task
[2023-06-11T05:19:59.412+0000] {standard_task_runner.py:84} INFO - Running: ['***', 'tasks', 'run', 'dag_catchip_01', 'task1', 'scheduled__2023-05-04T00:00:00+00:00', '--job-id', '185', '--raw', '--subdir', 'DAGS_FOLDER/dag_catchup.py', '--cfg-path', '/tmp/tmphxe9ellv']
[2023-06-11T05:19:59.413+0000] {standard_task_runner.py:85} INFO - Job 185: Subtask task1
[2023-06-11T05:20:00.729+0000] {task_command.py:410} INFO - Running <TaskInstance: dag_catchip_01.task1 scheduled__2023-05-04T00:00:00+00:00 [running]> on host 69e374580eab
[2023-06-11T05:20:04.362+0000] {taskinstance.py:1547} INFO - Exporting env vars: AIRFLOW_CTX_DAG_OWNER='Raja' AIRFLOW_CTX_DAG_ID='dag_catchip_01' AIRFLOW_CTX_TASK_ID='task1' AIRFLOW_CTX_EXECUTION_DATE='2023-05-04T00:00:00+00:00' AIRFLOW_CTX_TRY_NUMBER='1' AIRFLOW_CTX_DAG_RUN_ID='scheduled__2023-05-04T00:00:00+00:00'
[2023-06-11T05:20:04.378+0000] {subprocess.py:63} INFO - Tmp dir root location: 
 /tmp
[2023-06-11T05:20:04.380+0000] {subprocess.py:75} INFO - Running command: ['/bin/bash', '-c', 'echo Hai how are you']
[2023-06-11T05:20:05.198+0000] {subprocess.py:86} INFO - Output:
[2023-06-11T05:20:05.201+0000] {subprocess.py:93} INFO - Hai how are you
[2023-06-11T05:20:05.205+0000] {subprocess.py:97} INFO - Command exited with return code 0
[2023-06-11T05:20:05.983+0000] {taskinstance.py:1350} INFO - Marking task as SUCCESS. dag_id=dag_catchip_01, task_id=task1, execution_date=20230504T000000, start_date=20230611T051957, end_date=20230611T052005
[2023-06-11T05:20:06.470+0000] {local_task_job_runner.py:225} INFO - Task exited with return code 0
[2023-06-11T05:20:06.733+0000] {taskinstance.py:2651} INFO - 0 downstream tasks scheduled from follow-on schedule check
[2023-06-11T08:20:02.466+0000] {taskinstance.py:1103} INFO - Dependencies all met for dep_context=non-requeueable deps ti=<TaskInstance: dag_catchip_01.task1 scheduled__2023-05-04T00:00:00+00:00 [queued]>
[2023-06-11T08:20:02.544+0000] {taskinstance.py:1103} INFO - Dependencies all met for dep_context=requeueable deps ti=<TaskInstance: dag_catchip_01.task1 scheduled__2023-05-04T00:00:00+00:00 [queued]>
[2023-06-11T08:20:02.553+0000] {taskinstance.py:1308} INFO - Starting attempt 1 of 6
[2023-06-11T08:20:03.692+0000] {taskinstance.py:1327} INFO - Executing <Task(BashOperator): task1> on 2023-05-04 00:00:00+00:00
[2023-06-11T08:20:03.824+0000] {standard_task_runner.py:57} INFO - Started process 590 to run task
[2023-06-11T08:20:03.929+0000] {standard_task_runner.py:84} INFO - Running: ['***', 'tasks', 'run', 'dag_catchip_01', 'task1', 'scheduled__2023-05-04T00:00:00+00:00', '--job-id', '194', '--raw', '--subdir', 'DAGS_FOLDER/dag_catchup.py', '--cfg-path', '/tmp/tmpbaq701p5']
[2023-06-11T08:20:03.935+0000] {standard_task_runner.py:85} INFO - Job 194: Subtask task1
[2023-06-11T08:20:05.452+0000] {task_command.py:410} INFO - Running <TaskInstance: dag_catchip_01.task1 scheduled__2023-05-04T00:00:00+00:00 [running]> on host 492037cdd057
[2023-06-11T08:20:13.477+0000] {taskinstance.py:1547} INFO - Exporting env vars: AIRFLOW_CTX_DAG_OWNER='Raja' AIRFLOW_CTX_DAG_ID='dag_catchip_01' AIRFLOW_CTX_TASK_ID='task1' AIRFLOW_CTX_EXECUTION_DATE='2023-05-04T00:00:00+00:00' AIRFLOW_CTX_TRY_NUMBER='1' AIRFLOW_CTX_DAG_RUN_ID='scheduled__2023-05-04T00:00:00+00:00'
[2023-06-11T08:20:13.557+0000] {subprocess.py:63} INFO - Tmp dir root location: 
 /tmp
[2023-06-11T08:20:13.558+0000] {subprocess.py:75} INFO - Running command: ['/bin/bash', '-c', 'echo Hai how are you']
[2023-06-11T08:20:14.558+0000] {subprocess.py:86} INFO - Output:
[2023-06-11T08:20:14.898+0000] {subprocess.py:93} INFO - Hai how are you
[2023-06-11T08:20:14.899+0000] {subprocess.py:97} INFO - Command exited with return code 0
[2023-06-11T08:20:18.034+0000] {taskinstance.py:1350} INFO - Marking task as SUCCESS. dag_id=dag_catchip_01, task_id=task1, execution_date=20230504T000000, start_date=20230611T082002, end_date=20230611T082018
[2023-06-11T08:20:20.080+0000] {local_task_job_runner.py:225} INFO - Task exited with return code 0
[2023-06-11T08:20:21.839+0000] {taskinstance.py:2651} INFO - 0 downstream tasks scheduled from follow-on schedule check
