[2023-06-11T04:52:38.211+0000] {taskinstance.py:1103} INFO - Dependencies all met for dep_context=non-requeueable deps ti=<TaskInstance: first_dag_02.thrid_task scheduled__2021-10-07T00:00:00+00:00 [queued]>
[2023-06-11T04:52:38.945+0000] {taskinstance.py:1103} INFO - Dependencies all met for dep_context=requeueable deps ti=<TaskInstance: first_dag_02.thrid_task scheduled__2021-10-07T00:00:00+00:00 [queued]>
[2023-06-11T04:52:38.945+0000] {taskinstance.py:1308} INFO - Starting attempt 1 of 6
[2023-06-11T04:52:39.693+0000] {taskinstance.py:1327} INFO - Executing <Task(BashOperator): thrid_task> on 2021-10-07 00:00:00+00:00
[2023-06-11T04:52:39.785+0000] {standard_task_runner.py:57} INFO - Started process 969 to run task
[2023-06-11T04:52:40.215+0000] {standard_task_runner.py:84} INFO - Running: ['***', 'tasks', 'run', 'first_dag_02', 'thrid_task', 'scheduled__2021-10-07T00:00:00+00:00', '--job-id', '287', '--raw', '--subdir', 'DAGS_FOLDER/First_dag.py', '--cfg-path', '/tmp/tmpfg_xmce5']
[2023-06-11T04:52:40.298+0000] {standard_task_runner.py:85} INFO - Job 287: Subtask thrid_task
[2023-06-11T04:52:41.165+0000] {task_command.py:410} INFO - Running <TaskInstance: first_dag_02.thrid_task scheduled__2021-10-07T00:00:00+00:00 [running]> on host 4b1b5d40d165
[2023-06-11T04:52:44.322+0000] {taskinstance.py:1547} INFO - Exporting env vars: AIRFLOW_CTX_DAG_OWNER='Raja' AIRFLOW_CTX_DAG_ID='first_dag_02' AIRFLOW_CTX_TASK_ID='thrid_task' AIRFLOW_CTX_EXECUTION_DATE='2021-10-07T00:00:00+00:00' AIRFLOW_CTX_TRY_NUMBER='1' AIRFLOW_CTX_DAG_RUN_ID='scheduled__2021-10-07T00:00:00+00:00'
[2023-06-11T04:52:44.329+0000] {subprocess.py:63} INFO - Tmp dir root location: 
 /tmp
[2023-06-11T04:52:44.330+0000] {subprocess.py:75} INFO - Running command: ['/bin/bash', '-c', 'echo hey, I am task3 and will be running after task1 at the same time as task2!']
[2023-06-11T04:52:44.434+0000] {subprocess.py:86} INFO - Output:
[2023-06-11T04:52:44.448+0000] {subprocess.py:93} INFO - hey, I am task3 and will be running after task1 at the same time as task2!
[2023-06-11T04:52:44.449+0000] {subprocess.py:97} INFO - Command exited with return code 0
[2023-06-11T04:52:44.715+0000] {taskinstance.py:1350} INFO - Marking task as SUCCESS. dag_id=first_dag_02, task_id=thrid_task, execution_date=20211007T000000, start_date=20230611T045238, end_date=20230611T045244
[2023-06-11T04:52:45.095+0000] {local_task_job_runner.py:225} INFO - Task exited with return code 0
[2023-06-11T04:52:45.681+0000] {taskinstance.py:2651} INFO - 0 downstream tasks scheduled from follow-on schedule check
[2023-06-11T08:29:35.851+0000] {taskinstance.py:1103} INFO - Dependencies all met for dep_context=non-requeueable deps ti=<TaskInstance: first_dag_02.thrid_task scheduled__2021-10-07T00:00:00+00:00 [queued]>
[2023-06-11T08:29:35.931+0000] {taskinstance.py:1103} INFO - Dependencies all met for dep_context=requeueable deps ti=<TaskInstance: first_dag_02.thrid_task scheduled__2021-10-07T00:00:00+00:00 [queued]>
[2023-06-11T08:29:35.932+0000] {taskinstance.py:1308} INFO - Starting attempt 1 of 6
[2023-06-11T08:29:36.103+0000] {taskinstance.py:1327} INFO - Executing <Task(BashOperator): thrid_task> on 2021-10-07 00:00:00+00:00
[2023-06-11T08:29:36.123+0000] {standard_task_runner.py:57} INFO - Started process 1345 to run task
[2023-06-11T08:29:36.143+0000] {standard_task_runner.py:84} INFO - Running: ['***', 'tasks', 'run', 'first_dag_02', 'thrid_task', 'scheduled__2021-10-07T00:00:00+00:00', '--job-id', '412', '--raw', '--subdir', 'DAGS_FOLDER/First_dag.py', '--cfg-path', '/tmp/tmpw_ixu5ou']
[2023-06-11T08:29:36.144+0000] {standard_task_runner.py:85} INFO - Job 412: Subtask thrid_task
[2023-06-11T08:29:36.412+0000] {task_command.py:410} INFO - Running <TaskInstance: first_dag_02.thrid_task scheduled__2021-10-07T00:00:00+00:00 [running]> on host 492037cdd057
[2023-06-11T08:29:38.854+0000] {taskinstance.py:1547} INFO - Exporting env vars: AIRFLOW_CTX_DAG_OWNER='Raja' AIRFLOW_CTX_DAG_ID='first_dag_02' AIRFLOW_CTX_TASK_ID='thrid_task' AIRFLOW_CTX_EXECUTION_DATE='2021-10-07T00:00:00+00:00' AIRFLOW_CTX_TRY_NUMBER='1' AIRFLOW_CTX_DAG_RUN_ID='scheduled__2021-10-07T00:00:00+00:00'
[2023-06-11T08:29:38.959+0000] {subprocess.py:63} INFO - Tmp dir root location: 
 /tmp
[2023-06-11T08:29:38.960+0000] {subprocess.py:75} INFO - Running command: ['/bin/bash', '-c', 'echo hey, I am task3 and will be running after task1 at the same time as task2!']
[2023-06-11T08:29:39.129+0000] {subprocess.py:86} INFO - Output:
[2023-06-11T08:29:39.132+0000] {subprocess.py:93} INFO - hey, I am task3 and will be running after task1 at the same time as task2!
[2023-06-11T08:29:39.133+0000] {subprocess.py:97} INFO - Command exited with return code 0
[2023-06-11T08:29:39.957+0000] {taskinstance.py:1350} INFO - Marking task as SUCCESS. dag_id=first_dag_02, task_id=thrid_task, execution_date=20211007T000000, start_date=20230611T082935, end_date=20230611T082939
[2023-06-11T08:29:40.229+0000] {local_task_job_runner.py:225} INFO - Task exited with return code 0
[2023-06-11T08:29:40.812+0000] {taskinstance.py:2651} INFO - 0 downstream tasks scheduled from follow-on schedule check
[2023-06-11T08:51:54.423+0000] {taskinstance.py:1103} INFO - Dependencies all met for dep_context=non-requeueable deps ti=<TaskInstance: first_dag_02.thrid_task scheduled__2021-10-07T00:00:00+00:00 [queued]>
[2023-06-11T08:51:54.524+0000] {taskinstance.py:1103} INFO - Dependencies all met for dep_context=requeueable deps ti=<TaskInstance: first_dag_02.thrid_task scheduled__2021-10-07T00:00:00+00:00 [queued]>
[2023-06-11T08:51:54.529+0000] {taskinstance.py:1308} INFO - Starting attempt 1 of 6
[2023-06-11T08:51:54.810+0000] {taskinstance.py:1327} INFO - Executing <Task(BashOperator): thrid_task> on 2021-10-07 00:00:00+00:00
[2023-06-11T08:51:54.874+0000] {standard_task_runner.py:57} INFO - Started process 1217 to run task
[2023-06-11T08:51:54.909+0000] {standard_task_runner.py:84} INFO - Running: ['***', 'tasks', 'run', 'first_dag_02', 'thrid_task', 'scheduled__2021-10-07T00:00:00+00:00', '--job-id', '378', '--raw', '--subdir', 'DAGS_FOLDER/First_dag.py', '--cfg-path', '/tmp/tmp6t18yku3']
[2023-06-11T08:51:54.927+0000] {standard_task_runner.py:85} INFO - Job 378: Subtask thrid_task
[2023-06-11T08:51:55.942+0000] {task_command.py:410} INFO - Running <TaskInstance: first_dag_02.thrid_task scheduled__2021-10-07T00:00:00+00:00 [running]> on host 964e508aad03
[2023-06-11T08:51:58.744+0000] {taskinstance.py:1547} INFO - Exporting env vars: AIRFLOW_CTX_DAG_OWNER='Raja' AIRFLOW_CTX_DAG_ID='first_dag_02' AIRFLOW_CTX_TASK_ID='thrid_task' AIRFLOW_CTX_EXECUTION_DATE='2021-10-07T00:00:00+00:00' AIRFLOW_CTX_TRY_NUMBER='1' AIRFLOW_CTX_DAG_RUN_ID='scheduled__2021-10-07T00:00:00+00:00'
[2023-06-11T08:51:58.787+0000] {subprocess.py:63} INFO - Tmp dir root location: 
 /tmp
[2023-06-11T08:51:58.787+0000] {subprocess.py:75} INFO - Running command: ['/bin/bash', '-c', 'echo hey, I am task3 and will be running after task1 at the same time as task2!']
[2023-06-11T08:51:58.973+0000] {subprocess.py:86} INFO - Output:
[2023-06-11T08:51:59.012+0000] {subprocess.py:93} INFO - hey, I am task3 and will be running after task1 at the same time as task2!
[2023-06-11T08:51:59.022+0000] {subprocess.py:97} INFO - Command exited with return code 0
[2023-06-11T08:51:59.666+0000] {taskinstance.py:1350} INFO - Marking task as SUCCESS. dag_id=first_dag_02, task_id=thrid_task, execution_date=20211007T000000, start_date=20230611T085154, end_date=20230611T085159
[2023-06-11T08:51:59.797+0000] {local_task_job_runner.py:225} INFO - Task exited with return code 0
[2023-06-11T08:52:00.286+0000] {taskinstance.py:2651} INFO - 0 downstream tasks scheduled from follow-on schedule check
[2023-06-11T10:58:22.592+0000] {taskinstance.py:1103} INFO - Dependencies all met for dep_context=non-requeueable deps ti=<TaskInstance: first_dag_02.thrid_task scheduled__2021-10-07T00:00:00+00:00 [queued]>
[2023-06-11T10:58:22.777+0000] {taskinstance.py:1103} INFO - Dependencies all met for dep_context=requeueable deps ti=<TaskInstance: first_dag_02.thrid_task scheduled__2021-10-07T00:00:00+00:00 [queued]>
[2023-06-11T10:58:22.867+0000] {taskinstance.py:1308} INFO - Starting attempt 1 of 6
[2023-06-11T10:58:23.744+0000] {taskinstance.py:1327} INFO - Executing <Task(BashOperator): thrid_task> on 2021-10-07 00:00:00+00:00
[2023-06-11T10:58:23.908+0000] {standard_task_runner.py:84} INFO - Running: ['***', 'tasks', 'run', 'first_dag_02', 'thrid_task', 'scheduled__2021-10-07T00:00:00+00:00', '--job-id', '373', '--raw', '--subdir', 'DAGS_FOLDER/First_dag.py', '--cfg-path', '/tmp/tmpbc4d9bv2']
[2023-06-11T10:58:23.911+0000] {standard_task_runner.py:85} INFO - Job 373: Subtask thrid_task
[2023-06-11T10:58:23.886+0000] {standard_task_runner.py:57} INFO - Started process 1355 to run task
[2023-06-11T10:58:25.050+0000] {task_command.py:410} INFO - Running <TaskInstance: first_dag_02.thrid_task scheduled__2021-10-07T00:00:00+00:00 [running]> on host 7586ce0070ac
[2023-06-11T10:58:27.516+0000] {taskinstance.py:1547} INFO - Exporting env vars: AIRFLOW_CTX_DAG_OWNER='Raja' AIRFLOW_CTX_DAG_ID='first_dag_02' AIRFLOW_CTX_TASK_ID='thrid_task' AIRFLOW_CTX_EXECUTION_DATE='2021-10-07T00:00:00+00:00' AIRFLOW_CTX_TRY_NUMBER='1' AIRFLOW_CTX_DAG_RUN_ID='scheduled__2021-10-07T00:00:00+00:00'
[2023-06-11T10:58:27.518+0000] {subprocess.py:63} INFO - Tmp dir root location: 
 /tmp
[2023-06-11T10:58:27.519+0000] {subprocess.py:75} INFO - Running command: ['/bin/bash', '-c', 'echo hey, I am task3 and will be running after task1 at the same time as task2!']
[2023-06-11T10:58:27.766+0000] {subprocess.py:86} INFO - Output:
[2023-06-11T10:58:27.922+0000] {subprocess.py:93} INFO - hey, I am task3 and will be running after task1 at the same time as task2!
[2023-06-11T10:58:27.924+0000] {subprocess.py:97} INFO - Command exited with return code 0
[2023-06-11T10:58:28.742+0000] {taskinstance.py:1350} INFO - Marking task as SUCCESS. dag_id=first_dag_02, task_id=thrid_task, execution_date=20211007T000000, start_date=20230611T105822, end_date=20230611T105828
[2023-06-11T10:58:29.094+0000] {local_task_job_runner.py:225} INFO - Task exited with return code 0
[2023-06-11T10:58:30.444+0000] {taskinstance.py:2651} INFO - 0 downstream tasks scheduled from follow-on schedule check
