[2023-06-11T09:48:42.585+0000] {taskinstance.py:1103} INFO - Dependencies all met for dep_context=non-requeueable deps ti=<TaskInstance: first_dag_02.first_task scheduled__2022-07-06T00:00:00+00:00 [queued]>
[2023-06-11T09:48:42.651+0000] {taskinstance.py:1103} INFO - Dependencies all met for dep_context=requeueable deps ti=<TaskInstance: first_dag_02.first_task scheduled__2022-07-06T00:00:00+00:00 [queued]>
[2023-06-11T09:48:42.652+0000] {taskinstance.py:1308} INFO - Starting attempt 1 of 6
[2023-06-11T09:48:43.623+0000] {taskinstance.py:1327} INFO - Executing <Task(BashOperator): first_task> on 2022-07-06 00:00:00+00:00
[2023-06-11T09:48:43.679+0000] {standard_task_runner.py:57} INFO - Started process 5275 to run task
[2023-06-11T09:48:43.915+0000] {standard_task_runner.py:84} INFO - Running: ['***', 'tasks', 'run', 'first_dag_02', 'first_task', 'scheduled__2022-07-06T00:00:00+00:00', '--job-id', '1615', '--raw', '--subdir', 'DAGS_FOLDER/First_dag.py', '--cfg-path', '/tmp/tmp1kx1_qxf']
[2023-06-11T09:48:43.918+0000] {standard_task_runner.py:85} INFO - Job 1615: Subtask first_task
[2023-06-11T09:48:45.484+0000] {task_command.py:410} INFO - Running <TaskInstance: first_dag_02.first_task scheduled__2022-07-06T00:00:00+00:00 [running]> on host 964e508aad03
[2023-06-11T09:48:52.474+0000] {taskinstance.py:1547} INFO - Exporting env vars: AIRFLOW_CTX_DAG_OWNER='Raja' AIRFLOW_CTX_DAG_ID='first_dag_02' AIRFLOW_CTX_TASK_ID='first_task' AIRFLOW_CTX_EXECUTION_DATE='2022-07-06T00:00:00+00:00' AIRFLOW_CTX_TRY_NUMBER='1' AIRFLOW_CTX_DAG_RUN_ID='scheduled__2022-07-06T00:00:00+00:00'
[2023-06-11T09:48:52.480+0000] {subprocess.py:63} INFO - Tmp dir root location: 
 /tmp
[2023-06-11T09:48:52.481+0000] {subprocess.py:75} INFO - Running command: ['/bin/bash', '-c', 'echo hello world, this is the first task!']
[2023-06-11T09:48:52.615+0000] {subprocess.py:86} INFO - Output:
[2023-06-11T09:48:52.618+0000] {subprocess.py:93} INFO - hello world, this is the first task!
[2023-06-11T09:48:52.633+0000] {subprocess.py:97} INFO - Command exited with return code 0
[2023-06-11T09:48:53.454+0000] {taskinstance.py:1350} INFO - Marking task as SUCCESS. dag_id=first_dag_02, task_id=first_task, execution_date=20220706T000000, start_date=20230611T094842, end_date=20230611T094853
[2023-06-11T09:48:53.936+0000] {local_task_job_runner.py:225} INFO - Task exited with return code 0
[2023-06-11T09:48:55.231+0000] {taskinstance.py:2651} INFO - 0 downstream tasks scheduled from follow-on schedule check
[2023-06-11T15:34:31.833+0000] {taskinstance.py:1103} INFO - Dependencies all met for dep_context=non-requeueable deps ti=<TaskInstance: first_dag_02.first_task scheduled__2022-07-06T00:00:00+00:00 [queued]>
[2023-06-11T15:34:32.028+0000] {taskinstance.py:1103} INFO - Dependencies all met for dep_context=requeueable deps ti=<TaskInstance: first_dag_02.first_task scheduled__2022-07-06T00:00:00+00:00 [queued]>
[2023-06-11T15:34:32.028+0000] {taskinstance.py:1308} INFO - Starting attempt 1 of 6
[2023-06-11T15:34:32.362+0000] {taskinstance.py:1327} INFO - Executing <Task(BashOperator): first_task> on 2022-07-06 00:00:00+00:00
[2023-06-11T15:34:32.421+0000] {standard_task_runner.py:57} INFO - Started process 1743 to run task
[2023-06-11T15:34:32.437+0000] {standard_task_runner.py:84} INFO - Running: ['***', 'tasks', 'run', 'first_dag_02', 'first_task', 'scheduled__2022-07-06T00:00:00+00:00', '--job-id', '1622', '--raw', '--subdir', 'DAGS_FOLDER/First_dag.py', '--cfg-path', '/tmp/tmp1crsrrrt']
[2023-06-11T15:34:32.454+0000] {standard_task_runner.py:85} INFO - Job 1622: Subtask first_task
[2023-06-11T15:34:33.300+0000] {task_command.py:410} INFO - Running <TaskInstance: first_dag_02.first_task scheduled__2022-07-06T00:00:00+00:00 [running]> on host 7586ce0070ac
[2023-06-11T15:34:36.132+0000] {taskinstance.py:1547} INFO - Exporting env vars: AIRFLOW_CTX_DAG_OWNER='Raja' AIRFLOW_CTX_DAG_ID='first_dag_02' AIRFLOW_CTX_TASK_ID='first_task' AIRFLOW_CTX_EXECUTION_DATE='2022-07-06T00:00:00+00:00' AIRFLOW_CTX_TRY_NUMBER='1' AIRFLOW_CTX_DAG_RUN_ID='scheduled__2022-07-06T00:00:00+00:00'
[2023-06-11T15:34:36.135+0000] {subprocess.py:63} INFO - Tmp dir root location: 
 /tmp
[2023-06-11T15:34:36.136+0000] {subprocess.py:75} INFO - Running command: ['/bin/bash', '-c', 'echo hello world, this is the first task!']
[2023-06-11T15:34:36.243+0000] {subprocess.py:86} INFO - Output:
[2023-06-11T15:34:36.281+0000] {subprocess.py:93} INFO - hello world, this is the first task!
[2023-06-11T15:34:36.290+0000] {subprocess.py:97} INFO - Command exited with return code 0
[2023-06-11T15:34:36.589+0000] {taskinstance.py:1350} INFO - Marking task as SUCCESS. dag_id=first_dag_02, task_id=first_task, execution_date=20220706T000000, start_date=20230611T153431, end_date=20230611T153436
[2023-06-11T15:34:37.009+0000] {local_task_job_runner.py:225} INFO - Task exited with return code 0
[2023-06-11T15:34:37.345+0000] {taskinstance.py:2651} INFO - 2 downstream tasks scheduled from follow-on schedule check
