[2023-06-11T08:58:06.980+0000] {taskinstance.py:1103} INFO - Dependencies all met for dep_context=non-requeueable deps ti=<TaskInstance: first_dag_02.thrid_task scheduled__2022-01-11T00:00:00+00:00 [queued]>
[2023-06-11T08:58:07.185+0000] {taskinstance.py:1103} INFO - Dependencies all met for dep_context=requeueable deps ti=<TaskInstance: first_dag_02.thrid_task scheduled__2022-01-11T00:00:00+00:00 [queued]>
[2023-06-11T08:58:07.185+0000] {taskinstance.py:1308} INFO - Starting attempt 1 of 6
[2023-06-11T08:58:07.351+0000] {taskinstance.py:1327} INFO - Executing <Task(BashOperator): thrid_task> on 2022-01-11 00:00:00+00:00
[2023-06-11T08:58:07.388+0000] {standard_task_runner.py:57} INFO - Started process 2632 to run task
[2023-06-11T08:58:07.430+0000] {standard_task_runner.py:84} INFO - Running: ['***', 'tasks', 'run', 'first_dag_02', 'thrid_task', 'scheduled__2022-01-11T00:00:00+00:00', '--job-id', '822', '--raw', '--subdir', 'DAGS_FOLDER/First_dag.py', '--cfg-path', '/tmp/tmp1n28bl9v']
[2023-06-11T08:58:07.430+0000] {standard_task_runner.py:85} INFO - Job 822: Subtask thrid_task
[2023-06-11T08:58:07.924+0000] {task_command.py:410} INFO - Running <TaskInstance: first_dag_02.thrid_task scheduled__2022-01-11T00:00:00+00:00 [running]> on host 964e508aad03
[2023-06-11T08:58:09.617+0000] {taskinstance.py:1547} INFO - Exporting env vars: AIRFLOW_CTX_DAG_OWNER='Raja' AIRFLOW_CTX_DAG_ID='first_dag_02' AIRFLOW_CTX_TASK_ID='thrid_task' AIRFLOW_CTX_EXECUTION_DATE='2022-01-11T00:00:00+00:00' AIRFLOW_CTX_TRY_NUMBER='1' AIRFLOW_CTX_DAG_RUN_ID='scheduled__2022-01-11T00:00:00+00:00'
[2023-06-11T08:58:09.619+0000] {subprocess.py:63} INFO - Tmp dir root location: 
 /tmp
[2023-06-11T08:58:09.620+0000] {subprocess.py:75} INFO - Running command: ['/bin/bash', '-c', 'echo hey, I am task3 and will be running after task1 at the same time as task2!']
[2023-06-11T08:58:09.794+0000] {subprocess.py:86} INFO - Output:
[2023-06-11T08:58:09.815+0000] {subprocess.py:93} INFO - hey, I am task3 and will be running after task1 at the same time as task2!
[2023-06-11T08:58:09.828+0000] {subprocess.py:97} INFO - Command exited with return code 0
[2023-06-11T08:58:10.180+0000] {taskinstance.py:1350} INFO - Marking task as SUCCESS. dag_id=first_dag_02, task_id=thrid_task, execution_date=20220111T000000, start_date=20230611T085807, end_date=20230611T085810
[2023-06-11T08:58:10.588+0000] {local_task_job_runner.py:225} INFO - Task exited with return code 0
[2023-06-11T08:58:10.939+0000] {taskinstance.py:2651} INFO - 0 downstream tasks scheduled from follow-on schedule check
[2023-06-11T11:29:24.046+0000] {taskinstance.py:1103} INFO - Dependencies all met for dep_context=non-requeueable deps ti=<TaskInstance: first_dag_02.thrid_task scheduled__2022-01-11T00:00:00+00:00 [queued]>
[2023-06-11T11:29:24.714+0000] {taskinstance.py:1103} INFO - Dependencies all met for dep_context=requeueable deps ti=<TaskInstance: first_dag_02.thrid_task scheduled__2022-01-11T00:00:00+00:00 [queued]>
[2023-06-11T11:29:24.719+0000] {taskinstance.py:1308} INFO - Starting attempt 1 of 6
[2023-06-11T11:29:26.213+0000] {taskinstance.py:1327} INFO - Executing <Task(BashOperator): thrid_task> on 2022-01-11 00:00:00+00:00
[2023-06-11T11:29:26.293+0000] {standard_task_runner.py:57} INFO - Started process 149 to run task
[2023-06-11T11:29:26.409+0000] {standard_task_runner.py:84} INFO - Running: ['***', 'tasks', 'run', 'first_dag_02', 'thrid_task', 'scheduled__2022-01-11T00:00:00+00:00', '--job-id', '852', '--raw', '--subdir', 'DAGS_FOLDER/First_dag.py', '--cfg-path', '/tmp/tmpkv2pwdhv']
[2023-06-11T11:29:26.410+0000] {standard_task_runner.py:85} INFO - Job 852: Subtask thrid_task
[2023-06-11T11:29:28.015+0000] {task_command.py:410} INFO - Running <TaskInstance: first_dag_02.thrid_task scheduled__2022-01-11T00:00:00+00:00 [running]> on host 7586ce0070ac
[2023-06-11T11:29:32.244+0000] {taskinstance.py:1547} INFO - Exporting env vars: AIRFLOW_CTX_DAG_OWNER='Raja' AIRFLOW_CTX_DAG_ID='first_dag_02' AIRFLOW_CTX_TASK_ID='thrid_task' AIRFLOW_CTX_EXECUTION_DATE='2022-01-11T00:00:00+00:00' AIRFLOW_CTX_TRY_NUMBER='1' AIRFLOW_CTX_DAG_RUN_ID='scheduled__2022-01-11T00:00:00+00:00'
[2023-06-11T11:29:32.251+0000] {subprocess.py:63} INFO - Tmp dir root location: 
 /tmp
[2023-06-11T11:29:32.252+0000] {subprocess.py:75} INFO - Running command: ['/bin/bash', '-c', 'echo hey, I am task3 and will be running after task1 at the same time as task2!']
[2023-06-11T11:29:32.562+0000] {subprocess.py:86} INFO - Output:
[2023-06-11T11:29:32.739+0000] {subprocess.py:93} INFO - hey, I am task3 and will be running after task1 at the same time as task2!
[2023-06-11T11:29:32.739+0000] {subprocess.py:97} INFO - Command exited with return code 0
[2023-06-11T11:29:33.826+0000] {taskinstance.py:1350} INFO - Marking task as SUCCESS. dag_id=first_dag_02, task_id=thrid_task, execution_date=20220111T000000, start_date=20230611T112924, end_date=20230611T112933
[2023-06-11T11:29:34.511+0000] {local_task_job_runner.py:225} INFO - Task exited with return code 0
[2023-06-11T11:29:35.135+0000] {taskinstance.py:2651} INFO - 0 downstream tasks scheduled from follow-on schedule check
