[2023-06-11T08:54:23.140+0000] {taskinstance.py:1103} INFO - Dependencies all met for dep_context=non-requeueable deps ti=<TaskInstance: first_dag_02.thrid_task scheduled__2021-11-17T00:00:00+00:00 [queued]>
[2023-06-11T08:54:23.372+0000] {taskinstance.py:1103} INFO - Dependencies all met for dep_context=requeueable deps ti=<TaskInstance: first_dag_02.thrid_task scheduled__2021-11-17T00:00:00+00:00 [queued]>
[2023-06-11T08:54:23.380+0000] {taskinstance.py:1308} INFO - Starting attempt 1 of 6
[2023-06-11T08:54:23.925+0000] {taskinstance.py:1327} INFO - Executing <Task(BashOperator): thrid_task> on 2021-11-17 00:00:00+00:00
[2023-06-11T08:54:24.010+0000] {standard_task_runner.py:57} INFO - Started process 1795 to run task
[2023-06-11T08:54:24.030+0000] {standard_task_runner.py:84} INFO - Running: ['***', 'tasks', 'run', 'first_dag_02', 'thrid_task', 'scheduled__2021-11-17T00:00:00+00:00', '--job-id', '557', '--raw', '--subdir', 'DAGS_FOLDER/First_dag.py', '--cfg-path', '/tmp/tmpu4dy_g7f']
[2023-06-11T08:54:24.053+0000] {standard_task_runner.py:85} INFO - Job 557: Subtask thrid_task
[2023-06-11T08:54:24.364+0000] {task_command.py:410} INFO - Running <TaskInstance: first_dag_02.thrid_task scheduled__2021-11-17T00:00:00+00:00 [running]> on host 964e508aad03
[2023-06-11T08:54:26.288+0000] {taskinstance.py:1547} INFO - Exporting env vars: AIRFLOW_CTX_DAG_OWNER='Raja' AIRFLOW_CTX_DAG_ID='first_dag_02' AIRFLOW_CTX_TASK_ID='thrid_task' AIRFLOW_CTX_EXECUTION_DATE='2021-11-17T00:00:00+00:00' AIRFLOW_CTX_TRY_NUMBER='1' AIRFLOW_CTX_DAG_RUN_ID='scheduled__2021-11-17T00:00:00+00:00'
[2023-06-11T08:54:26.302+0000] {subprocess.py:63} INFO - Tmp dir root location: 
 /tmp
[2023-06-11T08:54:26.325+0000] {subprocess.py:75} INFO - Running command: ['/bin/bash', '-c', 'echo hey, I am task3 and will be running after task1 at the same time as task2!']
[2023-06-11T08:54:26.535+0000] {subprocess.py:86} INFO - Output:
[2023-06-11T08:54:26.570+0000] {subprocess.py:93} INFO - hey, I am task3 and will be running after task1 at the same time as task2!
[2023-06-11T08:54:26.571+0000] {subprocess.py:97} INFO - Command exited with return code 0
[2023-06-11T08:54:26.721+0000] {taskinstance.py:1350} INFO - Marking task as SUCCESS. dag_id=first_dag_02, task_id=thrid_task, execution_date=20211117T000000, start_date=20230611T085423, end_date=20230611T085426
[2023-06-11T08:54:26.884+0000] {local_task_job_runner.py:225} INFO - Task exited with return code 0
[2023-06-11T08:54:27.499+0000] {taskinstance.py:2651} INFO - 0 downstream tasks scheduled from follow-on schedule check
[2023-06-11T11:16:01.590+0000] {taskinstance.py:1103} INFO - Dependencies all met for dep_context=non-requeueable deps ti=<TaskInstance: first_dag_02.thrid_task scheduled__2021-11-17T00:00:00+00:00 [queued]>
[2023-06-11T11:16:02.595+0000] {taskinstance.py:1103} INFO - Dependencies all met for dep_context=requeueable deps ti=<TaskInstance: first_dag_02.thrid_task scheduled__2021-11-17T00:00:00+00:00 [queued]>
[2023-06-11T11:16:02.683+0000] {taskinstance.py:1308} INFO - Starting attempt 1 of 6
[2023-06-11T11:16:03.989+0000] {taskinstance.py:1327} INFO - Executing <Task(BashOperator): thrid_task> on 2021-11-17 00:00:00+00:00
[2023-06-11T11:16:04.248+0000] {standard_task_runner.py:57} INFO - Started process 432 to run task
[2023-06-11T11:16:04.447+0000] {standard_task_runner.py:84} INFO - Running: ['***', 'tasks', 'run', 'first_dag_02', 'thrid_task', 'scheduled__2021-11-17T00:00:00+00:00', '--job-id', '587', '--raw', '--subdir', 'DAGS_FOLDER/First_dag.py', '--cfg-path', '/tmp/tmp7j9yu179']
[2023-06-11T11:16:04.520+0000] {standard_task_runner.py:85} INFO - Job 587: Subtask thrid_task
[2023-06-11T11:16:05.130+0000] {task_command.py:410} INFO - Running <TaskInstance: first_dag_02.thrid_task scheduled__2021-11-17T00:00:00+00:00 [running]> on host 7586ce0070ac
[2023-06-11T11:16:08.710+0000] {taskinstance.py:1547} INFO - Exporting env vars: AIRFLOW_CTX_DAG_OWNER='Raja' AIRFLOW_CTX_DAG_ID='first_dag_02' AIRFLOW_CTX_TASK_ID='thrid_task' AIRFLOW_CTX_EXECUTION_DATE='2021-11-17T00:00:00+00:00' AIRFLOW_CTX_TRY_NUMBER='1' AIRFLOW_CTX_DAG_RUN_ID='scheduled__2021-11-17T00:00:00+00:00'
[2023-06-11T11:16:08.740+0000] {subprocess.py:63} INFO - Tmp dir root location: 
 /tmp
[2023-06-11T11:16:08.859+0000] {subprocess.py:75} INFO - Running command: ['/bin/bash', '-c', 'echo hey, I am task3 and will be running after task1 at the same time as task2!']
[2023-06-11T11:16:09.831+0000] {subprocess.py:86} INFO - Output:
[2023-06-11T11:16:09.841+0000] {subprocess.py:93} INFO - hey, I am task3 and will be running after task1 at the same time as task2!
[2023-06-11T11:16:09.850+0000] {subprocess.py:97} INFO - Command exited with return code 0
[2023-06-11T11:16:10.721+0000] {taskinstance.py:1350} INFO - Marking task as SUCCESS. dag_id=first_dag_02, task_id=thrid_task, execution_date=20211117T000000, start_date=20230611T111601, end_date=20230611T111610
[2023-06-11T11:16:11.579+0000] {local_task_job_runner.py:225} INFO - Task exited with return code 0
[2023-06-11T11:16:12.566+0000] {taskinstance.py:2651} INFO - 0 downstream tasks scheduled from follow-on schedule check
