[2023-06-11T09:45:22.963+0000] {taskinstance.py:1103} INFO - Dependencies all met for dep_context=non-requeueable deps ti=<TaskInstance: first_dag_02.second_task scheduled__2022-05-24T00:00:00+00:00 [queued]>
[2023-06-11T09:45:23.176+0000] {taskinstance.py:1103} INFO - Dependencies all met for dep_context=requeueable deps ti=<TaskInstance: first_dag_02.second_task scheduled__2022-05-24T00:00:00+00:00 [queued]>
[2023-06-11T09:45:23.177+0000] {taskinstance.py:1308} INFO - Starting attempt 1 of 6
[2023-06-11T09:45:24.028+0000] {taskinstance.py:1327} INFO - Executing <Task(BashOperator): second_task> on 2022-05-24 00:00:00+00:00
[2023-06-11T09:45:24.161+0000] {standard_task_runner.py:57} INFO - Started process 4678 to run task
[2023-06-11T09:45:24.259+0000] {standard_task_runner.py:84} INFO - Running: ['***', 'tasks', 'run', 'first_dag_02', 'second_task', 'scheduled__2022-05-24T00:00:00+00:00', '--job-id', '1434', '--raw', '--subdir', 'DAGS_FOLDER/First_dag.py', '--cfg-path', '/tmp/tmpc9l4m6wm']
[2023-06-11T09:45:24.260+0000] {standard_task_runner.py:85} INFO - Job 1434: Subtask second_task
[2023-06-11T09:45:25.134+0000] {task_command.py:410} INFO - Running <TaskInstance: first_dag_02.second_task scheduled__2022-05-24T00:00:00+00:00 [running]> on host 964e508aad03
[2023-06-11T09:45:27.417+0000] {taskinstance.py:1547} INFO - Exporting env vars: AIRFLOW_CTX_DAG_OWNER='Raja' AIRFLOW_CTX_DAG_ID='first_dag_02' AIRFLOW_CTX_TASK_ID='second_task' AIRFLOW_CTX_EXECUTION_DATE='2022-05-24T00:00:00+00:00' AIRFLOW_CTX_TRY_NUMBER='1' AIRFLOW_CTX_DAG_RUN_ID='scheduled__2022-05-24T00:00:00+00:00'
[2023-06-11T09:45:27.430+0000] {subprocess.py:63} INFO - Tmp dir root location: 
 /tmp
[2023-06-11T09:45:27.441+0000] {subprocess.py:75} INFO - Running command: ['/bin/bash', '-c', 'echo hey, I am task2 and will be running after task1!']
[2023-06-11T09:45:27.595+0000] {subprocess.py:86} INFO - Output:
[2023-06-11T09:45:27.600+0000] {subprocess.py:93} INFO - hey, I am task2 and will be running after task1!
[2023-06-11T09:45:27.622+0000] {subprocess.py:97} INFO - Command exited with return code 0
[2023-06-11T09:45:28.007+0000] {taskinstance.py:1350} INFO - Marking task as SUCCESS. dag_id=first_dag_02, task_id=second_task, execution_date=20220524T000000, start_date=20230611T094522, end_date=20230611T094528
[2023-06-11T09:45:28.318+0000] {local_task_job_runner.py:225} INFO - Task exited with return code 0
[2023-06-11T09:45:28.529+0000] {taskinstance.py:2651} INFO - 0 downstream tasks scheduled from follow-on schedule check
[2023-06-11T15:32:29.662+0000] {taskinstance.py:1103} INFO - Dependencies all met for dep_context=non-requeueable deps ti=<TaskInstance: first_dag_02.second_task scheduled__2022-05-24T00:00:00+00:00 [queued]>
[2023-06-11T15:32:29.954+0000] {taskinstance.py:1103} INFO - Dependencies all met for dep_context=requeueable deps ti=<TaskInstance: first_dag_02.second_task scheduled__2022-05-24T00:00:00+00:00 [queued]>
[2023-06-11T15:32:29.954+0000] {taskinstance.py:1308} INFO - Starting attempt 1 of 6
[2023-06-11T15:32:30.363+0000] {taskinstance.py:1327} INFO - Executing <Task(BashOperator): second_task> on 2022-05-24 00:00:00+00:00
[2023-06-11T15:32:30.434+0000] {standard_task_runner.py:57} INFO - Started process 1331 to run task
[2023-06-11T15:32:30.444+0000] {standard_task_runner.py:84} INFO - Running: ['***', 'tasks', 'run', 'first_dag_02', 'second_task', 'scheduled__2022-05-24T00:00:00+00:00', '--job-id', '1491', '--raw', '--subdir', 'DAGS_FOLDER/First_dag.py', '--cfg-path', '/tmp/tmp78sr3euq']
[2023-06-11T15:32:30.445+0000] {standard_task_runner.py:85} INFO - Job 1491: Subtask second_task
[2023-06-11T15:32:30.717+0000] {task_command.py:410} INFO - Running <TaskInstance: first_dag_02.second_task scheduled__2022-05-24T00:00:00+00:00 [running]> on host 7586ce0070ac
[2023-06-11T15:32:32.480+0000] {taskinstance.py:1547} INFO - Exporting env vars: AIRFLOW_CTX_DAG_OWNER='Raja' AIRFLOW_CTX_DAG_ID='first_dag_02' AIRFLOW_CTX_TASK_ID='second_task' AIRFLOW_CTX_EXECUTION_DATE='2022-05-24T00:00:00+00:00' AIRFLOW_CTX_TRY_NUMBER='1' AIRFLOW_CTX_DAG_RUN_ID='scheduled__2022-05-24T00:00:00+00:00'
[2023-06-11T15:32:32.482+0000] {subprocess.py:63} INFO - Tmp dir root location: 
 /tmp
[2023-06-11T15:32:32.483+0000] {subprocess.py:75} INFO - Running command: ['/bin/bash', '-c', 'echo hey, I am task2 and will be running after task1!']
[2023-06-11T15:32:32.643+0000] {subprocess.py:86} INFO - Output:
[2023-06-11T15:32:32.687+0000] {subprocess.py:93} INFO - hey, I am task2 and will be running after task1!
[2023-06-11T15:32:32.687+0000] {subprocess.py:97} INFO - Command exited with return code 0
[2023-06-11T15:32:33.107+0000] {taskinstance.py:1350} INFO - Marking task as SUCCESS. dag_id=first_dag_02, task_id=second_task, execution_date=20220524T000000, start_date=20230611T153229, end_date=20230611T153233
[2023-06-11T15:32:33.536+0000] {local_task_job_runner.py:225} INFO - Task exited with return code 0
[2023-06-11T15:32:33.726+0000] {taskinstance.py:2651} INFO - 0 downstream tasks scheduled from follow-on schedule check
