[2023-06-11T05:20:28.580+0000] {taskinstance.py:1103} INFO - Dependencies all met for dep_context=non-requeueable deps ti=<TaskInstance: dag_catchip_01.task1 scheduled__2023-05-16T00:00:00+00:00 [queued]>
[2023-06-11T05:20:28.731+0000] {taskinstance.py:1103} INFO - Dependencies all met for dep_context=requeueable deps ti=<TaskInstance: dag_catchip_01.task1 scheduled__2023-05-16T00:00:00+00:00 [queued]>
[2023-06-11T05:20:28.731+0000] {taskinstance.py:1308} INFO - Starting attempt 1 of 6
[2023-06-11T05:20:28.953+0000] {taskinstance.py:1327} INFO - Executing <Task(BashOperator): task1> on 2023-05-16 00:00:00+00:00
[2023-06-11T05:20:28.984+0000] {standard_task_runner.py:57} INFO - Started process 747 to run task
[2023-06-11T05:20:29.036+0000] {standard_task_runner.py:84} INFO - Running: ['***', 'tasks', 'run', 'dag_catchip_01', 'task1', 'scheduled__2023-05-16T00:00:00+00:00', '--job-id', '203', '--raw', '--subdir', 'DAGS_FOLDER/dag_catchup.py', '--cfg-path', '/tmp/tmpevob61ia']
[2023-06-11T05:20:29.036+0000] {standard_task_runner.py:85} INFO - Job 203: Subtask task1
[2023-06-11T05:20:29.327+0000] {task_command.py:410} INFO - Running <TaskInstance: dag_catchip_01.task1 scheduled__2023-05-16T00:00:00+00:00 [running]> on host 69e374580eab
[2023-06-11T05:20:30.709+0000] {taskinstance.py:1547} INFO - Exporting env vars: AIRFLOW_CTX_DAG_OWNER='Raja' AIRFLOW_CTX_DAG_ID='dag_catchip_01' AIRFLOW_CTX_TASK_ID='task1' AIRFLOW_CTX_EXECUTION_DATE='2023-05-16T00:00:00+00:00' AIRFLOW_CTX_TRY_NUMBER='1' AIRFLOW_CTX_DAG_RUN_ID='scheduled__2023-05-16T00:00:00+00:00'
[2023-06-11T05:20:30.711+0000] {subprocess.py:63} INFO - Tmp dir root location: 
 /tmp
[2023-06-11T05:20:30.712+0000] {subprocess.py:75} INFO - Running command: ['/bin/bash', '-c', 'echo Hai how are you']
[2023-06-11T05:20:30.751+0000] {subprocess.py:86} INFO - Output:
[2023-06-11T05:20:30.755+0000] {subprocess.py:93} INFO - Hai how are you
[2023-06-11T05:20:30.756+0000] {subprocess.py:97} INFO - Command exited with return code 0
[2023-06-11T05:20:30.847+0000] {taskinstance.py:1350} INFO - Marking task as SUCCESS. dag_id=dag_catchip_01, task_id=task1, execution_date=20230516T000000, start_date=20230611T052028, end_date=20230611T052030
[2023-06-11T05:20:30.948+0000] {local_task_job_runner.py:225} INFO - Task exited with return code 0
[2023-06-11T05:20:31.111+0000] {taskinstance.py:2651} INFO - 0 downstream tasks scheduled from follow-on schedule check
[2023-06-11T08:22:26.846+0000] {taskinstance.py:1103} INFO - Dependencies all met for dep_context=non-requeueable deps ti=<TaskInstance: dag_catchip_01.task1 scheduled__2023-05-16T00:00:00+00:00 [queued]>
[2023-06-11T08:22:27.615+0000] {taskinstance.py:1103} INFO - Dependencies all met for dep_context=requeueable deps ti=<TaskInstance: dag_catchip_01.task1 scheduled__2023-05-16T00:00:00+00:00 [queued]>
[2023-06-11T08:22:27.616+0000] {taskinstance.py:1308} INFO - Starting attempt 1 of 6
[2023-06-11T08:22:28.891+0000] {taskinstance.py:1327} INFO - Executing <Task(BashOperator): task1> on 2023-05-16 00:00:00+00:00
[2023-06-11T08:22:28.948+0000] {standard_task_runner.py:57} INFO - Started process 803 to run task
[2023-06-11T08:22:29.004+0000] {standard_task_runner.py:84} INFO - Running: ['***', 'tasks', 'run', 'dag_catchip_01', 'task1', 'scheduled__2023-05-16T00:00:00+00:00', '--job-id', '255', '--raw', '--subdir', 'DAGS_FOLDER/dag_catchup.py', '--cfg-path', '/tmp/tmpzgz3884m']
[2023-06-11T08:22:29.022+0000] {standard_task_runner.py:85} INFO - Job 255: Subtask task1
[2023-06-11T08:22:30.045+0000] {task_command.py:410} INFO - Running <TaskInstance: dag_catchip_01.task1 scheduled__2023-05-16T00:00:00+00:00 [running]> on host 492037cdd057
[2023-06-11T08:22:32.891+0000] {taskinstance.py:1547} INFO - Exporting env vars: AIRFLOW_CTX_DAG_OWNER='Raja' AIRFLOW_CTX_DAG_ID='dag_catchip_01' AIRFLOW_CTX_TASK_ID='task1' AIRFLOW_CTX_EXECUTION_DATE='2023-05-16T00:00:00+00:00' AIRFLOW_CTX_TRY_NUMBER='1' AIRFLOW_CTX_DAG_RUN_ID='scheduled__2023-05-16T00:00:00+00:00'
[2023-06-11T08:22:32.893+0000] {subprocess.py:63} INFO - Tmp dir root location: 
 /tmp
[2023-06-11T08:22:32.894+0000] {subprocess.py:75} INFO - Running command: ['/bin/bash', '-c', 'echo Hai how are you']
[2023-06-11T08:22:33.107+0000] {subprocess.py:86} INFO - Output:
[2023-06-11T08:22:33.110+0000] {subprocess.py:93} INFO - Hai how are you
[2023-06-11T08:22:33.147+0000] {subprocess.py:97} INFO - Command exited with return code 0
[2023-06-11T08:22:33.316+0000] {taskinstance.py:1350} INFO - Marking task as SUCCESS. dag_id=dag_catchip_01, task_id=task1, execution_date=20230516T000000, start_date=20230611T082227, end_date=20230611T082233
[2023-06-11T08:22:33.491+0000] {local_task_job_runner.py:225} INFO - Task exited with return code 0
[2023-06-11T08:22:33.768+0000] {taskinstance.py:2651} INFO - 0 downstream tasks scheduled from follow-on schedule check
