[2023-06-11T09:43:25.027+0000] {taskinstance.py:1103} INFO - Dependencies all met for dep_context=non-requeueable deps ti=<TaskInstance: first_dag_02.thrid_task scheduled__2022-04-27T00:00:00+00:00 [queued]>
[2023-06-11T09:43:25.653+0000] {taskinstance.py:1103} INFO - Dependencies all met for dep_context=requeueable deps ti=<TaskInstance: first_dag_02.thrid_task scheduled__2022-04-27T00:00:00+00:00 [queued]>
[2023-06-11T09:43:25.654+0000] {taskinstance.py:1308} INFO - Starting attempt 1 of 6
[2023-06-11T09:43:26.215+0000] {taskinstance.py:1327} INFO - Executing <Task(BashOperator): thrid_task> on 2022-04-27 00:00:00+00:00
[2023-06-11T09:43:26.280+0000] {standard_task_runner.py:57} INFO - Started process 4283 to run task
[2023-06-11T09:43:26.383+0000] {standard_task_runner.py:84} INFO - Running: ['***', 'tasks', 'run', 'first_dag_02', 'thrid_task', 'scheduled__2022-04-27T00:00:00+00:00', '--job-id', '1309', '--raw', '--subdir', 'DAGS_FOLDER/First_dag.py', '--cfg-path', '/tmp/tmplugvux4k']
[2023-06-11T09:43:26.420+0000] {standard_task_runner.py:85} INFO - Job 1309: Subtask thrid_task
[2023-06-11T09:43:27.222+0000] {task_command.py:410} INFO - Running <TaskInstance: first_dag_02.thrid_task scheduled__2022-04-27T00:00:00+00:00 [running]> on host 964e508aad03
[2023-06-11T09:43:29.438+0000] {taskinstance.py:1547} INFO - Exporting env vars: AIRFLOW_CTX_DAG_OWNER='Raja' AIRFLOW_CTX_DAG_ID='first_dag_02' AIRFLOW_CTX_TASK_ID='thrid_task' AIRFLOW_CTX_EXECUTION_DATE='2022-04-27T00:00:00+00:00' AIRFLOW_CTX_TRY_NUMBER='1' AIRFLOW_CTX_DAG_RUN_ID='scheduled__2022-04-27T00:00:00+00:00'
[2023-06-11T09:43:29.452+0000] {subprocess.py:63} INFO - Tmp dir root location: 
 /tmp
[2023-06-11T09:43:29.459+0000] {subprocess.py:75} INFO - Running command: ['/bin/bash', '-c', 'echo hey, I am task3 and will be running after task1 at the same time as task2!']
[2023-06-11T09:43:29.551+0000] {subprocess.py:86} INFO - Output:
[2023-06-11T09:43:29.552+0000] {subprocess.py:93} INFO - hey, I am task3 and will be running after task1 at the same time as task2!
[2023-06-11T09:43:29.553+0000] {subprocess.py:97} INFO - Command exited with return code 0
[2023-06-11T09:43:30.038+0000] {taskinstance.py:1350} INFO - Marking task as SUCCESS. dag_id=first_dag_02, task_id=thrid_task, execution_date=20220427T000000, start_date=20230611T094325, end_date=20230611T094330
[2023-06-11T09:43:31.395+0000] {local_task_job_runner.py:225} INFO - Task exited with return code 0
[2023-06-11T09:43:31.715+0000] {taskinstance.py:2651} INFO - 0 downstream tasks scheduled from follow-on schedule check
[2023-06-11T15:29:51.945+0000] {taskinstance.py:1103} INFO - Dependencies all met for dep_context=non-requeueable deps ti=<TaskInstance: first_dag_02.thrid_task scheduled__2022-04-27T00:00:00+00:00 [queued]>
[2023-06-11T15:29:52.226+0000] {taskinstance.py:1103} INFO - Dependencies all met for dep_context=requeueable deps ti=<TaskInstance: first_dag_02.thrid_task scheduled__2022-04-27T00:00:00+00:00 [queued]>
[2023-06-11T15:29:52.227+0000] {taskinstance.py:1308} INFO - Starting attempt 1 of 6
[2023-06-11T15:29:52.648+0000] {taskinstance.py:1327} INFO - Executing <Task(BashOperator): thrid_task> on 2022-04-27 00:00:00+00:00
[2023-06-11T15:29:52.741+0000] {standard_task_runner.py:84} INFO - Running: ['***', 'tasks', 'run', 'first_dag_02', 'thrid_task', 'scheduled__2022-04-27T00:00:00+00:00', '--job-id', '1345', '--raw', '--subdir', 'DAGS_FOLDER/First_dag.py', '--cfg-path', '/tmp/tmp5x1jilz6']
[2023-06-11T15:29:52.744+0000] {standard_task_runner.py:85} INFO - Job 1345: Subtask thrid_task
[2023-06-11T15:29:52.746+0000] {standard_task_runner.py:57} INFO - Started process 851 to run task
[2023-06-11T15:29:53.409+0000] {task_command.py:410} INFO - Running <TaskInstance: first_dag_02.thrid_task scheduled__2022-04-27T00:00:00+00:00 [running]> on host 7586ce0070ac
[2023-06-11T15:29:56.250+0000] {taskinstance.py:1547} INFO - Exporting env vars: AIRFLOW_CTX_DAG_OWNER='Raja' AIRFLOW_CTX_DAG_ID='first_dag_02' AIRFLOW_CTX_TASK_ID='thrid_task' AIRFLOW_CTX_EXECUTION_DATE='2022-04-27T00:00:00+00:00' AIRFLOW_CTX_TRY_NUMBER='1' AIRFLOW_CTX_DAG_RUN_ID='scheduled__2022-04-27T00:00:00+00:00'
[2023-06-11T15:29:56.260+0000] {subprocess.py:63} INFO - Tmp dir root location: 
 /tmp
[2023-06-11T15:29:56.261+0000] {subprocess.py:75} INFO - Running command: ['/bin/bash', '-c', 'echo hey, I am task3 and will be running after task1 at the same time as task2!']
[2023-06-11T15:29:56.514+0000] {subprocess.py:86} INFO - Output:
[2023-06-11T15:29:56.525+0000] {subprocess.py:93} INFO - hey, I am task3 and will be running after task1 at the same time as task2!
[2023-06-11T15:29:56.526+0000] {subprocess.py:97} INFO - Command exited with return code 0
[2023-06-11T15:29:57.202+0000] {taskinstance.py:1350} INFO - Marking task as SUCCESS. dag_id=first_dag_02, task_id=thrid_task, execution_date=20220427T000000, start_date=20230611T152951, end_date=20230611T152957
[2023-06-11T15:29:57.584+0000] {local_task_job_runner.py:225} INFO - Task exited with return code 0
[2023-06-11T15:29:58.015+0000] {taskinstance.py:2651} INFO - 0 downstream tasks scheduled from follow-on schedule check
