[2023-06-10T17:27:00.867+0000] {taskinstance.py:1103} INFO - Dependencies all met for dep_context=non-requeueable deps ti=<TaskInstance: first_dag_02.first_task scheduled__2021-08-09T00:00:00+00:00 [queued]>
[2023-06-10T17:27:01.124+0000] {taskinstance.py:1103} INFO - Dependencies all met for dep_context=requeueable deps ti=<TaskInstance: first_dag_02.first_task scheduled__2021-08-09T00:00:00+00:00 [queued]>
[2023-06-10T17:27:01.124+0000] {taskinstance.py:1308} INFO - Starting attempt 1 of 6
[2023-06-10T17:27:01.796+0000] {taskinstance.py:1327} INFO - Executing <Task(BashOperator): first_task> on 2021-08-09 00:00:00+00:00
[2023-06-10T17:27:01.943+0000] {standard_task_runner.py:84} INFO - Running: ['***', 'tasks', 'run', 'first_dag_02', 'first_task', 'scheduled__2021-08-09T00:00:00+00:00', '--job-id', '1808', '--raw', '--subdir', 'DAGS_FOLDER/First_dag.py', '--cfg-path', '/tmp/tmp9c5ok2k7']
[2023-06-10T17:27:01.950+0000] {standard_task_runner.py:85} INFO - Job 1808: Subtask first_task
[2023-06-10T17:27:01.925+0000] {standard_task_runner.py:57} INFO - Started process 896 to run task
[2023-06-10T17:27:03.794+0000] {task_command.py:410} INFO - Running <TaskInstance: first_dag_02.first_task scheduled__2021-08-09T00:00:00+00:00 [running]> on host e326d5f70fa9
[2023-06-10T17:27:07.093+0000] {taskinstance.py:1547} INFO - Exporting env vars: AIRFLOW_CTX_DAG_OWNER='Raja' AIRFLOW_CTX_DAG_ID='first_dag_02' AIRFLOW_CTX_TASK_ID='first_task' AIRFLOW_CTX_EXECUTION_DATE='2021-08-09T00:00:00+00:00' AIRFLOW_CTX_TRY_NUMBER='1' AIRFLOW_CTX_DAG_RUN_ID='scheduled__2021-08-09T00:00:00+00:00'
[2023-06-10T17:27:07.102+0000] {subprocess.py:63} INFO - Tmp dir root location: 
 /tmp
[2023-06-10T17:27:07.102+0000] {subprocess.py:75} INFO - Running command: ['/bin/bash', '-c', 'echo hello world, this is the first task!']
[2023-06-10T17:27:07.281+0000] {subprocess.py:86} INFO - Output:
[2023-06-10T17:27:07.285+0000] {subprocess.py:93} INFO - hello world, this is the first task!
[2023-06-10T17:27:07.286+0000] {subprocess.py:97} INFO - Command exited with return code 0
[2023-06-10T17:27:07.385+0000] {taskinstance.py:1350} INFO - Marking task as SUCCESS. dag_id=first_dag_02, task_id=first_task, execution_date=20210809T000000, start_date=20230610T172700, end_date=20230610T172707
[2023-06-10T17:27:08.693+0000] {local_task_job_runner.py:225} INFO - Task exited with return code 0
[2023-06-10T17:27:09.076+0000] {taskinstance.py:2651} INFO - 2 downstream tasks scheduled from follow-on schedule check
[2023-06-11T04:43:51.996+0000] {taskinstance.py:1103} INFO - Dependencies all met for dep_context=non-requeueable deps ti=<TaskInstance: first_dag_02.first_task scheduled__2021-08-09T00:00:00+00:00 [queued]>
[2023-06-11T04:43:52.685+0000] {taskinstance.py:1103} INFO - Dependencies all met for dep_context=requeueable deps ti=<TaskInstance: first_dag_02.first_task scheduled__2021-08-09T00:00:00+00:00 [queued]>
[2023-06-11T04:43:52.685+0000] {taskinstance.py:1308} INFO - Starting attempt 1 of 6
[2023-06-11T04:43:53.994+0000] {taskinstance.py:1327} INFO - Executing <Task(BashOperator): first_task> on 2021-08-09 00:00:00+00:00
[2023-06-11T04:43:54.015+0000] {standard_task_runner.py:57} INFO - Started process 138 to run task
[2023-06-11T04:43:54.282+0000] {standard_task_runner.py:84} INFO - Running: ['***', 'tasks', 'run', 'first_dag_02', 'first_task', 'scheduled__2021-08-09T00:00:00+00:00', '--job-id', '25', '--raw', '--subdir', 'DAGS_FOLDER/First_dag.py', '--cfg-path', '/tmp/tmpkhig2sag']
[2023-06-11T04:43:54.283+0000] {standard_task_runner.py:85} INFO - Job 25: Subtask first_task
[2023-06-11T04:43:57.104+0000] {task_command.py:410} INFO - Running <TaskInstance: first_dag_02.first_task scheduled__2021-08-09T00:00:00+00:00 [running]> on host 4b1b5d40d165
[2023-06-11T04:44:00.572+0000] {taskinstance.py:1547} INFO - Exporting env vars: AIRFLOW_CTX_DAG_OWNER='Raja' AIRFLOW_CTX_DAG_ID='first_dag_02' AIRFLOW_CTX_TASK_ID='first_task' AIRFLOW_CTX_EXECUTION_DATE='2021-08-09T00:00:00+00:00' AIRFLOW_CTX_TRY_NUMBER='1' AIRFLOW_CTX_DAG_RUN_ID='scheduled__2021-08-09T00:00:00+00:00'
[2023-06-11T04:44:00.585+0000] {subprocess.py:63} INFO - Tmp dir root location: 
 /tmp
[2023-06-11T04:44:00.588+0000] {subprocess.py:75} INFO - Running command: ['/bin/bash', '-c', 'echo hello world, this is the first task!']
[2023-06-11T04:44:01.001+0000] {subprocess.py:86} INFO - Output:
[2023-06-11T04:44:01.020+0000] {subprocess.py:93} INFO - hello world, this is the first task!
[2023-06-11T04:44:01.021+0000] {subprocess.py:97} INFO - Command exited with return code 0
[2023-06-11T04:44:02.182+0000] {taskinstance.py:1350} INFO - Marking task as SUCCESS. dag_id=first_dag_02, task_id=first_task, execution_date=20210809T000000, start_date=20230611T044352, end_date=20230611T044402
[2023-06-11T04:44:04.210+0000] {local_task_job_runner.py:225} INFO - Task exited with return code 0
[2023-06-11T04:44:05.817+0000] {taskinstance.py:2651} INFO - 0 downstream tasks scheduled from follow-on schedule check
[2023-06-11T05:13:24.964+0000] {taskinstance.py:1103} INFO - Dependencies all met for dep_context=non-requeueable deps ti=<TaskInstance: first_dag_02.first_task scheduled__2021-08-09T00:00:00+00:00 [queued]>
[2023-06-11T05:13:25.299+0000] {taskinstance.py:1103} INFO - Dependencies all met for dep_context=requeueable deps ti=<TaskInstance: first_dag_02.first_task scheduled__2021-08-09T00:00:00+00:00 [queued]>
[2023-06-11T05:13:25.299+0000] {taskinstance.py:1308} INFO - Starting attempt 1 of 6
[2023-06-11T05:13:27.164+0000] {taskinstance.py:1327} INFO - Executing <Task(BashOperator): first_task> on 2021-08-09 00:00:00+00:00
[2023-06-11T05:13:27.252+0000] {standard_task_runner.py:57} INFO - Started process 146 to run task
[2023-06-11T05:13:27.663+0000] {standard_task_runner.py:84} INFO - Running: ['***', 'tasks', 'run', 'first_dag_02', 'first_task', 'scheduled__2021-08-09T00:00:00+00:00', '--job-id', '23', '--raw', '--subdir', 'DAGS_FOLDER/First_dag.py', '--cfg-path', '/tmp/tmpipzbse5_']
[2023-06-11T05:13:27.728+0000] {standard_task_runner.py:85} INFO - Job 23: Subtask first_task
[2023-06-11T05:13:29.892+0000] {task_command.py:410} INFO - Running <TaskInstance: first_dag_02.first_task scheduled__2021-08-09T00:00:00+00:00 [running]> on host 69e374580eab
[2023-06-11T05:13:54.053+0000] {taskinstance.py:1547} INFO - Exporting env vars: AIRFLOW_CTX_DAG_OWNER='Raja' AIRFLOW_CTX_DAG_ID='first_dag_02' AIRFLOW_CTX_TASK_ID='first_task' AIRFLOW_CTX_EXECUTION_DATE='2021-08-09T00:00:00+00:00' AIRFLOW_CTX_TRY_NUMBER='1' AIRFLOW_CTX_DAG_RUN_ID='scheduled__2021-08-09T00:00:00+00:00'
[2023-06-11T05:13:54.290+0000] {subprocess.py:63} INFO - Tmp dir root location: 
 /tmp
[2023-06-11T05:13:54.402+0000] {subprocess.py:75} INFO - Running command: ['/bin/bash', '-c', 'echo hello world, this is the first task!']
[2023-06-11T05:13:54.708+0000] {subprocess.py:86} INFO - Output:
[2023-06-11T05:13:54.716+0000] {subprocess.py:93} INFO - hello world, this is the first task!
[2023-06-11T05:13:55.192+0000] {subprocess.py:97} INFO - Command exited with return code 0
[2023-06-11T05:13:59.037+0000] {taskinstance.py:1350} INFO - Marking task as SUCCESS. dag_id=first_dag_02, task_id=first_task, execution_date=20210809T000000, start_date=20230611T051325, end_date=20230611T051359
[2023-06-11T05:14:00.721+0000] {local_task_job_runner.py:225} INFO - Task exited with return code 0
[2023-06-11T05:14:03.462+0000] {taskinstance.py:2651} INFO - 2 downstream tasks scheduled from follow-on schedule check
[2023-06-11T08:15:09.440+0000] {taskinstance.py:1103} INFO - Dependencies all met for dep_context=non-requeueable deps ti=<TaskInstance: first_dag_02.first_task scheduled__2021-08-09T00:00:00+00:00 [queued]>
[2023-06-11T08:15:10.311+0000] {taskinstance.py:1103} INFO - Dependencies all met for dep_context=requeueable deps ti=<TaskInstance: first_dag_02.first_task scheduled__2021-08-09T00:00:00+00:00 [queued]>
[2023-06-11T08:15:10.327+0000] {taskinstance.py:1308} INFO - Starting attempt 1 of 6
[2023-06-11T08:15:11.808+0000] {taskinstance.py:1327} INFO - Executing <Task(BashOperator): first_task> on 2021-08-09 00:00:00+00:00
[2023-06-11T08:15:12.013+0000] {standard_task_runner.py:84} INFO - Running: ['***', 'tasks', 'run', 'first_dag_02', 'first_task', 'scheduled__2021-08-09T00:00:00+00:00', '--job-id', '73', '--raw', '--subdir', 'DAGS_FOLDER/First_dag.py', '--cfg-path', '/tmp/tmplrv3ch2a']
[2023-06-11T08:15:12.024+0000] {standard_task_runner.py:85} INFO - Job 73: Subtask first_task
[2023-06-11T08:15:12.068+0000] {standard_task_runner.py:57} INFO - Started process 180 to run task
[2023-06-11T08:15:14.497+0000] {task_command.py:410} INFO - Running <TaskInstance: first_dag_02.first_task scheduled__2021-08-09T00:00:00+00:00 [running]> on host 492037cdd057
[2023-06-11T08:15:17.578+0000] {taskinstance.py:1547} INFO - Exporting env vars: AIRFLOW_CTX_DAG_OWNER='Raja' AIRFLOW_CTX_DAG_ID='first_dag_02' AIRFLOW_CTX_TASK_ID='first_task' AIRFLOW_CTX_EXECUTION_DATE='2021-08-09T00:00:00+00:00' AIRFLOW_CTX_TRY_NUMBER='1' AIRFLOW_CTX_DAG_RUN_ID='scheduled__2021-08-09T00:00:00+00:00'
[2023-06-11T08:15:17.581+0000] {subprocess.py:63} INFO - Tmp dir root location: 
 /tmp
[2023-06-11T08:15:17.582+0000] {subprocess.py:75} INFO - Running command: ['/bin/bash', '-c', 'echo hello world, this is the first task!']
[2023-06-11T08:15:17.777+0000] {subprocess.py:86} INFO - Output:
[2023-06-11T08:15:17.923+0000] {subprocess.py:93} INFO - hello world, this is the first task!
[2023-06-11T08:15:17.926+0000] {subprocess.py:97} INFO - Command exited with return code 0
[2023-06-11T08:15:19.513+0000] {taskinstance.py:1350} INFO - Marking task as SUCCESS. dag_id=first_dag_02, task_id=first_task, execution_date=20210809T000000, start_date=20230611T081509, end_date=20230611T081519
[2023-06-11T08:15:19.998+0000] {local_task_job_runner.py:225} INFO - Task exited with return code 0
[2023-06-11T08:15:20.736+0000] {taskinstance.py:2651} INFO - 2 downstream tasks scheduled from follow-on schedule check
[2023-06-11T08:47:06.848+0000] {taskinstance.py:1103} INFO - Dependencies all met for dep_context=non-requeueable deps ti=<TaskInstance: first_dag_02.first_task scheduled__2021-08-09T00:00:00+00:00 [queued]>
[2023-06-11T08:47:06.915+0000] {taskinstance.py:1103} INFO - Dependencies all met for dep_context=requeueable deps ti=<TaskInstance: first_dag_02.first_task scheduled__2021-08-09T00:00:00+00:00 [queued]>
[2023-06-11T08:47:06.917+0000] {taskinstance.py:1308} INFO - Starting attempt 1 of 6
[2023-06-11T08:47:07.476+0000] {taskinstance.py:1327} INFO - Executing <Task(BashOperator): first_task> on 2021-08-09 00:00:00+00:00
[2023-06-11T08:47:07.567+0000] {standard_task_runner.py:57} INFO - Started process 169 to run task
[2023-06-11T08:47:07.628+0000] {standard_task_runner.py:84} INFO - Running: ['***', 'tasks', 'run', 'first_dag_02', 'first_task', 'scheduled__2021-08-09T00:00:00+00:00', '--job-id', '35', '--raw', '--subdir', 'DAGS_FOLDER/First_dag.py', '--cfg-path', '/tmp/tmpetstv0ka']
[2023-06-11T08:47:07.629+0000] {standard_task_runner.py:85} INFO - Job 35: Subtask first_task
[2023-06-11T08:47:08.062+0000] {task_command.py:410} INFO - Running <TaskInstance: first_dag_02.first_task scheduled__2021-08-09T00:00:00+00:00 [running]> on host 964e508aad03
[2023-06-11T08:47:10.093+0000] {taskinstance.py:1547} INFO - Exporting env vars: AIRFLOW_CTX_DAG_OWNER='Raja' AIRFLOW_CTX_DAG_ID='first_dag_02' AIRFLOW_CTX_TASK_ID='first_task' AIRFLOW_CTX_EXECUTION_DATE='2021-08-09T00:00:00+00:00' AIRFLOW_CTX_TRY_NUMBER='1' AIRFLOW_CTX_DAG_RUN_ID='scheduled__2021-08-09T00:00:00+00:00'
[2023-06-11T08:47:10.095+0000] {subprocess.py:63} INFO - Tmp dir root location: 
 /tmp
[2023-06-11T08:47:10.096+0000] {subprocess.py:75} INFO - Running command: ['/bin/bash', '-c', 'echo hello world, this is the first task!']
[2023-06-11T08:47:10.287+0000] {subprocess.py:86} INFO - Output:
[2023-06-11T08:47:10.298+0000] {subprocess.py:93} INFO - hello world, this is the first task!
[2023-06-11T08:47:10.299+0000] {subprocess.py:97} INFO - Command exited with return code 0
[2023-06-11T08:47:10.561+0000] {taskinstance.py:1350} INFO - Marking task as SUCCESS. dag_id=first_dag_02, task_id=first_task, execution_date=20210809T000000, start_date=20230611T084706, end_date=20230611T084710
[2023-06-11T08:47:10.626+0000] {local_task_job_runner.py:225} INFO - Task exited with return code 0
[2023-06-11T08:47:11.238+0000] {taskinstance.py:2651} INFO - 2 downstream tasks scheduled from follow-on schedule check
[2023-06-11T10:36:25.394+0000] {taskinstance.py:1103} INFO - Dependencies all met for dep_context=non-requeueable deps ti=<TaskInstance: first_dag_02.first_task scheduled__2021-08-09T00:00:00+00:00 [queued]>
[2023-06-11T10:36:25.692+0000] {taskinstance.py:1103} INFO - Dependencies all met for dep_context=requeueable deps ti=<TaskInstance: first_dag_02.first_task scheduled__2021-08-09T00:00:00+00:00 [queued]>
[2023-06-11T10:36:25.706+0000] {taskinstance.py:1308} INFO - Starting attempt 1 of 6
[2023-06-11T10:36:26.788+0000] {taskinstance.py:1327} INFO - Executing <Task(BashOperator): first_task> on 2021-08-09 00:00:00+00:00
[2023-06-11T10:36:27.092+0000] {standard_task_runner.py:57} INFO - Started process 181 to run task
[2023-06-11T10:36:27.167+0000] {standard_task_runner.py:84} INFO - Running: ['***', 'tasks', 'run', 'first_dag_02', 'first_task', 'scheduled__2021-08-09T00:00:00+00:00', '--job-id', '37', '--raw', '--subdir', 'DAGS_FOLDER/First_dag.py', '--cfg-path', '/tmp/tmpjf5d91wj']
[2023-06-11T10:36:27.485+0000] {standard_task_runner.py:85} INFO - Job 37: Subtask first_task
[2023-06-11T10:36:30.556+0000] {task_command.py:410} INFO - Running <TaskInstance: first_dag_02.first_task scheduled__2021-08-09T00:00:00+00:00 [running]> on host 7586ce0070ac
[2023-06-11T10:36:39.517+0000] {taskinstance.py:1547} INFO - Exporting env vars: AIRFLOW_CTX_DAG_OWNER='Raja' AIRFLOW_CTX_DAG_ID='first_dag_02' AIRFLOW_CTX_TASK_ID='first_task' AIRFLOW_CTX_EXECUTION_DATE='2021-08-09T00:00:00+00:00' AIRFLOW_CTX_TRY_NUMBER='1' AIRFLOW_CTX_DAG_RUN_ID='scheduled__2021-08-09T00:00:00+00:00'
[2023-06-11T10:36:39.535+0000] {subprocess.py:63} INFO - Tmp dir root location: 
 /tmp
[2023-06-11T10:36:39.550+0000] {subprocess.py:75} INFO - Running command: ['/bin/bash', '-c', 'echo hello world, this is the first task!']
[2023-06-11T10:36:40.225+0000] {subprocess.py:86} INFO - Output:
[2023-06-11T10:36:40.241+0000] {subprocess.py:93} INFO - hello world, this is the first task!
[2023-06-11T10:36:40.243+0000] {subprocess.py:97} INFO - Command exited with return code 0
[2023-06-11T10:36:41.084+0000] {taskinstance.py:1350} INFO - Marking task as SUCCESS. dag_id=first_dag_02, task_id=first_task, execution_date=20210809T000000, start_date=20230611T103625, end_date=20230611T103641
[2023-06-11T10:36:51.790+0000] {local_task_job_runner.py:225} INFO - Task exited with return code 0
[2023-06-11T10:36:52.477+0000] {taskinstance.py:2651} INFO - 2 downstream tasks scheduled from follow-on schedule check
