[2023-06-11T09:46:19.406+0000] {taskinstance.py:1103} INFO - Dependencies all met for dep_context=non-requeueable deps ti=<TaskInstance: first_dag_02.thrid_task scheduled__2022-06-03T00:00:00+00:00 [queued]>
[2023-06-11T09:46:19.645+0000] {taskinstance.py:1103} INFO - Dependencies all met for dep_context=requeueable deps ti=<TaskInstance: first_dag_02.thrid_task scheduled__2022-06-03T00:00:00+00:00 [queued]>
[2023-06-11T09:46:19.646+0000] {taskinstance.py:1308} INFO - Starting attempt 1 of 6
[2023-06-11T09:46:20.568+0000] {taskinstance.py:1327} INFO - Executing <Task(BashOperator): thrid_task> on 2022-06-03 00:00:00+00:00
[2023-06-11T09:46:20.754+0000] {standard_task_runner.py:57} INFO - Started process 4873 to run task
[2023-06-11T09:46:20.888+0000] {standard_task_runner.py:84} INFO - Running: ['***', 'tasks', 'run', 'first_dag_02', 'thrid_task', 'scheduled__2022-06-03T00:00:00+00:00', '--job-id', '1496', '--raw', '--subdir', 'DAGS_FOLDER/First_dag.py', '--cfg-path', '/tmp/tmppa8bjjf6']
[2023-06-11T09:46:20.910+0000] {standard_task_runner.py:85} INFO - Job 1496: Subtask thrid_task
[2023-06-11T09:46:21.801+0000] {task_command.py:410} INFO - Running <TaskInstance: first_dag_02.thrid_task scheduled__2022-06-03T00:00:00+00:00 [running]> on host 964e508aad03
[2023-06-11T09:46:24.026+0000] {taskinstance.py:1547} INFO - Exporting env vars: AIRFLOW_CTX_DAG_OWNER='Raja' AIRFLOW_CTX_DAG_ID='first_dag_02' AIRFLOW_CTX_TASK_ID='thrid_task' AIRFLOW_CTX_EXECUTION_DATE='2022-06-03T00:00:00+00:00' AIRFLOW_CTX_TRY_NUMBER='1' AIRFLOW_CTX_DAG_RUN_ID='scheduled__2022-06-03T00:00:00+00:00'
[2023-06-11T09:46:24.035+0000] {subprocess.py:63} INFO - Tmp dir root location: 
 /tmp
[2023-06-11T09:46:24.036+0000] {subprocess.py:75} INFO - Running command: ['/bin/bash', '-c', 'echo hey, I am task3 and will be running after task1 at the same time as task2!']
[2023-06-11T09:46:24.080+0000] {subprocess.py:86} INFO - Output:
[2023-06-11T09:46:24.102+0000] {subprocess.py:93} INFO - hey, I am task3 and will be running after task1 at the same time as task2!
[2023-06-11T09:46:24.109+0000] {subprocess.py:97} INFO - Command exited with return code 0
[2023-06-11T09:46:24.844+0000] {taskinstance.py:1350} INFO - Marking task as SUCCESS. dag_id=first_dag_02, task_id=thrid_task, execution_date=20220603T000000, start_date=20230611T094619, end_date=20230611T094624
[2023-06-11T09:46:25.350+0000] {local_task_job_runner.py:225} INFO - Task exited with return code 0
[2023-06-11T09:46:25.498+0000] {taskinstance.py:2651} INFO - 0 downstream tasks scheduled from follow-on schedule check
[2023-06-11T15:32:58.665+0000] {taskinstance.py:1103} INFO - Dependencies all met for dep_context=non-requeueable deps ti=<TaskInstance: first_dag_02.thrid_task scheduled__2022-06-03T00:00:00+00:00 [queued]>
[2023-06-11T15:32:58.903+0000] {taskinstance.py:1103} INFO - Dependencies all met for dep_context=requeueable deps ti=<TaskInstance: first_dag_02.thrid_task scheduled__2022-06-03T00:00:00+00:00 [queued]>
[2023-06-11T15:32:58.927+0000] {taskinstance.py:1308} INFO - Starting attempt 1 of 6
[2023-06-11T15:32:59.238+0000] {taskinstance.py:1327} INFO - Executing <Task(BashOperator): thrid_task> on 2022-06-03 00:00:00+00:00
[2023-06-11T15:32:59.294+0000] {standard_task_runner.py:57} INFO - Started process 1407 to run task
[2023-06-11T15:32:59.333+0000] {standard_task_runner.py:84} INFO - Running: ['***', 'tasks', 'run', 'first_dag_02', 'thrid_task', 'scheduled__2022-06-03T00:00:00+00:00', '--job-id', '1516', '--raw', '--subdir', 'DAGS_FOLDER/First_dag.py', '--cfg-path', '/tmp/tmpimuhw269']
[2023-06-11T15:32:59.344+0000] {standard_task_runner.py:85} INFO - Job 1516: Subtask thrid_task
[2023-06-11T15:32:59.964+0000] {task_command.py:410} INFO - Running <TaskInstance: first_dag_02.thrid_task scheduled__2022-06-03T00:00:00+00:00 [running]> on host 7586ce0070ac
[2023-06-11T15:33:01.545+0000] {taskinstance.py:1547} INFO - Exporting env vars: AIRFLOW_CTX_DAG_OWNER='Raja' AIRFLOW_CTX_DAG_ID='first_dag_02' AIRFLOW_CTX_TASK_ID='thrid_task' AIRFLOW_CTX_EXECUTION_DATE='2022-06-03T00:00:00+00:00' AIRFLOW_CTX_TRY_NUMBER='1' AIRFLOW_CTX_DAG_RUN_ID='scheduled__2022-06-03T00:00:00+00:00'
[2023-06-11T15:33:01.568+0000] {subprocess.py:63} INFO - Tmp dir root location: 
 /tmp
[2023-06-11T15:33:01.571+0000] {subprocess.py:75} INFO - Running command: ['/bin/bash', '-c', 'echo hey, I am task3 and will be running after task1 at the same time as task2!']
[2023-06-11T15:33:01.668+0000] {subprocess.py:86} INFO - Output:
[2023-06-11T15:33:01.700+0000] {subprocess.py:93} INFO - hey, I am task3 and will be running after task1 at the same time as task2!
[2023-06-11T15:33:01.701+0000] {subprocess.py:97} INFO - Command exited with return code 0
[2023-06-11T15:33:01.983+0000] {taskinstance.py:1350} INFO - Marking task as SUCCESS. dag_id=first_dag_02, task_id=thrid_task, execution_date=20220603T000000, start_date=20230611T153258, end_date=20230611T153301
[2023-06-11T15:33:02.474+0000] {local_task_job_runner.py:225} INFO - Task exited with return code 0
[2023-06-11T15:33:02.658+0000] {taskinstance.py:2651} INFO - 0 downstream tasks scheduled from follow-on schedule check
