[2023-06-11T04:46:20.213+0000] {taskinstance.py:1103} INFO - Dependencies all met for dep_context=non-requeueable deps ti=<TaskInstance: first_dag_02.second_task scheduled__2021-08-21T00:00:00+00:00 [queued]>
[2023-06-11T04:46:20.362+0000] {taskinstance.py:1103} INFO - Dependencies all met for dep_context=requeueable deps ti=<TaskInstance: first_dag_02.second_task scheduled__2021-08-21T00:00:00+00:00 [queued]>
[2023-06-11T04:46:20.362+0000] {taskinstance.py:1308} INFO - Starting attempt 1 of 6
[2023-06-11T04:46:20.453+0000] {taskinstance.py:1327} INFO - Executing <Task(BashOperator): second_task> on 2021-08-21 00:00:00+00:00
[2023-06-11T04:46:20.465+0000] {standard_task_runner.py:57} INFO - Started process 392 to run task
[2023-06-11T04:46:20.494+0000] {standard_task_runner.py:84} INFO - Running: ['***', 'tasks', 'run', 'first_dag_02', 'second_task', 'scheduled__2021-08-21T00:00:00+00:00', '--job-id', '112', '--raw', '--subdir', 'DAGS_FOLDER/First_dag.py', '--cfg-path', '/tmp/tmpprl1pc9x']
[2023-06-11T04:46:20.495+0000] {standard_task_runner.py:85} INFO - Job 112: Subtask second_task
[2023-06-11T04:46:20.667+0000] {task_command.py:410} INFO - Running <TaskInstance: first_dag_02.second_task scheduled__2021-08-21T00:00:00+00:00 [running]> on host 4b1b5d40d165
[2023-06-11T04:46:21.199+0000] {taskinstance.py:1547} INFO - Exporting env vars: AIRFLOW_CTX_DAG_OWNER='Raja' AIRFLOW_CTX_DAG_ID='first_dag_02' AIRFLOW_CTX_TASK_ID='second_task' AIRFLOW_CTX_EXECUTION_DATE='2021-08-21T00:00:00+00:00' AIRFLOW_CTX_TRY_NUMBER='1' AIRFLOW_CTX_DAG_RUN_ID='scheduled__2021-08-21T00:00:00+00:00'
[2023-06-11T04:46:21.201+0000] {subprocess.py:63} INFO - Tmp dir root location: 
 /tmp
[2023-06-11T04:46:21.202+0000] {subprocess.py:75} INFO - Running command: ['/bin/bash', '-c', 'echo hey, I am task2 and will be running after task1!']
[2023-06-11T04:46:21.238+0000] {subprocess.py:86} INFO - Output:
[2023-06-11T04:46:21.253+0000] {subprocess.py:93} INFO - hey, I am task2 and will be running after task1!
[2023-06-11T04:46:21.254+0000] {subprocess.py:97} INFO - Command exited with return code 0
[2023-06-11T04:46:21.472+0000] {taskinstance.py:1350} INFO - Marking task as SUCCESS. dag_id=first_dag_02, task_id=second_task, execution_date=20210821T000000, start_date=20230611T044620, end_date=20230611T044621
[2023-06-11T04:46:21.734+0000] {local_task_job_runner.py:225} INFO - Task exited with return code 0
[2023-06-11T04:46:22.163+0000] {taskinstance.py:2651} INFO - 0 downstream tasks scheduled from follow-on schedule check
[2023-06-11T05:16:39.358+0000] {taskinstance.py:1103} INFO - Dependencies all met for dep_context=non-requeueable deps ti=<TaskInstance: first_dag_02.second_task scheduled__2021-08-21T00:00:00+00:00 [queued]>
[2023-06-11T05:16:39.389+0000] {taskinstance.py:1103} INFO - Dependencies all met for dep_context=requeueable deps ti=<TaskInstance: first_dag_02.second_task scheduled__2021-08-21T00:00:00+00:00 [queued]>
[2023-06-11T05:16:39.389+0000] {taskinstance.py:1308} INFO - Starting attempt 1 of 6
[2023-06-11T05:16:39.442+0000] {taskinstance.py:1327} INFO - Executing <Task(BashOperator): second_task> on 2021-08-21 00:00:00+00:00
[2023-06-11T05:16:39.451+0000] {standard_task_runner.py:57} INFO - Started process 396 to run task
[2023-06-11T05:16:39.471+0000] {standard_task_runner.py:84} INFO - Running: ['***', 'tasks', 'run', 'first_dag_02', 'second_task', 'scheduled__2021-08-21T00:00:00+00:00', '--job-id', '102', '--raw', '--subdir', 'DAGS_FOLDER/First_dag.py', '--cfg-path', '/tmp/tmpz54_7tcw']
[2023-06-11T05:16:39.472+0000] {standard_task_runner.py:85} INFO - Job 102: Subtask second_task
[2023-06-11T05:16:39.737+0000] {task_command.py:410} INFO - Running <TaskInstance: first_dag_02.second_task scheduled__2021-08-21T00:00:00+00:00 [running]> on host 69e374580eab
[2023-06-11T05:16:40.342+0000] {taskinstance.py:1547} INFO - Exporting env vars: AIRFLOW_CTX_DAG_OWNER='Raja' AIRFLOW_CTX_DAG_ID='first_dag_02' AIRFLOW_CTX_TASK_ID='second_task' AIRFLOW_CTX_EXECUTION_DATE='2021-08-21T00:00:00+00:00' AIRFLOW_CTX_TRY_NUMBER='1' AIRFLOW_CTX_DAG_RUN_ID='scheduled__2021-08-21T00:00:00+00:00'
[2023-06-11T05:16:40.346+0000] {subprocess.py:63} INFO - Tmp dir root location: 
 /tmp
[2023-06-11T05:16:40.347+0000] {subprocess.py:75} INFO - Running command: ['/bin/bash', '-c', 'echo hey, I am task2 and will be running after task1!']
[2023-06-11T05:16:40.382+0000] {subprocess.py:86} INFO - Output:
[2023-06-11T05:16:40.393+0000] {subprocess.py:93} INFO - hey, I am task2 and will be running after task1!
[2023-06-11T05:16:40.394+0000] {subprocess.py:97} INFO - Command exited with return code 0
[2023-06-11T05:16:40.530+0000] {taskinstance.py:1350} INFO - Marking task as SUCCESS. dag_id=first_dag_02, task_id=second_task, execution_date=20210821T000000, start_date=20230611T051639, end_date=20230611T051640
[2023-06-11T05:16:40.623+0000] {local_task_job_runner.py:225} INFO - Task exited with return code 0
[2023-06-11T05:16:40.867+0000] {taskinstance.py:2651} INFO - 0 downstream tasks scheduled from follow-on schedule check
[2023-06-11T08:20:24.478+0000] {taskinstance.py:1103} INFO - Dependencies all met for dep_context=non-requeueable deps ti=<TaskInstance: first_dag_02.second_task scheduled__2021-08-21T00:00:00+00:00 [queued]>
[2023-06-11T08:20:25.456+0000] {taskinstance.py:1103} INFO - Dependencies all met for dep_context=requeueable deps ti=<TaskInstance: first_dag_02.second_task scheduled__2021-08-21T00:00:00+00:00 [queued]>
[2023-06-11T08:20:25.456+0000] {taskinstance.py:1308} INFO - Starting attempt 1 of 6
[2023-06-11T08:20:26.053+0000] {taskinstance.py:1327} INFO - Executing <Task(BashOperator): second_task> on 2021-08-21 00:00:00+00:00
[2023-06-11T08:20:26.072+0000] {standard_task_runner.py:57} INFO - Started process 619 to run task
[2023-06-11T08:20:26.098+0000] {standard_task_runner.py:84} INFO - Running: ['***', 'tasks', 'run', 'first_dag_02', 'second_task', 'scheduled__2021-08-21T00:00:00+00:00', '--job-id', '201', '--raw', '--subdir', 'DAGS_FOLDER/First_dag.py', '--cfg-path', '/tmp/tmpqb61lhc5']
[2023-06-11T08:20:26.099+0000] {standard_task_runner.py:85} INFO - Job 201: Subtask second_task
[2023-06-11T08:20:29.095+0000] {task_command.py:410} INFO - Running <TaskInstance: first_dag_02.second_task scheduled__2021-08-21T00:00:00+00:00 [running]> on host 492037cdd057
[2023-06-11T08:20:36.176+0000] {taskinstance.py:1547} INFO - Exporting env vars: AIRFLOW_CTX_DAG_OWNER='Raja' AIRFLOW_CTX_DAG_ID='first_dag_02' AIRFLOW_CTX_TASK_ID='second_task' AIRFLOW_CTX_EXECUTION_DATE='2021-08-21T00:00:00+00:00' AIRFLOW_CTX_TRY_NUMBER='1' AIRFLOW_CTX_DAG_RUN_ID='scheduled__2021-08-21T00:00:00+00:00'
[2023-06-11T08:20:36.197+0000] {subprocess.py:63} INFO - Tmp dir root location: 
 /tmp
[2023-06-11T08:20:36.198+0000] {subprocess.py:75} INFO - Running command: ['/bin/bash', '-c', 'echo hey, I am task2 and will be running after task1!']
[2023-06-11T08:20:36.609+0000] {subprocess.py:86} INFO - Output:
[2023-06-11T08:20:36.644+0000] {subprocess.py:93} INFO - hey, I am task2 and will be running after task1!
[2023-06-11T08:20:36.654+0000] {subprocess.py:97} INFO - Command exited with return code 0
[2023-06-11T08:20:37.203+0000] {taskinstance.py:1350} INFO - Marking task as SUCCESS. dag_id=first_dag_02, task_id=second_task, execution_date=20210821T000000, start_date=20230611T082024, end_date=20230611T082037
[2023-06-11T08:20:38.186+0000] {local_task_job_runner.py:225} INFO - Task exited with return code 0
[2023-06-11T08:20:39.264+0000] {taskinstance.py:2651} INFO - 0 downstream tasks scheduled from follow-on schedule check
[2023-06-11T08:48:42.455+0000] {taskinstance.py:1103} INFO - Dependencies all met for dep_context=non-requeueable deps ti=<TaskInstance: first_dag_02.second_task scheduled__2021-08-21T00:00:00+00:00 [queued]>
[2023-06-11T08:48:42.951+0000] {taskinstance.py:1103} INFO - Dependencies all met for dep_context=requeueable deps ti=<TaskInstance: first_dag_02.second_task scheduled__2021-08-21T00:00:00+00:00 [queued]>
[2023-06-11T08:48:42.951+0000] {taskinstance.py:1308} INFO - Starting attempt 1 of 6
[2023-06-11T08:48:43.574+0000] {taskinstance.py:1327} INFO - Executing <Task(BashOperator): second_task> on 2021-08-21 00:00:00+00:00
[2023-06-11T08:48:43.689+0000] {standard_task_runner.py:57} INFO - Started process 503 to run task
[2023-06-11T08:48:44.009+0000] {standard_task_runner.py:84} INFO - Running: ['***', 'tasks', 'run', 'first_dag_02', 'second_task', 'scheduled__2021-08-21T00:00:00+00:00', '--job-id', '153', '--raw', '--subdir', 'DAGS_FOLDER/First_dag.py', '--cfg-path', '/tmp/tmpaxvclm9j']
[2023-06-11T08:48:44.036+0000] {standard_task_runner.py:85} INFO - Job 153: Subtask second_task
[2023-06-11T08:48:45.046+0000] {task_command.py:410} INFO - Running <TaskInstance: first_dag_02.second_task scheduled__2021-08-21T00:00:00+00:00 [running]> on host 964e508aad03
[2023-06-11T08:48:47.488+0000] {taskinstance.py:1547} INFO - Exporting env vars: AIRFLOW_CTX_DAG_OWNER='Raja' AIRFLOW_CTX_DAG_ID='first_dag_02' AIRFLOW_CTX_TASK_ID='second_task' AIRFLOW_CTX_EXECUTION_DATE='2021-08-21T00:00:00+00:00' AIRFLOW_CTX_TRY_NUMBER='1' AIRFLOW_CTX_DAG_RUN_ID='scheduled__2021-08-21T00:00:00+00:00'
[2023-06-11T08:48:47.491+0000] {subprocess.py:63} INFO - Tmp dir root location: 
 /tmp
[2023-06-11T08:48:47.491+0000] {subprocess.py:75} INFO - Running command: ['/bin/bash', '-c', 'echo hey, I am task2 and will be running after task1!']
[2023-06-11T08:48:47.724+0000] {subprocess.py:86} INFO - Output:
[2023-06-11T08:48:47.730+0000] {subprocess.py:93} INFO - hey, I am task2 and will be running after task1!
[2023-06-11T08:48:47.793+0000] {subprocess.py:97} INFO - Command exited with return code 0
[2023-06-11T08:48:48.430+0000] {taskinstance.py:1350} INFO - Marking task as SUCCESS. dag_id=first_dag_02, task_id=second_task, execution_date=20210821T000000, start_date=20230611T084842, end_date=20230611T084848
[2023-06-11T08:48:49.104+0000] {local_task_job_runner.py:225} INFO - Task exited with return code 0
[2023-06-11T08:48:49.472+0000] {taskinstance.py:2651} INFO - 0 downstream tasks scheduled from follow-on schedule check
[2023-06-11T10:41:02.204+0000] {taskinstance.py:1103} INFO - Dependencies all met for dep_context=non-requeueable deps ti=<TaskInstance: first_dag_02.second_task scheduled__2021-08-21T00:00:00+00:00 [queued]>
[2023-06-11T10:41:02.871+0000] {taskinstance.py:1103} INFO - Dependencies all met for dep_context=requeueable deps ti=<TaskInstance: first_dag_02.second_task scheduled__2021-08-21T00:00:00+00:00 [queued]>
[2023-06-11T10:41:02.875+0000] {taskinstance.py:1308} INFO - Starting attempt 1 of 6
[2023-06-11T10:41:03.397+0000] {taskinstance.py:1327} INFO - Executing <Task(BashOperator): second_task> on 2021-08-21 00:00:00+00:00
[2023-06-11T10:41:03.411+0000] {standard_task_runner.py:57} INFO - Started process 591 to run task
[2023-06-11T10:41:03.460+0000] {standard_task_runner.py:84} INFO - Running: ['***', 'tasks', 'run', 'first_dag_02', 'second_task', 'scheduled__2021-08-21T00:00:00+00:00', '--job-id', '162', '--raw', '--subdir', 'DAGS_FOLDER/First_dag.py', '--cfg-path', '/tmp/tmp7ux3bi0g']
[2023-06-11T10:41:03.477+0000] {standard_task_runner.py:85} INFO - Job 162: Subtask second_task
[2023-06-11T10:41:06.257+0000] {task_command.py:410} INFO - Running <TaskInstance: first_dag_02.second_task scheduled__2021-08-21T00:00:00+00:00 [running]> on host 7586ce0070ac
[2023-06-11T10:41:11.167+0000] {taskinstance.py:1547} INFO - Exporting env vars: AIRFLOW_CTX_DAG_OWNER='Raja' AIRFLOW_CTX_DAG_ID='first_dag_02' AIRFLOW_CTX_TASK_ID='second_task' AIRFLOW_CTX_EXECUTION_DATE='2021-08-21T00:00:00+00:00' AIRFLOW_CTX_TRY_NUMBER='1' AIRFLOW_CTX_DAG_RUN_ID='scheduled__2021-08-21T00:00:00+00:00'
[2023-06-11T10:41:11.177+0000] {subprocess.py:63} INFO - Tmp dir root location: 
 /tmp
[2023-06-11T10:41:11.183+0000] {subprocess.py:75} INFO - Running command: ['/bin/bash', '-c', 'echo hey, I am task2 and will be running after task1!']
[2023-06-11T10:41:11.755+0000] {subprocess.py:86} INFO - Output:
[2023-06-11T10:41:11.767+0000] {subprocess.py:93} INFO - hey, I am task2 and will be running after task1!
[2023-06-11T10:41:11.768+0000] {subprocess.py:97} INFO - Command exited with return code 0
[2023-06-11T10:41:12.756+0000] {taskinstance.py:1350} INFO - Marking task as SUCCESS. dag_id=first_dag_02, task_id=second_task, execution_date=20210821T000000, start_date=20230611T104102, end_date=20230611T104112
[2023-06-11T10:41:15.098+0000] {local_task_job_runner.py:225} INFO - Task exited with return code 0
[2023-06-11T10:41:16.044+0000] {taskinstance.py:2651} INFO - 0 downstream tasks scheduled from follow-on schedule check
