[2023-06-11T08:59:58.156+0000] {taskinstance.py:1103} INFO - Dependencies all met for dep_context=non-requeueable deps ti=<TaskInstance: first_dag_02.thrid_task scheduled__2022-02-09T00:00:00+00:00 [queued]>
[2023-06-11T08:59:58.410+0000] {taskinstance.py:1103} INFO - Dependencies all met for dep_context=requeueable deps ti=<TaskInstance: first_dag_02.thrid_task scheduled__2022-02-09T00:00:00+00:00 [queued]>
[2023-06-11T08:59:58.411+0000] {taskinstance.py:1308} INFO - Starting attempt 1 of 6
[2023-06-11T08:59:58.853+0000] {taskinstance.py:1327} INFO - Executing <Task(BashOperator): thrid_task> on 2022-02-09 00:00:00+00:00
[2023-06-11T08:59:58.924+0000] {standard_task_runner.py:57} INFO - Started process 3062 to run task
[2023-06-11T08:59:59.026+0000] {standard_task_runner.py:84} INFO - Running: ['***', 'tasks', 'run', 'first_dag_02', 'thrid_task', 'scheduled__2022-02-09T00:00:00+00:00', '--job-id', '956', '--raw', '--subdir', 'DAGS_FOLDER/First_dag.py', '--cfg-path', '/tmp/tmpjf9z9r76']
[2023-06-11T08:59:59.057+0000] {standard_task_runner.py:85} INFO - Job 956: Subtask thrid_task
[2023-06-11T08:59:59.689+0000] {task_command.py:410} INFO - Running <TaskInstance: first_dag_02.thrid_task scheduled__2022-02-09T00:00:00+00:00 [running]> on host 964e508aad03
[2023-06-11T09:00:01.907+0000] {taskinstance.py:1547} INFO - Exporting env vars: AIRFLOW_CTX_DAG_OWNER='Raja' AIRFLOW_CTX_DAG_ID='first_dag_02' AIRFLOW_CTX_TASK_ID='thrid_task' AIRFLOW_CTX_EXECUTION_DATE='2022-02-09T00:00:00+00:00' AIRFLOW_CTX_TRY_NUMBER='1' AIRFLOW_CTX_DAG_RUN_ID='scheduled__2022-02-09T00:00:00+00:00'
[2023-06-11T09:00:01.910+0000] {subprocess.py:63} INFO - Tmp dir root location: 
 /tmp
[2023-06-11T09:00:01.920+0000] {subprocess.py:75} INFO - Running command: ['/bin/bash', '-c', 'echo hey, I am task3 and will be running after task1 at the same time as task2!']
[2023-06-11T09:00:02.129+0000] {subprocess.py:86} INFO - Output:
[2023-06-11T09:00:02.136+0000] {subprocess.py:93} INFO - hey, I am task3 and will be running after task1 at the same time as task2!
[2023-06-11T09:00:02.137+0000] {subprocess.py:97} INFO - Command exited with return code 0
[2023-06-11T09:00:02.455+0000] {taskinstance.py:1350} INFO - Marking task as SUCCESS. dag_id=first_dag_02, task_id=thrid_task, execution_date=20220209T000000, start_date=20230611T085958, end_date=20230611T090002
[2023-06-11T09:00:02.995+0000] {local_task_job_runner.py:225} INFO - Task exited with return code 0
[2023-06-11T09:00:03.348+0000] {taskinstance.py:2651} INFO - 0 downstream tasks scheduled from follow-on schedule check
[2023-06-11T11:33:38.619+0000] {taskinstance.py:1103} INFO - Dependencies all met for dep_context=non-requeueable deps ti=<TaskInstance: first_dag_02.thrid_task scheduled__2022-02-09T00:00:00+00:00 [queued]>
[2023-06-11T11:33:38.651+0000] {taskinstance.py:1103} INFO - Dependencies all met for dep_context=requeueable deps ti=<TaskInstance: first_dag_02.thrid_task scheduled__2022-02-09T00:00:00+00:00 [queued]>
[2023-06-11T11:33:38.654+0000] {taskinstance.py:1308} INFO - Starting attempt 1 of 6
[2023-06-11T11:33:38.848+0000] {taskinstance.py:1327} INFO - Executing <Task(BashOperator): thrid_task> on 2022-02-09 00:00:00+00:00
[2023-06-11T11:33:38.963+0000] {standard_task_runner.py:57} INFO - Started process 545 to run task
[2023-06-11T11:33:39.008+0000] {standard_task_runner.py:84} INFO - Running: ['***', 'tasks', 'run', 'first_dag_02', 'thrid_task', 'scheduled__2022-02-09T00:00:00+00:00', '--job-id', '968', '--raw', '--subdir', 'DAGS_FOLDER/First_dag.py', '--cfg-path', '/tmp/tmp7syd4dy0']
[2023-06-11T11:33:39.010+0000] {standard_task_runner.py:85} INFO - Job 968: Subtask thrid_task
[2023-06-11T11:33:39.476+0000] {task_command.py:410} INFO - Running <TaskInstance: first_dag_02.thrid_task scheduled__2022-02-09T00:00:00+00:00 [running]> on host 7586ce0070ac
[2023-06-11T11:33:40.577+0000] {taskinstance.py:1547} INFO - Exporting env vars: AIRFLOW_CTX_DAG_OWNER='Raja' AIRFLOW_CTX_DAG_ID='first_dag_02' AIRFLOW_CTX_TASK_ID='thrid_task' AIRFLOW_CTX_EXECUTION_DATE='2022-02-09T00:00:00+00:00' AIRFLOW_CTX_TRY_NUMBER='1' AIRFLOW_CTX_DAG_RUN_ID='scheduled__2022-02-09T00:00:00+00:00'
[2023-06-11T11:33:40.579+0000] {subprocess.py:63} INFO - Tmp dir root location: 
 /tmp
[2023-06-11T11:33:40.581+0000] {subprocess.py:75} INFO - Running command: ['/bin/bash', '-c', 'echo hey, I am task3 and will be running after task1 at the same time as task2!']
[2023-06-11T11:33:40.733+0000] {subprocess.py:86} INFO - Output:
[2023-06-11T11:33:40.762+0000] {subprocess.py:93} INFO - hey, I am task3 and will be running after task1 at the same time as task2!
[2023-06-11T11:33:40.789+0000] {subprocess.py:97} INFO - Command exited with return code 0
[2023-06-11T11:33:41.281+0000] {taskinstance.py:1350} INFO - Marking task as SUCCESS. dag_id=first_dag_02, task_id=thrid_task, execution_date=20220209T000000, start_date=20230611T113338, end_date=20230611T113341
[2023-06-11T11:33:41.541+0000] {local_task_job_runner.py:225} INFO - Task exited with return code 0
[2023-06-11T11:33:41.765+0000] {taskinstance.py:2651} INFO - 0 downstream tasks scheduled from follow-on schedule check
