[2023-06-11T04:54:49.716+0000] {taskinstance.py:1103} INFO - Dependencies all met for dep_context=non-requeueable deps ti=<TaskInstance: first_dag_02.first_task scheduled__2021-10-28T00:00:00+00:00 [queued]>
[2023-06-11T04:54:50.267+0000] {taskinstance.py:1103} INFO - Dependencies all met for dep_context=requeueable deps ti=<TaskInstance: first_dag_02.first_task scheduled__2021-10-28T00:00:00+00:00 [queued]>
[2023-06-11T04:54:50.267+0000] {taskinstance.py:1308} INFO - Starting attempt 1 of 6
[2023-06-11T04:54:53.047+0000] {taskinstance.py:1327} INFO - Executing <Task(BashOperator): first_task> on 2021-10-28 00:00:00+00:00
[2023-06-11T04:54:53.147+0000] {standard_task_runner.py:57} INFO - Started process 1186 to run task
[2023-06-11T04:54:53.175+0000] {standard_task_runner.py:84} INFO - Running: ['***', 'tasks', 'run', 'first_dag_02', 'first_task', 'scheduled__2021-10-28T00:00:00+00:00', '--job-id', '349', '--raw', '--subdir', 'DAGS_FOLDER/First_dag.py', '--cfg-path', '/tmp/tmp6vhj6dif']
[2023-06-11T04:54:53.179+0000] {standard_task_runner.py:85} INFO - Job 349: Subtask first_task
[2023-06-11T04:54:54.307+0000] {task_command.py:410} INFO - Running <TaskInstance: first_dag_02.first_task scheduled__2021-10-28T00:00:00+00:00 [running]> on host 4b1b5d40d165
[2023-06-11T04:54:56.681+0000] {taskinstance.py:1547} INFO - Exporting env vars: AIRFLOW_CTX_DAG_OWNER='Raja' AIRFLOW_CTX_DAG_ID='first_dag_02' AIRFLOW_CTX_TASK_ID='first_task' AIRFLOW_CTX_EXECUTION_DATE='2021-10-28T00:00:00+00:00' AIRFLOW_CTX_TRY_NUMBER='1' AIRFLOW_CTX_DAG_RUN_ID='scheduled__2021-10-28T00:00:00+00:00'
[2023-06-11T04:54:56.694+0000] {subprocess.py:63} INFO - Tmp dir root location: 
 /tmp
[2023-06-11T04:54:56.696+0000] {subprocess.py:75} INFO - Running command: ['/bin/bash', '-c', 'echo hello world, this is the first task!']
[2023-06-11T04:54:57.050+0000] {subprocess.py:86} INFO - Output:
[2023-06-11T04:54:57.070+0000] {subprocess.py:93} INFO - hello world, this is the first task!
[2023-06-11T04:54:57.109+0000] {subprocess.py:97} INFO - Command exited with return code 0
[2023-06-11T04:54:58.136+0000] {taskinstance.py:1350} INFO - Marking task as SUCCESS. dag_id=first_dag_02, task_id=first_task, execution_date=20211028T000000, start_date=20230611T045449, end_date=20230611T045458
[2023-06-11T04:54:59.137+0000] {local_task_job_runner.py:225} INFO - Task exited with return code 0
[2023-06-11T04:55:00.140+0000] {taskinstance.py:2651} INFO - 2 downstream tasks scheduled from follow-on schedule check
[2023-06-11T08:33:47.580+0000] {taskinstance.py:1103} INFO - Dependencies all met for dep_context=non-requeueable deps ti=<TaskInstance: first_dag_02.first_task scheduled__2021-10-28T00:00:00+00:00 [queued]>
[2023-06-11T08:33:47.895+0000] {taskinstance.py:1103} INFO - Dependencies all met for dep_context=requeueable deps ti=<TaskInstance: first_dag_02.first_task scheduled__2021-10-28T00:00:00+00:00 [queued]>
[2023-06-11T08:33:47.899+0000] {taskinstance.py:1308} INFO - Starting attempt 1 of 6
[2023-06-11T08:33:48.271+0000] {taskinstance.py:1327} INFO - Executing <Task(BashOperator): first_task> on 2021-10-28 00:00:00+00:00
[2023-06-11T08:33:48.391+0000] {standard_task_runner.py:57} INFO - Started process 105 to run task
[2023-06-11T08:33:48.470+0000] {standard_task_runner.py:84} INFO - Running: ['***', 'tasks', 'run', 'first_dag_02', 'first_task', 'scheduled__2021-10-28T00:00:00+00:00', '--job-id', '477', '--raw', '--subdir', 'DAGS_FOLDER/First_dag.py', '--cfg-path', '/tmp/tmprkwxrqf_']
[2023-06-11T08:33:48.507+0000] {standard_task_runner.py:85} INFO - Job 477: Subtask first_task
[2023-06-11T08:33:49.559+0000] {task_command.py:410} INFO - Running <TaskInstance: first_dag_02.first_task scheduled__2021-10-28T00:00:00+00:00 [running]> on host 492037cdd057
[2023-06-11T08:33:51.708+0000] {taskinstance.py:1547} INFO - Exporting env vars: AIRFLOW_CTX_DAG_OWNER='Raja' AIRFLOW_CTX_DAG_ID='first_dag_02' AIRFLOW_CTX_TASK_ID='first_task' AIRFLOW_CTX_EXECUTION_DATE='2021-10-28T00:00:00+00:00' AIRFLOW_CTX_TRY_NUMBER='1' AIRFLOW_CTX_DAG_RUN_ID='scheduled__2021-10-28T00:00:00+00:00'
[2023-06-11T08:33:51.771+0000] {subprocess.py:63} INFO - Tmp dir root location: 
 /tmp
[2023-06-11T08:33:51.789+0000] {subprocess.py:75} INFO - Running command: ['/bin/bash', '-c', 'echo hello world, this is the first task!']
[2023-06-11T08:33:51.937+0000] {subprocess.py:86} INFO - Output:
[2023-06-11T08:33:51.951+0000] {subprocess.py:93} INFO - hello world, this is the first task!
[2023-06-11T08:33:51.959+0000] {subprocess.py:97} INFO - Command exited with return code 0
[2023-06-11T08:33:52.888+0000] {taskinstance.py:1350} INFO - Marking task as SUCCESS. dag_id=first_dag_02, task_id=first_task, execution_date=20211028T000000, start_date=20230611T083347, end_date=20230611T083352
[2023-06-11T08:33:53.239+0000] {local_task_job_runner.py:225} INFO - Task exited with return code 0
[2023-06-11T08:33:53.595+0000] {taskinstance.py:2651} INFO - 2 downstream tasks scheduled from follow-on schedule check
[2023-06-11T08:52:35.154+0000] {taskinstance.py:1103} INFO - Dependencies all met for dep_context=non-requeueable deps ti=<TaskInstance: first_dag_02.first_task scheduled__2021-10-28T00:00:00+00:00 [queued]>
[2023-06-11T08:52:35.381+0000] {taskinstance.py:1103} INFO - Dependencies all met for dep_context=requeueable deps ti=<TaskInstance: first_dag_02.first_task scheduled__2021-10-28T00:00:00+00:00 [queued]>
[2023-06-11T08:52:35.382+0000] {taskinstance.py:1308} INFO - Starting attempt 1 of 6
[2023-06-11T08:52:35.789+0000] {taskinstance.py:1327} INFO - Executing <Task(BashOperator): first_task> on 2021-10-28 00:00:00+00:00
[2023-06-11T08:52:35.905+0000] {standard_task_runner.py:57} INFO - Started process 1369 to run task
[2023-06-11T08:52:35.977+0000] {standard_task_runner.py:84} INFO - Running: ['***', 'tasks', 'run', 'first_dag_02', 'first_task', 'scheduled__2021-10-28T00:00:00+00:00', '--job-id', '424', '--raw', '--subdir', 'DAGS_FOLDER/First_dag.py', '--cfg-path', '/tmp/tmprr798fgc']
[2023-06-11T08:52:35.978+0000] {standard_task_runner.py:85} INFO - Job 424: Subtask first_task
[2023-06-11T08:52:36.707+0000] {task_command.py:410} INFO - Running <TaskInstance: first_dag_02.first_task scheduled__2021-10-28T00:00:00+00:00 [running]> on host 964e508aad03
[2023-06-11T08:52:39.377+0000] {taskinstance.py:1547} INFO - Exporting env vars: AIRFLOW_CTX_DAG_OWNER='Raja' AIRFLOW_CTX_DAG_ID='first_dag_02' AIRFLOW_CTX_TASK_ID='first_task' AIRFLOW_CTX_EXECUTION_DATE='2021-10-28T00:00:00+00:00' AIRFLOW_CTX_TRY_NUMBER='1' AIRFLOW_CTX_DAG_RUN_ID='scheduled__2021-10-28T00:00:00+00:00'
[2023-06-11T08:52:39.378+0000] {subprocess.py:63} INFO - Tmp dir root location: 
 /tmp
[2023-06-11T08:52:39.379+0000] {subprocess.py:75} INFO - Running command: ['/bin/bash', '-c', 'echo hello world, this is the first task!']
[2023-06-11T08:52:39.683+0000] {subprocess.py:86} INFO - Output:
[2023-06-11T08:52:39.690+0000] {subprocess.py:93} INFO - hello world, this is the first task!
[2023-06-11T08:52:39.740+0000] {subprocess.py:97} INFO - Command exited with return code 0
[2023-06-11T08:52:40.313+0000] {taskinstance.py:1350} INFO - Marking task as SUCCESS. dag_id=first_dag_02, task_id=first_task, execution_date=20211028T000000, start_date=20230611T085235, end_date=20230611T085240
[2023-06-11T08:52:40.888+0000] {local_task_job_runner.py:225} INFO - Task exited with return code 0
[2023-06-11T08:52:41.340+0000] {taskinstance.py:2651} INFO - 2 downstream tasks scheduled from follow-on schedule check
[2023-06-11T11:03:05.050+0000] {taskinstance.py:1103} INFO - Dependencies all met for dep_context=non-requeueable deps ti=<TaskInstance: first_dag_02.first_task scheduled__2021-10-28T00:00:00+00:00 [queued]>
[2023-06-11T11:03:05.420+0000] {taskinstance.py:1103} INFO - Dependencies all met for dep_context=requeueable deps ti=<TaskInstance: first_dag_02.first_task scheduled__2021-10-28T00:00:00+00:00 [queued]>
[2023-06-11T11:03:05.421+0000] {taskinstance.py:1308} INFO - Starting attempt 1 of 6
[2023-06-11T11:03:06.025+0000] {taskinstance.py:1327} INFO - Executing <Task(BashOperator): first_task> on 2021-10-28 00:00:00+00:00
[2023-06-11T11:03:06.126+0000] {standard_task_runner.py:57} INFO - Started process 1585 to run task
[2023-06-11T11:03:06.436+0000] {standard_task_runner.py:84} INFO - Running: ['***', 'tasks', 'run', 'first_dag_02', 'first_task', 'scheduled__2021-10-28T00:00:00+00:00', '--job-id', '439', '--raw', '--subdir', 'DAGS_FOLDER/First_dag.py', '--cfg-path', '/tmp/tmp1qhxyust']
[2023-06-11T11:03:06.469+0000] {standard_task_runner.py:85} INFO - Job 439: Subtask first_task
[2023-06-11T11:03:07.431+0000] {task_command.py:410} INFO - Running <TaskInstance: first_dag_02.first_task scheduled__2021-10-28T00:00:00+00:00 [running]> on host 7586ce0070ac
[2023-06-11T11:03:08.748+0000] {taskinstance.py:1547} INFO - Exporting env vars: AIRFLOW_CTX_DAG_OWNER='Raja' AIRFLOW_CTX_DAG_ID='first_dag_02' AIRFLOW_CTX_TASK_ID='first_task' AIRFLOW_CTX_EXECUTION_DATE='2021-10-28T00:00:00+00:00' AIRFLOW_CTX_TRY_NUMBER='1' AIRFLOW_CTX_DAG_RUN_ID='scheduled__2021-10-28T00:00:00+00:00'
[2023-06-11T11:03:08.765+0000] {subprocess.py:63} INFO - Tmp dir root location: 
 /tmp
[2023-06-11T11:03:08.769+0000] {subprocess.py:75} INFO - Running command: ['/bin/bash', '-c', 'echo hello world, this is the first task!']
[2023-06-11T11:03:08.914+0000] {subprocess.py:86} INFO - Output:
[2023-06-11T11:03:08.975+0000] {subprocess.py:93} INFO - hello world, this is the first task!
[2023-06-11T11:03:08.982+0000] {subprocess.py:97} INFO - Command exited with return code 0
[2023-06-11T11:03:09.367+0000] {taskinstance.py:1350} INFO - Marking task as SUCCESS. dag_id=first_dag_02, task_id=first_task, execution_date=20211028T000000, start_date=20230611T110305, end_date=20230611T110309
[2023-06-11T11:03:09.873+0000] {local_task_job_runner.py:225} INFO - Task exited with return code 0
[2023-06-11T11:03:13.480+0000] {taskinstance.py:2651} INFO - 0 downstream tasks scheduled from follow-on schedule check
