[2023-06-11T09:45:03.542+0000] {taskinstance.py:1103} INFO - Dependencies all met for dep_context=non-requeueable deps ti=<TaskInstance: dag_cron_expression_03.task1 scheduled__2022-01-13T03:00:00+00:00 [queued]>
[2023-06-11T09:45:03.624+0000] {taskinstance.py:1103} INFO - Dependencies all met for dep_context=requeueable deps ti=<TaskInstance: dag_cron_expression_03.task1 scheduled__2022-01-13T03:00:00+00:00 [queued]>
[2023-06-11T09:45:03.625+0000] {taskinstance.py:1308} INFO - Starting attempt 1 of 6
[2023-06-11T09:45:04.328+0000] {taskinstance.py:1327} INFO - Executing <Task(BashOperator): task1> on 2022-01-13 03:00:00+00:00
[2023-06-11T09:45:04.341+0000] {standard_task_runner.py:57} INFO - Started process 4610 to run task
[2023-06-11T09:45:04.354+0000] {standard_task_runner.py:84} INFO - Running: ['***', 'tasks', 'run', 'dag_cron_expression_03', 'task1', 'scheduled__2022-01-13T03:00:00+00:00', '--job-id', '1414', '--raw', '--subdir', 'DAGS_FOLDER/dag_corn.py', '--cfg-path', '/tmp/tmpcrtm0g1h']
[2023-06-11T09:45:04.357+0000] {standard_task_runner.py:85} INFO - Job 1414: Subtask task1
[2023-06-11T09:45:05.094+0000] {task_command.py:410} INFO - Running <TaskInstance: dag_cron_expression_03.task1 scheduled__2022-01-13T03:00:00+00:00 [running]> on host 964e508aad03
[2023-06-11T09:45:06.650+0000] {taskinstance.py:1547} INFO - Exporting env vars: AIRFLOW_CTX_DAG_OWNER='Raja' AIRFLOW_CTX_DAG_ID='dag_cron_expression_03' AIRFLOW_CTX_TASK_ID='task1' AIRFLOW_CTX_EXECUTION_DATE='2022-01-13T03:00:00+00:00' AIRFLOW_CTX_TRY_NUMBER='1' AIRFLOW_CTX_DAG_RUN_ID='scheduled__2022-01-13T03:00:00+00:00'
[2023-06-11T09:45:06.664+0000] {subprocess.py:63} INFO - Tmp dir root location: 
 /tmp
[2023-06-11T09:45:06.680+0000] {subprocess.py:75} INFO - Running command: ['/bin/bash', '-c', 'echo dag with cron expression!']
[2023-06-11T09:45:06.969+0000] {subprocess.py:86} INFO - Output:
[2023-06-11T09:45:06.981+0000] {subprocess.py:93} INFO - dag with cron expression!
[2023-06-11T09:45:06.982+0000] {subprocess.py:97} INFO - Command exited with return code 0
[2023-06-11T09:45:07.531+0000] {taskinstance.py:1350} INFO - Marking task as SUCCESS. dag_id=dag_cron_expression_03, task_id=task1, execution_date=20220113T030000, start_date=20230611T094503, end_date=20230611T094507
[2023-06-11T09:45:07.961+0000] {local_task_job_runner.py:225} INFO - Task exited with return code 0
[2023-06-11T09:45:08.047+0000] {taskinstance.py:2651} INFO - 0 downstream tasks scheduled from follow-on schedule check
[2023-06-11T10:44:07.680+0000] {taskinstance.py:1103} INFO - Dependencies all met for dep_context=non-requeueable deps ti=<TaskInstance: dag_cron_expression_03.task1 scheduled__2022-01-13T03:00:00+00:00 [queued]>
[2023-06-11T10:44:08.695+0000] {taskinstance.py:1103} INFO - Dependencies all met for dep_context=requeueable deps ti=<TaskInstance: dag_cron_expression_03.task1 scheduled__2022-01-13T03:00:00+00:00 [queued]>
[2023-06-11T10:44:08.695+0000] {taskinstance.py:1308} INFO - Starting attempt 1 of 6
[2023-06-11T10:44:09.879+0000] {taskinstance.py:1327} INFO - Executing <Task(BashOperator): task1> on 2022-01-13 03:00:00+00:00
[2023-06-11T10:44:10.753+0000] {standard_task_runner.py:57} INFO - Started process 818 to run task
[2023-06-11T10:44:10.787+0000] {standard_task_runner.py:84} INFO - Running: ['***', 'tasks', 'run', 'dag_cron_expression_03', 'task1', 'scheduled__2022-01-13T03:00:00+00:00', '--job-id', '224', '--raw', '--subdir', 'DAGS_FOLDER/dag_cron.py', '--cfg-path', '/tmp/tmp07xpstpo']
[2023-06-11T10:44:10.792+0000] {standard_task_runner.py:85} INFO - Job 224: Subtask task1
[2023-06-11T10:44:13.443+0000] {task_command.py:410} INFO - Running <TaskInstance: dag_cron_expression_03.task1 scheduled__2022-01-13T03:00:00+00:00 [running]> on host 7586ce0070ac
[2023-06-11T10:44:22.752+0000] {taskinstance.py:1547} INFO - Exporting env vars: AIRFLOW_CTX_DAG_OWNER='Raja' AIRFLOW_CTX_DAG_ID='dag_cron_expression_03' AIRFLOW_CTX_TASK_ID='task1' AIRFLOW_CTX_EXECUTION_DATE='2022-01-13T03:00:00+00:00' AIRFLOW_CTX_TRY_NUMBER='1' AIRFLOW_CTX_DAG_RUN_ID='scheduled__2022-01-13T03:00:00+00:00'
[2023-06-11T10:44:22.857+0000] {subprocess.py:63} INFO - Tmp dir root location: 
 /tmp
[2023-06-11T10:44:22.959+0000] {subprocess.py:75} INFO - Running command: ['/bin/bash', '-c', 'echo dag with cron expression!']
[2023-06-11T10:44:23.378+0000] {subprocess.py:86} INFO - Output:
[2023-06-11T10:44:23.473+0000] {subprocess.py:93} INFO - dag with cron expression!
[2023-06-11T10:44:23.484+0000] {subprocess.py:97} INFO - Command exited with return code 0
[2023-06-11T10:44:23.693+0000] {taskinstance.py:1350} INFO - Marking task as SUCCESS. dag_id=dag_cron_expression_03, task_id=task1, execution_date=20220113T030000, start_date=20230611T104407, end_date=20230611T104423
[2023-06-11T10:44:23.791+0000] {local_task_job_runner.py:225} INFO - Task exited with return code 0
[2023-06-11T10:44:23.911+0000] {taskinstance.py:2651} INFO - 0 downstream tasks scheduled from follow-on schedule check
