[2023-06-11T08:55:23.473+0000] {taskinstance.py:1103} INFO - Dependencies all met for dep_context=non-requeueable deps ti=<TaskInstance: first_dag_02.second_task scheduled__2021-12-01T00:00:00+00:00 [queued]>
[2023-06-11T08:55:23.652+0000] {taskinstance.py:1103} INFO - Dependencies all met for dep_context=requeueable deps ti=<TaskInstance: first_dag_02.second_task scheduled__2021-12-01T00:00:00+00:00 [queued]>
[2023-06-11T08:55:23.652+0000] {taskinstance.py:1308} INFO - Starting attempt 1 of 6
[2023-06-11T08:55:24.453+0000] {taskinstance.py:1327} INFO - Executing <Task(BashOperator): second_task> on 2021-12-01 00:00:00+00:00
[2023-06-11T08:55:24.536+0000] {standard_task_runner.py:57} INFO - Started process 2016 to run task
[2023-06-11T08:55:24.651+0000] {standard_task_runner.py:84} INFO - Running: ['***', 'tasks', 'run', 'first_dag_02', 'second_task', 'scheduled__2021-12-01T00:00:00+00:00', '--job-id', '627', '--raw', '--subdir', 'DAGS_FOLDER/First_dag.py', '--cfg-path', '/tmp/tmppd1bls9z']
[2023-06-11T08:55:24.652+0000] {standard_task_runner.py:85} INFO - Job 627: Subtask second_task
[2023-06-11T08:55:25.319+0000] {task_command.py:410} INFO - Running <TaskInstance: first_dag_02.second_task scheduled__2021-12-01T00:00:00+00:00 [running]> on host 964e508aad03
[2023-06-11T08:55:27.337+0000] {taskinstance.py:1547} INFO - Exporting env vars: AIRFLOW_CTX_DAG_OWNER='Raja' AIRFLOW_CTX_DAG_ID='first_dag_02' AIRFLOW_CTX_TASK_ID='second_task' AIRFLOW_CTX_EXECUTION_DATE='2021-12-01T00:00:00+00:00' AIRFLOW_CTX_TRY_NUMBER='1' AIRFLOW_CTX_DAG_RUN_ID='scheduled__2021-12-01T00:00:00+00:00'
[2023-06-11T08:55:27.437+0000] {subprocess.py:63} INFO - Tmp dir root location: 
 /tmp
[2023-06-11T08:55:27.437+0000] {subprocess.py:75} INFO - Running command: ['/bin/bash', '-c', 'echo hey, I am task2 and will be running after task1!']
[2023-06-11T08:55:27.662+0000] {subprocess.py:86} INFO - Output:
[2023-06-11T08:55:27.663+0000] {subprocess.py:93} INFO - hey, I am task2 and will be running after task1!
[2023-06-11T08:55:27.697+0000] {subprocess.py:97} INFO - Command exited with return code 0
[2023-06-11T08:55:28.534+0000] {taskinstance.py:1350} INFO - Marking task as SUCCESS. dag_id=first_dag_02, task_id=second_task, execution_date=20211201T000000, start_date=20230611T085523, end_date=20230611T085528
[2023-06-11T08:55:28.846+0000] {local_task_job_runner.py:225} INFO - Task exited with return code 0
[2023-06-11T08:55:29.152+0000] {taskinstance.py:2651} INFO - 0 downstream tasks scheduled from follow-on schedule check
[2023-06-11T11:18:34.116+0000] {taskinstance.py:1103} INFO - Dependencies all met for dep_context=non-requeueable deps ti=<TaskInstance: first_dag_02.second_task scheduled__2021-12-01T00:00:00+00:00 [queued]>
[2023-06-11T11:18:34.838+0000] {taskinstance.py:1103} INFO - Dependencies all met for dep_context=requeueable deps ti=<TaskInstance: first_dag_02.second_task scheduled__2021-12-01T00:00:00+00:00 [queued]>
[2023-06-11T11:18:34.839+0000] {taskinstance.py:1308} INFO - Starting attempt 1 of 6
[2023-06-11T11:18:35.673+0000] {taskinstance.py:1327} INFO - Executing <Task(BashOperator): second_task> on 2021-12-01 00:00:00+00:00
[2023-06-11T11:18:35.685+0000] {standard_task_runner.py:57} INFO - Started process 714 to run task
[2023-06-11T11:18:35.763+0000] {standard_task_runner.py:84} INFO - Running: ['***', 'tasks', 'run', 'first_dag_02', 'second_task', 'scheduled__2021-12-01T00:00:00+00:00', '--job-id', '673', '--raw', '--subdir', 'DAGS_FOLDER/First_dag.py', '--cfg-path', '/tmp/tmplu9oatds']
[2023-06-11T11:18:35.765+0000] {standard_task_runner.py:85} INFO - Job 673: Subtask second_task
[2023-06-11T11:18:37.531+0000] {task_command.py:410} INFO - Running <TaskInstance: first_dag_02.second_task scheduled__2021-12-01T00:00:00+00:00 [running]> on host 7586ce0070ac
[2023-06-11T11:18:42.013+0000] {taskinstance.py:1547} INFO - Exporting env vars: AIRFLOW_CTX_DAG_OWNER='Raja' AIRFLOW_CTX_DAG_ID='first_dag_02' AIRFLOW_CTX_TASK_ID='second_task' AIRFLOW_CTX_EXECUTION_DATE='2021-12-01T00:00:00+00:00' AIRFLOW_CTX_TRY_NUMBER='1' AIRFLOW_CTX_DAG_RUN_ID='scheduled__2021-12-01T00:00:00+00:00'
[2023-06-11T11:18:42.069+0000] {subprocess.py:63} INFO - Tmp dir root location: 
 /tmp
[2023-06-11T11:18:42.104+0000] {subprocess.py:75} INFO - Running command: ['/bin/bash', '-c', 'echo hey, I am task2 and will be running after task1!']
[2023-06-11T11:18:42.353+0000] {subprocess.py:86} INFO - Output:
[2023-06-11T11:18:42.365+0000] {subprocess.py:93} INFO - hey, I am task2 and will be running after task1!
[2023-06-11T11:18:42.366+0000] {subprocess.py:97} INFO - Command exited with return code 0
[2023-06-11T11:18:42.452+0000] {taskinstance.py:1350} INFO - Marking task as SUCCESS. dag_id=first_dag_02, task_id=second_task, execution_date=20211201T000000, start_date=20230611T111834, end_date=20230611T111842
[2023-06-11T11:18:42.510+0000] {local_task_job_runner.py:225} INFO - Task exited with return code 0
[2023-06-11T11:18:42.987+0000] {taskinstance.py:2651} INFO - 0 downstream tasks scheduled from follow-on schedule check
