[2023-06-11T04:46:41.204+0000] {taskinstance.py:1103} INFO - Dependencies all met for dep_context=non-requeueable deps ti=<TaskInstance: first_dag_02.first_task scheduled__2021-08-29T00:00:00+00:00 [queued]>
[2023-06-11T04:46:41.534+0000] {taskinstance.py:1103} INFO - Dependencies all met for dep_context=requeueable deps ti=<TaskInstance: first_dag_02.first_task scheduled__2021-08-29T00:00:00+00:00 [queued]>
[2023-06-11T04:46:41.534+0000] {taskinstance.py:1308} INFO - Starting attempt 1 of 6
[2023-06-11T04:46:42.789+0000] {taskinstance.py:1327} INFO - Executing <Task(BashOperator): first_task> on 2021-08-29 00:00:00+00:00
[2023-06-11T04:46:42.885+0000] {standard_task_runner.py:57} INFO - Started process 438 to run task
[2023-06-11T04:46:43.042+0000] {standard_task_runner.py:84} INFO - Running: ['***', 'tasks', 'run', 'first_dag_02', 'first_task', 'scheduled__2021-08-29T00:00:00+00:00', '--job-id', '123', '--raw', '--subdir', 'DAGS_FOLDER/First_dag.py', '--cfg-path', '/tmp/tmp81_b0fyn']
[2023-06-11T04:46:43.074+0000] {standard_task_runner.py:85} INFO - Job 123: Subtask first_task
[2023-06-11T04:46:43.942+0000] {task_command.py:410} INFO - Running <TaskInstance: first_dag_02.first_task scheduled__2021-08-29T00:00:00+00:00 [running]> on host 4b1b5d40d165
[2023-06-11T04:46:47.828+0000] {taskinstance.py:1547} INFO - Exporting env vars: AIRFLOW_CTX_DAG_OWNER='Raja' AIRFLOW_CTX_DAG_ID='first_dag_02' AIRFLOW_CTX_TASK_ID='first_task' AIRFLOW_CTX_EXECUTION_DATE='2021-08-29T00:00:00+00:00' AIRFLOW_CTX_TRY_NUMBER='1' AIRFLOW_CTX_DAG_RUN_ID='scheduled__2021-08-29T00:00:00+00:00'
[2023-06-11T04:46:47.830+0000] {subprocess.py:63} INFO - Tmp dir root location: 
 /tmp
[2023-06-11T04:46:47.831+0000] {subprocess.py:75} INFO - Running command: ['/bin/bash', '-c', 'echo hello world, this is the first task!']
[2023-06-11T04:46:47.850+0000] {subprocess.py:86} INFO - Output:
[2023-06-11T04:46:47.856+0000] {subprocess.py:93} INFO - hello world, this is the first task!
[2023-06-11T04:46:47.858+0000] {subprocess.py:97} INFO - Command exited with return code 0
[2023-06-11T04:46:47.970+0000] {taskinstance.py:1350} INFO - Marking task as SUCCESS. dag_id=first_dag_02, task_id=first_task, execution_date=20210829T000000, start_date=20230611T044641, end_date=20230611T044647
[2023-06-11T04:46:49.100+0000] {local_task_job_runner.py:225} INFO - Task exited with return code 0
[2023-06-11T04:46:50.445+0000] {taskinstance.py:2651} INFO - 0 downstream tasks scheduled from follow-on schedule check
[2023-06-11T05:17:14.762+0000] {taskinstance.py:1103} INFO - Dependencies all met for dep_context=non-requeueable deps ti=<TaskInstance: first_dag_02.first_task scheduled__2021-08-29T00:00:00+00:00 [queued]>
[2023-06-11T05:17:14.952+0000] {taskinstance.py:1103} INFO - Dependencies all met for dep_context=requeueable deps ti=<TaskInstance: first_dag_02.first_task scheduled__2021-08-29T00:00:00+00:00 [queued]>
[2023-06-11T05:17:14.952+0000] {taskinstance.py:1308} INFO - Starting attempt 1 of 6
[2023-06-11T05:17:16.637+0000] {taskinstance.py:1327} INFO - Executing <Task(BashOperator): first_task> on 2021-08-29 00:00:00+00:00
[2023-06-11T05:17:16.743+0000] {standard_task_runner.py:84} INFO - Running: ['***', 'tasks', 'run', 'first_dag_02', 'first_task', 'scheduled__2021-08-29T00:00:00+00:00', '--job-id', '121', '--raw', '--subdir', 'DAGS_FOLDER/First_dag.py', '--cfg-path', '/tmp/tmpcjbp4q8f']
[2023-06-11T05:17:16.812+0000] {standard_task_runner.py:85} INFO - Job 121: Subtask first_task
[2023-06-11T05:17:16.720+0000] {standard_task_runner.py:57} INFO - Started process 470 to run task
[2023-06-11T05:17:18.168+0000] {task_command.py:410} INFO - Running <TaskInstance: first_dag_02.first_task scheduled__2021-08-29T00:00:00+00:00 [running]> on host 69e374580eab
[2023-06-11T05:17:20.415+0000] {taskinstance.py:1547} INFO - Exporting env vars: AIRFLOW_CTX_DAG_OWNER='Raja' AIRFLOW_CTX_DAG_ID='first_dag_02' AIRFLOW_CTX_TASK_ID='first_task' AIRFLOW_CTX_EXECUTION_DATE='2021-08-29T00:00:00+00:00' AIRFLOW_CTX_TRY_NUMBER='1' AIRFLOW_CTX_DAG_RUN_ID='scheduled__2021-08-29T00:00:00+00:00'
[2023-06-11T05:17:20.436+0000] {subprocess.py:63} INFO - Tmp dir root location: 
 /tmp
[2023-06-11T05:17:20.444+0000] {subprocess.py:75} INFO - Running command: ['/bin/bash', '-c', 'echo hello world, this is the first task!']
[2023-06-11T05:17:20.974+0000] {subprocess.py:86} INFO - Output:
[2023-06-11T05:17:21.006+0000] {subprocess.py:93} INFO - hello world, this is the first task!
[2023-06-11T05:17:21.010+0000] {subprocess.py:97} INFO - Command exited with return code 0
[2023-06-11T05:17:21.715+0000] {taskinstance.py:1350} INFO - Marking task as SUCCESS. dag_id=first_dag_02, task_id=first_task, execution_date=20210829T000000, start_date=20230611T051714, end_date=20230611T051721
[2023-06-11T05:17:22.455+0000] {local_task_job_runner.py:225} INFO - Task exited with return code 0
[2023-06-11T05:17:24.153+0000] {taskinstance.py:2651} INFO - 2 downstream tasks scheduled from follow-on schedule check
[2023-06-11T08:20:10.635+0000] {taskinstance.py:1103} INFO - Dependencies all met for dep_context=non-requeueable deps ti=<TaskInstance: first_dag_02.first_task scheduled__2021-08-29T00:00:00+00:00 [queued]>
[2023-06-11T08:20:11.490+0000] {taskinstance.py:1103} INFO - Dependencies all met for dep_context=requeueable deps ti=<TaskInstance: first_dag_02.first_task scheduled__2021-08-29T00:00:00+00:00 [queued]>
[2023-06-11T08:20:11.499+0000] {taskinstance.py:1308} INFO - Starting attempt 1 of 6
[2023-06-11T08:20:13.562+0000] {taskinstance.py:1327} INFO - Executing <Task(BashOperator): first_task> on 2021-08-29 00:00:00+00:00
[2023-06-11T08:20:13.927+0000] {standard_task_runner.py:84} INFO - Running: ['***', 'tasks', 'run', 'first_dag_02', 'first_task', 'scheduled__2021-08-29T00:00:00+00:00', '--job-id', '198', '--raw', '--subdir', 'DAGS_FOLDER/First_dag.py', '--cfg-path', '/tmp/tmpcurcipky']
[2023-06-11T08:20:13.930+0000] {standard_task_runner.py:85} INFO - Job 198: Subtask first_task
[2023-06-11T08:20:13.913+0000] {standard_task_runner.py:57} INFO - Started process 600 to run task
[2023-06-11T08:20:16.478+0000] {task_command.py:410} INFO - Running <TaskInstance: first_dag_02.first_task scheduled__2021-08-29T00:00:00+00:00 [running]> on host 492037cdd057
[2023-06-11T08:20:24.580+0000] {taskinstance.py:1547} INFO - Exporting env vars: AIRFLOW_CTX_DAG_OWNER='Raja' AIRFLOW_CTX_DAG_ID='first_dag_02' AIRFLOW_CTX_TASK_ID='first_task' AIRFLOW_CTX_EXECUTION_DATE='2021-08-29T00:00:00+00:00' AIRFLOW_CTX_TRY_NUMBER='1' AIRFLOW_CTX_DAG_RUN_ID='scheduled__2021-08-29T00:00:00+00:00'
[2023-06-11T08:20:24.600+0000] {subprocess.py:63} INFO - Tmp dir root location: 
 /tmp
[2023-06-11T08:20:24.601+0000] {subprocess.py:75} INFO - Running command: ['/bin/bash', '-c', 'echo hello world, this is the first task!']
[2023-06-11T08:20:25.634+0000] {subprocess.py:86} INFO - Output:
[2023-06-11T08:20:25.710+0000] {subprocess.py:93} INFO - hello world, this is the first task!
[2023-06-11T08:20:25.720+0000] {subprocess.py:97} INFO - Command exited with return code 0
[2023-06-11T08:20:27.486+0000] {taskinstance.py:1350} INFO - Marking task as SUCCESS. dag_id=first_dag_02, task_id=first_task, execution_date=20210829T000000, start_date=20230611T082010, end_date=20230611T082027
[2023-06-11T08:20:30.146+0000] {local_task_job_runner.py:225} INFO - Task exited with return code 0
[2023-06-11T08:20:31.344+0000] {taskinstance.py:2651} INFO - 2 downstream tasks scheduled from follow-on schedule check
[2023-06-11T08:48:56.873+0000] {taskinstance.py:1103} INFO - Dependencies all met for dep_context=non-requeueable deps ti=<TaskInstance: first_dag_02.first_task scheduled__2021-08-29T00:00:00+00:00 [queued]>
[2023-06-11T08:48:57.125+0000] {taskinstance.py:1103} INFO - Dependencies all met for dep_context=requeueable deps ti=<TaskInstance: first_dag_02.first_task scheduled__2021-08-29T00:00:00+00:00 [queued]>
[2023-06-11T08:48:57.125+0000] {taskinstance.py:1308} INFO - Starting attempt 1 of 6
[2023-06-11T08:48:57.623+0000] {taskinstance.py:1327} INFO - Executing <Task(BashOperator): first_task> on 2021-08-29 00:00:00+00:00
[2023-06-11T08:48:57.679+0000] {standard_task_runner.py:57} INFO - Started process 554 to run task
[2023-06-11T08:48:57.786+0000] {standard_task_runner.py:84} INFO - Running: ['***', 'tasks', 'run', 'first_dag_02', 'first_task', 'scheduled__2021-08-29T00:00:00+00:00', '--job-id', '167', '--raw', '--subdir', 'DAGS_FOLDER/First_dag.py', '--cfg-path', '/tmp/tmpheji05ug']
[2023-06-11T08:48:57.786+0000] {standard_task_runner.py:85} INFO - Job 167: Subtask first_task
[2023-06-11T08:48:58.617+0000] {task_command.py:410} INFO - Running <TaskInstance: first_dag_02.first_task scheduled__2021-08-29T00:00:00+00:00 [running]> on host 964e508aad03
[2023-06-11T08:49:00.276+0000] {taskinstance.py:1547} INFO - Exporting env vars: AIRFLOW_CTX_DAG_OWNER='Raja' AIRFLOW_CTX_DAG_ID='first_dag_02' AIRFLOW_CTX_TASK_ID='first_task' AIRFLOW_CTX_EXECUTION_DATE='2021-08-29T00:00:00+00:00' AIRFLOW_CTX_TRY_NUMBER='1' AIRFLOW_CTX_DAG_RUN_ID='scheduled__2021-08-29T00:00:00+00:00'
[2023-06-11T08:49:00.277+0000] {subprocess.py:63} INFO - Tmp dir root location: 
 /tmp
[2023-06-11T08:49:00.278+0000] {subprocess.py:75} INFO - Running command: ['/bin/bash', '-c', 'echo hello world, this is the first task!']
[2023-06-11T08:49:00.525+0000] {subprocess.py:86} INFO - Output:
[2023-06-11T08:49:00.566+0000] {subprocess.py:93} INFO - hello world, this is the first task!
[2023-06-11T08:49:00.568+0000] {subprocess.py:97} INFO - Command exited with return code 0
[2023-06-11T08:49:01.032+0000] {taskinstance.py:1350} INFO - Marking task as SUCCESS. dag_id=first_dag_02, task_id=first_task, execution_date=20210829T000000, start_date=20230611T084856, end_date=20230611T084901
[2023-06-11T08:49:01.486+0000] {local_task_job_runner.py:225} INFO - Task exited with return code 0
[2023-06-11T08:49:01.901+0000] {taskinstance.py:2651} INFO - 2 downstream tasks scheduled from follow-on schedule check
[2023-06-11T10:40:21.673+0000] {taskinstance.py:1103} INFO - Dependencies all met for dep_context=non-requeueable deps ti=<TaskInstance: first_dag_02.first_task scheduled__2021-08-29T00:00:00+00:00 [queued]>
[2023-06-11T10:40:22.086+0000] {taskinstance.py:1103} INFO - Dependencies all met for dep_context=requeueable deps ti=<TaskInstance: first_dag_02.first_task scheduled__2021-08-29T00:00:00+00:00 [queued]>
[2023-06-11T10:40:22.087+0000] {taskinstance.py:1308} INFO - Starting attempt 1 of 6
[2023-06-11T10:40:23.557+0000] {taskinstance.py:1327} INFO - Executing <Task(BashOperator): first_task> on 2021-08-29 00:00:00+00:00
[2023-06-11T10:40:23.584+0000] {standard_task_runner.py:57} INFO - Started process 537 to run task
[2023-06-11T10:40:23.736+0000] {standard_task_runner.py:84} INFO - Running: ['***', 'tasks', 'run', 'first_dag_02', 'first_task', 'scheduled__2021-08-29T00:00:00+00:00', '--job-id', '147', '--raw', '--subdir', 'DAGS_FOLDER/First_dag.py', '--cfg-path', '/tmp/tmpm6i4wa83']
[2023-06-11T10:40:23.737+0000] {standard_task_runner.py:85} INFO - Job 147: Subtask first_task
[2023-06-11T10:40:24.673+0000] {task_command.py:410} INFO - Running <TaskInstance: first_dag_02.first_task scheduled__2021-08-29T00:00:00+00:00 [running]> on host 7586ce0070ac
[2023-06-11T10:40:29.899+0000] {taskinstance.py:1547} INFO - Exporting env vars: AIRFLOW_CTX_DAG_OWNER='Raja' AIRFLOW_CTX_DAG_ID='first_dag_02' AIRFLOW_CTX_TASK_ID='first_task' AIRFLOW_CTX_EXECUTION_DATE='2021-08-29T00:00:00+00:00' AIRFLOW_CTX_TRY_NUMBER='1' AIRFLOW_CTX_DAG_RUN_ID='scheduled__2021-08-29T00:00:00+00:00'
[2023-06-11T10:40:30.534+0000] {subprocess.py:63} INFO - Tmp dir root location: 
 /tmp
[2023-06-11T10:40:30.536+0000] {subprocess.py:75} INFO - Running command: ['/bin/bash', '-c', 'echo hello world, this is the first task!']
[2023-06-11T10:40:30.575+0000] {subprocess.py:86} INFO - Output:
[2023-06-11T10:40:30.900+0000] {subprocess.py:93} INFO - hello world, this is the first task!
[2023-06-11T10:40:31.053+0000] {subprocess.py:97} INFO - Command exited with return code 0
[2023-06-11T10:40:34.024+0000] {taskinstance.py:1350} INFO - Marking task as SUCCESS. dag_id=first_dag_02, task_id=first_task, execution_date=20210829T000000, start_date=20230611T104021, end_date=20230611T104033
[2023-06-11T10:40:38.081+0000] {local_task_job_runner.py:225} INFO - Task exited with return code 0
[2023-06-11T10:40:38.407+0000] {taskinstance.py:2651} INFO - 2 downstream tasks scheduled from follow-on schedule check
