[2023-06-11T04:52:21.334+0000] {taskinstance.py:1103} INFO - Dependencies all met for dep_context=non-requeueable deps ti=<TaskInstance: first_dag_02.first_task scheduled__2021-10-07T00:00:00+00:00 [queued]>
[2023-06-11T04:52:21.588+0000] {taskinstance.py:1103} INFO - Dependencies all met for dep_context=requeueable deps ti=<TaskInstance: first_dag_02.first_task scheduled__2021-10-07T00:00:00+00:00 [queued]>
[2023-06-11T04:52:21.588+0000] {taskinstance.py:1308} INFO - Starting attempt 1 of 6
[2023-06-11T04:52:22.030+0000] {taskinstance.py:1327} INFO - Executing <Task(BashOperator): first_task> on 2021-10-07 00:00:00+00:00
[2023-06-11T04:52:22.060+0000] {standard_task_runner.py:57} INFO - Started process 930 to run task
[2023-06-11T04:52:22.078+0000] {standard_task_runner.py:84} INFO - Running: ['***', 'tasks', 'run', 'first_dag_02', 'first_task', 'scheduled__2021-10-07T00:00:00+00:00', '--job-id', '277', '--raw', '--subdir', 'DAGS_FOLDER/First_dag.py', '--cfg-path', '/tmp/tmpqv7huzkd']
[2023-06-11T04:52:22.082+0000] {standard_task_runner.py:85} INFO - Job 277: Subtask first_task
[2023-06-11T04:52:22.571+0000] {task_command.py:410} INFO - Running <TaskInstance: first_dag_02.first_task scheduled__2021-10-07T00:00:00+00:00 [running]> on host 4b1b5d40d165
[2023-06-11T04:52:24.479+0000] {taskinstance.py:1547} INFO - Exporting env vars: AIRFLOW_CTX_DAG_OWNER='Raja' AIRFLOW_CTX_DAG_ID='first_dag_02' AIRFLOW_CTX_TASK_ID='first_task' AIRFLOW_CTX_EXECUTION_DATE='2021-10-07T00:00:00+00:00' AIRFLOW_CTX_TRY_NUMBER='1' AIRFLOW_CTX_DAG_RUN_ID='scheduled__2021-10-07T00:00:00+00:00'
[2023-06-11T04:52:24.492+0000] {subprocess.py:63} INFO - Tmp dir root location: 
 /tmp
[2023-06-11T04:52:24.495+0000] {subprocess.py:75} INFO - Running command: ['/bin/bash', '-c', 'echo hello world, this is the first task!']
[2023-06-11T04:52:24.646+0000] {subprocess.py:86} INFO - Output:
[2023-06-11T04:52:24.659+0000] {subprocess.py:93} INFO - hello world, this is the first task!
[2023-06-11T04:52:24.660+0000] {subprocess.py:97} INFO - Command exited with return code 0
[2023-06-11T04:52:25.411+0000] {taskinstance.py:1350} INFO - Marking task as SUCCESS. dag_id=first_dag_02, task_id=first_task, execution_date=20211007T000000, start_date=20230611T045221, end_date=20230611T045225
[2023-06-11T04:52:26.413+0000] {local_task_job_runner.py:225} INFO - Task exited with return code 0
[2023-06-11T04:52:26.789+0000] {taskinstance.py:2651} INFO - 2 downstream tasks scheduled from follow-on schedule check
[2023-06-11T08:29:32.369+0000] {taskinstance.py:1103} INFO - Dependencies all met for dep_context=non-requeueable deps ti=<TaskInstance: first_dag_02.first_task scheduled__2021-10-07T00:00:00+00:00 [queued]>
[2023-06-11T08:29:32.395+0000] {taskinstance.py:1103} INFO - Dependencies all met for dep_context=requeueable deps ti=<TaskInstance: first_dag_02.first_task scheduled__2021-10-07T00:00:00+00:00 [queued]>
[2023-06-11T08:29:32.396+0000] {taskinstance.py:1308} INFO - Starting attempt 1 of 6
[2023-06-11T08:29:32.441+0000] {taskinstance.py:1327} INFO - Executing <Task(BashOperator): first_task> on 2021-10-07 00:00:00+00:00
[2023-06-11T08:29:32.452+0000] {standard_task_runner.py:57} INFO - Started process 1335 to run task
[2023-06-11T08:29:32.464+0000] {standard_task_runner.py:84} INFO - Running: ['***', 'tasks', 'run', 'first_dag_02', 'first_task', 'scheduled__2021-10-07T00:00:00+00:00', '--job-id', '410', '--raw', '--subdir', 'DAGS_FOLDER/First_dag.py', '--cfg-path', '/tmp/tmpoeyf4jza']
[2023-06-11T08:29:32.465+0000] {standard_task_runner.py:85} INFO - Job 410: Subtask first_task
[2023-06-11T08:29:32.567+0000] {task_command.py:410} INFO - Running <TaskInstance: first_dag_02.first_task scheduled__2021-10-07T00:00:00+00:00 [running]> on host 492037cdd057
[2023-06-11T08:29:32.923+0000] {taskinstance.py:1547} INFO - Exporting env vars: AIRFLOW_CTX_DAG_OWNER='Raja' AIRFLOW_CTX_DAG_ID='first_dag_02' AIRFLOW_CTX_TASK_ID='first_task' AIRFLOW_CTX_EXECUTION_DATE='2021-10-07T00:00:00+00:00' AIRFLOW_CTX_TRY_NUMBER='1' AIRFLOW_CTX_DAG_RUN_ID='scheduled__2021-10-07T00:00:00+00:00'
[2023-06-11T08:29:32.926+0000] {subprocess.py:63} INFO - Tmp dir root location: 
 /tmp
[2023-06-11T08:29:32.927+0000] {subprocess.py:75} INFO - Running command: ['/bin/bash', '-c', 'echo hello world, this is the first task!']
[2023-06-11T08:29:32.942+0000] {subprocess.py:86} INFO - Output:
[2023-06-11T08:29:32.945+0000] {subprocess.py:93} INFO - hello world, this is the first task!
[2023-06-11T08:29:32.946+0000] {subprocess.py:97} INFO - Command exited with return code 0
[2023-06-11T08:29:33.008+0000] {taskinstance.py:1350} INFO - Marking task as SUCCESS. dag_id=first_dag_02, task_id=first_task, execution_date=20211007T000000, start_date=20230611T082932, end_date=20230611T082933
[2023-06-11T08:29:33.037+0000] {local_task_job_runner.py:225} INFO - Task exited with return code 0
[2023-06-11T08:29:33.102+0000] {taskinstance.py:2651} INFO - 2 downstream tasks scheduled from follow-on schedule check
[2023-06-11T08:51:33.915+0000] {taskinstance.py:1103} INFO - Dependencies all met for dep_context=non-requeueable deps ti=<TaskInstance: first_dag_02.first_task scheduled__2021-10-07T00:00:00+00:00 [queued]>
[2023-06-11T08:51:34.168+0000] {taskinstance.py:1103} INFO - Dependencies all met for dep_context=requeueable deps ti=<TaskInstance: first_dag_02.first_task scheduled__2021-10-07T00:00:00+00:00 [queued]>
[2023-06-11T08:51:34.169+0000] {taskinstance.py:1308} INFO - Starting attempt 1 of 6
[2023-06-11T08:51:34.646+0000] {taskinstance.py:1327} INFO - Executing <Task(BashOperator): first_task> on 2021-10-07 00:00:00+00:00
[2023-06-11T08:51:34.705+0000] {standard_task_runner.py:57} INFO - Started process 1141 to run task
[2023-06-11T08:51:34.758+0000] {standard_task_runner.py:84} INFO - Running: ['***', 'tasks', 'run', 'first_dag_02', 'first_task', 'scheduled__2021-10-07T00:00:00+00:00', '--job-id', '351', '--raw', '--subdir', 'DAGS_FOLDER/First_dag.py', '--cfg-path', '/tmp/tmpg1sba4pu']
[2023-06-11T08:51:34.778+0000] {standard_task_runner.py:85} INFO - Job 351: Subtask first_task
[2023-06-11T08:51:35.382+0000] {task_command.py:410} INFO - Running <TaskInstance: first_dag_02.first_task scheduled__2021-10-07T00:00:00+00:00 [running]> on host 964e508aad03
[2023-06-11T08:51:37.541+0000] {taskinstance.py:1547} INFO - Exporting env vars: AIRFLOW_CTX_DAG_OWNER='Raja' AIRFLOW_CTX_DAG_ID='first_dag_02' AIRFLOW_CTX_TASK_ID='first_task' AIRFLOW_CTX_EXECUTION_DATE='2021-10-07T00:00:00+00:00' AIRFLOW_CTX_TRY_NUMBER='1' AIRFLOW_CTX_DAG_RUN_ID='scheduled__2021-10-07T00:00:00+00:00'
[2023-06-11T08:51:37.565+0000] {subprocess.py:63} INFO - Tmp dir root location: 
 /tmp
[2023-06-11T08:51:37.566+0000] {subprocess.py:75} INFO - Running command: ['/bin/bash', '-c', 'echo hello world, this is the first task!']
[2023-06-11T08:51:37.727+0000] {subprocess.py:86} INFO - Output:
[2023-06-11T08:51:37.747+0000] {subprocess.py:93} INFO - hello world, this is the first task!
[2023-06-11T08:51:37.756+0000] {subprocess.py:97} INFO - Command exited with return code 0
[2023-06-11T08:51:38.061+0000] {taskinstance.py:1350} INFO - Marking task as SUCCESS. dag_id=first_dag_02, task_id=first_task, execution_date=20211007T000000, start_date=20230611T085133, end_date=20230611T085138
[2023-06-11T08:51:38.266+0000] {local_task_job_runner.py:225} INFO - Task exited with return code 0
[2023-06-11T08:51:38.765+0000] {taskinstance.py:2651} INFO - 2 downstream tasks scheduled from follow-on schedule check
[2023-06-11T10:57:42.634+0000] {taskinstance.py:1103} INFO - Dependencies all met for dep_context=non-requeueable deps ti=<TaskInstance: first_dag_02.first_task scheduled__2021-10-07T00:00:00+00:00 [queued]>
[2023-06-11T10:57:42.865+0000] {taskinstance.py:1103} INFO - Dependencies all met for dep_context=requeueable deps ti=<TaskInstance: first_dag_02.first_task scheduled__2021-10-07T00:00:00+00:00 [queued]>
[2023-06-11T10:57:42.865+0000] {taskinstance.py:1308} INFO - Starting attempt 1 of 6
[2023-06-11T10:57:43.410+0000] {taskinstance.py:1327} INFO - Executing <Task(BashOperator): first_task> on 2021-10-07 00:00:00+00:00
[2023-06-11T10:57:43.485+0000] {standard_task_runner.py:57} INFO - Started process 1267 to run task
[2023-06-11T10:57:43.548+0000] {standard_task_runner.py:84} INFO - Running: ['***', 'tasks', 'run', 'first_dag_02', 'first_task', 'scheduled__2021-10-07T00:00:00+00:00', '--job-id', '346', '--raw', '--subdir', 'DAGS_FOLDER/First_dag.py', '--cfg-path', '/tmp/tmplwcda9te']
[2023-06-11T10:57:43.552+0000] {standard_task_runner.py:85} INFO - Job 346: Subtask first_task
[2023-06-11T10:57:45.144+0000] {task_command.py:410} INFO - Running <TaskInstance: first_dag_02.first_task scheduled__2021-10-07T00:00:00+00:00 [running]> on host 7586ce0070ac
[2023-06-11T10:57:49.105+0000] {taskinstance.py:1547} INFO - Exporting env vars: AIRFLOW_CTX_DAG_OWNER='Raja' AIRFLOW_CTX_DAG_ID='first_dag_02' AIRFLOW_CTX_TASK_ID='first_task' AIRFLOW_CTX_EXECUTION_DATE='2021-10-07T00:00:00+00:00' AIRFLOW_CTX_TRY_NUMBER='1' AIRFLOW_CTX_DAG_RUN_ID='scheduled__2021-10-07T00:00:00+00:00'
[2023-06-11T10:57:49.254+0000] {subprocess.py:63} INFO - Tmp dir root location: 
 /tmp
[2023-06-11T10:57:49.259+0000] {subprocess.py:75} INFO - Running command: ['/bin/bash', '-c', 'echo hello world, this is the first task!']
[2023-06-11T10:57:49.493+0000] {subprocess.py:86} INFO - Output:
[2023-06-11T10:57:49.501+0000] {subprocess.py:93} INFO - hello world, this is the first task!
[2023-06-11T10:57:49.505+0000] {subprocess.py:97} INFO - Command exited with return code 0
[2023-06-11T10:57:50.392+0000] {taskinstance.py:1350} INFO - Marking task as SUCCESS. dag_id=first_dag_02, task_id=first_task, execution_date=20211007T000000, start_date=20230611T105742, end_date=20230611T105750
[2023-06-11T10:57:51.588+0000] {local_task_job_runner.py:225} INFO - Task exited with return code 0
[2023-06-11T10:57:52.078+0000] {taskinstance.py:2651} INFO - 2 downstream tasks scheduled from follow-on schedule check
