[2023-06-10T17:28:30.562+0000] {taskinstance.py:1103} INFO - Dependencies all met for dep_context=non-requeueable deps ti=<TaskInstance: first_dag_02.second_task scheduled__2021-08-09T00:00:00+00:00 [queued]>
[2023-06-10T17:28:30.927+0000] {taskinstance.py:1103} INFO - Dependencies all met for dep_context=requeueable deps ti=<TaskInstance: first_dag_02.second_task scheduled__2021-08-09T00:00:00+00:00 [queued]>
[2023-06-10T17:28:30.932+0000] {taskinstance.py:1308} INFO - Starting attempt 1 of 6
[2023-06-10T17:28:31.922+0000] {taskinstance.py:1327} INFO - Executing <Task(BashOperator): second_task> on 2021-08-09 00:00:00+00:00
[2023-06-10T17:28:32.257+0000] {standard_task_runner.py:57} INFO - Started process 1016 to run task
[2023-06-10T17:28:33.009+0000] {standard_task_runner.py:84} INFO - Running: ['***', 'tasks', 'run', 'first_dag_02', 'second_task', 'scheduled__2021-08-09T00:00:00+00:00', '--job-id', '1843', '--raw', '--subdir', 'DAGS_FOLDER/First_dag.py', '--cfg-path', '/tmp/tmp7ncg8f9e']
[2023-06-10T17:28:33.010+0000] {standard_task_runner.py:85} INFO - Job 1843: Subtask second_task
[2023-06-10T17:28:35.151+0000] {task_command.py:410} INFO - Running <TaskInstance: first_dag_02.second_task scheduled__2021-08-09T00:00:00+00:00 [running]> on host e326d5f70fa9
[2023-06-10T17:28:44.036+0000] {taskinstance.py:1547} INFO - Exporting env vars: AIRFLOW_CTX_DAG_OWNER='Raja' AIRFLOW_CTX_DAG_ID='first_dag_02' AIRFLOW_CTX_TASK_ID='second_task' AIRFLOW_CTX_EXECUTION_DATE='2021-08-09T00:00:00+00:00' AIRFLOW_CTX_TRY_NUMBER='1' AIRFLOW_CTX_DAG_RUN_ID='scheduled__2021-08-09T00:00:00+00:00'
[2023-06-10T17:28:44.254+0000] {subprocess.py:63} INFO - Tmp dir root location: 
 /tmp
[2023-06-10T17:28:44.352+0000] {subprocess.py:75} INFO - Running command: ['/bin/bash', '-c', 'echo hey, I am task2 and will be running after task1!']
[2023-06-10T17:28:44.399+0000] {subprocess.py:86} INFO - Output:
[2023-06-10T17:28:44.407+0000] {subprocess.py:93} INFO - hey, I am task2 and will be running after task1!
[2023-06-10T17:28:44.426+0000] {subprocess.py:97} INFO - Command exited with return code 0
[2023-06-10T17:28:44.915+0000] {taskinstance.py:1350} INFO - Marking task as SUCCESS. dag_id=first_dag_02, task_id=second_task, execution_date=20210809T000000, start_date=20230610T172830, end_date=20230610T172844
[2023-06-10T17:28:46.116+0000] {local_task_job_runner.py:225} INFO - Task exited with return code 0
[2023-06-10T17:28:47.543+0000] {taskinstance.py:2651} INFO - 0 downstream tasks scheduled from follow-on schedule check
[2023-06-11T04:45:32.678+0000] {taskinstance.py:1103} INFO - Dependencies all met for dep_context=non-requeueable deps ti=<TaskInstance: first_dag_02.second_task scheduled__2021-08-09T00:00:00+00:00 [queued]>
[2023-06-11T04:45:32.852+0000] {taskinstance.py:1103} INFO - Dependencies all met for dep_context=requeueable deps ti=<TaskInstance: first_dag_02.second_task scheduled__2021-08-09T00:00:00+00:00 [queued]>
[2023-06-11T04:45:32.861+0000] {taskinstance.py:1308} INFO - Starting attempt 1 of 6
[2023-06-11T04:45:33.266+0000] {taskinstance.py:1327} INFO - Executing <Task(BashOperator): second_task> on 2021-08-09 00:00:00+00:00
[2023-06-11T04:45:33.336+0000] {standard_task_runner.py:57} INFO - Started process 288 to run task
[2023-06-11T04:45:33.418+0000] {standard_task_runner.py:84} INFO - Running: ['***', 'tasks', 'run', 'first_dag_02', 'second_task', 'scheduled__2021-08-09T00:00:00+00:00', '--job-id', '75', '--raw', '--subdir', 'DAGS_FOLDER/First_dag.py', '--cfg-path', '/tmp/tmpy49ih820']
[2023-06-11T04:45:33.433+0000] {standard_task_runner.py:85} INFO - Job 75: Subtask second_task
[2023-06-11T04:45:34.683+0000] {task_command.py:410} INFO - Running <TaskInstance: first_dag_02.second_task scheduled__2021-08-09T00:00:00+00:00 [running]> on host 4b1b5d40d165
[2023-06-11T04:45:37.782+0000] {taskinstance.py:1547} INFO - Exporting env vars: AIRFLOW_CTX_DAG_OWNER='Raja' AIRFLOW_CTX_DAG_ID='first_dag_02' AIRFLOW_CTX_TASK_ID='second_task' AIRFLOW_CTX_EXECUTION_DATE='2021-08-09T00:00:00+00:00' AIRFLOW_CTX_TRY_NUMBER='1' AIRFLOW_CTX_DAG_RUN_ID='scheduled__2021-08-09T00:00:00+00:00'
[2023-06-11T04:45:37.807+0000] {subprocess.py:63} INFO - Tmp dir root location: 
 /tmp
[2023-06-11T04:45:37.808+0000] {subprocess.py:75} INFO - Running command: ['/bin/bash', '-c', 'echo hey, I am task2 and will be running after task1!']
[2023-06-11T04:45:38.170+0000] {subprocess.py:86} INFO - Output:
[2023-06-11T04:45:38.322+0000] {subprocess.py:93} INFO - hey, I am task2 and will be running after task1!
[2023-06-11T04:45:38.363+0000] {subprocess.py:97} INFO - Command exited with return code 0
[2023-06-11T04:45:38.977+0000] {taskinstance.py:1350} INFO - Marking task as SUCCESS. dag_id=first_dag_02, task_id=second_task, execution_date=20210809T000000, start_date=20230611T044532, end_date=20230611T044538
[2023-06-11T04:45:39.807+0000] {local_task_job_runner.py:225} INFO - Task exited with return code 0
[2023-06-11T04:45:40.645+0000] {taskinstance.py:2651} INFO - 0 downstream tasks scheduled from follow-on schedule check
[2023-06-11T05:15:48.278+0000] {taskinstance.py:1103} INFO - Dependencies all met for dep_context=non-requeueable deps ti=<TaskInstance: first_dag_02.second_task scheduled__2021-08-09T00:00:00+00:00 [queued]>
[2023-06-11T05:15:49.739+0000] {taskinstance.py:1103} INFO - Dependencies all met for dep_context=requeueable deps ti=<TaskInstance: first_dag_02.second_task scheduled__2021-08-09T00:00:00+00:00 [queued]>
[2023-06-11T05:15:49.743+0000] {taskinstance.py:1308} INFO - Starting attempt 1 of 6
[2023-06-11T05:15:52.754+0000] {taskinstance.py:1327} INFO - Executing <Task(BashOperator): second_task> on 2021-08-09 00:00:00+00:00
[2023-06-11T05:15:52.972+0000] {standard_task_runner.py:57} INFO - Started process 311 to run task
[2023-06-11T05:15:52.997+0000] {standard_task_runner.py:84} INFO - Running: ['***', 'tasks', 'run', 'first_dag_02', 'second_task', 'scheduled__2021-08-09T00:00:00+00:00', '--job-id', '73', '--raw', '--subdir', 'DAGS_FOLDER/First_dag.py', '--cfg-path', '/tmp/tmp9d79kfdv']
[2023-06-11T05:15:53.003+0000] {standard_task_runner.py:85} INFO - Job 73: Subtask second_task
[2023-06-11T05:15:54.993+0000] {task_command.py:410} INFO - Running <TaskInstance: first_dag_02.second_task scheduled__2021-08-09T00:00:00+00:00 [running]> on host 69e374580eab
[2023-06-11T05:16:04.468+0000] {taskinstance.py:1547} INFO - Exporting env vars: AIRFLOW_CTX_DAG_OWNER='Raja' AIRFLOW_CTX_DAG_ID='first_dag_02' AIRFLOW_CTX_TASK_ID='second_task' AIRFLOW_CTX_EXECUTION_DATE='2021-08-09T00:00:00+00:00' AIRFLOW_CTX_TRY_NUMBER='1' AIRFLOW_CTX_DAG_RUN_ID='scheduled__2021-08-09T00:00:00+00:00'
[2023-06-11T05:16:04.480+0000] {subprocess.py:63} INFO - Tmp dir root location: 
 /tmp
[2023-06-11T05:16:04.486+0000] {subprocess.py:75} INFO - Running command: ['/bin/bash', '-c', 'echo hey, I am task2 and will be running after task1!']
[2023-06-11T05:16:04.518+0000] {subprocess.py:86} INFO - Output:
[2023-06-11T05:16:04.523+0000] {subprocess.py:93} INFO - hey, I am task2 and will be running after task1!
[2023-06-11T05:16:04.525+0000] {subprocess.py:97} INFO - Command exited with return code 0
[2023-06-11T05:16:05.631+0000] {taskinstance.py:1350} INFO - Marking task as SUCCESS. dag_id=first_dag_02, task_id=second_task, execution_date=20210809T000000, start_date=20230611T051548, end_date=20230611T051605
[2023-06-11T05:16:06.618+0000] {local_task_job_runner.py:225} INFO - Task exited with return code 0
[2023-06-11T05:16:07.553+0000] {taskinstance.py:2651} INFO - 0 downstream tasks scheduled from follow-on schedule check
[2023-06-11T08:17:11.175+0000] {taskinstance.py:1103} INFO - Dependencies all met for dep_context=non-requeueable deps ti=<TaskInstance: first_dag_02.second_task scheduled__2021-08-09T00:00:00+00:00 [queued]>
[2023-06-11T08:17:11.559+0000] {taskinstance.py:1103} INFO - Dependencies all met for dep_context=requeueable deps ti=<TaskInstance: first_dag_02.second_task scheduled__2021-08-09T00:00:00+00:00 [queued]>
[2023-06-11T08:17:11.560+0000] {taskinstance.py:1308} INFO - Starting attempt 1 of 6
[2023-06-11T08:17:12.275+0000] {taskinstance.py:1327} INFO - Executing <Task(BashOperator): second_task> on 2021-08-09 00:00:00+00:00
[2023-06-11T08:17:12.781+0000] {standard_task_runner.py:84} INFO - Running: ['***', 'tasks', 'run', 'first_dag_02', 'second_task', 'scheduled__2021-08-09T00:00:00+00:00', '--job-id', '125', '--raw', '--subdir', 'DAGS_FOLDER/First_dag.py', '--cfg-path', '/tmp/tmp38hfst3n']
[2023-06-11T08:17:12.857+0000] {standard_task_runner.py:85} INFO - Job 125: Subtask second_task
[2023-06-11T08:17:12.746+0000] {standard_task_runner.py:57} INFO - Started process 346 to run task
[2023-06-11T08:17:15.783+0000] {task_command.py:410} INFO - Running <TaskInstance: first_dag_02.second_task scheduled__2021-08-09T00:00:00+00:00 [running]> on host 492037cdd057
[2023-06-11T08:17:20.725+0000] {taskinstance.py:1547} INFO - Exporting env vars: AIRFLOW_CTX_DAG_OWNER='Raja' AIRFLOW_CTX_DAG_ID='first_dag_02' AIRFLOW_CTX_TASK_ID='second_task' AIRFLOW_CTX_EXECUTION_DATE='2021-08-09T00:00:00+00:00' AIRFLOW_CTX_TRY_NUMBER='1' AIRFLOW_CTX_DAG_RUN_ID='scheduled__2021-08-09T00:00:00+00:00'
[2023-06-11T08:17:20.750+0000] {subprocess.py:63} INFO - Tmp dir root location: 
 /tmp
[2023-06-11T08:17:20.771+0000] {subprocess.py:75} INFO - Running command: ['/bin/bash', '-c', 'echo hey, I am task2 and will be running after task1!']
[2023-06-11T08:17:21.154+0000] {subprocess.py:86} INFO - Output:
[2023-06-11T08:17:21.189+0000] {subprocess.py:93} INFO - hey, I am task2 and will be running after task1!
[2023-06-11T08:17:21.190+0000] {subprocess.py:97} INFO - Command exited with return code 0
[2023-06-11T08:17:22.751+0000] {taskinstance.py:1350} INFO - Marking task as SUCCESS. dag_id=first_dag_02, task_id=second_task, execution_date=20210809T000000, start_date=20230611T081711, end_date=20230611T081722
[2023-06-11T08:17:24.578+0000] {local_task_job_runner.py:225} INFO - Task exited with return code 0
[2023-06-11T08:17:25.558+0000] {taskinstance.py:2651} INFO - 0 downstream tasks scheduled from follow-on schedule check
[2023-06-11T08:47:50.951+0000] {taskinstance.py:1103} INFO - Dependencies all met for dep_context=non-requeueable deps ti=<TaskInstance: first_dag_02.second_task scheduled__2021-08-09T00:00:00+00:00 [queued]>
[2023-06-11T08:47:51.223+0000] {taskinstance.py:1103} INFO - Dependencies all met for dep_context=requeueable deps ti=<TaskInstance: first_dag_02.second_task scheduled__2021-08-09T00:00:00+00:00 [queued]>
[2023-06-11T08:47:51.224+0000] {taskinstance.py:1308} INFO - Starting attempt 1 of 6
[2023-06-11T08:47:51.716+0000] {taskinstance.py:1327} INFO - Executing <Task(BashOperator): second_task> on 2021-08-09 00:00:00+00:00
[2023-06-11T08:47:51.786+0000] {standard_task_runner.py:57} INFO - Started process 315 to run task
[2023-06-11T08:47:51.847+0000] {standard_task_runner.py:84} INFO - Running: ['***', 'tasks', 'run', 'first_dag_02', 'second_task', 'scheduled__2021-08-09T00:00:00+00:00', '--job-id', '91', '--raw', '--subdir', 'DAGS_FOLDER/First_dag.py', '--cfg-path', '/tmp/tmpz3bwe642']
[2023-06-11T08:47:51.884+0000] {standard_task_runner.py:85} INFO - Job 91: Subtask second_task
[2023-06-11T08:47:52.865+0000] {task_command.py:410} INFO - Running <TaskInstance: first_dag_02.second_task scheduled__2021-08-09T00:00:00+00:00 [running]> on host 964e508aad03
[2023-06-11T08:47:55.227+0000] {taskinstance.py:1547} INFO - Exporting env vars: AIRFLOW_CTX_DAG_OWNER='Raja' AIRFLOW_CTX_DAG_ID='first_dag_02' AIRFLOW_CTX_TASK_ID='second_task' AIRFLOW_CTX_EXECUTION_DATE='2021-08-09T00:00:00+00:00' AIRFLOW_CTX_TRY_NUMBER='1' AIRFLOW_CTX_DAG_RUN_ID='scheduled__2021-08-09T00:00:00+00:00'
[2023-06-11T08:47:55.229+0000] {subprocess.py:63} INFO - Tmp dir root location: 
 /tmp
[2023-06-11T08:47:55.230+0000] {subprocess.py:75} INFO - Running command: ['/bin/bash', '-c', 'echo hey, I am task2 and will be running after task1!']
[2023-06-11T08:47:55.363+0000] {subprocess.py:86} INFO - Output:
[2023-06-11T08:47:55.380+0000] {subprocess.py:93} INFO - hey, I am task2 and will be running after task1!
[2023-06-11T08:47:55.381+0000] {subprocess.py:97} INFO - Command exited with return code 0
[2023-06-11T08:47:55.602+0000] {taskinstance.py:1350} INFO - Marking task as SUCCESS. dag_id=first_dag_02, task_id=second_task, execution_date=20210809T000000, start_date=20230611T084750, end_date=20230611T084755
[2023-06-11T08:47:55.733+0000] {local_task_job_runner.py:225} INFO - Task exited with return code 0
[2023-06-11T08:47:56.081+0000] {taskinstance.py:2651} INFO - 0 downstream tasks scheduled from follow-on schedule check
[2023-06-11T10:38:24.330+0000] {taskinstance.py:1103} INFO - Dependencies all met for dep_context=non-requeueable deps ti=<TaskInstance: first_dag_02.second_task scheduled__2021-08-09T00:00:00+00:00 [queued]>
[2023-06-11T10:38:24.647+0000] {taskinstance.py:1103} INFO - Dependencies all met for dep_context=requeueable deps ti=<TaskInstance: first_dag_02.second_task scheduled__2021-08-09T00:00:00+00:00 [queued]>
[2023-06-11T10:38:24.647+0000] {taskinstance.py:1308} INFO - Starting attempt 1 of 6
[2023-06-11T10:38:25.393+0000] {taskinstance.py:1327} INFO - Executing <Task(BashOperator): second_task> on 2021-08-09 00:00:00+00:00
[2023-06-11T10:38:25.540+0000] {standard_task_runner.py:57} INFO - Started process 340 to run task
[2023-06-11T10:38:25.830+0000] {standard_task_runner.py:84} INFO - Running: ['***', 'tasks', 'run', 'first_dag_02', 'second_task', 'scheduled__2021-08-09T00:00:00+00:00', '--job-id', '90', '--raw', '--subdir', 'DAGS_FOLDER/First_dag.py', '--cfg-path', '/tmp/tmps0gdgffq']
[2023-06-11T10:38:25.831+0000] {standard_task_runner.py:85} INFO - Job 90: Subtask second_task
[2023-06-11T10:38:28.530+0000] {task_command.py:410} INFO - Running <TaskInstance: first_dag_02.second_task scheduled__2021-08-09T00:00:00+00:00 [running]> on host 7586ce0070ac
[2023-06-11T10:38:35.984+0000] {taskinstance.py:1547} INFO - Exporting env vars: AIRFLOW_CTX_DAG_OWNER='Raja' AIRFLOW_CTX_DAG_ID='first_dag_02' AIRFLOW_CTX_TASK_ID='second_task' AIRFLOW_CTX_EXECUTION_DATE='2021-08-09T00:00:00+00:00' AIRFLOW_CTX_TRY_NUMBER='1' AIRFLOW_CTX_DAG_RUN_ID='scheduled__2021-08-09T00:00:00+00:00'
[2023-06-11T10:38:35.999+0000] {subprocess.py:63} INFO - Tmp dir root location: 
 /tmp
[2023-06-11T10:38:36.004+0000] {subprocess.py:75} INFO - Running command: ['/bin/bash', '-c', 'echo hey, I am task2 and will be running after task1!']
[2023-06-11T10:38:37.125+0000] {subprocess.py:86} INFO - Output:
[2023-06-11T10:38:37.152+0000] {subprocess.py:93} INFO - hey, I am task2 and will be running after task1!
[2023-06-11T10:38:37.153+0000] {subprocess.py:97} INFO - Command exited with return code 0
[2023-06-11T10:38:37.920+0000] {taskinstance.py:1350} INFO - Marking task as SUCCESS. dag_id=first_dag_02, task_id=second_task, execution_date=20210809T000000, start_date=20230611T103824, end_date=20230611T103837
[2023-06-11T10:38:38.686+0000] {local_task_job_runner.py:225} INFO - Task exited with return code 0
[2023-06-11T10:38:39.069+0000] {taskinstance.py:2651} INFO - 0 downstream tasks scheduled from follow-on schedule check
