[2023-06-11T09:39:31.554+0000] {taskinstance.py:1103} INFO - Dependencies all met for dep_context=non-requeueable deps ti=<TaskInstance: first_dag_02.second_task scheduled__2022-04-03T00:00:00+00:00 [queued]>
[2023-06-11T09:39:31.933+0000] {taskinstance.py:1103} INFO - Dependencies all met for dep_context=requeueable deps ti=<TaskInstance: first_dag_02.second_task scheduled__2022-04-03T00:00:00+00:00 [queued]>
[2023-06-11T09:39:31.944+0000] {taskinstance.py:1308} INFO - Starting attempt 1 of 6
[2023-06-11T09:39:32.239+0000] {taskinstance.py:1327} INFO - Executing <Task(BashOperator): second_task> on 2022-04-03 00:00:00+00:00
[2023-06-11T09:39:32.295+0000] {standard_task_runner.py:84} INFO - Running: ['***', 'tasks', 'run', 'first_dag_02', 'second_task', 'scheduled__2022-04-03T00:00:00+00:00', '--job-id', '1202', '--raw', '--subdir', 'DAGS_FOLDER/First_dag.py', '--cfg-path', '/tmp/tmpkdzta155']
[2023-06-11T09:39:32.297+0000] {standard_task_runner.py:85} INFO - Job 1202: Subtask second_task
[2023-06-11T09:39:32.275+0000] {standard_task_runner.py:57} INFO - Started process 3884 to run task
[2023-06-11T09:39:33.153+0000] {task_command.py:410} INFO - Running <TaskInstance: first_dag_02.second_task scheduled__2022-04-03T00:00:00+00:00 [running]> on host 964e508aad03
[2023-06-11T09:39:36.887+0000] {taskinstance.py:1547} INFO - Exporting env vars: AIRFLOW_CTX_DAG_OWNER='Raja' AIRFLOW_CTX_DAG_ID='first_dag_02' AIRFLOW_CTX_TASK_ID='second_task' AIRFLOW_CTX_EXECUTION_DATE='2022-04-03T00:00:00+00:00' AIRFLOW_CTX_TRY_NUMBER='1' AIRFLOW_CTX_DAG_RUN_ID='scheduled__2022-04-03T00:00:00+00:00'
[2023-06-11T09:39:36.906+0000] {subprocess.py:63} INFO - Tmp dir root location: 
 /tmp
[2023-06-11T09:39:36.906+0000] {subprocess.py:75} INFO - Running command: ['/bin/bash', '-c', 'echo hey, I am task2 and will be running after task1!']
[2023-06-11T09:39:37.589+0000] {subprocess.py:86} INFO - Output:
[2023-06-11T09:39:37.678+0000] {subprocess.py:93} INFO - hey, I am task2 and will be running after task1!
[2023-06-11T09:39:37.679+0000] {subprocess.py:97} INFO - Command exited with return code 0
[2023-06-11T09:39:38.957+0000] {taskinstance.py:1350} INFO - Marking task as SUCCESS. dag_id=first_dag_02, task_id=second_task, execution_date=20220403T000000, start_date=20230611T093931, end_date=20230611T093938
[2023-06-11T09:39:42.262+0000] {local_task_job_runner.py:225} INFO - Task exited with return code 0
[2023-06-11T09:39:43.622+0000] {taskinstance.py:2651} INFO - 0 downstream tasks scheduled from follow-on schedule check
[2023-06-11T15:28:15.636+0000] {taskinstance.py:1103} INFO - Dependencies all met for dep_context=non-requeueable deps ti=<TaskInstance: first_dag_02.second_task scheduled__2022-04-03T00:00:00+00:00 [queued]>
[2023-06-11T15:28:16.087+0000] {taskinstance.py:1103} INFO - Dependencies all met for dep_context=requeueable deps ti=<TaskInstance: first_dag_02.second_task scheduled__2022-04-03T00:00:00+00:00 [queued]>
[2023-06-11T15:28:16.087+0000] {taskinstance.py:1308} INFO - Starting attempt 1 of 6
[2023-06-11T15:28:16.916+0000] {taskinstance.py:1327} INFO - Executing <Task(BashOperator): second_task> on 2022-04-03 00:00:00+00:00
[2023-06-11T15:28:17.015+0000] {standard_task_runner.py:57} INFO - Started process 554 to run task
[2023-06-11T15:28:17.145+0000] {standard_task_runner.py:84} INFO - Running: ['***', 'tasks', 'run', 'first_dag_02', 'second_task', 'scheduled__2022-04-03T00:00:00+00:00', '--job-id', '1252', '--raw', '--subdir', 'DAGS_FOLDER/First_dag.py', '--cfg-path', '/tmp/tmpdng2x6re']
[2023-06-11T15:28:17.146+0000] {standard_task_runner.py:85} INFO - Job 1252: Subtask second_task
[2023-06-11T15:28:18.278+0000] {task_command.py:410} INFO - Running <TaskInstance: first_dag_02.second_task scheduled__2022-04-03T00:00:00+00:00 [running]> on host 7586ce0070ac
[2023-06-11T15:28:20.434+0000] {taskinstance.py:1547} INFO - Exporting env vars: AIRFLOW_CTX_DAG_OWNER='Raja' AIRFLOW_CTX_DAG_ID='first_dag_02' AIRFLOW_CTX_TASK_ID='second_task' AIRFLOW_CTX_EXECUTION_DATE='2022-04-03T00:00:00+00:00' AIRFLOW_CTX_TRY_NUMBER='1' AIRFLOW_CTX_DAG_RUN_ID='scheduled__2022-04-03T00:00:00+00:00'
[2023-06-11T15:28:20.449+0000] {subprocess.py:63} INFO - Tmp dir root location: 
 /tmp
[2023-06-11T15:28:20.450+0000] {subprocess.py:75} INFO - Running command: ['/bin/bash', '-c', 'echo hey, I am task2 and will be running after task1!']
[2023-06-11T15:28:20.687+0000] {subprocess.py:86} INFO - Output:
[2023-06-11T15:28:20.817+0000] {subprocess.py:93} INFO - hey, I am task2 and will be running after task1!
[2023-06-11T15:28:20.817+0000] {subprocess.py:97} INFO - Command exited with return code 0
[2023-06-11T15:28:21.389+0000] {taskinstance.py:1350} INFO - Marking task as SUCCESS. dag_id=first_dag_02, task_id=second_task, execution_date=20220403T000000, start_date=20230611T152815, end_date=20230611T152821
[2023-06-11T15:28:21.758+0000] {local_task_job_runner.py:225} INFO - Task exited with return code 0
[2023-06-11T15:28:22.013+0000] {taskinstance.py:2651} INFO - 0 downstream tasks scheduled from follow-on schedule check
