[2023-06-11T09:46:34.458+0000] {taskinstance.py:1103} INFO - Dependencies all met for dep_context=non-requeueable deps ti=<TaskInstance: first_dag_02.thrid_task scheduled__2022-06-06T00:00:00+00:00 [queued]>
[2023-06-11T09:46:35.127+0000] {taskinstance.py:1103} INFO - Dependencies all met for dep_context=requeueable deps ti=<TaskInstance: first_dag_02.thrid_task scheduled__2022-06-06T00:00:00+00:00 [queued]>
[2023-06-11T09:46:35.187+0000] {taskinstance.py:1308} INFO - Starting attempt 1 of 6
[2023-06-11T09:46:35.866+0000] {taskinstance.py:1327} INFO - Executing <Task(BashOperator): thrid_task> on 2022-06-06 00:00:00+00:00
[2023-06-11T09:46:36.029+0000] {standard_task_runner.py:57} INFO - Started process 4911 to run task
[2023-06-11T09:46:36.044+0000] {standard_task_runner.py:84} INFO - Running: ['***', 'tasks', 'run', 'first_dag_02', 'thrid_task', 'scheduled__2022-06-06T00:00:00+00:00', '--job-id', '1507', '--raw', '--subdir', 'DAGS_FOLDER/First_dag.py', '--cfg-path', '/tmp/tmp7f5iyueh']
[2023-06-11T09:46:36.069+0000] {standard_task_runner.py:85} INFO - Job 1507: Subtask thrid_task
[2023-06-11T09:46:37.889+0000] {task_command.py:410} INFO - Running <TaskInstance: first_dag_02.thrid_task scheduled__2022-06-06T00:00:00+00:00 [running]> on host 964e508aad03
[2023-06-11T09:46:43.021+0000] {taskinstance.py:1547} INFO - Exporting env vars: AIRFLOW_CTX_DAG_OWNER='Raja' AIRFLOW_CTX_DAG_ID='first_dag_02' AIRFLOW_CTX_TASK_ID='thrid_task' AIRFLOW_CTX_EXECUTION_DATE='2022-06-06T00:00:00+00:00' AIRFLOW_CTX_TRY_NUMBER='1' AIRFLOW_CTX_DAG_RUN_ID='scheduled__2022-06-06T00:00:00+00:00'
[2023-06-11T09:46:43.035+0000] {subprocess.py:63} INFO - Tmp dir root location: 
 /tmp
[2023-06-11T09:46:43.036+0000] {subprocess.py:75} INFO - Running command: ['/bin/bash', '-c', 'echo hey, I am task3 and will be running after task1 at the same time as task2!']
[2023-06-11T09:46:43.203+0000] {subprocess.py:86} INFO - Output:
[2023-06-11T09:46:43.222+0000] {subprocess.py:93} INFO - hey, I am task3 and will be running after task1 at the same time as task2!
[2023-06-11T09:46:43.225+0000] {subprocess.py:97} INFO - Command exited with return code 0
[2023-06-11T09:46:43.850+0000] {taskinstance.py:1350} INFO - Marking task as SUCCESS. dag_id=first_dag_02, task_id=thrid_task, execution_date=20220606T000000, start_date=20230611T094634, end_date=20230611T094643
[2023-06-11T09:46:44.320+0000] {local_task_job_runner.py:225} INFO - Task exited with return code 0
[2023-06-11T09:46:44.441+0000] {taskinstance.py:2651} INFO - 0 downstream tasks scheduled from follow-on schedule check
[2023-06-11T15:33:35.327+0000] {taskinstance.py:1103} INFO - Dependencies all met for dep_context=non-requeueable deps ti=<TaskInstance: first_dag_02.thrid_task scheduled__2022-06-06T00:00:00+00:00 [queued]>
[2023-06-11T15:33:35.556+0000] {taskinstance.py:1103} INFO - Dependencies all met for dep_context=requeueable deps ti=<TaskInstance: first_dag_02.thrid_task scheduled__2022-06-06T00:00:00+00:00 [queued]>
[2023-06-11T15:33:35.556+0000] {taskinstance.py:1308} INFO - Starting attempt 1 of 6
[2023-06-11T15:33:35.760+0000] {taskinstance.py:1327} INFO - Executing <Task(BashOperator): thrid_task> on 2022-06-06 00:00:00+00:00
[2023-06-11T15:33:35.842+0000] {standard_task_runner.py:57} INFO - Started process 1527 to run task
[2023-06-11T15:33:35.864+0000] {standard_task_runner.py:84} INFO - Running: ['***', 'tasks', 'run', 'first_dag_02', 'thrid_task', 'scheduled__2022-06-06T00:00:00+00:00', '--job-id', '1558', '--raw', '--subdir', 'DAGS_FOLDER/First_dag.py', '--cfg-path', '/tmp/tmpdedlod3h']
[2023-06-11T15:33:35.868+0000] {standard_task_runner.py:85} INFO - Job 1558: Subtask thrid_task
[2023-06-11T15:33:36.402+0000] {task_command.py:410} INFO - Running <TaskInstance: first_dag_02.thrid_task scheduled__2022-06-06T00:00:00+00:00 [running]> on host 7586ce0070ac
[2023-06-11T15:33:38.354+0000] {taskinstance.py:1547} INFO - Exporting env vars: AIRFLOW_CTX_DAG_OWNER='Raja' AIRFLOW_CTX_DAG_ID='first_dag_02' AIRFLOW_CTX_TASK_ID='thrid_task' AIRFLOW_CTX_EXECUTION_DATE='2022-06-06T00:00:00+00:00' AIRFLOW_CTX_TRY_NUMBER='1' AIRFLOW_CTX_DAG_RUN_ID='scheduled__2022-06-06T00:00:00+00:00'
[2023-06-11T15:33:38.368+0000] {subprocess.py:63} INFO - Tmp dir root location: 
 /tmp
[2023-06-11T15:33:38.369+0000] {subprocess.py:75} INFO - Running command: ['/bin/bash', '-c', 'echo hey, I am task3 and will be running after task1 at the same time as task2!']
[2023-06-11T15:33:38.471+0000] {subprocess.py:86} INFO - Output:
[2023-06-11T15:33:38.486+0000] {subprocess.py:93} INFO - hey, I am task3 and will be running after task1 at the same time as task2!
[2023-06-11T15:33:38.494+0000] {subprocess.py:97} INFO - Command exited with return code 0
[2023-06-11T15:33:38.996+0000] {taskinstance.py:1350} INFO - Marking task as SUCCESS. dag_id=first_dag_02, task_id=thrid_task, execution_date=20220606T000000, start_date=20230611T153335, end_date=20230611T153338
[2023-06-11T15:33:39.287+0000] {local_task_job_runner.py:225} INFO - Task exited with return code 0
[2023-06-11T15:33:39.606+0000] {taskinstance.py:2651} INFO - 0 downstream tasks scheduled from follow-on schedule check
