[2023-06-11T09:36:57.106+0000] {taskinstance.py:1103} INFO - Dependencies all met for dep_context=non-requeueable deps ti=<TaskInstance: first_dag_02.first_task scheduled__2022-03-25T00:00:00+00:00 [queued]>
[2023-06-11T09:36:57.643+0000] {taskinstance.py:1103} INFO - Dependencies all met for dep_context=requeueable deps ti=<TaskInstance: first_dag_02.first_task scheduled__2022-03-25T00:00:00+00:00 [queued]>
[2023-06-11T09:36:57.735+0000] {taskinstance.py:1308} INFO - Starting attempt 1 of 6
[2023-06-11T09:36:58.082+0000] {taskinstance.py:1327} INFO - Executing <Task(BashOperator): first_task> on 2022-03-25 00:00:00+00:00
[2023-06-11T09:36:58.387+0000] {standard_task_runner.py:57} INFO - Started process 3601 to run task
[2023-06-11T09:36:58.906+0000] {standard_task_runner.py:84} INFO - Running: ['***', 'tasks', 'run', 'first_dag_02', 'first_task', 'scheduled__2022-03-25T00:00:00+00:00', '--job-id', '1121', '--raw', '--subdir', 'DAGS_FOLDER/First_dag.py', '--cfg-path', '/tmp/tmptjym1x3m']
[2023-06-11T09:36:58.912+0000] {standard_task_runner.py:85} INFO - Job 1121: Subtask first_task
[2023-06-11T09:37:00.406+0000] {task_command.py:410} INFO - Running <TaskInstance: first_dag_02.first_task scheduled__2022-03-25T00:00:00+00:00 [running]> on host 964e508aad03
[2023-06-11T09:37:04.839+0000] {taskinstance.py:1547} INFO - Exporting env vars: AIRFLOW_CTX_DAG_OWNER='Raja' AIRFLOW_CTX_DAG_ID='first_dag_02' AIRFLOW_CTX_TASK_ID='first_task' AIRFLOW_CTX_EXECUTION_DATE='2022-03-25T00:00:00+00:00' AIRFLOW_CTX_TRY_NUMBER='1' AIRFLOW_CTX_DAG_RUN_ID='scheduled__2022-03-25T00:00:00+00:00'
[2023-06-11T09:37:04.845+0000] {subprocess.py:63} INFO - Tmp dir root location: 
 /tmp
[2023-06-11T09:37:04.848+0000] {subprocess.py:75} INFO - Running command: ['/bin/bash', '-c', 'echo hello world, this is the first task!']
[2023-06-11T09:37:04.872+0000] {subprocess.py:86} INFO - Output:
[2023-06-11T09:37:04.876+0000] {subprocess.py:93} INFO - hello world, this is the first task!
[2023-06-11T09:37:04.878+0000] {subprocess.py:97} INFO - Command exited with return code 0
[2023-06-11T09:37:05.041+0000] {taskinstance.py:1350} INFO - Marking task as SUCCESS. dag_id=first_dag_02, task_id=first_task, execution_date=20220325T000000, start_date=20230611T093657, end_date=20230611T093705
[2023-06-11T09:37:05.701+0000] {local_task_job_runner.py:225} INFO - Task exited with return code 0
[2023-06-11T09:37:06.582+0000] {taskinstance.py:2651} INFO - 2 downstream tasks scheduled from follow-on schedule check
[2023-06-11T15:26:43.367+0000] {taskinstance.py:1103} INFO - Dependencies all met for dep_context=non-requeueable deps ti=<TaskInstance: first_dag_02.first_task scheduled__2022-03-25T00:00:00+00:00 [queued]>
[2023-06-11T15:26:43.428+0000] {taskinstance.py:1103} INFO - Dependencies all met for dep_context=requeueable deps ti=<TaskInstance: first_dag_02.first_task scheduled__2022-03-25T00:00:00+00:00 [queued]>
[2023-06-11T15:26:43.429+0000] {taskinstance.py:1308} INFO - Starting attempt 1 of 6
[2023-06-11T15:26:44.259+0000] {taskinstance.py:1327} INFO - Executing <Task(BashOperator): first_task> on 2022-03-25 00:00:00+00:00
[2023-06-11T15:26:44.314+0000] {standard_task_runner.py:57} INFO - Started process 256 to run task
[2023-06-11T15:26:44.341+0000] {standard_task_runner.py:84} INFO - Running: ['***', 'tasks', 'run', 'first_dag_02', 'first_task', 'scheduled__2022-03-25T00:00:00+00:00', '--job-id', '1164', '--raw', '--subdir', 'DAGS_FOLDER/First_dag.py', '--cfg-path', '/tmp/tmpzs03xuud']
[2023-06-11T15:26:44.342+0000] {standard_task_runner.py:85} INFO - Job 1164: Subtask first_task
[2023-06-11T15:26:45.243+0000] {task_command.py:410} INFO - Running <TaskInstance: first_dag_02.first_task scheduled__2022-03-25T00:00:00+00:00 [running]> on host 7586ce0070ac
[2023-06-11T15:26:47.255+0000] {taskinstance.py:1547} INFO - Exporting env vars: AIRFLOW_CTX_DAG_OWNER='Raja' AIRFLOW_CTX_DAG_ID='first_dag_02' AIRFLOW_CTX_TASK_ID='first_task' AIRFLOW_CTX_EXECUTION_DATE='2022-03-25T00:00:00+00:00' AIRFLOW_CTX_TRY_NUMBER='1' AIRFLOW_CTX_DAG_RUN_ID='scheduled__2022-03-25T00:00:00+00:00'
[2023-06-11T15:26:47.272+0000] {subprocess.py:63} INFO - Tmp dir root location: 
 /tmp
[2023-06-11T15:26:47.291+0000] {subprocess.py:75} INFO - Running command: ['/bin/bash', '-c', 'echo hello world, this is the first task!']
[2023-06-11T15:26:47.495+0000] {subprocess.py:86} INFO - Output:
[2023-06-11T15:26:47.638+0000] {subprocess.py:93} INFO - hello world, this is the first task!
[2023-06-11T15:26:47.638+0000] {subprocess.py:97} INFO - Command exited with return code 0
[2023-06-11T15:26:47.740+0000] {taskinstance.py:1350} INFO - Marking task as SUCCESS. dag_id=first_dag_02, task_id=first_task, execution_date=20220325T000000, start_date=20230611T152643, end_date=20230611T152647
[2023-06-11T15:26:47.801+0000] {local_task_job_runner.py:225} INFO - Task exited with return code 0
[2023-06-11T15:26:48.024+0000] {taskinstance.py:2651} INFO - 2 downstream tasks scheduled from follow-on schedule check
