[2023-06-10T17:29:02.387+0000] {taskinstance.py:1103} INFO - Dependencies all met for dep_context=non-requeueable deps ti=<TaskInstance: first_dag_02.first_task scheduled__2021-08-17T00:00:00+00:00 [queued]>
[2023-06-10T17:29:02.904+0000] {taskinstance.py:1103} INFO - Dependencies all met for dep_context=requeueable deps ti=<TaskInstance: first_dag_02.first_task scheduled__2021-08-17T00:00:00+00:00 [queued]>
[2023-06-10T17:29:02.905+0000] {taskinstance.py:1308} INFO - Starting attempt 1 of 6
[2023-06-10T17:29:03.823+0000] {taskinstance.py:1327} INFO - Executing <Task(BashOperator): first_task> on 2021-08-17 00:00:00+00:00
[2023-06-10T17:29:03.916+0000] {standard_task_runner.py:57} INFO - Started process 1049 to run task
[2023-06-10T17:29:03.936+0000] {standard_task_runner.py:84} INFO - Running: ['***', 'tasks', 'run', 'first_dag_02', 'first_task', 'scheduled__2021-08-17T00:00:00+00:00', '--job-id', '1852', '--raw', '--subdir', 'DAGS_FOLDER/First_dag.py', '--cfg-path', '/tmp/tmphe6pzst6']
[2023-06-10T17:29:03.938+0000] {standard_task_runner.py:85} INFO - Job 1852: Subtask first_task
[2023-06-10T17:29:05.397+0000] {task_command.py:410} INFO - Running <TaskInstance: first_dag_02.first_task scheduled__2021-08-17T00:00:00+00:00 [running]> on host e326d5f70fa9
[2023-06-10T17:29:09.808+0000] {taskinstance.py:1547} INFO - Exporting env vars: AIRFLOW_CTX_DAG_OWNER='Raja' AIRFLOW_CTX_DAG_ID='first_dag_02' AIRFLOW_CTX_TASK_ID='first_task' AIRFLOW_CTX_EXECUTION_DATE='2021-08-17T00:00:00+00:00' AIRFLOW_CTX_TRY_NUMBER='1' AIRFLOW_CTX_DAG_RUN_ID='scheduled__2021-08-17T00:00:00+00:00'
[2023-06-10T17:29:09.821+0000] {subprocess.py:63} INFO - Tmp dir root location: 
 /tmp
[2023-06-10T17:29:09.841+0000] {subprocess.py:75} INFO - Running command: ['/bin/bash', '-c', 'echo hello world, this is the first task!']
[2023-06-10T17:29:11.091+0000] {subprocess.py:86} INFO - Output:
[2023-06-10T17:29:11.192+0000] {subprocess.py:93} INFO - hello world, this is the first task!
[2023-06-10T17:29:11.199+0000] {subprocess.py:97} INFO - Command exited with return code 0
[2023-06-10T17:29:13.409+0000] {taskinstance.py:1350} INFO - Marking task as SUCCESS. dag_id=first_dag_02, task_id=first_task, execution_date=20210817T000000, start_date=20230610T172902, end_date=20230610T172913
[2023-06-10T17:29:14.851+0000] {local_task_job_runner.py:225} INFO - Task exited with return code 0
[2023-06-10T17:29:15.965+0000] {taskinstance.py:2651} INFO - 2 downstream tasks scheduled from follow-on schedule check
[2023-06-11T04:45:59.495+0000] {taskinstance.py:1103} INFO - Dependencies all met for dep_context=non-requeueable deps ti=<TaskInstance: first_dag_02.first_task scheduled__2021-08-17T00:00:00+00:00 [queued]>
[2023-06-11T04:45:59.527+0000] {taskinstance.py:1103} INFO - Dependencies all met for dep_context=requeueable deps ti=<TaskInstance: first_dag_02.first_task scheduled__2021-08-17T00:00:00+00:00 [queued]>
[2023-06-11T04:45:59.529+0000] {taskinstance.py:1308} INFO - Starting attempt 1 of 6
[2023-06-11T04:45:59.611+0000] {taskinstance.py:1327} INFO - Executing <Task(BashOperator): first_task> on 2021-08-17 00:00:00+00:00
[2023-06-11T04:45:59.674+0000] {standard_task_runner.py:57} INFO - Started process 346 to run task
[2023-06-11T04:45:59.725+0000] {standard_task_runner.py:84} INFO - Running: ['***', 'tasks', 'run', 'first_dag_02', 'first_task', 'scheduled__2021-08-17T00:00:00+00:00', '--job-id', '97', '--raw', '--subdir', 'DAGS_FOLDER/First_dag.py', '--cfg-path', '/tmp/tmpn362_yvu']
[2023-06-11T04:45:59.735+0000] {standard_task_runner.py:85} INFO - Job 97: Subtask first_task
[2023-06-11T04:45:59.935+0000] {task_command.py:410} INFO - Running <TaskInstance: first_dag_02.first_task scheduled__2021-08-17T00:00:00+00:00 [running]> on host 4b1b5d40d165
[2023-06-11T04:46:00.337+0000] {taskinstance.py:1547} INFO - Exporting env vars: AIRFLOW_CTX_DAG_OWNER='Raja' AIRFLOW_CTX_DAG_ID='first_dag_02' AIRFLOW_CTX_TASK_ID='first_task' AIRFLOW_CTX_EXECUTION_DATE='2021-08-17T00:00:00+00:00' AIRFLOW_CTX_TRY_NUMBER='1' AIRFLOW_CTX_DAG_RUN_ID='scheduled__2021-08-17T00:00:00+00:00'
[2023-06-11T04:46:00.339+0000] {subprocess.py:63} INFO - Tmp dir root location: 
 /tmp
[2023-06-11T04:46:00.340+0000] {subprocess.py:75} INFO - Running command: ['/bin/bash', '-c', 'echo hello world, this is the first task!']
[2023-06-11T04:46:00.356+0000] {subprocess.py:86} INFO - Output:
[2023-06-11T04:46:00.359+0000] {subprocess.py:93} INFO - hello world, this is the first task!
[2023-06-11T04:46:00.361+0000] {subprocess.py:97} INFO - Command exited with return code 0
[2023-06-11T04:46:00.448+0000] {taskinstance.py:1350} INFO - Marking task as SUCCESS. dag_id=first_dag_02, task_id=first_task, execution_date=20210817T000000, start_date=20230611T044559, end_date=20230611T044600
[2023-06-11T04:46:00.538+0000] {local_task_job_runner.py:225} INFO - Task exited with return code 0
[2023-06-11T04:46:00.803+0000] {taskinstance.py:2651} INFO - 2 downstream tasks scheduled from follow-on schedule check
[2023-06-11T05:15:55.404+0000] {taskinstance.py:1103} INFO - Dependencies all met for dep_context=non-requeueable deps ti=<TaskInstance: first_dag_02.first_task scheduled__2021-08-17T00:00:00+00:00 [queued]>
[2023-06-11T05:15:55.839+0000] {taskinstance.py:1103} INFO - Dependencies all met for dep_context=requeueable deps ti=<TaskInstance: first_dag_02.first_task scheduled__2021-08-17T00:00:00+00:00 [queued]>
[2023-06-11T05:15:55.840+0000] {taskinstance.py:1308} INFO - Starting attempt 1 of 6
[2023-06-11T05:15:58.107+0000] {taskinstance.py:1327} INFO - Executing <Task(BashOperator): first_task> on 2021-08-17 00:00:00+00:00
[2023-06-11T05:15:58.179+0000] {standard_task_runner.py:57} INFO - Started process 322 to run task
[2023-06-11T05:15:58.450+0000] {standard_task_runner.py:84} INFO - Running: ['***', 'tasks', 'run', 'first_dag_02', 'first_task', 'scheduled__2021-08-17T00:00:00+00:00', '--job-id', '77', '--raw', '--subdir', 'DAGS_FOLDER/First_dag.py', '--cfg-path', '/tmp/tmpdrf_ra58']
[2023-06-11T05:15:58.451+0000] {standard_task_runner.py:85} INFO - Job 77: Subtask first_task
[2023-06-11T05:15:59.844+0000] {task_command.py:410} INFO - Running <TaskInstance: first_dag_02.first_task scheduled__2021-08-17T00:00:00+00:00 [running]> on host 69e374580eab
[2023-06-11T05:16:03.011+0000] {taskinstance.py:1547} INFO - Exporting env vars: AIRFLOW_CTX_DAG_OWNER='Raja' AIRFLOW_CTX_DAG_ID='first_dag_02' AIRFLOW_CTX_TASK_ID='first_task' AIRFLOW_CTX_EXECUTION_DATE='2021-08-17T00:00:00+00:00' AIRFLOW_CTX_TRY_NUMBER='1' AIRFLOW_CTX_DAG_RUN_ID='scheduled__2021-08-17T00:00:00+00:00'
[2023-06-11T05:16:03.018+0000] {subprocess.py:63} INFO - Tmp dir root location: 
 /tmp
[2023-06-11T05:16:03.020+0000] {subprocess.py:75} INFO - Running command: ['/bin/bash', '-c', 'echo hello world, this is the first task!']
[2023-06-11T05:16:03.750+0000] {subprocess.py:86} INFO - Output:
[2023-06-11T05:16:03.756+0000] {subprocess.py:93} INFO - hello world, this is the first task!
[2023-06-11T05:16:03.756+0000] {subprocess.py:97} INFO - Command exited with return code 0
[2023-06-11T05:16:05.400+0000] {taskinstance.py:1350} INFO - Marking task as SUCCESS. dag_id=first_dag_02, task_id=first_task, execution_date=20210817T000000, start_date=20230611T051555, end_date=20230611T051605
[2023-06-11T05:16:06.372+0000] {local_task_job_runner.py:225} INFO - Task exited with return code 0
[2023-06-11T05:16:07.386+0000] {taskinstance.py:2651} INFO - 2 downstream tasks scheduled from follow-on schedule check
[2023-06-11T08:17:48.025+0000] {taskinstance.py:1103} INFO - Dependencies all met for dep_context=non-requeueable deps ti=<TaskInstance: first_dag_02.first_task scheduled__2021-08-17T00:00:00+00:00 [queued]>
[2023-06-11T08:17:48.996+0000] {taskinstance.py:1103} INFO - Dependencies all met for dep_context=requeueable deps ti=<TaskInstance: first_dag_02.first_task scheduled__2021-08-17T00:00:00+00:00 [queued]>
[2023-06-11T08:17:48.997+0000] {taskinstance.py:1308} INFO - Starting attempt 1 of 6
[2023-06-11T08:17:49.695+0000] {taskinstance.py:1327} INFO - Executing <Task(BashOperator): first_task> on 2021-08-17 00:00:00+00:00
[2023-06-11T08:17:50.017+0000] {standard_task_runner.py:57} INFO - Started process 396 to run task
[2023-06-11T08:17:50.248+0000] {standard_task_runner.py:84} INFO - Running: ['***', 'tasks', 'run', 'first_dag_02', 'first_task', 'scheduled__2021-08-17T00:00:00+00:00', '--job-id', '139', '--raw', '--subdir', 'DAGS_FOLDER/First_dag.py', '--cfg-path', '/tmp/tmpeq3ej4_r']
[2023-06-11T08:17:50.303+0000] {standard_task_runner.py:85} INFO - Job 139: Subtask first_task
[2023-06-11T08:17:52.233+0000] {task_command.py:410} INFO - Running <TaskInstance: first_dag_02.first_task scheduled__2021-08-17T00:00:00+00:00 [running]> on host 492037cdd057
[2023-06-11T08:17:56.533+0000] {taskinstance.py:1547} INFO - Exporting env vars: AIRFLOW_CTX_DAG_OWNER='Raja' AIRFLOW_CTX_DAG_ID='first_dag_02' AIRFLOW_CTX_TASK_ID='first_task' AIRFLOW_CTX_EXECUTION_DATE='2021-08-17T00:00:00+00:00' AIRFLOW_CTX_TRY_NUMBER='1' AIRFLOW_CTX_DAG_RUN_ID='scheduled__2021-08-17T00:00:00+00:00'
[2023-06-11T08:17:56.601+0000] {subprocess.py:63} INFO - Tmp dir root location: 
 /tmp
[2023-06-11T08:17:56.643+0000] {subprocess.py:75} INFO - Running command: ['/bin/bash', '-c', 'echo hello world, this is the first task!']
[2023-06-11T08:17:57.296+0000] {subprocess.py:86} INFO - Output:
[2023-06-11T08:17:57.372+0000] {subprocess.py:93} INFO - hello world, this is the first task!
[2023-06-11T08:17:57.372+0000] {subprocess.py:97} INFO - Command exited with return code 0
[2023-06-11T08:17:58.590+0000] {taskinstance.py:1350} INFO - Marking task as SUCCESS. dag_id=first_dag_02, task_id=first_task, execution_date=20210817T000000, start_date=20230611T081748, end_date=20230611T081758
[2023-06-11T08:17:59.288+0000] {local_task_job_runner.py:225} INFO - Task exited with return code 0
[2023-06-11T08:18:00.893+0000] {taskinstance.py:2651} INFO - 0 downstream tasks scheduled from follow-on schedule check
[2023-06-11T08:48:07.648+0000] {taskinstance.py:1103} INFO - Dependencies all met for dep_context=non-requeueable deps ti=<TaskInstance: first_dag_02.first_task scheduled__2021-08-17T00:00:00+00:00 [queued]>
[2023-06-11T08:48:07.825+0000] {taskinstance.py:1103} INFO - Dependencies all met for dep_context=requeueable deps ti=<TaskInstance: first_dag_02.first_task scheduled__2021-08-17T00:00:00+00:00 [queued]>
[2023-06-11T08:48:07.825+0000] {taskinstance.py:1308} INFO - Starting attempt 1 of 6
[2023-06-11T08:48:08.921+0000] {taskinstance.py:1327} INFO - Executing <Task(BashOperator): first_task> on 2021-08-17 00:00:00+00:00
[2023-06-11T08:48:09.154+0000] {standard_task_runner.py:84} INFO - Running: ['***', 'tasks', 'run', 'first_dag_02', 'first_task', 'scheduled__2021-08-17T00:00:00+00:00', '--job-id', '109', '--raw', '--subdir', 'DAGS_FOLDER/First_dag.py', '--cfg-path', '/tmp/tmpvo6quog6']
[2023-06-11T08:48:09.162+0000] {standard_task_runner.py:85} INFO - Job 109: Subtask first_task
[2023-06-11T08:48:09.127+0000] {standard_task_runner.py:57} INFO - Started process 382 to run task
[2023-06-11T08:48:09.585+0000] {task_command.py:410} INFO - Running <TaskInstance: first_dag_02.first_task scheduled__2021-08-17T00:00:00+00:00 [running]> on host 964e508aad03
[2023-06-11T08:48:12.619+0000] {taskinstance.py:1547} INFO - Exporting env vars: AIRFLOW_CTX_DAG_OWNER='Raja' AIRFLOW_CTX_DAG_ID='first_dag_02' AIRFLOW_CTX_TASK_ID='first_task' AIRFLOW_CTX_EXECUTION_DATE='2021-08-17T00:00:00+00:00' AIRFLOW_CTX_TRY_NUMBER='1' AIRFLOW_CTX_DAG_RUN_ID='scheduled__2021-08-17T00:00:00+00:00'
[2023-06-11T08:48:12.625+0000] {subprocess.py:63} INFO - Tmp dir root location: 
 /tmp
[2023-06-11T08:48:12.646+0000] {subprocess.py:75} INFO - Running command: ['/bin/bash', '-c', 'echo hello world, this is the first task!']
[2023-06-11T08:48:12.807+0000] {subprocess.py:86} INFO - Output:
[2023-06-11T08:48:12.841+0000] {subprocess.py:93} INFO - hello world, this is the first task!
[2023-06-11T08:48:12.868+0000] {subprocess.py:97} INFO - Command exited with return code 0
[2023-06-11T08:48:13.313+0000] {taskinstance.py:1350} INFO - Marking task as SUCCESS. dag_id=first_dag_02, task_id=first_task, execution_date=20210817T000000, start_date=20230611T084807, end_date=20230611T084813
[2023-06-11T08:48:13.676+0000] {local_task_job_runner.py:225} INFO - Task exited with return code 0
[2023-06-11T08:48:13.781+0000] {taskinstance.py:2651} INFO - 2 downstream tasks scheduled from follow-on schedule check
[2023-06-11T10:38:57.343+0000] {taskinstance.py:1103} INFO - Dependencies all met for dep_context=non-requeueable deps ti=<TaskInstance: first_dag_02.first_task scheduled__2021-08-17T00:00:00+00:00 [queued]>
[2023-06-11T10:38:58.538+0000] {taskinstance.py:1103} INFO - Dependencies all met for dep_context=requeueable deps ti=<TaskInstance: first_dag_02.first_task scheduled__2021-08-17T00:00:00+00:00 [queued]>
[2023-06-11T10:38:58.538+0000] {taskinstance.py:1308} INFO - Starting attempt 1 of 6
[2023-06-11T10:39:00.167+0000] {taskinstance.py:1327} INFO - Executing <Task(BashOperator): first_task> on 2021-08-17 00:00:00+00:00
[2023-06-11T10:39:00.314+0000] {standard_task_runner.py:57} INFO - Started process 388 to run task
[2023-06-11T10:39:00.353+0000] {standard_task_runner.py:84} INFO - Running: ['***', 'tasks', 'run', 'first_dag_02', 'first_task', 'scheduled__2021-08-17T00:00:00+00:00', '--job-id', '100', '--raw', '--subdir', 'DAGS_FOLDER/First_dag.py', '--cfg-path', '/tmp/tmpbid34jr2']
[2023-06-11T10:39:00.354+0000] {standard_task_runner.py:85} INFO - Job 100: Subtask first_task
[2023-06-11T10:39:02.112+0000] {task_command.py:410} INFO - Running <TaskInstance: first_dag_02.first_task scheduled__2021-08-17T00:00:00+00:00 [running]> on host 7586ce0070ac
[2023-06-11T10:39:06.128+0000] {taskinstance.py:1547} INFO - Exporting env vars: AIRFLOW_CTX_DAG_OWNER='Raja' AIRFLOW_CTX_DAG_ID='first_dag_02' AIRFLOW_CTX_TASK_ID='first_task' AIRFLOW_CTX_EXECUTION_DATE='2021-08-17T00:00:00+00:00' AIRFLOW_CTX_TRY_NUMBER='1' AIRFLOW_CTX_DAG_RUN_ID='scheduled__2021-08-17T00:00:00+00:00'
[2023-06-11T10:39:06.173+0000] {subprocess.py:63} INFO - Tmp dir root location: 
 /tmp
[2023-06-11T10:39:06.182+0000] {subprocess.py:75} INFO - Running command: ['/bin/bash', '-c', 'echo hello world, this is the first task!']
[2023-06-11T10:39:06.796+0000] {subprocess.py:86} INFO - Output:
[2023-06-11T10:39:06.876+0000] {subprocess.py:93} INFO - hello world, this is the first task!
[2023-06-11T10:39:06.878+0000] {subprocess.py:97} INFO - Command exited with return code 0
[2023-06-11T10:39:07.545+0000] {taskinstance.py:1350} INFO - Marking task as SUCCESS. dag_id=first_dag_02, task_id=first_task, execution_date=20210817T000000, start_date=20230611T103857, end_date=20230611T103907
[2023-06-11T10:39:08.187+0000] {local_task_job_runner.py:225} INFO - Task exited with return code 0
[2023-06-11T10:39:08.945+0000] {taskinstance.py:2651} INFO - 2 downstream tasks scheduled from follow-on schedule check
