[2023-06-11T04:47:35.651+0000] {taskinstance.py:1103} INFO - Dependencies all met for dep_context=non-requeueable deps ti=<TaskInstance: first_dag_02.second_task scheduled__2021-09-01T00:00:00+00:00 [queued]>
[2023-06-11T04:47:36.310+0000] {taskinstance.py:1103} INFO - Dependencies all met for dep_context=requeueable deps ti=<TaskInstance: first_dag_02.second_task scheduled__2021-09-01T00:00:00+00:00 [queued]>
[2023-06-11T04:47:36.312+0000] {taskinstance.py:1308} INFO - Starting attempt 1 of 6
[2023-06-11T04:47:38.195+0000] {taskinstance.py:1327} INFO - Executing <Task(BashOperator): second_task> on 2021-09-01 00:00:00+00:00
[2023-06-11T04:47:38.446+0000] {standard_task_runner.py:57} INFO - Started process 530 to run task
[2023-06-11T04:47:38.624+0000] {standard_task_runner.py:84} INFO - Running: ['***', 'tasks', 'run', 'first_dag_02', 'second_task', 'scheduled__2021-09-01T00:00:00+00:00', '--job-id', '152', '--raw', '--subdir', 'DAGS_FOLDER/First_dag.py', '--cfg-path', '/tmp/tmp05jr837s']
[2023-06-11T04:47:38.625+0000] {standard_task_runner.py:85} INFO - Job 152: Subtask second_task
[2023-06-11T04:47:39.911+0000] {task_command.py:410} INFO - Running <TaskInstance: first_dag_02.second_task scheduled__2021-09-01T00:00:00+00:00 [running]> on host 4b1b5d40d165
[2023-06-11T04:47:42.674+0000] {taskinstance.py:1547} INFO - Exporting env vars: AIRFLOW_CTX_DAG_OWNER='Raja' AIRFLOW_CTX_DAG_ID='first_dag_02' AIRFLOW_CTX_TASK_ID='second_task' AIRFLOW_CTX_EXECUTION_DATE='2021-09-01T00:00:00+00:00' AIRFLOW_CTX_TRY_NUMBER='1' AIRFLOW_CTX_DAG_RUN_ID='scheduled__2021-09-01T00:00:00+00:00'
[2023-06-11T04:47:42.715+0000] {subprocess.py:63} INFO - Tmp dir root location: 
 /tmp
[2023-06-11T04:47:42.718+0000] {subprocess.py:75} INFO - Running command: ['/bin/bash', '-c', 'echo hey, I am task2 and will be running after task1!']
[2023-06-11T04:47:42.959+0000] {subprocess.py:86} INFO - Output:
[2023-06-11T04:47:43.009+0000] {subprocess.py:93} INFO - hey, I am task2 and will be running after task1!
[2023-06-11T04:47:43.014+0000] {subprocess.py:97} INFO - Command exited with return code 0
[2023-06-11T04:47:43.146+0000] {taskinstance.py:1350} INFO - Marking task as SUCCESS. dag_id=first_dag_02, task_id=second_task, execution_date=20210901T000000, start_date=20230611T044735, end_date=20230611T044743
[2023-06-11T04:47:44.253+0000] {local_task_job_runner.py:225} INFO - Task exited with return code 0
[2023-06-11T04:47:44.988+0000] {taskinstance.py:2651} INFO - 0 downstream tasks scheduled from follow-on schedule check
[2023-06-11T05:17:54.838+0000] {taskinstance.py:1103} INFO - Dependencies all met for dep_context=non-requeueable deps ti=<TaskInstance: first_dag_02.second_task scheduled__2021-09-01T00:00:00+00:00 [queued]>
[2023-06-11T05:17:56.609+0000] {taskinstance.py:1103} INFO - Dependencies all met for dep_context=requeueable deps ti=<TaskInstance: first_dag_02.second_task scheduled__2021-09-01T00:00:00+00:00 [queued]>
[2023-06-11T05:17:56.609+0000] {taskinstance.py:1308} INFO - Starting attempt 1 of 6
[2023-06-11T05:17:59.124+0000] {taskinstance.py:1327} INFO - Executing <Task(BashOperator): second_task> on 2021-09-01 00:00:00+00:00
[2023-06-11T05:17:59.499+0000] {standard_task_runner.py:57} INFO - Started process 530 to run task
[2023-06-11T05:17:59.842+0000] {standard_task_runner.py:84} INFO - Running: ['***', 'tasks', 'run', 'first_dag_02', 'second_task', 'scheduled__2021-09-01T00:00:00+00:00', '--job-id', '139', '--raw', '--subdir', 'DAGS_FOLDER/First_dag.py', '--cfg-path', '/tmp/tmpkh7sypb3']
[2023-06-11T05:17:59.844+0000] {standard_task_runner.py:85} INFO - Job 139: Subtask second_task
[2023-06-11T05:18:01.627+0000] {task_command.py:410} INFO - Running <TaskInstance: first_dag_02.second_task scheduled__2021-09-01T00:00:00+00:00 [running]> on host 69e374580eab
[2023-06-11T05:18:07.132+0000] {taskinstance.py:1547} INFO - Exporting env vars: AIRFLOW_CTX_DAG_OWNER='Raja' AIRFLOW_CTX_DAG_ID='first_dag_02' AIRFLOW_CTX_TASK_ID='second_task' AIRFLOW_CTX_EXECUTION_DATE='2021-09-01T00:00:00+00:00' AIRFLOW_CTX_TRY_NUMBER='1' AIRFLOW_CTX_DAG_RUN_ID='scheduled__2021-09-01T00:00:00+00:00'
[2023-06-11T05:18:07.172+0000] {subprocess.py:63} INFO - Tmp dir root location: 
 /tmp
[2023-06-11T05:18:07.190+0000] {subprocess.py:75} INFO - Running command: ['/bin/bash', '-c', 'echo hey, I am task2 and will be running after task1!']
[2023-06-11T05:18:07.931+0000] {subprocess.py:86} INFO - Output:
[2023-06-11T05:18:07.998+0000] {subprocess.py:93} INFO - hey, I am task2 and will be running after task1!
[2023-06-11T05:18:08.004+0000] {subprocess.py:97} INFO - Command exited with return code 0
[2023-06-11T05:18:09.804+0000] {taskinstance.py:1350} INFO - Marking task as SUCCESS. dag_id=first_dag_02, task_id=second_task, execution_date=20210901T000000, start_date=20230611T051755, end_date=20230611T051809
[2023-06-11T05:18:12.410+0000] {local_task_job_runner.py:225} INFO - Task exited with return code 0
[2023-06-11T05:18:14.270+0000] {taskinstance.py:2651} INFO - 0 downstream tasks scheduled from follow-on schedule check
[2023-06-11T08:22:39.378+0000] {taskinstance.py:1103} INFO - Dependencies all met for dep_context=non-requeueable deps ti=<TaskInstance: first_dag_02.second_task scheduled__2021-09-01T00:00:00+00:00 [queued]>
[2023-06-11T08:22:39.852+0000] {taskinstance.py:1103} INFO - Dependencies all met for dep_context=requeueable deps ti=<TaskInstance: first_dag_02.second_task scheduled__2021-09-01T00:00:00+00:00 [queued]>
[2023-06-11T08:22:39.853+0000] {taskinstance.py:1308} INFO - Starting attempt 1 of 6
[2023-06-11T08:22:40.487+0000] {taskinstance.py:1327} INFO - Executing <Task(BashOperator): second_task> on 2021-09-01 00:00:00+00:00
[2023-06-11T08:22:40.665+0000] {standard_task_runner.py:57} INFO - Started process 834 to run task
[2023-06-11T08:22:40.912+0000] {standard_task_runner.py:84} INFO - Running: ['***', 'tasks', 'run', 'first_dag_02', 'second_task', 'scheduled__2021-09-01T00:00:00+00:00', '--job-id', '263', '--raw', '--subdir', 'DAGS_FOLDER/First_dag.py', '--cfg-path', '/tmp/tmppplnz7y7']
[2023-06-11T08:22:40.912+0000] {standard_task_runner.py:85} INFO - Job 263: Subtask second_task
[2023-06-11T08:22:42.617+0000] {task_command.py:410} INFO - Running <TaskInstance: first_dag_02.second_task scheduled__2021-09-01T00:00:00+00:00 [running]> on host 492037cdd057
[2023-06-11T08:22:48.773+0000] {taskinstance.py:1547} INFO - Exporting env vars: AIRFLOW_CTX_DAG_OWNER='Raja' AIRFLOW_CTX_DAG_ID='first_dag_02' AIRFLOW_CTX_TASK_ID='second_task' AIRFLOW_CTX_EXECUTION_DATE='2021-09-01T00:00:00+00:00' AIRFLOW_CTX_TRY_NUMBER='1' AIRFLOW_CTX_DAG_RUN_ID='scheduled__2021-09-01T00:00:00+00:00'
[2023-06-11T08:22:48.798+0000] {subprocess.py:63} INFO - Tmp dir root location: 
 /tmp
[2023-06-11T08:22:48.799+0000] {subprocess.py:75} INFO - Running command: ['/bin/bash', '-c', 'echo hey, I am task2 and will be running after task1!']
[2023-06-11T08:22:49.657+0000] {subprocess.py:86} INFO - Output:
[2023-06-11T08:22:50.016+0000] {subprocess.py:93} INFO - hey, I am task2 and will be running after task1!
[2023-06-11T08:22:50.042+0000] {subprocess.py:97} INFO - Command exited with return code 0
[2023-06-11T08:22:50.937+0000] {taskinstance.py:1350} INFO - Marking task as SUCCESS. dag_id=first_dag_02, task_id=second_task, execution_date=20210901T000000, start_date=20230611T082239, end_date=20230611T082250
[2023-06-11T08:22:52.135+0000] {local_task_job_runner.py:225} INFO - Task exited with return code 0
[2023-06-11T08:22:55.124+0000] {taskinstance.py:2651} INFO - 0 downstream tasks scheduled from follow-on schedule check
[2023-06-11T08:49:27.317+0000] {taskinstance.py:1103} INFO - Dependencies all met for dep_context=non-requeueable deps ti=<TaskInstance: first_dag_02.second_task scheduled__2021-09-01T00:00:00+00:00 [queued]>
[2023-06-11T08:49:27.649+0000] {taskinstance.py:1103} INFO - Dependencies all met for dep_context=requeueable deps ti=<TaskInstance: first_dag_02.second_task scheduled__2021-09-01T00:00:00+00:00 [queued]>
[2023-06-11T08:49:27.649+0000] {taskinstance.py:1308} INFO - Starting attempt 1 of 6
[2023-06-11T08:49:28.140+0000] {taskinstance.py:1327} INFO - Executing <Task(BashOperator): second_task> on 2021-09-01 00:00:00+00:00
[2023-06-11T08:49:28.209+0000] {standard_task_runner.py:57} INFO - Started process 672 to run task
[2023-06-11T08:49:28.251+0000] {standard_task_runner.py:84} INFO - Running: ['***', 'tasks', 'run', 'first_dag_02', 'second_task', 'scheduled__2021-09-01T00:00:00+00:00', '--job-id', '203', '--raw', '--subdir', 'DAGS_FOLDER/First_dag.py', '--cfg-path', '/tmp/tmpywzecd3j']
[2023-06-11T08:49:28.252+0000] {standard_task_runner.py:85} INFO - Job 203: Subtask second_task
[2023-06-11T08:49:29.141+0000] {task_command.py:410} INFO - Running <TaskInstance: first_dag_02.second_task scheduled__2021-09-01T00:00:00+00:00 [running]> on host 964e508aad03
[2023-06-11T08:49:31.577+0000] {taskinstance.py:1547} INFO - Exporting env vars: AIRFLOW_CTX_DAG_OWNER='Raja' AIRFLOW_CTX_DAG_ID='first_dag_02' AIRFLOW_CTX_TASK_ID='second_task' AIRFLOW_CTX_EXECUTION_DATE='2021-09-01T00:00:00+00:00' AIRFLOW_CTX_TRY_NUMBER='1' AIRFLOW_CTX_DAG_RUN_ID='scheduled__2021-09-01T00:00:00+00:00'
[2023-06-11T08:49:31.607+0000] {subprocess.py:63} INFO - Tmp dir root location: 
 /tmp
[2023-06-11T08:49:31.622+0000] {subprocess.py:75} INFO - Running command: ['/bin/bash', '-c', 'echo hey, I am task2 and will be running after task1!']
[2023-06-11T08:49:31.803+0000] {subprocess.py:86} INFO - Output:
[2023-06-11T08:49:31.837+0000] {subprocess.py:93} INFO - hey, I am task2 and will be running after task1!
[2023-06-11T08:49:31.860+0000] {subprocess.py:97} INFO - Command exited with return code 0
[2023-06-11T08:49:32.298+0000] {taskinstance.py:1350} INFO - Marking task as SUCCESS. dag_id=first_dag_02, task_id=second_task, execution_date=20210901T000000, start_date=20230611T084927, end_date=20230611T084932
[2023-06-11T08:49:32.885+0000] {local_task_job_runner.py:225} INFO - Task exited with return code 0
[2023-06-11T08:49:33.299+0000] {taskinstance.py:2651} INFO - 0 downstream tasks scheduled from follow-on schedule check
[2023-06-11T10:42:35.121+0000] {taskinstance.py:1103} INFO - Dependencies all met for dep_context=non-requeueable deps ti=<TaskInstance: first_dag_02.second_task scheduled__2021-09-01T00:00:00+00:00 [queued]>
[2023-06-11T10:42:36.569+0000] {taskinstance.py:1103} INFO - Dependencies all met for dep_context=requeueable deps ti=<TaskInstance: first_dag_02.second_task scheduled__2021-09-01T00:00:00+00:00 [queued]>
[2023-06-11T10:42:36.570+0000] {taskinstance.py:1308} INFO - Starting attempt 1 of 6
[2023-06-11T10:42:36.692+0000] {taskinstance.py:1327} INFO - Executing <Task(BashOperator): second_task> on 2021-09-01 00:00:00+00:00
[2023-06-11T10:42:36.849+0000] {standard_task_runner.py:57} INFO - Started process 704 to run task
[2023-06-11T10:42:36.881+0000] {standard_task_runner.py:84} INFO - Running: ['***', 'tasks', 'run', 'first_dag_02', 'second_task', 'scheduled__2021-09-01T00:00:00+00:00', '--job-id', '197', '--raw', '--subdir', 'DAGS_FOLDER/First_dag.py', '--cfg-path', '/tmp/tmp4x9vd6ab']
[2023-06-11T10:42:36.882+0000] {standard_task_runner.py:85} INFO - Job 197: Subtask second_task
[2023-06-11T10:42:38.847+0000] {task_command.py:410} INFO - Running <TaskInstance: first_dag_02.second_task scheduled__2021-09-01T00:00:00+00:00 [running]> on host 7586ce0070ac
[2023-06-11T10:42:43.841+0000] {taskinstance.py:1547} INFO - Exporting env vars: AIRFLOW_CTX_DAG_OWNER='Raja' AIRFLOW_CTX_DAG_ID='first_dag_02' AIRFLOW_CTX_TASK_ID='second_task' AIRFLOW_CTX_EXECUTION_DATE='2021-09-01T00:00:00+00:00' AIRFLOW_CTX_TRY_NUMBER='1' AIRFLOW_CTX_DAG_RUN_ID='scheduled__2021-09-01T00:00:00+00:00'
[2023-06-11T10:42:43.869+0000] {subprocess.py:63} INFO - Tmp dir root location: 
 /tmp
[2023-06-11T10:42:43.870+0000] {subprocess.py:75} INFO - Running command: ['/bin/bash', '-c', 'echo hey, I am task2 and will be running after task1!']
[2023-06-11T10:42:44.223+0000] {subprocess.py:86} INFO - Output:
[2023-06-11T10:42:44.279+0000] {subprocess.py:93} INFO - hey, I am task2 and will be running after task1!
[2023-06-11T10:42:44.280+0000] {subprocess.py:97} INFO - Command exited with return code 0
[2023-06-11T10:42:44.495+0000] {taskinstance.py:1350} INFO - Marking task as SUCCESS. dag_id=first_dag_02, task_id=second_task, execution_date=20210901T000000, start_date=20230611T104235, end_date=20230611T104244
[2023-06-11T10:42:45.646+0000] {local_task_job_runner.py:225} INFO - Task exited with return code 0
[2023-06-11T10:42:46.272+0000] {taskinstance.py:2651} INFO - 0 downstream tasks scheduled from follow-on schedule check
