[2023-06-11T09:41:28.943+0000] {taskinstance.py:1103} INFO - Dependencies all met for dep_context=non-requeueable deps ti=<TaskInstance: first_dag_02.second_task scheduled__2022-04-16T00:00:00+00:00 [queued]>
[2023-06-11T09:41:30.868+0000] {taskinstance.py:1103} INFO - Dependencies all met for dep_context=requeueable deps ti=<TaskInstance: first_dag_02.second_task scheduled__2022-04-16T00:00:00+00:00 [queued]>
[2023-06-11T09:41:30.869+0000] {taskinstance.py:1308} INFO - Starting attempt 1 of 6
[2023-06-11T09:41:33.575+0000] {taskinstance.py:1327} INFO - Executing <Task(BashOperator): second_task> on 2022-04-16 00:00:00+00:00
[2023-06-11T09:41:33.876+0000] {standard_task_runner.py:57} INFO - Started process 4074 to run task
[2023-06-11T09:41:34.213+0000] {standard_task_runner.py:84} INFO - Running: ['***', 'tasks', 'run', 'first_dag_02', 'second_task', 'scheduled__2022-04-16T00:00:00+00:00', '--job-id', '1251', '--raw', '--subdir', 'DAGS_FOLDER/First_dag.py', '--cfg-path', '/tmp/tmp8pbnbz3j']
[2023-06-11T09:41:34.222+0000] {standard_task_runner.py:85} INFO - Job 1251: Subtask second_task
[2023-06-11T09:41:36.220+0000] {task_command.py:410} INFO - Running <TaskInstance: first_dag_02.second_task scheduled__2022-04-16T00:00:00+00:00 [running]> on host 964e508aad03
[2023-06-11T09:41:39.769+0000] {taskinstance.py:1547} INFO - Exporting env vars: AIRFLOW_CTX_DAG_OWNER='Raja' AIRFLOW_CTX_DAG_ID='first_dag_02' AIRFLOW_CTX_TASK_ID='second_task' AIRFLOW_CTX_EXECUTION_DATE='2022-04-16T00:00:00+00:00' AIRFLOW_CTX_TRY_NUMBER='1' AIRFLOW_CTX_DAG_RUN_ID='scheduled__2022-04-16T00:00:00+00:00'
[2023-06-11T09:41:39.810+0000] {subprocess.py:63} INFO - Tmp dir root location: 
 /tmp
[2023-06-11T09:41:39.814+0000] {subprocess.py:75} INFO - Running command: ['/bin/bash', '-c', 'echo hey, I am task2 and will be running after task1!']
[2023-06-11T09:41:40.159+0000] {subprocess.py:86} INFO - Output:
[2023-06-11T09:41:40.199+0000] {subprocess.py:93} INFO - hey, I am task2 and will be running after task1!
[2023-06-11T09:41:40.201+0000] {subprocess.py:97} INFO - Command exited with return code 0
[2023-06-11T09:41:40.733+0000] {taskinstance.py:1350} INFO - Marking task as SUCCESS. dag_id=first_dag_02, task_id=second_task, execution_date=20220416T000000, start_date=20230611T094129, end_date=20230611T094140
[2023-06-11T09:41:40.938+0000] {local_task_job_runner.py:225} INFO - Task exited with return code 0
[2023-06-11T09:41:41.855+0000] {taskinstance.py:2651} INFO - 0 downstream tasks scheduled from follow-on schedule check
[2023-06-11T15:29:24.402+0000] {taskinstance.py:1103} INFO - Dependencies all met for dep_context=non-requeueable deps ti=<TaskInstance: first_dag_02.second_task scheduled__2022-04-16T00:00:00+00:00 [queued]>
[2023-06-11T15:29:24.762+0000] {taskinstance.py:1103} INFO - Dependencies all met for dep_context=requeueable deps ti=<TaskInstance: first_dag_02.second_task scheduled__2022-04-16T00:00:00+00:00 [queued]>
[2023-06-11T15:29:24.763+0000] {taskinstance.py:1308} INFO - Starting attempt 1 of 6
[2023-06-11T15:29:25.555+0000] {taskinstance.py:1327} INFO - Executing <Task(BashOperator): second_task> on 2022-04-16 00:00:00+00:00
[2023-06-11T15:29:25.686+0000] {standard_task_runner.py:57} INFO - Started process 748 to run task
[2023-06-11T15:29:25.703+0000] {standard_task_runner.py:84} INFO - Running: ['***', 'tasks', 'run', 'first_dag_02', 'second_task', 'scheduled__2022-04-16T00:00:00+00:00', '--job-id', '1313', '--raw', '--subdir', 'DAGS_FOLDER/First_dag.py', '--cfg-path', '/tmp/tmpc08rjmg5']
[2023-06-11T15:29:25.787+0000] {standard_task_runner.py:85} INFO - Job 1313: Subtask second_task
[2023-06-11T15:29:27.121+0000] {task_command.py:410} INFO - Running <TaskInstance: first_dag_02.second_task scheduled__2022-04-16T00:00:00+00:00 [running]> on host 7586ce0070ac
[2023-06-11T15:29:30.243+0000] {taskinstance.py:1547} INFO - Exporting env vars: AIRFLOW_CTX_DAG_OWNER='Raja' AIRFLOW_CTX_DAG_ID='first_dag_02' AIRFLOW_CTX_TASK_ID='second_task' AIRFLOW_CTX_EXECUTION_DATE='2022-04-16T00:00:00+00:00' AIRFLOW_CTX_TRY_NUMBER='1' AIRFLOW_CTX_DAG_RUN_ID='scheduled__2022-04-16T00:00:00+00:00'
[2023-06-11T15:29:30.246+0000] {subprocess.py:63} INFO - Tmp dir root location: 
 /tmp
[2023-06-11T15:29:30.249+0000] {subprocess.py:75} INFO - Running command: ['/bin/bash', '-c', 'echo hey, I am task2 and will be running after task1!']
[2023-06-11T15:29:30.272+0000] {subprocess.py:86} INFO - Output:
[2023-06-11T15:29:30.280+0000] {subprocess.py:93} INFO - hey, I am task2 and will be running after task1!
[2023-06-11T15:29:30.281+0000] {subprocess.py:97} INFO - Command exited with return code 0
[2023-06-11T15:29:30.757+0000] {taskinstance.py:1350} INFO - Marking task as SUCCESS. dag_id=first_dag_02, task_id=second_task, execution_date=20220416T000000, start_date=20230611T152924, end_date=20230611T152930
[2023-06-11T15:29:31.379+0000] {local_task_job_runner.py:225} INFO - Task exited with return code 0
[2023-06-11T15:29:32.058+0000] {taskinstance.py:2651} INFO - 0 downstream tasks scheduled from follow-on schedule check
