[2023-06-11T04:49:37.461+0000] {taskinstance.py:1103} INFO - Dependencies all met for dep_context=non-requeueable deps ti=<TaskInstance: dag_pythonoperator_00.first_task scheduled__2023-06-09T00:00:00+00:00 [queued]>
[2023-06-11T04:49:37.819+0000] {taskinstance.py:1103} INFO - Dependencies all met for dep_context=requeueable deps ti=<TaskInstance: dag_pythonoperator_00.first_task scheduled__2023-06-09T00:00:00+00:00 [queued]>
[2023-06-11T04:49:37.820+0000] {taskinstance.py:1308} INFO - Starting attempt 1 of 6
[2023-06-11T04:49:39.228+0000] {taskinstance.py:1327} INFO - Executing <Task(PythonOperator): first_task> on 2023-06-09 00:00:00+00:00
[2023-06-11T04:49:39.562+0000] {standard_task_runner.py:84} INFO - Running: ['***', 'tasks', 'run', 'dag_pythonoperator_00', 'first_task', 'scheduled__2023-06-09T00:00:00+00:00', '--job-id', '212', '--raw', '--subdir', 'DAGS_FOLDER/python_operator_dag.py', '--cfg-path', '/tmp/tmp5am64jun']
[2023-06-11T04:49:39.563+0000] {standard_task_runner.py:85} INFO - Job 212: Subtask first_task
[2023-06-11T04:49:39.590+0000] {standard_task_runner.py:57} INFO - Started process 731 to run task
[2023-06-11T04:49:41.370+0000] {task_command.py:410} INFO - Running <TaskInstance: dag_pythonoperator_00.first_task scheduled__2023-06-09T00:00:00+00:00 [running]> on host 4b1b5d40d165
[2023-06-11T04:49:46.922+0000] {taskinstance.py:1547} INFO - Exporting env vars: AIRFLOW_CTX_DAG_OWNER='Raja' AIRFLOW_CTX_DAG_ID='dag_pythonoperator_00' AIRFLOW_CTX_TASK_ID='first_task' AIRFLOW_CTX_EXECUTION_DATE='2023-06-09T00:00:00+00:00' AIRFLOW_CTX_TRY_NUMBER='1' AIRFLOW_CTX_DAG_RUN_ID='scheduled__2023-06-09T00:00:00+00:00'
[2023-06-11T04:49:46.978+0000] {logging_mixin.py:149} INFO - Hai this first python_operator dag
[2023-06-11T04:49:46.978+0000] {python.py:183} INFO - Done. Returned value was: None
[2023-06-11T04:49:47.343+0000] {taskinstance.py:1350} INFO - Marking task as SUCCESS. dag_id=dag_pythonoperator_00, task_id=first_task, execution_date=20230609T000000, start_date=20230611T044937, end_date=20230611T044947
[2023-06-11T04:49:47.930+0000] {local_task_job_runner.py:225} INFO - Task exited with return code 0
[2023-06-11T04:49:49.974+0000] {taskinstance.py:2651} INFO - 0 downstream tasks scheduled from follow-on schedule check
[2023-06-11T05:21:14.897+0000] {taskinstance.py:1103} INFO - Dependencies all met for dep_context=non-requeueable deps ti=<TaskInstance: dag_pythonoperator_00.first_task scheduled__2023-06-09T00:00:00+00:00 [queued]>
[2023-06-11T05:21:15.097+0000] {taskinstance.py:1103} INFO - Dependencies all met for dep_context=requeueable deps ti=<TaskInstance: dag_pythonoperator_00.first_task scheduled__2023-06-09T00:00:00+00:00 [queued]>
[2023-06-11T05:21:15.097+0000] {taskinstance.py:1308} INFO - Starting attempt 1 of 6
[2023-06-11T05:21:16.858+0000] {taskinstance.py:1327} INFO - Executing <Task(PythonOperator): first_task> on 2023-06-09 00:00:00+00:00
[2023-06-11T05:21:16.951+0000] {standard_task_runner.py:57} INFO - Started process 845 to run task
[2023-06-11T05:21:16.993+0000] {standard_task_runner.py:84} INFO - Running: ['***', 'tasks', 'run', 'dag_pythonoperator_00', 'first_task', 'scheduled__2023-06-09T00:00:00+00:00', '--job-id', '233', '--raw', '--subdir', 'DAGS_FOLDER/python_operator_dag.py', '--cfg-path', '/tmp/tmpuc4j4kgi']
[2023-06-11T05:21:17.024+0000] {standard_task_runner.py:85} INFO - Job 233: Subtask first_task
[2023-06-11T05:21:17.879+0000] {task_command.py:410} INFO - Running <TaskInstance: dag_pythonoperator_00.first_task scheduled__2023-06-09T00:00:00+00:00 [running]> on host 69e374580eab
[2023-06-11T05:21:19.704+0000] {taskinstance.py:1547} INFO - Exporting env vars: AIRFLOW_CTX_DAG_OWNER='Raja' AIRFLOW_CTX_DAG_ID='dag_pythonoperator_00' AIRFLOW_CTX_TASK_ID='first_task' AIRFLOW_CTX_EXECUTION_DATE='2023-06-09T00:00:00+00:00' AIRFLOW_CTX_TRY_NUMBER='1' AIRFLOW_CTX_DAG_RUN_ID='scheduled__2023-06-09T00:00:00+00:00'
[2023-06-11T05:21:19.738+0000] {logging_mixin.py:149} INFO - Hai this first python_operator dag
[2023-06-11T05:21:19.739+0000] {python.py:183} INFO - Done. Returned value was: None
[2023-06-11T05:21:20.333+0000] {taskinstance.py:1350} INFO - Marking task as SUCCESS. dag_id=dag_pythonoperator_00, task_id=first_task, execution_date=20230609T000000, start_date=20230611T052114, end_date=20230611T052120
[2023-06-11T05:21:20.839+0000] {local_task_job_runner.py:225} INFO - Task exited with return code 0
[2023-06-11T05:21:21.871+0000] {taskinstance.py:2651} INFO - 1 downstream tasks scheduled from follow-on schedule check
