[2023-06-11T09:36:52.495+0000] {taskinstance.py:1103} INFO - Dependencies all met for dep_context=non-requeueable deps ti=<TaskInstance: first_dag_02.first_task scheduled__2022-03-24T00:00:00+00:00 [queued]>
[2023-06-11T09:36:53.113+0000] {taskinstance.py:1103} INFO - Dependencies all met for dep_context=requeueable deps ti=<TaskInstance: first_dag_02.first_task scheduled__2022-03-24T00:00:00+00:00 [queued]>
[2023-06-11T09:36:53.114+0000] {taskinstance.py:1308} INFO - Starting attempt 1 of 6
[2023-06-11T09:36:54.134+0000] {taskinstance.py:1327} INFO - Executing <Task(BashOperator): first_task> on 2022-03-24 00:00:00+00:00
[2023-06-11T09:36:54.257+0000] {standard_task_runner.py:57} INFO - Started process 3595 to run task
[2023-06-11T09:36:54.398+0000] {standard_task_runner.py:84} INFO - Running: ['***', 'tasks', 'run', 'first_dag_02', 'first_task', 'scheduled__2022-03-24T00:00:00+00:00', '--job-id', '1117', '--raw', '--subdir', 'DAGS_FOLDER/First_dag.py', '--cfg-path', '/tmp/tmpnw8stdw3']
[2023-06-11T09:36:54.399+0000] {standard_task_runner.py:85} INFO - Job 1117: Subtask first_task
[2023-06-11T09:36:56.677+0000] {task_command.py:410} INFO - Running <TaskInstance: first_dag_02.first_task scheduled__2022-03-24T00:00:00+00:00 [running]> on host 964e508aad03
[2023-06-11T09:37:01.183+0000] {taskinstance.py:1547} INFO - Exporting env vars: AIRFLOW_CTX_DAG_OWNER='Raja' AIRFLOW_CTX_DAG_ID='first_dag_02' AIRFLOW_CTX_TASK_ID='first_task' AIRFLOW_CTX_EXECUTION_DATE='2022-03-24T00:00:00+00:00' AIRFLOW_CTX_TRY_NUMBER='1' AIRFLOW_CTX_DAG_RUN_ID='scheduled__2022-03-24T00:00:00+00:00'
[2023-06-11T09:37:01.201+0000] {subprocess.py:63} INFO - Tmp dir root location: 
 /tmp
[2023-06-11T09:37:01.202+0000] {subprocess.py:75} INFO - Running command: ['/bin/bash', '-c', 'echo hello world, this is the first task!']
[2023-06-11T09:37:01.657+0000] {subprocess.py:86} INFO - Output:
[2023-06-11T09:37:01.722+0000] {subprocess.py:93} INFO - hello world, this is the first task!
[2023-06-11T09:37:01.723+0000] {subprocess.py:97} INFO - Command exited with return code 0
[2023-06-11T09:37:03.305+0000] {taskinstance.py:1350} INFO - Marking task as SUCCESS. dag_id=first_dag_02, task_id=first_task, execution_date=20220324T000000, start_date=20230611T093652, end_date=20230611T093703
[2023-06-11T09:37:04.052+0000] {local_task_job_runner.py:225} INFO - Task exited with return code 0
[2023-06-11T09:37:05.009+0000] {taskinstance.py:2651} INFO - 2 downstream tasks scheduled from follow-on schedule check
[2023-06-11T15:26:41.493+0000] {taskinstance.py:1103} INFO - Dependencies all met for dep_context=non-requeueable deps ti=<TaskInstance: first_dag_02.first_task scheduled__2022-03-24T00:00:00+00:00 [queued]>
[2023-06-11T15:26:41.808+0000] {taskinstance.py:1103} INFO - Dependencies all met for dep_context=requeueable deps ti=<TaskInstance: first_dag_02.first_task scheduled__2022-03-24T00:00:00+00:00 [queued]>
[2023-06-11T15:26:41.808+0000] {taskinstance.py:1308} INFO - Starting attempt 1 of 6
[2023-06-11T15:26:42.002+0000] {taskinstance.py:1327} INFO - Executing <Task(BashOperator): first_task> on 2022-03-24 00:00:00+00:00
[2023-06-11T15:26:42.017+0000] {standard_task_runner.py:57} INFO - Started process 249 to run task
[2023-06-11T15:26:42.153+0000] {standard_task_runner.py:84} INFO - Running: ['***', 'tasks', 'run', 'first_dag_02', 'first_task', 'scheduled__2022-03-24T00:00:00+00:00', '--job-id', '1163', '--raw', '--subdir', 'DAGS_FOLDER/First_dag.py', '--cfg-path', '/tmp/tmpv9fvqgcg']
[2023-06-11T15:26:42.154+0000] {standard_task_runner.py:85} INFO - Job 1163: Subtask first_task
[2023-06-11T15:26:42.703+0000] {task_command.py:410} INFO - Running <TaskInstance: first_dag_02.first_task scheduled__2022-03-24T00:00:00+00:00 [running]> on host 7586ce0070ac
[2023-06-11T15:26:44.601+0000] {taskinstance.py:1547} INFO - Exporting env vars: AIRFLOW_CTX_DAG_OWNER='Raja' AIRFLOW_CTX_DAG_ID='first_dag_02' AIRFLOW_CTX_TASK_ID='first_task' AIRFLOW_CTX_EXECUTION_DATE='2022-03-24T00:00:00+00:00' AIRFLOW_CTX_TRY_NUMBER='1' AIRFLOW_CTX_DAG_RUN_ID='scheduled__2022-03-24T00:00:00+00:00'
[2023-06-11T15:26:44.607+0000] {subprocess.py:63} INFO - Tmp dir root location: 
 /tmp
[2023-06-11T15:26:44.622+0000] {subprocess.py:75} INFO - Running command: ['/bin/bash', '-c', 'echo hello world, this is the first task!']
[2023-06-11T15:26:44.680+0000] {subprocess.py:86} INFO - Output:
[2023-06-11T15:26:44.699+0000] {subprocess.py:93} INFO - hello world, this is the first task!
[2023-06-11T15:26:44.704+0000] {subprocess.py:97} INFO - Command exited with return code 0
[2023-06-11T15:26:45.218+0000] {taskinstance.py:1350} INFO - Marking task as SUCCESS. dag_id=first_dag_02, task_id=first_task, execution_date=20220324T000000, start_date=20230611T152641, end_date=20230611T152645
[2023-06-11T15:26:45.882+0000] {local_task_job_runner.py:225} INFO - Task exited with return code 0
[2023-06-11T15:26:46.830+0000] {taskinstance.py:2651} INFO - 2 downstream tasks scheduled from follow-on schedule check
