[2023-06-11T09:44:23.378+0000] {taskinstance.py:1103} INFO - Dependencies all met for dep_context=non-requeueable deps ti=<TaskInstance: dag_cron_expression_03.task1 scheduled__2021-12-22T03:00:00+00:00 [queued]>
[2023-06-11T09:44:23.784+0000] {taskinstance.py:1103} INFO - Dependencies all met for dep_context=requeueable deps ti=<TaskInstance: dag_cron_expression_03.task1 scheduled__2021-12-22T03:00:00+00:00 [queued]>
[2023-06-11T09:44:23.790+0000] {taskinstance.py:1308} INFO - Starting attempt 1 of 6
[2023-06-11T09:44:24.460+0000] {taskinstance.py:1327} INFO - Executing <Task(BashOperator): task1> on 2021-12-22 03:00:00+00:00
[2023-06-11T09:44:24.559+0000] {standard_task_runner.py:57} INFO - Started process 4484 to run task
[2023-06-11T09:44:24.685+0000] {standard_task_runner.py:84} INFO - Running: ['***', 'tasks', 'run', 'dag_cron_expression_03', 'task1', 'scheduled__2021-12-22T03:00:00+00:00', '--job-id', '1373', '--raw', '--subdir', 'DAGS_FOLDER/dag_corn.py', '--cfg-path', '/tmp/tmpmm9ml0cx']
[2023-06-11T09:44:24.686+0000] {standard_task_runner.py:85} INFO - Job 1373: Subtask task1
[2023-06-11T09:44:24.995+0000] {task_command.py:410} INFO - Running <TaskInstance: dag_cron_expression_03.task1 scheduled__2021-12-22T03:00:00+00:00 [running]> on host 964e508aad03
[2023-06-11T09:44:26.806+0000] {taskinstance.py:1547} INFO - Exporting env vars: AIRFLOW_CTX_DAG_OWNER='Raja' AIRFLOW_CTX_DAG_ID='dag_cron_expression_03' AIRFLOW_CTX_TASK_ID='task1' AIRFLOW_CTX_EXECUTION_DATE='2021-12-22T03:00:00+00:00' AIRFLOW_CTX_TRY_NUMBER='1' AIRFLOW_CTX_DAG_RUN_ID='scheduled__2021-12-22T03:00:00+00:00'
[2023-06-11T09:44:26.811+0000] {subprocess.py:63} INFO - Tmp dir root location: 
 /tmp
[2023-06-11T09:44:26.812+0000] {subprocess.py:75} INFO - Running command: ['/bin/bash', '-c', 'echo dag with cron expression!']
[2023-06-11T09:44:26.839+0000] {subprocess.py:86} INFO - Output:
[2023-06-11T09:44:26.846+0000] {subprocess.py:93} INFO - dag with cron expression!
[2023-06-11T09:44:26.847+0000] {subprocess.py:97} INFO - Command exited with return code 0
[2023-06-11T09:44:27.284+0000] {taskinstance.py:1350} INFO - Marking task as SUCCESS. dag_id=dag_cron_expression_03, task_id=task1, execution_date=20211222T030000, start_date=20230611T094423, end_date=20230611T094427
[2023-06-11T09:44:27.804+0000] {local_task_job_runner.py:225} INFO - Task exited with return code 0
[2023-06-11T09:44:28.599+0000] {taskinstance.py:2651} INFO - 0 downstream tasks scheduled from follow-on schedule check
[2023-06-11T10:41:35.343+0000] {taskinstance.py:1103} INFO - Dependencies all met for dep_context=non-requeueable deps ti=<TaskInstance: dag_cron_expression_03.task1 scheduled__2021-12-22T03:00:00+00:00 [queued]>
[2023-06-11T10:41:35.490+0000] {taskinstance.py:1103} INFO - Dependencies all met for dep_context=requeueable deps ti=<TaskInstance: dag_cron_expression_03.task1 scheduled__2021-12-22T03:00:00+00:00 [queued]>
[2023-06-11T10:41:35.513+0000] {taskinstance.py:1308} INFO - Starting attempt 1 of 6
[2023-06-11T10:41:36.545+0000] {taskinstance.py:1327} INFO - Executing <Task(BashOperator): task1> on 2021-12-22 03:00:00+00:00
[2023-06-11T10:41:36.824+0000] {standard_task_runner.py:57} INFO - Started process 626 to run task
[2023-06-11T10:41:36.884+0000] {standard_task_runner.py:84} INFO - Running: ['***', 'tasks', 'run', 'dag_cron_expression_03', 'task1', 'scheduled__2021-12-22T03:00:00+00:00', '--job-id', '171', '--raw', '--subdir', 'DAGS_FOLDER/dag_cron.py', '--cfg-path', '/tmp/tmpkc2n05bk']
[2023-06-11T10:41:36.887+0000] {standard_task_runner.py:85} INFO - Job 171: Subtask task1
[2023-06-11T10:41:37.688+0000] {task_command.py:410} INFO - Running <TaskInstance: dag_cron_expression_03.task1 scheduled__2021-12-22T03:00:00+00:00 [running]> on host 7586ce0070ac
[2023-06-11T10:41:47.750+0000] {taskinstance.py:1547} INFO - Exporting env vars: AIRFLOW_CTX_DAG_OWNER='Raja' AIRFLOW_CTX_DAG_ID='dag_cron_expression_03' AIRFLOW_CTX_TASK_ID='task1' AIRFLOW_CTX_EXECUTION_DATE='2021-12-22T03:00:00+00:00' AIRFLOW_CTX_TRY_NUMBER='1' AIRFLOW_CTX_DAG_RUN_ID='scheduled__2021-12-22T03:00:00+00:00'
[2023-06-11T10:41:48.432+0000] {subprocess.py:63} INFO - Tmp dir root location: 
 /tmp
[2023-06-11T10:41:48.441+0000] {subprocess.py:75} INFO - Running command: ['/bin/bash', '-c', 'echo dag with cron expression!']
[2023-06-11T10:41:48.844+0000] {subprocess.py:86} INFO - Output:
[2023-06-11T10:41:49.021+0000] {subprocess.py:93} INFO - dag with cron expression!
[2023-06-11T10:41:49.034+0000] {subprocess.py:97} INFO - Command exited with return code 0
[2023-06-11T10:41:50.026+0000] {taskinstance.py:1350} INFO - Marking task as SUCCESS. dag_id=dag_cron_expression_03, task_id=task1, execution_date=20211222T030000, start_date=20230611T104135, end_date=20230611T104150
[2023-06-11T10:41:52.486+0000] {local_task_job_runner.py:225} INFO - Task exited with return code 0
[2023-06-11T10:41:53.452+0000] {taskinstance.py:2651} INFO - 0 downstream tasks scheduled from follow-on schedule check
