[2023-06-11T08:54:16.070+0000] {taskinstance.py:1103} INFO - Dependencies all met for dep_context=non-requeueable deps ti=<TaskInstance: first_dag_02.second_task scheduled__2021-11-15T00:00:00+00:00 [queued]>
[2023-06-11T08:54:16.281+0000] {taskinstance.py:1103} INFO - Dependencies all met for dep_context=requeueable deps ti=<TaskInstance: first_dag_02.second_task scheduled__2021-11-15T00:00:00+00:00 [queued]>
[2023-06-11T08:54:16.281+0000] {taskinstance.py:1308} INFO - Starting attempt 1 of 6
[2023-06-11T08:54:17.034+0000] {taskinstance.py:1327} INFO - Executing <Task(BashOperator): second_task> on 2021-11-15 00:00:00+00:00
[2023-06-11T08:54:17.044+0000] {standard_task_runner.py:57} INFO - Started process 1770 to run task
[2023-06-11T08:54:17.110+0000] {standard_task_runner.py:84} INFO - Running: ['***', 'tasks', 'run', 'first_dag_02', 'second_task', 'scheduled__2021-11-15T00:00:00+00:00', '--job-id', '549', '--raw', '--subdir', 'DAGS_FOLDER/First_dag.py', '--cfg-path', '/tmp/tmp7ibwpcoh']
[2023-06-11T08:54:17.136+0000] {standard_task_runner.py:85} INFO - Job 549: Subtask second_task
[2023-06-11T08:54:17.693+0000] {task_command.py:410} INFO - Running <TaskInstance: first_dag_02.second_task scheduled__2021-11-15T00:00:00+00:00 [running]> on host 964e508aad03
[2023-06-11T08:54:19.575+0000] {taskinstance.py:1547} INFO - Exporting env vars: AIRFLOW_CTX_DAG_OWNER='Raja' AIRFLOW_CTX_DAG_ID='first_dag_02' AIRFLOW_CTX_TASK_ID='second_task' AIRFLOW_CTX_EXECUTION_DATE='2021-11-15T00:00:00+00:00' AIRFLOW_CTX_TRY_NUMBER='1' AIRFLOW_CTX_DAG_RUN_ID='scheduled__2021-11-15T00:00:00+00:00'
[2023-06-11T08:54:19.577+0000] {subprocess.py:63} INFO - Tmp dir root location: 
 /tmp
[2023-06-11T08:54:19.577+0000] {subprocess.py:75} INFO - Running command: ['/bin/bash', '-c', 'echo hey, I am task2 and will be running after task1!']
[2023-06-11T08:54:19.636+0000] {subprocess.py:86} INFO - Output:
[2023-06-11T08:54:19.643+0000] {subprocess.py:93} INFO - hey, I am task2 and will be running after task1!
[2023-06-11T08:54:19.662+0000] {subprocess.py:97} INFO - Command exited with return code 0
[2023-06-11T08:54:19.819+0000] {taskinstance.py:1350} INFO - Marking task as SUCCESS. dag_id=first_dag_02, task_id=second_task, execution_date=20211115T000000, start_date=20230611T085416, end_date=20230611T085419
[2023-06-11T08:54:19.940+0000] {local_task_job_runner.py:225} INFO - Task exited with return code 0
[2023-06-11T08:54:20.303+0000] {taskinstance.py:2651} INFO - 0 downstream tasks scheduled from follow-on schedule check
[2023-06-11T11:15:49.707+0000] {taskinstance.py:1103} INFO - Dependencies all met for dep_context=non-requeueable deps ti=<TaskInstance: first_dag_02.second_task scheduled__2021-11-15T00:00:00+00:00 [queued]>
[2023-06-11T11:15:50.030+0000] {taskinstance.py:1103} INFO - Dependencies all met for dep_context=requeueable deps ti=<TaskInstance: first_dag_02.second_task scheduled__2021-11-15T00:00:00+00:00 [queued]>
[2023-06-11T11:15:50.031+0000] {taskinstance.py:1308} INFO - Starting attempt 1 of 6
[2023-06-11T11:15:50.531+0000] {taskinstance.py:1327} INFO - Executing <Task(BashOperator): second_task> on 2021-11-15 00:00:00+00:00
[2023-06-11T11:15:50.560+0000] {standard_task_runner.py:57} INFO - Started process 404 to run task
[2023-06-11T11:15:50.760+0000] {standard_task_runner.py:84} INFO - Running: ['***', 'tasks', 'run', 'first_dag_02', 'second_task', 'scheduled__2021-11-15T00:00:00+00:00', '--job-id', '583', '--raw', '--subdir', 'DAGS_FOLDER/First_dag.py', '--cfg-path', '/tmp/tmp1g0cmn6q']
[2023-06-11T11:15:50.761+0000] {standard_task_runner.py:85} INFO - Job 583: Subtask second_task
[2023-06-11T11:15:51.077+0000] {task_command.py:410} INFO - Running <TaskInstance: first_dag_02.second_task scheduled__2021-11-15T00:00:00+00:00 [running]> on host 7586ce0070ac
[2023-06-11T11:15:52.814+0000] {taskinstance.py:1547} INFO - Exporting env vars: AIRFLOW_CTX_DAG_OWNER='Raja' AIRFLOW_CTX_DAG_ID='first_dag_02' AIRFLOW_CTX_TASK_ID='second_task' AIRFLOW_CTX_EXECUTION_DATE='2021-11-15T00:00:00+00:00' AIRFLOW_CTX_TRY_NUMBER='1' AIRFLOW_CTX_DAG_RUN_ID='scheduled__2021-11-15T00:00:00+00:00'
[2023-06-11T11:15:52.817+0000] {subprocess.py:63} INFO - Tmp dir root location: 
 /tmp
[2023-06-11T11:15:52.844+0000] {subprocess.py:75} INFO - Running command: ['/bin/bash', '-c', 'echo hey, I am task2 and will be running after task1!']
[2023-06-11T11:15:53.099+0000] {subprocess.py:86} INFO - Output:
[2023-06-11T11:15:53.119+0000] {subprocess.py:93} INFO - hey, I am task2 and will be running after task1!
[2023-06-11T11:15:53.137+0000] {subprocess.py:97} INFO - Command exited with return code 0
[2023-06-11T11:15:53.469+0000] {taskinstance.py:1350} INFO - Marking task as SUCCESS. dag_id=first_dag_02, task_id=second_task, execution_date=20211115T000000, start_date=20230611T111549, end_date=20230611T111553
[2023-06-11T11:15:53.720+0000] {local_task_job_runner.py:225} INFO - Task exited with return code 0
[2023-06-11T11:15:54.162+0000] {taskinstance.py:2651} INFO - 0 downstream tasks scheduled from follow-on schedule check
