[2023-06-11T08:54:09.814+0000] {taskinstance.py:1103} INFO - Dependencies all met for dep_context=non-requeueable deps ti=<TaskInstance: first_dag_02.first_task scheduled__2021-11-18T00:00:00+00:00 [queued]>
[2023-06-11T08:54:10.081+0000] {taskinstance.py:1103} INFO - Dependencies all met for dep_context=requeueable deps ti=<TaskInstance: first_dag_02.first_task scheduled__2021-11-18T00:00:00+00:00 [queued]>
[2023-06-11T08:54:10.092+0000] {taskinstance.py:1308} INFO - Starting attempt 1 of 6
[2023-06-11T08:54:10.593+0000] {taskinstance.py:1327} INFO - Executing <Task(BashOperator): first_task> on 2021-11-18 00:00:00+00:00
[2023-06-11T08:54:10.615+0000] {standard_task_runner.py:57} INFO - Started process 1741 to run task
[2023-06-11T08:54:10.630+0000] {standard_task_runner.py:84} INFO - Running: ['***', 'tasks', 'run', 'first_dag_02', 'first_task', 'scheduled__2021-11-18T00:00:00+00:00', '--job-id', '537', '--raw', '--subdir', 'DAGS_FOLDER/First_dag.py', '--cfg-path', '/tmp/tmpt6x92ob1']
[2023-06-11T08:54:10.631+0000] {standard_task_runner.py:85} INFO - Job 537: Subtask first_task
[2023-06-11T08:54:11.295+0000] {task_command.py:410} INFO - Running <TaskInstance: first_dag_02.first_task scheduled__2021-11-18T00:00:00+00:00 [running]> on host 964e508aad03
[2023-06-11T08:54:13.003+0000] {taskinstance.py:1547} INFO - Exporting env vars: AIRFLOW_CTX_DAG_OWNER='Raja' AIRFLOW_CTX_DAG_ID='first_dag_02' AIRFLOW_CTX_TASK_ID='first_task' AIRFLOW_CTX_EXECUTION_DATE='2021-11-18T00:00:00+00:00' AIRFLOW_CTX_TRY_NUMBER='1' AIRFLOW_CTX_DAG_RUN_ID='scheduled__2021-11-18T00:00:00+00:00'
[2023-06-11T08:54:13.006+0000] {subprocess.py:63} INFO - Tmp dir root location: 
 /tmp
[2023-06-11T08:54:13.009+0000] {subprocess.py:75} INFO - Running command: ['/bin/bash', '-c', 'echo hello world, this is the first task!']
[2023-06-11T08:54:13.093+0000] {subprocess.py:86} INFO - Output:
[2023-06-11T08:54:13.118+0000] {subprocess.py:93} INFO - hello world, this is the first task!
[2023-06-11T08:54:13.119+0000] {subprocess.py:97} INFO - Command exited with return code 0
[2023-06-11T08:54:13.432+0000] {taskinstance.py:1350} INFO - Marking task as SUCCESS. dag_id=first_dag_02, task_id=first_task, execution_date=20211118T000000, start_date=20230611T085409, end_date=20230611T085413
[2023-06-11T08:54:13.627+0000] {local_task_job_runner.py:225} INFO - Task exited with return code 0
[2023-06-11T08:54:14.220+0000] {taskinstance.py:2651} INFO - 2 downstream tasks scheduled from follow-on schedule check
[2023-06-11T11:15:45.955+0000] {taskinstance.py:1103} INFO - Dependencies all met for dep_context=non-requeueable deps ti=<TaskInstance: first_dag_02.first_task scheduled__2021-11-18T00:00:00+00:00 [queued]>
[2023-06-11T11:15:46.391+0000] {taskinstance.py:1103} INFO - Dependencies all met for dep_context=requeueable deps ti=<TaskInstance: first_dag_02.first_task scheduled__2021-11-18T00:00:00+00:00 [queued]>
[2023-06-11T11:15:46.402+0000] {taskinstance.py:1308} INFO - Starting attempt 1 of 6
[2023-06-11T11:15:46.714+0000] {taskinstance.py:1327} INFO - Executing <Task(BashOperator): first_task> on 2021-11-18 00:00:00+00:00
[2023-06-11T11:15:46.746+0000] {standard_task_runner.py:57} INFO - Started process 390 to run task
[2023-06-11T11:15:46.763+0000] {standard_task_runner.py:84} INFO - Running: ['***', 'tasks', 'run', 'first_dag_02', 'first_task', 'scheduled__2021-11-18T00:00:00+00:00', '--job-id', '578', '--raw', '--subdir', 'DAGS_FOLDER/First_dag.py', '--cfg-path', '/tmp/tmpd7abmhx_']
[2023-06-11T11:15:46.764+0000] {standard_task_runner.py:85} INFO - Job 578: Subtask first_task
[2023-06-11T11:15:47.210+0000] {task_command.py:410} INFO - Running <TaskInstance: first_dag_02.first_task scheduled__2021-11-18T00:00:00+00:00 [running]> on host 7586ce0070ac
[2023-06-11T11:15:48.205+0000] {taskinstance.py:1547} INFO - Exporting env vars: AIRFLOW_CTX_DAG_OWNER='Raja' AIRFLOW_CTX_DAG_ID='first_dag_02' AIRFLOW_CTX_TASK_ID='first_task' AIRFLOW_CTX_EXECUTION_DATE='2021-11-18T00:00:00+00:00' AIRFLOW_CTX_TRY_NUMBER='1' AIRFLOW_CTX_DAG_RUN_ID='scheduled__2021-11-18T00:00:00+00:00'
[2023-06-11T11:15:48.209+0000] {subprocess.py:63} INFO - Tmp dir root location: 
 /tmp
[2023-06-11T11:15:48.251+0000] {subprocess.py:75} INFO - Running command: ['/bin/bash', '-c', 'echo hello world, this is the first task!']
[2023-06-11T11:15:48.365+0000] {subprocess.py:86} INFO - Output:
[2023-06-11T11:15:48.398+0000] {subprocess.py:93} INFO - hello world, this is the first task!
[2023-06-11T11:15:48.398+0000] {subprocess.py:97} INFO - Command exited with return code 0
[2023-06-11T11:15:48.892+0000] {taskinstance.py:1350} INFO - Marking task as SUCCESS. dag_id=first_dag_02, task_id=first_task, execution_date=20211118T000000, start_date=20230611T111546, end_date=20230611T111548
[2023-06-11T11:15:49.337+0000] {local_task_job_runner.py:225} INFO - Task exited with return code 0
[2023-06-11T11:15:49.909+0000] {taskinstance.py:2651} INFO - 2 downstream tasks scheduled from follow-on schedule check
