[2023-06-11T08:55:07.074+0000] {taskinstance.py:1103} INFO - Dependencies all met for dep_context=non-requeueable deps ti=<TaskInstance: first_dag_02.first_task scheduled__2021-12-02T00:00:00+00:00 [queued]>
[2023-06-11T08:55:07.225+0000] {taskinstance.py:1103} INFO - Dependencies all met for dep_context=requeueable deps ti=<TaskInstance: first_dag_02.first_task scheduled__2021-12-02T00:00:00+00:00 [queued]>
[2023-06-11T08:55:07.229+0000] {taskinstance.py:1308} INFO - Starting attempt 1 of 6
[2023-06-11T08:55:08.295+0000] {taskinstance.py:1327} INFO - Executing <Task(BashOperator): first_task> on 2021-12-02 00:00:00+00:00
[2023-06-11T08:55:08.374+0000] {standard_task_runner.py:57} INFO - Started process 1962 to run task
[2023-06-11T08:55:08.557+0000] {standard_task_runner.py:84} INFO - Running: ['***', 'tasks', 'run', 'first_dag_02', 'first_task', 'scheduled__2021-12-02T00:00:00+00:00', '--job-id', '610', '--raw', '--subdir', 'DAGS_FOLDER/First_dag.py', '--cfg-path', '/tmp/tmph4rbutfy']
[2023-06-11T08:55:08.558+0000] {standard_task_runner.py:85} INFO - Job 610: Subtask first_task
[2023-06-11T08:55:09.967+0000] {task_command.py:410} INFO - Running <TaskInstance: first_dag_02.first_task scheduled__2021-12-02T00:00:00+00:00 [running]> on host 964e508aad03
[2023-06-11T08:55:12.220+0000] {taskinstance.py:1547} INFO - Exporting env vars: AIRFLOW_CTX_DAG_OWNER='Raja' AIRFLOW_CTX_DAG_ID='first_dag_02' AIRFLOW_CTX_TASK_ID='first_task' AIRFLOW_CTX_EXECUTION_DATE='2021-12-02T00:00:00+00:00' AIRFLOW_CTX_TRY_NUMBER='1' AIRFLOW_CTX_DAG_RUN_ID='scheduled__2021-12-02T00:00:00+00:00'
[2023-06-11T08:55:12.222+0000] {subprocess.py:63} INFO - Tmp dir root location: 
 /tmp
[2023-06-11T08:55:12.222+0000] {subprocess.py:75} INFO - Running command: ['/bin/bash', '-c', 'echo hello world, this is the first task!']
[2023-06-11T08:55:12.402+0000] {subprocess.py:86} INFO - Output:
[2023-06-11T08:55:12.446+0000] {subprocess.py:93} INFO - hello world, this is the first task!
[2023-06-11T08:55:12.484+0000] {subprocess.py:97} INFO - Command exited with return code 0
[2023-06-11T08:55:12.908+0000] {taskinstance.py:1350} INFO - Marking task as SUCCESS. dag_id=first_dag_02, task_id=first_task, execution_date=20211202T000000, start_date=20230611T085507, end_date=20230611T085512
[2023-06-11T08:55:13.229+0000] {local_task_job_runner.py:225} INFO - Task exited with return code 0
[2023-06-11T08:55:13.342+0000] {taskinstance.py:2651} INFO - 2 downstream tasks scheduled from follow-on schedule check
[2023-06-11T11:18:00.187+0000] {taskinstance.py:1103} INFO - Dependencies all met for dep_context=non-requeueable deps ti=<TaskInstance: first_dag_02.first_task scheduled__2021-12-02T00:00:00+00:00 [queued]>
[2023-06-11T11:18:00.546+0000] {taskinstance.py:1103} INFO - Dependencies all met for dep_context=requeueable deps ti=<TaskInstance: first_dag_02.first_task scheduled__2021-12-02T00:00:00+00:00 [queued]>
[2023-06-11T11:18:00.547+0000] {taskinstance.py:1308} INFO - Starting attempt 1 of 6
[2023-06-11T11:18:01.365+0000] {taskinstance.py:1327} INFO - Executing <Task(BashOperator): first_task> on 2021-12-02 00:00:00+00:00
[2023-06-11T11:18:01.441+0000] {standard_task_runner.py:57} INFO - Started process 648 to run task
[2023-06-11T11:18:01.526+0000] {standard_task_runner.py:84} INFO - Running: ['***', 'tasks', 'run', 'first_dag_02', 'first_task', 'scheduled__2021-12-02T00:00:00+00:00', '--job-id', '653', '--raw', '--subdir', 'DAGS_FOLDER/First_dag.py', '--cfg-path', '/tmp/tmpppovbx4j']
[2023-06-11T11:18:01.539+0000] {standard_task_runner.py:85} INFO - Job 653: Subtask first_task
[2023-06-11T11:18:02.331+0000] {task_command.py:410} INFO - Running <TaskInstance: first_dag_02.first_task scheduled__2021-12-02T00:00:00+00:00 [running]> on host 7586ce0070ac
[2023-06-11T11:18:05.659+0000] {taskinstance.py:1547} INFO - Exporting env vars: AIRFLOW_CTX_DAG_OWNER='Raja' AIRFLOW_CTX_DAG_ID='first_dag_02' AIRFLOW_CTX_TASK_ID='first_task' AIRFLOW_CTX_EXECUTION_DATE='2021-12-02T00:00:00+00:00' AIRFLOW_CTX_TRY_NUMBER='1' AIRFLOW_CTX_DAG_RUN_ID='scheduled__2021-12-02T00:00:00+00:00'
[2023-06-11T11:18:05.661+0000] {subprocess.py:63} INFO - Tmp dir root location: 
 /tmp
[2023-06-11T11:18:05.693+0000] {subprocess.py:75} INFO - Running command: ['/bin/bash', '-c', 'echo hello world, this is the first task!']
[2023-06-11T11:18:05.862+0000] {subprocess.py:86} INFO - Output:
[2023-06-11T11:18:05.896+0000] {subprocess.py:93} INFO - hello world, this is the first task!
[2023-06-11T11:18:05.897+0000] {subprocess.py:97} INFO - Command exited with return code 0
[2023-06-11T11:18:06.320+0000] {taskinstance.py:1350} INFO - Marking task as SUCCESS. dag_id=first_dag_02, task_id=first_task, execution_date=20211202T000000, start_date=20230611T111800, end_date=20230611T111806
[2023-06-11T11:18:07.027+0000] {local_task_job_runner.py:225} INFO - Task exited with return code 0
[2023-06-11T11:18:07.635+0000] {taskinstance.py:2651} INFO - 2 downstream tasks scheduled from follow-on schedule check
