[2023-06-11T08:58:52.909+0000] {taskinstance.py:1103} INFO - Dependencies all met for dep_context=non-requeueable deps ti=<TaskInstance: first_dag_02.first_task scheduled__2022-02-03T00:00:00+00:00 [queued]>
[2023-06-11T08:58:53.165+0000] {taskinstance.py:1103} INFO - Dependencies all met for dep_context=requeueable deps ti=<TaskInstance: first_dag_02.first_task scheduled__2022-02-03T00:00:00+00:00 [queued]>
[2023-06-11T08:58:53.165+0000] {taskinstance.py:1308} INFO - Starting attempt 1 of 6
[2023-06-11T08:58:53.599+0000] {taskinstance.py:1327} INFO - Executing <Task(BashOperator): first_task> on 2022-02-03 00:00:00+00:00
[2023-06-11T08:58:53.656+0000] {standard_task_runner.py:57} INFO - Started process 2818 to run task
[2023-06-11T08:58:53.688+0000] {standard_task_runner.py:84} INFO - Running: ['***', 'tasks', 'run', 'first_dag_02', 'first_task', 'scheduled__2022-02-03T00:00:00+00:00', '--job-id', '878', '--raw', '--subdir', 'DAGS_FOLDER/First_dag.py', '--cfg-path', '/tmp/tmpbht67sq9']
[2023-06-11T08:58:53.702+0000] {standard_task_runner.py:85} INFO - Job 878: Subtask first_task
[2023-06-11T08:58:54.369+0000] {task_command.py:410} INFO - Running <TaskInstance: first_dag_02.first_task scheduled__2022-02-03T00:00:00+00:00 [running]> on host 964e508aad03
[2023-06-11T08:58:56.399+0000] {taskinstance.py:1547} INFO - Exporting env vars: AIRFLOW_CTX_DAG_OWNER='Raja' AIRFLOW_CTX_DAG_ID='first_dag_02' AIRFLOW_CTX_TASK_ID='first_task' AIRFLOW_CTX_EXECUTION_DATE='2022-02-03T00:00:00+00:00' AIRFLOW_CTX_TRY_NUMBER='1' AIRFLOW_CTX_DAG_RUN_ID='scheduled__2022-02-03T00:00:00+00:00'
[2023-06-11T08:58:56.409+0000] {subprocess.py:63} INFO - Tmp dir root location: 
 /tmp
[2023-06-11T08:58:56.410+0000] {subprocess.py:75} INFO - Running command: ['/bin/bash', '-c', 'echo hello world, this is the first task!']
[2023-06-11T08:58:56.553+0000] {subprocess.py:86} INFO - Output:
[2023-06-11T08:58:56.555+0000] {subprocess.py:93} INFO - hello world, this is the first task!
[2023-06-11T08:58:56.556+0000] {subprocess.py:97} INFO - Command exited with return code 0
[2023-06-11T08:58:57.039+0000] {taskinstance.py:1350} INFO - Marking task as SUCCESS. dag_id=first_dag_02, task_id=first_task, execution_date=20220203T000000, start_date=20230611T085852, end_date=20230611T085857
[2023-06-11T08:58:57.370+0000] {local_task_job_runner.py:225} INFO - Task exited with return code 0
[2023-06-11T08:58:57.786+0000] {taskinstance.py:2651} INFO - 2 downstream tasks scheduled from follow-on schedule check
[2023-06-11T11:32:37.545+0000] {taskinstance.py:1103} INFO - Dependencies all met for dep_context=non-requeueable deps ti=<TaskInstance: first_dag_02.first_task scheduled__2022-02-03T00:00:00+00:00 [queued]>
[2023-06-11T11:32:37.736+0000] {taskinstance.py:1103} INFO - Dependencies all met for dep_context=requeueable deps ti=<TaskInstance: first_dag_02.first_task scheduled__2022-02-03T00:00:00+00:00 [queued]>
[2023-06-11T11:32:37.736+0000] {taskinstance.py:1308} INFO - Starting attempt 1 of 6
[2023-06-11T11:32:39.054+0000] {taskinstance.py:1327} INFO - Executing <Task(BashOperator): first_task> on 2022-02-03 00:00:00+00:00
[2023-06-11T11:32:39.174+0000] {standard_task_runner.py:57} INFO - Started process 430 to run task
[2023-06-11T11:32:39.268+0000] {standard_task_runner.py:84} INFO - Running: ['***', 'tasks', 'run', 'first_dag_02', 'first_task', 'scheduled__2022-02-03T00:00:00+00:00', '--job-id', '933', '--raw', '--subdir', 'DAGS_FOLDER/First_dag.py', '--cfg-path', '/tmp/tmp7niik9mi']
[2023-06-11T11:32:39.408+0000] {standard_task_runner.py:85} INFO - Job 933: Subtask first_task
[2023-06-11T11:32:40.178+0000] {task_command.py:410} INFO - Running <TaskInstance: first_dag_02.first_task scheduled__2022-02-03T00:00:00+00:00 [running]> on host 7586ce0070ac
[2023-06-11T11:32:42.171+0000] {taskinstance.py:1547} INFO - Exporting env vars: AIRFLOW_CTX_DAG_OWNER='Raja' AIRFLOW_CTX_DAG_ID='first_dag_02' AIRFLOW_CTX_TASK_ID='first_task' AIRFLOW_CTX_EXECUTION_DATE='2022-02-03T00:00:00+00:00' AIRFLOW_CTX_TRY_NUMBER='1' AIRFLOW_CTX_DAG_RUN_ID='scheduled__2022-02-03T00:00:00+00:00'
[2023-06-11T11:32:42.230+0000] {subprocess.py:63} INFO - Tmp dir root location: 
 /tmp
[2023-06-11T11:32:42.267+0000] {subprocess.py:75} INFO - Running command: ['/bin/bash', '-c', 'echo hello world, this is the first task!']
[2023-06-11T11:32:42.628+0000] {subprocess.py:86} INFO - Output:
[2023-06-11T11:32:42.742+0000] {subprocess.py:93} INFO - hello world, this is the first task!
[2023-06-11T11:32:42.742+0000] {subprocess.py:97} INFO - Command exited with return code 0
[2023-06-11T11:32:43.324+0000] {taskinstance.py:1350} INFO - Marking task as SUCCESS. dag_id=first_dag_02, task_id=first_task, execution_date=20220203T000000, start_date=20230611T113237, end_date=20230611T113243
[2023-06-11T11:32:43.524+0000] {local_task_job_runner.py:225} INFO - Task exited with return code 0
[2023-06-11T11:32:43.914+0000] {taskinstance.py:2651} INFO - 2 downstream tasks scheduled from follow-on schedule check
