[2023-06-11T09:47:04.675+0000] {taskinstance.py:1103} INFO - Dependencies all met for dep_context=non-requeueable deps ti=<TaskInstance: dag_cron_expression_03.task1 scheduled__2022-03-15T03:00:00+00:00 [queued]>
[2023-06-11T09:47:04.861+0000] {taskinstance.py:1103} INFO - Dependencies all met for dep_context=requeueable deps ti=<TaskInstance: dag_cron_expression_03.task1 scheduled__2022-03-15T03:00:00+00:00 [queued]>
[2023-06-11T09:47:04.862+0000] {taskinstance.py:1308} INFO - Starting attempt 1 of 6
[2023-06-11T09:47:05.511+0000] {taskinstance.py:1327} INFO - Executing <Task(BashOperator): task1> on 2022-03-15 03:00:00+00:00
[2023-06-11T09:47:05.689+0000] {standard_task_runner.py:57} INFO - Started process 5010 to run task
[2023-06-11T09:47:05.707+0000] {standard_task_runner.py:84} INFO - Running: ['***', 'tasks', 'run', 'dag_cron_expression_03', 'task1', 'scheduled__2022-03-15T03:00:00+00:00', '--job-id', '1537', '--raw', '--subdir', 'DAGS_FOLDER/dag_corn.py', '--cfg-path', '/tmp/tmp0t8cczxa']
[2023-06-11T09:47:05.708+0000] {standard_task_runner.py:85} INFO - Job 1537: Subtask task1
[2023-06-11T09:47:06.244+0000] {task_command.py:410} INFO - Running <TaskInstance: dag_cron_expression_03.task1 scheduled__2022-03-15T03:00:00+00:00 [running]> on host 964e508aad03
[2023-06-11T09:47:08.324+0000] {taskinstance.py:1547} INFO - Exporting env vars: AIRFLOW_CTX_DAG_OWNER='Raja' AIRFLOW_CTX_DAG_ID='dag_cron_expression_03' AIRFLOW_CTX_TASK_ID='task1' AIRFLOW_CTX_EXECUTION_DATE='2022-03-15T03:00:00+00:00' AIRFLOW_CTX_TRY_NUMBER='1' AIRFLOW_CTX_DAG_RUN_ID='scheduled__2022-03-15T03:00:00+00:00'
[2023-06-11T09:47:08.326+0000] {subprocess.py:63} INFO - Tmp dir root location: 
 /tmp
[2023-06-11T09:47:08.327+0000] {subprocess.py:75} INFO - Running command: ['/bin/bash', '-c', 'echo dag with cron expression!']
[2023-06-11T09:47:08.409+0000] {subprocess.py:86} INFO - Output:
[2023-06-11T09:47:08.452+0000] {subprocess.py:93} INFO - dag with cron expression!
[2023-06-11T09:47:08.468+0000] {subprocess.py:97} INFO - Command exited with return code 0
[2023-06-11T09:47:09.323+0000] {taskinstance.py:1350} INFO - Marking task as SUCCESS. dag_id=dag_cron_expression_03, task_id=task1, execution_date=20220315T030000, start_date=20230611T094704, end_date=20230611T094709
[2023-06-11T09:47:09.675+0000] {local_task_job_runner.py:225} INFO - Task exited with return code 0
[2023-06-11T09:47:10.219+0000] {taskinstance.py:2651} INFO - 0 downstream tasks scheduled from follow-on schedule check
[2023-06-11T10:58:35.971+0000] {taskinstance.py:1103} INFO - Dependencies all met for dep_context=non-requeueable deps ti=<TaskInstance: dag_cron_expression_03.task1 scheduled__2022-03-15T03:00:00+00:00 [queued]>
[2023-06-11T10:58:36.293+0000] {taskinstance.py:1103} INFO - Dependencies all met for dep_context=requeueable deps ti=<TaskInstance: dag_cron_expression_03.task1 scheduled__2022-03-15T03:00:00+00:00 [queued]>
[2023-06-11T10:58:36.320+0000] {taskinstance.py:1308} INFO - Starting attempt 1 of 6
[2023-06-11T10:58:36.784+0000] {taskinstance.py:1327} INFO - Executing <Task(BashOperator): task1> on 2022-03-15 03:00:00+00:00
[2023-06-11T10:58:36.854+0000] {standard_task_runner.py:57} INFO - Started process 1382 to run task
[2023-06-11T10:58:36.915+0000] {standard_task_runner.py:84} INFO - Running: ['***', 'tasks', 'run', 'dag_cron_expression_03', 'task1', 'scheduled__2022-03-15T03:00:00+00:00', '--job-id', '383', '--raw', '--subdir', 'DAGS_FOLDER/dag_cron.py', '--cfg-path', '/tmp/tmp2q9g1ax5']
[2023-06-11T10:58:37.000+0000] {standard_task_runner.py:85} INFO - Job 383: Subtask task1
[2023-06-11T10:58:40.261+0000] {task_command.py:410} INFO - Running <TaskInstance: dag_cron_expression_03.task1 scheduled__2022-03-15T03:00:00+00:00 [running]> on host 7586ce0070ac
[2023-06-11T10:58:44.328+0000] {taskinstance.py:1547} INFO - Exporting env vars: AIRFLOW_CTX_DAG_OWNER='Raja' AIRFLOW_CTX_DAG_ID='dag_cron_expression_03' AIRFLOW_CTX_TASK_ID='task1' AIRFLOW_CTX_EXECUTION_DATE='2022-03-15T03:00:00+00:00' AIRFLOW_CTX_TRY_NUMBER='1' AIRFLOW_CTX_DAG_RUN_ID='scheduled__2022-03-15T03:00:00+00:00'
[2023-06-11T10:58:44.342+0000] {subprocess.py:63} INFO - Tmp dir root location: 
 /tmp
[2023-06-11T10:58:44.343+0000] {subprocess.py:75} INFO - Running command: ['/bin/bash', '-c', 'echo dag with cron expression!']
[2023-06-11T10:58:44.590+0000] {subprocess.py:86} INFO - Output:
[2023-06-11T10:58:44.668+0000] {subprocess.py:93} INFO - dag with cron expression!
[2023-06-11T10:58:44.722+0000] {subprocess.py:97} INFO - Command exited with return code 0
[2023-06-11T10:58:45.026+0000] {taskinstance.py:1350} INFO - Marking task as SUCCESS. dag_id=dag_cron_expression_03, task_id=task1, execution_date=20220315T030000, start_date=20230611T105835, end_date=20230611T105845
[2023-06-11T10:58:45.295+0000] {local_task_job_runner.py:225} INFO - Task exited with return code 0
[2023-06-11T10:58:45.660+0000] {taskinstance.py:2651} INFO - 0 downstream tasks scheduled from follow-on schedule check
