[2023-06-11T04:53:29.342+0000] {taskinstance.py:1103} INFO - Dependencies all met for dep_context=non-requeueable deps ti=<TaskInstance: first_dag_02.second_task scheduled__2021-10-14T00:00:00+00:00 [queued]>
[2023-06-11T04:53:30.384+0000] {taskinstance.py:1103} INFO - Dependencies all met for dep_context=requeueable deps ti=<TaskInstance: first_dag_02.second_task scheduled__2021-10-14T00:00:00+00:00 [queued]>
[2023-06-11T04:53:30.397+0000] {taskinstance.py:1308} INFO - Starting attempt 1 of 6
[2023-06-11T04:53:33.085+0000] {taskinstance.py:1327} INFO - Executing <Task(BashOperator): second_task> on 2021-10-14 00:00:00+00:00
[2023-06-11T04:53:33.094+0000] {standard_task_runner.py:57} INFO - Started process 1063 to run task
[2023-06-11T04:53:33.444+0000] {standard_task_runner.py:84} INFO - Running: ['***', 'tasks', 'run', 'first_dag_02', 'second_task', 'scheduled__2021-10-14T00:00:00+00:00', '--job-id', '313', '--raw', '--subdir', 'DAGS_FOLDER/First_dag.py', '--cfg-path', '/tmp/tmp4hhc6bqx']
[2023-06-11T04:53:33.455+0000] {standard_task_runner.py:85} INFO - Job 313: Subtask second_task
[2023-06-11T04:53:35.111+0000] {task_command.py:410} INFO - Running <TaskInstance: first_dag_02.second_task scheduled__2021-10-14T00:00:00+00:00 [running]> on host 4b1b5d40d165
[2023-06-11T04:53:39.403+0000] {taskinstance.py:1547} INFO - Exporting env vars: AIRFLOW_CTX_DAG_OWNER='Raja' AIRFLOW_CTX_DAG_ID='first_dag_02' AIRFLOW_CTX_TASK_ID='second_task' AIRFLOW_CTX_EXECUTION_DATE='2021-10-14T00:00:00+00:00' AIRFLOW_CTX_TRY_NUMBER='1' AIRFLOW_CTX_DAG_RUN_ID='scheduled__2021-10-14T00:00:00+00:00'
[2023-06-11T04:53:39.424+0000] {subprocess.py:63} INFO - Tmp dir root location: 
 /tmp
[2023-06-11T04:53:39.427+0000] {subprocess.py:75} INFO - Running command: ['/bin/bash', '-c', 'echo hey, I am task2 and will be running after task1!']
[2023-06-11T04:53:39.544+0000] {subprocess.py:86} INFO - Output:
[2023-06-11T04:53:39.557+0000] {subprocess.py:93} INFO - hey, I am task2 and will be running after task1!
[2023-06-11T04:53:39.559+0000] {subprocess.py:97} INFO - Command exited with return code 0
[2023-06-11T04:53:40.438+0000] {taskinstance.py:1350} INFO - Marking task as SUCCESS. dag_id=first_dag_02, task_id=second_task, execution_date=20211014T000000, start_date=20230611T045329, end_date=20230611T045340
[2023-06-11T04:53:41.403+0000] {local_task_job_runner.py:225} INFO - Task exited with return code 0
[2023-06-11T04:53:41.965+0000] {taskinstance.py:2651} INFO - 0 downstream tasks scheduled from follow-on schedule check
[2023-06-11T08:30:19.183+0000] {taskinstance.py:1103} INFO - Dependencies all met for dep_context=non-requeueable deps ti=<TaskInstance: first_dag_02.second_task scheduled__2021-10-14T00:00:00+00:00 [queued]>
[2023-06-11T08:30:20.201+0000] {taskinstance.py:1103} INFO - Dependencies all met for dep_context=requeueable deps ti=<TaskInstance: first_dag_02.second_task scheduled__2021-10-14T00:00:00+00:00 [queued]>
[2023-06-11T08:30:20.202+0000] {taskinstance.py:1308} INFO - Starting attempt 1 of 6
[2023-06-11T08:30:24.329+0000] {taskinstance.py:1327} INFO - Executing <Task(BashOperator): second_task> on 2021-10-14 00:00:00+00:00
[2023-06-11T08:30:24.640+0000] {standard_task_runner.py:57} INFO - Started process 1453 to run task
[2023-06-11T08:30:24.775+0000] {standard_task_runner.py:84} INFO - Running: ['***', 'tasks', 'run', 'first_dag_02', 'second_task', 'scheduled__2021-10-14T00:00:00+00:00', '--job-id', '442', '--raw', '--subdir', 'DAGS_FOLDER/First_dag.py', '--cfg-path', '/tmp/tmpf0mxlx_y']
[2023-06-11T08:30:24.776+0000] {standard_task_runner.py:85} INFO - Job 442: Subtask second_task
[2023-06-11T08:30:26.921+0000] {task_command.py:410} INFO - Running <TaskInstance: first_dag_02.second_task scheduled__2021-10-14T00:00:00+00:00 [running]> on host 492037cdd057
[2023-06-11T08:30:31.171+0000] {taskinstance.py:1547} INFO - Exporting env vars: AIRFLOW_CTX_DAG_OWNER='Raja' AIRFLOW_CTX_DAG_ID='first_dag_02' AIRFLOW_CTX_TASK_ID='second_task' AIRFLOW_CTX_EXECUTION_DATE='2021-10-14T00:00:00+00:00' AIRFLOW_CTX_TRY_NUMBER='1' AIRFLOW_CTX_DAG_RUN_ID='scheduled__2021-10-14T00:00:00+00:00'
[2023-06-11T08:30:31.180+0000] {subprocess.py:63} INFO - Tmp dir root location: 
 /tmp
[2023-06-11T08:30:31.183+0000] {subprocess.py:75} INFO - Running command: ['/bin/bash', '-c', 'echo hey, I am task2 and will be running after task1!']
[2023-06-11T08:30:31.261+0000] {subprocess.py:86} INFO - Output:
[2023-06-11T08:30:31.276+0000] {subprocess.py:93} INFO - hey, I am task2 and will be running after task1!
[2023-06-11T08:30:31.289+0000] {subprocess.py:97} INFO - Command exited with return code 0
[2023-06-11T08:30:32.368+0000] {taskinstance.py:1350} INFO - Marking task as SUCCESS. dag_id=first_dag_02, task_id=second_task, execution_date=20211014T000000, start_date=20230611T083019, end_date=20230611T083032
[2023-06-11T08:30:33.215+0000] {local_task_job_runner.py:225} INFO - Task exited with return code 0
[2023-06-11T08:30:33.937+0000] {taskinstance.py:2651} INFO - 0 downstream tasks scheduled from follow-on schedule check
[2023-06-11T08:52:10.926+0000] {taskinstance.py:1103} INFO - Dependencies all met for dep_context=non-requeueable deps ti=<TaskInstance: first_dag_02.second_task scheduled__2021-10-14T00:00:00+00:00 [queued]>
[2023-06-11T08:52:11.014+0000] {taskinstance.py:1103} INFO - Dependencies all met for dep_context=requeueable deps ti=<TaskInstance: first_dag_02.second_task scheduled__2021-10-14T00:00:00+00:00 [queued]>
[2023-06-11T08:52:11.015+0000] {taskinstance.py:1308} INFO - Starting attempt 1 of 6
[2023-06-11T08:52:11.120+0000] {taskinstance.py:1327} INFO - Executing <Task(BashOperator): second_task> on 2021-10-14 00:00:00+00:00
[2023-06-11T08:52:11.140+0000] {standard_task_runner.py:57} INFO - Started process 1282 to run task
[2023-06-11T08:52:11.175+0000] {standard_task_runner.py:84} INFO - Running: ['***', 'tasks', 'run', 'first_dag_02', 'second_task', 'scheduled__2021-10-14T00:00:00+00:00', '--job-id', '398', '--raw', '--subdir', 'DAGS_FOLDER/First_dag.py', '--cfg-path', '/tmp/tmpwmxwcauc']
[2023-06-11T08:52:11.176+0000] {standard_task_runner.py:85} INFO - Job 398: Subtask second_task
[2023-06-11T08:52:11.412+0000] {task_command.py:410} INFO - Running <TaskInstance: first_dag_02.second_task scheduled__2021-10-14T00:00:00+00:00 [running]> on host 964e508aad03
[2023-06-11T08:52:11.697+0000] {taskinstance.py:1547} INFO - Exporting env vars: AIRFLOW_CTX_DAG_OWNER='Raja' AIRFLOW_CTX_DAG_ID='first_dag_02' AIRFLOW_CTX_TASK_ID='second_task' AIRFLOW_CTX_EXECUTION_DATE='2021-10-14T00:00:00+00:00' AIRFLOW_CTX_TRY_NUMBER='1' AIRFLOW_CTX_DAG_RUN_ID='scheduled__2021-10-14T00:00:00+00:00'
[2023-06-11T08:52:11.699+0000] {subprocess.py:63} INFO - Tmp dir root location: 
 /tmp
[2023-06-11T08:52:11.700+0000] {subprocess.py:75} INFO - Running command: ['/bin/bash', '-c', 'echo hey, I am task2 and will be running after task1!']
[2023-06-11T08:52:11.721+0000] {subprocess.py:86} INFO - Output:
[2023-06-11T08:52:11.724+0000] {subprocess.py:93} INFO - hey, I am task2 and will be running after task1!
[2023-06-11T08:52:11.727+0000] {subprocess.py:97} INFO - Command exited with return code 0
[2023-06-11T08:52:11.816+0000] {taskinstance.py:1350} INFO - Marking task as SUCCESS. dag_id=first_dag_02, task_id=second_task, execution_date=20211014T000000, start_date=20230611T085210, end_date=20230611T085211
[2023-06-11T08:52:11.860+0000] {local_task_job_runner.py:225} INFO - Task exited with return code 0
[2023-06-11T08:52:11.931+0000] {taskinstance.py:2651} INFO - 0 downstream tasks scheduled from follow-on schedule check
[2023-06-11T10:59:02.983+0000] {taskinstance.py:1103} INFO - Dependencies all met for dep_context=non-requeueable deps ti=<TaskInstance: first_dag_02.second_task scheduled__2021-10-14T00:00:00+00:00 [queued]>
[2023-06-11T10:59:03.449+0000] {taskinstance.py:1103} INFO - Dependencies all met for dep_context=requeueable deps ti=<TaskInstance: first_dag_02.second_task scheduled__2021-10-14T00:00:00+00:00 [queued]>
[2023-06-11T10:59:03.449+0000] {taskinstance.py:1308} INFO - Starting attempt 1 of 6
[2023-06-11T10:59:04.706+0000] {taskinstance.py:1327} INFO - Executing <Task(BashOperator): second_task> on 2021-10-14 00:00:00+00:00
[2023-06-11T10:59:04.959+0000] {standard_task_runner.py:84} INFO - Running: ['***', 'tasks', 'run', 'first_dag_02', 'second_task', 'scheduled__2021-10-14T00:00:00+00:00', '--job-id', '394', '--raw', '--subdir', 'DAGS_FOLDER/First_dag.py', '--cfg-path', '/tmp/tmppii_0yh2']
[2023-06-11T10:59:04.965+0000] {standard_task_runner.py:85} INFO - Job 394: Subtask second_task
[2023-06-11T10:59:04.922+0000] {standard_task_runner.py:57} INFO - Started process 1434 to run task
[2023-06-11T10:59:05.833+0000] {task_command.py:410} INFO - Running <TaskInstance: first_dag_02.second_task scheduled__2021-10-14T00:00:00+00:00 [running]> on host 7586ce0070ac
[2023-06-11T10:59:13.506+0000] {taskinstance.py:1547} INFO - Exporting env vars: AIRFLOW_CTX_DAG_OWNER='Raja' AIRFLOW_CTX_DAG_ID='first_dag_02' AIRFLOW_CTX_TASK_ID='second_task' AIRFLOW_CTX_EXECUTION_DATE='2021-10-14T00:00:00+00:00' AIRFLOW_CTX_TRY_NUMBER='1' AIRFLOW_CTX_DAG_RUN_ID='scheduled__2021-10-14T00:00:00+00:00'
[2023-06-11T10:59:13.604+0000] {subprocess.py:63} INFO - Tmp dir root location: 
 /tmp
[2023-06-11T10:59:13.605+0000] {subprocess.py:75} INFO - Running command: ['/bin/bash', '-c', 'echo hey, I am task2 and will be running after task1!']
[2023-06-11T10:59:14.226+0000] {subprocess.py:86} INFO - Output:
[2023-06-11T10:59:14.524+0000] {subprocess.py:93} INFO - hey, I am task2 and will be running after task1!
[2023-06-11T10:59:14.566+0000] {subprocess.py:97} INFO - Command exited with return code 0
[2023-06-11T10:59:15.143+0000] {taskinstance.py:1350} INFO - Marking task as SUCCESS. dag_id=first_dag_02, task_id=second_task, execution_date=20211014T000000, start_date=20230611T105903, end_date=20230611T105915
[2023-06-11T10:59:15.535+0000] {local_task_job_runner.py:225} INFO - Task exited with return code 0
[2023-06-11T10:59:16.094+0000] {taskinstance.py:2651} INFO - 0 downstream tasks scheduled from follow-on schedule check
