[2023-06-11T08:56:51.269+0000] {taskinstance.py:1103} INFO - Dependencies all met for dep_context=non-requeueable deps ti=<TaskInstance: first_dag_02.thrid_task scheduled__2021-12-25T00:00:00+00:00 [queued]>
[2023-06-11T08:56:51.413+0000] {taskinstance.py:1103} INFO - Dependencies all met for dep_context=requeueable deps ti=<TaskInstance: first_dag_02.thrid_task scheduled__2021-12-25T00:00:00+00:00 [queued]>
[2023-06-11T08:56:51.420+0000] {taskinstance.py:1308} INFO - Starting attempt 1 of 6
[2023-06-11T08:56:51.629+0000] {taskinstance.py:1327} INFO - Executing <Task(BashOperator): thrid_task> on 2021-12-25 00:00:00+00:00
[2023-06-11T08:56:51.691+0000] {standard_task_runner.py:57} INFO - Started process 2357 to run task
[2023-06-11T08:56:51.752+0000] {standard_task_runner.py:84} INFO - Running: ['***', 'tasks', 'run', 'first_dag_02', 'thrid_task', 'scheduled__2021-12-25T00:00:00+00:00', '--job-id', '734', '--raw', '--subdir', 'DAGS_FOLDER/First_dag.py', '--cfg-path', '/tmp/tmpufv1s02y']
[2023-06-11T08:56:51.761+0000] {standard_task_runner.py:85} INFO - Job 734: Subtask thrid_task
[2023-06-11T08:56:52.083+0000] {task_command.py:410} INFO - Running <TaskInstance: first_dag_02.thrid_task scheduled__2021-12-25T00:00:00+00:00 [running]> on host 964e508aad03
[2023-06-11T08:56:53.201+0000] {taskinstance.py:1547} INFO - Exporting env vars: AIRFLOW_CTX_DAG_OWNER='Raja' AIRFLOW_CTX_DAG_ID='first_dag_02' AIRFLOW_CTX_TASK_ID='thrid_task' AIRFLOW_CTX_EXECUTION_DATE='2021-12-25T00:00:00+00:00' AIRFLOW_CTX_TRY_NUMBER='1' AIRFLOW_CTX_DAG_RUN_ID='scheduled__2021-12-25T00:00:00+00:00'
[2023-06-11T08:56:53.212+0000] {subprocess.py:63} INFO - Tmp dir root location: 
 /tmp
[2023-06-11T08:56:53.214+0000] {subprocess.py:75} INFO - Running command: ['/bin/bash', '-c', 'echo hey, I am task3 and will be running after task1 at the same time as task2!']
[2023-06-11T08:56:53.287+0000] {subprocess.py:86} INFO - Output:
[2023-06-11T08:56:53.293+0000] {subprocess.py:93} INFO - hey, I am task3 and will be running after task1 at the same time as task2!
[2023-06-11T08:56:53.294+0000] {subprocess.py:97} INFO - Command exited with return code 0
[2023-06-11T08:56:53.514+0000] {taskinstance.py:1350} INFO - Marking task as SUCCESS. dag_id=first_dag_02, task_id=thrid_task, execution_date=20211225T000000, start_date=20230611T085651, end_date=20230611T085653
[2023-06-11T08:56:53.628+0000] {local_task_job_runner.py:225} INFO - Task exited with return code 0
[2023-06-11T08:56:53.746+0000] {taskinstance.py:2651} INFO - 0 downstream tasks scheduled from follow-on schedule check
[2023-06-11T11:22:08.228+0000] {taskinstance.py:1103} INFO - Dependencies all met for dep_context=non-requeueable deps ti=<TaskInstance: first_dag_02.thrid_task scheduled__2021-12-25T00:00:00+00:00 [queued]>
[2023-06-11T11:22:08.832+0000] {taskinstance.py:1103} INFO - Dependencies all met for dep_context=requeueable deps ti=<TaskInstance: first_dag_02.thrid_task scheduled__2021-12-25T00:00:00+00:00 [queued]>
[2023-06-11T11:22:08.844+0000] {taskinstance.py:1308} INFO - Starting attempt 1 of 6
[2023-06-11T11:22:09.334+0000] {taskinstance.py:1327} INFO - Executing <Task(BashOperator): thrid_task> on 2021-12-25 00:00:00+00:00
[2023-06-11T11:22:09.409+0000] {standard_task_runner.py:57} INFO - Started process 1089 to run task
[2023-06-11T11:22:09.511+0000] {standard_task_runner.py:84} INFO - Running: ['***', 'tasks', 'run', 'first_dag_02', 'thrid_task', 'scheduled__2021-12-25T00:00:00+00:00', '--job-id', '781', '--raw', '--subdir', 'DAGS_FOLDER/First_dag.py', '--cfg-path', '/tmp/tmpkf0o_dsd']
[2023-06-11T11:22:09.524+0000] {standard_task_runner.py:85} INFO - Job 781: Subtask thrid_task
[2023-06-11T11:22:10.896+0000] {task_command.py:410} INFO - Running <TaskInstance: first_dag_02.thrid_task scheduled__2021-12-25T00:00:00+00:00 [running]> on host 7586ce0070ac
[2023-06-11T11:22:13.804+0000] {taskinstance.py:1547} INFO - Exporting env vars: AIRFLOW_CTX_DAG_OWNER='Raja' AIRFLOW_CTX_DAG_ID='first_dag_02' AIRFLOW_CTX_TASK_ID='thrid_task' AIRFLOW_CTX_EXECUTION_DATE='2021-12-25T00:00:00+00:00' AIRFLOW_CTX_TRY_NUMBER='1' AIRFLOW_CTX_DAG_RUN_ID='scheduled__2021-12-25T00:00:00+00:00'
[2023-06-11T11:22:13.846+0000] {subprocess.py:63} INFO - Tmp dir root location: 
 /tmp
[2023-06-11T11:22:13.847+0000] {subprocess.py:75} INFO - Running command: ['/bin/bash', '-c', 'echo hey, I am task3 and will be running after task1 at the same time as task2!']
[2023-06-11T11:22:14.109+0000] {subprocess.py:86} INFO - Output:
[2023-06-11T11:22:14.162+0000] {subprocess.py:93} INFO - hey, I am task3 and will be running after task1 at the same time as task2!
[2023-06-11T11:22:14.163+0000] {subprocess.py:97} INFO - Command exited with return code 0
[2023-06-11T11:22:14.666+0000] {taskinstance.py:1350} INFO - Marking task as SUCCESS. dag_id=first_dag_02, task_id=thrid_task, execution_date=20211225T000000, start_date=20230611T112208, end_date=20230611T112214
[2023-06-11T11:22:15.438+0000] {local_task_job_runner.py:225} INFO - Task exited with return code 0
[2023-06-11T11:22:16.427+0000] {taskinstance.py:2651} INFO - 0 downstream tasks scheduled from follow-on schedule check
