[2023-06-11T09:57:20.873+0000] {taskinstance.py:1103} INFO - Dependencies all met for dep_context=non-requeueable deps ti=<TaskInstance: dag_cron_expression_03.task1 scheduled__2022-04-16T03:00:00+00:00 [queued]>
[2023-06-11T09:57:20.945+0000] {taskinstance.py:1103} INFO - Dependencies all met for dep_context=requeueable deps ti=<TaskInstance: dag_cron_expression_03.task1 scheduled__2022-04-16T03:00:00+00:00 [queued]>
[2023-06-11T09:57:20.946+0000] {taskinstance.py:1308} INFO - Starting attempt 1 of 6
[2023-06-11T09:57:21.159+0000] {taskinstance.py:1327} INFO - Executing <Task(BashOperator): task1> on 2022-04-16 03:00:00+00:00
[2023-06-11T09:57:21.609+0000] {standard_task_runner.py:57} INFO - Started process 79 to run task
[2023-06-11T09:57:21.853+0000] {standard_task_runner.py:84} INFO - Running: ['***', 'tasks', 'run', 'dag_cron_expression_03', 'task1', 'scheduled__2022-04-16T03:00:00+00:00', '--job-id', '1673', '--raw', '--subdir', 'DAGS_FOLDER/dag_corn.py', '--cfg-path', '/tmp/tmp8ngjkg7x']
[2023-06-11T09:57:21.854+0000] {standard_task_runner.py:85} INFO - Job 1673: Subtask task1
[2023-06-11T09:57:23.446+0000] {task_command.py:410} INFO - Running <TaskInstance: dag_cron_expression_03.task1 scheduled__2022-04-16T03:00:00+00:00 [running]> on host 964e508aad03
[2023-06-11T09:57:25.562+0000] {taskinstance.py:1547} INFO - Exporting env vars: AIRFLOW_CTX_DAG_OWNER='Raja' AIRFLOW_CTX_DAG_ID='dag_cron_expression_03' AIRFLOW_CTX_TASK_ID='task1' AIRFLOW_CTX_EXECUTION_DATE='2022-04-16T03:00:00+00:00' AIRFLOW_CTX_TRY_NUMBER='1' AIRFLOW_CTX_DAG_RUN_ID='scheduled__2022-04-16T03:00:00+00:00'
[2023-06-11T09:57:25.568+0000] {subprocess.py:63} INFO - Tmp dir root location: 
 /tmp
[2023-06-11T09:57:25.568+0000] {subprocess.py:75} INFO - Running command: ['/bin/bash', '-c', 'echo dag with cron expression!']
[2023-06-11T09:57:25.735+0000] {subprocess.py:86} INFO - Output:
[2023-06-11T09:57:25.753+0000] {subprocess.py:93} INFO - dag with cron expression!
[2023-06-11T09:57:25.754+0000] {subprocess.py:97} INFO - Command exited with return code 0
[2023-06-11T09:57:25.924+0000] {taskinstance.py:1350} INFO - Marking task as SUCCESS. dag_id=dag_cron_expression_03, task_id=task1, execution_date=20220416T030000, start_date=20230611T095720, end_date=20230611T095725
[2023-06-11T09:57:26.061+0000] {local_task_job_runner.py:225} INFO - Task exited with return code 0
[2023-06-11T09:57:26.210+0000] {taskinstance.py:2651} INFO - 0 downstream tasks scheduled from follow-on schedule check
[2023-06-11T11:13:45.098+0000] {taskinstance.py:1103} INFO - Dependencies all met for dep_context=non-requeueable deps ti=<TaskInstance: dag_cron_expression_03.task1 scheduled__2022-04-16T03:00:00+00:00 [queued]>
[2023-06-11T11:13:45.623+0000] {taskinstance.py:1103} INFO - Dependencies all met for dep_context=requeueable deps ti=<TaskInstance: dag_cron_expression_03.task1 scheduled__2022-04-16T03:00:00+00:00 [queued]>
[2023-06-11T11:13:45.624+0000] {taskinstance.py:1308} INFO - Starting attempt 1 of 6
[2023-06-11T11:13:46.095+0000] {taskinstance.py:1327} INFO - Executing <Task(BashOperator): task1> on 2022-04-16 03:00:00+00:00
[2023-06-11T11:13:46.191+0000] {standard_task_runner.py:84} INFO - Running: ['***', 'tasks', 'run', 'dag_cron_expression_03', 'task1', 'scheduled__2022-04-16T03:00:00+00:00', '--job-id', '483', '--raw', '--subdir', 'DAGS_FOLDER/dag_cron.py', '--cfg-path', '/tmp/tmpujgpg0wr']
[2023-06-11T11:13:46.192+0000] {standard_task_runner.py:85} INFO - Job 483: Subtask task1
[2023-06-11T11:13:46.145+0000] {standard_task_runner.py:57} INFO - Started process 84 to run task
[2023-06-11T11:13:47.844+0000] {task_command.py:410} INFO - Running <TaskInstance: dag_cron_expression_03.task1 scheduled__2022-04-16T03:00:00+00:00 [running]> on host 7586ce0070ac
[2023-06-11T11:13:51.179+0000] {taskinstance.py:1547} INFO - Exporting env vars: AIRFLOW_CTX_DAG_OWNER='Raja' AIRFLOW_CTX_DAG_ID='dag_cron_expression_03' AIRFLOW_CTX_TASK_ID='task1' AIRFLOW_CTX_EXECUTION_DATE='2022-04-16T03:00:00+00:00' AIRFLOW_CTX_TRY_NUMBER='1' AIRFLOW_CTX_DAG_RUN_ID='scheduled__2022-04-16T03:00:00+00:00'
[2023-06-11T11:13:51.206+0000] {subprocess.py:63} INFO - Tmp dir root location: 
 /tmp
[2023-06-11T11:13:51.218+0000] {subprocess.py:75} INFO - Running command: ['/bin/bash', '-c', 'echo dag with cron expression!']
[2023-06-11T11:13:51.466+0000] {subprocess.py:86} INFO - Output:
[2023-06-11T11:13:51.477+0000] {subprocess.py:93} INFO - dag with cron expression!
[2023-06-11T11:13:51.479+0000] {subprocess.py:97} INFO - Command exited with return code 0
[2023-06-11T11:13:53.071+0000] {taskinstance.py:1350} INFO - Marking task as SUCCESS. dag_id=dag_cron_expression_03, task_id=task1, execution_date=20220416T030000, start_date=20230611T111345, end_date=20230611T111353
[2023-06-11T11:13:55.062+0000] {local_task_job_runner.py:225} INFO - Task exited with return code 0
[2023-06-11T11:13:56.547+0000] {taskinstance.py:2651} INFO - 0 downstream tasks scheduled from follow-on schedule check
