[2023-06-11T08:56:20.851+0000] {taskinstance.py:1103} INFO - Dependencies all met for dep_context=non-requeueable deps ti=<TaskInstance: first_dag_02.second_task scheduled__2021-12-15T00:00:00+00:00 [queued]>
[2023-06-11T08:56:21.156+0000] {taskinstance.py:1103} INFO - Dependencies all met for dep_context=requeueable deps ti=<TaskInstance: first_dag_02.second_task scheduled__2021-12-15T00:00:00+00:00 [queued]>
[2023-06-11T08:56:21.165+0000] {taskinstance.py:1308} INFO - Starting attempt 1 of 6
[2023-06-11T08:56:21.763+0000] {taskinstance.py:1327} INFO - Executing <Task(BashOperator): second_task> on 2021-12-15 00:00:00+00:00
[2023-06-11T08:56:21.835+0000] {standard_task_runner.py:57} INFO - Started process 2244 to run task
[2023-06-11T08:56:21.901+0000] {standard_task_runner.py:84} INFO - Running: ['***', 'tasks', 'run', 'first_dag_02', 'second_task', 'scheduled__2021-12-15T00:00:00+00:00', '--job-id', '698', '--raw', '--subdir', 'DAGS_FOLDER/First_dag.py', '--cfg-path', '/tmp/tmp5jcelu19']
[2023-06-11T08:56:21.911+0000] {standard_task_runner.py:85} INFO - Job 698: Subtask second_task
[2023-06-11T08:56:22.556+0000] {task_command.py:410} INFO - Running <TaskInstance: first_dag_02.second_task scheduled__2021-12-15T00:00:00+00:00 [running]> on host 964e508aad03
[2023-06-11T08:56:24.360+0000] {taskinstance.py:1547} INFO - Exporting env vars: AIRFLOW_CTX_DAG_OWNER='Raja' AIRFLOW_CTX_DAG_ID='first_dag_02' AIRFLOW_CTX_TASK_ID='second_task' AIRFLOW_CTX_EXECUTION_DATE='2021-12-15T00:00:00+00:00' AIRFLOW_CTX_TRY_NUMBER='1' AIRFLOW_CTX_DAG_RUN_ID='scheduled__2021-12-15T00:00:00+00:00'
[2023-06-11T08:56:24.385+0000] {subprocess.py:63} INFO - Tmp dir root location: 
 /tmp
[2023-06-11T08:56:24.404+0000] {subprocess.py:75} INFO - Running command: ['/bin/bash', '-c', 'echo hey, I am task2 and will be running after task1!']
[2023-06-11T08:56:24.766+0000] {subprocess.py:86} INFO - Output:
[2023-06-11T08:56:24.781+0000] {subprocess.py:93} INFO - hey, I am task2 and will be running after task1!
[2023-06-11T08:56:24.782+0000] {subprocess.py:97} INFO - Command exited with return code 0
[2023-06-11T08:56:25.412+0000] {taskinstance.py:1350} INFO - Marking task as SUCCESS. dag_id=first_dag_02, task_id=second_task, execution_date=20211215T000000, start_date=20230611T085620, end_date=20230611T085625
[2023-06-11T08:56:26.009+0000] {local_task_job_runner.py:225} INFO - Task exited with return code 0
[2023-06-11T08:56:26.566+0000] {taskinstance.py:2651} INFO - 0 downstream tasks scheduled from follow-on schedule check
[2023-06-11T11:20:57.245+0000] {taskinstance.py:1103} INFO - Dependencies all met for dep_context=non-requeueable deps ti=<TaskInstance: first_dag_02.second_task scheduled__2021-12-15T00:00:00+00:00 [queued]>
[2023-06-11T11:20:58.896+0000] {taskinstance.py:1103} INFO - Dependencies all met for dep_context=requeueable deps ti=<TaskInstance: first_dag_02.second_task scheduled__2021-12-15T00:00:00+00:00 [queued]>
[2023-06-11T11:20:58.936+0000] {taskinstance.py:1308} INFO - Starting attempt 1 of 6
[2023-06-11T11:21:00.714+0000] {taskinstance.py:1327} INFO - Executing <Task(BashOperator): second_task> on 2021-12-15 00:00:00+00:00
[2023-06-11T11:21:00.968+0000] {standard_task_runner.py:57} INFO - Started process 943 to run task
[2023-06-11T11:21:01.089+0000] {standard_task_runner.py:84} INFO - Running: ['***', 'tasks', 'run', 'first_dag_02', 'second_task', 'scheduled__2021-12-15T00:00:00+00:00', '--job-id', '738', '--raw', '--subdir', 'DAGS_FOLDER/First_dag.py', '--cfg-path', '/tmp/tmpr118r8jw']
[2023-06-11T11:21:01.162+0000] {standard_task_runner.py:85} INFO - Job 738: Subtask second_task
[2023-06-11T11:21:03.312+0000] {task_command.py:410} INFO - Running <TaskInstance: first_dag_02.second_task scheduled__2021-12-15T00:00:00+00:00 [running]> on host 7586ce0070ac
[2023-06-11T11:21:13.869+0000] {taskinstance.py:1547} INFO - Exporting env vars: AIRFLOW_CTX_DAG_OWNER='Raja' AIRFLOW_CTX_DAG_ID='first_dag_02' AIRFLOW_CTX_TASK_ID='second_task' AIRFLOW_CTX_EXECUTION_DATE='2021-12-15T00:00:00+00:00' AIRFLOW_CTX_TRY_NUMBER='1' AIRFLOW_CTX_DAG_RUN_ID='scheduled__2021-12-15T00:00:00+00:00'
[2023-06-11T11:21:13.878+0000] {subprocess.py:63} INFO - Tmp dir root location: 
 /tmp
[2023-06-11T11:21:13.898+0000] {subprocess.py:75} INFO - Running command: ['/bin/bash', '-c', 'echo hey, I am task2 and will be running after task1!']
[2023-06-11T11:21:13.991+0000] {subprocess.py:86} INFO - Output:
[2023-06-11T11:21:14.015+0000] {subprocess.py:93} INFO - hey, I am task2 and will be running after task1!
[2023-06-11T11:21:14.023+0000] {subprocess.py:97} INFO - Command exited with return code 0
[2023-06-11T11:21:14.204+0000] {taskinstance.py:1350} INFO - Marking task as SUCCESS. dag_id=first_dag_02, task_id=second_task, execution_date=20211215T000000, start_date=20230611T112057, end_date=20230611T112114
[2023-06-11T11:21:16.414+0000] {local_task_job_runner.py:225} INFO - Task exited with return code 0
[2023-06-11T11:21:18.971+0000] {taskinstance.py:2651} INFO - 0 downstream tasks scheduled from follow-on schedule check
