[2023-06-11T08:59:16.914+0000] {taskinstance.py:1103} INFO - Dependencies all met for dep_context=non-requeueable deps ti=<TaskInstance: first_dag_02.thrid_task scheduled__2022-01-30T00:00:00+00:00 [queued]>
[2023-06-11T08:59:17.129+0000] {taskinstance.py:1103} INFO - Dependencies all met for dep_context=requeueable deps ti=<TaskInstance: first_dag_02.thrid_task scheduled__2022-01-30T00:00:00+00:00 [queued]>
[2023-06-11T08:59:17.133+0000] {taskinstance.py:1308} INFO - Starting attempt 1 of 6
[2023-06-11T08:59:17.488+0000] {taskinstance.py:1327} INFO - Executing <Task(BashOperator): thrid_task> on 2022-01-30 00:00:00+00:00
[2023-06-11T08:59:17.537+0000] {standard_task_runner.py:57} INFO - Started process 2902 to run task
[2023-06-11T08:59:17.578+0000] {standard_task_runner.py:84} INFO - Running: ['***', 'tasks', 'run', 'first_dag_02', 'thrid_task', 'scheduled__2022-01-30T00:00:00+00:00', '--job-id', '904', '--raw', '--subdir', 'DAGS_FOLDER/First_dag.py', '--cfg-path', '/tmp/tmp9ljae49v']
[2023-06-11T08:59:17.594+0000] {standard_task_runner.py:85} INFO - Job 904: Subtask thrid_task
[2023-06-11T08:59:17.838+0000] {task_command.py:410} INFO - Running <TaskInstance: first_dag_02.thrid_task scheduled__2022-01-30T00:00:00+00:00 [running]> on host 964e508aad03
[2023-06-11T08:59:19.411+0000] {taskinstance.py:1547} INFO - Exporting env vars: AIRFLOW_CTX_DAG_OWNER='Raja' AIRFLOW_CTX_DAG_ID='first_dag_02' AIRFLOW_CTX_TASK_ID='thrid_task' AIRFLOW_CTX_EXECUTION_DATE='2022-01-30T00:00:00+00:00' AIRFLOW_CTX_TRY_NUMBER='1' AIRFLOW_CTX_DAG_RUN_ID='scheduled__2022-01-30T00:00:00+00:00'
[2023-06-11T08:59:19.413+0000] {subprocess.py:63} INFO - Tmp dir root location: 
 /tmp
[2023-06-11T08:59:19.414+0000] {subprocess.py:75} INFO - Running command: ['/bin/bash', '-c', 'echo hey, I am task3 and will be running after task1 at the same time as task2!']
[2023-06-11T08:59:19.506+0000] {subprocess.py:86} INFO - Output:
[2023-06-11T08:59:19.523+0000] {subprocess.py:93} INFO - hey, I am task3 and will be running after task1 at the same time as task2!
[2023-06-11T08:59:19.524+0000] {subprocess.py:97} INFO - Command exited with return code 0
[2023-06-11T08:59:19.763+0000] {taskinstance.py:1350} INFO - Marking task as SUCCESS. dag_id=first_dag_02, task_id=thrid_task, execution_date=20220130T000000, start_date=20230611T085916, end_date=20230611T085919
[2023-06-11T08:59:20.273+0000] {local_task_job_runner.py:225} INFO - Task exited with return code 0
[2023-06-11T08:59:20.530+0000] {taskinstance.py:2651} INFO - 0 downstream tasks scheduled from follow-on schedule check
[2023-06-11T11:32:24.202+0000] {taskinstance.py:1103} INFO - Dependencies all met for dep_context=non-requeueable deps ti=<TaskInstance: first_dag_02.thrid_task scheduled__2022-01-30T00:00:00+00:00 [queued]>
[2023-06-11T11:32:24.503+0000] {taskinstance.py:1103} INFO - Dependencies all met for dep_context=requeueable deps ti=<TaskInstance: first_dag_02.thrid_task scheduled__2022-01-30T00:00:00+00:00 [queued]>
[2023-06-11T11:32:24.504+0000] {taskinstance.py:1308} INFO - Starting attempt 1 of 6
[2023-06-11T11:32:25.048+0000] {taskinstance.py:1327} INFO - Executing <Task(BashOperator): thrid_task> on 2022-01-30 00:00:00+00:00
[2023-06-11T11:32:25.193+0000] {standard_task_runner.py:57} INFO - Started process 410 to run task
[2023-06-11T11:32:25.212+0000] {standard_task_runner.py:84} INFO - Running: ['***', 'tasks', 'run', 'first_dag_02', 'thrid_task', 'scheduled__2022-01-30T00:00:00+00:00', '--job-id', '930', '--raw', '--subdir', 'DAGS_FOLDER/First_dag.py', '--cfg-path', '/tmp/tmp75b_n3wh']
[2023-06-11T11:32:25.214+0000] {standard_task_runner.py:85} INFO - Job 930: Subtask thrid_task
[2023-06-11T11:32:26.083+0000] {task_command.py:410} INFO - Running <TaskInstance: first_dag_02.thrid_task scheduled__2022-01-30T00:00:00+00:00 [running]> on host 7586ce0070ac
[2023-06-11T11:32:28.661+0000] {taskinstance.py:1547} INFO - Exporting env vars: AIRFLOW_CTX_DAG_OWNER='Raja' AIRFLOW_CTX_DAG_ID='first_dag_02' AIRFLOW_CTX_TASK_ID='thrid_task' AIRFLOW_CTX_EXECUTION_DATE='2022-01-30T00:00:00+00:00' AIRFLOW_CTX_TRY_NUMBER='1' AIRFLOW_CTX_DAG_RUN_ID='scheduled__2022-01-30T00:00:00+00:00'
[2023-06-11T11:32:28.662+0000] {subprocess.py:63} INFO - Tmp dir root location: 
 /tmp
[2023-06-11T11:32:28.663+0000] {subprocess.py:75} INFO - Running command: ['/bin/bash', '-c', 'echo hey, I am task3 and will be running after task1 at the same time as task2!']
[2023-06-11T11:32:28.808+0000] {subprocess.py:86} INFO - Output:
[2023-06-11T11:32:28.842+0000] {subprocess.py:93} INFO - hey, I am task3 and will be running after task1 at the same time as task2!
[2023-06-11T11:32:28.843+0000] {subprocess.py:97} INFO - Command exited with return code 0
[2023-06-11T11:32:29.219+0000] {taskinstance.py:1350} INFO - Marking task as SUCCESS. dag_id=first_dag_02, task_id=thrid_task, execution_date=20220130T000000, start_date=20230611T113224, end_date=20230611T113229
[2023-06-11T11:32:29.315+0000] {local_task_job_runner.py:225} INFO - Task exited with return code 0
[2023-06-11T11:32:29.612+0000] {taskinstance.py:2651} INFO - 0 downstream tasks scheduled from follow-on schedule check
