[2023-06-11T04:53:10.176+0000] {taskinstance.py:1103} INFO - Dependencies all met for dep_context=non-requeueable deps ti=<TaskInstance: first_dag_02.thrid_task scheduled__2021-10-09T00:00:00+00:00 [queued]>
[2023-06-11T04:53:10.542+0000] {taskinstance.py:1103} INFO - Dependencies all met for dep_context=requeueable deps ti=<TaskInstance: first_dag_02.thrid_task scheduled__2021-10-09T00:00:00+00:00 [queued]>
[2023-06-11T04:53:10.543+0000] {taskinstance.py:1308} INFO - Starting attempt 1 of 6
[2023-06-11T04:53:10.941+0000] {taskinstance.py:1327} INFO - Executing <Task(BashOperator): thrid_task> on 2021-10-09 00:00:00+00:00
[2023-06-11T04:53:10.948+0000] {standard_task_runner.py:57} INFO - Started process 1027 to run task
[2023-06-11T04:53:10.961+0000] {standard_task_runner.py:84} INFO - Running: ['***', 'tasks', 'run', 'first_dag_02', 'thrid_task', 'scheduled__2021-10-09T00:00:00+00:00', '--job-id', '302', '--raw', '--subdir', 'DAGS_FOLDER/First_dag.py', '--cfg-path', '/tmp/tmpqubqdd3j']
[2023-06-11T04:53:10.962+0000] {standard_task_runner.py:85} INFO - Job 302: Subtask thrid_task
[2023-06-11T04:53:11.269+0000] {task_command.py:410} INFO - Running <TaskInstance: first_dag_02.thrid_task scheduled__2021-10-09T00:00:00+00:00 [running]> on host 4b1b5d40d165
[2023-06-11T04:53:16.187+0000] {taskinstance.py:1547} INFO - Exporting env vars: AIRFLOW_CTX_DAG_OWNER='Raja' AIRFLOW_CTX_DAG_ID='first_dag_02' AIRFLOW_CTX_TASK_ID='thrid_task' AIRFLOW_CTX_EXECUTION_DATE='2021-10-09T00:00:00+00:00' AIRFLOW_CTX_TRY_NUMBER='1' AIRFLOW_CTX_DAG_RUN_ID='scheduled__2021-10-09T00:00:00+00:00'
[2023-06-11T04:53:16.205+0000] {subprocess.py:63} INFO - Tmp dir root location: 
 /tmp
[2023-06-11T04:53:16.339+0000] {subprocess.py:75} INFO - Running command: ['/bin/bash', '-c', 'echo hey, I am task3 and will be running after task1 at the same time as task2!']
[2023-06-11T04:53:17.464+0000] {subprocess.py:86} INFO - Output:
[2023-06-11T04:53:18.021+0000] {subprocess.py:93} INFO - hey, I am task3 and will be running after task1 at the same time as task2!
[2023-06-11T04:53:18.053+0000] {subprocess.py:97} INFO - Command exited with return code 0
[2023-06-11T04:53:19.232+0000] {taskinstance.py:1350} INFO - Marking task as SUCCESS. dag_id=first_dag_02, task_id=thrid_task, execution_date=20211009T000000, start_date=20230611T045310, end_date=20230611T045319
[2023-06-11T04:53:21.288+0000] {local_task_job_runner.py:225} INFO - Task exited with return code 0
[2023-06-11T04:53:22.374+0000] {taskinstance.py:2651} INFO - 0 downstream tasks scheduled from follow-on schedule check
[2023-06-11T08:29:50.071+0000] {taskinstance.py:1103} INFO - Dependencies all met for dep_context=non-requeueable deps ti=<TaskInstance: first_dag_02.thrid_task scheduled__2021-10-09T00:00:00+00:00 [queued]>
[2023-06-11T08:29:50.276+0000] {taskinstance.py:1103} INFO - Dependencies all met for dep_context=requeueable deps ti=<TaskInstance: first_dag_02.thrid_task scheduled__2021-10-09T00:00:00+00:00 [queued]>
[2023-06-11T08:29:50.277+0000] {taskinstance.py:1308} INFO - Starting attempt 1 of 6
[2023-06-11T08:29:50.763+0000] {taskinstance.py:1327} INFO - Executing <Task(BashOperator): thrid_task> on 2021-10-09 00:00:00+00:00
[2023-06-11T08:29:50.779+0000] {standard_task_runner.py:57} INFO - Started process 1393 to run task
[2023-06-11T08:29:50.963+0000] {standard_task_runner.py:84} INFO - Running: ['***', 'tasks', 'run', 'first_dag_02', 'thrid_task', 'scheduled__2021-10-09T00:00:00+00:00', '--job-id', '425', '--raw', '--subdir', 'DAGS_FOLDER/First_dag.py', '--cfg-path', '/tmp/tmpflcc1u0n']
[2023-06-11T08:29:50.974+0000] {standard_task_runner.py:85} INFO - Job 425: Subtask thrid_task
[2023-06-11T08:29:52.781+0000] {task_command.py:410} INFO - Running <TaskInstance: first_dag_02.thrid_task scheduled__2021-10-09T00:00:00+00:00 [running]> on host 492037cdd057
[2023-06-11T08:29:55.846+0000] {taskinstance.py:1547} INFO - Exporting env vars: AIRFLOW_CTX_DAG_OWNER='Raja' AIRFLOW_CTX_DAG_ID='first_dag_02' AIRFLOW_CTX_TASK_ID='thrid_task' AIRFLOW_CTX_EXECUTION_DATE='2021-10-09T00:00:00+00:00' AIRFLOW_CTX_TRY_NUMBER='1' AIRFLOW_CTX_DAG_RUN_ID='scheduled__2021-10-09T00:00:00+00:00'
[2023-06-11T08:29:55.889+0000] {subprocess.py:63} INFO - Tmp dir root location: 
 /tmp
[2023-06-11T08:29:55.906+0000] {subprocess.py:75} INFO - Running command: ['/bin/bash', '-c', 'echo hey, I am task3 and will be running after task1 at the same time as task2!']
[2023-06-11T08:29:56.187+0000] {subprocess.py:86} INFO - Output:
[2023-06-11T08:29:56.215+0000] {subprocess.py:93} INFO - hey, I am task3 and will be running after task1 at the same time as task2!
[2023-06-11T08:29:56.216+0000] {subprocess.py:97} INFO - Command exited with return code 0
[2023-06-11T08:29:56.385+0000] {taskinstance.py:1350} INFO - Marking task as SUCCESS. dag_id=first_dag_02, task_id=thrid_task, execution_date=20211009T000000, start_date=20230611T082950, end_date=20230611T082956
[2023-06-11T08:29:56.529+0000] {local_task_job_runner.py:225} INFO - Task exited with return code 0
[2023-06-11T08:29:56.963+0000] {taskinstance.py:2651} INFO - 0 downstream tasks scheduled from follow-on schedule check
[2023-06-11T08:51:53.925+0000] {taskinstance.py:1103} INFO - Dependencies all met for dep_context=non-requeueable deps ti=<TaskInstance: first_dag_02.thrid_task scheduled__2021-10-09T00:00:00+00:00 [queued]>
[2023-06-11T08:51:54.369+0000] {taskinstance.py:1103} INFO - Dependencies all met for dep_context=requeueable deps ti=<TaskInstance: first_dag_02.thrid_task scheduled__2021-10-09T00:00:00+00:00 [queued]>
[2023-06-11T08:51:54.369+0000] {taskinstance.py:1308} INFO - Starting attempt 1 of 6
[2023-06-11T08:51:54.910+0000] {taskinstance.py:1327} INFO - Executing <Task(BashOperator): thrid_task> on 2021-10-09 00:00:00+00:00
[2023-06-11T08:51:55.003+0000] {standard_task_runner.py:84} INFO - Running: ['***', 'tasks', 'run', 'first_dag_02', 'thrid_task', 'scheduled__2021-10-09T00:00:00+00:00', '--job-id', '377', '--raw', '--subdir', 'DAGS_FOLDER/First_dag.py', '--cfg-path', '/tmp/tmp01ny5jao']
[2023-06-11T08:51:55.006+0000] {standard_task_runner.py:85} INFO - Job 377: Subtask thrid_task
[2023-06-11T08:51:54.986+0000] {standard_task_runner.py:57} INFO - Started process 1218 to run task
[2023-06-11T08:51:56.003+0000] {task_command.py:410} INFO - Running <TaskInstance: first_dag_02.thrid_task scheduled__2021-10-09T00:00:00+00:00 [running]> on host 964e508aad03
[2023-06-11T08:51:58.676+0000] {taskinstance.py:1547} INFO - Exporting env vars: AIRFLOW_CTX_DAG_OWNER='Raja' AIRFLOW_CTX_DAG_ID='first_dag_02' AIRFLOW_CTX_TASK_ID='thrid_task' AIRFLOW_CTX_EXECUTION_DATE='2021-10-09T00:00:00+00:00' AIRFLOW_CTX_TRY_NUMBER='1' AIRFLOW_CTX_DAG_RUN_ID='scheduled__2021-10-09T00:00:00+00:00'
[2023-06-11T08:51:58.679+0000] {subprocess.py:63} INFO - Tmp dir root location: 
 /tmp
[2023-06-11T08:51:58.679+0000] {subprocess.py:75} INFO - Running command: ['/bin/bash', '-c', 'echo hey, I am task3 and will be running after task1 at the same time as task2!']
[2023-06-11T08:51:58.921+0000] {subprocess.py:86} INFO - Output:
[2023-06-11T08:51:58.992+0000] {subprocess.py:93} INFO - hey, I am task3 and will be running after task1 at the same time as task2!
[2023-06-11T08:51:58.992+0000] {subprocess.py:97} INFO - Command exited with return code 0
[2023-06-11T08:51:59.342+0000] {taskinstance.py:1350} INFO - Marking task as SUCCESS. dag_id=first_dag_02, task_id=thrid_task, execution_date=20211009T000000, start_date=20230611T085153, end_date=20230611T085159
[2023-06-11T08:52:00.089+0000] {local_task_job_runner.py:225} INFO - Task exited with return code 0
[2023-06-11T08:52:00.307+0000] {taskinstance.py:2651} INFO - 0 downstream tasks scheduled from follow-on schedule check
[2023-06-11T10:58:28.851+0000] {taskinstance.py:1103} INFO - Dependencies all met for dep_context=non-requeueable deps ti=<TaskInstance: first_dag_02.thrid_task scheduled__2021-10-09T00:00:00+00:00 [queued]>
[2023-06-11T10:58:28.914+0000] {taskinstance.py:1103} INFO - Dependencies all met for dep_context=requeueable deps ti=<TaskInstance: first_dag_02.thrid_task scheduled__2021-10-09T00:00:00+00:00 [queued]>
[2023-06-11T10:58:28.914+0000] {taskinstance.py:1308} INFO - Starting attempt 1 of 6
[2023-06-11T10:58:28.989+0000] {taskinstance.py:1327} INFO - Executing <Task(BashOperator): thrid_task> on 2021-10-09 00:00:00+00:00
[2023-06-11T10:58:29.022+0000] {standard_task_runner.py:57} INFO - Started process 1363 to run task
[2023-06-11T10:58:29.155+0000] {standard_task_runner.py:84} INFO - Running: ['***', 'tasks', 'run', 'first_dag_02', 'thrid_task', 'scheduled__2021-10-09T00:00:00+00:00', '--job-id', '375', '--raw', '--subdir', 'DAGS_FOLDER/First_dag.py', '--cfg-path', '/tmp/tmp1lrxwqq1']
[2023-06-11T10:58:29.272+0000] {standard_task_runner.py:85} INFO - Job 375: Subtask thrid_task
[2023-06-11T10:58:29.867+0000] {task_command.py:410} INFO - Running <TaskInstance: first_dag_02.thrid_task scheduled__2021-10-09T00:00:00+00:00 [running]> on host 7586ce0070ac
[2023-06-11T10:58:32.274+0000] {taskinstance.py:1547} INFO - Exporting env vars: AIRFLOW_CTX_DAG_OWNER='Raja' AIRFLOW_CTX_DAG_ID='first_dag_02' AIRFLOW_CTX_TASK_ID='thrid_task' AIRFLOW_CTX_EXECUTION_DATE='2021-10-09T00:00:00+00:00' AIRFLOW_CTX_TRY_NUMBER='1' AIRFLOW_CTX_DAG_RUN_ID='scheduled__2021-10-09T00:00:00+00:00'
[2023-06-11T10:58:32.277+0000] {subprocess.py:63} INFO - Tmp dir root location: 
 /tmp
[2023-06-11T10:58:32.278+0000] {subprocess.py:75} INFO - Running command: ['/bin/bash', '-c', 'echo hey, I am task3 and will be running after task1 at the same time as task2!']
[2023-06-11T10:58:32.353+0000] {subprocess.py:86} INFO - Output:
[2023-06-11T10:58:32.477+0000] {subprocess.py:93} INFO - hey, I am task3 and will be running after task1 at the same time as task2!
[2023-06-11T10:58:32.483+0000] {subprocess.py:97} INFO - Command exited with return code 0
[2023-06-11T10:58:33.010+0000] {taskinstance.py:1350} INFO - Marking task as SUCCESS. dag_id=first_dag_02, task_id=thrid_task, execution_date=20211009T000000, start_date=20230611T105828, end_date=20230611T105833
[2023-06-11T10:58:33.502+0000] {local_task_job_runner.py:225} INFO - Task exited with return code 0
[2023-06-11T10:58:33.877+0000] {taskinstance.py:2651} INFO - 0 downstream tasks scheduled from follow-on schedule check
