[2023-06-11T06:15:00.542+0000] {taskinstance.py:1103} INFO - Dependencies all met for dep_context=non-requeueable deps ti=<TaskInstance: dag_pythonoperator_18.first_task scheduled__2023-06-03T00:00:00+00:00 [queued]>
[2023-06-11T06:15:00.600+0000] {taskinstance.py:1103} INFO - Dependencies all met for dep_context=requeueable deps ti=<TaskInstance: dag_pythonoperator_18.first_task scheduled__2023-06-03T00:00:00+00:00 [queued]>
[2023-06-11T06:15:00.601+0000] {taskinstance.py:1308} INFO - Starting attempt 1 of 6
[2023-06-11T06:15:00.690+0000] {taskinstance.py:1327} INFO - Executing <Task(PythonOperator): first_task> on 2023-06-03 00:00:00+00:00
[2023-06-11T06:15:00.701+0000] {standard_task_runner.py:57} INFO - Started process 504 to run task
[2023-06-11T06:15:00.706+0000] {standard_task_runner.py:84} INFO - Running: ['***', 'tasks', 'run', 'dag_pythonoperator_18', 'first_task', 'scheduled__2023-06-03T00:00:00+00:00', '--job-id', '686', '--raw', '--subdir', 'DAGS_FOLDER/python_operator_dag.py', '--cfg-path', '/tmp/tmpr8r9a058']
[2023-06-11T06:15:00.710+0000] {standard_task_runner.py:85} INFO - Job 686: Subtask first_task
[2023-06-11T06:15:00.971+0000] {task_command.py:410} INFO - Running <TaskInstance: dag_pythonoperator_18.first_task scheduled__2023-06-03T00:00:00+00:00 [running]> on host 69e374580eab
[2023-06-11T06:15:01.559+0000] {taskinstance.py:1547} INFO - Exporting env vars: AIRFLOW_CTX_DAG_OWNER='Raja' AIRFLOW_CTX_DAG_ID='dag_pythonoperator_18' AIRFLOW_CTX_TASK_ID='first_task' AIRFLOW_CTX_EXECUTION_DATE='2023-06-03T00:00:00+00:00' AIRFLOW_CTX_TRY_NUMBER='1' AIRFLOW_CTX_DAG_RUN_ID='scheduled__2023-06-03T00:00:00+00:00'
[2023-06-11T06:15:01.560+0000] {logging_mixin.py:149} INFO - Hai this first python_operator dag
[2023-06-11T06:15:01.561+0000] {python.py:183} INFO - Done. Returned value was: None
[2023-06-11T06:15:01.605+0000] {taskinstance.py:1350} INFO - Marking task as SUCCESS. dag_id=dag_pythonoperator_18, task_id=first_task, execution_date=20230603T000000, start_date=20230611T061500, end_date=20230611T061501
[2023-06-11T06:15:01.721+0000] {local_task_job_runner.py:225} INFO - Task exited with return code 0
[2023-06-11T06:15:02.433+0000] {taskinstance.py:2651} INFO - 0 downstream tasks scheduled from follow-on schedule check
[2023-06-11T08:14:01.640+0000] {taskinstance.py:1103} INFO - Dependencies all met for dep_context=non-requeueable deps ti=<TaskInstance: dag_pythonoperator_18.first_task scheduled__2023-06-03T00:00:00+00:00 [queued]>
[2023-06-11T08:14:02.836+0000] {taskinstance.py:1103} INFO - Dependencies all met for dep_context=requeueable deps ti=<TaskInstance: dag_pythonoperator_18.first_task scheduled__2023-06-03T00:00:00+00:00 [queued]>
[2023-06-11T08:14:02.836+0000] {taskinstance.py:1308} INFO - Starting attempt 1 of 6
[2023-06-11T08:14:03.119+0000] {taskinstance.py:1327} INFO - Executing <Task(PythonOperator): first_task> on 2023-06-03 00:00:00+00:00
[2023-06-11T08:14:03.302+0000] {standard_task_runner.py:57} INFO - Started process 81 to run task
[2023-06-11T08:14:03.588+0000] {standard_task_runner.py:84} INFO - Running: ['***', 'tasks', 'run', 'dag_pythonoperator_18', 'first_task', 'scheduled__2023-06-03T00:00:00+00:00', '--job-id', '38', '--raw', '--subdir', 'DAGS_FOLDER/python_operator_dag.py', '--cfg-path', '/tmp/tmpq1vw0if4']
[2023-06-11T08:14:03.589+0000] {standard_task_runner.py:85} INFO - Job 38: Subtask first_task
[2023-06-11T08:14:05.276+0000] {task_command.py:410} INFO - Running <TaskInstance: dag_pythonoperator_18.first_task scheduled__2023-06-03T00:00:00+00:00 [running]> on host 492037cdd057
[2023-06-11T08:14:09.444+0000] {taskinstance.py:1547} INFO - Exporting env vars: AIRFLOW_CTX_DAG_OWNER='Raja' AIRFLOW_CTX_DAG_ID='dag_pythonoperator_18' AIRFLOW_CTX_TASK_ID='first_task' AIRFLOW_CTX_EXECUTION_DATE='2023-06-03T00:00:00+00:00' AIRFLOW_CTX_TRY_NUMBER='1' AIRFLOW_CTX_DAG_RUN_ID='scheduled__2023-06-03T00:00:00+00:00'
[2023-06-11T08:14:09.445+0000] {logging_mixin.py:149} INFO - Hai this first python_operator dag
[2023-06-11T08:14:09.445+0000] {python.py:183} INFO - Done. Returned value was: None
[2023-06-11T08:14:10.563+0000] {taskinstance.py:1350} INFO - Marking task as SUCCESS. dag_id=dag_pythonoperator_18, task_id=first_task, execution_date=20230603T000000, start_date=20230611T081401, end_date=20230611T081410
[2023-06-11T08:14:11.490+0000] {local_task_job_runner.py:225} INFO - Task exited with return code 0
[2023-06-11T08:14:13.124+0000] {taskinstance.py:2651} INFO - 1 downstream tasks scheduled from follow-on schedule check
[2023-06-11T08:46:30.781+0000] {taskinstance.py:1103} INFO - Dependencies all met for dep_context=non-requeueable deps ti=<TaskInstance: dag_pythonoperator_18.first_task scheduled__2023-06-03T00:00:00+00:00 [queued]>
[2023-06-11T08:46:31.376+0000] {taskinstance.py:1103} INFO - Dependencies all met for dep_context=requeueable deps ti=<TaskInstance: dag_pythonoperator_18.first_task scheduled__2023-06-03T00:00:00+00:00 [queued]>
[2023-06-11T08:46:31.381+0000] {taskinstance.py:1308} INFO - Starting attempt 1 of 6
[2023-06-11T08:46:32.116+0000] {taskinstance.py:1327} INFO - Executing <Task(PythonOperator): first_task> on 2023-06-03 00:00:00+00:00
[2023-06-11T08:46:32.211+0000] {standard_task_runner.py:57} INFO - Started process 77 to run task
[2023-06-11T08:46:32.402+0000] {standard_task_runner.py:84} INFO - Running: ['***', 'tasks', 'run', 'dag_pythonoperator_18', 'first_task', 'scheduled__2023-06-03T00:00:00+00:00', '--job-id', '5', '--raw', '--subdir', 'DAGS_FOLDER/python_operator_dag.py', '--cfg-path', '/tmp/tmp0drt0h2k']
[2023-06-11T08:46:32.404+0000] {standard_task_runner.py:85} INFO - Job 5: Subtask first_task
[2023-06-11T08:46:32.806+0000] {task_command.py:410} INFO - Running <TaskInstance: dag_pythonoperator_18.first_task scheduled__2023-06-03T00:00:00+00:00 [running]> on host 964e508aad03
[2023-06-11T08:46:36.417+0000] {taskinstance.py:1547} INFO - Exporting env vars: AIRFLOW_CTX_DAG_OWNER='Raja' AIRFLOW_CTX_DAG_ID='dag_pythonoperator_18' AIRFLOW_CTX_TASK_ID='first_task' AIRFLOW_CTX_EXECUTION_DATE='2023-06-03T00:00:00+00:00' AIRFLOW_CTX_TRY_NUMBER='1' AIRFLOW_CTX_DAG_RUN_ID='scheduled__2023-06-03T00:00:00+00:00'
[2023-06-11T08:46:36.425+0000] {logging_mixin.py:149} INFO - Hai this first python_operator dag
[2023-06-11T08:46:36.428+0000] {python.py:183} INFO - Done. Returned value was: None
[2023-06-11T08:46:36.661+0000] {taskinstance.py:1350} INFO - Marking task as SUCCESS. dag_id=dag_pythonoperator_18, task_id=first_task, execution_date=20230603T000000, start_date=20230611T084630, end_date=20230611T084636
[2023-06-11T08:46:37.496+0000] {local_task_job_runner.py:225} INFO - Task exited with return code 0
[2023-06-11T08:46:38.176+0000] {taskinstance.py:2651} INFO - 1 downstream tasks scheduled from follow-on schedule check
[2023-06-11T10:35:29.337+0000] {taskinstance.py:1103} INFO - Dependencies all met for dep_context=non-requeueable deps ti=<TaskInstance: dag_pythonoperator_18.first_task scheduled__2023-06-03T00:00:00+00:00 [queued]>
[2023-06-11T10:35:30.194+0000] {taskinstance.py:1103} INFO - Dependencies all met for dep_context=requeueable deps ti=<TaskInstance: dag_pythonoperator_18.first_task scheduled__2023-06-03T00:00:00+00:00 [queued]>
[2023-06-11T10:35:30.194+0000] {taskinstance.py:1308} INFO - Starting attempt 1 of 6
[2023-06-11T10:35:31.029+0000] {taskinstance.py:1327} INFO - Executing <Task(PythonOperator): first_task> on 2023-06-03 00:00:00+00:00
[2023-06-11T10:35:31.078+0000] {standard_task_runner.py:57} INFO - Started process 112 to run task
[2023-06-11T10:35:31.213+0000] {standard_task_runner.py:84} INFO - Running: ['***', 'tasks', 'run', 'dag_pythonoperator_18', 'first_task', 'scheduled__2023-06-03T00:00:00+00:00', '--job-id', '15', '--raw', '--subdir', 'DAGS_FOLDER/python_operator_dag.py', '--cfg-path', '/tmp/tmpwn8g3c60']
[2023-06-11T10:35:31.214+0000] {standard_task_runner.py:85} INFO - Job 15: Subtask first_task
[2023-06-11T10:35:31.582+0000] {task_command.py:410} INFO - Running <TaskInstance: dag_pythonoperator_18.first_task scheduled__2023-06-03T00:00:00+00:00 [running]> on host 7586ce0070ac
[2023-06-11T10:35:38.521+0000] {taskinstance.py:1547} INFO - Exporting env vars: AIRFLOW_CTX_DAG_OWNER='Raja' AIRFLOW_CTX_DAG_ID='dag_pythonoperator_18' AIRFLOW_CTX_TASK_ID='first_task' AIRFLOW_CTX_EXECUTION_DATE='2023-06-03T00:00:00+00:00' AIRFLOW_CTX_TRY_NUMBER='1' AIRFLOW_CTX_DAG_RUN_ID='scheduled__2023-06-03T00:00:00+00:00'
[2023-06-11T10:35:38.536+0000] {logging_mixin.py:149} INFO - Hai this first python_operator dag
[2023-06-11T10:35:38.537+0000] {python.py:183} INFO - Done. Returned value was: None
[2023-06-11T10:35:40.478+0000] {taskinstance.py:1350} INFO - Marking task as SUCCESS. dag_id=dag_pythonoperator_18, task_id=first_task, execution_date=20230603T000000, start_date=20230611T103529, end_date=20230611T103540
[2023-06-11T10:35:42.023+0000] {local_task_job_runner.py:225} INFO - Task exited with return code 0
[2023-06-11T10:35:45.144+0000] {taskinstance.py:2651} INFO - 1 downstream tasks scheduled from follow-on schedule check
[2023-06-12T03:31:58.772+0000] {taskinstance.py:1103} INFO - Dependencies all met for dep_context=non-requeueable deps ti=<TaskInstance: dag_pythonoperator_18.first_task scheduled__2023-06-03T00:00:00+00:00 [queued]>
[2023-06-12T03:32:00.303+0000] {taskinstance.py:1103} INFO - Dependencies all met for dep_context=requeueable deps ti=<TaskInstance: dag_pythonoperator_18.first_task scheduled__2023-06-03T00:00:00+00:00 [queued]>
[2023-06-12T03:32:00.304+0000] {taskinstance.py:1308} INFO - Starting attempt 1 of 6
[2023-06-12T03:32:01.032+0000] {taskinstance.py:1327} INFO - Executing <Task(PythonOperator): first_task> on 2023-06-03 00:00:00+00:00
[2023-06-12T03:32:01.051+0000] {standard_task_runner.py:57} INFO - Started process 101 to run task
[2023-06-12T03:32:01.098+0000] {standard_task_runner.py:84} INFO - Running: ['***', 'tasks', 'run', 'dag_pythonoperator_18', 'first_task', 'scheduled__2023-06-03T00:00:00+00:00', '--job-id', '9', '--raw', '--subdir', 'DAGS_FOLDER/python_operator_dag.py', '--cfg-path', '/tmp/tmpf5db8602']
[2023-06-12T03:32:01.100+0000] {standard_task_runner.py:85} INFO - Job 9: Subtask first_task
[2023-06-12T03:32:04.137+0000] {task_command.py:410} INFO - Running <TaskInstance: dag_pythonoperator_18.first_task scheduled__2023-06-03T00:00:00+00:00 [running]> on host 03cd9a7904e9
[2023-06-12T03:32:10.522+0000] {taskinstance.py:1547} INFO - Exporting env vars: AIRFLOW_CTX_DAG_OWNER='Raja' AIRFLOW_CTX_DAG_ID='dag_pythonoperator_18' AIRFLOW_CTX_TASK_ID='first_task' AIRFLOW_CTX_EXECUTION_DATE='2023-06-03T00:00:00+00:00' AIRFLOW_CTX_TRY_NUMBER='1' AIRFLOW_CTX_DAG_RUN_ID='scheduled__2023-06-03T00:00:00+00:00'
[2023-06-12T03:32:10.526+0000] {logging_mixin.py:149} INFO - Hai this first python_operator dag
[2023-06-12T03:32:10.528+0000] {python.py:183} INFO - Done. Returned value was: None
[2023-06-12T03:32:10.989+0000] {taskinstance.py:1350} INFO - Marking task as SUCCESS. dag_id=dag_pythonoperator_18, task_id=first_task, execution_date=20230603T000000, start_date=20230612T033158, end_date=20230612T033210
[2023-06-12T03:32:11.770+0000] {local_task_job_runner.py:225} INFO - Task exited with return code 0
[2023-06-12T03:32:13.324+0000] {taskinstance.py:2651} INFO - 1 downstream tasks scheduled from follow-on schedule check
