[2023-06-11T09:40:28.134+0000] {taskinstance.py:1103} INFO - Dependencies all met for dep_context=non-requeueable deps ti=<TaskInstance: first_dag_02.second_task scheduled__2022-04-09T00:00:00+00:00 [queued]>
[2023-06-11T09:40:29.592+0000] {taskinstance.py:1103} INFO - Dependencies all met for dep_context=requeueable deps ti=<TaskInstance: first_dag_02.second_task scheduled__2022-04-09T00:00:00+00:00 [queued]>
[2023-06-11T09:40:29.593+0000] {taskinstance.py:1308} INFO - Starting attempt 1 of 6
[2023-06-11T09:40:32.530+0000] {taskinstance.py:1327} INFO - Executing <Task(BashOperator): second_task> on 2022-04-09 00:00:00+00:00
[2023-06-11T09:40:32.561+0000] {standard_task_runner.py:57} INFO - Started process 3989 to run task
[2023-06-11T09:40:32.592+0000] {standard_task_runner.py:84} INFO - Running: ['***', 'tasks', 'run', 'first_dag_02', 'second_task', 'scheduled__2022-04-09T00:00:00+00:00', '--job-id', '1232', '--raw', '--subdir', 'DAGS_FOLDER/First_dag.py', '--cfg-path', '/tmp/tmpuypbig7v']
[2023-06-11T09:40:32.594+0000] {standard_task_runner.py:85} INFO - Job 1232: Subtask second_task
[2023-06-11T09:40:34.105+0000] {task_command.py:410} INFO - Running <TaskInstance: first_dag_02.second_task scheduled__2022-04-09T00:00:00+00:00 [running]> on host 964e508aad03
[2023-06-11T09:40:41.717+0000] {taskinstance.py:1547} INFO - Exporting env vars: AIRFLOW_CTX_DAG_OWNER='Raja' AIRFLOW_CTX_DAG_ID='first_dag_02' AIRFLOW_CTX_TASK_ID='second_task' AIRFLOW_CTX_EXECUTION_DATE='2022-04-09T00:00:00+00:00' AIRFLOW_CTX_TRY_NUMBER='1' AIRFLOW_CTX_DAG_RUN_ID='scheduled__2022-04-09T00:00:00+00:00'
[2023-06-11T09:40:41.911+0000] {subprocess.py:63} INFO - Tmp dir root location: 
 /tmp
[2023-06-11T09:40:41.912+0000] {subprocess.py:75} INFO - Running command: ['/bin/bash', '-c', 'echo hey, I am task2 and will be running after task1!']
[2023-06-11T09:40:41.955+0000] {subprocess.py:86} INFO - Output:
[2023-06-11T09:40:41.980+0000] {subprocess.py:93} INFO - hey, I am task2 and will be running after task1!
[2023-06-11T09:40:41.981+0000] {subprocess.py:97} INFO - Command exited with return code 0
[2023-06-11T09:40:43.173+0000] {taskinstance.py:1350} INFO - Marking task as SUCCESS. dag_id=first_dag_02, task_id=second_task, execution_date=20220409T000000, start_date=20230611T094028, end_date=20230611T094043
[2023-06-11T09:40:44.092+0000] {local_task_job_runner.py:225} INFO - Task exited with return code 0
[2023-06-11T09:40:46.542+0000] {taskinstance.py:2651} INFO - 0 downstream tasks scheduled from follow-on schedule check
[2023-06-11T15:28:26.096+0000] {taskinstance.py:1103} INFO - Dependencies all met for dep_context=non-requeueable deps ti=<TaskInstance: first_dag_02.second_task scheduled__2022-04-09T00:00:00+00:00 [queued]>
[2023-06-11T15:28:26.355+0000] {taskinstance.py:1103} INFO - Dependencies all met for dep_context=requeueable deps ti=<TaskInstance: first_dag_02.second_task scheduled__2022-04-09T00:00:00+00:00 [queued]>
[2023-06-11T15:28:26.370+0000] {taskinstance.py:1308} INFO - Starting attempt 1 of 6
[2023-06-11T15:28:26.920+0000] {taskinstance.py:1327} INFO - Executing <Task(BashOperator): second_task> on 2022-04-09 00:00:00+00:00
[2023-06-11T15:28:27.051+0000] {standard_task_runner.py:57} INFO - Started process 585 to run task
[2023-06-11T15:28:27.132+0000] {standard_task_runner.py:84} INFO - Running: ['***', 'tasks', 'run', 'first_dag_02', 'second_task', 'scheduled__2022-04-09T00:00:00+00:00', '--job-id', '1264', '--raw', '--subdir', 'DAGS_FOLDER/First_dag.py', '--cfg-path', '/tmp/tmpzehkh75h']
[2023-06-11T15:28:27.133+0000] {standard_task_runner.py:85} INFO - Job 1264: Subtask second_task
[2023-06-11T15:28:27.850+0000] {task_command.py:410} INFO - Running <TaskInstance: first_dag_02.second_task scheduled__2022-04-09T00:00:00+00:00 [running]> on host 7586ce0070ac
[2023-06-11T15:28:30.064+0000] {taskinstance.py:1547} INFO - Exporting env vars: AIRFLOW_CTX_DAG_OWNER='Raja' AIRFLOW_CTX_DAG_ID='first_dag_02' AIRFLOW_CTX_TASK_ID='second_task' AIRFLOW_CTX_EXECUTION_DATE='2022-04-09T00:00:00+00:00' AIRFLOW_CTX_TRY_NUMBER='1' AIRFLOW_CTX_DAG_RUN_ID='scheduled__2022-04-09T00:00:00+00:00'
[2023-06-11T15:28:30.066+0000] {subprocess.py:63} INFO - Tmp dir root location: 
 /tmp
[2023-06-11T15:28:30.067+0000] {subprocess.py:75} INFO - Running command: ['/bin/bash', '-c', 'echo hey, I am task2 and will be running after task1!']
[2023-06-11T15:28:30.184+0000] {subprocess.py:86} INFO - Output:
[2023-06-11T15:28:30.191+0000] {subprocess.py:93} INFO - hey, I am task2 and will be running after task1!
[2023-06-11T15:28:30.193+0000] {subprocess.py:97} INFO - Command exited with return code 0
[2023-06-11T15:28:30.386+0000] {taskinstance.py:1350} INFO - Marking task as SUCCESS. dag_id=first_dag_02, task_id=second_task, execution_date=20220409T000000, start_date=20230611T152826, end_date=20230611T152830
[2023-06-11T15:28:30.626+0000] {local_task_job_runner.py:225} INFO - Task exited with return code 0
[2023-06-11T15:28:30.763+0000] {taskinstance.py:2651} INFO - 0 downstream tasks scheduled from follow-on schedule check
