[2023-06-11T09:02:09.997+0000] {taskinstance.py:1103} INFO - Dependencies all met for dep_context=non-requeueable deps ti=<TaskInstance: first_dag_02.thrid_task scheduled__2022-03-11T00:00:00+00:00 [queued]>
[2023-06-11T09:02:10.211+0000] {taskinstance.py:1103} INFO - Dependencies all met for dep_context=requeueable deps ti=<TaskInstance: first_dag_02.thrid_task scheduled__2022-03-11T00:00:00+00:00 [queued]>
[2023-06-11T09:02:10.212+0000] {taskinstance.py:1308} INFO - Starting attempt 1 of 6
[2023-06-11T09:02:10.561+0000] {taskinstance.py:1327} INFO - Executing <Task(BashOperator): thrid_task> on 2022-03-11 00:00:00+00:00
[2023-06-11T09:02:10.600+0000] {standard_task_runner.py:57} INFO - Started process 3464 to run task
[2023-06-11T09:02:10.650+0000] {standard_task_runner.py:84} INFO - Running: ['***', 'tasks', 'run', 'first_dag_02', 'thrid_task', 'scheduled__2022-03-11T00:00:00+00:00', '--job-id', '1082', '--raw', '--subdir', 'DAGS_FOLDER/First_dag.py', '--cfg-path', '/tmp/tmp3l93csvn']
[2023-06-11T09:02:10.651+0000] {standard_task_runner.py:85} INFO - Job 1082: Subtask thrid_task
[2023-06-11T09:02:12.611+0000] {task_command.py:410} INFO - Running <TaskInstance: first_dag_02.thrid_task scheduled__2022-03-11T00:00:00+00:00 [running]> on host 964e508aad03
[2023-06-11T09:02:19.534+0000] {taskinstance.py:1547} INFO - Exporting env vars: AIRFLOW_CTX_DAG_OWNER='Raja' AIRFLOW_CTX_DAG_ID='first_dag_02' AIRFLOW_CTX_TASK_ID='thrid_task' AIRFLOW_CTX_EXECUTION_DATE='2022-03-11T00:00:00+00:00' AIRFLOW_CTX_TRY_NUMBER='1' AIRFLOW_CTX_DAG_RUN_ID='scheduled__2022-03-11T00:00:00+00:00'
[2023-06-11T09:02:19.538+0000] {subprocess.py:63} INFO - Tmp dir root location: 
 /tmp
[2023-06-11T09:02:19.561+0000] {subprocess.py:75} INFO - Running command: ['/bin/bash', '-c', 'echo hey, I am task3 and will be running after task1 at the same time as task2!']
[2023-06-11T09:02:19.742+0000] {subprocess.py:86} INFO - Output:
[2023-06-11T09:02:19.799+0000] {subprocess.py:93} INFO - hey, I am task3 and will be running after task1 at the same time as task2!
[2023-06-11T09:02:19.839+0000] {subprocess.py:97} INFO - Command exited with return code 0
[2023-06-11T09:02:21.607+0000] {taskinstance.py:1350} INFO - Marking task as SUCCESS. dag_id=first_dag_02, task_id=thrid_task, execution_date=20220311T000000, start_date=20230611T090210, end_date=20230611T090221
[2023-06-11T09:02:22.986+0000] {local_task_job_runner.py:225} INFO - Task exited with return code 0
[2023-06-11T09:02:23.208+0000] {taskinstance.py:2651} INFO - 0 downstream tasks scheduled from follow-on schedule check
[2023-06-11T15:26:12.552+0000] {taskinstance.py:1103} INFO - Dependencies all met for dep_context=non-requeueable deps ti=<TaskInstance: first_dag_02.thrid_task scheduled__2022-03-11T00:00:00+00:00 [queued]>
[2023-06-11T15:26:12.989+0000] {taskinstance.py:1103} INFO - Dependencies all met for dep_context=requeueable deps ti=<TaskInstance: first_dag_02.thrid_task scheduled__2022-03-11T00:00:00+00:00 [queued]>
[2023-06-11T15:26:13.011+0000] {taskinstance.py:1308} INFO - Starting attempt 1 of 6
[2023-06-11T15:26:13.376+0000] {taskinstance.py:1327} INFO - Executing <Task(BashOperator): thrid_task> on 2022-03-11 00:00:00+00:00
[2023-06-11T15:26:13.513+0000] {standard_task_runner.py:57} INFO - Started process 171 to run task
[2023-06-11T15:26:13.628+0000] {standard_task_runner.py:84} INFO - Running: ['***', 'tasks', 'run', 'first_dag_02', 'thrid_task', 'scheduled__2022-03-11T00:00:00+00:00', '--job-id', '1135', '--raw', '--subdir', 'DAGS_FOLDER/First_dag.py', '--cfg-path', '/tmp/tmpscogmtfi']
[2023-06-11T15:26:13.650+0000] {standard_task_runner.py:85} INFO - Job 1135: Subtask thrid_task
[2023-06-11T15:26:15.127+0000] {task_command.py:410} INFO - Running <TaskInstance: first_dag_02.thrid_task scheduled__2022-03-11T00:00:00+00:00 [running]> on host 7586ce0070ac
[2023-06-11T15:26:17.971+0000] {taskinstance.py:1547} INFO - Exporting env vars: AIRFLOW_CTX_DAG_OWNER='Raja' AIRFLOW_CTX_DAG_ID='first_dag_02' AIRFLOW_CTX_TASK_ID='thrid_task' AIRFLOW_CTX_EXECUTION_DATE='2022-03-11T00:00:00+00:00' AIRFLOW_CTX_TRY_NUMBER='1' AIRFLOW_CTX_DAG_RUN_ID='scheduled__2022-03-11T00:00:00+00:00'
[2023-06-11T15:26:18.029+0000] {subprocess.py:63} INFO - Tmp dir root location: 
 /tmp
[2023-06-11T15:26:18.055+0000] {subprocess.py:75} INFO - Running command: ['/bin/bash', '-c', 'echo hey, I am task3 and will be running after task1 at the same time as task2!']
[2023-06-11T15:26:18.320+0000] {subprocess.py:86} INFO - Output:
[2023-06-11T15:26:18.370+0000] {subprocess.py:93} INFO - hey, I am task3 and will be running after task1 at the same time as task2!
[2023-06-11T15:26:18.371+0000] {subprocess.py:97} INFO - Command exited with return code 0
[2023-06-11T15:26:18.798+0000] {taskinstance.py:1350} INFO - Marking task as SUCCESS. dag_id=first_dag_02, task_id=thrid_task, execution_date=20220311T000000, start_date=20230611T152612, end_date=20230611T152618
[2023-06-11T15:26:19.065+0000] {local_task_job_runner.py:225} INFO - Task exited with return code 0
[2023-06-11T15:26:19.370+0000] {taskinstance.py:2651} INFO - 0 downstream tasks scheduled from follow-on schedule check
