[2023-06-11T04:48:13.428+0000] {taskinstance.py:1103} INFO - Dependencies all met for dep_context=non-requeueable deps ti=<TaskInstance: first_dag_02.thrid_task scheduled__2021-09-09T00:00:00+00:00 [queued]>
[2023-06-11T04:48:13.707+0000] {taskinstance.py:1103} INFO - Dependencies all met for dep_context=requeueable deps ti=<TaskInstance: first_dag_02.thrid_task scheduled__2021-09-09T00:00:00+00:00 [queued]>
[2023-06-11T04:48:13.708+0000] {taskinstance.py:1308} INFO - Starting attempt 1 of 6
[2023-06-11T04:48:13.902+0000] {taskinstance.py:1327} INFO - Executing <Task(BashOperator): thrid_task> on 2021-09-09 00:00:00+00:00
[2023-06-11T04:48:13.913+0000] {standard_task_runner.py:57} INFO - Started process 598 to run task
[2023-06-11T04:48:13.973+0000] {standard_task_runner.py:84} INFO - Running: ['***', 'tasks', 'run', 'first_dag_02', 'thrid_task', 'scheduled__2021-09-09T00:00:00+00:00', '--job-id', '171', '--raw', '--subdir', 'DAGS_FOLDER/First_dag.py', '--cfg-path', '/tmp/tmptp__xhfq']
[2023-06-11T04:48:14.029+0000] {standard_task_runner.py:85} INFO - Job 171: Subtask thrid_task
[2023-06-11T04:48:14.618+0000] {task_command.py:410} INFO - Running <TaskInstance: first_dag_02.thrid_task scheduled__2021-09-09T00:00:00+00:00 [running]> on host 4b1b5d40d165
[2023-06-11T04:48:17.160+0000] {taskinstance.py:1547} INFO - Exporting env vars: AIRFLOW_CTX_DAG_OWNER='Raja' AIRFLOW_CTX_DAG_ID='first_dag_02' AIRFLOW_CTX_TASK_ID='thrid_task' AIRFLOW_CTX_EXECUTION_DATE='2021-09-09T00:00:00+00:00' AIRFLOW_CTX_TRY_NUMBER='1' AIRFLOW_CTX_DAG_RUN_ID='scheduled__2021-09-09T00:00:00+00:00'
[2023-06-11T04:48:17.163+0000] {subprocess.py:63} INFO - Tmp dir root location: 
 /tmp
[2023-06-11T04:48:17.164+0000] {subprocess.py:75} INFO - Running command: ['/bin/bash', '-c', 'echo hey, I am task3 and will be running after task1 at the same time as task2!']
[2023-06-11T04:48:17.283+0000] {subprocess.py:86} INFO - Output:
[2023-06-11T04:48:17.331+0000] {subprocess.py:93} INFO - hey, I am task3 and will be running after task1 at the same time as task2!
[2023-06-11T04:48:17.332+0000] {subprocess.py:97} INFO - Command exited with return code 0
[2023-06-11T04:48:17.466+0000] {taskinstance.py:1350} INFO - Marking task as SUCCESS. dag_id=first_dag_02, task_id=thrid_task, execution_date=20210909T000000, start_date=20230611T044813, end_date=20230611T044817
[2023-06-11T04:48:18.330+0000] {local_task_job_runner.py:225} INFO - Task exited with return code 0
[2023-06-11T04:48:18.533+0000] {taskinstance.py:2651} INFO - 0 downstream tasks scheduled from follow-on schedule check
[2023-06-11T08:24:36.588+0000] {taskinstance.py:1103} INFO - Dependencies all met for dep_context=non-requeueable deps ti=<TaskInstance: first_dag_02.thrid_task scheduled__2021-09-09T00:00:00+00:00 [queued]>
[2023-06-11T08:24:36.673+0000] {taskinstance.py:1103} INFO - Dependencies all met for dep_context=requeueable deps ti=<TaskInstance: first_dag_02.thrid_task scheduled__2021-09-09T00:00:00+00:00 [queued]>
[2023-06-11T08:24:36.681+0000] {taskinstance.py:1308} INFO - Starting attempt 1 of 6
[2023-06-11T08:24:37.298+0000] {taskinstance.py:1327} INFO - Executing <Task(BashOperator): thrid_task> on 2021-09-09 00:00:00+00:00
[2023-06-11T08:24:37.489+0000] {standard_task_runner.py:57} INFO - Started process 990 to run task
[2023-06-11T08:24:37.550+0000] {standard_task_runner.py:84} INFO - Running: ['***', 'tasks', 'run', 'first_dag_02', 'thrid_task', 'scheduled__2021-09-09T00:00:00+00:00', '--job-id', '308', '--raw', '--subdir', 'DAGS_FOLDER/First_dag.py', '--cfg-path', '/tmp/tmp31k0b5h5']
[2023-06-11T08:24:37.555+0000] {standard_task_runner.py:85} INFO - Job 308: Subtask thrid_task
[2023-06-11T08:24:38.667+0000] {task_command.py:410} INFO - Running <TaskInstance: first_dag_02.thrid_task scheduled__2021-09-09T00:00:00+00:00 [running]> on host 492037cdd057
[2023-06-11T08:24:41.484+0000] {taskinstance.py:1547} INFO - Exporting env vars: AIRFLOW_CTX_DAG_OWNER='Raja' AIRFLOW_CTX_DAG_ID='first_dag_02' AIRFLOW_CTX_TASK_ID='thrid_task' AIRFLOW_CTX_EXECUTION_DATE='2021-09-09T00:00:00+00:00' AIRFLOW_CTX_TRY_NUMBER='1' AIRFLOW_CTX_DAG_RUN_ID='scheduled__2021-09-09T00:00:00+00:00'
[2023-06-11T08:24:41.486+0000] {subprocess.py:63} INFO - Tmp dir root location: 
 /tmp
[2023-06-11T08:24:41.492+0000] {subprocess.py:75} INFO - Running command: ['/bin/bash', '-c', 'echo hey, I am task3 and will be running after task1 at the same time as task2!']
[2023-06-11T08:24:41.660+0000] {subprocess.py:86} INFO - Output:
[2023-06-11T08:24:41.705+0000] {subprocess.py:93} INFO - hey, I am task3 and will be running after task1 at the same time as task2!
[2023-06-11T08:24:41.710+0000] {subprocess.py:97} INFO - Command exited with return code 0
[2023-06-11T08:24:42.216+0000] {taskinstance.py:1350} INFO - Marking task as SUCCESS. dag_id=first_dag_02, task_id=thrid_task, execution_date=20210909T000000, start_date=20230611T082436, end_date=20230611T082442
[2023-06-11T08:24:43.193+0000] {local_task_job_runner.py:225} INFO - Task exited with return code 0
[2023-06-11T08:24:43.849+0000] {taskinstance.py:2651} INFO - 0 downstream tasks scheduled from follow-on schedule check
[2023-06-11T08:49:52.963+0000] {taskinstance.py:1103} INFO - Dependencies all met for dep_context=non-requeueable deps ti=<TaskInstance: first_dag_02.thrid_task scheduled__2021-09-09T00:00:00+00:00 [queued]>
[2023-06-11T08:49:53.137+0000] {taskinstance.py:1103} INFO - Dependencies all met for dep_context=requeueable deps ti=<TaskInstance: first_dag_02.thrid_task scheduled__2021-09-09T00:00:00+00:00 [queued]>
[2023-06-11T08:49:53.137+0000] {taskinstance.py:1308} INFO - Starting attempt 1 of 6
[2023-06-11T08:49:53.277+0000] {taskinstance.py:1327} INFO - Executing <Task(BashOperator): thrid_task> on 2021-09-09 00:00:00+00:00
[2023-06-11T08:49:53.369+0000] {standard_task_runner.py:57} INFO - Started process 768 to run task
[2023-06-11T08:49:53.471+0000] {standard_task_runner.py:84} INFO - Running: ['***', 'tasks', 'run', 'first_dag_02', 'thrid_task', 'scheduled__2021-09-09T00:00:00+00:00', '--job-id', '235', '--raw', '--subdir', 'DAGS_FOLDER/First_dag.py', '--cfg-path', '/tmp/tmpeb2l97hv']
[2023-06-11T08:49:53.472+0000] {standard_task_runner.py:85} INFO - Job 235: Subtask thrid_task
[2023-06-11T08:49:53.850+0000] {task_command.py:410} INFO - Running <TaskInstance: first_dag_02.thrid_task scheduled__2021-09-09T00:00:00+00:00 [running]> on host 964e508aad03
[2023-06-11T08:49:55.342+0000] {taskinstance.py:1547} INFO - Exporting env vars: AIRFLOW_CTX_DAG_OWNER='Raja' AIRFLOW_CTX_DAG_ID='first_dag_02' AIRFLOW_CTX_TASK_ID='thrid_task' AIRFLOW_CTX_EXECUTION_DATE='2021-09-09T00:00:00+00:00' AIRFLOW_CTX_TRY_NUMBER='1' AIRFLOW_CTX_DAG_RUN_ID='scheduled__2021-09-09T00:00:00+00:00'
[2023-06-11T08:49:55.344+0000] {subprocess.py:63} INFO - Tmp dir root location: 
 /tmp
[2023-06-11T08:49:55.370+0000] {subprocess.py:75} INFO - Running command: ['/bin/bash', '-c', 'echo hey, I am task3 and will be running after task1 at the same time as task2!']
[2023-06-11T08:49:55.535+0000] {subprocess.py:86} INFO - Output:
[2023-06-11T08:49:55.542+0000] {subprocess.py:93} INFO - hey, I am task3 and will be running after task1 at the same time as task2!
[2023-06-11T08:49:55.549+0000] {subprocess.py:97} INFO - Command exited with return code 0
[2023-06-11T08:49:55.861+0000] {taskinstance.py:1350} INFO - Marking task as SUCCESS. dag_id=first_dag_02, task_id=thrid_task, execution_date=20210909T000000, start_date=20230611T084952, end_date=20230611T084955
[2023-06-11T08:49:56.294+0000] {local_task_job_runner.py:225} INFO - Task exited with return code 0
[2023-06-11T08:49:56.711+0000] {taskinstance.py:2651} INFO - 0 downstream tasks scheduled from follow-on schedule check
[2023-06-11T10:44:43.055+0000] {taskinstance.py:1103} INFO - Dependencies all met for dep_context=non-requeueable deps ti=<TaskInstance: first_dag_02.thrid_task scheduled__2021-09-09T00:00:00+00:00 [queued]>
[2023-06-11T10:44:44.043+0000] {taskinstance.py:1103} INFO - Dependencies all met for dep_context=requeueable deps ti=<TaskInstance: first_dag_02.thrid_task scheduled__2021-09-09T00:00:00+00:00 [queued]>
[2023-06-11T10:44:44.047+0000] {taskinstance.py:1308} INFO - Starting attempt 1 of 6
[2023-06-11T10:44:45.365+0000] {taskinstance.py:1327} INFO - Executing <Task(BashOperator): thrid_task> on 2021-09-09 00:00:00+00:00
[2023-06-11T10:44:45.392+0000] {standard_task_runner.py:57} INFO - Started process 855 to run task
[2023-06-11T10:44:45.533+0000] {standard_task_runner.py:84} INFO - Running: ['***', 'tasks', 'run', 'first_dag_02', 'thrid_task', 'scheduled__2021-09-09T00:00:00+00:00', '--job-id', '237', '--raw', '--subdir', 'DAGS_FOLDER/First_dag.py', '--cfg-path', '/tmp/tmp385522on']
[2023-06-11T10:44:45.535+0000] {standard_task_runner.py:85} INFO - Job 237: Subtask thrid_task
[2023-06-11T10:44:47.018+0000] {task_command.py:410} INFO - Running <TaskInstance: first_dag_02.thrid_task scheduled__2021-09-09T00:00:00+00:00 [running]> on host 7586ce0070ac
[2023-06-11T10:44:51.951+0000] {taskinstance.py:1547} INFO - Exporting env vars: AIRFLOW_CTX_DAG_OWNER='Raja' AIRFLOW_CTX_DAG_ID='first_dag_02' AIRFLOW_CTX_TASK_ID='thrid_task' AIRFLOW_CTX_EXECUTION_DATE='2021-09-09T00:00:00+00:00' AIRFLOW_CTX_TRY_NUMBER='1' AIRFLOW_CTX_DAG_RUN_ID='scheduled__2021-09-09T00:00:00+00:00'
[2023-06-11T10:44:51.982+0000] {subprocess.py:63} INFO - Tmp dir root location: 
 /tmp
[2023-06-11T10:44:51.983+0000] {subprocess.py:75} INFO - Running command: ['/bin/bash', '-c', 'echo hey, I am task3 and will be running after task1 at the same time as task2!']
[2023-06-11T10:44:52.219+0000] {subprocess.py:86} INFO - Output:
[2023-06-11T10:44:52.246+0000] {subprocess.py:93} INFO - hey, I am task3 and will be running after task1 at the same time as task2!
[2023-06-11T10:44:52.248+0000] {subprocess.py:97} INFO - Command exited with return code 0
[2023-06-11T10:44:53.071+0000] {taskinstance.py:1350} INFO - Marking task as SUCCESS. dag_id=first_dag_02, task_id=thrid_task, execution_date=20210909T000000, start_date=20230611T104443, end_date=20230611T104453
[2023-06-11T10:44:53.784+0000] {local_task_job_runner.py:225} INFO - Task exited with return code 0
[2023-06-11T10:44:55.365+0000] {taskinstance.py:2651} INFO - 0 downstream tasks scheduled from follow-on schedule check
