[2023-06-11T04:48:26.880+0000] {taskinstance.py:1103} INFO - Dependencies all met for dep_context=non-requeueable deps ti=<TaskInstance: first_dag_02.second_task scheduled__2021-09-10T00:00:00+00:00 [queued]>
[2023-06-11T04:48:26.981+0000] {taskinstance.py:1103} INFO - Dependencies all met for dep_context=requeueable deps ti=<TaskInstance: first_dag_02.second_task scheduled__2021-09-10T00:00:00+00:00 [queued]>
[2023-06-11T04:48:26.982+0000] {taskinstance.py:1308} INFO - Starting attempt 1 of 6
[2023-06-11T04:48:27.492+0000] {taskinstance.py:1327} INFO - Executing <Task(BashOperator): second_task> on 2021-09-10 00:00:00+00:00
[2023-06-11T04:48:27.567+0000] {standard_task_runner.py:57} INFO - Started process 635 to run task
[2023-06-11T04:48:27.718+0000] {standard_task_runner.py:84} INFO - Running: ['***', 'tasks', 'run', 'first_dag_02', 'second_task', 'scheduled__2021-09-10T00:00:00+00:00', '--job-id', '181', '--raw', '--subdir', 'DAGS_FOLDER/First_dag.py', '--cfg-path', '/tmp/tmppal9xk6f']
[2023-06-11T04:48:27.722+0000] {standard_task_runner.py:85} INFO - Job 181: Subtask second_task
[2023-06-11T04:48:28.675+0000] {task_command.py:410} INFO - Running <TaskInstance: first_dag_02.second_task scheduled__2021-09-10T00:00:00+00:00 [running]> on host 4b1b5d40d165
[2023-06-11T04:48:36.268+0000] {taskinstance.py:1547} INFO - Exporting env vars: AIRFLOW_CTX_DAG_OWNER='Raja' AIRFLOW_CTX_DAG_ID='first_dag_02' AIRFLOW_CTX_TASK_ID='second_task' AIRFLOW_CTX_EXECUTION_DATE='2021-09-10T00:00:00+00:00' AIRFLOW_CTX_TRY_NUMBER='1' AIRFLOW_CTX_DAG_RUN_ID='scheduled__2021-09-10T00:00:00+00:00'
[2023-06-11T04:48:36.360+0000] {subprocess.py:63} INFO - Tmp dir root location: 
 /tmp
[2023-06-11T04:48:36.361+0000] {subprocess.py:75} INFO - Running command: ['/bin/bash', '-c', 'echo hey, I am task2 and will be running after task1!']
[2023-06-11T04:48:37.481+0000] {subprocess.py:86} INFO - Output:
[2023-06-11T04:48:37.489+0000] {subprocess.py:93} INFO - hey, I am task2 and will be running after task1!
[2023-06-11T04:48:37.494+0000] {subprocess.py:97} INFO - Command exited with return code 0
[2023-06-11T04:48:38.929+0000] {taskinstance.py:1350} INFO - Marking task as SUCCESS. dag_id=first_dag_02, task_id=second_task, execution_date=20210910T000000, start_date=20230611T044826, end_date=20230611T044838
[2023-06-11T04:48:39.914+0000] {local_task_job_runner.py:225} INFO - Task exited with return code 0
[2023-06-11T04:48:40.763+0000] {taskinstance.py:2651} INFO - 0 downstream tasks scheduled from follow-on schedule check
[2023-06-11T08:24:33.931+0000] {taskinstance.py:1103} INFO - Dependencies all met for dep_context=non-requeueable deps ti=<TaskInstance: first_dag_02.second_task scheduled__2021-09-10T00:00:00+00:00 [queued]>
[2023-06-11T08:24:34.647+0000] {taskinstance.py:1103} INFO - Dependencies all met for dep_context=requeueable deps ti=<TaskInstance: first_dag_02.second_task scheduled__2021-09-10T00:00:00+00:00 [queued]>
[2023-06-11T08:24:34.668+0000] {taskinstance.py:1308} INFO - Starting attempt 1 of 6
[2023-06-11T08:24:35.743+0000] {taskinstance.py:1327} INFO - Executing <Task(BashOperator): second_task> on 2021-09-10 00:00:00+00:00
[2023-06-11T08:24:35.847+0000] {standard_task_runner.py:57} INFO - Started process 986 to run task
[2023-06-11T08:24:35.998+0000] {standard_task_runner.py:84} INFO - Running: ['***', 'tasks', 'run', 'first_dag_02', 'second_task', 'scheduled__2021-09-10T00:00:00+00:00', '--job-id', '306', '--raw', '--subdir', 'DAGS_FOLDER/First_dag.py', '--cfg-path', '/tmp/tmpfizo9s_g']
[2023-06-11T08:24:36.024+0000] {standard_task_runner.py:85} INFO - Job 306: Subtask second_task
[2023-06-11T08:24:36.907+0000] {task_command.py:410} INFO - Running <TaskInstance: first_dag_02.second_task scheduled__2021-09-10T00:00:00+00:00 [running]> on host 492037cdd057
[2023-06-11T08:24:38.725+0000] {taskinstance.py:1547} INFO - Exporting env vars: AIRFLOW_CTX_DAG_OWNER='Raja' AIRFLOW_CTX_DAG_ID='first_dag_02' AIRFLOW_CTX_TASK_ID='second_task' AIRFLOW_CTX_EXECUTION_DATE='2021-09-10T00:00:00+00:00' AIRFLOW_CTX_TRY_NUMBER='1' AIRFLOW_CTX_DAG_RUN_ID='scheduled__2021-09-10T00:00:00+00:00'
[2023-06-11T08:24:38.726+0000] {subprocess.py:63} INFO - Tmp dir root location: 
 /tmp
[2023-06-11T08:24:38.800+0000] {subprocess.py:75} INFO - Running command: ['/bin/bash', '-c', 'echo hey, I am task2 and will be running after task1!']
[2023-06-11T08:24:39.051+0000] {subprocess.py:86} INFO - Output:
[2023-06-11T08:24:39.063+0000] {subprocess.py:93} INFO - hey, I am task2 and will be running after task1!
[2023-06-11T08:24:39.066+0000] {subprocess.py:97} INFO - Command exited with return code 0
[2023-06-11T08:24:39.293+0000] {taskinstance.py:1350} INFO - Marking task as SUCCESS. dag_id=first_dag_02, task_id=second_task, execution_date=20210910T000000, start_date=20230611T082433, end_date=20230611T082439
[2023-06-11T08:24:39.534+0000] {local_task_job_runner.py:225} INFO - Task exited with return code 0
[2023-06-11T08:24:40.141+0000] {taskinstance.py:2651} INFO - 0 downstream tasks scheduled from follow-on schedule check
[2023-06-11T08:50:10.042+0000] {taskinstance.py:1103} INFO - Dependencies all met for dep_context=non-requeueable deps ti=<TaskInstance: first_dag_02.second_task scheduled__2021-09-10T00:00:00+00:00 [queued]>
[2023-06-11T08:50:10.272+0000] {taskinstance.py:1103} INFO - Dependencies all met for dep_context=requeueable deps ti=<TaskInstance: first_dag_02.second_task scheduled__2021-09-10T00:00:00+00:00 [queued]>
[2023-06-11T08:50:10.320+0000] {taskinstance.py:1308} INFO - Starting attempt 1 of 6
[2023-06-11T08:50:10.919+0000] {taskinstance.py:1327} INFO - Executing <Task(BashOperator): second_task> on 2021-09-10 00:00:00+00:00
[2023-06-11T08:50:11.017+0000] {standard_task_runner.py:57} INFO - Started process 828 to run task
[2023-06-11T08:50:11.104+0000] {standard_task_runner.py:84} INFO - Running: ['***', 'tasks', 'run', 'first_dag_02', 'second_task', 'scheduled__2021-09-10T00:00:00+00:00', '--job-id', '253', '--raw', '--subdir', 'DAGS_FOLDER/First_dag.py', '--cfg-path', '/tmp/tmpnbwabglw']
[2023-06-11T08:50:11.105+0000] {standard_task_runner.py:85} INFO - Job 253: Subtask second_task
[2023-06-11T08:50:11.924+0000] {task_command.py:410} INFO - Running <TaskInstance: first_dag_02.second_task scheduled__2021-09-10T00:00:00+00:00 [running]> on host 964e508aad03
[2023-06-11T08:50:14.405+0000] {taskinstance.py:1547} INFO - Exporting env vars: AIRFLOW_CTX_DAG_OWNER='Raja' AIRFLOW_CTX_DAG_ID='first_dag_02' AIRFLOW_CTX_TASK_ID='second_task' AIRFLOW_CTX_EXECUTION_DATE='2021-09-10T00:00:00+00:00' AIRFLOW_CTX_TRY_NUMBER='1' AIRFLOW_CTX_DAG_RUN_ID='scheduled__2021-09-10T00:00:00+00:00'
[2023-06-11T08:50:14.407+0000] {subprocess.py:63} INFO - Tmp dir root location: 
 /tmp
[2023-06-11T08:50:14.408+0000] {subprocess.py:75} INFO - Running command: ['/bin/bash', '-c', 'echo hey, I am task2 and will be running after task1!']
[2023-06-11T08:50:14.986+0000] {subprocess.py:86} INFO - Output:
[2023-06-11T08:50:15.014+0000] {subprocess.py:93} INFO - hey, I am task2 and will be running after task1!
[2023-06-11T08:50:15.079+0000] {subprocess.py:97} INFO - Command exited with return code 0
[2023-06-11T08:50:15.901+0000] {taskinstance.py:1350} INFO - Marking task as SUCCESS. dag_id=first_dag_02, task_id=second_task, execution_date=20210910T000000, start_date=20230611T085010, end_date=20230611T085015
[2023-06-11T08:50:16.476+0000] {local_task_job_runner.py:225} INFO - Task exited with return code 0
[2023-06-11T08:50:16.876+0000] {taskinstance.py:2651} INFO - 0 downstream tasks scheduled from follow-on schedule check
