[2023-06-11T09:40:23.022+0000] {taskinstance.py:1103} INFO - Dependencies all met for dep_context=non-requeueable deps ti=<TaskInstance: first_dag_02.thrid_task scheduled__2022-04-10T00:00:00+00:00 [queued]>
[2023-06-11T09:40:23.368+0000] {taskinstance.py:1103} INFO - Dependencies all met for dep_context=requeueable deps ti=<TaskInstance: first_dag_02.thrid_task scheduled__2022-04-10T00:00:00+00:00 [queued]>
[2023-06-11T09:40:23.410+0000] {taskinstance.py:1308} INFO - Starting attempt 1 of 6
[2023-06-11T09:40:24.025+0000] {taskinstance.py:1327} INFO - Executing <Task(BashOperator): thrid_task> on 2022-04-10 00:00:00+00:00
[2023-06-11T09:40:24.093+0000] {standard_task_runner.py:57} INFO - Started process 3970 to run task
[2023-06-11T09:40:24.232+0000] {standard_task_runner.py:84} INFO - Running: ['***', 'tasks', 'run', 'first_dag_02', 'thrid_task', 'scheduled__2022-04-10T00:00:00+00:00', '--job-id', '1229', '--raw', '--subdir', 'DAGS_FOLDER/First_dag.py', '--cfg-path', '/tmp/tmptb2rbo57']
[2023-06-11T09:40:24.235+0000] {standard_task_runner.py:85} INFO - Job 1229: Subtask thrid_task
[2023-06-11T09:40:26.455+0000] {task_command.py:410} INFO - Running <TaskInstance: first_dag_02.thrid_task scheduled__2022-04-10T00:00:00+00:00 [running]> on host 964e508aad03
[2023-06-11T09:40:32.404+0000] {taskinstance.py:1547} INFO - Exporting env vars: AIRFLOW_CTX_DAG_OWNER='Raja' AIRFLOW_CTX_DAG_ID='first_dag_02' AIRFLOW_CTX_TASK_ID='thrid_task' AIRFLOW_CTX_EXECUTION_DATE='2022-04-10T00:00:00+00:00' AIRFLOW_CTX_TRY_NUMBER='1' AIRFLOW_CTX_DAG_RUN_ID='scheduled__2022-04-10T00:00:00+00:00'
[2023-06-11T09:40:32.423+0000] {subprocess.py:63} INFO - Tmp dir root location: 
 /tmp
[2023-06-11T09:40:32.444+0000] {subprocess.py:75} INFO - Running command: ['/bin/bash', '-c', 'echo hey, I am task3 and will be running after task1 at the same time as task2!']
[2023-06-11T09:40:33.480+0000] {subprocess.py:86} INFO - Output:
[2023-06-11T09:40:33.589+0000] {subprocess.py:93} INFO - hey, I am task3 and will be running after task1 at the same time as task2!
[2023-06-11T09:40:33.886+0000] {subprocess.py:97} INFO - Command exited with return code 0
[2023-06-11T09:40:36.112+0000] {taskinstance.py:1350} INFO - Marking task as SUCCESS. dag_id=first_dag_02, task_id=thrid_task, execution_date=20220410T000000, start_date=20230611T094023, end_date=20230611T094036
[2023-06-11T09:40:36.535+0000] {local_task_job_runner.py:225} INFO - Task exited with return code 0
[2023-06-11T09:40:37.840+0000] {taskinstance.py:2651} INFO - 0 downstream tasks scheduled from follow-on schedule check
[2023-06-11T15:28:29.691+0000] {taskinstance.py:1103} INFO - Dependencies all met for dep_context=non-requeueable deps ti=<TaskInstance: first_dag_02.thrid_task scheduled__2022-04-10T00:00:00+00:00 [queued]>
[2023-06-11T15:28:29.750+0000] {taskinstance.py:1103} INFO - Dependencies all met for dep_context=requeueable deps ti=<TaskInstance: first_dag_02.thrid_task scheduled__2022-04-10T00:00:00+00:00 [queued]>
[2023-06-11T15:28:29.751+0000] {taskinstance.py:1308} INFO - Starting attempt 1 of 6
[2023-06-11T15:28:30.265+0000] {taskinstance.py:1327} INFO - Executing <Task(BashOperator): thrid_task> on 2022-04-10 00:00:00+00:00
[2023-06-11T15:28:30.274+0000] {standard_task_runner.py:57} INFO - Started process 603 to run task
[2023-06-11T15:28:30.297+0000] {standard_task_runner.py:84} INFO - Running: ['***', 'tasks', 'run', 'first_dag_02', 'thrid_task', 'scheduled__2022-04-10T00:00:00+00:00', '--job-id', '1269', '--raw', '--subdir', 'DAGS_FOLDER/First_dag.py', '--cfg-path', '/tmp/tmpm6kelzn6']
[2023-06-11T15:28:30.298+0000] {standard_task_runner.py:85} INFO - Job 1269: Subtask thrid_task
[2023-06-11T15:28:30.945+0000] {task_command.py:410} INFO - Running <TaskInstance: first_dag_02.thrid_task scheduled__2022-04-10T00:00:00+00:00 [running]> on host 7586ce0070ac
[2023-06-11T15:28:32.422+0000] {taskinstance.py:1547} INFO - Exporting env vars: AIRFLOW_CTX_DAG_OWNER='Raja' AIRFLOW_CTX_DAG_ID='first_dag_02' AIRFLOW_CTX_TASK_ID='thrid_task' AIRFLOW_CTX_EXECUTION_DATE='2022-04-10T00:00:00+00:00' AIRFLOW_CTX_TRY_NUMBER='1' AIRFLOW_CTX_DAG_RUN_ID='scheduled__2022-04-10T00:00:00+00:00'
[2023-06-11T15:28:32.437+0000] {subprocess.py:63} INFO - Tmp dir root location: 
 /tmp
[2023-06-11T15:28:32.466+0000] {subprocess.py:75} INFO - Running command: ['/bin/bash', '-c', 'echo hey, I am task3 and will be running after task1 at the same time as task2!']
[2023-06-11T15:28:32.593+0000] {subprocess.py:86} INFO - Output:
[2023-06-11T15:28:32.624+0000] {subprocess.py:93} INFO - hey, I am task3 and will be running after task1 at the same time as task2!
[2023-06-11T15:28:32.625+0000] {subprocess.py:97} INFO - Command exited with return code 0
[2023-06-11T15:28:33.179+0000] {taskinstance.py:1350} INFO - Marking task as SUCCESS. dag_id=first_dag_02, task_id=thrid_task, execution_date=20220410T000000, start_date=20230611T152829, end_date=20230611T152833
[2023-06-11T15:28:33.573+0000] {local_task_job_runner.py:225} INFO - Task exited with return code 0
[2023-06-11T15:28:33.809+0000] {taskinstance.py:2651} INFO - 0 downstream tasks scheduled from follow-on schedule check
