[2023-06-11T09:45:29.775+0000] {taskinstance.py:1103} INFO - Dependencies all met for dep_context=non-requeueable deps ti=<TaskInstance: dag_cron_expression_03.task1 scheduled__2022-01-28T03:00:00+00:00 [queued]>
[2023-06-11T09:45:29.882+0000] {taskinstance.py:1103} INFO - Dependencies all met for dep_context=requeueable deps ti=<TaskInstance: dag_cron_expression_03.task1 scheduled__2022-01-28T03:00:00+00:00 [queued]>
[2023-06-11T09:45:29.883+0000] {taskinstance.py:1308} INFO - Starting attempt 1 of 6
[2023-06-11T09:45:30.074+0000] {taskinstance.py:1327} INFO - Executing <Task(BashOperator): task1> on 2022-01-28 03:00:00+00:00
[2023-06-11T09:45:30.097+0000] {standard_task_runner.py:57} INFO - Started process 4699 to run task
[2023-06-11T09:45:30.121+0000] {standard_task_runner.py:84} INFO - Running: ['***', 'tasks', 'run', 'dag_cron_expression_03', 'task1', 'scheduled__2022-01-28T03:00:00+00:00', '--job-id', '1441', '--raw', '--subdir', 'DAGS_FOLDER/dag_corn.py', '--cfg-path', '/tmp/tmpbrvxdnxh']
[2023-06-11T09:45:30.122+0000] {standard_task_runner.py:85} INFO - Job 1441: Subtask task1
[2023-06-11T09:45:30.391+0000] {task_command.py:410} INFO - Running <TaskInstance: dag_cron_expression_03.task1 scheduled__2022-01-28T03:00:00+00:00 [running]> on host 964e508aad03
[2023-06-11T09:45:31.449+0000] {taskinstance.py:1547} INFO - Exporting env vars: AIRFLOW_CTX_DAG_OWNER='Raja' AIRFLOW_CTX_DAG_ID='dag_cron_expression_03' AIRFLOW_CTX_TASK_ID='task1' AIRFLOW_CTX_EXECUTION_DATE='2022-01-28T03:00:00+00:00' AIRFLOW_CTX_TRY_NUMBER='1' AIRFLOW_CTX_DAG_RUN_ID='scheduled__2022-01-28T03:00:00+00:00'
[2023-06-11T09:45:31.454+0000] {subprocess.py:63} INFO - Tmp dir root location: 
 /tmp
[2023-06-11T09:45:31.455+0000] {subprocess.py:75} INFO - Running command: ['/bin/bash', '-c', 'echo dag with cron expression!']
[2023-06-11T09:45:31.503+0000] {subprocess.py:86} INFO - Output:
[2023-06-11T09:45:31.538+0000] {subprocess.py:93} INFO - dag with cron expression!
[2023-06-11T09:45:31.538+0000] {subprocess.py:97} INFO - Command exited with return code 0
[2023-06-11T09:45:31.613+0000] {taskinstance.py:1350} INFO - Marking task as SUCCESS. dag_id=dag_cron_expression_03, task_id=task1, execution_date=20220128T030000, start_date=20230611T094529, end_date=20230611T094531
[2023-06-11T09:45:31.710+0000] {local_task_job_runner.py:225} INFO - Task exited with return code 0
[2023-06-11T09:45:31.923+0000] {taskinstance.py:2651} INFO - 0 downstream tasks scheduled from follow-on schedule check
[2023-06-11T10:52:44.167+0000] {taskinstance.py:1103} INFO - Dependencies all met for dep_context=non-requeueable deps ti=<TaskInstance: dag_cron_expression_03.task1 scheduled__2022-01-28T03:00:00+00:00 [queued]>
[2023-06-11T10:52:46.046+0000] {taskinstance.py:1103} INFO - Dependencies all met for dep_context=requeueable deps ti=<TaskInstance: dag_cron_expression_03.task1 scheduled__2022-01-28T03:00:00+00:00 [queued]>
[2023-06-11T10:52:46.047+0000] {taskinstance.py:1308} INFO - Starting attempt 1 of 6
[2023-06-11T10:52:46.561+0000] {taskinstance.py:1327} INFO - Executing <Task(BashOperator): task1> on 2022-01-28 03:00:00+00:00
[2023-06-11T10:52:46.638+0000] {standard_task_runner.py:57} INFO - Started process 948 to run task
[2023-06-11T10:52:46.716+0000] {standard_task_runner.py:84} INFO - Running: ['***', 'tasks', 'run', 'dag_cron_expression_03', 'task1', 'scheduled__2022-01-28T03:00:00+00:00', '--job-id', '262', '--raw', '--subdir', 'DAGS_FOLDER/dag_cron.py', '--cfg-path', '/tmp/tmp3ycqgpnq']
[2023-06-11T10:52:46.719+0000] {standard_task_runner.py:85} INFO - Job 262: Subtask task1
[2023-06-11T10:52:50.466+0000] {task_command.py:410} INFO - Running <TaskInstance: dag_cron_expression_03.task1 scheduled__2022-01-28T03:00:00+00:00 [running]> on host 7586ce0070ac
[2023-06-11T10:53:01.791+0000] {taskinstance.py:1547} INFO - Exporting env vars: AIRFLOW_CTX_DAG_OWNER='Raja' AIRFLOW_CTX_DAG_ID='dag_cron_expression_03' AIRFLOW_CTX_TASK_ID='task1' AIRFLOW_CTX_EXECUTION_DATE='2022-01-28T03:00:00+00:00' AIRFLOW_CTX_TRY_NUMBER='1' AIRFLOW_CTX_DAG_RUN_ID='scheduled__2022-01-28T03:00:00+00:00'
[2023-06-11T10:53:01.949+0000] {subprocess.py:63} INFO - Tmp dir root location: 
 /tmp
[2023-06-11T10:53:02.005+0000] {subprocess.py:75} INFO - Running command: ['/bin/bash', '-c', 'echo dag with cron expression!']
[2023-06-11T10:53:02.254+0000] {subprocess.py:86} INFO - Output:
[2023-06-11T10:53:02.265+0000] {subprocess.py:93} INFO - dag with cron expression!
[2023-06-11T10:53:02.272+0000] {subprocess.py:97} INFO - Command exited with return code 0
[2023-06-11T10:53:02.534+0000] {taskinstance.py:1350} INFO - Marking task as SUCCESS. dag_id=dag_cron_expression_03, task_id=task1, execution_date=20220128T030000, start_date=20230611T105244, end_date=20230611T105302
[2023-06-11T10:53:03.189+0000] {local_task_job_runner.py:225} INFO - Task exited with return code 0
[2023-06-11T10:53:03.957+0000] {taskinstance.py:2651} INFO - 0 downstream tasks scheduled from follow-on schedule check
