[2023-06-11T09:42:14.084+0000] {taskinstance.py:1103} INFO - Dependencies all met for dep_context=non-requeueable deps ti=<TaskInstance: first_dag_02.first_task scheduled__2022-04-22T00:00:00+00:00 [queued]>
[2023-06-11T09:42:14.557+0000] {taskinstance.py:1103} INFO - Dependencies all met for dep_context=requeueable deps ti=<TaskInstance: first_dag_02.first_task scheduled__2022-04-22T00:00:00+00:00 [queued]>
[2023-06-11T09:42:14.558+0000] {taskinstance.py:1308} INFO - Starting attempt 1 of 6
[2023-06-11T09:42:14.918+0000] {taskinstance.py:1327} INFO - Executing <Task(BashOperator): first_task> on 2022-04-22 00:00:00+00:00
[2023-06-11T09:42:15.110+0000] {standard_task_runner.py:57} INFO - Started process 4137 to run task
[2023-06-11T09:42:15.190+0000] {standard_task_runner.py:84} INFO - Running: ['***', 'tasks', 'run', 'first_dag_02', 'first_task', 'scheduled__2022-04-22T00:00:00+00:00', '--job-id', '1268', '--raw', '--subdir', 'DAGS_FOLDER/First_dag.py', '--cfg-path', '/tmp/tmphyquqhu9']
[2023-06-11T09:42:15.191+0000] {standard_task_runner.py:85} INFO - Job 1268: Subtask first_task
[2023-06-11T09:42:17.465+0000] {task_command.py:410} INFO - Running <TaskInstance: first_dag_02.first_task scheduled__2022-04-22T00:00:00+00:00 [running]> on host 964e508aad03
[2023-06-11T09:42:24.081+0000] {taskinstance.py:1547} INFO - Exporting env vars: AIRFLOW_CTX_DAG_OWNER='Raja' AIRFLOW_CTX_DAG_ID='first_dag_02' AIRFLOW_CTX_TASK_ID='first_task' AIRFLOW_CTX_EXECUTION_DATE='2022-04-22T00:00:00+00:00' AIRFLOW_CTX_TRY_NUMBER='1' AIRFLOW_CTX_DAG_RUN_ID='scheduled__2022-04-22T00:00:00+00:00'
[2023-06-11T09:42:24.092+0000] {subprocess.py:63} INFO - Tmp dir root location: 
 /tmp
[2023-06-11T09:42:24.110+0000] {subprocess.py:75} INFO - Running command: ['/bin/bash', '-c', 'echo hello world, this is the first task!']
[2023-06-11T09:42:24.202+0000] {subprocess.py:86} INFO - Output:
[2023-06-11T09:42:24.203+0000] {subprocess.py:93} INFO - hello world, this is the first task!
[2023-06-11T09:42:24.203+0000] {subprocess.py:97} INFO - Command exited with return code 0
[2023-06-11T09:42:25.081+0000] {taskinstance.py:1350} INFO - Marking task as SUCCESS. dag_id=first_dag_02, task_id=first_task, execution_date=20220422T000000, start_date=20230611T094214, end_date=20230611T094225
[2023-06-11T09:42:26.268+0000] {local_task_job_runner.py:225} INFO - Task exited with return code 0
[2023-06-11T09:42:27.907+0000] {taskinstance.py:2651} INFO - 2 downstream tasks scheduled from follow-on schedule check
[2023-06-11T15:29:13.534+0000] {taskinstance.py:1103} INFO - Dependencies all met for dep_context=non-requeueable deps ti=<TaskInstance: first_dag_02.first_task scheduled__2022-04-22T00:00:00+00:00 [queued]>
[2023-06-11T15:29:13.678+0000] {taskinstance.py:1103} INFO - Dependencies all met for dep_context=requeueable deps ti=<TaskInstance: first_dag_02.first_task scheduled__2022-04-22T00:00:00+00:00 [queued]>
[2023-06-11T15:29:13.679+0000] {taskinstance.py:1308} INFO - Starting attempt 1 of 6
[2023-06-11T15:29:14.117+0000] {taskinstance.py:1327} INFO - Executing <Task(BashOperator): first_task> on 2022-04-22 00:00:00+00:00
[2023-06-11T15:29:14.166+0000] {standard_task_runner.py:57} INFO - Started process 706 to run task
[2023-06-11T15:29:14.175+0000] {standard_task_runner.py:84} INFO - Running: ['***', 'tasks', 'run', 'first_dag_02', 'first_task', 'scheduled__2022-04-22T00:00:00+00:00', '--job-id', '1301', '--raw', '--subdir', 'DAGS_FOLDER/First_dag.py', '--cfg-path', '/tmp/tmpf49d8kvh']
[2023-06-11T15:29:14.184+0000] {standard_task_runner.py:85} INFO - Job 1301: Subtask first_task
[2023-06-11T15:29:14.518+0000] {task_command.py:410} INFO - Running <TaskInstance: first_dag_02.first_task scheduled__2022-04-22T00:00:00+00:00 [running]> on host 7586ce0070ac
[2023-06-11T15:29:16.499+0000] {taskinstance.py:1547} INFO - Exporting env vars: AIRFLOW_CTX_DAG_OWNER='Raja' AIRFLOW_CTX_DAG_ID='first_dag_02' AIRFLOW_CTX_TASK_ID='first_task' AIRFLOW_CTX_EXECUTION_DATE='2022-04-22T00:00:00+00:00' AIRFLOW_CTX_TRY_NUMBER='1' AIRFLOW_CTX_DAG_RUN_ID='scheduled__2022-04-22T00:00:00+00:00'
[2023-06-11T15:29:16.505+0000] {subprocess.py:63} INFO - Tmp dir root location: 
 /tmp
[2023-06-11T15:29:16.507+0000] {subprocess.py:75} INFO - Running command: ['/bin/bash', '-c', 'echo hello world, this is the first task!']
[2023-06-11T15:29:16.611+0000] {subprocess.py:86} INFO - Output:
[2023-06-11T15:29:16.619+0000] {subprocess.py:93} INFO - hello world, this is the first task!
[2023-06-11T15:29:16.628+0000] {subprocess.py:97} INFO - Command exited with return code 0
[2023-06-11T15:29:17.026+0000] {taskinstance.py:1350} INFO - Marking task as SUCCESS. dag_id=first_dag_02, task_id=first_task, execution_date=20220422T000000, start_date=20230611T152913, end_date=20230611T152917
[2023-06-11T15:29:17.455+0000] {local_task_job_runner.py:225} INFO - Task exited with return code 0
[2023-06-11T15:29:18.068+0000] {taskinstance.py:2651} INFO - 2 downstream tasks scheduled from follow-on schedule check
