[2023-06-11T09:37:20.536+0000] {taskinstance.py:1103} INFO - Dependencies all met for dep_context=non-requeueable deps ti=<TaskInstance: first_dag_02.thrid_task scheduled__2022-03-17T00:00:00+00:00 [queued]>
[2023-06-11T09:37:20.667+0000] {taskinstance.py:1103} INFO - Dependencies all met for dep_context=requeueable deps ti=<TaskInstance: first_dag_02.thrid_task scheduled__2022-03-17T00:00:00+00:00 [queued]>
[2023-06-11T09:37:20.704+0000] {taskinstance.py:1308} INFO - Starting attempt 1 of 6
[2023-06-11T09:37:21.739+0000] {taskinstance.py:1327} INFO - Executing <Task(BashOperator): thrid_task> on 2022-03-17 00:00:00+00:00
[2023-06-11T09:37:21.885+0000] {standard_task_runner.py:57} INFO - Started process 3651 to run task
[2023-06-11T09:37:21.963+0000] {standard_task_runner.py:84} INFO - Running: ['***', 'tasks', 'run', 'first_dag_02', 'thrid_task', 'scheduled__2022-03-17T00:00:00+00:00', '--job-id', '1133', '--raw', '--subdir', 'DAGS_FOLDER/First_dag.py', '--cfg-path', '/tmp/tmp_4ex9cph']
[2023-06-11T09:37:22.074+0000] {standard_task_runner.py:85} INFO - Job 1133: Subtask thrid_task
[2023-06-11T09:37:23.520+0000] {task_command.py:410} INFO - Running <TaskInstance: first_dag_02.thrid_task scheduled__2022-03-17T00:00:00+00:00 [running]> on host 964e508aad03
[2023-06-11T09:37:30.119+0000] {taskinstance.py:1547} INFO - Exporting env vars: AIRFLOW_CTX_DAG_OWNER='Raja' AIRFLOW_CTX_DAG_ID='first_dag_02' AIRFLOW_CTX_TASK_ID='thrid_task' AIRFLOW_CTX_EXECUTION_DATE='2022-03-17T00:00:00+00:00' AIRFLOW_CTX_TRY_NUMBER='1' AIRFLOW_CTX_DAG_RUN_ID='scheduled__2022-03-17T00:00:00+00:00'
[2023-06-11T09:37:30.126+0000] {subprocess.py:63} INFO - Tmp dir root location: 
 /tmp
[2023-06-11T09:37:30.133+0000] {subprocess.py:75} INFO - Running command: ['/bin/bash', '-c', 'echo hey, I am task3 and will be running after task1 at the same time as task2!']
[2023-06-11T09:37:30.273+0000] {subprocess.py:86} INFO - Output:
[2023-06-11T09:37:30.383+0000] {subprocess.py:93} INFO - hey, I am task3 and will be running after task1 at the same time as task2!
[2023-06-11T09:37:30.385+0000] {subprocess.py:97} INFO - Command exited with return code 0
[2023-06-11T09:37:32.718+0000] {taskinstance.py:1350} INFO - Marking task as SUCCESS. dag_id=first_dag_02, task_id=thrid_task, execution_date=20220317T000000, start_date=20230611T093720, end_date=20230611T093732
[2023-06-11T09:37:34.175+0000] {local_task_job_runner.py:225} INFO - Task exited with return code 0
[2023-06-11T09:37:34.854+0000] {taskinstance.py:2651} INFO - 0 downstream tasks scheduled from follow-on schedule check
[2023-06-11T15:26:37.938+0000] {taskinstance.py:1103} INFO - Dependencies all met for dep_context=non-requeueable deps ti=<TaskInstance: first_dag_02.thrid_task scheduled__2022-03-17T00:00:00+00:00 [queued]>
[2023-06-11T15:26:38.178+0000] {taskinstance.py:1103} INFO - Dependencies all met for dep_context=requeueable deps ti=<TaskInstance: first_dag_02.thrid_task scheduled__2022-03-17T00:00:00+00:00 [queued]>
[2023-06-11T15:26:38.178+0000] {taskinstance.py:1308} INFO - Starting attempt 1 of 6
[2023-06-11T15:26:38.390+0000] {taskinstance.py:1327} INFO - Executing <Task(BashOperator): thrid_task> on 2022-03-17 00:00:00+00:00
[2023-06-11T15:26:38.420+0000] {standard_task_runner.py:57} INFO - Started process 235 to run task
[2023-06-11T15:26:38.443+0000] {standard_task_runner.py:84} INFO - Running: ['***', 'tasks', 'run', 'first_dag_02', 'thrid_task', 'scheduled__2022-03-17T00:00:00+00:00', '--job-id', '1154', '--raw', '--subdir', 'DAGS_FOLDER/First_dag.py', '--cfg-path', '/tmp/tmpb_u_s9bl']
[2023-06-11T15:26:38.444+0000] {standard_task_runner.py:85} INFO - Job 1154: Subtask thrid_task
[2023-06-11T15:26:38.781+0000] {task_command.py:410} INFO - Running <TaskInstance: first_dag_02.thrid_task scheduled__2022-03-17T00:00:00+00:00 [running]> on host 7586ce0070ac
[2023-06-11T15:26:40.298+0000] {taskinstance.py:1547} INFO - Exporting env vars: AIRFLOW_CTX_DAG_OWNER='Raja' AIRFLOW_CTX_DAG_ID='first_dag_02' AIRFLOW_CTX_TASK_ID='thrid_task' AIRFLOW_CTX_EXECUTION_DATE='2022-03-17T00:00:00+00:00' AIRFLOW_CTX_TRY_NUMBER='1' AIRFLOW_CTX_DAG_RUN_ID='scheduled__2022-03-17T00:00:00+00:00'
[2023-06-11T15:26:40.305+0000] {subprocess.py:63} INFO - Tmp dir root location: 
 /tmp
[2023-06-11T15:26:40.316+0000] {subprocess.py:75} INFO - Running command: ['/bin/bash', '-c', 'echo hey, I am task3 and will be running after task1 at the same time as task2!']
[2023-06-11T15:26:40.461+0000] {subprocess.py:86} INFO - Output:
[2023-06-11T15:26:40.475+0000] {subprocess.py:93} INFO - hey, I am task3 and will be running after task1 at the same time as task2!
[2023-06-11T15:26:40.477+0000] {subprocess.py:97} INFO - Command exited with return code 0
[2023-06-11T15:26:40.768+0000] {taskinstance.py:1350} INFO - Marking task as SUCCESS. dag_id=first_dag_02, task_id=thrid_task, execution_date=20220317T000000, start_date=20230611T152637, end_date=20230611T152640
[2023-06-11T15:26:41.664+0000] {local_task_job_runner.py:225} INFO - Task exited with return code 0
[2023-06-11T15:26:42.009+0000] {taskinstance.py:2651} INFO - 0 downstream tasks scheduled from follow-on schedule check
