[2023-06-11T09:38:50.229+0000] {taskinstance.py:1103} INFO - Dependencies all met for dep_context=non-requeueable deps ti=<TaskInstance: first_dag_02.first_task scheduled__2022-04-07T00:00:00+00:00 [queued]>
[2023-06-11T09:38:50.560+0000] {taskinstance.py:1103} INFO - Dependencies all met for dep_context=requeueable deps ti=<TaskInstance: first_dag_02.first_task scheduled__2022-04-07T00:00:00+00:00 [queued]>
[2023-06-11T09:38:50.568+0000] {taskinstance.py:1308} INFO - Starting attempt 1 of 6
[2023-06-11T09:38:52.139+0000] {taskinstance.py:1327} INFO - Executing <Task(BashOperator): first_task> on 2022-04-07 00:00:00+00:00
[2023-06-11T09:38:52.156+0000] {standard_task_runner.py:57} INFO - Started process 3802 to run task
[2023-06-11T09:38:52.247+0000] {standard_task_runner.py:84} INFO - Running: ['***', 'tasks', 'run', 'first_dag_02', 'first_task', 'scheduled__2022-04-07T00:00:00+00:00', '--job-id', '1180', '--raw', '--subdir', 'DAGS_FOLDER/First_dag.py', '--cfg-path', '/tmp/tmpv5xha8c2']
[2023-06-11T09:38:52.293+0000] {standard_task_runner.py:85} INFO - Job 1180: Subtask first_task
[2023-06-11T09:38:54.238+0000] {task_command.py:410} INFO - Running <TaskInstance: first_dag_02.first_task scheduled__2022-04-07T00:00:00+00:00 [running]> on host 964e508aad03
[2023-06-11T09:38:57.379+0000] {taskinstance.py:1547} INFO - Exporting env vars: AIRFLOW_CTX_DAG_OWNER='Raja' AIRFLOW_CTX_DAG_ID='first_dag_02' AIRFLOW_CTX_TASK_ID='first_task' AIRFLOW_CTX_EXECUTION_DATE='2022-04-07T00:00:00+00:00' AIRFLOW_CTX_TRY_NUMBER='1' AIRFLOW_CTX_DAG_RUN_ID='scheduled__2022-04-07T00:00:00+00:00'
[2023-06-11T09:38:57.383+0000] {subprocess.py:63} INFO - Tmp dir root location: 
 /tmp
[2023-06-11T09:38:57.384+0000] {subprocess.py:75} INFO - Running command: ['/bin/bash', '-c', 'echo hello world, this is the first task!']
[2023-06-11T09:38:57.425+0000] {subprocess.py:86} INFO - Output:
[2023-06-11T09:38:57.431+0000] {subprocess.py:93} INFO - hello world, this is the first task!
[2023-06-11T09:38:57.433+0000] {subprocess.py:97} INFO - Command exited with return code 0
[2023-06-11T09:38:57.988+0000] {taskinstance.py:1350} INFO - Marking task as SUCCESS. dag_id=first_dag_02, task_id=first_task, execution_date=20220407T000000, start_date=20230611T093850, end_date=20230611T093857
[2023-06-11T09:38:58.922+0000] {local_task_job_runner.py:225} INFO - Task exited with return code 0
[2023-06-11T09:38:59.406+0000] {taskinstance.py:2651} INFO - 2 downstream tasks scheduled from follow-on schedule check
[2023-06-11T15:27:47.242+0000] {taskinstance.py:1103} INFO - Dependencies all met for dep_context=non-requeueable deps ti=<TaskInstance: first_dag_02.first_task scheduled__2022-04-07T00:00:00+00:00 [queued]>
[2023-06-11T15:27:47.520+0000] {taskinstance.py:1103} INFO - Dependencies all met for dep_context=requeueable deps ti=<TaskInstance: first_dag_02.first_task scheduled__2022-04-07T00:00:00+00:00 [queued]>
[2023-06-11T15:27:47.536+0000] {taskinstance.py:1308} INFO - Starting attempt 1 of 6
[2023-06-11T15:27:48.363+0000] {taskinstance.py:1327} INFO - Executing <Task(BashOperator): first_task> on 2022-04-07 00:00:00+00:00
[2023-06-11T15:27:48.461+0000] {standard_task_runner.py:57} INFO - Started process 475 to run task
[2023-06-11T15:27:48.478+0000] {standard_task_runner.py:84} INFO - Running: ['***', 'tasks', 'run', 'first_dag_02', 'first_task', 'scheduled__2022-04-07T00:00:00+00:00', '--job-id', '1227', '--raw', '--subdir', 'DAGS_FOLDER/First_dag.py', '--cfg-path', '/tmp/tmp4rfg34gy']
[2023-06-11T15:27:48.479+0000] {standard_task_runner.py:85} INFO - Job 1227: Subtask first_task
[2023-06-11T15:27:49.269+0000] {task_command.py:410} INFO - Running <TaskInstance: first_dag_02.first_task scheduled__2022-04-07T00:00:00+00:00 [running]> on host 7586ce0070ac
[2023-06-11T15:27:51.532+0000] {taskinstance.py:1547} INFO - Exporting env vars: AIRFLOW_CTX_DAG_OWNER='Raja' AIRFLOW_CTX_DAG_ID='first_dag_02' AIRFLOW_CTX_TASK_ID='first_task' AIRFLOW_CTX_EXECUTION_DATE='2022-04-07T00:00:00+00:00' AIRFLOW_CTX_TRY_NUMBER='1' AIRFLOW_CTX_DAG_RUN_ID='scheduled__2022-04-07T00:00:00+00:00'
[2023-06-11T15:27:51.538+0000] {subprocess.py:63} INFO - Tmp dir root location: 
 /tmp
[2023-06-11T15:27:51.539+0000] {subprocess.py:75} INFO - Running command: ['/bin/bash', '-c', 'echo hello world, this is the first task!']
[2023-06-11T15:27:51.679+0000] {subprocess.py:86} INFO - Output:
[2023-06-11T15:27:51.693+0000] {subprocess.py:93} INFO - hello world, this is the first task!
[2023-06-11T15:27:51.726+0000] {subprocess.py:97} INFO - Command exited with return code 0
[2023-06-11T15:27:52.221+0000] {taskinstance.py:1350} INFO - Marking task as SUCCESS. dag_id=first_dag_02, task_id=first_task, execution_date=20220407T000000, start_date=20230611T152747, end_date=20230611T152752
[2023-06-11T15:27:52.638+0000] {local_task_job_runner.py:225} INFO - Task exited with return code 0
[2023-06-11T15:27:53.151+0000] {taskinstance.py:2651} INFO - 2 downstream tasks scheduled from follow-on schedule check
