[2023-06-11T09:44:37.858+0000] {taskinstance.py:1103} INFO - Dependencies all met for dep_context=non-requeueable deps ti=<TaskInstance: dag_cron_expression_03.task1 scheduled__2021-12-26T03:00:00+00:00 [queued]>
[2023-06-11T09:44:38.157+0000] {taskinstance.py:1103} INFO - Dependencies all met for dep_context=requeueable deps ti=<TaskInstance: dag_cron_expression_03.task1 scheduled__2021-12-26T03:00:00+00:00 [queued]>
[2023-06-11T09:44:38.157+0000] {taskinstance.py:1308} INFO - Starting attempt 1 of 6
[2023-06-11T09:44:38.779+0000] {taskinstance.py:1327} INFO - Executing <Task(BashOperator): task1> on 2021-12-26 03:00:00+00:00
[2023-06-11T09:44:38.874+0000] {standard_task_runner.py:57} INFO - Started process 4533 to run task
[2023-06-11T09:44:38.965+0000] {standard_task_runner.py:84} INFO - Running: ['***', 'tasks', 'run', 'dag_cron_expression_03', 'task1', 'scheduled__2021-12-26T03:00:00+00:00', '--job-id', '1386', '--raw', '--subdir', 'DAGS_FOLDER/dag_corn.py', '--cfg-path', '/tmp/tmpbkieanxs']
[2023-06-11T09:44:39.015+0000] {standard_task_runner.py:85} INFO - Job 1386: Subtask task1
[2023-06-11T09:44:39.701+0000] {task_command.py:410} INFO - Running <TaskInstance: dag_cron_expression_03.task1 scheduled__2021-12-26T03:00:00+00:00 [running]> on host 964e508aad03
[2023-06-11T09:44:42.331+0000] {taskinstance.py:1547} INFO - Exporting env vars: AIRFLOW_CTX_DAG_OWNER='Raja' AIRFLOW_CTX_DAG_ID='dag_cron_expression_03' AIRFLOW_CTX_TASK_ID='task1' AIRFLOW_CTX_EXECUTION_DATE='2021-12-26T03:00:00+00:00' AIRFLOW_CTX_TRY_NUMBER='1' AIRFLOW_CTX_DAG_RUN_ID='scheduled__2021-12-26T03:00:00+00:00'
[2023-06-11T09:44:42.334+0000] {subprocess.py:63} INFO - Tmp dir root location: 
 /tmp
[2023-06-11T09:44:42.335+0000] {subprocess.py:75} INFO - Running command: ['/bin/bash', '-c', 'echo dag with cron expression!']
[2023-06-11T09:44:42.487+0000] {subprocess.py:86} INFO - Output:
[2023-06-11T09:44:42.510+0000] {subprocess.py:93} INFO - dag with cron expression!
[2023-06-11T09:44:42.515+0000] {subprocess.py:97} INFO - Command exited with return code 0
[2023-06-11T09:44:42.829+0000] {taskinstance.py:1350} INFO - Marking task as SUCCESS. dag_id=dag_cron_expression_03, task_id=task1, execution_date=20211226T030000, start_date=20230611T094437, end_date=20230611T094442
[2023-06-11T09:44:43.045+0000] {local_task_job_runner.py:225} INFO - Task exited with return code 0
[2023-06-11T09:44:43.254+0000] {taskinstance.py:2651} INFO - 0 downstream tasks scheduled from follow-on schedule check
[2023-06-11T10:41:56.346+0000] {taskinstance.py:1103} INFO - Dependencies all met for dep_context=non-requeueable deps ti=<TaskInstance: dag_cron_expression_03.task1 scheduled__2021-12-26T03:00:00+00:00 [queued]>
[2023-06-11T10:41:57.496+0000] {taskinstance.py:1103} INFO - Dependencies all met for dep_context=requeueable deps ti=<TaskInstance: dag_cron_expression_03.task1 scheduled__2021-12-26T03:00:00+00:00 [queued]>
[2023-06-11T10:41:57.588+0000] {taskinstance.py:1308} INFO - Starting attempt 1 of 6
[2023-06-11T10:41:58.895+0000] {taskinstance.py:1327} INFO - Executing <Task(BashOperator): task1> on 2021-12-26 03:00:00+00:00
[2023-06-11T10:41:59.508+0000] {standard_task_runner.py:84} INFO - Running: ['***', 'tasks', 'run', 'dag_cron_expression_03', 'task1', 'scheduled__2021-12-26T03:00:00+00:00', '--job-id', '182', '--raw', '--subdir', 'DAGS_FOLDER/dag_cron.py', '--cfg-path', '/tmp/tmpqp6f_qal']
[2023-06-11T10:41:59.512+0000] {standard_task_runner.py:85} INFO - Job 182: Subtask task1
[2023-06-11T10:41:59.771+0000] {standard_task_runner.py:57} INFO - Started process 658 to run task
[2023-06-11T10:42:01.377+0000] {task_command.py:410} INFO - Running <TaskInstance: dag_cron_expression_03.task1 scheduled__2021-12-26T03:00:00+00:00 [running]> on host 7586ce0070ac
[2023-06-11T10:42:05.471+0000] {taskinstance.py:1547} INFO - Exporting env vars: AIRFLOW_CTX_DAG_OWNER='Raja' AIRFLOW_CTX_DAG_ID='dag_cron_expression_03' AIRFLOW_CTX_TASK_ID='task1' AIRFLOW_CTX_EXECUTION_DATE='2021-12-26T03:00:00+00:00' AIRFLOW_CTX_TRY_NUMBER='1' AIRFLOW_CTX_DAG_RUN_ID='scheduled__2021-12-26T03:00:00+00:00'
[2023-06-11T10:42:05.620+0000] {subprocess.py:63} INFO - Tmp dir root location: 
 /tmp
[2023-06-11T10:42:05.638+0000] {subprocess.py:75} INFO - Running command: ['/bin/bash', '-c', 'echo dag with cron expression!']
[2023-06-11T10:42:05.970+0000] {subprocess.py:86} INFO - Output:
[2023-06-11T10:42:05.978+0000] {subprocess.py:93} INFO - dag with cron expression!
[2023-06-11T10:42:05.980+0000] {subprocess.py:97} INFO - Command exited with return code 0
[2023-06-11T10:42:06.897+0000] {taskinstance.py:1350} INFO - Marking task as SUCCESS. dag_id=dag_cron_expression_03, task_id=task1, execution_date=20211226T030000, start_date=20230611T104156, end_date=20230611T104206
[2023-06-11T10:42:07.512+0000] {local_task_job_runner.py:225} INFO - Task exited with return code 0
[2023-06-11T10:42:09.882+0000] {taskinstance.py:2651} INFO - 0 downstream tasks scheduled from follow-on schedule check
