[2023-06-11T04:52:24.213+0000] {taskinstance.py:1103} INFO - Dependencies all met for dep_context=non-requeueable deps ti=<TaskInstance: first_dag_02.thrid_task scheduled__2021-10-02T00:00:00+00:00 [queued]>
[2023-06-11T04:52:24.794+0000] {taskinstance.py:1103} INFO - Dependencies all met for dep_context=requeueable deps ti=<TaskInstance: first_dag_02.thrid_task scheduled__2021-10-02T00:00:00+00:00 [queued]>
[2023-06-11T04:52:24.795+0000] {taskinstance.py:1308} INFO - Starting attempt 1 of 6
[2023-06-11T04:52:26.204+0000] {taskinstance.py:1327} INFO - Executing <Task(BashOperator): thrid_task> on 2021-10-02 00:00:00+00:00
[2023-06-11T04:52:26.271+0000] {standard_task_runner.py:57} INFO - Started process 941 to run task
[2023-06-11T04:52:26.363+0000] {standard_task_runner.py:84} INFO - Running: ['***', 'tasks', 'run', 'first_dag_02', 'thrid_task', 'scheduled__2021-10-02T00:00:00+00:00', '--job-id', '280', '--raw', '--subdir', 'DAGS_FOLDER/First_dag.py', '--cfg-path', '/tmp/tmpdrzn6f5u']
[2023-06-11T04:52:26.364+0000] {standard_task_runner.py:85} INFO - Job 280: Subtask thrid_task
[2023-06-11T04:52:27.099+0000] {task_command.py:410} INFO - Running <TaskInstance: first_dag_02.thrid_task scheduled__2021-10-02T00:00:00+00:00 [running]> on host 4b1b5d40d165
[2023-06-11T04:52:27.817+0000] {taskinstance.py:1547} INFO - Exporting env vars: AIRFLOW_CTX_DAG_OWNER='Raja' AIRFLOW_CTX_DAG_ID='first_dag_02' AIRFLOW_CTX_TASK_ID='thrid_task' AIRFLOW_CTX_EXECUTION_DATE='2021-10-02T00:00:00+00:00' AIRFLOW_CTX_TRY_NUMBER='1' AIRFLOW_CTX_DAG_RUN_ID='scheduled__2021-10-02T00:00:00+00:00'
[2023-06-11T04:52:27.831+0000] {subprocess.py:63} INFO - Tmp dir root location: 
 /tmp
[2023-06-11T04:52:27.831+0000] {subprocess.py:75} INFO - Running command: ['/bin/bash', '-c', 'echo hey, I am task3 and will be running after task1 at the same time as task2!']
[2023-06-11T04:52:27.961+0000] {subprocess.py:86} INFO - Output:
[2023-06-11T04:52:27.979+0000] {subprocess.py:93} INFO - hey, I am task3 and will be running after task1 at the same time as task2!
[2023-06-11T04:52:27.983+0000] {subprocess.py:97} INFO - Command exited with return code 0
[2023-06-11T04:52:28.777+0000] {taskinstance.py:1350} INFO - Marking task as SUCCESS. dag_id=first_dag_02, task_id=thrid_task, execution_date=20211002T000000, start_date=20230611T045224, end_date=20230611T045228
[2023-06-11T04:52:29.254+0000] {local_task_job_runner.py:225} INFO - Task exited with return code 0
[2023-06-11T04:52:29.770+0000] {taskinstance.py:2651} INFO - 0 downstream tasks scheduled from follow-on schedule check
[2023-06-11T08:29:20.797+0000] {taskinstance.py:1103} INFO - Dependencies all met for dep_context=non-requeueable deps ti=<TaskInstance: first_dag_02.thrid_task scheduled__2021-10-02T00:00:00+00:00 [queued]>
[2023-06-11T08:29:21.486+0000] {taskinstance.py:1103} INFO - Dependencies all met for dep_context=requeueable deps ti=<TaskInstance: first_dag_02.thrid_task scheduled__2021-10-02T00:00:00+00:00 [queued]>
[2023-06-11T08:29:21.487+0000] {taskinstance.py:1308} INFO - Starting attempt 1 of 6
[2023-06-11T08:29:22.228+0000] {taskinstance.py:1327} INFO - Executing <Task(BashOperator): thrid_task> on 2021-10-02 00:00:00+00:00
[2023-06-11T08:29:22.352+0000] {standard_task_runner.py:57} INFO - Started process 1316 to run task
[2023-06-11T08:29:22.427+0000] {standard_task_runner.py:84} INFO - Running: ['***', 'tasks', 'run', 'first_dag_02', 'thrid_task', 'scheduled__2021-10-02T00:00:00+00:00', '--job-id', '404', '--raw', '--subdir', 'DAGS_FOLDER/First_dag.py', '--cfg-path', '/tmp/tmpcdwsd5d6']
[2023-06-11T08:29:22.428+0000] {standard_task_runner.py:85} INFO - Job 404: Subtask thrid_task
[2023-06-11T08:29:22.801+0000] {task_command.py:410} INFO - Running <TaskInstance: first_dag_02.thrid_task scheduled__2021-10-02T00:00:00+00:00 [running]> on host 492037cdd057
[2023-06-11T08:29:25.083+0000] {taskinstance.py:1547} INFO - Exporting env vars: AIRFLOW_CTX_DAG_OWNER='Raja' AIRFLOW_CTX_DAG_ID='first_dag_02' AIRFLOW_CTX_TASK_ID='thrid_task' AIRFLOW_CTX_EXECUTION_DATE='2021-10-02T00:00:00+00:00' AIRFLOW_CTX_TRY_NUMBER='1' AIRFLOW_CTX_DAG_RUN_ID='scheduled__2021-10-02T00:00:00+00:00'
[2023-06-11T08:29:25.085+0000] {subprocess.py:63} INFO - Tmp dir root location: 
 /tmp
[2023-06-11T08:29:25.086+0000] {subprocess.py:75} INFO - Running command: ['/bin/bash', '-c', 'echo hey, I am task3 and will be running after task1 at the same time as task2!']
[2023-06-11T08:29:25.253+0000] {subprocess.py:86} INFO - Output:
[2023-06-11T08:29:25.272+0000] {subprocess.py:93} INFO - hey, I am task3 and will be running after task1 at the same time as task2!
[2023-06-11T08:29:25.291+0000] {subprocess.py:97} INFO - Command exited with return code 0
[2023-06-11T08:29:25.477+0000] {taskinstance.py:1350} INFO - Marking task as SUCCESS. dag_id=first_dag_02, task_id=thrid_task, execution_date=20211002T000000, start_date=20230611T082920, end_date=20230611T082925
[2023-06-11T08:29:25.602+0000] {local_task_job_runner.py:225} INFO - Task exited with return code 0
[2023-06-11T08:29:25.846+0000] {taskinstance.py:2651} INFO - 0 downstream tasks scheduled from follow-on schedule check
[2023-06-11T08:51:44.802+0000] {taskinstance.py:1103} INFO - Dependencies all met for dep_context=non-requeueable deps ti=<TaskInstance: first_dag_02.thrid_task scheduled__2021-10-02T00:00:00+00:00 [queued]>
[2023-06-11T08:51:45.033+0000] {taskinstance.py:1103} INFO - Dependencies all met for dep_context=requeueable deps ti=<TaskInstance: first_dag_02.thrid_task scheduled__2021-10-02T00:00:00+00:00 [queued]>
[2023-06-11T08:51:45.033+0000] {taskinstance.py:1308} INFO - Starting attempt 1 of 6
[2023-06-11T08:51:45.449+0000] {taskinstance.py:1327} INFO - Executing <Task(BashOperator): thrid_task> on 2021-10-02 00:00:00+00:00
[2023-06-11T08:51:45.469+0000] {standard_task_runner.py:57} INFO - Started process 1186 to run task
[2023-06-11T08:51:45.611+0000] {standard_task_runner.py:84} INFO - Running: ['***', 'tasks', 'run', 'first_dag_02', 'thrid_task', 'scheduled__2021-10-02T00:00:00+00:00', '--job-id', '363', '--raw', '--subdir', 'DAGS_FOLDER/First_dag.py', '--cfg-path', '/tmp/tmp4rpcbfit']
[2023-06-11T08:51:45.636+0000] {standard_task_runner.py:85} INFO - Job 363: Subtask thrid_task
[2023-06-11T08:51:46.220+0000] {task_command.py:410} INFO - Running <TaskInstance: first_dag_02.thrid_task scheduled__2021-10-02T00:00:00+00:00 [running]> on host 964e508aad03
[2023-06-11T08:51:48.437+0000] {taskinstance.py:1547} INFO - Exporting env vars: AIRFLOW_CTX_DAG_OWNER='Raja' AIRFLOW_CTX_DAG_ID='first_dag_02' AIRFLOW_CTX_TASK_ID='thrid_task' AIRFLOW_CTX_EXECUTION_DATE='2021-10-02T00:00:00+00:00' AIRFLOW_CTX_TRY_NUMBER='1' AIRFLOW_CTX_DAG_RUN_ID='scheduled__2021-10-02T00:00:00+00:00'
[2023-06-11T08:51:48.452+0000] {subprocess.py:63} INFO - Tmp dir root location: 
 /tmp
[2023-06-11T08:51:48.469+0000] {subprocess.py:75} INFO - Running command: ['/bin/bash', '-c', 'echo hey, I am task3 and will be running after task1 at the same time as task2!']
[2023-06-11T08:51:48.688+0000] {subprocess.py:86} INFO - Output:
[2023-06-11T08:51:48.739+0000] {subprocess.py:93} INFO - hey, I am task3 and will be running after task1 at the same time as task2!
[2023-06-11T08:51:48.742+0000] {subprocess.py:97} INFO - Command exited with return code 0
[2023-06-11T08:51:49.239+0000] {taskinstance.py:1350} INFO - Marking task as SUCCESS. dag_id=first_dag_02, task_id=thrid_task, execution_date=20211002T000000, start_date=20230611T085144, end_date=20230611T085149
[2023-06-11T08:51:49.984+0000] {local_task_job_runner.py:225} INFO - Task exited with return code 0
[2023-06-11T08:51:50.485+0000] {taskinstance.py:2651} INFO - 0 downstream tasks scheduled from follow-on schedule check
[2023-06-11T10:57:48.960+0000] {taskinstance.py:1103} INFO - Dependencies all met for dep_context=non-requeueable deps ti=<TaskInstance: first_dag_02.thrid_task scheduled__2021-10-02T00:00:00+00:00 [queued]>
[2023-06-11T10:57:49.450+0000] {taskinstance.py:1103} INFO - Dependencies all met for dep_context=requeueable deps ti=<TaskInstance: first_dag_02.thrid_task scheduled__2021-10-02T00:00:00+00:00 [queued]>
[2023-06-11T10:57:49.456+0000] {taskinstance.py:1308} INFO - Starting attempt 1 of 6
[2023-06-11T10:57:50.038+0000] {taskinstance.py:1327} INFO - Executing <Task(BashOperator): thrid_task> on 2021-10-02 00:00:00+00:00
[2023-06-11T10:57:50.135+0000] {standard_task_runner.py:57} INFO - Started process 1279 to run task
[2023-06-11T10:57:50.530+0000] {standard_task_runner.py:84} INFO - Running: ['***', 'tasks', 'run', 'first_dag_02', 'thrid_task', 'scheduled__2021-10-02T00:00:00+00:00', '--job-id', '350', '--raw', '--subdir', 'DAGS_FOLDER/First_dag.py', '--cfg-path', '/tmp/tmpdexyyer6']
[2023-06-11T10:57:50.532+0000] {standard_task_runner.py:85} INFO - Job 350: Subtask thrid_task
[2023-06-11T10:57:51.258+0000] {task_command.py:410} INFO - Running <TaskInstance: first_dag_02.thrid_task scheduled__2021-10-02T00:00:00+00:00 [running]> on host 7586ce0070ac
[2023-06-11T10:57:53.033+0000] {taskinstance.py:1547} INFO - Exporting env vars: AIRFLOW_CTX_DAG_OWNER='Raja' AIRFLOW_CTX_DAG_ID='first_dag_02' AIRFLOW_CTX_TASK_ID='thrid_task' AIRFLOW_CTX_EXECUTION_DATE='2021-10-02T00:00:00+00:00' AIRFLOW_CTX_TRY_NUMBER='1' AIRFLOW_CTX_DAG_RUN_ID='scheduled__2021-10-02T00:00:00+00:00'
[2023-06-11T10:57:53.046+0000] {subprocess.py:63} INFO - Tmp dir root location: 
 /tmp
[2023-06-11T10:57:53.048+0000] {subprocess.py:75} INFO - Running command: ['/bin/bash', '-c', 'echo hey, I am task3 and will be running after task1 at the same time as task2!']
[2023-06-11T10:57:53.249+0000] {subprocess.py:86} INFO - Output:
[2023-06-11T10:57:53.268+0000] {subprocess.py:93} INFO - hey, I am task3 and will be running after task1 at the same time as task2!
[2023-06-11T10:57:53.340+0000] {subprocess.py:97} INFO - Command exited with return code 0
[2023-06-11T10:57:53.772+0000] {taskinstance.py:1350} INFO - Marking task as SUCCESS. dag_id=first_dag_02, task_id=thrid_task, execution_date=20211002T000000, start_date=20230611T105748, end_date=20230611T105753
[2023-06-11T10:57:55.240+0000] {local_task_job_runner.py:225} INFO - Task exited with return code 0
[2023-06-11T10:57:56.053+0000] {taskinstance.py:2651} INFO - 0 downstream tasks scheduled from follow-on schedule check
