[2023-06-11T08:57:57.320+0000] {taskinstance.py:1103} INFO - Dependencies all met for dep_context=non-requeueable deps ti=<TaskInstance: first_dag_02.second_task scheduled__2022-01-08T00:00:00+00:00 [queued]>
[2023-06-11T08:57:57.432+0000] {taskinstance.py:1103} INFO - Dependencies all met for dep_context=requeueable deps ti=<TaskInstance: first_dag_02.second_task scheduled__2022-01-08T00:00:00+00:00 [queued]>
[2023-06-11T08:57:57.433+0000] {taskinstance.py:1308} INFO - Starting attempt 1 of 6
[2023-06-11T08:57:57.685+0000] {taskinstance.py:1327} INFO - Executing <Task(BashOperator): second_task> on 2022-01-08 00:00:00+00:00
[2023-06-11T08:57:57.738+0000] {standard_task_runner.py:57} INFO - Started process 2593 to run task
[2023-06-11T08:57:57.782+0000] {standard_task_runner.py:84} INFO - Running: ['***', 'tasks', 'run', 'first_dag_02', 'second_task', 'scheduled__2022-01-08T00:00:00+00:00', '--job-id', '808', '--raw', '--subdir', 'DAGS_FOLDER/First_dag.py', '--cfg-path', '/tmp/tmpjduuev0v']
[2023-06-11T08:57:57.801+0000] {standard_task_runner.py:85} INFO - Job 808: Subtask second_task
[2023-06-11T08:57:58.244+0000] {task_command.py:410} INFO - Running <TaskInstance: first_dag_02.second_task scheduled__2022-01-08T00:00:00+00:00 [running]> on host 964e508aad03
[2023-06-11T08:58:00.473+0000] {taskinstance.py:1547} INFO - Exporting env vars: AIRFLOW_CTX_DAG_OWNER='Raja' AIRFLOW_CTX_DAG_ID='first_dag_02' AIRFLOW_CTX_TASK_ID='second_task' AIRFLOW_CTX_EXECUTION_DATE='2022-01-08T00:00:00+00:00' AIRFLOW_CTX_TRY_NUMBER='1' AIRFLOW_CTX_DAG_RUN_ID='scheduled__2022-01-08T00:00:00+00:00'
[2023-06-11T08:58:00.474+0000] {subprocess.py:63} INFO - Tmp dir root location: 
 /tmp
[2023-06-11T08:58:00.475+0000] {subprocess.py:75} INFO - Running command: ['/bin/bash', '-c', 'echo hey, I am task2 and will be running after task1!']
[2023-06-11T08:58:00.631+0000] {subprocess.py:86} INFO - Output:
[2023-06-11T08:58:00.638+0000] {subprocess.py:93} INFO - hey, I am task2 and will be running after task1!
[2023-06-11T08:58:00.639+0000] {subprocess.py:97} INFO - Command exited with return code 0
[2023-06-11T08:58:01.005+0000] {taskinstance.py:1350} INFO - Marking task as SUCCESS. dag_id=first_dag_02, task_id=second_task, execution_date=20220108T000000, start_date=20230611T085757, end_date=20230611T085801
[2023-06-11T08:58:01.351+0000] {local_task_job_runner.py:225} INFO - Task exited with return code 0
[2023-06-11T08:58:01.814+0000] {taskinstance.py:2651} INFO - 0 downstream tasks scheduled from follow-on schedule check
[2023-06-11T11:29:01.586+0000] {taskinstance.py:1103} INFO - Dependencies all met for dep_context=non-requeueable deps ti=<TaskInstance: first_dag_02.second_task scheduled__2022-01-08T00:00:00+00:00 [queued]>
[2023-06-11T11:29:01.774+0000] {taskinstance.py:1103} INFO - Dependencies all met for dep_context=requeueable deps ti=<TaskInstance: first_dag_02.second_task scheduled__2022-01-08T00:00:00+00:00 [queued]>
[2023-06-11T11:29:01.774+0000] {taskinstance.py:1308} INFO - Starting attempt 1 of 6
[2023-06-11T11:29:02.192+0000] {taskinstance.py:1327} INFO - Executing <Task(BashOperator): second_task> on 2022-01-08 00:00:00+00:00
[2023-06-11T11:29:02.579+0000] {standard_task_runner.py:57} INFO - Started process 119 to run task
[2023-06-11T11:29:02.690+0000] {standard_task_runner.py:84} INFO - Running: ['***', 'tasks', 'run', 'first_dag_02', 'second_task', 'scheduled__2022-01-08T00:00:00+00:00', '--job-id', '846', '--raw', '--subdir', 'DAGS_FOLDER/First_dag.py', '--cfg-path', '/tmp/tmpjnisd0te']
[2023-06-11T11:29:02.692+0000] {standard_task_runner.py:85} INFO - Job 846: Subtask second_task
[2023-06-11T11:29:04.628+0000] {task_command.py:410} INFO - Running <TaskInstance: first_dag_02.second_task scheduled__2022-01-08T00:00:00+00:00 [running]> on host 7586ce0070ac
[2023-06-11T11:29:10.222+0000] {taskinstance.py:1547} INFO - Exporting env vars: AIRFLOW_CTX_DAG_OWNER='Raja' AIRFLOW_CTX_DAG_ID='first_dag_02' AIRFLOW_CTX_TASK_ID='second_task' AIRFLOW_CTX_EXECUTION_DATE='2022-01-08T00:00:00+00:00' AIRFLOW_CTX_TRY_NUMBER='1' AIRFLOW_CTX_DAG_RUN_ID='scheduled__2022-01-08T00:00:00+00:00'
[2023-06-11T11:29:10.229+0000] {subprocess.py:63} INFO - Tmp dir root location: 
 /tmp
[2023-06-11T11:29:10.231+0000] {subprocess.py:75} INFO - Running command: ['/bin/bash', '-c', 'echo hey, I am task2 and will be running after task1!']
[2023-06-11T11:29:10.266+0000] {subprocess.py:86} INFO - Output:
[2023-06-11T11:29:10.273+0000] {subprocess.py:93} INFO - hey, I am task2 and will be running after task1!
[2023-06-11T11:29:10.283+0000] {subprocess.py:97} INFO - Command exited with return code 0
[2023-06-11T11:29:10.951+0000] {taskinstance.py:1350} INFO - Marking task as SUCCESS. dag_id=first_dag_02, task_id=second_task, execution_date=20220108T000000, start_date=20230611T112901, end_date=20230611T112910
[2023-06-11T11:29:11.527+0000] {local_task_job_runner.py:225} INFO - Task exited with return code 0
[2023-06-11T11:29:11.642+0000] {taskinstance.py:2651} INFO - 0 downstream tasks scheduled from follow-on schedule check
