[2023-06-11T09:44:12.297+0000] {taskinstance.py:1103} INFO - Dependencies all met for dep_context=non-requeueable deps ti=<TaskInstance: first_dag_02.second_task scheduled__2022-05-09T00:00:00+00:00 [queued]>
[2023-06-11T09:44:12.445+0000] {taskinstance.py:1103} INFO - Dependencies all met for dep_context=requeueable deps ti=<TaskInstance: first_dag_02.second_task scheduled__2022-05-09T00:00:00+00:00 [queued]>
[2023-06-11T09:44:12.445+0000] {taskinstance.py:1308} INFO - Starting attempt 1 of 6
[2023-06-11T09:44:12.659+0000] {taskinstance.py:1327} INFO - Executing <Task(BashOperator): second_task> on 2022-05-09 00:00:00+00:00
[2023-06-11T09:44:12.685+0000] {standard_task_runner.py:57} INFO - Started process 4448 to run task
[2023-06-11T09:44:12.713+0000] {standard_task_runner.py:84} INFO - Running: ['***', 'tasks', 'run', 'first_dag_02', 'second_task', 'scheduled__2022-05-09T00:00:00+00:00', '--job-id', '1362', '--raw', '--subdir', 'DAGS_FOLDER/First_dag.py', '--cfg-path', '/tmp/tmp05g9y838']
[2023-06-11T09:44:12.714+0000] {standard_task_runner.py:85} INFO - Job 1362: Subtask second_task
[2023-06-11T09:44:13.240+0000] {task_command.py:410} INFO - Running <TaskInstance: first_dag_02.second_task scheduled__2022-05-09T00:00:00+00:00 [running]> on host 964e508aad03
[2023-06-11T09:44:14.584+0000] {taskinstance.py:1547} INFO - Exporting env vars: AIRFLOW_CTX_DAG_OWNER='Raja' AIRFLOW_CTX_DAG_ID='first_dag_02' AIRFLOW_CTX_TASK_ID='second_task' AIRFLOW_CTX_EXECUTION_DATE='2022-05-09T00:00:00+00:00' AIRFLOW_CTX_TRY_NUMBER='1' AIRFLOW_CTX_DAG_RUN_ID='scheduled__2022-05-09T00:00:00+00:00'
[2023-06-11T09:44:14.594+0000] {subprocess.py:63} INFO - Tmp dir root location: 
 /tmp
[2023-06-11T09:44:14.605+0000] {subprocess.py:75} INFO - Running command: ['/bin/bash', '-c', 'echo hey, I am task2 and will be running after task1!']
[2023-06-11T09:44:14.709+0000] {subprocess.py:86} INFO - Output:
[2023-06-11T09:44:14.718+0000] {subprocess.py:93} INFO - hey, I am task2 and will be running after task1!
[2023-06-11T09:44:14.741+0000] {subprocess.py:97} INFO - Command exited with return code 0
[2023-06-11T09:44:15.018+0000] {taskinstance.py:1350} INFO - Marking task as SUCCESS. dag_id=first_dag_02, task_id=second_task, execution_date=20220509T000000, start_date=20230611T094412, end_date=20230611T094415
[2023-06-11T09:44:15.124+0000] {local_task_job_runner.py:225} INFO - Task exited with return code 0
[2023-06-11T09:44:15.686+0000] {taskinstance.py:2651} INFO - 0 downstream tasks scheduled from follow-on schedule check
[2023-06-11T15:31:18.896+0000] {taskinstance.py:1103} INFO - Dependencies all met for dep_context=non-requeueable deps ti=<TaskInstance: first_dag_02.second_task scheduled__2022-05-09T00:00:00+00:00 [queued]>
[2023-06-11T15:31:19.160+0000] {taskinstance.py:1103} INFO - Dependencies all met for dep_context=requeueable deps ti=<TaskInstance: first_dag_02.second_task scheduled__2022-05-09T00:00:00+00:00 [queued]>
[2023-06-11T15:31:19.161+0000] {taskinstance.py:1308} INFO - Starting attempt 1 of 6
[2023-06-11T15:31:19.952+0000] {taskinstance.py:1327} INFO - Executing <Task(BashOperator): second_task> on 2022-05-09 00:00:00+00:00
[2023-06-11T15:31:20.007+0000] {standard_task_runner.py:57} INFO - Started process 1079 to run task
[2023-06-11T15:31:20.026+0000] {standard_task_runner.py:84} INFO - Running: ['***', 'tasks', 'run', 'first_dag_02', 'second_task', 'scheduled__2022-05-09T00:00:00+00:00', '--job-id', '1413', '--raw', '--subdir', 'DAGS_FOLDER/First_dag.py', '--cfg-path', '/tmp/tmp5xgoxazg']
[2023-06-11T15:31:20.057+0000] {standard_task_runner.py:85} INFO - Job 1413: Subtask second_task
[2023-06-11T15:31:20.460+0000] {task_command.py:410} INFO - Running <TaskInstance: first_dag_02.second_task scheduled__2022-05-09T00:00:00+00:00 [running]> on host 7586ce0070ac
[2023-06-11T15:31:21.807+0000] {taskinstance.py:1547} INFO - Exporting env vars: AIRFLOW_CTX_DAG_OWNER='Raja' AIRFLOW_CTX_DAG_ID='first_dag_02' AIRFLOW_CTX_TASK_ID='second_task' AIRFLOW_CTX_EXECUTION_DATE='2022-05-09T00:00:00+00:00' AIRFLOW_CTX_TRY_NUMBER='1' AIRFLOW_CTX_DAG_RUN_ID='scheduled__2022-05-09T00:00:00+00:00'
[2023-06-11T15:31:21.809+0000] {subprocess.py:63} INFO - Tmp dir root location: 
 /tmp
[2023-06-11T15:31:21.810+0000] {subprocess.py:75} INFO - Running command: ['/bin/bash', '-c', 'echo hey, I am task2 and will be running after task1!']
[2023-06-11T15:31:22.019+0000] {subprocess.py:86} INFO - Output:
[2023-06-11T15:31:22.093+0000] {subprocess.py:93} INFO - hey, I am task2 and will be running after task1!
[2023-06-11T15:31:22.093+0000] {subprocess.py:97} INFO - Command exited with return code 0
[2023-06-11T15:31:22.392+0000] {taskinstance.py:1350} INFO - Marking task as SUCCESS. dag_id=first_dag_02, task_id=second_task, execution_date=20220509T000000, start_date=20230611T153118, end_date=20230611T153122
[2023-06-11T15:31:22.821+0000] {local_task_job_runner.py:225} INFO - Task exited with return code 0
[2023-06-11T15:31:23.107+0000] {taskinstance.py:2651} INFO - 0 downstream tasks scheduled from follow-on schedule check
