[2023-06-11T09:46:50.665+0000] {taskinstance.py:1103} INFO - Dependencies all met for dep_context=non-requeueable deps ti=<TaskInstance: dag_cron_expression_03.task1 scheduled__2022-03-04T03:00:00+00:00 [queued]>
[2023-06-11T09:46:50.774+0000] {taskinstance.py:1103} INFO - Dependencies all met for dep_context=requeueable deps ti=<TaskInstance: dag_cron_expression_03.task1 scheduled__2022-03-04T03:00:00+00:00 [queued]>
[2023-06-11T09:46:50.775+0000] {taskinstance.py:1308} INFO - Starting attempt 1 of 6
[2023-06-11T09:46:50.978+0000] {taskinstance.py:1327} INFO - Executing <Task(BashOperator): task1> on 2022-03-04 03:00:00+00:00
[2023-06-11T09:46:50.995+0000] {standard_task_runner.py:57} INFO - Started process 4962 to run task
[2023-06-11T09:46:51.006+0000] {standard_task_runner.py:84} INFO - Running: ['***', 'tasks', 'run', 'dag_cron_expression_03', 'task1', 'scheduled__2022-03-04T03:00:00+00:00', '--job-id', '1523', '--raw', '--subdir', 'DAGS_FOLDER/dag_corn.py', '--cfg-path', '/tmp/tmp1c6lkp1q']
[2023-06-11T09:46:51.016+0000] {standard_task_runner.py:85} INFO - Job 1523: Subtask task1
[2023-06-11T09:46:51.377+0000] {task_command.py:410} INFO - Running <TaskInstance: dag_cron_expression_03.task1 scheduled__2022-03-04T03:00:00+00:00 [running]> on host 964e508aad03
[2023-06-11T09:46:52.465+0000] {taskinstance.py:1547} INFO - Exporting env vars: AIRFLOW_CTX_DAG_OWNER='Raja' AIRFLOW_CTX_DAG_ID='dag_cron_expression_03' AIRFLOW_CTX_TASK_ID='task1' AIRFLOW_CTX_EXECUTION_DATE='2022-03-04T03:00:00+00:00' AIRFLOW_CTX_TRY_NUMBER='1' AIRFLOW_CTX_DAG_RUN_ID='scheduled__2022-03-04T03:00:00+00:00'
[2023-06-11T09:46:52.467+0000] {subprocess.py:63} INFO - Tmp dir root location: 
 /tmp
[2023-06-11T09:46:52.482+0000] {subprocess.py:75} INFO - Running command: ['/bin/bash', '-c', 'echo dag with cron expression!']
[2023-06-11T09:46:52.603+0000] {subprocess.py:86} INFO - Output:
[2023-06-11T09:46:52.618+0000] {subprocess.py:93} INFO - dag with cron expression!
[2023-06-11T09:46:52.619+0000] {subprocess.py:97} INFO - Command exited with return code 0
[2023-06-11T09:46:52.762+0000] {taskinstance.py:1350} INFO - Marking task as SUCCESS. dag_id=dag_cron_expression_03, task_id=task1, execution_date=20220304T030000, start_date=20230611T094650, end_date=20230611T094652
[2023-06-11T09:46:52.877+0000] {local_task_job_runner.py:225} INFO - Task exited with return code 0
[2023-06-11T09:46:53.063+0000] {taskinstance.py:2651} INFO - 0 downstream tasks scheduled from follow-on schedule check
[2023-06-11T10:58:12.202+0000] {taskinstance.py:1103} INFO - Dependencies all met for dep_context=non-requeueable deps ti=<TaskInstance: dag_cron_expression_03.task1 scheduled__2022-03-04T03:00:00+00:00 [queued]>
[2023-06-11T10:58:12.273+0000] {taskinstance.py:1103} INFO - Dependencies all met for dep_context=requeueable deps ti=<TaskInstance: dag_cron_expression_03.task1 scheduled__2022-03-04T03:00:00+00:00 [queued]>
[2023-06-11T10:58:12.274+0000] {taskinstance.py:1308} INFO - Starting attempt 1 of 6
[2023-06-11T10:58:12.893+0000] {taskinstance.py:1327} INFO - Executing <Task(BashOperator): task1> on 2022-03-04 03:00:00+00:00
[2023-06-11T10:58:13.043+0000] {standard_task_runner.py:57} INFO - Started process 1325 to run task
[2023-06-11T10:58:13.150+0000] {standard_task_runner.py:84} INFO - Running: ['***', 'tasks', 'run', 'dag_cron_expression_03', 'task1', 'scheduled__2022-03-04T03:00:00+00:00', '--job-id', '365', '--raw', '--subdir', 'DAGS_FOLDER/dag_cron.py', '--cfg-path', '/tmp/tmprq9bcdf6']
[2023-06-11T10:58:13.163+0000] {standard_task_runner.py:85} INFO - Job 365: Subtask task1
[2023-06-11T10:58:15.113+0000] {task_command.py:410} INFO - Running <TaskInstance: dag_cron_expression_03.task1 scheduled__2022-03-04T03:00:00+00:00 [running]> on host 7586ce0070ac
[2023-06-11T10:58:19.387+0000] {taskinstance.py:1547} INFO - Exporting env vars: AIRFLOW_CTX_DAG_OWNER='Raja' AIRFLOW_CTX_DAG_ID='dag_cron_expression_03' AIRFLOW_CTX_TASK_ID='task1' AIRFLOW_CTX_EXECUTION_DATE='2022-03-04T03:00:00+00:00' AIRFLOW_CTX_TRY_NUMBER='1' AIRFLOW_CTX_DAG_RUN_ID='scheduled__2022-03-04T03:00:00+00:00'
[2023-06-11T10:58:19.393+0000] {subprocess.py:63} INFO - Tmp dir root location: 
 /tmp
[2023-06-11T10:58:19.395+0000] {subprocess.py:75} INFO - Running command: ['/bin/bash', '-c', 'echo dag with cron expression!']
[2023-06-11T10:58:19.806+0000] {subprocess.py:86} INFO - Output:
[2023-06-11T10:58:19.899+0000] {subprocess.py:93} INFO - dag with cron expression!
[2023-06-11T10:58:19.935+0000] {subprocess.py:97} INFO - Command exited with return code 0
[2023-06-11T10:58:20.787+0000] {taskinstance.py:1350} INFO - Marking task as SUCCESS. dag_id=dag_cron_expression_03, task_id=task1, execution_date=20220304T030000, start_date=20230611T105812, end_date=20230611T105820
[2023-06-11T10:58:22.229+0000] {local_task_job_runner.py:225} INFO - Task exited with return code 0
[2023-06-11T10:58:22.761+0000] {taskinstance.py:2651} INFO - 0 downstream tasks scheduled from follow-on schedule check
