[2023-06-11T09:46:01.871+0000] {taskinstance.py:1103} INFO - Dependencies all met for dep_context=non-requeueable deps ti=<TaskInstance: first_dag_02.second_task scheduled__2022-05-28T00:00:00+00:00 [queued]>
[2023-06-11T09:46:02.152+0000] {taskinstance.py:1103} INFO - Dependencies all met for dep_context=requeueable deps ti=<TaskInstance: first_dag_02.second_task scheduled__2022-05-28T00:00:00+00:00 [queued]>
[2023-06-11T09:46:02.156+0000] {taskinstance.py:1308} INFO - Starting attempt 1 of 6
[2023-06-11T09:46:02.507+0000] {taskinstance.py:1327} INFO - Executing <Task(BashOperator): second_task> on 2022-05-28 00:00:00+00:00
[2023-06-11T09:46:02.563+0000] {standard_task_runner.py:57} INFO - Started process 4806 to run task
[2023-06-11T09:46:02.662+0000] {standard_task_runner.py:84} INFO - Running: ['***', 'tasks', 'run', 'first_dag_02', 'second_task', 'scheduled__2022-05-28T00:00:00+00:00', '--job-id', '1472', '--raw', '--subdir', 'DAGS_FOLDER/First_dag.py', '--cfg-path', '/tmp/tmpnj_ruklo']
[2023-06-11T09:46:02.663+0000] {standard_task_runner.py:85} INFO - Job 1472: Subtask second_task
[2023-06-11T09:46:03.480+0000] {task_command.py:410} INFO - Running <TaskInstance: first_dag_02.second_task scheduled__2022-05-28T00:00:00+00:00 [running]> on host 964e508aad03
[2023-06-11T09:46:05.364+0000] {taskinstance.py:1547} INFO - Exporting env vars: AIRFLOW_CTX_DAG_OWNER='Raja' AIRFLOW_CTX_DAG_ID='first_dag_02' AIRFLOW_CTX_TASK_ID='second_task' AIRFLOW_CTX_EXECUTION_DATE='2022-05-28T00:00:00+00:00' AIRFLOW_CTX_TRY_NUMBER='1' AIRFLOW_CTX_DAG_RUN_ID='scheduled__2022-05-28T00:00:00+00:00'
[2023-06-11T09:46:05.366+0000] {subprocess.py:63} INFO - Tmp dir root location: 
 /tmp
[2023-06-11T09:46:05.366+0000] {subprocess.py:75} INFO - Running command: ['/bin/bash', '-c', 'echo hey, I am task2 and will be running after task1!']
[2023-06-11T09:46:05.544+0000] {subprocess.py:86} INFO - Output:
[2023-06-11T09:46:05.553+0000] {subprocess.py:93} INFO - hey, I am task2 and will be running after task1!
[2023-06-11T09:46:05.556+0000] {subprocess.py:97} INFO - Command exited with return code 0
[2023-06-11T09:46:06.319+0000] {taskinstance.py:1350} INFO - Marking task as SUCCESS. dag_id=first_dag_02, task_id=second_task, execution_date=20220528T000000, start_date=20230611T094601, end_date=20230611T094606
[2023-06-11T09:46:06.846+0000] {local_task_job_runner.py:225} INFO - Task exited with return code 0
[2023-06-11T09:46:07.159+0000] {taskinstance.py:2651} INFO - 0 downstream tasks scheduled from follow-on schedule check
[2023-06-11T15:32:39.204+0000] {taskinstance.py:1103} INFO - Dependencies all met for dep_context=non-requeueable deps ti=<TaskInstance: first_dag_02.second_task scheduled__2022-05-28T00:00:00+00:00 [queued]>
[2023-06-11T15:32:39.488+0000] {taskinstance.py:1103} INFO - Dependencies all met for dep_context=requeueable deps ti=<TaskInstance: first_dag_02.second_task scheduled__2022-05-28T00:00:00+00:00 [queued]>
[2023-06-11T15:32:39.494+0000] {taskinstance.py:1308} INFO - Starting attempt 1 of 6
[2023-06-11T15:32:40.836+0000] {taskinstance.py:1327} INFO - Executing <Task(BashOperator): second_task> on 2022-05-28 00:00:00+00:00
[2023-06-11T15:32:40.998+0000] {standard_task_runner.py:57} INFO - Started process 1360 to run task
[2023-06-11T15:32:41.057+0000] {standard_task_runner.py:84} INFO - Running: ['***', 'tasks', 'run', 'first_dag_02', 'second_task', 'scheduled__2022-05-28T00:00:00+00:00', '--job-id', '1505', '--raw', '--subdir', 'DAGS_FOLDER/First_dag.py', '--cfg-path', '/tmp/tmp3nrkm1ub']
[2023-06-11T15:32:41.058+0000] {standard_task_runner.py:85} INFO - Job 1505: Subtask second_task
[2023-06-11T15:32:41.883+0000] {task_command.py:410} INFO - Running <TaskInstance: first_dag_02.second_task scheduled__2022-05-28T00:00:00+00:00 [running]> on host 7586ce0070ac
[2023-06-11T15:32:45.840+0000] {taskinstance.py:1547} INFO - Exporting env vars: AIRFLOW_CTX_DAG_OWNER='Raja' AIRFLOW_CTX_DAG_ID='first_dag_02' AIRFLOW_CTX_TASK_ID='second_task' AIRFLOW_CTX_EXECUTION_DATE='2022-05-28T00:00:00+00:00' AIRFLOW_CTX_TRY_NUMBER='1' AIRFLOW_CTX_DAG_RUN_ID='scheduled__2022-05-28T00:00:00+00:00'
[2023-06-11T15:32:45.889+0000] {subprocess.py:63} INFO - Tmp dir root location: 
 /tmp
[2023-06-11T15:32:45.890+0000] {subprocess.py:75} INFO - Running command: ['/bin/bash', '-c', 'echo hey, I am task2 and will be running after task1!']
[2023-06-11T15:32:46.116+0000] {subprocess.py:86} INFO - Output:
[2023-06-11T15:32:46.164+0000] {subprocess.py:93} INFO - hey, I am task2 and will be running after task1!
[2023-06-11T15:32:46.180+0000] {subprocess.py:97} INFO - Command exited with return code 0
[2023-06-11T15:32:47.007+0000] {taskinstance.py:1350} INFO - Marking task as SUCCESS. dag_id=first_dag_02, task_id=second_task, execution_date=20220528T000000, start_date=20230611T153239, end_date=20230611T153247
[2023-06-11T15:32:47.490+0000] {local_task_job_runner.py:225} INFO - Task exited with return code 0
[2023-06-11T15:32:47.695+0000] {taskinstance.py:2651} INFO - 0 downstream tasks scheduled from follow-on schedule check
