[2023-06-11T09:44:40.564+0000] {taskinstance.py:1103} INFO - Dependencies all met for dep_context=non-requeueable deps ti=<TaskInstance: dag_cron_expression_03.task1 scheduled__2022-01-06T03:00:00+00:00 [queued]>
[2023-06-11T09:44:40.717+0000] {taskinstance.py:1103} INFO - Dependencies all met for dep_context=requeueable deps ti=<TaskInstance: dag_cron_expression_03.task1 scheduled__2022-01-06T03:00:00+00:00 [queued]>
[2023-06-11T09:44:40.718+0000] {taskinstance.py:1308} INFO - Starting attempt 1 of 6
[2023-06-11T09:44:41.601+0000] {taskinstance.py:1327} INFO - Executing <Task(BashOperator): task1> on 2022-01-06 03:00:00+00:00
[2023-06-11T09:44:41.638+0000] {standard_task_runner.py:57} INFO - Started process 4545 to run task
[2023-06-11T09:44:41.648+0000] {standard_task_runner.py:84} INFO - Running: ['***', 'tasks', 'run', 'dag_cron_expression_03', 'task1', 'scheduled__2022-01-06T03:00:00+00:00', '--job-id', '1396', '--raw', '--subdir', 'DAGS_FOLDER/dag_corn.py', '--cfg-path', '/tmp/tmpt3v253m8']
[2023-06-11T09:44:41.649+0000] {standard_task_runner.py:85} INFO - Job 1396: Subtask task1
[2023-06-11T09:44:42.597+0000] {task_command.py:410} INFO - Running <TaskInstance: dag_cron_expression_03.task1 scheduled__2022-01-06T03:00:00+00:00 [running]> on host 964e508aad03
[2023-06-11T09:44:44.620+0000] {taskinstance.py:1547} INFO - Exporting env vars: AIRFLOW_CTX_DAG_OWNER='Raja' AIRFLOW_CTX_DAG_ID='dag_cron_expression_03' AIRFLOW_CTX_TASK_ID='task1' AIRFLOW_CTX_EXECUTION_DATE='2022-01-06T03:00:00+00:00' AIRFLOW_CTX_TRY_NUMBER='1' AIRFLOW_CTX_DAG_RUN_ID='scheduled__2022-01-06T03:00:00+00:00'
[2023-06-11T09:44:44.622+0000] {subprocess.py:63} INFO - Tmp dir root location: 
 /tmp
[2023-06-11T09:44:44.623+0000] {subprocess.py:75} INFO - Running command: ['/bin/bash', '-c', 'echo dag with cron expression!']
[2023-06-11T09:44:44.749+0000] {subprocess.py:86} INFO - Output:
[2023-06-11T09:44:44.779+0000] {subprocess.py:93} INFO - dag with cron expression!
[2023-06-11T09:44:44.780+0000] {subprocess.py:97} INFO - Command exited with return code 0
[2023-06-11T09:44:45.183+0000] {taskinstance.py:1350} INFO - Marking task as SUCCESS. dag_id=dag_cron_expression_03, task_id=task1, execution_date=20220106T030000, start_date=20230611T094440, end_date=20230611T094445
[2023-06-11T09:44:45.398+0000] {local_task_job_runner.py:225} INFO - Task exited with return code 0
[2023-06-11T09:44:45.732+0000] {taskinstance.py:2651} INFO - 0 downstream tasks scheduled from follow-on schedule check
[2023-06-11T10:43:31.678+0000] {taskinstance.py:1103} INFO - Dependencies all met for dep_context=non-requeueable deps ti=<TaskInstance: dag_cron_expression_03.task1 scheduled__2022-01-06T03:00:00+00:00 [queued]>
[2023-06-11T10:43:31.805+0000] {taskinstance.py:1103} INFO - Dependencies all met for dep_context=requeueable deps ti=<TaskInstance: dag_cron_expression_03.task1 scheduled__2022-01-06T03:00:00+00:00 [queued]>
[2023-06-11T10:43:31.806+0000] {taskinstance.py:1308} INFO - Starting attempt 1 of 6
[2023-06-11T10:43:32.665+0000] {taskinstance.py:1327} INFO - Executing <Task(BashOperator): task1> on 2022-01-06 03:00:00+00:00
[2023-06-11T10:43:32.706+0000] {standard_task_runner.py:57} INFO - Started process 777 to run task
[2023-06-11T10:43:32.787+0000] {standard_task_runner.py:84} INFO - Running: ['***', 'tasks', 'run', 'dag_cron_expression_03', 'task1', 'scheduled__2022-01-06T03:00:00+00:00', '--job-id', '214', '--raw', '--subdir', 'DAGS_FOLDER/dag_cron.py', '--cfg-path', '/tmp/tmpozuch0k0']
[2023-06-11T10:43:32.790+0000] {standard_task_runner.py:85} INFO - Job 214: Subtask task1
[2023-06-11T10:43:34.295+0000] {task_command.py:410} INFO - Running <TaskInstance: dag_cron_expression_03.task1 scheduled__2022-01-06T03:00:00+00:00 [running]> on host 7586ce0070ac
[2023-06-11T10:43:38.763+0000] {taskinstance.py:1547} INFO - Exporting env vars: AIRFLOW_CTX_DAG_OWNER='Raja' AIRFLOW_CTX_DAG_ID='dag_cron_expression_03' AIRFLOW_CTX_TASK_ID='task1' AIRFLOW_CTX_EXECUTION_DATE='2022-01-06T03:00:00+00:00' AIRFLOW_CTX_TRY_NUMBER='1' AIRFLOW_CTX_DAG_RUN_ID='scheduled__2022-01-06T03:00:00+00:00'
[2023-06-11T10:43:38.996+0000] {subprocess.py:63} INFO - Tmp dir root location: 
 /tmp
[2023-06-11T10:43:39.018+0000] {subprocess.py:75} INFO - Running command: ['/bin/bash', '-c', 'echo dag with cron expression!']
[2023-06-11T10:43:39.793+0000] {subprocess.py:86} INFO - Output:
[2023-06-11T10:43:39.830+0000] {subprocess.py:93} INFO - dag with cron expression!
[2023-06-11T10:43:39.844+0000] {subprocess.py:97} INFO - Command exited with return code 0
[2023-06-11T10:43:41.701+0000] {taskinstance.py:1350} INFO - Marking task as SUCCESS. dag_id=dag_cron_expression_03, task_id=task1, execution_date=20220106T030000, start_date=20230611T104331, end_date=20230611T104341
[2023-06-11T10:43:43.922+0000] {local_task_job_runner.py:225} INFO - Task exited with return code 0
[2023-06-11T10:43:45.507+0000] {taskinstance.py:2651} INFO - 0 downstream tasks scheduled from follow-on schedule check
