[2023-06-11T04:50:42.420+0000] {taskinstance.py:1103} INFO - Dependencies all met for dep_context=non-requeueable deps ti=<TaskInstance: first_dag_02.first_task scheduled__2021-09-29T00:00:00+00:00 [queued]>
[2023-06-11T04:50:42.561+0000] {taskinstance.py:1103} INFO - Dependencies all met for dep_context=requeueable deps ti=<TaskInstance: first_dag_02.first_task scheduled__2021-09-29T00:00:00+00:00 [queued]>
[2023-06-11T04:50:42.562+0000] {taskinstance.py:1308} INFO - Starting attempt 1 of 6
[2023-06-11T04:50:45.719+0000] {taskinstance.py:1327} INFO - Executing <Task(BashOperator): first_task> on 2021-09-29 00:00:00+00:00
[2023-06-11T04:50:46.042+0000] {standard_task_runner.py:57} INFO - Started process 822 to run task
[2023-06-11T04:50:46.289+0000] {standard_task_runner.py:84} INFO - Running: ['***', 'tasks', 'run', 'first_dag_02', 'first_task', 'scheduled__2021-09-29T00:00:00+00:00', '--job-id', '239', '--raw', '--subdir', 'DAGS_FOLDER/First_dag.py', '--cfg-path', '/tmp/tmpwjqfqoh6']
[2023-06-11T04:50:46.336+0000] {standard_task_runner.py:85} INFO - Job 239: Subtask first_task
[2023-06-11T04:50:48.773+0000] {task_command.py:410} INFO - Running <TaskInstance: first_dag_02.first_task scheduled__2021-09-29T00:00:00+00:00 [running]> on host 4b1b5d40d165
[2023-06-11T04:50:53.959+0000] {taskinstance.py:1547} INFO - Exporting env vars: AIRFLOW_CTX_DAG_OWNER='Raja' AIRFLOW_CTX_DAG_ID='first_dag_02' AIRFLOW_CTX_TASK_ID='first_task' AIRFLOW_CTX_EXECUTION_DATE='2021-09-29T00:00:00+00:00' AIRFLOW_CTX_TRY_NUMBER='1' AIRFLOW_CTX_DAG_RUN_ID='scheduled__2021-09-29T00:00:00+00:00'
[2023-06-11T04:50:54.048+0000] {subprocess.py:63} INFO - Tmp dir root location: 
 /tmp
[2023-06-11T04:50:54.054+0000] {subprocess.py:75} INFO - Running command: ['/bin/bash', '-c', 'echo hello world, this is the first task!']
[2023-06-11T04:50:54.202+0000] {subprocess.py:86} INFO - Output:
[2023-06-11T04:50:54.598+0000] {subprocess.py:93} INFO - hello world, this is the first task!
[2023-06-11T04:50:54.644+0000] {subprocess.py:97} INFO - Command exited with return code 0
[2023-06-11T04:50:56.843+0000] {taskinstance.py:1350} INFO - Marking task as SUCCESS. dag_id=first_dag_02, task_id=first_task, execution_date=20210929T000000, start_date=20230611T045042, end_date=20230611T045056
[2023-06-11T04:50:59.616+0000] {local_task_job_runner.py:225} INFO - Task exited with return code 0
[2023-06-11T04:51:00.426+0000] {taskinstance.py:2651} INFO - 2 downstream tasks scheduled from follow-on schedule check
[2023-06-11T08:27:26.787+0000] {taskinstance.py:1103} INFO - Dependencies all met for dep_context=non-requeueable deps ti=<TaskInstance: first_dag_02.first_task scheduled__2021-09-29T00:00:00+00:00 [queued]>
[2023-06-11T08:27:27.219+0000] {taskinstance.py:1103} INFO - Dependencies all met for dep_context=requeueable deps ti=<TaskInstance: first_dag_02.first_task scheduled__2021-09-29T00:00:00+00:00 [queued]>
[2023-06-11T08:27:27.221+0000] {taskinstance.py:1308} INFO - Starting attempt 1 of 6
[2023-06-11T08:27:28.914+0000] {taskinstance.py:1327} INFO - Executing <Task(BashOperator): first_task> on 2021-09-29 00:00:00+00:00
[2023-06-11T08:27:30.361+0000] {standard_task_runner.py:57} INFO - Started process 1193 to run task
[2023-06-11T08:27:30.625+0000] {standard_task_runner.py:84} INFO - Running: ['***', 'tasks', 'run', 'first_dag_02', 'first_task', 'scheduled__2021-09-29T00:00:00+00:00', '--job-id', '368', '--raw', '--subdir', 'DAGS_FOLDER/First_dag.py', '--cfg-path', '/tmp/tmp3f74dik0']
[2023-06-11T08:27:30.699+0000] {standard_task_runner.py:85} INFO - Job 368: Subtask first_task
[2023-06-11T08:27:31.892+0000] {task_command.py:410} INFO - Running <TaskInstance: first_dag_02.first_task scheduled__2021-09-29T00:00:00+00:00 [running]> on host 492037cdd057
[2023-06-11T08:27:37.651+0000] {taskinstance.py:1547} INFO - Exporting env vars: AIRFLOW_CTX_DAG_OWNER='Raja' AIRFLOW_CTX_DAG_ID='first_dag_02' AIRFLOW_CTX_TASK_ID='first_task' AIRFLOW_CTX_EXECUTION_DATE='2021-09-29T00:00:00+00:00' AIRFLOW_CTX_TRY_NUMBER='1' AIRFLOW_CTX_DAG_RUN_ID='scheduled__2021-09-29T00:00:00+00:00'
[2023-06-11T08:27:37.695+0000] {subprocess.py:63} INFO - Tmp dir root location: 
 /tmp
[2023-06-11T08:27:37.699+0000] {subprocess.py:75} INFO - Running command: ['/bin/bash', '-c', 'echo hello world, this is the first task!']
[2023-06-11T08:27:38.572+0000] {subprocess.py:86} INFO - Output:
[2023-06-11T08:27:39.404+0000] {subprocess.py:93} INFO - hello world, this is the first task!
[2023-06-11T08:27:39.453+0000] {subprocess.py:97} INFO - Command exited with return code 0
[2023-06-11T08:27:40.830+0000] {taskinstance.py:1350} INFO - Marking task as SUCCESS. dag_id=first_dag_02, task_id=first_task, execution_date=20210929T000000, start_date=20230611T082727, end_date=20230611T082740
[2023-06-11T08:27:45.982+0000] {local_task_job_runner.py:225} INFO - Task exited with return code 0
[2023-06-11T08:27:50.532+0000] {taskinstance.py:2651} INFO - 2 downstream tasks scheduled from follow-on schedule check
[2023-06-11T08:51:12.881+0000] {taskinstance.py:1103} INFO - Dependencies all met for dep_context=non-requeueable deps ti=<TaskInstance: first_dag_02.first_task scheduled__2021-09-29T00:00:00+00:00 [queued]>
[2023-06-11T08:51:12.966+0000] {taskinstance.py:1103} INFO - Dependencies all met for dep_context=requeueable deps ti=<TaskInstance: first_dag_02.first_task scheduled__2021-09-29T00:00:00+00:00 [queued]>
[2023-06-11T08:51:12.967+0000] {taskinstance.py:1308} INFO - Starting attempt 1 of 6
[2023-06-11T08:51:13.052+0000] {taskinstance.py:1327} INFO - Executing <Task(BashOperator): first_task> on 2021-09-29 00:00:00+00:00
[2023-06-11T08:51:13.059+0000] {standard_task_runner.py:57} INFO - Started process 1062 to run task
[2023-06-11T08:51:13.075+0000] {standard_task_runner.py:84} INFO - Running: ['***', 'tasks', 'run', 'first_dag_02', 'first_task', 'scheduled__2021-09-29T00:00:00+00:00', '--job-id', '328', '--raw', '--subdir', 'DAGS_FOLDER/First_dag.py', '--cfg-path', '/tmp/tmpepdvw2ka']
[2023-06-11T08:51:13.083+0000] {standard_task_runner.py:85} INFO - Job 328: Subtask first_task
[2023-06-11T08:51:13.621+0000] {task_command.py:410} INFO - Running <TaskInstance: first_dag_02.first_task scheduled__2021-09-29T00:00:00+00:00 [running]> on host 964e508aad03
[2023-06-11T08:51:15.758+0000] {taskinstance.py:1547} INFO - Exporting env vars: AIRFLOW_CTX_DAG_OWNER='Raja' AIRFLOW_CTX_DAG_ID='first_dag_02' AIRFLOW_CTX_TASK_ID='first_task' AIRFLOW_CTX_EXECUTION_DATE='2021-09-29T00:00:00+00:00' AIRFLOW_CTX_TRY_NUMBER='1' AIRFLOW_CTX_DAG_RUN_ID='scheduled__2021-09-29T00:00:00+00:00'
[2023-06-11T08:51:15.765+0000] {subprocess.py:63} INFO - Tmp dir root location: 
 /tmp
[2023-06-11T08:51:15.784+0000] {subprocess.py:75} INFO - Running command: ['/bin/bash', '-c', 'echo hello world, this is the first task!']
[2023-06-11T08:51:15.957+0000] {subprocess.py:86} INFO - Output:
[2023-06-11T08:51:16.010+0000] {subprocess.py:93} INFO - hello world, this is the first task!
[2023-06-11T08:51:16.011+0000] {subprocess.py:97} INFO - Command exited with return code 0
[2023-06-11T08:51:16.689+0000] {taskinstance.py:1350} INFO - Marking task as SUCCESS. dag_id=first_dag_02, task_id=first_task, execution_date=20210929T000000, start_date=20230611T085112, end_date=20230611T085116
[2023-06-11T08:51:17.204+0000] {local_task_job_runner.py:225} INFO - Task exited with return code 0
[2023-06-11T08:51:18.467+0000] {taskinstance.py:2651} INFO - 0 downstream tasks scheduled from follow-on schedule check
[2023-06-11T10:55:13.823+0000] {taskinstance.py:1103} INFO - Dependencies all met for dep_context=non-requeueable deps ti=<TaskInstance: first_dag_02.first_task scheduled__2021-09-29T00:00:00+00:00 [queued]>
[2023-06-11T10:55:16.160+0000] {taskinstance.py:1103} INFO - Dependencies all met for dep_context=requeueable deps ti=<TaskInstance: first_dag_02.first_task scheduled__2021-09-29T00:00:00+00:00 [queued]>
[2023-06-11T10:55:16.240+0000] {taskinstance.py:1308} INFO - Starting attempt 1 of 6
[2023-06-11T10:55:18.961+0000] {taskinstance.py:1327} INFO - Executing <Task(BashOperator): first_task> on 2021-09-29 00:00:00+00:00
[2023-06-11T10:55:19.526+0000] {standard_task_runner.py:57} INFO - Started process 1107 to run task
[2023-06-11T10:55:19.818+0000] {standard_task_runner.py:84} INFO - Running: ['***', 'tasks', 'run', 'first_dag_02', 'first_task', 'scheduled__2021-09-29T00:00:00+00:00', '--job-id', '302', '--raw', '--subdir', 'DAGS_FOLDER/First_dag.py', '--cfg-path', '/tmp/tmp9vqlutwp']
[2023-06-11T10:55:20.212+0000] {standard_task_runner.py:85} INFO - Job 302: Subtask first_task
[2023-06-11T10:55:41.041+0000] {job.py:216} ERROR - Job heartbeat got an exception
Traceback (most recent call last):
  File "/home/airflow/.local/lib/python3.7/site-packages/sqlalchemy/engine/base.py", line 3366, in _wrap_pool_connect
    return fn()
  File "/home/airflow/.local/lib/python3.7/site-packages/sqlalchemy/pool/base.py", line 327, in connect
    return _ConnectionFairy._checkout(self)
  File "/home/airflow/.local/lib/python3.7/site-packages/sqlalchemy/pool/base.py", line 894, in _checkout
    fairy = _ConnectionRecord.checkout(pool)
  File "/home/airflow/.local/lib/python3.7/site-packages/sqlalchemy/pool/base.py", line 493, in checkout
    rec = pool._do_get()
  File "/home/airflow/.local/lib/python3.7/site-packages/sqlalchemy/pool/impl.py", line 256, in _do_get
    return self._create_connection()
  File "/home/airflow/.local/lib/python3.7/site-packages/sqlalchemy/pool/base.py", line 273, in _create_connection
    return _ConnectionRecord(self)
  File "/home/airflow/.local/lib/python3.7/site-packages/sqlalchemy/pool/base.py", line 388, in __init__
    self.__connect()
  File "/home/airflow/.local/lib/python3.7/site-packages/sqlalchemy/pool/base.py", line 691, in __connect
    pool.logger.debug("Error on connect(): %s", e)
  File "/home/airflow/.local/lib/python3.7/site-packages/sqlalchemy/util/langhelpers.py", line 72, in __exit__
    with_traceback=exc_tb,
  File "/home/airflow/.local/lib/python3.7/site-packages/sqlalchemy/util/compat.py", line 211, in raise_
    raise exception
  File "/home/airflow/.local/lib/python3.7/site-packages/sqlalchemy/pool/base.py", line 686, in __connect
    self.dbapi_connection = connection = pool._invoke_creator(self)
  File "/home/airflow/.local/lib/python3.7/site-packages/sqlalchemy/engine/create.py", line 574, in connect
    return dialect.connect(*cargs, **cparams)
  File "/home/airflow/.local/lib/python3.7/site-packages/sqlalchemy/engine/default.py", line 598, in connect
    return self.dbapi.connect(*cargs, **cparams)
  File "/home/airflow/.local/lib/python3.7/site-packages/psycopg2/__init__.py", line 122, in connect
    conn = _connect(dsn, connection_factory=connection_factory, **kwasync)
psycopg2.OperationalError: could not translate host name "postgres" to address: Temporary failure in name resolution


The above exception was the direct cause of the following exception:

Traceback (most recent call last):
  File "/home/airflow/.local/lib/python3.7/site-packages/airflow/jobs/job.py", line 187, in heartbeat
    session.merge(self)
  File "/home/airflow/.local/lib/python3.7/site-packages/sqlalchemy/orm/session.py", line 3062, in merge
    _resolve_conflict_map=_resolve_conflict_map,
  File "/home/airflow/.local/lib/python3.7/site-packages/sqlalchemy/orm/session.py", line 3140, in _merge
    options=options,
  File "/home/airflow/.local/lib/python3.7/site-packages/sqlalchemy/orm/session.py", line 2861, in get
    execution_options=execution_options,
  File "/home/airflow/.local/lib/python3.7/site-packages/sqlalchemy/orm/session.py", line 2979, in _get_impl
    load_options=load_options,
  File "/home/airflow/.local/lib/python3.7/site-packages/sqlalchemy/orm/loading.py", line 534, in load_on_pk_identity
    bind_arguments=bind_arguments,
  File "/home/airflow/.local/lib/python3.7/site-packages/sqlalchemy/orm/session.py", line 1716, in execute
    conn = self._connection_for_bind(bind)
  File "/home/airflow/.local/lib/python3.7/site-packages/sqlalchemy/orm/session.py", line 1556, in _connection_for_bind
    engine, execution_options
  File "/home/airflow/.local/lib/python3.7/site-packages/sqlalchemy/orm/session.py", line 750, in _connection_for_bind
    conn = bind.connect()
  File "/home/airflow/.local/lib/python3.7/site-packages/sqlalchemy/engine/base.py", line 3320, in connect
    return self._connection_cls(self, close_with_result=close_with_result)
  File "/home/airflow/.local/lib/python3.7/site-packages/sqlalchemy/engine/base.py", line 96, in __init__
    else engine.raw_connection()
  File "/home/airflow/.local/lib/python3.7/site-packages/sqlalchemy/engine/base.py", line 3399, in raw_connection
    return self._wrap_pool_connect(self.pool.connect, _connection)
  File "/home/airflow/.local/lib/python3.7/site-packages/sqlalchemy/engine/base.py", line 3370, in _wrap_pool_connect
    e, dialect, self
  File "/home/airflow/.local/lib/python3.7/site-packages/sqlalchemy/engine/base.py", line 2204, in _handle_dbapi_exception_noconnection
    sqlalchemy_exception, with_traceback=exc_info[2], from_=e
  File "/home/airflow/.local/lib/python3.7/site-packages/sqlalchemy/util/compat.py", line 211, in raise_
    raise exception
  File "/home/airflow/.local/lib/python3.7/site-packages/sqlalchemy/engine/base.py", line 3366, in _wrap_pool_connect
    return fn()
  File "/home/airflow/.local/lib/python3.7/site-packages/sqlalchemy/pool/base.py", line 327, in connect
    return _ConnectionFairy._checkout(self)
  File "/home/airflow/.local/lib/python3.7/site-packages/sqlalchemy/pool/base.py", line 894, in _checkout
    fairy = _ConnectionRecord.checkout(pool)
  File "/home/airflow/.local/lib/python3.7/site-packages/sqlalchemy/pool/base.py", line 493, in checkout
    rec = pool._do_get()
  File "/home/airflow/.local/lib/python3.7/site-packages/sqlalchemy/pool/impl.py", line 256, in _do_get
    return self._create_connection()
  File "/home/airflow/.local/lib/python3.7/site-packages/sqlalchemy/pool/base.py", line 273, in _create_connection
    return _ConnectionRecord(self)
  File "/home/airflow/.local/lib/python3.7/site-packages/sqlalchemy/pool/base.py", line 388, in __init__
    self.__connect()
  File "/home/airflow/.local/lib/python3.7/site-packages/sqlalchemy/pool/base.py", line 691, in __connect
    pool.logger.debug("Error on connect(): %s", e)
  File "/home/airflow/.local/lib/python3.7/site-packages/sqlalchemy/util/langhelpers.py", line 72, in __exit__
    with_traceback=exc_tb,
  File "/home/airflow/.local/lib/python3.7/site-packages/sqlalchemy/util/compat.py", line 211, in raise_
    raise exception
  File "/home/airflow/.local/lib/python3.7/site-packages/sqlalchemy/pool/base.py", line 686, in __connect
    self.dbapi_connection = connection = pool._invoke_creator(self)
  File "/home/airflow/.local/lib/python3.7/site-packages/sqlalchemy/engine/create.py", line 574, in connect
    return dialect.connect(*cargs, **cparams)
  File "/home/airflow/.local/lib/python3.7/site-packages/sqlalchemy/engine/default.py", line 598, in connect
    return self.dbapi.connect(*cargs, **cparams)
  File "/home/airflow/.local/lib/python3.7/site-packages/psycopg2/__init__.py", line 122, in connect
    conn = _connect(dsn, connection_factory=connection_factory, **kwasync)
sqlalchemy.exc.OperationalError: (psycopg2.OperationalError) could not translate host name "postgres" to address: Temporary failure in name resolution

(Background on this error at: https://sqlalche.me/e/14/e3q8)
[2023-06-11T10:55:56.097+0000] {task_command.py:410} INFO - Running <TaskInstance: first_dag_02.first_task scheduled__2021-09-29T00:00:00+00:00 [running]> on host 7586ce0070ac
[2023-06-11T10:56:02.742+0000] {taskinstance.py:1547} INFO - Exporting env vars: AIRFLOW_CTX_DAG_OWNER='Raja' AIRFLOW_CTX_DAG_ID='first_dag_02' AIRFLOW_CTX_TASK_ID='first_task' AIRFLOW_CTX_EXECUTION_DATE='2021-09-29T00:00:00+00:00' AIRFLOW_CTX_TRY_NUMBER='1' AIRFLOW_CTX_DAG_RUN_ID='scheduled__2021-09-29T00:00:00+00:00'
[2023-06-11T10:56:02.759+0000] {subprocess.py:63} INFO - Tmp dir root location: 
 /tmp
[2023-06-11T10:56:02.762+0000] {subprocess.py:75} INFO - Running command: ['/bin/bash', '-c', 'echo hello world, this is the first task!']
[2023-06-11T10:56:03.016+0000] {subprocess.py:86} INFO - Output:
[2023-06-11T10:56:03.123+0000] {subprocess.py:93} INFO - hello world, this is the first task!
[2023-06-11T10:56:03.159+0000] {subprocess.py:97} INFO - Command exited with return code 0
[2023-06-11T10:56:04.064+0000] {taskinstance.py:1350} INFO - Marking task as SUCCESS. dag_id=first_dag_02, task_id=first_task, execution_date=20210929T000000, start_date=20230611T105514, end_date=20230611T105604
[2023-06-11T10:56:04.682+0000] {local_task_job_runner.py:225} INFO - Task exited with return code 0
[2023-06-11T10:56:06.162+0000] {taskinstance.py:2651} INFO - 2 downstream tasks scheduled from follow-on schedule check
