[2023-06-11T08:55:02.538+0000] {taskinstance.py:1103} INFO - Dependencies all met for dep_context=non-requeueable deps ti=<TaskInstance: first_dag_02.thrid_task scheduled__2021-11-27T00:00:00+00:00 [queued]>
[2023-06-11T08:55:02.794+0000] {taskinstance.py:1103} INFO - Dependencies all met for dep_context=requeueable deps ti=<TaskInstance: first_dag_02.thrid_task scheduled__2021-11-27T00:00:00+00:00 [queued]>
[2023-06-11T08:55:02.794+0000] {taskinstance.py:1308} INFO - Starting attempt 1 of 6
[2023-06-11T08:55:03.291+0000] {taskinstance.py:1327} INFO - Executing <Task(BashOperator): thrid_task> on 2021-11-27 00:00:00+00:00
[2023-06-11T08:55:03.412+0000] {standard_task_runner.py:57} INFO - Started process 1942 to run task
[2023-06-11T08:55:03.414+0000] {standard_task_runner.py:84} INFO - Running: ['***', 'tasks', 'run', 'first_dag_02', 'thrid_task', 'scheduled__2021-11-27T00:00:00+00:00', '--job-id', '605', '--raw', '--subdir', 'DAGS_FOLDER/First_dag.py', '--cfg-path', '/tmp/tmp93103avj']
[2023-06-11T08:55:03.435+0000] {standard_task_runner.py:85} INFO - Job 605: Subtask thrid_task
[2023-06-11T08:55:04.253+0000] {task_command.py:410} INFO - Running <TaskInstance: first_dag_02.thrid_task scheduled__2021-11-27T00:00:00+00:00 [running]> on host 964e508aad03
[2023-06-11T08:55:06.329+0000] {taskinstance.py:1547} INFO - Exporting env vars: AIRFLOW_CTX_DAG_OWNER='Raja' AIRFLOW_CTX_DAG_ID='first_dag_02' AIRFLOW_CTX_TASK_ID='thrid_task' AIRFLOW_CTX_EXECUTION_DATE='2021-11-27T00:00:00+00:00' AIRFLOW_CTX_TRY_NUMBER='1' AIRFLOW_CTX_DAG_RUN_ID='scheduled__2021-11-27T00:00:00+00:00'
[2023-06-11T08:55:06.334+0000] {subprocess.py:63} INFO - Tmp dir root location: 
 /tmp
[2023-06-11T08:55:06.341+0000] {subprocess.py:75} INFO - Running command: ['/bin/bash', '-c', 'echo hey, I am task3 and will be running after task1 at the same time as task2!']
[2023-06-11T08:55:06.477+0000] {subprocess.py:86} INFO - Output:
[2023-06-11T08:55:06.483+0000] {subprocess.py:93} INFO - hey, I am task3 and will be running after task1 at the same time as task2!
[2023-06-11T08:55:06.485+0000] {subprocess.py:97} INFO - Command exited with return code 0
[2023-06-11T08:55:07.107+0000] {taskinstance.py:1350} INFO - Marking task as SUCCESS. dag_id=first_dag_02, task_id=thrid_task, execution_date=20211127T000000, start_date=20230611T085502, end_date=20230611T085507
[2023-06-11T08:55:07.749+0000] {local_task_job_runner.py:225} INFO - Task exited with return code 0
[2023-06-11T08:55:08.674+0000] {taskinstance.py:2651} INFO - 0 downstream tasks scheduled from follow-on schedule check
[2023-06-11T11:17:55.949+0000] {taskinstance.py:1103} INFO - Dependencies all met for dep_context=non-requeueable deps ti=<TaskInstance: first_dag_02.thrid_task scheduled__2021-11-27T00:00:00+00:00 [queued]>
[2023-06-11T11:17:56.254+0000] {taskinstance.py:1103} INFO - Dependencies all met for dep_context=requeueable deps ti=<TaskInstance: first_dag_02.thrid_task scheduled__2021-11-27T00:00:00+00:00 [queued]>
[2023-06-11T11:17:56.255+0000] {taskinstance.py:1308} INFO - Starting attempt 1 of 6
[2023-06-11T11:17:56.886+0000] {taskinstance.py:1327} INFO - Executing <Task(BashOperator): thrid_task> on 2021-11-27 00:00:00+00:00
[2023-06-11T11:17:56.984+0000] {standard_task_runner.py:57} INFO - Started process 629 to run task
[2023-06-11T11:17:57.014+0000] {standard_task_runner.py:84} INFO - Running: ['***', 'tasks', 'run', 'first_dag_02', 'thrid_task', 'scheduled__2021-11-27T00:00:00+00:00', '--job-id', '648', '--raw', '--subdir', 'DAGS_FOLDER/First_dag.py', '--cfg-path', '/tmp/tmphqma0dzj']
[2023-06-11T11:17:57.019+0000] {standard_task_runner.py:85} INFO - Job 648: Subtask thrid_task
[2023-06-11T11:17:57.793+0000] {task_command.py:410} INFO - Running <TaskInstance: first_dag_02.thrid_task scheduled__2021-11-27T00:00:00+00:00 [running]> on host 7586ce0070ac
[2023-06-11T11:18:00.305+0000] {taskinstance.py:1547} INFO - Exporting env vars: AIRFLOW_CTX_DAG_OWNER='Raja' AIRFLOW_CTX_DAG_ID='first_dag_02' AIRFLOW_CTX_TASK_ID='thrid_task' AIRFLOW_CTX_EXECUTION_DATE='2021-11-27T00:00:00+00:00' AIRFLOW_CTX_TRY_NUMBER='1' AIRFLOW_CTX_DAG_RUN_ID='scheduled__2021-11-27T00:00:00+00:00'
[2023-06-11T11:18:00.311+0000] {subprocess.py:63} INFO - Tmp dir root location: 
 /tmp
[2023-06-11T11:18:00.312+0000] {subprocess.py:75} INFO - Running command: ['/bin/bash', '-c', 'echo hey, I am task3 and will be running after task1 at the same time as task2!']
[2023-06-11T11:18:00.565+0000] {subprocess.py:86} INFO - Output:
[2023-06-11T11:18:00.592+0000] {subprocess.py:93} INFO - hey, I am task3 and will be running after task1 at the same time as task2!
[2023-06-11T11:18:00.593+0000] {subprocess.py:97} INFO - Command exited with return code 0
[2023-06-11T11:18:01.218+0000] {taskinstance.py:1350} INFO - Marking task as SUCCESS. dag_id=first_dag_02, task_id=thrid_task, execution_date=20211127T000000, start_date=20230611T111755, end_date=20230611T111801
[2023-06-11T11:18:01.594+0000] {local_task_job_runner.py:225} INFO - Task exited with return code 0
[2023-06-11T11:18:02.168+0000] {taskinstance.py:2651} INFO - 0 downstream tasks scheduled from follow-on schedule check
