[2023-06-11T04:52:17.123+0000] {taskinstance.py:1103} INFO - Dependencies all met for dep_context=non-requeueable deps ti=<TaskInstance: first_dag_02.thrid_task scheduled__2021-10-01T00:00:00+00:00 [queued]>
[2023-06-11T04:52:17.559+0000] {taskinstance.py:1103} INFO - Dependencies all met for dep_context=requeueable deps ti=<TaskInstance: first_dag_02.thrid_task scheduled__2021-10-01T00:00:00+00:00 [queued]>
[2023-06-11T04:52:17.559+0000] {taskinstance.py:1308} INFO - Starting attempt 1 of 6
[2023-06-11T04:52:18.692+0000] {taskinstance.py:1327} INFO - Executing <Task(BashOperator): thrid_task> on 2021-10-01 00:00:00+00:00
[2023-06-11T04:52:18.721+0000] {standard_task_runner.py:57} INFO - Started process 925 to run task
[2023-06-11T04:52:18.758+0000] {standard_task_runner.py:84} INFO - Running: ['***', 'tasks', 'run', 'first_dag_02', 'thrid_task', 'scheduled__2021-10-01T00:00:00+00:00', '--job-id', '272', '--raw', '--subdir', 'DAGS_FOLDER/First_dag.py', '--cfg-path', '/tmp/tmpf9685g8b']
[2023-06-11T04:52:18.764+0000] {standard_task_runner.py:85} INFO - Job 272: Subtask thrid_task
[2023-06-11T04:52:19.466+0000] {task_command.py:410} INFO - Running <TaskInstance: first_dag_02.thrid_task scheduled__2021-10-01T00:00:00+00:00 [running]> on host 4b1b5d40d165
[2023-06-11T04:52:22.029+0000] {taskinstance.py:1547} INFO - Exporting env vars: AIRFLOW_CTX_DAG_OWNER='Raja' AIRFLOW_CTX_DAG_ID='first_dag_02' AIRFLOW_CTX_TASK_ID='thrid_task' AIRFLOW_CTX_EXECUTION_DATE='2021-10-01T00:00:00+00:00' AIRFLOW_CTX_TRY_NUMBER='1' AIRFLOW_CTX_DAG_RUN_ID='scheduled__2021-10-01T00:00:00+00:00'
[2023-06-11T04:52:22.102+0000] {subprocess.py:63} INFO - Tmp dir root location: 
 /tmp
[2023-06-11T04:52:22.103+0000] {subprocess.py:75} INFO - Running command: ['/bin/bash', '-c', 'echo hey, I am task3 and will be running after task1 at the same time as task2!']
[2023-06-11T04:52:22.426+0000] {subprocess.py:86} INFO - Output:
[2023-06-11T04:52:22.441+0000] {subprocess.py:93} INFO - hey, I am task3 and will be running after task1 at the same time as task2!
[2023-06-11T04:52:22.452+0000] {subprocess.py:97} INFO - Command exited with return code 0
[2023-06-11T04:52:23.260+0000] {taskinstance.py:1350} INFO - Marking task as SUCCESS. dag_id=first_dag_02, task_id=thrid_task, execution_date=20211001T000000, start_date=20230611T045217, end_date=20230611T045223
[2023-06-11T04:52:23.595+0000] {local_task_job_runner.py:225} INFO - Task exited with return code 0
[2023-06-11T04:52:23.865+0000] {taskinstance.py:2651} INFO - 0 downstream tasks scheduled from follow-on schedule check
[2023-06-11T08:29:06.565+0000] {taskinstance.py:1103} INFO - Dependencies all met for dep_context=non-requeueable deps ti=<TaskInstance: first_dag_02.thrid_task scheduled__2021-10-01T00:00:00+00:00 [queued]>
[2023-06-11T08:29:06.835+0000] {taskinstance.py:1103} INFO - Dependencies all met for dep_context=requeueable deps ti=<TaskInstance: first_dag_02.thrid_task scheduled__2021-10-01T00:00:00+00:00 [queued]>
[2023-06-11T08:29:06.836+0000] {taskinstance.py:1308} INFO - Starting attempt 1 of 6
[2023-06-11T08:29:07.175+0000] {taskinstance.py:1327} INFO - Executing <Task(BashOperator): thrid_task> on 2021-10-01 00:00:00+00:00
[2023-06-11T08:29:07.314+0000] {standard_task_runner.py:84} INFO - Running: ['***', 'tasks', 'run', 'first_dag_02', 'thrid_task', 'scheduled__2021-10-01T00:00:00+00:00', '--job-id', '396', '--raw', '--subdir', 'DAGS_FOLDER/First_dag.py', '--cfg-path', '/tmp/tmpg5dx73sj']
[2023-06-11T08:29:07.315+0000] {standard_task_runner.py:85} INFO - Job 396: Subtask thrid_task
[2023-06-11T08:29:07.388+0000] {standard_task_runner.py:57} INFO - Started process 1292 to run task
[2023-06-11T08:29:09.289+0000] {task_command.py:410} INFO - Running <TaskInstance: first_dag_02.thrid_task scheduled__2021-10-01T00:00:00+00:00 [running]> on host 492037cdd057
[2023-06-11T08:29:19.691+0000] {taskinstance.py:1547} INFO - Exporting env vars: AIRFLOW_CTX_DAG_OWNER='Raja' AIRFLOW_CTX_DAG_ID='first_dag_02' AIRFLOW_CTX_TASK_ID='thrid_task' AIRFLOW_CTX_EXECUTION_DATE='2021-10-01T00:00:00+00:00' AIRFLOW_CTX_TRY_NUMBER='1' AIRFLOW_CTX_DAG_RUN_ID='scheduled__2021-10-01T00:00:00+00:00'
[2023-06-11T08:29:19.712+0000] {subprocess.py:63} INFO - Tmp dir root location: 
 /tmp
[2023-06-11T08:29:19.713+0000] {subprocess.py:75} INFO - Running command: ['/bin/bash', '-c', 'echo hey, I am task3 and will be running after task1 at the same time as task2!']
[2023-06-11T08:29:19.886+0000] {subprocess.py:86} INFO - Output:
[2023-06-11T08:29:19.939+0000] {subprocess.py:93} INFO - hey, I am task3 and will be running after task1 at the same time as task2!
[2023-06-11T08:29:19.943+0000] {subprocess.py:97} INFO - Command exited with return code 0
[2023-06-11T08:29:20.744+0000] {taskinstance.py:1350} INFO - Marking task as SUCCESS. dag_id=first_dag_02, task_id=thrid_task, execution_date=20211001T000000, start_date=20230611T082906, end_date=20230611T082920
[2023-06-11T08:29:21.363+0000] {local_task_job_runner.py:225} INFO - Task exited with return code 0
[2023-06-11T08:29:21.829+0000] {taskinstance.py:2651} INFO - 0 downstream tasks scheduled from follow-on schedule check
[2023-06-11T08:51:40.126+0000] {taskinstance.py:1103} INFO - Dependencies all met for dep_context=non-requeueable deps ti=<TaskInstance: first_dag_02.thrid_task scheduled__2021-10-01T00:00:00+00:00 [queued]>
[2023-06-11T08:51:40.333+0000] {taskinstance.py:1103} INFO - Dependencies all met for dep_context=requeueable deps ti=<TaskInstance: first_dag_02.thrid_task scheduled__2021-10-01T00:00:00+00:00 [queued]>
[2023-06-11T08:51:40.334+0000] {taskinstance.py:1308} INFO - Starting attempt 1 of 6
[2023-06-11T08:51:40.603+0000] {taskinstance.py:1327} INFO - Executing <Task(BashOperator): thrid_task> on 2021-10-01 00:00:00+00:00
[2023-06-11T08:51:40.660+0000] {standard_task_runner.py:57} INFO - Started process 1166 to run task
[2023-06-11T08:51:40.686+0000] {standard_task_runner.py:84} INFO - Running: ['***', 'tasks', 'run', 'first_dag_02', 'thrid_task', 'scheduled__2021-10-01T00:00:00+00:00', '--job-id', '359', '--raw', '--subdir', 'DAGS_FOLDER/First_dag.py', '--cfg-path', '/tmp/tmp9n1c2yov']
[2023-06-11T08:51:40.687+0000] {standard_task_runner.py:85} INFO - Job 359: Subtask thrid_task
[2023-06-11T08:51:41.416+0000] {task_command.py:410} INFO - Running <TaskInstance: first_dag_02.thrid_task scheduled__2021-10-01T00:00:00+00:00 [running]> on host 964e508aad03
[2023-06-11T08:51:43.054+0000] {taskinstance.py:1547} INFO - Exporting env vars: AIRFLOW_CTX_DAG_OWNER='Raja' AIRFLOW_CTX_DAG_ID='first_dag_02' AIRFLOW_CTX_TASK_ID='thrid_task' AIRFLOW_CTX_EXECUTION_DATE='2021-10-01T00:00:00+00:00' AIRFLOW_CTX_TRY_NUMBER='1' AIRFLOW_CTX_DAG_RUN_ID='scheduled__2021-10-01T00:00:00+00:00'
[2023-06-11T08:51:43.056+0000] {subprocess.py:63} INFO - Tmp dir root location: 
 /tmp
[2023-06-11T08:51:43.064+0000] {subprocess.py:75} INFO - Running command: ['/bin/bash', '-c', 'echo hey, I am task3 and will be running after task1 at the same time as task2!']
[2023-06-11T08:51:43.230+0000] {subprocess.py:86} INFO - Output:
[2023-06-11T08:51:43.245+0000] {subprocess.py:93} INFO - hey, I am task3 and will be running after task1 at the same time as task2!
[2023-06-11T08:51:43.246+0000] {subprocess.py:97} INFO - Command exited with return code 0
[2023-06-11T08:51:43.347+0000] {taskinstance.py:1350} INFO - Marking task as SUCCESS. dag_id=first_dag_02, task_id=thrid_task, execution_date=20211001T000000, start_date=20230611T085140, end_date=20230611T085143
[2023-06-11T08:51:43.437+0000] {local_task_job_runner.py:225} INFO - Task exited with return code 0
[2023-06-11T08:51:43.617+0000] {taskinstance.py:2651} INFO - 0 downstream tasks scheduled from follow-on schedule check
[2023-06-11T10:57:22.530+0000] {taskinstance.py:1103} INFO - Dependencies all met for dep_context=non-requeueable deps ti=<TaskInstance: first_dag_02.thrid_task scheduled__2021-10-01T00:00:00+00:00 [queued]>
[2023-06-11T10:57:22.897+0000] {taskinstance.py:1103} INFO - Dependencies all met for dep_context=requeueable deps ti=<TaskInstance: first_dag_02.thrid_task scheduled__2021-10-01T00:00:00+00:00 [queued]>
[2023-06-11T10:57:22.943+0000] {taskinstance.py:1308} INFO - Starting attempt 1 of 6
[2023-06-11T10:57:23.956+0000] {taskinstance.py:1327} INFO - Executing <Task(BashOperator): thrid_task> on 2021-10-01 00:00:00+00:00
[2023-06-11T10:57:23.974+0000] {standard_task_runner.py:57} INFO - Started process 1233 to run task
[2023-06-11T10:57:24.001+0000] {standard_task_runner.py:84} INFO - Running: ['***', 'tasks', 'run', 'first_dag_02', 'thrid_task', 'scheduled__2021-10-01T00:00:00+00:00', '--job-id', '337', '--raw', '--subdir', 'DAGS_FOLDER/First_dag.py', '--cfg-path', '/tmp/tmpuy06fqxm']
[2023-06-11T10:57:24.009+0000] {standard_task_runner.py:85} INFO - Job 337: Subtask thrid_task
[2023-06-11T10:57:25.390+0000] {task_command.py:410} INFO - Running <TaskInstance: first_dag_02.thrid_task scheduled__2021-10-01T00:00:00+00:00 [running]> on host 7586ce0070ac
[2023-06-11T10:57:28.015+0000] {taskinstance.py:1547} INFO - Exporting env vars: AIRFLOW_CTX_DAG_OWNER='Raja' AIRFLOW_CTX_DAG_ID='first_dag_02' AIRFLOW_CTX_TASK_ID='thrid_task' AIRFLOW_CTX_EXECUTION_DATE='2021-10-01T00:00:00+00:00' AIRFLOW_CTX_TRY_NUMBER='1' AIRFLOW_CTX_DAG_RUN_ID='scheduled__2021-10-01T00:00:00+00:00'
[2023-06-11T10:57:28.017+0000] {subprocess.py:63} INFO - Tmp dir root location: 
 /tmp
[2023-06-11T10:57:28.018+0000] {subprocess.py:75} INFO - Running command: ['/bin/bash', '-c', 'echo hey, I am task3 and will be running after task1 at the same time as task2!']
[2023-06-11T10:57:28.263+0000] {subprocess.py:86} INFO - Output:
[2023-06-11T10:57:28.271+0000] {subprocess.py:93} INFO - hey, I am task3 and will be running after task1 at the same time as task2!
[2023-06-11T10:57:28.272+0000] {subprocess.py:97} INFO - Command exited with return code 0
[2023-06-11T10:57:28.978+0000] {taskinstance.py:1350} INFO - Marking task as SUCCESS. dag_id=first_dag_02, task_id=thrid_task, execution_date=20211001T000000, start_date=20230611T105722, end_date=20230611T105728
[2023-06-11T10:57:30.163+0000] {local_task_job_runner.py:225} INFO - Task exited with return code 0
[2023-06-11T10:57:31.604+0000] {taskinstance.py:2651} INFO - 0 downstream tasks scheduled from follow-on schedule check
