[2023-06-10T16:28:03.128+0000] {taskinstance.py:1103} INFO - Dependencies all met for dep_context=non-requeueable deps ti=<TaskInstance: dag_pythonoperator.first_task scheduled__2023-06-09T00:00:00+00:00 [queued]>
[2023-06-10T16:28:03.257+0000] {taskinstance.py:1103} INFO - Dependencies all met for dep_context=requeueable deps ti=<TaskInstance: dag_pythonoperator.first_task scheduled__2023-06-09T00:00:00+00:00 [queued]>
[2023-06-10T16:28:03.377+0000] {taskinstance.py:1308} INFO - Starting attempt 1 of 6
[2023-06-10T16:28:05.777+0000] {taskinstance.py:1327} INFO - Executing <Task(PythonOperator): first_task> on 2023-06-09 00:00:00+00:00
[2023-06-10T16:28:06.198+0000] {standard_task_runner.py:57} INFO - Started process 4297 to run task
[2023-06-10T16:28:06.374+0000] {standard_task_runner.py:84} INFO - Running: ['***', 'tasks', 'run', 'dag_pythonoperator', 'first_task', 'scheduled__2023-06-09T00:00:00+00:00', '--job-id', '1327', '--raw', '--subdir', 'DAGS_FOLDER/Pythonoperator_dag.py', '--cfg-path', '/tmp/tmpsocbp2ew']
[2023-06-10T16:28:06.375+0000] {standard_task_runner.py:85} INFO - Job 1327: Subtask first_task
[2023-06-10T16:28:10.845+0000] {task_command.py:410} INFO - Running <TaskInstance: dag_pythonoperator.first_task scheduled__2023-06-09T00:00:00+00:00 [running]> on host e326d5f70fa9
[2023-06-10T16:28:20.160+0000] {taskinstance.py:1547} INFO - Exporting env vars: AIRFLOW_CTX_DAG_OWNER='Raja' AIRFLOW_CTX_DAG_ID='dag_pythonoperator' AIRFLOW_CTX_TASK_ID='first_task' AIRFLOW_CTX_EXECUTION_DATE='2023-06-09T00:00:00+00:00' AIRFLOW_CTX_TRY_NUMBER='1' AIRFLOW_CTX_DAG_RUN_ID='scheduled__2023-06-09T00:00:00+00:00'
[2023-06-10T16:28:20.221+0000] {logging_mixin.py:149} INFO - Hai this first python_operator dag
[2023-06-10T16:28:20.222+0000] {python.py:183} INFO - Done. Returned value was: None
[2023-06-10T16:28:22.004+0000] {taskinstance.py:1350} INFO - Marking task as SUCCESS. dag_id=dag_pythonoperator, task_id=first_task, execution_date=20230609T000000, start_date=20230610T162803, end_date=20230610T162822
[2023-06-10T16:28:22.793+0000] {local_task_job_runner.py:225} INFO - Task exited with return code 0
[2023-06-10T16:28:26.646+0000] {taskinstance.py:2651} INFO - 2 downstream tasks scheduled from follow-on schedule check
[2023-06-11T04:43:47.128+0000] {taskinstance.py:1103} INFO - Dependencies all met for dep_context=non-requeueable deps ti=<TaskInstance: dag_pythonoperator.first_task scheduled__2023-06-09T00:00:00+00:00 [queued]>
[2023-06-11T04:43:47.916+0000] {taskinstance.py:1103} INFO - Dependencies all met for dep_context=requeueable deps ti=<TaskInstance: dag_pythonoperator.first_task scheduled__2023-06-09T00:00:00+00:00 [queued]>
[2023-06-11T04:43:47.916+0000] {taskinstance.py:1308} INFO - Starting attempt 1 of 6
[2023-06-11T04:43:49.270+0000] {taskinstance.py:1327} INFO - Executing <Task(PythonOperator): first_task> on 2023-06-09 00:00:00+00:00
[2023-06-11T04:43:49.302+0000] {standard_task_runner.py:57} INFO - Started process 132 to run task
[2023-06-11T04:43:49.623+0000] {standard_task_runner.py:84} INFO - Running: ['***', 'tasks', 'run', 'dag_pythonoperator', 'first_task', 'scheduled__2023-06-09T00:00:00+00:00', '--job-id', '21', '--raw', '--subdir', 'DAGS_FOLDER/python_operator_dag.py', '--cfg-path', '/tmp/tmpmhq62ew4']
[2023-06-11T04:43:49.624+0000] {standard_task_runner.py:85} INFO - Job 21: Subtask first_task
[2023-06-11T04:43:50.470+0000] {task_command.py:410} INFO - Running <TaskInstance: dag_pythonoperator.first_task scheduled__2023-06-09T00:00:00+00:00 [running]> on host 4b1b5d40d165
[2023-06-11T04:43:54.067+0000] {taskinstance.py:1547} INFO - Exporting env vars: AIRFLOW_CTX_DAG_OWNER='Raja' AIRFLOW_CTX_DAG_ID='dag_pythonoperator' AIRFLOW_CTX_TASK_ID='first_task' AIRFLOW_CTX_EXECUTION_DATE='2023-06-09T00:00:00+00:00' AIRFLOW_CTX_TRY_NUMBER='1' AIRFLOW_CTX_DAG_RUN_ID='scheduled__2023-06-09T00:00:00+00:00'
[2023-06-11T04:43:54.068+0000] {logging_mixin.py:149} INFO - Hai this first python_operator dag
[2023-06-11T04:43:54.068+0000] {python.py:183} INFO - Done. Returned value was: None
[2023-06-11T04:43:54.125+0000] {taskinstance.py:1350} INFO - Marking task as SUCCESS. dag_id=dag_pythonoperator, task_id=first_task, execution_date=20230609T000000, start_date=20230611T044347, end_date=20230611T044354
[2023-06-11T04:43:56.216+0000] {local_task_job_runner.py:225} INFO - Task exited with return code 0
[2023-06-11T04:43:57.868+0000] {taskinstance.py:2651} INFO - 2 downstream tasks scheduled from follow-on schedule check
