[2023-06-11T09:40:14.254+0000] {taskinstance.py:1103} INFO - Dependencies all met for dep_context=non-requeueable deps ti=<TaskInstance: first_dag_02.first_task scheduled__2022-04-15T00:00:00+00:00 [queued]>
[2023-06-11T09:40:14.350+0000] {taskinstance.py:1103} INFO - Dependencies all met for dep_context=requeueable deps ti=<TaskInstance: first_dag_02.first_task scheduled__2022-04-15T00:00:00+00:00 [queued]>
[2023-06-11T09:40:14.354+0000] {taskinstance.py:1308} INFO - Starting attempt 1 of 6
[2023-06-11T09:40:15.452+0000] {taskinstance.py:1327} INFO - Executing <Task(BashOperator): first_task> on 2022-04-15 00:00:00+00:00
[2023-06-11T09:40:15.519+0000] {standard_task_runner.py:57} INFO - Started process 3952 to run task
[2023-06-11T09:40:15.554+0000] {standard_task_runner.py:84} INFO - Running: ['***', 'tasks', 'run', 'first_dag_02', 'first_task', 'scheduled__2022-04-15T00:00:00+00:00', '--job-id', '1222', '--raw', '--subdir', 'DAGS_FOLDER/First_dag.py', '--cfg-path', '/tmp/tmp6owuodek']
[2023-06-11T09:40:15.555+0000] {standard_task_runner.py:85} INFO - Job 1222: Subtask first_task
[2023-06-11T09:40:17.977+0000] {task_command.py:410} INFO - Running <TaskInstance: first_dag_02.first_task scheduled__2022-04-15T00:00:00+00:00 [running]> on host 964e508aad03
[2023-06-11T09:40:21.945+0000] {taskinstance.py:1547} INFO - Exporting env vars: AIRFLOW_CTX_DAG_OWNER='Raja' AIRFLOW_CTX_DAG_ID='first_dag_02' AIRFLOW_CTX_TASK_ID='first_task' AIRFLOW_CTX_EXECUTION_DATE='2022-04-15T00:00:00+00:00' AIRFLOW_CTX_TRY_NUMBER='1' AIRFLOW_CTX_DAG_RUN_ID='scheduled__2022-04-15T00:00:00+00:00'
[2023-06-11T09:40:21.995+0000] {subprocess.py:63} INFO - Tmp dir root location: 
 /tmp
[2023-06-11T09:40:22.015+0000] {subprocess.py:75} INFO - Running command: ['/bin/bash', '-c', 'echo hello world, this is the first task!']
[2023-06-11T09:40:22.410+0000] {subprocess.py:86} INFO - Output:
[2023-06-11T09:40:22.413+0000] {subprocess.py:93} INFO - hello world, this is the first task!
[2023-06-11T09:40:22.414+0000] {subprocess.py:97} INFO - Command exited with return code 0
[2023-06-11T09:40:22.847+0000] {taskinstance.py:1350} INFO - Marking task as SUCCESS. dag_id=first_dag_02, task_id=first_task, execution_date=20220415T000000, start_date=20230611T094014, end_date=20230611T094022
[2023-06-11T09:40:23.828+0000] {local_task_job_runner.py:225} INFO - Task exited with return code 0
[2023-06-11T09:40:24.799+0000] {taskinstance.py:2651} INFO - 2 downstream tasks scheduled from follow-on schedule check
[2023-06-11T15:29:00.679+0000] {taskinstance.py:1103} INFO - Dependencies all met for dep_context=non-requeueable deps ti=<TaskInstance: first_dag_02.first_task scheduled__2022-04-15T00:00:00+00:00 [queued]>
[2023-06-11T15:29:01.251+0000] {taskinstance.py:1103} INFO - Dependencies all met for dep_context=requeueable deps ti=<TaskInstance: first_dag_02.first_task scheduled__2022-04-15T00:00:00+00:00 [queued]>
[2023-06-11T15:29:01.300+0000] {taskinstance.py:1308} INFO - Starting attempt 1 of 6
[2023-06-11T15:29:02.877+0000] {taskinstance.py:1327} INFO - Executing <Task(BashOperator): first_task> on 2022-04-15 00:00:00+00:00
[2023-06-11T15:29:03.095+0000] {standard_task_runner.py:57} INFO - Started process 672 to run task
[2023-06-11T15:29:03.216+0000] {standard_task_runner.py:84} INFO - Running: ['***', 'tasks', 'run', 'first_dag_02', 'first_task', 'scheduled__2022-04-15T00:00:00+00:00', '--job-id', '1288', '--raw', '--subdir', 'DAGS_FOLDER/First_dag.py', '--cfg-path', '/tmp/tmpaejnkime']
[2023-06-11T15:29:03.217+0000] {standard_task_runner.py:85} INFO - Job 1288: Subtask first_task
[2023-06-11T15:29:04.190+0000] {task_command.py:410} INFO - Running <TaskInstance: first_dag_02.first_task scheduled__2022-04-15T00:00:00+00:00 [running]> on host 7586ce0070ac
[2023-06-11T15:29:07.033+0000] {taskinstance.py:1547} INFO - Exporting env vars: AIRFLOW_CTX_DAG_OWNER='Raja' AIRFLOW_CTX_DAG_ID='first_dag_02' AIRFLOW_CTX_TASK_ID='first_task' AIRFLOW_CTX_EXECUTION_DATE='2022-04-15T00:00:00+00:00' AIRFLOW_CTX_TRY_NUMBER='1' AIRFLOW_CTX_DAG_RUN_ID='scheduled__2022-04-15T00:00:00+00:00'
[2023-06-11T15:29:07.040+0000] {subprocess.py:63} INFO - Tmp dir root location: 
 /tmp
[2023-06-11T15:29:07.041+0000] {subprocess.py:75} INFO - Running command: ['/bin/bash', '-c', 'echo hello world, this is the first task!']
[2023-06-11T15:29:07.266+0000] {subprocess.py:86} INFO - Output:
[2023-06-11T15:29:07.325+0000] {subprocess.py:93} INFO - hello world, this is the first task!
[2023-06-11T15:29:07.326+0000] {subprocess.py:97} INFO - Command exited with return code 0
[2023-06-11T15:29:07.610+0000] {taskinstance.py:1350} INFO - Marking task as SUCCESS. dag_id=first_dag_02, task_id=first_task, execution_date=20220415T000000, start_date=20230611T152900, end_date=20230611T152907
[2023-06-11T15:29:08.158+0000] {local_task_job_runner.py:225} INFO - Task exited with return code 0
[2023-06-11T15:29:08.480+0000] {taskinstance.py:2651} INFO - 2 downstream tasks scheduled from follow-on schedule check
