[2023-06-11T08:58:33.449+0000] {taskinstance.py:1103} INFO - Dependencies all met for dep_context=non-requeueable deps ti=<TaskInstance: first_dag_02.first_task scheduled__2022-01-22T00:00:00+00:00 [queued]>
[2023-06-11T08:58:33.547+0000] {taskinstance.py:1103} INFO - Dependencies all met for dep_context=requeueable deps ti=<TaskInstance: first_dag_02.first_task scheduled__2022-01-22T00:00:00+00:00 [queued]>
[2023-06-11T08:58:33.547+0000] {taskinstance.py:1308} INFO - Starting attempt 1 of 6
[2023-06-11T08:58:33.929+0000] {taskinstance.py:1327} INFO - Executing <Task(BashOperator): first_task> on 2022-01-22 00:00:00+00:00
[2023-06-11T08:58:33.966+0000] {standard_task_runner.py:57} INFO - Started process 2729 to run task
[2023-06-11T08:58:34.037+0000] {standard_task_runner.py:84} INFO - Running: ['***', 'tasks', 'run', 'first_dag_02', 'first_task', 'scheduled__2022-01-22T00:00:00+00:00', '--job-id', '853', '--raw', '--subdir', 'DAGS_FOLDER/First_dag.py', '--cfg-path', '/tmp/tmpe0c8hhxr']
[2023-06-11T08:58:34.040+0000] {standard_task_runner.py:85} INFO - Job 853: Subtask first_task
[2023-06-11T08:58:34.813+0000] {task_command.py:410} INFO - Running <TaskInstance: first_dag_02.first_task scheduled__2022-01-22T00:00:00+00:00 [running]> on host 964e508aad03
[2023-06-11T08:58:36.770+0000] {taskinstance.py:1547} INFO - Exporting env vars: AIRFLOW_CTX_DAG_OWNER='Raja' AIRFLOW_CTX_DAG_ID='first_dag_02' AIRFLOW_CTX_TASK_ID='first_task' AIRFLOW_CTX_EXECUTION_DATE='2022-01-22T00:00:00+00:00' AIRFLOW_CTX_TRY_NUMBER='1' AIRFLOW_CTX_DAG_RUN_ID='scheduled__2022-01-22T00:00:00+00:00'
[2023-06-11T08:58:36.772+0000] {subprocess.py:63} INFO - Tmp dir root location: 
 /tmp
[2023-06-11T08:58:36.793+0000] {subprocess.py:75} INFO - Running command: ['/bin/bash', '-c', 'echo hello world, this is the first task!']
[2023-06-11T08:58:37.015+0000] {subprocess.py:86} INFO - Output:
[2023-06-11T08:58:37.049+0000] {subprocess.py:93} INFO - hello world, this is the first task!
[2023-06-11T08:58:37.050+0000] {subprocess.py:97} INFO - Command exited with return code 0
[2023-06-11T08:58:37.175+0000] {taskinstance.py:1350} INFO - Marking task as SUCCESS. dag_id=first_dag_02, task_id=first_task, execution_date=20220122T000000, start_date=20230611T085833, end_date=20230611T085837
[2023-06-11T08:58:37.483+0000] {local_task_job_runner.py:225} INFO - Task exited with return code 0
[2023-06-11T08:58:37.855+0000] {taskinstance.py:2651} INFO - 2 downstream tasks scheduled from follow-on schedule check
[2023-06-11T11:30:32.624+0000] {taskinstance.py:1103} INFO - Dependencies all met for dep_context=non-requeueable deps ti=<TaskInstance: first_dag_02.first_task scheduled__2022-01-22T00:00:00+00:00 [queued]>
[2023-06-11T11:30:33.024+0000] {taskinstance.py:1103} INFO - Dependencies all met for dep_context=requeueable deps ti=<TaskInstance: first_dag_02.first_task scheduled__2022-01-22T00:00:00+00:00 [queued]>
[2023-06-11T11:30:33.025+0000] {taskinstance.py:1308} INFO - Starting attempt 1 of 6
[2023-06-11T11:30:33.788+0000] {taskinstance.py:1327} INFO - Executing <Task(BashOperator): first_task> on 2022-01-22 00:00:00+00:00
[2023-06-11T11:30:33.853+0000] {standard_task_runner.py:57} INFO - Started process 230 to run task
[2023-06-11T11:30:33.976+0000] {standard_task_runner.py:84} INFO - Running: ['***', 'tasks', 'run', 'first_dag_02', 'first_task', 'scheduled__2022-01-22T00:00:00+00:00', '--job-id', '876', '--raw', '--subdir', 'DAGS_FOLDER/First_dag.py', '--cfg-path', '/tmp/tmpkmfdpkkl']
[2023-06-11T11:30:33.977+0000] {standard_task_runner.py:85} INFO - Job 876: Subtask first_task
[2023-06-11T11:30:35.047+0000] {task_command.py:410} INFO - Running <TaskInstance: first_dag_02.first_task scheduled__2022-01-22T00:00:00+00:00 [running]> on host 7586ce0070ac
[2023-06-11T11:30:37.948+0000] {taskinstance.py:1547} INFO - Exporting env vars: AIRFLOW_CTX_DAG_OWNER='Raja' AIRFLOW_CTX_DAG_ID='first_dag_02' AIRFLOW_CTX_TASK_ID='first_task' AIRFLOW_CTX_EXECUTION_DATE='2022-01-22T00:00:00+00:00' AIRFLOW_CTX_TRY_NUMBER='1' AIRFLOW_CTX_DAG_RUN_ID='scheduled__2022-01-22T00:00:00+00:00'
[2023-06-11T11:30:37.951+0000] {subprocess.py:63} INFO - Tmp dir root location: 
 /tmp
[2023-06-11T11:30:37.953+0000] {subprocess.py:75} INFO - Running command: ['/bin/bash', '-c', 'echo hello world, this is the first task!']
[2023-06-11T11:30:37.998+0000] {subprocess.py:86} INFO - Output:
[2023-06-11T11:30:38.006+0000] {subprocess.py:93} INFO - hello world, this is the first task!
[2023-06-11T11:30:38.007+0000] {subprocess.py:97} INFO - Command exited with return code 0
[2023-06-11T11:30:38.394+0000] {taskinstance.py:1350} INFO - Marking task as SUCCESS. dag_id=first_dag_02, task_id=first_task, execution_date=20220122T000000, start_date=20230611T113032, end_date=20230611T113038
[2023-06-11T11:30:38.561+0000] {local_task_job_runner.py:225} INFO - Task exited with return code 0
[2023-06-11T11:30:38.822+0000] {taskinstance.py:2651} INFO - 2 downstream tasks scheduled from follow-on schedule check
