[2023-06-11T09:45:29.661+0000] {taskinstance.py:1103} INFO - Dependencies all met for dep_context=non-requeueable deps ti=<TaskInstance: dag_cron_expression_03.task1 scheduled__2022-01-27T03:00:00+00:00 [queued]>
[2023-06-11T09:45:29.722+0000] {taskinstance.py:1103} INFO - Dependencies all met for dep_context=requeueable deps ti=<TaskInstance: dag_cron_expression_03.task1 scheduled__2022-01-27T03:00:00+00:00 [queued]>
[2023-06-11T09:45:29.723+0000] {taskinstance.py:1308} INFO - Starting attempt 1 of 6
[2023-06-11T09:45:29.848+0000] {taskinstance.py:1327} INFO - Executing <Task(BashOperator): task1> on 2022-01-27 03:00:00+00:00
[2023-06-11T09:45:29.866+0000] {standard_task_runner.py:57} INFO - Started process 4697 to run task
[2023-06-11T09:45:29.893+0000] {standard_task_runner.py:84} INFO - Running: ['***', 'tasks', 'run', 'dag_cron_expression_03', 'task1', 'scheduled__2022-01-27T03:00:00+00:00', '--job-id', '1440', '--raw', '--subdir', 'DAGS_FOLDER/dag_corn.py', '--cfg-path', '/tmp/tmpfk_ci3x4']
[2023-06-11T09:45:29.898+0000] {standard_task_runner.py:85} INFO - Job 1440: Subtask task1
[2023-06-11T09:45:30.196+0000] {task_command.py:410} INFO - Running <TaskInstance: dag_cron_expression_03.task1 scheduled__2022-01-27T03:00:00+00:00 [running]> on host 964e508aad03
[2023-06-11T09:45:31.432+0000] {taskinstance.py:1547} INFO - Exporting env vars: AIRFLOW_CTX_DAG_OWNER='Raja' AIRFLOW_CTX_DAG_ID='dag_cron_expression_03' AIRFLOW_CTX_TASK_ID='task1' AIRFLOW_CTX_EXECUTION_DATE='2022-01-27T03:00:00+00:00' AIRFLOW_CTX_TRY_NUMBER='1' AIRFLOW_CTX_DAG_RUN_ID='scheduled__2022-01-27T03:00:00+00:00'
[2023-06-11T09:45:31.435+0000] {subprocess.py:63} INFO - Tmp dir root location: 
 /tmp
[2023-06-11T09:45:31.436+0000] {subprocess.py:75} INFO - Running command: ['/bin/bash', '-c', 'echo dag with cron expression!']
[2023-06-11T09:45:31.505+0000] {subprocess.py:86} INFO - Output:
[2023-06-11T09:45:31.507+0000] {subprocess.py:93} INFO - dag with cron expression!
[2023-06-11T09:45:31.508+0000] {subprocess.py:97} INFO - Command exited with return code 0
[2023-06-11T09:45:31.683+0000] {taskinstance.py:1350} INFO - Marking task as SUCCESS. dag_id=dag_cron_expression_03, task_id=task1, execution_date=20220127T030000, start_date=20230611T094529, end_date=20230611T094531
[2023-06-11T09:45:31.849+0000] {local_task_job_runner.py:225} INFO - Task exited with return code 0
[2023-06-11T09:45:31.904+0000] {taskinstance.py:2651} INFO - 0 downstream tasks scheduled from follow-on schedule check
[2023-06-11T10:52:32.481+0000] {taskinstance.py:1103} INFO - Dependencies all met for dep_context=non-requeueable deps ti=<TaskInstance: dag_cron_expression_03.task1 scheduled__2022-01-27T03:00:00+00:00 [queued]>
[2023-06-11T10:52:32.880+0000] {taskinstance.py:1103} INFO - Dependencies all met for dep_context=requeueable deps ti=<TaskInstance: dag_cron_expression_03.task1 scheduled__2022-01-27T03:00:00+00:00 [queued]>
[2023-06-11T10:52:32.890+0000] {taskinstance.py:1308} INFO - Starting attempt 1 of 6
[2023-06-11T10:52:36.184+0000] {taskinstance.py:1327} INFO - Executing <Task(BashOperator): task1> on 2022-01-27 03:00:00+00:00
[2023-06-11T10:52:36.454+0000] {standard_task_runner.py:57} INFO - Started process 942 to run task
[2023-06-11T10:52:36.743+0000] {standard_task_runner.py:84} INFO - Running: ['***', 'tasks', 'run', 'dag_cron_expression_03', 'task1', 'scheduled__2022-01-27T03:00:00+00:00', '--job-id', '261', '--raw', '--subdir', 'DAGS_FOLDER/dag_cron.py', '--cfg-path', '/tmp/tmp4k96bwr9']
[2023-06-11T10:52:36.774+0000] {standard_task_runner.py:85} INFO - Job 261: Subtask task1
[2023-06-11T10:52:40.588+0000] {task_command.py:410} INFO - Running <TaskInstance: dag_cron_expression_03.task1 scheduled__2022-01-27T03:00:00+00:00 [running]> on host 7586ce0070ac
[2023-06-11T10:52:47.749+0000] {taskinstance.py:1547} INFO - Exporting env vars: AIRFLOW_CTX_DAG_OWNER='Raja' AIRFLOW_CTX_DAG_ID='dag_cron_expression_03' AIRFLOW_CTX_TASK_ID='task1' AIRFLOW_CTX_EXECUTION_DATE='2022-01-27T03:00:00+00:00' AIRFLOW_CTX_TRY_NUMBER='1' AIRFLOW_CTX_DAG_RUN_ID='scheduled__2022-01-27T03:00:00+00:00'
[2023-06-11T10:52:47.830+0000] {subprocess.py:63} INFO - Tmp dir root location: 
 /tmp
[2023-06-11T10:52:47.837+0000] {subprocess.py:75} INFO - Running command: ['/bin/bash', '-c', 'echo dag with cron expression!']
[2023-06-11T10:52:48.385+0000] {subprocess.py:86} INFO - Output:
[2023-06-11T10:52:48.424+0000] {subprocess.py:93} INFO - dag with cron expression!
[2023-06-11T10:52:48.435+0000] {subprocess.py:97} INFO - Command exited with return code 0
[2023-06-11T10:52:50.628+0000] {taskinstance.py:1350} INFO - Marking task as SUCCESS. dag_id=dag_cron_expression_03, task_id=task1, execution_date=20220127T030000, start_date=20230611T105232, end_date=20230611T105250
[2023-06-11T10:52:51.372+0000] {local_task_job_runner.py:225} INFO - Task exited with return code 0
[2023-06-11T10:52:52.109+0000] {taskinstance.py:2651} INFO - 0 downstream tasks scheduled from follow-on schedule check
