[2023-06-11T08:54:15.770+0000] {taskinstance.py:1103} INFO - Dependencies all met for dep_context=non-requeueable deps ti=<TaskInstance: first_dag_02.second_task scheduled__2021-11-14T00:00:00+00:00 [queued]>
[2023-06-11T08:54:16.121+0000] {taskinstance.py:1103} INFO - Dependencies all met for dep_context=requeueable deps ti=<TaskInstance: first_dag_02.second_task scheduled__2021-11-14T00:00:00+00:00 [queued]>
[2023-06-11T08:54:16.121+0000] {taskinstance.py:1308} INFO - Starting attempt 1 of 6
[2023-06-11T08:54:16.587+0000] {taskinstance.py:1327} INFO - Executing <Task(BashOperator): second_task> on 2021-11-14 00:00:00+00:00
[2023-06-11T08:54:16.728+0000] {standard_task_runner.py:84} INFO - Running: ['***', 'tasks', 'run', 'first_dag_02', 'second_task', 'scheduled__2021-11-14T00:00:00+00:00', '--job-id', '547', '--raw', '--subdir', 'DAGS_FOLDER/First_dag.py', '--cfg-path', '/tmp/tmp6lch82j9']
[2023-06-11T08:54:16.743+0000] {standard_task_runner.py:85} INFO - Job 547: Subtask second_task
[2023-06-11T08:54:16.706+0000] {standard_task_runner.py:57} INFO - Started process 1767 to run task
[2023-06-11T08:54:17.508+0000] {task_command.py:410} INFO - Running <TaskInstance: first_dag_02.second_task scheduled__2021-11-14T00:00:00+00:00 [running]> on host 964e508aad03
[2023-06-11T08:54:19.216+0000] {taskinstance.py:1547} INFO - Exporting env vars: AIRFLOW_CTX_DAG_OWNER='Raja' AIRFLOW_CTX_DAG_ID='first_dag_02' AIRFLOW_CTX_TASK_ID='second_task' AIRFLOW_CTX_EXECUTION_DATE='2021-11-14T00:00:00+00:00' AIRFLOW_CTX_TRY_NUMBER='1' AIRFLOW_CTX_DAG_RUN_ID='scheduled__2021-11-14T00:00:00+00:00'
[2023-06-11T08:54:19.222+0000] {subprocess.py:63} INFO - Tmp dir root location: 
 /tmp
[2023-06-11T08:54:19.249+0000] {subprocess.py:75} INFO - Running command: ['/bin/bash', '-c', 'echo hey, I am task2 and will be running after task1!']
[2023-06-11T08:54:19.398+0000] {subprocess.py:86} INFO - Output:
[2023-06-11T08:54:19.422+0000] {subprocess.py:93} INFO - hey, I am task2 and will be running after task1!
[2023-06-11T08:54:19.423+0000] {subprocess.py:97} INFO - Command exited with return code 0
[2023-06-11T08:54:19.804+0000] {taskinstance.py:1350} INFO - Marking task as SUCCESS. dag_id=first_dag_02, task_id=second_task, execution_date=20211114T000000, start_date=20230611T085415, end_date=20230611T085419
[2023-06-11T08:54:20.153+0000] {local_task_job_runner.py:225} INFO - Task exited with return code 0
[2023-06-11T08:54:20.432+0000] {taskinstance.py:2651} INFO - 0 downstream tasks scheduled from follow-on schedule check
[2023-06-11T11:15:46.314+0000] {taskinstance.py:1103} INFO - Dependencies all met for dep_context=non-requeueable deps ti=<TaskInstance: first_dag_02.second_task scheduled__2021-11-14T00:00:00+00:00 [queued]>
[2023-06-11T11:15:46.360+0000] {taskinstance.py:1103} INFO - Dependencies all met for dep_context=requeueable deps ti=<TaskInstance: first_dag_02.second_task scheduled__2021-11-14T00:00:00+00:00 [queued]>
[2023-06-11T11:15:46.360+0000] {taskinstance.py:1308} INFO - Starting attempt 1 of 6
[2023-06-11T11:15:46.758+0000] {taskinstance.py:1327} INFO - Executing <Task(BashOperator): second_task> on 2021-11-14 00:00:00+00:00
[2023-06-11T11:15:46.829+0000] {standard_task_runner.py:57} INFO - Started process 391 to run task
[2023-06-11T11:15:46.911+0000] {standard_task_runner.py:84} INFO - Running: ['***', 'tasks', 'run', 'first_dag_02', 'second_task', 'scheduled__2021-11-14T00:00:00+00:00', '--job-id', '579', '--raw', '--subdir', 'DAGS_FOLDER/First_dag.py', '--cfg-path', '/tmp/tmpeh0syzqf']
[2023-06-11T11:15:46.912+0000] {standard_task_runner.py:85} INFO - Job 579: Subtask second_task
[2023-06-11T11:15:47.340+0000] {task_command.py:410} INFO - Running <TaskInstance: first_dag_02.second_task scheduled__2021-11-14T00:00:00+00:00 [running]> on host 7586ce0070ac
[2023-06-11T11:15:49.436+0000] {taskinstance.py:1547} INFO - Exporting env vars: AIRFLOW_CTX_DAG_OWNER='Raja' AIRFLOW_CTX_DAG_ID='first_dag_02' AIRFLOW_CTX_TASK_ID='second_task' AIRFLOW_CTX_EXECUTION_DATE='2021-11-14T00:00:00+00:00' AIRFLOW_CTX_TRY_NUMBER='1' AIRFLOW_CTX_DAG_RUN_ID='scheduled__2021-11-14T00:00:00+00:00'
[2023-06-11T11:15:49.438+0000] {subprocess.py:63} INFO - Tmp dir root location: 
 /tmp
[2023-06-11T11:15:49.439+0000] {subprocess.py:75} INFO - Running command: ['/bin/bash', '-c', 'echo hey, I am task2 and will be running after task1!']
[2023-06-11T11:15:49.552+0000] {subprocess.py:86} INFO - Output:
[2023-06-11T11:15:49.621+0000] {subprocess.py:93} INFO - hey, I am task2 and will be running after task1!
[2023-06-11T11:15:49.651+0000] {subprocess.py:97} INFO - Command exited with return code 0
[2023-06-11T11:15:50.214+0000] {taskinstance.py:1350} INFO - Marking task as SUCCESS. dag_id=first_dag_02, task_id=second_task, execution_date=20211114T000000, start_date=20230611T111546, end_date=20230611T111550
[2023-06-11T11:15:50.604+0000] {local_task_job_runner.py:225} INFO - Task exited with return code 0
[2023-06-11T11:15:50.992+0000] {taskinstance.py:2651} INFO - 0 downstream tasks scheduled from follow-on schedule check
