[2023-06-10T16:29:26.114+0000] {taskinstance.py:1103} INFO - Dependencies all met for dep_context=non-requeueable deps ti=<TaskInstance: dag_pythonoperator.third_task scheduled__2023-06-07T00:00:00+00:00 [queued]>
[2023-06-10T16:29:27.268+0000] {taskinstance.py:1103} INFO - Dependencies all met for dep_context=requeueable deps ti=<TaskInstance: dag_pythonoperator.third_task scheduled__2023-06-07T00:00:00+00:00 [queued]>
[2023-06-10T16:29:27.269+0000] {taskinstance.py:1308} INFO - Starting attempt 1 of 6
[2023-06-10T16:29:28.575+0000] {taskinstance.py:1327} INFO - Executing <Task(PythonOperator): third_task> on 2023-06-07 00:00:00+00:00
[2023-06-10T16:29:28.823+0000] {standard_task_runner.py:84} INFO - Running: ['***', 'tasks', 'run', 'dag_pythonoperator', 'third_task', 'scheduled__2023-06-07T00:00:00+00:00', '--job-id', '1347', '--raw', '--subdir', 'DAGS_FOLDER/Pythonoperator_dag.py', '--cfg-path', '/tmp/tmpxz_78hlm']
[2023-06-10T16:29:28.825+0000] {standard_task_runner.py:85} INFO - Job 1347: Subtask third_task
[2023-06-10T16:29:28.884+0000] {standard_task_runner.py:57} INFO - Started process 4361 to run task
[2023-06-10T16:29:29.105+0000] {task_command.py:410} INFO - Running <TaskInstance: dag_pythonoperator.third_task scheduled__2023-06-07T00:00:00+00:00 [running]> on host e326d5f70fa9
[2023-06-10T16:29:33.586+0000] {taskinstance.py:1547} INFO - Exporting env vars: AIRFLOW_CTX_DAG_OWNER='Raja' AIRFLOW_CTX_DAG_ID='dag_pythonoperator' AIRFLOW_CTX_TASK_ID='third_task' AIRFLOW_CTX_EXECUTION_DATE='2023-06-07T00:00:00+00:00' AIRFLOW_CTX_TRY_NUMBER='1' AIRFLOW_CTX_DAG_RUN_ID='scheduled__2023-06-07T00:00:00+00:00'
[2023-06-10T16:29:34.248+0000] {python.py:183} INFO - Done. Returned value was: None
[2023-06-10T16:29:34.526+0000] {taskinstance.py:1350} INFO - Marking task as SUCCESS. dag_id=dag_pythonoperator, task_id=third_task, execution_date=20230607T000000, start_date=20230610T162926, end_date=20230610T162934
[2023-06-10T16:29:35.286+0000] {local_task_job_runner.py:225} INFO - Task exited with return code 0
[2023-06-10T16:29:36.182+0000] {taskinstance.py:2651} INFO - 0 downstream tasks scheduled from follow-on schedule check
[2023-06-11T04:44:25.043+0000] {taskinstance.py:1103} INFO - Dependencies all met for dep_context=non-requeueable deps ti=<TaskInstance: dag_pythonoperator.third_task scheduled__2023-06-07T00:00:00+00:00 [queued]>
[2023-06-11T04:44:25.643+0000] {taskinstance.py:1103} INFO - Dependencies all met for dep_context=requeueable deps ti=<TaskInstance: dag_pythonoperator.third_task scheduled__2023-06-07T00:00:00+00:00 [queued]>
[2023-06-11T04:44:25.775+0000] {taskinstance.py:1308} INFO - Starting attempt 1 of 6
[2023-06-11T04:44:26.392+0000] {taskinstance.py:1327} INFO - Executing <Task(PythonOperator): third_task> on 2023-06-07 00:00:00+00:00
[2023-06-11T04:44:26.483+0000] {standard_task_runner.py:57} INFO - Started process 184 to run task
[2023-06-11T04:44:26.594+0000] {standard_task_runner.py:84} INFO - Running: ['***', 'tasks', 'run', 'dag_pythonoperator', 'third_task', 'scheduled__2023-06-07T00:00:00+00:00', '--job-id', '39', '--raw', '--subdir', 'DAGS_FOLDER/python_operator_dag.py', '--cfg-path', '/tmp/tmpecuxi7_1']
[2023-06-11T04:44:26.602+0000] {standard_task_runner.py:85} INFO - Job 39: Subtask third_task
[2023-06-11T04:44:29.230+0000] {task_command.py:410} INFO - Running <TaskInstance: dag_pythonoperator.third_task scheduled__2023-06-07T00:00:00+00:00 [running]> on host 4b1b5d40d165
[2023-06-11T04:44:35.905+0000] {taskinstance.py:1547} INFO - Exporting env vars: AIRFLOW_CTX_DAG_OWNER='Raja' AIRFLOW_CTX_DAG_ID='dag_pythonoperator' AIRFLOW_CTX_TASK_ID='third_task' AIRFLOW_CTX_EXECUTION_DATE='2023-06-07T00:00:00+00:00' AIRFLOW_CTX_TRY_NUMBER='1' AIRFLOW_CTX_DAG_RUN_ID='scheduled__2023-06-07T00:00:00+00:00'
[2023-06-11T04:44:36.401+0000] {python.py:183} INFO - Done. Returned value was: None
[2023-06-11T04:44:36.606+0000] {taskinstance.py:1350} INFO - Marking task as SUCCESS. dag_id=dag_pythonoperator, task_id=third_task, execution_date=20230607T000000, start_date=20230611T044425, end_date=20230611T044436
[2023-06-11T04:44:37.638+0000] {local_task_job_runner.py:225} INFO - Task exited with return code 0
[2023-06-11T04:44:37.999+0000] {taskinstance.py:2651} INFO - 1 downstream tasks scheduled from follow-on schedule check
