[2023-06-11T04:46:44.647+0000] {taskinstance.py:1103} INFO - Dependencies all met for dep_context=non-requeueable deps ti=<TaskInstance: first_dag_02.first_task scheduled__2021-09-01T00:00:00+00:00 [queued]>
[2023-06-11T04:46:45.313+0000] {taskinstance.py:1103} INFO - Dependencies all met for dep_context=requeueable deps ti=<TaskInstance: first_dag_02.first_task scheduled__2021-09-01T00:00:00+00:00 [queued]>
[2023-06-11T04:46:45.314+0000] {taskinstance.py:1308} INFO - Starting attempt 1 of 6
[2023-06-11T04:46:46.315+0000] {taskinstance.py:1327} INFO - Executing <Task(BashOperator): first_task> on 2021-09-01 00:00:00+00:00
[2023-06-11T04:46:46.388+0000] {standard_task_runner.py:57} INFO - Started process 445 to run task
[2023-06-11T04:46:46.502+0000] {standard_task_runner.py:84} INFO - Running: ['***', 'tasks', 'run', 'first_dag_02', 'first_task', 'scheduled__2021-09-01T00:00:00+00:00', '--job-id', '126', '--raw', '--subdir', 'DAGS_FOLDER/First_dag.py', '--cfg-path', '/tmp/tmpgl_mdzaz']
[2023-06-11T04:46:46.507+0000] {standard_task_runner.py:85} INFO - Job 126: Subtask first_task
[2023-06-11T04:46:48.127+0000] {task_command.py:410} INFO - Running <TaskInstance: first_dag_02.first_task scheduled__2021-09-01T00:00:00+00:00 [running]> on host 4b1b5d40d165
[2023-06-11T04:46:53.144+0000] {taskinstance.py:1547} INFO - Exporting env vars: AIRFLOW_CTX_DAG_OWNER='Raja' AIRFLOW_CTX_DAG_ID='first_dag_02' AIRFLOW_CTX_TASK_ID='first_task' AIRFLOW_CTX_EXECUTION_DATE='2021-09-01T00:00:00+00:00' AIRFLOW_CTX_TRY_NUMBER='1' AIRFLOW_CTX_DAG_RUN_ID='scheduled__2021-09-01T00:00:00+00:00'
[2023-06-11T04:46:53.179+0000] {subprocess.py:63} INFO - Tmp dir root location: 
 /tmp
[2023-06-11T04:46:53.180+0000] {subprocess.py:75} INFO - Running command: ['/bin/bash', '-c', 'echo hello world, this is the first task!']
[2023-06-11T04:46:53.475+0000] {subprocess.py:86} INFO - Output:
[2023-06-11T04:46:53.484+0000] {subprocess.py:93} INFO - hello world, this is the first task!
[2023-06-11T04:46:53.533+0000] {subprocess.py:97} INFO - Command exited with return code 0
[2023-06-11T04:46:54.614+0000] {taskinstance.py:1350} INFO - Marking task as SUCCESS. dag_id=first_dag_02, task_id=first_task, execution_date=20210901T000000, start_date=20230611T044644, end_date=20230611T044654
[2023-06-11T04:46:56.545+0000] {local_task_job_runner.py:225} INFO - Task exited with return code 0
[2023-06-11T04:46:57.536+0000] {taskinstance.py:2651} INFO - 2 downstream tasks scheduled from follow-on schedule check
[2023-06-11T05:17:18.375+0000] {taskinstance.py:1103} INFO - Dependencies all met for dep_context=non-requeueable deps ti=<TaskInstance: first_dag_02.first_task scheduled__2021-09-01T00:00:00+00:00 [queued]>
[2023-06-11T05:17:18.701+0000] {taskinstance.py:1103} INFO - Dependencies all met for dep_context=requeueable deps ti=<TaskInstance: first_dag_02.first_task scheduled__2021-09-01T00:00:00+00:00 [queued]>
[2023-06-11T05:17:18.701+0000] {taskinstance.py:1308} INFO - Starting attempt 1 of 6
[2023-06-11T05:17:19.894+0000] {taskinstance.py:1327} INFO - Executing <Task(BashOperator): first_task> on 2021-09-01 00:00:00+00:00
[2023-06-11T05:17:20.085+0000] {standard_task_runner.py:57} INFO - Started process 478 to run task
[2023-06-11T05:17:20.285+0000] {standard_task_runner.py:84} INFO - Running: ['***', 'tasks', 'run', 'first_dag_02', 'first_task', 'scheduled__2021-09-01T00:00:00+00:00', '--job-id', '124', '--raw', '--subdir', 'DAGS_FOLDER/First_dag.py', '--cfg-path', '/tmp/tmpe4769myz']
[2023-06-11T05:17:20.298+0000] {standard_task_runner.py:85} INFO - Job 124: Subtask first_task
[2023-06-11T05:17:21.545+0000] {task_command.py:410} INFO - Running <TaskInstance: first_dag_02.first_task scheduled__2021-09-01T00:00:00+00:00 [running]> on host 69e374580eab
[2023-06-11T05:17:25.281+0000] {taskinstance.py:1547} INFO - Exporting env vars: AIRFLOW_CTX_DAG_OWNER='Raja' AIRFLOW_CTX_DAG_ID='first_dag_02' AIRFLOW_CTX_TASK_ID='first_task' AIRFLOW_CTX_EXECUTION_DATE='2021-09-01T00:00:00+00:00' AIRFLOW_CTX_TRY_NUMBER='1' AIRFLOW_CTX_DAG_RUN_ID='scheduled__2021-09-01T00:00:00+00:00'
[2023-06-11T05:17:25.312+0000] {subprocess.py:63} INFO - Tmp dir root location: 
 /tmp
[2023-06-11T05:17:25.327+0000] {subprocess.py:75} INFO - Running command: ['/bin/bash', '-c', 'echo hello world, this is the first task!']
[2023-06-11T05:17:25.690+0000] {subprocess.py:86} INFO - Output:
[2023-06-11T05:17:25.702+0000] {subprocess.py:93} INFO - hello world, this is the first task!
[2023-06-11T05:17:25.710+0000] {subprocess.py:97} INFO - Command exited with return code 0
[2023-06-11T05:17:26.957+0000] {taskinstance.py:1350} INFO - Marking task as SUCCESS. dag_id=first_dag_02, task_id=first_task, execution_date=20210901T000000, start_date=20230611T051718, end_date=20230611T051726
[2023-06-11T05:17:27.280+0000] {local_task_job_runner.py:225} INFO - Task exited with return code 0
[2023-06-11T05:17:28.731+0000] {taskinstance.py:2651} INFO - 2 downstream tasks scheduled from follow-on schedule check
[2023-06-11T08:21:31.032+0000] {taskinstance.py:1103} INFO - Dependencies all met for dep_context=non-requeueable deps ti=<TaskInstance: first_dag_02.first_task scheduled__2021-09-01T00:00:00+00:00 [queued]>
[2023-06-11T08:21:32.495+0000] {taskinstance.py:1103} INFO - Dependencies all met for dep_context=requeueable deps ti=<TaskInstance: first_dag_02.first_task scheduled__2021-09-01T00:00:00+00:00 [queued]>
[2023-06-11T08:21:32.550+0000] {taskinstance.py:1308} INFO - Starting attempt 1 of 6
[2023-06-11T08:21:34.301+0000] {taskinstance.py:1327} INFO - Executing <Task(BashOperator): first_task> on 2021-09-01 00:00:00+00:00
[2023-06-11T08:21:34.315+0000] {standard_task_runner.py:57} INFO - Started process 700 to run task
[2023-06-11T08:21:34.342+0000] {standard_task_runner.py:84} INFO - Running: ['***', 'tasks', 'run', 'first_dag_02', 'first_task', 'scheduled__2021-09-01T00:00:00+00:00', '--job-id', '226', '--raw', '--subdir', 'DAGS_FOLDER/First_dag.py', '--cfg-path', '/tmp/tmpwxu66z27']
[2023-06-11T08:21:34.345+0000] {standard_task_runner.py:85} INFO - Job 226: Subtask first_task
[2023-06-11T08:21:35.793+0000] {task_command.py:410} INFO - Running <TaskInstance: first_dag_02.first_task scheduled__2021-09-01T00:00:00+00:00 [running]> on host 492037cdd057
[2023-06-11T08:21:40.498+0000] {taskinstance.py:1547} INFO - Exporting env vars: AIRFLOW_CTX_DAG_OWNER='Raja' AIRFLOW_CTX_DAG_ID='first_dag_02' AIRFLOW_CTX_TASK_ID='first_task' AIRFLOW_CTX_EXECUTION_DATE='2021-09-01T00:00:00+00:00' AIRFLOW_CTX_TRY_NUMBER='1' AIRFLOW_CTX_DAG_RUN_ID='scheduled__2021-09-01T00:00:00+00:00'
[2023-06-11T08:21:40.499+0000] {subprocess.py:63} INFO - Tmp dir root location: 
 /tmp
[2023-06-11T08:21:40.510+0000] {subprocess.py:75} INFO - Running command: ['/bin/bash', '-c', 'echo hello world, this is the first task!']
[2023-06-11T08:21:40.558+0000] {subprocess.py:86} INFO - Output:
[2023-06-11T08:21:40.562+0000] {subprocess.py:93} INFO - hello world, this is the first task!
[2023-06-11T08:21:40.563+0000] {subprocess.py:97} INFO - Command exited with return code 0
[2023-06-11T08:21:41.229+0000] {taskinstance.py:1350} INFO - Marking task as SUCCESS. dag_id=first_dag_02, task_id=first_task, execution_date=20210901T000000, start_date=20230611T082131, end_date=20230611T082141
[2023-06-11T08:21:41.909+0000] {local_task_job_runner.py:225} INFO - Task exited with return code 0
[2023-06-11T08:21:43.581+0000] {taskinstance.py:2651} INFO - 2 downstream tasks scheduled from follow-on schedule check
[2023-06-11T08:49:03.157+0000] {taskinstance.py:1103} INFO - Dependencies all met for dep_context=non-requeueable deps ti=<TaskInstance: first_dag_02.first_task scheduled__2021-09-01T00:00:00+00:00 [queued]>
[2023-06-11T08:49:03.458+0000] {taskinstance.py:1103} INFO - Dependencies all met for dep_context=requeueable deps ti=<TaskInstance: first_dag_02.first_task scheduled__2021-09-01T00:00:00+00:00 [queued]>
[2023-06-11T08:49:03.484+0000] {taskinstance.py:1308} INFO - Starting attempt 1 of 6
[2023-06-11T08:49:03.947+0000] {taskinstance.py:1327} INFO - Executing <Task(BashOperator): first_task> on 2021-09-01 00:00:00+00:00
[2023-06-11T08:49:04.016+0000] {standard_task_runner.py:57} INFO - Started process 578 to run task
[2023-06-11T08:49:04.024+0000] {standard_task_runner.py:84} INFO - Running: ['***', 'tasks', 'run', 'first_dag_02', 'first_task', 'scheduled__2021-09-01T00:00:00+00:00', '--job-id', '174', '--raw', '--subdir', 'DAGS_FOLDER/First_dag.py', '--cfg-path', '/tmp/tmpfyg7fth2']
[2023-06-11T08:49:04.072+0000] {standard_task_runner.py:85} INFO - Job 174: Subtask first_task
[2023-06-11T08:49:04.506+0000] {task_command.py:410} INFO - Running <TaskInstance: first_dag_02.first_task scheduled__2021-09-01T00:00:00+00:00 [running]> on host 964e508aad03
[2023-06-11T08:49:06.507+0000] {taskinstance.py:1547} INFO - Exporting env vars: AIRFLOW_CTX_DAG_OWNER='Raja' AIRFLOW_CTX_DAG_ID='first_dag_02' AIRFLOW_CTX_TASK_ID='first_task' AIRFLOW_CTX_EXECUTION_DATE='2021-09-01T00:00:00+00:00' AIRFLOW_CTX_TRY_NUMBER='1' AIRFLOW_CTX_DAG_RUN_ID='scheduled__2021-09-01T00:00:00+00:00'
[2023-06-11T08:49:06.509+0000] {subprocess.py:63} INFO - Tmp dir root location: 
 /tmp
[2023-06-11T08:49:06.510+0000] {subprocess.py:75} INFO - Running command: ['/bin/bash', '-c', 'echo hello world, this is the first task!']
[2023-06-11T08:49:06.634+0000] {subprocess.py:86} INFO - Output:
[2023-06-11T08:49:06.669+0000] {subprocess.py:93} INFO - hello world, this is the first task!
[2023-06-11T08:49:06.670+0000] {subprocess.py:97} INFO - Command exited with return code 0
[2023-06-11T08:49:06.843+0000] {taskinstance.py:1350} INFO - Marking task as SUCCESS. dag_id=first_dag_02, task_id=first_task, execution_date=20210901T000000, start_date=20230611T084903, end_date=20230611T084906
[2023-06-11T08:49:06.969+0000] {local_task_job_runner.py:225} INFO - Task exited with return code 0
[2023-06-11T08:49:07.487+0000] {taskinstance.py:2651} INFO - 2 downstream tasks scheduled from follow-on schedule check
[2023-06-11T10:41:37.960+0000] {taskinstance.py:1103} INFO - Dependencies all met for dep_context=non-requeueable deps ti=<TaskInstance: first_dag_02.first_task scheduled__2021-09-01T00:00:00+00:00 [queued]>
[2023-06-11T10:41:39.981+0000] {taskinstance.py:1103} INFO - Dependencies all met for dep_context=requeueable deps ti=<TaskInstance: first_dag_02.first_task scheduled__2021-09-01T00:00:00+00:00 [queued]>
[2023-06-11T10:41:40.129+0000] {taskinstance.py:1308} INFO - Starting attempt 1 of 6
[2023-06-11T10:41:44.634+0000] {taskinstance.py:1327} INFO - Executing <Task(BashOperator): first_task> on 2021-09-01 00:00:00+00:00
[2023-06-11T10:41:45.459+0000] {standard_task_runner.py:57} INFO - Started process 631 to run task
[2023-06-11T10:41:45.905+0000] {standard_task_runner.py:84} INFO - Running: ['***', 'tasks', 'run', 'first_dag_02', 'first_task', 'scheduled__2021-09-01T00:00:00+00:00', '--job-id', '173', '--raw', '--subdir', 'DAGS_FOLDER/First_dag.py', '--cfg-path', '/tmp/tmp289kbq3n']
[2023-06-11T10:41:45.976+0000] {standard_task_runner.py:85} INFO - Job 173: Subtask first_task
[2023-06-11T10:41:49.583+0000] {task_command.py:410} INFO - Running <TaskInstance: first_dag_02.first_task scheduled__2021-09-01T00:00:00+00:00 [running]> on host 7586ce0070ac
[2023-06-11T10:41:55.095+0000] {taskinstance.py:1547} INFO - Exporting env vars: AIRFLOW_CTX_DAG_OWNER='Raja' AIRFLOW_CTX_DAG_ID='first_dag_02' AIRFLOW_CTX_TASK_ID='first_task' AIRFLOW_CTX_EXECUTION_DATE='2021-09-01T00:00:00+00:00' AIRFLOW_CTX_TRY_NUMBER='1' AIRFLOW_CTX_DAG_RUN_ID='scheduled__2021-09-01T00:00:00+00:00'
[2023-06-11T10:41:55.112+0000] {subprocess.py:63} INFO - Tmp dir root location: 
 /tmp
[2023-06-11T10:41:55.115+0000] {subprocess.py:75} INFO - Running command: ['/bin/bash', '-c', 'echo hello world, this is the first task!']
[2023-06-11T10:41:55.717+0000] {subprocess.py:86} INFO - Output:
[2023-06-11T10:41:55.872+0000] {subprocess.py:93} INFO - hello world, this is the first task!
[2023-06-11T10:41:55.875+0000] {subprocess.py:97} INFO - Command exited with return code 0
[2023-06-11T10:41:57.302+0000] {taskinstance.py:1350} INFO - Marking task as SUCCESS. dag_id=first_dag_02, task_id=first_task, execution_date=20210901T000000, start_date=20230611T104138, end_date=20230611T104157
[2023-06-11T10:41:58.897+0000] {local_task_job_runner.py:225} INFO - Task exited with return code 0
[2023-06-11T10:41:59.014+0000] {taskinstance.py:2651} INFO - 2 downstream tasks scheduled from follow-on schedule check
