[2023-06-11T08:56:44.597+0000] {taskinstance.py:1103} INFO - Dependencies all met for dep_context=non-requeueable deps ti=<TaskInstance: first_dag_02.second_task scheduled__2021-12-23T00:00:00+00:00 [queued]>
[2023-06-11T08:56:44.766+0000] {taskinstance.py:1103} INFO - Dependencies all met for dep_context=requeueable deps ti=<TaskInstance: first_dag_02.second_task scheduled__2021-12-23T00:00:00+00:00 [queued]>
[2023-06-11T08:56:44.769+0000] {taskinstance.py:1308} INFO - Starting attempt 1 of 6
[2023-06-11T08:56:45.365+0000] {taskinstance.py:1327} INFO - Executing <Task(BashOperator): second_task> on 2021-12-23 00:00:00+00:00
[2023-06-11T08:56:45.469+0000] {standard_task_runner.py:57} INFO - Started process 2321 to run task
[2023-06-11T08:56:45.548+0000] {standard_task_runner.py:84} INFO - Running: ['***', 'tasks', 'run', 'first_dag_02', 'second_task', 'scheduled__2021-12-23T00:00:00+00:00', '--job-id', '723', '--raw', '--subdir', 'DAGS_FOLDER/First_dag.py', '--cfg-path', '/tmp/tmpb9piiabc']
[2023-06-11T08:56:45.563+0000] {standard_task_runner.py:85} INFO - Job 723: Subtask second_task
[2023-06-11T08:56:46.250+0000] {task_command.py:410} INFO - Running <TaskInstance: first_dag_02.second_task scheduled__2021-12-23T00:00:00+00:00 [running]> on host 964e508aad03
[2023-06-11T08:56:48.171+0000] {taskinstance.py:1547} INFO - Exporting env vars: AIRFLOW_CTX_DAG_OWNER='Raja' AIRFLOW_CTX_DAG_ID='first_dag_02' AIRFLOW_CTX_TASK_ID='second_task' AIRFLOW_CTX_EXECUTION_DATE='2021-12-23T00:00:00+00:00' AIRFLOW_CTX_TRY_NUMBER='1' AIRFLOW_CTX_DAG_RUN_ID='scheduled__2021-12-23T00:00:00+00:00'
[2023-06-11T08:56:48.190+0000] {subprocess.py:63} INFO - Tmp dir root location: 
 /tmp
[2023-06-11T08:56:48.190+0000] {subprocess.py:75} INFO - Running command: ['/bin/bash', '-c', 'echo hey, I am task2 and will be running after task1!']
[2023-06-11T08:56:48.366+0000] {subprocess.py:86} INFO - Output:
[2023-06-11T08:56:48.371+0000] {subprocess.py:93} INFO - hey, I am task2 and will be running after task1!
[2023-06-11T08:56:48.408+0000] {subprocess.py:97} INFO - Command exited with return code 0
[2023-06-11T08:56:48.646+0000] {taskinstance.py:1350} INFO - Marking task as SUCCESS. dag_id=first_dag_02, task_id=second_task, execution_date=20211223T000000, start_date=20230611T085644, end_date=20230611T085648
[2023-06-11T08:56:48.859+0000] {local_task_job_runner.py:225} INFO - Task exited with return code 0
[2023-06-11T08:56:49.207+0000] {taskinstance.py:2651} INFO - 0 downstream tasks scheduled from follow-on schedule check
[2023-06-11T11:22:05.476+0000] {taskinstance.py:1103} INFO - Dependencies all met for dep_context=non-requeueable deps ti=<TaskInstance: first_dag_02.second_task scheduled__2021-12-23T00:00:00+00:00 [queued]>
[2023-06-11T11:22:05.883+0000] {taskinstance.py:1103} INFO - Dependencies all met for dep_context=requeueable deps ti=<TaskInstance: first_dag_02.second_task scheduled__2021-12-23T00:00:00+00:00 [queued]>
[2023-06-11T11:22:05.884+0000] {taskinstance.py:1308} INFO - Starting attempt 1 of 6
[2023-06-11T11:22:07.201+0000] {taskinstance.py:1327} INFO - Executing <Task(BashOperator): second_task> on 2021-12-23 00:00:00+00:00
[2023-06-11T11:22:07.400+0000] {standard_task_runner.py:57} INFO - Started process 1075 to run task
[2023-06-11T11:22:07.477+0000] {standard_task_runner.py:84} INFO - Running: ['***', 'tasks', 'run', 'first_dag_02', 'second_task', 'scheduled__2021-12-23T00:00:00+00:00', '--job-id', '778', '--raw', '--subdir', 'DAGS_FOLDER/First_dag.py', '--cfg-path', '/tmp/tmp_qk0q2ki']
[2023-06-11T11:22:07.607+0000] {standard_task_runner.py:85} INFO - Job 778: Subtask second_task
[2023-06-11T11:22:08.680+0000] {task_command.py:410} INFO - Running <TaskInstance: first_dag_02.second_task scheduled__2021-12-23T00:00:00+00:00 [running]> on host 7586ce0070ac
[2023-06-11T11:22:11.187+0000] {taskinstance.py:1547} INFO - Exporting env vars: AIRFLOW_CTX_DAG_OWNER='Raja' AIRFLOW_CTX_DAG_ID='first_dag_02' AIRFLOW_CTX_TASK_ID='second_task' AIRFLOW_CTX_EXECUTION_DATE='2021-12-23T00:00:00+00:00' AIRFLOW_CTX_TRY_NUMBER='1' AIRFLOW_CTX_DAG_RUN_ID='scheduled__2021-12-23T00:00:00+00:00'
[2023-06-11T11:22:11.246+0000] {subprocess.py:63} INFO - Tmp dir root location: 
 /tmp
[2023-06-11T11:22:11.247+0000] {subprocess.py:75} INFO - Running command: ['/bin/bash', '-c', 'echo hey, I am task2 and will be running after task1!']
[2023-06-11T11:22:11.655+0000] {subprocess.py:86} INFO - Output:
[2023-06-11T11:22:11.656+0000] {subprocess.py:93} INFO - hey, I am task2 and will be running after task1!
[2023-06-11T11:22:11.657+0000] {subprocess.py:97} INFO - Command exited with return code 0
[2023-06-11T11:22:12.186+0000] {taskinstance.py:1350} INFO - Marking task as SUCCESS. dag_id=first_dag_02, task_id=second_task, execution_date=20211223T000000, start_date=20230611T112205, end_date=20230611T112212
[2023-06-11T11:22:12.285+0000] {local_task_job_runner.py:225} INFO - Task exited with return code 0
[2023-06-11T11:22:12.526+0000] {taskinstance.py:2651} INFO - 0 downstream tasks scheduled from follow-on schedule check
