[2023-06-11T08:56:18.993+0000] {taskinstance.py:1103} INFO - Dependencies all met for dep_context=non-requeueable deps ti=<TaskInstance: first_dag_02.thrid_task scheduled__2021-12-12T00:00:00+00:00 [queued]>
[2023-06-11T08:56:19.171+0000] {taskinstance.py:1103} INFO - Dependencies all met for dep_context=requeueable deps ti=<TaskInstance: first_dag_02.thrid_task scheduled__2021-12-12T00:00:00+00:00 [queued]>
[2023-06-11T08:56:19.176+0000] {taskinstance.py:1308} INFO - Starting attempt 1 of 6
[2023-06-11T08:56:19.352+0000] {taskinstance.py:1327} INFO - Executing <Task(BashOperator): thrid_task> on 2021-12-12 00:00:00+00:00
[2023-06-11T08:56:19.373+0000] {standard_task_runner.py:57} INFO - Started process 2233 to run task
[2023-06-11T08:56:19.391+0000] {standard_task_runner.py:84} INFO - Running: ['***', 'tasks', 'run', 'first_dag_02', 'thrid_task', 'scheduled__2021-12-12T00:00:00+00:00', '--job-id', '693', '--raw', '--subdir', 'DAGS_FOLDER/First_dag.py', '--cfg-path', '/tmp/tmpx_51ehws']
[2023-06-11T08:56:19.394+0000] {standard_task_runner.py:85} INFO - Job 693: Subtask thrid_task
[2023-06-11T08:56:19.838+0000] {task_command.py:410} INFO - Running <TaskInstance: first_dag_02.thrid_task scheduled__2021-12-12T00:00:00+00:00 [running]> on host 964e508aad03
[2023-06-11T08:56:22.743+0000] {taskinstance.py:1547} INFO - Exporting env vars: AIRFLOW_CTX_DAG_OWNER='Raja' AIRFLOW_CTX_DAG_ID='first_dag_02' AIRFLOW_CTX_TASK_ID='thrid_task' AIRFLOW_CTX_EXECUTION_DATE='2021-12-12T00:00:00+00:00' AIRFLOW_CTX_TRY_NUMBER='1' AIRFLOW_CTX_DAG_RUN_ID='scheduled__2021-12-12T00:00:00+00:00'
[2023-06-11T08:56:22.758+0000] {subprocess.py:63} INFO - Tmp dir root location: 
 /tmp
[2023-06-11T08:56:22.793+0000] {subprocess.py:75} INFO - Running command: ['/bin/bash', '-c', 'echo hey, I am task3 and will be running after task1 at the same time as task2!']
[2023-06-11T08:56:22.961+0000] {subprocess.py:86} INFO - Output:
[2023-06-11T08:56:22.980+0000] {subprocess.py:93} INFO - hey, I am task3 and will be running after task1 at the same time as task2!
[2023-06-11T08:56:22.984+0000] {subprocess.py:97} INFO - Command exited with return code 0
[2023-06-11T08:56:23.398+0000] {taskinstance.py:1350} INFO - Marking task as SUCCESS. dag_id=first_dag_02, task_id=thrid_task, execution_date=20211212T000000, start_date=20230611T085619, end_date=20230611T085623
[2023-06-11T08:56:23.751+0000] {local_task_job_runner.py:225} INFO - Task exited with return code 0
[2023-06-11T08:56:24.256+0000] {taskinstance.py:2651} INFO - 0 downstream tasks scheduled from follow-on schedule check
[2023-06-11T11:20:08.709+0000] {taskinstance.py:1103} INFO - Dependencies all met for dep_context=non-requeueable deps ti=<TaskInstance: first_dag_02.thrid_task scheduled__2021-12-12T00:00:00+00:00 [queued]>
[2023-06-11T11:20:09.186+0000] {taskinstance.py:1103} INFO - Dependencies all met for dep_context=requeueable deps ti=<TaskInstance: first_dag_02.thrid_task scheduled__2021-12-12T00:00:00+00:00 [queued]>
[2023-06-11T11:20:09.193+0000] {taskinstance.py:1308} INFO - Starting attempt 1 of 6
[2023-06-11T11:20:10.551+0000] {taskinstance.py:1327} INFO - Executing <Task(BashOperator): thrid_task> on 2021-12-12 00:00:00+00:00
[2023-06-11T11:20:10.950+0000] {standard_task_runner.py:57} INFO - Started process 879 to run task
[2023-06-11T11:20:11.223+0000] {standard_task_runner.py:84} INFO - Running: ['***', 'tasks', 'run', 'first_dag_02', 'thrid_task', 'scheduled__2021-12-12T00:00:00+00:00', '--job-id', '718', '--raw', '--subdir', 'DAGS_FOLDER/First_dag.py', '--cfg-path', '/tmp/tmp8kwumwpo']
[2023-06-11T11:20:11.225+0000] {standard_task_runner.py:85} INFO - Job 718: Subtask thrid_task
[2023-06-11T11:20:13.375+0000] {task_command.py:410} INFO - Running <TaskInstance: first_dag_02.thrid_task scheduled__2021-12-12T00:00:00+00:00 [running]> on host 7586ce0070ac
[2023-06-11T11:20:21.599+0000] {taskinstance.py:1547} INFO - Exporting env vars: AIRFLOW_CTX_DAG_OWNER='Raja' AIRFLOW_CTX_DAG_ID='first_dag_02' AIRFLOW_CTX_TASK_ID='thrid_task' AIRFLOW_CTX_EXECUTION_DATE='2021-12-12T00:00:00+00:00' AIRFLOW_CTX_TRY_NUMBER='1' AIRFLOW_CTX_DAG_RUN_ID='scheduled__2021-12-12T00:00:00+00:00'
[2023-06-11T11:20:21.765+0000] {subprocess.py:63} INFO - Tmp dir root location: 
 /tmp
[2023-06-11T11:20:21.767+0000] {subprocess.py:75} INFO - Running command: ['/bin/bash', '-c', 'echo hey, I am task3 and will be running after task1 at the same time as task2!']
[2023-06-11T11:20:22.439+0000] {subprocess.py:86} INFO - Output:
[2023-06-11T11:20:22.445+0000] {subprocess.py:93} INFO - hey, I am task3 and will be running after task1 at the same time as task2!
[2023-06-11T11:20:22.446+0000] {subprocess.py:97} INFO - Command exited with return code 0
[2023-06-11T11:20:24.869+0000] {taskinstance.py:1350} INFO - Marking task as SUCCESS. dag_id=first_dag_02, task_id=thrid_task, execution_date=20211212T000000, start_date=20230611T112008, end_date=20230611T112024
[2023-06-11T11:20:26.438+0000] {local_task_job_runner.py:225} INFO - Task exited with return code 0
[2023-06-11T11:20:28.308+0000] {taskinstance.py:2651} INFO - 0 downstream tasks scheduled from follow-on schedule check
