[2023-06-11T09:46:15.675+0000] {taskinstance.py:1103} INFO - Dependencies all met for dep_context=non-requeueable deps ti=<TaskInstance: first_dag_02.first_task scheduled__2022-06-10T00:00:00+00:00 [queued]>
[2023-06-11T09:46:15.841+0000] {taskinstance.py:1103} INFO - Dependencies all met for dep_context=requeueable deps ti=<TaskInstance: first_dag_02.first_task scheduled__2022-06-10T00:00:00+00:00 [queued]>
[2023-06-11T09:46:15.841+0000] {taskinstance.py:1308} INFO - Starting attempt 1 of 6
[2023-06-11T09:46:16.456+0000] {taskinstance.py:1327} INFO - Executing <Task(BashOperator): first_task> on 2022-06-10 00:00:00+00:00
[2023-06-11T09:46:16.561+0000] {standard_task_runner.py:57} INFO - Started process 4859 to run task
[2023-06-11T09:46:16.575+0000] {standard_task_runner.py:84} INFO - Running: ['***', 'tasks', 'run', 'first_dag_02', 'first_task', 'scheduled__2022-06-10T00:00:00+00:00', '--job-id', '1489', '--raw', '--subdir', 'DAGS_FOLDER/First_dag.py', '--cfg-path', '/tmp/tmp09504t63']
[2023-06-11T09:46:16.644+0000] {standard_task_runner.py:85} INFO - Job 1489: Subtask first_task
[2023-06-11T09:46:17.344+0000] {task_command.py:410} INFO - Running <TaskInstance: first_dag_02.first_task scheduled__2022-06-10T00:00:00+00:00 [running]> on host 964e508aad03
[2023-06-11T09:46:19.346+0000] {taskinstance.py:1547} INFO - Exporting env vars: AIRFLOW_CTX_DAG_OWNER='Raja' AIRFLOW_CTX_DAG_ID='first_dag_02' AIRFLOW_CTX_TASK_ID='first_task' AIRFLOW_CTX_EXECUTION_DATE='2022-06-10T00:00:00+00:00' AIRFLOW_CTX_TRY_NUMBER='1' AIRFLOW_CTX_DAG_RUN_ID='scheduled__2022-06-10T00:00:00+00:00'
[2023-06-11T09:46:19.366+0000] {subprocess.py:63} INFO - Tmp dir root location: 
 /tmp
[2023-06-11T09:46:19.367+0000] {subprocess.py:75} INFO - Running command: ['/bin/bash', '-c', 'echo hello world, this is the first task!']
[2023-06-11T09:46:19.533+0000] {subprocess.py:86} INFO - Output:
[2023-06-11T09:46:19.569+0000] {subprocess.py:93} INFO - hello world, this is the first task!
[2023-06-11T09:46:19.570+0000] {subprocess.py:97} INFO - Command exited with return code 0
[2023-06-11T09:46:20.104+0000] {taskinstance.py:1350} INFO - Marking task as SUCCESS. dag_id=first_dag_02, task_id=first_task, execution_date=20220610T000000, start_date=20230611T094615, end_date=20230611T094620
[2023-06-11T09:46:20.759+0000] {local_task_job_runner.py:225} INFO - Task exited with return code 0
[2023-06-11T09:46:21.764+0000] {taskinstance.py:2651} INFO - 2 downstream tasks scheduled from follow-on schedule check
[2023-06-11T15:33:15.314+0000] {taskinstance.py:1103} INFO - Dependencies all met for dep_context=non-requeueable deps ti=<TaskInstance: first_dag_02.first_task scheduled__2022-06-10T00:00:00+00:00 [queued]>
[2023-06-11T15:33:15.363+0000] {taskinstance.py:1103} INFO - Dependencies all met for dep_context=requeueable deps ti=<TaskInstance: first_dag_02.first_task scheduled__2022-06-10T00:00:00+00:00 [queued]>
[2023-06-11T15:33:15.363+0000] {taskinstance.py:1308} INFO - Starting attempt 1 of 6
[2023-06-11T15:33:15.636+0000] {taskinstance.py:1327} INFO - Executing <Task(BashOperator): first_task> on 2022-06-10 00:00:00+00:00
[2023-06-11T15:33:15.700+0000] {standard_task_runner.py:57} INFO - Started process 1463 to run task
[2023-06-11T15:33:15.707+0000] {standard_task_runner.py:84} INFO - Running: ['***', 'tasks', 'run', 'first_dag_02', 'first_task', 'scheduled__2022-06-10T00:00:00+00:00', '--job-id', '1534', '--raw', '--subdir', 'DAGS_FOLDER/First_dag.py', '--cfg-path', '/tmp/tmpwkq54f9m']
[2023-06-11T15:33:15.731+0000] {standard_task_runner.py:85} INFO - Job 1534: Subtask first_task
[2023-06-11T15:33:16.134+0000] {task_command.py:410} INFO - Running <TaskInstance: first_dag_02.first_task scheduled__2022-06-10T00:00:00+00:00 [running]> on host 7586ce0070ac
[2023-06-11T15:33:18.192+0000] {taskinstance.py:1547} INFO - Exporting env vars: AIRFLOW_CTX_DAG_OWNER='Raja' AIRFLOW_CTX_DAG_ID='first_dag_02' AIRFLOW_CTX_TASK_ID='first_task' AIRFLOW_CTX_EXECUTION_DATE='2022-06-10T00:00:00+00:00' AIRFLOW_CTX_TRY_NUMBER='1' AIRFLOW_CTX_DAG_RUN_ID='scheduled__2022-06-10T00:00:00+00:00'
[2023-06-11T15:33:18.205+0000] {subprocess.py:63} INFO - Tmp dir root location: 
 /tmp
[2023-06-11T15:33:18.228+0000] {subprocess.py:75} INFO - Running command: ['/bin/bash', '-c', 'echo hello world, this is the first task!']
[2023-06-11T15:33:18.396+0000] {subprocess.py:86} INFO - Output:
[2023-06-11T15:33:18.405+0000] {subprocess.py:93} INFO - hello world, this is the first task!
[2023-06-11T15:33:18.406+0000] {subprocess.py:97} INFO - Command exited with return code 0
[2023-06-11T15:33:18.872+0000] {taskinstance.py:1350} INFO - Marking task as SUCCESS. dag_id=first_dag_02, task_id=first_task, execution_date=20220610T000000, start_date=20230611T153315, end_date=20230611T153318
[2023-06-11T15:33:19.100+0000] {local_task_job_runner.py:225} INFO - Task exited with return code 0
[2023-06-11T15:33:19.673+0000] {taskinstance.py:2651} INFO - 2 downstream tasks scheduled from follow-on schedule check
