[2023-06-11T04:50:43.187+0000] {taskinstance.py:1103} INFO - Dependencies all met for dep_context=non-requeueable deps ti=<TaskInstance: first_dag_02.thrid_task scheduled__2021-09-25T00:00:00+00:00 [queued]>
[2023-06-11T04:50:43.874+0000] {taskinstance.py:1103} INFO - Dependencies all met for dep_context=requeueable deps ti=<TaskInstance: first_dag_02.thrid_task scheduled__2021-09-25T00:00:00+00:00 [queued]>
[2023-06-11T04:50:43.875+0000] {taskinstance.py:1308} INFO - Starting attempt 1 of 6
[2023-06-11T04:50:44.152+0000] {taskinstance.py:1327} INFO - Executing <Task(BashOperator): thrid_task> on 2021-09-25 00:00:00+00:00
[2023-06-11T04:50:44.176+0000] {standard_task_runner.py:57} INFO - Started process 821 to run task
[2023-06-11T04:50:44.675+0000] {standard_task_runner.py:84} INFO - Running: ['***', 'tasks', 'run', 'first_dag_02', 'thrid_task', 'scheduled__2021-09-25T00:00:00+00:00', '--job-id', '240', '--raw', '--subdir', 'DAGS_FOLDER/First_dag.py', '--cfg-path', '/tmp/tmpat0k68mf']
[2023-06-11T04:50:44.682+0000] {standard_task_runner.py:85} INFO - Job 240: Subtask thrid_task
[2023-06-11T04:50:48.940+0000] {task_command.py:410} INFO - Running <TaskInstance: first_dag_02.thrid_task scheduled__2021-09-25T00:00:00+00:00 [running]> on host 4b1b5d40d165
[2023-06-11T04:50:54.772+0000] {taskinstance.py:1547} INFO - Exporting env vars: AIRFLOW_CTX_DAG_OWNER='Raja' AIRFLOW_CTX_DAG_ID='first_dag_02' AIRFLOW_CTX_TASK_ID='thrid_task' AIRFLOW_CTX_EXECUTION_DATE='2021-09-25T00:00:00+00:00' AIRFLOW_CTX_TRY_NUMBER='1' AIRFLOW_CTX_DAG_RUN_ID='scheduled__2021-09-25T00:00:00+00:00'
[2023-06-11T04:50:54.785+0000] {subprocess.py:63} INFO - Tmp dir root location: 
 /tmp
[2023-06-11T04:50:54.795+0000] {subprocess.py:75} INFO - Running command: ['/bin/bash', '-c', 'echo hey, I am task3 and will be running after task1 at the same time as task2!']
[2023-06-11T04:50:55.185+0000] {subprocess.py:86} INFO - Output:
[2023-06-11T04:50:55.228+0000] {subprocess.py:93} INFO - hey, I am task3 and will be running after task1 at the same time as task2!
[2023-06-11T04:50:55.253+0000] {subprocess.py:97} INFO - Command exited with return code 0
[2023-06-11T04:50:57.185+0000] {taskinstance.py:1350} INFO - Marking task as SUCCESS. dag_id=first_dag_02, task_id=thrid_task, execution_date=20210925T000000, start_date=20230611T045043, end_date=20230611T045057
[2023-06-11T04:51:00.860+0000] {local_task_job_runner.py:225} INFO - Task exited with return code 0
[2023-06-11T04:51:03.492+0000] {taskinstance.py:2651} INFO - 0 downstream tasks scheduled from follow-on schedule check
[2023-06-11T08:28:06.282+0000] {taskinstance.py:1103} INFO - Dependencies all met for dep_context=non-requeueable deps ti=<TaskInstance: first_dag_02.thrid_task scheduled__2021-09-25T00:00:00+00:00 [queued]>
[2023-06-11T08:28:10.396+0000] {taskinstance.py:1103} INFO - Dependencies all met for dep_context=requeueable deps ti=<TaskInstance: first_dag_02.thrid_task scheduled__2021-09-25T00:00:00+00:00 [queued]>
[2023-06-11T08:28:10.403+0000] {taskinstance.py:1308} INFO - Starting attempt 1 of 6
[2023-06-11T08:28:13.028+0000] {taskinstance.py:1327} INFO - Executing <Task(BashOperator): thrid_task> on 2021-09-25 00:00:00+00:00
[2023-06-11T08:28:13.684+0000] {standard_task_runner.py:57} INFO - Started process 1237 to run task
[2023-06-11T08:28:14.020+0000] {standard_task_runner.py:84} INFO - Running: ['***', 'tasks', 'run', 'first_dag_02', 'thrid_task', 'scheduled__2021-09-25T00:00:00+00:00', '--job-id', '381', '--raw', '--subdir', 'DAGS_FOLDER/First_dag.py', '--cfg-path', '/tmp/tmptg04tpkr']
[2023-06-11T08:28:14.065+0000] {standard_task_runner.py:85} INFO - Job 381: Subtask thrid_task
[2023-06-11T08:28:27.195+0000] {task_command.py:410} INFO - Running <TaskInstance: first_dag_02.thrid_task scheduled__2021-09-25T00:00:00+00:00 [running]> on host 492037cdd057
[2023-06-11T08:28:45.423+0000] {taskinstance.py:1547} INFO - Exporting env vars: AIRFLOW_CTX_DAG_OWNER='Raja' AIRFLOW_CTX_DAG_ID='first_dag_02' AIRFLOW_CTX_TASK_ID='thrid_task' AIRFLOW_CTX_EXECUTION_DATE='2021-09-25T00:00:00+00:00' AIRFLOW_CTX_TRY_NUMBER='1' AIRFLOW_CTX_DAG_RUN_ID='scheduled__2021-09-25T00:00:00+00:00'
[2023-06-11T08:28:45.478+0000] {subprocess.py:63} INFO - Tmp dir root location: 
 /tmp
[2023-06-11T08:28:45.568+0000] {subprocess.py:75} INFO - Running command: ['/bin/bash', '-c', 'echo hey, I am task3 and will be running after task1 at the same time as task2!']
[2023-06-11T08:28:45.806+0000] {subprocess.py:86} INFO - Output:
[2023-06-11T08:28:45.972+0000] {subprocess.py:93} INFO - hey, I am task3 and will be running after task1 at the same time as task2!
[2023-06-11T08:28:46.032+0000] {subprocess.py:97} INFO - Command exited with return code 0
[2023-06-11T08:28:47.600+0000] {taskinstance.py:1350} INFO - Marking task as SUCCESS. dag_id=first_dag_02, task_id=thrid_task, execution_date=20210925T000000, start_date=20230611T082809, end_date=20230611T082847
[2023-06-11T08:28:47.948+0000] {local_task_job_runner.py:225} INFO - Task exited with return code 0
[2023-06-11T08:28:50.233+0000] {taskinstance.py:2651} INFO - 0 downstream tasks scheduled from follow-on schedule check
[2023-06-11T08:51:04.009+0000] {taskinstance.py:1103} INFO - Dependencies all met for dep_context=non-requeueable deps ti=<TaskInstance: first_dag_02.thrid_task scheduled__2021-09-25T00:00:00+00:00 [queued]>
[2023-06-11T08:51:04.081+0000] {taskinstance.py:1103} INFO - Dependencies all met for dep_context=requeueable deps ti=<TaskInstance: first_dag_02.thrid_task scheduled__2021-09-25T00:00:00+00:00 [queued]>
[2023-06-11T08:51:04.082+0000] {taskinstance.py:1308} INFO - Starting attempt 1 of 6
[2023-06-11T08:51:04.397+0000] {taskinstance.py:1327} INFO - Executing <Task(BashOperator): thrid_task> on 2021-09-25 00:00:00+00:00
[2023-06-11T08:51:04.458+0000] {standard_task_runner.py:57} INFO - Started process 1026 to run task
[2023-06-11T08:51:04.470+0000] {standard_task_runner.py:84} INFO - Running: ['***', 'tasks', 'run', 'first_dag_02', 'thrid_task', 'scheduled__2021-09-25T00:00:00+00:00', '--job-id', '316', '--raw', '--subdir', 'DAGS_FOLDER/First_dag.py', '--cfg-path', '/tmp/tmp6gz07ke7']
[2023-06-11T08:51:04.484+0000] {standard_task_runner.py:85} INFO - Job 316: Subtask thrid_task
[2023-06-11T08:51:05.060+0000] {task_command.py:410} INFO - Running <TaskInstance: first_dag_02.thrid_task scheduled__2021-09-25T00:00:00+00:00 [running]> on host 964e508aad03
[2023-06-11T08:51:06.257+0000] {taskinstance.py:1547} INFO - Exporting env vars: AIRFLOW_CTX_DAG_OWNER='Raja' AIRFLOW_CTX_DAG_ID='first_dag_02' AIRFLOW_CTX_TASK_ID='thrid_task' AIRFLOW_CTX_EXECUTION_DATE='2021-09-25T00:00:00+00:00' AIRFLOW_CTX_TRY_NUMBER='1' AIRFLOW_CTX_DAG_RUN_ID='scheduled__2021-09-25T00:00:00+00:00'
[2023-06-11T08:51:06.259+0000] {subprocess.py:63} INFO - Tmp dir root location: 
 /tmp
[2023-06-11T08:51:06.259+0000] {subprocess.py:75} INFO - Running command: ['/bin/bash', '-c', 'echo hey, I am task3 and will be running after task1 at the same time as task2!']
[2023-06-11T08:51:06.316+0000] {subprocess.py:86} INFO - Output:
[2023-06-11T08:51:06.338+0000] {subprocess.py:93} INFO - hey, I am task3 and will be running after task1 at the same time as task2!
[2023-06-11T08:51:06.339+0000] {subprocess.py:97} INFO - Command exited with return code 0
[2023-06-11T08:51:06.571+0000] {taskinstance.py:1350} INFO - Marking task as SUCCESS. dag_id=first_dag_02, task_id=thrid_task, execution_date=20210925T000000, start_date=20230611T085104, end_date=20230611T085106
[2023-06-11T08:51:06.789+0000] {local_task_job_runner.py:225} INFO - Task exited with return code 0
[2023-06-11T08:51:07.274+0000] {taskinstance.py:2651} INFO - 0 downstream tasks scheduled from follow-on schedule check
[2023-06-11T10:54:20.068+0000] {taskinstance.py:1103} INFO - Dependencies all met for dep_context=non-requeueable deps ti=<TaskInstance: first_dag_02.thrid_task scheduled__2021-09-25T00:00:00+00:00 [queued]>
[2023-06-11T10:54:20.756+0000] {taskinstance.py:1103} INFO - Dependencies all met for dep_context=requeueable deps ti=<TaskInstance: first_dag_02.thrid_task scheduled__2021-09-25T00:00:00+00:00 [queued]>
[2023-06-11T10:54:20.757+0000] {taskinstance.py:1308} INFO - Starting attempt 1 of 6
[2023-06-11T10:54:25.448+0000] {taskinstance.py:1327} INFO - Executing <Task(BashOperator): thrid_task> on 2021-09-25 00:00:00+00:00
[2023-06-11T10:54:25.501+0000] {standard_task_runner.py:57} INFO - Started process 1047 to run task
[2023-06-11T10:54:25.568+0000] {standard_task_runner.py:84} INFO - Running: ['***', 'tasks', 'run', 'first_dag_02', 'thrid_task', 'scheduled__2021-09-25T00:00:00+00:00', '--job-id', '286', '--raw', '--subdir', 'DAGS_FOLDER/First_dag.py', '--cfg-path', '/tmp/tmplnj6t6jg']
[2023-06-11T10:54:25.569+0000] {standard_task_runner.py:85} INFO - Job 286: Subtask thrid_task
[2023-06-11T10:54:28.112+0000] {task_command.py:410} INFO - Running <TaskInstance: first_dag_02.thrid_task scheduled__2021-09-25T00:00:00+00:00 [running]> on host 7586ce0070ac
[2023-06-11T10:54:33.481+0000] {taskinstance.py:1547} INFO - Exporting env vars: AIRFLOW_CTX_DAG_OWNER='Raja' AIRFLOW_CTX_DAG_ID='first_dag_02' AIRFLOW_CTX_TASK_ID='thrid_task' AIRFLOW_CTX_EXECUTION_DATE='2021-09-25T00:00:00+00:00' AIRFLOW_CTX_TRY_NUMBER='1' AIRFLOW_CTX_DAG_RUN_ID='scheduled__2021-09-25T00:00:00+00:00'
[2023-06-11T10:54:33.505+0000] {subprocess.py:63} INFO - Tmp dir root location: 
 /tmp
[2023-06-11T10:54:33.513+0000] {subprocess.py:75} INFO - Running command: ['/bin/bash', '-c', 'echo hey, I am task3 and will be running after task1 at the same time as task2!']
[2023-06-11T10:54:33.675+0000] {subprocess.py:86} INFO - Output:
[2023-06-11T10:54:33.827+0000] {subprocess.py:93} INFO - hey, I am task3 and will be running after task1 at the same time as task2!
[2023-06-11T10:54:33.847+0000] {subprocess.py:97} INFO - Command exited with return code 0
[2023-06-11T10:54:35.137+0000] {taskinstance.py:1350} INFO - Marking task as SUCCESS. dag_id=first_dag_02, task_id=thrid_task, execution_date=20210925T000000, start_date=20230611T105420, end_date=20230611T105435
[2023-06-11T10:54:35.644+0000] {local_task_job_runner.py:225} INFO - Task exited with return code 0
[2023-06-11T10:54:37.029+0000] {taskinstance.py:2651} INFO - 0 downstream tasks scheduled from follow-on schedule check
