[2023-06-11T09:42:55.987+0000] {taskinstance.py:1103} INFO - Dependencies all met for dep_context=non-requeueable deps ti=<TaskInstance: first_dag_02.thrid_task scheduled__2022-04-23T00:00:00+00:00 [queued]>
[2023-06-11T09:42:56.097+0000] {taskinstance.py:1103} INFO - Dependencies all met for dep_context=requeueable deps ti=<TaskInstance: first_dag_02.thrid_task scheduled__2022-04-23T00:00:00+00:00 [queued]>
[2023-06-11T09:42:56.098+0000] {taskinstance.py:1308} INFO - Starting attempt 1 of 6
[2023-06-11T09:42:57.010+0000] {taskinstance.py:1327} INFO - Executing <Task(BashOperator): thrid_task> on 2022-04-23 00:00:00+00:00
[2023-06-11T09:42:57.029+0000] {standard_task_runner.py:57} INFO - Started process 4193 to run task
[2023-06-11T09:42:57.038+0000] {standard_task_runner.py:84} INFO - Running: ['***', 'tasks', 'run', 'first_dag_02', 'thrid_task', 'scheduled__2022-04-23T00:00:00+00:00', '--job-id', '1284', '--raw', '--subdir', 'DAGS_FOLDER/First_dag.py', '--cfg-path', '/tmp/tmplx67lq58']
[2023-06-11T09:42:57.039+0000] {standard_task_runner.py:85} INFO - Job 1284: Subtask thrid_task
[2023-06-11T09:42:57.299+0000] {task_command.py:410} INFO - Running <TaskInstance: first_dag_02.thrid_task scheduled__2022-04-23T00:00:00+00:00 [running]> on host 964e508aad03
[2023-06-11T09:42:59.549+0000] {taskinstance.py:1547} INFO - Exporting env vars: AIRFLOW_CTX_DAG_OWNER='Raja' AIRFLOW_CTX_DAG_ID='first_dag_02' AIRFLOW_CTX_TASK_ID='thrid_task' AIRFLOW_CTX_EXECUTION_DATE='2022-04-23T00:00:00+00:00' AIRFLOW_CTX_TRY_NUMBER='1' AIRFLOW_CTX_DAG_RUN_ID='scheduled__2022-04-23T00:00:00+00:00'
[2023-06-11T09:42:59.565+0000] {subprocess.py:63} INFO - Tmp dir root location: 
 /tmp
[2023-06-11T09:42:59.570+0000] {subprocess.py:75} INFO - Running command: ['/bin/bash', '-c', 'echo hey, I am task3 and will be running after task1 at the same time as task2!']
[2023-06-11T09:42:59.642+0000] {subprocess.py:86} INFO - Output:
[2023-06-11T09:42:59.707+0000] {subprocess.py:93} INFO - hey, I am task3 and will be running after task1 at the same time as task2!
[2023-06-11T09:42:59.708+0000] {subprocess.py:97} INFO - Command exited with return code 0
[2023-06-11T09:43:00.787+0000] {taskinstance.py:1350} INFO - Marking task as SUCCESS. dag_id=first_dag_02, task_id=thrid_task, execution_date=20220423T000000, start_date=20230611T094255, end_date=20230611T094300
[2023-06-11T09:43:01.258+0000] {local_task_job_runner.py:225} INFO - Task exited with return code 0
[2023-06-11T09:43:02.613+0000] {taskinstance.py:2651} INFO - 0 downstream tasks scheduled from follow-on schedule check
[2023-06-11T15:29:39.224+0000] {taskinstance.py:1103} INFO - Dependencies all met for dep_context=non-requeueable deps ti=<TaskInstance: first_dag_02.thrid_task scheduled__2022-04-23T00:00:00+00:00 [queued]>
[2023-06-11T15:29:39.440+0000] {taskinstance.py:1103} INFO - Dependencies all met for dep_context=requeueable deps ti=<TaskInstance: first_dag_02.thrid_task scheduled__2022-04-23T00:00:00+00:00 [queued]>
[2023-06-11T15:29:39.441+0000] {taskinstance.py:1308} INFO - Starting attempt 1 of 6
[2023-06-11T15:29:39.885+0000] {taskinstance.py:1327} INFO - Executing <Task(BashOperator): thrid_task> on 2022-04-23 00:00:00+00:00
[2023-06-11T15:29:39.918+0000] {standard_task_runner.py:57} INFO - Started process 799 to run task
[2023-06-11T15:29:39.947+0000] {standard_task_runner.py:84} INFO - Running: ['***', 'tasks', 'run', 'first_dag_02', 'thrid_task', 'scheduled__2022-04-23T00:00:00+00:00', '--job-id', '1327', '--raw', '--subdir', 'DAGS_FOLDER/First_dag.py', '--cfg-path', '/tmp/tmp1f1lt902']
[2023-06-11T15:29:39.948+0000] {standard_task_runner.py:85} INFO - Job 1327: Subtask thrid_task
[2023-06-11T15:29:40.552+0000] {task_command.py:410} INFO - Running <TaskInstance: first_dag_02.thrid_task scheduled__2022-04-23T00:00:00+00:00 [running]> on host 7586ce0070ac
[2023-06-11T15:29:42.304+0000] {taskinstance.py:1547} INFO - Exporting env vars: AIRFLOW_CTX_DAG_OWNER='Raja' AIRFLOW_CTX_DAG_ID='first_dag_02' AIRFLOW_CTX_TASK_ID='thrid_task' AIRFLOW_CTX_EXECUTION_DATE='2022-04-23T00:00:00+00:00' AIRFLOW_CTX_TRY_NUMBER='1' AIRFLOW_CTX_DAG_RUN_ID='scheduled__2022-04-23T00:00:00+00:00'
[2023-06-11T15:29:42.307+0000] {subprocess.py:63} INFO - Tmp dir root location: 
 /tmp
[2023-06-11T15:29:42.324+0000] {subprocess.py:75} INFO - Running command: ['/bin/bash', '-c', 'echo hey, I am task3 and will be running after task1 at the same time as task2!']
[2023-06-11T15:29:42.419+0000] {subprocess.py:86} INFO - Output:
[2023-06-11T15:29:42.453+0000] {subprocess.py:93} INFO - hey, I am task3 and will be running after task1 at the same time as task2!
[2023-06-11T15:29:42.459+0000] {subprocess.py:97} INFO - Command exited with return code 0
[2023-06-11T15:29:42.876+0000] {taskinstance.py:1350} INFO - Marking task as SUCCESS. dag_id=first_dag_02, task_id=thrid_task, execution_date=20220423T000000, start_date=20230611T152939, end_date=20230611T152942
[2023-06-11T15:29:43.154+0000] {local_task_job_runner.py:225} INFO - Task exited with return code 0
[2023-06-11T15:29:43.388+0000] {taskinstance.py:2651} INFO - 0 downstream tasks scheduled from follow-on schedule check
