[2023-06-11T04:49:26.636+0000] {taskinstance.py:1103} INFO - Dependencies all met for dep_context=non-requeueable deps ti=<TaskInstance: dag_pythonoperator_00.first_task scheduled__2023-06-06T00:00:00+00:00 [queued]>
[2023-06-11T04:49:26.983+0000] {taskinstance.py:1103} INFO - Dependencies all met for dep_context=requeueable deps ti=<TaskInstance: dag_pythonoperator_00.first_task scheduled__2023-06-06T00:00:00+00:00 [queued]>
[2023-06-11T04:49:27.004+0000] {taskinstance.py:1308} INFO - Starting attempt 1 of 6
[2023-06-11T04:49:27.873+0000] {taskinstance.py:1327} INFO - Executing <Task(PythonOperator): first_task> on 2023-06-06 00:00:00+00:00
[2023-06-11T04:49:27.893+0000] {standard_task_runner.py:57} INFO - Started process 715 to run task
[2023-06-11T04:49:28.317+0000] {standard_task_runner.py:84} INFO - Running: ['***', 'tasks', 'run', 'dag_pythonoperator_00', 'first_task', 'scheduled__2023-06-06T00:00:00+00:00', '--job-id', '206', '--raw', '--subdir', 'DAGS_FOLDER/python_operator_dag.py', '--cfg-path', '/tmp/tmplksvd8oy']
[2023-06-11T04:49:28.318+0000] {standard_task_runner.py:85} INFO - Job 206: Subtask first_task
[2023-06-11T04:49:30.110+0000] {task_command.py:410} INFO - Running <TaskInstance: dag_pythonoperator_00.first_task scheduled__2023-06-06T00:00:00+00:00 [running]> on host 4b1b5d40d165
[2023-06-11T04:49:33.692+0000] {taskinstance.py:1547} INFO - Exporting env vars: AIRFLOW_CTX_DAG_OWNER='Raja' AIRFLOW_CTX_DAG_ID='dag_pythonoperator_00' AIRFLOW_CTX_TASK_ID='first_task' AIRFLOW_CTX_EXECUTION_DATE='2023-06-06T00:00:00+00:00' AIRFLOW_CTX_TRY_NUMBER='1' AIRFLOW_CTX_DAG_RUN_ID='scheduled__2023-06-06T00:00:00+00:00'
[2023-06-11T04:49:33.693+0000] {logging_mixin.py:149} INFO - Hai this first python_operator dag
[2023-06-11T04:49:33.693+0000] {python.py:183} INFO - Done. Returned value was: None
[2023-06-11T04:49:33.950+0000] {taskinstance.py:1350} INFO - Marking task as SUCCESS. dag_id=dag_pythonoperator_00, task_id=first_task, execution_date=20230606T000000, start_date=20230611T044926, end_date=20230611T044933
[2023-06-11T04:49:34.736+0000] {local_task_job_runner.py:225} INFO - Task exited with return code 0
[2023-06-11T04:49:37.346+0000] {taskinstance.py:2651} INFO - 0 downstream tasks scheduled from follow-on schedule check
[2023-06-11T05:21:08.387+0000] {taskinstance.py:1103} INFO - Dependencies all met for dep_context=non-requeueable deps ti=<TaskInstance: dag_pythonoperator_00.first_task scheduled__2023-06-06T00:00:00+00:00 [queued]>
[2023-06-11T05:21:08.549+0000] {taskinstance.py:1103} INFO - Dependencies all met for dep_context=requeueable deps ti=<TaskInstance: dag_pythonoperator_00.first_task scheduled__2023-06-06T00:00:00+00:00 [queued]>
[2023-06-11T05:21:08.549+0000] {taskinstance.py:1308} INFO - Starting attempt 1 of 6
[2023-06-11T05:21:09.438+0000] {taskinstance.py:1327} INFO - Executing <Task(PythonOperator): first_task> on 2023-06-06 00:00:00+00:00
[2023-06-11T05:21:09.450+0000] {standard_task_runner.py:57} INFO - Started process 836 to run task
[2023-06-11T05:21:09.607+0000] {standard_task_runner.py:84} INFO - Running: ['***', 'tasks', 'run', 'dag_pythonoperator_00', 'first_task', 'scheduled__2023-06-06T00:00:00+00:00', '--job-id', '230', '--raw', '--subdir', 'DAGS_FOLDER/python_operator_dag.py', '--cfg-path', '/tmp/tmpyhc1c5tb']
[2023-06-11T05:21:09.608+0000] {standard_task_runner.py:85} INFO - Job 230: Subtask first_task
[2023-06-11T05:21:11.731+0000] {task_command.py:410} INFO - Running <TaskInstance: dag_pythonoperator_00.first_task scheduled__2023-06-06T00:00:00+00:00 [running]> on host 69e374580eab
[2023-06-11T05:21:13.858+0000] {taskinstance.py:1547} INFO - Exporting env vars: AIRFLOW_CTX_DAG_OWNER='Raja' AIRFLOW_CTX_DAG_ID='dag_pythonoperator_00' AIRFLOW_CTX_TASK_ID='first_task' AIRFLOW_CTX_EXECUTION_DATE='2023-06-06T00:00:00+00:00' AIRFLOW_CTX_TRY_NUMBER='1' AIRFLOW_CTX_DAG_RUN_ID='scheduled__2023-06-06T00:00:00+00:00'
[2023-06-11T05:21:13.860+0000] {logging_mixin.py:149} INFO - Hai this first python_operator dag
[2023-06-11T05:21:13.861+0000] {python.py:183} INFO - Done. Returned value was: None
[2023-06-11T05:21:14.322+0000] {taskinstance.py:1350} INFO - Marking task as SUCCESS. dag_id=dag_pythonoperator_00, task_id=first_task, execution_date=20230606T000000, start_date=20230611T052108, end_date=20230611T052114
[2023-06-11T05:21:15.000+0000] {local_task_job_runner.py:225} INFO - Task exited with return code 0
[2023-06-11T05:21:15.766+0000] {taskinstance.py:2651} INFO - 1 downstream tasks scheduled from follow-on schedule check
