[2023-06-11T09:49:15.043+0000] {taskinstance.py:1103} INFO - Dependencies all met for dep_context=non-requeueable deps ti=<TaskInstance: first_dag_02.thrid_task scheduled__2022-07-03T00:00:00+00:00 [queued]>
[2023-06-11T09:49:15.693+0000] {taskinstance.py:1103} INFO - Dependencies all met for dep_context=requeueable deps ti=<TaskInstance: first_dag_02.thrid_task scheduled__2022-07-03T00:00:00+00:00 [queued]>
[2023-06-11T09:49:15.696+0000] {taskinstance.py:1308} INFO - Starting attempt 1 of 6
[2023-06-11T09:49:15.949+0000] {taskinstance.py:1327} INFO - Executing <Task(BashOperator): thrid_task> on 2022-07-03 00:00:00+00:00
[2023-06-11T09:49:16.003+0000] {standard_task_runner.py:57} INFO - Started process 5323 to run task
[2023-06-11T09:49:16.062+0000] {standard_task_runner.py:84} INFO - Running: ['***', 'tasks', 'run', 'first_dag_02', 'thrid_task', 'scheduled__2022-07-03T00:00:00+00:00', '--job-id', '1632', '--raw', '--subdir', 'DAGS_FOLDER/First_dag.py', '--cfg-path', '/tmp/tmpmp98xhod']
[2023-06-11T09:49:16.065+0000] {standard_task_runner.py:85} INFO - Job 1632: Subtask thrid_task
[2023-06-11T09:49:17.494+0000] {task_command.py:410} INFO - Running <TaskInstance: first_dag_02.thrid_task scheduled__2022-07-03T00:00:00+00:00 [running]> on host 964e508aad03
[2023-06-11T15:34:58.732+0000] {taskinstance.py:1103} INFO - Dependencies all met for dep_context=non-requeueable deps ti=<TaskInstance: first_dag_02.thrid_task scheduled__2022-07-03T00:00:00+00:00 [queued]>
[2023-06-11T15:34:58.893+0000] {taskinstance.py:1103} INFO - Dependencies all met for dep_context=requeueable deps ti=<TaskInstance: first_dag_02.thrid_task scheduled__2022-07-03T00:00:00+00:00 [queued]>
[2023-06-11T15:34:58.897+0000] {taskinstance.py:1308} INFO - Starting attempt 1 of 6
[2023-06-11T15:34:59.337+0000] {taskinstance.py:1327} INFO - Executing <Task(BashOperator): thrid_task> on 2022-07-03 00:00:00+00:00
[2023-06-11T15:34:59.406+0000] {standard_task_runner.py:84} INFO - Running: ['***', 'tasks', 'run', 'first_dag_02', 'thrid_task', 'scheduled__2022-07-03T00:00:00+00:00', '--job-id', '1650', '--raw', '--subdir', 'DAGS_FOLDER/First_dag.py', '--cfg-path', '/tmp/tmpebzyrezd']
[2023-06-11T15:34:59.421+0000] {standard_task_runner.py:85} INFO - Job 1650: Subtask thrid_task
[2023-06-11T15:34:59.396+0000] {standard_task_runner.py:57} INFO - Started process 1835 to run task
[2023-06-11T15:34:59.644+0000] {task_command.py:410} INFO - Running <TaskInstance: first_dag_02.thrid_task scheduled__2022-07-03T00:00:00+00:00 [running]> on host 7586ce0070ac
[2023-06-11T15:35:02.254+0000] {taskinstance.py:1547} INFO - Exporting env vars: AIRFLOW_CTX_DAG_OWNER='Raja' AIRFLOW_CTX_DAG_ID='first_dag_02' AIRFLOW_CTX_TASK_ID='thrid_task' AIRFLOW_CTX_EXECUTION_DATE='2022-07-03T00:00:00+00:00' AIRFLOW_CTX_TRY_NUMBER='1' AIRFLOW_CTX_DAG_RUN_ID='scheduled__2022-07-03T00:00:00+00:00'
[2023-06-11T15:35:02.257+0000] {subprocess.py:63} INFO - Tmp dir root location: 
 /tmp
[2023-06-11T15:35:02.264+0000] {subprocess.py:75} INFO - Running command: ['/bin/bash', '-c', 'echo hey, I am task3 and will be running after task1 at the same time as task2!']
[2023-06-11T15:35:02.332+0000] {subprocess.py:86} INFO - Output:
[2023-06-11T15:35:02.344+0000] {subprocess.py:93} INFO - hey, I am task3 and will be running after task1 at the same time as task2!
[2023-06-11T15:35:02.355+0000] {subprocess.py:97} INFO - Command exited with return code 0
[2023-06-11T15:35:02.887+0000] {taskinstance.py:1350} INFO - Marking task as SUCCESS. dag_id=first_dag_02, task_id=thrid_task, execution_date=20220703T000000, start_date=20230611T153458, end_date=20230611T153502
[2023-06-11T15:35:03.382+0000] {local_task_job_runner.py:225} INFO - Task exited with return code 0
[2023-06-11T15:35:03.509+0000] {taskinstance.py:2651} INFO - 0 downstream tasks scheduled from follow-on schedule check
