[2023-06-11T09:37:06.955+0000] {taskinstance.py:1103} INFO - Dependencies all met for dep_context=non-requeueable deps ti=<TaskInstance: first_dag_02.thrid_task scheduled__2022-03-16T00:00:00+00:00 [queued]>
[2023-06-11T09:37:07.467+0000] {taskinstance.py:1103} INFO - Dependencies all met for dep_context=requeueable deps ti=<TaskInstance: first_dag_02.thrid_task scheduled__2022-03-16T00:00:00+00:00 [queued]>
[2023-06-11T09:37:07.595+0000] {taskinstance.py:1308} INFO - Starting attempt 1 of 6
[2023-06-11T09:37:08.421+0000] {taskinstance.py:1327} INFO - Executing <Task(BashOperator): thrid_task> on 2022-03-16 00:00:00+00:00
[2023-06-11T09:37:08.435+0000] {standard_task_runner.py:57} INFO - Started process 3626 to run task
[2023-06-11T09:37:08.446+0000] {standard_task_runner.py:84} INFO - Running: ['***', 'tasks', 'run', 'first_dag_02', 'thrid_task', 'scheduled__2022-03-16T00:00:00+00:00', '--job-id', '1126', '--raw', '--subdir', 'DAGS_FOLDER/First_dag.py', '--cfg-path', '/tmp/tmpthgdk0d3']
[2023-06-11T09:37:08.449+0000] {standard_task_runner.py:85} INFO - Job 1126: Subtask thrid_task
[2023-06-11T09:37:09.958+0000] {task_command.py:410} INFO - Running <TaskInstance: first_dag_02.thrid_task scheduled__2022-03-16T00:00:00+00:00 [running]> on host 964e508aad03
[2023-06-11T09:37:14.642+0000] {taskinstance.py:1547} INFO - Exporting env vars: AIRFLOW_CTX_DAG_OWNER='Raja' AIRFLOW_CTX_DAG_ID='first_dag_02' AIRFLOW_CTX_TASK_ID='thrid_task' AIRFLOW_CTX_EXECUTION_DATE='2022-03-16T00:00:00+00:00' AIRFLOW_CTX_TRY_NUMBER='1' AIRFLOW_CTX_DAG_RUN_ID='scheduled__2022-03-16T00:00:00+00:00'
[2023-06-11T09:37:14.669+0000] {subprocess.py:63} INFO - Tmp dir root location: 
 /tmp
[2023-06-11T09:37:14.680+0000] {subprocess.py:75} INFO - Running command: ['/bin/bash', '-c', 'echo hey, I am task3 and will be running after task1 at the same time as task2!']
[2023-06-11T09:37:14.947+0000] {subprocess.py:86} INFO - Output:
[2023-06-11T09:37:14.962+0000] {subprocess.py:93} INFO - hey, I am task3 and will be running after task1 at the same time as task2!
[2023-06-11T09:37:14.964+0000] {subprocess.py:97} INFO - Command exited with return code 0
[2023-06-11T09:37:16.153+0000] {taskinstance.py:1350} INFO - Marking task as SUCCESS. dag_id=first_dag_02, task_id=thrid_task, execution_date=20220316T000000, start_date=20230611T093707, end_date=20230611T093716
[2023-06-11T09:37:16.445+0000] {local_task_job_runner.py:225} INFO - Task exited with return code 0
[2023-06-11T09:37:16.609+0000] {taskinstance.py:2651} INFO - 0 downstream tasks scheduled from follow-on schedule check
[2023-06-11T15:26:15.269+0000] {taskinstance.py:1103} INFO - Dependencies all met for dep_context=non-requeueable deps ti=<TaskInstance: first_dag_02.thrid_task scheduled__2022-03-16T00:00:00+00:00 [queued]>
[2023-06-11T15:26:15.501+0000] {taskinstance.py:1103} INFO - Dependencies all met for dep_context=requeueable deps ti=<TaskInstance: first_dag_02.thrid_task scheduled__2022-03-16T00:00:00+00:00 [queued]>
[2023-06-11T15:26:15.506+0000] {taskinstance.py:1308} INFO - Starting attempt 1 of 6
[2023-06-11T15:26:15.907+0000] {taskinstance.py:1327} INFO - Executing <Task(BashOperator): thrid_task> on 2022-03-16 00:00:00+00:00
[2023-06-11T15:26:15.921+0000] {standard_task_runner.py:57} INFO - Started process 174 to run task
[2023-06-11T15:26:15.940+0000] {standard_task_runner.py:84} INFO - Running: ['***', 'tasks', 'run', 'first_dag_02', 'thrid_task', 'scheduled__2022-03-16T00:00:00+00:00', '--job-id', '1136', '--raw', '--subdir', 'DAGS_FOLDER/First_dag.py', '--cfg-path', '/tmp/tmp7y3u6zep']
[2023-06-11T15:26:15.941+0000] {standard_task_runner.py:85} INFO - Job 1136: Subtask thrid_task
[2023-06-11T15:26:16.658+0000] {task_command.py:410} INFO - Running <TaskInstance: first_dag_02.thrid_task scheduled__2022-03-16T00:00:00+00:00 [running]> on host 7586ce0070ac
[2023-06-11T15:26:18.362+0000] {taskinstance.py:1547} INFO - Exporting env vars: AIRFLOW_CTX_DAG_OWNER='Raja' AIRFLOW_CTX_DAG_ID='first_dag_02' AIRFLOW_CTX_TASK_ID='thrid_task' AIRFLOW_CTX_EXECUTION_DATE='2022-03-16T00:00:00+00:00' AIRFLOW_CTX_TRY_NUMBER='1' AIRFLOW_CTX_DAG_RUN_ID='scheduled__2022-03-16T00:00:00+00:00'
[2023-06-11T15:26:18.365+0000] {subprocess.py:63} INFO - Tmp dir root location: 
 /tmp
[2023-06-11T15:26:18.367+0000] {subprocess.py:75} INFO - Running command: ['/bin/bash', '-c', 'echo hey, I am task3 and will be running after task1 at the same time as task2!']
[2023-06-11T15:26:18.624+0000] {subprocess.py:86} INFO - Output:
[2023-06-11T15:26:18.628+0000] {subprocess.py:93} INFO - hey, I am task3 and will be running after task1 at the same time as task2!
[2023-06-11T15:26:18.630+0000] {subprocess.py:97} INFO - Command exited with return code 0
[2023-06-11T15:26:18.830+0000] {taskinstance.py:1350} INFO - Marking task as SUCCESS. dag_id=first_dag_02, task_id=thrid_task, execution_date=20220316T000000, start_date=20230611T152615, end_date=20230611T152618
[2023-06-11T15:26:19.119+0000] {local_task_job_runner.py:225} INFO - Task exited with return code 0
[2023-06-11T15:26:19.454+0000] {taskinstance.py:2651} INFO - 0 downstream tasks scheduled from follow-on schedule check
