[2023-06-11T09:42:02.715+0000] {taskinstance.py:1103} INFO - Dependencies all met for dep_context=non-requeueable deps ti=<TaskInstance: dag_cron_expression_03.task1 scheduled__2021-11-09T03:00:00+00:00 [queued]>
[2023-06-11T09:42:03.618+0000] {taskinstance.py:1103} INFO - Dependencies all met for dep_context=requeueable deps ti=<TaskInstance: dag_cron_expression_03.task1 scheduled__2021-11-09T03:00:00+00:00 [queued]>
[2023-06-11T09:42:03.618+0000] {taskinstance.py:1308} INFO - Starting attempt 1 of 6
[2023-06-11T09:42:05.431+0000] {taskinstance.py:1327} INFO - Executing <Task(BashOperator): task1> on 2021-11-09 03:00:00+00:00
[2023-06-11T09:42:05.469+0000] {standard_task_runner.py:57} INFO - Started process 4131 to run task
[2023-06-11T09:42:06.029+0000] {standard_task_runner.py:84} INFO - Running: ['***', 'tasks', 'run', 'dag_cron_expression_03', 'task1', 'scheduled__2021-11-09T03:00:00+00:00', '--job-id', '1263', '--raw', '--subdir', 'DAGS_FOLDER/dag_corn.py', '--cfg-path', '/tmp/tmp_wj6043m']
[2023-06-11T09:42:06.038+0000] {standard_task_runner.py:85} INFO - Job 1263: Subtask task1
[2023-06-11T09:42:06.888+0000] {task_command.py:410} INFO - Running <TaskInstance: dag_cron_expression_03.task1 scheduled__2021-11-09T03:00:00+00:00 [running]> on host 964e508aad03
[2023-06-11T09:42:10.935+0000] {taskinstance.py:1547} INFO - Exporting env vars: AIRFLOW_CTX_DAG_OWNER='Raja' AIRFLOW_CTX_DAG_ID='dag_cron_expression_03' AIRFLOW_CTX_TASK_ID='task1' AIRFLOW_CTX_EXECUTION_DATE='2021-11-09T03:00:00+00:00' AIRFLOW_CTX_TRY_NUMBER='1' AIRFLOW_CTX_DAG_RUN_ID='scheduled__2021-11-09T03:00:00+00:00'
[2023-06-11T09:42:11.158+0000] {subprocess.py:63} INFO - Tmp dir root location: 
 /tmp
[2023-06-11T09:42:11.160+0000] {subprocess.py:75} INFO - Running command: ['/bin/bash', '-c', 'echo dag with cron expression!']
[2023-06-11T09:42:11.691+0000] {subprocess.py:86} INFO - Output:
[2023-06-11T09:42:11.708+0000] {subprocess.py:93} INFO - dag with cron expression!
[2023-06-11T09:42:11.752+0000] {subprocess.py:97} INFO - Command exited with return code 0
[2023-06-11T09:42:12.754+0000] {taskinstance.py:1350} INFO - Marking task as SUCCESS. dag_id=dag_cron_expression_03, task_id=task1, execution_date=20211109T030000, start_date=20230611T094203, end_date=20230611T094212
[2023-06-11T09:42:14.417+0000] {local_task_job_runner.py:225} INFO - Task exited with return code 0
[2023-06-11T09:42:14.893+0000] {taskinstance.py:2651} INFO - 0 downstream tasks scheduled from follow-on schedule check
[2023-06-11T10:36:02.393+0000] {taskinstance.py:1103} INFO - Dependencies all met for dep_context=non-requeueable deps ti=<TaskInstance: dag_cron_expression_03.task1 scheduled__2021-11-09T03:00:00+00:00 [queued]>
[2023-06-11T10:36:03.367+0000] {taskinstance.py:1103} INFO - Dependencies all met for dep_context=requeueable deps ti=<TaskInstance: dag_cron_expression_03.task1 scheduled__2021-11-09T03:00:00+00:00 [queued]>
[2023-06-11T10:36:03.368+0000] {taskinstance.py:1308} INFO - Starting attempt 1 of 6
[2023-06-11T10:36:06.515+0000] {taskinstance.py:1327} INFO - Executing <Task(BashOperator): task1> on 2021-11-09 03:00:00+00:00
[2023-06-11T10:36:07.141+0000] {standard_task_runner.py:57} INFO - Started process 153 to run task
[2023-06-11T10:36:07.628+0000] {standard_task_runner.py:84} INFO - Running: ['***', 'tasks', 'run', 'dag_cron_expression_03', 'task1', 'scheduled__2021-11-09T03:00:00+00:00', '--job-id', '29', '--raw', '--subdir', 'DAGS_FOLDER/dag_corn.py', '--cfg-path', '/tmp/tmpua9jn2p8']
[2023-06-11T10:36:07.631+0000] {standard_task_runner.py:85} INFO - Job 29: Subtask task1
[2023-06-11T10:36:11.656+0000] {task_command.py:410} INFO - Running <TaskInstance: dag_cron_expression_03.task1 scheduled__2021-11-09T03:00:00+00:00 [running]> on host 7586ce0070ac
[2023-06-11T10:36:15.730+0000] {taskinstance.py:1547} INFO - Exporting env vars: AIRFLOW_CTX_DAG_OWNER='Raja' AIRFLOW_CTX_DAG_ID='dag_cron_expression_03' AIRFLOW_CTX_TASK_ID='task1' AIRFLOW_CTX_EXECUTION_DATE='2021-11-09T03:00:00+00:00' AIRFLOW_CTX_TRY_NUMBER='1' AIRFLOW_CTX_DAG_RUN_ID='scheduled__2021-11-09T03:00:00+00:00'
[2023-06-11T10:36:15.742+0000] {subprocess.py:63} INFO - Tmp dir root location: 
 /tmp
[2023-06-11T10:36:15.747+0000] {subprocess.py:75} INFO - Running command: ['/bin/bash', '-c', 'echo dag with cron expression!']
[2023-06-11T10:36:15.838+0000] {subprocess.py:86} INFO - Output:
[2023-06-11T10:36:15.856+0000] {subprocess.py:93} INFO - dag with cron expression!
[2023-06-11T10:36:15.857+0000] {subprocess.py:97} INFO - Command exited with return code 0
[2023-06-11T10:36:17.808+0000] {taskinstance.py:1350} INFO - Marking task as SUCCESS. dag_id=dag_cron_expression_03, task_id=task1, execution_date=20211109T030000, start_date=20230611T103602, end_date=20230611T103617
[2023-06-11T10:36:18.637+0000] {local_task_job_runner.py:225} INFO - Task exited with return code 0
[2023-06-11T10:36:19.093+0000] {taskinstance.py:2651} INFO - 0 downstream tasks scheduled from follow-on schedule check
[2023-06-12T03:33:07.371+0000] {taskinstance.py:1103} INFO - Dependencies all met for dep_context=non-requeueable deps ti=<TaskInstance: dag_cron_expression_03.task1 scheduled__2021-11-09T03:00:00+00:00 [queued]>
[2023-06-12T03:33:08.409+0000] {taskinstance.py:1103} INFO - Dependencies all met for dep_context=requeueable deps ti=<TaskInstance: dag_cron_expression_03.task1 scheduled__2021-11-09T03:00:00+00:00 [queued]>
[2023-06-12T03:33:08.410+0000] {taskinstance.py:1308} INFO - Starting attempt 1 of 6
[2023-06-12T03:33:08.979+0000] {taskinstance.py:1327} INFO - Executing <Task(BashOperator): task1> on 2021-11-09 03:00:00+00:00
[2023-06-12T03:33:09.015+0000] {standard_task_runner.py:57} INFO - Started process 171 to run task
[2023-06-12T03:33:09.577+0000] {standard_task_runner.py:84} INFO - Running: ['***', 'tasks', 'run', 'dag_cron_expression_03', 'task1', 'scheduled__2021-11-09T03:00:00+00:00', '--job-id', '29', '--raw', '--subdir', 'DAGS_FOLDER/dag_cron.py', '--cfg-path', '/tmp/tmpuxj6xqbv']
[2023-06-12T03:33:09.578+0000] {standard_task_runner.py:85} INFO - Job 29: Subtask task1
[2023-06-12T03:33:11.606+0000] {task_command.py:410} INFO - Running <TaskInstance: dag_cron_expression_03.task1 scheduled__2021-11-09T03:00:00+00:00 [running]> on host 03cd9a7904e9
[2023-06-12T03:33:16.091+0000] {taskinstance.py:1547} INFO - Exporting env vars: AIRFLOW_CTX_DAG_OWNER='Raja' AIRFLOW_CTX_DAG_ID='dag_cron_expression_03' AIRFLOW_CTX_TASK_ID='task1' AIRFLOW_CTX_EXECUTION_DATE='2021-11-09T03:00:00+00:00' AIRFLOW_CTX_TRY_NUMBER='1' AIRFLOW_CTX_DAG_RUN_ID='scheduled__2021-11-09T03:00:00+00:00'
[2023-06-12T03:33:16.101+0000] {subprocess.py:63} INFO - Tmp dir root location: 
 /tmp
[2023-06-12T03:33:16.102+0000] {subprocess.py:75} INFO - Running command: ['/bin/bash', '-c', 'echo dag with cron expression!']
[2023-06-12T03:33:16.892+0000] {subprocess.py:86} INFO - Output:
[2023-06-12T03:33:16.892+0000] {subprocess.py:93} INFO - dag with cron expression!
[2023-06-12T03:33:16.893+0000] {subprocess.py:97} INFO - Command exited with return code 0
[2023-06-12T03:33:18.713+0000] {taskinstance.py:1350} INFO - Marking task as SUCCESS. dag_id=dag_cron_expression_03, task_id=task1, execution_date=20211109T030000, start_date=20230612T033307, end_date=20230612T033318
[2023-06-12T03:33:20.520+0000] {local_task_job_runner.py:225} INFO - Task exited with return code 0
[2023-06-12T03:33:21.018+0000] {taskinstance.py:2651} INFO - 0 downstream tasks scheduled from follow-on schedule check
