[2023-06-11T09:03:08.994+0000] {taskinstance.py:1103} INFO - Dependencies all met for dep_context=non-requeueable deps ti=<TaskInstance: first_dag_02.first_task scheduled__2022-03-19T00:00:00+00:00 [queued]>
[2023-06-11T09:03:09.069+0000] {taskinstance.py:1103} INFO - Dependencies all met for dep_context=requeueable deps ti=<TaskInstance: first_dag_02.first_task scheduled__2022-03-19T00:00:00+00:00 [queued]>
[2023-06-11T09:03:09.070+0000] {taskinstance.py:1308} INFO - Starting attempt 1 of 6
[2023-06-11T09:03:09.394+0000] {taskinstance.py:1327} INFO - Executing <Task(BashOperator): first_task> on 2022-03-19 00:00:00+00:00
[2023-06-11T09:03:09.590+0000] {standard_task_runner.py:57} INFO - Started process 3571 to run task
[2023-06-11T09:03:09.601+0000] {standard_task_runner.py:84} INFO - Running: ['***', 'tasks', 'run', 'first_dag_02', 'first_task', 'scheduled__2022-03-19T00:00:00+00:00', '--job-id', '1111', '--raw', '--subdir', 'DAGS_FOLDER/First_dag.py', '--cfg-path', '/tmp/tmph0cu2x8o']
[2023-06-11T09:03:09.602+0000] {standard_task_runner.py:85} INFO - Job 1111: Subtask first_task
[2023-06-11T09:03:10.880+0000] {task_command.py:410} INFO - Running <TaskInstance: first_dag_02.first_task scheduled__2022-03-19T00:00:00+00:00 [running]> on host 964e508aad03
[2023-06-11T09:03:17.737+0000] {taskinstance.py:1547} INFO - Exporting env vars: AIRFLOW_CTX_DAG_OWNER='Raja' AIRFLOW_CTX_DAG_ID='first_dag_02' AIRFLOW_CTX_TASK_ID='first_task' AIRFLOW_CTX_EXECUTION_DATE='2022-03-19T00:00:00+00:00' AIRFLOW_CTX_TRY_NUMBER='1' AIRFLOW_CTX_DAG_RUN_ID='scheduled__2022-03-19T00:00:00+00:00'
[2023-06-11T09:03:17.742+0000] {subprocess.py:63} INFO - Tmp dir root location: 
 /tmp
[2023-06-11T09:03:17.744+0000] {subprocess.py:75} INFO - Running command: ['/bin/bash', '-c', 'echo hello world, this is the first task!']
[2023-06-11T09:03:18.531+0000] {subprocess.py:86} INFO - Output:
[2023-06-11T09:03:18.585+0000] {subprocess.py:93} INFO - hello world, this is the first task!
[2023-06-11T09:03:18.587+0000] {subprocess.py:97} INFO - Command exited with return code 0
[2023-06-11T09:03:19.382+0000] {taskinstance.py:1350} INFO - Marking task as SUCCESS. dag_id=first_dag_02, task_id=first_task, execution_date=20220319T000000, start_date=20230611T090308, end_date=20230611T090319
[2023-06-11T09:03:19.778+0000] {local_task_job_runner.py:225} INFO - Task exited with return code 0
[2023-06-11T09:36:51.001+0000] {taskinstance.py:2651} INFO - 2 downstream tasks scheduled from follow-on schedule check
[2023-06-11T15:26:38.439+0000] {taskinstance.py:1103} INFO - Dependencies all met for dep_context=non-requeueable deps ti=<TaskInstance: first_dag_02.first_task scheduled__2022-03-19T00:00:00+00:00 [queued]>
[2023-06-11T15:26:38.651+0000] {taskinstance.py:1103} INFO - Dependencies all met for dep_context=requeueable deps ti=<TaskInstance: first_dag_02.first_task scheduled__2022-03-19T00:00:00+00:00 [queued]>
[2023-06-11T15:26:38.651+0000] {taskinstance.py:1308} INFO - Starting attempt 1 of 6
[2023-06-11T15:26:39.507+0000] {taskinstance.py:1327} INFO - Executing <Task(BashOperator): first_task> on 2022-03-19 00:00:00+00:00
[2023-06-11T15:26:39.529+0000] {standard_task_runner.py:57} INFO - Started process 238 to run task
[2023-06-11T15:26:39.538+0000] {standard_task_runner.py:84} INFO - Running: ['***', 'tasks', 'run', 'first_dag_02', 'first_task', 'scheduled__2022-03-19T00:00:00+00:00', '--job-id', '1156', '--raw', '--subdir', 'DAGS_FOLDER/First_dag.py', '--cfg-path', '/tmp/tmpvpqc1zec']
[2023-06-11T15:26:39.539+0000] {standard_task_runner.py:85} INFO - Job 1156: Subtask first_task
[2023-06-11T15:26:39.998+0000] {task_command.py:410} INFO - Running <TaskInstance: first_dag_02.first_task scheduled__2022-03-19T00:00:00+00:00 [running]> on host 7586ce0070ac
[2023-06-11T15:26:41.109+0000] {taskinstance.py:1547} INFO - Exporting env vars: AIRFLOW_CTX_DAG_OWNER='Raja' AIRFLOW_CTX_DAG_ID='first_dag_02' AIRFLOW_CTX_TASK_ID='first_task' AIRFLOW_CTX_EXECUTION_DATE='2022-03-19T00:00:00+00:00' AIRFLOW_CTX_TRY_NUMBER='1' AIRFLOW_CTX_DAG_RUN_ID='scheduled__2022-03-19T00:00:00+00:00'
[2023-06-11T15:26:41.112+0000] {subprocess.py:63} INFO - Tmp dir root location: 
 /tmp
[2023-06-11T15:26:41.114+0000] {subprocess.py:75} INFO - Running command: ['/bin/bash', '-c', 'echo hello world, this is the first task!']
[2023-06-11T15:26:41.182+0000] {subprocess.py:86} INFO - Output:
[2023-06-11T15:26:41.193+0000] {subprocess.py:93} INFO - hello world, this is the first task!
[2023-06-11T15:26:41.194+0000] {subprocess.py:97} INFO - Command exited with return code 0
[2023-06-11T15:26:41.837+0000] {taskinstance.py:1350} INFO - Marking task as SUCCESS. dag_id=first_dag_02, task_id=first_task, execution_date=20220319T000000, start_date=20230611T152638, end_date=20230611T152641
[2023-06-11T15:26:42.175+0000] {local_task_job_runner.py:225} INFO - Task exited with return code 0
[2023-06-11T15:26:42.970+0000] {taskinstance.py:2651} INFO - 0 downstream tasks scheduled from follow-on schedule check
