[2023-06-11T08:54:38.559+0000] {taskinstance.py:1103} INFO - Dependencies all met for dep_context=non-requeueable deps ti=<TaskInstance: first_dag_02.thrid_task scheduled__2021-11-21T00:00:00+00:00 [queued]>
[2023-06-11T08:54:38.647+0000] {taskinstance.py:1103} INFO - Dependencies all met for dep_context=requeueable deps ti=<TaskInstance: first_dag_02.thrid_task scheduled__2021-11-21T00:00:00+00:00 [queued]>
[2023-06-11T08:54:38.648+0000] {taskinstance.py:1308} INFO - Starting attempt 1 of 6
[2023-06-11T08:54:39.070+0000] {taskinstance.py:1327} INFO - Executing <Task(BashOperator): thrid_task> on 2021-11-21 00:00:00+00:00
[2023-06-11T08:54:39.108+0000] {standard_task_runner.py:57} INFO - Started process 1843 to run task
[2023-06-11T08:54:39.193+0000] {standard_task_runner.py:84} INFO - Running: ['***', 'tasks', 'run', 'first_dag_02', 'thrid_task', 'scheduled__2021-11-21T00:00:00+00:00', '--job-id', '574', '--raw', '--subdir', 'DAGS_FOLDER/First_dag.py', '--cfg-path', '/tmp/tmp0e0mu3oa']
[2023-06-11T08:54:39.222+0000] {standard_task_runner.py:85} INFO - Job 574: Subtask thrid_task
[2023-06-11T08:54:39.743+0000] {task_command.py:410} INFO - Running <TaskInstance: first_dag_02.thrid_task scheduled__2021-11-21T00:00:00+00:00 [running]> on host 964e508aad03
[2023-06-11T08:54:40.817+0000] {taskinstance.py:1547} INFO - Exporting env vars: AIRFLOW_CTX_DAG_OWNER='Raja' AIRFLOW_CTX_DAG_ID='first_dag_02' AIRFLOW_CTX_TASK_ID='thrid_task' AIRFLOW_CTX_EXECUTION_DATE='2021-11-21T00:00:00+00:00' AIRFLOW_CTX_TRY_NUMBER='1' AIRFLOW_CTX_DAG_RUN_ID='scheduled__2021-11-21T00:00:00+00:00'
[2023-06-11T08:54:40.820+0000] {subprocess.py:63} INFO - Tmp dir root location: 
 /tmp
[2023-06-11T08:54:40.821+0000] {subprocess.py:75} INFO - Running command: ['/bin/bash', '-c', 'echo hey, I am task3 and will be running after task1 at the same time as task2!']
[2023-06-11T08:54:40.933+0000] {subprocess.py:86} INFO - Output:
[2023-06-11T08:54:40.946+0000] {subprocess.py:93} INFO - hey, I am task3 and will be running after task1 at the same time as task2!
[2023-06-11T08:54:40.946+0000] {subprocess.py:97} INFO - Command exited with return code 0
[2023-06-11T08:54:41.279+0000] {taskinstance.py:1350} INFO - Marking task as SUCCESS. dag_id=first_dag_02, task_id=thrid_task, execution_date=20211121T000000, start_date=20230611T085438, end_date=20230611T085441
[2023-06-11T08:54:41.677+0000] {local_task_job_runner.py:225} INFO - Task exited with return code 0
[2023-06-11T08:54:41.765+0000] {taskinstance.py:2651} INFO - 0 downstream tasks scheduled from follow-on schedule check
[2023-06-11T11:17:00.460+0000] {taskinstance.py:1103} INFO - Dependencies all met for dep_context=non-requeueable deps ti=<TaskInstance: first_dag_02.thrid_task scheduled__2021-11-21T00:00:00+00:00 [queued]>
[2023-06-11T11:17:01.591+0000] {taskinstance.py:1103} INFO - Dependencies all met for dep_context=requeueable deps ti=<TaskInstance: first_dag_02.thrid_task scheduled__2021-11-21T00:00:00+00:00 [queued]>
[2023-06-11T11:17:01.592+0000] {taskinstance.py:1308} INFO - Starting attempt 1 of 6
[2023-06-11T11:17:03.485+0000] {taskinstance.py:1327} INFO - Executing <Task(BashOperator): thrid_task> on 2021-11-21 00:00:00+00:00
[2023-06-11T11:17:03.505+0000] {standard_task_runner.py:57} INFO - Started process 520 to run task
[2023-06-11T11:17:03.797+0000] {standard_task_runner.py:84} INFO - Running: ['***', 'tasks', 'run', 'first_dag_02', 'thrid_task', 'scheduled__2021-11-21T00:00:00+00:00', '--job-id', '619', '--raw', '--subdir', 'DAGS_FOLDER/First_dag.py', '--cfg-path', '/tmp/tmpg8d1pu26']
[2023-06-11T11:17:03.797+0000] {standard_task_runner.py:85} INFO - Job 619: Subtask thrid_task
[2023-06-11T11:17:06.347+0000] {task_command.py:410} INFO - Running <TaskInstance: first_dag_02.thrid_task scheduled__2021-11-21T00:00:00+00:00 [running]> on host 7586ce0070ac
[2023-06-11T11:17:12.468+0000] {taskinstance.py:1547} INFO - Exporting env vars: AIRFLOW_CTX_DAG_OWNER='Raja' AIRFLOW_CTX_DAG_ID='first_dag_02' AIRFLOW_CTX_TASK_ID='thrid_task' AIRFLOW_CTX_EXECUTION_DATE='2021-11-21T00:00:00+00:00' AIRFLOW_CTX_TRY_NUMBER='1' AIRFLOW_CTX_DAG_RUN_ID='scheduled__2021-11-21T00:00:00+00:00'
[2023-06-11T11:17:12.473+0000] {subprocess.py:63} INFO - Tmp dir root location: 
 /tmp
[2023-06-11T11:17:12.475+0000] {subprocess.py:75} INFO - Running command: ['/bin/bash', '-c', 'echo hey, I am task3 and will be running after task1 at the same time as task2!']
[2023-06-11T11:17:12.828+0000] {subprocess.py:86} INFO - Output:
[2023-06-11T11:17:12.910+0000] {subprocess.py:93} INFO - hey, I am task3 and will be running after task1 at the same time as task2!
[2023-06-11T11:17:12.931+0000] {subprocess.py:97} INFO - Command exited with return code 0
[2023-06-11T11:17:14.341+0000] {taskinstance.py:1350} INFO - Marking task as SUCCESS. dag_id=first_dag_02, task_id=thrid_task, execution_date=20211121T000000, start_date=20230611T111700, end_date=20230611T111714
[2023-06-11T11:17:15.096+0000] {local_task_job_runner.py:225} INFO - Task exited with return code 0
[2023-06-11T11:17:16.330+0000] {taskinstance.py:2651} INFO - 0 downstream tasks scheduled from follow-on schedule check
