[2023-06-10T17:28:51.149+0000] {taskinstance.py:1103} INFO - Dependencies all met for dep_context=non-requeueable deps ti=<TaskInstance: first_dag_02.thrid_task scheduled__2021-08-14T00:00:00+00:00 [queued]>
[2023-06-10T17:28:51.780+0000] {taskinstance.py:1103} INFO - Dependencies all met for dep_context=requeueable deps ti=<TaskInstance: first_dag_02.thrid_task scheduled__2021-08-14T00:00:00+00:00 [queued]>
[2023-06-10T17:28:51.784+0000] {taskinstance.py:1308} INFO - Starting attempt 1 of 6
[2023-06-10T17:28:52.092+0000] {taskinstance.py:1327} INFO - Executing <Task(BashOperator): thrid_task> on 2021-08-14 00:00:00+00:00
[2023-06-10T17:28:52.207+0000] {standard_task_runner.py:57} INFO - Started process 1030 to run task
[2023-06-10T17:28:52.292+0000] {standard_task_runner.py:84} INFO - Running: ['***', 'tasks', 'run', 'first_dag_02', 'thrid_task', 'scheduled__2021-08-14T00:00:00+00:00', '--job-id', '1848', '--raw', '--subdir', 'DAGS_FOLDER/First_dag.py', '--cfg-path', '/tmp/tmp896ocvzf']
[2023-06-10T17:28:52.293+0000] {standard_task_runner.py:85} INFO - Job 1848: Subtask thrid_task
[2023-06-10T17:28:53.990+0000] {task_command.py:410} INFO - Running <TaskInstance: first_dag_02.thrid_task scheduled__2021-08-14T00:00:00+00:00 [running]> on host e326d5f70fa9
[2023-06-10T17:28:55.896+0000] {taskinstance.py:1547} INFO - Exporting env vars: AIRFLOW_CTX_DAG_OWNER='Raja' AIRFLOW_CTX_DAG_ID='first_dag_02' AIRFLOW_CTX_TASK_ID='thrid_task' AIRFLOW_CTX_EXECUTION_DATE='2021-08-14T00:00:00+00:00' AIRFLOW_CTX_TRY_NUMBER='1' AIRFLOW_CTX_DAG_RUN_ID='scheduled__2021-08-14T00:00:00+00:00'
[2023-06-10T17:28:55.903+0000] {subprocess.py:63} INFO - Tmp dir root location: 
 /tmp
[2023-06-10T17:28:55.905+0000] {subprocess.py:75} INFO - Running command: ['/bin/bash', '-c', 'echo hey, I am task3 and will be running after task1 at the same time as task2!']
[2023-06-10T17:28:55.934+0000] {subprocess.py:86} INFO - Output:
[2023-06-10T17:28:55.954+0000] {subprocess.py:93} INFO - hey, I am task3 and will be running after task1 at the same time as task2!
[2023-06-10T17:28:55.956+0000] {subprocess.py:97} INFO - Command exited with return code 0
[2023-06-10T17:28:56.603+0000] {taskinstance.py:1350} INFO - Marking task as SUCCESS. dag_id=first_dag_02, task_id=thrid_task, execution_date=20210814T000000, start_date=20230610T172851, end_date=20230610T172856
[2023-06-10T17:28:57.265+0000] {local_task_job_runner.py:225} INFO - Task exited with return code 0
[2023-06-10T17:28:57.725+0000] {taskinstance.py:2651} INFO - 0 downstream tasks scheduled from follow-on schedule check
[2023-06-11T04:45:47.992+0000] {taskinstance.py:1103} INFO - Dependencies all met for dep_context=non-requeueable deps ti=<TaskInstance: first_dag_02.thrid_task scheduled__2021-08-14T00:00:00+00:00 [queued]>
[2023-06-11T04:45:48.198+0000] {taskinstance.py:1103} INFO - Dependencies all met for dep_context=requeueable deps ti=<TaskInstance: first_dag_02.thrid_task scheduled__2021-08-14T00:00:00+00:00 [queued]>
[2023-06-11T04:45:48.198+0000] {taskinstance.py:1308} INFO - Starting attempt 1 of 6
[2023-06-11T04:45:48.789+0000] {taskinstance.py:1327} INFO - Executing <Task(BashOperator): thrid_task> on 2021-08-14 00:00:00+00:00
[2023-06-11T04:45:48.846+0000] {standard_task_runner.py:57} INFO - Started process 324 to run task
[2023-06-11T04:45:48.892+0000] {standard_task_runner.py:84} INFO - Running: ['***', 'tasks', 'run', 'first_dag_02', 'thrid_task', 'scheduled__2021-08-14T00:00:00+00:00', '--job-id', '91', '--raw', '--subdir', 'DAGS_FOLDER/First_dag.py', '--cfg-path', '/tmp/tmp3auc0n72']
[2023-06-11T04:45:48.912+0000] {standard_task_runner.py:85} INFO - Job 91: Subtask thrid_task
[2023-06-11T04:45:49.563+0000] {task_command.py:410} INFO - Running <TaskInstance: first_dag_02.thrid_task scheduled__2021-08-14T00:00:00+00:00 [running]> on host 4b1b5d40d165
[2023-06-11T04:45:51.022+0000] {taskinstance.py:1547} INFO - Exporting env vars: AIRFLOW_CTX_DAG_OWNER='Raja' AIRFLOW_CTX_DAG_ID='first_dag_02' AIRFLOW_CTX_TASK_ID='thrid_task' AIRFLOW_CTX_EXECUTION_DATE='2021-08-14T00:00:00+00:00' AIRFLOW_CTX_TRY_NUMBER='1' AIRFLOW_CTX_DAG_RUN_ID='scheduled__2021-08-14T00:00:00+00:00'
[2023-06-11T04:45:51.042+0000] {subprocess.py:63} INFO - Tmp dir root location: 
 /tmp
[2023-06-11T04:45:51.048+0000] {subprocess.py:75} INFO - Running command: ['/bin/bash', '-c', 'echo hey, I am task3 and will be running after task1 at the same time as task2!']
[2023-06-11T04:45:51.130+0000] {subprocess.py:86} INFO - Output:
[2023-06-11T04:45:51.139+0000] {subprocess.py:93} INFO - hey, I am task3 and will be running after task1 at the same time as task2!
[2023-06-11T04:45:51.142+0000] {subprocess.py:97} INFO - Command exited with return code 0
[2023-06-11T04:45:51.321+0000] {taskinstance.py:1350} INFO - Marking task as SUCCESS. dag_id=first_dag_02, task_id=thrid_task, execution_date=20210814T000000, start_date=20230611T044548, end_date=20230611T044551
[2023-06-11T04:45:51.423+0000] {local_task_job_runner.py:225} INFO - Task exited with return code 0
[2023-06-11T04:45:51.597+0000] {taskinstance.py:2651} INFO - 0 downstream tasks scheduled from follow-on schedule check
[2023-06-11T05:16:13.550+0000] {taskinstance.py:1103} INFO - Dependencies all met for dep_context=non-requeueable deps ti=<TaskInstance: first_dag_02.thrid_task scheduled__2021-08-14T00:00:00+00:00 [queued]>
[2023-06-11T05:16:13.591+0000] {taskinstance.py:1103} INFO - Dependencies all met for dep_context=requeueable deps ti=<TaskInstance: first_dag_02.thrid_task scheduled__2021-08-14T00:00:00+00:00 [queued]>
[2023-06-11T05:16:13.592+0000] {taskinstance.py:1308} INFO - Starting attempt 1 of 6
[2023-06-11T05:16:13.959+0000] {taskinstance.py:1327} INFO - Executing <Task(BashOperator): thrid_task> on 2021-08-14 00:00:00+00:00
[2023-06-11T05:16:14.443+0000] {standard_task_runner.py:84} INFO - Running: ['***', 'tasks', 'run', 'first_dag_02', 'thrid_task', 'scheduled__2021-08-14T00:00:00+00:00', '--job-id', '85', '--raw', '--subdir', 'DAGS_FOLDER/First_dag.py', '--cfg-path', '/tmp/tmpkkzykel8']
[2023-06-11T05:16:14.408+0000] {standard_task_runner.py:57} INFO - Started process 353 to run task
[2023-06-11T05:16:14.497+0000] {standard_task_runner.py:85} INFO - Job 85: Subtask thrid_task
[2023-06-11T05:16:15.527+0000] {task_command.py:410} INFO - Running <TaskInstance: first_dag_02.thrid_task scheduled__2021-08-14T00:00:00+00:00 [running]> on host 69e374580eab
[2023-06-11T05:16:20.382+0000] {taskinstance.py:1547} INFO - Exporting env vars: AIRFLOW_CTX_DAG_OWNER='Raja' AIRFLOW_CTX_DAG_ID='first_dag_02' AIRFLOW_CTX_TASK_ID='thrid_task' AIRFLOW_CTX_EXECUTION_DATE='2021-08-14T00:00:00+00:00' AIRFLOW_CTX_TRY_NUMBER='1' AIRFLOW_CTX_DAG_RUN_ID='scheduled__2021-08-14T00:00:00+00:00'
[2023-06-11T05:16:20.411+0000] {subprocess.py:63} INFO - Tmp dir root location: 
 /tmp
[2023-06-11T05:16:20.438+0000] {subprocess.py:75} INFO - Running command: ['/bin/bash', '-c', 'echo hey, I am task3 and will be running after task1 at the same time as task2!']
[2023-06-11T05:16:20.645+0000] {subprocess.py:86} INFO - Output:
[2023-06-11T05:16:20.651+0000] {subprocess.py:93} INFO - hey, I am task3 and will be running after task1 at the same time as task2!
[2023-06-11T05:16:20.678+0000] {subprocess.py:97} INFO - Command exited with return code 0
[2023-06-11T05:16:21.028+0000] {taskinstance.py:1350} INFO - Marking task as SUCCESS. dag_id=first_dag_02, task_id=thrid_task, execution_date=20210814T000000, start_date=20230611T051613, end_date=20230611T051621
[2023-06-11T05:16:21.530+0000] {local_task_job_runner.py:225} INFO - Task exited with return code 0
[2023-06-11T05:16:24.294+0000] {taskinstance.py:2651} INFO - 0 downstream tasks scheduled from follow-on schedule check
[2023-06-11T08:18:26.847+0000] {taskinstance.py:1103} INFO - Dependencies all met for dep_context=non-requeueable deps ti=<TaskInstance: first_dag_02.thrid_task scheduled__2021-08-14T00:00:00+00:00 [queued]>
[2023-06-11T08:18:27.162+0000] {taskinstance.py:1103} INFO - Dependencies all met for dep_context=requeueable deps ti=<TaskInstance: first_dag_02.thrid_task scheduled__2021-08-14T00:00:00+00:00 [queued]>
[2023-06-11T08:18:27.208+0000] {taskinstance.py:1308} INFO - Starting attempt 1 of 6
[2023-06-11T08:18:28.025+0000] {taskinstance.py:1327} INFO - Executing <Task(BashOperator): thrid_task> on 2021-08-14 00:00:00+00:00
[2023-06-11T08:18:28.062+0000] {standard_task_runner.py:57} INFO - Started process 453 to run task
[2023-06-11T08:18:28.139+0000] {standard_task_runner.py:84} INFO - Running: ['***', 'tasks', 'run', 'first_dag_02', 'thrid_task', 'scheduled__2021-08-14T00:00:00+00:00', '--job-id', '156', '--raw', '--subdir', 'DAGS_FOLDER/First_dag.py', '--cfg-path', '/tmp/tmp7o1ap71c']
[2023-06-11T08:18:28.154+0000] {standard_task_runner.py:85} INFO - Job 156: Subtask thrid_task
[2023-06-11T08:18:29.701+0000] {task_command.py:410} INFO - Running <TaskInstance: first_dag_02.thrid_task scheduled__2021-08-14T00:00:00+00:00 [running]> on host 492037cdd057
[2023-06-11T08:18:38.237+0000] {taskinstance.py:1547} INFO - Exporting env vars: AIRFLOW_CTX_DAG_OWNER='Raja' AIRFLOW_CTX_DAG_ID='first_dag_02' AIRFLOW_CTX_TASK_ID='thrid_task' AIRFLOW_CTX_EXECUTION_DATE='2021-08-14T00:00:00+00:00' AIRFLOW_CTX_TRY_NUMBER='1' AIRFLOW_CTX_DAG_RUN_ID='scheduled__2021-08-14T00:00:00+00:00'
[2023-06-11T08:18:38.317+0000] {subprocess.py:63} INFO - Tmp dir root location: 
 /tmp
[2023-06-11T08:18:38.354+0000] {subprocess.py:75} INFO - Running command: ['/bin/bash', '-c', 'echo hey, I am task3 and will be running after task1 at the same time as task2!']
[2023-06-11T08:18:38.979+0000] {subprocess.py:86} INFO - Output:
[2023-06-11T08:18:39.033+0000] {subprocess.py:93} INFO - hey, I am task3 and will be running after task1 at the same time as task2!
[2023-06-11T08:18:39.073+0000] {subprocess.py:97} INFO - Command exited with return code 0
[2023-06-11T08:18:40.313+0000] {taskinstance.py:1350} INFO - Marking task as SUCCESS. dag_id=first_dag_02, task_id=thrid_task, execution_date=20210814T000000, start_date=20230611T081826, end_date=20230611T081840
[2023-06-11T08:18:41.038+0000] {local_task_job_runner.py:225} INFO - Task exited with return code 0
[2023-06-11T08:18:41.433+0000] {taskinstance.py:2651} INFO - 0 downstream tasks scheduled from follow-on schedule check
[2023-06-11T08:48:15.088+0000] {taskinstance.py:1103} INFO - Dependencies all met for dep_context=non-requeueable deps ti=<TaskInstance: first_dag_02.thrid_task scheduled__2021-08-14T00:00:00+00:00 [queued]>
[2023-06-11T08:48:15.379+0000] {taskinstance.py:1103} INFO - Dependencies all met for dep_context=requeueable deps ti=<TaskInstance: first_dag_02.thrid_task scheduled__2021-08-14T00:00:00+00:00 [queued]>
[2023-06-11T08:48:15.379+0000] {taskinstance.py:1308} INFO - Starting attempt 1 of 6
[2023-06-11T08:48:16.177+0000] {taskinstance.py:1327} INFO - Executing <Task(BashOperator): thrid_task> on 2021-08-14 00:00:00+00:00
[2023-06-11T08:48:16.243+0000] {standard_task_runner.py:57} INFO - Started process 404 to run task
[2023-06-11T08:48:16.346+0000] {standard_task_runner.py:84} INFO - Running: ['***', 'tasks', 'run', 'first_dag_02', 'thrid_task', 'scheduled__2021-08-14T00:00:00+00:00', '--job-id', '116', '--raw', '--subdir', 'DAGS_FOLDER/First_dag.py', '--cfg-path', '/tmp/tmpmbgnnj0u']
[2023-06-11T08:48:16.347+0000] {standard_task_runner.py:85} INFO - Job 116: Subtask thrid_task
[2023-06-11T08:48:17.038+0000] {task_command.py:410} INFO - Running <TaskInstance: first_dag_02.thrid_task scheduled__2021-08-14T00:00:00+00:00 [running]> on host 964e508aad03
[2023-06-11T08:48:19.020+0000] {taskinstance.py:1547} INFO - Exporting env vars: AIRFLOW_CTX_DAG_OWNER='Raja' AIRFLOW_CTX_DAG_ID='first_dag_02' AIRFLOW_CTX_TASK_ID='thrid_task' AIRFLOW_CTX_EXECUTION_DATE='2021-08-14T00:00:00+00:00' AIRFLOW_CTX_TRY_NUMBER='1' AIRFLOW_CTX_DAG_RUN_ID='scheduled__2021-08-14T00:00:00+00:00'
[2023-06-11T08:48:19.022+0000] {subprocess.py:63} INFO - Tmp dir root location: 
 /tmp
[2023-06-11T08:48:19.023+0000] {subprocess.py:75} INFO - Running command: ['/bin/bash', '-c', 'echo hey, I am task3 and will be running after task1 at the same time as task2!']
[2023-06-11T08:48:19.162+0000] {subprocess.py:86} INFO - Output:
[2023-06-11T08:48:19.218+0000] {subprocess.py:93} INFO - hey, I am task3 and will be running after task1 at the same time as task2!
[2023-06-11T08:48:19.218+0000] {subprocess.py:97} INFO - Command exited with return code 0
[2023-06-11T08:48:19.666+0000] {taskinstance.py:1350} INFO - Marking task as SUCCESS. dag_id=first_dag_02, task_id=thrid_task, execution_date=20210814T000000, start_date=20230611T084815, end_date=20230611T084819
[2023-06-11T08:48:20.050+0000] {local_task_job_runner.py:225} INFO - Task exited with return code 0
[2023-06-11T08:48:20.511+0000] {taskinstance.py:2651} INFO - 0 downstream tasks scheduled from follow-on schedule check
[2023-06-11T10:39:05.640+0000] {taskinstance.py:1103} INFO - Dependencies all met for dep_context=non-requeueable deps ti=<TaskInstance: first_dag_02.thrid_task scheduled__2021-08-14T00:00:00+00:00 [queued]>
[2023-06-11T10:39:06.277+0000] {taskinstance.py:1103} INFO - Dependencies all met for dep_context=requeueable deps ti=<TaskInstance: first_dag_02.thrid_task scheduled__2021-08-14T00:00:00+00:00 [queued]>
[2023-06-11T10:39:06.279+0000] {taskinstance.py:1308} INFO - Starting attempt 1 of 6
[2023-06-11T10:39:08.275+0000] {taskinstance.py:1327} INFO - Executing <Task(BashOperator): thrid_task> on 2021-08-14 00:00:00+00:00
[2023-06-11T10:39:08.289+0000] {standard_task_runner.py:57} INFO - Started process 406 to run task
[2023-06-11T10:39:08.388+0000] {standard_task_runner.py:84} INFO - Running: ['***', 'tasks', 'run', 'first_dag_02', 'thrid_task', 'scheduled__2021-08-14T00:00:00+00:00', '--job-id', '110', '--raw', '--subdir', 'DAGS_FOLDER/First_dag.py', '--cfg-path', '/tmp/tmp4t9_p4bx']
[2023-06-11T10:39:08.389+0000] {standard_task_runner.py:85} INFO - Job 110: Subtask thrid_task
[2023-06-11T10:39:10.441+0000] {task_command.py:410} INFO - Running <TaskInstance: first_dag_02.thrid_task scheduled__2021-08-14T00:00:00+00:00 [running]> on host 7586ce0070ac
[2023-06-11T10:39:14.294+0000] {taskinstance.py:1547} INFO - Exporting env vars: AIRFLOW_CTX_DAG_OWNER='Raja' AIRFLOW_CTX_DAG_ID='first_dag_02' AIRFLOW_CTX_TASK_ID='thrid_task' AIRFLOW_CTX_EXECUTION_DATE='2021-08-14T00:00:00+00:00' AIRFLOW_CTX_TRY_NUMBER='1' AIRFLOW_CTX_DAG_RUN_ID='scheduled__2021-08-14T00:00:00+00:00'
[2023-06-11T10:39:14.314+0000] {subprocess.py:63} INFO - Tmp dir root location: 
 /tmp
[2023-06-11T10:39:14.317+0000] {subprocess.py:75} INFO - Running command: ['/bin/bash', '-c', 'echo hey, I am task3 and will be running after task1 at the same time as task2!']
[2023-06-11T10:39:14.454+0000] {subprocess.py:86} INFO - Output:
[2023-06-11T10:39:14.562+0000] {subprocess.py:93} INFO - hey, I am task3 and will be running after task1 at the same time as task2!
[2023-06-11T10:39:14.564+0000] {subprocess.py:97} INFO - Command exited with return code 0
[2023-06-11T10:39:14.694+0000] {taskinstance.py:1350} INFO - Marking task as SUCCESS. dag_id=first_dag_02, task_id=thrid_task, execution_date=20210814T000000, start_date=20230611T103905, end_date=20230611T103914
[2023-06-11T10:39:15.684+0000] {local_task_job_runner.py:225} INFO - Task exited with return code 0
[2023-06-11T10:39:16.388+0000] {taskinstance.py:2651} INFO - 0 downstream tasks scheduled from follow-on schedule check
