[2023-06-11T05:19:12.418+0000] {taskinstance.py:1103} INFO - Dependencies all met for dep_context=non-requeueable deps ti=<TaskInstance: dag_catchip_01.task1 scheduled__2023-04-25T00:00:00+00:00 [queued]>
[2023-06-11T05:19:12.846+0000] {taskinstance.py:1103} INFO - Dependencies all met for dep_context=requeueable deps ti=<TaskInstance: dag_catchip_01.task1 scheduled__2023-04-25T00:00:00+00:00 [queued]>
[2023-06-11T05:19:12.847+0000] {taskinstance.py:1308} INFO - Starting attempt 1 of 6
[2023-06-11T05:19:15.260+0000] {taskinstance.py:1327} INFO - Executing <Task(BashOperator): task1> on 2023-04-25 00:00:00+00:00
[2023-06-11T05:19:15.511+0000] {standard_task_runner.py:57} INFO - Started process 628 to run task
[2023-06-11T05:19:15.599+0000] {standard_task_runner.py:84} INFO - Running: ['***', 'tasks', 'run', 'dag_catchip_01', 'task1', 'scheduled__2023-04-25T00:00:00+00:00', '--job-id', '164', '--raw', '--subdir', 'DAGS_FOLDER/dag_catchup.py', '--cfg-path', '/tmp/tmprpudvbd6']
[2023-06-11T05:19:15.742+0000] {standard_task_runner.py:85} INFO - Job 164: Subtask task1
[2023-06-11T05:19:17.893+0000] {task_command.py:410} INFO - Running <TaskInstance: dag_catchip_01.task1 scheduled__2023-04-25T00:00:00+00:00 [running]> on host 69e374580eab
[2023-06-11T05:19:26.566+0000] {taskinstance.py:1547} INFO - Exporting env vars: AIRFLOW_CTX_DAG_OWNER='Raja' AIRFLOW_CTX_DAG_ID='dag_catchip_01' AIRFLOW_CTX_TASK_ID='task1' AIRFLOW_CTX_EXECUTION_DATE='2023-04-25T00:00:00+00:00' AIRFLOW_CTX_TRY_NUMBER='1' AIRFLOW_CTX_DAG_RUN_ID='scheduled__2023-04-25T00:00:00+00:00'
[2023-06-11T05:19:26.814+0000] {subprocess.py:63} INFO - Tmp dir root location: 
 /tmp
[2023-06-11T05:19:26.818+0000] {subprocess.py:75} INFO - Running command: ['/bin/bash', '-c', 'echo Hai how are you']
[2023-06-11T05:19:27.111+0000] {subprocess.py:86} INFO - Output:
[2023-06-11T05:19:27.342+0000] {subprocess.py:93} INFO - Hai how are you
[2023-06-11T05:19:27.343+0000] {subprocess.py:97} INFO - Command exited with return code 0
[2023-06-11T05:19:29.824+0000] {taskinstance.py:1350} INFO - Marking task as SUCCESS. dag_id=dag_catchip_01, task_id=task1, execution_date=20230425T000000, start_date=20230611T051912, end_date=20230611T051929
[2023-06-11T05:19:32.442+0000] {local_task_job_runner.py:225} INFO - Task exited with return code 0
[2023-06-11T05:19:35.517+0000] {taskinstance.py:2651} INFO - 0 downstream tasks scheduled from follow-on schedule check
[2023-06-11T08:19:01.158+0000] {taskinstance.py:1103} INFO - Dependencies all met for dep_context=non-requeueable deps ti=<TaskInstance: dag_catchip_01.task1 scheduled__2023-04-25T00:00:00+00:00 [queued]>
[2023-06-11T08:19:01.230+0000] {taskinstance.py:1103} INFO - Dependencies all met for dep_context=requeueable deps ti=<TaskInstance: dag_catchip_01.task1 scheduled__2023-04-25T00:00:00+00:00 [queued]>
[2023-06-11T08:19:01.231+0000] {taskinstance.py:1308} INFO - Starting attempt 1 of 6
[2023-06-11T08:19:02.179+0000] {taskinstance.py:1327} INFO - Executing <Task(BashOperator): task1> on 2023-04-25 00:00:00+00:00
[2023-06-11T08:19:02.498+0000] {standard_task_runner.py:57} INFO - Started process 503 to run task
[2023-06-11T08:19:02.666+0000] {standard_task_runner.py:84} INFO - Running: ['***', 'tasks', 'run', 'dag_catchip_01', 'task1', 'scheduled__2023-04-25T00:00:00+00:00', '--job-id', '168', '--raw', '--subdir', 'DAGS_FOLDER/dag_catchup.py', '--cfg-path', '/tmp/tmp2h1nxvzf']
[2023-06-11T08:19:02.674+0000] {standard_task_runner.py:85} INFO - Job 168: Subtask task1
[2023-06-11T08:19:05.779+0000] {task_command.py:410} INFO - Running <TaskInstance: dag_catchip_01.task1 scheduled__2023-04-25T00:00:00+00:00 [running]> on host 492037cdd057
[2023-06-11T08:19:11.032+0000] {taskinstance.py:1547} INFO - Exporting env vars: AIRFLOW_CTX_DAG_OWNER='Raja' AIRFLOW_CTX_DAG_ID='dag_catchip_01' AIRFLOW_CTX_TASK_ID='task1' AIRFLOW_CTX_EXECUTION_DATE='2023-04-25T00:00:00+00:00' AIRFLOW_CTX_TRY_NUMBER='1' AIRFLOW_CTX_DAG_RUN_ID='scheduled__2023-04-25T00:00:00+00:00'
[2023-06-11T08:19:11.086+0000] {subprocess.py:63} INFO - Tmp dir root location: 
 /tmp
[2023-06-11T08:19:11.087+0000] {subprocess.py:75} INFO - Running command: ['/bin/bash', '-c', 'echo Hai how are you']
[2023-06-11T08:19:11.319+0000] {subprocess.py:86} INFO - Output:
[2023-06-11T08:19:11.358+0000] {subprocess.py:93} INFO - Hai how are you
[2023-06-11T08:19:11.396+0000] {subprocess.py:97} INFO - Command exited with return code 0
[2023-06-11T08:19:12.336+0000] {taskinstance.py:1350} INFO - Marking task as SUCCESS. dag_id=dag_catchip_01, task_id=task1, execution_date=20230425T000000, start_date=20230611T081901, end_date=20230611T081912
[2023-06-11T08:19:13.090+0000] {local_task_job_runner.py:225} INFO - Task exited with return code 0
[2023-06-11T08:19:14.578+0000] {taskinstance.py:2651} INFO - 0 downstream tasks scheduled from follow-on schedule check
