[2023-06-11T04:52:18.172+0000] {taskinstance.py:1103} INFO - Dependencies all met for dep_context=non-requeueable deps ti=<TaskInstance: first_dag_02.first_task scheduled__2021-10-06T00:00:00+00:00 [queued]>
[2023-06-11T04:52:18.398+0000] {taskinstance.py:1103} INFO - Dependencies all met for dep_context=requeueable deps ti=<TaskInstance: first_dag_02.first_task scheduled__2021-10-06T00:00:00+00:00 [queued]>
[2023-06-11T04:52:18.400+0000] {taskinstance.py:1308} INFO - Starting attempt 1 of 6
[2023-06-11T04:52:18.948+0000] {taskinstance.py:1327} INFO - Executing <Task(BashOperator): first_task> on 2021-10-06 00:00:00+00:00
[2023-06-11T04:52:18.978+0000] {standard_task_runner.py:57} INFO - Started process 927 to run task
[2023-06-11T04:52:19.028+0000] {standard_task_runner.py:84} INFO - Running: ['***', 'tasks', 'run', 'first_dag_02', 'first_task', 'scheduled__2021-10-06T00:00:00+00:00', '--job-id', '274', '--raw', '--subdir', 'DAGS_FOLDER/First_dag.py', '--cfg-path', '/tmp/tmp2ehltmyv']
[2023-06-11T04:52:19.029+0000] {standard_task_runner.py:85} INFO - Job 274: Subtask first_task
[2023-06-11T04:52:19.409+0000] {task_command.py:410} INFO - Running <TaskInstance: first_dag_02.first_task scheduled__2021-10-06T00:00:00+00:00 [running]> on host 4b1b5d40d165
[2023-06-11T04:52:21.327+0000] {taskinstance.py:1547} INFO - Exporting env vars: AIRFLOW_CTX_DAG_OWNER='Raja' AIRFLOW_CTX_DAG_ID='first_dag_02' AIRFLOW_CTX_TASK_ID='first_task' AIRFLOW_CTX_EXECUTION_DATE='2021-10-06T00:00:00+00:00' AIRFLOW_CTX_TRY_NUMBER='1' AIRFLOW_CTX_DAG_RUN_ID='scheduled__2021-10-06T00:00:00+00:00'
[2023-06-11T04:52:21.334+0000] {subprocess.py:63} INFO - Tmp dir root location: 
 /tmp
[2023-06-11T04:52:21.335+0000] {subprocess.py:75} INFO - Running command: ['/bin/bash', '-c', 'echo hello world, this is the first task!']
[2023-06-11T04:52:21.619+0000] {subprocess.py:86} INFO - Output:
[2023-06-11T04:52:21.690+0000] {subprocess.py:93} INFO - hello world, this is the first task!
[2023-06-11T04:52:21.694+0000] {subprocess.py:97} INFO - Command exited with return code 0
[2023-06-11T04:52:21.935+0000] {taskinstance.py:1350} INFO - Marking task as SUCCESS. dag_id=first_dag_02, task_id=first_task, execution_date=20211006T000000, start_date=20230611T045218, end_date=20230611T045221
[2023-06-11T04:52:23.112+0000] {local_task_job_runner.py:225} INFO - Task exited with return code 0
[2023-06-11T04:52:23.866+0000] {taskinstance.py:2651} INFO - 2 downstream tasks scheduled from follow-on schedule check
[2023-06-11T08:29:07.616+0000] {taskinstance.py:1103} INFO - Dependencies all met for dep_context=non-requeueable deps ti=<TaskInstance: first_dag_02.first_task scheduled__2021-10-06T00:00:00+00:00 [queued]>
[2023-06-11T08:29:08.972+0000] {taskinstance.py:1103} INFO - Dependencies all met for dep_context=requeueable deps ti=<TaskInstance: first_dag_02.first_task scheduled__2021-10-06T00:00:00+00:00 [queued]>
[2023-06-11T08:29:09.329+0000] {taskinstance.py:1308} INFO - Starting attempt 1 of 6
[2023-06-11T08:29:12.843+0000] {taskinstance.py:1327} INFO - Executing <Task(BashOperator): first_task> on 2021-10-06 00:00:00+00:00
[2023-06-11T08:29:12.882+0000] {standard_task_runner.py:57} INFO - Started process 1296 to run task
[2023-06-11T08:29:12.923+0000] {standard_task_runner.py:84} INFO - Running: ['***', 'tasks', 'run', 'first_dag_02', 'first_task', 'scheduled__2021-10-06T00:00:00+00:00', '--job-id', '397', '--raw', '--subdir', 'DAGS_FOLDER/First_dag.py', '--cfg-path', '/tmp/tmpz_kyde42']
[2023-06-11T08:29:12.927+0000] {standard_task_runner.py:85} INFO - Job 397: Subtask first_task
[2023-06-11T08:29:15.476+0000] {task_command.py:410} INFO - Running <TaskInstance: first_dag_02.first_task scheduled__2021-10-06T00:00:00+00:00 [running]> on host 492037cdd057
[2023-06-11T08:29:19.649+0000] {taskinstance.py:1547} INFO - Exporting env vars: AIRFLOW_CTX_DAG_OWNER='Raja' AIRFLOW_CTX_DAG_ID='first_dag_02' AIRFLOW_CTX_TASK_ID='first_task' AIRFLOW_CTX_EXECUTION_DATE='2021-10-06T00:00:00+00:00' AIRFLOW_CTX_TRY_NUMBER='1' AIRFLOW_CTX_DAG_RUN_ID='scheduled__2021-10-06T00:00:00+00:00'
[2023-06-11T08:29:19.789+0000] {subprocess.py:63} INFO - Tmp dir root location: 
 /tmp
[2023-06-11T08:29:19.800+0000] {subprocess.py:75} INFO - Running command: ['/bin/bash', '-c', 'echo hello world, this is the first task!']
[2023-06-11T08:29:20.067+0000] {subprocess.py:86} INFO - Output:
[2023-06-11T08:29:20.075+0000] {subprocess.py:93} INFO - hello world, this is the first task!
[2023-06-11T08:29:20.076+0000] {subprocess.py:97} INFO - Command exited with return code 0
[2023-06-11T08:29:20.764+0000] {taskinstance.py:1350} INFO - Marking task as SUCCESS. dag_id=first_dag_02, task_id=first_task, execution_date=20211006T000000, start_date=20230611T082907, end_date=20230611T082920
[2023-06-11T08:29:21.416+0000] {local_task_job_runner.py:225} INFO - Task exited with return code 0
[2023-06-11T08:29:21.891+0000] {taskinstance.py:2651} INFO - 2 downstream tasks scheduled from follow-on schedule check
[2023-06-11T08:51:27.260+0000] {taskinstance.py:1103} INFO - Dependencies all met for dep_context=non-requeueable deps ti=<TaskInstance: first_dag_02.first_task scheduled__2021-10-06T00:00:00+00:00 [queued]>
[2023-06-11T08:51:27.601+0000] {taskinstance.py:1103} INFO - Dependencies all met for dep_context=requeueable deps ti=<TaskInstance: first_dag_02.first_task scheduled__2021-10-06T00:00:00+00:00 [queued]>
[2023-06-11T08:51:27.602+0000] {taskinstance.py:1308} INFO - Starting attempt 1 of 6
[2023-06-11T08:51:27.946+0000] {taskinstance.py:1327} INFO - Executing <Task(BashOperator): first_task> on 2021-10-06 00:00:00+00:00
[2023-06-11T08:51:28.051+0000] {standard_task_runner.py:57} INFO - Started process 1114 to run task
[2023-06-11T08:51:28.062+0000] {standard_task_runner.py:84} INFO - Running: ['***', 'tasks', 'run', 'first_dag_02', 'first_task', 'scheduled__2021-10-06T00:00:00+00:00', '--job-id', '344', '--raw', '--subdir', 'DAGS_FOLDER/First_dag.py', '--cfg-path', '/tmp/tmp_o_7po1w']
[2023-06-11T08:51:28.064+0000] {standard_task_runner.py:85} INFO - Job 344: Subtask first_task
[2023-06-11T08:51:28.578+0000] {task_command.py:410} INFO - Running <TaskInstance: first_dag_02.first_task scheduled__2021-10-06T00:00:00+00:00 [running]> on host 964e508aad03
[2023-06-11T08:51:29.941+0000] {taskinstance.py:1547} INFO - Exporting env vars: AIRFLOW_CTX_DAG_OWNER='Raja' AIRFLOW_CTX_DAG_ID='first_dag_02' AIRFLOW_CTX_TASK_ID='first_task' AIRFLOW_CTX_EXECUTION_DATE='2021-10-06T00:00:00+00:00' AIRFLOW_CTX_TRY_NUMBER='1' AIRFLOW_CTX_DAG_RUN_ID='scheduled__2021-10-06T00:00:00+00:00'
[2023-06-11T08:51:29.944+0000] {subprocess.py:63} INFO - Tmp dir root location: 
 /tmp
[2023-06-11T08:51:29.965+0000] {subprocess.py:75} INFO - Running command: ['/bin/bash', '-c', 'echo hello world, this is the first task!']
[2023-06-11T08:51:30.043+0000] {subprocess.py:86} INFO - Output:
[2023-06-11T08:51:30.070+0000] {subprocess.py:93} INFO - hello world, this is the first task!
[2023-06-11T08:51:30.083+0000] {subprocess.py:97} INFO - Command exited with return code 0
[2023-06-11T08:51:30.494+0000] {taskinstance.py:1350} INFO - Marking task as SUCCESS. dag_id=first_dag_02, task_id=first_task, execution_date=20211006T000000, start_date=20230611T085127, end_date=20230611T085130
[2023-06-11T08:51:30.629+0000] {local_task_job_runner.py:225} INFO - Task exited with return code 0
[2023-06-11T08:51:31.265+0000] {taskinstance.py:2651} INFO - 0 downstream tasks scheduled from follow-on schedule check
[2023-06-11T10:57:37.597+0000] {taskinstance.py:1103} INFO - Dependencies all met for dep_context=non-requeueable deps ti=<TaskInstance: first_dag_02.first_task scheduled__2021-10-06T00:00:00+00:00 [queued]>
[2023-06-11T10:57:37.774+0000] {taskinstance.py:1103} INFO - Dependencies all met for dep_context=requeueable deps ti=<TaskInstance: first_dag_02.first_task scheduled__2021-10-06T00:00:00+00:00 [queued]>
[2023-06-11T10:57:37.776+0000] {taskinstance.py:1308} INFO - Starting attempt 1 of 6
[2023-06-11T10:57:39.156+0000] {taskinstance.py:1327} INFO - Executing <Task(BashOperator): first_task> on 2021-10-06 00:00:00+00:00
[2023-06-11T10:57:39.261+0000] {standard_task_runner.py:57} INFO - Started process 1260 to run task
[2023-06-11T10:57:39.557+0000] {standard_task_runner.py:84} INFO - Running: ['***', 'tasks', 'run', 'first_dag_02', 'first_task', 'scheduled__2021-10-06T00:00:00+00:00', '--job-id', '343', '--raw', '--subdir', 'DAGS_FOLDER/First_dag.py', '--cfg-path', '/tmp/tmpe7k9fmej']
[2023-06-11T10:57:39.582+0000] {standard_task_runner.py:85} INFO - Job 343: Subtask first_task
[2023-06-11T10:57:40.819+0000] {task_command.py:410} INFO - Running <TaskInstance: first_dag_02.first_task scheduled__2021-10-06T00:00:00+00:00 [running]> on host 7586ce0070ac
[2023-06-11T10:57:44.904+0000] {taskinstance.py:1547} INFO - Exporting env vars: AIRFLOW_CTX_DAG_OWNER='Raja' AIRFLOW_CTX_DAG_ID='first_dag_02' AIRFLOW_CTX_TASK_ID='first_task' AIRFLOW_CTX_EXECUTION_DATE='2021-10-06T00:00:00+00:00' AIRFLOW_CTX_TRY_NUMBER='1' AIRFLOW_CTX_DAG_RUN_ID='scheduled__2021-10-06T00:00:00+00:00'
[2023-06-11T10:57:44.992+0000] {subprocess.py:63} INFO - Tmp dir root location: 
 /tmp
[2023-06-11T10:57:44.994+0000] {subprocess.py:75} INFO - Running command: ['/bin/bash', '-c', 'echo hello world, this is the first task!']
[2023-06-11T10:57:45.355+0000] {subprocess.py:86} INFO - Output:
[2023-06-11T10:57:45.447+0000] {subprocess.py:93} INFO - hello world, this is the first task!
[2023-06-11T10:57:45.496+0000] {subprocess.py:97} INFO - Command exited with return code 0
[2023-06-11T10:57:45.897+0000] {taskinstance.py:1350} INFO - Marking task as SUCCESS. dag_id=first_dag_02, task_id=first_task, execution_date=20211006T000000, start_date=20230611T105737, end_date=20230611T105745
[2023-06-11T10:57:47.077+0000] {local_task_job_runner.py:225} INFO - Task exited with return code 0
[2023-06-11T10:57:47.779+0000] {taskinstance.py:2651} INFO - 2 downstream tasks scheduled from follow-on schedule check
