[2023-06-11T09:42:49.744+0000] {taskinstance.py:1103} INFO - Dependencies all met for dep_context=non-requeueable deps ti=<TaskInstance: first_dag_02.thrid_task scheduled__2022-04-22T00:00:00+00:00 [queued]>
[2023-06-11T09:42:50.448+0000] {taskinstance.py:1103} INFO - Dependencies all met for dep_context=requeueable deps ti=<TaskInstance: first_dag_02.thrid_task scheduled__2022-04-22T00:00:00+00:00 [queued]>
[2023-06-11T09:42:50.449+0000] {taskinstance.py:1308} INFO - Starting attempt 1 of 6
[2023-06-11T09:42:52.341+0000] {taskinstance.py:1327} INFO - Executing <Task(BashOperator): thrid_task> on 2022-04-22 00:00:00+00:00
[2023-06-11T09:42:52.375+0000] {standard_task_runner.py:57} INFO - Started process 4185 to run task
[2023-06-11T09:42:52.387+0000] {standard_task_runner.py:84} INFO - Running: ['***', 'tasks', 'run', 'first_dag_02', 'thrid_task', 'scheduled__2022-04-22T00:00:00+00:00', '--job-id', '1279', '--raw', '--subdir', 'DAGS_FOLDER/First_dag.py', '--cfg-path', '/tmp/tmp7pd869po']
[2023-06-11T09:42:52.390+0000] {standard_task_runner.py:85} INFO - Job 1279: Subtask thrid_task
[2023-06-11T09:42:54.743+0000] {task_command.py:410} INFO - Running <TaskInstance: first_dag_02.thrid_task scheduled__2022-04-22T00:00:00+00:00 [running]> on host 964e508aad03
[2023-06-11T09:42:58.733+0000] {taskinstance.py:1547} INFO - Exporting env vars: AIRFLOW_CTX_DAG_OWNER='Raja' AIRFLOW_CTX_DAG_ID='first_dag_02' AIRFLOW_CTX_TASK_ID='thrid_task' AIRFLOW_CTX_EXECUTION_DATE='2022-04-22T00:00:00+00:00' AIRFLOW_CTX_TRY_NUMBER='1' AIRFLOW_CTX_DAG_RUN_ID='scheduled__2022-04-22T00:00:00+00:00'
[2023-06-11T09:42:58.735+0000] {subprocess.py:63} INFO - Tmp dir root location: 
 /tmp
[2023-06-11T09:42:58.736+0000] {subprocess.py:75} INFO - Running command: ['/bin/bash', '-c', 'echo hey, I am task3 and will be running after task1 at the same time as task2!']
[2023-06-11T09:42:58.928+0000] {subprocess.py:86} INFO - Output:
[2023-06-11T09:42:59.023+0000] {subprocess.py:93} INFO - hey, I am task3 and will be running after task1 at the same time as task2!
[2023-06-11T09:42:59.024+0000] {subprocess.py:97} INFO - Command exited with return code 0
[2023-06-11T09:42:59.559+0000] {taskinstance.py:1350} INFO - Marking task as SUCCESS. dag_id=first_dag_02, task_id=thrid_task, execution_date=20220422T000000, start_date=20230611T094249, end_date=20230611T094259
[2023-06-11T09:42:59.746+0000] {local_task_job_runner.py:225} INFO - Task exited with return code 0
[2023-06-11T09:43:01.151+0000] {taskinstance.py:2651} INFO - 0 downstream tasks scheduled from follow-on schedule check
[2023-06-11T15:29:37.125+0000] {taskinstance.py:1103} INFO - Dependencies all met for dep_context=non-requeueable deps ti=<TaskInstance: first_dag_02.thrid_task scheduled__2022-04-22T00:00:00+00:00 [queued]>
[2023-06-11T15:29:37.253+0000] {taskinstance.py:1103} INFO - Dependencies all met for dep_context=requeueable deps ti=<TaskInstance: first_dag_02.thrid_task scheduled__2022-04-22T00:00:00+00:00 [queued]>
[2023-06-11T15:29:37.258+0000] {taskinstance.py:1308} INFO - Starting attempt 1 of 6
[2023-06-11T15:29:37.409+0000] {taskinstance.py:1327} INFO - Executing <Task(BashOperator): thrid_task> on 2022-04-22 00:00:00+00:00
[2023-06-11T15:29:37.426+0000] {standard_task_runner.py:57} INFO - Started process 789 to run task
[2023-06-11T15:29:37.451+0000] {standard_task_runner.py:84} INFO - Running: ['***', 'tasks', 'run', 'first_dag_02', 'thrid_task', 'scheduled__2022-04-22T00:00:00+00:00', '--job-id', '1326', '--raw', '--subdir', 'DAGS_FOLDER/First_dag.py', '--cfg-path', '/tmp/tmprw9bnoc4']
[2023-06-11T15:29:37.459+0000] {standard_task_runner.py:85} INFO - Job 1326: Subtask thrid_task
[2023-06-11T15:29:38.141+0000] {task_command.py:410} INFO - Running <TaskInstance: first_dag_02.thrid_task scheduled__2022-04-22T00:00:00+00:00 [running]> on host 7586ce0070ac
[2023-06-11T15:29:40.137+0000] {taskinstance.py:1547} INFO - Exporting env vars: AIRFLOW_CTX_DAG_OWNER='Raja' AIRFLOW_CTX_DAG_ID='first_dag_02' AIRFLOW_CTX_TASK_ID='thrid_task' AIRFLOW_CTX_EXECUTION_DATE='2022-04-22T00:00:00+00:00' AIRFLOW_CTX_TRY_NUMBER='1' AIRFLOW_CTX_DAG_RUN_ID='scheduled__2022-04-22T00:00:00+00:00'
[2023-06-11T15:29:40.154+0000] {subprocess.py:63} INFO - Tmp dir root location: 
 /tmp
[2023-06-11T15:29:40.174+0000] {subprocess.py:75} INFO - Running command: ['/bin/bash', '-c', 'echo hey, I am task3 and will be running after task1 at the same time as task2!']
[2023-06-11T15:29:40.432+0000] {subprocess.py:86} INFO - Output:
[2023-06-11T15:29:40.458+0000] {subprocess.py:93} INFO - hey, I am task3 and will be running after task1 at the same time as task2!
[2023-06-11T15:29:40.471+0000] {subprocess.py:97} INFO - Command exited with return code 0
[2023-06-11T15:29:40.765+0000] {taskinstance.py:1350} INFO - Marking task as SUCCESS. dag_id=first_dag_02, task_id=thrid_task, execution_date=20220422T000000, start_date=20230611T152937, end_date=20230611T152940
[2023-06-11T15:29:40.950+0000] {local_task_job_runner.py:225} INFO - Task exited with return code 0
[2023-06-11T15:29:41.240+0000] {taskinstance.py:2651} INFO - 0 downstream tasks scheduled from follow-on schedule check
