[2023-06-11T08:56:23.985+0000] {taskinstance.py:1103} INFO - Dependencies all met for dep_context=non-requeueable deps ti=<TaskInstance: first_dag_02.second_task scheduled__2021-12-17T00:00:00+00:00 [queued]>
[2023-06-11T08:56:24.317+0000] {taskinstance.py:1103} INFO - Dependencies all met for dep_context=requeueable deps ti=<TaskInstance: first_dag_02.second_task scheduled__2021-12-17T00:00:00+00:00 [queued]>
[2023-06-11T08:56:24.341+0000] {taskinstance.py:1308} INFO - Starting attempt 1 of 6
[2023-06-11T08:56:25.056+0000] {taskinstance.py:1327} INFO - Executing <Task(BashOperator): second_task> on 2021-12-17 00:00:00+00:00
[2023-06-11T08:56:25.128+0000] {standard_task_runner.py:57} INFO - Started process 2254 to run task
[2023-06-11T08:56:25.160+0000] {standard_task_runner.py:84} INFO - Running: ['***', 'tasks', 'run', 'first_dag_02', 'second_task', 'scheduled__2021-12-17T00:00:00+00:00', '--job-id', '701', '--raw', '--subdir', 'DAGS_FOLDER/First_dag.py', '--cfg-path', '/tmp/tmp8m5nug1u']
[2023-06-11T08:56:25.173+0000] {standard_task_runner.py:85} INFO - Job 701: Subtask second_task
[2023-06-11T08:56:26.131+0000] {task_command.py:410} INFO - Running <TaskInstance: first_dag_02.second_task scheduled__2021-12-17T00:00:00+00:00 [running]> on host 964e508aad03
[2023-06-11T08:56:29.163+0000] {taskinstance.py:1547} INFO - Exporting env vars: AIRFLOW_CTX_DAG_OWNER='Raja' AIRFLOW_CTX_DAG_ID='first_dag_02' AIRFLOW_CTX_TASK_ID='second_task' AIRFLOW_CTX_EXECUTION_DATE='2021-12-17T00:00:00+00:00' AIRFLOW_CTX_TRY_NUMBER='1' AIRFLOW_CTX_DAG_RUN_ID='scheduled__2021-12-17T00:00:00+00:00'
[2023-06-11T08:56:29.165+0000] {subprocess.py:63} INFO - Tmp dir root location: 
 /tmp
[2023-06-11T08:56:29.186+0000] {subprocess.py:75} INFO - Running command: ['/bin/bash', '-c', 'echo hey, I am task2 and will be running after task1!']
[2023-06-11T08:56:29.415+0000] {subprocess.py:86} INFO - Output:
[2023-06-11T08:56:29.419+0000] {subprocess.py:93} INFO - hey, I am task2 and will be running after task1!
[2023-06-11T08:56:29.455+0000] {subprocess.py:97} INFO - Command exited with return code 0
[2023-06-11T08:56:30.287+0000] {taskinstance.py:1350} INFO - Marking task as SUCCESS. dag_id=first_dag_02, task_id=second_task, execution_date=20211217T000000, start_date=20230611T085624, end_date=20230611T085630
[2023-06-11T08:56:30.884+0000] {local_task_job_runner.py:225} INFO - Task exited with return code 0
[2023-06-11T08:56:31.430+0000] {taskinstance.py:2651} INFO - 0 downstream tasks scheduled from follow-on schedule check
[2023-06-11T11:21:18.535+0000] {taskinstance.py:1103} INFO - Dependencies all met for dep_context=non-requeueable deps ti=<TaskInstance: first_dag_02.second_task scheduled__2021-12-17T00:00:00+00:00 [queued]>
[2023-06-11T11:21:19.777+0000] {taskinstance.py:1103} INFO - Dependencies all met for dep_context=requeueable deps ti=<TaskInstance: first_dag_02.second_task scheduled__2021-12-17T00:00:00+00:00 [queued]>
[2023-06-11T11:21:19.830+0000] {taskinstance.py:1308} INFO - Starting attempt 1 of 6
[2023-06-11T11:21:20.614+0000] {taskinstance.py:1327} INFO - Executing <Task(BashOperator): second_task> on 2021-12-17 00:00:00+00:00
[2023-06-11T11:21:20.872+0000] {standard_task_runner.py:57} INFO - Started process 966 to run task
[2023-06-11T11:21:21.154+0000] {standard_task_runner.py:84} INFO - Running: ['***', 'tasks', 'run', 'first_dag_02', 'second_task', 'scheduled__2021-12-17T00:00:00+00:00', '--job-id', '747', '--raw', '--subdir', 'DAGS_FOLDER/First_dag.py', '--cfg-path', '/tmp/tmpwk37bp46']
[2023-06-11T11:21:21.155+0000] {standard_task_runner.py:85} INFO - Job 747: Subtask second_task
[2023-06-11T11:21:22.489+0000] {task_command.py:410} INFO - Running <TaskInstance: first_dag_02.second_task scheduled__2021-12-17T00:00:00+00:00 [running]> on host 7586ce0070ac
[2023-06-11T11:21:25.988+0000] {taskinstance.py:1547} INFO - Exporting env vars: AIRFLOW_CTX_DAG_OWNER='Raja' AIRFLOW_CTX_DAG_ID='first_dag_02' AIRFLOW_CTX_TASK_ID='second_task' AIRFLOW_CTX_EXECUTION_DATE='2021-12-17T00:00:00+00:00' AIRFLOW_CTX_TRY_NUMBER='1' AIRFLOW_CTX_DAG_RUN_ID='scheduled__2021-12-17T00:00:00+00:00'
[2023-06-11T11:21:25.997+0000] {subprocess.py:63} INFO - Tmp dir root location: 
 /tmp
[2023-06-11T11:21:25.998+0000] {subprocess.py:75} INFO - Running command: ['/bin/bash', '-c', 'echo hey, I am task2 and will be running after task1!']
[2023-06-11T11:21:26.022+0000] {subprocess.py:86} INFO - Output:
[2023-06-11T11:21:26.027+0000] {subprocess.py:93} INFO - hey, I am task2 and will be running after task1!
[2023-06-11T11:21:26.027+0000] {subprocess.py:97} INFO - Command exited with return code 0
[2023-06-11T11:21:26.711+0000] {taskinstance.py:1350} INFO - Marking task as SUCCESS. dag_id=first_dag_02, task_id=second_task, execution_date=20211217T000000, start_date=20230611T112118, end_date=20230611T112126
[2023-06-11T11:21:27.881+0000] {local_task_job_runner.py:225} INFO - Task exited with return code 0
[2023-06-11T11:21:28.522+0000] {taskinstance.py:2651} INFO - 0 downstream tasks scheduled from follow-on schedule check
