[2023-06-11T09:45:57.713+0000] {taskinstance.py:1103} INFO - Dependencies all met for dep_context=non-requeueable deps ti=<TaskInstance: first_dag_02.thrid_task scheduled__2022-05-28T00:00:00+00:00 [queued]>
[2023-06-11T09:45:57.943+0000] {taskinstance.py:1103} INFO - Dependencies all met for dep_context=requeueable deps ti=<TaskInstance: first_dag_02.thrid_task scheduled__2022-05-28T00:00:00+00:00 [queued]>
[2023-06-11T09:45:57.943+0000] {taskinstance.py:1308} INFO - Starting attempt 1 of 6
[2023-06-11T09:45:58.486+0000] {taskinstance.py:1327} INFO - Executing <Task(BashOperator): thrid_task> on 2022-05-28 00:00:00+00:00
[2023-06-11T09:45:58.577+0000] {standard_task_runner.py:57} INFO - Started process 4797 to run task
[2023-06-11T09:45:58.648+0000] {standard_task_runner.py:84} INFO - Running: ['***', 'tasks', 'run', 'first_dag_02', 'thrid_task', 'scheduled__2022-05-28T00:00:00+00:00', '--job-id', '1468', '--raw', '--subdir', 'DAGS_FOLDER/First_dag.py', '--cfg-path', '/tmp/tmp1lo25gfb']
[2023-06-11T09:45:58.650+0000] {standard_task_runner.py:85} INFO - Job 1468: Subtask thrid_task
[2023-06-11T09:45:59.708+0000] {task_command.py:410} INFO - Running <TaskInstance: first_dag_02.thrid_task scheduled__2022-05-28T00:00:00+00:00 [running]> on host 964e508aad03
[2023-06-11T09:46:01.136+0000] {taskinstance.py:1547} INFO - Exporting env vars: AIRFLOW_CTX_DAG_OWNER='Raja' AIRFLOW_CTX_DAG_ID='first_dag_02' AIRFLOW_CTX_TASK_ID='thrid_task' AIRFLOW_CTX_EXECUTION_DATE='2022-05-28T00:00:00+00:00' AIRFLOW_CTX_TRY_NUMBER='1' AIRFLOW_CTX_DAG_RUN_ID='scheduled__2022-05-28T00:00:00+00:00'
[2023-06-11T09:46:01.138+0000] {subprocess.py:63} INFO - Tmp dir root location: 
 /tmp
[2023-06-11T09:46:01.142+0000] {subprocess.py:75} INFO - Running command: ['/bin/bash', '-c', 'echo hey, I am task3 and will be running after task1 at the same time as task2!']
[2023-06-11T09:46:01.284+0000] {subprocess.py:86} INFO - Output:
[2023-06-11T09:46:01.295+0000] {subprocess.py:93} INFO - hey, I am task3 and will be running after task1 at the same time as task2!
[2023-06-11T09:46:01.296+0000] {subprocess.py:97} INFO - Command exited with return code 0
[2023-06-11T09:46:01.702+0000] {taskinstance.py:1350} INFO - Marking task as SUCCESS. dag_id=first_dag_02, task_id=thrid_task, execution_date=20220528T000000, start_date=20230611T094557, end_date=20230611T094601
[2023-06-11T09:46:01.876+0000] {local_task_job_runner.py:225} INFO - Task exited with return code 0
[2023-06-11T09:46:02.146+0000] {taskinstance.py:2651} INFO - 0 downstream tasks scheduled from follow-on schedule check
[2023-06-11T15:32:36.974+0000] {taskinstance.py:1103} INFO - Dependencies all met for dep_context=non-requeueable deps ti=<TaskInstance: first_dag_02.thrid_task scheduled__2022-05-28T00:00:00+00:00 [queued]>
[2023-06-11T15:32:37.095+0000] {taskinstance.py:1103} INFO - Dependencies all met for dep_context=requeueable deps ti=<TaskInstance: first_dag_02.thrid_task scheduled__2022-05-28T00:00:00+00:00 [queued]>
[2023-06-11T15:32:37.096+0000] {taskinstance.py:1308} INFO - Starting attempt 1 of 6
[2023-06-11T15:32:37.210+0000] {taskinstance.py:1327} INFO - Executing <Task(BashOperator): thrid_task> on 2022-05-28 00:00:00+00:00
[2023-06-11T15:32:37.307+0000] {standard_task_runner.py:84} INFO - Running: ['***', 'tasks', 'run', 'first_dag_02', 'thrid_task', 'scheduled__2022-05-28T00:00:00+00:00', '--job-id', '1499', '--raw', '--subdir', 'DAGS_FOLDER/First_dag.py', '--cfg-path', '/tmp/tmpaz5nqu1f']
[2023-06-11T15:32:37.314+0000] {standard_task_runner.py:85} INFO - Job 1499: Subtask thrid_task
[2023-06-11T15:32:37.291+0000] {standard_task_runner.py:57} INFO - Started process 1346 to run task
[2023-06-11T15:32:38.422+0000] {task_command.py:410} INFO - Running <TaskInstance: first_dag_02.thrid_task scheduled__2022-05-28T00:00:00+00:00 [running]> on host 7586ce0070ac
[2023-06-11T15:32:42.416+0000] {taskinstance.py:1547} INFO - Exporting env vars: AIRFLOW_CTX_DAG_OWNER='Raja' AIRFLOW_CTX_DAG_ID='first_dag_02' AIRFLOW_CTX_TASK_ID='thrid_task' AIRFLOW_CTX_EXECUTION_DATE='2022-05-28T00:00:00+00:00' AIRFLOW_CTX_TRY_NUMBER='1' AIRFLOW_CTX_DAG_RUN_ID='scheduled__2022-05-28T00:00:00+00:00'
[2023-06-11T15:32:42.484+0000] {subprocess.py:63} INFO - Tmp dir root location: 
 /tmp
[2023-06-11T15:32:42.485+0000] {subprocess.py:75} INFO - Running command: ['/bin/bash', '-c', 'echo hey, I am task3 and will be running after task1 at the same time as task2!']
[2023-06-11T15:32:42.715+0000] {subprocess.py:86} INFO - Output:
[2023-06-11T15:32:42.736+0000] {subprocess.py:93} INFO - hey, I am task3 and will be running after task1 at the same time as task2!
[2023-06-11T15:32:42.737+0000] {subprocess.py:97} INFO - Command exited with return code 0
[2023-06-11T15:32:43.117+0000] {taskinstance.py:1350} INFO - Marking task as SUCCESS. dag_id=first_dag_02, task_id=thrid_task, execution_date=20220528T000000, start_date=20230611T153236, end_date=20230611T153243
[2023-06-11T15:32:43.900+0000] {local_task_job_runner.py:225} INFO - Task exited with return code 0
[2023-06-11T15:32:44.363+0000] {taskinstance.py:2651} INFO - 0 downstream tasks scheduled from follow-on schedule check
