[2023-06-11T04:53:18.627+0000] {taskinstance.py:1103} INFO - Dependencies all met for dep_context=non-requeueable deps ti=<TaskInstance: first_dag_02.thrid_task scheduled__2021-10-13T00:00:00+00:00 [queued]>
[2023-06-11T04:53:19.115+0000] {taskinstance.py:1103} INFO - Dependencies all met for dep_context=requeueable deps ti=<TaskInstance: first_dag_02.thrid_task scheduled__2021-10-13T00:00:00+00:00 [queued]>
[2023-06-11T04:53:19.117+0000] {taskinstance.py:1308} INFO - Starting attempt 1 of 6
[2023-06-11T04:53:21.498+0000] {taskinstance.py:1327} INFO - Executing <Task(BashOperator): thrid_task> on 2021-10-13 00:00:00+00:00
[2023-06-11T04:53:21.521+0000] {standard_task_runner.py:57} INFO - Started process 1046 to run task
[2023-06-11T04:53:21.543+0000] {standard_task_runner.py:84} INFO - Running: ['***', 'tasks', 'run', 'first_dag_02', 'thrid_task', 'scheduled__2021-10-13T00:00:00+00:00', '--job-id', '307', '--raw', '--subdir', 'DAGS_FOLDER/First_dag.py', '--cfg-path', '/tmp/tmp2qrdxqn8']
[2023-06-11T04:53:21.558+0000] {standard_task_runner.py:85} INFO - Job 307: Subtask thrid_task
[2023-06-11T04:53:24.526+0000] {task_command.py:410} INFO - Running <TaskInstance: first_dag_02.thrid_task scheduled__2021-10-13T00:00:00+00:00 [running]> on host 4b1b5d40d165
[2023-06-11T04:53:28.946+0000] {taskinstance.py:1547} INFO - Exporting env vars: AIRFLOW_CTX_DAG_OWNER='Raja' AIRFLOW_CTX_DAG_ID='first_dag_02' AIRFLOW_CTX_TASK_ID='thrid_task' AIRFLOW_CTX_EXECUTION_DATE='2021-10-13T00:00:00+00:00' AIRFLOW_CTX_TRY_NUMBER='1' AIRFLOW_CTX_DAG_RUN_ID='scheduled__2021-10-13T00:00:00+00:00'
[2023-06-11T04:53:28.951+0000] {subprocess.py:63} INFO - Tmp dir root location: 
 /tmp
[2023-06-11T04:53:28.952+0000] {subprocess.py:75} INFO - Running command: ['/bin/bash', '-c', 'echo hey, I am task3 and will be running after task1 at the same time as task2!']
[2023-06-11T04:53:29.473+0000] {subprocess.py:86} INFO - Output:
[2023-06-11T04:53:29.520+0000] {subprocess.py:93} INFO - hey, I am task3 and will be running after task1 at the same time as task2!
[2023-06-11T04:53:29.522+0000] {subprocess.py:97} INFO - Command exited with return code 0
[2023-06-11T04:53:30.527+0000] {taskinstance.py:1350} INFO - Marking task as SUCCESS. dag_id=first_dag_02, task_id=thrid_task, execution_date=20211013T000000, start_date=20230611T045318, end_date=20230611T045330
[2023-06-11T04:53:31.438+0000] {local_task_job_runner.py:225} INFO - Task exited with return code 0
[2023-06-11T04:53:32.648+0000] {taskinstance.py:2651} INFO - 0 downstream tasks scheduled from follow-on schedule check
[2023-06-11T08:30:12.540+0000] {taskinstance.py:1103} INFO - Dependencies all met for dep_context=non-requeueable deps ti=<TaskInstance: first_dag_02.thrid_task scheduled__2021-10-13T00:00:00+00:00 [queued]>
[2023-06-11T08:30:13.116+0000] {taskinstance.py:1103} INFO - Dependencies all met for dep_context=requeueable deps ti=<TaskInstance: first_dag_02.thrid_task scheduled__2021-10-13T00:00:00+00:00 [queued]>
[2023-06-11T08:30:13.117+0000] {taskinstance.py:1308} INFO - Starting attempt 1 of 6
[2023-06-11T08:30:13.287+0000] {taskinstance.py:1327} INFO - Executing <Task(BashOperator): thrid_task> on 2021-10-13 00:00:00+00:00
[2023-06-11T08:30:13.395+0000] {standard_task_runner.py:84} INFO - Running: ['***', 'tasks', 'run', 'first_dag_02', 'thrid_task', 'scheduled__2021-10-13T00:00:00+00:00', '--job-id', '437', '--raw', '--subdir', 'DAGS_FOLDER/First_dag.py', '--cfg-path', '/tmp/tmp96y5w7lq']
[2023-06-11T08:30:13.398+0000] {standard_task_runner.py:85} INFO - Job 437: Subtask thrid_task
[2023-06-11T08:30:13.490+0000] {standard_task_runner.py:57} INFO - Started process 1435 to run task
[2023-06-11T08:30:14.984+0000] {task_command.py:410} INFO - Running <TaskInstance: first_dag_02.thrid_task scheduled__2021-10-13T00:00:00+00:00 [running]> on host 492037cdd057
[2023-06-11T08:30:22.689+0000] {taskinstance.py:1547} INFO - Exporting env vars: AIRFLOW_CTX_DAG_OWNER='Raja' AIRFLOW_CTX_DAG_ID='first_dag_02' AIRFLOW_CTX_TASK_ID='thrid_task' AIRFLOW_CTX_EXECUTION_DATE='2021-10-13T00:00:00+00:00' AIRFLOW_CTX_TRY_NUMBER='1' AIRFLOW_CTX_DAG_RUN_ID='scheduled__2021-10-13T00:00:00+00:00'
[2023-06-11T08:30:23.021+0000] {subprocess.py:63} INFO - Tmp dir root location: 
 /tmp
[2023-06-11T08:30:23.039+0000] {subprocess.py:75} INFO - Running command: ['/bin/bash', '-c', 'echo hey, I am task3 and will be running after task1 at the same time as task2!']
[2023-06-11T08:30:24.355+0000] {subprocess.py:86} INFO - Output:
[2023-06-11T08:30:24.480+0000] {subprocess.py:93} INFO - hey, I am task3 and will be running after task1 at the same time as task2!
[2023-06-11T08:30:24.481+0000] {subprocess.py:97} INFO - Command exited with return code 0
[2023-06-11T08:30:25.782+0000] {taskinstance.py:1350} INFO - Marking task as SUCCESS. dag_id=first_dag_02, task_id=thrid_task, execution_date=20211013T000000, start_date=20230611T083012, end_date=20230611T083025
[2023-06-11T08:30:26.609+0000] {local_task_job_runner.py:225} INFO - Task exited with return code 0
[2023-06-11T08:30:27.019+0000] {taskinstance.py:2651} INFO - 0 downstream tasks scheduled from follow-on schedule check
[2023-06-11T08:52:10.373+0000] {taskinstance.py:1103} INFO - Dependencies all met for dep_context=non-requeueable deps ti=<TaskInstance: first_dag_02.thrid_task scheduled__2021-10-13T00:00:00+00:00 [queued]>
[2023-06-11T08:52:10.509+0000] {taskinstance.py:1103} INFO - Dependencies all met for dep_context=requeueable deps ti=<TaskInstance: first_dag_02.thrid_task scheduled__2021-10-13T00:00:00+00:00 [queued]>
[2023-06-11T08:52:10.513+0000] {taskinstance.py:1308} INFO - Starting attempt 1 of 6
[2023-06-11T08:52:10.662+0000] {taskinstance.py:1327} INFO - Executing <Task(BashOperator): thrid_task> on 2021-10-13 00:00:00+00:00
[2023-06-11T08:52:10.680+0000] {standard_task_runner.py:57} INFO - Started process 1279 to run task
[2023-06-11T08:52:10.709+0000] {standard_task_runner.py:84} INFO - Running: ['***', 'tasks', 'run', 'first_dag_02', 'thrid_task', 'scheduled__2021-10-13T00:00:00+00:00', '--job-id', '397', '--raw', '--subdir', 'DAGS_FOLDER/First_dag.py', '--cfg-path', '/tmp/tmpz0bv9gbd']
[2023-06-11T08:52:10.717+0000] {standard_task_runner.py:85} INFO - Job 397: Subtask thrid_task
[2023-06-11T08:52:10.943+0000] {task_command.py:410} INFO - Running <TaskInstance: first_dag_02.thrid_task scheduled__2021-10-13T00:00:00+00:00 [running]> on host 964e508aad03
[2023-06-11T08:52:11.436+0000] {taskinstance.py:1547} INFO - Exporting env vars: AIRFLOW_CTX_DAG_OWNER='Raja' AIRFLOW_CTX_DAG_ID='first_dag_02' AIRFLOW_CTX_TASK_ID='thrid_task' AIRFLOW_CTX_EXECUTION_DATE='2021-10-13T00:00:00+00:00' AIRFLOW_CTX_TRY_NUMBER='1' AIRFLOW_CTX_DAG_RUN_ID='scheduled__2021-10-13T00:00:00+00:00'
[2023-06-11T08:52:11.441+0000] {subprocess.py:63} INFO - Tmp dir root location: 
 /tmp
[2023-06-11T08:52:11.442+0000] {subprocess.py:75} INFO - Running command: ['/bin/bash', '-c', 'echo hey, I am task3 and will be running after task1 at the same time as task2!']
[2023-06-11T08:52:11.459+0000] {subprocess.py:86} INFO - Output:
[2023-06-11T08:52:11.461+0000] {subprocess.py:93} INFO - hey, I am task3 and will be running after task1 at the same time as task2!
[2023-06-11T08:52:11.462+0000] {subprocess.py:97} INFO - Command exited with return code 0
[2023-06-11T08:52:11.534+0000] {taskinstance.py:1350} INFO - Marking task as SUCCESS. dag_id=first_dag_02, task_id=thrid_task, execution_date=20211013T000000, start_date=20230611T085210, end_date=20230611T085211
[2023-06-11T08:52:11.608+0000] {local_task_job_runner.py:225} INFO - Task exited with return code 0
[2023-06-11T08:52:11.659+0000] {taskinstance.py:2651} INFO - 0 downstream tasks scheduled from follow-on schedule check
[2023-06-11T10:58:58.994+0000] {taskinstance.py:1103} INFO - Dependencies all met for dep_context=non-requeueable deps ti=<TaskInstance: first_dag_02.thrid_task scheduled__2021-10-13T00:00:00+00:00 [queued]>
[2023-06-11T10:59:00.430+0000] {taskinstance.py:1103} INFO - Dependencies all met for dep_context=requeueable deps ti=<TaskInstance: first_dag_02.thrid_task scheduled__2021-10-13T00:00:00+00:00 [queued]>
[2023-06-11T10:59:00.644+0000] {taskinstance.py:1308} INFO - Starting attempt 1 of 6
[2023-06-11T10:59:02.431+0000] {taskinstance.py:1327} INFO - Executing <Task(BashOperator): thrid_task> on 2021-10-13 00:00:00+00:00
[2023-06-11T10:59:02.608+0000] {standard_task_runner.py:57} INFO - Started process 1429 to run task
[2023-06-11T10:59:02.870+0000] {standard_task_runner.py:84} INFO - Running: ['***', 'tasks', 'run', 'first_dag_02', 'thrid_task', 'scheduled__2021-10-13T00:00:00+00:00', '--job-id', '393', '--raw', '--subdir', 'DAGS_FOLDER/First_dag.py', '--cfg-path', '/tmp/tmp9nm1rnvy']
[2023-06-11T10:59:02.871+0000] {standard_task_runner.py:85} INFO - Job 393: Subtask thrid_task
[2023-06-11T10:59:04.172+0000] {task_command.py:410} INFO - Running <TaskInstance: first_dag_02.thrid_task scheduled__2021-10-13T00:00:00+00:00 [running]> on host 7586ce0070ac
[2023-06-11T10:59:07.261+0000] {taskinstance.py:1547} INFO - Exporting env vars: AIRFLOW_CTX_DAG_OWNER='Raja' AIRFLOW_CTX_DAG_ID='first_dag_02' AIRFLOW_CTX_TASK_ID='thrid_task' AIRFLOW_CTX_EXECUTION_DATE='2021-10-13T00:00:00+00:00' AIRFLOW_CTX_TRY_NUMBER='1' AIRFLOW_CTX_DAG_RUN_ID='scheduled__2021-10-13T00:00:00+00:00'
[2023-06-11T10:59:07.314+0000] {subprocess.py:63} INFO - Tmp dir root location: 
 /tmp
[2023-06-11T10:59:07.315+0000] {subprocess.py:75} INFO - Running command: ['/bin/bash', '-c', 'echo hey, I am task3 and will be running after task1 at the same time as task2!']
[2023-06-11T10:59:07.541+0000] {subprocess.py:86} INFO - Output:
[2023-06-11T10:59:07.588+0000] {subprocess.py:93} INFO - hey, I am task3 and will be running after task1 at the same time as task2!
[2023-06-11T10:59:07.590+0000] {subprocess.py:97} INFO - Command exited with return code 0
[2023-06-11T10:59:08.167+0000] {taskinstance.py:1350} INFO - Marking task as SUCCESS. dag_id=first_dag_02, task_id=thrid_task, execution_date=20211013T000000, start_date=20230611T105859, end_date=20230611T105908
[2023-06-11T10:59:08.982+0000] {local_task_job_runner.py:225} INFO - Task exited with return code 0
[2023-06-11T10:59:11.216+0000] {taskinstance.py:2651} INFO - 0 downstream tasks scheduled from follow-on schedule check
