[2023-06-11T09:38:43.936+0000] {taskinstance.py:1103} INFO - Dependencies all met for dep_context=non-requeueable deps ti=<TaskInstance: first_dag_02.second_task scheduled__2022-04-01T00:00:00+00:00 [queued]>
[2023-06-11T09:38:44.320+0000] {taskinstance.py:1103} INFO - Dependencies all met for dep_context=requeueable deps ti=<TaskInstance: first_dag_02.second_task scheduled__2022-04-01T00:00:00+00:00 [queued]>
[2023-06-11T09:38:44.321+0000] {taskinstance.py:1308} INFO - Starting attempt 1 of 6
[2023-06-11T09:38:45.362+0000] {taskinstance.py:1327} INFO - Executing <Task(BashOperator): second_task> on 2022-04-01 00:00:00+00:00
[2023-06-11T09:38:45.704+0000] {standard_task_runner.py:57} INFO - Started process 3790 to run task
[2023-06-11T09:38:45.798+0000] {standard_task_runner.py:84} INFO - Running: ['***', 'tasks', 'run', 'first_dag_02', 'second_task', 'scheduled__2022-04-01T00:00:00+00:00', '--job-id', '1173', '--raw', '--subdir', 'DAGS_FOLDER/First_dag.py', '--cfg-path', '/tmp/tmpkotuyhgg']
[2023-06-11T09:38:45.848+0000] {standard_task_runner.py:85} INFO - Job 1173: Subtask second_task
[2023-06-11T09:38:47.178+0000] {task_command.py:410} INFO - Running <TaskInstance: first_dag_02.second_task scheduled__2022-04-01T00:00:00+00:00 [running]> on host 964e508aad03
[2023-06-11T09:38:52.254+0000] {taskinstance.py:1547} INFO - Exporting env vars: AIRFLOW_CTX_DAG_OWNER='Raja' AIRFLOW_CTX_DAG_ID='first_dag_02' AIRFLOW_CTX_TASK_ID='second_task' AIRFLOW_CTX_EXECUTION_DATE='2022-04-01T00:00:00+00:00' AIRFLOW_CTX_TRY_NUMBER='1' AIRFLOW_CTX_DAG_RUN_ID='scheduled__2022-04-01T00:00:00+00:00'
[2023-06-11T09:38:52.463+0000] {subprocess.py:63} INFO - Tmp dir root location: 
 /tmp
[2023-06-11T09:38:52.609+0000] {subprocess.py:75} INFO - Running command: ['/bin/bash', '-c', 'echo hey, I am task2 and will be running after task1!']
[2023-06-11T09:38:52.748+0000] {subprocess.py:86} INFO - Output:
[2023-06-11T09:38:52.754+0000] {subprocess.py:93} INFO - hey, I am task2 and will be running after task1!
[2023-06-11T09:38:52.781+0000] {subprocess.py:97} INFO - Command exited with return code 0
[2023-06-11T09:38:53.890+0000] {taskinstance.py:1350} INFO - Marking task as SUCCESS. dag_id=first_dag_02, task_id=second_task, execution_date=20220401T000000, start_date=20230611T093843, end_date=20230611T093853
[2023-06-11T09:38:54.564+0000] {local_task_job_runner.py:225} INFO - Task exited with return code 0
[2023-06-11T09:38:55.899+0000] {taskinstance.py:2651} INFO - 0 downstream tasks scheduled from follow-on schedule check
[2023-06-11T15:28:07.258+0000] {taskinstance.py:1103} INFO - Dependencies all met for dep_context=non-requeueable deps ti=<TaskInstance: first_dag_02.second_task scheduled__2022-04-01T00:00:00+00:00 [queued]>
[2023-06-11T15:28:07.360+0000] {taskinstance.py:1103} INFO - Dependencies all met for dep_context=requeueable deps ti=<TaskInstance: first_dag_02.second_task scheduled__2022-04-01T00:00:00+00:00 [queued]>
[2023-06-11T15:28:07.367+0000] {taskinstance.py:1308} INFO - Starting attempt 1 of 6
[2023-06-11T15:28:08.293+0000] {taskinstance.py:1327} INFO - Executing <Task(BashOperator): second_task> on 2022-04-01 00:00:00+00:00
[2023-06-11T15:28:08.505+0000] {standard_task_runner.py:57} INFO - Started process 529 to run task
[2023-06-11T15:28:08.670+0000] {standard_task_runner.py:84} INFO - Running: ['***', 'tasks', 'run', 'first_dag_02', 'second_task', 'scheduled__2022-04-01T00:00:00+00:00', '--job-id', '1244', '--raw', '--subdir', 'DAGS_FOLDER/First_dag.py', '--cfg-path', '/tmp/tmpcu_wb3o2']
[2023-06-11T15:28:08.671+0000] {standard_task_runner.py:85} INFO - Job 1244: Subtask second_task
[2023-06-11T15:28:09.230+0000] {task_command.py:410} INFO - Running <TaskInstance: first_dag_02.second_task scheduled__2022-04-01T00:00:00+00:00 [running]> on host 7586ce0070ac
[2023-06-11T15:28:10.918+0000] {taskinstance.py:1547} INFO - Exporting env vars: AIRFLOW_CTX_DAG_OWNER='Raja' AIRFLOW_CTX_DAG_ID='first_dag_02' AIRFLOW_CTX_TASK_ID='second_task' AIRFLOW_CTX_EXECUTION_DATE='2022-04-01T00:00:00+00:00' AIRFLOW_CTX_TRY_NUMBER='1' AIRFLOW_CTX_DAG_RUN_ID='scheduled__2022-04-01T00:00:00+00:00'
[2023-06-11T15:28:10.928+0000] {subprocess.py:63} INFO - Tmp dir root location: 
 /tmp
[2023-06-11T15:28:10.935+0000] {subprocess.py:75} INFO - Running command: ['/bin/bash', '-c', 'echo hey, I am task2 and will be running after task1!']
[2023-06-11T15:28:11.081+0000] {subprocess.py:86} INFO - Output:
[2023-06-11T15:28:11.112+0000] {subprocess.py:93} INFO - hey, I am task2 and will be running after task1!
[2023-06-11T15:28:11.114+0000] {subprocess.py:97} INFO - Command exited with return code 0
[2023-06-11T15:28:11.814+0000] {taskinstance.py:1350} INFO - Marking task as SUCCESS. dag_id=first_dag_02, task_id=second_task, execution_date=20220401T000000, start_date=20230611T152807, end_date=20230611T152811
[2023-06-11T15:28:12.363+0000] {local_task_job_runner.py:225} INFO - Task exited with return code 0
[2023-06-11T15:28:12.709+0000] {taskinstance.py:2651} INFO - 0 downstream tasks scheduled from follow-on schedule check
