[2023-06-11T09:47:32.438+0000] {taskinstance.py:1103} INFO - Dependencies all met for dep_context=non-requeueable deps ti=<TaskInstance: first_dag_02.thrid_task scheduled__2022-06-17T00:00:00+00:00 [queued]>
[2023-06-11T09:47:32.718+0000] {taskinstance.py:1103} INFO - Dependencies all met for dep_context=requeueable deps ti=<TaskInstance: first_dag_02.thrid_task scheduled__2022-06-17T00:00:00+00:00 [queued]>
[2023-06-11T09:47:32.718+0000] {taskinstance.py:1308} INFO - Starting attempt 1 of 6
[2023-06-11T09:47:33.198+0000] {taskinstance.py:1327} INFO - Executing <Task(BashOperator): thrid_task> on 2022-06-17 00:00:00+00:00
[2023-06-11T09:47:33.233+0000] {standard_task_runner.py:57} INFO - Started process 5110 to run task
[2023-06-11T09:47:33.282+0000] {standard_task_runner.py:84} INFO - Running: ['***', 'tasks', 'run', 'first_dag_02', 'thrid_task', 'scheduled__2022-06-17T00:00:00+00:00', '--job-id', '1565', '--raw', '--subdir', 'DAGS_FOLDER/First_dag.py', '--cfg-path', '/tmp/tmp0h22joc7']
[2023-06-11T09:47:33.316+0000] {standard_task_runner.py:85} INFO - Job 1565: Subtask thrid_task
[2023-06-11T09:47:34.800+0000] {task_command.py:410} INFO - Running <TaskInstance: first_dag_02.thrid_task scheduled__2022-06-17T00:00:00+00:00 [running]> on host 964e508aad03
[2023-06-11T09:47:36.931+0000] {taskinstance.py:1547} INFO - Exporting env vars: AIRFLOW_CTX_DAG_OWNER='Raja' AIRFLOW_CTX_DAG_ID='first_dag_02' AIRFLOW_CTX_TASK_ID='thrid_task' AIRFLOW_CTX_EXECUTION_DATE='2022-06-17T00:00:00+00:00' AIRFLOW_CTX_TRY_NUMBER='1' AIRFLOW_CTX_DAG_RUN_ID='scheduled__2022-06-17T00:00:00+00:00'
[2023-06-11T09:47:36.937+0000] {subprocess.py:63} INFO - Tmp dir root location: 
 /tmp
[2023-06-11T09:47:36.938+0000] {subprocess.py:75} INFO - Running command: ['/bin/bash', '-c', 'echo hey, I am task3 and will be running after task1 at the same time as task2!']
[2023-06-11T09:47:37.052+0000] {subprocess.py:86} INFO - Output:
[2023-06-11T09:47:37.068+0000] {subprocess.py:93} INFO - hey, I am task3 and will be running after task1 at the same time as task2!
[2023-06-11T09:47:37.080+0000] {subprocess.py:97} INFO - Command exited with return code 0
[2023-06-11T09:47:37.458+0000] {taskinstance.py:1350} INFO - Marking task as SUCCESS. dag_id=first_dag_02, task_id=thrid_task, execution_date=20220617T000000, start_date=20230611T094732, end_date=20230611T094737
[2023-06-11T09:47:37.889+0000] {local_task_job_runner.py:225} INFO - Task exited with return code 0
[2023-06-11T09:47:38.115+0000] {taskinstance.py:2651} INFO - 0 downstream tasks scheduled from follow-on schedule check
[2023-06-11T15:33:56.228+0000] {taskinstance.py:1103} INFO - Dependencies all met for dep_context=non-requeueable deps ti=<TaskInstance: first_dag_02.thrid_task scheduled__2022-06-17T00:00:00+00:00 [queued]>
[2023-06-11T15:33:56.523+0000] {taskinstance.py:1103} INFO - Dependencies all met for dep_context=requeueable deps ti=<TaskInstance: first_dag_02.thrid_task scheduled__2022-06-17T00:00:00+00:00 [queued]>
[2023-06-11T15:33:56.523+0000] {taskinstance.py:1308} INFO - Starting attempt 1 of 6
[2023-06-11T15:33:56.872+0000] {taskinstance.py:1327} INFO - Executing <Task(BashOperator): thrid_task> on 2022-06-17 00:00:00+00:00
[2023-06-11T15:33:56.938+0000] {standard_task_runner.py:57} INFO - Started process 1617 to run task
[2023-06-11T15:33:57.020+0000] {standard_task_runner.py:84} INFO - Running: ['***', 'tasks', 'run', 'first_dag_02', 'thrid_task', 'scheduled__2022-06-17T00:00:00+00:00', '--job-id', '1583', '--raw', '--subdir', 'DAGS_FOLDER/First_dag.py', '--cfg-path', '/tmp/tmpmmk4pjlh']
[2023-06-11T15:33:57.025+0000] {standard_task_runner.py:85} INFO - Job 1583: Subtask thrid_task
[2023-06-11T15:33:57.345+0000] {task_command.py:410} INFO - Running <TaskInstance: first_dag_02.thrid_task scheduled__2022-06-17T00:00:00+00:00 [running]> on host 7586ce0070ac
[2023-06-11T15:33:59.493+0000] {taskinstance.py:1547} INFO - Exporting env vars: AIRFLOW_CTX_DAG_OWNER='Raja' AIRFLOW_CTX_DAG_ID='first_dag_02' AIRFLOW_CTX_TASK_ID='thrid_task' AIRFLOW_CTX_EXECUTION_DATE='2022-06-17T00:00:00+00:00' AIRFLOW_CTX_TRY_NUMBER='1' AIRFLOW_CTX_DAG_RUN_ID='scheduled__2022-06-17T00:00:00+00:00'
[2023-06-11T15:33:59.509+0000] {subprocess.py:63} INFO - Tmp dir root location: 
 /tmp
[2023-06-11T15:33:59.509+0000] {subprocess.py:75} INFO - Running command: ['/bin/bash', '-c', 'echo hey, I am task3 and will be running after task1 at the same time as task2!']
[2023-06-11T15:33:59.614+0000] {subprocess.py:86} INFO - Output:
[2023-06-11T15:33:59.622+0000] {subprocess.py:93} INFO - hey, I am task3 and will be running after task1 at the same time as task2!
[2023-06-11T15:33:59.633+0000] {subprocess.py:97} INFO - Command exited with return code 0
[2023-06-11T15:33:59.752+0000] {taskinstance.py:1350} INFO - Marking task as SUCCESS. dag_id=first_dag_02, task_id=thrid_task, execution_date=20220617T000000, start_date=20230611T153356, end_date=20230611T153359
[2023-06-11T15:33:59.836+0000] {local_task_job_runner.py:225} INFO - Task exited with return code 0
[2023-06-11T15:34:00.164+0000] {taskinstance.py:2651} INFO - 0 downstream tasks scheduled from follow-on schedule check
