[2023-06-11T04:49:24.167+0000] {taskinstance.py:1103} INFO - Dependencies all met for dep_context=non-requeueable deps ti=<TaskInstance: first_dag_02.second_task scheduled__2021-09-18T00:00:00+00:00 [queued]>
[2023-06-11T04:49:25.142+0000] {taskinstance.py:1103} INFO - Dependencies all met for dep_context=requeueable deps ti=<TaskInstance: first_dag_02.second_task scheduled__2021-09-18T00:00:00+00:00 [queued]>
[2023-06-11T04:49:25.156+0000] {taskinstance.py:1308} INFO - Starting attempt 1 of 6
[2023-06-11T04:49:26.168+0000] {taskinstance.py:1327} INFO - Executing <Task(BashOperator): second_task> on 2021-09-18 00:00:00+00:00
[2023-06-11T04:49:26.474+0000] {standard_task_runner.py:57} INFO - Started process 711 to run task
[2023-06-11T04:49:26.558+0000] {standard_task_runner.py:84} INFO - Running: ['***', 'tasks', 'run', 'first_dag_02', 'second_task', 'scheduled__2021-09-18T00:00:00+00:00', '--job-id', '205', '--raw', '--subdir', 'DAGS_FOLDER/First_dag.py', '--cfg-path', '/tmp/tmp878xuf04']
[2023-06-11T04:49:26.559+0000] {standard_task_runner.py:85} INFO - Job 205: Subtask second_task
[2023-06-11T04:49:28.459+0000] {task_command.py:410} INFO - Running <TaskInstance: first_dag_02.second_task scheduled__2021-09-18T00:00:00+00:00 [running]> on host 4b1b5d40d165
[2023-06-11T04:49:32.770+0000] {taskinstance.py:1547} INFO - Exporting env vars: AIRFLOW_CTX_DAG_OWNER='Raja' AIRFLOW_CTX_DAG_ID='first_dag_02' AIRFLOW_CTX_TASK_ID='second_task' AIRFLOW_CTX_EXECUTION_DATE='2021-09-18T00:00:00+00:00' AIRFLOW_CTX_TRY_NUMBER='1' AIRFLOW_CTX_DAG_RUN_ID='scheduled__2021-09-18T00:00:00+00:00'
[2023-06-11T04:49:32.790+0000] {subprocess.py:63} INFO - Tmp dir root location: 
 /tmp
[2023-06-11T04:49:32.828+0000] {subprocess.py:75} INFO - Running command: ['/bin/bash', '-c', 'echo hey, I am task2 and will be running after task1!']
[2023-06-11T04:49:33.303+0000] {subprocess.py:86} INFO - Output:
[2023-06-11T04:49:33.417+0000] {subprocess.py:93} INFO - hey, I am task2 and will be running after task1!
[2023-06-11T04:49:33.419+0000] {subprocess.py:97} INFO - Command exited with return code 0
[2023-06-11T04:49:33.762+0000] {taskinstance.py:1350} INFO - Marking task as SUCCESS. dag_id=first_dag_02, task_id=second_task, execution_date=20210918T000000, start_date=20230611T044924, end_date=20230611T044933
[2023-06-11T04:49:34.119+0000] {local_task_job_runner.py:225} INFO - Task exited with return code 0
[2023-06-11T04:49:34.660+0000] {taskinstance.py:2651} INFO - 0 downstream tasks scheduled from follow-on schedule check
[2023-06-11T08:27:06.313+0000] {taskinstance.py:1103} INFO - Dependencies all met for dep_context=non-requeueable deps ti=<TaskInstance: first_dag_02.second_task scheduled__2021-09-18T00:00:00+00:00 [queued]>
[2023-06-11T08:27:06.541+0000] {taskinstance.py:1103} INFO - Dependencies all met for dep_context=requeueable deps ti=<TaskInstance: first_dag_02.second_task scheduled__2021-09-18T00:00:00+00:00 [queued]>
[2023-06-11T08:27:06.542+0000] {taskinstance.py:1308} INFO - Starting attempt 1 of 6
[2023-06-11T08:27:07.059+0000] {taskinstance.py:1327} INFO - Executing <Task(BashOperator): second_task> on 2021-09-18 00:00:00+00:00
[2023-06-11T08:27:07.136+0000] {standard_task_runner.py:84} INFO - Running: ['***', 'tasks', 'run', 'first_dag_02', 'second_task', 'scheduled__2021-09-18T00:00:00+00:00', '--job-id', '362', '--raw', '--subdir', 'DAGS_FOLDER/First_dag.py', '--cfg-path', '/tmp/tmpoicnm5wn']
[2023-06-11T08:27:07.139+0000] {standard_task_runner.py:85} INFO - Job 362: Subtask second_task
[2023-06-11T08:27:07.082+0000] {standard_task_runner.py:57} INFO - Started process 1168 to run task
[2023-06-11T08:27:08.445+0000] {task_command.py:410} INFO - Running <TaskInstance: first_dag_02.second_task scheduled__2021-09-18T00:00:00+00:00 [running]> on host 492037cdd057
[2023-06-11T08:27:16.295+0000] {taskinstance.py:1547} INFO - Exporting env vars: AIRFLOW_CTX_DAG_OWNER='Raja' AIRFLOW_CTX_DAG_ID='first_dag_02' AIRFLOW_CTX_TASK_ID='second_task' AIRFLOW_CTX_EXECUTION_DATE='2021-09-18T00:00:00+00:00' AIRFLOW_CTX_TRY_NUMBER='1' AIRFLOW_CTX_DAG_RUN_ID='scheduled__2021-09-18T00:00:00+00:00'
[2023-06-11T08:27:16.651+0000] {subprocess.py:63} INFO - Tmp dir root location: 
 /tmp
[2023-06-11T08:27:16.666+0000] {subprocess.py:75} INFO - Running command: ['/bin/bash', '-c', 'echo hey, I am task2 and will be running after task1!']
[2023-06-11T08:27:18.140+0000] {subprocess.py:86} INFO - Output:
[2023-06-11T08:27:19.102+0000] {subprocess.py:93} INFO - hey, I am task2 and will be running after task1!
[2023-06-11T08:27:19.185+0000] {subprocess.py:97} INFO - Command exited with return code 0
[2023-06-11T08:27:22.882+0000] {taskinstance.py:1350} INFO - Marking task as SUCCESS. dag_id=first_dag_02, task_id=second_task, execution_date=20210918T000000, start_date=20230611T082706, end_date=20230611T082722
[2023-06-11T08:27:25.115+0000] {local_task_job_runner.py:225} INFO - Task exited with return code 0
[2023-06-11T08:27:27.690+0000] {taskinstance.py:2651} INFO - 0 downstream tasks scheduled from follow-on schedule check
[2023-06-11T08:50:41.854+0000] {taskinstance.py:1103} INFO - Dependencies all met for dep_context=non-requeueable deps ti=<TaskInstance: first_dag_02.second_task scheduled__2021-09-18T00:00:00+00:00 [queued]>
[2023-06-11T08:50:42.044+0000] {taskinstance.py:1103} INFO - Dependencies all met for dep_context=requeueable deps ti=<TaskInstance: first_dag_02.second_task scheduled__2021-09-18T00:00:00+00:00 [queued]>
[2023-06-11T08:50:42.045+0000] {taskinstance.py:1308} INFO - Starting attempt 1 of 6
[2023-06-11T08:50:42.704+0000] {taskinstance.py:1327} INFO - Executing <Task(BashOperator): second_task> on 2021-09-18 00:00:00+00:00
[2023-06-11T08:50:42.938+0000] {standard_task_runner.py:57} INFO - Started process 946 to run task
[2023-06-11T08:50:43.141+0000] {standard_task_runner.py:84} INFO - Running: ['***', 'tasks', 'run', 'first_dag_02', 'second_task', 'scheduled__2021-09-18T00:00:00+00:00', '--job-id', '293', '--raw', '--subdir', 'DAGS_FOLDER/First_dag.py', '--cfg-path', '/tmp/tmpz4zdojbq']
[2023-06-11T08:50:43.164+0000] {standard_task_runner.py:85} INFO - Job 293: Subtask second_task
[2023-06-11T08:50:45.515+0000] {task_command.py:410} INFO - Running <TaskInstance: first_dag_02.second_task scheduled__2021-09-18T00:00:00+00:00 [running]> on host 964e508aad03
[2023-06-11T08:50:49.346+0000] {taskinstance.py:1547} INFO - Exporting env vars: AIRFLOW_CTX_DAG_OWNER='Raja' AIRFLOW_CTX_DAG_ID='first_dag_02' AIRFLOW_CTX_TASK_ID='second_task' AIRFLOW_CTX_EXECUTION_DATE='2021-09-18T00:00:00+00:00' AIRFLOW_CTX_TRY_NUMBER='1' AIRFLOW_CTX_DAG_RUN_ID='scheduled__2021-09-18T00:00:00+00:00'
[2023-06-11T08:50:49.348+0000] {subprocess.py:63} INFO - Tmp dir root location: 
 /tmp
[2023-06-11T08:50:49.352+0000] {subprocess.py:75} INFO - Running command: ['/bin/bash', '-c', 'echo hey, I am task2 and will be running after task1!']
[2023-06-11T08:50:49.490+0000] {subprocess.py:86} INFO - Output:
[2023-06-11T08:50:49.561+0000] {subprocess.py:93} INFO - hey, I am task2 and will be running after task1!
[2023-06-11T08:50:49.562+0000] {subprocess.py:97} INFO - Command exited with return code 0
[2023-06-11T08:50:50.161+0000] {taskinstance.py:1350} INFO - Marking task as SUCCESS. dag_id=first_dag_02, task_id=second_task, execution_date=20210918T000000, start_date=20230611T085041, end_date=20230611T085050
[2023-06-11T08:50:50.753+0000] {local_task_job_runner.py:225} INFO - Task exited with return code 0
[2023-06-11T08:50:51.459+0000] {taskinstance.py:2651} INFO - 0 downstream tasks scheduled from follow-on schedule check
[2023-06-11T10:53:56.373+0000] {taskinstance.py:1103} INFO - Dependencies all met for dep_context=non-requeueable deps ti=<TaskInstance: first_dag_02.second_task scheduled__2021-09-18T00:00:00+00:00 [queued]>
[2023-06-11T10:53:57.105+0000] {taskinstance.py:1103} INFO - Dependencies all met for dep_context=requeueable deps ti=<TaskInstance: first_dag_02.second_task scheduled__2021-09-18T00:00:00+00:00 [queued]>
[2023-06-11T10:53:57.113+0000] {taskinstance.py:1308} INFO - Starting attempt 1 of 6
[2023-06-11T10:54:10.471+0000] {taskinstance.py:1327} INFO - Executing <Task(BashOperator): second_task> on 2021-09-18 00:00:00+00:00
[2023-06-11T10:54:10.502+0000] {standard_task_runner.py:57} INFO - Started process 1025 to run task
[2023-06-11T10:54:11.127+0000] {standard_task_runner.py:84} INFO - Running: ['***', 'tasks', 'run', 'first_dag_02', 'second_task', 'scheduled__2021-09-18T00:00:00+00:00', '--job-id', '278', '--raw', '--subdir', 'DAGS_FOLDER/First_dag.py', '--cfg-path', '/tmp/tmp4m794rmp']
[2023-06-11T10:54:11.129+0000] {standard_task_runner.py:85} INFO - Job 278: Subtask second_task
[2023-06-11T10:54:13.235+0000] {task_command.py:410} INFO - Running <TaskInstance: first_dag_02.second_task scheduled__2021-09-18T00:00:00+00:00 [running]> on host 7586ce0070ac
[2023-06-11T10:54:16.165+0000] {taskinstance.py:1547} INFO - Exporting env vars: AIRFLOW_CTX_DAG_OWNER='Raja' AIRFLOW_CTX_DAG_ID='first_dag_02' AIRFLOW_CTX_TASK_ID='second_task' AIRFLOW_CTX_EXECUTION_DATE='2021-09-18T00:00:00+00:00' AIRFLOW_CTX_TRY_NUMBER='1' AIRFLOW_CTX_DAG_RUN_ID='scheduled__2021-09-18T00:00:00+00:00'
[2023-06-11T10:54:16.428+0000] {subprocess.py:63} INFO - Tmp dir root location: 
 /tmp
[2023-06-11T10:54:16.433+0000] {subprocess.py:75} INFO - Running command: ['/bin/bash', '-c', 'echo hey, I am task2 and will be running after task1!']
[2023-06-11T10:54:17.032+0000] {subprocess.py:86} INFO - Output:
[2023-06-11T10:54:17.076+0000] {subprocess.py:93} INFO - hey, I am task2 and will be running after task1!
[2023-06-11T10:54:17.080+0000] {subprocess.py:97} INFO - Command exited with return code 0
[2023-06-11T10:54:17.311+0000] {taskinstance.py:1350} INFO - Marking task as SUCCESS. dag_id=first_dag_02, task_id=second_task, execution_date=20210918T000000, start_date=20230611T105356, end_date=20230611T105417
[2023-06-11T10:54:21.251+0000] {local_task_job_runner.py:225} INFO - Task exited with return code 0
[2023-06-11T10:54:26.106+0000] {taskinstance.py:2651} INFO - 0 downstream tasks scheduled from follow-on schedule check
