[2023-06-11T04:59:23.746+0000] {taskinstance.py:1103} INFO - Dependencies all met for dep_context=non-requeueable deps ti=<TaskInstance: first_dag_02.first_task scheduled__2021-11-11T00:00:00+00:00 [queued]>
[2023-06-11T04:59:23.981+0000] {taskinstance.py:1103} INFO - Dependencies all met for dep_context=requeueable deps ti=<TaskInstance: first_dag_02.first_task scheduled__2021-11-11T00:00:00+00:00 [queued]>
[2023-06-11T04:59:23.982+0000] {taskinstance.py:1308} INFO - Starting attempt 1 of 6
[2023-06-11T04:59:24.107+0000] {taskinstance.py:1327} INFO - Executing <Task(BashOperator): first_task> on 2021-11-11 00:00:00+00:00
[2023-06-11T04:59:24.170+0000] {standard_task_runner.py:57} INFO - Started process 84 to run task
[2023-06-11T04:59:24.188+0000] {standard_task_runner.py:84} INFO - Running: ['***', 'tasks', 'run', 'first_dag_02', 'first_task', 'scheduled__2021-11-11T00:00:00+00:00', '--job-id', '379', '--raw', '--subdir', 'DAGS_FOLDER/First_dag.py', '--cfg-path', '/tmp/tmph1zzua82']
[2023-06-11T04:59:24.189+0000] {standard_task_runner.py:85} INFO - Job 379: Subtask first_task
[2023-06-11T04:59:24.540+0000] {task_command.py:410} INFO - Running <TaskInstance: first_dag_02.first_task scheduled__2021-11-11T00:00:00+00:00 [running]> on host 4b1b5d40d165
[2023-06-11T04:59:25.493+0000] {taskinstance.py:1547} INFO - Exporting env vars: AIRFLOW_CTX_DAG_OWNER='Raja' AIRFLOW_CTX_DAG_ID='first_dag_02' AIRFLOW_CTX_TASK_ID='first_task' AIRFLOW_CTX_EXECUTION_DATE='2021-11-11T00:00:00+00:00' AIRFLOW_CTX_TRY_NUMBER='1' AIRFLOW_CTX_DAG_RUN_ID='scheduled__2021-11-11T00:00:00+00:00'
[2023-06-11T04:59:25.503+0000] {subprocess.py:63} INFO - Tmp dir root location: 
 /tmp
[2023-06-11T04:59:25.505+0000] {subprocess.py:75} INFO - Running command: ['/bin/bash', '-c', 'echo hello world, this is the first task!']
[2023-06-11T04:59:25.539+0000] {subprocess.py:86} INFO - Output:
[2023-06-11T04:59:25.543+0000] {subprocess.py:93} INFO - hello world, this is the first task!
[2023-06-11T04:59:25.546+0000] {subprocess.py:97} INFO - Command exited with return code 0
[2023-06-11T04:59:25.625+0000] {taskinstance.py:1350} INFO - Marking task as SUCCESS. dag_id=first_dag_02, task_id=first_task, execution_date=20211111T000000, start_date=20230611T045923, end_date=20230611T045925
[2023-06-11T04:59:25.746+0000] {local_task_job_runner.py:225} INFO - Task exited with return code 0
[2023-06-11T04:59:25.852+0000] {taskinstance.py:2651} INFO - 2 downstream tasks scheduled from follow-on schedule check
[2023-06-11T08:53:37.353+0000] {taskinstance.py:1103} INFO - Dependencies all met for dep_context=non-requeueable deps ti=<TaskInstance: first_dag_02.first_task scheduled__2021-11-11T00:00:00+00:00 [queued]>
[2023-06-11T08:53:37.629+0000] {taskinstance.py:1103} INFO - Dependencies all met for dep_context=requeueable deps ti=<TaskInstance: first_dag_02.first_task scheduled__2021-11-11T00:00:00+00:00 [queued]>
[2023-06-11T08:53:37.629+0000] {taskinstance.py:1308} INFO - Starting attempt 1 of 6
[2023-06-11T08:53:38.103+0000] {taskinstance.py:1327} INFO - Executing <Task(BashOperator): first_task> on 2021-11-11 00:00:00+00:00
[2023-06-11T08:53:38.150+0000] {standard_task_runner.py:57} INFO - Started process 1616 to run task
[2023-06-11T08:53:38.194+0000] {standard_task_runner.py:84} INFO - Running: ['***', 'tasks', 'run', 'first_dag_02', 'first_task', 'scheduled__2021-11-11T00:00:00+00:00', '--job-id', '502', '--raw', '--subdir', 'DAGS_FOLDER/First_dag.py', '--cfg-path', '/tmp/tmp0img7qos']
[2023-06-11T08:53:38.204+0000] {standard_task_runner.py:85} INFO - Job 502: Subtask first_task
[2023-06-11T08:53:38.763+0000] {task_command.py:410} INFO - Running <TaskInstance: first_dag_02.first_task scheduled__2021-11-11T00:00:00+00:00 [running]> on host 964e508aad03
[2023-06-11T08:53:40.749+0000] {taskinstance.py:1547} INFO - Exporting env vars: AIRFLOW_CTX_DAG_OWNER='Raja' AIRFLOW_CTX_DAG_ID='first_dag_02' AIRFLOW_CTX_TASK_ID='first_task' AIRFLOW_CTX_EXECUTION_DATE='2021-11-11T00:00:00+00:00' AIRFLOW_CTX_TRY_NUMBER='1' AIRFLOW_CTX_DAG_RUN_ID='scheduled__2021-11-11T00:00:00+00:00'
[2023-06-11T08:53:40.750+0000] {subprocess.py:63} INFO - Tmp dir root location: 
 /tmp
[2023-06-11T08:53:40.751+0000] {subprocess.py:75} INFO - Running command: ['/bin/bash', '-c', 'echo hello world, this is the first task!']
[2023-06-11T08:53:40.838+0000] {subprocess.py:86} INFO - Output:
[2023-06-11T08:53:40.906+0000] {subprocess.py:93} INFO - hello world, this is the first task!
[2023-06-11T08:53:40.917+0000] {subprocess.py:97} INFO - Command exited with return code 0
[2023-06-11T08:53:41.235+0000] {taskinstance.py:1350} INFO - Marking task as SUCCESS. dag_id=first_dag_02, task_id=first_task, execution_date=20211111T000000, start_date=20230611T085337, end_date=20230611T085341
[2023-06-11T08:53:41.577+0000] {local_task_job_runner.py:225} INFO - Task exited with return code 0
[2023-06-11T08:53:42.236+0000] {taskinstance.py:2651} INFO - 2 downstream tasks scheduled from follow-on schedule check
[2023-06-11T11:15:06.300+0000] {taskinstance.py:1103} INFO - Dependencies all met for dep_context=non-requeueable deps ti=<TaskInstance: first_dag_02.first_task scheduled__2021-11-11T00:00:00+00:00 [queued]>
[2023-06-11T11:15:06.375+0000] {taskinstance.py:1103} INFO - Dependencies all met for dep_context=requeueable deps ti=<TaskInstance: first_dag_02.first_task scheduled__2021-11-11T00:00:00+00:00 [queued]>
[2023-06-11T11:15:06.379+0000] {taskinstance.py:1308} INFO - Starting attempt 1 of 6
[2023-06-11T11:15:07.099+0000] {taskinstance.py:1327} INFO - Executing <Task(BashOperator): first_task> on 2021-11-11 00:00:00+00:00
[2023-06-11T11:15:07.186+0000] {standard_task_runner.py:57} INFO - Started process 268 to run task
[2023-06-11T11:15:07.240+0000] {standard_task_runner.py:84} INFO - Running: ['***', 'tasks', 'run', 'first_dag_02', 'first_task', 'scheduled__2021-11-11T00:00:00+00:00', '--job-id', '540', '--raw', '--subdir', 'DAGS_FOLDER/First_dag.py', '--cfg-path', '/tmp/tmpoaf1rhzh']
[2023-06-11T11:15:07.241+0000] {standard_task_runner.py:85} INFO - Job 540: Subtask first_task
[2023-06-11T11:15:07.961+0000] {task_command.py:410} INFO - Running <TaskInstance: first_dag_02.first_task scheduled__2021-11-11T00:00:00+00:00 [running]> on host 7586ce0070ac
[2023-06-11T11:15:10.381+0000] {taskinstance.py:1547} INFO - Exporting env vars: AIRFLOW_CTX_DAG_OWNER='Raja' AIRFLOW_CTX_DAG_ID='first_dag_02' AIRFLOW_CTX_TASK_ID='first_task' AIRFLOW_CTX_EXECUTION_DATE='2021-11-11T00:00:00+00:00' AIRFLOW_CTX_TRY_NUMBER='1' AIRFLOW_CTX_DAG_RUN_ID='scheduled__2021-11-11T00:00:00+00:00'
[2023-06-11T11:15:10.384+0000] {subprocess.py:63} INFO - Tmp dir root location: 
 /tmp
[2023-06-11T11:15:10.391+0000] {subprocess.py:75} INFO - Running command: ['/bin/bash', '-c', 'echo hello world, this is the first task!']
[2023-06-11T11:15:10.473+0000] {subprocess.py:86} INFO - Output:
[2023-06-11T11:15:10.497+0000] {subprocess.py:93} INFO - hello world, this is the first task!
[2023-06-11T11:15:10.499+0000] {subprocess.py:97} INFO - Command exited with return code 0
[2023-06-11T11:15:10.775+0000] {taskinstance.py:1350} INFO - Marking task as SUCCESS. dag_id=first_dag_02, task_id=first_task, execution_date=20211111T000000, start_date=20230611T111506, end_date=20230611T111510
[2023-06-11T11:15:10.981+0000] {local_task_job_runner.py:225} INFO - Task exited with return code 0
[2023-06-11T11:15:11.683+0000] {taskinstance.py:2651} INFO - 2 downstream tasks scheduled from follow-on schedule check
