[2023-06-11T08:56:17.218+0000] {taskinstance.py:1103} INFO - Dependencies all met for dep_context=non-requeueable deps ti=<TaskInstance: first_dag_02.thrid_task scheduled__2021-12-14T00:00:00+00:00 [queued]>
[2023-06-11T08:56:17.345+0000] {taskinstance.py:1103} INFO - Dependencies all met for dep_context=requeueable deps ti=<TaskInstance: first_dag_02.thrid_task scheduled__2021-12-14T00:00:00+00:00 [queued]>
[2023-06-11T08:56:17.345+0000] {taskinstance.py:1308} INFO - Starting attempt 1 of 6
[2023-06-11T08:56:17.549+0000] {taskinstance.py:1327} INFO - Executing <Task(BashOperator): thrid_task> on 2021-12-14 00:00:00+00:00
[2023-06-11T08:56:17.595+0000] {standard_task_runner.py:57} INFO - Started process 2224 to run task
[2023-06-11T08:56:17.669+0000] {standard_task_runner.py:84} INFO - Running: ['***', 'tasks', 'run', 'first_dag_02', 'thrid_task', 'scheduled__2021-12-14T00:00:00+00:00', '--job-id', '692', '--raw', '--subdir', 'DAGS_FOLDER/First_dag.py', '--cfg-path', '/tmp/tmpcn273kge']
[2023-06-11T08:56:17.701+0000] {standard_task_runner.py:85} INFO - Job 692: Subtask thrid_task
[2023-06-11T08:56:18.390+0000] {task_command.py:410} INFO - Running <TaskInstance: first_dag_02.thrid_task scheduled__2021-12-14T00:00:00+00:00 [running]> on host 964e508aad03
[2023-06-11T08:56:20.406+0000] {taskinstance.py:1547} INFO - Exporting env vars: AIRFLOW_CTX_DAG_OWNER='Raja' AIRFLOW_CTX_DAG_ID='first_dag_02' AIRFLOW_CTX_TASK_ID='thrid_task' AIRFLOW_CTX_EXECUTION_DATE='2021-12-14T00:00:00+00:00' AIRFLOW_CTX_TRY_NUMBER='1' AIRFLOW_CTX_DAG_RUN_ID='scheduled__2021-12-14T00:00:00+00:00'
[2023-06-11T08:56:20.425+0000] {subprocess.py:63} INFO - Tmp dir root location: 
 /tmp
[2023-06-11T08:56:20.425+0000] {subprocess.py:75} INFO - Running command: ['/bin/bash', '-c', 'echo hey, I am task3 and will be running after task1 at the same time as task2!']
[2023-06-11T08:56:20.627+0000] {subprocess.py:86} INFO - Output:
[2023-06-11T08:56:20.654+0000] {subprocess.py:93} INFO - hey, I am task3 and will be running after task1 at the same time as task2!
[2023-06-11T08:56:20.654+0000] {subprocess.py:97} INFO - Command exited with return code 0
[2023-06-11T08:56:21.139+0000] {taskinstance.py:1350} INFO - Marking task as SUCCESS. dag_id=first_dag_02, task_id=thrid_task, execution_date=20211214T000000, start_date=20230611T085617, end_date=20230611T085621
[2023-06-11T08:56:21.374+0000] {local_task_job_runner.py:225} INFO - Task exited with return code 0
[2023-06-11T08:56:21.998+0000] {taskinstance.py:2651} INFO - 0 downstream tasks scheduled from follow-on schedule check
[2023-06-11T11:20:22.546+0000] {taskinstance.py:1103} INFO - Dependencies all met for dep_context=non-requeueable deps ti=<TaskInstance: first_dag_02.thrid_task scheduled__2021-12-14T00:00:00+00:00 [queued]>
[2023-06-11T11:20:23.477+0000] {taskinstance.py:1103} INFO - Dependencies all met for dep_context=requeueable deps ti=<TaskInstance: first_dag_02.thrid_task scheduled__2021-12-14T00:00:00+00:00 [queued]>
[2023-06-11T11:20:23.555+0000] {taskinstance.py:1308} INFO - Starting attempt 1 of 6
[2023-06-11T11:20:26.594+0000] {taskinstance.py:1327} INFO - Executing <Task(BashOperator): thrid_task> on 2021-12-14 00:00:00+00:00
[2023-06-11T11:20:26.832+0000] {standard_task_runner.py:57} INFO - Started process 893 to run task
[2023-06-11T11:20:27.008+0000] {standard_task_runner.py:84} INFO - Running: ['***', 'tasks', 'run', 'first_dag_02', 'thrid_task', 'scheduled__2021-12-14T00:00:00+00:00', '--job-id', '722', '--raw', '--subdir', 'DAGS_FOLDER/First_dag.py', '--cfg-path', '/tmp/tmpyzudngmr']
[2023-06-11T11:20:27.009+0000] {standard_task_runner.py:85} INFO - Job 722: Subtask thrid_task
[2023-06-11T11:20:29.115+0000] {task_command.py:410} INFO - Running <TaskInstance: first_dag_02.thrid_task scheduled__2021-12-14T00:00:00+00:00 [running]> on host 7586ce0070ac
[2023-06-11T11:20:34.028+0000] {taskinstance.py:1547} INFO - Exporting env vars: AIRFLOW_CTX_DAG_OWNER='Raja' AIRFLOW_CTX_DAG_ID='first_dag_02' AIRFLOW_CTX_TASK_ID='thrid_task' AIRFLOW_CTX_EXECUTION_DATE='2021-12-14T00:00:00+00:00' AIRFLOW_CTX_TRY_NUMBER='1' AIRFLOW_CTX_DAG_RUN_ID='scheduled__2021-12-14T00:00:00+00:00'
[2023-06-11T11:20:34.029+0000] {subprocess.py:63} INFO - Tmp dir root location: 
 /tmp
[2023-06-11T11:20:34.106+0000] {subprocess.py:75} INFO - Running command: ['/bin/bash', '-c', 'echo hey, I am task3 and will be running after task1 at the same time as task2!']
[2023-06-11T11:20:34.597+0000] {subprocess.py:86} INFO - Output:
[2023-06-11T11:20:34.699+0000] {subprocess.py:93} INFO - hey, I am task3 and will be running after task1 at the same time as task2!
[2023-06-11T11:20:34.730+0000] {subprocess.py:97} INFO - Command exited with return code 0
[2023-06-11T11:20:35.555+0000] {taskinstance.py:1350} INFO - Marking task as SUCCESS. dag_id=first_dag_02, task_id=thrid_task, execution_date=20211214T000000, start_date=20230611T112022, end_date=20230611T112035
[2023-06-11T11:20:36.239+0000] {local_task_job_runner.py:225} INFO - Task exited with return code 0
[2023-06-11T11:20:37.788+0000] {taskinstance.py:2651} INFO - 0 downstream tasks scheduled from follow-on schedule check
