[2023-06-11T04:49:37.219+0000] {taskinstance.py:1103} INFO - Dependencies all met for dep_context=non-requeueable deps ti=<TaskInstance: first_dag_02.second_task scheduled__2021-09-19T00:00:00+00:00 [queued]>
[2023-06-11T04:49:37.673+0000] {taskinstance.py:1103} INFO - Dependencies all met for dep_context=requeueable deps ti=<TaskInstance: first_dag_02.second_task scheduled__2021-09-19T00:00:00+00:00 [queued]>
[2023-06-11T04:49:37.674+0000] {taskinstance.py:1308} INFO - Starting attempt 1 of 6
[2023-06-11T04:49:38.759+0000] {taskinstance.py:1327} INFO - Executing <Task(BashOperator): second_task> on 2021-09-19 00:00:00+00:00
[2023-06-11T04:49:38.965+0000] {standard_task_runner.py:57} INFO - Started process 729 to run task
[2023-06-11T04:49:39.212+0000] {standard_task_runner.py:84} INFO - Running: ['***', 'tasks', 'run', 'first_dag_02', 'second_task', 'scheduled__2021-09-19T00:00:00+00:00', '--job-id', '211', '--raw', '--subdir', 'DAGS_FOLDER/First_dag.py', '--cfg-path', '/tmp/tmp6rcumyl1']
[2023-06-11T04:49:39.276+0000] {standard_task_runner.py:85} INFO - Job 211: Subtask second_task
[2023-06-11T04:49:41.262+0000] {task_command.py:410} INFO - Running <TaskInstance: first_dag_02.second_task scheduled__2021-09-19T00:00:00+00:00 [running]> on host 4b1b5d40d165
[2023-06-11T04:49:48.510+0000] {taskinstance.py:1547} INFO - Exporting env vars: AIRFLOW_CTX_DAG_OWNER='Raja' AIRFLOW_CTX_DAG_ID='first_dag_02' AIRFLOW_CTX_TASK_ID='second_task' AIRFLOW_CTX_EXECUTION_DATE='2021-09-19T00:00:00+00:00' AIRFLOW_CTX_TRY_NUMBER='1' AIRFLOW_CTX_DAG_RUN_ID='scheduled__2021-09-19T00:00:00+00:00'
[2023-06-11T04:49:48.523+0000] {subprocess.py:63} INFO - Tmp dir root location: 
 /tmp
[2023-06-11T04:49:48.631+0000] {subprocess.py:75} INFO - Running command: ['/bin/bash', '-c', 'echo hey, I am task2 and will be running after task1!']
[2023-06-11T04:49:48.830+0000] {subprocess.py:86} INFO - Output:
[2023-06-11T04:49:49.037+0000] {subprocess.py:93} INFO - hey, I am task2 and will be running after task1!
[2023-06-11T04:49:49.038+0000] {subprocess.py:97} INFO - Command exited with return code 0
[2023-06-11T04:49:49.530+0000] {taskinstance.py:1350} INFO - Marking task as SUCCESS. dag_id=first_dag_02, task_id=second_task, execution_date=20210919T000000, start_date=20230611T044937, end_date=20230611T044949
[2023-06-11T04:49:49.975+0000] {local_task_job_runner.py:225} INFO - Task exited with return code 0
[2023-06-11T04:49:51.096+0000] {taskinstance.py:2651} INFO - 0 downstream tasks scheduled from follow-on schedule check
[2023-06-11T08:27:08.071+0000] {taskinstance.py:1103} INFO - Dependencies all met for dep_context=non-requeueable deps ti=<TaskInstance: first_dag_02.second_task scheduled__2021-09-19T00:00:00+00:00 [queued]>
[2023-06-11T08:27:09.199+0000] {taskinstance.py:1103} INFO - Dependencies all met for dep_context=requeueable deps ti=<TaskInstance: first_dag_02.second_task scheduled__2021-09-19T00:00:00+00:00 [queued]>
[2023-06-11T08:27:09.199+0000] {taskinstance.py:1308} INFO - Starting attempt 1 of 6
[2023-06-11T08:27:09.890+0000] {taskinstance.py:1327} INFO - Executing <Task(BashOperator): second_task> on 2021-09-19 00:00:00+00:00
[2023-06-11T08:27:11.272+0000] {standard_task_runner.py:57} INFO - Started process 1173 to run task
[2023-06-11T08:27:11.861+0000] {standard_task_runner.py:84} INFO - Running: ['***', 'tasks', 'run', 'first_dag_02', 'second_task', 'scheduled__2021-09-19T00:00:00+00:00', '--job-id', '363', '--raw', '--subdir', 'DAGS_FOLDER/First_dag.py', '--cfg-path', '/tmp/tmp3ailm6ci']
[2023-06-11T08:27:11.903+0000] {standard_task_runner.py:85} INFO - Job 363: Subtask second_task
[2023-06-11T08:27:15.265+0000] {task_command.py:410} INFO - Running <TaskInstance: first_dag_02.second_task scheduled__2021-09-19T00:00:00+00:00 [running]> on host 492037cdd057
[2023-06-11T08:27:26.299+0000] {taskinstance.py:1547} INFO - Exporting env vars: AIRFLOW_CTX_DAG_OWNER='Raja' AIRFLOW_CTX_DAG_ID='first_dag_02' AIRFLOW_CTX_TASK_ID='second_task' AIRFLOW_CTX_EXECUTION_DATE='2021-09-19T00:00:00+00:00' AIRFLOW_CTX_TRY_NUMBER='1' AIRFLOW_CTX_DAG_RUN_ID='scheduled__2021-09-19T00:00:00+00:00'
[2023-06-11T08:27:26.374+0000] {subprocess.py:63} INFO - Tmp dir root location: 
 /tmp
[2023-06-11T08:27:26.375+0000] {subprocess.py:75} INFO - Running command: ['/bin/bash', '-c', 'echo hey, I am task2 and will be running after task1!']
[2023-06-11T08:27:27.770+0000] {subprocess.py:86} INFO - Output:
[2023-06-11T08:27:28.249+0000] {subprocess.py:93} INFO - hey, I am task2 and will be running after task1!
[2023-06-11T08:27:28.422+0000] {subprocess.py:97} INFO - Command exited with return code 0
[2023-06-11T08:27:29.724+0000] {taskinstance.py:1350} INFO - Marking task as SUCCESS. dag_id=first_dag_02, task_id=second_task, execution_date=20210919T000000, start_date=20230611T082708, end_date=20230611T082729
[2023-06-11T08:27:30.694+0000] {local_task_job_runner.py:225} INFO - Task exited with return code 0
[2023-06-11T08:27:32.424+0000] {taskinstance.py:2651} INFO - 0 downstream tasks scheduled from follow-on schedule check
[2023-06-11T08:50:40.167+0000] {taskinstance.py:1103} INFO - Dependencies all met for dep_context=non-requeueable deps ti=<TaskInstance: first_dag_02.second_task scheduled__2021-09-19T00:00:00+00:00 [queued]>
[2023-06-11T08:50:40.572+0000] {taskinstance.py:1103} INFO - Dependencies all met for dep_context=requeueable deps ti=<TaskInstance: first_dag_02.second_task scheduled__2021-09-19T00:00:00+00:00 [queued]>
[2023-06-11T08:50:40.573+0000] {taskinstance.py:1308} INFO - Starting attempt 1 of 6
[2023-06-11T08:50:41.528+0000] {taskinstance.py:1327} INFO - Executing <Task(BashOperator): second_task> on 2021-09-19 00:00:00+00:00
[2023-06-11T08:50:41.676+0000] {standard_task_runner.py:57} INFO - Started process 941 to run task
[2023-06-11T08:50:41.825+0000] {standard_task_runner.py:84} INFO - Running: ['***', 'tasks', 'run', 'first_dag_02', 'second_task', 'scheduled__2021-09-19T00:00:00+00:00', '--job-id', '290', '--raw', '--subdir', 'DAGS_FOLDER/First_dag.py', '--cfg-path', '/tmp/tmpyz2jh2or']
[2023-06-11T08:50:41.834+0000] {standard_task_runner.py:85} INFO - Job 290: Subtask second_task
[2023-06-11T08:50:43.582+0000] {task_command.py:410} INFO - Running <TaskInstance: first_dag_02.second_task scheduled__2021-09-19T00:00:00+00:00 [running]> on host 964e508aad03
[2023-06-11T08:50:47.482+0000] {taskinstance.py:1547} INFO - Exporting env vars: AIRFLOW_CTX_DAG_OWNER='Raja' AIRFLOW_CTX_DAG_ID='first_dag_02' AIRFLOW_CTX_TASK_ID='second_task' AIRFLOW_CTX_EXECUTION_DATE='2021-09-19T00:00:00+00:00' AIRFLOW_CTX_TRY_NUMBER='1' AIRFLOW_CTX_DAG_RUN_ID='scheduled__2021-09-19T00:00:00+00:00'
[2023-06-11T08:50:47.485+0000] {subprocess.py:63} INFO - Tmp dir root location: 
 /tmp
[2023-06-11T08:50:47.487+0000] {subprocess.py:75} INFO - Running command: ['/bin/bash', '-c', 'echo hey, I am task2 and will be running after task1!']
[2023-06-11T08:50:47.584+0000] {subprocess.py:86} INFO - Output:
[2023-06-11T08:50:47.591+0000] {subprocess.py:93} INFO - hey, I am task2 and will be running after task1!
[2023-06-11T08:50:47.620+0000] {subprocess.py:97} INFO - Command exited with return code 0
[2023-06-11T08:50:48.376+0000] {taskinstance.py:1350} INFO - Marking task as SUCCESS. dag_id=first_dag_02, task_id=second_task, execution_date=20210919T000000, start_date=20230611T085040, end_date=20230611T085048
[2023-06-11T08:50:48.897+0000] {local_task_job_runner.py:225} INFO - Task exited with return code 0
[2023-06-11T08:50:49.757+0000] {taskinstance.py:2651} INFO - 0 downstream tasks scheduled from follow-on schedule check
[2023-06-11T10:53:58.940+0000] {taskinstance.py:1103} INFO - Dependencies all met for dep_context=non-requeueable deps ti=<TaskInstance: first_dag_02.second_task scheduled__2021-09-19T00:00:00+00:00 [queued]>
[2023-06-11T10:54:00.813+0000] {taskinstance.py:1103} INFO - Dependencies all met for dep_context=requeueable deps ti=<TaskInstance: first_dag_02.second_task scheduled__2021-09-19T00:00:00+00:00 [queued]>
[2023-06-11T10:54:00.813+0000] {taskinstance.py:1308} INFO - Starting attempt 1 of 6
[2023-06-11T10:54:01.518+0000] {taskinstance.py:1327} INFO - Executing <Task(BashOperator): second_task> on 2021-09-19 00:00:00+00:00
[2023-06-11T10:54:01.605+0000] {standard_task_runner.py:84} INFO - Running: ['***', 'tasks', 'run', 'first_dag_02', 'second_task', 'scheduled__2021-09-19T00:00:00+00:00', '--job-id', '281', '--raw', '--subdir', 'DAGS_FOLDER/First_dag.py', '--cfg-path', '/tmp/tmpvuvs55go']
[2023-06-11T10:54:01.609+0000] {standard_task_runner.py:85} INFO - Job 281: Subtask second_task
[2023-06-11T10:54:01.596+0000] {standard_task_runner.py:57} INFO - Started process 1020 to run task
[2023-06-11T10:54:02.393+0000] {task_command.py:410} INFO - Running <TaskInstance: first_dag_02.second_task scheduled__2021-09-19T00:00:00+00:00 [running]> on host 7586ce0070ac
[2023-06-11T10:54:05.003+0000] {taskinstance.py:1547} INFO - Exporting env vars: AIRFLOW_CTX_DAG_OWNER='Raja' AIRFLOW_CTX_DAG_ID='first_dag_02' AIRFLOW_CTX_TASK_ID='second_task' AIRFLOW_CTX_EXECUTION_DATE='2021-09-19T00:00:00+00:00' AIRFLOW_CTX_TRY_NUMBER='1' AIRFLOW_CTX_DAG_RUN_ID='scheduled__2021-09-19T00:00:00+00:00'
[2023-06-11T10:54:05.052+0000] {subprocess.py:63} INFO - Tmp dir root location: 
 /tmp
[2023-06-11T10:54:05.056+0000] {subprocess.py:75} INFO - Running command: ['/bin/bash', '-c', 'echo hey, I am task2 and will be running after task1!']
[2023-06-11T10:54:05.653+0000] {subprocess.py:86} INFO - Output:
[2023-06-11T10:54:05.824+0000] {subprocess.py:93} INFO - hey, I am task2 and will be running after task1!
[2023-06-11T10:54:05.841+0000] {subprocess.py:97} INFO - Command exited with return code 0
[2023-06-11T10:54:07.869+0000] {taskinstance.py:1350} INFO - Marking task as SUCCESS. dag_id=first_dag_02, task_id=second_task, execution_date=20210919T000000, start_date=20230611T105359, end_date=20230611T105407
[2023-06-11T10:54:09.577+0000] {local_task_job_runner.py:225} INFO - Task exited with return code 0
[2023-06-11T10:54:10.194+0000] {taskinstance.py:2651} INFO - 0 downstream tasks scheduled from follow-on schedule check
