[2023-06-11T09:43:46.340+0000] {taskinstance.py:1103} INFO - Dependencies all met for dep_context=non-requeueable deps ti=<TaskInstance: dag_cron_expression_03.task1 scheduled__2021-12-07T03:00:00+00:00 [queued]>
[2023-06-11T09:43:46.383+0000] {taskinstance.py:1103} INFO - Dependencies all met for dep_context=requeueable deps ti=<TaskInstance: dag_cron_expression_03.task1 scheduled__2021-12-07T03:00:00+00:00 [queued]>
[2023-06-11T09:43:46.383+0000] {taskinstance.py:1308} INFO - Starting attempt 1 of 6
[2023-06-11T09:43:46.462+0000] {taskinstance.py:1327} INFO - Executing <Task(BashOperator): task1> on 2021-12-07 03:00:00+00:00
[2023-06-11T09:43:46.493+0000] {standard_task_runner.py:57} INFO - Started process 4355 to run task
[2023-06-11T09:43:46.507+0000] {standard_task_runner.py:84} INFO - Running: ['***', 'tasks', 'run', 'dag_cron_expression_03', 'task1', 'scheduled__2021-12-07T03:00:00+00:00', '--job-id', '1335', '--raw', '--subdir', 'DAGS_FOLDER/dag_corn.py', '--cfg-path', '/tmp/tmpo9auwax3']
[2023-06-11T09:43:46.508+0000] {standard_task_runner.py:85} INFO - Job 1335: Subtask task1
[2023-06-11T09:43:47.214+0000] {task_command.py:410} INFO - Running <TaskInstance: dag_cron_expression_03.task1 scheduled__2021-12-07T03:00:00+00:00 [running]> on host 964e508aad03
[2023-06-11T09:43:49.862+0000] {taskinstance.py:1547} INFO - Exporting env vars: AIRFLOW_CTX_DAG_OWNER='Raja' AIRFLOW_CTX_DAG_ID='dag_cron_expression_03' AIRFLOW_CTX_TASK_ID='task1' AIRFLOW_CTX_EXECUTION_DATE='2021-12-07T03:00:00+00:00' AIRFLOW_CTX_TRY_NUMBER='1' AIRFLOW_CTX_DAG_RUN_ID='scheduled__2021-12-07T03:00:00+00:00'
[2023-06-11T09:43:49.868+0000] {subprocess.py:63} INFO - Tmp dir root location: 
 /tmp
[2023-06-11T09:43:49.872+0000] {subprocess.py:75} INFO - Running command: ['/bin/bash', '-c', 'echo dag with cron expression!']
[2023-06-11T09:43:49.900+0000] {subprocess.py:86} INFO - Output:
[2023-06-11T09:43:49.915+0000] {subprocess.py:93} INFO - dag with cron expression!
[2023-06-11T09:43:49.917+0000] {subprocess.py:97} INFO - Command exited with return code 0
[2023-06-11T09:43:50.038+0000] {taskinstance.py:1350} INFO - Marking task as SUCCESS. dag_id=dag_cron_expression_03, task_id=task1, execution_date=20211207T030000, start_date=20230611T094346, end_date=20230611T094350
[2023-06-11T09:43:50.198+0000] {local_task_job_runner.py:225} INFO - Task exited with return code 0
[2023-06-11T09:43:50.457+0000] {taskinstance.py:2651} INFO - 0 downstream tasks scheduled from follow-on schedule check
[2023-06-11T10:39:28.346+0000] {taskinstance.py:1103} INFO - Dependencies all met for dep_context=non-requeueable deps ti=<TaskInstance: dag_cron_expression_03.task1 scheduled__2021-12-07T03:00:00+00:00 [queued]>
[2023-06-11T10:39:29.389+0000] {taskinstance.py:1103} INFO - Dependencies all met for dep_context=requeueable deps ti=<TaskInstance: dag_cron_expression_03.task1 scheduled__2021-12-07T03:00:00+00:00 [queued]>
[2023-06-11T10:39:29.390+0000] {taskinstance.py:1308} INFO - Starting attempt 1 of 6
[2023-06-11T10:39:30.173+0000] {taskinstance.py:1327} INFO - Executing <Task(BashOperator): task1> on 2021-12-07 03:00:00+00:00
[2023-06-11T10:39:30.481+0000] {standard_task_runner.py:57} INFO - Started process 458 to run task
[2023-06-11T10:39:30.538+0000] {standard_task_runner.py:84} INFO - Running: ['***', 'tasks', 'run', 'dag_cron_expression_03', 'task1', 'scheduled__2021-12-07T03:00:00+00:00', '--job-id', '121', '--raw', '--subdir', 'DAGS_FOLDER/dag_corn.py', '--cfg-path', '/tmp/tmpipa5lnjc']
[2023-06-11T10:39:30.539+0000] {standard_task_runner.py:85} INFO - Job 121: Subtask task1
[2023-06-11T10:39:32.818+0000] {task_command.py:410} INFO - Running <TaskInstance: dag_cron_expression_03.task1 scheduled__2021-12-07T03:00:00+00:00 [running]> on host 7586ce0070ac
[2023-06-11T10:39:35.650+0000] {taskinstance.py:1547} INFO - Exporting env vars: AIRFLOW_CTX_DAG_OWNER='Raja' AIRFLOW_CTX_DAG_ID='dag_cron_expression_03' AIRFLOW_CTX_TASK_ID='task1' AIRFLOW_CTX_EXECUTION_DATE='2021-12-07T03:00:00+00:00' AIRFLOW_CTX_TRY_NUMBER='1' AIRFLOW_CTX_DAG_RUN_ID='scheduled__2021-12-07T03:00:00+00:00'
[2023-06-11T10:39:35.745+0000] {subprocess.py:63} INFO - Tmp dir root location: 
 /tmp
[2023-06-11T10:39:35.776+0000] {subprocess.py:75} INFO - Running command: ['/bin/bash', '-c', 'echo dag with cron expression!']
[2023-06-11T10:39:36.423+0000] {subprocess.py:86} INFO - Output:
[2023-06-11T10:39:36.697+0000] {subprocess.py:93} INFO - dag with cron expression!
[2023-06-11T10:39:36.701+0000] {subprocess.py:97} INFO - Command exited with return code 0
[2023-06-11T10:39:37.556+0000] {taskinstance.py:1350} INFO - Marking task as SUCCESS. dag_id=dag_cron_expression_03, task_id=task1, execution_date=20211207T030000, start_date=20230611T103928, end_date=20230611T103937
[2023-06-11T10:39:39.704+0000] {local_task_job_runner.py:225} INFO - Task exited with return code 0
[2023-06-11T10:39:40.097+0000] {taskinstance.py:2651} INFO - 0 downstream tasks scheduled from follow-on schedule check
