[2023-06-11T09:43:28.901+0000] {taskinstance.py:1103} INFO - Dependencies all met for dep_context=non-requeueable deps ti=<TaskInstance: first_dag_02.thrid_task scheduled__2022-04-28T00:00:00+00:00 [queued]>
[2023-06-11T09:43:29.188+0000] {taskinstance.py:1103} INFO - Dependencies all met for dep_context=requeueable deps ti=<TaskInstance: first_dag_02.thrid_task scheduled__2022-04-28T00:00:00+00:00 [queued]>
[2023-06-11T09:43:29.189+0000] {taskinstance.py:1308} INFO - Starting attempt 1 of 6
[2023-06-11T09:43:29.596+0000] {taskinstance.py:1327} INFO - Executing <Task(BashOperator): thrid_task> on 2022-04-28 00:00:00+00:00
[2023-06-11T09:43:29.676+0000] {standard_task_runner.py:57} INFO - Started process 4292 to run task
[2023-06-11T09:43:29.741+0000] {standard_task_runner.py:84} INFO - Running: ['***', 'tasks', 'run', 'first_dag_02', 'thrid_task', 'scheduled__2022-04-28T00:00:00+00:00', '--job-id', '1313', '--raw', '--subdir', 'DAGS_FOLDER/First_dag.py', '--cfg-path', '/tmp/tmp54ppdso2']
[2023-06-11T09:43:29.742+0000] {standard_task_runner.py:85} INFO - Job 1313: Subtask thrid_task
[2023-06-11T09:43:30.483+0000] {task_command.py:410} INFO - Running <TaskInstance: first_dag_02.thrid_task scheduled__2022-04-28T00:00:00+00:00 [running]> on host 964e508aad03
[2023-06-11T09:43:32.738+0000] {taskinstance.py:1547} INFO - Exporting env vars: AIRFLOW_CTX_DAG_OWNER='Raja' AIRFLOW_CTX_DAG_ID='first_dag_02' AIRFLOW_CTX_TASK_ID='thrid_task' AIRFLOW_CTX_EXECUTION_DATE='2022-04-28T00:00:00+00:00' AIRFLOW_CTX_TRY_NUMBER='1' AIRFLOW_CTX_DAG_RUN_ID='scheduled__2022-04-28T00:00:00+00:00'
[2023-06-11T09:43:32.741+0000] {subprocess.py:63} INFO - Tmp dir root location: 
 /tmp
[2023-06-11T09:43:32.766+0000] {subprocess.py:75} INFO - Running command: ['/bin/bash', '-c', 'echo hey, I am task3 and will be running after task1 at the same time as task2!']
[2023-06-11T09:43:32.922+0000] {subprocess.py:86} INFO - Output:
[2023-06-11T09:43:32.934+0000] {subprocess.py:93} INFO - hey, I am task3 and will be running after task1 at the same time as task2!
[2023-06-11T09:43:32.961+0000] {subprocess.py:97} INFO - Command exited with return code 0
[2023-06-11T09:43:33.310+0000] {taskinstance.py:1350} INFO - Marking task as SUCCESS. dag_id=first_dag_02, task_id=thrid_task, execution_date=20220428T000000, start_date=20230611T094328, end_date=20230611T094333
[2023-06-11T09:43:33.642+0000] {local_task_job_runner.py:225} INFO - Task exited with return code 0
[2023-06-11T09:43:33.998+0000] {taskinstance.py:2651} INFO - 0 downstream tasks scheduled from follow-on schedule check
[2023-06-11T15:30:39.088+0000] {taskinstance.py:1103} INFO - Dependencies all met for dep_context=non-requeueable deps ti=<TaskInstance: first_dag_02.thrid_task scheduled__2022-04-28T00:00:00+00:00 [queued]>
[2023-06-11T15:30:39.184+0000] {taskinstance.py:1103} INFO - Dependencies all met for dep_context=requeueable deps ti=<TaskInstance: first_dag_02.thrid_task scheduled__2022-04-28T00:00:00+00:00 [queued]>
[2023-06-11T15:30:39.184+0000] {taskinstance.py:1308} INFO - Starting attempt 1 of 6
[2023-06-11T15:30:39.915+0000] {taskinstance.py:1327} INFO - Executing <Task(BashOperator): thrid_task> on 2022-04-28 00:00:00+00:00
[2023-06-11T15:30:40.166+0000] {standard_task_runner.py:57} INFO - Started process 950 to run task
[2023-06-11T15:30:40.230+0000] {standard_task_runner.py:84} INFO - Running: ['***', 'tasks', 'run', 'first_dag_02', 'thrid_task', 'scheduled__2022-04-28T00:00:00+00:00', '--job-id', '1378', '--raw', '--subdir', 'DAGS_FOLDER/First_dag.py', '--cfg-path', '/tmp/tmpq5hpn5oz']
[2023-06-11T15:30:40.295+0000] {standard_task_runner.py:85} INFO - Job 1378: Subtask thrid_task
[2023-06-11T15:30:41.202+0000] {task_command.py:410} INFO - Running <TaskInstance: first_dag_02.thrid_task scheduled__2022-04-28T00:00:00+00:00 [running]> on host 7586ce0070ac
[2023-06-11T15:30:43.121+0000] {taskinstance.py:1547} INFO - Exporting env vars: AIRFLOW_CTX_DAG_OWNER='Raja' AIRFLOW_CTX_DAG_ID='first_dag_02' AIRFLOW_CTX_TASK_ID='thrid_task' AIRFLOW_CTX_EXECUTION_DATE='2022-04-28T00:00:00+00:00' AIRFLOW_CTX_TRY_NUMBER='1' AIRFLOW_CTX_DAG_RUN_ID='scheduled__2022-04-28T00:00:00+00:00'
[2023-06-11T15:30:43.123+0000] {subprocess.py:63} INFO - Tmp dir root location: 
 /tmp
[2023-06-11T15:30:43.125+0000] {subprocess.py:75} INFO - Running command: ['/bin/bash', '-c', 'echo hey, I am task3 and will be running after task1 at the same time as task2!']
[2023-06-11T15:30:43.271+0000] {subprocess.py:86} INFO - Output:
[2023-06-11T15:30:43.385+0000] {subprocess.py:93} INFO - hey, I am task3 and will be running after task1 at the same time as task2!
[2023-06-11T15:30:43.388+0000] {subprocess.py:97} INFO - Command exited with return code 0
[2023-06-11T15:30:43.512+0000] {taskinstance.py:1350} INFO - Marking task as SUCCESS. dag_id=first_dag_02, task_id=thrid_task, execution_date=20220428T000000, start_date=20230611T153039, end_date=20230611T153043
[2023-06-11T15:30:43.665+0000] {local_task_job_runner.py:225} INFO - Task exited with return code 0
[2023-06-11T15:30:43.816+0000] {taskinstance.py:2651} INFO - 0 downstream tasks scheduled from follow-on schedule check
