[2023-06-11T09:48:02.436+0000] {taskinstance.py:1103} INFO - Dependencies all met for dep_context=non-requeueable deps ti=<TaskInstance: first_dag_02.thrid_task scheduled__2022-06-26T00:00:00+00:00 [queued]>
[2023-06-11T09:48:02.888+0000] {taskinstance.py:1103} INFO - Dependencies all met for dep_context=requeueable deps ti=<TaskInstance: first_dag_02.thrid_task scheduled__2022-06-26T00:00:00+00:00 [queued]>
[2023-06-11T09:48:02.904+0000] {taskinstance.py:1308} INFO - Starting attempt 1 of 6
[2023-06-11T09:48:04.156+0000] {taskinstance.py:1327} INFO - Executing <Task(BashOperator): thrid_task> on 2022-06-26 00:00:00+00:00
[2023-06-11T09:48:04.250+0000] {standard_task_runner.py:84} INFO - Running: ['***', 'tasks', 'run', 'first_dag_02', 'thrid_task', 'scheduled__2022-06-26T00:00:00+00:00', '--job-id', '1596', '--raw', '--subdir', 'DAGS_FOLDER/First_dag.py', '--cfg-path', '/tmp/tmpjwg7v5b9']
[2023-06-11T09:48:04.257+0000] {standard_task_runner.py:85} INFO - Job 1596: Subtask thrid_task
[2023-06-11T09:48:04.240+0000] {standard_task_runner.py:57} INFO - Started process 5204 to run task
[2023-06-11T09:48:04.954+0000] {task_command.py:410} INFO - Running <TaskInstance: first_dag_02.thrid_task scheduled__2022-06-26T00:00:00+00:00 [running]> on host 964e508aad03
[2023-06-11T09:48:08.235+0000] {taskinstance.py:1547} INFO - Exporting env vars: AIRFLOW_CTX_DAG_OWNER='Raja' AIRFLOW_CTX_DAG_ID='first_dag_02' AIRFLOW_CTX_TASK_ID='thrid_task' AIRFLOW_CTX_EXECUTION_DATE='2022-06-26T00:00:00+00:00' AIRFLOW_CTX_TRY_NUMBER='1' AIRFLOW_CTX_DAG_RUN_ID='scheduled__2022-06-26T00:00:00+00:00'
[2023-06-11T09:48:08.256+0000] {subprocess.py:63} INFO - Tmp dir root location: 
 /tmp
[2023-06-11T09:48:08.298+0000] {subprocess.py:75} INFO - Running command: ['/bin/bash', '-c', 'echo hey, I am task3 and will be running after task1 at the same time as task2!']
[2023-06-11T09:48:08.753+0000] {subprocess.py:86} INFO - Output:
[2023-06-11T09:48:08.816+0000] {subprocess.py:93} INFO - hey, I am task3 and will be running after task1 at the same time as task2!
[2023-06-11T09:48:08.823+0000] {subprocess.py:97} INFO - Command exited with return code 0
[2023-06-11T09:48:10.257+0000] {taskinstance.py:1350} INFO - Marking task as SUCCESS. dag_id=first_dag_02, task_id=thrid_task, execution_date=20220626T000000, start_date=20230611T094802, end_date=20230611T094810
[2023-06-11T09:48:10.763+0000] {local_task_job_runner.py:225} INFO - Task exited with return code 0
[2023-06-11T09:48:11.291+0000] {taskinstance.py:2651} INFO - 0 downstream tasks scheduled from follow-on schedule check
[2023-06-11T15:34:38.783+0000] {taskinstance.py:1103} INFO - Dependencies all met for dep_context=non-requeueable deps ti=<TaskInstance: first_dag_02.thrid_task scheduled__2022-06-26T00:00:00+00:00 [queued]>
[2023-06-11T15:34:38.981+0000] {taskinstance.py:1103} INFO - Dependencies all met for dep_context=requeueable deps ti=<TaskInstance: first_dag_02.thrid_task scheduled__2022-06-26T00:00:00+00:00 [queued]>
[2023-06-11T15:34:39.002+0000] {taskinstance.py:1308} INFO - Starting attempt 1 of 6
[2023-06-11T15:34:39.263+0000] {taskinstance.py:1327} INFO - Executing <Task(BashOperator): thrid_task> on 2022-06-26 00:00:00+00:00
[2023-06-11T15:34:39.310+0000] {standard_task_runner.py:84} INFO - Running: ['***', 'tasks', 'run', 'first_dag_02', 'thrid_task', 'scheduled__2022-06-26T00:00:00+00:00', '--job-id', '1631', '--raw', '--subdir', 'DAGS_FOLDER/First_dag.py', '--cfg-path', '/tmp/tmp50g99ag_']
[2023-06-11T15:34:39.323+0000] {standard_task_runner.py:57} INFO - Started process 1769 to run task
[2023-06-11T15:34:39.311+0000] {standard_task_runner.py:85} INFO - Job 1631: Subtask thrid_task
[2023-06-11T15:34:40.178+0000] {task_command.py:410} INFO - Running <TaskInstance: first_dag_02.thrid_task scheduled__2022-06-26T00:00:00+00:00 [running]> on host 7586ce0070ac
[2023-06-11T15:34:42.921+0000] {taskinstance.py:1547} INFO - Exporting env vars: AIRFLOW_CTX_DAG_OWNER='Raja' AIRFLOW_CTX_DAG_ID='first_dag_02' AIRFLOW_CTX_TASK_ID='thrid_task' AIRFLOW_CTX_EXECUTION_DATE='2022-06-26T00:00:00+00:00' AIRFLOW_CTX_TRY_NUMBER='1' AIRFLOW_CTX_DAG_RUN_ID='scheduled__2022-06-26T00:00:00+00:00'
[2023-06-11T15:34:42.932+0000] {subprocess.py:63} INFO - Tmp dir root location: 
 /tmp
[2023-06-11T15:34:42.933+0000] {subprocess.py:75} INFO - Running command: ['/bin/bash', '-c', 'echo hey, I am task3 and will be running after task1 at the same time as task2!']
[2023-06-11T15:34:43.019+0000] {subprocess.py:86} INFO - Output:
[2023-06-11T15:34:43.032+0000] {subprocess.py:93} INFO - hey, I am task3 and will be running after task1 at the same time as task2!
[2023-06-11T15:34:43.035+0000] {subprocess.py:97} INFO - Command exited with return code 0
[2023-06-11T15:34:43.691+0000] {taskinstance.py:1350} INFO - Marking task as SUCCESS. dag_id=first_dag_02, task_id=thrid_task, execution_date=20220626T000000, start_date=20230611T153438, end_date=20230611T153443
[2023-06-11T15:34:44.010+0000] {local_task_job_runner.py:225} INFO - Task exited with return code 0
[2023-06-11T15:34:44.200+0000] {taskinstance.py:2651} INFO - 0 downstream tasks scheduled from follow-on schedule check
