[2023-06-11T04:52:35.827+0000] {taskinstance.py:1103} INFO - Dependencies all met for dep_context=non-requeueable deps ti=<TaskInstance: first_dag_02.thrid_task scheduled__2021-10-04T00:00:00+00:00 [queued]>
[2023-06-11T04:52:36.436+0000] {taskinstance.py:1103} INFO - Dependencies all met for dep_context=requeueable deps ti=<TaskInstance: first_dag_02.thrid_task scheduled__2021-10-04T00:00:00+00:00 [queued]>
[2023-06-11T04:52:36.437+0000] {taskinstance.py:1308} INFO - Starting attempt 1 of 6
[2023-06-11T04:52:37.370+0000] {taskinstance.py:1327} INFO - Executing <Task(BashOperator): thrid_task> on 2021-10-04 00:00:00+00:00
[2023-06-11T04:52:37.407+0000] {standard_task_runner.py:57} INFO - Started process 967 to run task
[2023-06-11T04:52:37.460+0000] {standard_task_runner.py:84} INFO - Running: ['***', 'tasks', 'run', 'first_dag_02', 'thrid_task', 'scheduled__2021-10-04T00:00:00+00:00', '--job-id', '285', '--raw', '--subdir', 'DAGS_FOLDER/First_dag.py', '--cfg-path', '/tmp/tmp6nk3xha4']
[2023-06-11T04:52:37.488+0000] {standard_task_runner.py:85} INFO - Job 285: Subtask thrid_task
[2023-06-11T04:52:39.032+0000] {task_command.py:410} INFO - Running <TaskInstance: first_dag_02.thrid_task scheduled__2021-10-04T00:00:00+00:00 [running]> on host 4b1b5d40d165
[2023-06-11T04:52:42.583+0000] {taskinstance.py:1547} INFO - Exporting env vars: AIRFLOW_CTX_DAG_OWNER='Raja' AIRFLOW_CTX_DAG_ID='first_dag_02' AIRFLOW_CTX_TASK_ID='thrid_task' AIRFLOW_CTX_EXECUTION_DATE='2021-10-04T00:00:00+00:00' AIRFLOW_CTX_TRY_NUMBER='1' AIRFLOW_CTX_DAG_RUN_ID='scheduled__2021-10-04T00:00:00+00:00'
[2023-06-11T04:52:42.625+0000] {subprocess.py:63} INFO - Tmp dir root location: 
 /tmp
[2023-06-11T04:52:42.639+0000] {subprocess.py:75} INFO - Running command: ['/bin/bash', '-c', 'echo hey, I am task3 and will be running after task1 at the same time as task2!']
[2023-06-11T04:52:42.793+0000] {subprocess.py:86} INFO - Output:
[2023-06-11T04:52:42.841+0000] {subprocess.py:93} INFO - hey, I am task3 and will be running after task1 at the same time as task2!
[2023-06-11T04:52:42.859+0000] {subprocess.py:97} INFO - Command exited with return code 0
[2023-06-11T04:52:43.069+0000] {taskinstance.py:1350} INFO - Marking task as SUCCESS. dag_id=first_dag_02, task_id=thrid_task, execution_date=20211004T000000, start_date=20230611T045235, end_date=20230611T045243
[2023-06-11T04:52:43.273+0000] {local_task_job_runner.py:225} INFO - Task exited with return code 0
[2023-06-11T04:52:43.439+0000] {taskinstance.py:2651} INFO - 0 downstream tasks scheduled from follow-on schedule check
[2023-06-11T08:29:25.343+0000] {taskinstance.py:1103} INFO - Dependencies all met for dep_context=non-requeueable deps ti=<TaskInstance: first_dag_02.thrid_task scheduled__2021-10-04T00:00:00+00:00 [queued]>
[2023-06-11T08:29:25.574+0000] {taskinstance.py:1103} INFO - Dependencies all met for dep_context=requeueable deps ti=<TaskInstance: first_dag_02.thrid_task scheduled__2021-10-04T00:00:00+00:00 [queued]>
[2023-06-11T08:29:25.575+0000] {taskinstance.py:1308} INFO - Starting attempt 1 of 6
[2023-06-11T08:29:25.718+0000] {taskinstance.py:1327} INFO - Executing <Task(BashOperator): thrid_task> on 2021-10-04 00:00:00+00:00
[2023-06-11T08:29:25.727+0000] {standard_task_runner.py:57} INFO - Started process 1324 to run task
[2023-06-11T08:29:25.738+0000] {standard_task_runner.py:84} INFO - Running: ['***', 'tasks', 'run', 'first_dag_02', 'thrid_task', 'scheduled__2021-10-04T00:00:00+00:00', '--job-id', '405', '--raw', '--subdir', 'DAGS_FOLDER/First_dag.py', '--cfg-path', '/tmp/tmppfr6yreb']
[2023-06-11T08:29:25.741+0000] {standard_task_runner.py:85} INFO - Job 405: Subtask thrid_task
[2023-06-11T08:29:26.500+0000] {task_command.py:410} INFO - Running <TaskInstance: first_dag_02.thrid_task scheduled__2021-10-04T00:00:00+00:00 [running]> on host 492037cdd057
[2023-06-11T08:29:27.625+0000] {taskinstance.py:1547} INFO - Exporting env vars: AIRFLOW_CTX_DAG_OWNER='Raja' AIRFLOW_CTX_DAG_ID='first_dag_02' AIRFLOW_CTX_TASK_ID='thrid_task' AIRFLOW_CTX_EXECUTION_DATE='2021-10-04T00:00:00+00:00' AIRFLOW_CTX_TRY_NUMBER='1' AIRFLOW_CTX_DAG_RUN_ID='scheduled__2021-10-04T00:00:00+00:00'
[2023-06-11T08:29:27.627+0000] {subprocess.py:63} INFO - Tmp dir root location: 
 /tmp
[2023-06-11T08:29:27.627+0000] {subprocess.py:75} INFO - Running command: ['/bin/bash', '-c', 'echo hey, I am task3 and will be running after task1 at the same time as task2!']
[2023-06-11T08:29:27.775+0000] {subprocess.py:86} INFO - Output:
[2023-06-11T08:29:27.792+0000] {subprocess.py:93} INFO - hey, I am task3 and will be running after task1 at the same time as task2!
[2023-06-11T08:29:27.793+0000] {subprocess.py:97} INFO - Command exited with return code 0
[2023-06-11T08:29:27.947+0000] {taskinstance.py:1350} INFO - Marking task as SUCCESS. dag_id=first_dag_02, task_id=thrid_task, execution_date=20211004T000000, start_date=20230611T082925, end_date=20230611T082927
[2023-06-11T08:29:28.153+0000] {local_task_job_runner.py:225} INFO - Task exited with return code 0
[2023-06-11T08:29:28.347+0000] {taskinstance.py:2651} INFO - 0 downstream tasks scheduled from follow-on schedule check
[2023-06-11T08:51:48.071+0000] {taskinstance.py:1103} INFO - Dependencies all met for dep_context=non-requeueable deps ti=<TaskInstance: first_dag_02.thrid_task scheduled__2021-10-04T00:00:00+00:00 [queued]>
[2023-06-11T08:51:48.275+0000] {taskinstance.py:1103} INFO - Dependencies all met for dep_context=requeueable deps ti=<TaskInstance: first_dag_02.thrid_task scheduled__2021-10-04T00:00:00+00:00 [queued]>
[2023-06-11T08:51:48.275+0000] {taskinstance.py:1308} INFO - Starting attempt 1 of 6
[2023-06-11T08:51:48.850+0000] {taskinstance.py:1327} INFO - Executing <Task(BashOperator): thrid_task> on 2021-10-04 00:00:00+00:00
[2023-06-11T08:51:48.942+0000] {standard_task_runner.py:57} INFO - Started process 1194 to run task
[2023-06-11T08:51:48.985+0000] {standard_task_runner.py:84} INFO - Running: ['***', 'tasks', 'run', 'first_dag_02', 'thrid_task', 'scheduled__2021-10-04T00:00:00+00:00', '--job-id', '368', '--raw', '--subdir', 'DAGS_FOLDER/First_dag.py', '--cfg-path', '/tmp/tmpai38tzjj']
[2023-06-11T08:51:49.007+0000] {standard_task_runner.py:85} INFO - Job 368: Subtask thrid_task
[2023-06-11T08:51:49.731+0000] {task_command.py:410} INFO - Running <TaskInstance: first_dag_02.thrid_task scheduled__2021-10-04T00:00:00+00:00 [running]> on host 964e508aad03
[2023-06-11T08:51:52.462+0000] {taskinstance.py:1547} INFO - Exporting env vars: AIRFLOW_CTX_DAG_OWNER='Raja' AIRFLOW_CTX_DAG_ID='first_dag_02' AIRFLOW_CTX_TASK_ID='thrid_task' AIRFLOW_CTX_EXECUTION_DATE='2021-10-04T00:00:00+00:00' AIRFLOW_CTX_TRY_NUMBER='1' AIRFLOW_CTX_DAG_RUN_ID='scheduled__2021-10-04T00:00:00+00:00'
[2023-06-11T08:51:52.479+0000] {subprocess.py:63} INFO - Tmp dir root location: 
 /tmp
[2023-06-11T08:51:52.522+0000] {subprocess.py:75} INFO - Running command: ['/bin/bash', '-c', 'echo hey, I am task3 and will be running after task1 at the same time as task2!']
[2023-06-11T08:51:52.664+0000] {subprocess.py:86} INFO - Output:
[2023-06-11T08:51:52.668+0000] {subprocess.py:93} INFO - hey, I am task3 and will be running after task1 at the same time as task2!
[2023-06-11T08:51:52.669+0000] {subprocess.py:97} INFO - Command exited with return code 0
[2023-06-11T08:51:53.245+0000] {taskinstance.py:1350} INFO - Marking task as SUCCESS. dag_id=first_dag_02, task_id=thrid_task, execution_date=20211004T000000, start_date=20230611T085148, end_date=20230611T085153
[2023-06-11T08:51:53.456+0000] {local_task_job_runner.py:225} INFO - Task exited with return code 0
[2023-06-11T08:51:53.742+0000] {taskinstance.py:2651} INFO - 0 downstream tasks scheduled from follow-on schedule check
[2023-06-11T10:58:03.719+0000] {taskinstance.py:1103} INFO - Dependencies all met for dep_context=non-requeueable deps ti=<TaskInstance: first_dag_02.thrid_task scheduled__2021-10-04T00:00:00+00:00 [queued]>
[2023-06-11T10:58:04.342+0000] {taskinstance.py:1103} INFO - Dependencies all met for dep_context=requeueable deps ti=<TaskInstance: first_dag_02.thrid_task scheduled__2021-10-04T00:00:00+00:00 [queued]>
[2023-06-11T10:58:04.343+0000] {taskinstance.py:1308} INFO - Starting attempt 1 of 6
[2023-06-11T10:58:04.618+0000] {taskinstance.py:1327} INFO - Executing <Task(BashOperator): thrid_task> on 2021-10-04 00:00:00+00:00
[2023-06-11T10:58:04.647+0000] {standard_task_runner.py:57} INFO - Started process 1315 to run task
[2023-06-11T10:58:04.792+0000] {standard_task_runner.py:84} INFO - Running: ['***', 'tasks', 'run', 'first_dag_02', 'thrid_task', 'scheduled__2021-10-04T00:00:00+00:00', '--job-id', '359', '--raw', '--subdir', 'DAGS_FOLDER/First_dag.py', '--cfg-path', '/tmp/tmp4dij21u5']
[2023-06-11T10:58:04.793+0000] {standard_task_runner.py:85} INFO - Job 359: Subtask thrid_task
[2023-06-11T10:58:07.493+0000] {task_command.py:410} INFO - Running <TaskInstance: first_dag_02.thrid_task scheduled__2021-10-04T00:00:00+00:00 [running]> on host 7586ce0070ac
[2023-06-11T10:58:12.388+0000] {taskinstance.py:1547} INFO - Exporting env vars: AIRFLOW_CTX_DAG_OWNER='Raja' AIRFLOW_CTX_DAG_ID='first_dag_02' AIRFLOW_CTX_TASK_ID='thrid_task' AIRFLOW_CTX_EXECUTION_DATE='2021-10-04T00:00:00+00:00' AIRFLOW_CTX_TRY_NUMBER='1' AIRFLOW_CTX_DAG_RUN_ID='scheduled__2021-10-04T00:00:00+00:00'
[2023-06-11T10:58:12.455+0000] {subprocess.py:63} INFO - Tmp dir root location: 
 /tmp
[2023-06-11T10:58:12.470+0000] {subprocess.py:75} INFO - Running command: ['/bin/bash', '-c', 'echo hey, I am task3 and will be running after task1 at the same time as task2!']
[2023-06-11T10:58:12.771+0000] {subprocess.py:86} INFO - Output:
[2023-06-11T10:58:12.816+0000] {subprocess.py:93} INFO - hey, I am task3 and will be running after task1 at the same time as task2!
[2023-06-11T10:58:12.818+0000] {subprocess.py:97} INFO - Command exited with return code 0
[2023-06-11T10:58:13.981+0000] {taskinstance.py:1350} INFO - Marking task as SUCCESS. dag_id=first_dag_02, task_id=thrid_task, execution_date=20211004T000000, start_date=20230611T105803, end_date=20230611T105813
[2023-06-11T10:58:15.164+0000] {local_task_job_runner.py:225} INFO - Task exited with return code 0
[2023-06-11T10:58:16.144+0000] {taskinstance.py:2651} INFO - 0 downstream tasks scheduled from follow-on schedule check
