[2023-06-11T09:40:56.032+0000] {taskinstance.py:1103} INFO - Dependencies all met for dep_context=non-requeueable deps ti=<TaskInstance: first_dag_02.second_task scheduled__2022-04-13T00:00:00+00:00 [queued]>
[2023-06-11T09:40:56.743+0000] {taskinstance.py:1103} INFO - Dependencies all met for dep_context=requeueable deps ti=<TaskInstance: first_dag_02.second_task scheduled__2022-04-13T00:00:00+00:00 [queued]>
[2023-06-11T09:40:56.830+0000] {taskinstance.py:1308} INFO - Starting attempt 1 of 6
[2023-06-11T09:40:57.551+0000] {taskinstance.py:1327} INFO - Executing <Task(BashOperator): second_task> on 2022-04-13 00:00:00+00:00
[2023-06-11T09:40:57.914+0000] {standard_task_runner.py:57} INFO - Started process 4011 to run task
[2023-06-11T09:40:58.242+0000] {standard_task_runner.py:84} INFO - Running: ['***', 'tasks', 'run', 'first_dag_02', 'second_task', 'scheduled__2022-04-13T00:00:00+00:00', '--job-id', '1242', '--raw', '--subdir', 'DAGS_FOLDER/First_dag.py', '--cfg-path', '/tmp/tmpq8yon73u']
[2023-06-11T09:40:58.244+0000] {standard_task_runner.py:85} INFO - Job 1242: Subtask second_task
[2023-06-11T09:41:00.018+0000] {task_command.py:410} INFO - Running <TaskInstance: first_dag_02.second_task scheduled__2022-04-13T00:00:00+00:00 [running]> on host 964e508aad03
[2023-06-11T09:41:05.588+0000] {taskinstance.py:1547} INFO - Exporting env vars: AIRFLOW_CTX_DAG_OWNER='Raja' AIRFLOW_CTX_DAG_ID='first_dag_02' AIRFLOW_CTX_TASK_ID='second_task' AIRFLOW_CTX_EXECUTION_DATE='2022-04-13T00:00:00+00:00' AIRFLOW_CTX_TRY_NUMBER='1' AIRFLOW_CTX_DAG_RUN_ID='scheduled__2022-04-13T00:00:00+00:00'
[2023-06-11T09:41:05.598+0000] {subprocess.py:63} INFO - Tmp dir root location: 
 /tmp
[2023-06-11T09:41:05.613+0000] {subprocess.py:75} INFO - Running command: ['/bin/bash', '-c', 'echo hey, I am task2 and will be running after task1!']
[2023-06-11T09:41:05.816+0000] {subprocess.py:86} INFO - Output:
[2023-06-11T09:41:05.826+0000] {subprocess.py:93} INFO - hey, I am task2 and will be running after task1!
[2023-06-11T09:41:05.827+0000] {subprocess.py:97} INFO - Command exited with return code 0
[2023-06-11T09:41:06.690+0000] {taskinstance.py:1350} INFO - Marking task as SUCCESS. dag_id=first_dag_02, task_id=second_task, execution_date=20220413T000000, start_date=20230611T094056, end_date=20230611T094106
[2023-06-11T09:41:08.694+0000] {local_task_job_runner.py:225} INFO - Task exited with return code 0
[2023-06-11T09:41:09.815+0000] {taskinstance.py:2651} INFO - 0 downstream tasks scheduled from follow-on schedule check
[2023-06-11T15:29:01.541+0000] {taskinstance.py:1103} INFO - Dependencies all met for dep_context=non-requeueable deps ti=<TaskInstance: first_dag_02.second_task scheduled__2022-04-13T00:00:00+00:00 [queued]>
[2023-06-11T15:29:02.608+0000] {taskinstance.py:1103} INFO - Dependencies all met for dep_context=requeueable deps ti=<TaskInstance: first_dag_02.second_task scheduled__2022-04-13T00:00:00+00:00 [queued]>
[2023-06-11T15:29:02.609+0000] {taskinstance.py:1308} INFO - Starting attempt 1 of 6
[2023-06-11T15:29:03.763+0000] {taskinstance.py:1327} INFO - Executing <Task(BashOperator): second_task> on 2022-04-13 00:00:00+00:00
[2023-06-11T15:29:03.882+0000] {standard_task_runner.py:57} INFO - Started process 675 to run task
[2023-06-11T15:29:03.981+0000] {standard_task_runner.py:84} INFO - Running: ['***', 'tasks', 'run', 'first_dag_02', 'second_task', 'scheduled__2022-04-13T00:00:00+00:00', '--job-id', '1289', '--raw', '--subdir', 'DAGS_FOLDER/First_dag.py', '--cfg-path', '/tmp/tmpyxrxdws5']
[2023-06-11T15:29:03.982+0000] {standard_task_runner.py:85} INFO - Job 1289: Subtask second_task
[2023-06-11T15:29:05.007+0000] {task_command.py:410} INFO - Running <TaskInstance: first_dag_02.second_task scheduled__2022-04-13T00:00:00+00:00 [running]> on host 7586ce0070ac
[2023-06-11T15:29:07.211+0000] {taskinstance.py:1547} INFO - Exporting env vars: AIRFLOW_CTX_DAG_OWNER='Raja' AIRFLOW_CTX_DAG_ID='first_dag_02' AIRFLOW_CTX_TASK_ID='second_task' AIRFLOW_CTX_EXECUTION_DATE='2022-04-13T00:00:00+00:00' AIRFLOW_CTX_TRY_NUMBER='1' AIRFLOW_CTX_DAG_RUN_ID='scheduled__2022-04-13T00:00:00+00:00'
[2023-06-11T15:29:07.218+0000] {subprocess.py:63} INFO - Tmp dir root location: 
 /tmp
[2023-06-11T15:29:07.219+0000] {subprocess.py:75} INFO - Running command: ['/bin/bash', '-c', 'echo hey, I am task2 and will be running after task1!']
[2023-06-11T15:29:07.493+0000] {subprocess.py:86} INFO - Output:
[2023-06-11T15:29:07.540+0000] {subprocess.py:93} INFO - hey, I am task2 and will be running after task1!
[2023-06-11T15:29:07.541+0000] {subprocess.py:97} INFO - Command exited with return code 0
[2023-06-11T15:29:07.747+0000] {taskinstance.py:1350} INFO - Marking task as SUCCESS. dag_id=first_dag_02, task_id=second_task, execution_date=20220413T000000, start_date=20230611T152901, end_date=20230611T152907
[2023-06-11T15:29:08.162+0000] {local_task_job_runner.py:225} INFO - Task exited with return code 0
[2023-06-11T15:29:08.738+0000] {taskinstance.py:2651} INFO - 0 downstream tasks scheduled from follow-on schedule check
