[2023-06-10T16:26:25.391+0000] {taskinstance.py:1103} INFO - Dependencies all met for dep_context=non-requeueable deps ti=<TaskInstance: dag_pythonoperator.first_task scheduled__2023-06-02T00:00:00+00:00 [queued]>
[2023-06-10T16:26:25.461+0000] {taskinstance.py:1103} INFO - Dependencies all met for dep_context=requeueable deps ti=<TaskInstance: dag_pythonoperator.first_task scheduled__2023-06-02T00:00:00+00:00 [queued]>
[2023-06-10T16:26:25.465+0000] {taskinstance.py:1308} INFO - Starting attempt 1 of 6
[2023-06-10T16:26:25.560+0000] {taskinstance.py:1327} INFO - Executing <Task(PythonOperator): first_task> on 2023-06-02 00:00:00+00:00
[2023-06-10T16:26:25.592+0000] {standard_task_runner.py:57} INFO - Started process 4238 to run task
[2023-06-10T16:26:25.629+0000] {standard_task_runner.py:84} INFO - Running: ['***', 'tasks', 'run', 'dag_pythonoperator', 'first_task', 'scheduled__2023-06-02T00:00:00+00:00', '--job-id', '1303', '--raw', '--subdir', 'DAGS_FOLDER/Pythonoperator_dag.py', '--cfg-path', '/tmp/tmp77963ol4']
[2023-06-10T16:26:25.636+0000] {standard_task_runner.py:85} INFO - Job 1303: Subtask first_task
[2023-06-10T16:26:26.943+0000] {task_command.py:410} INFO - Running <TaskInstance: dag_pythonoperator.first_task scheduled__2023-06-02T00:00:00+00:00 [running]> on host e326d5f70fa9
[2023-06-10T16:26:31.014+0000] {taskinstance.py:1547} INFO - Exporting env vars: AIRFLOW_CTX_DAG_OWNER='Raja' AIRFLOW_CTX_DAG_ID='dag_pythonoperator' AIRFLOW_CTX_TASK_ID='first_task' AIRFLOW_CTX_EXECUTION_DATE='2023-06-02T00:00:00+00:00' AIRFLOW_CTX_TRY_NUMBER='1' AIRFLOW_CTX_DAG_RUN_ID='scheduled__2023-06-02T00:00:00+00:00'
[2023-06-10T16:26:31.105+0000] {logging_mixin.py:149} INFO - Hai this first python_operator dag
[2023-06-10T16:26:31.123+0000] {python.py:183} INFO - Done. Returned value was: None
[2023-06-10T16:26:31.725+0000] {taskinstance.py:1350} INFO - Marking task as SUCCESS. dag_id=dag_pythonoperator, task_id=first_task, execution_date=20230602T000000, start_date=20230610T162625, end_date=20230610T162631
[2023-06-10T16:26:32.593+0000] {local_task_job_runner.py:225} INFO - Task exited with return code 0
[2023-06-10T16:26:34.027+0000] {taskinstance.py:2651} INFO - 2 downstream tasks scheduled from follow-on schedule check
[2023-06-11T04:43:13.219+0000] {taskinstance.py:1103} INFO - Dependencies all met for dep_context=non-requeueable deps ti=<TaskInstance: dag_pythonoperator.first_task scheduled__2023-06-02T00:00:00+00:00 [queued]>
[2023-06-11T04:43:13.836+0000] {taskinstance.py:1103} INFO - Dependencies all met for dep_context=requeueable deps ti=<TaskInstance: dag_pythonoperator.first_task scheduled__2023-06-02T00:00:00+00:00 [queued]>
[2023-06-11T04:43:13.975+0000] {taskinstance.py:1308} INFO - Starting attempt 1 of 6
[2023-06-11T04:43:16.002+0000] {taskinstance.py:1327} INFO - Executing <Task(PythonOperator): first_task> on 2023-06-02 00:00:00+00:00
[2023-06-11T04:43:16.288+0000] {standard_task_runner.py:57} INFO - Started process 83 to run task
[2023-06-11T04:43:16.692+0000] {standard_task_runner.py:84} INFO - Running: ['***', 'tasks', 'run', 'dag_pythonoperator', 'first_task', 'scheduled__2023-06-02T00:00:00+00:00', '--job-id', '5', '--raw', '--subdir', 'DAGS_FOLDER/python_operator_dag.py', '--cfg-path', '/tmp/tmph7wray33']
[2023-06-11T04:43:16.714+0000] {standard_task_runner.py:85} INFO - Job 5: Subtask first_task
[2023-06-11T04:43:18.923+0000] {task_command.py:410} INFO - Running <TaskInstance: dag_pythonoperator.first_task scheduled__2023-06-02T00:00:00+00:00 [running]> on host 4b1b5d40d165
[2023-06-11T04:43:23.752+0000] {taskinstance.py:1547} INFO - Exporting env vars: AIRFLOW_CTX_DAG_OWNER='Raja' AIRFLOW_CTX_DAG_ID='dag_pythonoperator' AIRFLOW_CTX_TASK_ID='first_task' AIRFLOW_CTX_EXECUTION_DATE='2023-06-02T00:00:00+00:00' AIRFLOW_CTX_TRY_NUMBER='1' AIRFLOW_CTX_DAG_RUN_ID='scheduled__2023-06-02T00:00:00+00:00'
[2023-06-11T04:43:23.757+0000] {logging_mixin.py:149} INFO - Hai this first python_operator dag
[2023-06-11T04:43:23.758+0000] {python.py:183} INFO - Done. Returned value was: None
[2023-06-11T04:43:25.058+0000] {taskinstance.py:1350} INFO - Marking task as SUCCESS. dag_id=dag_pythonoperator, task_id=first_task, execution_date=20230602T000000, start_date=20230611T044313, end_date=20230611T044324
[2023-06-11T04:43:25.414+0000] {local_task_job_runner.py:225} INFO - Task exited with return code 0
[2023-06-11T04:43:26.067+0000] {taskinstance.py:2651} INFO - 2 downstream tasks scheduled from follow-on schedule check
