[2023-06-11T04:49:01.731+0000] {taskinstance.py:1103} INFO - Dependencies all met for dep_context=non-requeueable deps ti=<TaskInstance: dag_pythonoperator_00.first_task scheduled__2023-06-03T00:00:00+00:00 [queued]>
[2023-06-11T04:49:02.058+0000] {taskinstance.py:1103} INFO - Dependencies all met for dep_context=requeueable deps ti=<TaskInstance: dag_pythonoperator_00.first_task scheduled__2023-06-03T00:00:00+00:00 [queued]>
[2023-06-11T04:49:02.059+0000] {taskinstance.py:1308} INFO - Starting attempt 1 of 6
[2023-06-11T04:49:03.261+0000] {taskinstance.py:1327} INFO - Executing <Task(PythonOperator): first_task> on 2023-06-03 00:00:00+00:00
[2023-06-11T04:49:04.083+0000] {standard_task_runner.py:57} INFO - Started process 686 to run task
[2023-06-11T04:49:04.452+0000] {standard_task_runner.py:84} INFO - Running: ['***', 'tasks', 'run', 'dag_pythonoperator_00', 'first_task', 'scheduled__2023-06-03T00:00:00+00:00', '--job-id', '195', '--raw', '--subdir', 'DAGS_FOLDER/python_operator_dag.py', '--cfg-path', '/tmp/tmpkp184qrg']
[2023-06-11T04:49:04.458+0000] {standard_task_runner.py:85} INFO - Job 195: Subtask first_task
[2023-06-11T04:49:08.637+0000] {task_command.py:410} INFO - Running <TaskInstance: dag_pythonoperator_00.first_task scheduled__2023-06-03T00:00:00+00:00 [running]> on host 4b1b5d40d165
[2023-06-11T04:49:15.104+0000] {taskinstance.py:1547} INFO - Exporting env vars: AIRFLOW_CTX_DAG_OWNER='Raja' AIRFLOW_CTX_DAG_ID='dag_pythonoperator_00' AIRFLOW_CTX_TASK_ID='first_task' AIRFLOW_CTX_EXECUTION_DATE='2023-06-03T00:00:00+00:00' AIRFLOW_CTX_TRY_NUMBER='1' AIRFLOW_CTX_DAG_RUN_ID='scheduled__2023-06-03T00:00:00+00:00'
[2023-06-11T04:49:15.107+0000] {logging_mixin.py:149} INFO - Hai this first python_operator dag
[2023-06-11T04:49:15.110+0000] {python.py:183} INFO - Done. Returned value was: None
[2023-06-11T04:49:15.718+0000] {taskinstance.py:1350} INFO - Marking task as SUCCESS. dag_id=dag_pythonoperator_00, task_id=first_task, execution_date=20230603T000000, start_date=20230611T044901, end_date=20230611T044915
[2023-06-11T04:49:17.201+0000] {local_task_job_runner.py:225} INFO - Task exited with return code 0
[2023-06-11T04:49:19.924+0000] {taskinstance.py:2651} INFO - 1 downstream tasks scheduled from follow-on schedule check
[2023-06-11T05:21:04.356+0000] {taskinstance.py:1103} INFO - Dependencies all met for dep_context=non-requeueable deps ti=<TaskInstance: dag_pythonoperator_00.first_task scheduled__2023-06-03T00:00:00+00:00 [queued]>
[2023-06-11T05:21:04.624+0000] {taskinstance.py:1103} INFO - Dependencies all met for dep_context=requeueable deps ti=<TaskInstance: dag_pythonoperator_00.first_task scheduled__2023-06-03T00:00:00+00:00 [queued]>
[2023-06-11T05:21:04.624+0000] {taskinstance.py:1308} INFO - Starting attempt 1 of 6
[2023-06-11T05:21:04.997+0000] {taskinstance.py:1327} INFO - Executing <Task(PythonOperator): first_task> on 2023-06-03 00:00:00+00:00
[2023-06-11T05:21:05.177+0000] {standard_task_runner.py:57} INFO - Started process 829 to run task
[2023-06-11T05:21:05.253+0000] {standard_task_runner.py:84} INFO - Running: ['***', 'tasks', 'run', 'dag_pythonoperator_00', 'first_task', 'scheduled__2023-06-03T00:00:00+00:00', '--job-id', '227', '--raw', '--subdir', 'DAGS_FOLDER/python_operator_dag.py', '--cfg-path', '/tmp/tmp4ykc7y5y']
[2023-06-11T05:21:05.269+0000] {standard_task_runner.py:85} INFO - Job 227: Subtask first_task
[2023-06-11T05:21:06.862+0000] {task_command.py:410} INFO - Running <TaskInstance: dag_pythonoperator_00.first_task scheduled__2023-06-03T00:00:00+00:00 [running]> on host 69e374580eab
[2023-06-11T05:21:09.483+0000] {taskinstance.py:1547} INFO - Exporting env vars: AIRFLOW_CTX_DAG_OWNER='Raja' AIRFLOW_CTX_DAG_ID='dag_pythonoperator_00' AIRFLOW_CTX_TASK_ID='first_task' AIRFLOW_CTX_EXECUTION_DATE='2023-06-03T00:00:00+00:00' AIRFLOW_CTX_TRY_NUMBER='1' AIRFLOW_CTX_DAG_RUN_ID='scheduled__2023-06-03T00:00:00+00:00'
[2023-06-11T05:21:09.484+0000] {logging_mixin.py:149} INFO - Hai this first python_operator dag
[2023-06-11T05:21:09.505+0000] {python.py:183} INFO - Done. Returned value was: None
[2023-06-11T05:21:09.571+0000] {taskinstance.py:1350} INFO - Marking task as SUCCESS. dag_id=dag_pythonoperator_00, task_id=first_task, execution_date=20230603T000000, start_date=20230611T052104, end_date=20230611T052109
[2023-06-11T05:21:09.830+0000] {local_task_job_runner.py:225} INFO - Task exited with return code 0
[2023-06-11T05:21:12.799+0000] {taskinstance.py:2651} INFO - 0 downstream tasks scheduled from follow-on schedule check
