[2023-06-11T09:01:00.947+0000] {taskinstance.py:1103} INFO - Dependencies all met for dep_context=non-requeueable deps ti=<TaskInstance: first_dag_02.second_task scheduled__2022-02-25T00:00:00+00:00 [queued]>
[2023-06-11T09:01:02.042+0000] {taskinstance.py:1103} INFO - Dependencies all met for dep_context=requeueable deps ti=<TaskInstance: first_dag_02.second_task scheduled__2022-02-25T00:00:00+00:00 [queued]>
[2023-06-11T09:01:02.046+0000] {taskinstance.py:1308} INFO - Starting attempt 1 of 6
[2023-06-11T09:01:04.332+0000] {taskinstance.py:1327} INFO - Executing <Task(BashOperator): second_task> on 2022-02-25 00:00:00+00:00
[2023-06-11T09:01:04.630+0000] {standard_task_runner.py:57} INFO - Started process 3299 to run task
[2023-06-11T09:01:04.990+0000] {standard_task_runner.py:84} INFO - Running: ['***', 'tasks', 'run', 'first_dag_02', 'second_task', 'scheduled__2022-02-25T00:00:00+00:00', '--job-id', '1029', '--raw', '--subdir', 'DAGS_FOLDER/First_dag.py', '--cfg-path', '/tmp/tmpiza4e1kx']
[2023-06-11T09:01:05.091+0000] {standard_task_runner.py:85} INFO - Job 1029: Subtask second_task
[2023-06-11T09:01:11.111+0000] {task_command.py:410} INFO - Running <TaskInstance: first_dag_02.second_task scheduled__2022-02-25T00:00:00+00:00 [running]> on host 964e508aad03
[2023-06-11T09:01:20.679+0000] {taskinstance.py:1547} INFO - Exporting env vars: AIRFLOW_CTX_DAG_OWNER='Raja' AIRFLOW_CTX_DAG_ID='first_dag_02' AIRFLOW_CTX_TASK_ID='second_task' AIRFLOW_CTX_EXECUTION_DATE='2022-02-25T00:00:00+00:00' AIRFLOW_CTX_TRY_NUMBER='1' AIRFLOW_CTX_DAG_RUN_ID='scheduled__2022-02-25T00:00:00+00:00'
[2023-06-11T09:01:20.699+0000] {subprocess.py:63} INFO - Tmp dir root location: 
 /tmp
[2023-06-11T09:01:20.772+0000] {subprocess.py:75} INFO - Running command: ['/bin/bash', '-c', 'echo hey, I am task2 and will be running after task1!']
[2023-06-11T09:01:21.058+0000] {subprocess.py:86} INFO - Output:
[2023-06-11T09:01:21.076+0000] {subprocess.py:93} INFO - hey, I am task2 and will be running after task1!
[2023-06-11T09:01:21.107+0000] {subprocess.py:97} INFO - Command exited with return code 0
[2023-06-11T09:01:22.561+0000] {taskinstance.py:1350} INFO - Marking task as SUCCESS. dag_id=first_dag_02, task_id=second_task, execution_date=20220225T000000, start_date=20230611T090101, end_date=20230611T090122
[2023-06-11T09:01:23.235+0000] {local_task_job_runner.py:225} INFO - Task exited with return code 0
[2023-06-11T09:01:24.891+0000] {taskinstance.py:2651} INFO - 0 downstream tasks scheduled from follow-on schedule check
[2023-06-11T11:36:17.910+0000] {taskinstance.py:1103} INFO - Dependencies all met for dep_context=non-requeueable deps ti=<TaskInstance: first_dag_02.second_task scheduled__2022-02-25T00:00:00+00:00 [queued]>
[2023-06-11T11:36:18.963+0000] {taskinstance.py:1103} INFO - Dependencies all met for dep_context=requeueable deps ti=<TaskInstance: first_dag_02.second_task scheduled__2022-02-25T00:00:00+00:00 [queued]>
[2023-06-11T11:36:18.964+0000] {taskinstance.py:1308} INFO - Starting attempt 1 of 6
[2023-06-11T11:36:20.063+0000] {taskinstance.py:1327} INFO - Executing <Task(BashOperator): second_task> on 2022-02-25 00:00:00+00:00
[2023-06-11T11:36:20.329+0000] {standard_task_runner.py:57} INFO - Started process 790 to run task
[2023-06-11T11:36:20.518+0000] {standard_task_runner.py:84} INFO - Running: ['***', 'tasks', 'run', 'first_dag_02', 'second_task', 'scheduled__2022-02-25T00:00:00+00:00', '--job-id', '1034', '--raw', '--subdir', 'DAGS_FOLDER/First_dag.py', '--cfg-path', '/tmp/tmpqmrnn0dl']
[2023-06-11T11:36:20.643+0000] {standard_task_runner.py:85} INFO - Job 1034: Subtask second_task
[2023-06-11T11:36:23.209+0000] {task_command.py:410} INFO - Running <TaskInstance: first_dag_02.second_task scheduled__2022-02-25T00:00:00+00:00 [running]> on host 7586ce0070ac
[2023-06-11T11:36:36.947+0000] {taskinstance.py:1547} INFO - Exporting env vars: AIRFLOW_CTX_DAG_OWNER='Raja' AIRFLOW_CTX_DAG_ID='first_dag_02' AIRFLOW_CTX_TASK_ID='second_task' AIRFLOW_CTX_EXECUTION_DATE='2022-02-25T00:00:00+00:00' AIRFLOW_CTX_TRY_NUMBER='1' AIRFLOW_CTX_DAG_RUN_ID='scheduled__2022-02-25T00:00:00+00:00'
[2023-06-11T11:36:36.958+0000] {subprocess.py:63} INFO - Tmp dir root location: 
 /tmp
[2023-06-11T11:36:36.997+0000] {subprocess.py:75} INFO - Running command: ['/bin/bash', '-c', 'echo hey, I am task2 and will be running after task1!']
[2023-06-11T11:36:37.527+0000] {subprocess.py:86} INFO - Output:
[2023-06-11T11:36:37.529+0000] {subprocess.py:93} INFO - hey, I am task2 and will be running after task1!
[2023-06-11T11:36:37.530+0000] {subprocess.py:97} INFO - Command exited with return code 0
[2023-06-11T11:36:38.151+0000] {taskinstance.py:1350} INFO - Marking task as SUCCESS. dag_id=first_dag_02, task_id=second_task, execution_date=20220225T000000, start_date=20230611T113618, end_date=20230611T113638
[2023-06-11T11:36:38.603+0000] {local_task_job_runner.py:225} INFO - Task exited with return code 0
[2023-06-11T11:36:39.444+0000] {taskinstance.py:2651} INFO - 0 downstream tasks scheduled from follow-on schedule check
