[2023-06-11T04:51:59.940+0000] {taskinstance.py:1103} INFO - Dependencies all met for dep_context=non-requeueable deps ti=<TaskInstance: first_dag_02.first_task scheduled__2021-10-03T00:00:00+00:00 [queued]>
[2023-06-11T04:52:00.102+0000] {taskinstance.py:1103} INFO - Dependencies all met for dep_context=requeueable deps ti=<TaskInstance: first_dag_02.first_task scheduled__2021-10-03T00:00:00+00:00 [queued]>
[2023-06-11T04:52:00.103+0000] {taskinstance.py:1308} INFO - Starting attempt 1 of 6
[2023-06-11T04:52:01.143+0000] {taskinstance.py:1327} INFO - Executing <Task(BashOperator): first_task> on 2021-10-03 00:00:00+00:00
[2023-06-11T04:52:01.161+0000] {standard_task_runner.py:57} INFO - Started process 907 to run task
[2023-06-11T04:52:01.171+0000] {standard_task_runner.py:84} INFO - Running: ['***', 'tasks', 'run', 'first_dag_02', 'first_task', 'scheduled__2021-10-03T00:00:00+00:00', '--job-id', '267', '--raw', '--subdir', 'DAGS_FOLDER/First_dag.py', '--cfg-path', '/tmp/tmp8xor16mu']
[2023-06-11T04:52:01.182+0000] {standard_task_runner.py:85} INFO - Job 267: Subtask first_task
[2023-06-11T04:52:02.601+0000] {task_command.py:410} INFO - Running <TaskInstance: first_dag_02.first_task scheduled__2021-10-03T00:00:00+00:00 [running]> on host 4b1b5d40d165
[2023-06-11T04:52:06.255+0000] {taskinstance.py:1547} INFO - Exporting env vars: AIRFLOW_CTX_DAG_OWNER='Raja' AIRFLOW_CTX_DAG_ID='first_dag_02' AIRFLOW_CTX_TASK_ID='first_task' AIRFLOW_CTX_EXECUTION_DATE='2021-10-03T00:00:00+00:00' AIRFLOW_CTX_TRY_NUMBER='1' AIRFLOW_CTX_DAG_RUN_ID='scheduled__2021-10-03T00:00:00+00:00'
[2023-06-11T04:52:06.307+0000] {subprocess.py:63} INFO - Tmp dir root location: 
 /tmp
[2023-06-11T04:52:06.354+0000] {subprocess.py:75} INFO - Running command: ['/bin/bash', '-c', 'echo hello world, this is the first task!']
[2023-06-11T04:52:06.792+0000] {subprocess.py:86} INFO - Output:
[2023-06-11T04:52:06.823+0000] {subprocess.py:93} INFO - hello world, this is the first task!
[2023-06-11T04:52:06.897+0000] {subprocess.py:97} INFO - Command exited with return code 0
[2023-06-11T04:52:08.082+0000] {taskinstance.py:1350} INFO - Marking task as SUCCESS. dag_id=first_dag_02, task_id=first_task, execution_date=20211003T000000, start_date=20230611T045159, end_date=20230611T045208
[2023-06-11T04:52:08.908+0000] {local_task_job_runner.py:225} INFO - Task exited with return code 0
[2023-06-11T04:52:11.094+0000] {taskinstance.py:2651} INFO - 2 downstream tasks scheduled from follow-on schedule check
[2023-06-11T08:28:01.726+0000] {taskinstance.py:1103} INFO - Dependencies all met for dep_context=non-requeueable deps ti=<TaskInstance: first_dag_02.first_task scheduled__2021-10-03T00:00:00+00:00 [queued]>
[2023-06-11T08:28:03.515+0000] {taskinstance.py:1103} INFO - Dependencies all met for dep_context=requeueable deps ti=<TaskInstance: first_dag_02.first_task scheduled__2021-10-03T00:00:00+00:00 [queued]>
[2023-06-11T08:28:03.586+0000] {taskinstance.py:1308} INFO - Starting attempt 1 of 6
[2023-06-11T08:28:09.364+0000] {taskinstance.py:1327} INFO - Executing <Task(BashOperator): first_task> on 2021-10-03 00:00:00+00:00
[2023-06-11T08:28:10.313+0000] {standard_task_runner.py:57} INFO - Started process 1230 to run task
[2023-06-11T08:28:12.800+0000] {standard_task_runner.py:84} INFO - Running: ['***', 'tasks', 'run', 'first_dag_02', 'first_task', 'scheduled__2021-10-03T00:00:00+00:00', '--job-id', '380', '--raw', '--subdir', 'DAGS_FOLDER/First_dag.py', '--cfg-path', '/tmp/tmplertlh3c']
[2023-06-11T08:28:12.839+0000] {standard_task_runner.py:85} INFO - Job 380: Subtask first_task
[2023-06-11T08:28:18.141+0000] {task_command.py:410} INFO - Running <TaskInstance: first_dag_02.first_task scheduled__2021-10-03T00:00:00+00:00 [running]> on host 492037cdd057
[2023-06-11T08:28:42.915+0000] {taskinstance.py:1547} INFO - Exporting env vars: AIRFLOW_CTX_DAG_OWNER='Raja' AIRFLOW_CTX_DAG_ID='first_dag_02' AIRFLOW_CTX_TASK_ID='first_task' AIRFLOW_CTX_EXECUTION_DATE='2021-10-03T00:00:00+00:00' AIRFLOW_CTX_TRY_NUMBER='1' AIRFLOW_CTX_DAG_RUN_ID='scheduled__2021-10-03T00:00:00+00:00'
[2023-06-11T08:28:42.929+0000] {subprocess.py:63} INFO - Tmp dir root location: 
 /tmp
[2023-06-11T08:28:42.957+0000] {subprocess.py:75} INFO - Running command: ['/bin/bash', '-c', 'echo hello world, this is the first task!']
[2023-06-11T08:28:43.385+0000] {subprocess.py:86} INFO - Output:
[2023-06-11T08:28:43.559+0000] {subprocess.py:93} INFO - hello world, this is the first task!
[2023-06-11T08:28:43.561+0000] {subprocess.py:97} INFO - Command exited with return code 0
[2023-06-11T08:28:45.400+0000] {taskinstance.py:1350} INFO - Marking task as SUCCESS. dag_id=first_dag_02, task_id=first_task, execution_date=20211003T000000, start_date=20230611T082802, end_date=20230611T082845
[2023-06-11T08:28:46.745+0000] {local_task_job_runner.py:225} INFO - Task exited with return code 0
[2023-06-11T08:28:47.777+0000] {taskinstance.py:2651} INFO - 2 downstream tasks scheduled from follow-on schedule check
[2023-06-11T08:51:23.374+0000] {taskinstance.py:1103} INFO - Dependencies all met for dep_context=non-requeueable deps ti=<TaskInstance: first_dag_02.first_task scheduled__2021-10-03T00:00:00+00:00 [queued]>
[2023-06-11T08:51:23.796+0000] {taskinstance.py:1103} INFO - Dependencies all met for dep_context=requeueable deps ti=<TaskInstance: first_dag_02.first_task scheduled__2021-10-03T00:00:00+00:00 [queued]>
[2023-06-11T08:51:23.804+0000] {taskinstance.py:1308} INFO - Starting attempt 1 of 6
[2023-06-11T08:51:24.088+0000] {taskinstance.py:1327} INFO - Executing <Task(BashOperator): first_task> on 2021-10-03 00:00:00+00:00
[2023-06-11T08:51:24.097+0000] {standard_task_runner.py:57} INFO - Started process 1090 to run task
[2023-06-11T08:51:24.170+0000] {standard_task_runner.py:84} INFO - Running: ['***', 'tasks', 'run', 'first_dag_02', 'first_task', 'scheduled__2021-10-03T00:00:00+00:00', '--job-id', '338', '--raw', '--subdir', 'DAGS_FOLDER/First_dag.py', '--cfg-path', '/tmp/tmp3_ldc5ld']
[2023-06-11T08:51:24.239+0000] {standard_task_runner.py:85} INFO - Job 338: Subtask first_task
[2023-06-11T08:51:24.596+0000] {task_command.py:410} INFO - Running <TaskInstance: first_dag_02.first_task scheduled__2021-10-03T00:00:00+00:00 [running]> on host 964e508aad03
[2023-06-11T08:51:26.697+0000] {taskinstance.py:1547} INFO - Exporting env vars: AIRFLOW_CTX_DAG_OWNER='Raja' AIRFLOW_CTX_DAG_ID='first_dag_02' AIRFLOW_CTX_TASK_ID='first_task' AIRFLOW_CTX_EXECUTION_DATE='2021-10-03T00:00:00+00:00' AIRFLOW_CTX_TRY_NUMBER='1' AIRFLOW_CTX_DAG_RUN_ID='scheduled__2021-10-03T00:00:00+00:00'
[2023-06-11T08:51:26.699+0000] {subprocess.py:63} INFO - Tmp dir root location: 
 /tmp
[2023-06-11T08:51:26.700+0000] {subprocess.py:75} INFO - Running command: ['/bin/bash', '-c', 'echo hello world, this is the first task!']
[2023-06-11T08:51:26.845+0000] {subprocess.py:86} INFO - Output:
[2023-06-11T08:51:26.847+0000] {subprocess.py:93} INFO - hello world, this is the first task!
[2023-06-11T08:51:26.848+0000] {subprocess.py:97} INFO - Command exited with return code 0
[2023-06-11T08:51:27.384+0000] {taskinstance.py:1350} INFO - Marking task as SUCCESS. dag_id=first_dag_02, task_id=first_task, execution_date=20211003T000000, start_date=20230611T085123, end_date=20230611T085127
[2023-06-11T08:51:28.058+0000] {local_task_job_runner.py:225} INFO - Task exited with return code 0
[2023-06-11T08:51:28.683+0000] {taskinstance.py:2651} INFO - 2 downstream tasks scheduled from follow-on schedule check
[2023-06-11T10:57:24.805+0000] {taskinstance.py:1103} INFO - Dependencies all met for dep_context=non-requeueable deps ti=<TaskInstance: first_dag_02.first_task scheduled__2021-10-03T00:00:00+00:00 [queued]>
[2023-06-11T10:57:25.627+0000] {taskinstance.py:1103} INFO - Dependencies all met for dep_context=requeueable deps ti=<TaskInstance: first_dag_02.first_task scheduled__2021-10-03T00:00:00+00:00 [queued]>
[2023-06-11T10:57:25.627+0000] {taskinstance.py:1308} INFO - Starting attempt 1 of 6
[2023-06-11T10:57:26.639+0000] {taskinstance.py:1327} INFO - Executing <Task(BashOperator): first_task> on 2021-10-03 00:00:00+00:00
[2023-06-11T10:57:26.897+0000] {standard_task_runner.py:57} INFO - Started process 1242 to run task
[2023-06-11T10:57:27.032+0000] {standard_task_runner.py:84} INFO - Running: ['***', 'tasks', 'run', 'first_dag_02', 'first_task', 'scheduled__2021-10-03T00:00:00+00:00', '--job-id', '340', '--raw', '--subdir', 'DAGS_FOLDER/First_dag.py', '--cfg-path', '/tmp/tmpe2wh0k75']
[2023-06-11T10:57:27.103+0000] {standard_task_runner.py:85} INFO - Job 340: Subtask first_task
[2023-06-11T10:57:28.977+0000] {task_command.py:410} INFO - Running <TaskInstance: first_dag_02.first_task scheduled__2021-10-03T00:00:00+00:00 [running]> on host 7586ce0070ac
[2023-06-11T10:57:34.537+0000] {taskinstance.py:1547} INFO - Exporting env vars: AIRFLOW_CTX_DAG_OWNER='Raja' AIRFLOW_CTX_DAG_ID='first_dag_02' AIRFLOW_CTX_TASK_ID='first_task' AIRFLOW_CTX_EXECUTION_DATE='2021-10-03T00:00:00+00:00' AIRFLOW_CTX_TRY_NUMBER='1' AIRFLOW_CTX_DAG_RUN_ID='scheduled__2021-10-03T00:00:00+00:00'
[2023-06-11T10:57:34.542+0000] {subprocess.py:63} INFO - Tmp dir root location: 
 /tmp
[2023-06-11T10:57:34.543+0000] {subprocess.py:75} INFO - Running command: ['/bin/bash', '-c', 'echo hello world, this is the first task!']
[2023-06-11T10:57:34.919+0000] {subprocess.py:86} INFO - Output:
[2023-06-11T10:57:34.991+0000] {subprocess.py:93} INFO - hello world, this is the first task!
[2023-06-11T10:57:34.992+0000] {subprocess.py:97} INFO - Command exited with return code 0
[2023-06-11T10:57:36.309+0000] {taskinstance.py:1350} INFO - Marking task as SUCCESS. dag_id=first_dag_02, task_id=first_task, execution_date=20211003T000000, start_date=20230611T105724, end_date=20230611T105736
[2023-06-11T10:57:36.870+0000] {local_task_job_runner.py:225} INFO - Task exited with return code 0
[2023-06-11T10:57:37.235+0000] {taskinstance.py:2651} INFO - 2 downstream tasks scheduled from follow-on schedule check
