[2023-06-11T04:52:34.795+0000] {taskinstance.py:1103} INFO - Dependencies all met for dep_context=non-requeueable deps ti=<TaskInstance: first_dag_02.thrid_task scheduled__2021-10-06T00:00:00+00:00 [queued]>
[2023-06-11T04:52:34.948+0000] {taskinstance.py:1103} INFO - Dependencies all met for dep_context=requeueable deps ti=<TaskInstance: first_dag_02.thrid_task scheduled__2021-10-06T00:00:00+00:00 [queued]>
[2023-06-11T04:52:34.948+0000] {taskinstance.py:1308} INFO - Starting attempt 1 of 6
[2023-06-11T04:52:35.755+0000] {taskinstance.py:1327} INFO - Executing <Task(BashOperator): thrid_task> on 2021-10-06 00:00:00+00:00
[2023-06-11T04:52:35.828+0000] {standard_task_runner.py:57} INFO - Started process 964 to run task
[2023-06-11T04:52:35.840+0000] {standard_task_runner.py:84} INFO - Running: ['***', 'tasks', 'run', 'first_dag_02', 'thrid_task', 'scheduled__2021-10-06T00:00:00+00:00', '--job-id', '284', '--raw', '--subdir', 'DAGS_FOLDER/First_dag.py', '--cfg-path', '/tmp/tmp60ohxirk']
[2023-06-11T04:52:35.841+0000] {standard_task_runner.py:85} INFO - Job 284: Subtask thrid_task
[2023-06-11T04:52:37.361+0000] {task_command.py:410} INFO - Running <TaskInstance: first_dag_02.thrid_task scheduled__2021-10-06T00:00:00+00:00 [running]> on host 4b1b5d40d165
[2023-06-11T04:52:41.888+0000] {taskinstance.py:1547} INFO - Exporting env vars: AIRFLOW_CTX_DAG_OWNER='Raja' AIRFLOW_CTX_DAG_ID='first_dag_02' AIRFLOW_CTX_TASK_ID='thrid_task' AIRFLOW_CTX_EXECUTION_DATE='2021-10-06T00:00:00+00:00' AIRFLOW_CTX_TRY_NUMBER='1' AIRFLOW_CTX_DAG_RUN_ID='scheduled__2021-10-06T00:00:00+00:00'
[2023-06-11T04:52:41.963+0000] {subprocess.py:63} INFO - Tmp dir root location: 
 /tmp
[2023-06-11T04:52:41.966+0000] {subprocess.py:75} INFO - Running command: ['/bin/bash', '-c', 'echo hey, I am task3 and will be running after task1 at the same time as task2!']
[2023-06-11T04:52:42.100+0000] {subprocess.py:86} INFO - Output:
[2023-06-11T04:52:42.165+0000] {subprocess.py:93} INFO - hey, I am task3 and will be running after task1 at the same time as task2!
[2023-06-11T04:52:42.187+0000] {subprocess.py:97} INFO - Command exited with return code 0
[2023-06-11T04:52:42.514+0000] {taskinstance.py:1350} INFO - Marking task as SUCCESS. dag_id=first_dag_02, task_id=thrid_task, execution_date=20211006T000000, start_date=20230611T045234, end_date=20230611T045242
[2023-06-11T04:52:42.839+0000] {local_task_job_runner.py:225} INFO - Task exited with return code 0
[2023-06-11T04:52:43.255+0000] {taskinstance.py:2651} INFO - 0 downstream tasks scheduled from follow-on schedule check
[2023-06-11T08:29:28.579+0000] {taskinstance.py:1103} INFO - Dependencies all met for dep_context=non-requeueable deps ti=<TaskInstance: first_dag_02.thrid_task scheduled__2021-10-06T00:00:00+00:00 [queued]>
[2023-06-11T08:29:28.727+0000] {taskinstance.py:1103} INFO - Dependencies all met for dep_context=requeueable deps ti=<TaskInstance: first_dag_02.thrid_task scheduled__2021-10-06T00:00:00+00:00 [queued]>
[2023-06-11T08:29:28.731+0000] {taskinstance.py:1308} INFO - Starting attempt 1 of 6
[2023-06-11T08:29:29.050+0000] {taskinstance.py:1327} INFO - Executing <Task(BashOperator): thrid_task> on 2021-10-06 00:00:00+00:00
[2023-06-11T08:29:29.089+0000] {standard_task_runner.py:57} INFO - Started process 1329 to run task
[2023-06-11T08:29:29.110+0000] {standard_task_runner.py:84} INFO - Running: ['***', 'tasks', 'run', 'first_dag_02', 'thrid_task', 'scheduled__2021-10-06T00:00:00+00:00', '--job-id', '408', '--raw', '--subdir', 'DAGS_FOLDER/First_dag.py', '--cfg-path', '/tmp/tmp2zq2sm62']
[2023-06-11T08:29:29.124+0000] {standard_task_runner.py:85} INFO - Job 408: Subtask thrid_task
[2023-06-11T08:29:29.844+0000] {task_command.py:410} INFO - Running <TaskInstance: first_dag_02.thrid_task scheduled__2021-10-06T00:00:00+00:00 [running]> on host 492037cdd057
[2023-06-11T08:29:30.497+0000] {taskinstance.py:1547} INFO - Exporting env vars: AIRFLOW_CTX_DAG_OWNER='Raja' AIRFLOW_CTX_DAG_ID='first_dag_02' AIRFLOW_CTX_TASK_ID='thrid_task' AIRFLOW_CTX_EXECUTION_DATE='2021-10-06T00:00:00+00:00' AIRFLOW_CTX_TRY_NUMBER='1' AIRFLOW_CTX_DAG_RUN_ID='scheduled__2021-10-06T00:00:00+00:00'
[2023-06-11T08:29:30.499+0000] {subprocess.py:63} INFO - Tmp dir root location: 
 /tmp
[2023-06-11T08:29:30.500+0000] {subprocess.py:75} INFO - Running command: ['/bin/bash', '-c', 'echo hey, I am task3 and will be running after task1 at the same time as task2!']
[2023-06-11T08:29:30.551+0000] {subprocess.py:86} INFO - Output:
[2023-06-11T08:29:30.557+0000] {subprocess.py:93} INFO - hey, I am task3 and will be running after task1 at the same time as task2!
[2023-06-11T08:29:30.563+0000] {subprocess.py:97} INFO - Command exited with return code 0
[2023-06-11T08:29:30.743+0000] {taskinstance.py:1350} INFO - Marking task as SUCCESS. dag_id=first_dag_02, task_id=thrid_task, execution_date=20211006T000000, start_date=20230611T082928, end_date=20230611T082930
[2023-06-11T08:29:30.894+0000] {local_task_job_runner.py:225} INFO - Task exited with return code 0
[2023-06-11T08:29:31.011+0000] {taskinstance.py:2651} INFO - 0 downstream tasks scheduled from follow-on schedule check
[2023-06-11T08:51:51.850+0000] {taskinstance.py:1103} INFO - Dependencies all met for dep_context=non-requeueable deps ti=<TaskInstance: first_dag_02.thrid_task scheduled__2021-10-06T00:00:00+00:00 [queued]>
[2023-06-11T08:51:52.078+0000] {taskinstance.py:1103} INFO - Dependencies all met for dep_context=requeueable deps ti=<TaskInstance: first_dag_02.thrid_task scheduled__2021-10-06T00:00:00+00:00 [queued]>
[2023-06-11T08:51:52.078+0000] {taskinstance.py:1308} INFO - Starting attempt 1 of 6
[2023-06-11T08:51:52.411+0000] {taskinstance.py:1327} INFO - Executing <Task(BashOperator): thrid_task> on 2021-10-06 00:00:00+00:00
[2023-06-11T08:51:52.487+0000] {standard_task_runner.py:57} INFO - Started process 1207 to run task
[2023-06-11T08:51:52.557+0000] {standard_task_runner.py:84} INFO - Running: ['***', 'tasks', 'run', 'first_dag_02', 'thrid_task', 'scheduled__2021-10-06T00:00:00+00:00', '--job-id', '374', '--raw', '--subdir', 'DAGS_FOLDER/First_dag.py', '--cfg-path', '/tmp/tmpbv4x12a_']
[2023-06-11T08:51:52.558+0000] {standard_task_runner.py:85} INFO - Job 374: Subtask thrid_task
[2023-06-11T08:51:53.358+0000] {task_command.py:410} INFO - Running <TaskInstance: first_dag_02.thrid_task scheduled__2021-10-06T00:00:00+00:00 [running]> on host 964e508aad03
[2023-06-11T08:51:54.977+0000] {taskinstance.py:1547} INFO - Exporting env vars: AIRFLOW_CTX_DAG_OWNER='Raja' AIRFLOW_CTX_DAG_ID='first_dag_02' AIRFLOW_CTX_TASK_ID='thrid_task' AIRFLOW_CTX_EXECUTION_DATE='2021-10-06T00:00:00+00:00' AIRFLOW_CTX_TRY_NUMBER='1' AIRFLOW_CTX_DAG_RUN_ID='scheduled__2021-10-06T00:00:00+00:00'
[2023-06-11T08:51:54.980+0000] {subprocess.py:63} INFO - Tmp dir root location: 
 /tmp
[2023-06-11T08:51:55.004+0000] {subprocess.py:75} INFO - Running command: ['/bin/bash', '-c', 'echo hey, I am task3 and will be running after task1 at the same time as task2!']
[2023-06-11T08:51:55.093+0000] {subprocess.py:86} INFO - Output:
[2023-06-11T08:51:55.158+0000] {subprocess.py:93} INFO - hey, I am task3 and will be running after task1 at the same time as task2!
[2023-06-11T08:51:55.159+0000] {subprocess.py:97} INFO - Command exited with return code 0
[2023-06-11T08:51:55.442+0000] {taskinstance.py:1350} INFO - Marking task as SUCCESS. dag_id=first_dag_02, task_id=thrid_task, execution_date=20211006T000000, start_date=20230611T085151, end_date=20230611T085155
[2023-06-11T08:51:55.657+0000] {local_task_job_runner.py:225} INFO - Task exited with return code 0
[2023-06-11T08:51:56.471+0000] {taskinstance.py:2651} INFO - 0 downstream tasks scheduled from follow-on schedule check
[2023-06-11T10:58:15.218+0000] {taskinstance.py:1103} INFO - Dependencies all met for dep_context=non-requeueable deps ti=<TaskInstance: first_dag_02.thrid_task scheduled__2021-10-06T00:00:00+00:00 [queued]>
[2023-06-11T10:58:15.301+0000] {taskinstance.py:1103} INFO - Dependencies all met for dep_context=requeueable deps ti=<TaskInstance: first_dag_02.thrid_task scheduled__2021-10-06T00:00:00+00:00 [queued]>
[2023-06-11T10:58:15.305+0000] {taskinstance.py:1308} INFO - Starting attempt 1 of 6
[2023-06-11T10:58:15.876+0000] {taskinstance.py:1327} INFO - Executing <Task(BashOperator): thrid_task> on 2021-10-06 00:00:00+00:00
[2023-06-11T10:58:16.030+0000] {standard_task_runner.py:57} INFO - Started process 1332 to run task
[2023-06-11T10:58:16.054+0000] {standard_task_runner.py:84} INFO - Running: ['***', 'tasks', 'run', 'first_dag_02', 'thrid_task', 'scheduled__2021-10-06T00:00:00+00:00', '--job-id', '368', '--raw', '--subdir', 'DAGS_FOLDER/First_dag.py', '--cfg-path', '/tmp/tmpy74xtv9k']
[2023-06-11T10:58:16.055+0000] {standard_task_runner.py:85} INFO - Job 368: Subtask thrid_task
[2023-06-11T10:58:18.356+0000] {task_command.py:410} INFO - Running <TaskInstance: first_dag_02.thrid_task scheduled__2021-10-06T00:00:00+00:00 [running]> on host 7586ce0070ac
[2023-06-11T10:58:21.264+0000] {taskinstance.py:1547} INFO - Exporting env vars: AIRFLOW_CTX_DAG_OWNER='Raja' AIRFLOW_CTX_DAG_ID='first_dag_02' AIRFLOW_CTX_TASK_ID='thrid_task' AIRFLOW_CTX_EXECUTION_DATE='2021-10-06T00:00:00+00:00' AIRFLOW_CTX_TRY_NUMBER='1' AIRFLOW_CTX_DAG_RUN_ID='scheduled__2021-10-06T00:00:00+00:00'
[2023-06-11T10:58:21.267+0000] {subprocess.py:63} INFO - Tmp dir root location: 
 /tmp
[2023-06-11T10:58:21.422+0000] {subprocess.py:75} INFO - Running command: ['/bin/bash', '-c', 'echo hey, I am task3 and will be running after task1 at the same time as task2!']
[2023-06-11T10:58:22.108+0000] {subprocess.py:86} INFO - Output:
[2023-06-11T10:58:22.435+0000] {subprocess.py:93} INFO - hey, I am task3 and will be running after task1 at the same time as task2!
[2023-06-11T10:58:22.437+0000] {subprocess.py:97} INFO - Command exited with return code 0
[2023-06-11T10:58:22.745+0000] {taskinstance.py:1350} INFO - Marking task as SUCCESS. dag_id=first_dag_02, task_id=thrid_task, execution_date=20211006T000000, start_date=20230611T105815, end_date=20230611T105822
[2023-06-11T10:58:23.063+0000] {local_task_job_runner.py:225} INFO - Task exited with return code 0
[2023-06-11T10:58:23.473+0000] {taskinstance.py:2651} INFO - 0 downstream tasks scheduled from follow-on schedule check
