[2023-06-11T04:48:54.329+0000] {taskinstance.py:1103} INFO - Dependencies all met for dep_context=non-requeueable deps ti=<TaskInstance: first_dag_02.second_task scheduled__2021-09-16T00:00:00+00:00 [queued]>
[2023-06-11T04:48:54.459+0000] {taskinstance.py:1103} INFO - Dependencies all met for dep_context=requeueable deps ti=<TaskInstance: first_dag_02.second_task scheduled__2021-09-16T00:00:00+00:00 [queued]>
[2023-06-11T04:48:54.461+0000] {taskinstance.py:1308} INFO - Starting attempt 1 of 6
[2023-06-11T04:48:55.886+0000] {taskinstance.py:1327} INFO - Executing <Task(BashOperator): second_task> on 2021-09-16 00:00:00+00:00
[2023-06-11T04:48:56.310+0000] {standard_task_runner.py:57} INFO - Started process 670 to run task
[2023-06-11T04:48:56.640+0000] {standard_task_runner.py:84} INFO - Running: ['***', 'tasks', 'run', 'first_dag_02', 'second_task', 'scheduled__2021-09-16T00:00:00+00:00', '--job-id', '192', '--raw', '--subdir', 'DAGS_FOLDER/First_dag.py', '--cfg-path', '/tmp/tmplyuymv7n']
[2023-06-11T04:48:56.667+0000] {standard_task_runner.py:85} INFO - Job 192: Subtask second_task
[2023-06-11T04:48:58.009+0000] {task_command.py:410} INFO - Running <TaskInstance: first_dag_02.second_task scheduled__2021-09-16T00:00:00+00:00 [running]> on host 4b1b5d40d165
[2023-06-11T04:49:02.427+0000] {taskinstance.py:1547} INFO - Exporting env vars: AIRFLOW_CTX_DAG_OWNER='Raja' AIRFLOW_CTX_DAG_ID='first_dag_02' AIRFLOW_CTX_TASK_ID='second_task' AIRFLOW_CTX_EXECUTION_DATE='2021-09-16T00:00:00+00:00' AIRFLOW_CTX_TRY_NUMBER='1' AIRFLOW_CTX_DAG_RUN_ID='scheduled__2021-09-16T00:00:00+00:00'
[2023-06-11T04:49:02.591+0000] {subprocess.py:63} INFO - Tmp dir root location: 
 /tmp
[2023-06-11T04:49:02.599+0000] {subprocess.py:75} INFO - Running command: ['/bin/bash', '-c', 'echo hey, I am task2 and will be running after task1!']
[2023-06-11T04:49:03.073+0000] {subprocess.py:86} INFO - Output:
[2023-06-11T04:49:03.126+0000] {subprocess.py:93} INFO - hey, I am task2 and will be running after task1!
[2023-06-11T04:49:03.128+0000] {subprocess.py:97} INFO - Command exited with return code 0
[2023-06-11T04:49:05.723+0000] {taskinstance.py:1350} INFO - Marking task as SUCCESS. dag_id=first_dag_02, task_id=second_task, execution_date=20210916T000000, start_date=20230611T044854, end_date=20230611T044905
[2023-06-11T04:49:07.672+0000] {local_task_job_runner.py:225} INFO - Task exited with return code 0
[2023-06-11T04:49:10.170+0000] {taskinstance.py:2651} INFO - 0 downstream tasks scheduled from follow-on schedule check
[2023-06-11T08:26:45.179+0000] {taskinstance.py:1103} INFO - Dependencies all met for dep_context=non-requeueable deps ti=<TaskInstance: first_dag_02.second_task scheduled__2021-09-16T00:00:00+00:00 [queued]>
[2023-06-11T08:26:47.473+0000] {taskinstance.py:1103} INFO - Dependencies all met for dep_context=requeueable deps ti=<TaskInstance: first_dag_02.second_task scheduled__2021-09-16T00:00:00+00:00 [queued]>
[2023-06-11T08:26:47.474+0000] {taskinstance.py:1308} INFO - Starting attempt 1 of 6
[2023-06-11T08:26:48.882+0000] {taskinstance.py:1327} INFO - Executing <Task(BashOperator): second_task> on 2021-09-16 00:00:00+00:00
[2023-06-11T08:26:48.921+0000] {standard_task_runner.py:57} INFO - Started process 1152 to run task
[2023-06-11T08:26:49.159+0000] {standard_task_runner.py:84} INFO - Running: ['***', 'tasks', 'run', 'first_dag_02', 'second_task', 'scheduled__2021-09-16T00:00:00+00:00', '--job-id', '355', '--raw', '--subdir', 'DAGS_FOLDER/First_dag.py', '--cfg-path', '/tmp/tmplg3u0cvz']
[2023-06-11T08:26:49.160+0000] {standard_task_runner.py:85} INFO - Job 355: Subtask second_task
[2023-06-11T08:26:52.220+0000] {task_command.py:410} INFO - Running <TaskInstance: first_dag_02.second_task scheduled__2021-09-16T00:00:00+00:00 [running]> on host 492037cdd057
[2023-06-11T08:26:58.951+0000] {taskinstance.py:1547} INFO - Exporting env vars: AIRFLOW_CTX_DAG_OWNER='Raja' AIRFLOW_CTX_DAG_ID='first_dag_02' AIRFLOW_CTX_TASK_ID='second_task' AIRFLOW_CTX_EXECUTION_DATE='2021-09-16T00:00:00+00:00' AIRFLOW_CTX_TRY_NUMBER='1' AIRFLOW_CTX_DAG_RUN_ID='scheduled__2021-09-16T00:00:00+00:00'
[2023-06-11T08:26:58.992+0000] {subprocess.py:63} INFO - Tmp dir root location: 
 /tmp
[2023-06-11T08:26:58.998+0000] {subprocess.py:75} INFO - Running command: ['/bin/bash', '-c', 'echo hey, I am task2 and will be running after task1!']
[2023-06-11T08:26:59.681+0000] {subprocess.py:86} INFO - Output:
[2023-06-11T08:27:00.198+0000] {subprocess.py:93} INFO - hey, I am task2 and will be running after task1!
[2023-06-11T08:27:00.206+0000] {subprocess.py:97} INFO - Command exited with return code 0
[2023-06-11T08:27:01.337+0000] {taskinstance.py:1350} INFO - Marking task as SUCCESS. dag_id=first_dag_02, task_id=second_task, execution_date=20210916T000000, start_date=20230611T082645, end_date=20230611T082701
[2023-06-11T08:27:02.297+0000] {local_task_job_runner.py:225} INFO - Task exited with return code 0
[2023-06-11T08:27:04.652+0000] {taskinstance.py:2651} INFO - 0 downstream tasks scheduled from follow-on schedule check
[2023-06-11T08:50:36.743+0000] {taskinstance.py:1103} INFO - Dependencies all met for dep_context=non-requeueable deps ti=<TaskInstance: first_dag_02.second_task scheduled__2021-09-16T00:00:00+00:00 [queued]>
[2023-06-11T08:50:37.152+0000] {taskinstance.py:1103} INFO - Dependencies all met for dep_context=requeueable deps ti=<TaskInstance: first_dag_02.second_task scheduled__2021-09-16T00:00:00+00:00 [queued]>
[2023-06-11T08:50:37.164+0000] {taskinstance.py:1308} INFO - Starting attempt 1 of 6
[2023-06-11T08:50:38.015+0000] {taskinstance.py:1327} INFO - Executing <Task(BashOperator): second_task> on 2021-09-16 00:00:00+00:00
[2023-06-11T08:50:38.079+0000] {standard_task_runner.py:57} INFO - Started process 927 to run task
[2023-06-11T08:50:38.308+0000] {standard_task_runner.py:84} INFO - Running: ['***', 'tasks', 'run', 'first_dag_02', 'second_task', 'scheduled__2021-09-16T00:00:00+00:00', '--job-id', '287', '--raw', '--subdir', 'DAGS_FOLDER/First_dag.py', '--cfg-path', '/tmp/tmp724pa3k8']
[2023-06-11T08:50:38.337+0000] {standard_task_runner.py:85} INFO - Job 287: Subtask second_task
[2023-06-11T08:50:38.788+0000] {task_command.py:410} INFO - Running <TaskInstance: first_dag_02.second_task scheduled__2021-09-16T00:00:00+00:00 [running]> on host 964e508aad03
[2023-06-11T08:50:41.306+0000] {taskinstance.py:1547} INFO - Exporting env vars: AIRFLOW_CTX_DAG_OWNER='Raja' AIRFLOW_CTX_DAG_ID='first_dag_02' AIRFLOW_CTX_TASK_ID='second_task' AIRFLOW_CTX_EXECUTION_DATE='2021-09-16T00:00:00+00:00' AIRFLOW_CTX_TRY_NUMBER='1' AIRFLOW_CTX_DAG_RUN_ID='scheduled__2021-09-16T00:00:00+00:00'
[2023-06-11T08:50:41.317+0000] {subprocess.py:63} INFO - Tmp dir root location: 
 /tmp
[2023-06-11T08:50:41.330+0000] {subprocess.py:75} INFO - Running command: ['/bin/bash', '-c', 'echo hey, I am task2 and will be running after task1!']
[2023-06-11T08:50:41.603+0000] {subprocess.py:86} INFO - Output:
[2023-06-11T08:50:41.608+0000] {subprocess.py:93} INFO - hey, I am task2 and will be running after task1!
[2023-06-11T08:50:41.611+0000] {subprocess.py:97} INFO - Command exited with return code 0
[2023-06-11T08:50:42.475+0000] {taskinstance.py:1350} INFO - Marking task as SUCCESS. dag_id=first_dag_02, task_id=second_task, execution_date=20210916T000000, start_date=20230611T085036, end_date=20230611T085042
[2023-06-11T08:50:43.011+0000] {local_task_job_runner.py:225} INFO - Task exited with return code 0
[2023-06-11T08:50:43.360+0000] {taskinstance.py:2651} INFO - 0 downstream tasks scheduled from follow-on schedule check
[2023-06-11T10:53:18.086+0000] {taskinstance.py:1103} INFO - Dependencies all met for dep_context=non-requeueable deps ti=<TaskInstance: first_dag_02.second_task scheduled__2021-09-16T00:00:00+00:00 [queued]>
[2023-06-11T10:53:18.274+0000] {taskinstance.py:1103} INFO - Dependencies all met for dep_context=requeueable deps ti=<TaskInstance: first_dag_02.second_task scheduled__2021-09-16T00:00:00+00:00 [queued]>
[2023-06-11T10:53:18.274+0000] {taskinstance.py:1308} INFO - Starting attempt 1 of 6
[2023-06-11T10:53:19.580+0000] {taskinstance.py:1327} INFO - Executing <Task(BashOperator): second_task> on 2021-09-16 00:00:00+00:00
[2023-06-11T10:53:19.758+0000] {standard_task_runner.py:57} INFO - Started process 982 to run task
[2023-06-11T10:53:20.401+0000] {standard_task_runner.py:84} INFO - Running: ['***', 'tasks', 'run', 'first_dag_02', 'second_task', 'scheduled__2021-09-16T00:00:00+00:00', '--job-id', '267', '--raw', '--subdir', 'DAGS_FOLDER/First_dag.py', '--cfg-path', '/tmp/tmpa05ir736']
[2023-06-11T10:53:20.407+0000] {standard_task_runner.py:85} INFO - Job 267: Subtask second_task
[2023-06-11T10:53:22.670+0000] {task_command.py:410} INFO - Running <TaskInstance: first_dag_02.second_task scheduled__2021-09-16T00:00:00+00:00 [running]> on host 7586ce0070ac
[2023-06-11T10:53:26.401+0000] {taskinstance.py:1547} INFO - Exporting env vars: AIRFLOW_CTX_DAG_OWNER='Raja' AIRFLOW_CTX_DAG_ID='first_dag_02' AIRFLOW_CTX_TASK_ID='second_task' AIRFLOW_CTX_EXECUTION_DATE='2021-09-16T00:00:00+00:00' AIRFLOW_CTX_TRY_NUMBER='1' AIRFLOW_CTX_DAG_RUN_ID='scheduled__2021-09-16T00:00:00+00:00'
[2023-06-11T10:53:26.422+0000] {subprocess.py:63} INFO - Tmp dir root location: 
 /tmp
[2023-06-11T10:53:26.431+0000] {subprocess.py:75} INFO - Running command: ['/bin/bash', '-c', 'echo hey, I am task2 and will be running after task1!']
[2023-06-11T10:53:27.753+0000] {subprocess.py:86} INFO - Output:
[2023-06-11T10:53:28.403+0000] {subprocess.py:93} INFO - hey, I am task2 and will be running after task1!
[2023-06-11T10:53:28.412+0000] {subprocess.py:97} INFO - Command exited with return code 0
[2023-06-11T10:53:30.193+0000] {taskinstance.py:1350} INFO - Marking task as SUCCESS. dag_id=first_dag_02, task_id=second_task, execution_date=20210916T000000, start_date=20230611T105318, end_date=20230611T105330
[2023-06-11T10:53:32.627+0000] {local_task_job_runner.py:225} INFO - Task exited with return code 0
[2023-06-11T10:53:35.619+0000] {taskinstance.py:2651} INFO - 0 downstream tasks scheduled from follow-on schedule check
