[2023-06-11T04:50:12.568+0000] {taskinstance.py:1103} INFO - Dependencies all met for dep_context=non-requeueable deps ti=<TaskInstance: dag_pythonoperator_00.third_task scheduled__2023-06-06T00:00:00+00:00 [queued]>
[2023-06-11T04:50:13.008+0000] {taskinstance.py:1103} INFO - Dependencies all met for dep_context=requeueable deps ti=<TaskInstance: dag_pythonoperator_00.third_task scheduled__2023-06-06T00:00:00+00:00 [queued]>
[2023-06-11T04:50:13.008+0000] {taskinstance.py:1308} INFO - Starting attempt 1 of 6
[2023-06-11T04:50:14.719+0000] {taskinstance.py:1327} INFO - Executing <Task(PythonOperator): third_task> on 2023-06-06 00:00:00+00:00
[2023-06-11T04:50:15.249+0000] {standard_task_runner.py:57} INFO - Started process 779 to run task
[2023-06-11T04:50:15.416+0000] {standard_task_runner.py:84} INFO - Running: ['***', 'tasks', 'run', 'dag_pythonoperator_00', 'third_task', 'scheduled__2023-06-06T00:00:00+00:00', '--job-id', '225', '--raw', '--subdir', 'DAGS_FOLDER/python_operator_dag.py', '--cfg-path', '/tmp/tmpkskouimo']
[2023-06-11T04:50:15.417+0000] {standard_task_runner.py:85} INFO - Job 225: Subtask third_task
[2023-06-11T04:50:17.111+0000] {task_command.py:410} INFO - Running <TaskInstance: dag_pythonoperator_00.third_task scheduled__2023-06-06T00:00:00+00:00 [running]> on host 4b1b5d40d165
[2023-06-11T04:50:21.588+0000] {taskinstance.py:1547} INFO - Exporting env vars: AIRFLOW_CTX_DAG_OWNER='Raja' AIRFLOW_CTX_DAG_ID='dag_pythonoperator_00' AIRFLOW_CTX_TASK_ID='third_task' AIRFLOW_CTX_EXECUTION_DATE='2023-06-06T00:00:00+00:00' AIRFLOW_CTX_TRY_NUMBER='1' AIRFLOW_CTX_DAG_RUN_ID='scheduled__2023-06-06T00:00:00+00:00'
[2023-06-11T04:50:22.497+0000] {python.py:183} INFO - Done. Returned value was: None
[2023-06-11T04:50:22.585+0000] {taskinstance.py:1350} INFO - Marking task as SUCCESS. dag_id=dag_pythonoperator_00, task_id=third_task, execution_date=20230606T000000, start_date=20230611T045012, end_date=20230611T045022
[2023-06-11T04:50:22.746+0000] {local_task_job_runner.py:225} INFO - Task exited with return code 0
[2023-06-11T04:50:24.603+0000] {taskinstance.py:2651} INFO - 1 downstream tasks scheduled from follow-on schedule check
[2023-06-11T05:21:26.911+0000] {taskinstance.py:1103} INFO - Dependencies all met for dep_context=non-requeueable deps ti=<TaskInstance: dag_pythonoperator_00.third_task scheduled__2023-06-06T00:00:00+00:00 [queued]>
[2023-06-11T05:21:27.183+0000] {taskinstance.py:1103} INFO - Dependencies all met for dep_context=requeueable deps ti=<TaskInstance: dag_pythonoperator_00.third_task scheduled__2023-06-06T00:00:00+00:00 [queued]>
[2023-06-11T05:21:27.184+0000] {taskinstance.py:1308} INFO - Starting attempt 1 of 6
[2023-06-11T05:21:27.612+0000] {taskinstance.py:1327} INFO - Executing <Task(PythonOperator): third_task> on 2023-06-06 00:00:00+00:00
[2023-06-11T05:21:27.843+0000] {standard_task_runner.py:57} INFO - Started process 863 to run task
[2023-06-11T05:21:27.864+0000] {standard_task_runner.py:84} INFO - Running: ['***', 'tasks', 'run', 'dag_pythonoperator_00', 'third_task', 'scheduled__2023-06-06T00:00:00+00:00', '--job-id', '243', '--raw', '--subdir', 'DAGS_FOLDER/python_operator_dag.py', '--cfg-path', '/tmp/tmpayjxzsl0']
[2023-06-11T05:21:27.868+0000] {standard_task_runner.py:85} INFO - Job 243: Subtask third_task
[2023-06-11T05:21:28.187+0000] {task_command.py:410} INFO - Running <TaskInstance: dag_pythonoperator_00.third_task scheduled__2023-06-06T00:00:00+00:00 [running]> on host 69e374580eab
[2023-06-11T05:21:29.613+0000] {taskinstance.py:1547} INFO - Exporting env vars: AIRFLOW_CTX_DAG_OWNER='Raja' AIRFLOW_CTX_DAG_ID='dag_pythonoperator_00' AIRFLOW_CTX_TASK_ID='third_task' AIRFLOW_CTX_EXECUTION_DATE='2023-06-06T00:00:00+00:00' AIRFLOW_CTX_TRY_NUMBER='1' AIRFLOW_CTX_DAG_RUN_ID='scheduled__2023-06-06T00:00:00+00:00'
[2023-06-11T05:21:30.026+0000] {python.py:183} INFO - Done. Returned value was: None
[2023-06-11T05:21:30.365+0000] {taskinstance.py:1350} INFO - Marking task as SUCCESS. dag_id=dag_pythonoperator_00, task_id=third_task, execution_date=20230606T000000, start_date=20230611T052126, end_date=20230611T052130
[2023-06-11T05:21:30.635+0000] {local_task_job_runner.py:225} INFO - Task exited with return code 0
[2023-06-11T05:21:32.508+0000] {taskinstance.py:2651} INFO - 0 downstream tasks scheduled from follow-on schedule check
