[2023-06-12T14:32:06.936+0000] {taskinstance.py:1103} INFO - Dependencies all met for dep_context=non-requeueable deps ti=<TaskInstance: s3_download_dag_10.download_s3_file_task manual__2023-06-12T14:31:50.166455+00:00 [queued]>
[2023-06-12T14:32:07.041+0000] {taskinstance.py:1103} INFO - Dependencies all met for dep_context=requeueable deps ti=<TaskInstance: s3_download_dag_10.download_s3_file_task manual__2023-06-12T14:31:50.166455+00:00 [queued]>
[2023-06-12T14:32:07.042+0000] {taskinstance.py:1308} INFO - Starting attempt 1 of 2
[2023-06-12T14:32:07.111+0000] {taskinstance.py:1327} INFO - Executing <Task(PythonOperator): download_s3_file_task> on 2023-06-12 14:31:50.166455+00:00
[2023-06-12T14:32:07.130+0000] {standard_task_runner.py:57} INFO - Started process 366 to run task
[2023-06-12T14:32:07.150+0000] {standard_task_runner.py:84} INFO - Running: ['***', 'tasks', 'run', 's3_download_dag_10', 'download_s3_file_task', 'manual__2023-06-12T14:31:50.166455+00:00', '--job-id', '350', '--raw', '--subdir', 'DAGS_FOLDER/download_s3_dag.py', '--cfg-path', '/tmp/tmpnxk30m4v']
[2023-06-12T14:32:07.151+0000] {standard_task_runner.py:85} INFO - Job 350: Subtask download_s3_file_task
[2023-06-12T14:32:07.340+0000] {task_command.py:410} INFO - Running <TaskInstance: s3_download_dag_10.download_s3_file_task manual__2023-06-12T14:31:50.166455+00:00 [running]> on host 03cd9a7904e9
[2023-06-12T14:32:07.589+0000] {taskinstance.py:1547} INFO - Exporting env vars: AIRFLOW_CTX_DAG_OWNER='Raja' AIRFLOW_CTX_DAG_ID='s3_download_dag_10' AIRFLOW_CTX_TASK_ID='download_s3_file_task' AIRFLOW_CTX_EXECUTION_DATE='2023-06-12T14:31:50.166455+00:00' AIRFLOW_CTX_TRY_NUMBER='1' AIRFLOW_CTX_DAG_RUN_ID='manual__2023-06-12T14:31:50.166455+00:00'
[2023-06-12T14:32:17.656+0000] {taskinstance.py:1824} ERROR - Task failed with exception
Traceback (most recent call last):
  File "/home/airflow/.local/lib/python3.7/site-packages/airflow/operators/python.py", line 181, in execute
    return_value = self.execute_callable()
  File "/home/airflow/.local/lib/python3.7/site-packages/airflow/operators/python.py", line 198, in execute_callable
    return self.python_callable(*self.op_args, **self.op_kwargs)
  File "/opt/airflow/dags/download_s3_dag.py", line 25, in download_s3_file
    s3_client.download_file(bucket_name, key, local_filepath)
  File "/home/airflow/.local/lib/python3.7/site-packages/boto3/s3/inject.py", line 195, in download_file
    callback=Callback,
  File "/home/airflow/.local/lib/python3.7/site-packages/boto3/s3/transfer.py", line 326, in download_file
    future.result()
  File "/home/airflow/.local/lib/python3.7/site-packages/s3transfer/futures.py", line 103, in result
    return self._coordinator.result()
  File "/home/airflow/.local/lib/python3.7/site-packages/s3transfer/futures.py", line 266, in result
    raise self._exception
  File "/home/airflow/.local/lib/python3.7/site-packages/s3transfer/tasks.py", line 269, in _main
    self._submit(transfer_future=transfer_future, **kwargs)
  File "/home/airflow/.local/lib/python3.7/site-packages/s3transfer/download.py", line 357, in _submit
    **transfer_future.meta.call_args.extra_args,
  File "/home/airflow/.local/lib/python3.7/site-packages/botocore/client.py", line 530, in _api_call
    return self._make_api_call(operation_name, kwargs)
  File "/home/airflow/.local/lib/python3.7/site-packages/botocore/client.py", line 944, in _make_api_call
    operation_model, request_dict, request_context
  File "/home/airflow/.local/lib/python3.7/site-packages/botocore/client.py", line 966, in _make_request
    return self._endpoint.make_request(operation_model, request_dict)
  File "/home/airflow/.local/lib/python3.7/site-packages/botocore/endpoint.py", line 119, in make_request
    return self._send_request(request_dict, operation_model)
  File "/home/airflow/.local/lib/python3.7/site-packages/botocore/endpoint.py", line 198, in _send_request
    request = self.create_request(request_dict, operation_model)
  File "/home/airflow/.local/lib/python3.7/site-packages/botocore/endpoint.py", line 137, in create_request
    operation_name=operation_model.name,
  File "/home/airflow/.local/lib/python3.7/site-packages/botocore/hooks.py", line 412, in emit
    return self._emitter.emit(aliased_event_name, **kwargs)
  File "/home/airflow/.local/lib/python3.7/site-packages/botocore/hooks.py", line 256, in emit
    return self._emit(event_name, kwargs)
  File "/home/airflow/.local/lib/python3.7/site-packages/botocore/hooks.py", line 239, in _emit
    response = handler(**kwargs)
  File "/home/airflow/.local/lib/python3.7/site-packages/botocore/signers.py", line 105, in handler
    return self.sign(operation_name, request)
  File "/home/airflow/.local/lib/python3.7/site-packages/botocore/signers.py", line 189, in sign
    auth.add_auth(request)
  File "/home/airflow/.local/lib/python3.7/site-packages/botocore/auth.py", line 418, in add_auth
    raise NoCredentialsError()
botocore.exceptions.NoCredentialsError: Unable to locate credentials
[2023-06-12T14:32:17.728+0000] {taskinstance.py:1350} INFO - Marking task as UP_FOR_RETRY. dag_id=s3_download_dag_10, task_id=download_s3_file_task, execution_date=20230612T143150, start_date=20230612T143206, end_date=20230612T143217
[2023-06-12T14:32:17.764+0000] {standard_task_runner.py:109} ERROR - Failed to execute job 350 for task download_s3_file_task (Unable to locate credentials; 366)
[2023-06-12T14:32:17.821+0000] {local_task_job_runner.py:225} INFO - Task exited with return code 1
[2023-06-12T14:32:17.887+0000] {taskinstance.py:2651} INFO - 0 downstream tasks scheduled from follow-on schedule check
