[2023-06-11T09:42:55.537+0000] {taskinstance.py:1103} INFO - Dependencies all met for dep_context=non-requeueable deps ti=<TaskInstance: first_dag_02.second_task scheduled__2022-04-23T00:00:00+00:00 [queued]>
[2023-06-11T09:42:56.196+0000] {taskinstance.py:1103} INFO - Dependencies all met for dep_context=requeueable deps ti=<TaskInstance: first_dag_02.second_task scheduled__2022-04-23T00:00:00+00:00 [queued]>
[2023-06-11T09:42:56.197+0000] {taskinstance.py:1308} INFO - Starting attempt 1 of 6
[2023-06-11T09:42:56.980+0000] {taskinstance.py:1327} INFO - Executing <Task(BashOperator): second_task> on 2022-04-23 00:00:00+00:00
[2023-06-11T09:42:57.018+0000] {standard_task_runner.py:57} INFO - Started process 4192 to run task
[2023-06-11T09:42:57.066+0000] {standard_task_runner.py:84} INFO - Running: ['***', 'tasks', 'run', 'first_dag_02', 'second_task', 'scheduled__2022-04-23T00:00:00+00:00', '--job-id', '1283', '--raw', '--subdir', 'DAGS_FOLDER/First_dag.py', '--cfg-path', '/tmp/tmp7ny7mqii']
[2023-06-11T09:42:57.091+0000] {standard_task_runner.py:85} INFO - Job 1283: Subtask second_task
[2023-06-11T09:42:58.385+0000] {task_command.py:410} INFO - Running <TaskInstance: first_dag_02.second_task scheduled__2022-04-23T00:00:00+00:00 [running]> on host 964e508aad03
[2023-06-11T09:43:00.723+0000] {taskinstance.py:1547} INFO - Exporting env vars: AIRFLOW_CTX_DAG_OWNER='Raja' AIRFLOW_CTX_DAG_ID='first_dag_02' AIRFLOW_CTX_TASK_ID='second_task' AIRFLOW_CTX_EXECUTION_DATE='2022-04-23T00:00:00+00:00' AIRFLOW_CTX_TRY_NUMBER='1' AIRFLOW_CTX_DAG_RUN_ID='scheduled__2022-04-23T00:00:00+00:00'
[2023-06-11T09:43:00.763+0000] {subprocess.py:63} INFO - Tmp dir root location: 
 /tmp
[2023-06-11T09:43:00.764+0000] {subprocess.py:75} INFO - Running command: ['/bin/bash', '-c', 'echo hey, I am task2 and will be running after task1!']
[2023-06-11T09:43:01.030+0000] {subprocess.py:86} INFO - Output:
[2023-06-11T09:43:01.062+0000] {subprocess.py:93} INFO - hey, I am task2 and will be running after task1!
[2023-06-11T09:43:01.062+0000] {subprocess.py:97} INFO - Command exited with return code 0
[2023-06-11T09:43:01.786+0000] {taskinstance.py:1350} INFO - Marking task as SUCCESS. dag_id=first_dag_02, task_id=second_task, execution_date=20220423T000000, start_date=20230611T094255, end_date=20230611T094301
[2023-06-11T09:43:02.148+0000] {local_task_job_runner.py:225} INFO - Task exited with return code 0
[2023-06-11T09:43:02.911+0000] {taskinstance.py:2651} INFO - 0 downstream tasks scheduled from follow-on schedule check
[2023-06-11T15:29:43.595+0000] {taskinstance.py:1103} INFO - Dependencies all met for dep_context=non-requeueable deps ti=<TaskInstance: first_dag_02.second_task scheduled__2022-04-23T00:00:00+00:00 [queued]>
[2023-06-11T15:29:43.732+0000] {taskinstance.py:1103} INFO - Dependencies all met for dep_context=requeueable deps ti=<TaskInstance: first_dag_02.second_task scheduled__2022-04-23T00:00:00+00:00 [queued]>
[2023-06-11T15:29:43.733+0000] {taskinstance.py:1308} INFO - Starting attempt 1 of 6
[2023-06-11T15:29:43.795+0000] {taskinstance.py:1327} INFO - Executing <Task(BashOperator): second_task> on 2022-04-23 00:00:00+00:00
[2023-06-11T15:29:43.802+0000] {standard_task_runner.py:57} INFO - Started process 810 to run task
[2023-06-11T15:29:43.809+0000] {standard_task_runner.py:84} INFO - Running: ['***', 'tasks', 'run', 'first_dag_02', 'second_task', 'scheduled__2022-04-23T00:00:00+00:00', '--job-id', '1336', '--raw', '--subdir', 'DAGS_FOLDER/First_dag.py', '--cfg-path', '/tmp/tmp6c1j0zg7']
[2023-06-11T15:29:43.810+0000] {standard_task_runner.py:85} INFO - Job 1336: Subtask second_task
[2023-06-11T15:29:44.125+0000] {task_command.py:410} INFO - Running <TaskInstance: first_dag_02.second_task scheduled__2022-04-23T00:00:00+00:00 [running]> on host 7586ce0070ac
[2023-06-11T15:29:45.385+0000] {taskinstance.py:1547} INFO - Exporting env vars: AIRFLOW_CTX_DAG_OWNER='Raja' AIRFLOW_CTX_DAG_ID='first_dag_02' AIRFLOW_CTX_TASK_ID='second_task' AIRFLOW_CTX_EXECUTION_DATE='2022-04-23T00:00:00+00:00' AIRFLOW_CTX_TRY_NUMBER='1' AIRFLOW_CTX_DAG_RUN_ID='scheduled__2022-04-23T00:00:00+00:00'
[2023-06-11T15:29:45.387+0000] {subprocess.py:63} INFO - Tmp dir root location: 
 /tmp
[2023-06-11T15:29:45.409+0000] {subprocess.py:75} INFO - Running command: ['/bin/bash', '-c', 'echo hey, I am task2 and will be running after task1!']
[2023-06-11T15:29:45.577+0000] {subprocess.py:86} INFO - Output:
[2023-06-11T15:29:45.594+0000] {subprocess.py:93} INFO - hey, I am task2 and will be running after task1!
[2023-06-11T15:29:45.595+0000] {subprocess.py:97} INFO - Command exited with return code 0
[2023-06-11T15:29:45.907+0000] {taskinstance.py:1350} INFO - Marking task as SUCCESS. dag_id=first_dag_02, task_id=second_task, execution_date=20220423T000000, start_date=20230611T152943, end_date=20230611T152945
[2023-06-11T15:29:46.050+0000] {local_task_job_runner.py:225} INFO - Task exited with return code 0
[2023-06-11T15:29:46.208+0000] {taskinstance.py:2651} INFO - 0 downstream tasks scheduled from follow-on schedule check
