[2023-06-10T17:26:50.654+0000] {taskinstance.py:1103} INFO - Dependencies all met for dep_context=non-requeueable deps ti=<TaskInstance: first_dag_02.first_task scheduled__2021-08-02T00:00:00+00:00 [queued]>
[2023-06-10T17:26:51.168+0000] {taskinstance.py:1103} INFO - Dependencies all met for dep_context=requeueable deps ti=<TaskInstance: first_dag_02.first_task scheduled__2021-08-02T00:00:00+00:00 [queued]>
[2023-06-10T17:26:51.168+0000] {taskinstance.py:1308} INFO - Starting attempt 1 of 6
[2023-06-10T17:26:52.881+0000] {taskinstance.py:1327} INFO - Executing <Task(BashOperator): first_task> on 2021-08-02 00:00:00+00:00
[2023-06-10T17:26:53.110+0000] {standard_task_runner.py:57} INFO - Started process 885 to run task
[2023-06-10T17:26:53.143+0000] {standard_task_runner.py:84} INFO - Running: ['***', 'tasks', 'run', 'first_dag_02', 'first_task', 'scheduled__2021-08-02T00:00:00+00:00', '--job-id', '1804', '--raw', '--subdir', 'DAGS_FOLDER/First_dag.py', '--cfg-path', '/tmp/tmpz7xa_wbt']
[2023-06-10T17:26:53.263+0000] {standard_task_runner.py:85} INFO - Job 1804: Subtask first_task
[2023-06-10T17:26:54.717+0000] {task_command.py:410} INFO - Running <TaskInstance: first_dag_02.first_task scheduled__2021-08-02T00:00:00+00:00 [running]> on host e326d5f70fa9
[2023-06-10T17:26:59.102+0000] {taskinstance.py:1547} INFO - Exporting env vars: AIRFLOW_CTX_DAG_OWNER='Raja' AIRFLOW_CTX_DAG_ID='first_dag_02' AIRFLOW_CTX_TASK_ID='first_task' AIRFLOW_CTX_EXECUTION_DATE='2021-08-02T00:00:00+00:00' AIRFLOW_CTX_TRY_NUMBER='1' AIRFLOW_CTX_DAG_RUN_ID='scheduled__2021-08-02T00:00:00+00:00'
[2023-06-10T17:26:59.116+0000] {subprocess.py:63} INFO - Tmp dir root location: 
 /tmp
[2023-06-10T17:26:59.120+0000] {subprocess.py:75} INFO - Running command: ['/bin/bash', '-c', 'echo hello world, this is the first task!']
[2023-06-10T17:26:59.766+0000] {subprocess.py:86} INFO - Output:
[2023-06-10T17:26:59.827+0000] {subprocess.py:93} INFO - hello world, this is the first task!
[2023-06-10T17:26:59.933+0000] {subprocess.py:97} INFO - Command exited with return code 0
[2023-06-10T17:27:00.616+0000] {taskinstance.py:1350} INFO - Marking task as SUCCESS. dag_id=first_dag_02, task_id=first_task, execution_date=20210802T000000, start_date=20230610T172650, end_date=20230610T172700
[2023-06-10T17:27:00.977+0000] {local_task_job_runner.py:225} INFO - Task exited with return code 0
[2023-06-10T17:27:01.125+0000] {taskinstance.py:2651} INFO - 2 downstream tasks scheduled from follow-on schedule check
[2023-06-11T04:43:18.645+0000] {taskinstance.py:1103} INFO - Dependencies all met for dep_context=non-requeueable deps ti=<TaskInstance: first_dag_02.first_task scheduled__2021-08-02T00:00:00+00:00 [queued]>
[2023-06-11T04:43:20.204+0000] {taskinstance.py:1103} INFO - Dependencies all met for dep_context=requeueable deps ti=<TaskInstance: first_dag_02.first_task scheduled__2021-08-02T00:00:00+00:00 [queued]>
[2023-06-11T04:43:20.231+0000] {taskinstance.py:1308} INFO - Starting attempt 1 of 6
[2023-06-11T04:43:21.330+0000] {taskinstance.py:1327} INFO - Executing <Task(BashOperator): first_task> on 2021-08-02 00:00:00+00:00
[2023-06-11T04:43:21.471+0000] {standard_task_runner.py:57} INFO - Started process 89 to run task
[2023-06-11T04:43:21.686+0000] {standard_task_runner.py:84} INFO - Running: ['***', 'tasks', 'run', 'first_dag_02', 'first_task', 'scheduled__2021-08-02T00:00:00+00:00', '--job-id', '9', '--raw', '--subdir', 'DAGS_FOLDER/First_dag.py', '--cfg-path', '/tmp/tmpa4jr5x3z']
[2023-06-11T04:43:21.687+0000] {standard_task_runner.py:85} INFO - Job 9: Subtask first_task
[2023-06-11T04:43:23.970+0000] {task_command.py:410} INFO - Running <TaskInstance: first_dag_02.first_task scheduled__2021-08-02T00:00:00+00:00 [running]> on host 4b1b5d40d165
[2023-06-11T04:43:29.751+0000] {taskinstance.py:1547} INFO - Exporting env vars: AIRFLOW_CTX_DAG_OWNER='Raja' AIRFLOW_CTX_DAG_ID='first_dag_02' AIRFLOW_CTX_TASK_ID='first_task' AIRFLOW_CTX_EXECUTION_DATE='2021-08-02T00:00:00+00:00' AIRFLOW_CTX_TRY_NUMBER='1' AIRFLOW_CTX_DAG_RUN_ID='scheduled__2021-08-02T00:00:00+00:00'
[2023-06-11T04:43:29.766+0000] {subprocess.py:63} INFO - Tmp dir root location: 
 /tmp
[2023-06-11T04:43:29.770+0000] {subprocess.py:75} INFO - Running command: ['/bin/bash', '-c', 'echo hello world, this is the first task!']
[2023-06-11T04:43:30.328+0000] {subprocess.py:86} INFO - Output:
[2023-06-11T04:43:30.341+0000] {subprocess.py:93} INFO - hello world, this is the first task!
[2023-06-11T04:43:30.343+0000] {subprocess.py:97} INFO - Command exited with return code 0
[2023-06-11T04:43:31.153+0000] {taskinstance.py:1350} INFO - Marking task as SUCCESS. dag_id=first_dag_02, task_id=first_task, execution_date=20210802T000000, start_date=20230611T044318, end_date=20230611T044331
[2023-06-11T04:43:32.993+0000] {local_task_job_runner.py:225} INFO - Task exited with return code 0
[2023-06-11T04:43:33.937+0000] {taskinstance.py:2651} INFO - 2 downstream tasks scheduled from follow-on schedule check
[2023-06-11T05:12:45.722+0000] {taskinstance.py:1103} INFO - Dependencies all met for dep_context=non-requeueable deps ti=<TaskInstance: first_dag_02.first_task scheduled__2021-08-02T00:00:00+00:00 [queued]>
[2023-06-11T05:12:46.812+0000] {taskinstance.py:1103} INFO - Dependencies all met for dep_context=requeueable deps ti=<TaskInstance: first_dag_02.first_task scheduled__2021-08-02T00:00:00+00:00 [queued]>
[2023-06-11T05:12:46.812+0000] {taskinstance.py:1308} INFO - Starting attempt 1 of 6
[2023-06-11T05:12:49.165+0000] {taskinstance.py:1327} INFO - Executing <Task(BashOperator): first_task> on 2021-08-02 00:00:00+00:00
[2023-06-11T05:12:49.176+0000] {standard_task_runner.py:57} INFO - Started process 115 to run task
[2023-06-11T05:12:49.191+0000] {standard_task_runner.py:84} INFO - Running: ['***', 'tasks', 'run', 'first_dag_02', 'first_task', 'scheduled__2021-08-02T00:00:00+00:00', '--job-id', '12', '--raw', '--subdir', 'DAGS_FOLDER/First_dag.py', '--cfg-path', '/tmp/tmprqncs5gc']
[2023-06-11T05:12:49.192+0000] {standard_task_runner.py:85} INFO - Job 12: Subtask first_task
[2023-06-11T05:12:49.824+0000] {task_command.py:410} INFO - Running <TaskInstance: first_dag_02.first_task scheduled__2021-08-02T00:00:00+00:00 [running]> on host 69e374580eab
[2023-06-11T05:12:58.635+0000] {taskinstance.py:1547} INFO - Exporting env vars: AIRFLOW_CTX_DAG_OWNER='Raja' AIRFLOW_CTX_DAG_ID='first_dag_02' AIRFLOW_CTX_TASK_ID='first_task' AIRFLOW_CTX_EXECUTION_DATE='2021-08-02T00:00:00+00:00' AIRFLOW_CTX_TRY_NUMBER='1' AIRFLOW_CTX_DAG_RUN_ID='scheduled__2021-08-02T00:00:00+00:00'
[2023-06-11T05:12:58.747+0000] {subprocess.py:63} INFO - Tmp dir root location: 
 /tmp
[2023-06-11T05:12:58.756+0000] {subprocess.py:75} INFO - Running command: ['/bin/bash', '-c', 'echo hello world, this is the first task!']
[2023-06-11T05:12:59.089+0000] {subprocess.py:86} INFO - Output:
[2023-06-11T05:12:59.101+0000] {subprocess.py:93} INFO - hello world, this is the first task!
[2023-06-11T05:12:59.105+0000] {subprocess.py:97} INFO - Command exited with return code 0
[2023-06-11T05:12:59.333+0000] {taskinstance.py:1350} INFO - Marking task as SUCCESS. dag_id=first_dag_02, task_id=first_task, execution_date=20210802T000000, start_date=20230611T051246, end_date=20230611T051259
[2023-06-11T05:13:01.358+0000] {local_task_job_runner.py:225} INFO - Task exited with return code 0
[2023-06-11T05:13:05.631+0000] {taskinstance.py:2651} INFO - 0 downstream tasks scheduled from follow-on schedule check
[2023-06-11T08:14:33.453+0000] {taskinstance.py:1103} INFO - Dependencies all met for dep_context=non-requeueable deps ti=<TaskInstance: first_dag_02.first_task scheduled__2021-08-02T00:00:00+00:00 [queued]>
[2023-06-11T08:14:34.199+0000] {taskinstance.py:1103} INFO - Dependencies all met for dep_context=requeueable deps ti=<TaskInstance: first_dag_02.first_task scheduled__2021-08-02T00:00:00+00:00 [queued]>
[2023-06-11T08:14:34.201+0000] {taskinstance.py:1308} INFO - Starting attempt 1 of 6
[2023-06-11T08:14:35.360+0000] {taskinstance.py:1327} INFO - Executing <Task(BashOperator): first_task> on 2021-08-02 00:00:00+00:00
[2023-06-11T08:14:35.543+0000] {standard_task_runner.py:57} INFO - Started process 130 to run task
[2023-06-11T08:14:35.774+0000] {standard_task_runner.py:84} INFO - Running: ['***', 'tasks', 'run', 'first_dag_02', 'first_task', 'scheduled__2021-08-02T00:00:00+00:00', '--job-id', '57', '--raw', '--subdir', 'DAGS_FOLDER/First_dag.py', '--cfg-path', '/tmp/tmp8mm_0us2']
[2023-06-11T08:14:35.901+0000] {standard_task_runner.py:85} INFO - Job 57: Subtask first_task
[2023-06-11T08:14:38.678+0000] {task_command.py:410} INFO - Running <TaskInstance: first_dag_02.first_task scheduled__2021-08-02T00:00:00+00:00 [running]> on host 492037cdd057
[2023-06-11T08:14:40.699+0000] {taskinstance.py:1547} INFO - Exporting env vars: AIRFLOW_CTX_DAG_OWNER='Raja' AIRFLOW_CTX_DAG_ID='first_dag_02' AIRFLOW_CTX_TASK_ID='first_task' AIRFLOW_CTX_EXECUTION_DATE='2021-08-02T00:00:00+00:00' AIRFLOW_CTX_TRY_NUMBER='1' AIRFLOW_CTX_DAG_RUN_ID='scheduled__2021-08-02T00:00:00+00:00'
[2023-06-11T08:14:40.702+0000] {subprocess.py:63} INFO - Tmp dir root location: 
 /tmp
[2023-06-11T08:14:40.703+0000] {subprocess.py:75} INFO - Running command: ['/bin/bash', '-c', 'echo hello world, this is the first task!']
[2023-06-11T08:14:41.106+0000] {subprocess.py:86} INFO - Output:
[2023-06-11T08:14:41.172+0000] {subprocess.py:93} INFO - hello world, this is the first task!
[2023-06-11T08:14:41.176+0000] {subprocess.py:97} INFO - Command exited with return code 0
[2023-06-11T08:14:42.396+0000] {taskinstance.py:1350} INFO - Marking task as SUCCESS. dag_id=first_dag_02, task_id=first_task, execution_date=20210802T000000, start_date=20230611T081433, end_date=20230611T081442
[2023-06-11T08:14:43.939+0000] {local_task_job_runner.py:225} INFO - Task exited with return code 0
[2023-06-11T08:14:44.395+0000] {taskinstance.py:2651} INFO - 2 downstream tasks scheduled from follow-on schedule check
[2023-06-11T08:46:53.747+0000] {taskinstance.py:1103} INFO - Dependencies all met for dep_context=non-requeueable deps ti=<TaskInstance: first_dag_02.first_task scheduled__2021-08-02T00:00:00+00:00 [queued]>
[2023-06-11T08:46:54.094+0000] {taskinstance.py:1103} INFO - Dependencies all met for dep_context=requeueable deps ti=<TaskInstance: first_dag_02.first_task scheduled__2021-08-02T00:00:00+00:00 [queued]>
[2023-06-11T08:46:54.094+0000] {taskinstance.py:1308} INFO - Starting attempt 1 of 6
[2023-06-11T08:46:56.058+0000] {taskinstance.py:1327} INFO - Executing <Task(BashOperator): first_task> on 2021-08-02 00:00:00+00:00
[2023-06-11T08:46:56.151+0000] {standard_task_runner.py:57} INFO - Started process 128 to run task
[2023-06-11T08:46:56.272+0000] {standard_task_runner.py:84} INFO - Running: ['***', 'tasks', 'run', 'first_dag_02', 'first_task', 'scheduled__2021-08-02T00:00:00+00:00', '--job-id', '22', '--raw', '--subdir', 'DAGS_FOLDER/First_dag.py', '--cfg-path', '/tmp/tmpfmpnmlxh']
[2023-06-11T08:46:56.273+0000] {standard_task_runner.py:85} INFO - Job 22: Subtask first_task
[2023-06-11T08:46:57.760+0000] {task_command.py:410} INFO - Running <TaskInstance: first_dag_02.first_task scheduled__2021-08-02T00:00:00+00:00 [running]> on host 964e508aad03
[2023-06-11T08:47:00.424+0000] {taskinstance.py:1547} INFO - Exporting env vars: AIRFLOW_CTX_DAG_OWNER='Raja' AIRFLOW_CTX_DAG_ID='first_dag_02' AIRFLOW_CTX_TASK_ID='first_task' AIRFLOW_CTX_EXECUTION_DATE='2021-08-02T00:00:00+00:00' AIRFLOW_CTX_TRY_NUMBER='1' AIRFLOW_CTX_DAG_RUN_ID='scheduled__2021-08-02T00:00:00+00:00'
[2023-06-11T08:47:00.461+0000] {subprocess.py:63} INFO - Tmp dir root location: 
 /tmp
[2023-06-11T08:47:00.471+0000] {subprocess.py:75} INFO - Running command: ['/bin/bash', '-c', 'echo hello world, this is the first task!']
[2023-06-11T08:47:00.617+0000] {subprocess.py:86} INFO - Output:
[2023-06-11T08:47:00.619+0000] {subprocess.py:93} INFO - hello world, this is the first task!
[2023-06-11T08:47:00.675+0000] {subprocess.py:97} INFO - Command exited with return code 0
[2023-06-11T08:47:01.357+0000] {taskinstance.py:1350} INFO - Marking task as SUCCESS. dag_id=first_dag_02, task_id=first_task, execution_date=20210802T000000, start_date=20230611T084653, end_date=20230611T084701
[2023-06-11T08:47:01.521+0000] {local_task_job_runner.py:225} INFO - Task exited with return code 0
[2023-06-11T08:47:02.132+0000] {taskinstance.py:2651} INFO - 2 downstream tasks scheduled from follow-on schedule check
[2023-06-11T10:35:42.761+0000] {taskinstance.py:1103} INFO - Dependencies all met for dep_context=non-requeueable deps ti=<TaskInstance: first_dag_02.first_task scheduled__2021-08-02T00:00:00+00:00 [queued]>
[2023-06-11T10:35:43.357+0000] {taskinstance.py:1103} INFO - Dependencies all met for dep_context=requeueable deps ti=<TaskInstance: first_dag_02.first_task scheduled__2021-08-02T00:00:00+00:00 [queued]>
[2023-06-11T10:35:43.357+0000] {taskinstance.py:1308} INFO - Starting attempt 1 of 6
[2023-06-11T10:35:43.962+0000] {taskinstance.py:1327} INFO - Executing <Task(BashOperator): first_task> on 2021-08-02 00:00:00+00:00
[2023-06-11T10:35:43.984+0000] {standard_task_runner.py:57} INFO - Started process 127 to run task
[2023-06-11T10:35:44.326+0000] {standard_task_runner.py:84} INFO - Running: ['***', 'tasks', 'run', 'first_dag_02', 'first_task', 'scheduled__2021-08-02T00:00:00+00:00', '--job-id', '19', '--raw', '--subdir', 'DAGS_FOLDER/First_dag.py', '--cfg-path', '/tmp/tmpm61gxhd3']
[2023-06-11T10:35:44.352+0000] {standard_task_runner.py:85} INFO - Job 19: Subtask first_task
[2023-06-11T10:35:46.914+0000] {task_command.py:410} INFO - Running <TaskInstance: first_dag_02.first_task scheduled__2021-08-02T00:00:00+00:00 [running]> on host 7586ce0070ac
[2023-06-11T10:35:51.696+0000] {taskinstance.py:1547} INFO - Exporting env vars: AIRFLOW_CTX_DAG_OWNER='Raja' AIRFLOW_CTX_DAG_ID='first_dag_02' AIRFLOW_CTX_TASK_ID='first_task' AIRFLOW_CTX_EXECUTION_DATE='2021-08-02T00:00:00+00:00' AIRFLOW_CTX_TRY_NUMBER='1' AIRFLOW_CTX_DAG_RUN_ID='scheduled__2021-08-02T00:00:00+00:00'
[2023-06-11T10:35:51.865+0000] {subprocess.py:63} INFO - Tmp dir root location: 
 /tmp
[2023-06-11T10:35:51.869+0000] {subprocess.py:75} INFO - Running command: ['/bin/bash', '-c', 'echo hello world, this is the first task!']
[2023-06-11T10:35:51.981+0000] {subprocess.py:86} INFO - Output:
[2023-06-11T10:35:52.073+0000] {subprocess.py:93} INFO - hello world, this is the first task!
[2023-06-11T10:35:52.151+0000] {subprocess.py:97} INFO - Command exited with return code 0
[2023-06-11T10:35:53.082+0000] {taskinstance.py:1350} INFO - Marking task as SUCCESS. dag_id=first_dag_02, task_id=first_task, execution_date=20210802T000000, start_date=20230611T103542, end_date=20230611T103553
[2023-06-11T10:35:53.936+0000] {local_task_job_runner.py:225} INFO - Task exited with return code 0
[2023-06-11T10:35:55.110+0000] {taskinstance.py:2651} INFO - 2 downstream tasks scheduled from follow-on schedule check
