[2023-06-11T08:59:28.538+0000] {taskinstance.py:1103} INFO - Dependencies all met for dep_context=non-requeueable deps ti=<TaskInstance: first_dag_02.thrid_task scheduled__2022-02-03T00:00:00+00:00 [queued]>
[2023-06-11T08:59:28.732+0000] {taskinstance.py:1103} INFO - Dependencies all met for dep_context=requeueable deps ti=<TaskInstance: first_dag_02.thrid_task scheduled__2022-02-03T00:00:00+00:00 [queued]>
[2023-06-11T08:59:28.740+0000] {taskinstance.py:1308} INFO - Starting attempt 1 of 6
[2023-06-11T08:59:29.036+0000] {taskinstance.py:1327} INFO - Executing <Task(BashOperator): thrid_task> on 2022-02-03 00:00:00+00:00
[2023-06-11T08:59:29.073+0000] {standard_task_runner.py:57} INFO - Started process 2950 to run task
[2023-06-11T08:59:29.090+0000] {standard_task_runner.py:84} INFO - Running: ['***', 'tasks', 'run', 'first_dag_02', 'thrid_task', 'scheduled__2022-02-03T00:00:00+00:00', '--job-id', '923', '--raw', '--subdir', 'DAGS_FOLDER/First_dag.py', '--cfg-path', '/tmp/tmpg9utf5_l']
[2023-06-11T08:59:29.090+0000] {standard_task_runner.py:85} INFO - Job 923: Subtask thrid_task
[2023-06-11T08:59:29.335+0000] {task_command.py:410} INFO - Running <TaskInstance: first_dag_02.thrid_task scheduled__2022-02-03T00:00:00+00:00 [running]> on host 964e508aad03
[2023-06-11T08:59:30.639+0000] {taskinstance.py:1547} INFO - Exporting env vars: AIRFLOW_CTX_DAG_OWNER='Raja' AIRFLOW_CTX_DAG_ID='first_dag_02' AIRFLOW_CTX_TASK_ID='thrid_task' AIRFLOW_CTX_EXECUTION_DATE='2022-02-03T00:00:00+00:00' AIRFLOW_CTX_TRY_NUMBER='1' AIRFLOW_CTX_DAG_RUN_ID='scheduled__2022-02-03T00:00:00+00:00'
[2023-06-11T08:59:30.647+0000] {subprocess.py:63} INFO - Tmp dir root location: 
 /tmp
[2023-06-11T08:59:30.651+0000] {subprocess.py:75} INFO - Running command: ['/bin/bash', '-c', 'echo hey, I am task3 and will be running after task1 at the same time as task2!']
[2023-06-11T08:59:30.736+0000] {subprocess.py:86} INFO - Output:
[2023-06-11T08:59:30.755+0000] {subprocess.py:93} INFO - hey, I am task3 and will be running after task1 at the same time as task2!
[2023-06-11T08:59:30.767+0000] {subprocess.py:97} INFO - Command exited with return code 0
[2023-06-11T08:59:31.017+0000] {taskinstance.py:1350} INFO - Marking task as SUCCESS. dag_id=first_dag_02, task_id=thrid_task, execution_date=20220203T000000, start_date=20230611T085928, end_date=20230611T085931
[2023-06-11T08:59:31.144+0000] {local_task_job_runner.py:225} INFO - Task exited with return code 0
[2023-06-11T08:59:31.264+0000] {taskinstance.py:2651} INFO - 0 downstream tasks scheduled from follow-on schedule check
[2023-06-11T11:32:51.676+0000] {taskinstance.py:1103} INFO - Dependencies all met for dep_context=non-requeueable deps ti=<TaskInstance: first_dag_02.thrid_task scheduled__2022-02-03T00:00:00+00:00 [queued]>
[2023-06-11T11:32:51.917+0000] {taskinstance.py:1103} INFO - Dependencies all met for dep_context=requeueable deps ti=<TaskInstance: first_dag_02.thrid_task scheduled__2022-02-03T00:00:00+00:00 [queued]>
[2023-06-11T11:32:51.997+0000] {taskinstance.py:1308} INFO - Starting attempt 1 of 6
[2023-06-11T11:32:52.652+0000] {taskinstance.py:1327} INFO - Executing <Task(BashOperator): thrid_task> on 2022-02-03 00:00:00+00:00
[2023-06-11T11:32:52.670+0000] {standard_task_runner.py:57} INFO - Started process 463 to run task
[2023-06-11T11:32:52.723+0000] {standard_task_runner.py:84} INFO - Running: ['***', 'tasks', 'run', 'first_dag_02', 'thrid_task', 'scheduled__2022-02-03T00:00:00+00:00', '--job-id', '942', '--raw', '--subdir', 'DAGS_FOLDER/First_dag.py', '--cfg-path', '/tmp/tmp1ojx5ya7']
[2023-06-11T11:32:52.724+0000] {standard_task_runner.py:85} INFO - Job 942: Subtask thrid_task
[2023-06-11T11:32:54.117+0000] {task_command.py:410} INFO - Running <TaskInstance: first_dag_02.thrid_task scheduled__2022-02-03T00:00:00+00:00 [running]> on host 7586ce0070ac
[2023-06-11T11:32:56.526+0000] {taskinstance.py:1547} INFO - Exporting env vars: AIRFLOW_CTX_DAG_OWNER='Raja' AIRFLOW_CTX_DAG_ID='first_dag_02' AIRFLOW_CTX_TASK_ID='thrid_task' AIRFLOW_CTX_EXECUTION_DATE='2022-02-03T00:00:00+00:00' AIRFLOW_CTX_TRY_NUMBER='1' AIRFLOW_CTX_DAG_RUN_ID='scheduled__2022-02-03T00:00:00+00:00'
[2023-06-11T11:32:56.530+0000] {subprocess.py:63} INFO - Tmp dir root location: 
 /tmp
[2023-06-11T11:32:56.573+0000] {subprocess.py:75} INFO - Running command: ['/bin/bash', '-c', 'echo hey, I am task3 and will be running after task1 at the same time as task2!']
[2023-06-11T11:32:56.754+0000] {subprocess.py:86} INFO - Output:
[2023-06-11T11:32:56.763+0000] {subprocess.py:93} INFO - hey, I am task3 and will be running after task1 at the same time as task2!
[2023-06-11T11:32:56.766+0000] {subprocess.py:97} INFO - Command exited with return code 0
[2023-06-11T11:32:57.208+0000] {taskinstance.py:1350} INFO - Marking task as SUCCESS. dag_id=first_dag_02, task_id=thrid_task, execution_date=20220203T000000, start_date=20230611T113251, end_date=20230611T113257
[2023-06-11T11:32:58.040+0000] {local_task_job_runner.py:225} INFO - Task exited with return code 0
[2023-06-11T11:32:59.260+0000] {taskinstance.py:2651} INFO - 0 downstream tasks scheduled from follow-on schedule check
