[2023-06-11T04:52:21.801+0000] {taskinstance.py:1103} INFO - Dependencies all met for dep_context=non-requeueable deps ti=<TaskInstance: first_dag_02.thrid_task scheduled__2021-09-30T00:00:00+00:00 [queued]>
[2023-06-11T04:52:22.034+0000] {taskinstance.py:1103} INFO - Dependencies all met for dep_context=requeueable deps ti=<TaskInstance: first_dag_02.thrid_task scheduled__2021-09-30T00:00:00+00:00 [queued]>
[2023-06-11T04:52:22.034+0000] {taskinstance.py:1308} INFO - Starting attempt 1 of 6
[2023-06-11T04:52:23.002+0000] {taskinstance.py:1327} INFO - Executing <Task(BashOperator): thrid_task> on 2021-09-30 00:00:00+00:00
[2023-06-11T04:52:23.048+0000] {standard_task_runner.py:57} INFO - Started process 934 to run task
[2023-06-11T04:52:23.115+0000] {standard_task_runner.py:84} INFO - Running: ['***', 'tasks', 'run', 'first_dag_02', 'thrid_task', 'scheduled__2021-09-30T00:00:00+00:00', '--job-id', '278', '--raw', '--subdir', 'DAGS_FOLDER/First_dag.py', '--cfg-path', '/tmp/tmpl1js4sch']
[2023-06-11T04:52:23.116+0000] {standard_task_runner.py:85} INFO - Job 278: Subtask thrid_task
[2023-06-11T04:52:23.977+0000] {task_command.py:410} INFO - Running <TaskInstance: first_dag_02.thrid_task scheduled__2021-09-30T00:00:00+00:00 [running]> on host 4b1b5d40d165
[2023-06-11T04:52:25.812+0000] {taskinstance.py:1547} INFO - Exporting env vars: AIRFLOW_CTX_DAG_OWNER='Raja' AIRFLOW_CTX_DAG_ID='first_dag_02' AIRFLOW_CTX_TASK_ID='thrid_task' AIRFLOW_CTX_EXECUTION_DATE='2021-09-30T00:00:00+00:00' AIRFLOW_CTX_TRY_NUMBER='1' AIRFLOW_CTX_DAG_RUN_ID='scheduled__2021-09-30T00:00:00+00:00'
[2023-06-11T04:52:25.835+0000] {subprocess.py:63} INFO - Tmp dir root location: 
 /tmp
[2023-06-11T04:52:25.843+0000] {subprocess.py:75} INFO - Running command: ['/bin/bash', '-c', 'echo hey, I am task3 and will be running after task1 at the same time as task2!']
[2023-06-11T04:52:26.041+0000] {subprocess.py:86} INFO - Output:
[2023-06-11T04:52:26.066+0000] {subprocess.py:93} INFO - hey, I am task3 and will be running after task1 at the same time as task2!
[2023-06-11T04:52:26.070+0000] {subprocess.py:97} INFO - Command exited with return code 0
[2023-06-11T04:52:26.555+0000] {taskinstance.py:1350} INFO - Marking task as SUCCESS. dag_id=first_dag_02, task_id=thrid_task, execution_date=20210930T000000, start_date=20230611T045221, end_date=20230611T045226
[2023-06-11T04:52:26.908+0000] {local_task_job_runner.py:225} INFO - Task exited with return code 0
[2023-06-11T04:52:27.975+0000] {taskinstance.py:2651} INFO - 0 downstream tasks scheduled from follow-on schedule check
[2023-06-11T08:29:06.243+0000] {taskinstance.py:1103} INFO - Dependencies all met for dep_context=non-requeueable deps ti=<TaskInstance: first_dag_02.thrid_task scheduled__2021-09-30T00:00:00+00:00 [queued]>
[2023-06-11T08:29:06.633+0000] {taskinstance.py:1103} INFO - Dependencies all met for dep_context=requeueable deps ti=<TaskInstance: first_dag_02.thrid_task scheduled__2021-09-30T00:00:00+00:00 [queued]>
[2023-06-11T08:29:06.633+0000] {taskinstance.py:1308} INFO - Starting attempt 1 of 6
[2023-06-11T08:29:07.778+0000] {taskinstance.py:1327} INFO - Executing <Task(BashOperator): thrid_task> on 2021-09-30 00:00:00+00:00
[2023-06-11T08:29:07.986+0000] {standard_task_runner.py:57} INFO - Started process 1293 to run task
[2023-06-11T08:29:08.483+0000] {standard_task_runner.py:84} INFO - Running: ['***', 'tasks', 'run', 'first_dag_02', 'thrid_task', 'scheduled__2021-09-30T00:00:00+00:00', '--job-id', '394', '--raw', '--subdir', 'DAGS_FOLDER/First_dag.py', '--cfg-path', '/tmp/tmpkxmu0xj2']
[2023-06-11T08:29:08.487+0000] {standard_task_runner.py:85} INFO - Job 394: Subtask thrid_task
[2023-06-11T08:29:11.934+0000] {task_command.py:410} INFO - Running <TaskInstance: first_dag_02.thrid_task scheduled__2021-09-30T00:00:00+00:00 [running]> on host 492037cdd057
[2023-06-11T08:29:17.890+0000] {taskinstance.py:1547} INFO - Exporting env vars: AIRFLOW_CTX_DAG_OWNER='Raja' AIRFLOW_CTX_DAG_ID='first_dag_02' AIRFLOW_CTX_TASK_ID='thrid_task' AIRFLOW_CTX_EXECUTION_DATE='2021-09-30T00:00:00+00:00' AIRFLOW_CTX_TRY_NUMBER='1' AIRFLOW_CTX_DAG_RUN_ID='scheduled__2021-09-30T00:00:00+00:00'
[2023-06-11T08:29:17.933+0000] {subprocess.py:63} INFO - Tmp dir root location: 
 /tmp
[2023-06-11T08:29:17.934+0000] {subprocess.py:75} INFO - Running command: ['/bin/bash', '-c', 'echo hey, I am task3 and will be running after task1 at the same time as task2!']
[2023-06-11T08:29:18.141+0000] {subprocess.py:86} INFO - Output:
[2023-06-11T08:29:18.230+0000] {subprocess.py:93} INFO - hey, I am task3 and will be running after task1 at the same time as task2!
[2023-06-11T08:29:18.237+0000] {subprocess.py:97} INFO - Command exited with return code 0
[2023-06-11T08:29:18.642+0000] {taskinstance.py:1350} INFO - Marking task as SUCCESS. dag_id=first_dag_02, task_id=thrid_task, execution_date=20210930T000000, start_date=20230611T082906, end_date=20230611T082918
[2023-06-11T08:29:19.327+0000] {local_task_job_runner.py:225} INFO - Task exited with return code 0
[2023-06-11T08:29:19.402+0000] {taskinstance.py:2651} INFO - 0 downstream tasks scheduled from follow-on schedule check
[2023-06-11T08:51:36.070+0000] {taskinstance.py:1103} INFO - Dependencies all met for dep_context=non-requeueable deps ti=<TaskInstance: first_dag_02.thrid_task scheduled__2021-09-30T00:00:00+00:00 [queued]>
[2023-06-11T08:51:36.319+0000] {taskinstance.py:1103} INFO - Dependencies all met for dep_context=requeueable deps ti=<TaskInstance: first_dag_02.thrid_task scheduled__2021-09-30T00:00:00+00:00 [queued]>
[2023-06-11T08:51:36.324+0000] {taskinstance.py:1308} INFO - Starting attempt 1 of 6
[2023-06-11T08:51:36.590+0000] {taskinstance.py:1327} INFO - Executing <Task(BashOperator): thrid_task> on 2021-09-30 00:00:00+00:00
[2023-06-11T08:51:36.603+0000] {standard_task_runner.py:57} INFO - Started process 1146 to run task
[2023-06-11T08:51:36.665+0000] {standard_task_runner.py:84} INFO - Running: ['***', 'tasks', 'run', 'first_dag_02', 'thrid_task', 'scheduled__2021-09-30T00:00:00+00:00', '--job-id', '353', '--raw', '--subdir', 'DAGS_FOLDER/First_dag.py', '--cfg-path', '/tmp/tmplms740h7']
[2023-06-11T08:51:36.675+0000] {standard_task_runner.py:85} INFO - Job 353: Subtask thrid_task
[2023-06-11T08:51:37.365+0000] {task_command.py:410} INFO - Running <TaskInstance: first_dag_02.thrid_task scheduled__2021-09-30T00:00:00+00:00 [running]> on host 964e508aad03
[2023-06-11T08:51:39.738+0000] {taskinstance.py:1547} INFO - Exporting env vars: AIRFLOW_CTX_DAG_OWNER='Raja' AIRFLOW_CTX_DAG_ID='first_dag_02' AIRFLOW_CTX_TASK_ID='thrid_task' AIRFLOW_CTX_EXECUTION_DATE='2021-09-30T00:00:00+00:00' AIRFLOW_CTX_TRY_NUMBER='1' AIRFLOW_CTX_DAG_RUN_ID='scheduled__2021-09-30T00:00:00+00:00'
[2023-06-11T08:51:39.739+0000] {subprocess.py:63} INFO - Tmp dir root location: 
 /tmp
[2023-06-11T08:51:39.750+0000] {subprocess.py:75} INFO - Running command: ['/bin/bash', '-c', 'echo hey, I am task3 and will be running after task1 at the same time as task2!']
[2023-06-11T08:51:39.906+0000] {subprocess.py:86} INFO - Output:
[2023-06-11T08:51:39.937+0000] {subprocess.py:93} INFO - hey, I am task3 and will be running after task1 at the same time as task2!
[2023-06-11T08:51:39.938+0000] {subprocess.py:97} INFO - Command exited with return code 0
[2023-06-11T08:51:40.301+0000] {taskinstance.py:1350} INFO - Marking task as SUCCESS. dag_id=first_dag_02, task_id=thrid_task, execution_date=20210930T000000, start_date=20230611T085136, end_date=20230611T085140
[2023-06-11T08:51:40.521+0000] {local_task_job_runner.py:225} INFO - Task exited with return code 0
[2023-06-11T08:51:40.825+0000] {taskinstance.py:2651} INFO - 0 downstream tasks scheduled from follow-on schedule check
[2023-06-11T10:57:16.100+0000] {taskinstance.py:1103} INFO - Dependencies all met for dep_context=non-requeueable deps ti=<TaskInstance: first_dag_02.thrid_task scheduled__2021-09-30T00:00:00+00:00 [queued]>
[2023-06-11T10:57:16.329+0000] {taskinstance.py:1103} INFO - Dependencies all met for dep_context=requeueable deps ti=<TaskInstance: first_dag_02.thrid_task scheduled__2021-09-30T00:00:00+00:00 [queued]>
[2023-06-11T10:57:16.348+0000] {taskinstance.py:1308} INFO - Starting attempt 1 of 6
[2023-06-11T10:57:16.845+0000] {taskinstance.py:1327} INFO - Executing <Task(BashOperator): thrid_task> on 2021-09-30 00:00:00+00:00
[2023-06-11T10:57:16.872+0000] {standard_task_runner.py:57} INFO - Started process 1211 to run task
[2023-06-11T10:57:17.106+0000] {standard_task_runner.py:84} INFO - Running: ['***', 'tasks', 'run', 'first_dag_02', 'thrid_task', 'scheduled__2021-09-30T00:00:00+00:00', '--job-id', '332', '--raw', '--subdir', 'DAGS_FOLDER/First_dag.py', '--cfg-path', '/tmp/tmppdjw7qg5']
[2023-06-11T10:57:17.107+0000] {standard_task_runner.py:85} INFO - Job 332: Subtask thrid_task
[2023-06-11T10:57:19.102+0000] {task_command.py:410} INFO - Running <TaskInstance: first_dag_02.thrid_task scheduled__2021-09-30T00:00:00+00:00 [running]> on host 7586ce0070ac
[2023-06-11T10:57:22.582+0000] {taskinstance.py:1547} INFO - Exporting env vars: AIRFLOW_CTX_DAG_OWNER='Raja' AIRFLOW_CTX_DAG_ID='first_dag_02' AIRFLOW_CTX_TASK_ID='thrid_task' AIRFLOW_CTX_EXECUTION_DATE='2021-09-30T00:00:00+00:00' AIRFLOW_CTX_TRY_NUMBER='1' AIRFLOW_CTX_DAG_RUN_ID='scheduled__2021-09-30T00:00:00+00:00'
[2023-06-11T10:57:22.711+0000] {subprocess.py:63} INFO - Tmp dir root location: 
 /tmp
[2023-06-11T10:57:22.735+0000] {subprocess.py:75} INFO - Running command: ['/bin/bash', '-c', 'echo hey, I am task3 and will be running after task1 at the same time as task2!']
[2023-06-11T10:57:23.440+0000] {subprocess.py:86} INFO - Output:
[2023-06-11T10:57:23.498+0000] {subprocess.py:93} INFO - hey, I am task3 and will be running after task1 at the same time as task2!
[2023-06-11T10:57:23.513+0000] {subprocess.py:97} INFO - Command exited with return code 0
[2023-06-11T10:57:24.540+0000] {taskinstance.py:1350} INFO - Marking task as SUCCESS. dag_id=first_dag_02, task_id=thrid_task, execution_date=20210930T000000, start_date=20230611T105716, end_date=20230611T105724
[2023-06-11T10:57:25.549+0000] {local_task_job_runner.py:225} INFO - Task exited with return code 0
[2023-06-11T10:57:26.291+0000] {taskinstance.py:2651} INFO - 0 downstream tasks scheduled from follow-on schedule check
