[2023-06-11T04:43:18.713+0000] {taskinstance.py:1103} INFO - Dependencies all met for dep_context=non-requeueable deps ti=<TaskInstance: dag_api.get_age scheduled__2023-06-10T00:00:00+00:00 [queued]>
[2023-06-11T04:43:19.538+0000] {taskinstance.py:1103} INFO - Dependencies all met for dep_context=requeueable deps ti=<TaskInstance: dag_api.get_age scheduled__2023-06-10T00:00:00+00:00 [queued]>
[2023-06-11T04:43:19.633+0000] {taskinstance.py:1308} INFO - Starting attempt 1 of 6
[2023-06-11T04:43:21.081+0000] {taskinstance.py:1327} INFO - Executing <Task(_PythonDecoratedOperator): get_age> on 2023-06-10 00:00:00+00:00
[2023-06-11T04:43:21.092+0000] {standard_task_runner.py:57} INFO - Started process 88 to run task
[2023-06-11T04:43:21.307+0000] {standard_task_runner.py:84} INFO - Running: ['***', 'tasks', 'run', 'dag_api', 'get_age', 'scheduled__2023-06-10T00:00:00+00:00', '--job-id', '8', '--raw', '--subdir', 'DAGS_FOLDER/dag_api.py', '--cfg-path', '/tmp/tmpi_ep_szd']
[2023-06-11T04:43:21.309+0000] {standard_task_runner.py:85} INFO - Job 8: Subtask get_age
[2023-06-11T04:43:22.678+0000] {task_command.py:410} INFO - Running <TaskInstance: dag_api.get_age scheduled__2023-06-10T00:00:00+00:00 [running]> on host 4b1b5d40d165
[2023-06-11T04:43:29.244+0000] {taskinstance.py:1547} INFO - Exporting env vars: AIRFLOW_CTX_DAG_OWNER='Raja' AIRFLOW_CTX_DAG_ID='dag_api' AIRFLOW_CTX_TASK_ID='get_age' AIRFLOW_CTX_EXECUTION_DATE='2023-06-10T00:00:00+00:00' AIRFLOW_CTX_TRY_NUMBER='1' AIRFLOW_CTX_DAG_RUN_ID='scheduled__2023-06-10T00:00:00+00:00'
[2023-06-11T04:43:29.250+0000] {python.py:183} INFO - Done. Returned value was: 20
[2023-06-11T04:43:29.939+0000] {taskinstance.py:1350} INFO - Marking task as SUCCESS. dag_id=dag_api, task_id=get_age, execution_date=20230610T000000, start_date=20230611T044318, end_date=20230611T044329
[2023-06-11T04:43:31.393+0000] {local_task_job_runner.py:225} INFO - Task exited with return code 0
[2023-06-11T04:43:31.855+0000] {taskinstance.py:2651} INFO - 0 downstream tasks scheduled from follow-on schedule check
[2023-06-11T05:12:48.808+0000] {taskinstance.py:1103} INFO - Dependencies all met for dep_context=non-requeueable deps ti=<TaskInstance: dag_api.get_age scheduled__2023-06-10T00:00:00+00:00 [queued]>
[2023-06-11T05:12:48.872+0000] {taskinstance.py:1103} INFO - Dependencies all met for dep_context=requeueable deps ti=<TaskInstance: dag_api.get_age scheduled__2023-06-10T00:00:00+00:00 [queued]>
[2023-06-11T05:12:48.873+0000] {taskinstance.py:1308} INFO - Starting attempt 1 of 6
[2023-06-11T05:12:49.360+0000] {taskinstance.py:1327} INFO - Executing <Task(_PythonDecoratedOperator): get_age> on 2023-06-10 00:00:00+00:00
[2023-06-11T05:12:50.192+0000] {standard_task_runner.py:84} INFO - Running: ['***', 'tasks', 'run', 'dag_api', 'get_age', 'scheduled__2023-06-10T00:00:00+00:00', '--job-id', '16', '--raw', '--subdir', 'DAGS_FOLDER/dag_api.py', '--cfg-path', '/tmp/tmpzq5eymrf']
[2023-06-11T05:12:50.198+0000] {standard_task_runner.py:85} INFO - Job 16: Subtask get_age
[2023-06-11T05:12:49.601+0000] {standard_task_runner.py:57} INFO - Started process 116 to run task
[2023-06-11T05:12:54.383+0000] {task_command.py:410} INFO - Running <TaskInstance: dag_api.get_age scheduled__2023-06-10T00:00:00+00:00 [running]> on host 69e374580eab
[2023-06-11T05:12:59.378+0000] {taskinstance.py:1547} INFO - Exporting env vars: AIRFLOW_CTX_DAG_OWNER='Raja' AIRFLOW_CTX_DAG_ID='dag_api' AIRFLOW_CTX_TASK_ID='get_age' AIRFLOW_CTX_EXECUTION_DATE='2023-06-10T00:00:00+00:00' AIRFLOW_CTX_TRY_NUMBER='1' AIRFLOW_CTX_DAG_RUN_ID='scheduled__2023-06-10T00:00:00+00:00'
[2023-06-11T05:12:59.380+0000] {python.py:183} INFO - Done. Returned value was: 20
[2023-06-11T05:12:59.536+0000] {taskinstance.py:1350} INFO - Marking task as SUCCESS. dag_id=dag_api, task_id=get_age, execution_date=20230610T000000, start_date=20230611T051248, end_date=20230611T051259
[2023-06-11T05:13:00.657+0000] {local_task_job_runner.py:225} INFO - Task exited with return code 0
[2023-06-11T05:13:04.449+0000] {taskinstance.py:2651} INFO - 0 downstream tasks scheduled from follow-on schedule check
[2023-06-11T08:14:15.870+0000] {taskinstance.py:1103} INFO - Dependencies all met for dep_context=non-requeueable deps ti=<TaskInstance: dag_api.get_age scheduled__2023-06-10T00:00:00+00:00 [queued]>
[2023-06-11T08:14:17.136+0000] {taskinstance.py:1103} INFO - Dependencies all met for dep_context=requeueable deps ti=<TaskInstance: dag_api.get_age scheduled__2023-06-10T00:00:00+00:00 [queued]>
[2023-06-11T08:14:17.157+0000] {taskinstance.py:1308} INFO - Starting attempt 1 of 6
[2023-06-11T08:14:18.611+0000] {taskinstance.py:1327} INFO - Executing <Task(_PythonDecoratedOperator): get_age> on 2023-06-10 00:00:00+00:00
[2023-06-11T08:14:18.785+0000] {standard_task_runner.py:57} INFO - Started process 110 to run task
[2023-06-11T08:14:19.401+0000] {standard_task_runner.py:84} INFO - Running: ['***', 'tasks', 'run', 'dag_api', 'get_age', 'scheduled__2023-06-10T00:00:00+00:00', '--job-id', '48', '--raw', '--subdir', 'DAGS_FOLDER/dag_api.py', '--cfg-path', '/tmp/tmpluhv23bz']
[2023-06-11T08:14:19.415+0000] {standard_task_runner.py:85} INFO - Job 48: Subtask get_age
[2023-06-11T08:14:21.894+0000] {task_command.py:410} INFO - Running <TaskInstance: dag_api.get_age scheduled__2023-06-10T00:00:00+00:00 [running]> on host 492037cdd057
[2023-06-11T08:14:25.960+0000] {taskinstance.py:1547} INFO - Exporting env vars: AIRFLOW_CTX_DAG_OWNER='Raja' AIRFLOW_CTX_DAG_ID='dag_api' AIRFLOW_CTX_TASK_ID='get_age' AIRFLOW_CTX_EXECUTION_DATE='2023-06-10T00:00:00+00:00' AIRFLOW_CTX_TRY_NUMBER='1' AIRFLOW_CTX_DAG_RUN_ID='scheduled__2023-06-10T00:00:00+00:00'
[2023-06-11T08:14:26.093+0000] {python.py:183} INFO - Done. Returned value was: 20
[2023-06-11T08:14:27.160+0000] {taskinstance.py:1350} INFO - Marking task as SUCCESS. dag_id=dag_api, task_id=get_age, execution_date=20230610T000000, start_date=20230611T081416, end_date=20230611T081427
[2023-06-11T08:14:29.463+0000] {local_task_job_runner.py:225} INFO - Task exited with return code 0
[2023-06-11T08:14:31.787+0000] {taskinstance.py:2651} INFO - 0 downstream tasks scheduled from follow-on schedule check
[2023-06-11T08:46:36.457+0000] {taskinstance.py:1103} INFO - Dependencies all met for dep_context=non-requeueable deps ti=<TaskInstance: dag_api.get_age scheduled__2023-06-10T00:00:00+00:00 [queued]>
[2023-06-11T08:46:36.740+0000] {taskinstance.py:1103} INFO - Dependencies all met for dep_context=requeueable deps ti=<TaskInstance: dag_api.get_age scheduled__2023-06-10T00:00:00+00:00 [queued]>
[2023-06-11T08:46:36.740+0000] {taskinstance.py:1308} INFO - Starting attempt 1 of 6
[2023-06-11T08:46:37.233+0000] {taskinstance.py:1327} INFO - Executing <Task(_PythonDecoratedOperator): get_age> on 2023-06-10 00:00:00+00:00
[2023-06-11T08:46:37.420+0000] {standard_task_runner.py:84} INFO - Running: ['***', 'tasks', 'run', 'dag_api', 'get_age', 'scheduled__2023-06-10T00:00:00+00:00', '--job-id', '14', '--raw', '--subdir', 'DAGS_FOLDER/dag_api.py', '--cfg-path', '/tmp/tmp39jj4p65']
[2023-06-11T08:46:37.428+0000] {standard_task_runner.py:85} INFO - Job 14: Subtask get_age
[2023-06-11T08:46:37.596+0000] {standard_task_runner.py:57} INFO - Started process 89 to run task
[2023-06-11T08:46:38.287+0000] {task_command.py:410} INFO - Running <TaskInstance: dag_api.get_age scheduled__2023-06-10T00:00:00+00:00 [running]> on host 964e508aad03
[2023-06-11T08:46:40.068+0000] {taskinstance.py:1547} INFO - Exporting env vars: AIRFLOW_CTX_DAG_OWNER='Raja' AIRFLOW_CTX_DAG_ID='dag_api' AIRFLOW_CTX_TASK_ID='get_age' AIRFLOW_CTX_EXECUTION_DATE='2023-06-10T00:00:00+00:00' AIRFLOW_CTX_TRY_NUMBER='1' AIRFLOW_CTX_DAG_RUN_ID='scheduled__2023-06-10T00:00:00+00:00'
[2023-06-11T08:46:40.088+0000] {python.py:183} INFO - Done. Returned value was: 20
[2023-06-11T08:46:40.325+0000] {taskinstance.py:1350} INFO - Marking task as SUCCESS. dag_id=dag_api, task_id=get_age, execution_date=20230610T000000, start_date=20230611T084636, end_date=20230611T084640
[2023-06-11T08:46:40.757+0000] {local_task_job_runner.py:225} INFO - Task exited with return code 0
[2023-06-11T08:46:42.511+0000] {taskinstance.py:2651} INFO - 0 downstream tasks scheduled from follow-on schedule check
[2023-06-11T10:35:15.553+0000] {taskinstance.py:1103} INFO - Dependencies all met for dep_context=non-requeueable deps ti=<TaskInstance: dag_api.get_age scheduled__2023-06-10T00:00:00+00:00 [queued]>
[2023-06-11T10:35:15.923+0000] {taskinstance.py:1103} INFO - Dependencies all met for dep_context=requeueable deps ti=<TaskInstance: dag_api.get_age scheduled__2023-06-10T00:00:00+00:00 [queued]>
[2023-06-11T10:35:15.924+0000] {taskinstance.py:1308} INFO - Starting attempt 1 of 6
[2023-06-11T10:35:16.082+0000] {taskinstance.py:1327} INFO - Executing <Task(_PythonDecoratedOperator): get_age> on 2023-06-10 00:00:00+00:00
[2023-06-11T10:35:16.095+0000] {standard_task_runner.py:57} INFO - Started process 94 to run task
[2023-06-11T10:35:16.219+0000] {standard_task_runner.py:84} INFO - Running: ['***', 'tasks', 'run', 'dag_api', 'get_age', 'scheduled__2023-06-10T00:00:00+00:00', '--job-id', '13', '--raw', '--subdir', 'DAGS_FOLDER/dag_api.py', '--cfg-path', '/tmp/tmpoy785jdl']
[2023-06-11T10:35:16.224+0000] {standard_task_runner.py:85} INFO - Job 13: Subtask get_age
[2023-06-11T10:35:19.705+0000] {task_command.py:410} INFO - Running <TaskInstance: dag_api.get_age scheduled__2023-06-10T00:00:00+00:00 [running]> on host 7586ce0070ac
[2023-06-11T10:35:26.392+0000] {taskinstance.py:1547} INFO - Exporting env vars: AIRFLOW_CTX_DAG_OWNER='Raja' AIRFLOW_CTX_DAG_ID='dag_api' AIRFLOW_CTX_TASK_ID='get_age' AIRFLOW_CTX_EXECUTION_DATE='2023-06-10T00:00:00+00:00' AIRFLOW_CTX_TRY_NUMBER='1' AIRFLOW_CTX_DAG_RUN_ID='scheduled__2023-06-10T00:00:00+00:00'
[2023-06-11T10:35:26.399+0000] {python.py:183} INFO - Done. Returned value was: 20
[2023-06-11T10:35:27.938+0000] {taskinstance.py:1350} INFO - Marking task as SUCCESS. dag_id=dag_api, task_id=get_age, execution_date=20230610T000000, start_date=20230611T103515, end_date=20230611T103527
[2023-06-11T10:35:28.238+0000] {local_task_job_runner.py:225} INFO - Task exited with return code 0
[2023-06-11T10:35:28.405+0000] {taskinstance.py:2651} INFO - 1 downstream tasks scheduled from follow-on schedule check
[2023-06-12T03:31:50.915+0000] {taskinstance.py:1103} INFO - Dependencies all met for dep_context=non-requeueable deps ti=<TaskInstance: dag_api.get_age scheduled__2023-06-10T00:00:00+00:00 [queued]>
[2023-06-12T03:31:51.757+0000] {taskinstance.py:1103} INFO - Dependencies all met for dep_context=requeueable deps ti=<TaskInstance: dag_api.get_age scheduled__2023-06-10T00:00:00+00:00 [queued]>
[2023-06-12T03:31:51.758+0000] {taskinstance.py:1308} INFO - Starting attempt 1 of 6
[2023-06-12T03:31:52.825+0000] {taskinstance.py:1327} INFO - Executing <Task(_PythonDecoratedOperator): get_age> on 2023-06-10 00:00:00+00:00
[2023-06-12T03:31:53.760+0000] {standard_task_runner.py:84} INFO - Running: ['***', 'tasks', 'run', 'dag_api', 'get_age', 'scheduled__2023-06-10T00:00:00+00:00', '--job-id', '5', '--raw', '--subdir', 'DAGS_FOLDER/dag_api.py', '--cfg-path', '/tmp/tmp565_btbp']
[2023-06-12T03:31:53.761+0000] {standard_task_runner.py:85} INFO - Job 5: Subtask get_age
[2023-06-12T03:31:53.668+0000] {standard_task_runner.py:57} INFO - Started process 95 to run task
[2023-06-12T03:31:55.737+0000] {task_command.py:410} INFO - Running <TaskInstance: dag_api.get_age scheduled__2023-06-10T00:00:00+00:00 [running]> on host 03cd9a7904e9
[2023-06-12T03:32:02.462+0000] {taskinstance.py:1547} INFO - Exporting env vars: AIRFLOW_CTX_DAG_OWNER='Raja' AIRFLOW_CTX_DAG_ID='dag_api' AIRFLOW_CTX_TASK_ID='get_age' AIRFLOW_CTX_EXECUTION_DATE='2023-06-10T00:00:00+00:00' AIRFLOW_CTX_TRY_NUMBER='1' AIRFLOW_CTX_DAG_RUN_ID='scheduled__2023-06-10T00:00:00+00:00'
[2023-06-12T03:32:02.469+0000] {python.py:183} INFO - Done. Returned value was: 20
[2023-06-12T03:32:03.788+0000] {taskinstance.py:1350} INFO - Marking task as SUCCESS. dag_id=dag_api, task_id=get_age, execution_date=20230610T000000, start_date=20230612T033150, end_date=20230612T033203
[2023-06-12T03:32:04.364+0000] {local_task_job_runner.py:225} INFO - Task exited with return code 0
[2023-06-12T03:32:08.278+0000] {taskinstance.py:2651} INFO - 1 downstream tasks scheduled from follow-on schedule check
