[2023-06-11T08:56:07.453+0000] {taskinstance.py:1103} INFO - Dependencies all met for dep_context=non-requeueable deps ti=<TaskInstance: first_dag_02.first_task scheduled__2021-12-20T00:00:00+00:00 [queued]>
[2023-06-11T08:56:07.620+0000] {taskinstance.py:1103} INFO - Dependencies all met for dep_context=requeueable deps ti=<TaskInstance: first_dag_02.first_task scheduled__2021-12-20T00:00:00+00:00 [queued]>
[2023-06-11T08:56:07.620+0000] {taskinstance.py:1308} INFO - Starting attempt 1 of 6
[2023-06-11T08:56:07.965+0000] {taskinstance.py:1327} INFO - Executing <Task(BashOperator): first_task> on 2021-12-20 00:00:00+00:00
[2023-06-11T08:56:08.055+0000] {standard_task_runner.py:57} INFO - Started process 2177 to run task
[2023-06-11T08:56:08.109+0000] {standard_task_runner.py:84} INFO - Running: ['***', 'tasks', 'run', 'first_dag_02', 'first_task', 'scheduled__2021-12-20T00:00:00+00:00', '--job-id', '677', '--raw', '--subdir', 'DAGS_FOLDER/First_dag.py', '--cfg-path', '/tmp/tmp9a2kl69d']
[2023-06-11T08:56:08.110+0000] {standard_task_runner.py:85} INFO - Job 677: Subtask first_task
[2023-06-11T08:56:08.799+0000] {task_command.py:410} INFO - Running <TaskInstance: first_dag_02.first_task scheduled__2021-12-20T00:00:00+00:00 [running]> on host 964e508aad03
[2023-06-11T08:56:10.275+0000] {taskinstance.py:1547} INFO - Exporting env vars: AIRFLOW_CTX_DAG_OWNER='Raja' AIRFLOW_CTX_DAG_ID='first_dag_02' AIRFLOW_CTX_TASK_ID='first_task' AIRFLOW_CTX_EXECUTION_DATE='2021-12-20T00:00:00+00:00' AIRFLOW_CTX_TRY_NUMBER='1' AIRFLOW_CTX_DAG_RUN_ID='scheduled__2021-12-20T00:00:00+00:00'
[2023-06-11T08:56:10.281+0000] {subprocess.py:63} INFO - Tmp dir root location: 
 /tmp
[2023-06-11T08:56:10.282+0000] {subprocess.py:75} INFO - Running command: ['/bin/bash', '-c', 'echo hello world, this is the first task!']
[2023-06-11T08:56:10.552+0000] {subprocess.py:86} INFO - Output:
[2023-06-11T08:56:10.638+0000] {subprocess.py:93} INFO - hello world, this is the first task!
[2023-06-11T08:56:10.639+0000] {subprocess.py:97} INFO - Command exited with return code 0
[2023-06-11T08:56:11.042+0000] {taskinstance.py:1350} INFO - Marking task as SUCCESS. dag_id=first_dag_02, task_id=first_task, execution_date=20211220T000000, start_date=20230611T085607, end_date=20230611T085611
[2023-06-11T08:56:11.554+0000] {local_task_job_runner.py:225} INFO - Task exited with return code 0
[2023-06-11T08:56:11.864+0000] {taskinstance.py:2651} INFO - 2 downstream tasks scheduled from follow-on schedule check
[2023-06-11T11:21:14.284+0000] {taskinstance.py:1103} INFO - Dependencies all met for dep_context=non-requeueable deps ti=<TaskInstance: first_dag_02.first_task scheduled__2021-12-20T00:00:00+00:00 [queued]>
[2023-06-11T11:21:15.427+0000] {taskinstance.py:1103} INFO - Dependencies all met for dep_context=requeueable deps ti=<TaskInstance: first_dag_02.first_task scheduled__2021-12-20T00:00:00+00:00 [queued]>
[2023-06-11T11:21:15.427+0000] {taskinstance.py:1308} INFO - Starting attempt 1 of 6
[2023-06-11T11:21:16.478+0000] {taskinstance.py:1327} INFO - Executing <Task(BashOperator): first_task> on 2021-12-20 00:00:00+00:00
[2023-06-11T11:21:16.738+0000] {standard_task_runner.py:57} INFO - Started process 962 to run task
[2023-06-11T11:21:17.112+0000] {standard_task_runner.py:84} INFO - Running: ['***', 'tasks', 'run', 'first_dag_02', 'first_task', 'scheduled__2021-12-20T00:00:00+00:00', '--job-id', '744', '--raw', '--subdir', 'DAGS_FOLDER/First_dag.py', '--cfg-path', '/tmp/tmponkk6hbc']
[2023-06-11T11:21:17.238+0000] {standard_task_runner.py:85} INFO - Job 744: Subtask first_task
[2023-06-11T11:21:19.207+0000] {task_command.py:410} INFO - Running <TaskInstance: first_dag_02.first_task scheduled__2021-12-20T00:00:00+00:00 [running]> on host 7586ce0070ac
[2023-06-11T11:21:23.840+0000] {taskinstance.py:1547} INFO - Exporting env vars: AIRFLOW_CTX_DAG_OWNER='Raja' AIRFLOW_CTX_DAG_ID='first_dag_02' AIRFLOW_CTX_TASK_ID='first_task' AIRFLOW_CTX_EXECUTION_DATE='2021-12-20T00:00:00+00:00' AIRFLOW_CTX_TRY_NUMBER='1' AIRFLOW_CTX_DAG_RUN_ID='scheduled__2021-12-20T00:00:00+00:00'
[2023-06-11T11:21:23.968+0000] {subprocess.py:63} INFO - Tmp dir root location: 
 /tmp
[2023-06-11T11:21:23.982+0000] {subprocess.py:75} INFO - Running command: ['/bin/bash', '-c', 'echo hello world, this is the first task!']
[2023-06-11T11:21:24.625+0000] {subprocess.py:86} INFO - Output:
[2023-06-11T11:21:24.827+0000] {subprocess.py:93} INFO - hello world, this is the first task!
[2023-06-11T11:21:24.845+0000] {subprocess.py:97} INFO - Command exited with return code 0
[2023-06-11T11:21:24.963+0000] {taskinstance.py:1350} INFO - Marking task as SUCCESS. dag_id=first_dag_02, task_id=first_task, execution_date=20211220T000000, start_date=20230611T112114, end_date=20230611T112124
[2023-06-11T11:21:25.049+0000] {local_task_job_runner.py:225} INFO - Task exited with return code 0
[2023-06-11T11:21:25.411+0000] {taskinstance.py:2651} INFO - 2 downstream tasks scheduled from follow-on schedule check
