[2023-06-11T09:45:59.224+0000] {taskinstance.py:1103} INFO - Dependencies all met for dep_context=non-requeueable deps ti=<TaskInstance: dag_cron_expression_03.task1 scheduled__2022-02-12T03:00:00+00:00 [queued]>
[2023-06-11T09:45:59.697+0000] {taskinstance.py:1103} INFO - Dependencies all met for dep_context=requeueable deps ti=<TaskInstance: dag_cron_expression_03.task1 scheduled__2022-02-12T03:00:00+00:00 [queued]>
[2023-06-11T09:45:59.698+0000] {taskinstance.py:1308} INFO - Starting attempt 1 of 6
[2023-06-11T09:46:00.388+0000] {taskinstance.py:1327} INFO - Executing <Task(BashOperator): task1> on 2022-02-12 03:00:00+00:00
[2023-06-11T09:46:00.490+0000] {standard_task_runner.py:57} INFO - Started process 4801 to run task
[2023-06-11T09:46:00.550+0000] {standard_task_runner.py:84} INFO - Running: ['***', 'tasks', 'run', 'dag_cron_expression_03', 'task1', 'scheduled__2022-02-12T03:00:00+00:00', '--job-id', '1469', '--raw', '--subdir', 'DAGS_FOLDER/dag_corn.py', '--cfg-path', '/tmp/tmpxj3gub22']
[2023-06-11T09:46:00.551+0000] {standard_task_runner.py:85} INFO - Job 1469: Subtask task1
[2023-06-11T09:46:01.609+0000] {task_command.py:410} INFO - Running <TaskInstance: dag_cron_expression_03.task1 scheduled__2022-02-12T03:00:00+00:00 [running]> on host 964e508aad03
[2023-06-11T09:46:04.011+0000] {taskinstance.py:1547} INFO - Exporting env vars: AIRFLOW_CTX_DAG_OWNER='Raja' AIRFLOW_CTX_DAG_ID='dag_cron_expression_03' AIRFLOW_CTX_TASK_ID='task1' AIRFLOW_CTX_EXECUTION_DATE='2022-02-12T03:00:00+00:00' AIRFLOW_CTX_TRY_NUMBER='1' AIRFLOW_CTX_DAG_RUN_ID='scheduled__2022-02-12T03:00:00+00:00'
[2023-06-11T09:46:04.019+0000] {subprocess.py:63} INFO - Tmp dir root location: 
 /tmp
[2023-06-11T09:46:04.020+0000] {subprocess.py:75} INFO - Running command: ['/bin/bash', '-c', 'echo dag with cron expression!']
[2023-06-11T09:46:04.263+0000] {subprocess.py:86} INFO - Output:
[2023-06-11T09:46:04.291+0000] {subprocess.py:93} INFO - dag with cron expression!
[2023-06-11T09:46:04.291+0000] {subprocess.py:97} INFO - Command exited with return code 0
[2023-06-11T09:46:04.592+0000] {taskinstance.py:1350} INFO - Marking task as SUCCESS. dag_id=dag_cron_expression_03, task_id=task1, execution_date=20220212T030000, start_date=20230611T094559, end_date=20230611T094604
[2023-06-11T09:46:04.925+0000] {local_task_job_runner.py:225} INFO - Task exited with return code 0
[2023-06-11T09:46:05.203+0000] {taskinstance.py:2651} INFO - 0 downstream tasks scheduled from follow-on schedule check
[2023-06-11T10:56:43.788+0000] {taskinstance.py:1103} INFO - Dependencies all met for dep_context=non-requeueable deps ti=<TaskInstance: dag_cron_expression_03.task1 scheduled__2022-02-12T03:00:00+00:00 [queued]>
[2023-06-11T10:56:44.644+0000] {taskinstance.py:1103} INFO - Dependencies all met for dep_context=requeueable deps ti=<TaskInstance: dag_cron_expression_03.task1 scheduled__2022-02-12T03:00:00+00:00 [queued]>
[2023-06-11T10:56:44.645+0000] {taskinstance.py:1308} INFO - Starting attempt 1 of 6
[2023-06-11T10:56:46.876+0000] {taskinstance.py:1327} INFO - Executing <Task(BashOperator): task1> on 2022-02-12 03:00:00+00:00
[2023-06-11T10:56:47.158+0000] {standard_task_runner.py:57} INFO - Started process 1177 to run task
[2023-06-11T10:56:47.624+0000] {standard_task_runner.py:84} INFO - Running: ['***', 'tasks', 'run', 'dag_cron_expression_03', 'task1', 'scheduled__2022-02-12T03:00:00+00:00', '--job-id', '321', '--raw', '--subdir', 'DAGS_FOLDER/dag_cron.py', '--cfg-path', '/tmp/tmpw68zricf']
[2023-06-11T10:56:47.639+0000] {standard_task_runner.py:85} INFO - Job 321: Subtask task1
[2023-06-11T10:56:49.469+0000] {task_command.py:410} INFO - Running <TaskInstance: dag_cron_expression_03.task1 scheduled__2022-02-12T03:00:00+00:00 [running]> on host 7586ce0070ac
[2023-06-11T10:56:54.292+0000] {taskinstance.py:1547} INFO - Exporting env vars: AIRFLOW_CTX_DAG_OWNER='Raja' AIRFLOW_CTX_DAG_ID='dag_cron_expression_03' AIRFLOW_CTX_TASK_ID='task1' AIRFLOW_CTX_EXECUTION_DATE='2022-02-12T03:00:00+00:00' AIRFLOW_CTX_TRY_NUMBER='1' AIRFLOW_CTX_DAG_RUN_ID='scheduled__2022-02-12T03:00:00+00:00'
[2023-06-11T10:56:54.407+0000] {subprocess.py:63} INFO - Tmp dir root location: 
 /tmp
[2023-06-11T10:56:54.655+0000] {subprocess.py:75} INFO - Running command: ['/bin/bash', '-c', 'echo dag with cron expression!']
[2023-06-11T10:56:55.271+0000] {subprocess.py:86} INFO - Output:
[2023-06-11T10:56:55.462+0000] {subprocess.py:93} INFO - dag with cron expression!
[2023-06-11T10:56:55.474+0000] {subprocess.py:97} INFO - Command exited with return code 0
[2023-06-11T10:56:56.460+0000] {taskinstance.py:1350} INFO - Marking task as SUCCESS. dag_id=dag_cron_expression_03, task_id=task1, execution_date=20220212T030000, start_date=20230611T105643, end_date=20230611T105656
[2023-06-11T10:56:58.362+0000] {local_task_job_runner.py:225} INFO - Task exited with return code 0
[2023-06-11T10:57:00.106+0000] {taskinstance.py:2651} INFO - 0 downstream tasks scheduled from follow-on schedule check
