[2023-06-11T08:59:12.147+0000] {taskinstance.py:1103} INFO - Dependencies all met for dep_context=non-requeueable deps ti=<TaskInstance: first_dag_02.thrid_task scheduled__2022-01-28T00:00:00+00:00 [queued]>
[2023-06-11T08:59:12.295+0000] {taskinstance.py:1103} INFO - Dependencies all met for dep_context=requeueable deps ti=<TaskInstance: first_dag_02.thrid_task scheduled__2022-01-28T00:00:00+00:00 [queued]>
[2023-06-11T08:59:12.296+0000] {taskinstance.py:1308} INFO - Starting attempt 1 of 6
[2023-06-11T08:59:12.643+0000] {taskinstance.py:1327} INFO - Executing <Task(BashOperator): thrid_task> on 2022-01-28 00:00:00+00:00
[2023-06-11T08:59:12.676+0000] {standard_task_runner.py:57} INFO - Started process 2880 to run task
[2023-06-11T08:59:12.694+0000] {standard_task_runner.py:84} INFO - Running: ['***', 'tasks', 'run', 'first_dag_02', 'thrid_task', 'scheduled__2022-01-28T00:00:00+00:00', '--job-id', '898', '--raw', '--subdir', 'DAGS_FOLDER/First_dag.py', '--cfg-path', '/tmp/tmp9fymj9ym']
[2023-06-11T08:59:12.698+0000] {standard_task_runner.py:85} INFO - Job 898: Subtask thrid_task
[2023-06-11T08:59:13.269+0000] {task_command.py:410} INFO - Running <TaskInstance: first_dag_02.thrid_task scheduled__2022-01-28T00:00:00+00:00 [running]> on host 964e508aad03
[2023-06-11T08:59:15.418+0000] {taskinstance.py:1547} INFO - Exporting env vars: AIRFLOW_CTX_DAG_OWNER='Raja' AIRFLOW_CTX_DAG_ID='first_dag_02' AIRFLOW_CTX_TASK_ID='thrid_task' AIRFLOW_CTX_EXECUTION_DATE='2022-01-28T00:00:00+00:00' AIRFLOW_CTX_TRY_NUMBER='1' AIRFLOW_CTX_DAG_RUN_ID='scheduled__2022-01-28T00:00:00+00:00'
[2023-06-11T08:59:15.420+0000] {subprocess.py:63} INFO - Tmp dir root location: 
 /tmp
[2023-06-11T08:59:15.421+0000] {subprocess.py:75} INFO - Running command: ['/bin/bash', '-c', 'echo hey, I am task3 and will be running after task1 at the same time as task2!']
[2023-06-11T08:59:15.557+0000] {subprocess.py:86} INFO - Output:
[2023-06-11T08:59:15.559+0000] {subprocess.py:93} INFO - hey, I am task3 and will be running after task1 at the same time as task2!
[2023-06-11T08:59:15.560+0000] {subprocess.py:97} INFO - Command exited with return code 0
[2023-06-11T08:59:15.909+0000] {taskinstance.py:1350} INFO - Marking task as SUCCESS. dag_id=first_dag_02, task_id=thrid_task, execution_date=20220128T000000, start_date=20230611T085912, end_date=20230611T085915
[2023-06-11T08:59:16.269+0000] {local_task_job_runner.py:225} INFO - Task exited with return code 0
[2023-06-11T08:59:16.386+0000] {taskinstance.py:2651} INFO - 0 downstream tasks scheduled from follow-on schedule check
[2023-06-11T11:32:16.959+0000] {taskinstance.py:1103} INFO - Dependencies all met for dep_context=non-requeueable deps ti=<TaskInstance: first_dag_02.thrid_task scheduled__2022-01-28T00:00:00+00:00 [queued]>
[2023-06-11T11:32:17.383+0000] {taskinstance.py:1103} INFO - Dependencies all met for dep_context=requeueable deps ti=<TaskInstance: first_dag_02.thrid_task scheduled__2022-01-28T00:00:00+00:00 [queued]>
[2023-06-11T11:32:17.384+0000] {taskinstance.py:1308} INFO - Starting attempt 1 of 6
[2023-06-11T11:32:18.683+0000] {taskinstance.py:1327} INFO - Executing <Task(BashOperator): thrid_task> on 2022-01-28 00:00:00+00:00
[2023-06-11T11:32:18.840+0000] {standard_task_runner.py:57} INFO - Started process 400 to run task
[2023-06-11T11:32:18.988+0000] {standard_task_runner.py:84} INFO - Running: ['***', 'tasks', 'run', 'first_dag_02', 'thrid_task', 'scheduled__2022-01-28T00:00:00+00:00', '--job-id', '925', '--raw', '--subdir', 'DAGS_FOLDER/First_dag.py', '--cfg-path', '/tmp/tmpf8fqnd1m']
[2023-06-11T11:32:19.088+0000] {standard_task_runner.py:85} INFO - Job 925: Subtask thrid_task
[2023-06-11T11:32:20.270+0000] {task_command.py:410} INFO - Running <TaskInstance: first_dag_02.thrid_task scheduled__2022-01-28T00:00:00+00:00 [running]> on host 7586ce0070ac
[2023-06-11T11:32:24.897+0000] {taskinstance.py:1547} INFO - Exporting env vars: AIRFLOW_CTX_DAG_OWNER='Raja' AIRFLOW_CTX_DAG_ID='first_dag_02' AIRFLOW_CTX_TASK_ID='thrid_task' AIRFLOW_CTX_EXECUTION_DATE='2022-01-28T00:00:00+00:00' AIRFLOW_CTX_TRY_NUMBER='1' AIRFLOW_CTX_DAG_RUN_ID='scheduled__2022-01-28T00:00:00+00:00'
[2023-06-11T11:32:24.901+0000] {subprocess.py:63} INFO - Tmp dir root location: 
 /tmp
[2023-06-11T11:32:24.905+0000] {subprocess.py:75} INFO - Running command: ['/bin/bash', '-c', 'echo hey, I am task3 and will be running after task1 at the same time as task2!']
[2023-06-11T11:32:25.031+0000] {subprocess.py:86} INFO - Output:
[2023-06-11T11:32:25.089+0000] {subprocess.py:93} INFO - hey, I am task3 and will be running after task1 at the same time as task2!
[2023-06-11T11:32:25.091+0000] {subprocess.py:97} INFO - Command exited with return code 0
[2023-06-11T11:32:25.713+0000] {taskinstance.py:1350} INFO - Marking task as SUCCESS. dag_id=first_dag_02, task_id=thrid_task, execution_date=20220128T000000, start_date=20230611T113216, end_date=20230611T113225
[2023-06-11T11:32:26.256+0000] {local_task_job_runner.py:225} INFO - Task exited with return code 0
[2023-06-11T11:32:27.217+0000] {taskinstance.py:2651} INFO - 0 downstream tasks scheduled from follow-on schedule check
