[2023-06-11T09:47:36.253+0000] {taskinstance.py:1103} INFO - Dependencies all met for dep_context=non-requeueable deps ti=<TaskInstance: first_dag_02.thrid_task scheduled__2022-06-19T00:00:00+00:00 [queued]>
[2023-06-11T09:47:36.544+0000] {taskinstance.py:1103} INFO - Dependencies all met for dep_context=requeueable deps ti=<TaskInstance: first_dag_02.thrid_task scheduled__2022-06-19T00:00:00+00:00 [queued]>
[2023-06-11T09:47:36.552+0000] {taskinstance.py:1308} INFO - Starting attempt 1 of 6
[2023-06-11T09:47:37.064+0000] {taskinstance.py:1327} INFO - Executing <Task(BashOperator): thrid_task> on 2022-06-19 00:00:00+00:00
[2023-06-11T09:47:37.174+0000] {standard_task_runner.py:57} INFO - Started process 5118 to run task
[2023-06-11T09:47:37.203+0000] {standard_task_runner.py:84} INFO - Running: ['***', 'tasks', 'run', 'first_dag_02', 'thrid_task', 'scheduled__2022-06-19T00:00:00+00:00', '--job-id', '1569', '--raw', '--subdir', 'DAGS_FOLDER/First_dag.py', '--cfg-path', '/tmp/tmpr_x8hbxs']
[2023-06-11T09:47:37.229+0000] {standard_task_runner.py:85} INFO - Job 1569: Subtask thrid_task
[2023-06-11T09:47:37.912+0000] {task_command.py:410} INFO - Running <TaskInstance: first_dag_02.thrid_task scheduled__2022-06-19T00:00:00+00:00 [running]> on host 964e508aad03
[2023-06-11T09:47:39.941+0000] {taskinstance.py:1547} INFO - Exporting env vars: AIRFLOW_CTX_DAG_OWNER='Raja' AIRFLOW_CTX_DAG_ID='first_dag_02' AIRFLOW_CTX_TASK_ID='thrid_task' AIRFLOW_CTX_EXECUTION_DATE='2022-06-19T00:00:00+00:00' AIRFLOW_CTX_TRY_NUMBER='1' AIRFLOW_CTX_DAG_RUN_ID='scheduled__2022-06-19T00:00:00+00:00'
[2023-06-11T09:47:39.943+0000] {subprocess.py:63} INFO - Tmp dir root location: 
 /tmp
[2023-06-11T09:47:39.975+0000] {subprocess.py:75} INFO - Running command: ['/bin/bash', '-c', 'echo hey, I am task3 and will be running after task1 at the same time as task2!']
[2023-06-11T09:47:40.106+0000] {subprocess.py:86} INFO - Output:
[2023-06-11T09:47:40.137+0000] {subprocess.py:93} INFO - hey, I am task3 and will be running after task1 at the same time as task2!
[2023-06-11T09:47:40.138+0000] {subprocess.py:97} INFO - Command exited with return code 0
[2023-06-11T09:47:40.586+0000] {taskinstance.py:1350} INFO - Marking task as SUCCESS. dag_id=first_dag_02, task_id=thrid_task, execution_date=20220619T000000, start_date=20230611T094736, end_date=20230611T094740
[2023-06-11T09:47:40.780+0000] {local_task_job_runner.py:225} INFO - Task exited with return code 0
[2023-06-11T09:47:41.163+0000] {taskinstance.py:2651} INFO - 0 downstream tasks scheduled from follow-on schedule check
[2023-06-11T15:33:59.310+0000] {taskinstance.py:1103} INFO - Dependencies all met for dep_context=non-requeueable deps ti=<TaskInstance: first_dag_02.thrid_task scheduled__2022-06-19T00:00:00+00:00 [queued]>
[2023-06-11T15:33:59.563+0000] {taskinstance.py:1103} INFO - Dependencies all met for dep_context=requeueable deps ti=<TaskInstance: first_dag_02.thrid_task scheduled__2022-06-19T00:00:00+00:00 [queued]>
[2023-06-11T15:33:59.564+0000] {taskinstance.py:1308} INFO - Starting attempt 1 of 6
[2023-06-11T15:33:59.926+0000] {taskinstance.py:1327} INFO - Executing <Task(BashOperator): thrid_task> on 2022-06-19 00:00:00+00:00
[2023-06-11T15:34:00.022+0000] {standard_task_runner.py:57} INFO - Started process 1630 to run task
[2023-06-11T15:34:00.060+0000] {standard_task_runner.py:84} INFO - Running: ['***', 'tasks', 'run', 'first_dag_02', 'thrid_task', 'scheduled__2022-06-19T00:00:00+00:00', '--job-id', '1588', '--raw', '--subdir', 'DAGS_FOLDER/First_dag.py', '--cfg-path', '/tmp/tmp3udsclkb']
[2023-06-11T15:34:00.068+0000] {standard_task_runner.py:85} INFO - Job 1588: Subtask thrid_task
[2023-06-11T15:34:00.608+0000] {task_command.py:410} INFO - Running <TaskInstance: first_dag_02.thrid_task scheduled__2022-06-19T00:00:00+00:00 [running]> on host 7586ce0070ac
[2023-06-11T15:34:01.322+0000] {taskinstance.py:1547} INFO - Exporting env vars: AIRFLOW_CTX_DAG_OWNER='Raja' AIRFLOW_CTX_DAG_ID='first_dag_02' AIRFLOW_CTX_TASK_ID='thrid_task' AIRFLOW_CTX_EXECUTION_DATE='2022-06-19T00:00:00+00:00' AIRFLOW_CTX_TRY_NUMBER='1' AIRFLOW_CTX_DAG_RUN_ID='scheduled__2022-06-19T00:00:00+00:00'
[2023-06-11T15:34:01.325+0000] {subprocess.py:63} INFO - Tmp dir root location: 
 /tmp
[2023-06-11T15:34:01.325+0000] {subprocess.py:75} INFO - Running command: ['/bin/bash', '-c', 'echo hey, I am task3 and will be running after task1 at the same time as task2!']
[2023-06-11T15:34:01.372+0000] {subprocess.py:86} INFO - Output:
[2023-06-11T15:34:01.383+0000] {subprocess.py:93} INFO - hey, I am task3 and will be running after task1 at the same time as task2!
[2023-06-11T15:34:01.395+0000] {subprocess.py:97} INFO - Command exited with return code 0
[2023-06-11T15:34:01.609+0000] {taskinstance.py:1350} INFO - Marking task as SUCCESS. dag_id=first_dag_02, task_id=thrid_task, execution_date=20220619T000000, start_date=20230611T153359, end_date=20230611T153401
[2023-06-11T15:34:01.735+0000] {local_task_job_runner.py:225} INFO - Task exited with return code 0
[2023-06-11T15:34:01.957+0000] {taskinstance.py:2651} INFO - 0 downstream tasks scheduled from follow-on schedule check
