[2023-06-11T09:43:56.979+0000] {taskinstance.py:1103} INFO - Dependencies all met for dep_context=non-requeueable deps ti=<TaskInstance: first_dag_02.first_task scheduled__2022-05-08T00:00:00+00:00 [queued]>
[2023-06-11T09:43:57.073+0000] {taskinstance.py:1103} INFO - Dependencies all met for dep_context=requeueable deps ti=<TaskInstance: first_dag_02.first_task scheduled__2022-05-08T00:00:00+00:00 [queued]>
[2023-06-11T09:43:57.080+0000] {taskinstance.py:1308} INFO - Starting attempt 1 of 6
[2023-06-11T09:43:57.267+0000] {taskinstance.py:1327} INFO - Executing <Task(BashOperator): first_task> on 2022-05-08 00:00:00+00:00
[2023-06-11T09:43:57.273+0000] {standard_task_runner.py:57} INFO - Started process 4391 to run task
[2023-06-11T09:43:57.281+0000] {standard_task_runner.py:84} INFO - Running: ['***', 'tasks', 'run', 'first_dag_02', 'first_task', 'scheduled__2022-05-08T00:00:00+00:00', '--job-id', '1344', '--raw', '--subdir', 'DAGS_FOLDER/First_dag.py', '--cfg-path', '/tmp/tmpaue1tsvp']
[2023-06-11T09:43:57.288+0000] {standard_task_runner.py:85} INFO - Job 1344: Subtask first_task
[2023-06-11T09:43:57.468+0000] {task_command.py:410} INFO - Running <TaskInstance: first_dag_02.first_task scheduled__2022-05-08T00:00:00+00:00 [running]> on host 964e508aad03
[2023-06-11T09:43:58.191+0000] {taskinstance.py:1547} INFO - Exporting env vars: AIRFLOW_CTX_DAG_OWNER='Raja' AIRFLOW_CTX_DAG_ID='first_dag_02' AIRFLOW_CTX_TASK_ID='first_task' AIRFLOW_CTX_EXECUTION_DATE='2022-05-08T00:00:00+00:00' AIRFLOW_CTX_TRY_NUMBER='1' AIRFLOW_CTX_DAG_RUN_ID='scheduled__2022-05-08T00:00:00+00:00'
[2023-06-11T09:43:58.193+0000] {subprocess.py:63} INFO - Tmp dir root location: 
 /tmp
[2023-06-11T09:43:58.194+0000] {subprocess.py:75} INFO - Running command: ['/bin/bash', '-c', 'echo hello world, this is the first task!']
[2023-06-11T09:43:58.236+0000] {subprocess.py:86} INFO - Output:
[2023-06-11T09:43:58.238+0000] {subprocess.py:93} INFO - hello world, this is the first task!
[2023-06-11T09:43:58.239+0000] {subprocess.py:97} INFO - Command exited with return code 0
[2023-06-11T09:43:58.435+0000] {taskinstance.py:1350} INFO - Marking task as SUCCESS. dag_id=first_dag_02, task_id=first_task, execution_date=20220508T000000, start_date=20230611T094356, end_date=20230611T094358
[2023-06-11T09:43:58.551+0000] {local_task_job_runner.py:225} INFO - Task exited with return code 0
[2023-06-11T09:43:58.744+0000] {taskinstance.py:2651} INFO - 2 downstream tasks scheduled from follow-on schedule check
[2023-06-11T15:30:39.955+0000] {taskinstance.py:1103} INFO - Dependencies all met for dep_context=non-requeueable deps ti=<TaskInstance: first_dag_02.first_task scheduled__2022-05-08T00:00:00+00:00 [queued]>
[2023-06-11T15:30:40.449+0000] {taskinstance.py:1103} INFO - Dependencies all met for dep_context=requeueable deps ti=<TaskInstance: first_dag_02.first_task scheduled__2022-05-08T00:00:00+00:00 [queued]>
[2023-06-11T15:30:40.482+0000] {taskinstance.py:1308} INFO - Starting attempt 1 of 6
[2023-06-11T15:30:41.215+0000] {taskinstance.py:1327} INFO - Executing <Task(BashOperator): first_task> on 2022-05-08 00:00:00+00:00
[2023-06-11T15:30:41.241+0000] {standard_task_runner.py:57} INFO - Started process 954 to run task
[2023-06-11T15:30:41.261+0000] {standard_task_runner.py:84} INFO - Running: ['***', 'tasks', 'run', 'first_dag_02', 'first_task', 'scheduled__2022-05-08T00:00:00+00:00', '--job-id', '1379', '--raw', '--subdir', 'DAGS_FOLDER/First_dag.py', '--cfg-path', '/tmp/tmp36kprf61']
[2023-06-11T15:30:41.261+0000] {standard_task_runner.py:85} INFO - Job 1379: Subtask first_task
[2023-06-11T15:30:42.125+0000] {task_command.py:410} INFO - Running <TaskInstance: first_dag_02.first_task scheduled__2022-05-08T00:00:00+00:00 [running]> on host 7586ce0070ac
[2023-06-11T15:30:44.242+0000] {taskinstance.py:1547} INFO - Exporting env vars: AIRFLOW_CTX_DAG_OWNER='Raja' AIRFLOW_CTX_DAG_ID='first_dag_02' AIRFLOW_CTX_TASK_ID='first_task' AIRFLOW_CTX_EXECUTION_DATE='2022-05-08T00:00:00+00:00' AIRFLOW_CTX_TRY_NUMBER='1' AIRFLOW_CTX_DAG_RUN_ID='scheduled__2022-05-08T00:00:00+00:00'
[2023-06-11T15:30:44.297+0000] {subprocess.py:63} INFO - Tmp dir root location: 
 /tmp
[2023-06-11T15:30:44.353+0000] {subprocess.py:75} INFO - Running command: ['/bin/bash', '-c', 'echo hello world, this is the first task!']
[2023-06-11T15:30:44.565+0000] {subprocess.py:86} INFO - Output:
[2023-06-11T15:30:44.605+0000] {subprocess.py:93} INFO - hello world, this is the first task!
[2023-06-11T15:30:44.607+0000] {subprocess.py:97} INFO - Command exited with return code 0
[2023-06-11T15:30:45.225+0000] {taskinstance.py:1350} INFO - Marking task as SUCCESS. dag_id=first_dag_02, task_id=first_task, execution_date=20220508T000000, start_date=20230611T153040, end_date=20230611T153045
[2023-06-11T15:30:45.846+0000] {local_task_job_runner.py:225} INFO - Task exited with return code 0
[2023-06-11T15:30:46.584+0000] {taskinstance.py:2651} INFO - 0 downstream tasks scheduled from follow-on schedule check
