[2023-06-11T08:55:40.888+0000] {taskinstance.py:1103} INFO - Dependencies all met for dep_context=non-requeueable deps ti=<TaskInstance: first_dag_02.thrid_task scheduled__2021-12-08T00:00:00+00:00 [queued]>
[2023-06-11T08:55:40.977+0000] {taskinstance.py:1103} INFO - Dependencies all met for dep_context=requeueable deps ti=<TaskInstance: first_dag_02.thrid_task scheduled__2021-12-08T00:00:00+00:00 [queued]>
[2023-06-11T08:55:40.977+0000] {taskinstance.py:1308} INFO - Starting attempt 1 of 6
[2023-06-11T08:55:41.240+0000] {taskinstance.py:1327} INFO - Executing <Task(BashOperator): thrid_task> on 2021-12-08 00:00:00+00:00
[2023-06-11T08:55:41.256+0000] {standard_task_runner.py:57} INFO - Started process 2090 to run task
[2023-06-11T08:55:41.300+0000] {standard_task_runner.py:84} INFO - Running: ['***', 'tasks', 'run', 'first_dag_02', 'thrid_task', 'scheduled__2021-12-08T00:00:00+00:00', '--job-id', '652', '--raw', '--subdir', 'DAGS_FOLDER/First_dag.py', '--cfg-path', '/tmp/tmpovyca7tt']
[2023-06-11T08:55:41.301+0000] {standard_task_runner.py:85} INFO - Job 652: Subtask thrid_task
[2023-06-11T08:55:41.579+0000] {task_command.py:410} INFO - Running <TaskInstance: first_dag_02.thrid_task scheduled__2021-12-08T00:00:00+00:00 [running]> on host 964e508aad03
[2023-06-11T08:55:41.955+0000] {taskinstance.py:1547} INFO - Exporting env vars: AIRFLOW_CTX_DAG_OWNER='Raja' AIRFLOW_CTX_DAG_ID='first_dag_02' AIRFLOW_CTX_TASK_ID='thrid_task' AIRFLOW_CTX_EXECUTION_DATE='2021-12-08T00:00:00+00:00' AIRFLOW_CTX_TRY_NUMBER='1' AIRFLOW_CTX_DAG_RUN_ID='scheduled__2021-12-08T00:00:00+00:00'
[2023-06-11T08:55:41.957+0000] {subprocess.py:63} INFO - Tmp dir root location: 
 /tmp
[2023-06-11T08:55:41.960+0000] {subprocess.py:75} INFO - Running command: ['/bin/bash', '-c', 'echo hey, I am task3 and will be running after task1 at the same time as task2!']
[2023-06-11T08:55:41.975+0000] {subprocess.py:86} INFO - Output:
[2023-06-11T08:55:41.977+0000] {subprocess.py:93} INFO - hey, I am task3 and will be running after task1 at the same time as task2!
[2023-06-11T08:55:41.978+0000] {subprocess.py:97} INFO - Command exited with return code 0
[2023-06-11T08:55:42.035+0000] {taskinstance.py:1350} INFO - Marking task as SUCCESS. dag_id=first_dag_02, task_id=thrid_task, execution_date=20211208T000000, start_date=20230611T085540, end_date=20230611T085542
[2023-06-11T08:55:42.111+0000] {local_task_job_runner.py:225} INFO - Task exited with return code 0
[2023-06-11T08:55:42.155+0000] {taskinstance.py:2651} INFO - 0 downstream tasks scheduled from follow-on schedule check
[2023-06-11T11:19:28.629+0000] {taskinstance.py:1103} INFO - Dependencies all met for dep_context=non-requeueable deps ti=<TaskInstance: first_dag_02.thrid_task scheduled__2021-12-08T00:00:00+00:00 [queued]>
[2023-06-11T11:19:29.216+0000] {taskinstance.py:1103} INFO - Dependencies all met for dep_context=requeueable deps ti=<TaskInstance: first_dag_02.thrid_task scheduled__2021-12-08T00:00:00+00:00 [queued]>
[2023-06-11T11:19:29.217+0000] {taskinstance.py:1308} INFO - Starting attempt 1 of 6
[2023-06-11T11:19:30.875+0000] {taskinstance.py:1327} INFO - Executing <Task(BashOperator): thrid_task> on 2021-12-08 00:00:00+00:00
[2023-06-11T11:19:31.122+0000] {standard_task_runner.py:84} INFO - Running: ['***', 'tasks', 'run', 'first_dag_02', 'thrid_task', 'scheduled__2021-12-08T00:00:00+00:00', '--job-id', '702', '--raw', '--subdir', 'DAGS_FOLDER/First_dag.py', '--cfg-path', '/tmp/tmp7cnix7_k']
[2023-06-11T11:19:31.081+0000] {standard_task_runner.py:57} INFO - Started process 823 to run task
[2023-06-11T11:19:31.124+0000] {standard_task_runner.py:85} INFO - Job 702: Subtask thrid_task
[2023-06-11T11:19:33.537+0000] {task_command.py:410} INFO - Running <TaskInstance: first_dag_02.thrid_task scheduled__2021-12-08T00:00:00+00:00 [running]> on host 7586ce0070ac
[2023-06-11T11:19:44.321+0000] {taskinstance.py:1547} INFO - Exporting env vars: AIRFLOW_CTX_DAG_OWNER='Raja' AIRFLOW_CTX_DAG_ID='first_dag_02' AIRFLOW_CTX_TASK_ID='thrid_task' AIRFLOW_CTX_EXECUTION_DATE='2021-12-08T00:00:00+00:00' AIRFLOW_CTX_TRY_NUMBER='1' AIRFLOW_CTX_DAG_RUN_ID='scheduled__2021-12-08T00:00:00+00:00'
[2023-06-11T11:19:44.338+0000] {subprocess.py:63} INFO - Tmp dir root location: 
 /tmp
[2023-06-11T11:19:44.339+0000] {subprocess.py:75} INFO - Running command: ['/bin/bash', '-c', 'echo hey, I am task3 and will be running after task1 at the same time as task2!']
[2023-06-11T11:19:45.202+0000] {subprocess.py:86} INFO - Output:
[2023-06-11T11:19:45.487+0000] {subprocess.py:93} INFO - hey, I am task3 and will be running after task1 at the same time as task2!
[2023-06-11T11:19:45.489+0000] {subprocess.py:97} INFO - Command exited with return code 0
[2023-06-11T11:19:48.089+0000] {taskinstance.py:1350} INFO - Marking task as SUCCESS. dag_id=first_dag_02, task_id=thrid_task, execution_date=20211208T000000, start_date=20230611T111928, end_date=20230611T111948
[2023-06-11T11:19:49.582+0000] {local_task_job_runner.py:225} INFO - Task exited with return code 0
[2023-06-11T11:19:51.099+0000] {taskinstance.py:2651} INFO - 0 downstream tasks scheduled from follow-on schedule check
