[2023-06-11T09:38:35.297+0000] {taskinstance.py:1103} INFO - Dependencies all met for dep_context=non-requeueable deps ti=<TaskInstance: first_dag_02.second_task scheduled__2022-03-31T00:00:00+00:00 [queued]>
[2023-06-11T09:38:35.429+0000] {taskinstance.py:1103} INFO - Dependencies all met for dep_context=requeueable deps ti=<TaskInstance: first_dag_02.second_task scheduled__2022-03-31T00:00:00+00:00 [queued]>
[2023-06-11T09:38:35.429+0000] {taskinstance.py:1308} INFO - Starting attempt 1 of 6
[2023-06-11T09:38:35.880+0000] {taskinstance.py:1327} INFO - Executing <Task(BashOperator): second_task> on 2022-03-31 00:00:00+00:00
[2023-06-11T09:38:35.901+0000] {standard_task_runner.py:57} INFO - Started process 3772 to run task
[2023-06-11T09:38:36.158+0000] {standard_task_runner.py:84} INFO - Running: ['***', 'tasks', 'run', 'first_dag_02', 'second_task', 'scheduled__2022-03-31T00:00:00+00:00', '--job-id', '1171', '--raw', '--subdir', 'DAGS_FOLDER/First_dag.py', '--cfg-path', '/tmp/tmp_zptnfld']
[2023-06-11T09:38:36.165+0000] {standard_task_runner.py:85} INFO - Job 1171: Subtask second_task
[2023-06-11T09:38:36.882+0000] {task_command.py:410} INFO - Running <TaskInstance: first_dag_02.second_task scheduled__2022-03-31T00:00:00+00:00 [running]> on host 964e508aad03
[2023-06-11T09:38:38.978+0000] {taskinstance.py:1547} INFO - Exporting env vars: AIRFLOW_CTX_DAG_OWNER='Raja' AIRFLOW_CTX_DAG_ID='first_dag_02' AIRFLOW_CTX_TASK_ID='second_task' AIRFLOW_CTX_EXECUTION_DATE='2022-03-31T00:00:00+00:00' AIRFLOW_CTX_TRY_NUMBER='1' AIRFLOW_CTX_DAG_RUN_ID='scheduled__2022-03-31T00:00:00+00:00'
[2023-06-11T09:38:38.986+0000] {subprocess.py:63} INFO - Tmp dir root location: 
 /tmp
[2023-06-11T09:38:38.987+0000] {subprocess.py:75} INFO - Running command: ['/bin/bash', '-c', 'echo hey, I am task2 and will be running after task1!']
[2023-06-11T09:38:39.339+0000] {subprocess.py:86} INFO - Output:
[2023-06-11T09:38:39.374+0000] {subprocess.py:93} INFO - hey, I am task2 and will be running after task1!
[2023-06-11T09:38:39.404+0000] {subprocess.py:97} INFO - Command exited with return code 0
[2023-06-11T09:38:39.762+0000] {taskinstance.py:1350} INFO - Marking task as SUCCESS. dag_id=first_dag_02, task_id=second_task, execution_date=20220331T000000, start_date=20230611T093835, end_date=20230611T093839
[2023-06-11T09:38:40.546+0000] {local_task_job_runner.py:225} INFO - Task exited with return code 0
[2023-06-11T09:38:42.022+0000] {taskinstance.py:2651} INFO - 0 downstream tasks scheduled from follow-on schedule check
[2023-06-11T15:28:03.097+0000] {taskinstance.py:1103} INFO - Dependencies all met for dep_context=non-requeueable deps ti=<TaskInstance: first_dag_02.second_task scheduled__2022-03-31T00:00:00+00:00 [queued]>
[2023-06-11T15:28:03.140+0000] {taskinstance.py:1103} INFO - Dependencies all met for dep_context=requeueable deps ti=<TaskInstance: first_dag_02.second_task scheduled__2022-03-31T00:00:00+00:00 [queued]>
[2023-06-11T15:28:03.141+0000] {taskinstance.py:1308} INFO - Starting attempt 1 of 6
[2023-06-11T15:28:04.498+0000] {taskinstance.py:1327} INFO - Executing <Task(BashOperator): second_task> on 2022-03-31 00:00:00+00:00
[2023-06-11T15:28:04.547+0000] {standard_task_runner.py:57} INFO - Started process 516 to run task
[2023-06-11T15:28:04.611+0000] {standard_task_runner.py:84} INFO - Running: ['***', 'tasks', 'run', 'first_dag_02', 'second_task', 'scheduled__2022-03-31T00:00:00+00:00', '--job-id', '1241', '--raw', '--subdir', 'DAGS_FOLDER/First_dag.py', '--cfg-path', '/tmp/tmpxt6s3tk6']
[2023-06-11T15:28:04.651+0000] {standard_task_runner.py:85} INFO - Job 1241: Subtask second_task
[2023-06-11T15:28:05.657+0000] {task_command.py:410} INFO - Running <TaskInstance: first_dag_02.second_task scheduled__2022-03-31T00:00:00+00:00 [running]> on host 7586ce0070ac
[2023-06-11T15:28:09.938+0000] {taskinstance.py:1547} INFO - Exporting env vars: AIRFLOW_CTX_DAG_OWNER='Raja' AIRFLOW_CTX_DAG_ID='first_dag_02' AIRFLOW_CTX_TASK_ID='second_task' AIRFLOW_CTX_EXECUTION_DATE='2022-03-31T00:00:00+00:00' AIRFLOW_CTX_TRY_NUMBER='1' AIRFLOW_CTX_DAG_RUN_ID='scheduled__2022-03-31T00:00:00+00:00'
[2023-06-11T15:28:09.948+0000] {subprocess.py:63} INFO - Tmp dir root location: 
 /tmp
[2023-06-11T15:28:09.949+0000] {subprocess.py:75} INFO - Running command: ['/bin/bash', '-c', 'echo hey, I am task2 and will be running after task1!']
[2023-06-11T15:28:10.165+0000] {subprocess.py:86} INFO - Output:
[2023-06-11T15:28:10.222+0000] {subprocess.py:93} INFO - hey, I am task2 and will be running after task1!
[2023-06-11T15:28:10.224+0000] {subprocess.py:97} INFO - Command exited with return code 0
[2023-06-11T15:28:10.938+0000] {taskinstance.py:1350} INFO - Marking task as SUCCESS. dag_id=first_dag_02, task_id=second_task, execution_date=20220331T000000, start_date=20230611T152803, end_date=20230611T152810
[2023-06-11T15:28:11.838+0000] {local_task_job_runner.py:225} INFO - Task exited with return code 0
[2023-06-11T15:28:12.314+0000] {taskinstance.py:2651} INFO - 0 downstream tasks scheduled from follow-on schedule check
