[2023-06-11T09:03:16.371+0000] {taskinstance.py:1103} INFO - Dependencies all met for dep_context=non-requeueable deps ti=<TaskInstance: first_dag_02.first_task scheduled__2022-03-20T00:00:00+00:00 [queued]>
[2023-06-11T09:03:17.325+0000] {taskinstance.py:1103} INFO - Dependencies all met for dep_context=requeueable deps ti=<TaskInstance: first_dag_02.first_task scheduled__2022-03-20T00:00:00+00:00 [queued]>
[2023-06-11T09:03:17.325+0000] {taskinstance.py:1308} INFO - Starting attempt 1 of 6
[2023-06-11T09:03:18.039+0000] {taskinstance.py:1327} INFO - Executing <Task(BashOperator): first_task> on 2022-03-20 00:00:00+00:00
[2023-06-11T09:03:18.048+0000] {standard_task_runner.py:57} INFO - Started process 3584 to run task
[2023-06-11T09:03:18.088+0000] {standard_task_runner.py:84} INFO - Running: ['***', 'tasks', 'run', 'first_dag_02', 'first_task', 'scheduled__2022-03-20T00:00:00+00:00', '--job-id', '1113', '--raw', '--subdir', 'DAGS_FOLDER/First_dag.py', '--cfg-path', '/tmp/tmpzypw2058']
[2023-06-11T09:03:18.177+0000] {standard_task_runner.py:85} INFO - Job 1113: Subtask first_task
[2023-06-11T09:03:19.678+0000] {task_command.py:410} INFO - Running <TaskInstance: first_dag_02.first_task scheduled__2022-03-20T00:00:00+00:00 [running]> on host 964e508aad03
[2023-06-11T09:36:54.017+0000] {taskinstance.py:1547} INFO - Exporting env vars: AIRFLOW_CTX_DAG_OWNER='Raja' AIRFLOW_CTX_DAG_ID='first_dag_02' AIRFLOW_CTX_TASK_ID='first_task' AIRFLOW_CTX_EXECUTION_DATE='2022-03-20T00:00:00+00:00' AIRFLOW_CTX_TRY_NUMBER='1' AIRFLOW_CTX_DAG_RUN_ID='scheduled__2022-03-20T00:00:00+00:00'
[2023-06-11T09:36:54.019+0000] {subprocess.py:63} INFO - Tmp dir root location: 
 /tmp
[2023-06-11T09:36:54.019+0000] {subprocess.py:75} INFO - Running command: ['/bin/bash', '-c', 'echo hello world, this is the first task!']
[2023-06-11T09:36:54.234+0000] {subprocess.py:86} INFO - Output:
[2023-06-11T09:36:54.235+0000] {subprocess.py:93} INFO - hello world, this is the first task!
[2023-06-11T09:36:54.239+0000] {subprocess.py:97} INFO - Command exited with return code 0
[2023-06-11T09:36:55.012+0000] {taskinstance.py:1350} INFO - Marking task as SUCCESS. dag_id=first_dag_02, task_id=first_task, execution_date=20220320T000000, start_date=20230611T090316, end_date=20230611T093655
[2023-06-11T09:36:59.564+0000] {local_task_job_runner.py:225} INFO - Task exited with return code 0
[2023-06-11T09:37:00.441+0000] {taskinstance.py:2651} INFO - 0 downstream tasks scheduled from follow-on schedule check
[2023-06-11T15:26:38.604+0000] {taskinstance.py:1103} INFO - Dependencies all met for dep_context=non-requeueable deps ti=<TaskInstance: first_dag_02.first_task scheduled__2022-03-20T00:00:00+00:00 [queued]>
[2023-06-11T15:26:38.778+0000] {taskinstance.py:1103} INFO - Dependencies all met for dep_context=requeueable deps ti=<TaskInstance: first_dag_02.first_task scheduled__2022-03-20T00:00:00+00:00 [queued]>
[2023-06-11T15:26:38.779+0000] {taskinstance.py:1308} INFO - Starting attempt 1 of 6
[2023-06-11T15:26:39.508+0000] {taskinstance.py:1327} INFO - Executing <Task(BashOperator): first_task> on 2022-03-20 00:00:00+00:00
[2023-06-11T15:26:39.531+0000] {standard_task_runner.py:57} INFO - Started process 239 to run task
[2023-06-11T15:26:39.576+0000] {standard_task_runner.py:84} INFO - Running: ['***', 'tasks', 'run', 'first_dag_02', 'first_task', 'scheduled__2022-03-20T00:00:00+00:00', '--job-id', '1157', '--raw', '--subdir', 'DAGS_FOLDER/First_dag.py', '--cfg-path', '/tmp/tmpneaa3bzg']
[2023-06-11T15:26:39.580+0000] {standard_task_runner.py:85} INFO - Job 1157: Subtask first_task
[2023-06-11T15:26:39.996+0000] {task_command.py:410} INFO - Running <TaskInstance: first_dag_02.first_task scheduled__2022-03-20T00:00:00+00:00 [running]> on host 7586ce0070ac
[2023-06-11T15:26:42.213+0000] {taskinstance.py:1547} INFO - Exporting env vars: AIRFLOW_CTX_DAG_OWNER='Raja' AIRFLOW_CTX_DAG_ID='first_dag_02' AIRFLOW_CTX_TASK_ID='first_task' AIRFLOW_CTX_EXECUTION_DATE='2022-03-20T00:00:00+00:00' AIRFLOW_CTX_TRY_NUMBER='1' AIRFLOW_CTX_DAG_RUN_ID='scheduled__2022-03-20T00:00:00+00:00'
[2023-06-11T15:26:42.215+0000] {subprocess.py:63} INFO - Tmp dir root location: 
 /tmp
[2023-06-11T15:26:42.224+0000] {subprocess.py:75} INFO - Running command: ['/bin/bash', '-c', 'echo hello world, this is the first task!']
[2023-06-11T15:26:42.375+0000] {subprocess.py:86} INFO - Output:
[2023-06-11T15:26:42.408+0000] {subprocess.py:93} INFO - hello world, this is the first task!
[2023-06-11T15:26:42.418+0000] {subprocess.py:97} INFO - Command exited with return code 0
[2023-06-11T15:26:42.693+0000] {taskinstance.py:1350} INFO - Marking task as SUCCESS. dag_id=first_dag_02, task_id=first_task, execution_date=20220320T000000, start_date=20230611T152638, end_date=20230611T152642
[2023-06-11T15:26:43.034+0000] {local_task_job_runner.py:225} INFO - Task exited with return code 0
[2023-06-11T15:26:43.600+0000] {taskinstance.py:2651} INFO - 2 downstream tasks scheduled from follow-on schedule check
