[2023-06-11T09:44:24.486+0000] {taskinstance.py:1103} INFO - Dependencies all met for dep_context=non-requeueable deps ti=<TaskInstance: first_dag_02.thrid_task scheduled__2022-05-12T00:00:00+00:00 [queued]>
[2023-06-11T09:44:24.879+0000] {taskinstance.py:1103} INFO - Dependencies all met for dep_context=requeueable deps ti=<TaskInstance: first_dag_02.thrid_task scheduled__2022-05-12T00:00:00+00:00 [queued]>
[2023-06-11T09:44:24.922+0000] {taskinstance.py:1308} INFO - Starting attempt 1 of 6
[2023-06-11T09:44:25.308+0000] {taskinstance.py:1327} INFO - Executing <Task(BashOperator): thrid_task> on 2022-05-12 00:00:00+00:00
[2023-06-11T09:44:25.326+0000] {standard_task_runner.py:57} INFO - Started process 4490 to run task
[2023-06-11T09:44:25.374+0000] {standard_task_runner.py:84} INFO - Running: ['***', 'tasks', 'run', 'first_dag_02', 'thrid_task', 'scheduled__2022-05-12T00:00:00+00:00', '--job-id', '1375', '--raw', '--subdir', 'DAGS_FOLDER/First_dag.py', '--cfg-path', '/tmp/tmpg6nbcta9']
[2023-06-11T09:44:25.375+0000] {standard_task_runner.py:85} INFO - Job 1375: Subtask thrid_task
[2023-06-11T09:44:26.139+0000] {task_command.py:410} INFO - Running <TaskInstance: first_dag_02.thrid_task scheduled__2022-05-12T00:00:00+00:00 [running]> on host 964e508aad03
[2023-06-11T09:44:27.445+0000] {taskinstance.py:1547} INFO - Exporting env vars: AIRFLOW_CTX_DAG_OWNER='Raja' AIRFLOW_CTX_DAG_ID='first_dag_02' AIRFLOW_CTX_TASK_ID='thrid_task' AIRFLOW_CTX_EXECUTION_DATE='2022-05-12T00:00:00+00:00' AIRFLOW_CTX_TRY_NUMBER='1' AIRFLOW_CTX_DAG_RUN_ID='scheduled__2022-05-12T00:00:00+00:00'
[2023-06-11T09:44:27.471+0000] {subprocess.py:63} INFO - Tmp dir root location: 
 /tmp
[2023-06-11T09:44:27.472+0000] {subprocess.py:75} INFO - Running command: ['/bin/bash', '-c', 'echo hey, I am task3 and will be running after task1 at the same time as task2!']
[2023-06-11T09:44:27.744+0000] {subprocess.py:86} INFO - Output:
[2023-06-11T09:44:27.745+0000] {subprocess.py:93} INFO - hey, I am task3 and will be running after task1 at the same time as task2!
[2023-06-11T09:44:27.745+0000] {subprocess.py:97} INFO - Command exited with return code 0
[2023-06-11T09:44:28.447+0000] {taskinstance.py:1350} INFO - Marking task as SUCCESS. dag_id=first_dag_02, task_id=thrid_task, execution_date=20220512T000000, start_date=20230611T094424, end_date=20230611T094428
[2023-06-11T09:44:28.975+0000] {local_task_job_runner.py:225} INFO - Task exited with return code 0
[2023-06-11T09:44:29.085+0000] {taskinstance.py:2651} INFO - 0 downstream tasks scheduled from follow-on schedule check
[2023-06-11T15:31:24.699+0000] {taskinstance.py:1103} INFO - Dependencies all met for dep_context=non-requeueable deps ti=<TaskInstance: first_dag_02.thrid_task scheduled__2022-05-12T00:00:00+00:00 [queued]>
[2023-06-11T15:31:25.120+0000] {taskinstance.py:1103} INFO - Dependencies all met for dep_context=requeueable deps ti=<TaskInstance: first_dag_02.thrid_task scheduled__2022-05-12T00:00:00+00:00 [queued]>
[2023-06-11T15:31:25.158+0000] {taskinstance.py:1308} INFO - Starting attempt 1 of 6
[2023-06-11T15:31:25.949+0000] {taskinstance.py:1327} INFO - Executing <Task(BashOperator): thrid_task> on 2022-05-12 00:00:00+00:00
[2023-06-11T15:31:26.072+0000] {standard_task_runner.py:57} INFO - Started process 1107 to run task
[2023-06-11T15:31:26.110+0000] {standard_task_runner.py:84} INFO - Running: ['***', 'tasks', 'run', 'first_dag_02', 'thrid_task', 'scheduled__2022-05-12T00:00:00+00:00', '--job-id', '1424', '--raw', '--subdir', 'DAGS_FOLDER/First_dag.py', '--cfg-path', '/tmp/tmp7ri7ue8y']
[2023-06-11T15:31:26.111+0000] {standard_task_runner.py:85} INFO - Job 1424: Subtask thrid_task
[2023-06-11T15:31:27.061+0000] {task_command.py:410} INFO - Running <TaskInstance: first_dag_02.thrid_task scheduled__2022-05-12T00:00:00+00:00 [running]> on host 7586ce0070ac
[2023-06-11T15:31:29.568+0000] {taskinstance.py:1547} INFO - Exporting env vars: AIRFLOW_CTX_DAG_OWNER='Raja' AIRFLOW_CTX_DAG_ID='first_dag_02' AIRFLOW_CTX_TASK_ID='thrid_task' AIRFLOW_CTX_EXECUTION_DATE='2022-05-12T00:00:00+00:00' AIRFLOW_CTX_TRY_NUMBER='1' AIRFLOW_CTX_DAG_RUN_ID='scheduled__2022-05-12T00:00:00+00:00'
[2023-06-11T15:31:29.570+0000] {subprocess.py:63} INFO - Tmp dir root location: 
 /tmp
[2023-06-11T15:31:29.571+0000] {subprocess.py:75} INFO - Running command: ['/bin/bash', '-c', 'echo hey, I am task3 and will be running after task1 at the same time as task2!']
[2023-06-11T15:31:29.732+0000] {subprocess.py:86} INFO - Output:
[2023-06-11T15:31:29.737+0000] {subprocess.py:93} INFO - hey, I am task3 and will be running after task1 at the same time as task2!
[2023-06-11T15:31:29.738+0000] {subprocess.py:97} INFO - Command exited with return code 0
[2023-06-11T15:31:30.201+0000] {taskinstance.py:1350} INFO - Marking task as SUCCESS. dag_id=first_dag_02, task_id=thrid_task, execution_date=20220512T000000, start_date=20230611T153124, end_date=20230611T153130
[2023-06-11T15:31:30.880+0000] {local_task_job_runner.py:225} INFO - Task exited with return code 0
[2023-06-11T15:31:31.400+0000] {taskinstance.py:2651} INFO - 0 downstream tasks scheduled from follow-on schedule check
