[2023-06-11T04:47:45.155+0000] {taskinstance.py:1103} INFO - Dependencies all met for dep_context=non-requeueable deps ti=<TaskInstance: first_dag_02.first_task scheduled__2021-09-07T00:00:00+00:00 [queued]>
[2023-06-11T04:47:45.897+0000] {taskinstance.py:1103} INFO - Dependencies all met for dep_context=requeueable deps ti=<TaskInstance: first_dag_02.first_task scheduled__2021-09-07T00:00:00+00:00 [queued]>
[2023-06-11T04:47:45.898+0000] {taskinstance.py:1308} INFO - Starting attempt 1 of 6
[2023-06-11T04:47:46.395+0000] {taskinstance.py:1327} INFO - Executing <Task(BashOperator): first_task> on 2021-09-07 00:00:00+00:00
[2023-06-11T04:47:46.462+0000] {standard_task_runner.py:57} INFO - Started process 548 to run task
[2023-06-11T04:47:46.642+0000] {standard_task_runner.py:84} INFO - Running: ['***', 'tasks', 'run', 'first_dag_02', 'first_task', 'scheduled__2021-09-07T00:00:00+00:00', '--job-id', '155', '--raw', '--subdir', 'DAGS_FOLDER/First_dag.py', '--cfg-path', '/tmp/tmpqedgqx9_']
[2023-06-11T04:47:46.643+0000] {standard_task_runner.py:85} INFO - Job 155: Subtask first_task
[2023-06-11T04:47:47.059+0000] {task_command.py:410} INFO - Running <TaskInstance: first_dag_02.first_task scheduled__2021-09-07T00:00:00+00:00 [running]> on host 4b1b5d40d165
[2023-06-11T04:47:48.558+0000] {taskinstance.py:1547} INFO - Exporting env vars: AIRFLOW_CTX_DAG_OWNER='Raja' AIRFLOW_CTX_DAG_ID='first_dag_02' AIRFLOW_CTX_TASK_ID='first_task' AIRFLOW_CTX_EXECUTION_DATE='2021-09-07T00:00:00+00:00' AIRFLOW_CTX_TRY_NUMBER='1' AIRFLOW_CTX_DAG_RUN_ID='scheduled__2021-09-07T00:00:00+00:00'
[2023-06-11T04:47:48.559+0000] {subprocess.py:63} INFO - Tmp dir root location: 
 /tmp
[2023-06-11T04:47:48.566+0000] {subprocess.py:75} INFO - Running command: ['/bin/bash', '-c', 'echo hello world, this is the first task!']
[2023-06-11T04:47:48.731+0000] {subprocess.py:86} INFO - Output:
[2023-06-11T04:47:48.817+0000] {subprocess.py:93} INFO - hello world, this is the first task!
[2023-06-11T04:47:48.818+0000] {subprocess.py:97} INFO - Command exited with return code 0
[2023-06-11T04:47:49.410+0000] {taskinstance.py:1350} INFO - Marking task as SUCCESS. dag_id=first_dag_02, task_id=first_task, execution_date=20210907T000000, start_date=20230611T044745, end_date=20230611T044749
[2023-06-11T04:47:49.568+0000] {local_task_job_runner.py:225} INFO - Task exited with return code 0
[2023-06-11T04:47:50.898+0000] {taskinstance.py:2651} INFO - 0 downstream tasks scheduled from follow-on schedule check
[2023-06-11T05:17:36.286+0000] {taskinstance.py:1103} INFO - Dependencies all met for dep_context=non-requeueable deps ti=<TaskInstance: first_dag_02.first_task scheduled__2021-09-07T00:00:00+00:00 [queued]>
[2023-06-11T05:17:36.396+0000] {taskinstance.py:1103} INFO - Dependencies all met for dep_context=requeueable deps ti=<TaskInstance: first_dag_02.first_task scheduled__2021-09-07T00:00:00+00:00 [queued]>
[2023-06-11T05:17:36.410+0000] {taskinstance.py:1308} INFO - Starting attempt 1 of 6
[2023-06-11T05:17:37.092+0000] {taskinstance.py:1327} INFO - Executing <Task(BashOperator): first_task> on 2021-09-07 00:00:00+00:00
[2023-06-11T05:17:37.108+0000] {standard_task_runner.py:57} INFO - Started process 506 to run task
[2023-06-11T05:17:37.140+0000] {standard_task_runner.py:84} INFO - Running: ['***', 'tasks', 'run', 'first_dag_02', 'first_task', 'scheduled__2021-09-07T00:00:00+00:00', '--job-id', '129', '--raw', '--subdir', 'DAGS_FOLDER/First_dag.py', '--cfg-path', '/tmp/tmpzlrjaq1i']
[2023-06-11T05:17:37.142+0000] {standard_task_runner.py:85} INFO - Job 129: Subtask first_task
[2023-06-11T05:17:38.737+0000] {task_command.py:410} INFO - Running <TaskInstance: first_dag_02.first_task scheduled__2021-09-07T00:00:00+00:00 [running]> on host 69e374580eab
[2023-06-11T05:17:44.230+0000] {taskinstance.py:1547} INFO - Exporting env vars: AIRFLOW_CTX_DAG_OWNER='Raja' AIRFLOW_CTX_DAG_ID='first_dag_02' AIRFLOW_CTX_TASK_ID='first_task' AIRFLOW_CTX_EXECUTION_DATE='2021-09-07T00:00:00+00:00' AIRFLOW_CTX_TRY_NUMBER='1' AIRFLOW_CTX_DAG_RUN_ID='scheduled__2021-09-07T00:00:00+00:00'
[2023-06-11T05:17:44.236+0000] {subprocess.py:63} INFO - Tmp dir root location: 
 /tmp
[2023-06-11T05:17:44.238+0000] {subprocess.py:75} INFO - Running command: ['/bin/bash', '-c', 'echo hello world, this is the first task!']
[2023-06-11T05:17:44.266+0000] {subprocess.py:86} INFO - Output:
[2023-06-11T05:17:44.273+0000] {subprocess.py:93} INFO - hello world, this is the first task!
[2023-06-11T05:17:44.277+0000] {subprocess.py:97} INFO - Command exited with return code 0
[2023-06-11T05:17:45.172+0000] {taskinstance.py:1350} INFO - Marking task as SUCCESS. dag_id=first_dag_02, task_id=first_task, execution_date=20210907T000000, start_date=20230611T051736, end_date=20230611T051745
[2023-06-11T05:17:46.043+0000] {local_task_job_runner.py:225} INFO - Task exited with return code 0
[2023-06-11T05:17:48.057+0000] {taskinstance.py:2651} INFO - 2 downstream tasks scheduled from follow-on schedule check
[2023-06-11T08:22:20.678+0000] {taskinstance.py:1103} INFO - Dependencies all met for dep_context=non-requeueable deps ti=<TaskInstance: first_dag_02.first_task scheduled__2021-09-07T00:00:00+00:00 [queued]>
[2023-06-11T08:22:20.983+0000] {taskinstance.py:1103} INFO - Dependencies all met for dep_context=requeueable deps ti=<TaskInstance: first_dag_02.first_task scheduled__2021-09-07T00:00:00+00:00 [queued]>
[2023-06-11T08:22:20.984+0000] {taskinstance.py:1308} INFO - Starting attempt 1 of 6
[2023-06-11T08:22:22.911+0000] {taskinstance.py:1327} INFO - Executing <Task(BashOperator): first_task> on 2021-09-07 00:00:00+00:00
[2023-06-11T08:22:23.104+0000] {standard_task_runner.py:57} INFO - Started process 788 to run task
[2023-06-11T08:22:23.227+0000] {standard_task_runner.py:84} INFO - Running: ['***', 'tasks', 'run', 'first_dag_02', 'first_task', 'scheduled__2021-09-07T00:00:00+00:00', '--job-id', '250', '--raw', '--subdir', 'DAGS_FOLDER/First_dag.py', '--cfg-path', '/tmp/tmp3na20m72']
[2023-06-11T08:22:23.234+0000] {standard_task_runner.py:85} INFO - Job 250: Subtask first_task
[2023-06-11T08:22:25.071+0000] {task_command.py:410} INFO - Running <TaskInstance: first_dag_02.first_task scheduled__2021-09-07T00:00:00+00:00 [running]> on host 492037cdd057
[2023-06-11T08:22:29.532+0000] {taskinstance.py:1547} INFO - Exporting env vars: AIRFLOW_CTX_DAG_OWNER='Raja' AIRFLOW_CTX_DAG_ID='first_dag_02' AIRFLOW_CTX_TASK_ID='first_task' AIRFLOW_CTX_EXECUTION_DATE='2021-09-07T00:00:00+00:00' AIRFLOW_CTX_TRY_NUMBER='1' AIRFLOW_CTX_DAG_RUN_ID='scheduled__2021-09-07T00:00:00+00:00'
[2023-06-11T08:22:29.551+0000] {subprocess.py:63} INFO - Tmp dir root location: 
 /tmp
[2023-06-11T08:22:29.554+0000] {subprocess.py:75} INFO - Running command: ['/bin/bash', '-c', 'echo hello world, this is the first task!']
[2023-06-11T08:22:29.665+0000] {subprocess.py:86} INFO - Output:
[2023-06-11T08:22:29.695+0000] {subprocess.py:93} INFO - hello world, this is the first task!
[2023-06-11T08:22:29.696+0000] {subprocess.py:97} INFO - Command exited with return code 0
[2023-06-11T08:22:29.962+0000] {taskinstance.py:1350} INFO - Marking task as SUCCESS. dag_id=first_dag_02, task_id=first_task, execution_date=20210907T000000, start_date=20230611T082220, end_date=20230611T082229
[2023-06-11T08:22:30.160+0000] {local_task_job_runner.py:225} INFO - Task exited with return code 0
[2023-06-11T08:22:30.670+0000] {taskinstance.py:2651} INFO - 2 downstream tasks scheduled from follow-on schedule check
[2023-06-11T08:49:31.288+0000] {taskinstance.py:1103} INFO - Dependencies all met for dep_context=non-requeueable deps ti=<TaskInstance: first_dag_02.first_task scheduled__2021-09-07T00:00:00+00:00 [queued]>
[2023-06-11T08:49:31.549+0000] {taskinstance.py:1103} INFO - Dependencies all met for dep_context=requeueable deps ti=<TaskInstance: first_dag_02.first_task scheduled__2021-09-07T00:00:00+00:00 [queued]>
[2023-06-11T08:49:31.550+0000] {taskinstance.py:1308} INFO - Starting attempt 1 of 6
[2023-06-11T08:49:32.065+0000] {taskinstance.py:1327} INFO - Executing <Task(BashOperator): first_task> on 2021-09-07 00:00:00+00:00
[2023-06-11T08:49:32.166+0000] {standard_task_runner.py:84} INFO - Running: ['***', 'tasks', 'run', 'first_dag_02', 'first_task', 'scheduled__2021-09-07T00:00:00+00:00', '--job-id', '208', '--raw', '--subdir', 'DAGS_FOLDER/First_dag.py', '--cfg-path', '/tmp/tmpbmzzyi31']
[2023-06-11T08:49:32.167+0000] {standard_task_runner.py:85} INFO - Job 208: Subtask first_task
[2023-06-11T08:49:32.146+0000] {standard_task_runner.py:57} INFO - Started process 682 to run task
[2023-06-11T08:49:32.466+0000] {task_command.py:410} INFO - Running <TaskInstance: first_dag_02.first_task scheduled__2021-09-07T00:00:00+00:00 [running]> on host 964e508aad03
[2023-06-11T08:49:35.069+0000] {taskinstance.py:1547} INFO - Exporting env vars: AIRFLOW_CTX_DAG_OWNER='Raja' AIRFLOW_CTX_DAG_ID='first_dag_02' AIRFLOW_CTX_TASK_ID='first_task' AIRFLOW_CTX_EXECUTION_DATE='2021-09-07T00:00:00+00:00' AIRFLOW_CTX_TRY_NUMBER='1' AIRFLOW_CTX_DAG_RUN_ID='scheduled__2021-09-07T00:00:00+00:00'
[2023-06-11T08:49:35.072+0000] {subprocess.py:63} INFO - Tmp dir root location: 
 /tmp
[2023-06-11T08:49:35.073+0000] {subprocess.py:75} INFO - Running command: ['/bin/bash', '-c', 'echo hello world, this is the first task!']
[2023-06-11T08:49:35.201+0000] {subprocess.py:86} INFO - Output:
[2023-06-11T08:49:35.259+0000] {subprocess.py:93} INFO - hello world, this is the first task!
[2023-06-11T08:49:35.274+0000] {subprocess.py:97} INFO - Command exited with return code 0
[2023-06-11T08:49:35.692+0000] {taskinstance.py:1350} INFO - Marking task as SUCCESS. dag_id=first_dag_02, task_id=first_task, execution_date=20210907T000000, start_date=20230611T084931, end_date=20230611T084935
[2023-06-11T08:49:36.100+0000] {local_task_job_runner.py:225} INFO - Task exited with return code 0
[2023-06-11T08:49:36.888+0000] {taskinstance.py:2651} INFO - 0 downstream tasks scheduled from follow-on schedule check
[2023-06-11T10:43:01.351+0000] {taskinstance.py:1103} INFO - Dependencies all met for dep_context=non-requeueable deps ti=<TaskInstance: first_dag_02.first_task scheduled__2021-09-07T00:00:00+00:00 [queued]>
[2023-06-11T10:43:02.552+0000] {taskinstance.py:1103} INFO - Dependencies all met for dep_context=requeueable deps ti=<TaskInstance: first_dag_02.first_task scheduled__2021-09-07T00:00:00+00:00 [queued]>
[2023-06-11T10:43:02.563+0000] {taskinstance.py:1308} INFO - Starting attempt 1 of 6
[2023-06-11T10:43:03.395+0000] {taskinstance.py:1327} INFO - Executing <Task(BashOperator): first_task> on 2021-09-07 00:00:00+00:00
[2023-06-11T10:43:03.440+0000] {standard_task_runner.py:57} INFO - Started process 735 to run task
[2023-06-11T10:43:03.474+0000] {standard_task_runner.py:84} INFO - Running: ['***', 'tasks', 'run', 'first_dag_02', 'first_task', 'scheduled__2021-09-07T00:00:00+00:00', '--job-id', '203', '--raw', '--subdir', 'DAGS_FOLDER/First_dag.py', '--cfg-path', '/tmp/tmp3hf_94tg']
[2023-06-11T10:43:03.500+0000] {standard_task_runner.py:85} INFO - Job 203: Subtask first_task
[2023-06-11T10:43:06.307+0000] {task_command.py:410} INFO - Running <TaskInstance: first_dag_02.first_task scheduled__2021-09-07T00:00:00+00:00 [running]> on host 7586ce0070ac
[2023-06-11T10:43:23.086+0000] {taskinstance.py:1547} INFO - Exporting env vars: AIRFLOW_CTX_DAG_OWNER='Raja' AIRFLOW_CTX_DAG_ID='first_dag_02' AIRFLOW_CTX_TASK_ID='first_task' AIRFLOW_CTX_EXECUTION_DATE='2021-09-07T00:00:00+00:00' AIRFLOW_CTX_TRY_NUMBER='1' AIRFLOW_CTX_DAG_RUN_ID='scheduled__2021-09-07T00:00:00+00:00'
[2023-06-11T10:43:23.597+0000] {subprocess.py:63} INFO - Tmp dir root location: 
 /tmp
[2023-06-11T10:43:23.649+0000] {subprocess.py:75} INFO - Running command: ['/bin/bash', '-c', 'echo hello world, this is the first task!']
[2023-06-11T10:43:24.377+0000] {subprocess.py:86} INFO - Output:
[2023-06-11T10:43:24.571+0000] {subprocess.py:93} INFO - hello world, this is the first task!
[2023-06-11T10:43:24.720+0000] {subprocess.py:97} INFO - Command exited with return code 0
[2023-06-11T10:43:26.043+0000] {taskinstance.py:1350} INFO - Marking task as SUCCESS. dag_id=first_dag_02, task_id=first_task, execution_date=20210907T000000, start_date=20230611T104301, end_date=20230611T104326
[2023-06-11T10:43:27.194+0000] {local_task_job_runner.py:225} INFO - Task exited with return code 0
[2023-06-11T10:43:27.934+0000] {taskinstance.py:2651} INFO - 2 downstream tasks scheduled from follow-on schedule check
