[2023-06-11T08:59:19.739+0000] {taskinstance.py:1103} INFO - Dependencies all met for dep_context=non-requeueable deps ti=<TaskInstance: first_dag_02.first_task scheduled__2022-02-04T00:00:00+00:00 [queued]>
[2023-06-11T08:59:19.849+0000] {taskinstance.py:1103} INFO - Dependencies all met for dep_context=requeueable deps ti=<TaskInstance: first_dag_02.first_task scheduled__2022-02-04T00:00:00+00:00 [queued]>
[2023-06-11T08:59:19.849+0000] {taskinstance.py:1308} INFO - Starting attempt 1 of 6
[2023-06-11T08:59:20.283+0000] {taskinstance.py:1327} INFO - Executing <Task(BashOperator): first_task> on 2022-02-04 00:00:00+00:00
[2023-06-11T08:59:20.298+0000] {standard_task_runner.py:57} INFO - Started process 2912 to run task
[2023-06-11T08:59:20.320+0000] {standard_task_runner.py:84} INFO - Running: ['***', 'tasks', 'run', 'first_dag_02', 'first_task', 'scheduled__2022-02-04T00:00:00+00:00', '--job-id', '909', '--raw', '--subdir', 'DAGS_FOLDER/First_dag.py', '--cfg-path', '/tmp/tmpjk95lpst']
[2023-06-11T08:59:20.321+0000] {standard_task_runner.py:85} INFO - Job 909: Subtask first_task
[2023-06-11T08:59:20.801+0000] {task_command.py:410} INFO - Running <TaskInstance: first_dag_02.first_task scheduled__2022-02-04T00:00:00+00:00 [running]> on host 964e508aad03
[2023-06-11T08:59:22.274+0000] {taskinstance.py:1547} INFO - Exporting env vars: AIRFLOW_CTX_DAG_OWNER='Raja' AIRFLOW_CTX_DAG_ID='first_dag_02' AIRFLOW_CTX_TASK_ID='first_task' AIRFLOW_CTX_EXECUTION_DATE='2022-02-04T00:00:00+00:00' AIRFLOW_CTX_TRY_NUMBER='1' AIRFLOW_CTX_DAG_RUN_ID='scheduled__2022-02-04T00:00:00+00:00'
[2023-06-11T08:59:22.278+0000] {subprocess.py:63} INFO - Tmp dir root location: 
 /tmp
[2023-06-11T08:59:22.279+0000] {subprocess.py:75} INFO - Running command: ['/bin/bash', '-c', 'echo hello world, this is the first task!']
[2023-06-11T08:59:22.361+0000] {subprocess.py:86} INFO - Output:
[2023-06-11T08:59:22.370+0000] {subprocess.py:93} INFO - hello world, this is the first task!
[2023-06-11T08:59:22.373+0000] {subprocess.py:97} INFO - Command exited with return code 0
[2023-06-11T08:59:22.651+0000] {taskinstance.py:1350} INFO - Marking task as SUCCESS. dag_id=first_dag_02, task_id=first_task, execution_date=20220204T000000, start_date=20230611T085919, end_date=20230611T085922
[2023-06-11T08:59:22.790+0000] {local_task_job_runner.py:225} INFO - Task exited with return code 0
[2023-06-11T08:59:23.090+0000] {taskinstance.py:2651} INFO - 2 downstream tasks scheduled from follow-on schedule check
[2023-06-11T11:32:34.125+0000] {taskinstance.py:1103} INFO - Dependencies all met for dep_context=non-requeueable deps ti=<TaskInstance: first_dag_02.first_task scheduled__2022-02-04T00:00:00+00:00 [queued]>
[2023-06-11T11:32:34.313+0000] {taskinstance.py:1103} INFO - Dependencies all met for dep_context=requeueable deps ti=<TaskInstance: first_dag_02.first_task scheduled__2022-02-04T00:00:00+00:00 [queued]>
[2023-06-11T11:32:34.313+0000] {taskinstance.py:1308} INFO - Starting attempt 1 of 6
[2023-06-11T11:32:34.904+0000] {taskinstance.py:1327} INFO - Executing <Task(BashOperator): first_task> on 2022-02-04 00:00:00+00:00
[2023-06-11T11:32:34.981+0000] {standard_task_runner.py:84} INFO - Running: ['***', 'tasks', 'run', 'first_dag_02', 'first_task', 'scheduled__2022-02-04T00:00:00+00:00', '--job-id', '931', '--raw', '--subdir', 'DAGS_FOLDER/First_dag.py', '--cfg-path', '/tmp/tmp2k7yt8am']
[2023-06-11T11:32:34.991+0000] {standard_task_runner.py:85} INFO - Job 931: Subtask first_task
[2023-06-11T11:32:34.995+0000] {standard_task_runner.py:57} INFO - Started process 426 to run task
[2023-06-11T11:32:35.971+0000] {task_command.py:410} INFO - Running <TaskInstance: first_dag_02.first_task scheduled__2022-02-04T00:00:00+00:00 [running]> on host 7586ce0070ac
[2023-06-11T11:32:38.883+0000] {taskinstance.py:1547} INFO - Exporting env vars: AIRFLOW_CTX_DAG_OWNER='Raja' AIRFLOW_CTX_DAG_ID='first_dag_02' AIRFLOW_CTX_TASK_ID='first_task' AIRFLOW_CTX_EXECUTION_DATE='2022-02-04T00:00:00+00:00' AIRFLOW_CTX_TRY_NUMBER='1' AIRFLOW_CTX_DAG_RUN_ID='scheduled__2022-02-04T00:00:00+00:00'
[2023-06-11T11:32:38.933+0000] {subprocess.py:63} INFO - Tmp dir root location: 
 /tmp
[2023-06-11T11:32:38.934+0000] {subprocess.py:75} INFO - Running command: ['/bin/bash', '-c', 'echo hello world, this is the first task!']
[2023-06-11T11:32:39.038+0000] {subprocess.py:86} INFO - Output:
[2023-06-11T11:32:39.127+0000] {subprocess.py:93} INFO - hello world, this is the first task!
[2023-06-11T11:32:39.128+0000] {subprocess.py:97} INFO - Command exited with return code 0
[2023-06-11T11:32:39.727+0000] {taskinstance.py:1350} INFO - Marking task as SUCCESS. dag_id=first_dag_02, task_id=first_task, execution_date=20220204T000000, start_date=20230611T113234, end_date=20230611T113239
[2023-06-11T11:32:40.527+0000] {local_task_job_runner.py:225} INFO - Task exited with return code 0
[2023-06-11T11:32:41.029+0000] {taskinstance.py:2651} INFO - 0 downstream tasks scheduled from follow-on schedule check
