[2023-06-11T09:01:42.455+0000] {taskinstance.py:1103} INFO - Dependencies all met for dep_context=non-requeueable deps ti=<TaskInstance: first_dag_02.thrid_task scheduled__2022-02-28T00:00:00+00:00 [queued]>
[2023-06-11T09:01:42.700+0000] {taskinstance.py:1103} INFO - Dependencies all met for dep_context=requeueable deps ti=<TaskInstance: first_dag_02.thrid_task scheduled__2022-02-28T00:00:00+00:00 [queued]>
[2023-06-11T09:01:42.708+0000] {taskinstance.py:1308} INFO - Starting attempt 1 of 6
[2023-06-11T09:01:43.441+0000] {taskinstance.py:1327} INFO - Executing <Task(BashOperator): thrid_task> on 2022-02-28 00:00:00+00:00
[2023-06-11T09:01:43.539+0000] {standard_task_runner.py:57} INFO - Started process 3362 to run task
[2023-06-11T09:01:43.550+0000] {standard_task_runner.py:84} INFO - Running: ['***', 'tasks', 'run', 'first_dag_02', 'thrid_task', 'scheduled__2022-02-28T00:00:00+00:00', '--job-id', '1046', '--raw', '--subdir', 'DAGS_FOLDER/First_dag.py', '--cfg-path', '/tmp/tmpsr7qt_vw']
[2023-06-11T09:01:43.555+0000] {standard_task_runner.py:85} INFO - Job 1046: Subtask thrid_task
[2023-06-11T09:01:43.957+0000] {task_command.py:410} INFO - Running <TaskInstance: first_dag_02.thrid_task scheduled__2022-02-28T00:00:00+00:00 [running]> on host 964e508aad03
[2023-06-11T09:01:45.600+0000] {taskinstance.py:1547} INFO - Exporting env vars: AIRFLOW_CTX_DAG_OWNER='Raja' AIRFLOW_CTX_DAG_ID='first_dag_02' AIRFLOW_CTX_TASK_ID='thrid_task' AIRFLOW_CTX_EXECUTION_DATE='2022-02-28T00:00:00+00:00' AIRFLOW_CTX_TRY_NUMBER='1' AIRFLOW_CTX_DAG_RUN_ID='scheduled__2022-02-28T00:00:00+00:00'
[2023-06-11T09:01:45.602+0000] {subprocess.py:63} INFO - Tmp dir root location: 
 /tmp
[2023-06-11T09:01:45.603+0000] {subprocess.py:75} INFO - Running command: ['/bin/bash', '-c', 'echo hey, I am task3 and will be running after task1 at the same time as task2!']
[2023-06-11T09:01:45.771+0000] {subprocess.py:86} INFO - Output:
[2023-06-11T09:01:45.786+0000] {subprocess.py:93} INFO - hey, I am task3 and will be running after task1 at the same time as task2!
[2023-06-11T09:01:45.817+0000] {subprocess.py:97} INFO - Command exited with return code 0
[2023-06-11T09:01:46.058+0000] {taskinstance.py:1350} INFO - Marking task as SUCCESS. dag_id=first_dag_02, task_id=thrid_task, execution_date=20220228T000000, start_date=20230611T090142, end_date=20230611T090146
[2023-06-11T09:01:46.269+0000] {local_task_job_runner.py:225} INFO - Task exited with return code 0
[2023-06-11T09:01:46.389+0000] {taskinstance.py:2651} INFO - 0 downstream tasks scheduled from follow-on schedule check
[2023-06-11T11:36:36.787+0000] {taskinstance.py:1103} INFO - Dependencies all met for dep_context=non-requeueable deps ti=<TaskInstance: first_dag_02.thrid_task scheduled__2022-02-28T00:00:00+00:00 [queued]>
[2023-06-11T11:36:37.554+0000] {taskinstance.py:1103} INFO - Dependencies all met for dep_context=requeueable deps ti=<TaskInstance: first_dag_02.thrid_task scheduled__2022-02-28T00:00:00+00:00 [queued]>
[2023-06-11T11:36:37.555+0000] {taskinstance.py:1308} INFO - Starting attempt 1 of 6
[2023-06-11T11:36:38.215+0000] {taskinstance.py:1327} INFO - Executing <Task(BashOperator): thrid_task> on 2022-02-28 00:00:00+00:00
[2023-06-11T11:36:38.248+0000] {standard_task_runner.py:57} INFO - Started process 807 to run task
[2023-06-11T11:36:38.470+0000] {standard_task_runner.py:84} INFO - Running: ['***', 'tasks', 'run', 'first_dag_02', 'thrid_task', 'scheduled__2022-02-28T00:00:00+00:00', '--job-id', '1042', '--raw', '--subdir', 'DAGS_FOLDER/First_dag.py', '--cfg-path', '/tmp/tmp_c9phst5']
[2023-06-11T11:36:38.573+0000] {standard_task_runner.py:85} INFO - Job 1042: Subtask thrid_task
[2023-06-11T11:36:39.669+0000] {task_command.py:410} INFO - Running <TaskInstance: first_dag_02.thrid_task scheduled__2022-02-28T00:00:00+00:00 [running]> on host 7586ce0070ac
[2023-06-11T11:36:45.889+0000] {taskinstance.py:1547} INFO - Exporting env vars: AIRFLOW_CTX_DAG_OWNER='Raja' AIRFLOW_CTX_DAG_ID='first_dag_02' AIRFLOW_CTX_TASK_ID='thrid_task' AIRFLOW_CTX_EXECUTION_DATE='2022-02-28T00:00:00+00:00' AIRFLOW_CTX_TRY_NUMBER='1' AIRFLOW_CTX_DAG_RUN_ID='scheduled__2022-02-28T00:00:00+00:00'
[2023-06-11T11:36:45.931+0000] {subprocess.py:63} INFO - Tmp dir root location: 
 /tmp
[2023-06-11T11:36:45.954+0000] {subprocess.py:75} INFO - Running command: ['/bin/bash', '-c', 'echo hey, I am task3 and will be running after task1 at the same time as task2!']
[2023-06-11T11:36:46.328+0000] {subprocess.py:86} INFO - Output:
[2023-06-11T11:36:46.392+0000] {subprocess.py:93} INFO - hey, I am task3 and will be running after task1 at the same time as task2!
[2023-06-11T11:36:46.410+0000] {subprocess.py:97} INFO - Command exited with return code 0
[2023-06-11T11:36:47.843+0000] {taskinstance.py:1350} INFO - Marking task as SUCCESS. dag_id=first_dag_02, task_id=thrid_task, execution_date=20220228T000000, start_date=20230611T113636, end_date=20230611T113647
[2023-06-11T11:36:49.238+0000] {local_task_job_runner.py:225} INFO - Task exited with return code 0
[2023-06-11T11:36:51.263+0000] {taskinstance.py:2651} INFO - 0 downstream tasks scheduled from follow-on schedule check
