[2023-06-11T04:50:18.283+0000] {taskinstance.py:1103} INFO - Dependencies all met for dep_context=non-requeueable deps ti=<TaskInstance: first_dag_02.first_task scheduled__2021-09-27T00:00:00+00:00 [queued]>
[2023-06-11T04:50:18.554+0000] {taskinstance.py:1103} INFO - Dependencies all met for dep_context=requeueable deps ti=<TaskInstance: first_dag_02.first_task scheduled__2021-09-27T00:00:00+00:00 [queued]>
[2023-06-11T04:50:18.585+0000] {taskinstance.py:1308} INFO - Starting attempt 1 of 6
[2023-06-11T04:50:19.250+0000] {taskinstance.py:1327} INFO - Executing <Task(BashOperator): first_task> on 2021-09-27 00:00:00+00:00
[2023-06-11T04:50:19.395+0000] {standard_task_runner.py:57} INFO - Started process 787 to run task
[2023-06-11T04:50:19.404+0000] {standard_task_runner.py:84} INFO - Running: ['***', 'tasks', 'run', 'first_dag_02', 'first_task', 'scheduled__2021-09-27T00:00:00+00:00', '--job-id', '233', '--raw', '--subdir', 'DAGS_FOLDER/First_dag.py', '--cfg-path', '/tmp/tmpvis8iiv9']
[2023-06-11T04:50:19.454+0000] {standard_task_runner.py:85} INFO - Job 233: Subtask first_task
[2023-06-11T04:50:19.752+0000] {task_command.py:410} INFO - Running <TaskInstance: first_dag_02.first_task scheduled__2021-09-27T00:00:00+00:00 [running]> on host 4b1b5d40d165
[2023-06-11T04:50:24.548+0000] {taskinstance.py:1547} INFO - Exporting env vars: AIRFLOW_CTX_DAG_OWNER='Raja' AIRFLOW_CTX_DAG_ID='first_dag_02' AIRFLOW_CTX_TASK_ID='first_task' AIRFLOW_CTX_EXECUTION_DATE='2021-09-27T00:00:00+00:00' AIRFLOW_CTX_TRY_NUMBER='1' AIRFLOW_CTX_DAG_RUN_ID='scheduled__2021-09-27T00:00:00+00:00'
[2023-06-11T04:50:24.553+0000] {subprocess.py:63} INFO - Tmp dir root location: 
 /tmp
[2023-06-11T04:50:24.554+0000] {subprocess.py:75} INFO - Running command: ['/bin/bash', '-c', 'echo hello world, this is the first task!']
[2023-06-11T04:50:25.103+0000] {subprocess.py:86} INFO - Output:
[2023-06-11T04:50:25.194+0000] {subprocess.py:93} INFO - hello world, this is the first task!
[2023-06-11T04:50:25.216+0000] {subprocess.py:97} INFO - Command exited with return code 0
[2023-06-11T04:50:27.082+0000] {taskinstance.py:1350} INFO - Marking task as SUCCESS. dag_id=first_dag_02, task_id=first_task, execution_date=20210927T000000, start_date=20230611T045018, end_date=20230611T045027
[2023-06-11T04:50:27.938+0000] {local_task_job_runner.py:225} INFO - Task exited with return code 0
[2023-06-11T04:50:29.357+0000] {taskinstance.py:2651} INFO - 2 downstream tasks scheduled from follow-on schedule check
[2023-06-11T08:27:18.683+0000] {taskinstance.py:1103} INFO - Dependencies all met for dep_context=non-requeueable deps ti=<TaskInstance: first_dag_02.first_task scheduled__2021-09-27T00:00:00+00:00 [queued]>
[2023-06-11T08:27:18.907+0000] {taskinstance.py:1103} INFO - Dependencies all met for dep_context=requeueable deps ti=<TaskInstance: first_dag_02.first_task scheduled__2021-09-27T00:00:00+00:00 [queued]>
[2023-06-11T08:27:18.907+0000] {taskinstance.py:1308} INFO - Starting attempt 1 of 6
[2023-06-11T08:27:21.737+0000] {taskinstance.py:1327} INFO - Executing <Task(BashOperator): first_task> on 2021-09-27 00:00:00+00:00
[2023-06-11T08:27:21.883+0000] {standard_task_runner.py:57} INFO - Started process 1186 to run task
[2023-06-11T08:27:22.425+0000] {standard_task_runner.py:84} INFO - Running: ['***', 'tasks', 'run', 'first_dag_02', 'first_task', 'scheduled__2021-09-27T00:00:00+00:00', '--job-id', '367', '--raw', '--subdir', 'DAGS_FOLDER/First_dag.py', '--cfg-path', '/tmp/tmpna64fraz']
[2023-06-11T08:27:22.429+0000] {standard_task_runner.py:85} INFO - Job 367: Subtask first_task
[2023-06-11T08:27:26.480+0000] {task_command.py:410} INFO - Running <TaskInstance: first_dag_02.first_task scheduled__2021-09-27T00:00:00+00:00 [running]> on host 492037cdd057
[2023-06-11T08:27:31.251+0000] {taskinstance.py:1547} INFO - Exporting env vars: AIRFLOW_CTX_DAG_OWNER='Raja' AIRFLOW_CTX_DAG_ID='first_dag_02' AIRFLOW_CTX_TASK_ID='first_task' AIRFLOW_CTX_EXECUTION_DATE='2021-09-27T00:00:00+00:00' AIRFLOW_CTX_TRY_NUMBER='1' AIRFLOW_CTX_DAG_RUN_ID='scheduled__2021-09-27T00:00:00+00:00'
[2023-06-11T08:27:31.294+0000] {subprocess.py:63} INFO - Tmp dir root location: 
 /tmp
[2023-06-11T08:27:31.297+0000] {subprocess.py:75} INFO - Running command: ['/bin/bash', '-c', 'echo hello world, this is the first task!']
[2023-06-11T08:27:31.779+0000] {subprocess.py:86} INFO - Output:
[2023-06-11T08:27:32.244+0000] {subprocess.py:93} INFO - hello world, this is the first task!
[2023-06-11T08:27:32.251+0000] {subprocess.py:97} INFO - Command exited with return code 0
[2023-06-11T08:27:33.854+0000] {taskinstance.py:1350} INFO - Marking task as SUCCESS. dag_id=first_dag_02, task_id=first_task, execution_date=20210927T000000, start_date=20230611T082718, end_date=20230611T082733
[2023-06-11T08:27:34.743+0000] {local_task_job_runner.py:225} INFO - Task exited with return code 0
[2023-06-11T08:27:36.198+0000] {taskinstance.py:2651} INFO - 0 downstream tasks scheduled from follow-on schedule check
[2023-06-11T08:51:04.336+0000] {taskinstance.py:1103} INFO - Dependencies all met for dep_context=non-requeueable deps ti=<TaskInstance: first_dag_02.first_task scheduled__2021-09-27T00:00:00+00:00 [queued]>
[2023-06-11T08:51:04.462+0000] {taskinstance.py:1103} INFO - Dependencies all met for dep_context=requeueable deps ti=<TaskInstance: first_dag_02.first_task scheduled__2021-09-27T00:00:00+00:00 [queued]>
[2023-06-11T08:51:04.462+0000] {taskinstance.py:1308} INFO - Starting attempt 1 of 6
[2023-06-11T08:51:04.878+0000] {taskinstance.py:1327} INFO - Executing <Task(BashOperator): first_task> on 2021-09-27 00:00:00+00:00
[2023-06-11T08:51:04.923+0000] {standard_task_runner.py:57} INFO - Started process 1027 to run task
[2023-06-11T08:51:04.958+0000] {standard_task_runner.py:84} INFO - Running: ['***', 'tasks', 'run', 'first_dag_02', 'first_task', 'scheduled__2021-09-27T00:00:00+00:00', '--job-id', '317', '--raw', '--subdir', 'DAGS_FOLDER/First_dag.py', '--cfg-path', '/tmp/tmp2tu96186']
[2023-06-11T08:51:04.972+0000] {standard_task_runner.py:85} INFO - Job 317: Subtask first_task
[2023-06-11T08:51:05.495+0000] {task_command.py:410} INFO - Running <TaskInstance: first_dag_02.first_task scheduled__2021-09-27T00:00:00+00:00 [running]> on host 964e508aad03
[2023-06-11T08:51:06.772+0000] {taskinstance.py:1547} INFO - Exporting env vars: AIRFLOW_CTX_DAG_OWNER='Raja' AIRFLOW_CTX_DAG_ID='first_dag_02' AIRFLOW_CTX_TASK_ID='first_task' AIRFLOW_CTX_EXECUTION_DATE='2021-09-27T00:00:00+00:00' AIRFLOW_CTX_TRY_NUMBER='1' AIRFLOW_CTX_DAG_RUN_ID='scheduled__2021-09-27T00:00:00+00:00'
[2023-06-11T08:51:06.776+0000] {subprocess.py:63} INFO - Tmp dir root location: 
 /tmp
[2023-06-11T08:51:06.780+0000] {subprocess.py:75} INFO - Running command: ['/bin/bash', '-c', 'echo hello world, this is the first task!']
[2023-06-11T08:51:06.868+0000] {subprocess.py:86} INFO - Output:
[2023-06-11T08:51:06.872+0000] {subprocess.py:93} INFO - hello world, this is the first task!
[2023-06-11T08:51:06.873+0000] {subprocess.py:97} INFO - Command exited with return code 0
[2023-06-11T08:51:06.988+0000] {taskinstance.py:1350} INFO - Marking task as SUCCESS. dag_id=first_dag_02, task_id=first_task, execution_date=20210927T000000, start_date=20230611T085104, end_date=20230611T085106
[2023-06-11T08:51:07.115+0000] {local_task_job_runner.py:225} INFO - Task exited with return code 0
[2023-06-11T08:51:07.300+0000] {taskinstance.py:2651} INFO - 2 downstream tasks scheduled from follow-on schedule check
[2023-06-11T10:54:49.178+0000] {taskinstance.py:1103} INFO - Dependencies all met for dep_context=non-requeueable deps ti=<TaskInstance: first_dag_02.first_task scheduled__2021-09-27T00:00:00+00:00 [queued]>
[2023-06-11T10:54:49.361+0000] {taskinstance.py:1103} INFO - Dependencies all met for dep_context=requeueable deps ti=<TaskInstance: first_dag_02.first_task scheduled__2021-09-27T00:00:00+00:00 [queued]>
[2023-06-11T10:54:49.372+0000] {taskinstance.py:1308} INFO - Starting attempt 1 of 6
[2023-06-11T10:54:51.487+0000] {taskinstance.py:1327} INFO - Executing <Task(BashOperator): first_task> on 2021-09-27 00:00:00+00:00
[2023-06-11T10:54:52.191+0000] {standard_task_runner.py:57} INFO - Started process 1076 to run task
[2023-06-11T10:54:52.283+0000] {standard_task_runner.py:84} INFO - Running: ['***', 'tasks', 'run', 'first_dag_02', 'first_task', 'scheduled__2021-09-27T00:00:00+00:00', '--job-id', '293', '--raw', '--subdir', 'DAGS_FOLDER/First_dag.py', '--cfg-path', '/tmp/tmp5u9kz7ii']
[2023-06-11T10:54:52.286+0000] {standard_task_runner.py:85} INFO - Job 293: Subtask first_task
[2023-06-11T10:54:54.753+0000] {task_command.py:410} INFO - Running <TaskInstance: first_dag_02.first_task scheduled__2021-09-27T00:00:00+00:00 [running]> on host 7586ce0070ac
[2023-06-11T10:55:02.495+0000] {taskinstance.py:1547} INFO - Exporting env vars: AIRFLOW_CTX_DAG_OWNER='Raja' AIRFLOW_CTX_DAG_ID='first_dag_02' AIRFLOW_CTX_TASK_ID='first_task' AIRFLOW_CTX_EXECUTION_DATE='2021-09-27T00:00:00+00:00' AIRFLOW_CTX_TRY_NUMBER='1' AIRFLOW_CTX_DAG_RUN_ID='scheduled__2021-09-27T00:00:00+00:00'
[2023-06-11T10:55:02.606+0000] {subprocess.py:63} INFO - Tmp dir root location: 
 /tmp
[2023-06-11T10:55:02.724+0000] {subprocess.py:75} INFO - Running command: ['/bin/bash', '-c', 'echo hello world, this is the first task!']
[2023-06-11T10:55:03.476+0000] {subprocess.py:86} INFO - Output:
[2023-06-11T10:55:04.145+0000] {subprocess.py:93} INFO - hello world, this is the first task!
[2023-06-11T10:55:04.163+0000] {subprocess.py:97} INFO - Command exited with return code 0
[2023-06-11T10:55:05.280+0000] {taskinstance.py:1350} INFO - Marking task as SUCCESS. dag_id=first_dag_02, task_id=first_task, execution_date=20210927T000000, start_date=20230611T105449, end_date=20230611T105505
[2023-06-11T10:55:06.444+0000] {local_task_job_runner.py:225} INFO - Task exited with return code 0
[2023-06-11T10:55:07.429+0000] {taskinstance.py:2651} INFO - 2 downstream tasks scheduled from follow-on schedule check
