[2023-06-11T09:57:16.995+0000] {taskinstance.py:1103} INFO - Dependencies all met for dep_context=non-requeueable deps ti=<TaskInstance: dag_cron_expression_03.task1 scheduled__2022-04-26T03:00:00+00:00 [queued]>
[2023-06-11T09:57:18.004+0000] {taskinstance.py:1103} INFO - Dependencies all met for dep_context=requeueable deps ti=<TaskInstance: dag_cron_expression_03.task1 scheduled__2022-04-26T03:00:00+00:00 [queued]>
[2023-06-11T09:57:18.005+0000] {taskinstance.py:1308} INFO - Starting attempt 1 of 6
[2023-06-11T09:57:18.197+0000] {taskinstance.py:1327} INFO - Executing <Task(BashOperator): task1> on 2022-04-26 03:00:00+00:00
[2023-06-11T09:57:18.206+0000] {standard_task_runner.py:57} INFO - Started process 73 to run task
[2023-06-11T09:57:18.242+0000] {standard_task_runner.py:84} INFO - Running: ['***', 'tasks', 'run', 'dag_cron_expression_03', 'task1', 'scheduled__2022-04-26T03:00:00+00:00', '--job-id', '1667', '--raw', '--subdir', 'DAGS_FOLDER/dag_corn.py', '--cfg-path', '/tmp/tmpeih6sa8_']
[2023-06-11T09:57:18.252+0000] {standard_task_runner.py:85} INFO - Job 1667: Subtask task1
[2023-06-11T09:57:19.279+0000] {task_command.py:410} INFO - Running <TaskInstance: dag_cron_expression_03.task1 scheduled__2022-04-26T03:00:00+00:00 [running]> on host 964e508aad03
[2023-06-11T09:57:23.600+0000] {taskinstance.py:1547} INFO - Exporting env vars: AIRFLOW_CTX_DAG_OWNER='Raja' AIRFLOW_CTX_DAG_ID='dag_cron_expression_03' AIRFLOW_CTX_TASK_ID='task1' AIRFLOW_CTX_EXECUTION_DATE='2022-04-26T03:00:00+00:00' AIRFLOW_CTX_TRY_NUMBER='1' AIRFLOW_CTX_DAG_RUN_ID='scheduled__2022-04-26T03:00:00+00:00'
[2023-06-11T09:57:23.608+0000] {subprocess.py:63} INFO - Tmp dir root location: 
 /tmp
[2023-06-11T09:57:23.611+0000] {subprocess.py:75} INFO - Running command: ['/bin/bash', '-c', 'echo dag with cron expression!']
[2023-06-11T09:57:23.688+0000] {subprocess.py:86} INFO - Output:
[2023-06-11T09:57:23.699+0000] {subprocess.py:93} INFO - dag with cron expression!
[2023-06-11T09:57:23.699+0000] {subprocess.py:97} INFO - Command exited with return code 0
[2023-06-11T09:57:23.801+0000] {taskinstance.py:1350} INFO - Marking task as SUCCESS. dag_id=dag_cron_expression_03, task_id=task1, execution_date=20220426T030000, start_date=20230611T095717, end_date=20230611T095723
[2023-06-11T09:57:23.948+0000] {local_task_job_runner.py:225} INFO - Task exited with return code 0
[2023-06-11T09:57:24.057+0000] {taskinstance.py:2651} INFO - 0 downstream tasks scheduled from follow-on schedule check
[2023-06-11T11:14:09.655+0000] {taskinstance.py:1103} INFO - Dependencies all met for dep_context=non-requeueable deps ti=<TaskInstance: dag_cron_expression_03.task1 scheduled__2022-04-26T03:00:00+00:00 [queued]>
[2023-06-11T11:14:09.991+0000] {taskinstance.py:1103} INFO - Dependencies all met for dep_context=requeueable deps ti=<TaskInstance: dag_cron_expression_03.task1 scheduled__2022-04-26T03:00:00+00:00 [queued]>
[2023-06-11T11:14:09.992+0000] {taskinstance.py:1308} INFO - Starting attempt 1 of 6
[2023-06-11T11:14:10.575+0000] {taskinstance.py:1327} INFO - Executing <Task(BashOperator): task1> on 2022-04-26 03:00:00+00:00
[2023-06-11T11:14:10.798+0000] {standard_task_runner.py:57} INFO - Started process 142 to run task
[2023-06-11T11:14:10.917+0000] {standard_task_runner.py:84} INFO - Running: ['***', 'tasks', 'run', 'dag_cron_expression_03', 'task1', 'scheduled__2022-04-26T03:00:00+00:00', '--job-id', '502', '--raw', '--subdir', 'DAGS_FOLDER/dag_cron.py', '--cfg-path', '/tmp/tmpqevatobv']
[2023-06-11T11:14:10.979+0000] {standard_task_runner.py:85} INFO - Job 502: Subtask task1
[2023-06-11T11:14:12.465+0000] {task_command.py:410} INFO - Running <TaskInstance: dag_cron_expression_03.task1 scheduled__2022-04-26T03:00:00+00:00 [running]> on host 7586ce0070ac
[2023-06-11T11:14:16.062+0000] {taskinstance.py:1547} INFO - Exporting env vars: AIRFLOW_CTX_DAG_OWNER='Raja' AIRFLOW_CTX_DAG_ID='dag_cron_expression_03' AIRFLOW_CTX_TASK_ID='task1' AIRFLOW_CTX_EXECUTION_DATE='2022-04-26T03:00:00+00:00' AIRFLOW_CTX_TRY_NUMBER='1' AIRFLOW_CTX_DAG_RUN_ID='scheduled__2022-04-26T03:00:00+00:00'
[2023-06-11T11:14:16.064+0000] {subprocess.py:63} INFO - Tmp dir root location: 
 /tmp
[2023-06-11T11:14:16.065+0000] {subprocess.py:75} INFO - Running command: ['/bin/bash', '-c', 'echo dag with cron expression!']
[2023-06-11T11:14:16.364+0000] {subprocess.py:86} INFO - Output:
[2023-06-11T11:14:16.377+0000] {subprocess.py:93} INFO - dag with cron expression!
[2023-06-11T11:14:16.415+0000] {subprocess.py:97} INFO - Command exited with return code 0
[2023-06-11T11:14:16.904+0000] {taskinstance.py:1350} INFO - Marking task as SUCCESS. dag_id=dag_cron_expression_03, task_id=task1, execution_date=20220426T030000, start_date=20230611T111409, end_date=20230611T111416
[2023-06-11T11:14:17.871+0000] {local_task_job_runner.py:225} INFO - Task exited with return code 0
[2023-06-11T11:14:18.659+0000] {taskinstance.py:2651} INFO - 0 downstream tasks scheduled from follow-on schedule check
