[2023-06-11T09:46:02.183+0000] {taskinstance.py:1103} INFO - Dependencies all met for dep_context=non-requeueable deps ti=<TaskInstance: first_dag_02.thrid_task scheduled__2022-05-27T00:00:00+00:00 [queued]>
[2023-06-11T09:46:02.551+0000] {taskinstance.py:1103} INFO - Dependencies all met for dep_context=requeueable deps ti=<TaskInstance: first_dag_02.thrid_task scheduled__2022-05-27T00:00:00+00:00 [queued]>
[2023-06-11T09:46:02.551+0000] {taskinstance.py:1308} INFO - Starting attempt 1 of 6
[2023-06-11T09:46:03.059+0000] {taskinstance.py:1327} INFO - Executing <Task(BashOperator): thrid_task> on 2022-05-27 00:00:00+00:00
[2023-06-11T09:46:03.130+0000] {standard_task_runner.py:57} INFO - Started process 4807 to run task
[2023-06-11T09:46:03.163+0000] {standard_task_runner.py:84} INFO - Running: ['***', 'tasks', 'run', 'first_dag_02', 'thrid_task', 'scheduled__2022-05-27T00:00:00+00:00', '--job-id', '1473', '--raw', '--subdir', 'DAGS_FOLDER/First_dag.py', '--cfg-path', '/tmp/tmpbuse2way']
[2023-06-11T09:46:03.169+0000] {standard_task_runner.py:85} INFO - Job 1473: Subtask thrid_task
[2023-06-11T09:46:04.087+0000] {task_command.py:410} INFO - Running <TaskInstance: first_dag_02.thrid_task scheduled__2022-05-27T00:00:00+00:00 [running]> on host 964e508aad03
[2023-06-11T09:46:05.475+0000] {taskinstance.py:1547} INFO - Exporting env vars: AIRFLOW_CTX_DAG_OWNER='Raja' AIRFLOW_CTX_DAG_ID='first_dag_02' AIRFLOW_CTX_TASK_ID='thrid_task' AIRFLOW_CTX_EXECUTION_DATE='2022-05-27T00:00:00+00:00' AIRFLOW_CTX_TRY_NUMBER='1' AIRFLOW_CTX_DAG_RUN_ID='scheduled__2022-05-27T00:00:00+00:00'
[2023-06-11T09:46:05.478+0000] {subprocess.py:63} INFO - Tmp dir root location: 
 /tmp
[2023-06-11T09:46:05.479+0000] {subprocess.py:75} INFO - Running command: ['/bin/bash', '-c', 'echo hey, I am task3 and will be running after task1 at the same time as task2!']
[2023-06-11T09:46:05.656+0000] {subprocess.py:86} INFO - Output:
[2023-06-11T09:46:05.658+0000] {subprocess.py:93} INFO - hey, I am task3 and will be running after task1 at the same time as task2!
[2023-06-11T09:46:05.660+0000] {subprocess.py:97} INFO - Command exited with return code 0
[2023-06-11T09:46:05.991+0000] {taskinstance.py:1350} INFO - Marking task as SUCCESS. dag_id=first_dag_02, task_id=thrid_task, execution_date=20220527T000000, start_date=20230611T094602, end_date=20230611T094605
[2023-06-11T09:46:06.451+0000] {local_task_job_runner.py:225} INFO - Task exited with return code 0
[2023-06-11T09:46:06.926+0000] {taskinstance.py:2651} INFO - 0 downstream tasks scheduled from follow-on schedule check
[2023-06-11T15:32:35.475+0000] {taskinstance.py:1103} INFO - Dependencies all met for dep_context=non-requeueable deps ti=<TaskInstance: first_dag_02.thrid_task scheduled__2022-05-27T00:00:00+00:00 [queued]>
[2023-06-11T15:32:35.920+0000] {taskinstance.py:1103} INFO - Dependencies all met for dep_context=requeueable deps ti=<TaskInstance: first_dag_02.thrid_task scheduled__2022-05-27T00:00:00+00:00 [queued]>
[2023-06-11T15:32:35.937+0000] {taskinstance.py:1308} INFO - Starting attempt 1 of 6
[2023-06-11T15:32:36.535+0000] {taskinstance.py:1327} INFO - Executing <Task(BashOperator): thrid_task> on 2022-05-27 00:00:00+00:00
[2023-06-11T15:32:36.559+0000] {standard_task_runner.py:57} INFO - Started process 1343 to run task
[2023-06-11T15:32:36.617+0000] {standard_task_runner.py:84} INFO - Running: ['***', 'tasks', 'run', 'first_dag_02', 'thrid_task', 'scheduled__2022-05-27T00:00:00+00:00', '--job-id', '1497', '--raw', '--subdir', 'DAGS_FOLDER/First_dag.py', '--cfg-path', '/tmp/tmpnxxhc6wr']
[2023-06-11T15:32:36.618+0000] {standard_task_runner.py:85} INFO - Job 1497: Subtask thrid_task
[2023-06-11T15:32:37.230+0000] {task_command.py:410} INFO - Running <TaskInstance: first_dag_02.thrid_task scheduled__2022-05-27T00:00:00+00:00 [running]> on host 7586ce0070ac
[2023-06-11T15:32:39.003+0000] {taskinstance.py:1547} INFO - Exporting env vars: AIRFLOW_CTX_DAG_OWNER='Raja' AIRFLOW_CTX_DAG_ID='first_dag_02' AIRFLOW_CTX_TASK_ID='thrid_task' AIRFLOW_CTX_EXECUTION_DATE='2022-05-27T00:00:00+00:00' AIRFLOW_CTX_TRY_NUMBER='1' AIRFLOW_CTX_DAG_RUN_ID='scheduled__2022-05-27T00:00:00+00:00'
[2023-06-11T15:32:39.006+0000] {subprocess.py:63} INFO - Tmp dir root location: 
 /tmp
[2023-06-11T15:32:39.006+0000] {subprocess.py:75} INFO - Running command: ['/bin/bash', '-c', 'echo hey, I am task3 and will be running after task1 at the same time as task2!']
[2023-06-11T15:32:39.112+0000] {subprocess.py:86} INFO - Output:
[2023-06-11T15:32:39.112+0000] {subprocess.py:93} INFO - hey, I am task3 and will be running after task1 at the same time as task2!
[2023-06-11T15:32:39.113+0000] {subprocess.py:97} INFO - Command exited with return code 0
[2023-06-11T15:32:39.637+0000] {taskinstance.py:1350} INFO - Marking task as SUCCESS. dag_id=first_dag_02, task_id=thrid_task, execution_date=20220527T000000, start_date=20230611T153235, end_date=20230611T153239
[2023-06-11T15:32:40.101+0000] {local_task_job_runner.py:225} INFO - Task exited with return code 0
[2023-06-11T15:32:40.587+0000] {taskinstance.py:2651} INFO - 0 downstream tasks scheduled from follow-on schedule check
