[2023-06-11T08:58:03.577+0000] {taskinstance.py:1103} INFO - Dependencies all met for dep_context=non-requeueable deps ti=<TaskInstance: first_dag_02.thrid_task scheduled__2022-01-10T00:00:00+00:00 [queued]>
[2023-06-11T08:58:03.646+0000] {taskinstance.py:1103} INFO - Dependencies all met for dep_context=requeueable deps ti=<TaskInstance: first_dag_02.thrid_task scheduled__2022-01-10T00:00:00+00:00 [queued]>
[2023-06-11T08:58:03.646+0000] {taskinstance.py:1308} INFO - Starting attempt 1 of 6
[2023-06-11T08:58:04.019+0000] {taskinstance.py:1327} INFO - Executing <Task(BashOperator): thrid_task> on 2022-01-10 00:00:00+00:00
[2023-06-11T08:58:04.098+0000] {standard_task_runner.py:57} INFO - Started process 2619 to run task
[2023-06-11T08:58:04.149+0000] {standard_task_runner.py:84} INFO - Running: ['***', 'tasks', 'run', 'first_dag_02', 'thrid_task', 'scheduled__2022-01-10T00:00:00+00:00', '--job-id', '817', '--raw', '--subdir', 'DAGS_FOLDER/First_dag.py', '--cfg-path', '/tmp/tmpvw86vk6l']
[2023-06-11T08:58:04.160+0000] {standard_task_runner.py:85} INFO - Job 817: Subtask thrid_task
[2023-06-11T08:58:04.666+0000] {task_command.py:410} INFO - Running <TaskInstance: first_dag_02.thrid_task scheduled__2022-01-10T00:00:00+00:00 [running]> on host 964e508aad03
[2023-06-11T08:58:06.259+0000] {taskinstance.py:1547} INFO - Exporting env vars: AIRFLOW_CTX_DAG_OWNER='Raja' AIRFLOW_CTX_DAG_ID='first_dag_02' AIRFLOW_CTX_TASK_ID='thrid_task' AIRFLOW_CTX_EXECUTION_DATE='2022-01-10T00:00:00+00:00' AIRFLOW_CTX_TRY_NUMBER='1' AIRFLOW_CTX_DAG_RUN_ID='scheduled__2022-01-10T00:00:00+00:00'
[2023-06-11T08:58:06.266+0000] {subprocess.py:63} INFO - Tmp dir root location: 
 /tmp
[2023-06-11T08:58:06.267+0000] {subprocess.py:75} INFO - Running command: ['/bin/bash', '-c', 'echo hey, I am task3 and will be running after task1 at the same time as task2!']
[2023-06-11T08:58:06.458+0000] {subprocess.py:86} INFO - Output:
[2023-06-11T08:58:06.475+0000] {subprocess.py:93} INFO - hey, I am task3 and will be running after task1 at the same time as task2!
[2023-06-11T08:58:06.476+0000] {subprocess.py:97} INFO - Command exited with return code 0
[2023-06-11T08:58:06.860+0000] {taskinstance.py:1350} INFO - Marking task as SUCCESS. dag_id=first_dag_02, task_id=thrid_task, execution_date=20220110T000000, start_date=20230611T085803, end_date=20230611T085806
[2023-06-11T08:58:07.189+0000] {local_task_job_runner.py:225} INFO - Task exited with return code 0
[2023-06-11T08:58:07.547+0000] {taskinstance.py:2651} INFO - 0 downstream tasks scheduled from follow-on schedule check
[2023-06-11T11:29:08.551+0000] {taskinstance.py:1103} INFO - Dependencies all met for dep_context=non-requeueable deps ti=<TaskInstance: first_dag_02.thrid_task scheduled__2022-01-10T00:00:00+00:00 [queued]>
[2023-06-11T11:29:08.931+0000] {taskinstance.py:1103} INFO - Dependencies all met for dep_context=requeueable deps ti=<TaskInstance: first_dag_02.thrid_task scheduled__2022-01-10T00:00:00+00:00 [queued]>
[2023-06-11T11:29:08.942+0000] {taskinstance.py:1308} INFO - Starting attempt 1 of 6
[2023-06-11T11:29:09.820+0000] {taskinstance.py:1327} INFO - Executing <Task(BashOperator): thrid_task> on 2022-01-10 00:00:00+00:00
[2023-06-11T11:29:09.920+0000] {standard_task_runner.py:57} INFO - Started process 128 to run task
[2023-06-11T11:29:10.210+0000] {standard_task_runner.py:84} INFO - Running: ['***', 'tasks', 'run', 'first_dag_02', 'thrid_task', 'scheduled__2022-01-10T00:00:00+00:00', '--job-id', '848', '--raw', '--subdir', 'DAGS_FOLDER/First_dag.py', '--cfg-path', '/tmp/tmp0yg3f8ds']
[2023-06-11T11:29:10.211+0000] {standard_task_runner.py:85} INFO - Job 848: Subtask thrid_task
[2023-06-11T11:29:11.146+0000] {task_command.py:410} INFO - Running <TaskInstance: first_dag_02.thrid_task scheduled__2022-01-10T00:00:00+00:00 [running]> on host 7586ce0070ac
[2023-06-11T11:29:13.506+0000] {taskinstance.py:1547} INFO - Exporting env vars: AIRFLOW_CTX_DAG_OWNER='Raja' AIRFLOW_CTX_DAG_ID='first_dag_02' AIRFLOW_CTX_TASK_ID='thrid_task' AIRFLOW_CTX_EXECUTION_DATE='2022-01-10T00:00:00+00:00' AIRFLOW_CTX_TRY_NUMBER='1' AIRFLOW_CTX_DAG_RUN_ID='scheduled__2022-01-10T00:00:00+00:00'
[2023-06-11T11:29:13.523+0000] {subprocess.py:63} INFO - Tmp dir root location: 
 /tmp
[2023-06-11T11:29:13.525+0000] {subprocess.py:75} INFO - Running command: ['/bin/bash', '-c', 'echo hey, I am task3 and will be running after task1 at the same time as task2!']
[2023-06-11T11:29:13.684+0000] {subprocess.py:86} INFO - Output:
[2023-06-11T11:29:13.703+0000] {subprocess.py:93} INFO - hey, I am task3 and will be running after task1 at the same time as task2!
[2023-06-11T11:29:13.704+0000] {subprocess.py:97} INFO - Command exited with return code 0
[2023-06-11T11:29:14.812+0000] {taskinstance.py:1350} INFO - Marking task as SUCCESS. dag_id=first_dag_02, task_id=thrid_task, execution_date=20220110T000000, start_date=20230611T112908, end_date=20230611T112914
[2023-06-11T11:29:15.642+0000] {local_task_job_runner.py:225} INFO - Task exited with return code 0
[2023-06-11T11:29:16.307+0000] {taskinstance.py:2651} INFO - 0 downstream tasks scheduled from follow-on schedule check
