[2023-06-10T17:28:20.707+0000] {taskinstance.py:1103} INFO - Dependencies all met for dep_context=non-requeueable deps ti=<TaskInstance: first_dag_02.thrid_task scheduled__2021-08-11T00:00:00+00:00 [queued]>
[2023-06-10T17:28:20.784+0000] {taskinstance.py:1103} INFO - Dependencies all met for dep_context=requeueable deps ti=<TaskInstance: first_dag_02.thrid_task scheduled__2021-08-11T00:00:00+00:00 [queued]>
[2023-06-10T17:28:20.785+0000] {taskinstance.py:1308} INFO - Starting attempt 1 of 6
[2023-06-10T17:28:21.701+0000] {taskinstance.py:1327} INFO - Executing <Task(BashOperator): thrid_task> on 2021-08-11 00:00:00+00:00
[2023-06-10T17:28:21.734+0000] {standard_task_runner.py:57} INFO - Started process 1002 to run task
[2023-06-10T17:28:21.743+0000] {standard_task_runner.py:84} INFO - Running: ['***', 'tasks', 'run', 'first_dag_02', 'thrid_task', 'scheduled__2021-08-11T00:00:00+00:00', '--job-id', '1837', '--raw', '--subdir', 'DAGS_FOLDER/First_dag.py', '--cfg-path', '/tmp/tmp0nknkjew']
[2023-06-10T17:28:21.745+0000] {standard_task_runner.py:85} INFO - Job 1837: Subtask thrid_task
[2023-06-10T17:28:26.140+0000] {task_command.py:410} INFO - Running <TaskInstance: first_dag_02.thrid_task scheduled__2021-08-11T00:00:00+00:00 [running]> on host e326d5f70fa9
[2023-06-10T17:28:30.852+0000] {taskinstance.py:1547} INFO - Exporting env vars: AIRFLOW_CTX_DAG_OWNER='Raja' AIRFLOW_CTX_DAG_ID='first_dag_02' AIRFLOW_CTX_TASK_ID='thrid_task' AIRFLOW_CTX_EXECUTION_DATE='2021-08-11T00:00:00+00:00' AIRFLOW_CTX_TRY_NUMBER='1' AIRFLOW_CTX_DAG_RUN_ID='scheduled__2021-08-11T00:00:00+00:00'
[2023-06-10T17:28:30.854+0000] {subprocess.py:63} INFO - Tmp dir root location: 
 /tmp
[2023-06-10T17:28:30.977+0000] {subprocess.py:75} INFO - Running command: ['/bin/bash', '-c', 'echo hey, I am task3 and will be running after task1 at the same time as task2!']
[2023-06-10T17:28:32.189+0000] {subprocess.py:86} INFO - Output:
[2023-06-10T17:28:32.342+0000] {subprocess.py:93} INFO - hey, I am task3 and will be running after task1 at the same time as task2!
[2023-06-10T17:28:32.342+0000] {subprocess.py:97} INFO - Command exited with return code 0
[2023-06-10T17:28:34.471+0000] {taskinstance.py:1350} INFO - Marking task as SUCCESS. dag_id=first_dag_02, task_id=thrid_task, execution_date=20210811T000000, start_date=20230610T172820, end_date=20230610T172834
[2023-06-10T17:28:34.844+0000] {local_task_job_runner.py:225} INFO - Task exited with return code 0
[2023-06-10T17:28:36.907+0000] {taskinstance.py:2651} INFO - 0 downstream tasks scheduled from follow-on schedule check
[2023-06-11T04:45:43.873+0000] {taskinstance.py:1103} INFO - Dependencies all met for dep_context=non-requeueable deps ti=<TaskInstance: first_dag_02.thrid_task scheduled__2021-08-11T00:00:00+00:00 [queued]>
[2023-06-11T04:45:44.041+0000] {taskinstance.py:1103} INFO - Dependencies all met for dep_context=requeueable deps ti=<TaskInstance: first_dag_02.thrid_task scheduled__2021-08-11T00:00:00+00:00 [queued]>
[2023-06-11T04:45:44.041+0000] {taskinstance.py:1308} INFO - Starting attempt 1 of 6
[2023-06-11T04:45:44.268+0000] {taskinstance.py:1327} INFO - Executing <Task(BashOperator): thrid_task> on 2021-08-11 00:00:00+00:00
[2023-06-11T04:45:44.303+0000] {standard_task_runner.py:57} INFO - Started process 316 to run task
[2023-06-11T04:45:44.347+0000] {standard_task_runner.py:84} INFO - Running: ['***', 'tasks', 'run', 'first_dag_02', 'thrid_task', 'scheduled__2021-08-11T00:00:00+00:00', '--job-id', '86', '--raw', '--subdir', 'DAGS_FOLDER/First_dag.py', '--cfg-path', '/tmp/tmpi5glivpy']
[2023-06-11T04:45:44.354+0000] {standard_task_runner.py:85} INFO - Job 86: Subtask thrid_task
[2023-06-11T04:45:44.960+0000] {task_command.py:410} INFO - Running <TaskInstance: first_dag_02.thrid_task scheduled__2021-08-11T00:00:00+00:00 [running]> on host 4b1b5d40d165
[2023-06-11T04:45:47.431+0000] {taskinstance.py:1547} INFO - Exporting env vars: AIRFLOW_CTX_DAG_OWNER='Raja' AIRFLOW_CTX_DAG_ID='first_dag_02' AIRFLOW_CTX_TASK_ID='thrid_task' AIRFLOW_CTX_EXECUTION_DATE='2021-08-11T00:00:00+00:00' AIRFLOW_CTX_TRY_NUMBER='1' AIRFLOW_CTX_DAG_RUN_ID='scheduled__2021-08-11T00:00:00+00:00'
[2023-06-11T04:45:47.439+0000] {subprocess.py:63} INFO - Tmp dir root location: 
 /tmp
[2023-06-11T04:45:47.454+0000] {subprocess.py:75} INFO - Running command: ['/bin/bash', '-c', 'echo hey, I am task3 and will be running after task1 at the same time as task2!']
[2023-06-11T04:45:47.534+0000] {subprocess.py:86} INFO - Output:
[2023-06-11T04:45:47.569+0000] {subprocess.py:93} INFO - hey, I am task3 and will be running after task1 at the same time as task2!
[2023-06-11T04:45:47.579+0000] {subprocess.py:97} INFO - Command exited with return code 0
[2023-06-11T04:45:47.887+0000] {taskinstance.py:1350} INFO - Marking task as SUCCESS. dag_id=first_dag_02, task_id=thrid_task, execution_date=20210811T000000, start_date=20230611T044543, end_date=20230611T044547
[2023-06-11T04:45:48.256+0000] {local_task_job_runner.py:225} INFO - Task exited with return code 0
[2023-06-11T04:45:49.015+0000] {taskinstance.py:2651} INFO - 0 downstream tasks scheduled from follow-on schedule check
[2023-06-11T05:15:55.458+0000] {taskinstance.py:1103} INFO - Dependencies all met for dep_context=non-requeueable deps ti=<TaskInstance: first_dag_02.thrid_task scheduled__2021-08-11T00:00:00+00:00 [queued]>
[2023-06-11T05:15:55.841+0000] {taskinstance.py:1103} INFO - Dependencies all met for dep_context=requeueable deps ti=<TaskInstance: first_dag_02.thrid_task scheduled__2021-08-11T00:00:00+00:00 [queued]>
[2023-06-11T05:15:55.841+0000] {taskinstance.py:1308} INFO - Starting attempt 1 of 6
[2023-06-11T05:15:56.444+0000] {taskinstance.py:1327} INFO - Executing <Task(BashOperator): thrid_task> on 2021-08-11 00:00:00+00:00
[2023-06-11T05:15:56.519+0000] {standard_task_runner.py:57} INFO - Started process 320 to run task
[2023-06-11T05:15:56.557+0000] {standard_task_runner.py:84} INFO - Running: ['***', 'tasks', 'run', 'first_dag_02', 'thrid_task', 'scheduled__2021-08-11T00:00:00+00:00', '--job-id', '76', '--raw', '--subdir', 'DAGS_FOLDER/First_dag.py', '--cfg-path', '/tmp/tmpwlrwmeqs']
[2023-06-11T05:15:56.578+0000] {standard_task_runner.py:85} INFO - Job 76: Subtask thrid_task
[2023-06-11T05:15:57.791+0000] {task_command.py:410} INFO - Running <TaskInstance: first_dag_02.thrid_task scheduled__2021-08-11T00:00:00+00:00 [running]> on host 69e374580eab
[2023-06-11T05:16:02.888+0000] {taskinstance.py:1547} INFO - Exporting env vars: AIRFLOW_CTX_DAG_OWNER='Raja' AIRFLOW_CTX_DAG_ID='first_dag_02' AIRFLOW_CTX_TASK_ID='thrid_task' AIRFLOW_CTX_EXECUTION_DATE='2021-08-11T00:00:00+00:00' AIRFLOW_CTX_TRY_NUMBER='1' AIRFLOW_CTX_DAG_RUN_ID='scheduled__2021-08-11T00:00:00+00:00'
[2023-06-11T05:16:02.897+0000] {subprocess.py:63} INFO - Tmp dir root location: 
 /tmp
[2023-06-11T05:16:02.909+0000] {subprocess.py:75} INFO - Running command: ['/bin/bash', '-c', 'echo hey, I am task3 and will be running after task1 at the same time as task2!']
[2023-06-11T05:16:03.063+0000] {subprocess.py:86} INFO - Output:
[2023-06-11T05:16:03.075+0000] {subprocess.py:93} INFO - hey, I am task3 and will be running after task1 at the same time as task2!
[2023-06-11T05:16:03.078+0000] {subprocess.py:97} INFO - Command exited with return code 0
[2023-06-11T05:16:03.311+0000] {taskinstance.py:1350} INFO - Marking task as SUCCESS. dag_id=first_dag_02, task_id=thrid_task, execution_date=20210811T000000, start_date=20230611T051555, end_date=20230611T051603
[2023-06-11T05:16:05.021+0000] {local_task_job_runner.py:225} INFO - Task exited with return code 0
[2023-06-11T05:16:05.743+0000] {taskinstance.py:2651} INFO - 0 downstream tasks scheduled from follow-on schedule check
[2023-06-11T08:17:42.856+0000] {taskinstance.py:1103} INFO - Dependencies all met for dep_context=non-requeueable deps ti=<TaskInstance: first_dag_02.thrid_task scheduled__2021-08-11T00:00:00+00:00 [queued]>
[2023-06-11T08:17:43.571+0000] {taskinstance.py:1103} INFO - Dependencies all met for dep_context=requeueable deps ti=<TaskInstance: first_dag_02.thrid_task scheduled__2021-08-11T00:00:00+00:00 [queued]>
[2023-06-11T08:17:43.572+0000] {taskinstance.py:1308} INFO - Starting attempt 1 of 6
[2023-06-11T08:17:44.908+0000] {taskinstance.py:1327} INFO - Executing <Task(BashOperator): thrid_task> on 2021-08-11 00:00:00+00:00
[2023-06-11T08:17:45.077+0000] {standard_task_runner.py:57} INFO - Started process 390 to run task
[2023-06-11T08:17:45.123+0000] {standard_task_runner.py:84} INFO - Running: ['***', 'tasks', 'run', 'first_dag_02', 'thrid_task', 'scheduled__2021-08-11T00:00:00+00:00', '--job-id', '137', '--raw', '--subdir', 'DAGS_FOLDER/First_dag.py', '--cfg-path', '/tmp/tmpw9m909m1']
[2023-06-11T08:17:45.124+0000] {standard_task_runner.py:85} INFO - Job 137: Subtask thrid_task
[2023-06-11T08:17:47.412+0000] {task_command.py:410} INFO - Running <TaskInstance: first_dag_02.thrid_task scheduled__2021-08-11T00:00:00+00:00 [running]> on host 492037cdd057
[2023-06-11T08:17:51.771+0000] {taskinstance.py:1547} INFO - Exporting env vars: AIRFLOW_CTX_DAG_OWNER='Raja' AIRFLOW_CTX_DAG_ID='first_dag_02' AIRFLOW_CTX_TASK_ID='thrid_task' AIRFLOW_CTX_EXECUTION_DATE='2021-08-11T00:00:00+00:00' AIRFLOW_CTX_TRY_NUMBER='1' AIRFLOW_CTX_DAG_RUN_ID='scheduled__2021-08-11T00:00:00+00:00'
[2023-06-11T08:17:51.773+0000] {subprocess.py:63} INFO - Tmp dir root location: 
 /tmp
[2023-06-11T08:17:51.832+0000] {subprocess.py:75} INFO - Running command: ['/bin/bash', '-c', 'echo hey, I am task3 and will be running after task1 at the same time as task2!']
[2023-06-11T08:17:52.254+0000] {subprocess.py:86} INFO - Output:
[2023-06-11T08:17:52.273+0000] {subprocess.py:93} INFO - hey, I am task3 and will be running after task1 at the same time as task2!
[2023-06-11T08:17:52.275+0000] {subprocess.py:97} INFO - Command exited with return code 0
[2023-06-11T08:17:52.851+0000] {taskinstance.py:1350} INFO - Marking task as SUCCESS. dag_id=first_dag_02, task_id=thrid_task, execution_date=20210811T000000, start_date=20230611T081742, end_date=20230611T081752
[2023-06-11T08:17:53.549+0000] {local_task_job_runner.py:225} INFO - Task exited with return code 0
[2023-06-11T08:17:54.588+0000] {taskinstance.py:2651} INFO - 0 downstream tasks scheduled from follow-on schedule check
[2023-06-11T08:47:53.564+0000] {taskinstance.py:1103} INFO - Dependencies all met for dep_context=non-requeueable deps ti=<TaskInstance: first_dag_02.thrid_task scheduled__2021-08-11T00:00:00+00:00 [queued]>
[2023-06-11T08:47:53.901+0000] {taskinstance.py:1103} INFO - Dependencies all met for dep_context=requeueable deps ti=<TaskInstance: first_dag_02.thrid_task scheduled__2021-08-11T00:00:00+00:00 [queued]>
[2023-06-11T08:47:53.908+0000] {taskinstance.py:1308} INFO - Starting attempt 1 of 6
[2023-06-11T08:47:54.355+0000] {taskinstance.py:1327} INFO - Executing <Task(BashOperator): thrid_task> on 2021-08-11 00:00:00+00:00
[2023-06-11T08:47:54.389+0000] {standard_task_runner.py:57} INFO - Started process 322 to run task
[2023-06-11T08:47:54.457+0000] {standard_task_runner.py:84} INFO - Running: ['***', 'tasks', 'run', 'first_dag_02', 'thrid_task', 'scheduled__2021-08-11T00:00:00+00:00', '--job-id', '92', '--raw', '--subdir', 'DAGS_FOLDER/First_dag.py', '--cfg-path', '/tmp/tmpuqom_nv2']
[2023-06-11T08:47:54.458+0000] {standard_task_runner.py:85} INFO - Job 92: Subtask thrid_task
[2023-06-11T08:47:55.131+0000] {task_command.py:410} INFO - Running <TaskInstance: first_dag_02.thrid_task scheduled__2021-08-11T00:00:00+00:00 [running]> on host 964e508aad03
[2023-06-11T08:47:57.181+0000] {taskinstance.py:1547} INFO - Exporting env vars: AIRFLOW_CTX_DAG_OWNER='Raja' AIRFLOW_CTX_DAG_ID='first_dag_02' AIRFLOW_CTX_TASK_ID='thrid_task' AIRFLOW_CTX_EXECUTION_DATE='2021-08-11T00:00:00+00:00' AIRFLOW_CTX_TRY_NUMBER='1' AIRFLOW_CTX_DAG_RUN_ID='scheduled__2021-08-11T00:00:00+00:00'
[2023-06-11T08:47:57.183+0000] {subprocess.py:63} INFO - Tmp dir root location: 
 /tmp
[2023-06-11T08:47:57.184+0000] {subprocess.py:75} INFO - Running command: ['/bin/bash', '-c', 'echo hey, I am task3 and will be running after task1 at the same time as task2!']
[2023-06-11T08:47:57.400+0000] {subprocess.py:86} INFO - Output:
[2023-06-11T08:47:57.416+0000] {subprocess.py:93} INFO - hey, I am task3 and will be running after task1 at the same time as task2!
[2023-06-11T08:47:57.464+0000] {subprocess.py:97} INFO - Command exited with return code 0
[2023-06-11T08:47:57.670+0000] {taskinstance.py:1350} INFO - Marking task as SUCCESS. dag_id=first_dag_02, task_id=thrid_task, execution_date=20210811T000000, start_date=20230611T084753, end_date=20230611T084757
[2023-06-11T08:47:58.074+0000] {local_task_job_runner.py:225} INFO - Task exited with return code 0
[2023-06-11T08:47:58.523+0000] {taskinstance.py:2651} INFO - 0 downstream tasks scheduled from follow-on schedule check
[2023-06-11T10:39:00.141+0000] {taskinstance.py:1103} INFO - Dependencies all met for dep_context=non-requeueable deps ti=<TaskInstance: first_dag_02.thrid_task scheduled__2021-08-11T00:00:00+00:00 [queued]>
[2023-06-11T10:39:00.282+0000] {taskinstance.py:1103} INFO - Dependencies all met for dep_context=requeueable deps ti=<TaskInstance: first_dag_02.thrid_task scheduled__2021-08-11T00:00:00+00:00 [queued]>
[2023-06-11T10:39:00.284+0000] {taskinstance.py:1308} INFO - Starting attempt 1 of 6
[2023-06-11T10:39:01.319+0000] {taskinstance.py:1327} INFO - Executing <Task(BashOperator): thrid_task> on 2021-08-11 00:00:00+00:00
[2023-06-11T10:39:01.593+0000] {standard_task_runner.py:57} INFO - Started process 390 to run task
[2023-06-11T10:39:01.835+0000] {standard_task_runner.py:84} INFO - Running: ['***', 'tasks', 'run', 'first_dag_02', 'thrid_task', 'scheduled__2021-08-11T00:00:00+00:00', '--job-id', '102', '--raw', '--subdir', 'DAGS_FOLDER/First_dag.py', '--cfg-path', '/tmp/tmp4fabixfg']
[2023-06-11T10:39:01.836+0000] {standard_task_runner.py:85} INFO - Job 102: Subtask thrid_task
[2023-06-11T10:39:03.087+0000] {task_command.py:410} INFO - Running <TaskInstance: first_dag_02.thrid_task scheduled__2021-08-11T00:00:00+00:00 [running]> on host 7586ce0070ac
[2023-06-11T10:39:06.384+0000] {taskinstance.py:1547} INFO - Exporting env vars: AIRFLOW_CTX_DAG_OWNER='Raja' AIRFLOW_CTX_DAG_ID='first_dag_02' AIRFLOW_CTX_TASK_ID='thrid_task' AIRFLOW_CTX_EXECUTION_DATE='2021-08-11T00:00:00+00:00' AIRFLOW_CTX_TRY_NUMBER='1' AIRFLOW_CTX_DAG_RUN_ID='scheduled__2021-08-11T00:00:00+00:00'
[2023-06-11T10:39:06.409+0000] {subprocess.py:63} INFO - Tmp dir root location: 
 /tmp
[2023-06-11T10:39:06.410+0000] {subprocess.py:75} INFO - Running command: ['/bin/bash', '-c', 'echo hey, I am task3 and will be running after task1 at the same time as task2!']
[2023-06-11T10:39:07.149+0000] {subprocess.py:86} INFO - Output:
[2023-06-11T10:39:07.201+0000] {subprocess.py:93} INFO - hey, I am task3 and will be running after task1 at the same time as task2!
[2023-06-11T10:39:07.221+0000] {subprocess.py:97} INFO - Command exited with return code 0
[2023-06-11T10:39:07.990+0000] {taskinstance.py:1350} INFO - Marking task as SUCCESS. dag_id=first_dag_02, task_id=thrid_task, execution_date=20210811T000000, start_date=20230611T103900, end_date=20230611T103907
[2023-06-11T10:39:09.403+0000] {local_task_job_runner.py:225} INFO - Task exited with return code 0
[2023-06-11T10:39:10.939+0000] {taskinstance.py:2651} INFO - 0 downstream tasks scheduled from follow-on schedule check
