[2023-06-11T04:50:21.014+0000] {taskinstance.py:1103} INFO - Dependencies all met for dep_context=non-requeueable deps ti=<TaskInstance: first_dag_02.second_task scheduled__2021-09-23T00:00:00+00:00 [queued]>
[2023-06-11T04:50:21.131+0000] {taskinstance.py:1103} INFO - Dependencies all met for dep_context=requeueable deps ti=<TaskInstance: first_dag_02.second_task scheduled__2021-09-23T00:00:00+00:00 [queued]>
[2023-06-11T04:50:21.135+0000] {taskinstance.py:1308} INFO - Starting attempt 1 of 6
[2023-06-11T04:50:22.308+0000] {taskinstance.py:1327} INFO - Executing <Task(BashOperator): second_task> on 2021-09-23 00:00:00+00:00
[2023-06-11T04:50:22.348+0000] {standard_task_runner.py:57} INFO - Started process 794 to run task
[2023-06-11T04:50:22.484+0000] {standard_task_runner.py:84} INFO - Running: ['***', 'tasks', 'run', 'first_dag_02', 'second_task', 'scheduled__2021-09-23T00:00:00+00:00', '--job-id', '234', '--raw', '--subdir', 'DAGS_FOLDER/First_dag.py', '--cfg-path', '/tmp/tmphypwcgk4']
[2023-06-11T04:50:22.552+0000] {standard_task_runner.py:85} INFO - Job 234: Subtask second_task
[2023-06-11T04:50:23.922+0000] {task_command.py:410} INFO - Running <TaskInstance: first_dag_02.second_task scheduled__2021-09-23T00:00:00+00:00 [running]> on host 4b1b5d40d165
[2023-06-11T04:50:29.885+0000] {taskinstance.py:1547} INFO - Exporting env vars: AIRFLOW_CTX_DAG_OWNER='Raja' AIRFLOW_CTX_DAG_ID='first_dag_02' AIRFLOW_CTX_TASK_ID='second_task' AIRFLOW_CTX_EXECUTION_DATE='2021-09-23T00:00:00+00:00' AIRFLOW_CTX_TRY_NUMBER='1' AIRFLOW_CTX_DAG_RUN_ID='scheduled__2021-09-23T00:00:00+00:00'
[2023-06-11T04:50:29.888+0000] {subprocess.py:63} INFO - Tmp dir root location: 
 /tmp
[2023-06-11T04:50:29.889+0000] {subprocess.py:75} INFO - Running command: ['/bin/bash', '-c', 'echo hey, I am task2 and will be running after task1!']
[2023-06-11T04:50:29.951+0000] {subprocess.py:86} INFO - Output:
[2023-06-11T04:50:29.968+0000] {subprocess.py:93} INFO - hey, I am task2 and will be running after task1!
[2023-06-11T04:50:29.969+0000] {subprocess.py:97} INFO - Command exited with return code 0
[2023-06-11T04:50:32.502+0000] {taskinstance.py:1350} INFO - Marking task as SUCCESS. dag_id=first_dag_02, task_id=second_task, execution_date=20210923T000000, start_date=20230611T045021, end_date=20230611T045032
[2023-06-11T04:50:34.071+0000] {local_task_job_runner.py:225} INFO - Task exited with return code 0
[2023-06-11T04:50:35.342+0000] {taskinstance.py:2651} INFO - 0 downstream tasks scheduled from follow-on schedule check
[2023-06-11T08:27:52.500+0000] {taskinstance.py:1103} INFO - Dependencies all met for dep_context=non-requeueable deps ti=<TaskInstance: first_dag_02.second_task scheduled__2021-09-23T00:00:00+00:00 [queued]>
[2023-06-11T08:27:53.689+0000] {taskinstance.py:1103} INFO - Dependencies all met for dep_context=requeueable deps ti=<TaskInstance: first_dag_02.second_task scheduled__2021-09-23T00:00:00+00:00 [queued]>
[2023-06-11T08:27:53.719+0000] {taskinstance.py:1308} INFO - Starting attempt 1 of 6
[2023-06-11T08:27:56.049+0000] {taskinstance.py:1327} INFO - Executing <Task(BashOperator): second_task> on 2021-09-23 00:00:00+00:00
[2023-06-11T08:27:56.468+0000] {standard_task_runner.py:57} INFO - Started process 1219 to run task
[2023-06-11T08:27:56.589+0000] {standard_task_runner.py:84} INFO - Running: ['***', 'tasks', 'run', 'first_dag_02', 'second_task', 'scheduled__2021-09-23T00:00:00+00:00', '--job-id', '375', '--raw', '--subdir', 'DAGS_FOLDER/First_dag.py', '--cfg-path', '/tmp/tmpnqm741e8']
[2023-06-11T08:27:56.598+0000] {standard_task_runner.py:85} INFO - Job 375: Subtask second_task
[2023-06-11T08:27:58.571+0000] {task_command.py:410} INFO - Running <TaskInstance: first_dag_02.second_task scheduled__2021-09-23T00:00:00+00:00 [running]> on host 492037cdd057
[2023-06-11T08:28:13.532+0000] {taskinstance.py:1547} INFO - Exporting env vars: AIRFLOW_CTX_DAG_OWNER='Raja' AIRFLOW_CTX_DAG_ID='first_dag_02' AIRFLOW_CTX_TASK_ID='second_task' AIRFLOW_CTX_EXECUTION_DATE='2021-09-23T00:00:00+00:00' AIRFLOW_CTX_TRY_NUMBER='1' AIRFLOW_CTX_DAG_RUN_ID='scheduled__2021-09-23T00:00:00+00:00'
[2023-06-11T08:28:13.855+0000] {subprocess.py:63} INFO - Tmp dir root location: 
 /tmp
[2023-06-11T08:28:13.859+0000] {subprocess.py:75} INFO - Running command: ['/bin/bash', '-c', 'echo hey, I am task2 and will be running after task1!']
[2023-06-11T08:28:15.043+0000] {subprocess.py:86} INFO - Output:
[2023-06-11T08:28:17.120+0000] {subprocess.py:93} INFO - hey, I am task2 and will be running after task1!
[2023-06-11T08:28:17.300+0000] {subprocess.py:97} INFO - Command exited with return code 0
[2023-06-11T08:28:35.436+0000] {taskinstance.py:1350} INFO - Marking task as SUCCESS. dag_id=first_dag_02, task_id=second_task, execution_date=20210923T000000, start_date=20230611T082752, end_date=20230611T082834
[2023-06-11T08:28:38.906+0000] {local_task_job_runner.py:225} INFO - Task exited with return code 0
[2023-06-11T08:28:39.847+0000] {taskinstance.py:2651} INFO - 0 downstream tasks scheduled from follow-on schedule check
[2023-06-11T08:50:57.252+0000] {taskinstance.py:1103} INFO - Dependencies all met for dep_context=non-requeueable deps ti=<TaskInstance: first_dag_02.second_task scheduled__2021-09-23T00:00:00+00:00 [queued]>
[2023-06-11T08:50:57.453+0000] {taskinstance.py:1103} INFO - Dependencies all met for dep_context=requeueable deps ti=<TaskInstance: first_dag_02.second_task scheduled__2021-09-23T00:00:00+00:00 [queued]>
[2023-06-11T08:50:57.454+0000] {taskinstance.py:1308} INFO - Starting attempt 1 of 6
[2023-06-11T08:50:57.808+0000] {taskinstance.py:1327} INFO - Executing <Task(BashOperator): second_task> on 2021-09-23 00:00:00+00:00
[2023-06-11T08:50:57.848+0000] {standard_task_runner.py:57} INFO - Started process 997 to run task
[2023-06-11T08:50:57.898+0000] {standard_task_runner.py:84} INFO - Running: ['***', 'tasks', 'run', 'first_dag_02', 'second_task', 'scheduled__2021-09-23T00:00:00+00:00', '--job-id', '306', '--raw', '--subdir', 'DAGS_FOLDER/First_dag.py', '--cfg-path', '/tmp/tmp5o5_bj24']
[2023-06-11T08:50:57.909+0000] {standard_task_runner.py:85} INFO - Job 306: Subtask second_task
[2023-06-11T08:50:58.211+0000] {task_command.py:410} INFO - Running <TaskInstance: first_dag_02.second_task scheduled__2021-09-23T00:00:00+00:00 [running]> on host 964e508aad03
[2023-06-11T08:50:59.537+0000] {taskinstance.py:1547} INFO - Exporting env vars: AIRFLOW_CTX_DAG_OWNER='Raja' AIRFLOW_CTX_DAG_ID='first_dag_02' AIRFLOW_CTX_TASK_ID='second_task' AIRFLOW_CTX_EXECUTION_DATE='2021-09-23T00:00:00+00:00' AIRFLOW_CTX_TRY_NUMBER='1' AIRFLOW_CTX_DAG_RUN_ID='scheduled__2021-09-23T00:00:00+00:00'
[2023-06-11T08:50:59.542+0000] {subprocess.py:63} INFO - Tmp dir root location: 
 /tmp
[2023-06-11T08:50:59.544+0000] {subprocess.py:75} INFO - Running command: ['/bin/bash', '-c', 'echo hey, I am task2 and will be running after task1!']
[2023-06-11T08:50:59.637+0000] {subprocess.py:86} INFO - Output:
[2023-06-11T08:50:59.654+0000] {subprocess.py:93} INFO - hey, I am task2 and will be running after task1!
[2023-06-11T08:50:59.656+0000] {subprocess.py:97} INFO - Command exited with return code 0
[2023-06-11T08:51:00.054+0000] {taskinstance.py:1350} INFO - Marking task as SUCCESS. dag_id=first_dag_02, task_id=second_task, execution_date=20210923T000000, start_date=20230611T085057, end_date=20230611T085100
[2023-06-11T08:51:00.555+0000] {local_task_job_runner.py:225} INFO - Task exited with return code 0
[2023-06-11T08:51:00.664+0000] {taskinstance.py:2651} INFO - 0 downstream tasks scheduled from follow-on schedule check
[2023-06-11T10:54:48.051+0000] {taskinstance.py:1103} INFO - Dependencies all met for dep_context=non-requeueable deps ti=<TaskInstance: first_dag_02.second_task scheduled__2021-09-23T00:00:00+00:00 [queued]>
[2023-06-11T10:54:49.121+0000] {taskinstance.py:1103} INFO - Dependencies all met for dep_context=requeueable deps ti=<TaskInstance: first_dag_02.second_task scheduled__2021-09-23T00:00:00+00:00 [queued]>
[2023-06-11T10:54:49.154+0000] {taskinstance.py:1308} INFO - Starting attempt 1 of 6
[2023-06-11T10:54:49.933+0000] {taskinstance.py:1327} INFO - Executing <Task(BashOperator): second_task> on 2021-09-23 00:00:00+00:00
[2023-06-11T10:54:50.475+0000] {standard_task_runner.py:57} INFO - Started process 1075 to run task
[2023-06-11T10:54:50.715+0000] {standard_task_runner.py:84} INFO - Running: ['***', 'tasks', 'run', 'first_dag_02', 'second_task', 'scheduled__2021-09-23T00:00:00+00:00', '--job-id', '294', '--raw', '--subdir', 'DAGS_FOLDER/First_dag.py', '--cfg-path', '/tmp/tmpov07lmlc']
[2023-06-11T10:54:50.717+0000] {standard_task_runner.py:85} INFO - Job 294: Subtask second_task
[2023-06-11T10:54:54.846+0000] {task_command.py:410} INFO - Running <TaskInstance: first_dag_02.second_task scheduled__2021-09-23T00:00:00+00:00 [running]> on host 7586ce0070ac
[2023-06-11T10:55:03.801+0000] {taskinstance.py:1547} INFO - Exporting env vars: AIRFLOW_CTX_DAG_OWNER='Raja' AIRFLOW_CTX_DAG_ID='first_dag_02' AIRFLOW_CTX_TASK_ID='second_task' AIRFLOW_CTX_EXECUTION_DATE='2021-09-23T00:00:00+00:00' AIRFLOW_CTX_TRY_NUMBER='1' AIRFLOW_CTX_DAG_RUN_ID='scheduled__2021-09-23T00:00:00+00:00'
[2023-06-11T10:55:03.824+0000] {subprocess.py:63} INFO - Tmp dir root location: 
 /tmp
[2023-06-11T10:55:03.844+0000] {subprocess.py:75} INFO - Running command: ['/bin/bash', '-c', 'echo hey, I am task2 and will be running after task1!']
[2023-06-11T10:55:05.186+0000] {subprocess.py:86} INFO - Output:
[2023-06-11T10:55:05.383+0000] {subprocess.py:93} INFO - hey, I am task2 and will be running after task1!
[2023-06-11T10:55:05.403+0000] {subprocess.py:97} INFO - Command exited with return code 0
[2023-06-11T10:55:06.619+0000] {taskinstance.py:1350} INFO - Marking task as SUCCESS. dag_id=first_dag_02, task_id=second_task, execution_date=20210923T000000, start_date=20230611T105448, end_date=20230611T105506
[2023-06-11T10:55:07.347+0000] {local_task_job_runner.py:225} INFO - Task exited with return code 0
[2023-06-11T10:55:07.593+0000] {taskinstance.py:2651} INFO - 0 downstream tasks scheduled from follow-on schedule check
