[2023-06-11T08:56:30.880+0000] {taskinstance.py:1103} INFO - Dependencies all met for dep_context=non-requeueable deps ti=<TaskInstance: first_dag_02.second_task scheduled__2021-12-19T00:00:00+00:00 [queued]>
[2023-06-11T08:56:31.374+0000] {taskinstance.py:1103} INFO - Dependencies all met for dep_context=requeueable deps ti=<TaskInstance: first_dag_02.second_task scheduled__2021-12-19T00:00:00+00:00 [queued]>
[2023-06-11T08:56:31.376+0000] {taskinstance.py:1308} INFO - Starting attempt 1 of 6
[2023-06-11T08:56:32.145+0000] {taskinstance.py:1327} INFO - Executing <Task(BashOperator): second_task> on 2021-12-19 00:00:00+00:00
[2023-06-11T08:56:32.235+0000] {standard_task_runner.py:57} INFO - Started process 2270 to run task
[2023-06-11T08:56:32.304+0000] {standard_task_runner.py:84} INFO - Running: ['***', 'tasks', 'run', 'first_dag_02', 'second_task', 'scheduled__2021-12-19T00:00:00+00:00', '--job-id', '705', '--raw', '--subdir', 'DAGS_FOLDER/First_dag.py', '--cfg-path', '/tmp/tmpx0z3t798']
[2023-06-11T08:56:32.332+0000] {standard_task_runner.py:85} INFO - Job 705: Subtask second_task
[2023-06-11T08:56:33.230+0000] {task_command.py:410} INFO - Running <TaskInstance: first_dag_02.second_task scheduled__2021-12-19T00:00:00+00:00 [running]> on host 964e508aad03
[2023-06-11T08:56:35.140+0000] {taskinstance.py:1547} INFO - Exporting env vars: AIRFLOW_CTX_DAG_OWNER='Raja' AIRFLOW_CTX_DAG_ID='first_dag_02' AIRFLOW_CTX_TASK_ID='second_task' AIRFLOW_CTX_EXECUTION_DATE='2021-12-19T00:00:00+00:00' AIRFLOW_CTX_TRY_NUMBER='1' AIRFLOW_CTX_DAG_RUN_ID='scheduled__2021-12-19T00:00:00+00:00'
[2023-06-11T08:56:35.142+0000] {subprocess.py:63} INFO - Tmp dir root location: 
 /tmp
[2023-06-11T08:56:35.150+0000] {subprocess.py:75} INFO - Running command: ['/bin/bash', '-c', 'echo hey, I am task2 and will be running after task1!']
[2023-06-11T08:56:35.219+0000] {subprocess.py:86} INFO - Output:
[2023-06-11T08:56:35.242+0000] {subprocess.py:93} INFO - hey, I am task2 and will be running after task1!
[2023-06-11T08:56:35.244+0000] {subprocess.py:97} INFO - Command exited with return code 0
[2023-06-11T08:56:35.523+0000] {taskinstance.py:1350} INFO - Marking task as SUCCESS. dag_id=first_dag_02, task_id=second_task, execution_date=20211219T000000, start_date=20230611T085630, end_date=20230611T085635
[2023-06-11T08:56:36.208+0000] {local_task_job_runner.py:225} INFO - Task exited with return code 0
[2023-06-11T08:56:36.619+0000] {taskinstance.py:2651} INFO - 0 downstream tasks scheduled from follow-on schedule check
[2023-06-11T11:21:44.072+0000] {taskinstance.py:1103} INFO - Dependencies all met for dep_context=non-requeueable deps ti=<TaskInstance: first_dag_02.second_task scheduled__2021-12-19T00:00:00+00:00 [queued]>
[2023-06-11T11:21:44.653+0000] {taskinstance.py:1103} INFO - Dependencies all met for dep_context=requeueable deps ti=<TaskInstance: first_dag_02.second_task scheduled__2021-12-19T00:00:00+00:00 [queued]>
[2023-06-11T11:21:44.667+0000] {taskinstance.py:1308} INFO - Starting attempt 1 of 6
[2023-06-11T11:21:45.366+0000] {taskinstance.py:1327} INFO - Executing <Task(BashOperator): second_task> on 2021-12-19 00:00:00+00:00
[2023-06-11T11:21:45.533+0000] {standard_task_runner.py:57} INFO - Started process 1026 to run task
[2023-06-11T11:21:45.584+0000] {standard_task_runner.py:84} INFO - Running: ['***', 'tasks', 'run', 'first_dag_02', 'second_task', 'scheduled__2021-12-19T00:00:00+00:00', '--job-id', '763', '--raw', '--subdir', 'DAGS_FOLDER/First_dag.py', '--cfg-path', '/tmp/tmp5oydzvej']
[2023-06-11T11:21:45.607+0000] {standard_task_runner.py:85} INFO - Job 763: Subtask second_task
[2023-06-11T11:21:46.493+0000] {task_command.py:410} INFO - Running <TaskInstance: first_dag_02.second_task scheduled__2021-12-19T00:00:00+00:00 [running]> on host 7586ce0070ac
[2023-06-11T11:21:49.867+0000] {taskinstance.py:1547} INFO - Exporting env vars: AIRFLOW_CTX_DAG_OWNER='Raja' AIRFLOW_CTX_DAG_ID='first_dag_02' AIRFLOW_CTX_TASK_ID='second_task' AIRFLOW_CTX_EXECUTION_DATE='2021-12-19T00:00:00+00:00' AIRFLOW_CTX_TRY_NUMBER='1' AIRFLOW_CTX_DAG_RUN_ID='scheduled__2021-12-19T00:00:00+00:00'
[2023-06-11T11:21:49.870+0000] {subprocess.py:63} INFO - Tmp dir root location: 
 /tmp
[2023-06-11T11:21:49.883+0000] {subprocess.py:75} INFO - Running command: ['/bin/bash', '-c', 'echo hey, I am task2 and will be running after task1!']
[2023-06-11T11:21:49.968+0000] {subprocess.py:86} INFO - Output:
[2023-06-11T11:21:49.993+0000] {subprocess.py:93} INFO - hey, I am task2 and will be running after task1!
[2023-06-11T11:21:49.996+0000] {subprocess.py:97} INFO - Command exited with return code 0
[2023-06-11T11:21:50.402+0000] {taskinstance.py:1350} INFO - Marking task as SUCCESS. dag_id=first_dag_02, task_id=second_task, execution_date=20211219T000000, start_date=20230611T112144, end_date=20230611T112150
[2023-06-11T11:21:51.163+0000] {local_task_job_runner.py:225} INFO - Task exited with return code 0
[2023-06-11T11:21:51.805+0000] {taskinstance.py:2651} INFO - 0 downstream tasks scheduled from follow-on schedule check
