[2023-06-11T04:59:17.218+0000] {taskinstance.py:1103} INFO - Dependencies all met for dep_context=non-requeueable deps ti=<TaskInstance: dag_pythonoperator_12.third_task scheduled__2023-06-03T00:00:00+00:00 [queued]>
[2023-06-11T04:59:17.502+0000] {taskinstance.py:1103} INFO - Dependencies all met for dep_context=requeueable deps ti=<TaskInstance: dag_pythonoperator_12.third_task scheduled__2023-06-03T00:00:00+00:00 [queued]>
[2023-06-11T04:59:17.515+0000] {taskinstance.py:1308} INFO - Starting attempt 1 of 6
[2023-06-11T04:59:17.864+0000] {taskinstance.py:1327} INFO - Executing <Task(PythonOperator): third_task> on 2023-06-03 00:00:00+00:00
[2023-06-11T04:59:17.882+0000] {standard_task_runner.py:57} INFO - Started process 76 to run task
[2023-06-11T04:59:17.905+0000] {standard_task_runner.py:84} INFO - Running: ['***', 'tasks', 'run', 'dag_pythonoperator_12', 'third_task', 'scheduled__2023-06-03T00:00:00+00:00', '--job-id', '373', '--raw', '--subdir', 'DAGS_FOLDER/python_operator_dag.py', '--cfg-path', '/tmp/tmp5r6938i0']
[2023-06-11T04:59:17.907+0000] {standard_task_runner.py:85} INFO - Job 373: Subtask third_task
[2023-06-11T04:59:19.379+0000] {task_command.py:410} INFO - Running <TaskInstance: dag_pythonoperator_12.third_task scheduled__2023-06-03T00:00:00+00:00 [running]> on host 4b1b5d40d165
[2023-06-11T04:59:21.056+0000] {taskinstance.py:1547} INFO - Exporting env vars: AIRFLOW_CTX_DAG_OWNER='Raja' AIRFLOW_CTX_DAG_ID='dag_pythonoperator_12' AIRFLOW_CTX_TASK_ID='third_task' AIRFLOW_CTX_EXECUTION_DATE='2023-06-03T00:00:00+00:00' AIRFLOW_CTX_TRY_NUMBER='1' AIRFLOW_CTX_DAG_RUN_ID='scheduled__2023-06-03T00:00:00+00:00'
[2023-06-11T04:59:21.493+0000] {python.py:183} INFO - Done. Returned value was: None
[2023-06-11T04:59:21.668+0000] {taskinstance.py:1350} INFO - Marking task as SUCCESS. dag_id=dag_pythonoperator_12, task_id=third_task, execution_date=20230603T000000, start_date=20230611T045917, end_date=20230611T045921
[2023-06-11T04:59:22.188+0000] {local_task_job_runner.py:225} INFO - Task exited with return code 0
[2023-06-11T04:59:22.588+0000] {taskinstance.py:2651} INFO - 1 downstream tasks scheduled from follow-on schedule check
[2023-06-11T05:12:39.502+0000] {taskinstance.py:1103} INFO - Dependencies all met for dep_context=non-requeueable deps ti=<TaskInstance: dag_pythonoperator_12.third_task scheduled__2023-06-03T00:00:00+00:00 [queued]>
[2023-06-11T05:12:39.960+0000] {taskinstance.py:1103} INFO - Dependencies all met for dep_context=requeueable deps ti=<TaskInstance: dag_pythonoperator_12.third_task scheduled__2023-06-03T00:00:00+00:00 [queued]>
[2023-06-11T05:12:39.961+0000] {taskinstance.py:1308} INFO - Starting attempt 1 of 6
[2023-06-11T05:12:42.190+0000] {taskinstance.py:1327} INFO - Executing <Task(PythonOperator): third_task> on 2023-06-03 00:00:00+00:00
[2023-06-11T05:12:42.879+0000] {standard_task_runner.py:57} INFO - Started process 101 to run task
[2023-06-11T05:12:43.443+0000] {standard_task_runner.py:84} INFO - Running: ['***', 'tasks', 'run', 'dag_pythonoperator_12', 'third_task', 'scheduled__2023-06-03T00:00:00+00:00', '--job-id', '9', '--raw', '--subdir', 'DAGS_FOLDER/python_operator_dag.py', '--cfg-path', '/tmp/tmphcgoshm_']
[2023-06-11T05:12:43.453+0000] {standard_task_runner.py:85} INFO - Job 9: Subtask third_task
[2023-06-11T05:12:46.880+0000] {task_command.py:410} INFO - Running <TaskInstance: dag_pythonoperator_12.third_task scheduled__2023-06-03T00:00:00+00:00 [running]> on host 69e374580eab
[2023-06-11T05:12:52.855+0000] {taskinstance.py:1547} INFO - Exporting env vars: AIRFLOW_CTX_DAG_OWNER='Raja' AIRFLOW_CTX_DAG_ID='dag_pythonoperator_12' AIRFLOW_CTX_TASK_ID='third_task' AIRFLOW_CTX_EXECUTION_DATE='2023-06-03T00:00:00+00:00' AIRFLOW_CTX_TRY_NUMBER='1' AIRFLOW_CTX_DAG_RUN_ID='scheduled__2023-06-03T00:00:00+00:00'
[2023-06-11T05:12:54.589+0000] {python.py:183} INFO - Done. Returned value was: None
[2023-06-11T05:12:55.133+0000] {taskinstance.py:1350} INFO - Marking task as SUCCESS. dag_id=dag_pythonoperator_12, task_id=third_task, execution_date=20230603T000000, start_date=20230611T051239, end_date=20230611T051255
[2023-06-11T05:12:57.198+0000] {local_task_job_runner.py:225} INFO - Task exited with return code 0
[2023-06-11T05:12:58.144+0000] {taskinstance.py:2651} INFO - 0 downstream tasks scheduled from follow-on schedule check
