[2023-06-11T05:20:28.849+0000] {taskinstance.py:1103} INFO - Dependencies all met for dep_context=non-requeueable deps ti=<TaskInstance: dag_catchip_01.task1 scheduled__2023-05-17T00:00:00+00:00 [queued]>
[2023-06-11T05:20:28.895+0000] {taskinstance.py:1103} INFO - Dependencies all met for dep_context=requeueable deps ti=<TaskInstance: dag_catchip_01.task1 scheduled__2023-05-17T00:00:00+00:00 [queued]>
[2023-06-11T05:20:28.895+0000] {taskinstance.py:1308} INFO - Starting attempt 1 of 6
[2023-06-11T05:20:29.218+0000] {taskinstance.py:1327} INFO - Executing <Task(BashOperator): task1> on 2023-05-17 00:00:00+00:00
[2023-06-11T05:20:29.271+0000] {standard_task_runner.py:57} INFO - Started process 748 to run task
[2023-06-11T05:20:29.269+0000] {standard_task_runner.py:84} INFO - Running: ['***', 'tasks', 'run', 'dag_catchip_01', 'task1', 'scheduled__2023-05-17T00:00:00+00:00', '--job-id', '204', '--raw', '--subdir', 'DAGS_FOLDER/dag_catchup.py', '--cfg-path', '/tmp/tmpzj9a8yjn']
[2023-06-11T05:20:29.305+0000] {standard_task_runner.py:85} INFO - Job 204: Subtask task1
[2023-06-11T05:20:29.971+0000] {task_command.py:410} INFO - Running <TaskInstance: dag_catchip_01.task1 scheduled__2023-05-17T00:00:00+00:00 [running]> on host 69e374580eab
[2023-06-11T05:20:30.898+0000] {taskinstance.py:1547} INFO - Exporting env vars: AIRFLOW_CTX_DAG_OWNER='Raja' AIRFLOW_CTX_DAG_ID='dag_catchip_01' AIRFLOW_CTX_TASK_ID='task1' AIRFLOW_CTX_EXECUTION_DATE='2023-05-17T00:00:00+00:00' AIRFLOW_CTX_TRY_NUMBER='1' AIRFLOW_CTX_DAG_RUN_ID='scheduled__2023-05-17T00:00:00+00:00'
[2023-06-11T05:20:30.917+0000] {subprocess.py:63} INFO - Tmp dir root location: 
 /tmp
[2023-06-11T05:20:30.921+0000] {subprocess.py:75} INFO - Running command: ['/bin/bash', '-c', 'echo Hai how are you']
[2023-06-11T05:20:31.036+0000] {subprocess.py:86} INFO - Output:
[2023-06-11T05:20:31.060+0000] {subprocess.py:93} INFO - Hai how are you
[2023-06-11T05:20:31.067+0000] {subprocess.py:97} INFO - Command exited with return code 0
[2023-06-11T05:20:31.224+0000] {taskinstance.py:1350} INFO - Marking task as SUCCESS. dag_id=dag_catchip_01, task_id=task1, execution_date=20230517T000000, start_date=20230611T052028, end_date=20230611T052031
[2023-06-11T05:20:31.358+0000] {local_task_job_runner.py:225} INFO - Task exited with return code 0
[2023-06-11T05:20:31.903+0000] {taskinstance.py:2651} INFO - 0 downstream tasks scheduled from follow-on schedule check
[2023-06-11T08:22:29.732+0000] {taskinstance.py:1103} INFO - Dependencies all met for dep_context=non-requeueable deps ti=<TaskInstance: dag_catchip_01.task1 scheduled__2023-05-17T00:00:00+00:00 [queued]>
[2023-06-11T08:22:29.984+0000] {taskinstance.py:1103} INFO - Dependencies all met for dep_context=requeueable deps ti=<TaskInstance: dag_catchip_01.task1 scheduled__2023-05-17T00:00:00+00:00 [queued]>
[2023-06-11T08:22:30.011+0000] {taskinstance.py:1308} INFO - Starting attempt 1 of 6
[2023-06-11T08:22:30.588+0000] {taskinstance.py:1327} INFO - Executing <Task(BashOperator): task1> on 2023-05-17 00:00:00+00:00
[2023-06-11T08:22:30.703+0000] {standard_task_runner.py:57} INFO - Started process 813 to run task
[2023-06-11T08:22:30.889+0000] {standard_task_runner.py:84} INFO - Running: ['***', 'tasks', 'run', 'dag_catchip_01', 'task1', 'scheduled__2023-05-17T00:00:00+00:00', '--job-id', '257', '--raw', '--subdir', 'DAGS_FOLDER/dag_catchup.py', '--cfg-path', '/tmp/tmpj93v2p0n']
[2023-06-11T08:22:30.909+0000] {standard_task_runner.py:85} INFO - Job 257: Subtask task1
[2023-06-11T08:22:32.064+0000] {task_command.py:410} INFO - Running <TaskInstance: dag_catchip_01.task1 scheduled__2023-05-17T00:00:00+00:00 [running]> on host 492037cdd057
[2023-06-11T08:22:33.310+0000] {taskinstance.py:1547} INFO - Exporting env vars: AIRFLOW_CTX_DAG_OWNER='Raja' AIRFLOW_CTX_DAG_ID='dag_catchip_01' AIRFLOW_CTX_TASK_ID='task1' AIRFLOW_CTX_EXECUTION_DATE='2023-05-17T00:00:00+00:00' AIRFLOW_CTX_TRY_NUMBER='1' AIRFLOW_CTX_DAG_RUN_ID='scheduled__2023-05-17T00:00:00+00:00'
[2023-06-11T08:22:33.311+0000] {subprocess.py:63} INFO - Tmp dir root location: 
 /tmp
[2023-06-11T08:22:33.312+0000] {subprocess.py:75} INFO - Running command: ['/bin/bash', '-c', 'echo Hai how are you']
[2023-06-11T08:22:33.397+0000] {subprocess.py:86} INFO - Output:
[2023-06-11T08:22:33.453+0000] {subprocess.py:93} INFO - Hai how are you
[2023-06-11T08:22:33.468+0000] {subprocess.py:97} INFO - Command exited with return code 0
[2023-06-11T08:22:34.100+0000] {taskinstance.py:1350} INFO - Marking task as SUCCESS. dag_id=dag_catchip_01, task_id=task1, execution_date=20230517T000000, start_date=20230611T082229, end_date=20230611T082234
[2023-06-11T08:22:34.713+0000] {local_task_job_runner.py:225} INFO - Task exited with return code 0
[2023-06-11T08:22:35.278+0000] {taskinstance.py:2651} INFO - 0 downstream tasks scheduled from follow-on schedule check
