[2023-06-11T08:59:50.771+0000] {taskinstance.py:1103} INFO - Dependencies all met for dep_context=non-requeueable deps ti=<TaskInstance: first_dag_02.first_task scheduled__2022-02-16T00:00:00+00:00 [queued]>
[2023-06-11T08:59:51.069+0000] {taskinstance.py:1103} INFO - Dependencies all met for dep_context=requeueable deps ti=<TaskInstance: first_dag_02.first_task scheduled__2022-02-16T00:00:00+00:00 [queued]>
[2023-06-11T08:59:51.069+0000] {taskinstance.py:1308} INFO - Starting attempt 1 of 6
[2023-06-11T08:59:51.524+0000] {taskinstance.py:1327} INFO - Executing <Task(BashOperator): first_task> on 2022-02-16 00:00:00+00:00
[2023-06-11T08:59:51.601+0000] {standard_task_runner.py:57} INFO - Started process 3038 to run task
[2023-06-11T08:59:51.635+0000] {standard_task_runner.py:84} INFO - Running: ['***', 'tasks', 'run', 'first_dag_02', 'first_task', 'scheduled__2022-02-16T00:00:00+00:00', '--job-id', '947', '--raw', '--subdir', 'DAGS_FOLDER/First_dag.py', '--cfg-path', '/tmp/tmpdrhnax74']
[2023-06-11T08:59:51.658+0000] {standard_task_runner.py:85} INFO - Job 947: Subtask first_task
[2023-06-11T08:59:52.067+0000] {task_command.py:410} INFO - Running <TaskInstance: first_dag_02.first_task scheduled__2022-02-16T00:00:00+00:00 [running]> on host 964e508aad03
[2023-06-11T08:59:53.695+0000] {taskinstance.py:1547} INFO - Exporting env vars: AIRFLOW_CTX_DAG_OWNER='Raja' AIRFLOW_CTX_DAG_ID='first_dag_02' AIRFLOW_CTX_TASK_ID='first_task' AIRFLOW_CTX_EXECUTION_DATE='2022-02-16T00:00:00+00:00' AIRFLOW_CTX_TRY_NUMBER='1' AIRFLOW_CTX_DAG_RUN_ID='scheduled__2022-02-16T00:00:00+00:00'
[2023-06-11T08:59:53.698+0000] {subprocess.py:63} INFO - Tmp dir root location: 
 /tmp
[2023-06-11T08:59:53.699+0000] {subprocess.py:75} INFO - Running command: ['/bin/bash', '-c', 'echo hello world, this is the first task!']
[2023-06-11T08:59:53.760+0000] {subprocess.py:86} INFO - Output:
[2023-06-11T08:59:53.787+0000] {subprocess.py:93} INFO - hello world, this is the first task!
[2023-06-11T08:59:53.804+0000] {subprocess.py:97} INFO - Command exited with return code 0
[2023-06-11T08:59:53.950+0000] {taskinstance.py:1350} INFO - Marking task as SUCCESS. dag_id=first_dag_02, task_id=first_task, execution_date=20220216T000000, start_date=20230611T085950, end_date=20230611T085953
[2023-06-11T08:59:54.132+0000] {local_task_job_runner.py:225} INFO - Task exited with return code 0
[2023-06-11T08:59:54.584+0000] {taskinstance.py:2651} INFO - 0 downstream tasks scheduled from follow-on schedule check
[2023-06-11T11:33:52.658+0000] {taskinstance.py:1103} INFO - Dependencies all met for dep_context=non-requeueable deps ti=<TaskInstance: first_dag_02.first_task scheduled__2022-02-16T00:00:00+00:00 [queued]>
[2023-06-11T11:33:52.840+0000] {taskinstance.py:1103} INFO - Dependencies all met for dep_context=requeueable deps ti=<TaskInstance: first_dag_02.first_task scheduled__2022-02-16T00:00:00+00:00 [queued]>
[2023-06-11T11:33:52.840+0000] {taskinstance.py:1308} INFO - Starting attempt 1 of 6
[2023-06-11T11:33:53.157+0000] {taskinstance.py:1327} INFO - Executing <Task(BashOperator): first_task> on 2022-02-16 00:00:00+00:00
[2023-06-11T11:33:53.174+0000] {standard_task_runner.py:57} INFO - Started process 570 to run task
[2023-06-11T11:33:53.484+0000] {standard_task_runner.py:84} INFO - Running: ['***', 'tasks', 'run', 'first_dag_02', 'first_task', 'scheduled__2022-02-16T00:00:00+00:00', '--job-id', '974', '--raw', '--subdir', 'DAGS_FOLDER/First_dag.py', '--cfg-path', '/tmp/tmpdbo60ml5']
[2023-06-11T11:33:53.504+0000] {standard_task_runner.py:85} INFO - Job 974: Subtask first_task
[2023-06-11T11:33:54.378+0000] {task_command.py:410} INFO - Running <TaskInstance: first_dag_02.first_task scheduled__2022-02-16T00:00:00+00:00 [running]> on host 7586ce0070ac
[2023-06-11T11:33:56.083+0000] {taskinstance.py:1547} INFO - Exporting env vars: AIRFLOW_CTX_DAG_OWNER='Raja' AIRFLOW_CTX_DAG_ID='first_dag_02' AIRFLOW_CTX_TASK_ID='first_task' AIRFLOW_CTX_EXECUTION_DATE='2022-02-16T00:00:00+00:00' AIRFLOW_CTX_TRY_NUMBER='1' AIRFLOW_CTX_DAG_RUN_ID='scheduled__2022-02-16T00:00:00+00:00'
[2023-06-11T11:33:56.086+0000] {subprocess.py:63} INFO - Tmp dir root location: 
 /tmp
[2023-06-11T11:33:56.091+0000] {subprocess.py:75} INFO - Running command: ['/bin/bash', '-c', 'echo hello world, this is the first task!']
[2023-06-11T11:33:56.264+0000] {subprocess.py:86} INFO - Output:
[2023-06-11T11:33:56.274+0000] {subprocess.py:93} INFO - hello world, this is the first task!
[2023-06-11T11:33:56.276+0000] {subprocess.py:97} INFO - Command exited with return code 0
[2023-06-11T11:33:56.933+0000] {taskinstance.py:1350} INFO - Marking task as SUCCESS. dag_id=first_dag_02, task_id=first_task, execution_date=20220216T000000, start_date=20230611T113352, end_date=20230611T113356
[2023-06-11T11:33:57.776+0000] {local_task_job_runner.py:225} INFO - Task exited with return code 0
[2023-06-11T11:33:58.192+0000] {taskinstance.py:2651} INFO - 2 downstream tasks scheduled from follow-on schedule check
