[2023-06-11T09:47:25.838+0000] {taskinstance.py:1103} INFO - Dependencies all met for dep_context=non-requeueable deps ti=<TaskInstance: first_dag_02.first_task scheduled__2022-06-27T00:00:00+00:00 [queued]>
[2023-06-11T09:47:26.131+0000] {taskinstance.py:1103} INFO - Dependencies all met for dep_context=requeueable deps ti=<TaskInstance: first_dag_02.first_task scheduled__2022-06-27T00:00:00+00:00 [queued]>
[2023-06-11T09:47:26.132+0000] {taskinstance.py:1308} INFO - Starting attempt 1 of 6
[2023-06-11T09:47:26.762+0000] {taskinstance.py:1327} INFO - Executing <Task(BashOperator): first_task> on 2022-06-27 00:00:00+00:00
[2023-06-11T09:47:26.869+0000] {standard_task_runner.py:57} INFO - Started process 5086 to run task
[2023-06-11T09:47:26.942+0000] {standard_task_runner.py:84} INFO - Running: ['***', 'tasks', 'run', 'first_dag_02', 'first_task', 'scheduled__2022-06-27T00:00:00+00:00', '--job-id', '1561', '--raw', '--subdir', 'DAGS_FOLDER/First_dag.py', '--cfg-path', '/tmp/tmpgd42t0uc']
[2023-06-11T09:47:26.943+0000] {standard_task_runner.py:85} INFO - Job 1561: Subtask first_task
[2023-06-11T09:47:27.498+0000] {task_command.py:410} INFO - Running <TaskInstance: first_dag_02.first_task scheduled__2022-06-27T00:00:00+00:00 [running]> on host 964e508aad03
[2023-06-11T09:47:30.417+0000] {taskinstance.py:1547} INFO - Exporting env vars: AIRFLOW_CTX_DAG_OWNER='Raja' AIRFLOW_CTX_DAG_ID='first_dag_02' AIRFLOW_CTX_TASK_ID='first_task' AIRFLOW_CTX_EXECUTION_DATE='2022-06-27T00:00:00+00:00' AIRFLOW_CTX_TRY_NUMBER='1' AIRFLOW_CTX_DAG_RUN_ID='scheduled__2022-06-27T00:00:00+00:00'
[2023-06-11T09:47:30.433+0000] {subprocess.py:63} INFO - Tmp dir root location: 
 /tmp
[2023-06-11T09:47:30.447+0000] {subprocess.py:75} INFO - Running command: ['/bin/bash', '-c', 'echo hello world, this is the first task!']
[2023-06-11T09:47:30.635+0000] {subprocess.py:86} INFO - Output:
[2023-06-11T09:47:30.664+0000] {subprocess.py:93} INFO - hello world, this is the first task!
[2023-06-11T09:47:30.665+0000] {subprocess.py:97} INFO - Command exited with return code 0
[2023-06-11T09:47:31.069+0000] {taskinstance.py:1350} INFO - Marking task as SUCCESS. dag_id=first_dag_02, task_id=first_task, execution_date=20220627T000000, start_date=20230611T094725, end_date=20230611T094731
[2023-06-11T09:47:31.348+0000] {local_task_job_runner.py:225} INFO - Task exited with return code 0
[2023-06-11T09:47:31.832+0000] {taskinstance.py:2651} INFO - 2 downstream tasks scheduled from follow-on schedule check
[2023-06-11T15:34:16.658+0000] {taskinstance.py:1103} INFO - Dependencies all met for dep_context=non-requeueable deps ti=<TaskInstance: first_dag_02.first_task scheduled__2022-06-27T00:00:00+00:00 [queued]>
[2023-06-11T15:34:16.715+0000] {taskinstance.py:1103} INFO - Dependencies all met for dep_context=requeueable deps ti=<TaskInstance: first_dag_02.first_task scheduled__2022-06-27T00:00:00+00:00 [queued]>
[2023-06-11T15:34:16.716+0000] {taskinstance.py:1308} INFO - Starting attempt 1 of 6
[2023-06-11T15:34:17.408+0000] {taskinstance.py:1327} INFO - Executing <Task(BashOperator): first_task> on 2022-06-27 00:00:00+00:00
[2023-06-11T15:34:17.501+0000] {standard_task_runner.py:57} INFO - Started process 1677 to run task
[2023-06-11T15:34:17.649+0000] {standard_task_runner.py:84} INFO - Running: ['***', 'tasks', 'run', 'first_dag_02', 'first_task', 'scheduled__2022-06-27T00:00:00+00:00', '--job-id', '1605', '--raw', '--subdir', 'DAGS_FOLDER/First_dag.py', '--cfg-path', '/tmp/tmp9iiuztbf']
[2023-06-11T15:34:17.650+0000] {standard_task_runner.py:85} INFO - Job 1605: Subtask first_task
[2023-06-11T15:34:18.390+0000] {task_command.py:410} INFO - Running <TaskInstance: first_dag_02.first_task scheduled__2022-06-27T00:00:00+00:00 [running]> on host 7586ce0070ac
[2023-06-11T15:34:19.937+0000] {taskinstance.py:1547} INFO - Exporting env vars: AIRFLOW_CTX_DAG_OWNER='Raja' AIRFLOW_CTX_DAG_ID='first_dag_02' AIRFLOW_CTX_TASK_ID='first_task' AIRFLOW_CTX_EXECUTION_DATE='2022-06-27T00:00:00+00:00' AIRFLOW_CTX_TRY_NUMBER='1' AIRFLOW_CTX_DAG_RUN_ID='scheduled__2022-06-27T00:00:00+00:00'
[2023-06-11T15:34:19.939+0000] {subprocess.py:63} INFO - Tmp dir root location: 
 /tmp
[2023-06-11T15:34:19.962+0000] {subprocess.py:75} INFO - Running command: ['/bin/bash', '-c', 'echo hello world, this is the first task!']
[2023-06-11T15:34:20.174+0000] {subprocess.py:86} INFO - Output:
[2023-06-11T15:34:20.186+0000] {subprocess.py:93} INFO - hello world, this is the first task!
[2023-06-11T15:34:20.200+0000] {subprocess.py:97} INFO - Command exited with return code 0
[2023-06-11T15:34:20.558+0000] {taskinstance.py:1350} INFO - Marking task as SUCCESS. dag_id=first_dag_02, task_id=first_task, execution_date=20220627T000000, start_date=20230611T153416, end_date=20230611T153420
[2023-06-11T15:34:21.264+0000] {local_task_job_runner.py:225} INFO - Task exited with return code 0
[2023-06-11T15:34:22.274+0000] {taskinstance.py:2651} INFO - 2 downstream tasks scheduled from follow-on schedule check
