[2023-06-11T08:58:14.465+0000] {taskinstance.py:1103} INFO - Dependencies all met for dep_context=non-requeueable deps ti=<TaskInstance: first_dag_02.first_task scheduled__2022-01-17T00:00:00+00:00 [queued]>
[2023-06-11T08:58:14.571+0000] {taskinstance.py:1103} INFO - Dependencies all met for dep_context=requeueable deps ti=<TaskInstance: first_dag_02.first_task scheduled__2022-01-17T00:00:00+00:00 [queued]>
[2023-06-11T08:58:14.571+0000] {taskinstance.py:1308} INFO - Starting attempt 1 of 6
[2023-06-11T08:58:14.721+0000] {taskinstance.py:1327} INFO - Executing <Task(BashOperator): first_task> on 2022-01-17 00:00:00+00:00
[2023-06-11T08:58:14.754+0000] {standard_task_runner.py:57} INFO - Started process 2667 to run task
[2023-06-11T08:58:14.797+0000] {standard_task_runner.py:84} INFO - Running: ['***', 'tasks', 'run', 'first_dag_02', 'first_task', 'scheduled__2022-01-17T00:00:00+00:00', '--job-id', '832', '--raw', '--subdir', 'DAGS_FOLDER/First_dag.py', '--cfg-path', '/tmp/tmp750o8rle']
[2023-06-11T08:58:14.797+0000] {standard_task_runner.py:85} INFO - Job 832: Subtask first_task
[2023-06-11T08:58:15.204+0000] {task_command.py:410} INFO - Running <TaskInstance: first_dag_02.first_task scheduled__2022-01-17T00:00:00+00:00 [running]> on host 964e508aad03
[2023-06-11T08:58:16.201+0000] {taskinstance.py:1547} INFO - Exporting env vars: AIRFLOW_CTX_DAG_OWNER='Raja' AIRFLOW_CTX_DAG_ID='first_dag_02' AIRFLOW_CTX_TASK_ID='first_task' AIRFLOW_CTX_EXECUTION_DATE='2022-01-17T00:00:00+00:00' AIRFLOW_CTX_TRY_NUMBER='1' AIRFLOW_CTX_DAG_RUN_ID='scheduled__2022-01-17T00:00:00+00:00'
[2023-06-11T08:58:16.202+0000] {subprocess.py:63} INFO - Tmp dir root location: 
 /tmp
[2023-06-11T08:58:16.203+0000] {subprocess.py:75} INFO - Running command: ['/bin/bash', '-c', 'echo hello world, this is the first task!']
[2023-06-11T08:58:16.261+0000] {subprocess.py:86} INFO - Output:
[2023-06-11T08:58:16.266+0000] {subprocess.py:93} INFO - hello world, this is the first task!
[2023-06-11T08:58:16.267+0000] {subprocess.py:97} INFO - Command exited with return code 0
[2023-06-11T08:58:16.439+0000] {taskinstance.py:1350} INFO - Marking task as SUCCESS. dag_id=first_dag_02, task_id=first_task, execution_date=20220117T000000, start_date=20230611T085814, end_date=20230611T085816
[2023-06-11T08:58:16.507+0000] {local_task_job_runner.py:225} INFO - Task exited with return code 0
[2023-06-11T08:58:16.638+0000] {taskinstance.py:2651} INFO - 2 downstream tasks scheduled from follow-on schedule check
[2023-06-11T11:29:50.500+0000] {taskinstance.py:1103} INFO - Dependencies all met for dep_context=non-requeueable deps ti=<TaskInstance: first_dag_02.first_task scheduled__2022-01-17T00:00:00+00:00 [queued]>
[2023-06-11T11:29:51.063+0000] {taskinstance.py:1103} INFO - Dependencies all met for dep_context=requeueable deps ti=<TaskInstance: first_dag_02.first_task scheduled__2022-01-17T00:00:00+00:00 [queued]>
[2023-06-11T11:29:51.064+0000] {taskinstance.py:1308} INFO - Starting attempt 1 of 6
[2023-06-11T11:29:51.533+0000] {taskinstance.py:1327} INFO - Executing <Task(BashOperator): first_task> on 2022-01-17 00:00:00+00:00
[2023-06-11T11:29:51.568+0000] {standard_task_runner.py:57} INFO - Started process 181 to run task
[2023-06-11T11:29:51.653+0000] {standard_task_runner.py:84} INFO - Running: ['***', 'tasks', 'run', 'first_dag_02', 'first_task', 'scheduled__2022-01-17T00:00:00+00:00', '--job-id', '862', '--raw', '--subdir', 'DAGS_FOLDER/First_dag.py', '--cfg-path', '/tmp/tmpftocns3m']
[2023-06-11T11:29:51.661+0000] {standard_task_runner.py:85} INFO - Job 862: Subtask first_task
[2023-06-11T11:29:52.285+0000] {task_command.py:410} INFO - Running <TaskInstance: first_dag_02.first_task scheduled__2022-01-17T00:00:00+00:00 [running]> on host 7586ce0070ac
[2023-06-11T11:29:55.077+0000] {taskinstance.py:1547} INFO - Exporting env vars: AIRFLOW_CTX_DAG_OWNER='Raja' AIRFLOW_CTX_DAG_ID='first_dag_02' AIRFLOW_CTX_TASK_ID='first_task' AIRFLOW_CTX_EXECUTION_DATE='2022-01-17T00:00:00+00:00' AIRFLOW_CTX_TRY_NUMBER='1' AIRFLOW_CTX_DAG_RUN_ID='scheduled__2022-01-17T00:00:00+00:00'
[2023-06-11T11:29:55.082+0000] {subprocess.py:63} INFO - Tmp dir root location: 
 /tmp
[2023-06-11T11:29:55.083+0000] {subprocess.py:75} INFO - Running command: ['/bin/bash', '-c', 'echo hello world, this is the first task!']
[2023-06-11T11:29:55.142+0000] {subprocess.py:86} INFO - Output:
[2023-06-11T11:29:55.157+0000] {subprocess.py:93} INFO - hello world, this is the first task!
[2023-06-11T11:29:55.163+0000] {subprocess.py:97} INFO - Command exited with return code 0
[2023-06-11T11:29:55.502+0000] {taskinstance.py:1350} INFO - Marking task as SUCCESS. dag_id=first_dag_02, task_id=first_task, execution_date=20220117T000000, start_date=20230611T112950, end_date=20230611T112955
[2023-06-11T11:29:56.041+0000] {local_task_job_runner.py:225} INFO - Task exited with return code 0
[2023-06-11T11:29:57.131+0000] {taskinstance.py:2651} INFO - 2 downstream tasks scheduled from follow-on schedule check
