[2023-06-11T09:00:22.010+0000] {taskinstance.py:1103} INFO - Dependencies all met for dep_context=non-requeueable deps ti=<TaskInstance: first_dag_02.thrid_task scheduled__2022-02-16T00:00:00+00:00 [queued]>
[2023-06-11T09:00:22.235+0000] {taskinstance.py:1103} INFO - Dependencies all met for dep_context=requeueable deps ti=<TaskInstance: first_dag_02.thrid_task scheduled__2022-02-16T00:00:00+00:00 [queued]>
[2023-06-11T09:00:22.245+0000] {taskinstance.py:1308} INFO - Starting attempt 1 of 6
[2023-06-11T09:00:22.883+0000] {taskinstance.py:1327} INFO - Executing <Task(BashOperator): thrid_task> on 2022-02-16 00:00:00+00:00
[2023-06-11T09:00:22.891+0000] {standard_task_runner.py:57} INFO - Started process 3153 to run task
[2023-06-11T09:00:22.928+0000] {standard_task_runner.py:84} INFO - Running: ['***', 'tasks', 'run', 'first_dag_02', 'thrid_task', 'scheduled__2022-02-16T00:00:00+00:00', '--job-id', '980', '--raw', '--subdir', 'DAGS_FOLDER/First_dag.py', '--cfg-path', '/tmp/tmpckcu4_f7']
[2023-06-11T09:00:22.944+0000] {standard_task_runner.py:85} INFO - Job 980: Subtask thrid_task
[2023-06-11T09:00:23.442+0000] {task_command.py:410} INFO - Running <TaskInstance: first_dag_02.thrid_task scheduled__2022-02-16T00:00:00+00:00 [running]> on host 964e508aad03
[2023-06-11T09:00:25.441+0000] {taskinstance.py:1547} INFO - Exporting env vars: AIRFLOW_CTX_DAG_OWNER='Raja' AIRFLOW_CTX_DAG_ID='first_dag_02' AIRFLOW_CTX_TASK_ID='thrid_task' AIRFLOW_CTX_EXECUTION_DATE='2022-02-16T00:00:00+00:00' AIRFLOW_CTX_TRY_NUMBER='1' AIRFLOW_CTX_DAG_RUN_ID='scheduled__2022-02-16T00:00:00+00:00'
[2023-06-11T09:00:25.445+0000] {subprocess.py:63} INFO - Tmp dir root location: 
 /tmp
[2023-06-11T09:00:25.446+0000] {subprocess.py:75} INFO - Running command: ['/bin/bash', '-c', 'echo hey, I am task3 and will be running after task1 at the same time as task2!']
[2023-06-11T09:00:25.611+0000] {subprocess.py:86} INFO - Output:
[2023-06-11T09:00:25.624+0000] {subprocess.py:93} INFO - hey, I am task3 and will be running after task1 at the same time as task2!
[2023-06-11T09:00:25.649+0000] {subprocess.py:97} INFO - Command exited with return code 0
[2023-06-11T09:00:25.878+0000] {taskinstance.py:1350} INFO - Marking task as SUCCESS. dag_id=first_dag_02, task_id=thrid_task, execution_date=20220216T000000, start_date=20230611T090022, end_date=20230611T090025
[2023-06-11T09:00:26.070+0000] {local_task_job_runner.py:225} INFO - Task exited with return code 0
[2023-06-11T09:00:26.207+0000] {taskinstance.py:2651} INFO - 0 downstream tasks scheduled from follow-on schedule check
[2023-06-11T11:34:44.570+0000] {taskinstance.py:1103} INFO - Dependencies all met for dep_context=non-requeueable deps ti=<TaskInstance: first_dag_02.thrid_task scheduled__2022-02-16T00:00:00+00:00 [queued]>
[2023-06-11T11:34:45.365+0000] {taskinstance.py:1103} INFO - Dependencies all met for dep_context=requeueable deps ti=<TaskInstance: first_dag_02.thrid_task scheduled__2022-02-16T00:00:00+00:00 [queued]>
[2023-06-11T11:34:45.398+0000] {taskinstance.py:1308} INFO - Starting attempt 1 of 6
[2023-06-11T11:34:46.172+0000] {taskinstance.py:1327} INFO - Executing <Task(BashOperator): thrid_task> on 2022-02-16 00:00:00+00:00
[2023-06-11T11:34:46.530+0000] {standard_task_runner.py:57} INFO - Started process 647 to run task
[2023-06-11T11:34:47.070+0000] {standard_task_runner.py:84} INFO - Running: ['***', 'tasks', 'run', 'first_dag_02', 'thrid_task', 'scheduled__2022-02-16T00:00:00+00:00', '--job-id', '996', '--raw', '--subdir', 'DAGS_FOLDER/First_dag.py', '--cfg-path', '/tmp/tmpo7u5zfpm']
[2023-06-11T11:34:47.079+0000] {standard_task_runner.py:85} INFO - Job 996: Subtask thrid_task
[2023-06-11T11:34:47.767+0000] {task_command.py:410} INFO - Running <TaskInstance: first_dag_02.thrid_task scheduled__2022-02-16T00:00:00+00:00 [running]> on host 7586ce0070ac
[2023-06-11T11:34:51.655+0000] {taskinstance.py:1547} INFO - Exporting env vars: AIRFLOW_CTX_DAG_OWNER='Raja' AIRFLOW_CTX_DAG_ID='first_dag_02' AIRFLOW_CTX_TASK_ID='thrid_task' AIRFLOW_CTX_EXECUTION_DATE='2022-02-16T00:00:00+00:00' AIRFLOW_CTX_TRY_NUMBER='1' AIRFLOW_CTX_DAG_RUN_ID='scheduled__2022-02-16T00:00:00+00:00'
[2023-06-11T11:34:51.734+0000] {subprocess.py:63} INFO - Tmp dir root location: 
 /tmp
[2023-06-11T11:34:51.739+0000] {subprocess.py:75} INFO - Running command: ['/bin/bash', '-c', 'echo hey, I am task3 and will be running after task1 at the same time as task2!']
[2023-06-11T11:34:53.031+0000] {subprocess.py:86} INFO - Output:
[2023-06-11T11:34:53.275+0000] {subprocess.py:93} INFO - hey, I am task3 and will be running after task1 at the same time as task2!
[2023-06-11T11:34:53.279+0000] {subprocess.py:97} INFO - Command exited with return code 0
[2023-06-11T11:34:54.323+0000] {taskinstance.py:1350} INFO - Marking task as SUCCESS. dag_id=first_dag_02, task_id=thrid_task, execution_date=20220216T000000, start_date=20230611T113444, end_date=20230611T113454
[2023-06-11T11:34:58.091+0000] {local_task_job_runner.py:225} INFO - Task exited with return code 0
[2023-06-11T11:34:58.710+0000] {taskinstance.py:2651} INFO - 0 downstream tasks scheduled from follow-on schedule check
