[2023-06-11T04:53:10.856+0000] {taskinstance.py:1103} INFO - Dependencies all met for dep_context=non-requeueable deps ti=<TaskInstance: first_dag_02.second_task scheduled__2021-10-10T00:00:00+00:00 [queued]>
[2023-06-11T04:53:10.896+0000] {taskinstance.py:1103} INFO - Dependencies all met for dep_context=requeueable deps ti=<TaskInstance: first_dag_02.second_task scheduled__2021-10-10T00:00:00+00:00 [queued]>
[2023-06-11T04:53:10.898+0000] {taskinstance.py:1308} INFO - Starting attempt 1 of 6
[2023-06-11T04:53:12.002+0000] {taskinstance.py:1327} INFO - Executing <Task(BashOperator): second_task> on 2021-10-10 00:00:00+00:00
[2023-06-11T04:53:12.058+0000] {standard_task_runner.py:57} INFO - Started process 1029 to run task
[2023-06-11T04:53:12.235+0000] {standard_task_runner.py:84} INFO - Running: ['***', 'tasks', 'run', 'first_dag_02', 'second_task', 'scheduled__2021-10-10T00:00:00+00:00', '--job-id', '303', '--raw', '--subdir', 'DAGS_FOLDER/First_dag.py', '--cfg-path', '/tmp/tmpsgiu53ml']
[2023-06-11T04:53:12.236+0000] {standard_task_runner.py:85} INFO - Job 303: Subtask second_task
[2023-06-11T04:53:13.574+0000] {task_command.py:410} INFO - Running <TaskInstance: first_dag_02.second_task scheduled__2021-10-10T00:00:00+00:00 [running]> on host 4b1b5d40d165
[2023-06-11T04:53:20.931+0000] {taskinstance.py:1547} INFO - Exporting env vars: AIRFLOW_CTX_DAG_OWNER='Raja' AIRFLOW_CTX_DAG_ID='first_dag_02' AIRFLOW_CTX_TASK_ID='second_task' AIRFLOW_CTX_EXECUTION_DATE='2021-10-10T00:00:00+00:00' AIRFLOW_CTX_TRY_NUMBER='1' AIRFLOW_CTX_DAG_RUN_ID='scheduled__2021-10-10T00:00:00+00:00'
[2023-06-11T04:53:21.046+0000] {subprocess.py:63} INFO - Tmp dir root location: 
 /tmp
[2023-06-11T04:53:21.079+0000] {subprocess.py:75} INFO - Running command: ['/bin/bash', '-c', 'echo hey, I am task2 and will be running after task1!']
[2023-06-11T04:53:22.112+0000] {subprocess.py:86} INFO - Output:
[2023-06-11T04:53:23.493+0000] {subprocess.py:93} INFO - hey, I am task2 and will be running after task1!
[2023-06-11T04:53:23.527+0000] {subprocess.py:97} INFO - Command exited with return code 0
[2023-06-11T04:53:24.959+0000] {taskinstance.py:1350} INFO - Marking task as SUCCESS. dag_id=first_dag_02, task_id=second_task, execution_date=20211010T000000, start_date=20230611T045310, end_date=20230611T045324
[2023-06-11T04:53:25.712+0000] {local_task_job_runner.py:225} INFO - Task exited with return code 0
[2023-06-11T04:53:29.244+0000] {taskinstance.py:2651} INFO - 0 downstream tasks scheduled from follow-on schedule check
[2023-06-11T08:29:54.820+0000] {taskinstance.py:1103} INFO - Dependencies all met for dep_context=non-requeueable deps ti=<TaskInstance: first_dag_02.second_task scheduled__2021-10-10T00:00:00+00:00 [queued]>
[2023-06-11T08:29:55.320+0000] {taskinstance.py:1103} INFO - Dependencies all met for dep_context=requeueable deps ti=<TaskInstance: first_dag_02.second_task scheduled__2021-10-10T00:00:00+00:00 [queued]>
[2023-06-11T08:29:55.321+0000] {taskinstance.py:1308} INFO - Starting attempt 1 of 6
[2023-06-11T08:29:55.947+0000] {taskinstance.py:1327} INFO - Executing <Task(BashOperator): second_task> on 2021-10-10 00:00:00+00:00
[2023-06-11T08:29:56.039+0000] {standard_task_runner.py:57} INFO - Started process 1405 to run task
[2023-06-11T08:29:56.086+0000] {standard_task_runner.py:84} INFO - Running: ['***', 'tasks', 'run', 'first_dag_02', 'second_task', 'scheduled__2021-10-10T00:00:00+00:00', '--job-id', '428', '--raw', '--subdir', 'DAGS_FOLDER/First_dag.py', '--cfg-path', '/tmp/tmpcrwc4ows']
[2023-06-11T08:29:56.111+0000] {standard_task_runner.py:85} INFO - Job 428: Subtask second_task
[2023-06-11T08:29:56.518+0000] {task_command.py:410} INFO - Running <TaskInstance: first_dag_02.second_task scheduled__2021-10-10T00:00:00+00:00 [running]> on host 492037cdd057
[2023-06-11T08:29:58.640+0000] {taskinstance.py:1547} INFO - Exporting env vars: AIRFLOW_CTX_DAG_OWNER='Raja' AIRFLOW_CTX_DAG_ID='first_dag_02' AIRFLOW_CTX_TASK_ID='second_task' AIRFLOW_CTX_EXECUTION_DATE='2021-10-10T00:00:00+00:00' AIRFLOW_CTX_TRY_NUMBER='1' AIRFLOW_CTX_DAG_RUN_ID='scheduled__2021-10-10T00:00:00+00:00'
[2023-06-11T08:29:58.644+0000] {subprocess.py:63} INFO - Tmp dir root location: 
 /tmp
[2023-06-11T08:29:58.664+0000] {subprocess.py:75} INFO - Running command: ['/bin/bash', '-c', 'echo hey, I am task2 and will be running after task1!']
[2023-06-11T08:29:58.812+0000] {subprocess.py:86} INFO - Output:
[2023-06-11T08:29:58.813+0000] {subprocess.py:93} INFO - hey, I am task2 and will be running after task1!
[2023-06-11T08:29:58.813+0000] {subprocess.py:97} INFO - Command exited with return code 0
[2023-06-11T08:29:59.802+0000] {taskinstance.py:1350} INFO - Marking task as SUCCESS. dag_id=first_dag_02, task_id=second_task, execution_date=20211010T000000, start_date=20230611T082954, end_date=20230611T082959
[2023-06-11T08:30:00.294+0000] {local_task_job_runner.py:225} INFO - Task exited with return code 0
[2023-06-11T08:30:00.732+0000] {taskinstance.py:2651} INFO - 0 downstream tasks scheduled from follow-on schedule check
[2023-06-11T08:52:00.715+0000] {taskinstance.py:1103} INFO - Dependencies all met for dep_context=non-requeueable deps ti=<TaskInstance: first_dag_02.second_task scheduled__2021-10-10T00:00:00+00:00 [queued]>
[2023-06-11T08:52:00.813+0000] {taskinstance.py:1103} INFO - Dependencies all met for dep_context=requeueable deps ti=<TaskInstance: first_dag_02.second_task scheduled__2021-10-10T00:00:00+00:00 [queued]>
[2023-06-11T08:52:00.813+0000] {taskinstance.py:1308} INFO - Starting attempt 1 of 6
[2023-06-11T08:52:01.581+0000] {taskinstance.py:1327} INFO - Executing <Task(BashOperator): second_task> on 2021-10-10 00:00:00+00:00
[2023-06-11T08:52:01.708+0000] {standard_task_runner.py:57} INFO - Started process 1238 to run task
[2023-06-11T08:52:01.799+0000] {standard_task_runner.py:84} INFO - Running: ['***', 'tasks', 'run', 'first_dag_02', 'second_task', 'scheduled__2021-10-10T00:00:00+00:00', '--job-id', '382', '--raw', '--subdir', 'DAGS_FOLDER/First_dag.py', '--cfg-path', '/tmp/tmp58ydygwt']
[2023-06-11T08:52:01.801+0000] {standard_task_runner.py:85} INFO - Job 382: Subtask second_task
[2023-06-11T08:52:02.622+0000] {task_command.py:410} INFO - Running <TaskInstance: first_dag_02.second_task scheduled__2021-10-10T00:00:00+00:00 [running]> on host 964e508aad03
[2023-06-11T08:52:04.839+0000] {taskinstance.py:1547} INFO - Exporting env vars: AIRFLOW_CTX_DAG_OWNER='Raja' AIRFLOW_CTX_DAG_ID='first_dag_02' AIRFLOW_CTX_TASK_ID='second_task' AIRFLOW_CTX_EXECUTION_DATE='2021-10-10T00:00:00+00:00' AIRFLOW_CTX_TRY_NUMBER='1' AIRFLOW_CTX_DAG_RUN_ID='scheduled__2021-10-10T00:00:00+00:00'
[2023-06-11T08:52:04.853+0000] {subprocess.py:63} INFO - Tmp dir root location: 
 /tmp
[2023-06-11T08:52:04.854+0000] {subprocess.py:75} INFO - Running command: ['/bin/bash', '-c', 'echo hey, I am task2 and will be running after task1!']
[2023-06-11T08:52:05.023+0000] {subprocess.py:86} INFO - Output:
[2023-06-11T08:52:05.043+0000] {subprocess.py:93} INFO - hey, I am task2 and will be running after task1!
[2023-06-11T08:52:05.044+0000] {subprocess.py:97} INFO - Command exited with return code 0
[2023-06-11T08:52:05.430+0000] {taskinstance.py:1350} INFO - Marking task as SUCCESS. dag_id=first_dag_02, task_id=second_task, execution_date=20211010T000000, start_date=20230611T085200, end_date=20230611T085205
[2023-06-11T08:52:05.700+0000] {local_task_job_runner.py:225} INFO - Task exited with return code 0
[2023-06-11T08:52:05.854+0000] {taskinstance.py:2651} INFO - 0 downstream tasks scheduled from follow-on schedule check
[2023-06-11T10:58:33.829+0000] {taskinstance.py:1103} INFO - Dependencies all met for dep_context=non-requeueable deps ti=<TaskInstance: first_dag_02.second_task scheduled__2021-10-10T00:00:00+00:00 [queued]>
[2023-06-11T10:58:34.129+0000] {taskinstance.py:1103} INFO - Dependencies all met for dep_context=requeueable deps ti=<TaskInstance: first_dag_02.second_task scheduled__2021-10-10T00:00:00+00:00 [queued]>
[2023-06-11T10:58:34.129+0000] {taskinstance.py:1308} INFO - Starting attempt 1 of 6
[2023-06-11T10:58:35.816+0000] {taskinstance.py:1327} INFO - Executing <Task(BashOperator): second_task> on 2021-10-10 00:00:00+00:00
[2023-06-11T10:58:35.867+0000] {standard_task_runner.py:57} INFO - Started process 1378 to run task
[2023-06-11T10:58:35.923+0000] {standard_task_runner.py:84} INFO - Running: ['***', 'tasks', 'run', 'first_dag_02', 'second_task', 'scheduled__2021-10-10T00:00:00+00:00', '--job-id', '381', '--raw', '--subdir', 'DAGS_FOLDER/First_dag.py', '--cfg-path', '/tmp/tmpe8gqfdqb']
[2023-06-11T10:58:35.923+0000] {standard_task_runner.py:85} INFO - Job 381: Subtask second_task
[2023-06-11T10:58:36.685+0000] {task_command.py:410} INFO - Running <TaskInstance: first_dag_02.second_task scheduled__2021-10-10T00:00:00+00:00 [running]> on host 7586ce0070ac
[2023-06-11T10:58:38.869+0000] {taskinstance.py:1547} INFO - Exporting env vars: AIRFLOW_CTX_DAG_OWNER='Raja' AIRFLOW_CTX_DAG_ID='first_dag_02' AIRFLOW_CTX_TASK_ID='second_task' AIRFLOW_CTX_EXECUTION_DATE='2021-10-10T00:00:00+00:00' AIRFLOW_CTX_TRY_NUMBER='1' AIRFLOW_CTX_DAG_RUN_ID='scheduled__2021-10-10T00:00:00+00:00'
[2023-06-11T10:58:39.038+0000] {subprocess.py:63} INFO - Tmp dir root location: 
 /tmp
[2023-06-11T10:58:39.155+0000] {subprocess.py:75} INFO - Running command: ['/bin/bash', '-c', 'echo hey, I am task2 and will be running after task1!']
[2023-06-11T10:58:39.883+0000] {subprocess.py:86} INFO - Output:
[2023-06-11T10:58:39.982+0000] {subprocess.py:93} INFO - hey, I am task2 and will be running after task1!
[2023-06-11T10:58:39.984+0000] {subprocess.py:97} INFO - Command exited with return code 0
[2023-06-11T10:58:40.461+0000] {taskinstance.py:1350} INFO - Marking task as SUCCESS. dag_id=first_dag_02, task_id=second_task, execution_date=20211010T000000, start_date=20230611T105833, end_date=20230611T105840
[2023-06-11T10:58:42.724+0000] {local_task_job_runner.py:225} INFO - Task exited with return code 0
[2023-06-11T10:58:43.427+0000] {taskinstance.py:2651} INFO - 0 downstream tasks scheduled from follow-on schedule check
