[2023-06-11T04:46:09.733+0000] {taskinstance.py:1103} INFO - Dependencies all met for dep_context=non-requeueable deps ti=<TaskInstance: first_dag_02.second_task scheduled__2021-08-18T00:00:00+00:00 [queued]>
[2023-06-11T04:46:09.822+0000] {taskinstance.py:1103} INFO - Dependencies all met for dep_context=requeueable deps ti=<TaskInstance: first_dag_02.second_task scheduled__2021-08-18T00:00:00+00:00 [queued]>
[2023-06-11T04:46:09.822+0000] {taskinstance.py:1308} INFO - Starting attempt 1 of 6
[2023-06-11T04:46:09.897+0000] {taskinstance.py:1327} INFO - Executing <Task(BashOperator): second_task> on 2021-08-18 00:00:00+00:00
[2023-06-11T04:46:09.906+0000] {standard_task_runner.py:57} INFO - Started process 368 to run task
[2023-06-11T04:46:09.922+0000] {standard_task_runner.py:84} INFO - Running: ['***', 'tasks', 'run', 'first_dag_02', 'second_task', 'scheduled__2021-08-18T00:00:00+00:00', '--job-id', '104', '--raw', '--subdir', 'DAGS_FOLDER/First_dag.py', '--cfg-path', '/tmp/tmprh6eso6s']
[2023-06-11T04:46:09.924+0000] {standard_task_runner.py:85} INFO - Job 104: Subtask second_task
[2023-06-11T04:46:10.071+0000] {task_command.py:410} INFO - Running <TaskInstance: first_dag_02.second_task scheduled__2021-08-18T00:00:00+00:00 [running]> on host 4b1b5d40d165
[2023-06-11T04:46:11.190+0000] {taskinstance.py:1547} INFO - Exporting env vars: AIRFLOW_CTX_DAG_OWNER='Raja' AIRFLOW_CTX_DAG_ID='first_dag_02' AIRFLOW_CTX_TASK_ID='second_task' AIRFLOW_CTX_EXECUTION_DATE='2021-08-18T00:00:00+00:00' AIRFLOW_CTX_TRY_NUMBER='1' AIRFLOW_CTX_DAG_RUN_ID='scheduled__2021-08-18T00:00:00+00:00'
[2023-06-11T04:46:11.200+0000] {subprocess.py:63} INFO - Tmp dir root location: 
 /tmp
[2023-06-11T04:46:11.224+0000] {subprocess.py:75} INFO - Running command: ['/bin/bash', '-c', 'echo hey, I am task2 and will be running after task1!']
[2023-06-11T04:46:11.365+0000] {subprocess.py:86} INFO - Output:
[2023-06-11T04:46:11.366+0000] {subprocess.py:93} INFO - hey, I am task2 and will be running after task1!
[2023-06-11T04:46:11.366+0000] {subprocess.py:97} INFO - Command exited with return code 0
[2023-06-11T04:46:11.622+0000] {taskinstance.py:1350} INFO - Marking task as SUCCESS. dag_id=first_dag_02, task_id=second_task, execution_date=20210818T000000, start_date=20230611T044609, end_date=20230611T044611
[2023-06-11T04:46:11.808+0000] {local_task_job_runner.py:225} INFO - Task exited with return code 0
[2023-06-11T04:46:12.035+0000] {taskinstance.py:2651} INFO - 0 downstream tasks scheduled from follow-on schedule check
[2023-06-11T05:16:26.111+0000] {taskinstance.py:1103} INFO - Dependencies all met for dep_context=non-requeueable deps ti=<TaskInstance: first_dag_02.second_task scheduled__2021-08-18T00:00:00+00:00 [queued]>
[2023-06-11T05:16:26.491+0000] {taskinstance.py:1103} INFO - Dependencies all met for dep_context=requeueable deps ti=<TaskInstance: first_dag_02.second_task scheduled__2021-08-18T00:00:00+00:00 [queued]>
[2023-06-11T05:16:26.516+0000] {taskinstance.py:1308} INFO - Starting attempt 1 of 6
[2023-06-11T05:16:27.596+0000] {taskinstance.py:1327} INFO - Executing <Task(BashOperator): second_task> on 2021-08-18 00:00:00+00:00
[2023-06-11T05:16:27.865+0000] {standard_task_runner.py:57} INFO - Started process 374 to run task
[2023-06-11T05:16:28.069+0000] {standard_task_runner.py:84} INFO - Running: ['***', 'tasks', 'run', 'first_dag_02', 'second_task', 'scheduled__2021-08-18T00:00:00+00:00', '--job-id', '94', '--raw', '--subdir', 'DAGS_FOLDER/First_dag.py', '--cfg-path', '/tmp/tmp7h35c1pj']
[2023-06-11T05:16:28.075+0000] {standard_task_runner.py:85} INFO - Job 94: Subtask second_task
[2023-06-11T05:16:29.424+0000] {task_command.py:410} INFO - Running <TaskInstance: first_dag_02.second_task scheduled__2021-08-18T00:00:00+00:00 [running]> on host 69e374580eab
[2023-06-11T05:16:30.690+0000] {taskinstance.py:1547} INFO - Exporting env vars: AIRFLOW_CTX_DAG_OWNER='Raja' AIRFLOW_CTX_DAG_ID='first_dag_02' AIRFLOW_CTX_TASK_ID='second_task' AIRFLOW_CTX_EXECUTION_DATE='2021-08-18T00:00:00+00:00' AIRFLOW_CTX_TRY_NUMBER='1' AIRFLOW_CTX_DAG_RUN_ID='scheduled__2021-08-18T00:00:00+00:00'
[2023-06-11T05:16:30.698+0000] {subprocess.py:63} INFO - Tmp dir root location: 
 /tmp
[2023-06-11T05:16:30.716+0000] {subprocess.py:75} INFO - Running command: ['/bin/bash', '-c', 'echo hey, I am task2 and will be running after task1!']
[2023-06-11T05:16:30.803+0000] {subprocess.py:86} INFO - Output:
[2023-06-11T05:16:30.809+0000] {subprocess.py:93} INFO - hey, I am task2 and will be running after task1!
[2023-06-11T05:16:30.819+0000] {subprocess.py:97} INFO - Command exited with return code 0
[2023-06-11T05:16:31.101+0000] {taskinstance.py:1350} INFO - Marking task as SUCCESS. dag_id=first_dag_02, task_id=second_task, execution_date=20210818T000000, start_date=20230611T051626, end_date=20230611T051631
[2023-06-11T05:16:31.349+0000] {local_task_job_runner.py:225} INFO - Task exited with return code 0
[2023-06-11T05:16:31.559+0000] {taskinstance.py:2651} INFO - 0 downstream tasks scheduled from follow-on schedule check
[2023-06-11T08:19:19.058+0000] {taskinstance.py:1103} INFO - Dependencies all met for dep_context=non-requeueable deps ti=<TaskInstance: first_dag_02.second_task scheduled__2021-08-18T00:00:00+00:00 [queued]>
[2023-06-11T08:19:19.231+0000] {taskinstance.py:1103} INFO - Dependencies all met for dep_context=requeueable deps ti=<TaskInstance: first_dag_02.second_task scheduled__2021-08-18T00:00:00+00:00 [queued]>
[2023-06-11T08:19:19.231+0000] {taskinstance.py:1308} INFO - Starting attempt 1 of 6
[2023-06-11T08:19:20.147+0000] {taskinstance.py:1327} INFO - Executing <Task(BashOperator): second_task> on 2021-08-18 00:00:00+00:00
[2023-06-11T08:19:20.277+0000] {standard_task_runner.py:57} INFO - Started process 524 to run task
[2023-06-11T08:19:20.469+0000] {standard_task_runner.py:84} INFO - Running: ['***', 'tasks', 'run', 'first_dag_02', 'second_task', 'scheduled__2021-08-18T00:00:00+00:00', '--job-id', '176', '--raw', '--subdir', 'DAGS_FOLDER/First_dag.py', '--cfg-path', '/tmp/tmpotfeu53d']
[2023-06-11T08:19:20.470+0000] {standard_task_runner.py:85} INFO - Job 176: Subtask second_task
[2023-06-11T08:19:22.482+0000] {task_command.py:410} INFO - Running <TaskInstance: first_dag_02.second_task scheduled__2021-08-18T00:00:00+00:00 [running]> on host 492037cdd057
[2023-06-11T08:19:30.052+0000] {taskinstance.py:1547} INFO - Exporting env vars: AIRFLOW_CTX_DAG_OWNER='Raja' AIRFLOW_CTX_DAG_ID='first_dag_02' AIRFLOW_CTX_TASK_ID='second_task' AIRFLOW_CTX_EXECUTION_DATE='2021-08-18T00:00:00+00:00' AIRFLOW_CTX_TRY_NUMBER='1' AIRFLOW_CTX_DAG_RUN_ID='scheduled__2021-08-18T00:00:00+00:00'
[2023-06-11T08:19:30.216+0000] {subprocess.py:63} INFO - Tmp dir root location: 
 /tmp
[2023-06-11T08:19:30.236+0000] {subprocess.py:75} INFO - Running command: ['/bin/bash', '-c', 'echo hey, I am task2 and will be running after task1!']
[2023-06-11T08:19:30.694+0000] {subprocess.py:86} INFO - Output:
[2023-06-11T08:19:30.805+0000] {subprocess.py:93} INFO - hey, I am task2 and will be running after task1!
[2023-06-11T08:19:30.805+0000] {subprocess.py:97} INFO - Command exited with return code 0
[2023-06-11T08:19:32.429+0000] {taskinstance.py:1350} INFO - Marking task as SUCCESS. dag_id=first_dag_02, task_id=second_task, execution_date=20210818T000000, start_date=20230611T081919, end_date=20230611T081932
[2023-06-11T08:19:33.835+0000] {local_task_job_runner.py:225} INFO - Task exited with return code 0
[2023-06-11T08:19:34.961+0000] {taskinstance.py:2651} INFO - 0 downstream tasks scheduled from follow-on schedule check
[2023-06-11T08:48:24.843+0000] {taskinstance.py:1103} INFO - Dependencies all met for dep_context=non-requeueable deps ti=<TaskInstance: first_dag_02.second_task scheduled__2021-08-18T00:00:00+00:00 [queued]>
[2023-06-11T08:48:25.037+0000] {taskinstance.py:1103} INFO - Dependencies all met for dep_context=requeueable deps ti=<TaskInstance: first_dag_02.second_task scheduled__2021-08-18T00:00:00+00:00 [queued]>
[2023-06-11T08:48:25.037+0000] {taskinstance.py:1308} INFO - Starting attempt 1 of 6
[2023-06-11T08:48:25.381+0000] {taskinstance.py:1327} INFO - Executing <Task(BashOperator): second_task> on 2021-08-18 00:00:00+00:00
[2023-06-11T08:48:25.417+0000] {standard_task_runner.py:57} INFO - Started process 434 to run task
[2023-06-11T08:48:25.463+0000] {standard_task_runner.py:84} INFO - Running: ['***', 'tasks', 'run', 'first_dag_02', 'second_task', 'scheduled__2021-08-18T00:00:00+00:00', '--job-id', '127', '--raw', '--subdir', 'DAGS_FOLDER/First_dag.py', '--cfg-path', '/tmp/tmpp30afkqr']
[2023-06-11T08:48:25.464+0000] {standard_task_runner.py:85} INFO - Job 127: Subtask second_task
[2023-06-11T08:48:26.265+0000] {task_command.py:410} INFO - Running <TaskInstance: first_dag_02.second_task scheduled__2021-08-18T00:00:00+00:00 [running]> on host 964e508aad03
[2023-06-11T08:48:28.522+0000] {taskinstance.py:1547} INFO - Exporting env vars: AIRFLOW_CTX_DAG_OWNER='Raja' AIRFLOW_CTX_DAG_ID='first_dag_02' AIRFLOW_CTX_TASK_ID='second_task' AIRFLOW_CTX_EXECUTION_DATE='2021-08-18T00:00:00+00:00' AIRFLOW_CTX_TRY_NUMBER='1' AIRFLOW_CTX_DAG_RUN_ID='scheduled__2021-08-18T00:00:00+00:00'
[2023-06-11T08:48:28.542+0000] {subprocess.py:63} INFO - Tmp dir root location: 
 /tmp
[2023-06-11T08:48:28.550+0000] {subprocess.py:75} INFO - Running command: ['/bin/bash', '-c', 'echo hey, I am task2 and will be running after task1!']
[2023-06-11T08:48:28.688+0000] {subprocess.py:86} INFO - Output:
[2023-06-11T08:48:28.709+0000] {subprocess.py:93} INFO - hey, I am task2 and will be running after task1!
[2023-06-11T08:48:28.723+0000] {subprocess.py:97} INFO - Command exited with return code 0
[2023-06-11T08:48:28.930+0000] {taskinstance.py:1350} INFO - Marking task as SUCCESS. dag_id=first_dag_02, task_id=second_task, execution_date=20210818T000000, start_date=20230611T084824, end_date=20230611T084828
[2023-06-11T08:48:29.198+0000] {local_task_job_runner.py:225} INFO - Task exited with return code 0
[2023-06-11T08:48:29.746+0000] {taskinstance.py:2651} INFO - 0 downstream tasks scheduled from follow-on schedule check
[2023-06-11T10:40:03.891+0000] {taskinstance.py:1103} INFO - Dependencies all met for dep_context=non-requeueable deps ti=<TaskInstance: first_dag_02.second_task scheduled__2021-08-18T00:00:00+00:00 [queued]>
[2023-06-11T10:40:04.539+0000] {taskinstance.py:1103} INFO - Dependencies all met for dep_context=requeueable deps ti=<TaskInstance: first_dag_02.second_task scheduled__2021-08-18T00:00:00+00:00 [queued]>
[2023-06-11T10:40:04.539+0000] {taskinstance.py:1308} INFO - Starting attempt 1 of 6
[2023-06-11T10:40:05.458+0000] {taskinstance.py:1327} INFO - Executing <Task(BashOperator): second_task> on 2021-08-18 00:00:00+00:00
[2023-06-11T10:40:05.502+0000] {standard_task_runner.py:57} INFO - Started process 512 to run task
[2023-06-11T10:40:05.561+0000] {standard_task_runner.py:84} INFO - Running: ['***', 'tasks', 'run', 'first_dag_02', 'second_task', 'scheduled__2021-08-18T00:00:00+00:00', '--job-id', '143', '--raw', '--subdir', 'DAGS_FOLDER/First_dag.py', '--cfg-path', '/tmp/tmp2gzy95gl']
[2023-06-11T10:40:05.585+0000] {standard_task_runner.py:85} INFO - Job 143: Subtask second_task
[2023-06-11T10:40:06.611+0000] {task_command.py:410} INFO - Running <TaskInstance: first_dag_02.second_task scheduled__2021-08-18T00:00:00+00:00 [running]> on host 7586ce0070ac
[2023-06-11T10:40:12.459+0000] {taskinstance.py:1547} INFO - Exporting env vars: AIRFLOW_CTX_DAG_OWNER='Raja' AIRFLOW_CTX_DAG_ID='first_dag_02' AIRFLOW_CTX_TASK_ID='second_task' AIRFLOW_CTX_EXECUTION_DATE='2021-08-18T00:00:00+00:00' AIRFLOW_CTX_TRY_NUMBER='1' AIRFLOW_CTX_DAG_RUN_ID='scheduled__2021-08-18T00:00:00+00:00'
[2023-06-11T10:40:12.467+0000] {subprocess.py:63} INFO - Tmp dir root location: 
 /tmp
[2023-06-11T10:40:12.472+0000] {subprocess.py:75} INFO - Running command: ['/bin/bash', '-c', 'echo hey, I am task2 and will be running after task1!']
[2023-06-11T10:40:12.757+0000] {subprocess.py:86} INFO - Output:
[2023-06-11T10:40:12.860+0000] {subprocess.py:93} INFO - hey, I am task2 and will be running after task1!
[2023-06-11T10:40:12.865+0000] {subprocess.py:97} INFO - Command exited with return code 0
[2023-06-11T10:40:14.390+0000] {taskinstance.py:1350} INFO - Marking task as SUCCESS. dag_id=first_dag_02, task_id=second_task, execution_date=20210818T000000, start_date=20230611T104003, end_date=20230611T104014
[2023-06-11T10:40:14.554+0000] {local_task_job_runner.py:225} INFO - Task exited with return code 0
[2023-06-11T10:40:16.388+0000] {taskinstance.py:2651} INFO - 0 downstream tasks scheduled from follow-on schedule check
