[2023-06-11T08:59:14.176+0000] {taskinstance.py:1103} INFO - Dependencies all met for dep_context=non-requeueable deps ti=<TaskInstance: first_dag_02.thrid_task scheduled__2022-01-29T00:00:00+00:00 [queued]>
[2023-06-11T08:59:14.524+0000] {taskinstance.py:1103} INFO - Dependencies all met for dep_context=requeueable deps ti=<TaskInstance: first_dag_02.thrid_task scheduled__2022-01-29T00:00:00+00:00 [queued]>
[2023-06-11T08:59:14.524+0000] {taskinstance.py:1308} INFO - Starting attempt 1 of 6
[2023-06-11T08:59:14.853+0000] {taskinstance.py:1327} INFO - Executing <Task(BashOperator): thrid_task> on 2022-01-29 00:00:00+00:00
[2023-06-11T08:59:14.940+0000] {standard_task_runner.py:57} INFO - Started process 2888 to run task
[2023-06-11T08:59:15.038+0000] {standard_task_runner.py:84} INFO - Running: ['***', 'tasks', 'run', 'first_dag_02', 'thrid_task', 'scheduled__2022-01-29T00:00:00+00:00', '--job-id', '901', '--raw', '--subdir', 'DAGS_FOLDER/First_dag.py', '--cfg-path', '/tmp/tmpx4146ilz']
[2023-06-11T08:59:15.046+0000] {standard_task_runner.py:85} INFO - Job 901: Subtask thrid_task
[2023-06-11T08:59:15.376+0000] {task_command.py:410} INFO - Running <TaskInstance: first_dag_02.thrid_task scheduled__2022-01-29T00:00:00+00:00 [running]> on host 964e508aad03
[2023-06-11T08:59:17.137+0000] {taskinstance.py:1547} INFO - Exporting env vars: AIRFLOW_CTX_DAG_OWNER='Raja' AIRFLOW_CTX_DAG_ID='first_dag_02' AIRFLOW_CTX_TASK_ID='thrid_task' AIRFLOW_CTX_EXECUTION_DATE='2022-01-29T00:00:00+00:00' AIRFLOW_CTX_TRY_NUMBER='1' AIRFLOW_CTX_DAG_RUN_ID='scheduled__2022-01-29T00:00:00+00:00'
[2023-06-11T08:59:17.139+0000] {subprocess.py:63} INFO - Tmp dir root location: 
 /tmp
[2023-06-11T08:59:17.149+0000] {subprocess.py:75} INFO - Running command: ['/bin/bash', '-c', 'echo hey, I am task3 and will be running after task1 at the same time as task2!']
[2023-06-11T08:59:17.274+0000] {subprocess.py:86} INFO - Output:
[2023-06-11T08:59:17.309+0000] {subprocess.py:93} INFO - hey, I am task3 and will be running after task1 at the same time as task2!
[2023-06-11T08:59:17.320+0000] {subprocess.py:97} INFO - Command exited with return code 0
[2023-06-11T08:59:17.542+0000] {taskinstance.py:1350} INFO - Marking task as SUCCESS. dag_id=first_dag_02, task_id=thrid_task, execution_date=20220129T000000, start_date=20230611T085914, end_date=20230611T085917
[2023-06-11T08:59:17.787+0000] {local_task_job_runner.py:225} INFO - Task exited with return code 0
[2023-06-11T08:59:17.941+0000] {taskinstance.py:2651} INFO - 0 downstream tasks scheduled from follow-on schedule check
[2023-06-11T11:32:19.156+0000] {taskinstance.py:1103} INFO - Dependencies all met for dep_context=non-requeueable deps ti=<TaskInstance: first_dag_02.thrid_task scheduled__2022-01-29T00:00:00+00:00 [queued]>
[2023-06-11T11:32:19.568+0000] {taskinstance.py:1103} INFO - Dependencies all met for dep_context=requeueable deps ti=<TaskInstance: first_dag_02.thrid_task scheduled__2022-01-29T00:00:00+00:00 [queued]>
[2023-06-11T11:32:19.570+0000] {taskinstance.py:1308} INFO - Starting attempt 1 of 6
[2023-06-11T11:32:21.180+0000] {taskinstance.py:1327} INFO - Executing <Task(BashOperator): thrid_task> on 2022-01-29 00:00:00+00:00
[2023-06-11T11:32:21.239+0000] {standard_task_runner.py:57} INFO - Started process 405 to run task
[2023-06-11T11:32:21.423+0000] {standard_task_runner.py:84} INFO - Running: ['***', 'tasks', 'run', 'first_dag_02', 'thrid_task', 'scheduled__2022-01-29T00:00:00+00:00', '--job-id', '927', '--raw', '--subdir', 'DAGS_FOLDER/First_dag.py', '--cfg-path', '/tmp/tmp64auupmi']
[2023-06-11T11:32:21.424+0000] {standard_task_runner.py:85} INFO - Job 927: Subtask thrid_task
[2023-06-11T11:32:22.508+0000] {task_command.py:410} INFO - Running <TaskInstance: first_dag_02.thrid_task scheduled__2022-01-29T00:00:00+00:00 [running]> on host 7586ce0070ac
[2023-06-11T11:32:26.144+0000] {taskinstance.py:1547} INFO - Exporting env vars: AIRFLOW_CTX_DAG_OWNER='Raja' AIRFLOW_CTX_DAG_ID='first_dag_02' AIRFLOW_CTX_TASK_ID='thrid_task' AIRFLOW_CTX_EXECUTION_DATE='2022-01-29T00:00:00+00:00' AIRFLOW_CTX_TRY_NUMBER='1' AIRFLOW_CTX_DAG_RUN_ID='scheduled__2022-01-29T00:00:00+00:00'
[2023-06-11T11:32:26.164+0000] {subprocess.py:63} INFO - Tmp dir root location: 
 /tmp
[2023-06-11T11:32:26.165+0000] {subprocess.py:75} INFO - Running command: ['/bin/bash', '-c', 'echo hey, I am task3 and will be running after task1 at the same time as task2!']
[2023-06-11T11:32:26.278+0000] {subprocess.py:86} INFO - Output:
[2023-06-11T11:32:26.287+0000] {subprocess.py:93} INFO - hey, I am task3 and will be running after task1 at the same time as task2!
[2023-06-11T11:32:26.295+0000] {subprocess.py:97} INFO - Command exited with return code 0
[2023-06-11T11:32:26.826+0000] {taskinstance.py:1350} INFO - Marking task as SUCCESS. dag_id=first_dag_02, task_id=thrid_task, execution_date=20220129T000000, start_date=20230611T113219, end_date=20230611T113226
[2023-06-11T11:32:27.167+0000] {local_task_job_runner.py:225} INFO - Task exited with return code 0
[2023-06-11T11:32:27.402+0000] {taskinstance.py:2651} INFO - 0 downstream tasks scheduled from follow-on schedule check
