[2023-06-11T08:54:29.622+0000] {taskinstance.py:1103} INFO - Dependencies all met for dep_context=non-requeueable deps ti=<TaskInstance: first_dag_02.thrid_task scheduled__2021-11-19T00:00:00+00:00 [queued]>
[2023-06-11T08:54:29.805+0000] {taskinstance.py:1103} INFO - Dependencies all met for dep_context=requeueable deps ti=<TaskInstance: first_dag_02.thrid_task scheduled__2021-11-19T00:00:00+00:00 [queued]>
[2023-06-11T08:54:29.806+0000] {taskinstance.py:1308} INFO - Starting attempt 1 of 6
[2023-06-11T08:54:30.258+0000] {taskinstance.py:1327} INFO - Executing <Task(BashOperator): thrid_task> on 2021-11-19 00:00:00+00:00
[2023-06-11T08:54:30.314+0000] {standard_task_runner.py:57} INFO - Started process 1815 to run task
[2023-06-11T08:54:30.353+0000] {standard_task_runner.py:84} INFO - Running: ['***', 'tasks', 'run', 'first_dag_02', 'thrid_task', 'scheduled__2021-11-19T00:00:00+00:00', '--job-id', '564', '--raw', '--subdir', 'DAGS_FOLDER/First_dag.py', '--cfg-path', '/tmp/tmpt3vyuzus']
[2023-06-11T08:54:30.354+0000] {standard_task_runner.py:85} INFO - Job 564: Subtask thrid_task
[2023-06-11T08:54:31.037+0000] {task_command.py:410} INFO - Running <TaskInstance: first_dag_02.thrid_task scheduled__2021-11-19T00:00:00+00:00 [running]> on host 964e508aad03
[2023-06-11T08:54:32.317+0000] {taskinstance.py:1547} INFO - Exporting env vars: AIRFLOW_CTX_DAG_OWNER='Raja' AIRFLOW_CTX_DAG_ID='first_dag_02' AIRFLOW_CTX_TASK_ID='thrid_task' AIRFLOW_CTX_EXECUTION_DATE='2021-11-19T00:00:00+00:00' AIRFLOW_CTX_TRY_NUMBER='1' AIRFLOW_CTX_DAG_RUN_ID='scheduled__2021-11-19T00:00:00+00:00'
[2023-06-11T08:54:32.320+0000] {subprocess.py:63} INFO - Tmp dir root location: 
 /tmp
[2023-06-11T08:54:32.321+0000] {subprocess.py:75} INFO - Running command: ['/bin/bash', '-c', 'echo hey, I am task3 and will be running after task1 at the same time as task2!']
[2023-06-11T08:54:32.397+0000] {subprocess.py:86} INFO - Output:
[2023-06-11T08:54:32.399+0000] {subprocess.py:93} INFO - hey, I am task3 and will be running after task1 at the same time as task2!
[2023-06-11T08:54:32.400+0000] {subprocess.py:97} INFO - Command exited with return code 0
[2023-06-11T08:54:32.736+0000] {taskinstance.py:1350} INFO - Marking task as SUCCESS. dag_id=first_dag_02, task_id=thrid_task, execution_date=20211119T000000, start_date=20230611T085429, end_date=20230611T085432
[2023-06-11T08:54:32.856+0000] {local_task_job_runner.py:225} INFO - Task exited with return code 0
[2023-06-11T08:54:33.114+0000] {taskinstance.py:2651} INFO - 0 downstream tasks scheduled from follow-on schedule check
[2023-06-11T11:16:07.687+0000] {taskinstance.py:1103} INFO - Dependencies all met for dep_context=non-requeueable deps ti=<TaskInstance: first_dag_02.thrid_task scheduled__2021-11-19T00:00:00+00:00 [queued]>
[2023-06-11T11:16:08.217+0000] {taskinstance.py:1103} INFO - Dependencies all met for dep_context=requeueable deps ti=<TaskInstance: first_dag_02.thrid_task scheduled__2021-11-19T00:00:00+00:00 [queued]>
[2023-06-11T11:16:08.218+0000] {taskinstance.py:1308} INFO - Starting attempt 1 of 6
[2023-06-11T11:16:11.067+0000] {taskinstance.py:1327} INFO - Executing <Task(BashOperator): thrid_task> on 2021-11-19 00:00:00+00:00
[2023-06-11T11:16:11.902+0000] {standard_task_runner.py:57} INFO - Started process 444 to run task
[2023-06-11T11:16:11.940+0000] {standard_task_runner.py:84} INFO - Running: ['***', 'tasks', 'run', 'first_dag_02', 'thrid_task', 'scheduled__2021-11-19T00:00:00+00:00', '--job-id', '592', '--raw', '--subdir', 'DAGS_FOLDER/First_dag.py', '--cfg-path', '/tmp/tmpun8amaqg']
[2023-06-11T11:16:11.946+0000] {standard_task_runner.py:85} INFO - Job 592: Subtask thrid_task
[2023-06-11T11:16:13.843+0000] {task_command.py:410} INFO - Running <TaskInstance: first_dag_02.thrid_task scheduled__2021-11-19T00:00:00+00:00 [running]> on host 7586ce0070ac
[2023-06-11T11:16:17.509+0000] {taskinstance.py:1547} INFO - Exporting env vars: AIRFLOW_CTX_DAG_OWNER='Raja' AIRFLOW_CTX_DAG_ID='first_dag_02' AIRFLOW_CTX_TASK_ID='thrid_task' AIRFLOW_CTX_EXECUTION_DATE='2021-11-19T00:00:00+00:00' AIRFLOW_CTX_TRY_NUMBER='1' AIRFLOW_CTX_DAG_RUN_ID='scheduled__2021-11-19T00:00:00+00:00'
[2023-06-11T11:16:17.525+0000] {subprocess.py:63} INFO - Tmp dir root location: 
 /tmp
[2023-06-11T11:16:17.537+0000] {subprocess.py:75} INFO - Running command: ['/bin/bash', '-c', 'echo hey, I am task3 and will be running after task1 at the same time as task2!']
[2023-06-11T11:16:18.007+0000] {subprocess.py:86} INFO - Output:
[2023-06-11T11:16:18.047+0000] {subprocess.py:93} INFO - hey, I am task3 and will be running after task1 at the same time as task2!
[2023-06-11T11:16:18.060+0000] {subprocess.py:97} INFO - Command exited with return code 0
[2023-06-11T11:16:19.068+0000] {taskinstance.py:1350} INFO - Marking task as SUCCESS. dag_id=first_dag_02, task_id=thrid_task, execution_date=20211119T000000, start_date=20230611T111607, end_date=20230611T111619
[2023-06-11T11:16:19.726+0000] {local_task_job_runner.py:225} INFO - Task exited with return code 0
[2023-06-11T11:16:20.931+0000] {taskinstance.py:2651} INFO - 0 downstream tasks scheduled from follow-on schedule check
