[2023-06-11T06:15:02.737+0000] {taskinstance.py:1103} INFO - Dependencies all met for dep_context=non-requeueable deps ti=<TaskInstance: dag_pythonoperator_18.get_name scheduled__2023-06-02T00:00:00+00:00 [queued]>
[2023-06-11T06:15:02.791+0000] {taskinstance.py:1103} INFO - Dependencies all met for dep_context=requeueable deps ti=<TaskInstance: dag_pythonoperator_18.get_name scheduled__2023-06-02T00:00:00+00:00 [queued]>
[2023-06-11T06:15:02.795+0000] {taskinstance.py:1308} INFO - Starting attempt 1 of 6
[2023-06-11T06:15:02.885+0000] {taskinstance.py:1327} INFO - Executing <Task(PythonOperator): get_name> on 2023-06-02 00:00:00+00:00
[2023-06-11T06:15:02.896+0000] {standard_task_runner.py:57} INFO - Started process 509 to run task
[2023-06-11T06:15:02.913+0000] {standard_task_runner.py:84} INFO - Running: ['***', 'tasks', 'run', 'dag_pythonoperator_18', 'get_name', 'scheduled__2023-06-02T00:00:00+00:00', '--job-id', '688', '--raw', '--subdir', 'DAGS_FOLDER/python_operator_dag.py', '--cfg-path', '/tmp/tmpz1zdyvom']
[2023-06-11T06:15:02.914+0000] {standard_task_runner.py:85} INFO - Job 688: Subtask get_name
[2023-06-11T06:15:03.224+0000] {task_command.py:410} INFO - Running <TaskInstance: dag_pythonoperator_18.get_name scheduled__2023-06-02T00:00:00+00:00 [running]> on host 69e374580eab
[2023-06-11T06:15:04.912+0000] {taskinstance.py:1547} INFO - Exporting env vars: AIRFLOW_CTX_DAG_OWNER='Raja' AIRFLOW_CTX_DAG_ID='dag_pythonoperator_18' AIRFLOW_CTX_TASK_ID='get_name' AIRFLOW_CTX_EXECUTION_DATE='2023-06-02T00:00:00+00:00' AIRFLOW_CTX_TRY_NUMBER='1' AIRFLOW_CTX_DAG_RUN_ID='scheduled__2023-06-02T00:00:00+00:00'
[2023-06-11T06:15:05.219+0000] {python.py:183} INFO - Done. Returned value was: None
[2023-06-11T06:15:05.371+0000] {taskinstance.py:1350} INFO - Marking task as SUCCESS. dag_id=dag_pythonoperator_18, task_id=get_name, execution_date=20230602T000000, start_date=20230611T061502, end_date=20230611T061505
[2023-06-11T06:15:05.711+0000] {local_task_job_runner.py:225} INFO - Task exited with return code 0
[2023-06-11T06:15:06.864+0000] {taskinstance.py:2651} INFO - 1 downstream tasks scheduled from follow-on schedule check
[2023-06-11T08:15:19.566+0000] {taskinstance.py:1103} INFO - Dependencies all met for dep_context=non-requeueable deps ti=<TaskInstance: dag_pythonoperator_18.get_name scheduled__2023-06-02T00:00:00+00:00 [queued]>
[2023-06-11T08:15:20.727+0000] {taskinstance.py:1103} INFO - Dependencies all met for dep_context=requeueable deps ti=<TaskInstance: dag_pythonoperator_18.get_name scheduled__2023-06-02T00:00:00+00:00 [queued]>
[2023-06-11T08:15:20.727+0000] {taskinstance.py:1308} INFO - Starting attempt 1 of 6
[2023-06-11T08:15:21.951+0000] {taskinstance.py:1327} INFO - Executing <Task(PythonOperator): get_name> on 2023-06-02 00:00:00+00:00
[2023-06-11T08:15:22.282+0000] {standard_task_runner.py:57} INFO - Started process 200 to run task
[2023-06-11T08:15:22.582+0000] {standard_task_runner.py:84} INFO - Running: ['***', 'tasks', 'run', 'dag_pythonoperator_18', 'get_name', 'scheduled__2023-06-02T00:00:00+00:00', '--job-id', '78', '--raw', '--subdir', 'DAGS_FOLDER/python_operator_dag.py', '--cfg-path', '/tmp/tmpti860ppz']
[2023-06-11T08:15:22.763+0000] {standard_task_runner.py:85} INFO - Job 78: Subtask get_name
[2023-06-11T08:15:26.138+0000] {task_command.py:410} INFO - Running <TaskInstance: dag_pythonoperator_18.get_name scheduled__2023-06-02T00:00:00+00:00 [running]> on host 492037cdd057
[2023-06-11T08:15:32.589+0000] {taskinstance.py:1547} INFO - Exporting env vars: AIRFLOW_CTX_DAG_OWNER='Raja' AIRFLOW_CTX_DAG_ID='dag_pythonoperator_18' AIRFLOW_CTX_TASK_ID='get_name' AIRFLOW_CTX_EXECUTION_DATE='2023-06-02T00:00:00+00:00' AIRFLOW_CTX_TRY_NUMBER='1' AIRFLOW_CTX_DAG_RUN_ID='scheduled__2023-06-02T00:00:00+00:00'
[2023-06-11T08:15:33.874+0000] {python.py:183} INFO - Done. Returned value was: None
[2023-06-11T08:15:34.417+0000] {taskinstance.py:1350} INFO - Marking task as SUCCESS. dag_id=dag_pythonoperator_18, task_id=get_name, execution_date=20230602T000000, start_date=20230611T081519, end_date=20230611T081534
[2023-06-11T08:15:35.339+0000] {local_task_job_runner.py:225} INFO - Task exited with return code 0
[2023-06-11T08:15:36.515+0000] {taskinstance.py:2651} INFO - 1 downstream tasks scheduled from follow-on schedule check
[2023-06-11T08:47:11.426+0000] {taskinstance.py:1103} INFO - Dependencies all met for dep_context=non-requeueable deps ti=<TaskInstance: dag_pythonoperator_18.get_name scheduled__2023-06-02T00:00:00+00:00 [queued]>
[2023-06-11T08:47:12.008+0000] {taskinstance.py:1103} INFO - Dependencies all met for dep_context=requeueable deps ti=<TaskInstance: dag_pythonoperator_18.get_name scheduled__2023-06-02T00:00:00+00:00 [queued]>
[2023-06-11T08:47:12.008+0000] {taskinstance.py:1308} INFO - Starting attempt 1 of 6
[2023-06-11T08:47:12.565+0000] {taskinstance.py:1327} INFO - Executing <Task(PythonOperator): get_name> on 2023-06-02 00:00:00+00:00
[2023-06-11T08:47:12.598+0000] {standard_task_runner.py:57} INFO - Started process 187 to run task
[2023-06-11T08:47:12.624+0000] {standard_task_runner.py:84} INFO - Running: ['***', 'tasks', 'run', 'dag_pythonoperator_18', 'get_name', 'scheduled__2023-06-02T00:00:00+00:00', '--job-id', '45', '--raw', '--subdir', 'DAGS_FOLDER/python_operator_dag.py', '--cfg-path', '/tmp/tmpi428_t3h']
[2023-06-11T08:47:12.768+0000] {standard_task_runner.py:85} INFO - Job 45: Subtask get_name
[2023-06-11T08:47:13.658+0000] {task_command.py:410} INFO - Running <TaskInstance: dag_pythonoperator_18.get_name scheduled__2023-06-02T00:00:00+00:00 [running]> on host 964e508aad03
[2023-06-11T08:47:15.936+0000] {taskinstance.py:1547} INFO - Exporting env vars: AIRFLOW_CTX_DAG_OWNER='Raja' AIRFLOW_CTX_DAG_ID='dag_pythonoperator_18' AIRFLOW_CTX_TASK_ID='get_name' AIRFLOW_CTX_EXECUTION_DATE='2023-06-02T00:00:00+00:00' AIRFLOW_CTX_TRY_NUMBER='1' AIRFLOW_CTX_DAG_RUN_ID='scheduled__2023-06-02T00:00:00+00:00'
[2023-06-11T08:47:16.103+0000] {python.py:183} INFO - Done. Returned value was: None
[2023-06-11T08:47:16.187+0000] {taskinstance.py:1350} INFO - Marking task as SUCCESS. dag_id=dag_pythonoperator_18, task_id=get_name, execution_date=20230602T000000, start_date=20230611T084711, end_date=20230611T084716
[2023-06-11T08:47:16.406+0000] {local_task_job_runner.py:225} INFO - Task exited with return code 0
[2023-06-11T08:47:17.250+0000] {taskinstance.py:2651} INFO - 1 downstream tasks scheduled from follow-on schedule check
[2023-06-11T10:36:38.650+0000] {taskinstance.py:1103} INFO - Dependencies all met for dep_context=non-requeueable deps ti=<TaskInstance: dag_pythonoperator_18.get_name scheduled__2023-06-02T00:00:00+00:00 [queued]>
[2023-06-11T10:36:39.837+0000] {taskinstance.py:1103} INFO - Dependencies all met for dep_context=requeueable deps ti=<TaskInstance: dag_pythonoperator_18.get_name scheduled__2023-06-02T00:00:00+00:00 [queued]>
[2023-06-11T10:36:39.837+0000] {taskinstance.py:1308} INFO - Starting attempt 1 of 6
[2023-06-11T10:36:51.328+0000] {taskinstance.py:1327} INFO - Executing <Task(PythonOperator): get_name> on 2023-06-02 00:00:00+00:00
[2023-06-11T10:36:51.977+0000] {standard_task_runner.py:57} INFO - Started process 205 to run task
[2023-06-11T10:36:52.130+0000] {standard_task_runner.py:84} INFO - Running: ['***', 'tasks', 'run', 'dag_pythonoperator_18', 'get_name', 'scheduled__2023-06-02T00:00:00+00:00', '--job-id', '44', '--raw', '--subdir', 'DAGS_FOLDER/python_operator_dag.py', '--cfg-path', '/tmp/tmpo57i0ecv']
[2023-06-11T10:36:52.131+0000] {standard_task_runner.py:85} INFO - Job 44: Subtask get_name
[2023-06-11T10:36:53.699+0000] {task_command.py:410} INFO - Running <TaskInstance: dag_pythonoperator_18.get_name scheduled__2023-06-02T00:00:00+00:00 [running]> on host 7586ce0070ac
[2023-06-11T10:36:58.166+0000] {taskinstance.py:1547} INFO - Exporting env vars: AIRFLOW_CTX_DAG_OWNER='Raja' AIRFLOW_CTX_DAG_ID='dag_pythonoperator_18' AIRFLOW_CTX_TASK_ID='get_name' AIRFLOW_CTX_EXECUTION_DATE='2023-06-02T00:00:00+00:00' AIRFLOW_CTX_TRY_NUMBER='1' AIRFLOW_CTX_DAG_RUN_ID='scheduled__2023-06-02T00:00:00+00:00'
[2023-06-11T10:36:58.542+0000] {python.py:183} INFO - Done. Returned value was: None
[2023-06-11T10:36:58.621+0000] {taskinstance.py:1350} INFO - Marking task as SUCCESS. dag_id=dag_pythonoperator_18, task_id=get_name, execution_date=20230602T000000, start_date=20230611T103638, end_date=20230611T103658
[2023-06-11T10:36:58.843+0000] {local_task_job_runner.py:225} INFO - Task exited with return code 0
[2023-06-11T10:36:59.768+0000] {taskinstance.py:2651} INFO - 1 downstream tasks scheduled from follow-on schedule check
[2023-06-12T03:33:37.223+0000] {taskinstance.py:1103} INFO - Dependencies all met for dep_context=non-requeueable deps ti=<TaskInstance: dag_pythonoperator_18.get_name scheduled__2023-06-02T00:00:00+00:00 [queued]>
[2023-06-12T03:33:37.935+0000] {taskinstance.py:1103} INFO - Dependencies all met for dep_context=requeueable deps ti=<TaskInstance: dag_pythonoperator_18.get_name scheduled__2023-06-02T00:00:00+00:00 [queued]>
[2023-06-12T03:33:37.936+0000] {taskinstance.py:1308} INFO - Starting attempt 1 of 6
[2023-06-12T03:33:39.852+0000] {taskinstance.py:1327} INFO - Executing <Task(PythonOperator): get_name> on 2023-06-02 00:00:00+00:00
[2023-06-12T03:33:39.862+0000] {standard_task_runner.py:57} INFO - Started process 208 to run task
[2023-06-12T03:33:39.897+0000] {standard_task_runner.py:84} INFO - Running: ['***', 'tasks', 'run', 'dag_pythonoperator_18', 'get_name', 'scheduled__2023-06-02T00:00:00+00:00', '--job-id', '42', '--raw', '--subdir', 'DAGS_FOLDER/python_operator_dag.py', '--cfg-path', '/tmp/tmpbvfr3vqg']
[2023-06-12T03:33:39.898+0000] {standard_task_runner.py:85} INFO - Job 42: Subtask get_name
[2023-06-12T03:33:41.746+0000] {task_command.py:410} INFO - Running <TaskInstance: dag_pythonoperator_18.get_name scheduled__2023-06-02T00:00:00+00:00 [running]> on host 03cd9a7904e9
[2023-06-12T03:33:46.238+0000] {taskinstance.py:1547} INFO - Exporting env vars: AIRFLOW_CTX_DAG_OWNER='Raja' AIRFLOW_CTX_DAG_ID='dag_pythonoperator_18' AIRFLOW_CTX_TASK_ID='get_name' AIRFLOW_CTX_EXECUTION_DATE='2023-06-02T00:00:00+00:00' AIRFLOW_CTX_TRY_NUMBER='1' AIRFLOW_CTX_DAG_RUN_ID='scheduled__2023-06-02T00:00:00+00:00'
[2023-06-12T03:33:47.007+0000] {python.py:183} INFO - Done. Returned value was: None
[2023-06-12T03:33:47.296+0000] {taskinstance.py:1350} INFO - Marking task as SUCCESS. dag_id=dag_pythonoperator_18, task_id=get_name, execution_date=20230602T000000, start_date=20230612T033337, end_date=20230612T033347
[2023-06-12T03:33:48.440+0000] {local_task_job_runner.py:225} INFO - Task exited with return code 0
[2023-06-12T03:33:49.665+0000] {taskinstance.py:2651} INFO - 1 downstream tasks scheduled from follow-on schedule check
