[2023-06-11T05:19:33.644+0000] {taskinstance.py:1103} INFO - Dependencies all met for dep_context=non-requeueable deps ti=<TaskInstance: dag_catchip_01.task1 scheduled__2023-04-27T00:00:00+00:00 [queued]>
[2023-06-11T05:19:34.042+0000] {taskinstance.py:1103} INFO - Dependencies all met for dep_context=requeueable deps ti=<TaskInstance: dag_catchip_01.task1 scheduled__2023-04-27T00:00:00+00:00 [queued]>
[2023-06-11T05:19:34.042+0000] {taskinstance.py:1308} INFO - Starting attempt 1 of 6
[2023-06-11T05:19:34.750+0000] {taskinstance.py:1327} INFO - Executing <Task(BashOperator): task1> on 2023-04-27 00:00:00+00:00
[2023-06-11T05:19:34.776+0000] {standard_task_runner.py:57} INFO - Started process 654 to run task
[2023-06-11T05:19:34.796+0000] {standard_task_runner.py:84} INFO - Running: ['***', 'tasks', 'run', 'dag_catchip_01', 'task1', 'scheduled__2023-04-27T00:00:00+00:00', '--job-id', '172', '--raw', '--subdir', 'DAGS_FOLDER/dag_catchup.py', '--cfg-path', '/tmp/tmpz5xqdbju']
[2023-06-11T05:19:34.831+0000] {standard_task_runner.py:85} INFO - Job 172: Subtask task1
[2023-06-11T05:19:36.723+0000] {task_command.py:410} INFO - Running <TaskInstance: dag_catchip_01.task1 scheduled__2023-04-27T00:00:00+00:00 [running]> on host 69e374580eab
[2023-06-11T05:19:41.219+0000] {taskinstance.py:1547} INFO - Exporting env vars: AIRFLOW_CTX_DAG_OWNER='Raja' AIRFLOW_CTX_DAG_ID='dag_catchip_01' AIRFLOW_CTX_TASK_ID='task1' AIRFLOW_CTX_EXECUTION_DATE='2023-04-27T00:00:00+00:00' AIRFLOW_CTX_TRY_NUMBER='1' AIRFLOW_CTX_DAG_RUN_ID='scheduled__2023-04-27T00:00:00+00:00'
[2023-06-11T05:19:41.221+0000] {subprocess.py:63} INFO - Tmp dir root location: 
 /tmp
[2023-06-11T05:19:41.251+0000] {subprocess.py:75} INFO - Running command: ['/bin/bash', '-c', 'echo Hai how are you']
[2023-06-11T05:19:41.313+0000] {subprocess.py:86} INFO - Output:
[2023-06-11T05:19:41.321+0000] {subprocess.py:93} INFO - Hai how are you
[2023-06-11T05:19:41.322+0000] {subprocess.py:97} INFO - Command exited with return code 0
[2023-06-11T05:19:41.392+0000] {taskinstance.py:1350} INFO - Marking task as SUCCESS. dag_id=dag_catchip_01, task_id=task1, execution_date=20230427T000000, start_date=20230611T051933, end_date=20230611T051941
[2023-06-11T05:19:41.502+0000] {local_task_job_runner.py:225} INFO - Task exited with return code 0
[2023-06-11T05:19:41.746+0000] {taskinstance.py:2651} INFO - 0 downstream tasks scheduled from follow-on schedule check
[2023-06-11T08:19:35.666+0000] {taskinstance.py:1103} INFO - Dependencies all met for dep_context=non-requeueable deps ti=<TaskInstance: dag_catchip_01.task1 scheduled__2023-04-27T00:00:00+00:00 [queued]>
[2023-06-11T08:19:36.143+0000] {taskinstance.py:1103} INFO - Dependencies all met for dep_context=requeueable deps ti=<TaskInstance: dag_catchip_01.task1 scheduled__2023-04-27T00:00:00+00:00 [queued]>
[2023-06-11T08:19:36.144+0000] {taskinstance.py:1308} INFO - Starting attempt 1 of 6
[2023-06-11T08:19:39.382+0000] {taskinstance.py:1327} INFO - Executing <Task(BashOperator): task1> on 2023-04-27 00:00:00+00:00
[2023-06-11T08:19:39.910+0000] {standard_task_runner.py:57} INFO - Started process 556 to run task
[2023-06-11T08:19:40.312+0000] {standard_task_runner.py:84} INFO - Running: ['***', 'tasks', 'run', 'dag_catchip_01', 'task1', 'scheduled__2023-04-27T00:00:00+00:00', '--job-id', '183', '--raw', '--subdir', 'DAGS_FOLDER/dag_catchup.py', '--cfg-path', '/tmp/tmpmqzizbl3']
[2023-06-11T08:19:40.314+0000] {standard_task_runner.py:85} INFO - Job 183: Subtask task1
[2023-06-11T08:19:41.788+0000] {task_command.py:410} INFO - Running <TaskInstance: dag_catchip_01.task1 scheduled__2023-04-27T00:00:00+00:00 [running]> on host 492037cdd057
[2023-06-11T08:19:49.244+0000] {taskinstance.py:1547} INFO - Exporting env vars: AIRFLOW_CTX_DAG_OWNER='Raja' AIRFLOW_CTX_DAG_ID='dag_catchip_01' AIRFLOW_CTX_TASK_ID='task1' AIRFLOW_CTX_EXECUTION_DATE='2023-04-27T00:00:00+00:00' AIRFLOW_CTX_TRY_NUMBER='1' AIRFLOW_CTX_DAG_RUN_ID='scheduled__2023-04-27T00:00:00+00:00'
[2023-06-11T08:19:49.257+0000] {subprocess.py:63} INFO - Tmp dir root location: 
 /tmp
[2023-06-11T08:19:49.380+0000] {subprocess.py:75} INFO - Running command: ['/bin/bash', '-c', 'echo Hai how are you']
[2023-06-11T08:19:49.707+0000] {subprocess.py:86} INFO - Output:
[2023-06-11T08:19:49.707+0000] {subprocess.py:93} INFO - Hai how are you
[2023-06-11T08:19:49.708+0000] {subprocess.py:97} INFO - Command exited with return code 0
[2023-06-11T08:19:50.329+0000] {taskinstance.py:1350} INFO - Marking task as SUCCESS. dag_id=dag_catchip_01, task_id=task1, execution_date=20230427T000000, start_date=20230611T081935, end_date=20230611T081950
[2023-06-11T08:19:50.495+0000] {local_task_job_runner.py:225} INFO - Task exited with return code 0
[2023-06-11T08:19:50.836+0000] {taskinstance.py:2651} INFO - 0 downstream tasks scheduled from follow-on schedule check
