[2023-06-11T04:50:18.143+0000] {taskinstance.py:1103} INFO - Dependencies all met for dep_context=non-requeueable deps ti=<TaskInstance: dag_pythonoperator_00.third_task scheduled__2023-06-10T00:00:00+00:00 [queued]>
[2023-06-11T04:50:19.025+0000] {taskinstance.py:1103} INFO - Dependencies all met for dep_context=requeueable deps ti=<TaskInstance: dag_pythonoperator_00.third_task scheduled__2023-06-10T00:00:00+00:00 [queued]>
[2023-06-11T04:50:19.026+0000] {taskinstance.py:1308} INFO - Starting attempt 1 of 6
[2023-06-11T04:50:19.454+0000] {taskinstance.py:1327} INFO - Executing <Task(PythonOperator): third_task> on 2023-06-10 00:00:00+00:00
[2023-06-11T04:50:19.598+0000] {standard_task_runner.py:57} INFO - Started process 788 to run task
[2023-06-11T04:50:19.688+0000] {standard_task_runner.py:84} INFO - Running: ['***', 'tasks', 'run', 'dag_pythonoperator_00', 'third_task', 'scheduled__2023-06-10T00:00:00+00:00', '--job-id', '232', '--raw', '--subdir', 'DAGS_FOLDER/python_operator_dag.py', '--cfg-path', '/tmp/tmpk58cc1ki']
[2023-06-11T04:50:19.689+0000] {standard_task_runner.py:85} INFO - Job 232: Subtask third_task
[2023-06-11T04:50:20.876+0000] {task_command.py:410} INFO - Running <TaskInstance: dag_pythonoperator_00.third_task scheduled__2023-06-10T00:00:00+00:00 [running]> on host 4b1b5d40d165
[2023-06-11T04:50:27.455+0000] {taskinstance.py:1547} INFO - Exporting env vars: AIRFLOW_CTX_DAG_OWNER='Raja' AIRFLOW_CTX_DAG_ID='dag_pythonoperator_00' AIRFLOW_CTX_TASK_ID='third_task' AIRFLOW_CTX_EXECUTION_DATE='2023-06-10T00:00:00+00:00' AIRFLOW_CTX_TRY_NUMBER='1' AIRFLOW_CTX_DAG_RUN_ID='scheduled__2023-06-10T00:00:00+00:00'
[2023-06-11T04:50:28.987+0000] {python.py:183} INFO - Done. Returned value was: None
[2023-06-11T04:50:29.583+0000] {taskinstance.py:1350} INFO - Marking task as SUCCESS. dag_id=dag_pythonoperator_00, task_id=third_task, execution_date=20230610T000000, start_date=20230611T045018, end_date=20230611T045029
[2023-06-11T04:50:32.106+0000] {local_task_job_runner.py:225} INFO - Task exited with return code 0
[2023-06-11T04:50:35.105+0000] {taskinstance.py:2651} INFO - 0 downstream tasks scheduled from follow-on schedule check
[2023-06-11T05:21:34.472+0000] {taskinstance.py:1103} INFO - Dependencies all met for dep_context=non-requeueable deps ti=<TaskInstance: dag_pythonoperator_00.third_task scheduled__2023-06-10T00:00:00+00:00 [queued]>
[2023-06-11T05:21:34.611+0000] {taskinstance.py:1103} INFO - Dependencies all met for dep_context=requeueable deps ti=<TaskInstance: dag_pythonoperator_00.third_task scheduled__2023-06-10T00:00:00+00:00 [queued]>
[2023-06-11T05:21:34.612+0000] {taskinstance.py:1308} INFO - Starting attempt 1 of 6
[2023-06-11T05:21:34.754+0000] {taskinstance.py:1327} INFO - Executing <Task(PythonOperator): third_task> on 2023-06-10 00:00:00+00:00
[2023-06-11T05:21:34.799+0000] {standard_task_runner.py:57} INFO - Started process 874 to run task
[2023-06-11T05:21:34.845+0000] {standard_task_runner.py:84} INFO - Running: ['***', 'tasks', 'run', 'dag_pythonoperator_00', 'third_task', 'scheduled__2023-06-10T00:00:00+00:00', '--job-id', '247', '--raw', '--subdir', 'DAGS_FOLDER/python_operator_dag.py', '--cfg-path', '/tmp/tmps4kz_fof']
[2023-06-11T05:21:34.845+0000] {standard_task_runner.py:85} INFO - Job 247: Subtask third_task
[2023-06-11T05:21:36.476+0000] {task_command.py:410} INFO - Running <TaskInstance: dag_pythonoperator_00.third_task scheduled__2023-06-10T00:00:00+00:00 [running]> on host 69e374580eab
[2023-06-11T05:21:39.445+0000] {taskinstance.py:1547} INFO - Exporting env vars: AIRFLOW_CTX_DAG_OWNER='Raja' AIRFLOW_CTX_DAG_ID='dag_pythonoperator_00' AIRFLOW_CTX_TASK_ID='third_task' AIRFLOW_CTX_EXECUTION_DATE='2023-06-10T00:00:00+00:00' AIRFLOW_CTX_TRY_NUMBER='1' AIRFLOW_CTX_DAG_RUN_ID='scheduled__2023-06-10T00:00:00+00:00'
[2023-06-11T05:21:40.017+0000] {python.py:183} INFO - Done. Returned value was: None
[2023-06-11T05:21:40.492+0000] {taskinstance.py:1350} INFO - Marking task as SUCCESS. dag_id=dag_pythonoperator_00, task_id=third_task, execution_date=20230610T000000, start_date=20230611T052134, end_date=20230611T052140
[2023-06-11T05:21:40.983+0000] {local_task_job_runner.py:225} INFO - Task exited with return code 0
[2023-06-11T05:21:41.337+0000] {taskinstance.py:2651} INFO - 1 downstream tasks scheduled from follow-on schedule check
