[2023-06-11T09:43:13.180+0000] {taskinstance.py:1103} INFO - Dependencies all met for dep_context=non-requeueable deps ti=<TaskInstance: first_dag_02.thrid_task scheduled__2022-04-25T00:00:00+00:00 [queued]>
[2023-06-11T09:43:13.800+0000] {taskinstance.py:1103} INFO - Dependencies all met for dep_context=requeueable deps ti=<TaskInstance: first_dag_02.thrid_task scheduled__2022-04-25T00:00:00+00:00 [queued]>
[2023-06-11T09:43:13.801+0000] {taskinstance.py:1308} INFO - Starting attempt 1 of 6
[2023-06-11T09:43:14.873+0000] {taskinstance.py:1327} INFO - Executing <Task(BashOperator): thrid_task> on 2022-04-25 00:00:00+00:00
[2023-06-11T09:43:15.176+0000] {standard_task_runner.py:84} INFO - Running: ['***', 'tasks', 'run', 'first_dag_02', 'thrid_task', 'scheduled__2022-04-25T00:00:00+00:00', '--job-id', '1298', '--raw', '--subdir', 'DAGS_FOLDER/First_dag.py', '--cfg-path', '/tmp/tmpmb70_0rl']
[2023-06-11T09:43:15.197+0000] {standard_task_runner.py:85} INFO - Job 1298: Subtask thrid_task
[2023-06-11T09:43:15.132+0000] {standard_task_runner.py:57} INFO - Started process 4251 to run task
[2023-06-11T09:43:17.117+0000] {task_command.py:410} INFO - Running <TaskInstance: first_dag_02.thrid_task scheduled__2022-04-25T00:00:00+00:00 [running]> on host 964e508aad03
[2023-06-11T09:43:19.399+0000] {taskinstance.py:1547} INFO - Exporting env vars: AIRFLOW_CTX_DAG_OWNER='Raja' AIRFLOW_CTX_DAG_ID='first_dag_02' AIRFLOW_CTX_TASK_ID='thrid_task' AIRFLOW_CTX_EXECUTION_DATE='2022-04-25T00:00:00+00:00' AIRFLOW_CTX_TRY_NUMBER='1' AIRFLOW_CTX_DAG_RUN_ID='scheduled__2022-04-25T00:00:00+00:00'
[2023-06-11T09:43:19.411+0000] {subprocess.py:63} INFO - Tmp dir root location: 
 /tmp
[2023-06-11T09:43:19.426+0000] {subprocess.py:75} INFO - Running command: ['/bin/bash', '-c', 'echo hey, I am task3 and will be running after task1 at the same time as task2!']
[2023-06-11T09:43:19.548+0000] {subprocess.py:86} INFO - Output:
[2023-06-11T09:43:19.555+0000] {subprocess.py:93} INFO - hey, I am task3 and will be running after task1 at the same time as task2!
[2023-06-11T09:43:19.559+0000] {subprocess.py:97} INFO - Command exited with return code 0
[2023-06-11T09:43:19.879+0000] {taskinstance.py:1350} INFO - Marking task as SUCCESS. dag_id=first_dag_02, task_id=thrid_task, execution_date=20220425T000000, start_date=20230611T094313, end_date=20230611T094319
[2023-06-11T09:43:20.537+0000] {local_task_job_runner.py:225} INFO - Task exited with return code 0
[2023-06-11T09:43:21.048+0000] {taskinstance.py:2651} INFO - 0 downstream tasks scheduled from follow-on schedule check
[2023-06-11T15:29:50.172+0000] {taskinstance.py:1103} INFO - Dependencies all met for dep_context=non-requeueable deps ti=<TaskInstance: first_dag_02.thrid_task scheduled__2022-04-25T00:00:00+00:00 [queued]>
[2023-06-11T15:29:50.250+0000] {taskinstance.py:1103} INFO - Dependencies all met for dep_context=requeueable deps ti=<TaskInstance: first_dag_02.thrid_task scheduled__2022-04-25T00:00:00+00:00 [queued]>
[2023-06-11T15:29:50.251+0000] {taskinstance.py:1308} INFO - Starting attempt 1 of 6
[2023-06-11T15:29:50.437+0000] {taskinstance.py:1327} INFO - Executing <Task(BashOperator): thrid_task> on 2022-04-25 00:00:00+00:00
[2023-06-11T15:29:50.458+0000] {standard_task_runner.py:57} INFO - Started process 840 to run task
[2023-06-11T15:29:50.478+0000] {standard_task_runner.py:84} INFO - Running: ['***', 'tasks', 'run', 'first_dag_02', 'thrid_task', 'scheduled__2022-04-25T00:00:00+00:00', '--job-id', '1342', '--raw', '--subdir', 'DAGS_FOLDER/First_dag.py', '--cfg-path', '/tmp/tmpsmpcuoq0']
[2023-06-11T15:29:50.488+0000] {standard_task_runner.py:85} INFO - Job 1342: Subtask thrid_task
[2023-06-11T15:29:50.683+0000] {task_command.py:410} INFO - Running <TaskInstance: first_dag_02.thrid_task scheduled__2022-04-25T00:00:00+00:00 [running]> on host 7586ce0070ac
[2023-06-11T15:29:52.490+0000] {taskinstance.py:1547} INFO - Exporting env vars: AIRFLOW_CTX_DAG_OWNER='Raja' AIRFLOW_CTX_DAG_ID='first_dag_02' AIRFLOW_CTX_TASK_ID='thrid_task' AIRFLOW_CTX_EXECUTION_DATE='2022-04-25T00:00:00+00:00' AIRFLOW_CTX_TRY_NUMBER='1' AIRFLOW_CTX_DAG_RUN_ID='scheduled__2022-04-25T00:00:00+00:00'
[2023-06-11T15:29:52.501+0000] {subprocess.py:63} INFO - Tmp dir root location: 
 /tmp
[2023-06-11T15:29:52.502+0000] {subprocess.py:75} INFO - Running command: ['/bin/bash', '-c', 'echo hey, I am task3 and will be running after task1 at the same time as task2!']
[2023-06-11T15:29:52.752+0000] {subprocess.py:86} INFO - Output:
[2023-06-11T15:29:52.778+0000] {subprocess.py:93} INFO - hey, I am task3 and will be running after task1 at the same time as task2!
[2023-06-11T15:29:52.778+0000] {subprocess.py:97} INFO - Command exited with return code 0
[2023-06-11T15:29:53.082+0000] {taskinstance.py:1350} INFO - Marking task as SUCCESS. dag_id=first_dag_02, task_id=thrid_task, execution_date=20220425T000000, start_date=20230611T152950, end_date=20230611T152953
[2023-06-11T15:29:53.482+0000] {local_task_job_runner.py:225} INFO - Task exited with return code 0
[2023-06-11T15:29:54.138+0000] {taskinstance.py:2651} INFO - 0 downstream tasks scheduled from follow-on schedule check
