[2023-06-11T04:54:30.995+0000] {taskinstance.py:1103} INFO - Dependencies all met for dep_context=non-requeueable deps ti=<TaskInstance: first_dag_02.second_task scheduled__2021-10-26T00:00:00+00:00 [queued]>
[2023-06-11T04:54:31.790+0000] {taskinstance.py:1103} INFO - Dependencies all met for dep_context=requeueable deps ti=<TaskInstance: first_dag_02.second_task scheduled__2021-10-26T00:00:00+00:00 [queued]>
[2023-06-11T04:54:31.806+0000] {taskinstance.py:1308} INFO - Starting attempt 1 of 6
[2023-06-11T04:54:32.736+0000] {taskinstance.py:1327} INFO - Executing <Task(BashOperator): second_task> on 2021-10-26 00:00:00+00:00
[2023-06-11T04:54:33.018+0000] {standard_task_runner.py:57} INFO - Started process 1158 to run task
[2023-06-11T04:54:33.454+0000] {standard_task_runner.py:84} INFO - Running: ['***', 'tasks', 'run', 'first_dag_02', 'second_task', 'scheduled__2021-10-26T00:00:00+00:00', '--job-id', '342', '--raw', '--subdir', 'DAGS_FOLDER/First_dag.py', '--cfg-path', '/tmp/tmpg_me8s0v']
[2023-06-11T04:54:33.480+0000] {standard_task_runner.py:85} INFO - Job 342: Subtask second_task
[2023-06-11T04:54:34.250+0000] {task_command.py:410} INFO - Running <TaskInstance: first_dag_02.second_task scheduled__2021-10-26T00:00:00+00:00 [running]> on host 4b1b5d40d165
[2023-06-11T04:54:41.466+0000] {taskinstance.py:1547} INFO - Exporting env vars: AIRFLOW_CTX_DAG_OWNER='Raja' AIRFLOW_CTX_DAG_ID='first_dag_02' AIRFLOW_CTX_TASK_ID='second_task' AIRFLOW_CTX_EXECUTION_DATE='2021-10-26T00:00:00+00:00' AIRFLOW_CTX_TRY_NUMBER='1' AIRFLOW_CTX_DAG_RUN_ID='scheduled__2021-10-26T00:00:00+00:00'
[2023-06-11T04:54:41.576+0000] {subprocess.py:63} INFO - Tmp dir root location: 
 /tmp
[2023-06-11T04:54:41.700+0000] {subprocess.py:75} INFO - Running command: ['/bin/bash', '-c', 'echo hey, I am task2 and will be running after task1!']
[2023-06-11T04:54:43.283+0000] {subprocess.py:86} INFO - Output:
[2023-06-11T04:54:44.639+0000] {subprocess.py:93} INFO - hey, I am task2 and will be running after task1!
[2023-06-11T04:54:44.664+0000] {subprocess.py:97} INFO - Command exited with return code 0
[2023-06-11T04:54:47.037+0000] {taskinstance.py:1350} INFO - Marking task as SUCCESS. dag_id=first_dag_02, task_id=second_task, execution_date=20211026T000000, start_date=20230611T045431, end_date=20230611T045447
[2023-06-11T04:54:49.248+0000] {local_task_job_runner.py:225} INFO - Task exited with return code 0
[2023-06-11T04:54:50.631+0000] {taskinstance.py:2651} INFO - 0 downstream tasks scheduled from follow-on schedule check
[2023-06-11T08:53:00.543+0000] {taskinstance.py:1103} INFO - Dependencies all met for dep_context=non-requeueable deps ti=<TaskInstance: first_dag_02.second_task scheduled__2021-10-26T00:00:00+00:00 [queued]>
[2023-06-11T08:53:00.796+0000] {taskinstance.py:1103} INFO - Dependencies all met for dep_context=requeueable deps ti=<TaskInstance: first_dag_02.second_task scheduled__2021-10-26T00:00:00+00:00 [queued]>
[2023-06-11T08:53:00.797+0000] {taskinstance.py:1308} INFO - Starting attempt 1 of 6
[2023-06-11T08:53:01.288+0000] {taskinstance.py:1327} INFO - Executing <Task(BashOperator): second_task> on 2021-10-26 00:00:00+00:00
[2023-06-11T08:53:01.370+0000] {standard_task_runner.py:57} INFO - Started process 1469 to run task
[2023-06-11T08:53:01.366+0000] {standard_task_runner.py:84} INFO - Running: ['***', 'tasks', 'run', 'first_dag_02', 'second_task', 'scheduled__2021-10-26T00:00:00+00:00', '--job-id', '453', '--raw', '--subdir', 'DAGS_FOLDER/First_dag.py', '--cfg-path', '/tmp/tmpx37406qt']
[2023-06-11T08:53:01.383+0000] {standard_task_runner.py:85} INFO - Job 453: Subtask second_task
[2023-06-11T08:53:01.919+0000] {task_command.py:410} INFO - Running <TaskInstance: first_dag_02.second_task scheduled__2021-10-26T00:00:00+00:00 [running]> on host 964e508aad03
[2023-06-11T08:53:03.926+0000] {taskinstance.py:1547} INFO - Exporting env vars: AIRFLOW_CTX_DAG_OWNER='Raja' AIRFLOW_CTX_DAG_ID='first_dag_02' AIRFLOW_CTX_TASK_ID='second_task' AIRFLOW_CTX_EXECUTION_DATE='2021-10-26T00:00:00+00:00' AIRFLOW_CTX_TRY_NUMBER='1' AIRFLOW_CTX_DAG_RUN_ID='scheduled__2021-10-26T00:00:00+00:00'
[2023-06-11T08:53:03.928+0000] {subprocess.py:63} INFO - Tmp dir root location: 
 /tmp
[2023-06-11T08:53:03.929+0000] {subprocess.py:75} INFO - Running command: ['/bin/bash', '-c', 'echo hey, I am task2 and will be running after task1!']
[2023-06-11T08:53:04.030+0000] {subprocess.py:86} INFO - Output:
[2023-06-11T08:53:04.073+0000] {subprocess.py:93} INFO - hey, I am task2 and will be running after task1!
[2023-06-11T08:53:04.075+0000] {subprocess.py:97} INFO - Command exited with return code 0
[2023-06-11T08:53:04.452+0000] {taskinstance.py:1350} INFO - Marking task as SUCCESS. dag_id=first_dag_02, task_id=second_task, execution_date=20211026T000000, start_date=20230611T085300, end_date=20230611T085304
[2023-06-11T08:53:04.624+0000] {local_task_job_runner.py:225} INFO - Task exited with return code 0
[2023-06-11T08:53:04.929+0000] {taskinstance.py:2651} INFO - 0 downstream tasks scheduled from follow-on schedule check
[2023-06-11T11:14:01.684+0000] {taskinstance.py:1103} INFO - Dependencies all met for dep_context=non-requeueable deps ti=<TaskInstance: first_dag_02.second_task scheduled__2021-10-26T00:00:00+00:00 [queued]>
[2023-06-11T11:14:01.986+0000] {taskinstance.py:1103} INFO - Dependencies all met for dep_context=requeueable deps ti=<TaskInstance: first_dag_02.second_task scheduled__2021-10-26T00:00:00+00:00 [queued]>
[2023-06-11T11:14:01.987+0000] {taskinstance.py:1308} INFO - Starting attempt 1 of 6
[2023-06-11T11:14:02.180+0000] {taskinstance.py:1327} INFO - Executing <Task(BashOperator): second_task> on 2021-10-26 00:00:00+00:00
[2023-06-11T11:14:02.201+0000] {standard_task_runner.py:57} INFO - Started process 119 to run task
[2023-06-11T11:14:02.234+0000] {standard_task_runner.py:84} INFO - Running: ['***', 'tasks', 'run', 'first_dag_02', 'second_task', 'scheduled__2021-10-26T00:00:00+00:00', '--job-id', '491', '--raw', '--subdir', 'DAGS_FOLDER/First_dag.py', '--cfg-path', '/tmp/tmpjnw_rhr5']
[2023-06-11T11:14:02.241+0000] {standard_task_runner.py:85} INFO - Job 491: Subtask second_task
[2023-06-11T11:14:03.086+0000] {task_command.py:410} INFO - Running <TaskInstance: first_dag_02.second_task scheduled__2021-10-26T00:00:00+00:00 [running]> on host 7586ce0070ac
[2023-06-11T11:14:05.182+0000] {taskinstance.py:1547} INFO - Exporting env vars: AIRFLOW_CTX_DAG_OWNER='Raja' AIRFLOW_CTX_DAG_ID='first_dag_02' AIRFLOW_CTX_TASK_ID='second_task' AIRFLOW_CTX_EXECUTION_DATE='2021-10-26T00:00:00+00:00' AIRFLOW_CTX_TRY_NUMBER='1' AIRFLOW_CTX_DAG_RUN_ID='scheduled__2021-10-26T00:00:00+00:00'
[2023-06-11T11:14:05.196+0000] {subprocess.py:63} INFO - Tmp dir root location: 
 /tmp
[2023-06-11T11:14:05.205+0000] {subprocess.py:75} INFO - Running command: ['/bin/bash', '-c', 'echo hey, I am task2 and will be running after task1!']
[2023-06-11T11:14:05.449+0000] {subprocess.py:86} INFO - Output:
[2023-06-11T11:14:05.480+0000] {subprocess.py:93} INFO - hey, I am task2 and will be running after task1!
[2023-06-11T11:14:05.610+0000] {subprocess.py:97} INFO - Command exited with return code 0
[2023-06-11T11:14:06.318+0000] {taskinstance.py:1350} INFO - Marking task as SUCCESS. dag_id=first_dag_02, task_id=second_task, execution_date=20211026T000000, start_date=20230611T111401, end_date=20230611T111406
[2023-06-11T11:14:06.733+0000] {local_task_job_runner.py:225} INFO - Task exited with return code 0
[2023-06-11T11:14:07.210+0000] {taskinstance.py:2651} INFO - 0 downstream tasks scheduled from follow-on schedule check
