[2023-06-11T04:50:04.913+0000] {taskinstance.py:1103} INFO - Dependencies all met for dep_context=non-requeueable deps ti=<TaskInstance: first_dag_02.thrid_task scheduled__2021-09-22T00:00:00+00:00 [queued]>
[2023-06-11T04:50:05.550+0000] {taskinstance.py:1103} INFO - Dependencies all met for dep_context=requeueable deps ti=<TaskInstance: first_dag_02.thrid_task scheduled__2021-09-22T00:00:00+00:00 [queued]>
[2023-06-11T04:50:05.550+0000] {taskinstance.py:1308} INFO - Starting attempt 1 of 6
[2023-06-11T04:50:06.745+0000] {taskinstance.py:1327} INFO - Executing <Task(BashOperator): thrid_task> on 2021-09-22 00:00:00+00:00
[2023-06-11T04:50:06.911+0000] {standard_task_runner.py:84} INFO - Running: ['***', 'tasks', 'run', 'first_dag_02', 'thrid_task', 'scheduled__2021-09-22T00:00:00+00:00', '--job-id', '223', '--raw', '--subdir', 'DAGS_FOLDER/First_dag.py', '--cfg-path', '/tmp/tmpkr8kd86n']
[2023-06-11T04:50:06.927+0000] {standard_task_runner.py:85} INFO - Job 223: Subtask thrid_task
[2023-06-11T04:50:06.889+0000] {standard_task_runner.py:57} INFO - Started process 768 to run task
[2023-06-11T04:50:08.334+0000] {task_command.py:410} INFO - Running <TaskInstance: first_dag_02.thrid_task scheduled__2021-09-22T00:00:00+00:00 [running]> on host 4b1b5d40d165
[2023-06-11T04:50:15.012+0000] {taskinstance.py:1547} INFO - Exporting env vars: AIRFLOW_CTX_DAG_OWNER='Raja' AIRFLOW_CTX_DAG_ID='first_dag_02' AIRFLOW_CTX_TASK_ID='thrid_task' AIRFLOW_CTX_EXECUTION_DATE='2021-09-22T00:00:00+00:00' AIRFLOW_CTX_TRY_NUMBER='1' AIRFLOW_CTX_DAG_RUN_ID='scheduled__2021-09-22T00:00:00+00:00'
[2023-06-11T04:50:15.056+0000] {subprocess.py:63} INFO - Tmp dir root location: 
 /tmp
[2023-06-11T04:50:15.061+0000] {subprocess.py:75} INFO - Running command: ['/bin/bash', '-c', 'echo hey, I am task3 and will be running after task1 at the same time as task2!']
[2023-06-11T04:50:16.207+0000] {subprocess.py:86} INFO - Output:
[2023-06-11T04:50:16.296+0000] {subprocess.py:93} INFO - hey, I am task3 and will be running after task1 at the same time as task2!
[2023-06-11T04:50:16.299+0000] {subprocess.py:97} INFO - Command exited with return code 0
[2023-06-11T04:50:17.116+0000] {taskinstance.py:1350} INFO - Marking task as SUCCESS. dag_id=first_dag_02, task_id=thrid_task, execution_date=20210922T000000, start_date=20230611T045004, end_date=20230611T045017
[2023-06-11T04:50:17.923+0000] {local_task_job_runner.py:225} INFO - Task exited with return code 0
[2023-06-11T04:50:18.319+0000] {taskinstance.py:2651} INFO - 0 downstream tasks scheduled from follow-on schedule check
[2023-06-11T08:28:00.916+0000] {taskinstance.py:1103} INFO - Dependencies all met for dep_context=non-requeueable deps ti=<TaskInstance: first_dag_02.thrid_task scheduled__2021-09-22T00:00:00+00:00 [queued]>
[2023-06-11T08:28:01.033+0000] {taskinstance.py:1103} INFO - Dependencies all met for dep_context=requeueable deps ti=<TaskInstance: first_dag_02.thrid_task scheduled__2021-09-22T00:00:00+00:00 [queued]>
[2023-06-11T08:28:01.034+0000] {taskinstance.py:1308} INFO - Starting attempt 1 of 6
[2023-06-11T08:28:04.330+0000] {taskinstance.py:1327} INFO - Executing <Task(BashOperator): thrid_task> on 2021-09-22 00:00:00+00:00
[2023-06-11T08:28:04.849+0000] {standard_task_runner.py:57} INFO - Started process 1227 to run task
[2023-06-11T08:28:07.542+0000] {standard_task_runner.py:84} INFO - Running: ['***', 'tasks', 'run', 'first_dag_02', 'thrid_task', 'scheduled__2021-09-22T00:00:00+00:00', '--job-id', '378', '--raw', '--subdir', 'DAGS_FOLDER/First_dag.py', '--cfg-path', '/tmp/tmpgb0w48gl']
[2023-06-11T08:28:07.976+0000] {standard_task_runner.py:85} INFO - Job 378: Subtask thrid_task
[2023-06-11T08:28:15.331+0000] {task_command.py:410} INFO - Running <TaskInstance: first_dag_02.thrid_task scheduled__2021-09-22T00:00:00+00:00 [running]> on host 492037cdd057
[2023-06-11T08:28:40.206+0000] {taskinstance.py:1547} INFO - Exporting env vars: AIRFLOW_CTX_DAG_OWNER='Raja' AIRFLOW_CTX_DAG_ID='first_dag_02' AIRFLOW_CTX_TASK_ID='thrid_task' AIRFLOW_CTX_EXECUTION_DATE='2021-09-22T00:00:00+00:00' AIRFLOW_CTX_TRY_NUMBER='1' AIRFLOW_CTX_DAG_RUN_ID='scheduled__2021-09-22T00:00:00+00:00'
[2023-06-11T08:28:40.397+0000] {subprocess.py:63} INFO - Tmp dir root location: 
 /tmp
[2023-06-11T08:28:40.472+0000] {subprocess.py:75} INFO - Running command: ['/bin/bash', '-c', 'echo hey, I am task3 and will be running after task1 at the same time as task2!']
[2023-06-11T08:28:41.230+0000] {subprocess.py:86} INFO - Output:
[2023-06-11T08:28:41.529+0000] {subprocess.py:93} INFO - hey, I am task3 and will be running after task1 at the same time as task2!
[2023-06-11T08:28:41.533+0000] {subprocess.py:97} INFO - Command exited with return code 0
[2023-06-11T08:28:42.671+0000] {taskinstance.py:1350} INFO - Marking task as SUCCESS. dag_id=first_dag_02, task_id=thrid_task, execution_date=20210922T000000, start_date=20230611T082800, end_date=20230611T082842
[2023-06-11T08:28:43.327+0000] {local_task_job_runner.py:225} INFO - Task exited with return code 0
[2023-06-11T08:28:45.535+0000] {taskinstance.py:2651} INFO - 0 downstream tasks scheduled from follow-on schedule check
[2023-06-11T08:50:55.400+0000] {taskinstance.py:1103} INFO - Dependencies all met for dep_context=non-requeueable deps ti=<TaskInstance: first_dag_02.thrid_task scheduled__2021-09-22T00:00:00+00:00 [queued]>
[2023-06-11T08:50:55.572+0000] {taskinstance.py:1103} INFO - Dependencies all met for dep_context=requeueable deps ti=<TaskInstance: first_dag_02.thrid_task scheduled__2021-09-22T00:00:00+00:00 [queued]>
[2023-06-11T08:50:55.576+0000] {taskinstance.py:1308} INFO - Starting attempt 1 of 6
[2023-06-11T08:50:56.068+0000] {taskinstance.py:1327} INFO - Executing <Task(BashOperator): thrid_task> on 2021-09-22 00:00:00+00:00
[2023-06-11T08:50:56.134+0000] {standard_task_runner.py:57} INFO - Started process 990 to run task
[2023-06-11T08:50:56.184+0000] {standard_task_runner.py:84} INFO - Running: ['***', 'tasks', 'run', 'first_dag_02', 'thrid_task', 'scheduled__2021-09-22T00:00:00+00:00', '--job-id', '304', '--raw', '--subdir', 'DAGS_FOLDER/First_dag.py', '--cfg-path', '/tmp/tmpi65yfy01']
[2023-06-11T08:50:56.185+0000] {standard_task_runner.py:85} INFO - Job 304: Subtask thrid_task
[2023-06-11T08:50:56.704+0000] {task_command.py:410} INFO - Running <TaskInstance: first_dag_02.thrid_task scheduled__2021-09-22T00:00:00+00:00 [running]> on host 964e508aad03
[2023-06-11T08:50:58.280+0000] {taskinstance.py:1547} INFO - Exporting env vars: AIRFLOW_CTX_DAG_OWNER='Raja' AIRFLOW_CTX_DAG_ID='first_dag_02' AIRFLOW_CTX_TASK_ID='thrid_task' AIRFLOW_CTX_EXECUTION_DATE='2021-09-22T00:00:00+00:00' AIRFLOW_CTX_TRY_NUMBER='1' AIRFLOW_CTX_DAG_RUN_ID='scheduled__2021-09-22T00:00:00+00:00'
[2023-06-11T08:50:58.287+0000] {subprocess.py:63} INFO - Tmp dir root location: 
 /tmp
[2023-06-11T08:50:58.288+0000] {subprocess.py:75} INFO - Running command: ['/bin/bash', '-c', 'echo hey, I am task3 and will be running after task1 at the same time as task2!']
[2023-06-11T08:50:58.500+0000] {subprocess.py:86} INFO - Output:
[2023-06-11T08:50:58.545+0000] {subprocess.py:93} INFO - hey, I am task3 and will be running after task1 at the same time as task2!
[2023-06-11T08:50:58.547+0000] {subprocess.py:97} INFO - Command exited with return code 0
[2023-06-11T08:50:58.902+0000] {taskinstance.py:1350} INFO - Marking task as SUCCESS. dag_id=first_dag_02, task_id=thrid_task, execution_date=20210922T000000, start_date=20230611T085055, end_date=20230611T085058
[2023-06-11T08:50:59.022+0000] {local_task_job_runner.py:225} INFO - Task exited with return code 0
[2023-06-11T08:50:59.258+0000] {taskinstance.py:2651} INFO - 0 downstream tasks scheduled from follow-on schedule check
[2023-06-11T10:56:34.576+0000] {taskinstance.py:1103} INFO - Dependencies all met for dep_context=non-requeueable deps ti=<TaskInstance: first_dag_02.thrid_task scheduled__2021-09-22T00:00:00+00:00 [queued]>
[2023-06-11T10:56:34.996+0000] {taskinstance.py:1103} INFO - Dependencies all met for dep_context=requeueable deps ti=<TaskInstance: first_dag_02.thrid_task scheduled__2021-09-22T00:00:00+00:00 [queued]>
[2023-06-11T10:56:34.997+0000] {taskinstance.py:1308} INFO - Starting attempt 1 of 6
[2023-06-11T10:56:36.289+0000] {taskinstance.py:1327} INFO - Executing <Task(BashOperator): thrid_task> on 2021-09-22 00:00:00+00:00
[2023-06-11T10:56:36.634+0000] {standard_task_runner.py:57} INFO - Started process 1166 to run task
[2023-06-11T10:56:36.692+0000] {standard_task_runner.py:84} INFO - Running: ['***', 'tasks', 'run', 'first_dag_02', 'thrid_task', 'scheduled__2021-09-22T00:00:00+00:00', '--job-id', '318', '--raw', '--subdir', 'DAGS_FOLDER/First_dag.py', '--cfg-path', '/tmp/tmpncczq6o7']
[2023-06-11T10:56:36.693+0000] {standard_task_runner.py:85} INFO - Job 318: Subtask thrid_task
[2023-06-11T10:56:40.064+0000] {task_command.py:410} INFO - Running <TaskInstance: first_dag_02.thrid_task scheduled__2021-09-22T00:00:00+00:00 [running]> on host 7586ce0070ac
[2023-06-11T10:56:48.516+0000] {taskinstance.py:1547} INFO - Exporting env vars: AIRFLOW_CTX_DAG_OWNER='Raja' AIRFLOW_CTX_DAG_ID='first_dag_02' AIRFLOW_CTX_TASK_ID='thrid_task' AIRFLOW_CTX_EXECUTION_DATE='2021-09-22T00:00:00+00:00' AIRFLOW_CTX_TRY_NUMBER='1' AIRFLOW_CTX_DAG_RUN_ID='scheduled__2021-09-22T00:00:00+00:00'
[2023-06-11T10:56:48.532+0000] {subprocess.py:63} INFO - Tmp dir root location: 
 /tmp
[2023-06-11T10:56:48.540+0000] {subprocess.py:75} INFO - Running command: ['/bin/bash', '-c', 'echo hey, I am task3 and will be running after task1 at the same time as task2!']
[2023-06-11T10:56:48.589+0000] {subprocess.py:86} INFO - Output:
[2023-06-11T10:56:48.594+0000] {subprocess.py:93} INFO - hey, I am task3 and will be running after task1 at the same time as task2!
[2023-06-11T10:56:48.597+0000] {subprocess.py:97} INFO - Command exited with return code 0
[2023-06-11T10:56:49.700+0000] {taskinstance.py:1350} INFO - Marking task as SUCCESS. dag_id=first_dag_02, task_id=thrid_task, execution_date=20210922T000000, start_date=20230611T105634, end_date=20230611T105649
[2023-06-11T10:56:51.017+0000] {local_task_job_runner.py:225} INFO - Task exited with return code 0
[2023-06-11T10:56:51.638+0000] {taskinstance.py:2651} INFO - 0 downstream tasks scheduled from follow-on schedule check
