[2023-06-11T09:44:26.268+0000] {taskinstance.py:1103} INFO - Dependencies all met for dep_context=non-requeueable deps ti=<TaskInstance: first_dag_02.second_task scheduled__2022-05-15T00:00:00+00:00 [queued]>
[2023-06-11T09:44:26.410+0000] {taskinstance.py:1103} INFO - Dependencies all met for dep_context=requeueable deps ti=<TaskInstance: first_dag_02.second_task scheduled__2022-05-15T00:00:00+00:00 [queued]>
[2023-06-11T09:44:26.416+0000] {taskinstance.py:1308} INFO - Starting attempt 1 of 6
[2023-06-11T09:44:26.663+0000] {taskinstance.py:1327} INFO - Executing <Task(BashOperator): second_task> on 2022-05-15 00:00:00+00:00
[2023-06-11T09:44:26.699+0000] {standard_task_runner.py:57} INFO - Started process 4494 to run task
[2023-06-11T09:44:26.754+0000] {standard_task_runner.py:84} INFO - Running: ['***', 'tasks', 'run', 'first_dag_02', 'second_task', 'scheduled__2022-05-15T00:00:00+00:00', '--job-id', '1382', '--raw', '--subdir', 'DAGS_FOLDER/First_dag.py', '--cfg-path', '/tmp/tmpctq31zdh']
[2023-06-11T09:44:26.754+0000] {standard_task_runner.py:85} INFO - Job 1382: Subtask second_task
[2023-06-11T09:44:27.259+0000] {task_command.py:410} INFO - Running <TaskInstance: first_dag_02.second_task scheduled__2022-05-15T00:00:00+00:00 [running]> on host 964e508aad03
[2023-06-11T09:44:30.786+0000] {taskinstance.py:1547} INFO - Exporting env vars: AIRFLOW_CTX_DAG_OWNER='Raja' AIRFLOW_CTX_DAG_ID='first_dag_02' AIRFLOW_CTX_TASK_ID='second_task' AIRFLOW_CTX_EXECUTION_DATE='2022-05-15T00:00:00+00:00' AIRFLOW_CTX_TRY_NUMBER='1' AIRFLOW_CTX_DAG_RUN_ID='scheduled__2022-05-15T00:00:00+00:00'
[2023-06-11T09:44:30.806+0000] {subprocess.py:63} INFO - Tmp dir root location: 
 /tmp
[2023-06-11T09:44:30.823+0000] {subprocess.py:75} INFO - Running command: ['/bin/bash', '-c', 'echo hey, I am task2 and will be running after task1!']
[2023-06-11T09:44:30.994+0000] {subprocess.py:86} INFO - Output:
[2023-06-11T09:44:31.009+0000] {subprocess.py:93} INFO - hey, I am task2 and will be running after task1!
[2023-06-11T09:44:31.023+0000] {subprocess.py:97} INFO - Command exited with return code 0
[2023-06-11T09:44:31.664+0000] {taskinstance.py:1350} INFO - Marking task as SUCCESS. dag_id=first_dag_02, task_id=second_task, execution_date=20220515T000000, start_date=20230611T094426, end_date=20230611T094431
[2023-06-11T09:44:31.720+0000] {local_task_job_runner.py:225} INFO - Task exited with return code 0
[2023-06-11T09:44:32.069+0000] {taskinstance.py:2651} INFO - 0 downstream tasks scheduled from follow-on schedule check
[2023-06-11T15:31:38.395+0000] {taskinstance.py:1103} INFO - Dependencies all met for dep_context=non-requeueable deps ti=<TaskInstance: first_dag_02.second_task scheduled__2022-05-15T00:00:00+00:00 [queued]>
[2023-06-11T15:31:38.528+0000] {taskinstance.py:1103} INFO - Dependencies all met for dep_context=requeueable deps ti=<TaskInstance: first_dag_02.second_task scheduled__2022-05-15T00:00:00+00:00 [queued]>
[2023-06-11T15:31:38.529+0000] {taskinstance.py:1308} INFO - Starting attempt 1 of 6
[2023-06-11T15:31:38.696+0000] {taskinstance.py:1327} INFO - Executing <Task(BashOperator): second_task> on 2022-05-15 00:00:00+00:00
[2023-06-11T15:31:38.756+0000] {standard_task_runner.py:57} INFO - Started process 1147 to run task
[2023-06-11T15:31:38.813+0000] {standard_task_runner.py:84} INFO - Running: ['***', 'tasks', 'run', 'first_dag_02', 'second_task', 'scheduled__2022-05-15T00:00:00+00:00', '--job-id', '1437', '--raw', '--subdir', 'DAGS_FOLDER/First_dag.py', '--cfg-path', '/tmp/tmpabobqk9r']
[2023-06-11T15:31:38.814+0000] {standard_task_runner.py:85} INFO - Job 1437: Subtask second_task
[2023-06-11T15:31:39.206+0000] {task_command.py:410} INFO - Running <TaskInstance: first_dag_02.second_task scheduled__2022-05-15T00:00:00+00:00 [running]> on host 7586ce0070ac
[2023-06-11T15:31:40.542+0000] {taskinstance.py:1547} INFO - Exporting env vars: AIRFLOW_CTX_DAG_OWNER='Raja' AIRFLOW_CTX_DAG_ID='first_dag_02' AIRFLOW_CTX_TASK_ID='second_task' AIRFLOW_CTX_EXECUTION_DATE='2022-05-15T00:00:00+00:00' AIRFLOW_CTX_TRY_NUMBER='1' AIRFLOW_CTX_DAG_RUN_ID='scheduled__2022-05-15T00:00:00+00:00'
[2023-06-11T15:31:40.545+0000] {subprocess.py:63} INFO - Tmp dir root location: 
 /tmp
[2023-06-11T15:31:40.547+0000] {subprocess.py:75} INFO - Running command: ['/bin/bash', '-c', 'echo hey, I am task2 and will be running after task1!']
[2023-06-11T15:31:40.607+0000] {subprocess.py:86} INFO - Output:
[2023-06-11T15:31:40.616+0000] {subprocess.py:93} INFO - hey, I am task2 and will be running after task1!
[2023-06-11T15:31:40.626+0000] {subprocess.py:97} INFO - Command exited with return code 0
[2023-06-11T15:31:40.777+0000] {taskinstance.py:1350} INFO - Marking task as SUCCESS. dag_id=first_dag_02, task_id=second_task, execution_date=20220515T000000, start_date=20230611T153138, end_date=20230611T153140
[2023-06-11T15:31:40.895+0000] {local_task_job_runner.py:225} INFO - Task exited with return code 0
[2023-06-11T15:31:40.997+0000] {taskinstance.py:2651} INFO - 0 downstream tasks scheduled from follow-on schedule check
