[2023-06-11T09:41:53.258+0000] {taskinstance.py:1103} INFO - Dependencies all met for dep_context=non-requeueable deps ti=<TaskInstance: dag_cron_expression_03.task1 scheduled__2021-11-06T03:00:00+00:00 [queued]>
[2023-06-11T09:41:54.483+0000] {taskinstance.py:1103} INFO - Dependencies all met for dep_context=requeueable deps ti=<TaskInstance: dag_cron_expression_03.task1 scheduled__2021-11-06T03:00:00+00:00 [queued]>
[2023-06-11T09:41:54.488+0000] {taskinstance.py:1308} INFO - Starting attempt 1 of 6
[2023-06-11T09:41:54.968+0000] {taskinstance.py:1327} INFO - Executing <Task(BashOperator): task1> on 2021-11-06 03:00:00+00:00
[2023-06-11T09:41:55.274+0000] {standard_task_runner.py:57} INFO - Started process 4115 to run task
[2023-06-11T09:41:55.566+0000] {standard_task_runner.py:84} INFO - Running: ['***', 'tasks', 'run', 'dag_cron_expression_03', 'task1', 'scheduled__2021-11-06T03:00:00+00:00', '--job-id', '1261', '--raw', '--subdir', 'DAGS_FOLDER/dag_corn.py', '--cfg-path', '/tmp/tmpjtx0rl3s']
[2023-06-11T09:41:55.806+0000] {standard_task_runner.py:85} INFO - Job 1261: Subtask task1
[2023-06-11T09:41:58.898+0000] {task_command.py:410} INFO - Running <TaskInstance: dag_cron_expression_03.task1 scheduled__2021-11-06T03:00:00+00:00 [running]> on host 964e508aad03
[2023-06-11T09:42:04.131+0000] {taskinstance.py:1547} INFO - Exporting env vars: AIRFLOW_CTX_DAG_OWNER='Raja' AIRFLOW_CTX_DAG_ID='dag_cron_expression_03' AIRFLOW_CTX_TASK_ID='task1' AIRFLOW_CTX_EXECUTION_DATE='2021-11-06T03:00:00+00:00' AIRFLOW_CTX_TRY_NUMBER='1' AIRFLOW_CTX_DAG_RUN_ID='scheduled__2021-11-06T03:00:00+00:00'
[2023-06-11T09:42:04.177+0000] {subprocess.py:63} INFO - Tmp dir root location: 
 /tmp
[2023-06-11T09:42:04.177+0000] {subprocess.py:75} INFO - Running command: ['/bin/bash', '-c', 'echo dag with cron expression!']
[2023-06-11T09:42:04.942+0000] {subprocess.py:86} INFO - Output:
[2023-06-11T09:42:04.987+0000] {subprocess.py:93} INFO - dag with cron expression!
[2023-06-11T09:42:04.988+0000] {subprocess.py:97} INFO - Command exited with return code 0
[2023-06-11T09:42:07.371+0000] {taskinstance.py:1350} INFO - Marking task as SUCCESS. dag_id=dag_cron_expression_03, task_id=task1, execution_date=20211106T030000, start_date=20230611T094153, end_date=20230611T094207
[2023-06-11T09:42:08.765+0000] {local_task_job_runner.py:225} INFO - Task exited with return code 0
[2023-06-11T09:42:09.301+0000] {taskinstance.py:2651} INFO - 0 downstream tasks scheduled from follow-on schedule check
[2023-06-11T10:35:11.920+0000] {taskinstance.py:1103} INFO - Dependencies all met for dep_context=non-requeueable deps ti=<TaskInstance: dag_cron_expression_03.task1 scheduled__2021-11-06T03:00:00+00:00 [queued]>
[2023-06-11T10:35:12.073+0000] {taskinstance.py:1103} INFO - Dependencies all met for dep_context=requeueable deps ti=<TaskInstance: dag_cron_expression_03.task1 scheduled__2021-11-06T03:00:00+00:00 [queued]>
[2023-06-11T10:35:12.074+0000] {taskinstance.py:1308} INFO - Starting attempt 1 of 6
[2023-06-11T10:35:12.288+0000] {taskinstance.py:1327} INFO - Executing <Task(BashOperator): task1> on 2021-11-06 03:00:00+00:00
[2023-06-11T10:35:12.342+0000] {standard_task_runner.py:57} INFO - Started process 88 to run task
[2023-06-11T10:35:12.378+0000] {standard_task_runner.py:84} INFO - Running: ['***', 'tasks', 'run', 'dag_cron_expression_03', 'task1', 'scheduled__2021-11-06T03:00:00+00:00', '--job-id', '9', '--raw', '--subdir', 'DAGS_FOLDER/dag_corn.py', '--cfg-path', '/tmp/tmpeatuk87z']
[2023-06-11T10:35:12.379+0000] {standard_task_runner.py:85} INFO - Job 9: Subtask task1
[2023-06-11T10:35:13.845+0000] {task_command.py:410} INFO - Running <TaskInstance: dag_cron_expression_03.task1 scheduled__2021-11-06T03:00:00+00:00 [running]> on host 7586ce0070ac
[2023-06-11T10:35:19.298+0000] {taskinstance.py:1547} INFO - Exporting env vars: AIRFLOW_CTX_DAG_OWNER='Raja' AIRFLOW_CTX_DAG_ID='dag_cron_expression_03' AIRFLOW_CTX_TASK_ID='task1' AIRFLOW_CTX_EXECUTION_DATE='2021-11-06T03:00:00+00:00' AIRFLOW_CTX_TRY_NUMBER='1' AIRFLOW_CTX_DAG_RUN_ID='scheduled__2021-11-06T03:00:00+00:00'
[2023-06-11T10:35:19.306+0000] {subprocess.py:63} INFO - Tmp dir root location: 
 /tmp
[2023-06-11T10:35:19.308+0000] {subprocess.py:75} INFO - Running command: ['/bin/bash', '-c', 'echo dag with cron expression!']
[2023-06-11T10:35:19.367+0000] {subprocess.py:86} INFO - Output:
[2023-06-11T10:35:19.383+0000] {subprocess.py:93} INFO - dag with cron expression!
[2023-06-11T10:35:19.386+0000] {subprocess.py:97} INFO - Command exited with return code 0
[2023-06-11T10:35:20.823+0000] {taskinstance.py:1350} INFO - Marking task as SUCCESS. dag_id=dag_cron_expression_03, task_id=task1, execution_date=20211106T030000, start_date=20230611T103511, end_date=20230611T103520
[2023-06-11T10:35:22.389+0000] {local_task_job_runner.py:225} INFO - Task exited with return code 0
[2023-06-11T10:35:24.566+0000] {taskinstance.py:2651} INFO - 0 downstream tasks scheduled from follow-on schedule check
[2023-06-12T03:33:01.500+0000] {taskinstance.py:1103} INFO - Dependencies all met for dep_context=non-requeueable deps ti=<TaskInstance: dag_cron_expression_03.task1 scheduled__2021-11-06T03:00:00+00:00 [queued]>
[2023-06-12T03:33:02.155+0000] {taskinstance.py:1103} INFO - Dependencies all met for dep_context=requeueable deps ti=<TaskInstance: dag_cron_expression_03.task1 scheduled__2021-11-06T03:00:00+00:00 [queued]>
[2023-06-12T03:33:02.157+0000] {taskinstance.py:1308} INFO - Starting attempt 1 of 6
[2023-06-12T03:33:02.261+0000] {taskinstance.py:1327} INFO - Executing <Task(BashOperator): task1> on 2021-11-06 03:00:00+00:00
[2023-06-12T03:33:02.276+0000] {standard_task_runner.py:57} INFO - Started process 162 to run task
[2023-06-12T03:33:02.523+0000] {standard_task_runner.py:84} INFO - Running: ['***', 'tasks', 'run', 'dag_cron_expression_03', 'task1', 'scheduled__2021-11-06T03:00:00+00:00', '--job-id', '27', '--raw', '--subdir', 'DAGS_FOLDER/dag_cron.py', '--cfg-path', '/tmp/tmpr2h8mvv7']
[2023-06-12T03:33:02.550+0000] {standard_task_runner.py:85} INFO - Job 27: Subtask task1
[2023-06-12T03:33:03.795+0000] {task_command.py:410} INFO - Running <TaskInstance: dag_cron_expression_03.task1 scheduled__2021-11-06T03:00:00+00:00 [running]> on host 03cd9a7904e9
[2023-06-12T03:33:07.548+0000] {taskinstance.py:1547} INFO - Exporting env vars: AIRFLOW_CTX_DAG_OWNER='Raja' AIRFLOW_CTX_DAG_ID='dag_cron_expression_03' AIRFLOW_CTX_TASK_ID='task1' AIRFLOW_CTX_EXECUTION_DATE='2021-11-06T03:00:00+00:00' AIRFLOW_CTX_TRY_NUMBER='1' AIRFLOW_CTX_DAG_RUN_ID='scheduled__2021-11-06T03:00:00+00:00'
[2023-06-12T03:33:07.882+0000] {subprocess.py:63} INFO - Tmp dir root location: 
 /tmp
[2023-06-12T03:33:07.939+0000] {subprocess.py:75} INFO - Running command: ['/bin/bash', '-c', 'echo dag with cron expression!']
[2023-06-12T03:33:08.752+0000] {subprocess.py:86} INFO - Output:
[2023-06-12T03:33:08.775+0000] {subprocess.py:93} INFO - dag with cron expression!
[2023-06-12T03:33:08.775+0000] {subprocess.py:97} INFO - Command exited with return code 0
[2023-06-12T03:33:09.519+0000] {taskinstance.py:1350} INFO - Marking task as SUCCESS. dag_id=dag_cron_expression_03, task_id=task1, execution_date=20211106T030000, start_date=20230612T033301, end_date=20230612T033309
[2023-06-12T03:33:10.799+0000] {local_task_job_runner.py:225} INFO - Task exited with return code 0
[2023-06-12T03:33:13.226+0000] {taskinstance.py:2651} INFO - 0 downstream tasks scheduled from follow-on schedule check
