[2023-06-11T09:48:12.383+0000] {taskinstance.py:1103} INFO - Dependencies all met for dep_context=non-requeueable deps ti=<TaskInstance: first_dag_02.second_task scheduled__2022-06-26T00:00:00+00:00 [queued]>
[2023-06-11T09:48:12.559+0000] {taskinstance.py:1103} INFO - Dependencies all met for dep_context=requeueable deps ti=<TaskInstance: first_dag_02.second_task scheduled__2022-06-26T00:00:00+00:00 [queued]>
[2023-06-11T09:48:12.559+0000] {taskinstance.py:1308} INFO - Starting attempt 1 of 6
[2023-06-11T09:48:14.029+0000] {taskinstance.py:1327} INFO - Executing <Task(BashOperator): second_task> on 2022-06-26 00:00:00+00:00
[2023-06-11T09:48:14.280+0000] {standard_task_runner.py:57} INFO - Started process 5220 to run task
[2023-06-11T09:48:14.477+0000] {standard_task_runner.py:84} INFO - Running: ['***', 'tasks', 'run', 'first_dag_02', 'second_task', 'scheduled__2022-06-26T00:00:00+00:00', '--job-id', '1601', '--raw', '--subdir', 'DAGS_FOLDER/First_dag.py', '--cfg-path', '/tmp/tmpuez6psxl']
[2023-06-11T09:48:14.518+0000] {standard_task_runner.py:85} INFO - Job 1601: Subtask second_task
[2023-06-11T09:48:15.976+0000] {task_command.py:410} INFO - Running <TaskInstance: first_dag_02.second_task scheduled__2022-06-26T00:00:00+00:00 [running]> on host 964e508aad03
[2023-06-11T09:48:22.975+0000] {taskinstance.py:1547} INFO - Exporting env vars: AIRFLOW_CTX_DAG_OWNER='Raja' AIRFLOW_CTX_DAG_ID='first_dag_02' AIRFLOW_CTX_TASK_ID='second_task' AIRFLOW_CTX_EXECUTION_DATE='2022-06-26T00:00:00+00:00' AIRFLOW_CTX_TRY_NUMBER='1' AIRFLOW_CTX_DAG_RUN_ID='scheduled__2022-06-26T00:00:00+00:00'
[2023-06-11T09:48:22.983+0000] {subprocess.py:63} INFO - Tmp dir root location: 
 /tmp
[2023-06-11T09:48:22.983+0000] {subprocess.py:75} INFO - Running command: ['/bin/bash', '-c', 'echo hey, I am task2 and will be running after task1!']
[2023-06-11T09:48:23.316+0000] {subprocess.py:86} INFO - Output:
[2023-06-11T09:48:23.485+0000] {subprocess.py:93} INFO - hey, I am task2 and will be running after task1!
[2023-06-11T09:48:23.490+0000] {subprocess.py:97} INFO - Command exited with return code 0
[2023-06-11T09:48:24.335+0000] {taskinstance.py:1350} INFO - Marking task as SUCCESS. dag_id=first_dag_02, task_id=second_task, execution_date=20220626T000000, start_date=20230611T094812, end_date=20230611T094824
[2023-06-11T09:48:24.540+0000] {local_task_job_runner.py:225} INFO - Task exited with return code 0
[2023-06-11T09:48:25.667+0000] {taskinstance.py:2651} INFO - 0 downstream tasks scheduled from follow-on schedule check
[2023-06-11T15:34:38.263+0000] {taskinstance.py:1103} INFO - Dependencies all met for dep_context=non-requeueable deps ti=<TaskInstance: first_dag_02.second_task scheduled__2022-06-26T00:00:00+00:00 [queued]>
[2023-06-11T15:34:38.340+0000] {taskinstance.py:1103} INFO - Dependencies all met for dep_context=requeueable deps ti=<TaskInstance: first_dag_02.second_task scheduled__2022-06-26T00:00:00+00:00 [queued]>
[2023-06-11T15:34:38.347+0000] {taskinstance.py:1308} INFO - Starting attempt 1 of 6
[2023-06-11T15:34:38.714+0000] {taskinstance.py:1327} INFO - Executing <Task(BashOperator): second_task> on 2022-06-26 00:00:00+00:00
[2023-06-11T15:34:38.763+0000] {standard_task_runner.py:57} INFO - Started process 1766 to run task
[2023-06-11T15:34:38.808+0000] {standard_task_runner.py:84} INFO - Running: ['***', 'tasks', 'run', 'first_dag_02', 'second_task', 'scheduled__2022-06-26T00:00:00+00:00', '--job-id', '1629', '--raw', '--subdir', 'DAGS_FOLDER/First_dag.py', '--cfg-path', '/tmp/tmp1cj7bu15']
[2023-06-11T15:34:38.809+0000] {standard_task_runner.py:85} INFO - Job 1629: Subtask second_task
[2023-06-11T15:34:39.529+0000] {task_command.py:410} INFO - Running <TaskInstance: first_dag_02.second_task scheduled__2022-06-26T00:00:00+00:00 [running]> on host 7586ce0070ac
[2023-06-11T15:34:41.813+0000] {taskinstance.py:1547} INFO - Exporting env vars: AIRFLOW_CTX_DAG_OWNER='Raja' AIRFLOW_CTX_DAG_ID='first_dag_02' AIRFLOW_CTX_TASK_ID='second_task' AIRFLOW_CTX_EXECUTION_DATE='2022-06-26T00:00:00+00:00' AIRFLOW_CTX_TRY_NUMBER='1' AIRFLOW_CTX_DAG_RUN_ID='scheduled__2022-06-26T00:00:00+00:00'
[2023-06-11T15:34:41.815+0000] {subprocess.py:63} INFO - Tmp dir root location: 
 /tmp
[2023-06-11T15:34:41.828+0000] {subprocess.py:75} INFO - Running command: ['/bin/bash', '-c', 'echo hey, I am task2 and will be running after task1!']
[2023-06-11T15:34:41.994+0000] {subprocess.py:86} INFO - Output:
[2023-06-11T15:34:41.995+0000] {subprocess.py:93} INFO - hey, I am task2 and will be running after task1!
[2023-06-11T15:34:41.996+0000] {subprocess.py:97} INFO - Command exited with return code 0
[2023-06-11T15:34:42.218+0000] {taskinstance.py:1350} INFO - Marking task as SUCCESS. dag_id=first_dag_02, task_id=second_task, execution_date=20220626T000000, start_date=20230611T153438, end_date=20230611T153442
[2023-06-11T15:34:42.644+0000] {local_task_job_runner.py:225} INFO - Task exited with return code 0
[2023-06-11T15:34:42.850+0000] {taskinstance.py:2651} INFO - 0 downstream tasks scheduled from follow-on schedule check
