[2023-06-11T05:18:33.706+0000] {taskinstance.py:1103} INFO - Dependencies all met for dep_context=non-requeueable deps ti=<TaskInstance: dag_catchip_01.task1 scheduled__2023-04-21T00:00:00+00:00 [queued]>
[2023-06-11T05:18:34.234+0000] {taskinstance.py:1103} INFO - Dependencies all met for dep_context=requeueable deps ti=<TaskInstance: dag_catchip_01.task1 scheduled__2023-04-21T00:00:00+00:00 [queued]>
[2023-06-11T05:18:34.235+0000] {taskinstance.py:1308} INFO - Starting attempt 1 of 6
[2023-06-11T05:18:35.906+0000] {taskinstance.py:1327} INFO - Executing <Task(BashOperator): task1> on 2023-04-21 00:00:00+00:00
[2023-06-11T05:18:36.105+0000] {standard_task_runner.py:57} INFO - Started process 577 to run task
[2023-06-11T05:18:36.126+0000] {standard_task_runner.py:84} INFO - Running: ['***', 'tasks', 'run', 'dag_catchip_01', 'task1', 'scheduled__2023-04-21T00:00:00+00:00', '--job-id', '151', '--raw', '--subdir', 'DAGS_FOLDER/dag_catchup.py', '--cfg-path', '/tmp/tmpyg36b75f']
[2023-06-11T05:18:36.131+0000] {standard_task_runner.py:85} INFO - Job 151: Subtask task1
[2023-06-11T05:18:40.315+0000] {task_command.py:410} INFO - Running <TaskInstance: dag_catchip_01.task1 scheduled__2023-04-21T00:00:00+00:00 [running]> on host 69e374580eab
[2023-06-11T05:18:49.379+0000] {taskinstance.py:1547} INFO - Exporting env vars: AIRFLOW_CTX_DAG_OWNER='Raja' AIRFLOW_CTX_DAG_ID='dag_catchip_01' AIRFLOW_CTX_TASK_ID='task1' AIRFLOW_CTX_EXECUTION_DATE='2023-04-21T00:00:00+00:00' AIRFLOW_CTX_TRY_NUMBER='1' AIRFLOW_CTX_DAG_RUN_ID='scheduled__2023-04-21T00:00:00+00:00'
[2023-06-11T05:18:49.384+0000] {subprocess.py:63} INFO - Tmp dir root location: 
 /tmp
[2023-06-11T05:18:49.385+0000] {subprocess.py:75} INFO - Running command: ['/bin/bash', '-c', 'echo Hai how are you']
[2023-06-11T05:18:49.975+0000] {subprocess.py:86} INFO - Output:
[2023-06-11T05:18:49.999+0000] {subprocess.py:93} INFO - Hai how are you
[2023-06-11T05:18:50.001+0000] {subprocess.py:97} INFO - Command exited with return code 0
[2023-06-11T05:18:50.902+0000] {taskinstance.py:1350} INFO - Marking task as SUCCESS. dag_id=dag_catchip_01, task_id=task1, execution_date=20230421T000000, start_date=20230611T051833, end_date=20230611T051850
[2023-06-11T05:18:51.738+0000] {local_task_job_runner.py:225} INFO - Task exited with return code 0
[2023-06-11T05:18:54.059+0000] {taskinstance.py:2651} INFO - 0 downstream tasks scheduled from follow-on schedule check
[2023-06-11T08:18:37.837+0000] {taskinstance.py:1103} INFO - Dependencies all met for dep_context=non-requeueable deps ti=<TaskInstance: dag_catchip_01.task1 scheduled__2023-04-21T00:00:00+00:00 [queued]>
[2023-06-11T08:18:38.342+0000] {taskinstance.py:1103} INFO - Dependencies all met for dep_context=requeueable deps ti=<TaskInstance: dag_catchip_01.task1 scheduled__2023-04-21T00:00:00+00:00 [queued]>
[2023-06-11T08:18:38.343+0000] {taskinstance.py:1308} INFO - Starting attempt 1 of 6
[2023-06-11T08:18:38.651+0000] {taskinstance.py:1327} INFO - Executing <Task(BashOperator): task1> on 2023-04-21 00:00:00+00:00
[2023-06-11T08:18:38.738+0000] {standard_task_runner.py:57} INFO - Started process 467 to run task
[2023-06-11T08:18:38.800+0000] {standard_task_runner.py:84} INFO - Running: ['***', 'tasks', 'run', 'dag_catchip_01', 'task1', 'scheduled__2023-04-21T00:00:00+00:00', '--job-id', '160', '--raw', '--subdir', 'DAGS_FOLDER/dag_catchup.py', '--cfg-path', '/tmp/tmp8x72zciw']
[2023-06-11T08:18:38.828+0000] {standard_task_runner.py:85} INFO - Job 160: Subtask task1
[2023-06-11T08:18:40.930+0000] {task_command.py:410} INFO - Running <TaskInstance: dag_catchip_01.task1 scheduled__2023-04-21T00:00:00+00:00 [running]> on host 492037cdd057
[2023-06-11T08:18:47.910+0000] {taskinstance.py:1547} INFO - Exporting env vars: AIRFLOW_CTX_DAG_OWNER='Raja' AIRFLOW_CTX_DAG_ID='dag_catchip_01' AIRFLOW_CTX_TASK_ID='task1' AIRFLOW_CTX_EXECUTION_DATE='2023-04-21T00:00:00+00:00' AIRFLOW_CTX_TRY_NUMBER='1' AIRFLOW_CTX_DAG_RUN_ID='scheduled__2023-04-21T00:00:00+00:00'
[2023-06-11T08:18:48.023+0000] {subprocess.py:63} INFO - Tmp dir root location: 
 /tmp
[2023-06-11T08:18:48.024+0000] {subprocess.py:75} INFO - Running command: ['/bin/bash', '-c', 'echo Hai how are you']
[2023-06-11T08:18:48.736+0000] {subprocess.py:86} INFO - Output:
[2023-06-11T08:18:48.953+0000] {subprocess.py:93} INFO - Hai how are you
[2023-06-11T08:18:49.112+0000] {subprocess.py:97} INFO - Command exited with return code 0
[2023-06-11T08:18:51.070+0000] {taskinstance.py:1350} INFO - Marking task as SUCCESS. dag_id=dag_catchip_01, task_id=task1, execution_date=20230421T000000, start_date=20230611T081837, end_date=20230611T081851
[2023-06-11T08:18:51.977+0000] {local_task_job_runner.py:225} INFO - Task exited with return code 0
[2023-06-11T08:18:52.932+0000] {taskinstance.py:2651} INFO - 0 downstream tasks scheduled from follow-on schedule check
