[2023-06-11T04:55:10.344+0000] {taskinstance.py:1103} INFO - Dependencies all met for dep_context=non-requeueable deps ti=<TaskInstance: first_dag_02.thrid_task scheduled__2021-10-27T00:00:00+00:00 [queued]>
[2023-06-11T04:55:12.040+0000] {taskinstance.py:1103} INFO - Dependencies all met for dep_context=requeueable deps ti=<TaskInstance: first_dag_02.thrid_task scheduled__2021-10-27T00:00:00+00:00 [queued]>
[2023-06-11T04:55:12.074+0000] {taskinstance.py:1308} INFO - Starting attempt 1 of 6
[2023-06-11T04:55:13.193+0000] {taskinstance.py:1327} INFO - Executing <Task(BashOperator): thrid_task> on 2021-10-27 00:00:00+00:00
[2023-06-11T04:55:13.576+0000] {standard_task_runner.py:57} INFO - Started process 1213 to run task
[2023-06-11T04:55:13.962+0000] {standard_task_runner.py:84} INFO - Running: ['***', 'tasks', 'run', 'first_dag_02', 'thrid_task', 'scheduled__2021-10-27T00:00:00+00:00', '--job-id', '356', '--raw', '--subdir', 'DAGS_FOLDER/First_dag.py', '--cfg-path', '/tmp/tmpjmntdoin']
[2023-06-11T04:55:13.968+0000] {standard_task_runner.py:85} INFO - Job 356: Subtask thrid_task
[2023-06-11T04:55:15.152+0000] {task_command.py:410} INFO - Running <TaskInstance: first_dag_02.thrid_task scheduled__2021-10-27T00:00:00+00:00 [running]> on host 4b1b5d40d165
[2023-06-11T04:55:21.560+0000] {taskinstance.py:1547} INFO - Exporting env vars: AIRFLOW_CTX_DAG_OWNER='Raja' AIRFLOW_CTX_DAG_ID='first_dag_02' AIRFLOW_CTX_TASK_ID='thrid_task' AIRFLOW_CTX_EXECUTION_DATE='2021-10-27T00:00:00+00:00' AIRFLOW_CTX_TRY_NUMBER='1' AIRFLOW_CTX_DAG_RUN_ID='scheduled__2021-10-27T00:00:00+00:00'
[2023-06-11T04:55:21.842+0000] {subprocess.py:63} INFO - Tmp dir root location: 
 /tmp
[2023-06-11T04:55:21.998+0000] {subprocess.py:75} INFO - Running command: ['/bin/bash', '-c', 'echo hey, I am task3 and will be running after task1 at the same time as task2!']
[2023-06-11T04:55:22.049+0000] {subprocess.py:86} INFO - Output:
[2023-06-11T04:55:22.240+0000] {subprocess.py:93} INFO - hey, I am task3 and will be running after task1 at the same time as task2!
[2023-06-11T04:55:22.242+0000] {subprocess.py:97} INFO - Command exited with return code 0
[2023-06-11T04:55:24.366+0000] {taskinstance.py:1350} INFO - Marking task as SUCCESS. dag_id=first_dag_02, task_id=thrid_task, execution_date=20211027T000000, start_date=20230611T045510, end_date=20230611T045524
[2023-06-11T04:55:26.278+0000] {local_task_job_runner.py:225} INFO - Task exited with return code 0
[2023-06-11T04:55:27.210+0000] {taskinstance.py:2651} INFO - 0 downstream tasks scheduled from follow-on schedule check
[2023-06-11T08:53:00.352+0000] {taskinstance.py:1103} INFO - Dependencies all met for dep_context=non-requeueable deps ti=<TaskInstance: first_dag_02.thrid_task scheduled__2021-10-27T00:00:00+00:00 [queued]>
[2023-06-11T08:53:00.441+0000] {taskinstance.py:1103} INFO - Dependencies all met for dep_context=requeueable deps ti=<TaskInstance: first_dag_02.thrid_task scheduled__2021-10-27T00:00:00+00:00 [queued]>
[2023-06-11T08:53:00.450+0000] {taskinstance.py:1308} INFO - Starting attempt 1 of 6
[2023-06-11T08:53:00.971+0000] {taskinstance.py:1327} INFO - Executing <Task(BashOperator): thrid_task> on 2021-10-27 00:00:00+00:00
[2023-06-11T08:53:01.092+0000] {standard_task_runner.py:57} INFO - Started process 1467 to run task
[2023-06-11T08:53:01.131+0000] {standard_task_runner.py:84} INFO - Running: ['***', 'tasks', 'run', 'first_dag_02', 'thrid_task', 'scheduled__2021-10-27T00:00:00+00:00', '--job-id', '454', '--raw', '--subdir', 'DAGS_FOLDER/First_dag.py', '--cfg-path', '/tmp/tmp94y0wajg']
[2023-06-11T08:53:01.154+0000] {standard_task_runner.py:85} INFO - Job 454: Subtask thrid_task
[2023-06-11T08:53:01.741+0000] {task_command.py:410} INFO - Running <TaskInstance: first_dag_02.thrid_task scheduled__2021-10-27T00:00:00+00:00 [running]> on host 964e508aad03
[2023-06-11T08:53:03.305+0000] {taskinstance.py:1547} INFO - Exporting env vars: AIRFLOW_CTX_DAG_OWNER='Raja' AIRFLOW_CTX_DAG_ID='first_dag_02' AIRFLOW_CTX_TASK_ID='thrid_task' AIRFLOW_CTX_EXECUTION_DATE='2021-10-27T00:00:00+00:00' AIRFLOW_CTX_TRY_NUMBER='1' AIRFLOW_CTX_DAG_RUN_ID='scheduled__2021-10-27T00:00:00+00:00'
[2023-06-11T08:53:03.307+0000] {subprocess.py:63} INFO - Tmp dir root location: 
 /tmp
[2023-06-11T08:53:03.308+0000] {subprocess.py:75} INFO - Running command: ['/bin/bash', '-c', 'echo hey, I am task3 and will be running after task1 at the same time as task2!']
[2023-06-11T08:53:03.438+0000] {subprocess.py:86} INFO - Output:
[2023-06-11T08:53:03.477+0000] {subprocess.py:93} INFO - hey, I am task3 and will be running after task1 at the same time as task2!
[2023-06-11T08:53:03.478+0000] {subprocess.py:97} INFO - Command exited with return code 0
[2023-06-11T08:53:03.961+0000] {taskinstance.py:1350} INFO - Marking task as SUCCESS. dag_id=first_dag_02, task_id=thrid_task, execution_date=20211027T000000, start_date=20230611T085300, end_date=20230611T085303
[2023-06-11T08:53:04.219+0000] {local_task_job_runner.py:225} INFO - Task exited with return code 0
[2023-06-11T08:53:04.588+0000] {taskinstance.py:2651} INFO - 0 downstream tasks scheduled from follow-on schedule check
[2023-06-11T11:14:02.826+0000] {taskinstance.py:1103} INFO - Dependencies all met for dep_context=non-requeueable deps ti=<TaskInstance: first_dag_02.thrid_task scheduled__2021-10-27T00:00:00+00:00 [queued]>
[2023-06-11T11:14:02.924+0000] {taskinstance.py:1103} INFO - Dependencies all met for dep_context=requeueable deps ti=<TaskInstance: first_dag_02.thrid_task scheduled__2021-10-27T00:00:00+00:00 [queued]>
[2023-06-11T11:14:02.924+0000] {taskinstance.py:1308} INFO - Starting attempt 1 of 6
[2023-06-11T11:14:03.175+0000] {taskinstance.py:1327} INFO - Executing <Task(BashOperator): thrid_task> on 2021-10-27 00:00:00+00:00
[2023-06-11T11:14:03.193+0000] {standard_task_runner.py:57} INFO - Started process 120 to run task
[2023-06-11T11:14:03.268+0000] {standard_task_runner.py:84} INFO - Running: ['***', 'tasks', 'run', 'first_dag_02', 'thrid_task', 'scheduled__2021-10-27T00:00:00+00:00', '--job-id', '496', '--raw', '--subdir', 'DAGS_FOLDER/First_dag.py', '--cfg-path', '/tmp/tmpsg_s_hoz']
[2023-06-11T11:14:03.306+0000] {standard_task_runner.py:85} INFO - Job 496: Subtask thrid_task
[2023-06-11T11:14:04.156+0000] {task_command.py:410} INFO - Running <TaskInstance: first_dag_02.thrid_task scheduled__2021-10-27T00:00:00+00:00 [running]> on host 7586ce0070ac
[2023-06-11T11:14:06.897+0000] {taskinstance.py:1547} INFO - Exporting env vars: AIRFLOW_CTX_DAG_OWNER='Raja' AIRFLOW_CTX_DAG_ID='first_dag_02' AIRFLOW_CTX_TASK_ID='thrid_task' AIRFLOW_CTX_EXECUTION_DATE='2021-10-27T00:00:00+00:00' AIRFLOW_CTX_TRY_NUMBER='1' AIRFLOW_CTX_DAG_RUN_ID='scheduled__2021-10-27T00:00:00+00:00'
[2023-06-11T11:14:06.904+0000] {subprocess.py:63} INFO - Tmp dir root location: 
 /tmp
[2023-06-11T11:14:06.908+0000] {subprocess.py:75} INFO - Running command: ['/bin/bash', '-c', 'echo hey, I am task3 and will be running after task1 at the same time as task2!']
[2023-06-11T11:14:06.992+0000] {subprocess.py:86} INFO - Output:
[2023-06-11T11:14:06.998+0000] {subprocess.py:93} INFO - hey, I am task3 and will be running after task1 at the same time as task2!
[2023-06-11T11:14:06.999+0000] {subprocess.py:97} INFO - Command exited with return code 0
[2023-06-11T11:14:07.517+0000] {taskinstance.py:1350} INFO - Marking task as SUCCESS. dag_id=first_dag_02, task_id=thrid_task, execution_date=20211027T000000, start_date=20230611T111402, end_date=20230611T111407
[2023-06-11T11:14:08.674+0000] {local_task_job_runner.py:225} INFO - Task exited with return code 0
[2023-06-11T11:14:09.664+0000] {taskinstance.py:2651} INFO - 0 downstream tasks scheduled from follow-on schedule check
