[2023-06-11T08:55:46.671+0000] {taskinstance.py:1103} INFO - Dependencies all met for dep_context=non-requeueable deps ti=<TaskInstance: first_dag_02.second_task scheduled__2021-12-10T00:00:00+00:00 [queued]>
[2023-06-11T08:55:46.962+0000] {taskinstance.py:1103} INFO - Dependencies all met for dep_context=requeueable deps ti=<TaskInstance: first_dag_02.second_task scheduled__2021-12-10T00:00:00+00:00 [queued]>
[2023-06-11T08:55:46.969+0000] {taskinstance.py:1308} INFO - Starting attempt 1 of 6
[2023-06-11T08:55:47.617+0000] {taskinstance.py:1327} INFO - Executing <Task(BashOperator): second_task> on 2021-12-10 00:00:00+00:00
[2023-06-11T08:55:47.643+0000] {standard_task_runner.py:57} INFO - Started process 2112 to run task
[2023-06-11T08:55:47.792+0000] {standard_task_runner.py:84} INFO - Running: ['***', 'tasks', 'run', 'first_dag_02', 'second_task', 'scheduled__2021-12-10T00:00:00+00:00', '--job-id', '654', '--raw', '--subdir', 'DAGS_FOLDER/First_dag.py', '--cfg-path', '/tmp/tmpx50nri8q']
[2023-06-11T08:55:47.801+0000] {standard_task_runner.py:85} INFO - Job 654: Subtask second_task
[2023-06-11T08:55:48.822+0000] {task_command.py:410} INFO - Running <TaskInstance: first_dag_02.second_task scheduled__2021-12-10T00:00:00+00:00 [running]> on host 964e508aad03
[2023-06-11T08:55:51.853+0000] {taskinstance.py:1547} INFO - Exporting env vars: AIRFLOW_CTX_DAG_OWNER='Raja' AIRFLOW_CTX_DAG_ID='first_dag_02' AIRFLOW_CTX_TASK_ID='second_task' AIRFLOW_CTX_EXECUTION_DATE='2021-12-10T00:00:00+00:00' AIRFLOW_CTX_TRY_NUMBER='1' AIRFLOW_CTX_DAG_RUN_ID='scheduled__2021-12-10T00:00:00+00:00'
[2023-06-11T08:55:51.855+0000] {subprocess.py:63} INFO - Tmp dir root location: 
 /tmp
[2023-06-11T08:55:51.856+0000] {subprocess.py:75} INFO - Running command: ['/bin/bash', '-c', 'echo hey, I am task2 and will be running after task1!']
[2023-06-11T08:55:52.078+0000] {subprocess.py:86} INFO - Output:
[2023-06-11T08:55:52.134+0000] {subprocess.py:93} INFO - hey, I am task2 and will be running after task1!
[2023-06-11T08:55:52.135+0000] {subprocess.py:97} INFO - Command exited with return code 0
[2023-06-11T08:55:52.860+0000] {taskinstance.py:1350} INFO - Marking task as SUCCESS. dag_id=first_dag_02, task_id=second_task, execution_date=20211210T000000, start_date=20230611T085546, end_date=20230611T085552
[2023-06-11T08:55:53.441+0000] {local_task_job_runner.py:225} INFO - Task exited with return code 0
[2023-06-11T08:55:54.013+0000] {taskinstance.py:2651} INFO - 0 downstream tasks scheduled from follow-on schedule check
[2023-06-11T11:19:31.366+0000] {taskinstance.py:1103} INFO - Dependencies all met for dep_context=non-requeueable deps ti=<TaskInstance: first_dag_02.second_task scheduled__2021-12-10T00:00:00+00:00 [queued]>
[2023-06-11T11:19:32.957+0000] {taskinstance.py:1103} INFO - Dependencies all met for dep_context=requeueable deps ti=<TaskInstance: first_dag_02.second_task scheduled__2021-12-10T00:00:00+00:00 [queued]>
[2023-06-11T11:19:32.957+0000] {taskinstance.py:1308} INFO - Starting attempt 1 of 6
[2023-06-11T11:19:34.392+0000] {taskinstance.py:1327} INFO - Executing <Task(BashOperator): second_task> on 2021-12-10 00:00:00+00:00
[2023-06-11T11:19:34.624+0000] {standard_task_runner.py:57} INFO - Started process 826 to run task
[2023-06-11T11:19:34.753+0000] {standard_task_runner.py:84} INFO - Running: ['***', 'tasks', 'run', 'first_dag_02', 'second_task', 'scheduled__2021-12-10T00:00:00+00:00', '--job-id', '705', '--raw', '--subdir', 'DAGS_FOLDER/First_dag.py', '--cfg-path', '/tmp/tmp02umim3j']
[2023-06-11T11:19:34.862+0000] {standard_task_runner.py:85} INFO - Job 705: Subtask second_task
[2023-06-11T11:19:35.627+0000] {task_command.py:410} INFO - Running <TaskInstance: first_dag_02.second_task scheduled__2021-12-10T00:00:00+00:00 [running]> on host 7586ce0070ac
[2023-06-11T11:19:45.413+0000] {taskinstance.py:1547} INFO - Exporting env vars: AIRFLOW_CTX_DAG_OWNER='Raja' AIRFLOW_CTX_DAG_ID='first_dag_02' AIRFLOW_CTX_TASK_ID='second_task' AIRFLOW_CTX_EXECUTION_DATE='2021-12-10T00:00:00+00:00' AIRFLOW_CTX_TRY_NUMBER='1' AIRFLOW_CTX_DAG_RUN_ID='scheduled__2021-12-10T00:00:00+00:00'
[2023-06-11T11:19:45.458+0000] {subprocess.py:63} INFO - Tmp dir root location: 
 /tmp
[2023-06-11T11:19:45.459+0000] {subprocess.py:75} INFO - Running command: ['/bin/bash', '-c', 'echo hey, I am task2 and will be running after task1!']
[2023-06-11T11:19:45.693+0000] {subprocess.py:86} INFO - Output:
[2023-06-11T11:19:45.782+0000] {subprocess.py:93} INFO - hey, I am task2 and will be running after task1!
[2023-06-11T11:19:45.860+0000] {subprocess.py:97} INFO - Command exited with return code 0
[2023-06-11T11:19:47.682+0000] {taskinstance.py:1350} INFO - Marking task as SUCCESS. dag_id=first_dag_02, task_id=second_task, execution_date=20211210T000000, start_date=20230611T111931, end_date=20230611T111947
[2023-06-11T11:19:49.333+0000] {local_task_job_runner.py:225} INFO - Task exited with return code 0
[2023-06-11T11:19:49.977+0000] {taskinstance.py:2651} INFO - 0 downstream tasks scheduled from follow-on schedule check
