[2023-06-11T09:48:54.599+0000] {taskinstance.py:1103} INFO - Dependencies all met for dep_context=non-requeueable deps ti=<TaskInstance: first_dag_02.first_task scheduled__2022-07-09T00:00:00+00:00 [queued]>
[2023-06-11T09:48:54.676+0000] {taskinstance.py:1103} INFO - Dependencies all met for dep_context=requeueable deps ti=<TaskInstance: first_dag_02.first_task scheduled__2022-07-09T00:00:00+00:00 [queued]>
[2023-06-11T09:48:54.677+0000] {taskinstance.py:1308} INFO - Starting attempt 1 of 6
[2023-06-11T09:48:55.164+0000] {taskinstance.py:1327} INFO - Executing <Task(BashOperator): first_task> on 2022-07-09 00:00:00+00:00
[2023-06-11T09:48:55.282+0000] {standard_task_runner.py:57} INFO - Started process 5294 to run task
[2023-06-11T09:48:55.291+0000] {standard_task_runner.py:84} INFO - Running: ['***', 'tasks', 'run', 'first_dag_02', 'first_task', 'scheduled__2022-07-09T00:00:00+00:00', '--job-id', '1625', '--raw', '--subdir', 'DAGS_FOLDER/First_dag.py', '--cfg-path', '/tmp/tmpng1h6k2h']
[2023-06-11T09:48:55.292+0000] {standard_task_runner.py:85} INFO - Job 1625: Subtask first_task
[2023-06-11T09:48:56.899+0000] {task_command.py:410} INFO - Running <TaskInstance: first_dag_02.first_task scheduled__2022-07-09T00:00:00+00:00 [running]> on host 964e508aad03
[2023-06-11T09:49:02.215+0000] {taskinstance.py:1547} INFO - Exporting env vars: AIRFLOW_CTX_DAG_OWNER='Raja' AIRFLOW_CTX_DAG_ID='first_dag_02' AIRFLOW_CTX_TASK_ID='first_task' AIRFLOW_CTX_EXECUTION_DATE='2022-07-09T00:00:00+00:00' AIRFLOW_CTX_TRY_NUMBER='1' AIRFLOW_CTX_DAG_RUN_ID='scheduled__2022-07-09T00:00:00+00:00'
[2023-06-11T09:49:02.219+0000] {subprocess.py:63} INFO - Tmp dir root location: 
 /tmp
[2023-06-11T09:49:02.225+0000] {subprocess.py:75} INFO - Running command: ['/bin/bash', '-c', 'echo hello world, this is the first task!']
[2023-06-11T09:49:02.284+0000] {subprocess.py:86} INFO - Output:
[2023-06-11T09:49:02.385+0000] {subprocess.py:93} INFO - hello world, this is the first task!
[2023-06-11T09:49:02.477+0000] {subprocess.py:97} INFO - Command exited with return code 0
[2023-06-11T09:49:03.743+0000] {taskinstance.py:1350} INFO - Marking task as SUCCESS. dag_id=first_dag_02, task_id=first_task, execution_date=20220709T000000, start_date=20230611T094854, end_date=20230611T094903
[2023-06-11T09:49:06.692+0000] {local_task_job_runner.py:225} INFO - Task exited with return code 0
[2023-06-11T09:49:07.504+0000] {taskinstance.py:2651} INFO - 2 downstream tasks scheduled from follow-on schedule check
[2023-06-11T15:35:19.054+0000] {taskinstance.py:1103} INFO - Dependencies all met for dep_context=non-requeueable deps ti=<TaskInstance: first_dag_02.first_task scheduled__2022-07-09T00:00:00+00:00 [queued]>
[2023-06-11T15:35:19.309+0000] {taskinstance.py:1103} INFO - Dependencies all met for dep_context=requeueable deps ti=<TaskInstance: first_dag_02.first_task scheduled__2022-07-09T00:00:00+00:00 [queued]>
[2023-06-11T15:35:19.313+0000] {taskinstance.py:1308} INFO - Starting attempt 1 of 6
[2023-06-11T15:35:19.573+0000] {taskinstance.py:1327} INFO - Executing <Task(BashOperator): first_task> on 2022-07-09 00:00:00+00:00
[2023-06-11T15:35:19.725+0000] {standard_task_runner.py:57} INFO - Started process 1910 to run task
[2023-06-11T15:35:19.783+0000] {standard_task_runner.py:84} INFO - Running: ['***', 'tasks', 'run', 'first_dag_02', 'first_task', 'scheduled__2022-07-09T00:00:00+00:00', '--job-id', '1676', '--raw', '--subdir', 'DAGS_FOLDER/First_dag.py', '--cfg-path', '/tmp/tmp7g42xhax']
[2023-06-11T15:35:19.820+0000] {standard_task_runner.py:85} INFO - Job 1676: Subtask first_task
[2023-06-11T15:35:21.051+0000] {task_command.py:410} INFO - Running <TaskInstance: first_dag_02.first_task scheduled__2022-07-09T00:00:00+00:00 [running]> on host 7586ce0070ac
[2023-06-11T15:35:23.926+0000] {taskinstance.py:1547} INFO - Exporting env vars: AIRFLOW_CTX_DAG_OWNER='Raja' AIRFLOW_CTX_DAG_ID='first_dag_02' AIRFLOW_CTX_TASK_ID='first_task' AIRFLOW_CTX_EXECUTION_DATE='2022-07-09T00:00:00+00:00' AIRFLOW_CTX_TRY_NUMBER='1' AIRFLOW_CTX_DAG_RUN_ID='scheduled__2022-07-09T00:00:00+00:00'
[2023-06-11T15:35:23.929+0000] {subprocess.py:63} INFO - Tmp dir root location: 
 /tmp
[2023-06-11T15:35:23.930+0000] {subprocess.py:75} INFO - Running command: ['/bin/bash', '-c', 'echo hello world, this is the first task!']
[2023-06-11T15:35:23.948+0000] {subprocess.py:86} INFO - Output:
[2023-06-11T15:35:23.953+0000] {subprocess.py:93} INFO - hello world, this is the first task!
[2023-06-11T15:35:23.954+0000] {subprocess.py:97} INFO - Command exited with return code 0
[2023-06-11T15:35:24.246+0000] {taskinstance.py:1350} INFO - Marking task as SUCCESS. dag_id=first_dag_02, task_id=first_task, execution_date=20220709T000000, start_date=20230611T153519, end_date=20230611T153524
[2023-06-11T15:35:24.520+0000] {local_task_job_runner.py:225} INFO - Task exited with return code 0
[2023-06-11T15:35:24.595+0000] {taskinstance.py:2651} INFO - 2 downstream tasks scheduled from follow-on schedule check
