[2023-06-11T04:50:17.049+0000] {taskinstance.py:1103} INFO - Dependencies all met for dep_context=non-requeueable deps ti=<TaskInstance: dag_pythonoperator_00.third_task scheduled__2023-06-09T00:00:00+00:00 [queued]>
[2023-06-11T04:50:17.499+0000] {taskinstance.py:1103} INFO - Dependencies all met for dep_context=requeueable deps ti=<TaskInstance: dag_pythonoperator_00.third_task scheduled__2023-06-09T00:00:00+00:00 [queued]>
[2023-06-11T04:50:17.500+0000] {taskinstance.py:1308} INFO - Starting attempt 1 of 6
[2023-06-11T04:50:18.653+0000] {taskinstance.py:1327} INFO - Executing <Task(PythonOperator): third_task> on 2023-06-09 00:00:00+00:00
[2023-06-11T04:50:18.986+0000] {standard_task_runner.py:57} INFO - Started process 786 to run task
[2023-06-11T04:50:19.000+0000] {standard_task_runner.py:84} INFO - Running: ['***', 'tasks', 'run', 'dag_pythonoperator_00', 'third_task', 'scheduled__2023-06-09T00:00:00+00:00', '--job-id', '230', '--raw', '--subdir', 'DAGS_FOLDER/python_operator_dag.py', '--cfg-path', '/tmp/tmpa18cv76d']
[2023-06-11T04:50:19.138+0000] {standard_task_runner.py:85} INFO - Job 230: Subtask third_task
[2023-06-11T04:50:20.584+0000] {task_command.py:410} INFO - Running <TaskInstance: dag_pythonoperator_00.third_task scheduled__2023-06-09T00:00:00+00:00 [running]> on host 4b1b5d40d165
[2023-06-11T04:50:24.083+0000] {taskinstance.py:1547} INFO - Exporting env vars: AIRFLOW_CTX_DAG_OWNER='Raja' AIRFLOW_CTX_DAG_ID='dag_pythonoperator_00' AIRFLOW_CTX_TASK_ID='third_task' AIRFLOW_CTX_EXECUTION_DATE='2023-06-09T00:00:00+00:00' AIRFLOW_CTX_TRY_NUMBER='1' AIRFLOW_CTX_DAG_RUN_ID='scheduled__2023-06-09T00:00:00+00:00'
[2023-06-11T04:50:24.799+0000] {python.py:183} INFO - Done. Returned value was: None
[2023-06-11T04:50:25.546+0000] {taskinstance.py:1350} INFO - Marking task as SUCCESS. dag_id=dag_pythonoperator_00, task_id=third_task, execution_date=20230609T000000, start_date=20230611T045017, end_date=20230611T045025
[2023-06-11T04:50:25.735+0000] {local_task_job_runner.py:225} INFO - Task exited with return code 0
[2023-06-11T04:50:29.268+0000] {taskinstance.py:2651} INFO - 0 downstream tasks scheduled from follow-on schedule check
[2023-06-11T05:21:30.817+0000] {taskinstance.py:1103} INFO - Dependencies all met for dep_context=non-requeueable deps ti=<TaskInstance: dag_pythonoperator_00.third_task scheduled__2023-06-09T00:00:00+00:00 [queued]>
[2023-06-11T05:21:31.128+0000] {taskinstance.py:1103} INFO - Dependencies all met for dep_context=requeueable deps ti=<TaskInstance: dag_pythonoperator_00.third_task scheduled__2023-06-09T00:00:00+00:00 [queued]>
[2023-06-11T05:21:31.143+0000] {taskinstance.py:1308} INFO - Starting attempt 1 of 6
[2023-06-11T05:21:31.736+0000] {taskinstance.py:1327} INFO - Executing <Task(PythonOperator): third_task> on 2023-06-09 00:00:00+00:00
[2023-06-11T05:21:31.860+0000] {standard_task_runner.py:57} INFO - Started process 870 to run task
[2023-06-11T05:21:32.036+0000] {standard_task_runner.py:84} INFO - Running: ['***', 'tasks', 'run', 'dag_pythonoperator_00', 'third_task', 'scheduled__2023-06-09T00:00:00+00:00', '--job-id', '245', '--raw', '--subdir', 'DAGS_FOLDER/python_operator_dag.py', '--cfg-path', '/tmp/tmpojup61a5']
[2023-06-11T05:21:32.094+0000] {standard_task_runner.py:85} INFO - Job 245: Subtask third_task
[2023-06-11T05:21:33.469+0000] {task_command.py:410} INFO - Running <TaskInstance: dag_pythonoperator_00.third_task scheduled__2023-06-09T00:00:00+00:00 [running]> on host 69e374580eab
[2023-06-11T05:21:35.754+0000] {taskinstance.py:1547} INFO - Exporting env vars: AIRFLOW_CTX_DAG_OWNER='Raja' AIRFLOW_CTX_DAG_ID='dag_pythonoperator_00' AIRFLOW_CTX_TASK_ID='third_task' AIRFLOW_CTX_EXECUTION_DATE='2023-06-09T00:00:00+00:00' AIRFLOW_CTX_TRY_NUMBER='1' AIRFLOW_CTX_DAG_RUN_ID='scheduled__2023-06-09T00:00:00+00:00'
[2023-06-11T05:21:36.735+0000] {python.py:183} INFO - Done. Returned value was: None
[2023-06-11T05:21:36.953+0000] {taskinstance.py:1350} INFO - Marking task as SUCCESS. dag_id=dag_pythonoperator_00, task_id=third_task, execution_date=20230609T000000, start_date=20230611T052130, end_date=20230611T052136
[2023-06-11T05:21:37.795+0000] {local_task_job_runner.py:225} INFO - Task exited with return code 0
[2023-06-11T05:21:38.480+0000] {taskinstance.py:2651} INFO - 1 downstream tasks scheduled from follow-on schedule check
