[2023-06-11T09:37:17.247+0000] {taskinstance.py:1103} INFO - Dependencies all met for dep_context=non-requeueable deps ti=<TaskInstance: first_dag_02.first_task scheduled__2022-03-29T00:00:00+00:00 [queued]>
[2023-06-11T09:37:17.553+0000] {taskinstance.py:1103} INFO - Dependencies all met for dep_context=requeueable deps ti=<TaskInstance: first_dag_02.first_task scheduled__2022-03-29T00:00:00+00:00 [queued]>
[2023-06-11T09:37:17.554+0000] {taskinstance.py:1308} INFO - Starting attempt 1 of 6
[2023-06-11T09:37:18.113+0000] {taskinstance.py:1327} INFO - Executing <Task(BashOperator): first_task> on 2022-03-29 00:00:00+00:00
[2023-06-11T09:37:18.200+0000] {standard_task_runner.py:84} INFO - Running: ['***', 'tasks', 'run', 'first_dag_02', 'first_task', 'scheduled__2022-03-29T00:00:00+00:00', '--job-id', '1130', '--raw', '--subdir', 'DAGS_FOLDER/First_dag.py', '--cfg-path', '/tmp/tmpqltyayuy']
[2023-06-11T09:37:18.201+0000] {standard_task_runner.py:85} INFO - Job 1130: Subtask first_task
[2023-06-11T09:37:18.182+0000] {standard_task_runner.py:57} INFO - Started process 3645 to run task
[2023-06-11T09:37:19.610+0000] {task_command.py:410} INFO - Running <TaskInstance: first_dag_02.first_task scheduled__2022-03-29T00:00:00+00:00 [running]> on host 964e508aad03
[2023-06-11T09:37:26.020+0000] {taskinstance.py:1547} INFO - Exporting env vars: AIRFLOW_CTX_DAG_OWNER='Raja' AIRFLOW_CTX_DAG_ID='first_dag_02' AIRFLOW_CTX_TASK_ID='first_task' AIRFLOW_CTX_EXECUTION_DATE='2022-03-29T00:00:00+00:00' AIRFLOW_CTX_TRY_NUMBER='1' AIRFLOW_CTX_DAG_RUN_ID='scheduled__2022-03-29T00:00:00+00:00'
[2023-06-11T09:37:26.034+0000] {subprocess.py:63} INFO - Tmp dir root location: 
 /tmp
[2023-06-11T09:37:26.034+0000] {subprocess.py:75} INFO - Running command: ['/bin/bash', '-c', 'echo hello world, this is the first task!']
[2023-06-11T09:37:26.069+0000] {subprocess.py:86} INFO - Output:
[2023-06-11T09:37:26.078+0000] {subprocess.py:93} INFO - hello world, this is the first task!
[2023-06-11T09:37:26.081+0000] {subprocess.py:97} INFO - Command exited with return code 0
[2023-06-11T09:37:26.354+0000] {taskinstance.py:1350} INFO - Marking task as SUCCESS. dag_id=first_dag_02, task_id=first_task, execution_date=20220329T000000, start_date=20230611T093717, end_date=20230611T093726
[2023-06-11T09:37:27.086+0000] {local_task_job_runner.py:225} INFO - Task exited with return code 0
[2023-06-11T09:37:28.768+0000] {taskinstance.py:2651} INFO - 2 downstream tasks scheduled from follow-on schedule check
[2023-06-11T15:27:33.882+0000] {taskinstance.py:1103} INFO - Dependencies all met for dep_context=non-requeueable deps ti=<TaskInstance: first_dag_02.first_task scheduled__2022-03-29T00:00:00+00:00 [queued]>
[2023-06-11T15:27:34.164+0000] {taskinstance.py:1103} INFO - Dependencies all met for dep_context=requeueable deps ti=<TaskInstance: first_dag_02.first_task scheduled__2022-03-29T00:00:00+00:00 [queued]>
[2023-06-11T15:27:34.165+0000] {taskinstance.py:1308} INFO - Starting attempt 1 of 6
[2023-06-11T15:27:34.480+0000] {taskinstance.py:1327} INFO - Executing <Task(BashOperator): first_task> on 2022-03-29 00:00:00+00:00
[2023-06-11T15:27:34.537+0000] {standard_task_runner.py:57} INFO - Started process 423 to run task
[2023-06-11T15:27:34.592+0000] {standard_task_runner.py:84} INFO - Running: ['***', 'tasks', 'run', 'first_dag_02', 'first_task', 'scheduled__2022-03-29T00:00:00+00:00', '--job-id', '1212', '--raw', '--subdir', 'DAGS_FOLDER/First_dag.py', '--cfg-path', '/tmp/tmprwx7yc9d']
[2023-06-11T15:27:34.606+0000] {standard_task_runner.py:85} INFO - Job 1212: Subtask first_task
[2023-06-11T15:27:35.293+0000] {task_command.py:410} INFO - Running <TaskInstance: first_dag_02.first_task scheduled__2022-03-29T00:00:00+00:00 [running]> on host 7586ce0070ac
[2023-06-11T15:27:38.023+0000] {taskinstance.py:1547} INFO - Exporting env vars: AIRFLOW_CTX_DAG_OWNER='Raja' AIRFLOW_CTX_DAG_ID='first_dag_02' AIRFLOW_CTX_TASK_ID='first_task' AIRFLOW_CTX_EXECUTION_DATE='2022-03-29T00:00:00+00:00' AIRFLOW_CTX_TRY_NUMBER='1' AIRFLOW_CTX_DAG_RUN_ID='scheduled__2022-03-29T00:00:00+00:00'
[2023-06-11T15:27:38.056+0000] {subprocess.py:63} INFO - Tmp dir root location: 
 /tmp
[2023-06-11T15:27:38.084+0000] {subprocess.py:75} INFO - Running command: ['/bin/bash', '-c', 'echo hello world, this is the first task!']
[2023-06-11T15:27:38.558+0000] {subprocess.py:86} INFO - Output:
[2023-06-11T15:27:38.660+0000] {subprocess.py:93} INFO - hello world, this is the first task!
[2023-06-11T15:27:38.661+0000] {subprocess.py:97} INFO - Command exited with return code 0
[2023-06-11T15:27:39.145+0000] {taskinstance.py:1350} INFO - Marking task as SUCCESS. dag_id=first_dag_02, task_id=first_task, execution_date=20220329T000000, start_date=20230611T152733, end_date=20230611T152739
[2023-06-11T15:27:39.341+0000] {local_task_job_runner.py:225} INFO - Task exited with return code 0
[2023-06-11T15:27:39.780+0000] {taskinstance.py:2651} INFO - 2 downstream tasks scheduled from follow-on schedule check
