[2023-06-11T04:51:34.008+0000] {taskinstance.py:1103} INFO - Dependencies all met for dep_context=non-requeueable deps ti=<TaskInstance: dag_pythonoperator_00.second_task scheduled__2023-06-07T00:00:00+00:00 [queued]>
[2023-06-11T04:51:34.526+0000] {taskinstance.py:1103} INFO - Dependencies all met for dep_context=requeueable deps ti=<TaskInstance: dag_pythonoperator_00.second_task scheduled__2023-06-07T00:00:00+00:00 [queued]>
[2023-06-11T04:51:34.526+0000] {taskinstance.py:1308} INFO - Starting attempt 1 of 6
[2023-06-11T04:51:35.637+0000] {taskinstance.py:1327} INFO - Executing <Task(PythonOperator): second_task> on 2023-06-07 00:00:00+00:00
[2023-06-11T04:51:35.744+0000] {standard_task_runner.py:57} INFO - Started process 880 to run task
[2023-06-11T04:51:35.872+0000] {standard_task_runner.py:84} INFO - Running: ['***', 'tasks', 'run', 'dag_pythonoperator_00', 'second_task', 'scheduled__2023-06-07T00:00:00+00:00', '--job-id', '260', '--raw', '--subdir', 'DAGS_FOLDER/python_operator_dag.py', '--cfg-path', '/tmp/tmp9rtvh266']
[2023-06-11T04:51:35.877+0000] {standard_task_runner.py:85} INFO - Job 260: Subtask second_task
[2023-06-11T04:51:39.808+0000] {task_command.py:410} INFO - Running <TaskInstance: dag_pythonoperator_00.second_task scheduled__2023-06-07T00:00:00+00:00 [running]> on host 4b1b5d40d165
[2023-06-11T04:51:42.965+0000] {taskinstance.py:1547} INFO - Exporting env vars: AIRFLOW_CTX_DAG_OWNER='Raja' AIRFLOW_CTX_DAG_ID='dag_pythonoperator_00' AIRFLOW_CTX_TASK_ID='second_task' AIRFLOW_CTX_EXECUTION_DATE='2023-06-07T00:00:00+00:00' AIRFLOW_CTX_TRY_NUMBER='1' AIRFLOW_CTX_DAG_RUN_ID='scheduled__2023-06-07T00:00:00+00:00'
[2023-06-11T04:51:42.974+0000] {taskinstance.py:1824} ERROR - Task failed with exception
Traceback (most recent call last):
  File "/home/airflow/.local/lib/python3.7/site-packages/airflow/operators/python.py", line 181, in execute
    return_value = self.execute_callable()
  File "/home/airflow/.local/lib/python3.7/site-packages/airflow/operators/python.py", line 198, in execute_callable
    return self.python_callable(*self.op_args, **self.op_kwargs)
  File "/opt/airflow/dags/python_operator_dag.py", line 16, in retur_values
    first_name=ti.xcom_pull(task_ids=get_name,key='first_name')
  File "/home/airflow/.local/lib/python3.7/site-packages/airflow/utils/session.py", line 76, in wrapper
    return func(*args, session=session, **kwargs)
  File "/home/airflow/.local/lib/python3.7/site-packages/airflow/models/taskinstance.py", line 2441, in xcom_pull
    task_id_whens = {tid: i for i, tid in enumerate(task_ids)}
TypeError: 'function' object is not iterable
[2023-06-11T04:51:43.798+0000] {taskinstance.py:1350} INFO - Marking task as UP_FOR_RETRY. dag_id=dag_pythonoperator_00, task_id=second_task, execution_date=20230607T000000, start_date=20230611T045134, end_date=20230611T045143
[2023-06-11T04:51:48.797+0000] {standard_task_runner.py:109} ERROR - Failed to execute job 260 for task second_task ('function' object is not iterable; 880)
[2023-06-11T04:51:50.590+0000] {local_task_job_runner.py:225} INFO - Task exited with return code 1
[2023-06-11T04:51:54.926+0000] {taskinstance.py:2651} INFO - 0 downstream tasks scheduled from follow-on schedule check
[2023-06-11T05:22:13.879+0000] {taskinstance.py:1103} INFO - Dependencies all met for dep_context=non-requeueable deps ti=<TaskInstance: dag_pythonoperator_00.second_task scheduled__2023-06-07T00:00:00+00:00 [queued]>
[2023-06-11T05:22:14.295+0000] {taskinstance.py:1103} INFO - Dependencies all met for dep_context=requeueable deps ti=<TaskInstance: dag_pythonoperator_00.second_task scheduled__2023-06-07T00:00:00+00:00 [queued]>
[2023-06-11T05:22:14.296+0000] {taskinstance.py:1308} INFO - Starting attempt 1 of 6
[2023-06-11T05:22:15.481+0000] {taskinstance.py:1327} INFO - Executing <Task(PythonOperator): second_task> on 2023-06-07 00:00:00+00:00
[2023-06-11T05:22:15.710+0000] {standard_task_runner.py:57} INFO - Started process 911 to run task
[2023-06-11T05:22:15.790+0000] {standard_task_runner.py:84} INFO - Running: ['***', 'tasks', 'run', 'dag_pythonoperator_00', 'second_task', 'scheduled__2023-06-07T00:00:00+00:00', '--job-id', '262', '--raw', '--subdir', 'DAGS_FOLDER/python_operator_dag.py', '--cfg-path', '/tmp/tmp0qc0x1zs']
[2023-06-11T05:22:15.809+0000] {standard_task_runner.py:85} INFO - Job 262: Subtask second_task
[2023-06-11T05:22:16.636+0000] {task_command.py:410} INFO - Running <TaskInstance: dag_pythonoperator_00.second_task scheduled__2023-06-07T00:00:00+00:00 [running]> on host 69e374580eab
[2023-06-11T05:22:17.805+0000] {taskinstance.py:1547} INFO - Exporting env vars: AIRFLOW_CTX_DAG_OWNER='Raja' AIRFLOW_CTX_DAG_ID='dag_pythonoperator_00' AIRFLOW_CTX_TASK_ID='second_task' AIRFLOW_CTX_EXECUTION_DATE='2023-06-07T00:00:00+00:00' AIRFLOW_CTX_TRY_NUMBER='1' AIRFLOW_CTX_DAG_RUN_ID='scheduled__2023-06-07T00:00:00+00:00'
[2023-06-11T05:22:17.846+0000] {taskinstance.py:1824} ERROR - Task failed with exception
Traceback (most recent call last):
  File "/home/airflow/.local/lib/python3.7/site-packages/airflow/operators/python.py", line 181, in execute
    return_value = self.execute_callable()
  File "/home/airflow/.local/lib/python3.7/site-packages/airflow/operators/python.py", line 198, in execute_callable
    return self.python_callable(*self.op_args, **self.op_kwargs)
  File "/opt/airflow/dags/python_operator_dag.py", line 16, in retur_values
    first_name=ti.xcom_pull(task_ids=get_name,key='first_name')
  File "/home/airflow/.local/lib/python3.7/site-packages/airflow/utils/session.py", line 76, in wrapper
    return func(*args, session=session, **kwargs)
  File "/home/airflow/.local/lib/python3.7/site-packages/airflow/models/taskinstance.py", line 2441, in xcom_pull
    task_id_whens = {tid: i for i, tid in enumerate(task_ids)}
TypeError: 'function' object is not iterable
[2023-06-11T05:22:18.017+0000] {taskinstance.py:1350} INFO - Marking task as UP_FOR_RETRY. dag_id=dag_pythonoperator_00, task_id=second_task, execution_date=20230607T000000, start_date=20230611T052213, end_date=20230611T052218
[2023-06-11T05:22:18.114+0000] {standard_task_runner.py:109} ERROR - Failed to execute job 262 for task second_task ('function' object is not iterable; 911)
[2023-06-11T05:22:18.166+0000] {local_task_job_runner.py:225} INFO - Task exited with return code 1
[2023-06-11T05:22:18.320+0000] {taskinstance.py:2651} INFO - 0 downstream tasks scheduled from follow-on schedule check
