[2023-06-11T04:47:33.505+0000] {taskinstance.py:1103} INFO - Dependencies all met for dep_context=non-requeueable deps ti=<TaskInstance: first_dag_02.second_task scheduled__2021-08-31T00:00:00+00:00 [queued]>
[2023-06-11T04:47:33.754+0000] {taskinstance.py:1103} INFO - Dependencies all met for dep_context=requeueable deps ti=<TaskInstance: first_dag_02.second_task scheduled__2021-08-31T00:00:00+00:00 [queued]>
[2023-06-11T04:47:33.755+0000] {taskinstance.py:1308} INFO - Starting attempt 1 of 6
[2023-06-11T04:47:33.956+0000] {taskinstance.py:1327} INFO - Executing <Task(BashOperator): second_task> on 2021-08-31 00:00:00+00:00
[2023-06-11T04:47:33.968+0000] {standard_task_runner.py:57} INFO - Started process 519 to run task
[2023-06-11T04:47:33.986+0000] {standard_task_runner.py:84} INFO - Running: ['***', 'tasks', 'run', 'first_dag_02', 'second_task', 'scheduled__2021-08-31T00:00:00+00:00', '--job-id', '147', '--raw', '--subdir', 'DAGS_FOLDER/First_dag.py', '--cfg-path', '/tmp/tmpyoze3tve']
[2023-06-11T04:47:33.987+0000] {standard_task_runner.py:85} INFO - Job 147: Subtask second_task
[2023-06-11T04:47:34.691+0000] {task_command.py:410} INFO - Running <TaskInstance: first_dag_02.second_task scheduled__2021-08-31T00:00:00+00:00 [running]> on host 4b1b5d40d165
[2023-06-11T04:47:37.738+0000] {taskinstance.py:1547} INFO - Exporting env vars: AIRFLOW_CTX_DAG_OWNER='Raja' AIRFLOW_CTX_DAG_ID='first_dag_02' AIRFLOW_CTX_TASK_ID='second_task' AIRFLOW_CTX_EXECUTION_DATE='2021-08-31T00:00:00+00:00' AIRFLOW_CTX_TRY_NUMBER='1' AIRFLOW_CTX_DAG_RUN_ID='scheduled__2021-08-31T00:00:00+00:00'
[2023-06-11T04:47:37.750+0000] {subprocess.py:63} INFO - Tmp dir root location: 
 /tmp
[2023-06-11T04:47:37.751+0000] {subprocess.py:75} INFO - Running command: ['/bin/bash', '-c', 'echo hey, I am task2 and will be running after task1!']
[2023-06-11T04:47:37.967+0000] {subprocess.py:86} INFO - Output:
[2023-06-11T04:47:37.989+0000] {subprocess.py:93} INFO - hey, I am task2 and will be running after task1!
[2023-06-11T04:47:38.008+0000] {subprocess.py:97} INFO - Command exited with return code 0
[2023-06-11T04:47:38.415+0000] {taskinstance.py:1350} INFO - Marking task as SUCCESS. dag_id=first_dag_02, task_id=second_task, execution_date=20210831T000000, start_date=20230611T044733, end_date=20230611T044738
[2023-06-11T04:47:38.496+0000] {local_task_job_runner.py:225} INFO - Task exited with return code 0
[2023-06-11T04:47:39.140+0000] {taskinstance.py:2651} INFO - 0 downstream tasks scheduled from follow-on schedule check
[2023-06-11T05:18:03.316+0000] {taskinstance.py:1103} INFO - Dependencies all met for dep_context=non-requeueable deps ti=<TaskInstance: first_dag_02.second_task scheduled__2021-08-31T00:00:00+00:00 [queued]>
[2023-06-11T05:18:04.411+0000] {taskinstance.py:1103} INFO - Dependencies all met for dep_context=requeueable deps ti=<TaskInstance: first_dag_02.second_task scheduled__2021-08-31T00:00:00+00:00 [queued]>
[2023-06-11T05:18:04.559+0000] {taskinstance.py:1308} INFO - Starting attempt 1 of 6
[2023-06-11T05:18:08.610+0000] {taskinstance.py:1327} INFO - Executing <Task(BashOperator): second_task> on 2021-08-31 00:00:00+00:00
[2023-06-11T05:18:08.687+0000] {standard_task_runner.py:57} INFO - Started process 545 to run task
[2023-06-11T05:18:08.904+0000] {standard_task_runner.py:84} INFO - Running: ['***', 'tasks', 'run', 'first_dag_02', 'second_task', 'scheduled__2021-08-31T00:00:00+00:00', '--job-id', '141', '--raw', '--subdir', 'DAGS_FOLDER/First_dag.py', '--cfg-path', '/tmp/tmpn9e957hs']
[2023-06-11T05:18:08.924+0000] {standard_task_runner.py:85} INFO - Job 141: Subtask second_task
[2023-06-11T05:18:10.083+0000] {task_command.py:410} INFO - Running <TaskInstance: first_dag_02.second_task scheduled__2021-08-31T00:00:00+00:00 [running]> on host 69e374580eab
[2023-06-11T05:18:15.308+0000] {taskinstance.py:1547} INFO - Exporting env vars: AIRFLOW_CTX_DAG_OWNER='Raja' AIRFLOW_CTX_DAG_ID='first_dag_02' AIRFLOW_CTX_TASK_ID='second_task' AIRFLOW_CTX_EXECUTION_DATE='2021-08-31T00:00:00+00:00' AIRFLOW_CTX_TRY_NUMBER='1' AIRFLOW_CTX_DAG_RUN_ID='scheduled__2021-08-31T00:00:00+00:00'
[2023-06-11T05:18:15.311+0000] {subprocess.py:63} INFO - Tmp dir root location: 
 /tmp
[2023-06-11T05:18:15.314+0000] {subprocess.py:75} INFO - Running command: ['/bin/bash', '-c', 'echo hey, I am task2 and will be running after task1!']
[2023-06-11T05:18:15.346+0000] {subprocess.py:86} INFO - Output:
[2023-06-11T05:18:15.395+0000] {subprocess.py:93} INFO - hey, I am task2 and will be running after task1!
[2023-06-11T05:18:15.397+0000] {subprocess.py:97} INFO - Command exited with return code 0
[2023-06-11T05:18:16.977+0000] {taskinstance.py:1350} INFO - Marking task as SUCCESS. dag_id=first_dag_02, task_id=second_task, execution_date=20210831T000000, start_date=20230611T051803, end_date=20230611T051816
[2023-06-11T05:18:18.259+0000] {local_task_job_runner.py:225} INFO - Task exited with return code 0
[2023-06-11T05:18:19.450+0000] {taskinstance.py:2651} INFO - 0 downstream tasks scheduled from follow-on schedule check
[2023-06-11T08:22:42.667+0000] {taskinstance.py:1103} INFO - Dependencies all met for dep_context=non-requeueable deps ti=<TaskInstance: first_dag_02.second_task scheduled__2021-08-31T00:00:00+00:00 [queued]>
[2023-06-11T08:22:43.809+0000] {taskinstance.py:1103} INFO - Dependencies all met for dep_context=requeueable deps ti=<TaskInstance: first_dag_02.second_task scheduled__2021-08-31T00:00:00+00:00 [queued]>
[2023-06-11T08:22:43.815+0000] {taskinstance.py:1308} INFO - Starting attempt 1 of 6
[2023-06-11T08:22:45.285+0000] {taskinstance.py:1327} INFO - Executing <Task(BashOperator): second_task> on 2021-08-31 00:00:00+00:00
[2023-06-11T08:22:45.556+0000] {standard_task_runner.py:57} INFO - Started process 842 to run task
[2023-06-11T08:22:45.590+0000] {standard_task_runner.py:84} INFO - Running: ['***', 'tasks', 'run', 'first_dag_02', 'second_task', 'scheduled__2021-08-31T00:00:00+00:00', '--job-id', '265', '--raw', '--subdir', 'DAGS_FOLDER/First_dag.py', '--cfg-path', '/tmp/tmphfttp1c4']
[2023-06-11T08:22:45.616+0000] {standard_task_runner.py:85} INFO - Job 265: Subtask second_task
[2023-06-11T08:22:47.655+0000] {task_command.py:410} INFO - Running <TaskInstance: first_dag_02.second_task scheduled__2021-08-31T00:00:00+00:00 [running]> on host 492037cdd057
[2023-06-11T08:22:56.213+0000] {taskinstance.py:1547} INFO - Exporting env vars: AIRFLOW_CTX_DAG_OWNER='Raja' AIRFLOW_CTX_DAG_ID='first_dag_02' AIRFLOW_CTX_TASK_ID='second_task' AIRFLOW_CTX_EXECUTION_DATE='2021-08-31T00:00:00+00:00' AIRFLOW_CTX_TRY_NUMBER='1' AIRFLOW_CTX_DAG_RUN_ID='scheduled__2021-08-31T00:00:00+00:00'
[2023-06-11T08:22:56.429+0000] {subprocess.py:63} INFO - Tmp dir root location: 
 /tmp
[2023-06-11T08:22:56.655+0000] {subprocess.py:75} INFO - Running command: ['/bin/bash', '-c', 'echo hey, I am task2 and will be running after task1!']
[2023-06-11T08:22:57.594+0000] {subprocess.py:86} INFO - Output:
[2023-06-11T08:22:57.633+0000] {subprocess.py:93} INFO - hey, I am task2 and will be running after task1!
[2023-06-11T08:22:57.638+0000] {subprocess.py:97} INFO - Command exited with return code 0
[2023-06-11T08:22:59.180+0000] {taskinstance.py:1350} INFO - Marking task as SUCCESS. dag_id=first_dag_02, task_id=second_task, execution_date=20210831T000000, start_date=20230611T082242, end_date=20230611T082259
[2023-06-11T08:23:01.711+0000] {local_task_job_runner.py:225} INFO - Task exited with return code 0
[2023-06-11T08:23:03.397+0000] {taskinstance.py:2651} INFO - 0 downstream tasks scheduled from follow-on schedule check
[2023-06-11T08:49:25.165+0000] {taskinstance.py:1103} INFO - Dependencies all met for dep_context=non-requeueable deps ti=<TaskInstance: first_dag_02.second_task scheduled__2021-08-31T00:00:00+00:00 [queued]>
[2023-06-11T08:49:25.453+0000] {taskinstance.py:1103} INFO - Dependencies all met for dep_context=requeueable deps ti=<TaskInstance: first_dag_02.second_task scheduled__2021-08-31T00:00:00+00:00 [queued]>
[2023-06-11T08:49:25.453+0000] {taskinstance.py:1308} INFO - Starting attempt 1 of 6
[2023-06-11T08:49:25.788+0000] {taskinstance.py:1327} INFO - Executing <Task(BashOperator): second_task> on 2021-08-31 00:00:00+00:00
[2023-06-11T08:49:25.836+0000] {standard_task_runner.py:57} INFO - Started process 665 to run task
[2023-06-11T08:49:25.892+0000] {standard_task_runner.py:84} INFO - Running: ['***', 'tasks', 'run', 'first_dag_02', 'second_task', 'scheduled__2021-08-31T00:00:00+00:00', '--job-id', '201', '--raw', '--subdir', 'DAGS_FOLDER/First_dag.py', '--cfg-path', '/tmp/tmpx3n1ec75']
[2023-06-11T08:49:25.937+0000] {standard_task_runner.py:85} INFO - Job 201: Subtask second_task
[2023-06-11T08:49:26.941+0000] {task_command.py:410} INFO - Running <TaskInstance: first_dag_02.second_task scheduled__2021-08-31T00:00:00+00:00 [running]> on host 964e508aad03
[2023-06-11T08:49:29.192+0000] {taskinstance.py:1547} INFO - Exporting env vars: AIRFLOW_CTX_DAG_OWNER='Raja' AIRFLOW_CTX_DAG_ID='first_dag_02' AIRFLOW_CTX_TASK_ID='second_task' AIRFLOW_CTX_EXECUTION_DATE='2021-08-31T00:00:00+00:00' AIRFLOW_CTX_TRY_NUMBER='1' AIRFLOW_CTX_DAG_RUN_ID='scheduled__2021-08-31T00:00:00+00:00'
[2023-06-11T08:49:29.194+0000] {subprocess.py:63} INFO - Tmp dir root location: 
 /tmp
[2023-06-11T08:49:29.195+0000] {subprocess.py:75} INFO - Running command: ['/bin/bash', '-c', 'echo hey, I am task2 and will be running after task1!']
[2023-06-11T08:49:29.356+0000] {subprocess.py:86} INFO - Output:
[2023-06-11T08:49:29.373+0000] {subprocess.py:93} INFO - hey, I am task2 and will be running after task1!
[2023-06-11T08:49:29.385+0000] {subprocess.py:97} INFO - Command exited with return code 0
[2023-06-11T08:49:29.802+0000] {taskinstance.py:1350} INFO - Marking task as SUCCESS. dag_id=first_dag_02, task_id=second_task, execution_date=20210831T000000, start_date=20230611T084925, end_date=20230611T084929
[2023-06-11T08:49:30.125+0000] {local_task_job_runner.py:225} INFO - Task exited with return code 0
[2023-06-11T08:49:30.441+0000] {taskinstance.py:2651} INFO - 0 downstream tasks scheduled from follow-on schedule check
[2023-06-11T10:42:34.801+0000] {taskinstance.py:1103} INFO - Dependencies all met for dep_context=non-requeueable deps ti=<TaskInstance: first_dag_02.second_task scheduled__2021-08-31T00:00:00+00:00 [queued]>
[2023-06-11T10:42:35.782+0000] {taskinstance.py:1103} INFO - Dependencies all met for dep_context=requeueable deps ti=<TaskInstance: first_dag_02.second_task scheduled__2021-08-31T00:00:00+00:00 [queued]>
[2023-06-11T10:42:35.782+0000] {taskinstance.py:1308} INFO - Starting attempt 1 of 6
[2023-06-11T10:42:36.997+0000] {taskinstance.py:1327} INFO - Executing <Task(BashOperator): second_task> on 2021-08-31 00:00:00+00:00
[2023-06-11T10:42:37.015+0000] {standard_task_runner.py:57} INFO - Started process 705 to run task
[2023-06-11T10:42:37.068+0000] {standard_task_runner.py:84} INFO - Running: ['***', 'tasks', 'run', 'first_dag_02', 'second_task', 'scheduled__2021-08-31T00:00:00+00:00', '--job-id', '196', '--raw', '--subdir', 'DAGS_FOLDER/First_dag.py', '--cfg-path', '/tmp/tmpavmflcvf']
[2023-06-11T10:42:37.173+0000] {standard_task_runner.py:85} INFO - Job 196: Subtask second_task
[2023-06-11T10:42:40.097+0000] {task_command.py:410} INFO - Running <TaskInstance: first_dag_02.second_task scheduled__2021-08-31T00:00:00+00:00 [running]> on host 7586ce0070ac
[2023-06-11T10:42:44.068+0000] {taskinstance.py:1547} INFO - Exporting env vars: AIRFLOW_CTX_DAG_OWNER='Raja' AIRFLOW_CTX_DAG_ID='first_dag_02' AIRFLOW_CTX_TASK_ID='second_task' AIRFLOW_CTX_EXECUTION_DATE='2021-08-31T00:00:00+00:00' AIRFLOW_CTX_TRY_NUMBER='1' AIRFLOW_CTX_DAG_RUN_ID='scheduled__2021-08-31T00:00:00+00:00'
[2023-06-11T10:42:44.071+0000] {subprocess.py:63} INFO - Tmp dir root location: 
 /tmp
[2023-06-11T10:42:44.071+0000] {subprocess.py:75} INFO - Running command: ['/bin/bash', '-c', 'echo hey, I am task2 and will be running after task1!']
[2023-06-11T10:42:45.255+0000] {subprocess.py:86} INFO - Output:
[2023-06-11T10:42:45.273+0000] {subprocess.py:93} INFO - hey, I am task2 and will be running after task1!
[2023-06-11T10:42:45.274+0000] {subprocess.py:97} INFO - Command exited with return code 0
[2023-06-11T10:42:47.055+0000] {taskinstance.py:1350} INFO - Marking task as SUCCESS. dag_id=first_dag_02, task_id=second_task, execution_date=20210831T000000, start_date=20230611T104234, end_date=20230611T104247
[2023-06-11T10:42:49.252+0000] {local_task_job_runner.py:225} INFO - Task exited with return code 0
[2023-06-11T10:42:50.075+0000] {taskinstance.py:2651} INFO - 0 downstream tasks scheduled from follow-on schedule check
