[2023-06-11T09:01:07.851+0000] {taskinstance.py:1103} INFO - Dependencies all met for dep_context=non-requeueable deps ti=<TaskInstance: first_dag_02.thrid_task scheduled__2022-02-25T00:00:00+00:00 [queued]>
[2023-06-11T09:01:09.938+0000] {taskinstance.py:1103} INFO - Dependencies all met for dep_context=requeueable deps ti=<TaskInstance: first_dag_02.thrid_task scheduled__2022-02-25T00:00:00+00:00 [queued]>
[2023-06-11T09:01:09.953+0000] {taskinstance.py:1308} INFO - Starting attempt 1 of 6
[2023-06-11T09:01:12.985+0000] {taskinstance.py:1327} INFO - Executing <Task(BashOperator): thrid_task> on 2022-02-25 00:00:00+00:00
[2023-06-11T09:01:13.425+0000] {standard_task_runner.py:57} INFO - Started process 3302 to run task
[2023-06-11T09:01:13.606+0000] {standard_task_runner.py:84} INFO - Running: ['***', 'tasks', 'run', 'first_dag_02', 'thrid_task', 'scheduled__2022-02-25T00:00:00+00:00', '--job-id', '1032', '--raw', '--subdir', 'DAGS_FOLDER/First_dag.py', '--cfg-path', '/tmp/tmpovr7_iim']
[2023-06-11T09:01:13.701+0000] {standard_task_runner.py:85} INFO - Job 1032: Subtask thrid_task
[2023-06-11T09:01:16.453+0000] {task_command.py:410} INFO - Running <TaskInstance: first_dag_02.thrid_task scheduled__2022-02-25T00:00:00+00:00 [running]> on host 964e508aad03
[2023-06-11T09:01:23.584+0000] {taskinstance.py:1547} INFO - Exporting env vars: AIRFLOW_CTX_DAG_OWNER='Raja' AIRFLOW_CTX_DAG_ID='first_dag_02' AIRFLOW_CTX_TASK_ID='thrid_task' AIRFLOW_CTX_EXECUTION_DATE='2022-02-25T00:00:00+00:00' AIRFLOW_CTX_TRY_NUMBER='1' AIRFLOW_CTX_DAG_RUN_ID='scheduled__2022-02-25T00:00:00+00:00'
[2023-06-11T09:01:23.588+0000] {subprocess.py:63} INFO - Tmp dir root location: 
 /tmp
[2023-06-11T09:01:23.622+0000] {subprocess.py:75} INFO - Running command: ['/bin/bash', '-c', 'echo hey, I am task3 and will be running after task1 at the same time as task2!']
[2023-06-11T09:01:24.018+0000] {subprocess.py:86} INFO - Output:
[2023-06-11T09:01:24.067+0000] {subprocess.py:93} INFO - hey, I am task3 and will be running after task1 at the same time as task2!
[2023-06-11T09:01:24.090+0000] {subprocess.py:97} INFO - Command exited with return code 0
[2023-06-11T09:01:25.179+0000] {taskinstance.py:1350} INFO - Marking task as SUCCESS. dag_id=first_dag_02, task_id=thrid_task, execution_date=20220225T000000, start_date=20230611T090108, end_date=20230611T090125
[2023-06-11T09:01:26.952+0000] {local_task_job_runner.py:225} INFO - Task exited with return code 0
[2023-06-11T09:01:27.800+0000] {taskinstance.py:2651} INFO - 0 downstream tasks scheduled from follow-on schedule check
[2023-06-11T11:36:21.746+0000] {taskinstance.py:1103} INFO - Dependencies all met for dep_context=non-requeueable deps ti=<TaskInstance: first_dag_02.thrid_task scheduled__2022-02-25T00:00:00+00:00 [queued]>
[2023-06-11T11:36:22.606+0000] {taskinstance.py:1103} INFO - Dependencies all met for dep_context=requeueable deps ti=<TaskInstance: first_dag_02.thrid_task scheduled__2022-02-25T00:00:00+00:00 [queued]>
[2023-06-11T11:36:22.608+0000] {taskinstance.py:1308} INFO - Starting attempt 1 of 6
[2023-06-11T11:36:25.652+0000] {taskinstance.py:1327} INFO - Executing <Task(BashOperator): thrid_task> on 2022-02-25 00:00:00+00:00
[2023-06-11T11:36:26.976+0000] {standard_task_runner.py:84} INFO - Running: ['***', 'tasks', 'run', 'first_dag_02', 'thrid_task', 'scheduled__2022-02-25T00:00:00+00:00', '--job-id', '1039', '--raw', '--subdir', 'DAGS_FOLDER/First_dag.py', '--cfg-path', '/tmp/tmpoimk5cei']
[2023-06-11T11:36:26.979+0000] {standard_task_runner.py:85} INFO - Job 1039: Subtask thrid_task
[2023-06-11T11:36:26.652+0000] {standard_task_runner.py:57} INFO - Started process 794 to run task
[2023-06-11T11:36:34.134+0000] {task_command.py:410} INFO - Running <TaskInstance: first_dag_02.thrid_task scheduled__2022-02-25T00:00:00+00:00 [running]> on host 7586ce0070ac
[2023-06-11T11:36:37.562+0000] {taskinstance.py:1547} INFO - Exporting env vars: AIRFLOW_CTX_DAG_OWNER='Raja' AIRFLOW_CTX_DAG_ID='first_dag_02' AIRFLOW_CTX_TASK_ID='thrid_task' AIRFLOW_CTX_EXECUTION_DATE='2022-02-25T00:00:00+00:00' AIRFLOW_CTX_TRY_NUMBER='1' AIRFLOW_CTX_DAG_RUN_ID='scheduled__2022-02-25T00:00:00+00:00'
[2023-06-11T11:36:37.564+0000] {subprocess.py:63} INFO - Tmp dir root location: 
 /tmp
[2023-06-11T11:36:37.566+0000] {subprocess.py:75} INFO - Running command: ['/bin/bash', '-c', 'echo hey, I am task3 and will be running after task1 at the same time as task2!']
[2023-06-11T11:36:37.955+0000] {subprocess.py:86} INFO - Output:
[2023-06-11T11:36:37.963+0000] {subprocess.py:93} INFO - hey, I am task3 and will be running after task1 at the same time as task2!
[2023-06-11T11:36:37.965+0000] {subprocess.py:97} INFO - Command exited with return code 0
[2023-06-11T11:36:38.704+0000] {taskinstance.py:1350} INFO - Marking task as SUCCESS. dag_id=first_dag_02, task_id=thrid_task, execution_date=20220225T000000, start_date=20230611T113621, end_date=20230611T113638
[2023-06-11T11:36:39.474+0000] {local_task_job_runner.py:225} INFO - Task exited with return code 0
[2023-06-11T11:36:42.111+0000] {taskinstance.py:2651} INFO - 0 downstream tasks scheduled from follow-on schedule check
