[2023-06-11T09:47:38.269+0000] {taskinstance.py:1103} INFO - Dependencies all met for dep_context=non-requeueable deps ti=<TaskInstance: first_dag_02.second_task scheduled__2022-06-22T00:00:00+00:00 [queued]>
[2023-06-11T09:47:38.740+0000] {taskinstance.py:1103} INFO - Dependencies all met for dep_context=requeueable deps ti=<TaskInstance: first_dag_02.second_task scheduled__2022-06-22T00:00:00+00:00 [queued]>
[2023-06-11T09:47:38.741+0000] {taskinstance.py:1308} INFO - Starting attempt 1 of 6
[2023-06-11T09:47:39.440+0000] {taskinstance.py:1327} INFO - Executing <Task(BashOperator): second_task> on 2022-06-22 00:00:00+00:00
[2023-06-11T09:47:39.522+0000] {standard_task_runner.py:57} INFO - Started process 5127 to run task
[2023-06-11T09:47:39.618+0000] {standard_task_runner.py:84} INFO - Running: ['***', 'tasks', 'run', 'first_dag_02', 'second_task', 'scheduled__2022-06-22T00:00:00+00:00', '--job-id', '1573', '--raw', '--subdir', 'DAGS_FOLDER/First_dag.py', '--cfg-path', '/tmp/tmpe7pr819p']
[2023-06-11T09:47:39.619+0000] {standard_task_runner.py:85} INFO - Job 1573: Subtask second_task
[2023-06-11T09:47:40.266+0000] {task_command.py:410} INFO - Running <TaskInstance: first_dag_02.second_task scheduled__2022-06-22T00:00:00+00:00 [running]> on host 964e508aad03
[2023-06-11T09:47:41.803+0000] {taskinstance.py:1547} INFO - Exporting env vars: AIRFLOW_CTX_DAG_OWNER='Raja' AIRFLOW_CTX_DAG_ID='first_dag_02' AIRFLOW_CTX_TASK_ID='second_task' AIRFLOW_CTX_EXECUTION_DATE='2022-06-22T00:00:00+00:00' AIRFLOW_CTX_TRY_NUMBER='1' AIRFLOW_CTX_DAG_RUN_ID='scheduled__2022-06-22T00:00:00+00:00'
[2023-06-11T09:47:41.808+0000] {subprocess.py:63} INFO - Tmp dir root location: 
 /tmp
[2023-06-11T09:47:41.817+0000] {subprocess.py:75} INFO - Running command: ['/bin/bash', '-c', 'echo hey, I am task2 and will be running after task1!']
[2023-06-11T09:47:41.970+0000] {subprocess.py:86} INFO - Output:
[2023-06-11T09:47:41.987+0000] {subprocess.py:93} INFO - hey, I am task2 and will be running after task1!
[2023-06-11T09:47:42.017+0000] {subprocess.py:97} INFO - Command exited with return code 0
[2023-06-11T09:47:42.410+0000] {taskinstance.py:1350} INFO - Marking task as SUCCESS. dag_id=first_dag_02, task_id=second_task, execution_date=20220622T000000, start_date=20230611T094738, end_date=20230611T094742
[2023-06-11T09:47:42.653+0000] {local_task_job_runner.py:225} INFO - Task exited with return code 0
[2023-06-11T09:47:42.835+0000] {taskinstance.py:2651} INFO - 0 downstream tasks scheduled from follow-on schedule check
[2023-06-11T15:34:30.436+0000] {taskinstance.py:1103} INFO - Dependencies all met for dep_context=non-requeueable deps ti=<TaskInstance: first_dag_02.second_task scheduled__2022-06-22T00:00:00+00:00 [queued]>
[2023-06-11T15:34:30.609+0000] {taskinstance.py:1103} INFO - Dependencies all met for dep_context=requeueable deps ti=<TaskInstance: first_dag_02.second_task scheduled__2022-06-22T00:00:00+00:00 [queued]>
[2023-06-11T15:34:30.609+0000] {taskinstance.py:1308} INFO - Starting attempt 1 of 6
[2023-06-11T15:34:31.160+0000] {taskinstance.py:1327} INFO - Executing <Task(BashOperator): second_task> on 2022-06-22 00:00:00+00:00
[2023-06-11T15:34:31.249+0000] {standard_task_runner.py:57} INFO - Started process 1736 to run task
[2023-06-11T15:34:31.320+0000] {standard_task_runner.py:84} INFO - Running: ['***', 'tasks', 'run', 'first_dag_02', 'second_task', 'scheduled__2022-06-22T00:00:00+00:00', '--job-id', '1621', '--raw', '--subdir', 'DAGS_FOLDER/First_dag.py', '--cfg-path', '/tmp/tmp11mcvdeu']
[2023-06-11T15:34:31.321+0000] {standard_task_runner.py:85} INFO - Job 1621: Subtask second_task
[2023-06-11T15:34:31.978+0000] {task_command.py:410} INFO - Running <TaskInstance: first_dag_02.second_task scheduled__2022-06-22T00:00:00+00:00 [running]> on host 7586ce0070ac
[2023-06-11T15:34:33.895+0000] {taskinstance.py:1547} INFO - Exporting env vars: AIRFLOW_CTX_DAG_OWNER='Raja' AIRFLOW_CTX_DAG_ID='first_dag_02' AIRFLOW_CTX_TASK_ID='second_task' AIRFLOW_CTX_EXECUTION_DATE='2022-06-22T00:00:00+00:00' AIRFLOW_CTX_TRY_NUMBER='1' AIRFLOW_CTX_DAG_RUN_ID='scheduled__2022-06-22T00:00:00+00:00'
[2023-06-11T15:34:33.902+0000] {subprocess.py:63} INFO - Tmp dir root location: 
 /tmp
[2023-06-11T15:34:33.928+0000] {subprocess.py:75} INFO - Running command: ['/bin/bash', '-c', 'echo hey, I am task2 and will be running after task1!']
[2023-06-11T15:34:34.083+0000] {subprocess.py:86} INFO - Output:
[2023-06-11T15:34:34.106+0000] {subprocess.py:93} INFO - hey, I am task2 and will be running after task1!
[2023-06-11T15:34:34.108+0000] {subprocess.py:97} INFO - Command exited with return code 0
[2023-06-11T15:34:34.649+0000] {taskinstance.py:1350} INFO - Marking task as SUCCESS. dag_id=first_dag_02, task_id=second_task, execution_date=20220622T000000, start_date=20230611T153430, end_date=20230611T153434
[2023-06-11T15:34:35.169+0000] {local_task_job_runner.py:225} INFO - Task exited with return code 0
[2023-06-11T15:34:35.773+0000] {taskinstance.py:2651} INFO - 0 downstream tasks scheduled from follow-on schedule check
