[2023-06-11T09:00:36.568+0000] {taskinstance.py:1103} INFO - Dependencies all met for dep_context=non-requeueable deps ti=<TaskInstance: first_dag_02.thrid_task scheduled__2022-02-23T00:00:00+00:00 [queued]>
[2023-06-11T09:00:36.686+0000] {taskinstance.py:1103} INFO - Dependencies all met for dep_context=requeueable deps ti=<TaskInstance: first_dag_02.thrid_task scheduled__2022-02-23T00:00:00+00:00 [queued]>
[2023-06-11T09:00:36.686+0000] {taskinstance.py:1308} INFO - Starting attempt 1 of 6
[2023-06-11T09:00:36.917+0000] {taskinstance.py:1327} INFO - Executing <Task(BashOperator): thrid_task> on 2022-02-23 00:00:00+00:00
[2023-06-11T09:00:36.941+0000] {standard_task_runner.py:57} INFO - Started process 3211 to run task
[2023-06-11T09:00:36.955+0000] {standard_task_runner.py:84} INFO - Running: ['***', 'tasks', 'run', 'first_dag_02', 'thrid_task', 'scheduled__2022-02-23T00:00:00+00:00', '--job-id', '1004', '--raw', '--subdir', 'DAGS_FOLDER/First_dag.py', '--cfg-path', '/tmp/tmpomlffnb5']
[2023-06-11T09:00:36.956+0000] {standard_task_runner.py:85} INFO - Job 1004: Subtask thrid_task
[2023-06-11T09:00:37.267+0000] {task_command.py:410} INFO - Running <TaskInstance: first_dag_02.thrid_task scheduled__2022-02-23T00:00:00+00:00 [running]> on host 964e508aad03
[2023-06-11T09:00:38.787+0000] {taskinstance.py:1547} INFO - Exporting env vars: AIRFLOW_CTX_DAG_OWNER='Raja' AIRFLOW_CTX_DAG_ID='first_dag_02' AIRFLOW_CTX_TASK_ID='thrid_task' AIRFLOW_CTX_EXECUTION_DATE='2022-02-23T00:00:00+00:00' AIRFLOW_CTX_TRY_NUMBER='1' AIRFLOW_CTX_DAG_RUN_ID='scheduled__2022-02-23T00:00:00+00:00'
[2023-06-11T09:00:38.807+0000] {subprocess.py:63} INFO - Tmp dir root location: 
 /tmp
[2023-06-11T09:00:38.816+0000] {subprocess.py:75} INFO - Running command: ['/bin/bash', '-c', 'echo hey, I am task3 and will be running after task1 at the same time as task2!']
[2023-06-11T09:00:38.962+0000] {subprocess.py:86} INFO - Output:
[2023-06-11T09:00:39.034+0000] {subprocess.py:93} INFO - hey, I am task3 and will be running after task1 at the same time as task2!
[2023-06-11T09:00:39.036+0000] {subprocess.py:97} INFO - Command exited with return code 0
[2023-06-11T09:00:39.439+0000] {taskinstance.py:1350} INFO - Marking task as SUCCESS. dag_id=first_dag_02, task_id=thrid_task, execution_date=20220223T000000, start_date=20230611T090036, end_date=20230611T090039
[2023-06-11T09:00:39.731+0000] {local_task_job_runner.py:225} INFO - Task exited with return code 0
[2023-06-11T09:00:39.930+0000] {taskinstance.py:2651} INFO - 0 downstream tasks scheduled from follow-on schedule check
[2023-06-11T11:35:32.933+0000] {taskinstance.py:1103} INFO - Dependencies all met for dep_context=non-requeueable deps ti=<TaskInstance: first_dag_02.thrid_task scheduled__2022-02-23T00:00:00+00:00 [queued]>
[2023-06-11T11:35:33.251+0000] {taskinstance.py:1103} INFO - Dependencies all met for dep_context=requeueable deps ti=<TaskInstance: first_dag_02.thrid_task scheduled__2022-02-23T00:00:00+00:00 [queued]>
[2023-06-11T11:35:33.251+0000] {taskinstance.py:1308} INFO - Starting attempt 1 of 6
[2023-06-11T11:35:35.037+0000] {taskinstance.py:1327} INFO - Executing <Task(BashOperator): thrid_task> on 2022-02-23 00:00:00+00:00
[2023-06-11T11:35:35.367+0000] {standard_task_runner.py:84} INFO - Running: ['***', 'tasks', 'run', 'first_dag_02', 'thrid_task', 'scheduled__2022-02-23T00:00:00+00:00', '--job-id', '1019', '--raw', '--subdir', 'DAGS_FOLDER/First_dag.py', '--cfg-path', '/tmp/tmp_8dj0k3u']
[2023-06-11T11:35:35.378+0000] {standard_task_runner.py:85} INFO - Job 1019: Subtask thrid_task
[2023-06-11T11:35:35.335+0000] {standard_task_runner.py:57} INFO - Started process 728 to run task
[2023-06-11T11:35:38.536+0000] {task_command.py:410} INFO - Running <TaskInstance: first_dag_02.thrid_task scheduled__2022-02-23T00:00:00+00:00 [running]> on host 7586ce0070ac
[2023-06-11T11:35:43.369+0000] {taskinstance.py:1547} INFO - Exporting env vars: AIRFLOW_CTX_DAG_OWNER='Raja' AIRFLOW_CTX_DAG_ID='first_dag_02' AIRFLOW_CTX_TASK_ID='thrid_task' AIRFLOW_CTX_EXECUTION_DATE='2022-02-23T00:00:00+00:00' AIRFLOW_CTX_TRY_NUMBER='1' AIRFLOW_CTX_DAG_RUN_ID='scheduled__2022-02-23T00:00:00+00:00'
[2023-06-11T11:35:43.375+0000] {subprocess.py:63} INFO - Tmp dir root location: 
 /tmp
[2023-06-11T11:35:43.384+0000] {subprocess.py:75} INFO - Running command: ['/bin/bash', '-c', 'echo hey, I am task3 and will be running after task1 at the same time as task2!']
[2023-06-11T11:35:43.739+0000] {subprocess.py:86} INFO - Output:
[2023-06-11T11:35:43.776+0000] {subprocess.py:93} INFO - hey, I am task3 and will be running after task1 at the same time as task2!
[2023-06-11T11:35:43.778+0000] {subprocess.py:97} INFO - Command exited with return code 0
[2023-06-11T11:35:45.512+0000] {taskinstance.py:1350} INFO - Marking task as SUCCESS. dag_id=first_dag_02, task_id=thrid_task, execution_date=20220223T000000, start_date=20230611T113532, end_date=20230611T113545
[2023-06-11T11:35:46.292+0000] {local_task_job_runner.py:225} INFO - Task exited with return code 0
[2023-06-11T11:35:47.969+0000] {taskinstance.py:2651} INFO - 0 downstream tasks scheduled from follow-on schedule check
