[2023-06-10T17:27:09.188+0000] {taskinstance.py:1103} INFO - Dependencies all met for dep_context=non-requeueable deps ti=<TaskInstance: first_dag_02.first_task scheduled__2021-08-12T00:00:00+00:00 [queued]>
[2023-06-10T17:27:09.254+0000] {taskinstance.py:1103} INFO - Dependencies all met for dep_context=requeueable deps ti=<TaskInstance: first_dag_02.first_task scheduled__2021-08-12T00:00:00+00:00 [queued]>
[2023-06-10T17:27:09.254+0000] {taskinstance.py:1308} INFO - Starting attempt 1 of 6
[2023-06-10T17:27:09.992+0000] {taskinstance.py:1327} INFO - Executing <Task(BashOperator): first_task> on 2021-08-12 00:00:00+00:00
[2023-06-10T17:27:10.042+0000] {standard_task_runner.py:57} INFO - Started process 921 to run task
[2023-06-10T17:27:10.349+0000] {standard_task_runner.py:84} INFO - Running: ['***', 'tasks', 'run', 'first_dag_02', 'first_task', 'scheduled__2021-08-12T00:00:00+00:00', '--job-id', '1817', '--raw', '--subdir', 'DAGS_FOLDER/First_dag.py', '--cfg-path', '/tmp/tmpnr7gszzk']
[2023-06-10T17:27:10.350+0000] {standard_task_runner.py:85} INFO - Job 1817: Subtask first_task
[2023-06-10T17:27:12.435+0000] {task_command.py:410} INFO - Running <TaskInstance: first_dag_02.first_task scheduled__2021-08-12T00:00:00+00:00 [running]> on host e326d5f70fa9
[2023-06-10T17:27:15.916+0000] {taskinstance.py:1547} INFO - Exporting env vars: AIRFLOW_CTX_DAG_OWNER='Raja' AIRFLOW_CTX_DAG_ID='first_dag_02' AIRFLOW_CTX_TASK_ID='first_task' AIRFLOW_CTX_EXECUTION_DATE='2021-08-12T00:00:00+00:00' AIRFLOW_CTX_TRY_NUMBER='1' AIRFLOW_CTX_DAG_RUN_ID='scheduled__2021-08-12T00:00:00+00:00'
[2023-06-10T17:27:15.918+0000] {subprocess.py:63} INFO - Tmp dir root location: 
 /tmp
[2023-06-10T17:27:15.922+0000] {subprocess.py:75} INFO - Running command: ['/bin/bash', '-c', 'echo hello world, this is the first task!']
[2023-06-10T17:27:16.052+0000] {subprocess.py:86} INFO - Output:
[2023-06-10T17:27:16.069+0000] {subprocess.py:93} INFO - hello world, this is the first task!
[2023-06-10T17:27:16.071+0000] {subprocess.py:97} INFO - Command exited with return code 0
[2023-06-10T17:27:16.576+0000] {taskinstance.py:1350} INFO - Marking task as SUCCESS. dag_id=first_dag_02, task_id=first_task, execution_date=20210812T000000, start_date=20230610T172709, end_date=20230610T172716
[2023-06-10T17:27:17.570+0000] {local_task_job_runner.py:225} INFO - Task exited with return code 0
[2023-06-10T17:27:17.896+0000] {taskinstance.py:2651} INFO - 2 downstream tasks scheduled from follow-on schedule check
[2023-06-11T04:43:57.128+0000] {taskinstance.py:1103} INFO - Dependencies all met for dep_context=non-requeueable deps ti=<TaskInstance: first_dag_02.first_task scheduled__2021-08-12T00:00:00+00:00 [queued]>
[2023-06-11T04:43:57.651+0000] {taskinstance.py:1103} INFO - Dependencies all met for dep_context=requeueable deps ti=<TaskInstance: first_dag_02.first_task scheduled__2021-08-12T00:00:00+00:00 [queued]>
[2023-06-11T04:43:57.652+0000] {taskinstance.py:1308} INFO - Starting attempt 1 of 6
[2023-06-11T04:43:58.697+0000] {taskinstance.py:1327} INFO - Executing <Task(BashOperator): first_task> on 2021-08-12 00:00:00+00:00
[2023-06-11T04:43:58.723+0000] {standard_task_runner.py:57} INFO - Started process 146 to run task
[2023-06-11T04:43:58.736+0000] {standard_task_runner.py:84} INFO - Running: ['***', 'tasks', 'run', 'first_dag_02', 'first_task', 'scheduled__2021-08-12T00:00:00+00:00', '--job-id', '32', '--raw', '--subdir', 'DAGS_FOLDER/First_dag.py', '--cfg-path', '/tmp/tmp6rykjxgk']
[2023-06-11T04:43:58.742+0000] {standard_task_runner.py:85} INFO - Job 32: Subtask first_task
[2023-06-11T04:44:00.107+0000] {task_command.py:410} INFO - Running <TaskInstance: first_dag_02.first_task scheduled__2021-08-12T00:00:00+00:00 [running]> on host 4b1b5d40d165
[2023-06-11T04:44:05.512+0000] {taskinstance.py:1547} INFO - Exporting env vars: AIRFLOW_CTX_DAG_OWNER='Raja' AIRFLOW_CTX_DAG_ID='first_dag_02' AIRFLOW_CTX_TASK_ID='first_task' AIRFLOW_CTX_EXECUTION_DATE='2021-08-12T00:00:00+00:00' AIRFLOW_CTX_TRY_NUMBER='1' AIRFLOW_CTX_DAG_RUN_ID='scheduled__2021-08-12T00:00:00+00:00'
[2023-06-11T04:44:05.718+0000] {subprocess.py:63} INFO - Tmp dir root location: 
 /tmp
[2023-06-11T04:44:05.835+0000] {subprocess.py:75} INFO - Running command: ['/bin/bash', '-c', 'echo hello world, this is the first task!']
[2023-06-11T04:44:06.159+0000] {subprocess.py:86} INFO - Output:
[2023-06-11T04:44:06.164+0000] {subprocess.py:93} INFO - hello world, this is the first task!
[2023-06-11T04:44:06.165+0000] {subprocess.py:97} INFO - Command exited with return code 0
[2023-06-11T04:44:06.927+0000] {taskinstance.py:1350} INFO - Marking task as SUCCESS. dag_id=first_dag_02, task_id=first_task, execution_date=20210812T000000, start_date=20230611T044357, end_date=20230611T044406
[2023-06-11T04:44:07.466+0000] {local_task_job_runner.py:225} INFO - Task exited with return code 0
[2023-06-11T04:44:07.754+0000] {taskinstance.py:2651} INFO - 2 downstream tasks scheduled from follow-on schedule check
[2023-06-11T05:14:08.237+0000] {taskinstance.py:1103} INFO - Dependencies all met for dep_context=non-requeueable deps ti=<TaskInstance: first_dag_02.first_task scheduled__2021-08-12T00:00:00+00:00 [queued]>
[2023-06-11T05:14:09.843+0000] {taskinstance.py:1103} INFO - Dependencies all met for dep_context=requeueable deps ti=<TaskInstance: first_dag_02.first_task scheduled__2021-08-12T00:00:00+00:00 [queued]>
[2023-06-11T05:14:09.844+0000] {taskinstance.py:1308} INFO - Starting attempt 1 of 6
[2023-06-11T05:14:11.845+0000] {taskinstance.py:1327} INFO - Executing <Task(BashOperator): first_task> on 2021-08-12 00:00:00+00:00
[2023-06-11T05:14:12.282+0000] {standard_task_runner.py:57} INFO - Started process 183 to run task
[2023-06-11T05:14:12.332+0000] {standard_task_runner.py:84} INFO - Running: ['***', 'tasks', 'run', 'first_dag_02', 'first_task', 'scheduled__2021-08-12T00:00:00+00:00', '--job-id', '34', '--raw', '--subdir', 'DAGS_FOLDER/First_dag.py', '--cfg-path', '/tmp/tmpbxhlrhp2']
[2023-06-11T05:14:12.333+0000] {standard_task_runner.py:85} INFO - Job 34: Subtask first_task
[2023-06-11T05:14:15.588+0000] {task_command.py:410} INFO - Running <TaskInstance: first_dag_02.first_task scheduled__2021-08-12T00:00:00+00:00 [running]> on host 69e374580eab
[2023-06-11T05:14:20.517+0000] {taskinstance.py:1547} INFO - Exporting env vars: AIRFLOW_CTX_DAG_OWNER='Raja' AIRFLOW_CTX_DAG_ID='first_dag_02' AIRFLOW_CTX_TASK_ID='first_task' AIRFLOW_CTX_EXECUTION_DATE='2021-08-12T00:00:00+00:00' AIRFLOW_CTX_TRY_NUMBER='1' AIRFLOW_CTX_DAG_RUN_ID='scheduled__2021-08-12T00:00:00+00:00'
[2023-06-11T05:14:20.607+0000] {subprocess.py:63} INFO - Tmp dir root location: 
 /tmp
[2023-06-11T05:14:20.657+0000] {subprocess.py:75} INFO - Running command: ['/bin/bash', '-c', 'echo hello world, this is the first task!']
[2023-06-11T05:14:20.998+0000] {subprocess.py:86} INFO - Output:
[2023-06-11T05:14:21.015+0000] {subprocess.py:93} INFO - hello world, this is the first task!
[2023-06-11T05:14:21.020+0000] {subprocess.py:97} INFO - Command exited with return code 0
[2023-06-11T05:14:21.285+0000] {taskinstance.py:1350} INFO - Marking task as SUCCESS. dag_id=first_dag_02, task_id=first_task, execution_date=20210812T000000, start_date=20230611T051408, end_date=20230611T051421
[2023-06-11T05:14:25.899+0000] {local_task_job_runner.py:225} INFO - Task exited with return code 0
[2023-06-11T05:14:29.056+0000] {taskinstance.py:2651} INFO - 0 downstream tasks scheduled from follow-on schedule check
[2023-06-11T08:15:20.624+0000] {taskinstance.py:1103} INFO - Dependencies all met for dep_context=non-requeueable deps ti=<TaskInstance: first_dag_02.first_task scheduled__2021-08-12T00:00:00+00:00 [queued]>
[2023-06-11T08:15:21.187+0000] {taskinstance.py:1103} INFO - Dependencies all met for dep_context=requeueable deps ti=<TaskInstance: first_dag_02.first_task scheduled__2021-08-12T00:00:00+00:00 [queued]>
[2023-06-11T08:15:21.188+0000] {taskinstance.py:1308} INFO - Starting attempt 1 of 6
[2023-06-11T08:15:21.967+0000] {taskinstance.py:1327} INFO - Executing <Task(BashOperator): first_task> on 2021-08-12 00:00:00+00:00
[2023-06-11T08:15:22.029+0000] {standard_task_runner.py:57} INFO - Started process 199 to run task
[2023-06-11T08:15:22.492+0000] {standard_task_runner.py:84} INFO - Running: ['***', 'tasks', 'run', 'first_dag_02', 'first_task', 'scheduled__2021-08-12T00:00:00+00:00', '--job-id', '79', '--raw', '--subdir', 'DAGS_FOLDER/First_dag.py', '--cfg-path', '/tmp/tmpk2wyzpm9']
[2023-06-11T08:15:22.621+0000] {standard_task_runner.py:85} INFO - Job 79: Subtask first_task
[2023-06-11T08:15:26.034+0000] {task_command.py:410} INFO - Running <TaskInstance: first_dag_02.first_task scheduled__2021-08-12T00:00:00+00:00 [running]> on host 492037cdd057
[2023-06-11T08:15:31.908+0000] {taskinstance.py:1547} INFO - Exporting env vars: AIRFLOW_CTX_DAG_OWNER='Raja' AIRFLOW_CTX_DAG_ID='first_dag_02' AIRFLOW_CTX_TASK_ID='first_task' AIRFLOW_CTX_EXECUTION_DATE='2021-08-12T00:00:00+00:00' AIRFLOW_CTX_TRY_NUMBER='1' AIRFLOW_CTX_DAG_RUN_ID='scheduled__2021-08-12T00:00:00+00:00'
[2023-06-11T08:15:31.929+0000] {subprocess.py:63} INFO - Tmp dir root location: 
 /tmp
[2023-06-11T08:15:31.933+0000] {subprocess.py:75} INFO - Running command: ['/bin/bash', '-c', 'echo hello world, this is the first task!']
[2023-06-11T08:15:32.037+0000] {subprocess.py:86} INFO - Output:
[2023-06-11T08:15:32.060+0000] {subprocess.py:93} INFO - hello world, this is the first task!
[2023-06-11T08:15:32.061+0000] {subprocess.py:97} INFO - Command exited with return code 0
[2023-06-11T08:15:33.249+0000] {taskinstance.py:1350} INFO - Marking task as SUCCESS. dag_id=first_dag_02, task_id=first_task, execution_date=20210812T000000, start_date=20230611T081520, end_date=20230611T081533
[2023-06-11T08:15:33.653+0000] {local_task_job_runner.py:225} INFO - Task exited with return code 0
[2023-06-11T08:15:34.633+0000] {taskinstance.py:2651} INFO - 2 downstream tasks scheduled from follow-on schedule check
[2023-06-11T08:47:08.161+0000] {taskinstance.py:1103} INFO - Dependencies all met for dep_context=non-requeueable deps ti=<TaskInstance: first_dag_02.first_task scheduled__2021-08-12T00:00:00+00:00 [queued]>
[2023-06-11T08:47:08.373+0000] {taskinstance.py:1103} INFO - Dependencies all met for dep_context=requeueable deps ti=<TaskInstance: first_dag_02.first_task scheduled__2021-08-12T00:00:00+00:00 [queued]>
[2023-06-11T08:47:08.380+0000] {taskinstance.py:1308} INFO - Starting attempt 1 of 6
[2023-06-11T08:47:09.158+0000] {taskinstance.py:1327} INFO - Executing <Task(BashOperator): first_task> on 2021-08-12 00:00:00+00:00
[2023-06-11T08:47:09.243+0000] {standard_task_runner.py:57} INFO - Started process 173 to run task
[2023-06-11T08:47:09.276+0000] {standard_task_runner.py:84} INFO - Running: ['***', 'tasks', 'run', 'first_dag_02', 'first_task', 'scheduled__2021-08-12T00:00:00+00:00', '--job-id', '39', '--raw', '--subdir', 'DAGS_FOLDER/First_dag.py', '--cfg-path', '/tmp/tmposo0uwxr']
[2023-06-11T08:47:09.308+0000] {standard_task_runner.py:85} INFO - Job 39: Subtask first_task
[2023-06-11T08:47:10.354+0000] {task_command.py:410} INFO - Running <TaskInstance: first_dag_02.first_task scheduled__2021-08-12T00:00:00+00:00 [running]> on host 964e508aad03
[2023-06-11T08:47:12.574+0000] {taskinstance.py:1547} INFO - Exporting env vars: AIRFLOW_CTX_DAG_OWNER='Raja' AIRFLOW_CTX_DAG_ID='first_dag_02' AIRFLOW_CTX_TASK_ID='first_task' AIRFLOW_CTX_EXECUTION_DATE='2021-08-12T00:00:00+00:00' AIRFLOW_CTX_TRY_NUMBER='1' AIRFLOW_CTX_DAG_RUN_ID='scheduled__2021-08-12T00:00:00+00:00'
[2023-06-11T08:47:12.577+0000] {subprocess.py:63} INFO - Tmp dir root location: 
 /tmp
[2023-06-11T08:47:12.577+0000] {subprocess.py:75} INFO - Running command: ['/bin/bash', '-c', 'echo hello world, this is the first task!']
[2023-06-11T08:47:12.835+0000] {subprocess.py:86} INFO - Output:
[2023-06-11T08:47:12.839+0000] {subprocess.py:93} INFO - hello world, this is the first task!
[2023-06-11T08:47:12.841+0000] {subprocess.py:97} INFO - Command exited with return code 0
[2023-06-11T08:47:12.921+0000] {taskinstance.py:1350} INFO - Marking task as SUCCESS. dag_id=first_dag_02, task_id=first_task, execution_date=20210812T000000, start_date=20230611T084708, end_date=20230611T084712
[2023-06-11T08:47:13.053+0000] {local_task_job_runner.py:225} INFO - Task exited with return code 0
[2023-06-11T08:47:13.335+0000] {taskinstance.py:2651} INFO - 2 downstream tasks scheduled from follow-on schedule check
[2023-06-11T10:36:28.814+0000] {taskinstance.py:1103} INFO - Dependencies all met for dep_context=non-requeueable deps ti=<TaskInstance: first_dag_02.first_task scheduled__2021-08-12T00:00:00+00:00 [queued]>
[2023-06-11T10:36:28.979+0000] {taskinstance.py:1103} INFO - Dependencies all met for dep_context=requeueable deps ti=<TaskInstance: first_dag_02.first_task scheduled__2021-08-12T00:00:00+00:00 [queued]>
[2023-06-11T10:36:28.980+0000] {taskinstance.py:1308} INFO - Starting attempt 1 of 6
[2023-06-11T10:36:31.235+0000] {taskinstance.py:1327} INFO - Executing <Task(BashOperator): first_task> on 2021-08-12 00:00:00+00:00
[2023-06-11T10:36:31.498+0000] {standard_task_runner.py:57} INFO - Started process 186 to run task
[2023-06-11T10:36:31.806+0000] {standard_task_runner.py:84} INFO - Running: ['***', 'tasks', 'run', 'first_dag_02', 'first_task', 'scheduled__2021-08-12T00:00:00+00:00', '--job-id', '38', '--raw', '--subdir', 'DAGS_FOLDER/First_dag.py', '--cfg-path', '/tmp/tmp55pyinay']
[2023-06-11T10:36:31.807+0000] {standard_task_runner.py:85} INFO - Job 38: Subtask first_task
[2023-06-11T10:36:37.029+0000] {task_command.py:410} INFO - Running <TaskInstance: first_dag_02.first_task scheduled__2021-08-12T00:00:00+00:00 [running]> on host 7586ce0070ac
[2023-06-11T10:36:43.114+0000] {taskinstance.py:1547} INFO - Exporting env vars: AIRFLOW_CTX_DAG_OWNER='Raja' AIRFLOW_CTX_DAG_ID='first_dag_02' AIRFLOW_CTX_TASK_ID='first_task' AIRFLOW_CTX_EXECUTION_DATE='2021-08-12T00:00:00+00:00' AIRFLOW_CTX_TRY_NUMBER='1' AIRFLOW_CTX_DAG_RUN_ID='scheduled__2021-08-12T00:00:00+00:00'
[2023-06-11T10:36:43.122+0000] {subprocess.py:63} INFO - Tmp dir root location: 
 /tmp
[2023-06-11T10:36:43.123+0000] {subprocess.py:75} INFO - Running command: ['/bin/bash', '-c', 'echo hello world, this is the first task!']
[2023-06-11T10:36:43.510+0000] {subprocess.py:86} INFO - Output:
[2023-06-11T10:36:43.518+0000] {subprocess.py:93} INFO - hello world, this is the first task!
[2023-06-11T10:36:43.525+0000] {subprocess.py:97} INFO - Command exited with return code 0
[2023-06-11T10:36:44.722+0000] {taskinstance.py:1350} INFO - Marking task as SUCCESS. dag_id=first_dag_02, task_id=first_task, execution_date=20210812T000000, start_date=20230611T103628, end_date=20230611T103644
[2023-06-11T10:36:45.104+0000] {local_task_job_runner.py:225} INFO - Task exited with return code 0
[2023-06-11T10:36:46.105+0000] {taskinstance.py:2651} INFO - 2 downstream tasks scheduled from follow-on schedule check
