[2023-06-11T09:39:21.799+0000] {taskinstance.py:1103} INFO - Dependencies all met for dep_context=non-requeueable deps ti=<TaskInstance: first_dag_02.thrid_task scheduled__2022-04-05T00:00:00+00:00 [queued]>
[2023-06-11T09:39:22.502+0000] {taskinstance.py:1103} INFO - Dependencies all met for dep_context=requeueable deps ti=<TaskInstance: first_dag_02.thrid_task scheduled__2022-04-05T00:00:00+00:00 [queued]>
[2023-06-11T09:39:22.503+0000] {taskinstance.py:1308} INFO - Starting attempt 1 of 6
[2023-06-11T09:39:23.348+0000] {taskinstance.py:1327} INFO - Executing <Task(BashOperator): thrid_task> on 2022-04-05 00:00:00+00:00
[2023-06-11T09:39:23.397+0000] {standard_task_runner.py:57} INFO - Started process 3859 to run task
[2023-06-11T09:39:23.478+0000] {standard_task_runner.py:84} INFO - Running: ['***', 'tasks', 'run', 'first_dag_02', 'thrid_task', 'scheduled__2022-04-05T00:00:00+00:00', '--job-id', '1197', '--raw', '--subdir', 'DAGS_FOLDER/First_dag.py', '--cfg-path', '/tmp/tmpv2ib7ph9']
[2023-06-11T09:39:23.479+0000] {standard_task_runner.py:85} INFO - Job 1197: Subtask thrid_task
[2023-06-11T09:39:24.605+0000] {task_command.py:410} INFO - Running <TaskInstance: first_dag_02.thrid_task scheduled__2022-04-05T00:00:00+00:00 [running]> on host 964e508aad03
[2023-06-11T09:39:28.798+0000] {taskinstance.py:1547} INFO - Exporting env vars: AIRFLOW_CTX_DAG_OWNER='Raja' AIRFLOW_CTX_DAG_ID='first_dag_02' AIRFLOW_CTX_TASK_ID='thrid_task' AIRFLOW_CTX_EXECUTION_DATE='2022-04-05T00:00:00+00:00' AIRFLOW_CTX_TRY_NUMBER='1' AIRFLOW_CTX_DAG_RUN_ID='scheduled__2022-04-05T00:00:00+00:00'
[2023-06-11T09:39:28.802+0000] {subprocess.py:63} INFO - Tmp dir root location: 
 /tmp
[2023-06-11T09:39:28.835+0000] {subprocess.py:75} INFO - Running command: ['/bin/bash', '-c', 'echo hey, I am task3 and will be running after task1 at the same time as task2!']
[2023-06-11T09:39:29.278+0000] {subprocess.py:86} INFO - Output:
[2023-06-11T09:39:29.317+0000] {subprocess.py:93} INFO - hey, I am task3 and will be running after task1 at the same time as task2!
[2023-06-11T09:39:29.323+0000] {subprocess.py:97} INFO - Command exited with return code 0
[2023-06-11T09:39:30.039+0000] {taskinstance.py:1350} INFO - Marking task as SUCCESS. dag_id=first_dag_02, task_id=thrid_task, execution_date=20220405T000000, start_date=20230611T093921, end_date=20230611T093930
[2023-06-11T09:39:30.363+0000] {local_task_job_runner.py:225} INFO - Task exited with return code 0
[2023-06-11T09:39:30.757+0000] {taskinstance.py:2651} INFO - 0 downstream tasks scheduled from follow-on schedule check
[2023-06-11T15:28:17.385+0000] {taskinstance.py:1103} INFO - Dependencies all met for dep_context=non-requeueable deps ti=<TaskInstance: first_dag_02.thrid_task scheduled__2022-04-05T00:00:00+00:00 [queued]>
[2023-06-11T15:28:17.472+0000] {taskinstance.py:1103} INFO - Dependencies all met for dep_context=requeueable deps ti=<TaskInstance: first_dag_02.thrid_task scheduled__2022-04-05T00:00:00+00:00 [queued]>
[2023-06-11T15:28:17.472+0000] {taskinstance.py:1308} INFO - Starting attempt 1 of 6
[2023-06-11T15:28:18.000+0000] {taskinstance.py:1327} INFO - Executing <Task(BashOperator): thrid_task> on 2022-04-05 00:00:00+00:00
[2023-06-11T15:28:18.160+0000] {standard_task_runner.py:57} INFO - Started process 558 to run task
[2023-06-11T15:28:18.286+0000] {standard_task_runner.py:84} INFO - Running: ['***', 'tasks', 'run', 'first_dag_02', 'thrid_task', 'scheduled__2022-04-05T00:00:00+00:00', '--job-id', '1254', '--raw', '--subdir', 'DAGS_FOLDER/First_dag.py', '--cfg-path', '/tmp/tmpp6cxynec']
[2023-06-11T15:28:18.287+0000] {standard_task_runner.py:85} INFO - Job 1254: Subtask thrid_task
[2023-06-11T15:28:18.901+0000] {task_command.py:410} INFO - Running <TaskInstance: first_dag_02.thrid_task scheduled__2022-04-05T00:00:00+00:00 [running]> on host 7586ce0070ac
[2023-06-11T15:28:21.181+0000] {taskinstance.py:1547} INFO - Exporting env vars: AIRFLOW_CTX_DAG_OWNER='Raja' AIRFLOW_CTX_DAG_ID='first_dag_02' AIRFLOW_CTX_TASK_ID='thrid_task' AIRFLOW_CTX_EXECUTION_DATE='2022-04-05T00:00:00+00:00' AIRFLOW_CTX_TRY_NUMBER='1' AIRFLOW_CTX_DAG_RUN_ID='scheduled__2022-04-05T00:00:00+00:00'
[2023-06-11T15:28:21.196+0000] {subprocess.py:63} INFO - Tmp dir root location: 
 /tmp
[2023-06-11T15:28:21.204+0000] {subprocess.py:75} INFO - Running command: ['/bin/bash', '-c', 'echo hey, I am task3 and will be running after task1 at the same time as task2!']
[2023-06-11T15:28:21.243+0000] {subprocess.py:86} INFO - Output:
[2023-06-11T15:28:21.261+0000] {subprocess.py:93} INFO - hey, I am task3 and will be running after task1 at the same time as task2!
[2023-06-11T15:28:21.264+0000] {subprocess.py:97} INFO - Command exited with return code 0
[2023-06-11T15:28:21.557+0000] {taskinstance.py:1350} INFO - Marking task as SUCCESS. dag_id=first_dag_02, task_id=thrid_task, execution_date=20220405T000000, start_date=20230611T152817, end_date=20230611T152821
[2023-06-11T15:28:21.865+0000] {local_task_job_runner.py:225} INFO - Task exited with return code 0
[2023-06-11T15:28:22.078+0000] {taskinstance.py:2651} INFO - 0 downstream tasks scheduled from follow-on schedule check
