[2023-06-11T09:45:41.050+0000] {taskinstance.py:1103} INFO - Dependencies all met for dep_context=non-requeueable deps ti=<TaskInstance: first_dag_02.first_task scheduled__2022-06-01T00:00:00+00:00 [queued]>
[2023-06-11T09:45:41.290+0000] {taskinstance.py:1103} INFO - Dependencies all met for dep_context=requeueable deps ti=<TaskInstance: first_dag_02.first_task scheduled__2022-06-01T00:00:00+00:00 [queued]>
[2023-06-11T09:45:41.291+0000] {taskinstance.py:1308} INFO - Starting attempt 1 of 6
[2023-06-11T09:45:42.058+0000] {taskinstance.py:1327} INFO - Executing <Task(BashOperator): first_task> on 2022-06-01 00:00:00+00:00
[2023-06-11T09:45:42.101+0000] {standard_task_runner.py:57} INFO - Started process 4741 to run task
[2023-06-11T09:45:42.160+0000] {standard_task_runner.py:84} INFO - Running: ['***', 'tasks', 'run', 'first_dag_02', 'first_task', 'scheduled__2022-06-01T00:00:00+00:00', '--job-id', '1452', '--raw', '--subdir', 'DAGS_FOLDER/First_dag.py', '--cfg-path', '/tmp/tmptsgbhfzv']
[2023-06-11T09:45:42.161+0000] {standard_task_runner.py:85} INFO - Job 1452: Subtask first_task
[2023-06-11T09:45:42.920+0000] {task_command.py:410} INFO - Running <TaskInstance: first_dag_02.first_task scheduled__2022-06-01T00:00:00+00:00 [running]> on host 964e508aad03
[2023-06-11T09:45:45.553+0000] {taskinstance.py:1547} INFO - Exporting env vars: AIRFLOW_CTX_DAG_OWNER='Raja' AIRFLOW_CTX_DAG_ID='first_dag_02' AIRFLOW_CTX_TASK_ID='first_task' AIRFLOW_CTX_EXECUTION_DATE='2022-06-01T00:00:00+00:00' AIRFLOW_CTX_TRY_NUMBER='1' AIRFLOW_CTX_DAG_RUN_ID='scheduled__2022-06-01T00:00:00+00:00'
[2023-06-11T09:45:45.555+0000] {subprocess.py:63} INFO - Tmp dir root location: 
 /tmp
[2023-06-11T09:45:45.568+0000] {subprocess.py:75} INFO - Running command: ['/bin/bash', '-c', 'echo hello world, this is the first task!']
[2023-06-11T09:45:45.677+0000] {subprocess.py:86} INFO - Output:
[2023-06-11T09:45:45.732+0000] {subprocess.py:93} INFO - hello world, this is the first task!
[2023-06-11T09:45:45.733+0000] {subprocess.py:97} INFO - Command exited with return code 0
[2023-06-11T09:45:46.212+0000] {taskinstance.py:1350} INFO - Marking task as SUCCESS. dag_id=first_dag_02, task_id=first_task, execution_date=20220601T000000, start_date=20230611T094541, end_date=20230611T094546
[2023-06-11T09:45:46.538+0000] {local_task_job_runner.py:225} INFO - Task exited with return code 0
[2023-06-11T09:45:47.227+0000] {taskinstance.py:2651} INFO - 2 downstream tasks scheduled from follow-on schedule check
[2023-06-11T15:32:22.619+0000] {taskinstance.py:1103} INFO - Dependencies all met for dep_context=non-requeueable deps ti=<TaskInstance: first_dag_02.first_task scheduled__2022-06-01T00:00:00+00:00 [queued]>
[2023-06-11T15:32:22.777+0000] {taskinstance.py:1103} INFO - Dependencies all met for dep_context=requeueable deps ti=<TaskInstance: first_dag_02.first_task scheduled__2022-06-01T00:00:00+00:00 [queued]>
[2023-06-11T15:32:22.777+0000] {taskinstance.py:1308} INFO - Starting attempt 1 of 6
[2023-06-11T15:32:23.030+0000] {taskinstance.py:1327} INFO - Executing <Task(BashOperator): first_task> on 2022-06-01 00:00:00+00:00
[2023-06-11T15:32:23.135+0000] {standard_task_runner.py:57} INFO - Started process 1296 to run task
[2023-06-11T15:32:23.182+0000] {standard_task_runner.py:84} INFO - Running: ['***', 'tasks', 'run', 'first_dag_02', 'first_task', 'scheduled__2022-06-01T00:00:00+00:00', '--job-id', '1482', '--raw', '--subdir', 'DAGS_FOLDER/First_dag.py', '--cfg-path', '/tmp/tmpyhed4o0y']
[2023-06-11T15:32:23.183+0000] {standard_task_runner.py:85} INFO - Job 1482: Subtask first_task
[2023-06-11T15:32:24.164+0000] {task_command.py:410} INFO - Running <TaskInstance: first_dag_02.first_task scheduled__2022-06-01T00:00:00+00:00 [running]> on host 7586ce0070ac
[2023-06-11T15:32:26.044+0000] {taskinstance.py:1547} INFO - Exporting env vars: AIRFLOW_CTX_DAG_OWNER='Raja' AIRFLOW_CTX_DAG_ID='first_dag_02' AIRFLOW_CTX_TASK_ID='first_task' AIRFLOW_CTX_EXECUTION_DATE='2022-06-01T00:00:00+00:00' AIRFLOW_CTX_TRY_NUMBER='1' AIRFLOW_CTX_DAG_RUN_ID='scheduled__2022-06-01T00:00:00+00:00'
[2023-06-11T15:32:26.049+0000] {subprocess.py:63} INFO - Tmp dir root location: 
 /tmp
[2023-06-11T15:32:26.051+0000] {subprocess.py:75} INFO - Running command: ['/bin/bash', '-c', 'echo hello world, this is the first task!']
[2023-06-11T15:32:26.139+0000] {subprocess.py:86} INFO - Output:
[2023-06-11T15:32:26.309+0000] {subprocess.py:93} INFO - hello world, this is the first task!
[2023-06-11T15:32:26.314+0000] {subprocess.py:97} INFO - Command exited with return code 0
[2023-06-11T15:32:26.532+0000] {taskinstance.py:1350} INFO - Marking task as SUCCESS. dag_id=first_dag_02, task_id=first_task, execution_date=20220601T000000, start_date=20230611T153222, end_date=20230611T153226
[2023-06-11T15:32:27.153+0000] {local_task_job_runner.py:225} INFO - Task exited with return code 0
[2023-06-11T15:32:27.520+0000] {taskinstance.py:2651} INFO - 2 downstream tasks scheduled from follow-on schedule check
