[2023-06-11T04:53:30.331+0000] {taskinstance.py:1103} INFO - Dependencies all met for dep_context=non-requeueable deps ti=<TaskInstance: first_dag_02.second_task scheduled__2021-10-15T00:00:00+00:00 [queued]>
[2023-06-11T04:53:31.287+0000] {taskinstance.py:1103} INFO - Dependencies all met for dep_context=requeueable deps ti=<TaskInstance: first_dag_02.second_task scheduled__2021-10-15T00:00:00+00:00 [queued]>
[2023-06-11T04:53:31.288+0000] {taskinstance.py:1308} INFO - Starting attempt 1 of 6
[2023-06-11T04:53:32.682+0000] {taskinstance.py:1327} INFO - Executing <Task(BashOperator): second_task> on 2021-10-15 00:00:00+00:00
[2023-06-11T04:53:33.084+0000] {standard_task_runner.py:57} INFO - Started process 1062 to run task
[2023-06-11T04:53:33.174+0000] {standard_task_runner.py:84} INFO - Running: ['***', 'tasks', 'run', 'first_dag_02', 'second_task', 'scheduled__2021-10-15T00:00:00+00:00', '--job-id', '315', '--raw', '--subdir', 'DAGS_FOLDER/First_dag.py', '--cfg-path', '/tmp/tmpfnzdhf75']
[2023-06-11T04:53:33.455+0000] {standard_task_runner.py:85} INFO - Job 315: Subtask second_task
[2023-06-11T04:53:36.070+0000] {task_command.py:410} INFO - Running <TaskInstance: first_dag_02.second_task scheduled__2021-10-15T00:00:00+00:00 [running]> on host 4b1b5d40d165
[2023-06-11T04:53:38.692+0000] {taskinstance.py:1547} INFO - Exporting env vars: AIRFLOW_CTX_DAG_OWNER='Raja' AIRFLOW_CTX_DAG_ID='first_dag_02' AIRFLOW_CTX_TASK_ID='second_task' AIRFLOW_CTX_EXECUTION_DATE='2021-10-15T00:00:00+00:00' AIRFLOW_CTX_TRY_NUMBER='1' AIRFLOW_CTX_DAG_RUN_ID='scheduled__2021-10-15T00:00:00+00:00'
[2023-06-11T04:53:38.812+0000] {subprocess.py:63} INFO - Tmp dir root location: 
 /tmp
[2023-06-11T04:53:38.832+0000] {subprocess.py:75} INFO - Running command: ['/bin/bash', '-c', 'echo hey, I am task2 and will be running after task1!']
[2023-06-11T04:53:39.021+0000] {subprocess.py:86} INFO - Output:
[2023-06-11T04:53:39.162+0000] {subprocess.py:93} INFO - hey, I am task2 and will be running after task1!
[2023-06-11T04:53:39.169+0000] {subprocess.py:97} INFO - Command exited with return code 0
[2023-06-11T04:53:39.570+0000] {taskinstance.py:1350} INFO - Marking task as SUCCESS. dag_id=first_dag_02, task_id=second_task, execution_date=20211015T000000, start_date=20230611T045330, end_date=20230611T045339
[2023-06-11T04:53:39.830+0000] {local_task_job_runner.py:225} INFO - Task exited with return code 0
[2023-06-11T04:53:41.711+0000] {taskinstance.py:2651} INFO - 0 downstream tasks scheduled from follow-on schedule check
[2023-06-11T08:30:16.410+0000] {taskinstance.py:1103} INFO - Dependencies all met for dep_context=non-requeueable deps ti=<TaskInstance: first_dag_02.second_task scheduled__2021-10-15T00:00:00+00:00 [queued]>
[2023-06-11T08:30:17.870+0000] {taskinstance.py:1103} INFO - Dependencies all met for dep_context=requeueable deps ti=<TaskInstance: first_dag_02.second_task scheduled__2021-10-15T00:00:00+00:00 [queued]>
[2023-06-11T08:30:17.870+0000] {taskinstance.py:1308} INFO - Starting attempt 1 of 6
[2023-06-11T08:30:18.708+0000] {taskinstance.py:1327} INFO - Executing <Task(BashOperator): second_task> on 2021-10-15 00:00:00+00:00
[2023-06-11T08:30:18.939+0000] {standard_task_runner.py:57} INFO - Started process 1442 to run task
[2023-06-11T08:30:19.116+0000] {standard_task_runner.py:84} INFO - Running: ['***', 'tasks', 'run', 'first_dag_02', 'second_task', 'scheduled__2021-10-15T00:00:00+00:00', '--job-id', '441', '--raw', '--subdir', 'DAGS_FOLDER/First_dag.py', '--cfg-path', '/tmp/tmp9ap0me2o']
[2023-06-11T08:30:19.116+0000] {standard_task_runner.py:85} INFO - Job 441: Subtask second_task
[2023-06-11T08:30:23.720+0000] {task_command.py:410} INFO - Running <TaskInstance: first_dag_02.second_task scheduled__2021-10-15T00:00:00+00:00 [running]> on host 492037cdd057
[2023-06-11T08:30:30.017+0000] {taskinstance.py:1547} INFO - Exporting env vars: AIRFLOW_CTX_DAG_OWNER='Raja' AIRFLOW_CTX_DAG_ID='first_dag_02' AIRFLOW_CTX_TASK_ID='second_task' AIRFLOW_CTX_EXECUTION_DATE='2021-10-15T00:00:00+00:00' AIRFLOW_CTX_TRY_NUMBER='1' AIRFLOW_CTX_DAG_RUN_ID='scheduled__2021-10-15T00:00:00+00:00'
[2023-06-11T08:30:30.056+0000] {subprocess.py:63} INFO - Tmp dir root location: 
 /tmp
[2023-06-11T08:30:30.068+0000] {subprocess.py:75} INFO - Running command: ['/bin/bash', '-c', 'echo hey, I am task2 and will be running after task1!']
[2023-06-11T08:30:30.525+0000] {subprocess.py:86} INFO - Output:
[2023-06-11T08:30:30.621+0000] {subprocess.py:93} INFO - hey, I am task2 and will be running after task1!
[2023-06-11T08:30:30.623+0000] {subprocess.py:97} INFO - Command exited with return code 0
[2023-06-11T08:30:31.813+0000] {taskinstance.py:1350} INFO - Marking task as SUCCESS. dag_id=first_dag_02, task_id=second_task, execution_date=20211015T000000, start_date=20230611T083016, end_date=20230611T083031
[2023-06-11T08:30:32.677+0000] {local_task_job_runner.py:225} INFO - Task exited with return code 0
[2023-06-11T08:30:33.323+0000] {taskinstance.py:2651} INFO - 0 downstream tasks scheduled from follow-on schedule check
[2023-06-11T08:52:33.918+0000] {taskinstance.py:1103} INFO - Dependencies all met for dep_context=non-requeueable deps ti=<TaskInstance: first_dag_02.second_task scheduled__2021-10-15T00:00:00+00:00 [queued]>
[2023-06-11T08:52:34.117+0000] {taskinstance.py:1103} INFO - Dependencies all met for dep_context=requeueable deps ti=<TaskInstance: first_dag_02.second_task scheduled__2021-10-15T00:00:00+00:00 [queued]>
[2023-06-11T08:52:34.117+0000] {taskinstance.py:1308} INFO - Starting attempt 1 of 6
[2023-06-11T08:52:34.537+0000] {taskinstance.py:1327} INFO - Executing <Task(BashOperator): second_task> on 2021-10-15 00:00:00+00:00
[2023-06-11T08:52:34.692+0000] {standard_task_runner.py:57} INFO - Started process 1366 to run task
[2023-06-11T08:52:34.785+0000] {standard_task_runner.py:84} INFO - Running: ['***', 'tasks', 'run', 'first_dag_02', 'second_task', 'scheduled__2021-10-15T00:00:00+00:00', '--job-id', '423', '--raw', '--subdir', 'DAGS_FOLDER/First_dag.py', '--cfg-path', '/tmp/tmpknq9gbzl']
[2023-06-11T08:52:34.829+0000] {standard_task_runner.py:85} INFO - Job 423: Subtask second_task
[2023-06-11T08:52:35.810+0000] {task_command.py:410} INFO - Running <TaskInstance: first_dag_02.second_task scheduled__2021-10-15T00:00:00+00:00 [running]> on host 964e508aad03
[2023-06-11T08:52:38.099+0000] {taskinstance.py:1547} INFO - Exporting env vars: AIRFLOW_CTX_DAG_OWNER='Raja' AIRFLOW_CTX_DAG_ID='first_dag_02' AIRFLOW_CTX_TASK_ID='second_task' AIRFLOW_CTX_EXECUTION_DATE='2021-10-15T00:00:00+00:00' AIRFLOW_CTX_TRY_NUMBER='1' AIRFLOW_CTX_DAG_RUN_ID='scheduled__2021-10-15T00:00:00+00:00'
[2023-06-11T08:52:38.101+0000] {subprocess.py:63} INFO - Tmp dir root location: 
 /tmp
[2023-06-11T08:52:38.101+0000] {subprocess.py:75} INFO - Running command: ['/bin/bash', '-c', 'echo hey, I am task2 and will be running after task1!']
[2023-06-11T08:52:38.316+0000] {subprocess.py:86} INFO - Output:
[2023-06-11T08:52:38.321+0000] {subprocess.py:93} INFO - hey, I am task2 and will be running after task1!
[2023-06-11T08:52:38.321+0000] {subprocess.py:97} INFO - Command exited with return code 0
[2023-06-11T08:52:38.824+0000] {taskinstance.py:1350} INFO - Marking task as SUCCESS. dag_id=first_dag_02, task_id=second_task, execution_date=20211015T000000, start_date=20230611T085233, end_date=20230611T085238
[2023-06-11T08:52:39.125+0000] {local_task_job_runner.py:225} INFO - Task exited with return code 0
[2023-06-11T08:52:39.644+0000] {taskinstance.py:2651} INFO - 0 downstream tasks scheduled from follow-on schedule check
[2023-06-11T10:59:10.892+0000] {taskinstance.py:1103} INFO - Dependencies all met for dep_context=non-requeueable deps ti=<TaskInstance: first_dag_02.second_task scheduled__2021-10-15T00:00:00+00:00 [queued]>
[2023-06-11T10:59:12.806+0000] {taskinstance.py:1103} INFO - Dependencies all met for dep_context=requeueable deps ti=<TaskInstance: first_dag_02.second_task scheduled__2021-10-15T00:00:00+00:00 [queued]>
[2023-06-11T10:59:12.807+0000] {taskinstance.py:1308} INFO - Starting attempt 1 of 6
[2023-06-11T10:59:14.641+0000] {taskinstance.py:1327} INFO - Executing <Task(BashOperator): second_task> on 2021-10-15 00:00:00+00:00
[2023-06-11T10:59:15.108+0000] {standard_task_runner.py:57} INFO - Started process 1448 to run task
[2023-06-11T10:59:15.285+0000] {standard_task_runner.py:84} INFO - Running: ['***', 'tasks', 'run', 'first_dag_02', 'second_task', 'scheduled__2021-10-15T00:00:00+00:00', '--job-id', '401', '--raw', '--subdir', 'DAGS_FOLDER/First_dag.py', '--cfg-path', '/tmp/tmpds3pvv6r']
[2023-06-11T10:59:15.325+0000] {standard_task_runner.py:85} INFO - Job 401: Subtask second_task
[2023-06-11T10:59:17.027+0000] {task_command.py:410} INFO - Running <TaskInstance: first_dag_02.second_task scheduled__2021-10-15T00:00:00+00:00 [running]> on host 7586ce0070ac
[2023-06-11T10:59:21.271+0000] {taskinstance.py:1547} INFO - Exporting env vars: AIRFLOW_CTX_DAG_OWNER='Raja' AIRFLOW_CTX_DAG_ID='first_dag_02' AIRFLOW_CTX_TASK_ID='second_task' AIRFLOW_CTX_EXECUTION_DATE='2021-10-15T00:00:00+00:00' AIRFLOW_CTX_TRY_NUMBER='1' AIRFLOW_CTX_DAG_RUN_ID='scheduled__2021-10-15T00:00:00+00:00'
[2023-06-11T10:59:21.278+0000] {subprocess.py:63} INFO - Tmp dir root location: 
 /tmp
[2023-06-11T10:59:21.279+0000] {subprocess.py:75} INFO - Running command: ['/bin/bash', '-c', 'echo hey, I am task2 and will be running after task1!']
[2023-06-11T10:59:21.318+0000] {subprocess.py:86} INFO - Output:
[2023-06-11T10:59:21.332+0000] {subprocess.py:93} INFO - hey, I am task2 and will be running after task1!
[2023-06-11T10:59:21.333+0000] {subprocess.py:97} INFO - Command exited with return code 0
[2023-06-11T10:59:23.285+0000] {taskinstance.py:1350} INFO - Marking task as SUCCESS. dag_id=first_dag_02, task_id=second_task, execution_date=20211015T000000, start_date=20230611T105910, end_date=20230611T105922
[2023-06-11T10:59:24.931+0000] {local_task_job_runner.py:225} INFO - Task exited with return code 0
[2023-06-11T10:59:25.350+0000] {taskinstance.py:2651} INFO - 0 downstream tasks scheduled from follow-on schedule check
