[2023-06-11T05:19:57.392+0000] {taskinstance.py:1103} INFO - Dependencies all met for dep_context=non-requeueable deps ti=<TaskInstance: dag_catchip_01.task1 scheduled__2023-05-03T00:00:00+00:00 [queued]>
[2023-06-11T05:19:57.570+0000] {taskinstance.py:1103} INFO - Dependencies all met for dep_context=requeueable deps ti=<TaskInstance: dag_catchip_01.task1 scheduled__2023-05-03T00:00:00+00:00 [queued]>
[2023-06-11T05:19:57.570+0000] {taskinstance.py:1308} INFO - Starting attempt 1 of 6
[2023-06-11T05:19:57.909+0000] {taskinstance.py:1327} INFO - Executing <Task(BashOperator): task1> on 2023-05-03 00:00:00+00:00
[2023-06-11T05:19:58.017+0000] {standard_task_runner.py:57} INFO - Started process 690 to run task
[2023-06-11T05:19:58.129+0000] {standard_task_runner.py:84} INFO - Running: ['***', 'tasks', 'run', 'dag_catchip_01', 'task1', 'scheduled__2023-05-03T00:00:00+00:00', '--job-id', '184', '--raw', '--subdir', 'DAGS_FOLDER/dag_catchup.py', '--cfg-path', '/tmp/tmpe6byvrut']
[2023-06-11T05:19:58.142+0000] {standard_task_runner.py:85} INFO - Job 184: Subtask task1
[2023-06-11T05:19:59.011+0000] {task_command.py:410} INFO - Running <TaskInstance: dag_catchip_01.task1 scheduled__2023-05-03T00:00:00+00:00 [running]> on host 69e374580eab
[2023-06-11T05:20:03.003+0000] {taskinstance.py:1547} INFO - Exporting env vars: AIRFLOW_CTX_DAG_OWNER='Raja' AIRFLOW_CTX_DAG_ID='dag_catchip_01' AIRFLOW_CTX_TASK_ID='task1' AIRFLOW_CTX_EXECUTION_DATE='2023-05-03T00:00:00+00:00' AIRFLOW_CTX_TRY_NUMBER='1' AIRFLOW_CTX_DAG_RUN_ID='scheduled__2023-05-03T00:00:00+00:00'
[2023-06-11T05:20:03.019+0000] {subprocess.py:63} INFO - Tmp dir root location: 
 /tmp
[2023-06-11T05:20:03.026+0000] {subprocess.py:75} INFO - Running command: ['/bin/bash', '-c', 'echo Hai how are you']
[2023-06-11T05:20:03.121+0000] {subprocess.py:86} INFO - Output:
[2023-06-11T05:20:03.130+0000] {subprocess.py:93} INFO - Hai how are you
[2023-06-11T05:20:03.132+0000] {subprocess.py:97} INFO - Command exited with return code 0
[2023-06-11T05:20:03.664+0000] {taskinstance.py:1350} INFO - Marking task as SUCCESS. dag_id=dag_catchip_01, task_id=task1, execution_date=20230503T000000, start_date=20230611T051957, end_date=20230611T052003
[2023-06-11T05:20:04.100+0000] {local_task_job_runner.py:225} INFO - Task exited with return code 0
[2023-06-11T05:20:04.577+0000] {taskinstance.py:2651} INFO - 0 downstream tasks scheduled from follow-on schedule check
[2023-06-11T08:19:58.703+0000] {taskinstance.py:1103} INFO - Dependencies all met for dep_context=non-requeueable deps ti=<TaskInstance: dag_catchip_01.task1 scheduled__2023-05-03T00:00:00+00:00 [queued]>
[2023-06-11T08:19:59.396+0000] {taskinstance.py:1103} INFO - Dependencies all met for dep_context=requeueable deps ti=<TaskInstance: dag_catchip_01.task1 scheduled__2023-05-03T00:00:00+00:00 [queued]>
[2023-06-11T08:19:59.396+0000] {taskinstance.py:1308} INFO - Starting attempt 1 of 6
[2023-06-11T08:19:59.803+0000] {taskinstance.py:1327} INFO - Executing <Task(BashOperator): task1> on 2023-05-03 00:00:00+00:00
[2023-06-11T08:20:00.012+0000] {standard_task_runner.py:57} INFO - Started process 582 to run task
[2023-06-11T08:20:00.158+0000] {standard_task_runner.py:84} INFO - Running: ['***', 'tasks', 'run', 'dag_catchip_01', 'task1', 'scheduled__2023-05-03T00:00:00+00:00', '--job-id', '192', '--raw', '--subdir', 'DAGS_FOLDER/dag_catchup.py', '--cfg-path', '/tmp/tmpjasl5810']
[2023-06-11T08:20:00.159+0000] {standard_task_runner.py:85} INFO - Job 192: Subtask task1
[2023-06-11T08:20:02.207+0000] {task_command.py:410} INFO - Running <TaskInstance: dag_catchip_01.task1 scheduled__2023-05-03T00:00:00+00:00 [running]> on host 492037cdd057
[2023-06-11T08:20:07.873+0000] {taskinstance.py:1547} INFO - Exporting env vars: AIRFLOW_CTX_DAG_OWNER='Raja' AIRFLOW_CTX_DAG_ID='dag_catchip_01' AIRFLOW_CTX_TASK_ID='task1' AIRFLOW_CTX_EXECUTION_DATE='2023-05-03T00:00:00+00:00' AIRFLOW_CTX_TRY_NUMBER='1' AIRFLOW_CTX_DAG_RUN_ID='scheduled__2023-05-03T00:00:00+00:00'
[2023-06-11T08:20:07.885+0000] {subprocess.py:63} INFO - Tmp dir root location: 
 /tmp
[2023-06-11T08:20:07.899+0000] {subprocess.py:75} INFO - Running command: ['/bin/bash', '-c', 'echo Hai how are you']
[2023-06-11T08:20:08.834+0000] {subprocess.py:86} INFO - Output:
[2023-06-11T08:20:09.245+0000] {subprocess.py:93} INFO - Hai how are you
[2023-06-11T08:20:09.388+0000] {subprocess.py:97} INFO - Command exited with return code 0
[2023-06-11T08:20:11.141+0000] {taskinstance.py:1350} INFO - Marking task as SUCCESS. dag_id=dag_catchip_01, task_id=task1, execution_date=20230503T000000, start_date=20230611T081958, end_date=20230611T082011
[2023-06-11T08:20:12.916+0000] {local_task_job_runner.py:225} INFO - Task exited with return code 0
[2023-06-11T08:20:14.000+0000] {taskinstance.py:2651} INFO - 0 downstream tasks scheduled from follow-on schedule check
