[2023-06-11T08:56:42.349+0000] {taskinstance.py:1103} INFO - Dependencies all met for dep_context=non-requeueable deps ti=<TaskInstance: first_dag_02.second_task scheduled__2021-12-22T00:00:00+00:00 [queued]>
[2023-06-11T08:56:42.645+0000] {taskinstance.py:1103} INFO - Dependencies all met for dep_context=requeueable deps ti=<TaskInstance: first_dag_02.second_task scheduled__2021-12-22T00:00:00+00:00 [queued]>
[2023-06-11T08:56:42.645+0000] {taskinstance.py:1308} INFO - Starting attempt 1 of 6
[2023-06-11T08:56:43.009+0000] {taskinstance.py:1327} INFO - Executing <Task(BashOperator): second_task> on 2021-12-22 00:00:00+00:00
[2023-06-11T08:56:43.069+0000] {standard_task_runner.py:84} INFO - Running: ['***', 'tasks', 'run', 'first_dag_02', 'second_task', 'scheduled__2021-12-22T00:00:00+00:00', '--job-id', '718', '--raw', '--subdir', 'DAGS_FOLDER/First_dag.py', '--cfg-path', '/tmp/tmpuzhk91i_']
[2023-06-11T08:56:43.070+0000] {standard_task_runner.py:85} INFO - Job 718: Subtask second_task
[2023-06-11T08:56:43.052+0000] {standard_task_runner.py:57} INFO - Started process 2314 to run task
[2023-06-11T08:56:43.301+0000] {task_command.py:410} INFO - Running <TaskInstance: first_dag_02.second_task scheduled__2021-12-22T00:00:00+00:00 [running]> on host 964e508aad03
[2023-06-11T08:56:45.242+0000] {taskinstance.py:1547} INFO - Exporting env vars: AIRFLOW_CTX_DAG_OWNER='Raja' AIRFLOW_CTX_DAG_ID='first_dag_02' AIRFLOW_CTX_TASK_ID='second_task' AIRFLOW_CTX_EXECUTION_DATE='2021-12-22T00:00:00+00:00' AIRFLOW_CTX_TRY_NUMBER='1' AIRFLOW_CTX_DAG_RUN_ID='scheduled__2021-12-22T00:00:00+00:00'
[2023-06-11T08:56:45.273+0000] {subprocess.py:63} INFO - Tmp dir root location: 
 /tmp
[2023-06-11T08:56:45.275+0000] {subprocess.py:75} INFO - Running command: ['/bin/bash', '-c', 'echo hey, I am task2 and will be running after task1!']
[2023-06-11T08:56:45.424+0000] {subprocess.py:86} INFO - Output:
[2023-06-11T08:56:45.428+0000] {subprocess.py:93} INFO - hey, I am task2 and will be running after task1!
[2023-06-11T08:56:45.429+0000] {subprocess.py:97} INFO - Command exited with return code 0
[2023-06-11T08:56:45.859+0000] {taskinstance.py:1350} INFO - Marking task as SUCCESS. dag_id=first_dag_02, task_id=second_task, execution_date=20211222T000000, start_date=20230611T085642, end_date=20230611T085645
[2023-06-11T08:56:45.975+0000] {local_task_job_runner.py:225} INFO - Task exited with return code 0
[2023-06-11T08:56:46.266+0000] {taskinstance.py:2651} INFO - 0 downstream tasks scheduled from follow-on schedule check
[2023-06-11T11:21:57.897+0000] {taskinstance.py:1103} INFO - Dependencies all met for dep_context=non-requeueable deps ti=<TaskInstance: first_dag_02.second_task scheduled__2021-12-22T00:00:00+00:00 [queued]>
[2023-06-11T11:21:58.459+0000] {taskinstance.py:1103} INFO - Dependencies all met for dep_context=requeueable deps ti=<TaskInstance: first_dag_02.second_task scheduled__2021-12-22T00:00:00+00:00 [queued]>
[2023-06-11T11:21:58.465+0000] {taskinstance.py:1308} INFO - Starting attempt 1 of 6
[2023-06-11T11:21:59.210+0000] {taskinstance.py:1327} INFO - Executing <Task(BashOperator): second_task> on 2021-12-22 00:00:00+00:00
[2023-06-11T11:21:59.379+0000] {standard_task_runner.py:57} INFO - Started process 1062 to run task
[2023-06-11T11:21:59.601+0000] {standard_task_runner.py:84} INFO - Running: ['***', 'tasks', 'run', 'first_dag_02', 'second_task', 'scheduled__2021-12-22T00:00:00+00:00', '--job-id', '773', '--raw', '--subdir', 'DAGS_FOLDER/First_dag.py', '--cfg-path', '/tmp/tmpi0yhapn3']
[2023-06-11T11:21:59.609+0000] {standard_task_runner.py:85} INFO - Job 773: Subtask second_task
[2023-06-11T11:22:00.920+0000] {task_command.py:410} INFO - Running <TaskInstance: first_dag_02.second_task scheduled__2021-12-22T00:00:00+00:00 [running]> on host 7586ce0070ac
[2023-06-11T11:22:07.181+0000] {taskinstance.py:1547} INFO - Exporting env vars: AIRFLOW_CTX_DAG_OWNER='Raja' AIRFLOW_CTX_DAG_ID='first_dag_02' AIRFLOW_CTX_TASK_ID='second_task' AIRFLOW_CTX_EXECUTION_DATE='2021-12-22T00:00:00+00:00' AIRFLOW_CTX_TRY_NUMBER='1' AIRFLOW_CTX_DAG_RUN_ID='scheduled__2021-12-22T00:00:00+00:00'
[2023-06-11T11:22:07.183+0000] {subprocess.py:63} INFO - Tmp dir root location: 
 /tmp
[2023-06-11T11:22:07.184+0000] {subprocess.py:75} INFO - Running command: ['/bin/bash', '-c', 'echo hey, I am task2 and will be running after task1!']
[2023-06-11T11:22:07.290+0000] {subprocess.py:86} INFO - Output:
[2023-06-11T11:22:07.297+0000] {subprocess.py:93} INFO - hey, I am task2 and will be running after task1!
[2023-06-11T11:22:07.305+0000] {subprocess.py:97} INFO - Command exited with return code 0
[2023-06-11T11:22:08.464+0000] {taskinstance.py:1350} INFO - Marking task as SUCCESS. dag_id=first_dag_02, task_id=second_task, execution_date=20211222T000000, start_date=20230611T112157, end_date=20230611T112208
[2023-06-11T11:22:08.968+0000] {local_task_job_runner.py:225} INFO - Task exited with return code 0
[2023-06-11T11:22:09.097+0000] {taskinstance.py:2651} INFO - 0 downstream tasks scheduled from follow-on schedule check
