[2023-06-11T04:53:07.717+0000] {taskinstance.py:1103} INFO - Dependencies all met for dep_context=non-requeueable deps ti=<TaskInstance: first_dag_02.first_task scheduled__2021-10-16T00:00:00+00:00 [queued]>
[2023-06-11T04:53:07.882+0000] {taskinstance.py:1103} INFO - Dependencies all met for dep_context=requeueable deps ti=<TaskInstance: first_dag_02.first_task scheduled__2021-10-16T00:00:00+00:00 [queued]>
[2023-06-11T04:53:07.884+0000] {taskinstance.py:1308} INFO - Starting attempt 1 of 6
[2023-06-11T04:53:08.792+0000] {taskinstance.py:1327} INFO - Executing <Task(BashOperator): first_task> on 2021-10-16 00:00:00+00:00
[2023-06-11T04:53:08.904+0000] {standard_task_runner.py:57} INFO - Started process 1022 to run task
[2023-06-11T04:53:09.070+0000] {standard_task_runner.py:84} INFO - Running: ['***', 'tasks', 'run', 'first_dag_02', 'first_task', 'scheduled__2021-10-16T00:00:00+00:00', '--job-id', '301', '--raw', '--subdir', 'DAGS_FOLDER/First_dag.py', '--cfg-path', '/tmp/tmp79dxz7qp']
[2023-06-11T04:53:09.086+0000] {standard_task_runner.py:85} INFO - Job 301: Subtask first_task
[2023-06-11T04:53:09.937+0000] {task_command.py:410} INFO - Running <TaskInstance: first_dag_02.first_task scheduled__2021-10-16T00:00:00+00:00 [running]> on host 4b1b5d40d165
[2023-06-11T04:53:13.679+0000] {taskinstance.py:1547} INFO - Exporting env vars: AIRFLOW_CTX_DAG_OWNER='Raja' AIRFLOW_CTX_DAG_ID='first_dag_02' AIRFLOW_CTX_TASK_ID='first_task' AIRFLOW_CTX_EXECUTION_DATE='2021-10-16T00:00:00+00:00' AIRFLOW_CTX_TRY_NUMBER='1' AIRFLOW_CTX_DAG_RUN_ID='scheduled__2021-10-16T00:00:00+00:00'
[2023-06-11T04:53:13.699+0000] {subprocess.py:63} INFO - Tmp dir root location: 
 /tmp
[2023-06-11T04:53:13.702+0000] {subprocess.py:75} INFO - Running command: ['/bin/bash', '-c', 'echo hello world, this is the first task!']
[2023-06-11T04:53:14.030+0000] {subprocess.py:86} INFO - Output:
[2023-06-11T04:53:14.164+0000] {subprocess.py:93} INFO - hello world, this is the first task!
[2023-06-11T04:53:14.173+0000] {subprocess.py:97} INFO - Command exited with return code 0
[2023-06-11T04:53:14.437+0000] {taskinstance.py:1350} INFO - Marking task as SUCCESS. dag_id=first_dag_02, task_id=first_task, execution_date=20211016T000000, start_date=20230611T045307, end_date=20230611T045314
[2023-06-11T04:53:16.294+0000] {local_task_job_runner.py:225} INFO - Task exited with return code 0
[2023-06-11T04:53:17.400+0000] {taskinstance.py:2651} INFO - 0 downstream tasks scheduled from follow-on schedule check
[2023-06-11T08:29:48.627+0000] {taskinstance.py:1103} INFO - Dependencies all met for dep_context=non-requeueable deps ti=<TaskInstance: first_dag_02.first_task scheduled__2021-10-16T00:00:00+00:00 [queued]>
[2023-06-11T08:29:48.903+0000] {taskinstance.py:1103} INFO - Dependencies all met for dep_context=requeueable deps ti=<TaskInstance: first_dag_02.first_task scheduled__2021-10-16T00:00:00+00:00 [queued]>
[2023-06-11T08:29:48.903+0000] {taskinstance.py:1308} INFO - Starting attempt 1 of 6
[2023-06-11T08:29:49.395+0000] {taskinstance.py:1327} INFO - Executing <Task(BashOperator): first_task> on 2021-10-16 00:00:00+00:00
[2023-06-11T08:29:49.491+0000] {standard_task_runner.py:57} INFO - Started process 1386 to run task
[2023-06-11T08:29:49.525+0000] {standard_task_runner.py:84} INFO - Running: ['***', 'tasks', 'run', 'first_dag_02', 'first_task', 'scheduled__2021-10-16T00:00:00+00:00', '--job-id', '422', '--raw', '--subdir', 'DAGS_FOLDER/First_dag.py', '--cfg-path', '/tmp/tmpr_vo3t55']
[2023-06-11T08:29:49.552+0000] {standard_task_runner.py:85} INFO - Job 422: Subtask first_task
[2023-06-11T08:29:50.273+0000] {task_command.py:410} INFO - Running <TaskInstance: first_dag_02.first_task scheduled__2021-10-16T00:00:00+00:00 [running]> on host 492037cdd057
[2023-06-11T08:29:53.887+0000] {taskinstance.py:1547} INFO - Exporting env vars: AIRFLOW_CTX_DAG_OWNER='Raja' AIRFLOW_CTX_DAG_ID='first_dag_02' AIRFLOW_CTX_TASK_ID='first_task' AIRFLOW_CTX_EXECUTION_DATE='2021-10-16T00:00:00+00:00' AIRFLOW_CTX_TRY_NUMBER='1' AIRFLOW_CTX_DAG_RUN_ID='scheduled__2021-10-16T00:00:00+00:00'
[2023-06-11T08:29:53.889+0000] {subprocess.py:63} INFO - Tmp dir root location: 
 /tmp
[2023-06-11T08:29:53.890+0000] {subprocess.py:75} INFO - Running command: ['/bin/bash', '-c', 'echo hello world, this is the first task!']
[2023-06-11T08:29:54.218+0000] {subprocess.py:86} INFO - Output:
[2023-06-11T08:29:54.244+0000] {subprocess.py:93} INFO - hello world, this is the first task!
[2023-06-11T08:29:54.245+0000] {subprocess.py:97} INFO - Command exited with return code 0
[2023-06-11T08:29:54.930+0000] {taskinstance.py:1350} INFO - Marking task as SUCCESS. dag_id=first_dag_02, task_id=first_task, execution_date=20211016T000000, start_date=20230611T082948, end_date=20230611T082954
[2023-06-11T08:29:55.591+0000] {local_task_job_runner.py:225} INFO - Task exited with return code 0
[2023-06-11T08:29:56.159+0000] {taskinstance.py:2651} INFO - 2 downstream tasks scheduled from follow-on schedule check
[2023-06-11T08:52:19.773+0000] {taskinstance.py:1103} INFO - Dependencies all met for dep_context=non-requeueable deps ti=<TaskInstance: first_dag_02.first_task scheduled__2021-10-16T00:00:00+00:00 [queued]>
[2023-06-11T08:52:19.927+0000] {taskinstance.py:1103} INFO - Dependencies all met for dep_context=requeueable deps ti=<TaskInstance: first_dag_02.first_task scheduled__2021-10-16T00:00:00+00:00 [queued]>
[2023-06-11T08:52:19.928+0000] {taskinstance.py:1308} INFO - Starting attempt 1 of 6
[2023-06-11T08:52:20.335+0000] {taskinstance.py:1327} INFO - Executing <Task(BashOperator): first_task> on 2021-10-16 00:00:00+00:00
[2023-06-11T08:52:20.433+0000] {standard_task_runner.py:57} INFO - Started process 1313 to run task
[2023-06-11T08:52:20.482+0000] {standard_task_runner.py:84} INFO - Running: ['***', 'tasks', 'run', 'first_dag_02', 'first_task', 'scheduled__2021-10-16T00:00:00+00:00', '--job-id', '404', '--raw', '--subdir', 'DAGS_FOLDER/First_dag.py', '--cfg-path', '/tmp/tmph2ufnoi7']
[2023-06-11T08:52:20.529+0000] {standard_task_runner.py:85} INFO - Job 404: Subtask first_task
[2023-06-11T08:52:21.412+0000] {task_command.py:410} INFO - Running <TaskInstance: first_dag_02.first_task scheduled__2021-10-16T00:00:00+00:00 [running]> on host 964e508aad03
[2023-06-11T08:52:23.825+0000] {taskinstance.py:1547} INFO - Exporting env vars: AIRFLOW_CTX_DAG_OWNER='Raja' AIRFLOW_CTX_DAG_ID='first_dag_02' AIRFLOW_CTX_TASK_ID='first_task' AIRFLOW_CTX_EXECUTION_DATE='2021-10-16T00:00:00+00:00' AIRFLOW_CTX_TRY_NUMBER='1' AIRFLOW_CTX_DAG_RUN_ID='scheduled__2021-10-16T00:00:00+00:00'
[2023-06-11T08:52:23.826+0000] {subprocess.py:63} INFO - Tmp dir root location: 
 /tmp
[2023-06-11T08:52:23.827+0000] {subprocess.py:75} INFO - Running command: ['/bin/bash', '-c', 'echo hello world, this is the first task!']
[2023-06-11T08:52:23.962+0000] {subprocess.py:86} INFO - Output:
[2023-06-11T08:52:23.989+0000] {subprocess.py:93} INFO - hello world, this is the first task!
[2023-06-11T08:52:23.989+0000] {subprocess.py:97} INFO - Command exited with return code 0
[2023-06-11T08:52:24.214+0000] {taskinstance.py:1350} INFO - Marking task as SUCCESS. dag_id=first_dag_02, task_id=first_task, execution_date=20211016T000000, start_date=20230611T085219, end_date=20230611T085224
[2023-06-11T08:52:24.446+0000] {local_task_job_runner.py:225} INFO - Task exited with return code 0
[2023-06-11T08:52:25.023+0000] {taskinstance.py:2651} INFO - 2 downstream tasks scheduled from follow-on schedule check
[2023-06-11T10:58:42.434+0000] {taskinstance.py:1103} INFO - Dependencies all met for dep_context=non-requeueable deps ti=<TaskInstance: first_dag_02.first_task scheduled__2021-10-16T00:00:00+00:00 [queued]>
[2023-06-11T10:58:43.025+0000] {taskinstance.py:1103} INFO - Dependencies all met for dep_context=requeueable deps ti=<TaskInstance: first_dag_02.first_task scheduled__2021-10-16T00:00:00+00:00 [queued]>
[2023-06-11T10:58:43.026+0000] {taskinstance.py:1308} INFO - Starting attempt 1 of 6
[2023-06-11T10:58:43.605+0000] {taskinstance.py:1327} INFO - Executing <Task(BashOperator): first_task> on 2021-10-16 00:00:00+00:00
[2023-06-11T10:58:43.784+0000] {standard_task_runner.py:57} INFO - Started process 1400 to run task
[2023-06-11T10:58:43.993+0000] {standard_task_runner.py:84} INFO - Running: ['***', 'tasks', 'run', 'first_dag_02', 'first_task', 'scheduled__2021-10-16T00:00:00+00:00', '--job-id', '387', '--raw', '--subdir', 'DAGS_FOLDER/First_dag.py', '--cfg-path', '/tmp/tmpq4wuif08']
[2023-06-11T10:58:44.085+0000] {standard_task_runner.py:85} INFO - Job 387: Subtask first_task
[2023-06-11T10:58:45.561+0000] {task_command.py:410} INFO - Running <TaskInstance: first_dag_02.first_task scheduled__2021-10-16T00:00:00+00:00 [running]> on host 7586ce0070ac
[2023-06-11T10:58:46.945+0000] {taskinstance.py:1547} INFO - Exporting env vars: AIRFLOW_CTX_DAG_OWNER='Raja' AIRFLOW_CTX_DAG_ID='first_dag_02' AIRFLOW_CTX_TASK_ID='first_task' AIRFLOW_CTX_EXECUTION_DATE='2021-10-16T00:00:00+00:00' AIRFLOW_CTX_TRY_NUMBER='1' AIRFLOW_CTX_DAG_RUN_ID='scheduled__2021-10-16T00:00:00+00:00'
[2023-06-11T10:58:46.947+0000] {subprocess.py:63} INFO - Tmp dir root location: 
 /tmp
[2023-06-11T10:58:47.025+0000] {subprocess.py:75} INFO - Running command: ['/bin/bash', '-c', 'echo hello world, this is the first task!']
[2023-06-11T10:58:47.557+0000] {subprocess.py:86} INFO - Output:
[2023-06-11T10:58:47.711+0000] {subprocess.py:93} INFO - hello world, this is the first task!
[2023-06-11T10:58:47.718+0000] {subprocess.py:97} INFO - Command exited with return code 0
[2023-06-11T10:58:48.326+0000] {taskinstance.py:1350} INFO - Marking task as SUCCESS. dag_id=first_dag_02, task_id=first_task, execution_date=20211016T000000, start_date=20230611T105842, end_date=20230611T105848
[2023-06-11T10:58:48.752+0000] {local_task_job_runner.py:225} INFO - Task exited with return code 0
[2023-06-11T10:58:48.932+0000] {taskinstance.py:2651} INFO - 2 downstream tasks scheduled from follow-on schedule check
