[2023-06-11T08:59:17.542+0000] {taskinstance.py:1103} INFO - Dependencies all met for dep_context=non-requeueable deps ti=<TaskInstance: first_dag_02.second_task scheduled__2022-02-01T00:00:00+00:00 [queued]>
[2023-06-11T08:59:17.693+0000] {taskinstance.py:1103} INFO - Dependencies all met for dep_context=requeueable deps ti=<TaskInstance: first_dag_02.second_task scheduled__2022-02-01T00:00:00+00:00 [queued]>
[2023-06-11T08:59:17.693+0000] {taskinstance.py:1308} INFO - Starting attempt 1 of 6
[2023-06-11T08:59:18.067+0000] {taskinstance.py:1327} INFO - Executing <Task(BashOperator): second_task> on 2022-02-01 00:00:00+00:00
[2023-06-11T08:59:18.084+0000] {standard_task_runner.py:57} INFO - Started process 2904 to run task
[2023-06-11T08:59:18.133+0000] {standard_task_runner.py:84} INFO - Running: ['***', 'tasks', 'run', 'first_dag_02', 'second_task', 'scheduled__2022-02-01T00:00:00+00:00', '--job-id', '906', '--raw', '--subdir', 'DAGS_FOLDER/First_dag.py', '--cfg-path', '/tmp/tmp0rirm66t']
[2023-06-11T08:59:18.134+0000] {standard_task_runner.py:85} INFO - Job 906: Subtask second_task
[2023-06-11T08:59:18.867+0000] {task_command.py:410} INFO - Running <TaskInstance: first_dag_02.second_task scheduled__2022-02-01T00:00:00+00:00 [running]> on host 964e508aad03
[2023-06-11T08:59:20.585+0000] {taskinstance.py:1547} INFO - Exporting env vars: AIRFLOW_CTX_DAG_OWNER='Raja' AIRFLOW_CTX_DAG_ID='first_dag_02' AIRFLOW_CTX_TASK_ID='second_task' AIRFLOW_CTX_EXECUTION_DATE='2022-02-01T00:00:00+00:00' AIRFLOW_CTX_TRY_NUMBER='1' AIRFLOW_CTX_DAG_RUN_ID='scheduled__2022-02-01T00:00:00+00:00'
[2023-06-11T08:59:20.587+0000] {subprocess.py:63} INFO - Tmp dir root location: 
 /tmp
[2023-06-11T08:59:20.589+0000] {subprocess.py:75} INFO - Running command: ['/bin/bash', '-c', 'echo hey, I am task2 and will be running after task1!']
[2023-06-11T08:59:20.693+0000] {subprocess.py:86} INFO - Output:
[2023-06-11T08:59:20.697+0000] {subprocess.py:93} INFO - hey, I am task2 and will be running after task1!
[2023-06-11T08:59:20.699+0000] {subprocess.py:97} INFO - Command exited with return code 0
[2023-06-11T08:59:20.931+0000] {taskinstance.py:1350} INFO - Marking task as SUCCESS. dag_id=first_dag_02, task_id=second_task, execution_date=20220201T000000, start_date=20230611T085917, end_date=20230611T085920
[2023-06-11T08:59:21.187+0000] {local_task_job_runner.py:225} INFO - Task exited with return code 0
[2023-06-11T08:59:21.453+0000] {taskinstance.py:2651} INFO - 0 downstream tasks scheduled from follow-on schedule check
[2023-06-11T11:32:40.393+0000] {taskinstance.py:1103} INFO - Dependencies all met for dep_context=non-requeueable deps ti=<TaskInstance: first_dag_02.second_task scheduled__2022-02-01T00:00:00+00:00 [queued]>
[2023-06-11T11:32:40.634+0000] {taskinstance.py:1103} INFO - Dependencies all met for dep_context=requeueable deps ti=<TaskInstance: first_dag_02.second_task scheduled__2022-02-01T00:00:00+00:00 [queued]>
[2023-06-11T11:32:40.634+0000] {taskinstance.py:1308} INFO - Starting attempt 1 of 6
[2023-06-11T11:32:40.896+0000] {taskinstance.py:1327} INFO - Executing <Task(BashOperator): second_task> on 2022-02-01 00:00:00+00:00
[2023-06-11T11:32:40.907+0000] {standard_task_runner.py:57} INFO - Started process 432 to run task
[2023-06-11T11:32:40.920+0000] {standard_task_runner.py:84} INFO - Running: ['***', 'tasks', 'run', 'first_dag_02', 'second_task', 'scheduled__2022-02-01T00:00:00+00:00', '--job-id', '936', '--raw', '--subdir', 'DAGS_FOLDER/First_dag.py', '--cfg-path', '/tmp/tmpnv6g5zcl']
[2023-06-11T11:32:40.922+0000] {standard_task_runner.py:85} INFO - Job 936: Subtask second_task
[2023-06-11T11:32:41.414+0000] {task_command.py:410} INFO - Running <TaskInstance: first_dag_02.second_task scheduled__2022-02-01T00:00:00+00:00 [running]> on host 7586ce0070ac
[2023-06-11T11:32:44.020+0000] {taskinstance.py:1547} INFO - Exporting env vars: AIRFLOW_CTX_DAG_OWNER='Raja' AIRFLOW_CTX_DAG_ID='first_dag_02' AIRFLOW_CTX_TASK_ID='second_task' AIRFLOW_CTX_EXECUTION_DATE='2022-02-01T00:00:00+00:00' AIRFLOW_CTX_TRY_NUMBER='1' AIRFLOW_CTX_DAG_RUN_ID='scheduled__2022-02-01T00:00:00+00:00'
[2023-06-11T11:32:44.023+0000] {subprocess.py:63} INFO - Tmp dir root location: 
 /tmp
[2023-06-11T11:32:44.025+0000] {subprocess.py:75} INFO - Running command: ['/bin/bash', '-c', 'echo hey, I am task2 and will be running after task1!']
[2023-06-11T11:32:44.256+0000] {subprocess.py:86} INFO - Output:
[2023-06-11T11:32:44.268+0000] {subprocess.py:93} INFO - hey, I am task2 and will be running after task1!
[2023-06-11T11:32:44.268+0000] {subprocess.py:97} INFO - Command exited with return code 0
[2023-06-11T11:32:44.933+0000] {taskinstance.py:1350} INFO - Marking task as SUCCESS. dag_id=first_dag_02, task_id=second_task, execution_date=20220201T000000, start_date=20230611T113240, end_date=20230611T113244
[2023-06-11T11:32:45.427+0000] {local_task_job_runner.py:225} INFO - Task exited with return code 0
[2023-06-11T11:32:45.752+0000] {taskinstance.py:2651} INFO - 0 downstream tasks scheduled from follow-on schedule check
