[2023-06-11T08:55:39.236+0000] {taskinstance.py:1103} INFO - Dependencies all met for dep_context=non-requeueable deps ti=<TaskInstance: first_dag_02.thrid_task scheduled__2021-12-05T00:00:00+00:00 [queued]>
[2023-06-11T08:55:39.329+0000] {taskinstance.py:1103} INFO - Dependencies all met for dep_context=requeueable deps ti=<TaskInstance: first_dag_02.thrid_task scheduled__2021-12-05T00:00:00+00:00 [queued]>
[2023-06-11T08:55:39.330+0000] {taskinstance.py:1308} INFO - Starting attempt 1 of 6
[2023-06-11T08:55:39.480+0000] {taskinstance.py:1327} INFO - Executing <Task(BashOperator): thrid_task> on 2021-12-05 00:00:00+00:00
[2023-06-11T08:55:39.507+0000] {standard_task_runner.py:57} INFO - Started process 2080 to run task
[2023-06-11T08:55:39.523+0000] {standard_task_runner.py:84} INFO - Running: ['***', 'tasks', 'run', 'first_dag_02', 'thrid_task', 'scheduled__2021-12-05T00:00:00+00:00', '--job-id', '647', '--raw', '--subdir', 'DAGS_FOLDER/First_dag.py', '--cfg-path', '/tmp/tmp4cpipvln']
[2023-06-11T08:55:39.524+0000] {standard_task_runner.py:85} INFO - Job 647: Subtask thrid_task
[2023-06-11T08:55:39.903+0000] {task_command.py:410} INFO - Running <TaskInstance: first_dag_02.thrid_task scheduled__2021-12-05T00:00:00+00:00 [running]> on host 964e508aad03
[2023-06-11T08:55:41.011+0000] {taskinstance.py:1547} INFO - Exporting env vars: AIRFLOW_CTX_DAG_OWNER='Raja' AIRFLOW_CTX_DAG_ID='first_dag_02' AIRFLOW_CTX_TASK_ID='thrid_task' AIRFLOW_CTX_EXECUTION_DATE='2021-12-05T00:00:00+00:00' AIRFLOW_CTX_TRY_NUMBER='1' AIRFLOW_CTX_DAG_RUN_ID='scheduled__2021-12-05T00:00:00+00:00'
[2023-06-11T08:55:41.030+0000] {subprocess.py:63} INFO - Tmp dir root location: 
 /tmp
[2023-06-11T08:55:41.033+0000] {subprocess.py:75} INFO - Running command: ['/bin/bash', '-c', 'echo hey, I am task3 and will be running after task1 at the same time as task2!']
[2023-06-11T08:55:41.118+0000] {subprocess.py:86} INFO - Output:
[2023-06-11T08:55:41.120+0000] {subprocess.py:93} INFO - hey, I am task3 and will be running after task1 at the same time as task2!
[2023-06-11T08:55:41.121+0000] {subprocess.py:97} INFO - Command exited with return code 0
[2023-06-11T08:55:41.285+0000] {taskinstance.py:1350} INFO - Marking task as SUCCESS. dag_id=first_dag_02, task_id=thrid_task, execution_date=20211205T000000, start_date=20230611T085539, end_date=20230611T085541
[2023-06-11T08:55:41.406+0000] {local_task_job_runner.py:225} INFO - Task exited with return code 0
[2023-06-11T08:55:41.521+0000] {taskinstance.py:2651} INFO - 0 downstream tasks scheduled from follow-on schedule check
[2023-06-11T11:18:46.964+0000] {taskinstance.py:1103} INFO - Dependencies all met for dep_context=non-requeueable deps ti=<TaskInstance: first_dag_02.thrid_task scheduled__2021-12-05T00:00:00+00:00 [queued]>
[2023-06-11T11:18:47.154+0000] {taskinstance.py:1103} INFO - Dependencies all met for dep_context=requeueable deps ti=<TaskInstance: first_dag_02.thrid_task scheduled__2021-12-05T00:00:00+00:00 [queued]>
[2023-06-11T11:18:47.155+0000] {taskinstance.py:1308} INFO - Starting attempt 1 of 6
[2023-06-11T11:18:48.034+0000] {taskinstance.py:1327} INFO - Executing <Task(BashOperator): thrid_task> on 2021-12-05 00:00:00+00:00
[2023-06-11T11:18:48.092+0000] {standard_task_runner.py:57} INFO - Started process 745 to run task
[2023-06-11T11:18:48.168+0000] {standard_task_runner.py:84} INFO - Running: ['***', 'tasks', 'run', 'first_dag_02', 'thrid_task', 'scheduled__2021-12-05T00:00:00+00:00', '--job-id', '681', '--raw', '--subdir', 'DAGS_FOLDER/First_dag.py', '--cfg-path', '/tmp/tmp2jgrc383']
[2023-06-11T11:18:48.169+0000] {standard_task_runner.py:85} INFO - Job 681: Subtask thrid_task
[2023-06-11T11:18:48.973+0000] {task_command.py:410} INFO - Running <TaskInstance: first_dag_02.thrid_task scheduled__2021-12-05T00:00:00+00:00 [running]> on host 7586ce0070ac
[2023-06-11T11:18:52.697+0000] {taskinstance.py:1547} INFO - Exporting env vars: AIRFLOW_CTX_DAG_OWNER='Raja' AIRFLOW_CTX_DAG_ID='first_dag_02' AIRFLOW_CTX_TASK_ID='thrid_task' AIRFLOW_CTX_EXECUTION_DATE='2021-12-05T00:00:00+00:00' AIRFLOW_CTX_TRY_NUMBER='1' AIRFLOW_CTX_DAG_RUN_ID='scheduled__2021-12-05T00:00:00+00:00'
[2023-06-11T11:18:52.700+0000] {subprocess.py:63} INFO - Tmp dir root location: 
 /tmp
[2023-06-11T11:18:52.702+0000] {subprocess.py:75} INFO - Running command: ['/bin/bash', '-c', 'echo hey, I am task3 and will be running after task1 at the same time as task2!']
[2023-06-11T11:18:53.005+0000] {subprocess.py:86} INFO - Output:
[2023-06-11T11:18:53.311+0000] {subprocess.py:93} INFO - hey, I am task3 and will be running after task1 at the same time as task2!
[2023-06-11T11:18:53.312+0000] {subprocess.py:97} INFO - Command exited with return code 0
[2023-06-11T11:18:53.908+0000] {taskinstance.py:1350} INFO - Marking task as SUCCESS. dag_id=first_dag_02, task_id=thrid_task, execution_date=20211205T000000, start_date=20230611T111846, end_date=20230611T111853
[2023-06-11T11:18:54.317+0000] {local_task_job_runner.py:225} INFO - Task exited with return code 0
[2023-06-11T11:18:54.400+0000] {taskinstance.py:2651} INFO - 0 downstream tasks scheduled from follow-on schedule check
