[2023-06-11T09:45:51.946+0000] {taskinstance.py:1103} INFO - Dependencies all met for dep_context=non-requeueable deps ti=<TaskInstance: dag_cron_expression_03.task1 scheduled__2022-02-10T03:00:00+00:00 [queued]>
[2023-06-11T09:45:52.265+0000] {taskinstance.py:1103} INFO - Dependencies all met for dep_context=requeueable deps ti=<TaskInstance: dag_cron_expression_03.task1 scheduled__2022-02-10T03:00:00+00:00 [queued]>
[2023-06-11T09:45:52.265+0000] {taskinstance.py:1308} INFO - Starting attempt 1 of 6
[2023-06-11T09:45:52.975+0000] {taskinstance.py:1327} INFO - Executing <Task(BashOperator): task1> on 2022-02-10 03:00:00+00:00
[2023-06-11T09:45:53.091+0000] {standard_task_runner.py:84} INFO - Running: ['***', 'tasks', 'run', 'dag_cron_expression_03', 'task1', 'scheduled__2022-02-10T03:00:00+00:00', '--job-id', '1465', '--raw', '--subdir', 'DAGS_FOLDER/dag_corn.py', '--cfg-path', '/tmp/tmpo3v54wvg']
[2023-06-11T09:45:53.121+0000] {standard_task_runner.py:85} INFO - Job 1465: Subtask task1
[2023-06-11T09:45:53.087+0000] {standard_task_runner.py:57} INFO - Started process 4776 to run task
[2023-06-11T09:45:54.241+0000] {task_command.py:410} INFO - Running <TaskInstance: dag_cron_expression_03.task1 scheduled__2022-02-10T03:00:00+00:00 [running]> on host 964e508aad03
[2023-06-11T09:45:56.875+0000] {taskinstance.py:1547} INFO - Exporting env vars: AIRFLOW_CTX_DAG_OWNER='Raja' AIRFLOW_CTX_DAG_ID='dag_cron_expression_03' AIRFLOW_CTX_TASK_ID='task1' AIRFLOW_CTX_EXECUTION_DATE='2022-02-10T03:00:00+00:00' AIRFLOW_CTX_TRY_NUMBER='1' AIRFLOW_CTX_DAG_RUN_ID='scheduled__2022-02-10T03:00:00+00:00'
[2023-06-11T09:45:56.940+0000] {subprocess.py:63} INFO - Tmp dir root location: 
 /tmp
[2023-06-11T09:45:56.941+0000] {subprocess.py:75} INFO - Running command: ['/bin/bash', '-c', 'echo dag with cron expression!']
[2023-06-11T09:45:57.190+0000] {subprocess.py:86} INFO - Output:
[2023-06-11T09:45:57.198+0000] {subprocess.py:93} INFO - dag with cron expression!
[2023-06-11T09:45:57.199+0000] {subprocess.py:97} INFO - Command exited with return code 0
[2023-06-11T09:45:57.859+0000] {taskinstance.py:1350} INFO - Marking task as SUCCESS. dag_id=dag_cron_expression_03, task_id=task1, execution_date=20220210T030000, start_date=20230611T094551, end_date=20230611T094557
[2023-06-11T09:45:58.518+0000] {local_task_job_runner.py:225} INFO - Task exited with return code 0
[2023-06-11T09:45:58.890+0000] {taskinstance.py:2651} INFO - 0 downstream tasks scheduled from follow-on schedule check
[2023-06-11T10:55:16.991+0000] {taskinstance.py:1103} INFO - Dependencies all met for dep_context=non-requeueable deps ti=<TaskInstance: dag_cron_expression_03.task1 scheduled__2022-02-10T03:00:00+00:00 [queued]>
[2023-06-11T10:55:18.364+0000] {taskinstance.py:1103} INFO - Dependencies all met for dep_context=requeueable deps ti=<TaskInstance: dag_cron_expression_03.task1 scheduled__2022-02-10T03:00:00+00:00 [queued]>
[2023-06-11T10:55:18.365+0000] {taskinstance.py:1308} INFO - Starting attempt 1 of 6
[2023-06-11T10:55:18.522+0000] {taskinstance.py:1327} INFO - Executing <Task(BashOperator): task1> on 2022-02-10 03:00:00+00:00
[2023-06-11T10:55:18.530+0000] {standard_task_runner.py:57} INFO - Started process 1104 to run task
[2023-06-11T10:55:18.535+0000] {standard_task_runner.py:84} INFO - Running: ['***', 'tasks', 'run', 'dag_cron_expression_03', 'task1', 'scheduled__2022-02-10T03:00:00+00:00', '--job-id', '304', '--raw', '--subdir', 'DAGS_FOLDER/dag_cron.py', '--cfg-path', '/tmp/tmp46yatgxz']
[2023-06-11T10:55:18.537+0000] {standard_task_runner.py:85} INFO - Job 304: Subtask task1
[2023-06-11T10:55:24.733+0000] {task_command.py:410} INFO - Running <TaskInstance: dag_cron_expression_03.task1 scheduled__2022-02-10T03:00:00+00:00 [running]> on host 7586ce0070ac
[2023-06-11T10:55:39.047+0000] {standard_task_runner.py:109} ERROR - Failed to execute job 304 for task task1 ((psycopg2.OperationalError) could not translate host name "postgres" to address: Temporary failure in name resolution

(Background on this error at: https://sqlalche.me/e/14/e3q8); 1104)
[2023-06-11T10:55:54.636+0000] {local_task_job_runner.py:225} INFO - Task exited with return code 1
[2023-06-11T10:55:57.855+0000] {taskinstance.py:2651} INFO - 0 downstream tasks scheduled from follow-on schedule check
