[2023-06-11T04:50:11.788+0000] {taskinstance.py:1103} INFO - Dependencies all met for dep_context=non-requeueable deps ti=<TaskInstance: first_dag_02.first_task scheduled__2021-09-25T00:00:00+00:00 [queued]>
[2023-06-11T04:50:12.819+0000] {taskinstance.py:1103} INFO - Dependencies all met for dep_context=requeueable deps ti=<TaskInstance: first_dag_02.first_task scheduled__2021-09-25T00:00:00+00:00 [queued]>
[2023-06-11T04:50:12.842+0000] {taskinstance.py:1308} INFO - Starting attempt 1 of 6
[2023-06-11T04:50:13.475+0000] {taskinstance.py:1327} INFO - Executing <Task(BashOperator): first_task> on 2021-09-25 00:00:00+00:00
[2023-06-11T04:50:13.535+0000] {standard_task_runner.py:57} INFO - Started process 776 to run task
[2023-06-11T04:50:13.668+0000] {standard_task_runner.py:84} INFO - Running: ['***', 'tasks', 'run', 'first_dag_02', 'first_task', 'scheduled__2021-09-25T00:00:00+00:00', '--job-id', '227', '--raw', '--subdir', 'DAGS_FOLDER/First_dag.py', '--cfg-path', '/tmp/tmp_zaobgyk']
[2023-06-11T04:50:13.669+0000] {standard_task_runner.py:85} INFO - Job 227: Subtask first_task
[2023-06-11T04:50:15.032+0000] {task_command.py:410} INFO - Running <TaskInstance: first_dag_02.first_task scheduled__2021-09-25T00:00:00+00:00 [running]> on host 4b1b5d40d165
[2023-06-11T04:50:18.288+0000] {taskinstance.py:1547} INFO - Exporting env vars: AIRFLOW_CTX_DAG_OWNER='Raja' AIRFLOW_CTX_DAG_ID='first_dag_02' AIRFLOW_CTX_TASK_ID='first_task' AIRFLOW_CTX_EXECUTION_DATE='2021-09-25T00:00:00+00:00' AIRFLOW_CTX_TRY_NUMBER='1' AIRFLOW_CTX_DAG_RUN_ID='scheduled__2021-09-25T00:00:00+00:00'
[2023-06-11T04:50:18.299+0000] {subprocess.py:63} INFO - Tmp dir root location: 
 /tmp
[2023-06-11T04:50:18.300+0000] {subprocess.py:75} INFO - Running command: ['/bin/bash', '-c', 'echo hello world, this is the first task!']
[2023-06-11T04:50:18.970+0000] {subprocess.py:86} INFO - Output:
[2023-06-11T04:50:18.978+0000] {subprocess.py:93} INFO - hello world, this is the first task!
[2023-06-11T04:50:18.980+0000] {subprocess.py:97} INFO - Command exited with return code 0
[2023-06-11T04:50:19.303+0000] {taskinstance.py:1350} INFO - Marking task as SUCCESS. dag_id=first_dag_02, task_id=first_task, execution_date=20210925T000000, start_date=20230611T045012, end_date=20230611T045019
[2023-06-11T04:50:19.813+0000] {local_task_job_runner.py:225} INFO - Task exited with return code 0
[2023-06-11T04:50:20.724+0000] {taskinstance.py:2651} INFO - 2 downstream tasks scheduled from follow-on schedule check
[2023-06-11T08:26:28.626+0000] {taskinstance.py:1103} INFO - Dependencies all met for dep_context=non-requeueable deps ti=<TaskInstance: first_dag_02.first_task scheduled__2021-09-25T00:00:00+00:00 [queued]>
[2023-06-11T08:26:29.233+0000] {taskinstance.py:1103} INFO - Dependencies all met for dep_context=requeueable deps ti=<TaskInstance: first_dag_02.first_task scheduled__2021-09-25T00:00:00+00:00 [queued]>
[2023-06-11T08:26:29.233+0000] {taskinstance.py:1308} INFO - Starting attempt 1 of 6
[2023-06-11T08:26:29.716+0000] {taskinstance.py:1327} INFO - Executing <Task(BashOperator): first_task> on 2021-09-25 00:00:00+00:00
[2023-06-11T08:26:30.105+0000] {standard_task_runner.py:57} INFO - Started process 1129 to run task
[2023-06-11T08:26:30.280+0000] {standard_task_runner.py:84} INFO - Running: ['***', 'tasks', 'run', 'first_dag_02', 'first_task', 'scheduled__2021-09-25T00:00:00+00:00', '--job-id', '352', '--raw', '--subdir', 'DAGS_FOLDER/First_dag.py', '--cfg-path', '/tmp/tmpn84xbi9j']
[2023-06-11T08:26:30.291+0000] {standard_task_runner.py:85} INFO - Job 352: Subtask first_task
[2023-06-11T08:26:32.321+0000] {task_command.py:410} INFO - Running <TaskInstance: first_dag_02.first_task scheduled__2021-09-25T00:00:00+00:00 [running]> on host 492037cdd057
[2023-06-11T08:26:44.425+0000] {taskinstance.py:1547} INFO - Exporting env vars: AIRFLOW_CTX_DAG_OWNER='Raja' AIRFLOW_CTX_DAG_ID='first_dag_02' AIRFLOW_CTX_TASK_ID='first_task' AIRFLOW_CTX_EXECUTION_DATE='2021-09-25T00:00:00+00:00' AIRFLOW_CTX_TRY_NUMBER='1' AIRFLOW_CTX_DAG_RUN_ID='scheduled__2021-09-25T00:00:00+00:00'
[2023-06-11T08:26:44.451+0000] {subprocess.py:63} INFO - Tmp dir root location: 
 /tmp
[2023-06-11T08:26:44.470+0000] {subprocess.py:75} INFO - Running command: ['/bin/bash', '-c', 'echo hello world, this is the first task!']
[2023-06-11T08:26:45.162+0000] {subprocess.py:86} INFO - Output:
[2023-06-11T08:26:46.114+0000] {subprocess.py:93} INFO - hello world, this is the first task!
[2023-06-11T08:26:46.118+0000] {subprocess.py:97} INFO - Command exited with return code 0
[2023-06-11T08:26:48.398+0000] {taskinstance.py:1350} INFO - Marking task as SUCCESS. dag_id=first_dag_02, task_id=first_task, execution_date=20210925T000000, start_date=20230611T082628, end_date=20230611T082648
[2023-06-11T08:26:50.579+0000] {local_task_job_runner.py:225} INFO - Task exited with return code 0
[2023-06-11T08:26:52.683+0000] {taskinstance.py:2651} INFO - 2 downstream tasks scheduled from follow-on schedule check
[2023-06-11T08:50:36.450+0000] {taskinstance.py:1103} INFO - Dependencies all met for dep_context=non-requeueable deps ti=<TaskInstance: first_dag_02.first_task scheduled__2021-09-25T00:00:00+00:00 [queued]>
[2023-06-11T08:50:36.901+0000] {taskinstance.py:1103} INFO - Dependencies all met for dep_context=requeueable deps ti=<TaskInstance: first_dag_02.first_task scheduled__2021-09-25T00:00:00+00:00 [queued]>
[2023-06-11T08:50:36.924+0000] {taskinstance.py:1308} INFO - Starting attempt 1 of 6
[2023-06-11T08:50:37.415+0000] {taskinstance.py:1327} INFO - Executing <Task(BashOperator): first_task> on 2021-09-25 00:00:00+00:00
[2023-06-11T08:50:37.435+0000] {standard_task_runner.py:57} INFO - Started process 926 to run task
[2023-06-11T08:50:37.532+0000] {standard_task_runner.py:84} INFO - Running: ['***', 'tasks', 'run', 'first_dag_02', 'first_task', 'scheduled__2021-09-25T00:00:00+00:00', '--job-id', '285', '--raw', '--subdir', 'DAGS_FOLDER/First_dag.py', '--cfg-path', '/tmp/tmp6r28_xcn']
[2023-06-11T08:50:37.597+0000] {standard_task_runner.py:85} INFO - Job 285: Subtask first_task
[2023-06-11T08:50:38.518+0000] {task_command.py:410} INFO - Running <TaskInstance: first_dag_02.first_task scheduled__2021-09-25T00:00:00+00:00 [running]> on host 964e508aad03
[2023-06-11T08:50:41.054+0000] {taskinstance.py:1547} INFO - Exporting env vars: AIRFLOW_CTX_DAG_OWNER='Raja' AIRFLOW_CTX_DAG_ID='first_dag_02' AIRFLOW_CTX_TASK_ID='first_task' AIRFLOW_CTX_EXECUTION_DATE='2021-09-25T00:00:00+00:00' AIRFLOW_CTX_TRY_NUMBER='1' AIRFLOW_CTX_DAG_RUN_ID='scheduled__2021-09-25T00:00:00+00:00'
[2023-06-11T08:50:41.110+0000] {subprocess.py:63} INFO - Tmp dir root location: 
 /tmp
[2023-06-11T08:50:41.129+0000] {subprocess.py:75} INFO - Running command: ['/bin/bash', '-c', 'echo hello world, this is the first task!']
[2023-06-11T08:50:41.374+0000] {subprocess.py:86} INFO - Output:
[2023-06-11T08:50:41.405+0000] {subprocess.py:93} INFO - hello world, this is the first task!
[2023-06-11T08:50:41.426+0000] {subprocess.py:97} INFO - Command exited with return code 0
[2023-06-11T08:50:41.687+0000] {taskinstance.py:1350} INFO - Marking task as SUCCESS. dag_id=first_dag_02, task_id=first_task, execution_date=20210925T000000, start_date=20230611T085036, end_date=20230611T085041
[2023-06-11T08:50:41.959+0000] {local_task_job_runner.py:225} INFO - Task exited with return code 0
[2023-06-11T08:50:43.201+0000] {taskinstance.py:2651} INFO - 2 downstream tasks scheduled from follow-on schedule check
[2023-06-11T10:53:25.107+0000] {taskinstance.py:1103} INFO - Dependencies all met for dep_context=non-requeueable deps ti=<TaskInstance: first_dag_02.first_task scheduled__2021-09-25T00:00:00+00:00 [queued]>
[2023-06-11T10:53:25.927+0000] {taskinstance.py:1103} INFO - Dependencies all met for dep_context=requeueable deps ti=<TaskInstance: first_dag_02.first_task scheduled__2021-09-25T00:00:00+00:00 [queued]>
[2023-06-11T10:53:25.932+0000] {taskinstance.py:1308} INFO - Starting attempt 1 of 6
[2023-06-11T10:53:27.349+0000] {taskinstance.py:1327} INFO - Executing <Task(BashOperator): first_task> on 2021-09-25 00:00:00+00:00
[2023-06-11T10:53:27.404+0000] {standard_task_runner.py:57} INFO - Started process 988 to run task
[2023-06-11T10:53:27.437+0000] {standard_task_runner.py:84} INFO - Running: ['***', 'tasks', 'run', 'first_dag_02', 'first_task', 'scheduled__2021-09-25T00:00:00+00:00', '--job-id', '272', '--raw', '--subdir', 'DAGS_FOLDER/First_dag.py', '--cfg-path', '/tmp/tmp3mwrz2kp']
[2023-06-11T10:53:27.438+0000] {standard_task_runner.py:85} INFO - Job 272: Subtask first_task
[2023-06-11T10:53:30.670+0000] {task_command.py:410} INFO - Running <TaskInstance: first_dag_02.first_task scheduled__2021-09-25T00:00:00+00:00 [running]> on host 7586ce0070ac
[2023-06-11T10:53:40.546+0000] {taskinstance.py:1547} INFO - Exporting env vars: AIRFLOW_CTX_DAG_OWNER='Raja' AIRFLOW_CTX_DAG_ID='first_dag_02' AIRFLOW_CTX_TASK_ID='first_task' AIRFLOW_CTX_EXECUTION_DATE='2021-09-25T00:00:00+00:00' AIRFLOW_CTX_TRY_NUMBER='1' AIRFLOW_CTX_DAG_RUN_ID='scheduled__2021-09-25T00:00:00+00:00'
[2023-06-11T10:53:40.606+0000] {subprocess.py:63} INFO - Tmp dir root location: 
 /tmp
[2023-06-11T10:53:40.609+0000] {subprocess.py:75} INFO - Running command: ['/bin/bash', '-c', 'echo hello world, this is the first task!']
[2023-06-11T10:53:40.685+0000] {subprocess.py:86} INFO - Output:
[2023-06-11T10:53:41.035+0000] {subprocess.py:93} INFO - hello world, this is the first task!
[2023-06-11T10:53:41.098+0000] {subprocess.py:97} INFO - Command exited with return code 0
[2023-06-11T10:53:43.497+0000] {taskinstance.py:1350} INFO - Marking task as SUCCESS. dag_id=first_dag_02, task_id=first_task, execution_date=20210925T000000, start_date=20230611T105325, end_date=20230611T105343
[2023-06-11T10:53:44.763+0000] {local_task_job_runner.py:225} INFO - Task exited with return code 0
[2023-06-11T10:53:46.381+0000] {taskinstance.py:2651} INFO - 0 downstream tasks scheduled from follow-on schedule check
