[2023-06-10T16:27:53.509+0000] {taskinstance.py:1103} INFO - Dependencies all met for dep_context=non-requeueable deps ti=<TaskInstance: dag_pythonoperator.first_task scheduled__2023-06-07T00:00:00+00:00 [queued]>
[2023-06-10T16:27:53.836+0000] {taskinstance.py:1103} INFO - Dependencies all met for dep_context=requeueable deps ti=<TaskInstance: dag_pythonoperator.first_task scheduled__2023-06-07T00:00:00+00:00 [queued]>
[2023-06-10T16:27:53.920+0000] {taskinstance.py:1308} INFO - Starting attempt 1 of 6
[2023-06-10T16:27:55.221+0000] {taskinstance.py:1327} INFO - Executing <Task(PythonOperator): first_task> on 2023-06-07 00:00:00+00:00
[2023-06-10T16:27:55.244+0000] {standard_task_runner.py:57} INFO - Started process 4278 to run task
[2023-06-10T16:27:55.272+0000] {standard_task_runner.py:84} INFO - Running: ['***', 'tasks', 'run', 'dag_pythonoperator', 'first_task', 'scheduled__2023-06-07T00:00:00+00:00', '--job-id', '1318', '--raw', '--subdir', 'DAGS_FOLDER/Pythonoperator_dag.py', '--cfg-path', '/tmp/tmpk__t69d6']
[2023-06-10T16:27:55.273+0000] {standard_task_runner.py:85} INFO - Job 1318: Subtask first_task
[2023-06-10T16:27:57.639+0000] {task_command.py:410} INFO - Running <TaskInstance: dag_pythonoperator.first_task scheduled__2023-06-07T00:00:00+00:00 [running]> on host e326d5f70fa9
[2023-06-10T16:28:01.898+0000] {taskinstance.py:1547} INFO - Exporting env vars: AIRFLOW_CTX_DAG_OWNER='Raja' AIRFLOW_CTX_DAG_ID='dag_pythonoperator' AIRFLOW_CTX_TASK_ID='first_task' AIRFLOW_CTX_EXECUTION_DATE='2023-06-07T00:00:00+00:00' AIRFLOW_CTX_TRY_NUMBER='1' AIRFLOW_CTX_DAG_RUN_ID='scheduled__2023-06-07T00:00:00+00:00'
[2023-06-10T16:28:02.218+0000] {logging_mixin.py:149} INFO - Hai this first python_operator dag
[2023-06-10T16:28:02.278+0000] {python.py:183} INFO - Done. Returned value was: None
[2023-06-10T16:28:02.752+0000] {taskinstance.py:1350} INFO - Marking task as SUCCESS. dag_id=dag_pythonoperator, task_id=first_task, execution_date=20230607T000000, start_date=20230610T162753, end_date=20230610T162802
[2023-06-10T16:28:04.546+0000] {local_task_job_runner.py:225} INFO - Task exited with return code 0
[2023-06-10T16:28:07.368+0000] {taskinstance.py:2651} INFO - 2 downstream tasks scheduled from follow-on schedule check
[2023-06-11T04:43:11.470+0000] {taskinstance.py:1103} INFO - Dependencies all met for dep_context=non-requeueable deps ti=<TaskInstance: dag_pythonoperator.first_task scheduled__2023-06-07T00:00:00+00:00 [queued]>
[2023-06-11T04:43:11.609+0000] {taskinstance.py:1103} INFO - Dependencies all met for dep_context=requeueable deps ti=<TaskInstance: dag_pythonoperator.first_task scheduled__2023-06-07T00:00:00+00:00 [queued]>
[2023-06-11T04:43:11.609+0000] {taskinstance.py:1308} INFO - Starting attempt 1 of 6
[2023-06-11T04:43:14.009+0000] {taskinstance.py:1327} INFO - Executing <Task(PythonOperator): first_task> on 2023-06-07 00:00:00+00:00
[2023-06-11T04:43:14.018+0000] {standard_task_runner.py:57} INFO - Started process 82 to run task
[2023-06-11T04:43:14.431+0000] {standard_task_runner.py:84} INFO - Running: ['***', 'tasks', 'run', 'dag_pythonoperator', 'first_task', 'scheduled__2023-06-07T00:00:00+00:00', '--job-id', '4', '--raw', '--subdir', 'DAGS_FOLDER/python_operator_dag.py', '--cfg-path', '/tmp/tmpb4ckzzck']
[2023-06-11T04:43:14.441+0000] {standard_task_runner.py:85} INFO - Job 4: Subtask first_task
[2023-06-11T04:43:16.711+0000] {task_command.py:410} INFO - Running <TaskInstance: dag_pythonoperator.first_task scheduled__2023-06-07T00:00:00+00:00 [running]> on host 4b1b5d40d165
[2023-06-11T04:43:21.289+0000] {taskinstance.py:1547} INFO - Exporting env vars: AIRFLOW_CTX_DAG_OWNER='Raja' AIRFLOW_CTX_DAG_ID='dag_pythonoperator' AIRFLOW_CTX_TASK_ID='first_task' AIRFLOW_CTX_EXECUTION_DATE='2023-06-07T00:00:00+00:00' AIRFLOW_CTX_TRY_NUMBER='1' AIRFLOW_CTX_DAG_RUN_ID='scheduled__2023-06-07T00:00:00+00:00'
[2023-06-11T04:43:21.296+0000] {logging_mixin.py:149} INFO - Hai this first python_operator dag
[2023-06-11T04:43:21.297+0000] {python.py:183} INFO - Done. Returned value was: None
[2023-06-11T04:43:22.344+0000] {taskinstance.py:1350} INFO - Marking task as SUCCESS. dag_id=dag_pythonoperator, task_id=first_task, execution_date=20230607T000000, start_date=20230611T044311, end_date=20230611T044322
[2023-06-11T04:43:25.210+0000] {local_task_job_runner.py:225} INFO - Task exited with return code 0
[2023-06-11T04:43:25.444+0000] {taskinstance.py:2651} INFO - 2 downstream tasks scheduled from follow-on schedule check
