[2023-06-11T04:52:58.576+0000] {taskinstance.py:1103} INFO - Dependencies all met for dep_context=non-requeueable deps ti=<TaskInstance: first_dag_02.first_task scheduled__2021-10-13T00:00:00+00:00 [queued]>
[2023-06-11T04:52:58.666+0000] {taskinstance.py:1103} INFO - Dependencies all met for dep_context=requeueable deps ti=<TaskInstance: first_dag_02.first_task scheduled__2021-10-13T00:00:00+00:00 [queued]>
[2023-06-11T04:52:58.666+0000] {taskinstance.py:1308} INFO - Starting attempt 1 of 6
[2023-06-11T04:52:59.211+0000] {taskinstance.py:1327} INFO - Executing <Task(BashOperator): first_task> on 2021-10-13 00:00:00+00:00
[2023-06-11T04:52:59.304+0000] {standard_task_runner.py:84} INFO - Running: ['***', 'tasks', 'run', 'first_dag_02', 'first_task', 'scheduled__2021-10-13T00:00:00+00:00', '--job-id', '297', '--raw', '--subdir', 'DAGS_FOLDER/First_dag.py', '--cfg-path', '/tmp/tmp_z_h1m37']
[2023-06-11T04:52:59.283+0000] {standard_task_runner.py:57} INFO - Started process 1002 to run task
[2023-06-11T04:52:59.310+0000] {standard_task_runner.py:85} INFO - Job 297: Subtask first_task
[2023-06-11T04:52:59.746+0000] {task_command.py:410} INFO - Running <TaskInstance: first_dag_02.first_task scheduled__2021-10-13T00:00:00+00:00 [running]> on host 4b1b5d40d165
[2023-06-11T04:53:02.045+0000] {taskinstance.py:1547} INFO - Exporting env vars: AIRFLOW_CTX_DAG_OWNER='Raja' AIRFLOW_CTX_DAG_ID='first_dag_02' AIRFLOW_CTX_TASK_ID='first_task' AIRFLOW_CTX_EXECUTION_DATE='2021-10-13T00:00:00+00:00' AIRFLOW_CTX_TRY_NUMBER='1' AIRFLOW_CTX_DAG_RUN_ID='scheduled__2021-10-13T00:00:00+00:00'
[2023-06-11T04:53:02.084+0000] {subprocess.py:63} INFO - Tmp dir root location: 
 /tmp
[2023-06-11T04:53:02.096+0000] {subprocess.py:75} INFO - Running command: ['/bin/bash', '-c', 'echo hello world, this is the first task!']
[2023-06-11T04:53:02.372+0000] {subprocess.py:86} INFO - Output:
[2023-06-11T04:53:02.426+0000] {subprocess.py:93} INFO - hello world, this is the first task!
[2023-06-11T04:53:02.539+0000] {subprocess.py:97} INFO - Command exited with return code 0
[2023-06-11T04:53:02.802+0000] {taskinstance.py:1350} INFO - Marking task as SUCCESS. dag_id=first_dag_02, task_id=first_task, execution_date=20211013T000000, start_date=20230611T045258, end_date=20230611T045302
[2023-06-11T04:53:03.764+0000] {local_task_job_runner.py:225} INFO - Task exited with return code 0
[2023-06-11T04:53:04.242+0000] {taskinstance.py:2651} INFO - 2 downstream tasks scheduled from follow-on schedule check
[2023-06-11T08:29:45.655+0000] {taskinstance.py:1103} INFO - Dependencies all met for dep_context=non-requeueable deps ti=<TaskInstance: first_dag_02.first_task scheduled__2021-10-13T00:00:00+00:00 [queued]>
[2023-06-11T08:29:45.875+0000] {taskinstance.py:1103} INFO - Dependencies all met for dep_context=requeueable deps ti=<TaskInstance: first_dag_02.first_task scheduled__2021-10-13T00:00:00+00:00 [queued]>
[2023-06-11T08:29:45.876+0000] {taskinstance.py:1308} INFO - Starting attempt 1 of 6
[2023-06-11T08:29:46.219+0000] {taskinstance.py:1327} INFO - Executing <Task(BashOperator): first_task> on 2021-10-13 00:00:00+00:00
[2023-06-11T08:29:46.248+0000] {standard_task_runner.py:57} INFO - Started process 1378 to run task
[2023-06-11T08:29:46.317+0000] {standard_task_runner.py:84} INFO - Running: ['***', 'tasks', 'run', 'first_dag_02', 'first_task', 'scheduled__2021-10-13T00:00:00+00:00', '--job-id', '418', '--raw', '--subdir', 'DAGS_FOLDER/First_dag.py', '--cfg-path', '/tmp/tmp58g4z7l0']
[2023-06-11T08:29:46.332+0000] {standard_task_runner.py:85} INFO - Job 418: Subtask first_task
[2023-06-11T08:29:47.034+0000] {task_command.py:410} INFO - Running <TaskInstance: first_dag_02.first_task scheduled__2021-10-13T00:00:00+00:00 [running]> on host 492037cdd057
[2023-06-11T08:29:48.008+0000] {taskinstance.py:1547} INFO - Exporting env vars: AIRFLOW_CTX_DAG_OWNER='Raja' AIRFLOW_CTX_DAG_ID='first_dag_02' AIRFLOW_CTX_TASK_ID='first_task' AIRFLOW_CTX_EXECUTION_DATE='2021-10-13T00:00:00+00:00' AIRFLOW_CTX_TRY_NUMBER='1' AIRFLOW_CTX_DAG_RUN_ID='scheduled__2021-10-13T00:00:00+00:00'
[2023-06-11T08:29:48.031+0000] {subprocess.py:63} INFO - Tmp dir root location: 
 /tmp
[2023-06-11T08:29:48.039+0000] {subprocess.py:75} INFO - Running command: ['/bin/bash', '-c', 'echo hello world, this is the first task!']
[2023-06-11T08:29:48.172+0000] {subprocess.py:86} INFO - Output:
[2023-06-11T08:29:48.217+0000] {subprocess.py:93} INFO - hello world, this is the first task!
[2023-06-11T08:29:48.217+0000] {subprocess.py:97} INFO - Command exited with return code 0
[2023-06-11T08:29:48.720+0000] {taskinstance.py:1350} INFO - Marking task as SUCCESS. dag_id=first_dag_02, task_id=first_task, execution_date=20211013T000000, start_date=20230611T082945, end_date=20230611T082948
[2023-06-11T08:29:49.248+0000] {local_task_job_runner.py:225} INFO - Task exited with return code 0
[2023-06-11T08:29:49.564+0000] {taskinstance.py:2651} INFO - 2 downstream tasks scheduled from follow-on schedule check
[2023-06-11T08:51:40.187+0000] {taskinstance.py:1103} INFO - Dependencies all met for dep_context=non-requeueable deps ti=<TaskInstance: first_dag_02.first_task scheduled__2021-10-13T00:00:00+00:00 [queued]>
[2023-06-11T08:51:40.306+0000] {taskinstance.py:1103} INFO - Dependencies all met for dep_context=requeueable deps ti=<TaskInstance: first_dag_02.first_task scheduled__2021-10-13T00:00:00+00:00 [queued]>
[2023-06-11T08:51:40.306+0000] {taskinstance.py:1308} INFO - Starting attempt 1 of 6
[2023-06-11T08:51:40.593+0000] {taskinstance.py:1327} INFO - Executing <Task(BashOperator): first_task> on 2021-10-13 00:00:00+00:00
[2023-06-11T08:51:40.640+0000] {standard_task_runner.py:57} INFO - Started process 1165 to run task
[2023-06-11T08:51:40.709+0000] {standard_task_runner.py:84} INFO - Running: ['***', 'tasks', 'run', 'first_dag_02', 'first_task', 'scheduled__2021-10-13T00:00:00+00:00', '--job-id', '360', '--raw', '--subdir', 'DAGS_FOLDER/First_dag.py', '--cfg-path', '/tmp/tmpp25zwlnm']
[2023-06-11T08:51:40.728+0000] {standard_task_runner.py:85} INFO - Job 360: Subtask first_task
[2023-06-11T08:51:41.107+0000] {task_command.py:410} INFO - Running <TaskInstance: first_dag_02.first_task scheduled__2021-10-13T00:00:00+00:00 [running]> on host 964e508aad03
[2023-06-11T08:51:42.650+0000] {taskinstance.py:1547} INFO - Exporting env vars: AIRFLOW_CTX_DAG_OWNER='Raja' AIRFLOW_CTX_DAG_ID='first_dag_02' AIRFLOW_CTX_TASK_ID='first_task' AIRFLOW_CTX_EXECUTION_DATE='2021-10-13T00:00:00+00:00' AIRFLOW_CTX_TRY_NUMBER='1' AIRFLOW_CTX_DAG_RUN_ID='scheduled__2021-10-13T00:00:00+00:00'
[2023-06-11T08:51:42.652+0000] {subprocess.py:63} INFO - Tmp dir root location: 
 /tmp
[2023-06-11T08:51:42.653+0000] {subprocess.py:75} INFO - Running command: ['/bin/bash', '-c', 'echo hello world, this is the first task!']
[2023-06-11T08:51:42.731+0000] {subprocess.py:86} INFO - Output:
[2023-06-11T08:51:42.735+0000] {subprocess.py:93} INFO - hello world, this is the first task!
[2023-06-11T08:51:42.736+0000] {subprocess.py:97} INFO - Command exited with return code 0
[2023-06-11T08:51:42.954+0000] {taskinstance.py:1350} INFO - Marking task as SUCCESS. dag_id=first_dag_02, task_id=first_task, execution_date=20211013T000000, start_date=20230611T085140, end_date=20230611T085142
[2023-06-11T08:51:43.194+0000] {local_task_job_runner.py:225} INFO - Task exited with return code 0
[2023-06-11T08:51:43.488+0000] {taskinstance.py:2651} INFO - 2 downstream tasks scheduled from follow-on schedule check
[2023-06-11T10:57:50.546+0000] {taskinstance.py:1103} INFO - Dependencies all met for dep_context=non-requeueable deps ti=<TaskInstance: first_dag_02.first_task scheduled__2021-10-13T00:00:00+00:00 [queued]>
[2023-06-11T10:57:50.717+0000] {taskinstance.py:1103} INFO - Dependencies all met for dep_context=requeueable deps ti=<TaskInstance: first_dag_02.first_task scheduled__2021-10-13T00:00:00+00:00 [queued]>
[2023-06-11T10:57:50.720+0000] {taskinstance.py:1308} INFO - Starting attempt 1 of 6
[2023-06-11T10:57:51.518+0000] {taskinstance.py:1327} INFO - Executing <Task(BashOperator): first_task> on 2021-10-13 00:00:00+00:00
[2023-06-11T10:57:51.692+0000] {standard_task_runner.py:57} INFO - Started process 1283 to run task
[2023-06-11T10:57:51.715+0000] {standard_task_runner.py:84} INFO - Running: ['***', 'tasks', 'run', 'first_dag_02', 'first_task', 'scheduled__2021-10-13T00:00:00+00:00', '--job-id', '351', '--raw', '--subdir', 'DAGS_FOLDER/First_dag.py', '--cfg-path', '/tmp/tmpwftkp4rx']
[2023-06-11T10:57:51.726+0000] {standard_task_runner.py:85} INFO - Job 351: Subtask first_task
[2023-06-11T10:57:52.679+0000] {task_command.py:410} INFO - Running <TaskInstance: first_dag_02.first_task scheduled__2021-10-13T00:00:00+00:00 [running]> on host 7586ce0070ac
[2023-06-11T10:57:58.000+0000] {taskinstance.py:1547} INFO - Exporting env vars: AIRFLOW_CTX_DAG_OWNER='Raja' AIRFLOW_CTX_DAG_ID='first_dag_02' AIRFLOW_CTX_TASK_ID='first_task' AIRFLOW_CTX_EXECUTION_DATE='2021-10-13T00:00:00+00:00' AIRFLOW_CTX_TRY_NUMBER='1' AIRFLOW_CTX_DAG_RUN_ID='scheduled__2021-10-13T00:00:00+00:00'
[2023-06-11T10:57:58.051+0000] {subprocess.py:63} INFO - Tmp dir root location: 
 /tmp
[2023-06-11T10:57:58.186+0000] {subprocess.py:75} INFO - Running command: ['/bin/bash', '-c', 'echo hello world, this is the first task!']
[2023-06-11T10:57:58.822+0000] {subprocess.py:86} INFO - Output:
[2023-06-11T10:57:58.826+0000] {subprocess.py:93} INFO - hello world, this is the first task!
[2023-06-11T10:57:58.850+0000] {subprocess.py:97} INFO - Command exited with return code 0
[2023-06-11T10:57:59.913+0000] {taskinstance.py:1350} INFO - Marking task as SUCCESS. dag_id=first_dag_02, task_id=first_task, execution_date=20211013T000000, start_date=20230611T105750, end_date=20230611T105759
[2023-06-11T10:58:00.470+0000] {local_task_job_runner.py:225} INFO - Task exited with return code 0
[2023-06-11T10:58:01.453+0000] {taskinstance.py:2651} INFO - 2 downstream tasks scheduled from follow-on schedule check
