[2023-06-11T09:57:19.475+0000] {taskinstance.py:1103} INFO - Dependencies all met for dep_context=non-requeueable deps ti=<TaskInstance: dag_cron_expression_03.task1 scheduled__2022-04-29T03:00:00+00:00 [queued]>
[2023-06-11T09:57:20.040+0000] {taskinstance.py:1103} INFO - Dependencies all met for dep_context=requeueable deps ti=<TaskInstance: dag_cron_expression_03.task1 scheduled__2022-04-29T03:00:00+00:00 [queued]>
[2023-06-11T09:57:20.041+0000] {taskinstance.py:1308} INFO - Starting attempt 1 of 6
[2023-06-11T09:57:20.341+0000] {taskinstance.py:1327} INFO - Executing <Task(BashOperator): task1> on 2022-04-29 03:00:00+00:00
[2023-06-11T09:57:20.353+0000] {standard_task_runner.py:57} INFO - Started process 75 to run task
[2023-06-11T09:57:20.629+0000] {standard_task_runner.py:84} INFO - Running: ['***', 'tasks', 'run', 'dag_cron_expression_03', 'task1', 'scheduled__2022-04-29T03:00:00+00:00', '--job-id', '1669', '--raw', '--subdir', 'DAGS_FOLDER/dag_corn.py', '--cfg-path', '/tmp/tmp_ikqsqj9']
[2023-06-11T09:57:20.630+0000] {standard_task_runner.py:85} INFO - Job 1669: Subtask task1
[2023-06-11T09:57:21.789+0000] {task_command.py:410} INFO - Running <TaskInstance: dag_cron_expression_03.task1 scheduled__2022-04-29T03:00:00+00:00 [running]> on host 964e508aad03
[2023-06-11T09:57:24.586+0000] {taskinstance.py:1547} INFO - Exporting env vars: AIRFLOW_CTX_DAG_OWNER='Raja' AIRFLOW_CTX_DAG_ID='dag_cron_expression_03' AIRFLOW_CTX_TASK_ID='task1' AIRFLOW_CTX_EXECUTION_DATE='2022-04-29T03:00:00+00:00' AIRFLOW_CTX_TRY_NUMBER='1' AIRFLOW_CTX_DAG_RUN_ID='scheduled__2022-04-29T03:00:00+00:00'
[2023-06-11T09:57:24.674+0000] {subprocess.py:63} INFO - Tmp dir root location: 
 /tmp
[2023-06-11T09:57:24.680+0000] {subprocess.py:75} INFO - Running command: ['/bin/bash', '-c', 'echo dag with cron expression!']
[2023-06-11T09:57:24.851+0000] {subprocess.py:86} INFO - Output:
[2023-06-11T09:57:24.856+0000] {subprocess.py:93} INFO - dag with cron expression!
[2023-06-11T09:57:24.857+0000] {subprocess.py:97} INFO - Command exited with return code 0
[2023-06-11T09:57:25.335+0000] {taskinstance.py:1350} INFO - Marking task as SUCCESS. dag_id=dag_cron_expression_03, task_id=task1, execution_date=20220429T030000, start_date=20230611T095719, end_date=20230611T095725
[2023-06-11T09:57:25.647+0000] {local_task_job_runner.py:225} INFO - Task exited with return code 0
[2023-06-11T09:57:25.978+0000] {taskinstance.py:2651} INFO - 0 downstream tasks scheduled from follow-on schedule check
[2023-06-11T11:14:23.198+0000] {taskinstance.py:1103} INFO - Dependencies all met for dep_context=non-requeueable deps ti=<TaskInstance: dag_cron_expression_03.task1 scheduled__2022-04-29T03:00:00+00:00 [queued]>
[2023-06-11T11:14:23.921+0000] {taskinstance.py:1103} INFO - Dependencies all met for dep_context=requeueable deps ti=<TaskInstance: dag_cron_expression_03.task1 scheduled__2022-04-29T03:00:00+00:00 [queued]>
[2023-06-11T11:14:24.035+0000] {taskinstance.py:1308} INFO - Starting attempt 1 of 6
[2023-06-11T11:14:25.558+0000] {taskinstance.py:1327} INFO - Executing <Task(BashOperator): task1> on 2022-04-29 03:00:00+00:00
[2023-06-11T11:14:25.690+0000] {standard_task_runner.py:57} INFO - Started process 167 to run task
[2023-06-11T11:14:25.937+0000] {standard_task_runner.py:84} INFO - Running: ['***', 'tasks', 'run', 'dag_cron_expression_03', 'task1', 'scheduled__2022-04-29T03:00:00+00:00', '--job-id', '508', '--raw', '--subdir', 'DAGS_FOLDER/dag_cron.py', '--cfg-path', '/tmp/tmp8tmag4kd']
[2023-06-11T11:14:26.026+0000] {standard_task_runner.py:85} INFO - Job 508: Subtask task1
[2023-06-11T11:14:27.352+0000] {task_command.py:410} INFO - Running <TaskInstance: dag_cron_expression_03.task1 scheduled__2022-04-29T03:00:00+00:00 [running]> on host 7586ce0070ac
[2023-06-11T11:14:30.996+0000] {taskinstance.py:1547} INFO - Exporting env vars: AIRFLOW_CTX_DAG_OWNER='Raja' AIRFLOW_CTX_DAG_ID='dag_cron_expression_03' AIRFLOW_CTX_TASK_ID='task1' AIRFLOW_CTX_EXECUTION_DATE='2022-04-29T03:00:00+00:00' AIRFLOW_CTX_TRY_NUMBER='1' AIRFLOW_CTX_DAG_RUN_ID='scheduled__2022-04-29T03:00:00+00:00'
[2023-06-11T11:14:31.011+0000] {subprocess.py:63} INFO - Tmp dir root location: 
 /tmp
[2023-06-11T11:14:31.013+0000] {subprocess.py:75} INFO - Running command: ['/bin/bash', '-c', 'echo dag with cron expression!']
[2023-06-11T11:14:31.252+0000] {subprocess.py:86} INFO - Output:
[2023-06-11T11:14:31.292+0000] {subprocess.py:93} INFO - dag with cron expression!
[2023-06-11T11:14:31.327+0000] {subprocess.py:97} INFO - Command exited with return code 0
[2023-06-11T11:14:32.163+0000] {taskinstance.py:1350} INFO - Marking task as SUCCESS. dag_id=dag_cron_expression_03, task_id=task1, execution_date=20220429T030000, start_date=20230611T111423, end_date=20230611T111432
[2023-06-11T11:14:32.493+0000] {local_task_job_runner.py:225} INFO - Task exited with return code 0
[2023-06-11T11:14:32.855+0000] {taskinstance.py:2651} INFO - 0 downstream tasks scheduled from follow-on schedule check
