[2023-06-11T06:15:26.766+0000] {taskinstance.py:1103} INFO - Dependencies all met for dep_context=non-requeueable deps ti=<TaskInstance: dag_pythonoperator_18.get_age scheduled__2023-06-04T00:00:00+00:00 [queued]>
[2023-06-11T06:15:27.235+0000] {taskinstance.py:1103} INFO - Dependencies all met for dep_context=requeueable deps ti=<TaskInstance: dag_pythonoperator_18.get_age scheduled__2023-06-04T00:00:00+00:00 [queued]>
[2023-06-11T06:15:27.236+0000] {taskinstance.py:1308} INFO - Starting attempt 1 of 6
[2023-06-11T06:15:27.687+0000] {taskinstance.py:1327} INFO - Executing <Task(PythonOperator): get_age> on 2023-06-04 00:00:00+00:00
[2023-06-11T06:15:27.753+0000] {standard_task_runner.py:57} INFO - Started process 545 to run task
[2023-06-11T06:15:27.819+0000] {standard_task_runner.py:84} INFO - Running: ['***', 'tasks', 'run', 'dag_pythonoperator_18', 'get_age', 'scheduled__2023-06-04T00:00:00+00:00', '--job-id', '703', '--raw', '--subdir', 'DAGS_FOLDER/python_operator_dag.py', '--cfg-path', '/tmp/tmppe13zg_j']
[2023-06-11T06:15:27.824+0000] {standard_task_runner.py:85} INFO - Job 703: Subtask get_age
[2023-06-11T06:15:28.852+0000] {task_command.py:410} INFO - Running <TaskInstance: dag_pythonoperator_18.get_age scheduled__2023-06-04T00:00:00+00:00 [running]> on host 69e374580eab
[2023-06-11T06:15:30.013+0000] {taskinstance.py:1547} INFO - Exporting env vars: AIRFLOW_CTX_DAG_OWNER='Raja' AIRFLOW_CTX_DAG_ID='dag_pythonoperator_18' AIRFLOW_CTX_TASK_ID='get_age' AIRFLOW_CTX_EXECUTION_DATE='2023-06-04T00:00:00+00:00' AIRFLOW_CTX_TRY_NUMBER='1' AIRFLOW_CTX_DAG_RUN_ID='scheduled__2023-06-04T00:00:00+00:00'
[2023-06-11T06:15:30.063+0000] {python.py:183} INFO - Done. Returned value was: None
[2023-06-11T06:15:30.110+0000] {taskinstance.py:1350} INFO - Marking task as SUCCESS. dag_id=dag_pythonoperator_18, task_id=get_age, execution_date=20230604T000000, start_date=20230611T061526, end_date=20230611T061530
[2023-06-11T06:15:30.262+0000] {local_task_job_runner.py:225} INFO - Task exited with return code 0
[2023-06-11T06:15:31.169+0000] {taskinstance.py:2651} INFO - 0 downstream tasks scheduled from follow-on schedule check
[2023-06-11T08:16:51.288+0000] {taskinstance.py:1103} INFO - Dependencies all met for dep_context=non-requeueable deps ti=<TaskInstance: dag_pythonoperator_18.get_age scheduled__2023-06-04T00:00:00+00:00 [queued]>
[2023-06-11T08:16:52.225+0000] {taskinstance.py:1103} INFO - Dependencies all met for dep_context=requeueable deps ti=<TaskInstance: dag_pythonoperator_18.get_age scheduled__2023-06-04T00:00:00+00:00 [queued]>
[2023-06-11T08:16:52.226+0000] {taskinstance.py:1308} INFO - Starting attempt 1 of 6
[2023-06-11T08:16:54.606+0000] {taskinstance.py:1327} INFO - Executing <Task(PythonOperator): get_age> on 2023-06-04 00:00:00+00:00
[2023-06-11T08:16:55.415+0000] {standard_task_runner.py:57} INFO - Started process 330 to run task
[2023-06-11T08:16:55.888+0000] {standard_task_runner.py:84} INFO - Running: ['***', 'tasks', 'run', 'dag_pythonoperator_18', 'get_age', 'scheduled__2023-06-04T00:00:00+00:00', '--job-id', '116', '--raw', '--subdir', 'DAGS_FOLDER/python_operator_dag.py', '--cfg-path', '/tmp/tmpdgbpft0x']
[2023-06-11T08:16:55.900+0000] {standard_task_runner.py:85} INFO - Job 116: Subtask get_age
[2023-06-11T08:16:58.917+0000] {task_command.py:410} INFO - Running <TaskInstance: dag_pythonoperator_18.get_age scheduled__2023-06-04T00:00:00+00:00 [running]> on host 492037cdd057
[2023-06-11T08:17:01.828+0000] {taskinstance.py:1547} INFO - Exporting env vars: AIRFLOW_CTX_DAG_OWNER='Raja' AIRFLOW_CTX_DAG_ID='dag_pythonoperator_18' AIRFLOW_CTX_TASK_ID='get_age' AIRFLOW_CTX_EXECUTION_DATE='2023-06-04T00:00:00+00:00' AIRFLOW_CTX_TRY_NUMBER='1' AIRFLOW_CTX_DAG_RUN_ID='scheduled__2023-06-04T00:00:00+00:00'
[2023-06-11T08:17:02.377+0000] {python.py:183} INFO - Done. Returned value was: None
[2023-06-11T08:17:02.574+0000] {taskinstance.py:1350} INFO - Marking task as SUCCESS. dag_id=dag_pythonoperator_18, task_id=get_age, execution_date=20230604T000000, start_date=20230611T081651, end_date=20230611T081702
[2023-06-11T08:17:04.113+0000] {local_task_job_runner.py:225} INFO - Task exited with return code 0
[2023-06-11T08:17:05.675+0000] {taskinstance.py:2651} INFO - 0 downstream tasks scheduled from follow-on schedule check
[2023-06-11T08:47:38.752+0000] {taskinstance.py:1103} INFO - Dependencies all met for dep_context=non-requeueable deps ti=<TaskInstance: dag_pythonoperator_18.get_age scheduled__2023-06-04T00:00:00+00:00 [queued]>
[2023-06-11T08:47:38.917+0000] {taskinstance.py:1103} INFO - Dependencies all met for dep_context=requeueable deps ti=<TaskInstance: dag_pythonoperator_18.get_age scheduled__2023-06-04T00:00:00+00:00 [queued]>
[2023-06-11T08:47:38.917+0000] {taskinstance.py:1308} INFO - Starting attempt 1 of 6
[2023-06-11T08:47:40.147+0000] {taskinstance.py:1327} INFO - Executing <Task(PythonOperator): get_age> on 2023-06-04 00:00:00+00:00
[2023-06-11T08:47:40.331+0000] {standard_task_runner.py:57} INFO - Started process 277 to run task
[2023-06-11T08:47:40.369+0000] {standard_task_runner.py:84} INFO - Running: ['***', 'tasks', 'run', 'dag_pythonoperator_18', 'get_age', 'scheduled__2023-06-04T00:00:00+00:00', '--job-id', '75', '--raw', '--subdir', 'DAGS_FOLDER/python_operator_dag.py', '--cfg-path', '/tmp/tmpfuiuyypx']
[2023-06-11T08:47:40.370+0000] {standard_task_runner.py:85} INFO - Job 75: Subtask get_age
[2023-06-11T08:47:41.029+0000] {task_command.py:410} INFO - Running <TaskInstance: dag_pythonoperator_18.get_age scheduled__2023-06-04T00:00:00+00:00 [running]> on host 964e508aad03
[2023-06-11T08:47:42.821+0000] {taskinstance.py:1547} INFO - Exporting env vars: AIRFLOW_CTX_DAG_OWNER='Raja' AIRFLOW_CTX_DAG_ID='dag_pythonoperator_18' AIRFLOW_CTX_TASK_ID='get_age' AIRFLOW_CTX_EXECUTION_DATE='2023-06-04T00:00:00+00:00' AIRFLOW_CTX_TRY_NUMBER='1' AIRFLOW_CTX_DAG_RUN_ID='scheduled__2023-06-04T00:00:00+00:00'
[2023-06-11T08:47:43.023+0000] {python.py:183} INFO - Done. Returned value was: None
[2023-06-11T08:47:43.217+0000] {taskinstance.py:1350} INFO - Marking task as SUCCESS. dag_id=dag_pythonoperator_18, task_id=get_age, execution_date=20230604T000000, start_date=20230611T084738, end_date=20230611T084743
[2023-06-11T08:47:44.058+0000] {local_task_job_runner.py:225} INFO - Task exited with return code 0
[2023-06-11T08:47:44.456+0000] {taskinstance.py:2651} INFO - 1 downstream tasks scheduled from follow-on schedule check
[2023-06-11T10:37:51.711+0000] {taskinstance.py:1103} INFO - Dependencies all met for dep_context=non-requeueable deps ti=<TaskInstance: dag_pythonoperator_18.get_age scheduled__2023-06-04T00:00:00+00:00 [queued]>
[2023-06-11T10:37:52.874+0000] {taskinstance.py:1103} INFO - Dependencies all met for dep_context=requeueable deps ti=<TaskInstance: dag_pythonoperator_18.get_age scheduled__2023-06-04T00:00:00+00:00 [queued]>
[2023-06-11T10:37:52.875+0000] {taskinstance.py:1308} INFO - Starting attempt 1 of 6
[2023-06-11T10:37:54.492+0000] {taskinstance.py:1327} INFO - Executing <Task(PythonOperator): get_age> on 2023-06-04 00:00:00+00:00
[2023-06-11T10:37:54.682+0000] {standard_task_runner.py:57} INFO - Started process 297 to run task
[2023-06-11T10:37:54.780+0000] {standard_task_runner.py:84} INFO - Running: ['***', 'tasks', 'run', 'dag_pythonoperator_18', 'get_age', 'scheduled__2023-06-04T00:00:00+00:00', '--job-id', '73', '--raw', '--subdir', 'DAGS_FOLDER/python_operator_dag.py', '--cfg-path', '/tmp/tmp2ljjw3j2']
[2023-06-11T10:37:54.784+0000] {standard_task_runner.py:85} INFO - Job 73: Subtask get_age
[2023-06-11T10:37:57.898+0000] {task_command.py:410} INFO - Running <TaskInstance: dag_pythonoperator_18.get_age scheduled__2023-06-04T00:00:00+00:00 [running]> on host 7586ce0070ac
[2023-06-11T10:38:01.841+0000] {taskinstance.py:1547} INFO - Exporting env vars: AIRFLOW_CTX_DAG_OWNER='Raja' AIRFLOW_CTX_DAG_ID='dag_pythonoperator_18' AIRFLOW_CTX_TASK_ID='get_age' AIRFLOW_CTX_EXECUTION_DATE='2023-06-04T00:00:00+00:00' AIRFLOW_CTX_TRY_NUMBER='1' AIRFLOW_CTX_DAG_RUN_ID='scheduled__2023-06-04T00:00:00+00:00'
[2023-06-11T10:38:02.178+0000] {python.py:183} INFO - Done. Returned value was: None
[2023-06-11T10:38:02.256+0000] {taskinstance.py:1350} INFO - Marking task as SUCCESS. dag_id=dag_pythonoperator_18, task_id=get_age, execution_date=20230604T000000, start_date=20230611T103752, end_date=20230611T103802
[2023-06-11T10:38:02.485+0000] {local_task_job_runner.py:225} INFO - Task exited with return code 0
[2023-06-11T10:38:03.912+0000] {taskinstance.py:2651} INFO - 1 downstream tasks scheduled from follow-on schedule check
[2023-06-12T03:34:34.966+0000] {taskinstance.py:1103} INFO - Dependencies all met for dep_context=non-requeueable deps ti=<TaskInstance: dag_pythonoperator_18.get_age scheduled__2023-06-04T00:00:00+00:00 [queued]>
[2023-06-12T03:34:35.372+0000] {taskinstance.py:1103} INFO - Dependencies all met for dep_context=requeueable deps ti=<TaskInstance: dag_pythonoperator_18.get_age scheduled__2023-06-04T00:00:00+00:00 [queued]>
[2023-06-12T03:34:35.372+0000] {taskinstance.py:1308} INFO - Starting attempt 1 of 6
[2023-06-12T03:34:35.807+0000] {taskinstance.py:1327} INFO - Executing <Task(PythonOperator): get_age> on 2023-06-04 00:00:00+00:00
[2023-06-12T03:34:35.842+0000] {standard_task_runner.py:57} INFO - Started process 302 to run task
[2023-06-12T03:34:35.874+0000] {standard_task_runner.py:84} INFO - Running: ['***', 'tasks', 'run', 'dag_pythonoperator_18', 'get_age', 'scheduled__2023-06-04T00:00:00+00:00', '--job-id', '72', '--raw', '--subdir', 'DAGS_FOLDER/python_operator_dag.py', '--cfg-path', '/tmp/tmpeimjlyfw']
[2023-06-12T03:34:35.876+0000] {standard_task_runner.py:85} INFO - Job 72: Subtask get_age
[2023-06-12T03:34:37.845+0000] {task_command.py:410} INFO - Running <TaskInstance: dag_pythonoperator_18.get_age scheduled__2023-06-04T00:00:00+00:00 [running]> on host 03cd9a7904e9
[2023-06-12T03:34:40.866+0000] {taskinstance.py:1547} INFO - Exporting env vars: AIRFLOW_CTX_DAG_OWNER='Raja' AIRFLOW_CTX_DAG_ID='dag_pythonoperator_18' AIRFLOW_CTX_TASK_ID='get_age' AIRFLOW_CTX_EXECUTION_DATE='2023-06-04T00:00:00+00:00' AIRFLOW_CTX_TRY_NUMBER='1' AIRFLOW_CTX_DAG_RUN_ID='scheduled__2023-06-04T00:00:00+00:00'
[2023-06-12T03:34:41.506+0000] {python.py:183} INFO - Done. Returned value was: None
[2023-06-12T03:34:41.821+0000] {taskinstance.py:1350} INFO - Marking task as SUCCESS. dag_id=dag_pythonoperator_18, task_id=get_age, execution_date=20230604T000000, start_date=20230612T033435, end_date=20230612T033441
[2023-06-12T03:34:42.375+0000] {local_task_job_runner.py:225} INFO - Task exited with return code 0
[2023-06-12T03:34:43.116+0000] {taskinstance.py:2651} INFO - 0 downstream tasks scheduled from follow-on schedule check
