[2023-06-11T09:46:08.831+0000] {taskinstance.py:1103} INFO - Dependencies all met for dep_context=non-requeueable deps ti=<TaskInstance: first_dag_02.thrid_task scheduled__2022-06-01T00:00:00+00:00 [queued]>
[2023-06-11T09:46:08.935+0000] {taskinstance.py:1103} INFO - Dependencies all met for dep_context=requeueable deps ti=<TaskInstance: first_dag_02.thrid_task scheduled__2022-06-01T00:00:00+00:00 [queued]>
[2023-06-11T09:46:08.939+0000] {taskinstance.py:1308} INFO - Starting attempt 1 of 6
[2023-06-11T09:46:09.504+0000] {taskinstance.py:1327} INFO - Executing <Task(BashOperator): thrid_task> on 2022-06-01 00:00:00+00:00
[2023-06-11T09:46:09.671+0000] {standard_task_runner.py:57} INFO - Started process 4837 to run task
[2023-06-11T09:46:09.760+0000] {standard_task_runner.py:84} INFO - Running: ['***', 'tasks', 'run', 'first_dag_02', 'thrid_task', 'scheduled__2022-06-01T00:00:00+00:00', '--job-id', '1482', '--raw', '--subdir', 'DAGS_FOLDER/First_dag.py', '--cfg-path', '/tmp/tmp_2h7fd39']
[2023-06-11T09:46:09.761+0000] {standard_task_runner.py:85} INFO - Job 1482: Subtask thrid_task
[2023-06-11T09:46:10.669+0000] {task_command.py:410} INFO - Running <TaskInstance: first_dag_02.thrid_task scheduled__2022-06-01T00:00:00+00:00 [running]> on host 964e508aad03
[2023-06-11T09:46:12.747+0000] {taskinstance.py:1547} INFO - Exporting env vars: AIRFLOW_CTX_DAG_OWNER='Raja' AIRFLOW_CTX_DAG_ID='first_dag_02' AIRFLOW_CTX_TASK_ID='thrid_task' AIRFLOW_CTX_EXECUTION_DATE='2022-06-01T00:00:00+00:00' AIRFLOW_CTX_TRY_NUMBER='1' AIRFLOW_CTX_DAG_RUN_ID='scheduled__2022-06-01T00:00:00+00:00'
[2023-06-11T09:46:12.750+0000] {subprocess.py:63} INFO - Tmp dir root location: 
 /tmp
[2023-06-11T09:46:12.750+0000] {subprocess.py:75} INFO - Running command: ['/bin/bash', '-c', 'echo hey, I am task3 and will be running after task1 at the same time as task2!']
[2023-06-11T09:46:12.786+0000] {subprocess.py:86} INFO - Output:
[2023-06-11T09:46:12.792+0000] {subprocess.py:93} INFO - hey, I am task3 and will be running after task1 at the same time as task2!
[2023-06-11T09:46:12.798+0000] {subprocess.py:97} INFO - Command exited with return code 0
[2023-06-11T09:46:12.962+0000] {taskinstance.py:1350} INFO - Marking task as SUCCESS. dag_id=first_dag_02, task_id=thrid_task, execution_date=20220601T000000, start_date=20230611T094608, end_date=20230611T094612
[2023-06-11T09:46:13.116+0000] {local_task_job_runner.py:225} INFO - Task exited with return code 0
[2023-06-11T09:46:13.378+0000] {taskinstance.py:2651} INFO - 0 downstream tasks scheduled from follow-on schedule check
[2023-06-11T15:32:55.458+0000] {taskinstance.py:1103} INFO - Dependencies all met for dep_context=non-requeueable deps ti=<TaskInstance: first_dag_02.thrid_task scheduled__2022-06-01T00:00:00+00:00 [queued]>
[2023-06-11T15:32:55.761+0000] {taskinstance.py:1103} INFO - Dependencies all met for dep_context=requeueable deps ti=<TaskInstance: first_dag_02.thrid_task scheduled__2022-06-01T00:00:00+00:00 [queued]>
[2023-06-11T15:32:55.761+0000] {taskinstance.py:1308} INFO - Starting attempt 1 of 6
[2023-06-11T15:32:56.032+0000] {taskinstance.py:1327} INFO - Executing <Task(BashOperator): thrid_task> on 2022-06-01 00:00:00+00:00
[2023-06-11T15:32:56.119+0000] {standard_task_runner.py:57} INFO - Started process 1390 to run task
[2023-06-11T15:32:56.244+0000] {standard_task_runner.py:84} INFO - Running: ['***', 'tasks', 'run', 'first_dag_02', 'thrid_task', 'scheduled__2022-06-01T00:00:00+00:00', '--job-id', '1514', '--raw', '--subdir', 'DAGS_FOLDER/First_dag.py', '--cfg-path', '/tmp/tmpnx6h19ry']
[2023-06-11T15:32:56.245+0000] {standard_task_runner.py:85} INFO - Job 1514: Subtask thrid_task
[2023-06-11T15:32:57.301+0000] {task_command.py:410} INFO - Running <TaskInstance: first_dag_02.thrid_task scheduled__2022-06-01T00:00:00+00:00 [running]> on host 7586ce0070ac
[2023-06-11T15:32:59.839+0000] {taskinstance.py:1547} INFO - Exporting env vars: AIRFLOW_CTX_DAG_OWNER='Raja' AIRFLOW_CTX_DAG_ID='first_dag_02' AIRFLOW_CTX_TASK_ID='thrid_task' AIRFLOW_CTX_EXECUTION_DATE='2022-06-01T00:00:00+00:00' AIRFLOW_CTX_TRY_NUMBER='1' AIRFLOW_CTX_DAG_RUN_ID='scheduled__2022-06-01T00:00:00+00:00'
[2023-06-11T15:32:59.841+0000] {subprocess.py:63} INFO - Tmp dir root location: 
 /tmp
[2023-06-11T15:32:59.842+0000] {subprocess.py:75} INFO - Running command: ['/bin/bash', '-c', 'echo hey, I am task3 and will be running after task1 at the same time as task2!']
[2023-06-11T15:32:59.994+0000] {subprocess.py:86} INFO - Output:
[2023-06-11T15:33:00.043+0000] {subprocess.py:93} INFO - hey, I am task3 and will be running after task1 at the same time as task2!
[2023-06-11T15:33:00.068+0000] {subprocess.py:97} INFO - Command exited with return code 0
[2023-06-11T15:33:00.412+0000] {taskinstance.py:1350} INFO - Marking task as SUCCESS. dag_id=first_dag_02, task_id=thrid_task, execution_date=20220601T000000, start_date=20230611T153255, end_date=20230611T153300
[2023-06-11T15:33:00.986+0000] {local_task_job_runner.py:225} INFO - Task exited with return code 0
[2023-06-11T15:33:01.362+0000] {taskinstance.py:2651} INFO - 0 downstream tasks scheduled from follow-on schedule check
