[2023-06-11T08:58:41.951+0000] {taskinstance.py:1103} INFO - Dependencies all met for dep_context=non-requeueable deps ti=<TaskInstance: first_dag_02.first_task scheduled__2022-01-26T00:00:00+00:00 [queued]>
[2023-06-11T08:58:42.105+0000] {taskinstance.py:1103} INFO - Dependencies all met for dep_context=requeueable deps ti=<TaskInstance: first_dag_02.first_task scheduled__2022-01-26T00:00:00+00:00 [queued]>
[2023-06-11T08:58:42.114+0000] {taskinstance.py:1308} INFO - Starting attempt 1 of 6
[2023-06-11T08:58:42.372+0000] {taskinstance.py:1327} INFO - Executing <Task(BashOperator): first_task> on 2022-01-26 00:00:00+00:00
[2023-06-11T08:58:42.415+0000] {standard_task_runner.py:57} INFO - Started process 2764 to run task
[2023-06-11T08:58:42.457+0000] {standard_task_runner.py:84} INFO - Running: ['***', 'tasks', 'run', 'first_dag_02', 'first_task', 'scheduled__2022-01-26T00:00:00+00:00', '--job-id', '862', '--raw', '--subdir', 'DAGS_FOLDER/First_dag.py', '--cfg-path', '/tmp/tmpks_v9iai']
[2023-06-11T08:58:42.458+0000] {standard_task_runner.py:85} INFO - Job 862: Subtask first_task
[2023-06-11T08:58:42.849+0000] {task_command.py:410} INFO - Running <TaskInstance: first_dag_02.first_task scheduled__2022-01-26T00:00:00+00:00 [running]> on host 964e508aad03
[2023-06-11T08:58:44.296+0000] {taskinstance.py:1547} INFO - Exporting env vars: AIRFLOW_CTX_DAG_OWNER='Raja' AIRFLOW_CTX_DAG_ID='first_dag_02' AIRFLOW_CTX_TASK_ID='first_task' AIRFLOW_CTX_EXECUTION_DATE='2022-01-26T00:00:00+00:00' AIRFLOW_CTX_TRY_NUMBER='1' AIRFLOW_CTX_DAG_RUN_ID='scheduled__2022-01-26T00:00:00+00:00'
[2023-06-11T08:58:44.298+0000] {subprocess.py:63} INFO - Tmp dir root location: 
 /tmp
[2023-06-11T08:58:44.299+0000] {subprocess.py:75} INFO - Running command: ['/bin/bash', '-c', 'echo hello world, this is the first task!']
[2023-06-11T08:58:44.451+0000] {subprocess.py:86} INFO - Output:
[2023-06-11T08:58:44.472+0000] {subprocess.py:93} INFO - hello world, this is the first task!
[2023-06-11T08:58:44.473+0000] {subprocess.py:97} INFO - Command exited with return code 0
[2023-06-11T08:58:44.842+0000] {taskinstance.py:1350} INFO - Marking task as SUCCESS. dag_id=first_dag_02, task_id=first_task, execution_date=20220126T000000, start_date=20230611T085841, end_date=20230611T085844
[2023-06-11T08:58:44.959+0000] {local_task_job_runner.py:225} INFO - Task exited with return code 0
[2023-06-11T08:58:45.366+0000] {taskinstance.py:2651} INFO - 2 downstream tasks scheduled from follow-on schedule check
[2023-06-11T11:31:31.377+0000] {taskinstance.py:1103} INFO - Dependencies all met for dep_context=non-requeueable deps ti=<TaskInstance: first_dag_02.first_task scheduled__2022-01-26T00:00:00+00:00 [queued]>
[2023-06-11T11:31:31.514+0000] {taskinstance.py:1103} INFO - Dependencies all met for dep_context=requeueable deps ti=<TaskInstance: first_dag_02.first_task scheduled__2022-01-26T00:00:00+00:00 [queued]>
[2023-06-11T11:31:31.519+0000] {taskinstance.py:1308} INFO - Starting attempt 1 of 6
[2023-06-11T11:31:33.955+0000] {taskinstance.py:1327} INFO - Executing <Task(BashOperator): first_task> on 2022-01-26 00:00:00+00:00
[2023-06-11T11:31:33.994+0000] {standard_task_runner.py:57} INFO - Started process 337 to run task
[2023-06-11T11:31:34.039+0000] {standard_task_runner.py:84} INFO - Running: ['***', 'tasks', 'run', 'first_dag_02', 'first_task', 'scheduled__2022-01-26T00:00:00+00:00', '--job-id', '906', '--raw', '--subdir', 'DAGS_FOLDER/First_dag.py', '--cfg-path', '/tmp/tmp029s11r0']
[2023-06-11T11:31:34.040+0000] {standard_task_runner.py:85} INFO - Job 906: Subtask first_task
[2023-06-11T11:31:34.959+0000] {task_command.py:410} INFO - Running <TaskInstance: first_dag_02.first_task scheduled__2022-01-26T00:00:00+00:00 [running]> on host 7586ce0070ac
[2023-06-11T11:31:38.475+0000] {taskinstance.py:1547} INFO - Exporting env vars: AIRFLOW_CTX_DAG_OWNER='Raja' AIRFLOW_CTX_DAG_ID='first_dag_02' AIRFLOW_CTX_TASK_ID='first_task' AIRFLOW_CTX_EXECUTION_DATE='2022-01-26T00:00:00+00:00' AIRFLOW_CTX_TRY_NUMBER='1' AIRFLOW_CTX_DAG_RUN_ID='scheduled__2022-01-26T00:00:00+00:00'
[2023-06-11T11:31:38.481+0000] {subprocess.py:63} INFO - Tmp dir root location: 
 /tmp
[2023-06-11T11:31:38.504+0000] {subprocess.py:75} INFO - Running command: ['/bin/bash', '-c', 'echo hello world, this is the first task!']
[2023-06-11T11:31:38.667+0000] {subprocess.py:86} INFO - Output:
[2023-06-11T11:31:38.704+0000] {subprocess.py:93} INFO - hello world, this is the first task!
[2023-06-11T11:31:38.704+0000] {subprocess.py:97} INFO - Command exited with return code 0
[2023-06-11T11:31:38.874+0000] {taskinstance.py:1350} INFO - Marking task as SUCCESS. dag_id=first_dag_02, task_id=first_task, execution_date=20220126T000000, start_date=20230611T113131, end_date=20230611T113138
[2023-06-11T11:31:38.999+0000] {local_task_job_runner.py:225} INFO - Task exited with return code 0
[2023-06-11T11:31:39.264+0000] {taskinstance.py:2651} INFO - 2 downstream tasks scheduled from follow-on schedule check
