[2023-06-11T06:15:02.708+0000] {taskinstance.py:1103} INFO - Dependencies all met for dep_context=non-requeueable deps ti=<TaskInstance: dag_pythonoperator_18.first_task scheduled__2023-06-04T00:00:00+00:00 [queued]>
[2023-06-11T06:15:02.773+0000] {taskinstance.py:1103} INFO - Dependencies all met for dep_context=requeueable deps ti=<TaskInstance: dag_pythonoperator_18.first_task scheduled__2023-06-04T00:00:00+00:00 [queued]>
[2023-06-11T06:15:02.774+0000] {taskinstance.py:1308} INFO - Starting attempt 1 of 6
[2023-06-11T06:15:02.946+0000] {taskinstance.py:1327} INFO - Executing <Task(PythonOperator): first_task> on 2023-06-04 00:00:00+00:00
[2023-06-11T06:15:02.961+0000] {standard_task_runner.py:57} INFO - Started process 510 to run task
[2023-06-11T06:15:02.978+0000] {standard_task_runner.py:84} INFO - Running: ['***', 'tasks', 'run', 'dag_pythonoperator_18', 'first_task', 'scheduled__2023-06-04T00:00:00+00:00', '--job-id', '687', '--raw', '--subdir', 'DAGS_FOLDER/python_operator_dag.py', '--cfg-path', '/tmp/tmpmfe3veio']
[2023-06-11T06:15:02.982+0000] {standard_task_runner.py:85} INFO - Job 687: Subtask first_task
[2023-06-11T06:15:03.390+0000] {task_command.py:410} INFO - Running <TaskInstance: dag_pythonoperator_18.first_task scheduled__2023-06-04T00:00:00+00:00 [running]> on host 69e374580eab
[2023-06-11T06:15:04.879+0000] {taskinstance.py:1547} INFO - Exporting env vars: AIRFLOW_CTX_DAG_OWNER='Raja' AIRFLOW_CTX_DAG_ID='dag_pythonoperator_18' AIRFLOW_CTX_TASK_ID='first_task' AIRFLOW_CTX_EXECUTION_DATE='2023-06-04T00:00:00+00:00' AIRFLOW_CTX_TRY_NUMBER='1' AIRFLOW_CTX_DAG_RUN_ID='scheduled__2023-06-04T00:00:00+00:00'
[2023-06-11T06:15:04.880+0000] {logging_mixin.py:149} INFO - Hai this first python_operator dag
[2023-06-11T06:15:04.881+0000] {python.py:183} INFO - Done. Returned value was: None
[2023-06-11T06:15:04.931+0000] {taskinstance.py:1350} INFO - Marking task as SUCCESS. dag_id=dag_pythonoperator_18, task_id=first_task, execution_date=20230604T000000, start_date=20230611T061502, end_date=20230611T061504
[2023-06-11T06:15:05.110+0000] {local_task_job_runner.py:225} INFO - Task exited with return code 0
[2023-06-11T06:15:05.928+0000] {taskinstance.py:2651} INFO - 1 downstream tasks scheduled from follow-on schedule check
[2023-06-11T08:14:03.550+0000] {taskinstance.py:1103} INFO - Dependencies all met for dep_context=non-requeueable deps ti=<TaskInstance: dag_pythonoperator_18.first_task scheduled__2023-06-04T00:00:00+00:00 [queued]>
[2023-06-11T08:14:03.830+0000] {taskinstance.py:1103} INFO - Dependencies all met for dep_context=requeueable deps ti=<TaskInstance: dag_pythonoperator_18.first_task scheduled__2023-06-04T00:00:00+00:00 [queued]>
[2023-06-11T08:14:03.831+0000] {taskinstance.py:1308} INFO - Starting attempt 1 of 6
[2023-06-11T08:14:04.630+0000] {taskinstance.py:1327} INFO - Executing <Task(PythonOperator): first_task> on 2023-06-04 00:00:00+00:00
[2023-06-11T08:14:04.652+0000] {standard_task_runner.py:57} INFO - Started process 82 to run task
[2023-06-11T08:14:05.434+0000] {standard_task_runner.py:84} INFO - Running: ['***', 'tasks', 'run', 'dag_pythonoperator_18', 'first_task', 'scheduled__2023-06-04T00:00:00+00:00', '--job-id', '40', '--raw', '--subdir', 'DAGS_FOLDER/python_operator_dag.py', '--cfg-path', '/tmp/tmpgyi_16pn']
[2023-06-11T08:14:05.435+0000] {standard_task_runner.py:85} INFO - Job 40: Subtask first_task
[2023-06-11T08:14:07.172+0000] {task_command.py:410} INFO - Running <TaskInstance: dag_pythonoperator_18.first_task scheduled__2023-06-04T00:00:00+00:00 [running]> on host 492037cdd057
[2023-06-11T08:14:10.553+0000] {taskinstance.py:1547} INFO - Exporting env vars: AIRFLOW_CTX_DAG_OWNER='Raja' AIRFLOW_CTX_DAG_ID='dag_pythonoperator_18' AIRFLOW_CTX_TASK_ID='first_task' AIRFLOW_CTX_EXECUTION_DATE='2023-06-04T00:00:00+00:00' AIRFLOW_CTX_TRY_NUMBER='1' AIRFLOW_CTX_DAG_RUN_ID='scheduled__2023-06-04T00:00:00+00:00'
[2023-06-11T08:14:10.566+0000] {logging_mixin.py:149} INFO - Hai this first python_operator dag
[2023-06-11T08:14:10.576+0000] {python.py:183} INFO - Done. Returned value was: None
[2023-06-11T08:14:10.752+0000] {taskinstance.py:1350} INFO - Marking task as SUCCESS. dag_id=dag_pythonoperator_18, task_id=first_task, execution_date=20230604T000000, start_date=20230611T081403, end_date=20230611T081410
[2023-06-11T08:14:12.217+0000] {local_task_job_runner.py:225} INFO - Task exited with return code 0
[2023-06-11T08:14:15.311+0000] {taskinstance.py:2651} INFO - 0 downstream tasks scheduled from follow-on schedule check
[2023-06-11T08:46:28.406+0000] {taskinstance.py:1103} INFO - Dependencies all met for dep_context=non-requeueable deps ti=<TaskInstance: dag_pythonoperator_18.first_task scheduled__2023-06-04T00:00:00+00:00 [queued]>
[2023-06-11T08:46:28.721+0000] {taskinstance.py:1103} INFO - Dependencies all met for dep_context=requeueable deps ti=<TaskInstance: dag_pythonoperator_18.first_task scheduled__2023-06-04T00:00:00+00:00 [queued]>
[2023-06-11T08:46:28.722+0000] {taskinstance.py:1308} INFO - Starting attempt 1 of 6
[2023-06-11T08:46:28.820+0000] {taskinstance.py:1327} INFO - Executing <Task(PythonOperator): first_task> on 2023-06-04 00:00:00+00:00
[2023-06-11T08:46:28.839+0000] {standard_task_runner.py:57} INFO - Started process 75 to run task
[2023-06-11T08:46:28.946+0000] {standard_task_runner.py:84} INFO - Running: ['***', 'tasks', 'run', 'dag_pythonoperator_18', 'first_task', 'scheduled__2023-06-04T00:00:00+00:00', '--job-id', '3', '--raw', '--subdir', 'DAGS_FOLDER/python_operator_dag.py', '--cfg-path', '/tmp/tmppooz6ubd']
[2023-06-11T08:46:28.947+0000] {standard_task_runner.py:85} INFO - Job 3: Subtask first_task
[2023-06-11T08:46:31.132+0000] {task_command.py:410} INFO - Running <TaskInstance: dag_pythonoperator_18.first_task scheduled__2023-06-04T00:00:00+00:00 [running]> on host 964e508aad03
[2023-06-11T08:46:34.605+0000] {taskinstance.py:1547} INFO - Exporting env vars: AIRFLOW_CTX_DAG_OWNER='Raja' AIRFLOW_CTX_DAG_ID='dag_pythonoperator_18' AIRFLOW_CTX_TASK_ID='first_task' AIRFLOW_CTX_EXECUTION_DATE='2023-06-04T00:00:00+00:00' AIRFLOW_CTX_TRY_NUMBER='1' AIRFLOW_CTX_DAG_RUN_ID='scheduled__2023-06-04T00:00:00+00:00'
[2023-06-11T08:46:34.653+0000] {logging_mixin.py:149} INFO - Hai this first python_operator dag
[2023-06-11T08:46:34.653+0000] {python.py:183} INFO - Done. Returned value was: None
[2023-06-11T08:46:35.011+0000] {taskinstance.py:1350} INFO - Marking task as SUCCESS. dag_id=dag_pythonoperator_18, task_id=first_task, execution_date=20230604T000000, start_date=20230611T084628, end_date=20230611T084635
[2023-06-11T08:46:35.980+0000] {local_task_job_runner.py:225} INFO - Task exited with return code 0
[2023-06-11T08:46:37.216+0000] {taskinstance.py:2651} INFO - 1 downstream tasks scheduled from follow-on schedule check
[2023-06-11T10:35:31.521+0000] {taskinstance.py:1103} INFO - Dependencies all met for dep_context=non-requeueable deps ti=<TaskInstance: dag_pythonoperator_18.first_task scheduled__2023-06-04T00:00:00+00:00 [queued]>
[2023-06-11T10:35:33.275+0000] {taskinstance.py:1103} INFO - Dependencies all met for dep_context=requeueable deps ti=<TaskInstance: dag_pythonoperator_18.first_task scheduled__2023-06-04T00:00:00+00:00 [queued]>
[2023-06-11T10:35:33.287+0000] {taskinstance.py:1308} INFO - Starting attempt 1 of 6
[2023-06-11T10:35:34.077+0000] {taskinstance.py:1327} INFO - Executing <Task(PythonOperator): first_task> on 2023-06-04 00:00:00+00:00
[2023-06-11T10:35:34.119+0000] {standard_task_runner.py:57} INFO - Started process 115 to run task
[2023-06-11T10:35:34.134+0000] {standard_task_runner.py:84} INFO - Running: ['***', 'tasks', 'run', 'dag_pythonoperator_18', 'first_task', 'scheduled__2023-06-04T00:00:00+00:00', '--job-id', '17', '--raw', '--subdir', 'DAGS_FOLDER/python_operator_dag.py', '--cfg-path', '/tmp/tmp_4va6uhz']
[2023-06-11T10:35:34.135+0000] {standard_task_runner.py:85} INFO - Job 17: Subtask first_task
[2023-06-11T10:35:36.361+0000] {task_command.py:410} INFO - Running <TaskInstance: dag_pythonoperator_18.first_task scheduled__2023-06-04T00:00:00+00:00 [running]> on host 7586ce0070ac
[2023-06-11T10:35:43.282+0000] {taskinstance.py:1547} INFO - Exporting env vars: AIRFLOW_CTX_DAG_OWNER='Raja' AIRFLOW_CTX_DAG_ID='dag_pythonoperator_18' AIRFLOW_CTX_TASK_ID='first_task' AIRFLOW_CTX_EXECUTION_DATE='2023-06-04T00:00:00+00:00' AIRFLOW_CTX_TRY_NUMBER='1' AIRFLOW_CTX_DAG_RUN_ID='scheduled__2023-06-04T00:00:00+00:00'
[2023-06-11T10:35:43.362+0000] {logging_mixin.py:149} INFO - Hai this first python_operator dag
[2023-06-11T10:35:43.362+0000] {python.py:183} INFO - Done. Returned value was: None
[2023-06-11T10:35:43.452+0000] {taskinstance.py:1350} INFO - Marking task as SUCCESS. dag_id=dag_pythonoperator_18, task_id=first_task, execution_date=20230604T000000, start_date=20230611T103531, end_date=20230611T103543
[2023-06-11T10:35:43.730+0000] {local_task_job_runner.py:225} INFO - Task exited with return code 0
[2023-06-11T10:35:45.781+0000] {taskinstance.py:2651} INFO - 1 downstream tasks scheduled from follow-on schedule check
[2023-06-12T03:31:56.228+0000] {taskinstance.py:1103} INFO - Dependencies all met for dep_context=non-requeueable deps ti=<TaskInstance: dag_pythonoperator_18.first_task scheduled__2023-06-04T00:00:00+00:00 [queued]>
[2023-06-12T03:31:57.130+0000] {taskinstance.py:1103} INFO - Dependencies all met for dep_context=requeueable deps ti=<TaskInstance: dag_pythonoperator_18.first_task scheduled__2023-06-04T00:00:00+00:00 [queued]>
[2023-06-12T03:31:57.131+0000] {taskinstance.py:1308} INFO - Starting attempt 1 of 6
[2023-06-12T03:31:58.245+0000] {taskinstance.py:1327} INFO - Executing <Task(PythonOperator): first_task> on 2023-06-04 00:00:00+00:00
[2023-06-12T03:31:58.901+0000] {standard_task_runner.py:57} INFO - Started process 98 to run task
[2023-06-12T03:31:59.545+0000] {standard_task_runner.py:84} INFO - Running: ['***', 'tasks', 'run', 'dag_pythonoperator_18', 'first_task', 'scheduled__2023-06-04T00:00:00+00:00', '--job-id', '8', '--raw', '--subdir', 'DAGS_FOLDER/python_operator_dag.py', '--cfg-path', '/tmp/tmp7q3j_3cn']
[2023-06-12T03:31:59.546+0000] {standard_task_runner.py:85} INFO - Job 8: Subtask first_task
[2023-06-12T03:32:03.395+0000] {task_command.py:410} INFO - Running <TaskInstance: dag_pythonoperator_18.first_task scheduled__2023-06-04T00:00:00+00:00 [running]> on host 03cd9a7904e9
[2023-06-12T03:32:11.106+0000] {taskinstance.py:1547} INFO - Exporting env vars: AIRFLOW_CTX_DAG_OWNER='Raja' AIRFLOW_CTX_DAG_ID='dag_pythonoperator_18' AIRFLOW_CTX_TASK_ID='first_task' AIRFLOW_CTX_EXECUTION_DATE='2023-06-04T00:00:00+00:00' AIRFLOW_CTX_TRY_NUMBER='1' AIRFLOW_CTX_DAG_RUN_ID='scheduled__2023-06-04T00:00:00+00:00'
[2023-06-12T03:32:11.108+0000] {logging_mixin.py:149} INFO - Hai this first python_operator dag
[2023-06-12T03:32:11.109+0000] {python.py:183} INFO - Done. Returned value was: None
[2023-06-12T03:32:12.589+0000] {taskinstance.py:1350} INFO - Marking task as SUCCESS. dag_id=dag_pythonoperator_18, task_id=first_task, execution_date=20230604T000000, start_date=20230612T033156, end_date=20230612T033212
[2023-06-12T03:32:13.869+0000] {local_task_job_runner.py:225} INFO - Task exited with return code 0
[2023-06-12T03:32:16.803+0000] {taskinstance.py:2651} INFO - 1 downstream tasks scheduled from follow-on schedule check
