[2023-06-11T09:57:26.618+0000] {taskinstance.py:1103} INFO - Dependencies all met for dep_context=non-requeueable deps ti=<TaskInstance: dag_cron_expression_03.task1 scheduled__2022-04-21T03:00:00+00:00 [queued]>
[2023-06-11T09:57:26.699+0000] {taskinstance.py:1103} INFO - Dependencies all met for dep_context=requeueable deps ti=<TaskInstance: dag_cron_expression_03.task1 scheduled__2022-04-21T03:00:00+00:00 [queued]>
[2023-06-11T09:57:26.700+0000] {taskinstance.py:1308} INFO - Starting attempt 1 of 6
[2023-06-11T09:57:26.834+0000] {taskinstance.py:1327} INFO - Executing <Task(BashOperator): task1> on 2022-04-21 03:00:00+00:00
[2023-06-11T09:57:26.850+0000] {standard_task_runner.py:57} INFO - Started process 94 to run task
[2023-06-11T09:57:26.902+0000] {standard_task_runner.py:84} INFO - Running: ['***', 'tasks', 'run', 'dag_cron_expression_03', 'task1', 'scheduled__2022-04-21T03:00:00+00:00', '--job-id', '1675', '--raw', '--subdir', 'DAGS_FOLDER/dag_corn.py', '--cfg-path', '/tmp/tmpsb38uwp8']
[2023-06-11T09:57:26.903+0000] {standard_task_runner.py:85} INFO - Job 1675: Subtask task1
[2023-06-11T09:57:27.223+0000] {task_command.py:410} INFO - Running <TaskInstance: dag_cron_expression_03.task1 scheduled__2022-04-21T03:00:00+00:00 [running]> on host 964e508aad03
[2023-06-11T09:57:27.931+0000] {taskinstance.py:1547} INFO - Exporting env vars: AIRFLOW_CTX_DAG_OWNER='Raja' AIRFLOW_CTX_DAG_ID='dag_cron_expression_03' AIRFLOW_CTX_TASK_ID='task1' AIRFLOW_CTX_EXECUTION_DATE='2022-04-21T03:00:00+00:00' AIRFLOW_CTX_TRY_NUMBER='1' AIRFLOW_CTX_DAG_RUN_ID='scheduled__2022-04-21T03:00:00+00:00'
[2023-06-11T09:57:27.952+0000] {subprocess.py:63} INFO - Tmp dir root location: 
 /tmp
[2023-06-11T09:57:27.964+0000] {subprocess.py:75} INFO - Running command: ['/bin/bash', '-c', 'echo dag with cron expression!']
[2023-06-11T09:57:28.034+0000] {subprocess.py:86} INFO - Output:
[2023-06-11T09:57:28.040+0000] {subprocess.py:93} INFO - dag with cron expression!
[2023-06-11T09:57:28.041+0000] {subprocess.py:97} INFO - Command exited with return code 0
[2023-06-11T09:57:28.325+0000] {taskinstance.py:1350} INFO - Marking task as SUCCESS. dag_id=dag_cron_expression_03, task_id=task1, execution_date=20220421T030000, start_date=20230611T095726, end_date=20230611T095728
[2023-06-11T09:57:28.466+0000] {local_task_job_runner.py:225} INFO - Task exited with return code 0
[2023-06-11T09:57:28.571+0000] {taskinstance.py:2651} INFO - 0 downstream tasks scheduled from follow-on schedule check
[2023-06-11T11:14:02.013+0000] {taskinstance.py:1103} INFO - Dependencies all met for dep_context=non-requeueable deps ti=<TaskInstance: dag_cron_expression_03.task1 scheduled__2022-04-21T03:00:00+00:00 [queued]>
[2023-06-11T11:14:02.105+0000] {taskinstance.py:1103} INFO - Dependencies all met for dep_context=requeueable deps ti=<TaskInstance: dag_cron_expression_03.task1 scheduled__2022-04-21T03:00:00+00:00 [queued]>
[2023-06-11T11:14:02.105+0000] {taskinstance.py:1308} INFO - Starting attempt 1 of 6
[2023-06-11T11:14:03.253+0000] {taskinstance.py:1327} INFO - Executing <Task(BashOperator): task1> on 2022-04-21 03:00:00+00:00
[2023-06-11T11:14:03.336+0000] {standard_task_runner.py:57} INFO - Started process 122 to run task
[2023-06-11T11:14:03.565+0000] {standard_task_runner.py:84} INFO - Running: ['***', 'tasks', 'run', 'dag_cron_expression_03', 'task1', 'scheduled__2022-04-21T03:00:00+00:00', '--job-id', '492', '--raw', '--subdir', 'DAGS_FOLDER/dag_cron.py', '--cfg-path', '/tmp/tmp39oib95o']
[2023-06-11T11:14:03.641+0000] {standard_task_runner.py:85} INFO - Job 492: Subtask task1
[2023-06-11T11:14:04.267+0000] {task_command.py:410} INFO - Running <TaskInstance: dag_cron_expression_03.task1 scheduled__2022-04-21T03:00:00+00:00 [running]> on host 7586ce0070ac
[2023-06-11T11:14:07.078+0000] {taskinstance.py:1547} INFO - Exporting env vars: AIRFLOW_CTX_DAG_OWNER='Raja' AIRFLOW_CTX_DAG_ID='dag_cron_expression_03' AIRFLOW_CTX_TASK_ID='task1' AIRFLOW_CTX_EXECUTION_DATE='2022-04-21T03:00:00+00:00' AIRFLOW_CTX_TRY_NUMBER='1' AIRFLOW_CTX_DAG_RUN_ID='scheduled__2022-04-21T03:00:00+00:00'
[2023-06-11T11:14:07.090+0000] {subprocess.py:63} INFO - Tmp dir root location: 
 /tmp
[2023-06-11T11:14:07.101+0000] {subprocess.py:75} INFO - Running command: ['/bin/bash', '-c', 'echo dag with cron expression!']
[2023-06-11T11:14:07.491+0000] {subprocess.py:86} INFO - Output:
[2023-06-11T11:14:07.501+0000] {subprocess.py:93} INFO - dag with cron expression!
[2023-06-11T11:14:07.520+0000] {subprocess.py:97} INFO - Command exited with return code 0
[2023-06-11T11:14:08.351+0000] {taskinstance.py:1350} INFO - Marking task as SUCCESS. dag_id=dag_cron_expression_03, task_id=task1, execution_date=20220421T030000, start_date=20230611T111402, end_date=20230611T111408
[2023-06-11T11:14:09.475+0000] {local_task_job_runner.py:225} INFO - Task exited with return code 0
[2023-06-11T11:14:09.913+0000] {taskinstance.py:2651} INFO - 0 downstream tasks scheduled from follow-on schedule check
