[2023-06-11T09:00:25.465+0000] {taskinstance.py:1103} INFO - Dependencies all met for dep_context=non-requeueable deps ti=<TaskInstance: first_dag_02.thrid_task scheduled__2022-02-18T00:00:00+00:00 [queued]>
[2023-06-11T09:00:25.776+0000] {taskinstance.py:1103} INFO - Dependencies all met for dep_context=requeueable deps ti=<TaskInstance: first_dag_02.thrid_task scheduled__2022-02-18T00:00:00+00:00 [queued]>
[2023-06-11T09:00:25.776+0000] {taskinstance.py:1308} INFO - Starting attempt 1 of 6
[2023-06-11T09:00:26.307+0000] {taskinstance.py:1327} INFO - Executing <Task(BashOperator): thrid_task> on 2022-02-18 00:00:00+00:00
[2023-06-11T09:00:26.378+0000] {standard_task_runner.py:57} INFO - Started process 3163 to run task
[2023-06-11T09:00:26.467+0000] {standard_task_runner.py:84} INFO - Running: ['***', 'tasks', 'run', 'first_dag_02', 'thrid_task', 'scheduled__2022-02-18T00:00:00+00:00', '--job-id', '988', '--raw', '--subdir', 'DAGS_FOLDER/First_dag.py', '--cfg-path', '/tmp/tmp12yelt6c']
[2023-06-11T09:00:26.524+0000] {standard_task_runner.py:85} INFO - Job 988: Subtask thrid_task
[2023-06-11T09:00:26.982+0000] {task_command.py:410} INFO - Running <TaskInstance: first_dag_02.thrid_task scheduled__2022-02-18T00:00:00+00:00 [running]> on host 964e508aad03
[2023-06-11T09:00:29.088+0000] {taskinstance.py:1547} INFO - Exporting env vars: AIRFLOW_CTX_DAG_OWNER='Raja' AIRFLOW_CTX_DAG_ID='first_dag_02' AIRFLOW_CTX_TASK_ID='thrid_task' AIRFLOW_CTX_EXECUTION_DATE='2022-02-18T00:00:00+00:00' AIRFLOW_CTX_TRY_NUMBER='1' AIRFLOW_CTX_DAG_RUN_ID='scheduled__2022-02-18T00:00:00+00:00'
[2023-06-11T09:00:29.091+0000] {subprocess.py:63} INFO - Tmp dir root location: 
 /tmp
[2023-06-11T09:00:29.091+0000] {subprocess.py:75} INFO - Running command: ['/bin/bash', '-c', 'echo hey, I am task3 and will be running after task1 at the same time as task2!']
[2023-06-11T09:00:29.148+0000] {subprocess.py:86} INFO - Output:
[2023-06-11T09:00:29.199+0000] {subprocess.py:93} INFO - hey, I am task3 and will be running after task1 at the same time as task2!
[2023-06-11T09:00:29.201+0000] {subprocess.py:97} INFO - Command exited with return code 0
[2023-06-11T09:00:29.373+0000] {taskinstance.py:1350} INFO - Marking task as SUCCESS. dag_id=first_dag_02, task_id=thrid_task, execution_date=20220218T000000, start_date=20230611T090025, end_date=20230611T090029
[2023-06-11T09:00:29.523+0000] {local_task_job_runner.py:225} INFO - Task exited with return code 0
[2023-06-11T09:00:29.656+0000] {taskinstance.py:2651} INFO - 0 downstream tasks scheduled from follow-on schedule check
[2023-06-11T11:34:46.641+0000] {taskinstance.py:1103} INFO - Dependencies all met for dep_context=non-requeueable deps ti=<TaskInstance: first_dag_02.thrid_task scheduled__2022-02-18T00:00:00+00:00 [queued]>
[2023-06-11T11:34:47.892+0000] {taskinstance.py:1103} INFO - Dependencies all met for dep_context=requeueable deps ti=<TaskInstance: first_dag_02.thrid_task scheduled__2022-02-18T00:00:00+00:00 [queued]>
[2023-06-11T11:34:47.893+0000] {taskinstance.py:1308} INFO - Starting attempt 1 of 6
[2023-06-11T11:34:49.165+0000] {taskinstance.py:1327} INFO - Executing <Task(BashOperator): thrid_task> on 2022-02-18 00:00:00+00:00
[2023-06-11T11:34:49.192+0000] {standard_task_runner.py:57} INFO - Started process 659 to run task
[2023-06-11T11:34:49.301+0000] {standard_task_runner.py:84} INFO - Running: ['***', 'tasks', 'run', 'first_dag_02', 'thrid_task', 'scheduled__2022-02-18T00:00:00+00:00', '--job-id', '999', '--raw', '--subdir', 'DAGS_FOLDER/First_dag.py', '--cfg-path', '/tmp/tmpvt8kfr82']
[2023-06-11T11:34:49.353+0000] {standard_task_runner.py:85} INFO - Job 999: Subtask thrid_task
[2023-06-11T11:34:50.932+0000] {task_command.py:410} INFO - Running <TaskInstance: first_dag_02.thrid_task scheduled__2022-02-18T00:00:00+00:00 [running]> on host 7586ce0070ac
[2023-06-11T11:34:56.581+0000] {taskinstance.py:1547} INFO - Exporting env vars: AIRFLOW_CTX_DAG_OWNER='Raja' AIRFLOW_CTX_DAG_ID='first_dag_02' AIRFLOW_CTX_TASK_ID='thrid_task' AIRFLOW_CTX_EXECUTION_DATE='2022-02-18T00:00:00+00:00' AIRFLOW_CTX_TRY_NUMBER='1' AIRFLOW_CTX_DAG_RUN_ID='scheduled__2022-02-18T00:00:00+00:00'
[2023-06-11T11:34:57.170+0000] {subprocess.py:63} INFO - Tmp dir root location: 
 /tmp
[2023-06-11T11:34:57.187+0000] {subprocess.py:75} INFO - Running command: ['/bin/bash', '-c', 'echo hey, I am task3 and will be running after task1 at the same time as task2!']
[2023-06-11T11:34:58.108+0000] {subprocess.py:86} INFO - Output:
[2023-06-11T11:34:58.252+0000] {subprocess.py:93} INFO - hey, I am task3 and will be running after task1 at the same time as task2!
[2023-06-11T11:34:58.253+0000] {subprocess.py:97} INFO - Command exited with return code 0
[2023-06-11T11:34:58.645+0000] {taskinstance.py:1350} INFO - Marking task as SUCCESS. dag_id=first_dag_02, task_id=thrid_task, execution_date=20220218T000000, start_date=20230611T113446, end_date=20230611T113458
[2023-06-11T11:34:59.480+0000] {local_task_job_runner.py:225} INFO - Task exited with return code 0
[2023-06-11T11:35:01.507+0000] {taskinstance.py:2651} INFO - 0 downstream tasks scheduled from follow-on schedule check
