[2023-06-11T08:54:30.058+0000] {taskinstance.py:1103} INFO - Dependencies all met for dep_context=non-requeueable deps ti=<TaskInstance: first_dag_02.thrid_task scheduled__2021-11-20T00:00:00+00:00 [queued]>
[2023-06-11T08:54:30.188+0000] {taskinstance.py:1103} INFO - Dependencies all met for dep_context=requeueable deps ti=<TaskInstance: first_dag_02.thrid_task scheduled__2021-11-20T00:00:00+00:00 [queued]>
[2023-06-11T08:54:30.189+0000] {taskinstance.py:1308} INFO - Starting attempt 1 of 6
[2023-06-11T08:54:30.297+0000] {taskinstance.py:1327} INFO - Executing <Task(BashOperator): thrid_task> on 2021-11-20 00:00:00+00:00
[2023-06-11T08:54:30.330+0000] {standard_task_runner.py:57} INFO - Started process 1816 to run task
[2023-06-11T08:54:30.362+0000] {standard_task_runner.py:84} INFO - Running: ['***', 'tasks', 'run', 'first_dag_02', 'thrid_task', 'scheduled__2021-11-20T00:00:00+00:00', '--job-id', '565', '--raw', '--subdir', 'DAGS_FOLDER/First_dag.py', '--cfg-path', '/tmp/tmp9tq8z2l8']
[2023-06-11T08:54:30.371+0000] {standard_task_runner.py:85} INFO - Job 565: Subtask thrid_task
[2023-06-11T08:54:31.092+0000] {task_command.py:410} INFO - Running <TaskInstance: first_dag_02.thrid_task scheduled__2021-11-20T00:00:00+00:00 [running]> on host 964e508aad03
[2023-06-11T08:54:31.922+0000] {taskinstance.py:1547} INFO - Exporting env vars: AIRFLOW_CTX_DAG_OWNER='Raja' AIRFLOW_CTX_DAG_ID='first_dag_02' AIRFLOW_CTX_TASK_ID='thrid_task' AIRFLOW_CTX_EXECUTION_DATE='2021-11-20T00:00:00+00:00' AIRFLOW_CTX_TRY_NUMBER='1' AIRFLOW_CTX_DAG_RUN_ID='scheduled__2021-11-20T00:00:00+00:00'
[2023-06-11T08:54:31.930+0000] {subprocess.py:63} INFO - Tmp dir root location: 
 /tmp
[2023-06-11T08:54:31.934+0000] {subprocess.py:75} INFO - Running command: ['/bin/bash', '-c', 'echo hey, I am task3 and will be running after task1 at the same time as task2!']
[2023-06-11T08:54:32.034+0000] {subprocess.py:86} INFO - Output:
[2023-06-11T08:54:32.060+0000] {subprocess.py:93} INFO - hey, I am task3 and will be running after task1 at the same time as task2!
[2023-06-11T08:54:32.064+0000] {subprocess.py:97} INFO - Command exited with return code 0
[2023-06-11T08:54:32.310+0000] {taskinstance.py:1350} INFO - Marking task as SUCCESS. dag_id=first_dag_02, task_id=thrid_task, execution_date=20211120T000000, start_date=20230611T085430, end_date=20230611T085432
[2023-06-11T08:54:32.482+0000] {local_task_job_runner.py:225} INFO - Task exited with return code 0
[2023-06-11T08:54:32.545+0000] {taskinstance.py:2651} INFO - 0 downstream tasks scheduled from follow-on schedule check
[2023-06-11T11:16:55.802+0000] {taskinstance.py:1103} INFO - Dependencies all met for dep_context=non-requeueable deps ti=<TaskInstance: first_dag_02.thrid_task scheduled__2021-11-20T00:00:00+00:00 [queued]>
[2023-06-11T11:16:56.461+0000] {taskinstance.py:1103} INFO - Dependencies all met for dep_context=requeueable deps ti=<TaskInstance: first_dag_02.thrid_task scheduled__2021-11-20T00:00:00+00:00 [queued]>
[2023-06-11T11:16:56.473+0000] {taskinstance.py:1308} INFO - Starting attempt 1 of 6
[2023-06-11T11:16:58.033+0000] {taskinstance.py:1327} INFO - Executing <Task(BashOperator): thrid_task> on 2021-11-20 00:00:00+00:00
[2023-06-11T11:16:58.253+0000] {standard_task_runner.py:84} INFO - Running: ['***', 'tasks', 'run', 'first_dag_02', 'thrid_task', 'scheduled__2021-11-20T00:00:00+00:00', '--job-id', '613', '--raw', '--subdir', 'DAGS_FOLDER/First_dag.py', '--cfg-path', '/tmp/tmpebqdy_gl']
[2023-06-11T11:16:58.264+0000] {standard_task_runner.py:85} INFO - Job 613: Subtask thrid_task
[2023-06-11T11:16:58.197+0000] {standard_task_runner.py:57} INFO - Started process 518 to run task
[2023-06-11T11:16:59.929+0000] {task_command.py:410} INFO - Running <TaskInstance: first_dag_02.thrid_task scheduled__2021-11-20T00:00:00+00:00 [running]> on host 7586ce0070ac
[2023-06-11T11:17:06.092+0000] {taskinstance.py:1547} INFO - Exporting env vars: AIRFLOW_CTX_DAG_OWNER='Raja' AIRFLOW_CTX_DAG_ID='first_dag_02' AIRFLOW_CTX_TASK_ID='thrid_task' AIRFLOW_CTX_EXECUTION_DATE='2021-11-20T00:00:00+00:00' AIRFLOW_CTX_TRY_NUMBER='1' AIRFLOW_CTX_DAG_RUN_ID='scheduled__2021-11-20T00:00:00+00:00'
[2023-06-11T11:17:06.094+0000] {subprocess.py:63} INFO - Tmp dir root location: 
 /tmp
[2023-06-11T11:17:06.095+0000] {subprocess.py:75} INFO - Running command: ['/bin/bash', '-c', 'echo hey, I am task3 and will be running after task1 at the same time as task2!']
[2023-06-11T11:17:06.359+0000] {subprocess.py:86} INFO - Output:
[2023-06-11T11:17:06.364+0000] {subprocess.py:93} INFO - hey, I am task3 and will be running after task1 at the same time as task2!
[2023-06-11T11:17:06.366+0000] {subprocess.py:97} INFO - Command exited with return code 0
[2023-06-11T11:17:06.580+0000] {taskinstance.py:1350} INFO - Marking task as SUCCESS. dag_id=first_dag_02, task_id=thrid_task, execution_date=20211120T000000, start_date=20230611T111655, end_date=20230611T111706
[2023-06-11T11:17:06.798+0000] {local_task_job_runner.py:225} INFO - Task exited with return code 0
[2023-06-11T11:17:08.084+0000] {taskinstance.py:2651} INFO - 0 downstream tasks scheduled from follow-on schedule check
