[2023-06-11T09:00:13.091+0000] {taskinstance.py:1103} INFO - Dependencies all met for dep_context=non-requeueable deps ti=<TaskInstance: first_dag_02.second_task scheduled__2022-02-15T00:00:00+00:00 [queued]>
[2023-06-11T09:00:13.380+0000] {taskinstance.py:1103} INFO - Dependencies all met for dep_context=requeueable deps ti=<TaskInstance: first_dag_02.second_task scheduled__2022-02-15T00:00:00+00:00 [queued]>
[2023-06-11T09:00:13.381+0000] {taskinstance.py:1308} INFO - Starting attempt 1 of 6
[2023-06-11T09:00:13.803+0000] {taskinstance.py:1327} INFO - Executing <Task(BashOperator): second_task> on 2022-02-15 00:00:00+00:00
[2023-06-11T09:00:13.889+0000] {standard_task_runner.py:57} INFO - Started process 3124 to run task
[2023-06-11T09:00:13.965+0000] {standard_task_runner.py:84} INFO - Running: ['***', 'tasks', 'run', 'first_dag_02', 'second_task', 'scheduled__2022-02-15T00:00:00+00:00', '--job-id', '974', '--raw', '--subdir', 'DAGS_FOLDER/First_dag.py', '--cfg-path', '/tmp/tmp4hdaulpt']
[2023-06-11T09:00:13.978+0000] {standard_task_runner.py:85} INFO - Job 974: Subtask second_task
[2023-06-11T09:00:14.856+0000] {task_command.py:410} INFO - Running <TaskInstance: first_dag_02.second_task scheduled__2022-02-15T00:00:00+00:00 [running]> on host 964e508aad03
[2023-06-11T09:00:17.366+0000] {taskinstance.py:1547} INFO - Exporting env vars: AIRFLOW_CTX_DAG_OWNER='Raja' AIRFLOW_CTX_DAG_ID='first_dag_02' AIRFLOW_CTX_TASK_ID='second_task' AIRFLOW_CTX_EXECUTION_DATE='2022-02-15T00:00:00+00:00' AIRFLOW_CTX_TRY_NUMBER='1' AIRFLOW_CTX_DAG_RUN_ID='scheduled__2022-02-15T00:00:00+00:00'
[2023-06-11T09:00:17.371+0000] {subprocess.py:63} INFO - Tmp dir root location: 
 /tmp
[2023-06-11T09:00:17.381+0000] {subprocess.py:75} INFO - Running command: ['/bin/bash', '-c', 'echo hey, I am task2 and will be running after task1!']
[2023-06-11T09:00:17.452+0000] {subprocess.py:86} INFO - Output:
[2023-06-11T09:00:17.468+0000] {subprocess.py:93} INFO - hey, I am task2 and will be running after task1!
[2023-06-11T09:00:17.474+0000] {subprocess.py:97} INFO - Command exited with return code 0
[2023-06-11T09:00:17.633+0000] {taskinstance.py:1350} INFO - Marking task as SUCCESS. dag_id=first_dag_02, task_id=second_task, execution_date=20220215T000000, start_date=20230611T090013, end_date=20230611T090017
[2023-06-11T09:00:17.852+0000] {local_task_job_runner.py:225} INFO - Task exited with return code 0
[2023-06-11T09:00:18.219+0000] {taskinstance.py:2651} INFO - 0 downstream tasks scheduled from follow-on schedule check
[2023-06-11T11:34:12.805+0000] {taskinstance.py:1103} INFO - Dependencies all met for dep_context=non-requeueable deps ti=<TaskInstance: first_dag_02.second_task scheduled__2022-02-15T00:00:00+00:00 [queued]>
[2023-06-11T11:34:13.123+0000] {taskinstance.py:1103} INFO - Dependencies all met for dep_context=requeueable deps ti=<TaskInstance: first_dag_02.second_task scheduled__2022-02-15T00:00:00+00:00 [queued]>
[2023-06-11T11:34:13.124+0000] {taskinstance.py:1308} INFO - Starting attempt 1 of 6
[2023-06-11T11:34:14.428+0000] {taskinstance.py:1327} INFO - Executing <Task(BashOperator): second_task> on 2022-02-15 00:00:00+00:00
[2023-06-11T11:34:14.484+0000] {standard_task_runner.py:57} INFO - Started process 607 to run task
[2023-06-11T11:34:14.533+0000] {standard_task_runner.py:84} INFO - Running: ['***', 'tasks', 'run', 'first_dag_02', 'second_task', 'scheduled__2022-02-15T00:00:00+00:00', '--job-id', '985', '--raw', '--subdir', 'DAGS_FOLDER/First_dag.py', '--cfg-path', '/tmp/tmp8ljjs9ww']
[2023-06-11T11:34:14.536+0000] {standard_task_runner.py:85} INFO - Job 985: Subtask second_task
[2023-06-11T11:34:17.813+0000] {task_command.py:410} INFO - Running <TaskInstance: first_dag_02.second_task scheduled__2022-02-15T00:00:00+00:00 [running]> on host 7586ce0070ac
[2023-06-11T11:34:22.866+0000] {taskinstance.py:1547} INFO - Exporting env vars: AIRFLOW_CTX_DAG_OWNER='Raja' AIRFLOW_CTX_DAG_ID='first_dag_02' AIRFLOW_CTX_TASK_ID='second_task' AIRFLOW_CTX_EXECUTION_DATE='2022-02-15T00:00:00+00:00' AIRFLOW_CTX_TRY_NUMBER='1' AIRFLOW_CTX_DAG_RUN_ID='scheduled__2022-02-15T00:00:00+00:00'
[2023-06-11T11:34:22.890+0000] {subprocess.py:63} INFO - Tmp dir root location: 
 /tmp
[2023-06-11T11:34:22.898+0000] {subprocess.py:75} INFO - Running command: ['/bin/bash', '-c', 'echo hey, I am task2 and will be running after task1!']
[2023-06-11T11:34:23.036+0000] {subprocess.py:86} INFO - Output:
[2023-06-11T11:34:23.037+0000] {subprocess.py:93} INFO - hey, I am task2 and will be running after task1!
[2023-06-11T11:34:23.037+0000] {subprocess.py:97} INFO - Command exited with return code 0
[2023-06-11T11:34:24.389+0000] {taskinstance.py:1350} INFO - Marking task as SUCCESS. dag_id=first_dag_02, task_id=second_task, execution_date=20220215T000000, start_date=20230611T113412, end_date=20230611T113424
[2023-06-11T11:34:25.187+0000] {local_task_job_runner.py:225} INFO - Task exited with return code 0
[2023-06-11T11:34:26.527+0000] {taskinstance.py:2651} INFO - 0 downstream tasks scheduled from follow-on schedule check
