[2023-06-11T09:44:55.201+0000] {taskinstance.py:1103} INFO - Dependencies all met for dep_context=non-requeueable deps ti=<TaskInstance: first_dag_02.second_task scheduled__2022-05-17T00:00:00+00:00 [queued]>
[2023-06-11T09:44:55.617+0000] {taskinstance.py:1103} INFO - Dependencies all met for dep_context=requeueable deps ti=<TaskInstance: first_dag_02.second_task scheduled__2022-05-17T00:00:00+00:00 [queued]>
[2023-06-11T09:44:55.641+0000] {taskinstance.py:1308} INFO - Starting attempt 1 of 6
[2023-06-11T09:44:56.487+0000] {taskinstance.py:1327} INFO - Executing <Task(BashOperator): second_task> on 2022-05-17 00:00:00+00:00
[2023-06-11T09:44:56.549+0000] {standard_task_runner.py:57} INFO - Started process 4589 to run task
[2023-06-11T09:44:56.626+0000] {standard_task_runner.py:84} INFO - Running: ['***', 'tasks', 'run', 'first_dag_02', 'second_task', 'scheduled__2022-05-17T00:00:00+00:00', '--job-id', '1406', '--raw', '--subdir', 'DAGS_FOLDER/First_dag.py', '--cfg-path', '/tmp/tmpco436nkn']
[2023-06-11T09:44:56.647+0000] {standard_task_runner.py:85} INFO - Job 1406: Subtask second_task
[2023-06-11T09:44:57.210+0000] {task_command.py:410} INFO - Running <TaskInstance: first_dag_02.second_task scheduled__2022-05-17T00:00:00+00:00 [running]> on host 964e508aad03
[2023-06-11T09:44:59.361+0000] {taskinstance.py:1547} INFO - Exporting env vars: AIRFLOW_CTX_DAG_OWNER='Raja' AIRFLOW_CTX_DAG_ID='first_dag_02' AIRFLOW_CTX_TASK_ID='second_task' AIRFLOW_CTX_EXECUTION_DATE='2022-05-17T00:00:00+00:00' AIRFLOW_CTX_TRY_NUMBER='1' AIRFLOW_CTX_DAG_RUN_ID='scheduled__2022-05-17T00:00:00+00:00'
[2023-06-11T09:44:59.363+0000] {subprocess.py:63} INFO - Tmp dir root location: 
 /tmp
[2023-06-11T09:44:59.378+0000] {subprocess.py:75} INFO - Running command: ['/bin/bash', '-c', 'echo hey, I am task2 and will be running after task1!']
[2023-06-11T09:44:59.478+0000] {subprocess.py:86} INFO - Output:
[2023-06-11T09:44:59.548+0000] {subprocess.py:93} INFO - hey, I am task2 and will be running after task1!
[2023-06-11T09:44:59.552+0000] {subprocess.py:97} INFO - Command exited with return code 0
[2023-06-11T09:44:59.847+0000] {taskinstance.py:1350} INFO - Marking task as SUCCESS. dag_id=first_dag_02, task_id=second_task, execution_date=20220517T000000, start_date=20230611T094455, end_date=20230611T094459
[2023-06-11T09:45:00.205+0000] {local_task_job_runner.py:225} INFO - Task exited with return code 0
[2023-06-11T09:45:00.340+0000] {taskinstance.py:2651} INFO - 0 downstream tasks scheduled from follow-on schedule check
[2023-06-11T15:31:44.418+0000] {taskinstance.py:1103} INFO - Dependencies all met for dep_context=non-requeueable deps ti=<TaskInstance: first_dag_02.second_task scheduled__2022-05-17T00:00:00+00:00 [queued]>
[2023-06-11T15:31:44.584+0000] {taskinstance.py:1103} INFO - Dependencies all met for dep_context=requeueable deps ti=<TaskInstance: first_dag_02.second_task scheduled__2022-05-17T00:00:00+00:00 [queued]>
[2023-06-11T15:31:44.585+0000] {taskinstance.py:1308} INFO - Starting attempt 1 of 6
[2023-06-11T15:31:44.736+0000] {taskinstance.py:1327} INFO - Executing <Task(BashOperator): second_task> on 2022-05-17 00:00:00+00:00
[2023-06-11T15:31:44.780+0000] {standard_task_runner.py:57} INFO - Started process 1176 to run task
[2023-06-11T15:31:44.842+0000] {standard_task_runner.py:84} INFO - Running: ['***', 'tasks', 'run', 'first_dag_02', 'second_task', 'scheduled__2022-05-17T00:00:00+00:00', '--job-id', '1443', '--raw', '--subdir', 'DAGS_FOLDER/First_dag.py', '--cfg-path', '/tmp/tmpy07z3924']
[2023-06-11T15:31:44.842+0000] {standard_task_runner.py:85} INFO - Job 1443: Subtask second_task
[2023-06-11T15:31:45.596+0000] {task_command.py:410} INFO - Running <TaskInstance: first_dag_02.second_task scheduled__2022-05-17T00:00:00+00:00 [running]> on host 7586ce0070ac
[2023-06-11T15:31:47.970+0000] {taskinstance.py:1547} INFO - Exporting env vars: AIRFLOW_CTX_DAG_OWNER='Raja' AIRFLOW_CTX_DAG_ID='first_dag_02' AIRFLOW_CTX_TASK_ID='second_task' AIRFLOW_CTX_EXECUTION_DATE='2022-05-17T00:00:00+00:00' AIRFLOW_CTX_TRY_NUMBER='1' AIRFLOW_CTX_DAG_RUN_ID='scheduled__2022-05-17T00:00:00+00:00'
[2023-06-11T15:31:47.973+0000] {subprocess.py:63} INFO - Tmp dir root location: 
 /tmp
[2023-06-11T15:31:47.996+0000] {subprocess.py:75} INFO - Running command: ['/bin/bash', '-c', 'echo hey, I am task2 and will be running after task1!']
[2023-06-11T15:31:48.166+0000] {subprocess.py:86} INFO - Output:
[2023-06-11T15:31:48.202+0000] {subprocess.py:93} INFO - hey, I am task2 and will be running after task1!
[2023-06-11T15:31:48.216+0000] {subprocess.py:97} INFO - Command exited with return code 0
[2023-06-11T15:31:48.611+0000] {taskinstance.py:1350} INFO - Marking task as SUCCESS. dag_id=first_dag_02, task_id=second_task, execution_date=20220517T000000, start_date=20230611T153144, end_date=20230611T153148
[2023-06-11T15:31:48.859+0000] {local_task_job_runner.py:225} INFO - Task exited with return code 0
[2023-06-11T15:31:49.432+0000] {taskinstance.py:2651} INFO - 0 downstream tasks scheduled from follow-on schedule check
