[2023-06-11T09:45:19.135+0000] {taskinstance.py:1103} INFO - Dependencies all met for dep_context=non-requeueable deps ti=<TaskInstance: dag_cron_expression_03.task1 scheduled__2022-01-20T03:00:00+00:00 [queued]>
[2023-06-11T09:45:19.297+0000] {taskinstance.py:1103} INFO - Dependencies all met for dep_context=requeueable deps ti=<TaskInstance: dag_cron_expression_03.task1 scheduled__2022-01-20T03:00:00+00:00 [queued]>
[2023-06-11T09:45:19.300+0000] {taskinstance.py:1308} INFO - Starting attempt 1 of 6
[2023-06-11T09:45:19.656+0000] {taskinstance.py:1327} INFO - Executing <Task(BashOperator): task1> on 2022-01-20 03:00:00+00:00
[2023-06-11T09:45:19.724+0000] {standard_task_runner.py:57} INFO - Started process 4660 to run task
[2023-06-11T09:45:19.747+0000] {standard_task_runner.py:84} INFO - Running: ['***', 'tasks', 'run', 'dag_cron_expression_03', 'task1', 'scheduled__2022-01-20T03:00:00+00:00', '--job-id', '1426', '--raw', '--subdir', 'DAGS_FOLDER/dag_corn.py', '--cfg-path', '/tmp/tmp79w5rlm5']
[2023-06-11T09:45:19.747+0000] {standard_task_runner.py:85} INFO - Job 1426: Subtask task1
[2023-06-11T09:45:20.367+0000] {task_command.py:410} INFO - Running <TaskInstance: dag_cron_expression_03.task1 scheduled__2022-01-20T03:00:00+00:00 [running]> on host 964e508aad03
[2023-06-11T09:45:22.874+0000] {taskinstance.py:1547} INFO - Exporting env vars: AIRFLOW_CTX_DAG_OWNER='Raja' AIRFLOW_CTX_DAG_ID='dag_cron_expression_03' AIRFLOW_CTX_TASK_ID='task1' AIRFLOW_CTX_EXECUTION_DATE='2022-01-20T03:00:00+00:00' AIRFLOW_CTX_TRY_NUMBER='1' AIRFLOW_CTX_DAG_RUN_ID='scheduled__2022-01-20T03:00:00+00:00'
[2023-06-11T09:45:22.883+0000] {subprocess.py:63} INFO - Tmp dir root location: 
 /tmp
[2023-06-11T09:45:22.911+0000] {subprocess.py:75} INFO - Running command: ['/bin/bash', '-c', 'echo dag with cron expression!']
[2023-06-11T09:45:23.148+0000] {subprocess.py:86} INFO - Output:
[2023-06-11T09:45:23.162+0000] {subprocess.py:93} INFO - dag with cron expression!
[2023-06-11T09:45:23.163+0000] {subprocess.py:97} INFO - Command exited with return code 0
[2023-06-11T09:45:23.758+0000] {taskinstance.py:1350} INFO - Marking task as SUCCESS. dag_id=dag_cron_expression_03, task_id=task1, execution_date=20220120T030000, start_date=20230611T094519, end_date=20230611T094523
[2023-06-11T09:45:24.163+0000] {local_task_job_runner.py:225} INFO - Task exited with return code 0
[2023-06-11T09:45:25.005+0000] {taskinstance.py:2651} INFO - 0 downstream tasks scheduled from follow-on schedule check
[2023-06-11T10:45:13.559+0000] {taskinstance.py:1103} INFO - Dependencies all met for dep_context=non-requeueable deps ti=<TaskInstance: dag_cron_expression_03.task1 scheduled__2022-01-20T03:00:00+00:00 [queued]>
[2023-06-11T10:45:13.646+0000] {taskinstance.py:1103} INFO - Dependencies all met for dep_context=requeueable deps ti=<TaskInstance: dag_cron_expression_03.task1 scheduled__2022-01-20T03:00:00+00:00 [queued]>
[2023-06-11T10:45:13.647+0000] {taskinstance.py:1308} INFO - Starting attempt 1 of 6
[2023-06-11T10:45:15.910+0000] {taskinstance.py:1327} INFO - Executing <Task(BashOperator): task1> on 2022-01-20 03:00:00+00:00
[2023-06-11T10:45:15.940+0000] {standard_task_runner.py:57} INFO - Started process 890 to run task
[2023-06-11T10:45:16.008+0000] {standard_task_runner.py:84} INFO - Running: ['***', 'tasks', 'run', 'dag_cron_expression_03', 'task1', 'scheduled__2022-01-20T03:00:00+00:00', '--job-id', '249', '--raw', '--subdir', 'DAGS_FOLDER/dag_cron.py', '--cfg-path', '/tmp/tmpv2u2ybvf']
[2023-06-11T10:45:16.010+0000] {standard_task_runner.py:85} INFO - Job 249: Subtask task1
[2023-06-11T10:45:19.683+0000] {task_command.py:410} INFO - Running <TaskInstance: dag_cron_expression_03.task1 scheduled__2022-01-20T03:00:00+00:00 [running]> on host 7586ce0070ac
[2023-06-11T10:47:52.589+0000] {taskinstance.py:1547} INFO - Exporting env vars: AIRFLOW_CTX_DAG_OWNER='Raja' AIRFLOW_CTX_DAG_ID='dag_cron_expression_03' AIRFLOW_CTX_TASK_ID='task1' AIRFLOW_CTX_EXECUTION_DATE='2022-01-20T03:00:00+00:00' AIRFLOW_CTX_TRY_NUMBER='1' AIRFLOW_CTX_DAG_RUN_ID='scheduled__2022-01-20T03:00:00+00:00'
[2023-06-11T10:47:52.852+0000] {subprocess.py:63} INFO - Tmp dir root location: 
 /tmp
[2023-06-11T10:47:52.907+0000] {subprocess.py:75} INFO - Running command: ['/bin/bash', '-c', 'echo dag with cron expression!']
[2023-06-11T10:47:53.217+0000] {subprocess.py:86} INFO - Output:
[2023-06-11T10:47:53.225+0000] {subprocess.py:93} INFO - dag with cron expression!
[2023-06-11T10:47:53.248+0000] {subprocess.py:97} INFO - Command exited with return code 0
[2023-06-11T10:47:55.264+0000] {taskinstance.py:1350} INFO - Marking task as SUCCESS. dag_id=dag_cron_expression_03, task_id=task1, execution_date=20220120T030000, start_date=20230611T104513, end_date=20230611T104755
[2023-06-11T10:47:56.452+0000] {local_task_job_runner.py:225} INFO - Task exited with return code 0
[2023-06-11T10:47:56.697+0000] {taskinstance.py:2651} INFO - 0 downstream tasks scheduled from follow-on schedule check
