[2023-06-11T08:55:39.592+0000] {taskinstance.py:1103} INFO - Dependencies all met for dep_context=non-requeueable deps ti=<TaskInstance: first_dag_02.thrid_task scheduled__2021-12-07T00:00:00+00:00 [queued]>
[2023-06-11T08:55:39.737+0000] {taskinstance.py:1103} INFO - Dependencies all met for dep_context=requeueable deps ti=<TaskInstance: first_dag_02.thrid_task scheduled__2021-12-07T00:00:00+00:00 [queued]>
[2023-06-11T08:55:39.738+0000] {taskinstance.py:1308} INFO - Starting attempt 1 of 6
[2023-06-11T08:55:40.040+0000] {taskinstance.py:1327} INFO - Executing <Task(BashOperator): thrid_task> on 2021-12-07 00:00:00+00:00
[2023-06-11T08:55:40.058+0000] {standard_task_runner.py:57} INFO - Started process 2082 to run task
[2023-06-11T08:55:40.068+0000] {standard_task_runner.py:84} INFO - Running: ['***', 'tasks', 'run', 'first_dag_02', 'thrid_task', 'scheduled__2021-12-07T00:00:00+00:00', '--job-id', '649', '--raw', '--subdir', 'DAGS_FOLDER/First_dag.py', '--cfg-path', '/tmp/tmpcumojalc']
[2023-06-11T08:55:40.070+0000] {standard_task_runner.py:85} INFO - Job 649: Subtask thrid_task
[2023-06-11T08:55:40.345+0000] {task_command.py:410} INFO - Running <TaskInstance: first_dag_02.thrid_task scheduled__2021-12-07T00:00:00+00:00 [running]> on host 964e508aad03
[2023-06-11T08:55:41.201+0000] {taskinstance.py:1547} INFO - Exporting env vars: AIRFLOW_CTX_DAG_OWNER='Raja' AIRFLOW_CTX_DAG_ID='first_dag_02' AIRFLOW_CTX_TASK_ID='thrid_task' AIRFLOW_CTX_EXECUTION_DATE='2021-12-07T00:00:00+00:00' AIRFLOW_CTX_TRY_NUMBER='1' AIRFLOW_CTX_DAG_RUN_ID='scheduled__2021-12-07T00:00:00+00:00'
[2023-06-11T08:55:41.202+0000] {subprocess.py:63} INFO - Tmp dir root location: 
 /tmp
[2023-06-11T08:55:41.203+0000] {subprocess.py:75} INFO - Running command: ['/bin/bash', '-c', 'echo hey, I am task3 and will be running after task1 at the same time as task2!']
[2023-06-11T08:55:41.271+0000] {subprocess.py:86} INFO - Output:
[2023-06-11T08:55:41.275+0000] {subprocess.py:93} INFO - hey, I am task3 and will be running after task1 at the same time as task2!
[2023-06-11T08:55:41.281+0000] {subprocess.py:97} INFO - Command exited with return code 0
[2023-06-11T08:55:41.426+0000] {taskinstance.py:1350} INFO - Marking task as SUCCESS. dag_id=first_dag_02, task_id=thrid_task, execution_date=20211207T000000, start_date=20230611T085539, end_date=20230611T085541
[2023-06-11T08:55:41.535+0000] {local_task_job_runner.py:225} INFO - Task exited with return code 0
[2023-06-11T08:55:41.638+0000] {taskinstance.py:2651} INFO - 0 downstream tasks scheduled from follow-on schedule check
[2023-06-11T11:19:30.099+0000] {taskinstance.py:1103} INFO - Dependencies all met for dep_context=non-requeueable deps ti=<TaskInstance: first_dag_02.thrid_task scheduled__2021-12-07T00:00:00+00:00 [queued]>
[2023-06-11T11:19:30.667+0000] {taskinstance.py:1103} INFO - Dependencies all met for dep_context=requeueable deps ti=<TaskInstance: first_dag_02.thrid_task scheduled__2021-12-07T00:00:00+00:00 [queued]>
[2023-06-11T11:19:30.694+0000] {taskinstance.py:1308} INFO - Starting attempt 1 of 6
[2023-06-11T11:19:31.555+0000] {taskinstance.py:1327} INFO - Executing <Task(BashOperator): thrid_task> on 2021-12-07 00:00:00+00:00
[2023-06-11T11:19:31.634+0000] {standard_task_runner.py:57} INFO - Started process 824 to run task
[2023-06-11T11:19:31.722+0000] {standard_task_runner.py:84} INFO - Running: ['***', 'tasks', 'run', 'first_dag_02', 'thrid_task', 'scheduled__2021-12-07T00:00:00+00:00', '--job-id', '704', '--raw', '--subdir', 'DAGS_FOLDER/First_dag.py', '--cfg-path', '/tmp/tmppee8lqdw']
[2023-06-11T11:19:31.734+0000] {standard_task_runner.py:85} INFO - Job 704: Subtask thrid_task
[2023-06-11T11:19:33.959+0000] {task_command.py:410} INFO - Running <TaskInstance: first_dag_02.thrid_task scheduled__2021-12-07T00:00:00+00:00 [running]> on host 7586ce0070ac
[2023-06-11T11:19:43.101+0000] {taskinstance.py:1547} INFO - Exporting env vars: AIRFLOW_CTX_DAG_OWNER='Raja' AIRFLOW_CTX_DAG_ID='first_dag_02' AIRFLOW_CTX_TASK_ID='thrid_task' AIRFLOW_CTX_EXECUTION_DATE='2021-12-07T00:00:00+00:00' AIRFLOW_CTX_TRY_NUMBER='1' AIRFLOW_CTX_DAG_RUN_ID='scheduled__2021-12-07T00:00:00+00:00'
[2023-06-11T11:19:43.221+0000] {subprocess.py:63} INFO - Tmp dir root location: 
 /tmp
[2023-06-11T11:19:43.222+0000] {subprocess.py:75} INFO - Running command: ['/bin/bash', '-c', 'echo hey, I am task3 and will be running after task1 at the same time as task2!']
[2023-06-11T11:19:43.469+0000] {subprocess.py:86} INFO - Output:
[2023-06-11T11:19:43.506+0000] {subprocess.py:93} INFO - hey, I am task3 and will be running after task1 at the same time as task2!
[2023-06-11T11:19:43.513+0000] {subprocess.py:97} INFO - Command exited with return code 0
[2023-06-11T11:19:45.371+0000] {taskinstance.py:1350} INFO - Marking task as SUCCESS. dag_id=first_dag_02, task_id=thrid_task, execution_date=20211207T000000, start_date=20230611T111930, end_date=20230611T111945
[2023-06-11T11:19:46.803+0000] {local_task_job_runner.py:225} INFO - Task exited with return code 0
[2023-06-11T11:19:48.964+0000] {taskinstance.py:2651} INFO - 0 downstream tasks scheduled from follow-on schedule check
