[2023-06-11T08:58:08.847+0000] {taskinstance.py:1103} INFO - Dependencies all met for dep_context=non-requeueable deps ti=<TaskInstance: first_dag_02.thrid_task scheduled__2022-01-13T00:00:00+00:00 [queued]>
[2023-06-11T08:58:09.061+0000] {taskinstance.py:1103} INFO - Dependencies all met for dep_context=requeueable deps ti=<TaskInstance: first_dag_02.thrid_task scheduled__2022-01-13T00:00:00+00:00 [queued]>
[2023-06-11T08:58:09.079+0000] {taskinstance.py:1308} INFO - Starting attempt 1 of 6
[2023-06-11T08:58:09.579+0000] {taskinstance.py:1327} INFO - Executing <Task(BashOperator): thrid_task> on 2022-01-13 00:00:00+00:00
[2023-06-11T08:58:09.620+0000] {standard_task_runner.py:57} INFO - Started process 2640 to run task
[2023-06-11T08:58:09.674+0000] {standard_task_runner.py:84} INFO - Running: ['***', 'tasks', 'run', 'first_dag_02', 'thrid_task', 'scheduled__2022-01-13T00:00:00+00:00', '--job-id', '824', '--raw', '--subdir', 'DAGS_FOLDER/First_dag.py', '--cfg-path', '/tmp/tmp9w_7nz5x']
[2023-06-11T08:58:09.675+0000] {standard_task_runner.py:85} INFO - Job 824: Subtask thrid_task
[2023-06-11T08:58:10.297+0000] {task_command.py:410} INFO - Running <TaskInstance: first_dag_02.thrid_task scheduled__2022-01-13T00:00:00+00:00 [running]> on host 964e508aad03
[2023-06-11T08:58:11.775+0000] {taskinstance.py:1547} INFO - Exporting env vars: AIRFLOW_CTX_DAG_OWNER='Raja' AIRFLOW_CTX_DAG_ID='first_dag_02' AIRFLOW_CTX_TASK_ID='thrid_task' AIRFLOW_CTX_EXECUTION_DATE='2022-01-13T00:00:00+00:00' AIRFLOW_CTX_TRY_NUMBER='1' AIRFLOW_CTX_DAG_RUN_ID='scheduled__2022-01-13T00:00:00+00:00'
[2023-06-11T08:58:11.785+0000] {subprocess.py:63} INFO - Tmp dir root location: 
 /tmp
[2023-06-11T08:58:11.787+0000] {subprocess.py:75} INFO - Running command: ['/bin/bash', '-c', 'echo hey, I am task3 and will be running after task1 at the same time as task2!']
[2023-06-11T08:58:11.927+0000] {subprocess.py:86} INFO - Output:
[2023-06-11T08:58:11.967+0000] {subprocess.py:93} INFO - hey, I am task3 and will be running after task1 at the same time as task2!
[2023-06-11T08:58:11.968+0000] {subprocess.py:97} INFO - Command exited with return code 0
[2023-06-11T08:58:12.084+0000] {taskinstance.py:1350} INFO - Marking task as SUCCESS. dag_id=first_dag_02, task_id=thrid_task, execution_date=20220113T000000, start_date=20230611T085808, end_date=20230611T085812
[2023-06-11T08:58:12.238+0000] {local_task_job_runner.py:225} INFO - Task exited with return code 0
[2023-06-11T08:58:12.468+0000] {taskinstance.py:2651} INFO - 0 downstream tasks scheduled from follow-on schedule check
[2023-06-11T11:29:39.168+0000] {taskinstance.py:1103} INFO - Dependencies all met for dep_context=non-requeueable deps ti=<TaskInstance: first_dag_02.thrid_task scheduled__2022-01-13T00:00:00+00:00 [queued]>
[2023-06-11T11:29:39.529+0000] {taskinstance.py:1103} INFO - Dependencies all met for dep_context=requeueable deps ti=<TaskInstance: first_dag_02.thrid_task scheduled__2022-01-13T00:00:00+00:00 [queued]>
[2023-06-11T11:29:39.536+0000] {taskinstance.py:1308} INFO - Starting attempt 1 of 6
[2023-06-11T11:29:40.630+0000] {taskinstance.py:1327} INFO - Executing <Task(BashOperator): thrid_task> on 2022-01-13 00:00:00+00:00
[2023-06-11T11:29:40.699+0000] {standard_task_runner.py:57} INFO - Started process 161 to run task
[2023-06-11T11:29:40.701+0000] {standard_task_runner.py:84} INFO - Running: ['***', 'tasks', 'run', 'first_dag_02', 'thrid_task', 'scheduled__2022-01-13T00:00:00+00:00', '--job-id', '857', '--raw', '--subdir', 'DAGS_FOLDER/First_dag.py', '--cfg-path', '/tmp/tmp35sl0dw1']
[2023-06-11T11:29:40.702+0000] {standard_task_runner.py:85} INFO - Job 857: Subtask thrid_task
[2023-06-11T11:29:41.529+0000] {task_command.py:410} INFO - Running <TaskInstance: first_dag_02.thrid_task scheduled__2022-01-13T00:00:00+00:00 [running]> on host 7586ce0070ac
[2023-06-11T11:29:44.957+0000] {taskinstance.py:1547} INFO - Exporting env vars: AIRFLOW_CTX_DAG_OWNER='Raja' AIRFLOW_CTX_DAG_ID='first_dag_02' AIRFLOW_CTX_TASK_ID='thrid_task' AIRFLOW_CTX_EXECUTION_DATE='2022-01-13T00:00:00+00:00' AIRFLOW_CTX_TRY_NUMBER='1' AIRFLOW_CTX_DAG_RUN_ID='scheduled__2022-01-13T00:00:00+00:00'
[2023-06-11T11:29:44.962+0000] {subprocess.py:63} INFO - Tmp dir root location: 
 /tmp
[2023-06-11T11:29:44.963+0000] {subprocess.py:75} INFO - Running command: ['/bin/bash', '-c', 'echo hey, I am task3 and will be running after task1 at the same time as task2!']
[2023-06-11T11:29:45.055+0000] {subprocess.py:86} INFO - Output:
[2023-06-11T11:29:45.077+0000] {subprocess.py:93} INFO - hey, I am task3 and will be running after task1 at the same time as task2!
[2023-06-11T11:29:45.116+0000] {subprocess.py:97} INFO - Command exited with return code 0
[2023-06-11T11:29:45.696+0000] {taskinstance.py:1350} INFO - Marking task as SUCCESS. dag_id=first_dag_02, task_id=thrid_task, execution_date=20220113T000000, start_date=20230611T112939, end_date=20230611T112945
[2023-06-11T11:29:46.174+0000] {local_task_job_runner.py:225} INFO - Task exited with return code 0
[2023-06-11T11:29:47.012+0000] {taskinstance.py:2651} INFO - 0 downstream tasks scheduled from follow-on schedule check
