[2023-06-11T04:48:21.455+0000] {taskinstance.py:1103} INFO - Dependencies all met for dep_context=non-requeueable deps ti=<TaskInstance: first_dag_02.first_task scheduled__2021-09-18T00:00:00+00:00 [queued]>
[2023-06-11T04:48:22.096+0000] {taskinstance.py:1103} INFO - Dependencies all met for dep_context=requeueable deps ti=<TaskInstance: first_dag_02.first_task scheduled__2021-09-18T00:00:00+00:00 [queued]>
[2023-06-11T04:48:22.097+0000] {taskinstance.py:1308} INFO - Starting attempt 1 of 6
[2023-06-11T04:48:23.584+0000] {taskinstance.py:1327} INFO - Executing <Task(BashOperator): first_task> on 2021-09-18 00:00:00+00:00
[2023-06-11T04:48:23.707+0000] {standard_task_runner.py:57} INFO - Started process 627 to run task
[2023-06-11T04:48:23.909+0000] {standard_task_runner.py:84} INFO - Running: ['***', 'tasks', 'run', 'first_dag_02', 'first_task', 'scheduled__2021-09-18T00:00:00+00:00', '--job-id', '178', '--raw', '--subdir', 'DAGS_FOLDER/First_dag.py', '--cfg-path', '/tmp/tmpxx9bpm_s']
[2023-06-11T04:48:23.985+0000] {standard_task_runner.py:85} INFO - Job 178: Subtask first_task
[2023-06-11T04:48:26.079+0000] {task_command.py:410} INFO - Running <TaskInstance: first_dag_02.first_task scheduled__2021-09-18T00:00:00+00:00 [running]> on host 4b1b5d40d165
[2023-06-11T04:48:33.438+0000] {taskinstance.py:1547} INFO - Exporting env vars: AIRFLOW_CTX_DAG_OWNER='Raja' AIRFLOW_CTX_DAG_ID='first_dag_02' AIRFLOW_CTX_TASK_ID='first_task' AIRFLOW_CTX_EXECUTION_DATE='2021-09-18T00:00:00+00:00' AIRFLOW_CTX_TRY_NUMBER='1' AIRFLOW_CTX_DAG_RUN_ID='scheduled__2021-09-18T00:00:00+00:00'
[2023-06-11T04:48:33.451+0000] {subprocess.py:63} INFO - Tmp dir root location: 
 /tmp
[2023-06-11T04:48:33.452+0000] {subprocess.py:75} INFO - Running command: ['/bin/bash', '-c', 'echo hello world, this is the first task!']
[2023-06-11T04:48:34.077+0000] {subprocess.py:86} INFO - Output:
[2023-06-11T04:48:34.078+0000] {subprocess.py:93} INFO - hello world, this is the first task!
[2023-06-11T04:48:34.078+0000] {subprocess.py:97} INFO - Command exited with return code 0
[2023-06-11T04:48:34.965+0000] {taskinstance.py:1350} INFO - Marking task as SUCCESS. dag_id=first_dag_02, task_id=first_task, execution_date=20210918T000000, start_date=20230611T044821, end_date=20230611T044834
[2023-06-11T04:48:35.908+0000] {local_task_job_runner.py:225} INFO - Task exited with return code 0
[2023-06-11T04:48:36.611+0000] {taskinstance.py:2651} INFO - 2 downstream tasks scheduled from follow-on schedule check
[2023-06-11T08:25:20.981+0000] {taskinstance.py:1103} INFO - Dependencies all met for dep_context=non-requeueable deps ti=<TaskInstance: first_dag_02.first_task scheduled__2021-09-18T00:00:00+00:00 [queued]>
[2023-06-11T08:25:21.976+0000] {taskinstance.py:1103} INFO - Dependencies all met for dep_context=requeueable deps ti=<TaskInstance: first_dag_02.first_task scheduled__2021-09-18T00:00:00+00:00 [queued]>
[2023-06-11T08:25:21.983+0000] {taskinstance.py:1308} INFO - Starting attempt 1 of 6
[2023-06-11T08:25:22.109+0000] {taskinstance.py:1327} INFO - Executing <Task(BashOperator): first_task> on 2021-09-18 00:00:00+00:00
[2023-06-11T08:25:22.649+0000] {standard_task_runner.py:84} INFO - Running: ['***', 'tasks', 'run', 'first_dag_02', 'first_task', 'scheduled__2021-09-18T00:00:00+00:00', '--job-id', '329', '--raw', '--subdir', 'DAGS_FOLDER/First_dag.py', '--cfg-path', '/tmp/tmpvxwx8c1b']
[2023-06-11T08:25:22.667+0000] {standard_task_runner.py:85} INFO - Job 329: Subtask first_task
[2023-06-11T08:25:22.577+0000] {standard_task_runner.py:57} INFO - Started process 1062 to run task
[2023-06-11T08:25:24.180+0000] {task_command.py:410} INFO - Running <TaskInstance: first_dag_02.first_task scheduled__2021-09-18T00:00:00+00:00 [running]> on host 492037cdd057
[2023-06-11T08:25:29.757+0000] {taskinstance.py:1547} INFO - Exporting env vars: AIRFLOW_CTX_DAG_OWNER='Raja' AIRFLOW_CTX_DAG_ID='first_dag_02' AIRFLOW_CTX_TASK_ID='first_task' AIRFLOW_CTX_EXECUTION_DATE='2021-09-18T00:00:00+00:00' AIRFLOW_CTX_TRY_NUMBER='1' AIRFLOW_CTX_DAG_RUN_ID='scheduled__2021-09-18T00:00:00+00:00'
[2023-06-11T08:25:30.418+0000] {subprocess.py:63} INFO - Tmp dir root location: 
 /tmp
[2023-06-11T08:25:30.424+0000] {subprocess.py:75} INFO - Running command: ['/bin/bash', '-c', 'echo hello world, this is the first task!']
[2023-06-11T08:25:31.153+0000] {subprocess.py:86} INFO - Output:
[2023-06-11T08:25:32.660+0000] {subprocess.py:93} INFO - hello world, this is the first task!
[2023-06-11T08:25:32.824+0000] {subprocess.py:97} INFO - Command exited with return code 0
[2023-06-11T08:25:36.152+0000] {taskinstance.py:1350} INFO - Marking task as SUCCESS. dag_id=first_dag_02, task_id=first_task, execution_date=20210918T000000, start_date=20230611T082521, end_date=20230611T082536
[2023-06-11T08:25:36.871+0000] {local_task_job_runner.py:225} INFO - Task exited with return code 0
[2023-06-11T08:25:38.660+0000] {taskinstance.py:2651} INFO - 2 downstream tasks scheduled from follow-on schedule check
[2023-06-11T08:50:25.246+0000] {taskinstance.py:1103} INFO - Dependencies all met for dep_context=non-requeueable deps ti=<TaskInstance: first_dag_02.first_task scheduled__2021-09-18T00:00:00+00:00 [queued]>
[2023-06-11T08:50:25.685+0000] {taskinstance.py:1103} INFO - Dependencies all met for dep_context=requeueable deps ti=<TaskInstance: first_dag_02.first_task scheduled__2021-09-18T00:00:00+00:00 [queued]>
[2023-06-11T08:50:25.712+0000] {taskinstance.py:1308} INFO - Starting attempt 1 of 6
[2023-06-11T08:50:26.081+0000] {taskinstance.py:1327} INFO - Executing <Task(BashOperator): first_task> on 2021-09-18 00:00:00+00:00
[2023-06-11T08:50:26.094+0000] {standard_task_runner.py:57} INFO - Started process 882 to run task
[2023-06-11T08:50:26.117+0000] {standard_task_runner.py:84} INFO - Running: ['***', 'tasks', 'run', 'first_dag_02', 'first_task', 'scheduled__2021-09-18T00:00:00+00:00', '--job-id', '271', '--raw', '--subdir', 'DAGS_FOLDER/First_dag.py', '--cfg-path', '/tmp/tmpsyju7z_i']
[2023-06-11T08:50:26.118+0000] {standard_task_runner.py:85} INFO - Job 271: Subtask first_task
[2023-06-11T08:50:26.641+0000] {task_command.py:410} INFO - Running <TaskInstance: first_dag_02.first_task scheduled__2021-09-18T00:00:00+00:00 [running]> on host 964e508aad03
[2023-06-11T08:50:28.204+0000] {taskinstance.py:1547} INFO - Exporting env vars: AIRFLOW_CTX_DAG_OWNER='Raja' AIRFLOW_CTX_DAG_ID='first_dag_02' AIRFLOW_CTX_TASK_ID='first_task' AIRFLOW_CTX_EXECUTION_DATE='2021-09-18T00:00:00+00:00' AIRFLOW_CTX_TRY_NUMBER='1' AIRFLOW_CTX_DAG_RUN_ID='scheduled__2021-09-18T00:00:00+00:00'
[2023-06-11T08:50:28.210+0000] {subprocess.py:63} INFO - Tmp dir root location: 
 /tmp
[2023-06-11T08:50:28.216+0000] {subprocess.py:75} INFO - Running command: ['/bin/bash', '-c', 'echo hello world, this is the first task!']
[2023-06-11T08:50:28.250+0000] {subprocess.py:86} INFO - Output:
[2023-06-11T08:50:28.256+0000] {subprocess.py:93} INFO - hello world, this is the first task!
[2023-06-11T08:50:28.257+0000] {subprocess.py:97} INFO - Command exited with return code 0
[2023-06-11T08:50:28.577+0000] {taskinstance.py:1350} INFO - Marking task as SUCCESS. dag_id=first_dag_02, task_id=first_task, execution_date=20210918T000000, start_date=20230611T085025, end_date=20230611T085028
[2023-06-11T08:50:29.405+0000] {local_task_job_runner.py:225} INFO - Task exited with return code 0
[2023-06-11T08:50:29.667+0000] {taskinstance.py:2651} INFO - 2 downstream tasks scheduled from follow-on schedule check
[2023-06-11T10:45:10.476+0000] {taskinstance.py:1103} INFO - Dependencies all met for dep_context=non-requeueable deps ti=<TaskInstance: first_dag_02.first_task scheduled__2021-09-18T00:00:00+00:00 [queued]>
[2023-06-11T10:45:10.628+0000] {taskinstance.py:1103} INFO - Dependencies all met for dep_context=requeueable deps ti=<TaskInstance: first_dag_02.first_task scheduled__2021-09-18T00:00:00+00:00 [queued]>
[2023-06-11T10:45:10.628+0000] {taskinstance.py:1308} INFO - Starting attempt 1 of 6
[2023-06-11T10:45:11.296+0000] {taskinstance.py:1327} INFO - Executing <Task(BashOperator): first_task> on 2021-09-18 00:00:00+00:00
[2023-06-11T10:45:11.926+0000] {standard_task_runner.py:57} INFO - Started process 886 to run task
[2023-06-11T10:45:12.095+0000] {standard_task_runner.py:84} INFO - Running: ['***', 'tasks', 'run', 'first_dag_02', 'first_task', 'scheduled__2021-09-18T00:00:00+00:00', '--job-id', '246', '--raw', '--subdir', 'DAGS_FOLDER/First_dag.py', '--cfg-path', '/tmp/tmpbipe232m']
[2023-06-11T10:45:12.393+0000] {standard_task_runner.py:85} INFO - Job 246: Subtask first_task
[2023-06-11T10:45:13.830+0000] {task_command.py:410} INFO - Running <TaskInstance: first_dag_02.first_task scheduled__2021-09-18T00:00:00+00:00 [running]> on host 7586ce0070ac
[2023-06-11T10:47:46.789+0000] {taskinstance.py:1547} INFO - Exporting env vars: AIRFLOW_CTX_DAG_OWNER='Raja' AIRFLOW_CTX_DAG_ID='first_dag_02' AIRFLOW_CTX_TASK_ID='first_task' AIRFLOW_CTX_EXECUTION_DATE='2021-09-18T00:00:00+00:00' AIRFLOW_CTX_TRY_NUMBER='1' AIRFLOW_CTX_DAG_RUN_ID='scheduled__2021-09-18T00:00:00+00:00'
[2023-06-11T10:47:47.172+0000] {subprocess.py:63} INFO - Tmp dir root location: 
 /tmp
[2023-06-11T10:47:47.176+0000] {subprocess.py:75} INFO - Running command: ['/bin/bash', '-c', 'echo hello world, this is the first task!']
[2023-06-11T10:47:47.430+0000] {subprocess.py:86} INFO - Output:
[2023-06-11T10:47:49.477+0000] {subprocess.py:93} INFO - hello world, this is the first task!
[2023-06-11T10:47:49.625+0000] {subprocess.py:97} INFO - Command exited with return code 0
[2023-06-11T10:47:50.832+0000] {taskinstance.py:1350} INFO - Marking task as SUCCESS. dag_id=first_dag_02, task_id=first_task, execution_date=20210918T000000, start_date=20230611T104510, end_date=20230611T104750
[2023-06-11T10:47:51.426+0000] {local_task_job_runner.py:225} INFO - Task exited with return code 0
[2023-06-11T10:47:53.387+0000] {taskinstance.py:2651} INFO - 2 downstream tasks scheduled from follow-on schedule check
