[2023-06-10T17:27:27.026+0000] {taskinstance.py:1103} INFO - Dependencies all met for dep_context=non-requeueable deps ti=<TaskInstance: first_dag_02.second_task scheduled__2021-08-04T00:00:00+00:00 [queued]>
[2023-06-10T17:27:28.766+0000] {taskinstance.py:1103} INFO - Dependencies all met for dep_context=requeueable deps ti=<TaskInstance: first_dag_02.second_task scheduled__2021-08-04T00:00:00+00:00 [queued]>
[2023-06-10T17:27:28.768+0000] {taskinstance.py:1308} INFO - Starting attempt 1 of 6
[2023-06-10T17:27:30.051+0000] {taskinstance.py:1327} INFO - Executing <Task(BashOperator): second_task> on 2021-08-04 00:00:00+00:00
[2023-06-10T17:27:30.256+0000] {standard_task_runner.py:57} INFO - Started process 962 to run task
[2023-06-10T17:27:30.433+0000] {standard_task_runner.py:84} INFO - Running: ['***', 'tasks', 'run', 'first_dag_02', 'second_task', 'scheduled__2021-08-04T00:00:00+00:00', '--job-id', '1828', '--raw', '--subdir', 'DAGS_FOLDER/First_dag.py', '--cfg-path', '/tmp/tmp_168wdx5']
[2023-06-10T17:27:30.434+0000] {standard_task_runner.py:85} INFO - Job 1828: Subtask second_task
[2023-06-10T17:27:36.269+0000] {task_command.py:410} INFO - Running <TaskInstance: first_dag_02.second_task scheduled__2021-08-04T00:00:00+00:00 [running]> on host e326d5f70fa9
[2023-06-10T17:27:51.134+0000] {taskinstance.py:1547} INFO - Exporting env vars: AIRFLOW_CTX_DAG_OWNER='Raja' AIRFLOW_CTX_DAG_ID='first_dag_02' AIRFLOW_CTX_TASK_ID='second_task' AIRFLOW_CTX_EXECUTION_DATE='2021-08-04T00:00:00+00:00' AIRFLOW_CTX_TRY_NUMBER='1' AIRFLOW_CTX_DAG_RUN_ID='scheduled__2021-08-04T00:00:00+00:00'
[2023-06-10T17:28:01.765+0000] {subprocess.py:63} INFO - Tmp dir root location: 
 /tmp
[2023-06-10T17:28:01.856+0000] {subprocess.py:75} INFO - Running command: ['/bin/bash', '-c', 'echo hey, I am task2 and will be running after task1!']
[2023-06-10T17:28:04.126+0000] {subprocess.py:86} INFO - Output:
[2023-06-10T17:28:04.294+0000] {subprocess.py:93} INFO - hey, I am task2 and will be running after task1!
[2023-06-10T17:28:04.746+0000] {subprocess.py:97} INFO - Command exited with return code 0
[2023-06-10T17:28:06.004+0000] {taskinstance.py:1350} INFO - Marking task as SUCCESS. dag_id=first_dag_02, task_id=second_task, execution_date=20210804T000000, start_date=20230610T172727, end_date=20230610T172806
[2023-06-10T17:28:06.834+0000] {local_task_job_runner.py:225} INFO - Task exited with return code 0
[2023-06-10T17:28:08.113+0000] {taskinstance.py:2651} INFO - 0 downstream tasks scheduled from follow-on schedule check
[2023-06-11T04:45:05.192+0000] {taskinstance.py:1103} INFO - Dependencies all met for dep_context=non-requeueable deps ti=<TaskInstance: first_dag_02.second_task scheduled__2021-08-04T00:00:00+00:00 [queued]>
[2023-06-11T04:45:05.794+0000] {taskinstance.py:1103} INFO - Dependencies all met for dep_context=requeueable deps ti=<TaskInstance: first_dag_02.second_task scheduled__2021-08-04T00:00:00+00:00 [queued]>
[2023-06-11T04:45:05.795+0000] {taskinstance.py:1308} INFO - Starting attempt 1 of 6
[2023-06-11T04:45:07.258+0000] {taskinstance.py:1327} INFO - Executing <Task(BashOperator): second_task> on 2021-08-04 00:00:00+00:00
[2023-06-11T04:45:07.543+0000] {standard_task_runner.py:57} INFO - Started process 237 to run task
[2023-06-11T04:45:07.584+0000] {standard_task_runner.py:84} INFO - Running: ['***', 'tasks', 'run', 'first_dag_02', 'second_task', 'scheduled__2021-08-04T00:00:00+00:00', '--job-id', '57', '--raw', '--subdir', 'DAGS_FOLDER/First_dag.py', '--cfg-path', '/tmp/tmp6nhe4pw5']
[2023-06-11T04:45:07.585+0000] {standard_task_runner.py:85} INFO - Job 57: Subtask second_task
[2023-06-11T04:45:09.336+0000] {task_command.py:410} INFO - Running <TaskInstance: first_dag_02.second_task scheduled__2021-08-04T00:00:00+00:00 [running]> on host 4b1b5d40d165
[2023-06-11T04:45:13.602+0000] {taskinstance.py:1547} INFO - Exporting env vars: AIRFLOW_CTX_DAG_OWNER='Raja' AIRFLOW_CTX_DAG_ID='first_dag_02' AIRFLOW_CTX_TASK_ID='second_task' AIRFLOW_CTX_EXECUTION_DATE='2021-08-04T00:00:00+00:00' AIRFLOW_CTX_TRY_NUMBER='1' AIRFLOW_CTX_DAG_RUN_ID='scheduled__2021-08-04T00:00:00+00:00'
[2023-06-11T04:45:13.621+0000] {subprocess.py:63} INFO - Tmp dir root location: 
 /tmp
[2023-06-11T04:45:13.625+0000] {subprocess.py:75} INFO - Running command: ['/bin/bash', '-c', 'echo hey, I am task2 and will be running after task1!']
[2023-06-11T04:45:13.770+0000] {subprocess.py:86} INFO - Output:
[2023-06-11T04:45:13.873+0000] {subprocess.py:93} INFO - hey, I am task2 and will be running after task1!
[2023-06-11T04:45:13.875+0000] {subprocess.py:97} INFO - Command exited with return code 0
[2023-06-11T04:45:15.081+0000] {taskinstance.py:1350} INFO - Marking task as SUCCESS. dag_id=first_dag_02, task_id=second_task, execution_date=20210804T000000, start_date=20230611T044505, end_date=20230611T044515
[2023-06-11T04:45:16.370+0000] {local_task_job_runner.py:225} INFO - Task exited with return code 0
[2023-06-11T04:45:17.569+0000] {taskinstance.py:2651} INFO - 0 downstream tasks scheduled from follow-on schedule check
[2023-06-11T05:15:18.959+0000] {taskinstance.py:1103} INFO - Dependencies all met for dep_context=non-requeueable deps ti=<TaskInstance: first_dag_02.second_task scheduled__2021-08-04T00:00:00+00:00 [queued]>
[2023-06-11T05:15:19.301+0000] {taskinstance.py:1103} INFO - Dependencies all met for dep_context=requeueable deps ti=<TaskInstance: first_dag_02.second_task scheduled__2021-08-04T00:00:00+00:00 [queued]>
[2023-06-11T05:15:19.418+0000] {taskinstance.py:1308} INFO - Starting attempt 1 of 6
[2023-06-11T05:15:20.641+0000] {taskinstance.py:1327} INFO - Executing <Task(BashOperator): second_task> on 2021-08-04 00:00:00+00:00
[2023-06-11T05:15:21.017+0000] {standard_task_runner.py:57} INFO - Started process 264 to run task
[2023-06-11T05:15:21.035+0000] {standard_task_runner.py:84} INFO - Running: ['***', 'tasks', 'run', 'first_dag_02', 'second_task', 'scheduled__2021-08-04T00:00:00+00:00', '--job-id', '60', '--raw', '--subdir', 'DAGS_FOLDER/First_dag.py', '--cfg-path', '/tmp/tmpjqpjxt1k']
[2023-06-11T05:15:21.043+0000] {standard_task_runner.py:85} INFO - Job 60: Subtask second_task
[2023-06-11T05:15:22.432+0000] {task_command.py:410} INFO - Running <TaskInstance: first_dag_02.second_task scheduled__2021-08-04T00:00:00+00:00 [running]> on host 69e374580eab
[2023-06-11T05:15:27.424+0000] {taskinstance.py:1547} INFO - Exporting env vars: AIRFLOW_CTX_DAG_OWNER='Raja' AIRFLOW_CTX_DAG_ID='first_dag_02' AIRFLOW_CTX_TASK_ID='second_task' AIRFLOW_CTX_EXECUTION_DATE='2021-08-04T00:00:00+00:00' AIRFLOW_CTX_TRY_NUMBER='1' AIRFLOW_CTX_DAG_RUN_ID='scheduled__2021-08-04T00:00:00+00:00'
[2023-06-11T05:15:27.432+0000] {subprocess.py:63} INFO - Tmp dir root location: 
 /tmp
[2023-06-11T05:15:27.468+0000] {subprocess.py:75} INFO - Running command: ['/bin/bash', '-c', 'echo hey, I am task2 and will be running after task1!']
[2023-06-11T05:15:28.059+0000] {subprocess.py:86} INFO - Output:
[2023-06-11T05:15:28.130+0000] {subprocess.py:93} INFO - hey, I am task2 and will be running after task1!
[2023-06-11T05:15:28.138+0000] {subprocess.py:97} INFO - Command exited with return code 0
[2023-06-11T05:15:30.457+0000] {taskinstance.py:1350} INFO - Marking task as SUCCESS. dag_id=first_dag_02, task_id=second_task, execution_date=20210804T000000, start_date=20230611T051519, end_date=20230611T051530
[2023-06-11T05:15:30.743+0000] {local_task_job_runner.py:225} INFO - Task exited with return code 0
[2023-06-11T05:15:31.892+0000] {taskinstance.py:2651} INFO - 0 downstream tasks scheduled from follow-on schedule check
[2023-06-11T08:16:22.236+0000] {taskinstance.py:1103} INFO - Dependencies all met for dep_context=non-requeueable deps ti=<TaskInstance: first_dag_02.second_task scheduled__2021-08-04T00:00:00+00:00 [queued]>
[2023-06-11T08:16:23.108+0000] {taskinstance.py:1103} INFO - Dependencies all met for dep_context=requeueable deps ti=<TaskInstance: first_dag_02.second_task scheduled__2021-08-04T00:00:00+00:00 [queued]>
[2023-06-11T08:16:23.108+0000] {taskinstance.py:1308} INFO - Starting attempt 1 of 6
[2023-06-11T08:16:25.668+0000] {taskinstance.py:1327} INFO - Executing <Task(BashOperator): second_task> on 2021-08-04 00:00:00+00:00
[2023-06-11T08:16:25.897+0000] {standard_task_runner.py:57} INFO - Started process 283 to run task
[2023-06-11T08:16:26.333+0000] {standard_task_runner.py:84} INFO - Running: ['***', 'tasks', 'run', 'first_dag_02', 'second_task', 'scheduled__2021-08-04T00:00:00+00:00', '--job-id', '104', '--raw', '--subdir', 'DAGS_FOLDER/First_dag.py', '--cfg-path', '/tmp/tmph9_o4avi']
[2023-06-11T08:16:26.343+0000] {standard_task_runner.py:85} INFO - Job 104: Subtask second_task
[2023-06-11T08:16:27.595+0000] {task_command.py:410} INFO - Running <TaskInstance: first_dag_02.second_task scheduled__2021-08-04T00:00:00+00:00 [running]> on host 492037cdd057
[2023-06-11T08:16:33.725+0000] {taskinstance.py:1547} INFO - Exporting env vars: AIRFLOW_CTX_DAG_OWNER='Raja' AIRFLOW_CTX_DAG_ID='first_dag_02' AIRFLOW_CTX_TASK_ID='second_task' AIRFLOW_CTX_EXECUTION_DATE='2021-08-04T00:00:00+00:00' AIRFLOW_CTX_TRY_NUMBER='1' AIRFLOW_CTX_DAG_RUN_ID='scheduled__2021-08-04T00:00:00+00:00'
[2023-06-11T08:16:33.809+0000] {subprocess.py:63} INFO - Tmp dir root location: 
 /tmp
[2023-06-11T08:16:33.839+0000] {subprocess.py:75} INFO - Running command: ['/bin/bash', '-c', 'echo hey, I am task2 and will be running after task1!']
[2023-06-11T08:16:33.969+0000] {subprocess.py:86} INFO - Output:
[2023-06-11T08:16:33.990+0000] {subprocess.py:93} INFO - hey, I am task2 and will be running after task1!
[2023-06-11T08:16:33.991+0000] {subprocess.py:97} INFO - Command exited with return code 0
[2023-06-11T08:16:34.578+0000] {taskinstance.py:1350} INFO - Marking task as SUCCESS. dag_id=first_dag_02, task_id=second_task, execution_date=20210804T000000, start_date=20230611T081622, end_date=20230611T081634
[2023-06-11T08:16:35.559+0000] {local_task_job_runner.py:225} INFO - Task exited with return code 0
[2023-06-11T08:16:37.203+0000] {taskinstance.py:2651} INFO - 0 downstream tasks scheduled from follow-on schedule check
[2023-06-11T08:47:35.784+0000] {taskinstance.py:1103} INFO - Dependencies all met for dep_context=non-requeueable deps ti=<TaskInstance: first_dag_02.second_task scheduled__2021-08-04T00:00:00+00:00 [queued]>
[2023-06-11T08:47:36.057+0000] {taskinstance.py:1103} INFO - Dependencies all met for dep_context=requeueable deps ti=<TaskInstance: first_dag_02.second_task scheduled__2021-08-04T00:00:00+00:00 [queued]>
[2023-06-11T08:47:36.058+0000] {taskinstance.py:1308} INFO - Starting attempt 1 of 6
[2023-06-11T08:47:36.646+0000] {taskinstance.py:1327} INFO - Executing <Task(BashOperator): second_task> on 2021-08-04 00:00:00+00:00
[2023-06-11T08:47:36.722+0000] {standard_task_runner.py:84} INFO - Running: ['***', 'tasks', 'run', 'first_dag_02', 'second_task', 'scheduled__2021-08-04T00:00:00+00:00', '--job-id', '68', '--raw', '--subdir', 'DAGS_FOLDER/First_dag.py', '--cfg-path', '/tmp/tmpkwbbjjt0']
[2023-06-11T08:47:36.723+0000] {standard_task_runner.py:85} INFO - Job 68: Subtask second_task
[2023-06-11T08:47:36.699+0000] {standard_task_runner.py:57} INFO - Started process 264 to run task
[2023-06-11T08:47:37.421+0000] {task_command.py:410} INFO - Running <TaskInstance: first_dag_02.second_task scheduled__2021-08-04T00:00:00+00:00 [running]> on host 964e508aad03
[2023-06-11T08:47:39.035+0000] {taskinstance.py:1547} INFO - Exporting env vars: AIRFLOW_CTX_DAG_OWNER='Raja' AIRFLOW_CTX_DAG_ID='first_dag_02' AIRFLOW_CTX_TASK_ID='second_task' AIRFLOW_CTX_EXECUTION_DATE='2021-08-04T00:00:00+00:00' AIRFLOW_CTX_TRY_NUMBER='1' AIRFLOW_CTX_DAG_RUN_ID='scheduled__2021-08-04T00:00:00+00:00'
[2023-06-11T08:47:39.042+0000] {subprocess.py:63} INFO - Tmp dir root location: 
 /tmp
[2023-06-11T08:47:39.043+0000] {subprocess.py:75} INFO - Running command: ['/bin/bash', '-c', 'echo hey, I am task2 and will be running after task1!']
[2023-06-11T08:47:39.329+0000] {subprocess.py:86} INFO - Output:
[2023-06-11T08:47:39.444+0000] {subprocess.py:93} INFO - hey, I am task2 and will be running after task1!
[2023-06-11T08:47:39.446+0000] {subprocess.py:97} INFO - Command exited with return code 0
[2023-06-11T08:47:39.794+0000] {taskinstance.py:1350} INFO - Marking task as SUCCESS. dag_id=first_dag_02, task_id=second_task, execution_date=20210804T000000, start_date=20230611T084735, end_date=20230611T084739
[2023-06-11T08:47:39.909+0000] {local_task_job_runner.py:225} INFO - Task exited with return code 0
[2023-06-11T08:47:40.136+0000] {taskinstance.py:2651} INFO - 0 downstream tasks scheduled from follow-on schedule check
[2023-06-11T10:37:22.694+0000] {taskinstance.py:1103} INFO - Dependencies all met for dep_context=non-requeueable deps ti=<TaskInstance: first_dag_02.second_task scheduled__2021-08-04T00:00:00+00:00 [queued]>
[2023-06-11T10:37:23.446+0000] {taskinstance.py:1103} INFO - Dependencies all met for dep_context=requeueable deps ti=<TaskInstance: first_dag_02.second_task scheduled__2021-08-04T00:00:00+00:00 [queued]>
[2023-06-11T10:37:23.446+0000] {taskinstance.py:1308} INFO - Starting attempt 1 of 6
[2023-06-11T10:37:25.072+0000] {taskinstance.py:1327} INFO - Executing <Task(BashOperator): second_task> on 2021-08-04 00:00:00+00:00
[2023-06-11T10:37:25.412+0000] {standard_task_runner.py:57} INFO - Started process 257 to run task
[2023-06-11T10:37:26.303+0000] {standard_task_runner.py:84} INFO - Running: ['***', 'tasks', 'run', 'first_dag_02', 'second_task', 'scheduled__2021-08-04T00:00:00+00:00', '--job-id', '63', '--raw', '--subdir', 'DAGS_FOLDER/First_dag.py', '--cfg-path', '/tmp/tmpvmy52n_8']
[2023-06-11T10:37:26.310+0000] {standard_task_runner.py:85} INFO - Job 63: Subtask second_task
[2023-06-11T10:37:28.095+0000] {task_command.py:410} INFO - Running <TaskInstance: first_dag_02.second_task scheduled__2021-08-04T00:00:00+00:00 [running]> on host 7586ce0070ac
[2023-06-11T10:37:31.196+0000] {taskinstance.py:1547} INFO - Exporting env vars: AIRFLOW_CTX_DAG_OWNER='Raja' AIRFLOW_CTX_DAG_ID='first_dag_02' AIRFLOW_CTX_TASK_ID='second_task' AIRFLOW_CTX_EXECUTION_DATE='2021-08-04T00:00:00+00:00' AIRFLOW_CTX_TRY_NUMBER='1' AIRFLOW_CTX_DAG_RUN_ID='scheduled__2021-08-04T00:00:00+00:00'
[2023-06-11T10:37:31.292+0000] {subprocess.py:63} INFO - Tmp dir root location: 
 /tmp
[2023-06-11T10:37:31.328+0000] {subprocess.py:75} INFO - Running command: ['/bin/bash', '-c', 'echo hey, I am task2 and will be running after task1!']
[2023-06-11T10:37:32.323+0000] {subprocess.py:86} INFO - Output:
[2023-06-11T10:37:32.372+0000] {subprocess.py:93} INFO - hey, I am task2 and will be running after task1!
[2023-06-11T10:37:32.375+0000] {subprocess.py:97} INFO - Command exited with return code 0
[2023-06-11T10:37:33.057+0000] {taskinstance.py:1350} INFO - Marking task as SUCCESS. dag_id=first_dag_02, task_id=second_task, execution_date=20210804T000000, start_date=20230611T103722, end_date=20230611T103733
[2023-06-11T10:37:33.689+0000] {local_task_job_runner.py:225} INFO - Task exited with return code 0
[2023-06-11T10:37:34.465+0000] {taskinstance.py:2651} INFO - 0 downstream tasks scheduled from follow-on schedule check
