[2023-06-11T09:44:07.456+0000] {taskinstance.py:1103} INFO - Dependencies all met for dep_context=non-requeueable deps ti=<TaskInstance: dag_cron_expression_03.task1 scheduled__2021-12-19T03:00:00+00:00 [queued]>
[2023-06-11T09:44:07.586+0000] {taskinstance.py:1103} INFO - Dependencies all met for dep_context=requeueable deps ti=<TaskInstance: dag_cron_expression_03.task1 scheduled__2021-12-19T03:00:00+00:00 [queued]>
[2023-06-11T09:44:07.587+0000] {taskinstance.py:1308} INFO - Starting attempt 1 of 6
[2023-06-11T09:44:08.058+0000] {taskinstance.py:1327} INFO - Executing <Task(BashOperator): task1> on 2021-12-19 03:00:00+00:00
[2023-06-11T09:44:08.071+0000] {standard_task_runner.py:57} INFO - Started process 4432 to run task
[2023-06-11T09:44:08.117+0000] {standard_task_runner.py:84} INFO - Running: ['***', 'tasks', 'run', 'dag_cron_expression_03', 'task1', 'scheduled__2021-12-19T03:00:00+00:00', '--job-id', '1359', '--raw', '--subdir', 'DAGS_FOLDER/dag_corn.py', '--cfg-path', '/tmp/tmpn67yppbz']
[2023-06-11T09:44:08.118+0000] {standard_task_runner.py:85} INFO - Job 1359: Subtask task1
[2023-06-11T09:44:08.721+0000] {task_command.py:410} INFO - Running <TaskInstance: dag_cron_expression_03.task1 scheduled__2021-12-19T03:00:00+00:00 [running]> on host 964e508aad03
[2023-06-11T09:44:10.317+0000] {taskinstance.py:1547} INFO - Exporting env vars: AIRFLOW_CTX_DAG_OWNER='Raja' AIRFLOW_CTX_DAG_ID='dag_cron_expression_03' AIRFLOW_CTX_TASK_ID='task1' AIRFLOW_CTX_EXECUTION_DATE='2021-12-19T03:00:00+00:00' AIRFLOW_CTX_TRY_NUMBER='1' AIRFLOW_CTX_DAG_RUN_ID='scheduled__2021-12-19T03:00:00+00:00'
[2023-06-11T09:44:10.333+0000] {subprocess.py:63} INFO - Tmp dir root location: 
 /tmp
[2023-06-11T09:44:10.352+0000] {subprocess.py:75} INFO - Running command: ['/bin/bash', '-c', 'echo dag with cron expression!']
[2023-06-11T09:44:10.430+0000] {subprocess.py:86} INFO - Output:
[2023-06-11T09:44:10.445+0000] {subprocess.py:93} INFO - dag with cron expression!
[2023-06-11T09:44:10.446+0000] {subprocess.py:97} INFO - Command exited with return code 0
[2023-06-11T09:44:10.658+0000] {taskinstance.py:1350} INFO - Marking task as SUCCESS. dag_id=dag_cron_expression_03, task_id=task1, execution_date=20211219T030000, start_date=20230611T094407, end_date=20230611T094410
[2023-06-11T09:44:10.943+0000] {local_task_job_runner.py:225} INFO - Task exited with return code 0
[2023-06-11T09:44:11.206+0000] {taskinstance.py:2651} INFO - 0 downstream tasks scheduled from follow-on schedule check
[2023-06-11T10:41:16.565+0000] {taskinstance.py:1103} INFO - Dependencies all met for dep_context=non-requeueable deps ti=<TaskInstance: dag_cron_expression_03.task1 scheduled__2021-12-19T03:00:00+00:00 [queued]>
[2023-06-11T10:41:16.706+0000] {taskinstance.py:1103} INFO - Dependencies all met for dep_context=requeueable deps ti=<TaskInstance: dag_cron_expression_03.task1 scheduled__2021-12-19T03:00:00+00:00 [queued]>
[2023-06-11T10:41:16.706+0000] {taskinstance.py:1308} INFO - Starting attempt 1 of 6
[2023-06-11T10:41:19.309+0000] {taskinstance.py:1327} INFO - Executing <Task(BashOperator): task1> on 2021-12-19 03:00:00+00:00
[2023-06-11T10:41:19.849+0000] {standard_task_runner.py:57} INFO - Started process 612 to run task
[2023-06-11T10:41:20.114+0000] {standard_task_runner.py:84} INFO - Running: ['***', 'tasks', 'run', 'dag_cron_expression_03', 'task1', 'scheduled__2021-12-19T03:00:00+00:00', '--job-id', '167', '--raw', '--subdir', 'DAGS_FOLDER/dag_cron.py', '--cfg-path', '/tmp/tmp9zqlaib8']
[2023-06-11T10:41:20.115+0000] {standard_task_runner.py:85} INFO - Job 167: Subtask task1
[2023-06-11T10:41:21.884+0000] {task_command.py:410} INFO - Running <TaskInstance: dag_cron_expression_03.task1 scheduled__2021-12-19T03:00:00+00:00 [running]> on host 7586ce0070ac
[2023-06-11T10:41:29.756+0000] {taskinstance.py:1547} INFO - Exporting env vars: AIRFLOW_CTX_DAG_OWNER='Raja' AIRFLOW_CTX_DAG_ID='dag_cron_expression_03' AIRFLOW_CTX_TASK_ID='task1' AIRFLOW_CTX_EXECUTION_DATE='2021-12-19T03:00:00+00:00' AIRFLOW_CTX_TRY_NUMBER='1' AIRFLOW_CTX_DAG_RUN_ID='scheduled__2021-12-19T03:00:00+00:00'
[2023-06-11T10:41:29.978+0000] {subprocess.py:63} INFO - Tmp dir root location: 
 /tmp
[2023-06-11T10:41:29.999+0000] {subprocess.py:75} INFO - Running command: ['/bin/bash', '-c', 'echo dag with cron expression!']
[2023-06-11T10:41:30.577+0000] {subprocess.py:86} INFO - Output:
[2023-06-11T10:41:30.645+0000] {subprocess.py:93} INFO - dag with cron expression!
[2023-06-11T10:41:30.648+0000] {subprocess.py:97} INFO - Command exited with return code 0
[2023-06-11T10:41:31.726+0000] {taskinstance.py:1350} INFO - Marking task as SUCCESS. dag_id=dag_cron_expression_03, task_id=task1, execution_date=20211219T030000, start_date=20230611T104116, end_date=20230611T104131
[2023-06-11T10:41:32.513+0000] {local_task_job_runner.py:225} INFO - Task exited with return code 0
[2023-06-11T10:41:33.350+0000] {taskinstance.py:2651} INFO - 0 downstream tasks scheduled from follow-on schedule check
