[2023-06-11T09:39:30.065+0000] {taskinstance.py:1103} INFO - Dependencies all met for dep_context=non-requeueable deps ti=<TaskInstance: first_dag_02.thrid_task scheduled__2022-04-07T00:00:00+00:00 [queued]>
[2023-06-11T09:39:30.281+0000] {taskinstance.py:1103} INFO - Dependencies all met for dep_context=requeueable deps ti=<TaskInstance: first_dag_02.thrid_task scheduled__2022-04-07T00:00:00+00:00 [queued]>
[2023-06-11T09:39:30.295+0000] {taskinstance.py:1308} INFO - Starting attempt 1 of 6
[2023-06-11T09:39:30.611+0000] {taskinstance.py:1327} INFO - Executing <Task(BashOperator): thrid_task> on 2022-04-07 00:00:00+00:00
[2023-06-11T09:39:30.673+0000] {standard_task_runner.py:57} INFO - Started process 3879 to run task
[2023-06-11T09:39:30.703+0000] {standard_task_runner.py:84} INFO - Running: ['***', 'tasks', 'run', 'first_dag_02', 'thrid_task', 'scheduled__2022-04-07T00:00:00+00:00', '--job-id', '1201', '--raw', '--subdir', 'DAGS_FOLDER/First_dag.py', '--cfg-path', '/tmp/tmpuxn8eo_w']
[2023-06-11T09:39:30.736+0000] {standard_task_runner.py:85} INFO - Job 1201: Subtask thrid_task
[2023-06-11T09:39:31.732+0000] {task_command.py:410} INFO - Running <TaskInstance: first_dag_02.thrid_task scheduled__2022-04-07T00:00:00+00:00 [running]> on host 964e508aad03
[2023-06-11T09:39:35.605+0000] {taskinstance.py:1547} INFO - Exporting env vars: AIRFLOW_CTX_DAG_OWNER='Raja' AIRFLOW_CTX_DAG_ID='first_dag_02' AIRFLOW_CTX_TASK_ID='thrid_task' AIRFLOW_CTX_EXECUTION_DATE='2022-04-07T00:00:00+00:00' AIRFLOW_CTX_TRY_NUMBER='1' AIRFLOW_CTX_DAG_RUN_ID='scheduled__2022-04-07T00:00:00+00:00'
[2023-06-11T09:39:35.606+0000] {subprocess.py:63} INFO - Tmp dir root location: 
 /tmp
[2023-06-11T09:39:35.607+0000] {subprocess.py:75} INFO - Running command: ['/bin/bash', '-c', 'echo hey, I am task3 and will be running after task1 at the same time as task2!']
[2023-06-11T09:39:35.781+0000] {subprocess.py:86} INFO - Output:
[2023-06-11T09:39:35.841+0000] {subprocess.py:93} INFO - hey, I am task3 and will be running after task1 at the same time as task2!
[2023-06-11T09:39:35.843+0000] {subprocess.py:97} INFO - Command exited with return code 0
[2023-06-11T09:39:36.026+0000] {taskinstance.py:1350} INFO - Marking task as SUCCESS. dag_id=first_dag_02, task_id=thrid_task, execution_date=20220407T000000, start_date=20230611T093930, end_date=20230611T093936
[2023-06-11T09:39:36.077+0000] {local_task_job_runner.py:225} INFO - Task exited with return code 0
[2023-06-11T09:39:36.186+0000] {taskinstance.py:2651} INFO - 0 downstream tasks scheduled from follow-on schedule check
[2023-06-11T15:28:23.839+0000] {taskinstance.py:1103} INFO - Dependencies all met for dep_context=non-requeueable deps ti=<TaskInstance: first_dag_02.thrid_task scheduled__2022-04-07T00:00:00+00:00 [queued]>
[2023-06-11T15:28:24.002+0000] {taskinstance.py:1103} INFO - Dependencies all met for dep_context=requeueable deps ti=<TaskInstance: first_dag_02.thrid_task scheduled__2022-04-07T00:00:00+00:00 [queued]>
[2023-06-11T15:28:24.003+0000] {taskinstance.py:1308} INFO - Starting attempt 1 of 6
[2023-06-11T15:28:24.160+0000] {taskinstance.py:1327} INFO - Executing <Task(BashOperator): thrid_task> on 2022-04-07 00:00:00+00:00
[2023-06-11T15:28:24.190+0000] {standard_task_runner.py:57} INFO - Started process 578 to run task
[2023-06-11T15:28:24.223+0000] {standard_task_runner.py:84} INFO - Running: ['***', 'tasks', 'run', 'first_dag_02', 'thrid_task', 'scheduled__2022-04-07T00:00:00+00:00', '--job-id', '1259', '--raw', '--subdir', 'DAGS_FOLDER/First_dag.py', '--cfg-path', '/tmp/tmpxf7qldiu']
[2023-06-11T15:28:24.236+0000] {standard_task_runner.py:85} INFO - Job 1259: Subtask thrid_task
[2023-06-11T15:28:25.007+0000] {task_command.py:410} INFO - Running <TaskInstance: first_dag_02.thrid_task scheduled__2022-04-07T00:00:00+00:00 [running]> on host 7586ce0070ac
[2023-06-11T15:28:27.201+0000] {taskinstance.py:1547} INFO - Exporting env vars: AIRFLOW_CTX_DAG_OWNER='Raja' AIRFLOW_CTX_DAG_ID='first_dag_02' AIRFLOW_CTX_TASK_ID='thrid_task' AIRFLOW_CTX_EXECUTION_DATE='2022-04-07T00:00:00+00:00' AIRFLOW_CTX_TRY_NUMBER='1' AIRFLOW_CTX_DAG_RUN_ID='scheduled__2022-04-07T00:00:00+00:00'
[2023-06-11T15:28:27.205+0000] {subprocess.py:63} INFO - Tmp dir root location: 
 /tmp
[2023-06-11T15:28:27.226+0000] {subprocess.py:75} INFO - Running command: ['/bin/bash', '-c', 'echo hey, I am task3 and will be running after task1 at the same time as task2!']
[2023-06-11T15:28:27.287+0000] {subprocess.py:86} INFO - Output:
[2023-06-11T15:28:27.323+0000] {subprocess.py:93} INFO - hey, I am task3 and will be running after task1 at the same time as task2!
[2023-06-11T15:28:27.328+0000] {subprocess.py:97} INFO - Command exited with return code 0
[2023-06-11T15:28:27.688+0000] {taskinstance.py:1350} INFO - Marking task as SUCCESS. dag_id=first_dag_02, task_id=thrid_task, execution_date=20220407T000000, start_date=20230611T152823, end_date=20230611T152827
[2023-06-11T15:28:27.853+0000] {local_task_job_runner.py:225} INFO - Task exited with return code 0
[2023-06-11T15:28:28.805+0000] {taskinstance.py:2651} INFO - 0 downstream tasks scheduled from follow-on schedule check
