[2023-06-11T09:45:41.184+0000] {taskinstance.py:1103} INFO - Dependencies all met for dep_context=non-requeueable deps ti=<TaskInstance: first_dag_02.first_task scheduled__2022-05-30T00:00:00+00:00 [queued]>
[2023-06-11T09:45:41.341+0000] {taskinstance.py:1103} INFO - Dependencies all met for dep_context=requeueable deps ti=<TaskInstance: first_dag_02.first_task scheduled__2022-05-30T00:00:00+00:00 [queued]>
[2023-06-11T09:45:41.342+0000] {taskinstance.py:1308} INFO - Starting attempt 1 of 6
[2023-06-11T09:45:42.012+0000] {taskinstance.py:1327} INFO - Executing <Task(BashOperator): first_task> on 2022-05-30 00:00:00+00:00
[2023-06-11T09:45:42.102+0000] {standard_task_runner.py:57} INFO - Started process 4742 to run task
[2023-06-11T09:45:42.134+0000] {standard_task_runner.py:84} INFO - Running: ['***', 'tasks', 'run', 'first_dag_02', 'first_task', 'scheduled__2022-05-30T00:00:00+00:00', '--job-id', '1453', '--raw', '--subdir', 'DAGS_FOLDER/First_dag.py', '--cfg-path', '/tmp/tmpiyguanwh']
[2023-06-11T09:45:42.180+0000] {standard_task_runner.py:85} INFO - Job 1453: Subtask first_task
[2023-06-11T09:45:42.814+0000] {task_command.py:410} INFO - Running <TaskInstance: first_dag_02.first_task scheduled__2022-05-30T00:00:00+00:00 [running]> on host 964e508aad03
[2023-06-11T09:45:44.271+0000] {taskinstance.py:1547} INFO - Exporting env vars: AIRFLOW_CTX_DAG_OWNER='Raja' AIRFLOW_CTX_DAG_ID='first_dag_02' AIRFLOW_CTX_TASK_ID='first_task' AIRFLOW_CTX_EXECUTION_DATE='2022-05-30T00:00:00+00:00' AIRFLOW_CTX_TRY_NUMBER='1' AIRFLOW_CTX_DAG_RUN_ID='scheduled__2022-05-30T00:00:00+00:00'
[2023-06-11T09:45:44.276+0000] {subprocess.py:63} INFO - Tmp dir root location: 
 /tmp
[2023-06-11T09:45:44.278+0000] {subprocess.py:75} INFO - Running command: ['/bin/bash', '-c', 'echo hello world, this is the first task!']
[2023-06-11T09:45:44.359+0000] {subprocess.py:86} INFO - Output:
[2023-06-11T09:45:44.374+0000] {subprocess.py:93} INFO - hello world, this is the first task!
[2023-06-11T09:45:44.375+0000] {subprocess.py:97} INFO - Command exited with return code 0
[2023-06-11T09:45:44.785+0000] {taskinstance.py:1350} INFO - Marking task as SUCCESS. dag_id=first_dag_02, task_id=first_task, execution_date=20220530T000000, start_date=20230611T094541, end_date=20230611T094544
[2023-06-11T09:45:45.098+0000] {local_task_job_runner.py:225} INFO - Task exited with return code 0
[2023-06-11T09:45:45.389+0000] {taskinstance.py:2651} INFO - 2 downstream tasks scheduled from follow-on schedule check
[2023-06-11T15:32:19.533+0000] {taskinstance.py:1103} INFO - Dependencies all met for dep_context=non-requeueable deps ti=<TaskInstance: first_dag_02.first_task scheduled__2022-05-30T00:00:00+00:00 [queued]>
[2023-06-11T15:32:19.733+0000] {taskinstance.py:1103} INFO - Dependencies all met for dep_context=requeueable deps ti=<TaskInstance: first_dag_02.first_task scheduled__2022-05-30T00:00:00+00:00 [queued]>
[2023-06-11T15:32:19.733+0000] {taskinstance.py:1308} INFO - Starting attempt 1 of 6
[2023-06-11T15:32:19.958+0000] {taskinstance.py:1327} INFO - Executing <Task(BashOperator): first_task> on 2022-05-30 00:00:00+00:00
[2023-06-11T15:32:19.998+0000] {standard_task_runner.py:57} INFO - Started process 1287 to run task
[2023-06-11T15:32:20.028+0000] {standard_task_runner.py:84} INFO - Running: ['***', 'tasks', 'run', 'first_dag_02', 'first_task', 'scheduled__2022-05-30T00:00:00+00:00', '--job-id', '1479', '--raw', '--subdir', 'DAGS_FOLDER/First_dag.py', '--cfg-path', '/tmp/tmpltmosjny']
[2023-06-11T15:32:20.029+0000] {standard_task_runner.py:85} INFO - Job 1479: Subtask first_task
[2023-06-11T15:32:20.365+0000] {task_command.py:410} INFO - Running <TaskInstance: first_dag_02.first_task scheduled__2022-05-30T00:00:00+00:00 [running]> on host 7586ce0070ac
[2023-06-11T15:32:22.163+0000] {taskinstance.py:1547} INFO - Exporting env vars: AIRFLOW_CTX_DAG_OWNER='Raja' AIRFLOW_CTX_DAG_ID='first_dag_02' AIRFLOW_CTX_TASK_ID='first_task' AIRFLOW_CTX_EXECUTION_DATE='2022-05-30T00:00:00+00:00' AIRFLOW_CTX_TRY_NUMBER='1' AIRFLOW_CTX_DAG_RUN_ID='scheduled__2022-05-30T00:00:00+00:00'
[2023-06-11T15:32:22.165+0000] {subprocess.py:63} INFO - Tmp dir root location: 
 /tmp
[2023-06-11T15:32:22.166+0000] {subprocess.py:75} INFO - Running command: ['/bin/bash', '-c', 'echo hello world, this is the first task!']
[2023-06-11T15:32:22.306+0000] {subprocess.py:86} INFO - Output:
[2023-06-11T15:32:22.366+0000] {subprocess.py:93} INFO - hello world, this is the first task!
[2023-06-11T15:32:22.384+0000] {subprocess.py:97} INFO - Command exited with return code 0
[2023-06-11T15:32:22.816+0000] {taskinstance.py:1350} INFO - Marking task as SUCCESS. dag_id=first_dag_02, task_id=first_task, execution_date=20220530T000000, start_date=20230611T153219, end_date=20230611T153222
[2023-06-11T15:32:23.176+0000] {local_task_job_runner.py:225} INFO - Task exited with return code 0
[2023-06-11T15:32:23.999+0000] {taskinstance.py:2651} INFO - 0 downstream tasks scheduled from follow-on schedule check
