[2023-06-11T08:53:35.590+0000] {taskinstance.py:1103} INFO - Dependencies all met for dep_context=non-requeueable deps ti=<TaskInstance: first_dag_02.first_task scheduled__2021-11-08T00:00:00+00:00 [queued]>
[2023-06-11T08:53:35.791+0000] {taskinstance.py:1103} INFO - Dependencies all met for dep_context=requeueable deps ti=<TaskInstance: first_dag_02.first_task scheduled__2021-11-08T00:00:00+00:00 [queued]>
[2023-06-11T08:53:35.791+0000] {taskinstance.py:1308} INFO - Starting attempt 1 of 6
[2023-06-11T08:53:36.219+0000] {taskinstance.py:1327} INFO - Executing <Task(BashOperator): first_task> on 2021-11-08 00:00:00+00:00
[2023-06-11T08:53:36.247+0000] {standard_task_runner.py:57} INFO - Started process 1609 to run task
[2023-06-11T08:53:36.322+0000] {standard_task_runner.py:84} INFO - Running: ['***', 'tasks', 'run', 'first_dag_02', 'first_task', 'scheduled__2021-11-08T00:00:00+00:00', '--job-id', '497', '--raw', '--subdir', 'DAGS_FOLDER/First_dag.py', '--cfg-path', '/tmp/tmp9e4zj11f']
[2023-06-11T08:53:36.340+0000] {standard_task_runner.py:85} INFO - Job 497: Subtask first_task
[2023-06-11T08:53:37.163+0000] {task_command.py:410} INFO - Running <TaskInstance: first_dag_02.first_task scheduled__2021-11-08T00:00:00+00:00 [running]> on host 964e508aad03
[2023-06-11T08:53:39.162+0000] {taskinstance.py:1547} INFO - Exporting env vars: AIRFLOW_CTX_DAG_OWNER='Raja' AIRFLOW_CTX_DAG_ID='first_dag_02' AIRFLOW_CTX_TASK_ID='first_task' AIRFLOW_CTX_EXECUTION_DATE='2021-11-08T00:00:00+00:00' AIRFLOW_CTX_TRY_NUMBER='1' AIRFLOW_CTX_DAG_RUN_ID='scheduled__2021-11-08T00:00:00+00:00'
[2023-06-11T08:53:39.170+0000] {subprocess.py:63} INFO - Tmp dir root location: 
 /tmp
[2023-06-11T08:53:39.171+0000] {subprocess.py:75} INFO - Running command: ['/bin/bash', '-c', 'echo hello world, this is the first task!']
[2023-06-11T08:53:39.266+0000] {subprocess.py:86} INFO - Output:
[2023-06-11T08:53:39.275+0000] {subprocess.py:93} INFO - hello world, this is the first task!
[2023-06-11T08:53:39.283+0000] {subprocess.py:97} INFO - Command exited with return code 0
[2023-06-11T08:53:39.595+0000] {taskinstance.py:1350} INFO - Marking task as SUCCESS. dag_id=first_dag_02, task_id=first_task, execution_date=20211108T000000, start_date=20230611T085335, end_date=20230611T085339
[2023-06-11T08:53:39.923+0000] {local_task_job_runner.py:225} INFO - Task exited with return code 0
[2023-06-11T08:53:40.340+0000] {taskinstance.py:2651} INFO - 2 downstream tasks scheduled from follow-on schedule check
[2023-06-11T11:15:01.693+0000] {taskinstance.py:1103} INFO - Dependencies all met for dep_context=non-requeueable deps ti=<TaskInstance: first_dag_02.first_task scheduled__2021-11-08T00:00:00+00:00 [queued]>
[2023-06-11T11:15:01.753+0000] {taskinstance.py:1103} INFO - Dependencies all met for dep_context=requeueable deps ti=<TaskInstance: first_dag_02.first_task scheduled__2021-11-08T00:00:00+00:00 [queued]>
[2023-06-11T11:15:01.754+0000] {taskinstance.py:1308} INFO - Starting attempt 1 of 6
[2023-06-11T11:15:01.942+0000] {taskinstance.py:1327} INFO - Executing <Task(BashOperator): first_task> on 2021-11-08 00:00:00+00:00
[2023-06-11T11:15:01.961+0000] {standard_task_runner.py:57} INFO - Started process 248 to run task
[2023-06-11T11:15:01.970+0000] {standard_task_runner.py:84} INFO - Running: ['***', 'tasks', 'run', 'first_dag_02', 'first_task', 'scheduled__2021-11-08T00:00:00+00:00', '--job-id', '535', '--raw', '--subdir', 'DAGS_FOLDER/First_dag.py', '--cfg-path', '/tmp/tmpnvafxr_l']
[2023-06-11T11:15:01.971+0000] {standard_task_runner.py:85} INFO - Job 535: Subtask first_task
[2023-06-11T11:15:02.578+0000] {task_command.py:410} INFO - Running <TaskInstance: first_dag_02.first_task scheduled__2021-11-08T00:00:00+00:00 [running]> on host 7586ce0070ac
[2023-06-11T11:15:03.887+0000] {taskinstance.py:1547} INFO - Exporting env vars: AIRFLOW_CTX_DAG_OWNER='Raja' AIRFLOW_CTX_DAG_ID='first_dag_02' AIRFLOW_CTX_TASK_ID='first_task' AIRFLOW_CTX_EXECUTION_DATE='2021-11-08T00:00:00+00:00' AIRFLOW_CTX_TRY_NUMBER='1' AIRFLOW_CTX_DAG_RUN_ID='scheduled__2021-11-08T00:00:00+00:00'
[2023-06-11T11:15:03.889+0000] {subprocess.py:63} INFO - Tmp dir root location: 
 /tmp
[2023-06-11T11:15:03.914+0000] {subprocess.py:75} INFO - Running command: ['/bin/bash', '-c', 'echo hello world, this is the first task!']
[2023-06-11T11:15:04.083+0000] {subprocess.py:86} INFO - Output:
[2023-06-11T11:15:04.086+0000] {subprocess.py:93} INFO - hello world, this is the first task!
[2023-06-11T11:15:04.086+0000] {subprocess.py:97} INFO - Command exited with return code 0
[2023-06-11T11:15:04.762+0000] {taskinstance.py:1350} INFO - Marking task as SUCCESS. dag_id=first_dag_02, task_id=first_task, execution_date=20211108T000000, start_date=20230611T111501, end_date=20230611T111504
[2023-06-11T11:15:05.672+0000] {local_task_job_runner.py:225} INFO - Task exited with return code 0
[2023-06-11T11:15:05.931+0000] {taskinstance.py:2651} INFO - 2 downstream tasks scheduled from follow-on schedule check
