[2023-06-11T09:42:58.463+0000] {taskinstance.py:1103} INFO - Dependencies all met for dep_context=non-requeueable deps ti=<TaskInstance: dag_cron_expression_03.task1 scheduled__2021-11-16T03:00:00+00:00 [queued]>
[2023-06-11T09:42:58.745+0000] {taskinstance.py:1103} INFO - Dependencies all met for dep_context=requeueable deps ti=<TaskInstance: dag_cron_expression_03.task1 scheduled__2021-11-16T03:00:00+00:00 [queued]>
[2023-06-11T09:42:58.751+0000] {taskinstance.py:1308} INFO - Starting attempt 1 of 6
[2023-06-11T09:42:59.392+0000] {taskinstance.py:1327} INFO - Executing <Task(BashOperator): task1> on 2021-11-16 03:00:00+00:00
[2023-06-11T09:42:59.407+0000] {standard_task_runner.py:57} INFO - Started process 4201 to run task
[2023-06-11T09:42:59.435+0000] {standard_task_runner.py:84} INFO - Running: ['***', 'tasks', 'run', 'dag_cron_expression_03', 'task1', 'scheduled__2021-11-16T03:00:00+00:00', '--job-id', '1286', '--raw', '--subdir', 'DAGS_FOLDER/dag_corn.py', '--cfg-path', '/tmp/tmp80sbxmtb']
[2023-06-11T09:42:59.443+0000] {standard_task_runner.py:85} INFO - Job 1286: Subtask task1
[2023-06-11T09:43:00.599+0000] {task_command.py:410} INFO - Running <TaskInstance: dag_cron_expression_03.task1 scheduled__2021-11-16T03:00:00+00:00 [running]> on host 964e508aad03
[2023-06-11T09:43:03.202+0000] {taskinstance.py:1547} INFO - Exporting env vars: AIRFLOW_CTX_DAG_OWNER='Raja' AIRFLOW_CTX_DAG_ID='dag_cron_expression_03' AIRFLOW_CTX_TASK_ID='task1' AIRFLOW_CTX_EXECUTION_DATE='2021-11-16T03:00:00+00:00' AIRFLOW_CTX_TRY_NUMBER='1' AIRFLOW_CTX_DAG_RUN_ID='scheduled__2021-11-16T03:00:00+00:00'
[2023-06-11T09:43:03.223+0000] {subprocess.py:63} INFO - Tmp dir root location: 
 /tmp
[2023-06-11T09:43:03.224+0000] {subprocess.py:75} INFO - Running command: ['/bin/bash', '-c', 'echo dag with cron expression!']
[2023-06-11T09:43:03.375+0000] {subprocess.py:86} INFO - Output:
[2023-06-11T09:43:03.390+0000] {subprocess.py:93} INFO - dag with cron expression!
[2023-06-11T09:43:03.398+0000] {subprocess.py:97} INFO - Command exited with return code 0
[2023-06-11T09:43:03.531+0000] {taskinstance.py:1350} INFO - Marking task as SUCCESS. dag_id=dag_cron_expression_03, task_id=task1, execution_date=20211116T030000, start_date=20230611T094258, end_date=20230611T094303
[2023-06-11T09:43:03.642+0000] {local_task_job_runner.py:225} INFO - Task exited with return code 0
[2023-06-11T09:43:04.268+0000] {taskinstance.py:2651} INFO - 0 downstream tasks scheduled from follow-on schedule check
[2023-06-11T10:37:11.758+0000] {taskinstance.py:1103} INFO - Dependencies all met for dep_context=non-requeueable deps ti=<TaskInstance: dag_cron_expression_03.task1 scheduled__2021-11-16T03:00:00+00:00 [queued]>
[2023-06-11T10:37:12.490+0000] {taskinstance.py:1103} INFO - Dependencies all met for dep_context=requeueable deps ti=<TaskInstance: dag_cron_expression_03.task1 scheduled__2021-11-16T03:00:00+00:00 [queued]>
[2023-06-11T10:37:12.491+0000] {taskinstance.py:1308} INFO - Starting attempt 1 of 6
[2023-06-11T10:37:13.099+0000] {taskinstance.py:1327} INFO - Executing <Task(BashOperator): task1> on 2021-11-16 03:00:00+00:00
[2023-06-11T10:37:13.270+0000] {standard_task_runner.py:57} INFO - Started process 240 to run task
[2023-06-11T10:37:13.825+0000] {standard_task_runner.py:84} INFO - Running: ['***', 'tasks', 'run', 'dag_cron_expression_03', 'task1', 'scheduled__2021-11-16T03:00:00+00:00', '--job-id', '55', '--raw', '--subdir', 'DAGS_FOLDER/dag_corn.py', '--cfg-path', '/tmp/tmpd0m7qgtp']
[2023-06-11T10:37:13.844+0000] {standard_task_runner.py:85} INFO - Job 55: Subtask task1
[2023-06-11T10:37:16.814+0000] {task_command.py:410} INFO - Running <TaskInstance: dag_cron_expression_03.task1 scheduled__2021-11-16T03:00:00+00:00 [running]> on host 7586ce0070ac
[2023-06-11T10:37:21.333+0000] {taskinstance.py:1547} INFO - Exporting env vars: AIRFLOW_CTX_DAG_OWNER='Raja' AIRFLOW_CTX_DAG_ID='dag_cron_expression_03' AIRFLOW_CTX_TASK_ID='task1' AIRFLOW_CTX_EXECUTION_DATE='2021-11-16T03:00:00+00:00' AIRFLOW_CTX_TRY_NUMBER='1' AIRFLOW_CTX_DAG_RUN_ID='scheduled__2021-11-16T03:00:00+00:00'
[2023-06-11T10:37:21.355+0000] {subprocess.py:63} INFO - Tmp dir root location: 
 /tmp
[2023-06-11T10:37:21.357+0000] {subprocess.py:75} INFO - Running command: ['/bin/bash', '-c', 'echo dag with cron expression!']
[2023-06-11T10:37:21.870+0000] {subprocess.py:86} INFO - Output:
[2023-06-11T10:37:21.896+0000] {subprocess.py:93} INFO - dag with cron expression!
[2023-06-11T10:37:21.898+0000] {subprocess.py:97} INFO - Command exited with return code 0
[2023-06-11T10:37:22.722+0000] {taskinstance.py:1350} INFO - Marking task as SUCCESS. dag_id=dag_cron_expression_03, task_id=task1, execution_date=20211116T030000, start_date=20230611T103711, end_date=20230611T103722
[2023-06-11T10:37:24.672+0000] {local_task_job_runner.py:225} INFO - Task exited with return code 0
[2023-06-11T10:37:25.157+0000] {taskinstance.py:2651} INFO - 0 downstream tasks scheduled from follow-on schedule check
[2023-06-12T03:34:24.797+0000] {taskinstance.py:1103} INFO - Dependencies all met for dep_context=non-requeueable deps ti=<TaskInstance: dag_cron_expression_03.task1 scheduled__2021-11-16T03:00:00+00:00 [queued]>
[2023-06-12T03:34:25.897+0000] {taskinstance.py:1103} INFO - Dependencies all met for dep_context=requeueable deps ti=<TaskInstance: dag_cron_expression_03.task1 scheduled__2021-11-16T03:00:00+00:00 [queued]>
[2023-06-12T03:34:25.898+0000] {taskinstance.py:1308} INFO - Starting attempt 1 of 6
[2023-06-12T03:34:27.719+0000] {taskinstance.py:1327} INFO - Executing <Task(BashOperator): task1> on 2021-11-16 03:00:00+00:00
[2023-06-12T03:34:27.854+0000] {standard_task_runner.py:57} INFO - Started process 288 to run task
[2023-06-12T03:34:27.998+0000] {standard_task_runner.py:84} INFO - Running: ['***', 'tasks', 'run', 'dag_cron_expression_03', 'task1', 'scheduled__2021-11-16T03:00:00+00:00', '--job-id', '65', '--raw', '--subdir', 'DAGS_FOLDER/dag_cron.py', '--cfg-path', '/tmp/tmpfm4xpf1b']
[2023-06-12T03:34:28.023+0000] {standard_task_runner.py:85} INFO - Job 65: Subtask task1
[2023-06-12T03:34:29.363+0000] {task_command.py:410} INFO - Running <TaskInstance: dag_cron_expression_03.task1 scheduled__2021-11-16T03:00:00+00:00 [running]> on host 03cd9a7904e9
[2023-06-12T03:34:32.131+0000] {taskinstance.py:1547} INFO - Exporting env vars: AIRFLOW_CTX_DAG_OWNER='Raja' AIRFLOW_CTX_DAG_ID='dag_cron_expression_03' AIRFLOW_CTX_TASK_ID='task1' AIRFLOW_CTX_EXECUTION_DATE='2021-11-16T03:00:00+00:00' AIRFLOW_CTX_TRY_NUMBER='1' AIRFLOW_CTX_DAG_RUN_ID='scheduled__2021-11-16T03:00:00+00:00'
[2023-06-12T03:34:32.144+0000] {subprocess.py:63} INFO - Tmp dir root location: 
 /tmp
[2023-06-12T03:34:32.145+0000] {subprocess.py:75} INFO - Running command: ['/bin/bash', '-c', 'echo dag with cron expression!']
[2023-06-12T03:34:32.391+0000] {subprocess.py:86} INFO - Output:
[2023-06-12T03:34:32.435+0000] {subprocess.py:93} INFO - dag with cron expression!
[2023-06-12T03:34:32.437+0000] {subprocess.py:97} INFO - Command exited with return code 0
[2023-06-12T03:34:32.928+0000] {taskinstance.py:1350} INFO - Marking task as SUCCESS. dag_id=dag_cron_expression_03, task_id=task1, execution_date=20211116T030000, start_date=20230612T033424, end_date=20230612T033432
[2023-06-12T03:34:33.609+0000] {local_task_job_runner.py:225} INFO - Task exited with return code 0
[2023-06-12T03:34:34.272+0000] {taskinstance.py:2651} INFO - 0 downstream tasks scheduled from follow-on schedule check
