[2023-06-11T09:41:15.585+0000] {taskinstance.py:1103} INFO - Dependencies all met for dep_context=non-requeueable deps ti=<TaskInstance: first_dag_02.second_task scheduled__2022-04-15T00:00:00+00:00 [queued]>
[2023-06-11T09:41:15.929+0000] {taskinstance.py:1103} INFO - Dependencies all met for dep_context=requeueable deps ti=<TaskInstance: first_dag_02.second_task scheduled__2022-04-15T00:00:00+00:00 [queued]>
[2023-06-11T09:41:16.121+0000] {taskinstance.py:1308} INFO - Starting attempt 1 of 6
[2023-06-11T09:41:16.537+0000] {taskinstance.py:1327} INFO - Executing <Task(BashOperator): second_task> on 2022-04-15 00:00:00+00:00
[2023-06-11T09:41:16.552+0000] {standard_task_runner.py:57} INFO - Started process 4056 to run task
[2023-06-11T09:41:17.019+0000] {standard_task_runner.py:84} INFO - Running: ['***', 'tasks', 'run', 'first_dag_02', 'second_task', 'scheduled__2022-04-15T00:00:00+00:00', '--job-id', '1248', '--raw', '--subdir', 'DAGS_FOLDER/First_dag.py', '--cfg-path', '/tmp/tmpwknq6m0d']
[2023-06-11T09:41:17.085+0000] {standard_task_runner.py:85} INFO - Job 1248: Subtask second_task
[2023-06-11T09:41:20.322+0000] {task_command.py:410} INFO - Running <TaskInstance: first_dag_02.second_task scheduled__2022-04-15T00:00:00+00:00 [running]> on host 964e508aad03
[2023-06-11T09:41:24.049+0000] {taskinstance.py:1547} INFO - Exporting env vars: AIRFLOW_CTX_DAG_OWNER='Raja' AIRFLOW_CTX_DAG_ID='first_dag_02' AIRFLOW_CTX_TASK_ID='second_task' AIRFLOW_CTX_EXECUTION_DATE='2022-04-15T00:00:00+00:00' AIRFLOW_CTX_TRY_NUMBER='1' AIRFLOW_CTX_DAG_RUN_ID='scheduled__2022-04-15T00:00:00+00:00'
[2023-06-11T09:41:24.113+0000] {subprocess.py:63} INFO - Tmp dir root location: 
 /tmp
[2023-06-11T09:41:24.113+0000] {subprocess.py:75} INFO - Running command: ['/bin/bash', '-c', 'echo hey, I am task2 and will be running after task1!']
[2023-06-11T09:41:24.405+0000] {subprocess.py:86} INFO - Output:
[2023-06-11T09:41:24.533+0000] {subprocess.py:93} INFO - hey, I am task2 and will be running after task1!
[2023-06-11T09:41:24.548+0000] {subprocess.py:97} INFO - Command exited with return code 0
[2023-06-11T09:41:25.411+0000] {taskinstance.py:1350} INFO - Marking task as SUCCESS. dag_id=first_dag_02, task_id=second_task, execution_date=20220415T000000, start_date=20230611T094115, end_date=20230611T094125
[2023-06-11T09:41:26.773+0000] {local_task_job_runner.py:225} INFO - Task exited with return code 0
[2023-06-11T09:41:28.865+0000] {taskinstance.py:2651} INFO - 0 downstream tasks scheduled from follow-on schedule check
[2023-06-11T15:29:19.246+0000] {taskinstance.py:1103} INFO - Dependencies all met for dep_context=non-requeueable deps ti=<TaskInstance: first_dag_02.second_task scheduled__2022-04-15T00:00:00+00:00 [queued]>
[2023-06-11T15:29:19.364+0000] {taskinstance.py:1103} INFO - Dependencies all met for dep_context=requeueable deps ti=<TaskInstance: first_dag_02.second_task scheduled__2022-04-15T00:00:00+00:00 [queued]>
[2023-06-11T15:29:19.365+0000] {taskinstance.py:1308} INFO - Starting attempt 1 of 6
[2023-06-11T15:29:19.646+0000] {taskinstance.py:1327} INFO - Executing <Task(BashOperator): second_task> on 2022-04-15 00:00:00+00:00
[2023-06-11T15:29:19.690+0000] {standard_task_runner.py:57} INFO - Started process 731 to run task
[2023-06-11T15:29:19.737+0000] {standard_task_runner.py:84} INFO - Running: ['***', 'tasks', 'run', 'first_dag_02', 'second_task', 'scheduled__2022-04-15T00:00:00+00:00', '--job-id', '1309', '--raw', '--subdir', 'DAGS_FOLDER/First_dag.py', '--cfg-path', '/tmp/tmppsz9jt2b']
[2023-06-11T15:29:19.755+0000] {standard_task_runner.py:85} INFO - Job 1309: Subtask second_task
[2023-06-11T15:29:20.495+0000] {task_command.py:410} INFO - Running <TaskInstance: first_dag_02.second_task scheduled__2022-04-15T00:00:00+00:00 [running]> on host 7586ce0070ac
[2023-06-11T15:29:22.545+0000] {taskinstance.py:1547} INFO - Exporting env vars: AIRFLOW_CTX_DAG_OWNER='Raja' AIRFLOW_CTX_DAG_ID='first_dag_02' AIRFLOW_CTX_TASK_ID='second_task' AIRFLOW_CTX_EXECUTION_DATE='2022-04-15T00:00:00+00:00' AIRFLOW_CTX_TRY_NUMBER='1' AIRFLOW_CTX_DAG_RUN_ID='scheduled__2022-04-15T00:00:00+00:00'
[2023-06-11T15:29:22.547+0000] {subprocess.py:63} INFO - Tmp dir root location: 
 /tmp
[2023-06-11T15:29:22.547+0000] {subprocess.py:75} INFO - Running command: ['/bin/bash', '-c', 'echo hey, I am task2 and will be running after task1!']
[2023-06-11T15:29:22.795+0000] {subprocess.py:86} INFO - Output:
[2023-06-11T15:29:22.825+0000] {subprocess.py:93} INFO - hey, I am task2 and will be running after task1!
[2023-06-11T15:29:22.826+0000] {subprocess.py:97} INFO - Command exited with return code 0
[2023-06-11T15:29:23.834+0000] {taskinstance.py:1350} INFO - Marking task as SUCCESS. dag_id=first_dag_02, task_id=second_task, execution_date=20220415T000000, start_date=20230611T152919, end_date=20230611T152923
[2023-06-11T15:29:24.254+0000] {local_task_job_runner.py:225} INFO - Task exited with return code 0
[2023-06-11T15:29:24.722+0000] {taskinstance.py:2651} INFO - 0 downstream tasks scheduled from follow-on schedule check
