[2023-06-11T08:59:46.146+0000] {taskinstance.py:1103} INFO - Dependencies all met for dep_context=non-requeueable deps ti=<TaskInstance: first_dag_02.first_task scheduled__2022-02-11T00:00:00+00:00 [queued]>
[2023-06-11T08:59:46.276+0000] {taskinstance.py:1103} INFO - Dependencies all met for dep_context=requeueable deps ti=<TaskInstance: first_dag_02.first_task scheduled__2022-02-11T00:00:00+00:00 [queued]>
[2023-06-11T08:59:46.276+0000] {taskinstance.py:1308} INFO - Starting attempt 1 of 6
[2023-06-11T08:59:46.957+0000] {taskinstance.py:1327} INFO - Executing <Task(BashOperator): first_task> on 2022-02-11 00:00:00+00:00
[2023-06-11T08:59:47.026+0000] {standard_task_runner.py:57} INFO - Started process 3015 to run task
[2023-06-11T08:59:47.113+0000] {standard_task_runner.py:84} INFO - Running: ['***', 'tasks', 'run', 'first_dag_02', 'first_task', 'scheduled__2022-02-11T00:00:00+00:00', '--job-id', '940', '--raw', '--subdir', 'DAGS_FOLDER/First_dag.py', '--cfg-path', '/tmp/tmpgvp4kztc']
[2023-06-11T08:59:47.122+0000] {standard_task_runner.py:85} INFO - Job 940: Subtask first_task
[2023-06-11T08:59:47.856+0000] {task_command.py:410} INFO - Running <TaskInstance: first_dag_02.first_task scheduled__2022-02-11T00:00:00+00:00 [running]> on host 964e508aad03
[2023-06-11T08:59:49.747+0000] {taskinstance.py:1547} INFO - Exporting env vars: AIRFLOW_CTX_DAG_OWNER='Raja' AIRFLOW_CTX_DAG_ID='first_dag_02' AIRFLOW_CTX_TASK_ID='first_task' AIRFLOW_CTX_EXECUTION_DATE='2022-02-11T00:00:00+00:00' AIRFLOW_CTX_TRY_NUMBER='1' AIRFLOW_CTX_DAG_RUN_ID='scheduled__2022-02-11T00:00:00+00:00'
[2023-06-11T08:59:49.749+0000] {subprocess.py:63} INFO - Tmp dir root location: 
 /tmp
[2023-06-11T08:59:49.750+0000] {subprocess.py:75} INFO - Running command: ['/bin/bash', '-c', 'echo hello world, this is the first task!']
[2023-06-11T08:59:49.853+0000] {subprocess.py:86} INFO - Output:
[2023-06-11T08:59:49.896+0000] {subprocess.py:93} INFO - hello world, this is the first task!
[2023-06-11T08:59:49.897+0000] {subprocess.py:97} INFO - Command exited with return code 0
[2023-06-11T08:59:50.251+0000] {taskinstance.py:1350} INFO - Marking task as SUCCESS. dag_id=first_dag_02, task_id=first_task, execution_date=20220211T000000, start_date=20230611T085946, end_date=20230611T085950
[2023-06-11T08:59:50.482+0000] {local_task_job_runner.py:225} INFO - Task exited with return code 0
[2023-06-11T08:59:50.764+0000] {taskinstance.py:2651} INFO - 2 downstream tasks scheduled from follow-on schedule check
[2023-06-11T11:33:32.079+0000] {taskinstance.py:1103} INFO - Dependencies all met for dep_context=non-requeueable deps ti=<TaskInstance: first_dag_02.first_task scheduled__2022-02-11T00:00:00+00:00 [queued]>
[2023-06-11T11:33:32.437+0000] {taskinstance.py:1103} INFO - Dependencies all met for dep_context=requeueable deps ti=<TaskInstance: first_dag_02.first_task scheduled__2022-02-11T00:00:00+00:00 [queued]>
[2023-06-11T11:33:32.438+0000] {taskinstance.py:1308} INFO - Starting attempt 1 of 6
[2023-06-11T11:33:32.632+0000] {taskinstance.py:1327} INFO - Executing <Task(BashOperator): first_task> on 2022-02-11 00:00:00+00:00
[2023-06-11T11:33:32.645+0000] {standard_task_runner.py:57} INFO - Started process 533 to run task
[2023-06-11T11:33:32.665+0000] {standard_task_runner.py:84} INFO - Running: ['***', 'tasks', 'run', 'first_dag_02', 'first_task', 'scheduled__2022-02-11T00:00:00+00:00', '--job-id', '962', '--raw', '--subdir', 'DAGS_FOLDER/First_dag.py', '--cfg-path', '/tmp/tmp5a19rpih']
[2023-06-11T11:33:32.666+0000] {standard_task_runner.py:85} INFO - Job 962: Subtask first_task
[2023-06-11T11:33:33.808+0000] {task_command.py:410} INFO - Running <TaskInstance: first_dag_02.first_task scheduled__2022-02-11T00:00:00+00:00 [running]> on host 7586ce0070ac
[2023-06-11T11:33:37.073+0000] {taskinstance.py:1547} INFO - Exporting env vars: AIRFLOW_CTX_DAG_OWNER='Raja' AIRFLOW_CTX_DAG_ID='first_dag_02' AIRFLOW_CTX_TASK_ID='first_task' AIRFLOW_CTX_EXECUTION_DATE='2022-02-11T00:00:00+00:00' AIRFLOW_CTX_TRY_NUMBER='1' AIRFLOW_CTX_DAG_RUN_ID='scheduled__2022-02-11T00:00:00+00:00'
[2023-06-11T11:33:37.130+0000] {subprocess.py:63} INFO - Tmp dir root location: 
 /tmp
[2023-06-11T11:33:37.135+0000] {subprocess.py:75} INFO - Running command: ['/bin/bash', '-c', 'echo hello world, this is the first task!']
[2023-06-11T11:33:37.395+0000] {subprocess.py:86} INFO - Output:
[2023-06-11T11:33:37.443+0000] {subprocess.py:93} INFO - hello world, this is the first task!
[2023-06-11T11:33:37.444+0000] {subprocess.py:97} INFO - Command exited with return code 0
[2023-06-11T11:33:37.992+0000] {taskinstance.py:1350} INFO - Marking task as SUCCESS. dag_id=first_dag_02, task_id=first_task, execution_date=20220211T000000, start_date=20230611T113332, end_date=20230611T113337
[2023-06-11T11:33:38.146+0000] {local_task_job_runner.py:225} INFO - Task exited with return code 0
[2023-06-11T11:33:38.319+0000] {taskinstance.py:2651} INFO - 2 downstream tasks scheduled from follow-on schedule check
