[2023-06-11T09:47:39.403+0000] {taskinstance.py:1103} INFO - Dependencies all met for dep_context=non-requeueable deps ti=<TaskInstance: dag_cron_expression_03.task1 scheduled__2022-03-23T03:00:00+00:00 [queued]>
[2023-06-11T09:47:39.578+0000] {taskinstance.py:1103} INFO - Dependencies all met for dep_context=requeueable deps ti=<TaskInstance: dag_cron_expression_03.task1 scheduled__2022-03-23T03:00:00+00:00 [queued]>
[2023-06-11T09:47:39.585+0000] {taskinstance.py:1308} INFO - Starting attempt 1 of 6
[2023-06-11T09:47:39.872+0000] {taskinstance.py:1327} INFO - Executing <Task(BashOperator): task1> on 2022-03-23 03:00:00+00:00
[2023-06-11T09:47:39.957+0000] {standard_task_runner.py:57} INFO - Started process 5129 to run task
[2023-06-11T09:47:40.034+0000] {standard_task_runner.py:84} INFO - Running: ['***', 'tasks', 'run', 'dag_cron_expression_03', 'task1', 'scheduled__2022-03-23T03:00:00+00:00', '--job-id', '1575', '--raw', '--subdir', 'DAGS_FOLDER/dag_corn.py', '--cfg-path', '/tmp/tmpneh7_7r_']
[2023-06-11T09:47:40.047+0000] {standard_task_runner.py:85} INFO - Job 1575: Subtask task1
[2023-06-11T09:47:40.619+0000] {task_command.py:410} INFO - Running <TaskInstance: dag_cron_expression_03.task1 scheduled__2022-03-23T03:00:00+00:00 [running]> on host 964e508aad03
[2023-06-11T09:47:42.622+0000] {taskinstance.py:1547} INFO - Exporting env vars: AIRFLOW_CTX_DAG_OWNER='Raja' AIRFLOW_CTX_DAG_ID='dag_cron_expression_03' AIRFLOW_CTX_TASK_ID='task1' AIRFLOW_CTX_EXECUTION_DATE='2022-03-23T03:00:00+00:00' AIRFLOW_CTX_TRY_NUMBER='1' AIRFLOW_CTX_DAG_RUN_ID='scheduled__2022-03-23T03:00:00+00:00'
[2023-06-11T09:47:42.623+0000] {subprocess.py:63} INFO - Tmp dir root location: 
 /tmp
[2023-06-11T09:47:42.624+0000] {subprocess.py:75} INFO - Running command: ['/bin/bash', '-c', 'echo dag with cron expression!']
[2023-06-11T09:47:42.720+0000] {subprocess.py:86} INFO - Output:
[2023-06-11T09:47:42.725+0000] {subprocess.py:93} INFO - dag with cron expression!
[2023-06-11T09:47:42.740+0000] {subprocess.py:97} INFO - Command exited with return code 0
[2023-06-11T09:47:43.088+0000] {taskinstance.py:1350} INFO - Marking task as SUCCESS. dag_id=dag_cron_expression_03, task_id=task1, execution_date=20220323T030000, start_date=20230611T094739, end_date=20230611T094743
[2023-06-11T09:47:43.453+0000] {local_task_job_runner.py:225} INFO - Task exited with return code 0
[2023-06-11T09:47:44.151+0000] {taskinstance.py:2651} INFO - 0 downstream tasks scheduled from follow-on schedule check
[2023-06-11T10:59:32.134+0000] {taskinstance.py:1103} INFO - Dependencies all met for dep_context=non-requeueable deps ti=<TaskInstance: dag_cron_expression_03.task1 scheduled__2022-03-23T03:00:00+00:00 [queued]>
[2023-06-11T10:59:32.243+0000] {taskinstance.py:1103} INFO - Dependencies all met for dep_context=requeueable deps ti=<TaskInstance: dag_cron_expression_03.task1 scheduled__2022-03-23T03:00:00+00:00 [queued]>
[2023-06-11T10:59:32.248+0000] {taskinstance.py:1308} INFO - Starting attempt 1 of 6
[2023-06-11T10:59:32.616+0000] {taskinstance.py:1327} INFO - Executing <Task(BashOperator): task1> on 2022-03-23 03:00:00+00:00
[2023-06-11T10:59:32.634+0000] {standard_task_runner.py:57} INFO - Started process 1482 to run task
[2023-06-11T10:59:32.648+0000] {standard_task_runner.py:84} INFO - Running: ['***', 'tasks', 'run', 'dag_cron_expression_03', 'task1', 'scheduled__2022-03-23T03:00:00+00:00', '--job-id', '409', '--raw', '--subdir', 'DAGS_FOLDER/dag_cron.py', '--cfg-path', '/tmp/tmpjdewd428']
[2023-06-11T10:59:32.651+0000] {standard_task_runner.py:85} INFO - Job 409: Subtask task1
[2023-06-11T10:59:34.106+0000] {task_command.py:410} INFO - Running <TaskInstance: dag_cron_expression_03.task1 scheduled__2022-03-23T03:00:00+00:00 [running]> on host 7586ce0070ac
[2023-06-11T10:59:40.434+0000] {taskinstance.py:1547} INFO - Exporting env vars: AIRFLOW_CTX_DAG_OWNER='Raja' AIRFLOW_CTX_DAG_ID='dag_cron_expression_03' AIRFLOW_CTX_TASK_ID='task1' AIRFLOW_CTX_EXECUTION_DATE='2022-03-23T03:00:00+00:00' AIRFLOW_CTX_TRY_NUMBER='1' AIRFLOW_CTX_DAG_RUN_ID='scheduled__2022-03-23T03:00:00+00:00'
[2023-06-11T10:59:40.442+0000] {subprocess.py:63} INFO - Tmp dir root location: 
 /tmp
[2023-06-11T10:59:40.445+0000] {subprocess.py:75} INFO - Running command: ['/bin/bash', '-c', 'echo dag with cron expression!']
[2023-06-11T10:59:40.754+0000] {subprocess.py:86} INFO - Output:
[2023-06-11T10:59:40.759+0000] {subprocess.py:93} INFO - dag with cron expression!
[2023-06-11T10:59:40.761+0000] {subprocess.py:97} INFO - Command exited with return code 0
[2023-06-11T10:59:41.386+0000] {taskinstance.py:1350} INFO - Marking task as SUCCESS. dag_id=dag_cron_expression_03, task_id=task1, execution_date=20220323T030000, start_date=20230611T105932, end_date=20230611T105941
[2023-06-11T10:59:41.947+0000] {local_task_job_runner.py:225} INFO - Task exited with return code 0
[2023-06-11T10:59:45.263+0000] {taskinstance.py:2651} INFO - 0 downstream tasks scheduled from follow-on schedule check
