[2023-06-11T09:46:38.374+0000] {taskinstance.py:1103} INFO - Dependencies all met for dep_context=non-requeueable deps ti=<TaskInstance: first_dag_02.second_task scheduled__2022-06-09T00:00:00+00:00 [queued]>
[2023-06-11T09:46:39.181+0000] {taskinstance.py:1103} INFO - Dependencies all met for dep_context=requeueable deps ti=<TaskInstance: first_dag_02.second_task scheduled__2022-06-09T00:00:00+00:00 [queued]>
[2023-06-11T09:46:39.266+0000] {taskinstance.py:1308} INFO - Starting attempt 1 of 6
[2023-06-11T09:46:40.580+0000] {taskinstance.py:1327} INFO - Executing <Task(BashOperator): second_task> on 2022-06-09 00:00:00+00:00
[2023-06-11T09:46:40.761+0000] {standard_task_runner.py:57} INFO - Started process 4926 to run task
[2023-06-11T09:46:40.812+0000] {standard_task_runner.py:84} INFO - Running: ['***', 'tasks', 'run', 'first_dag_02', 'second_task', 'scheduled__2022-06-09T00:00:00+00:00', '--job-id', '1512', '--raw', '--subdir', 'DAGS_FOLDER/First_dag.py', '--cfg-path', '/tmp/tmp2b6an0gi']
[2023-06-11T09:46:40.891+0000] {standard_task_runner.py:85} INFO - Job 1512: Subtask second_task
[2023-06-11T09:46:42.102+0000] {task_command.py:410} INFO - Running <TaskInstance: first_dag_02.second_task scheduled__2022-06-09T00:00:00+00:00 [running]> on host 964e508aad03
[2023-06-11T09:46:45.384+0000] {taskinstance.py:1547} INFO - Exporting env vars: AIRFLOW_CTX_DAG_OWNER='Raja' AIRFLOW_CTX_DAG_ID='first_dag_02' AIRFLOW_CTX_TASK_ID='second_task' AIRFLOW_CTX_EXECUTION_DATE='2022-06-09T00:00:00+00:00' AIRFLOW_CTX_TRY_NUMBER='1' AIRFLOW_CTX_DAG_RUN_ID='scheduled__2022-06-09T00:00:00+00:00'
[2023-06-11T09:46:45.387+0000] {subprocess.py:63} INFO - Tmp dir root location: 
 /tmp
[2023-06-11T09:46:45.394+0000] {subprocess.py:75} INFO - Running command: ['/bin/bash', '-c', 'echo hey, I am task2 and will be running after task1!']
[2023-06-11T09:46:45.494+0000] {subprocess.py:86} INFO - Output:
[2023-06-11T09:46:45.496+0000] {subprocess.py:93} INFO - hey, I am task2 and will be running after task1!
[2023-06-11T09:46:45.498+0000] {subprocess.py:97} INFO - Command exited with return code 0
[2023-06-11T09:46:45.928+0000] {taskinstance.py:1350} INFO - Marking task as SUCCESS. dag_id=first_dag_02, task_id=second_task, execution_date=20220609T000000, start_date=20230611T094638, end_date=20230611T094645
[2023-06-11T09:46:46.362+0000] {local_task_job_runner.py:225} INFO - Task exited with return code 0
[2023-06-11T09:46:46.705+0000] {taskinstance.py:2651} INFO - 0 downstream tasks scheduled from follow-on schedule check
[2023-06-11T15:33:34.672+0000] {taskinstance.py:1103} INFO - Dependencies all met for dep_context=non-requeueable deps ti=<TaskInstance: first_dag_02.second_task scheduled__2022-06-09T00:00:00+00:00 [queued]>
[2023-06-11T15:33:34.895+0000] {taskinstance.py:1103} INFO - Dependencies all met for dep_context=requeueable deps ti=<TaskInstance: first_dag_02.second_task scheduled__2022-06-09T00:00:00+00:00 [queued]>
[2023-06-11T15:33:34.904+0000] {taskinstance.py:1308} INFO - Starting attempt 1 of 6
[2023-06-11T15:33:35.688+0000] {taskinstance.py:1327} INFO - Executing <Task(BashOperator): second_task> on 2022-06-09 00:00:00+00:00
[2023-06-11T15:33:35.824+0000] {standard_task_runner.py:57} INFO - Started process 1526 to run task
[2023-06-11T15:33:35.963+0000] {standard_task_runner.py:84} INFO - Running: ['***', 'tasks', 'run', 'first_dag_02', 'second_task', 'scheduled__2022-06-09T00:00:00+00:00', '--job-id', '1557', '--raw', '--subdir', 'DAGS_FOLDER/First_dag.py', '--cfg-path', '/tmp/tmpiu09ljts']
[2023-06-11T15:33:35.973+0000] {standard_task_runner.py:85} INFO - Job 1557: Subtask second_task
[2023-06-11T15:33:37.337+0000] {task_command.py:410} INFO - Running <TaskInstance: first_dag_02.second_task scheduled__2022-06-09T00:00:00+00:00 [running]> on host 7586ce0070ac
[2023-06-11T15:33:39.725+0000] {taskinstance.py:1547} INFO - Exporting env vars: AIRFLOW_CTX_DAG_OWNER='Raja' AIRFLOW_CTX_DAG_ID='first_dag_02' AIRFLOW_CTX_TASK_ID='second_task' AIRFLOW_CTX_EXECUTION_DATE='2022-06-09T00:00:00+00:00' AIRFLOW_CTX_TRY_NUMBER='1' AIRFLOW_CTX_DAG_RUN_ID='scheduled__2022-06-09T00:00:00+00:00'
[2023-06-11T15:33:39.727+0000] {subprocess.py:63} INFO - Tmp dir root location: 
 /tmp
[2023-06-11T15:33:39.739+0000] {subprocess.py:75} INFO - Running command: ['/bin/bash', '-c', 'echo hey, I am task2 and will be running after task1!']
[2023-06-11T15:33:39.792+0000] {subprocess.py:86} INFO - Output:
[2023-06-11T15:33:39.808+0000] {subprocess.py:93} INFO - hey, I am task2 and will be running after task1!
[2023-06-11T15:33:39.808+0000] {subprocess.py:97} INFO - Command exited with return code 0
[2023-06-11T15:33:40.498+0000] {taskinstance.py:1350} INFO - Marking task as SUCCESS. dag_id=first_dag_02, task_id=second_task, execution_date=20220609T000000, start_date=20230611T153334, end_date=20230611T153340
[2023-06-11T15:33:40.781+0000] {local_task_job_runner.py:225} INFO - Task exited with return code 0
[2023-06-11T15:33:40.910+0000] {taskinstance.py:2651} INFO - 0 downstream tasks scheduled from follow-on schedule check
