[2023-06-11T09:46:01.336+0000] {taskinstance.py:1103} INFO - Dependencies all met for dep_context=non-requeueable deps ti=<TaskInstance: dag_cron_expression_03.task1 scheduled__2022-02-13T03:00:00+00:00 [queued]>
[2023-06-11T09:46:01.550+0000] {taskinstance.py:1103} INFO - Dependencies all met for dep_context=requeueable deps ti=<TaskInstance: dag_cron_expression_03.task1 scheduled__2022-02-13T03:00:00+00:00 [queued]>
[2023-06-11T09:46:01.550+0000] {taskinstance.py:1308} INFO - Starting attempt 1 of 6
[2023-06-11T09:46:01.952+0000] {taskinstance.py:1327} INFO - Executing <Task(BashOperator): task1> on 2022-02-13 03:00:00+00:00
[2023-06-11T09:46:02.014+0000] {standard_task_runner.py:57} INFO - Started process 4803 to run task
[2023-06-11T09:46:02.062+0000] {standard_task_runner.py:84} INFO - Running: ['***', 'tasks', 'run', 'dag_cron_expression_03', 'task1', 'scheduled__2022-02-13T03:00:00+00:00', '--job-id', '1470', '--raw', '--subdir', 'DAGS_FOLDER/dag_corn.py', '--cfg-path', '/tmp/tmp24ylpmwj']
[2023-06-11T09:46:02.097+0000] {standard_task_runner.py:85} INFO - Job 1470: Subtask task1
[2023-06-11T09:46:02.460+0000] {task_command.py:410} INFO - Running <TaskInstance: dag_cron_expression_03.task1 scheduled__2022-02-13T03:00:00+00:00 [running]> on host 964e508aad03
[2023-06-11T09:46:04.876+0000] {taskinstance.py:1547} INFO - Exporting env vars: AIRFLOW_CTX_DAG_OWNER='Raja' AIRFLOW_CTX_DAG_ID='dag_cron_expression_03' AIRFLOW_CTX_TASK_ID='task1' AIRFLOW_CTX_EXECUTION_DATE='2022-02-13T03:00:00+00:00' AIRFLOW_CTX_TRY_NUMBER='1' AIRFLOW_CTX_DAG_RUN_ID='scheduled__2022-02-13T03:00:00+00:00'
[2023-06-11T09:46:04.896+0000] {subprocess.py:63} INFO - Tmp dir root location: 
 /tmp
[2023-06-11T09:46:04.898+0000] {subprocess.py:75} INFO - Running command: ['/bin/bash', '-c', 'echo dag with cron expression!']
[2023-06-11T09:46:05.007+0000] {subprocess.py:86} INFO - Output:
[2023-06-11T09:46:05.062+0000] {subprocess.py:93} INFO - dag with cron expression!
[2023-06-11T09:46:05.063+0000] {subprocess.py:97} INFO - Command exited with return code 0
[2023-06-11T09:46:05.625+0000] {taskinstance.py:1350} INFO - Marking task as SUCCESS. dag_id=dag_cron_expression_03, task_id=task1, execution_date=20220213T030000, start_date=20230611T094601, end_date=20230611T094605
[2023-06-11T09:46:06.161+0000] {local_task_job_runner.py:225} INFO - Task exited with return code 0
[2023-06-11T09:46:06.759+0000] {taskinstance.py:2651} INFO - 0 downstream tasks scheduled from follow-on schedule check
[2023-06-11T10:56:49.364+0000] {taskinstance.py:1103} INFO - Dependencies all met for dep_context=non-requeueable deps ti=<TaskInstance: dag_cron_expression_03.task1 scheduled__2022-02-13T03:00:00+00:00 [queued]>
[2023-06-11T10:56:51.091+0000] {taskinstance.py:1103} INFO - Dependencies all met for dep_context=requeueable deps ti=<TaskInstance: dag_cron_expression_03.task1 scheduled__2022-02-13T03:00:00+00:00 [queued]>
[2023-06-11T10:56:51.093+0000] {taskinstance.py:1308} INFO - Starting attempt 1 of 6
[2023-06-11T10:56:52.737+0000] {taskinstance.py:1327} INFO - Executing <Task(BashOperator): task1> on 2022-02-13 03:00:00+00:00
[2023-06-11T10:56:53.582+0000] {standard_task_runner.py:57} INFO - Started process 1186 to run task
[2023-06-11T10:56:53.598+0000] {standard_task_runner.py:84} INFO - Running: ['***', 'tasks', 'run', 'dag_cron_expression_03', 'task1', 'scheduled__2022-02-13T03:00:00+00:00', '--job-id', '323', '--raw', '--subdir', 'DAGS_FOLDER/dag_cron.py', '--cfg-path', '/tmp/tmp5q5c4clq']
[2023-06-11T10:56:53.599+0000] {standard_task_runner.py:85} INFO - Job 323: Subtask task1
[2023-06-11T10:56:56.054+0000] {task_command.py:410} INFO - Running <TaskInstance: dag_cron_expression_03.task1 scheduled__2022-02-13T03:00:00+00:00 [running]> on host 7586ce0070ac
[2023-06-11T10:57:00.696+0000] {taskinstance.py:1547} INFO - Exporting env vars: AIRFLOW_CTX_DAG_OWNER='Raja' AIRFLOW_CTX_DAG_ID='dag_cron_expression_03' AIRFLOW_CTX_TASK_ID='task1' AIRFLOW_CTX_EXECUTION_DATE='2022-02-13T03:00:00+00:00' AIRFLOW_CTX_TRY_NUMBER='1' AIRFLOW_CTX_DAG_RUN_ID='scheduled__2022-02-13T03:00:00+00:00'
[2023-06-11T10:57:00.715+0000] {subprocess.py:63} INFO - Tmp dir root location: 
 /tmp
[2023-06-11T10:57:00.723+0000] {subprocess.py:75} INFO - Running command: ['/bin/bash', '-c', 'echo dag with cron expression!']
[2023-06-11T10:57:00.951+0000] {subprocess.py:86} INFO - Output:
[2023-06-11T10:57:01.001+0000] {subprocess.py:93} INFO - dag with cron expression!
[2023-06-11T10:57:01.149+0000] {subprocess.py:97} INFO - Command exited with return code 0
[2023-06-11T10:57:01.913+0000] {taskinstance.py:1350} INFO - Marking task as SUCCESS. dag_id=dag_cron_expression_03, task_id=task1, execution_date=20220213T030000, start_date=20230611T105649, end_date=20230611T105701
[2023-06-11T10:57:02.720+0000] {local_task_job_runner.py:225} INFO - Task exited with return code 0
[2023-06-11T10:57:03.805+0000] {taskinstance.py:2651} INFO - 0 downstream tasks scheduled from follow-on schedule check
