[2023-06-11T08:53:19.649+0000] {taskinstance.py:1103} INFO - Dependencies all met for dep_context=non-requeueable deps ti=<TaskInstance: first_dag_02.thrid_task scheduled__2021-11-01T00:00:00+00:00 [queued]>
[2023-06-11T08:53:19.777+0000] {taskinstance.py:1103} INFO - Dependencies all met for dep_context=requeueable deps ti=<TaskInstance: first_dag_02.thrid_task scheduled__2021-11-01T00:00:00+00:00 [queued]>
[2023-06-11T08:53:19.781+0000] {taskinstance.py:1308} INFO - Starting attempt 1 of 6
[2023-06-11T08:53:20.019+0000] {taskinstance.py:1327} INFO - Executing <Task(BashOperator): thrid_task> on 2021-11-01 00:00:00+00:00
[2023-06-11T08:53:20.047+0000] {standard_task_runner.py:57} INFO - Started process 1541 to run task
[2023-06-11T08:53:20.076+0000] {standard_task_runner.py:84} INFO - Running: ['***', 'tasks', 'run', 'first_dag_02', 'thrid_task', 'scheduled__2021-11-01T00:00:00+00:00', '--job-id', '479', '--raw', '--subdir', 'DAGS_FOLDER/First_dag.py', '--cfg-path', '/tmp/tmp7oj_keww']
[2023-06-11T08:53:20.095+0000] {standard_task_runner.py:85} INFO - Job 479: Subtask thrid_task
[2023-06-11T08:53:20.422+0000] {task_command.py:410} INFO - Running <TaskInstance: first_dag_02.thrid_task scheduled__2021-11-01T00:00:00+00:00 [running]> on host 964e508aad03
[2023-06-11T08:53:21.178+0000] {taskinstance.py:1547} INFO - Exporting env vars: AIRFLOW_CTX_DAG_OWNER='Raja' AIRFLOW_CTX_DAG_ID='first_dag_02' AIRFLOW_CTX_TASK_ID='thrid_task' AIRFLOW_CTX_EXECUTION_DATE='2021-11-01T00:00:00+00:00' AIRFLOW_CTX_TRY_NUMBER='1' AIRFLOW_CTX_DAG_RUN_ID='scheduled__2021-11-01T00:00:00+00:00'
[2023-06-11T08:53:21.180+0000] {subprocess.py:63} INFO - Tmp dir root location: 
 /tmp
[2023-06-11T08:53:21.181+0000] {subprocess.py:75} INFO - Running command: ['/bin/bash', '-c', 'echo hey, I am task3 and will be running after task1 at the same time as task2!']
[2023-06-11T08:53:21.221+0000] {subprocess.py:86} INFO - Output:
[2023-06-11T08:53:21.224+0000] {subprocess.py:93} INFO - hey, I am task3 and will be running after task1 at the same time as task2!
[2023-06-11T08:53:21.225+0000] {subprocess.py:97} INFO - Command exited with return code 0
[2023-06-11T08:53:21.346+0000] {taskinstance.py:1350} INFO - Marking task as SUCCESS. dag_id=first_dag_02, task_id=thrid_task, execution_date=20211101T000000, start_date=20230611T085319, end_date=20230611T085321
[2023-06-11T08:53:21.787+0000] {local_task_job_runner.py:225} INFO - Task exited with return code 0
[2023-06-11T08:53:21.964+0000] {taskinstance.py:2651} INFO - 0 downstream tasks scheduled from follow-on schedule check
[2023-06-11T11:15:21.908+0000] {taskinstance.py:1103} INFO - Dependencies all met for dep_context=non-requeueable deps ti=<TaskInstance: first_dag_02.thrid_task scheduled__2021-11-01T00:00:00+00:00 [queued]>
[2023-06-11T11:15:21.959+0000] {taskinstance.py:1103} INFO - Dependencies all met for dep_context=requeueable deps ti=<TaskInstance: first_dag_02.thrid_task scheduled__2021-11-01T00:00:00+00:00 [queued]>
[2023-06-11T11:15:21.960+0000] {taskinstance.py:1308} INFO - Starting attempt 1 of 6
[2023-06-11T11:15:22.670+0000] {taskinstance.py:1327} INFO - Executing <Task(BashOperator): thrid_task> on 2021-11-01 00:00:00+00:00
[2023-06-11T11:15:22.827+0000] {standard_task_runner.py:57} INFO - Started process 324 to run task
[2023-06-11T11:15:22.905+0000] {standard_task_runner.py:84} INFO - Running: ['***', 'tasks', 'run', 'first_dag_02', 'thrid_task', 'scheduled__2021-11-01T00:00:00+00:00', '--job-id', '556', '--raw', '--subdir', 'DAGS_FOLDER/First_dag.py', '--cfg-path', '/tmp/tmpnq8cs9jd']
[2023-06-11T11:15:22.929+0000] {standard_task_runner.py:85} INFO - Job 556: Subtask thrid_task
[2023-06-11T11:15:24.261+0000] {task_command.py:410} INFO - Running <TaskInstance: first_dag_02.thrid_task scheduled__2021-11-01T00:00:00+00:00 [running]> on host 7586ce0070ac
[2023-06-11T11:15:26.936+0000] {taskinstance.py:1547} INFO - Exporting env vars: AIRFLOW_CTX_DAG_OWNER='Raja' AIRFLOW_CTX_DAG_ID='first_dag_02' AIRFLOW_CTX_TASK_ID='thrid_task' AIRFLOW_CTX_EXECUTION_DATE='2021-11-01T00:00:00+00:00' AIRFLOW_CTX_TRY_NUMBER='1' AIRFLOW_CTX_DAG_RUN_ID='scheduled__2021-11-01T00:00:00+00:00'
[2023-06-11T11:15:26.988+0000] {subprocess.py:63} INFO - Tmp dir root location: 
 /tmp
[2023-06-11T11:15:27.060+0000] {subprocess.py:75} INFO - Running command: ['/bin/bash', '-c', 'echo hey, I am task3 and will be running after task1 at the same time as task2!']
[2023-06-11T11:15:27.496+0000] {subprocess.py:86} INFO - Output:
[2023-06-11T11:15:27.569+0000] {subprocess.py:93} INFO - hey, I am task3 and will be running after task1 at the same time as task2!
[2023-06-11T11:15:27.572+0000] {subprocess.py:97} INFO - Command exited with return code 0
[2023-06-11T11:15:27.658+0000] {taskinstance.py:1350} INFO - Marking task as SUCCESS. dag_id=first_dag_02, task_id=thrid_task, execution_date=20211101T000000, start_date=20230611T111521, end_date=20230611T111527
[2023-06-11T11:15:27.741+0000] {local_task_job_runner.py:225} INFO - Task exited with return code 0
[2023-06-11T11:15:28.452+0000] {taskinstance.py:2651} INFO - 0 downstream tasks scheduled from follow-on schedule check
