[2023-06-11T04:50:00.826+0000] {taskinstance.py:1103} INFO - Dependencies all met for dep_context=non-requeueable deps ti=<TaskInstance: first_dag_02.second_task scheduled__2021-09-21T00:00:00+00:00 [queued]>
[2023-06-11T04:50:01.133+0000] {taskinstance.py:1103} INFO - Dependencies all met for dep_context=requeueable deps ti=<TaskInstance: first_dag_02.second_task scheduled__2021-09-21T00:00:00+00:00 [queued]>
[2023-06-11T04:50:01.134+0000] {taskinstance.py:1308} INFO - Starting attempt 1 of 6
[2023-06-11T04:50:03.058+0000] {taskinstance.py:1327} INFO - Executing <Task(BashOperator): second_task> on 2021-09-21 00:00:00+00:00
[2023-06-11T04:50:03.339+0000] {standard_task_runner.py:57} INFO - Started process 764 to run task
[2023-06-11T04:50:03.569+0000] {standard_task_runner.py:84} INFO - Running: ['***', 'tasks', 'run', 'first_dag_02', 'second_task', 'scheduled__2021-09-21T00:00:00+00:00', '--job-id', '221', '--raw', '--subdir', 'DAGS_FOLDER/First_dag.py', '--cfg-path', '/tmp/tmpf_4nm1n4']
[2023-06-11T04:50:03.587+0000] {standard_task_runner.py:85} INFO - Job 221: Subtask second_task
[2023-06-11T04:50:05.278+0000] {task_command.py:410} INFO - Running <TaskInstance: first_dag_02.second_task scheduled__2021-09-21T00:00:00+00:00 [running]> on host 4b1b5d40d165
[2023-06-11T04:50:09.266+0000] {taskinstance.py:1547} INFO - Exporting env vars: AIRFLOW_CTX_DAG_OWNER='Raja' AIRFLOW_CTX_DAG_ID='first_dag_02' AIRFLOW_CTX_TASK_ID='second_task' AIRFLOW_CTX_EXECUTION_DATE='2021-09-21T00:00:00+00:00' AIRFLOW_CTX_TRY_NUMBER='1' AIRFLOW_CTX_DAG_RUN_ID='scheduled__2021-09-21T00:00:00+00:00'
[2023-06-11T04:50:09.268+0000] {subprocess.py:63} INFO - Tmp dir root location: 
 /tmp
[2023-06-11T04:50:09.269+0000] {subprocess.py:75} INFO - Running command: ['/bin/bash', '-c', 'echo hey, I am task2 and will be running after task1!']
[2023-06-11T04:50:09.824+0000] {subprocess.py:86} INFO - Output:
[2023-06-11T04:50:09.837+0000] {subprocess.py:93} INFO - hey, I am task2 and will be running after task1!
[2023-06-11T04:50:09.900+0000] {subprocess.py:97} INFO - Command exited with return code 0
[2023-06-11T04:50:11.076+0000] {taskinstance.py:1350} INFO - Marking task as SUCCESS. dag_id=first_dag_02, task_id=second_task, execution_date=20210921T000000, start_date=20230611T045000, end_date=20230611T045011
[2023-06-11T04:50:12.185+0000] {local_task_job_runner.py:225} INFO - Task exited with return code 0
[2023-06-11T04:50:12.671+0000] {taskinstance.py:2651} INFO - 0 downstream tasks scheduled from follow-on schedule check
[2023-06-11T08:27:47.602+0000] {taskinstance.py:1103} INFO - Dependencies all met for dep_context=non-requeueable deps ti=<TaskInstance: first_dag_02.second_task scheduled__2021-09-21T00:00:00+00:00 [queued]>
[2023-06-11T08:27:48.084+0000] {taskinstance.py:1103} INFO - Dependencies all met for dep_context=requeueable deps ti=<TaskInstance: first_dag_02.second_task scheduled__2021-09-21T00:00:00+00:00 [queued]>
[2023-06-11T08:27:48.088+0000] {taskinstance.py:1308} INFO - Starting attempt 1 of 6
[2023-06-11T08:27:49.933+0000] {taskinstance.py:1327} INFO - Executing <Task(BashOperator): second_task> on 2021-09-21 00:00:00+00:00
[2023-06-11T08:27:49.976+0000] {standard_task_runner.py:57} INFO - Started process 1212 to run task
[2023-06-11T08:27:49.994+0000] {standard_task_runner.py:84} INFO - Running: ['***', 'tasks', 'run', 'first_dag_02', 'second_task', 'scheduled__2021-09-21T00:00:00+00:00', '--job-id', '374', '--raw', '--subdir', 'DAGS_FOLDER/First_dag.py', '--cfg-path', '/tmp/tmpeedk8waa']
[2023-06-11T08:27:50.004+0000] {standard_task_runner.py:85} INFO - Job 374: Subtask second_task
[2023-06-11T08:27:53.299+0000] {task_command.py:410} INFO - Running <TaskInstance: first_dag_02.second_task scheduled__2021-09-21T00:00:00+00:00 [running]> on host 492037cdd057
[2023-06-11T08:28:00.150+0000] {taskinstance.py:1547} INFO - Exporting env vars: AIRFLOW_CTX_DAG_OWNER='Raja' AIRFLOW_CTX_DAG_ID='first_dag_02' AIRFLOW_CTX_TASK_ID='second_task' AIRFLOW_CTX_EXECUTION_DATE='2021-09-21T00:00:00+00:00' AIRFLOW_CTX_TRY_NUMBER='1' AIRFLOW_CTX_DAG_RUN_ID='scheduled__2021-09-21T00:00:00+00:00'
[2023-06-11T08:28:00.231+0000] {subprocess.py:63} INFO - Tmp dir root location: 
 /tmp
[2023-06-11T08:28:00.273+0000] {subprocess.py:75} INFO - Running command: ['/bin/bash', '-c', 'echo hey, I am task2 and will be running after task1!']
[2023-06-11T08:28:00.839+0000] {subprocess.py:86} INFO - Output:
[2023-06-11T08:28:01.015+0000] {subprocess.py:93} INFO - hey, I am task2 and will be running after task1!
[2023-06-11T08:28:01.172+0000] {subprocess.py:97} INFO - Command exited with return code 0
[2023-06-11T08:28:02.545+0000] {taskinstance.py:1350} INFO - Marking task as SUCCESS. dag_id=first_dag_02, task_id=second_task, execution_date=20210921T000000, start_date=20230611T082747, end_date=20230611T082802
[2023-06-11T08:28:09.761+0000] {local_task_job_runner.py:225} INFO - Task exited with return code 0
[2023-06-11T08:28:11.918+0000] {taskinstance.py:2651} INFO - 0 downstream tasks scheduled from follow-on schedule check
[2023-06-11T08:50:54.278+0000] {taskinstance.py:1103} INFO - Dependencies all met for dep_context=non-requeueable deps ti=<TaskInstance: first_dag_02.second_task scheduled__2021-09-21T00:00:00+00:00 [queued]>
[2023-06-11T08:50:54.365+0000] {taskinstance.py:1103} INFO - Dependencies all met for dep_context=requeueable deps ti=<TaskInstance: first_dag_02.second_task scheduled__2021-09-21T00:00:00+00:00 [queued]>
[2023-06-11T08:50:54.366+0000] {taskinstance.py:1308} INFO - Starting attempt 1 of 6
[2023-06-11T08:50:54.730+0000] {taskinstance.py:1327} INFO - Executing <Task(BashOperator): second_task> on 2021-09-21 00:00:00+00:00
[2023-06-11T08:50:54.760+0000] {standard_task_runner.py:57} INFO - Started process 985 to run task
[2023-06-11T08:50:54.821+0000] {standard_task_runner.py:84} INFO - Running: ['***', 'tasks', 'run', 'first_dag_02', 'second_task', 'scheduled__2021-09-21T00:00:00+00:00', '--job-id', '301', '--raw', '--subdir', 'DAGS_FOLDER/First_dag.py', '--cfg-path', '/tmp/tmp6kjoq5u3']
[2023-06-11T08:50:54.822+0000] {standard_task_runner.py:85} INFO - Job 301: Subtask second_task
[2023-06-11T08:50:55.366+0000] {task_command.py:410} INFO - Running <TaskInstance: first_dag_02.second_task scheduled__2021-09-21T00:00:00+00:00 [running]> on host 964e508aad03
[2023-06-11T08:50:57.279+0000] {taskinstance.py:1547} INFO - Exporting env vars: AIRFLOW_CTX_DAG_OWNER='Raja' AIRFLOW_CTX_DAG_ID='first_dag_02' AIRFLOW_CTX_TASK_ID='second_task' AIRFLOW_CTX_EXECUTION_DATE='2021-09-21T00:00:00+00:00' AIRFLOW_CTX_TRY_NUMBER='1' AIRFLOW_CTX_DAG_RUN_ID='scheduled__2021-09-21T00:00:00+00:00'
[2023-06-11T08:50:57.281+0000] {subprocess.py:63} INFO - Tmp dir root location: 
 /tmp
[2023-06-11T08:50:57.285+0000] {subprocess.py:75} INFO - Running command: ['/bin/bash', '-c', 'echo hey, I am task2 and will be running after task1!']
[2023-06-11T08:50:57.365+0000] {subprocess.py:86} INFO - Output:
[2023-06-11T08:50:57.367+0000] {subprocess.py:93} INFO - hey, I am task2 and will be running after task1!
[2023-06-11T08:50:57.368+0000] {subprocess.py:97} INFO - Command exited with return code 0
[2023-06-11T08:50:57.562+0000] {taskinstance.py:1350} INFO - Marking task as SUCCESS. dag_id=first_dag_02, task_id=second_task, execution_date=20210921T000000, start_date=20230611T085054, end_date=20230611T085057
[2023-06-11T08:50:57.726+0000] {local_task_job_runner.py:225} INFO - Task exited with return code 0
[2023-06-11T08:50:57.922+0000] {taskinstance.py:2651} INFO - 0 downstream tasks scheduled from follow-on schedule check
[2023-06-11T10:54:17.081+0000] {taskinstance.py:1103} INFO - Dependencies all met for dep_context=non-requeueable deps ti=<TaskInstance: first_dag_02.second_task scheduled__2021-09-21T00:00:00+00:00 [queued]>
[2023-06-11T10:54:17.951+0000] {taskinstance.py:1103} INFO - Dependencies all met for dep_context=requeueable deps ti=<TaskInstance: first_dag_02.second_task scheduled__2021-09-21T00:00:00+00:00 [queued]>
[2023-06-11T10:54:17.951+0000] {taskinstance.py:1308} INFO - Starting attempt 1 of 6
[2023-06-11T10:54:19.139+0000] {taskinstance.py:1327} INFO - Executing <Task(BashOperator): second_task> on 2021-09-21 00:00:00+00:00
[2023-06-11T10:54:19.610+0000] {standard_task_runner.py:57} INFO - Started process 1041 to run task
[2023-06-11T10:54:20.262+0000] {standard_task_runner.py:84} INFO - Running: ['***', 'tasks', 'run', 'first_dag_02', 'second_task', 'scheduled__2021-09-21T00:00:00+00:00', '--job-id', '282', '--raw', '--subdir', 'DAGS_FOLDER/First_dag.py', '--cfg-path', '/tmp/tmpeve8rxyt']
[2023-06-11T10:54:20.466+0000] {standard_task_runner.py:85} INFO - Job 282: Subtask second_task
[2023-06-11T10:54:23.546+0000] {task_command.py:410} INFO - Running <TaskInstance: first_dag_02.second_task scheduled__2021-09-21T00:00:00+00:00 [running]> on host 7586ce0070ac
[2023-06-11T10:54:27.841+0000] {taskinstance.py:1547} INFO - Exporting env vars: AIRFLOW_CTX_DAG_OWNER='Raja' AIRFLOW_CTX_DAG_ID='first_dag_02' AIRFLOW_CTX_TASK_ID='second_task' AIRFLOW_CTX_EXECUTION_DATE='2021-09-21T00:00:00+00:00' AIRFLOW_CTX_TRY_NUMBER='1' AIRFLOW_CTX_DAG_RUN_ID='scheduled__2021-09-21T00:00:00+00:00'
[2023-06-11T10:54:27.887+0000] {subprocess.py:63} INFO - Tmp dir root location: 
 /tmp
[2023-06-11T10:54:27.895+0000] {subprocess.py:75} INFO - Running command: ['/bin/bash', '-c', 'echo hey, I am task2 and will be running after task1!']
[2023-06-11T10:54:28.348+0000] {subprocess.py:86} INFO - Output:
[2023-06-11T10:54:28.438+0000] {subprocess.py:93} INFO - hey, I am task2 and will be running after task1!
[2023-06-11T10:54:28.459+0000] {subprocess.py:97} INFO - Command exited with return code 0
[2023-06-11T10:54:31.699+0000] {taskinstance.py:1350} INFO - Marking task as SUCCESS. dag_id=first_dag_02, task_id=second_task, execution_date=20210921T000000, start_date=20230611T105417, end_date=20230611T105431
[2023-06-11T10:54:33.266+0000] {local_task_job_runner.py:225} INFO - Task exited with return code 0
[2023-06-11T10:54:34.063+0000] {taskinstance.py:2651} INFO - 0 downstream tasks scheduled from follow-on schedule check
