[2023-06-10T16:26:32.576+0000] {taskinstance.py:1103} INFO - Dependencies all met for dep_context=non-requeueable deps ti=<TaskInstance: dag_pythonoperator.first_task scheduled__2023-06-03T00:00:00+00:00 [queued]>
[2023-06-10T16:26:32.633+0000] {taskinstance.py:1103} INFO - Dependencies all met for dep_context=requeueable deps ti=<TaskInstance: dag_pythonoperator.first_task scheduled__2023-06-03T00:00:00+00:00 [queued]>
[2023-06-10T16:26:32.633+0000] {taskinstance.py:1308} INFO - Starting attempt 1 of 6
[2023-06-10T16:26:32.788+0000] {taskinstance.py:1327} INFO - Executing <Task(PythonOperator): first_task> on 2023-06-03 00:00:00+00:00
[2023-06-10T16:26:33.245+0000] {standard_task_runner.py:57} INFO - Started process 4243 to run task
[2023-06-10T16:26:33.649+0000] {standard_task_runner.py:84} INFO - Running: ['***', 'tasks', 'run', 'dag_pythonoperator', 'first_task', 'scheduled__2023-06-03T00:00:00+00:00', '--job-id', '1308', '--raw', '--subdir', 'DAGS_FOLDER/Pythonoperator_dag.py', '--cfg-path', '/tmp/tmphmusf7_v']
[2023-06-10T16:26:33.726+0000] {standard_task_runner.py:85} INFO - Job 1308: Subtask first_task
[2023-06-10T16:26:36.578+0000] {task_command.py:410} INFO - Running <TaskInstance: dag_pythonoperator.first_task scheduled__2023-06-03T00:00:00+00:00 [running]> on host e326d5f70fa9
[2023-06-10T16:27:31.201+0000] {taskinstance.py:1547} INFO - Exporting env vars: AIRFLOW_CTX_DAG_OWNER='Raja' AIRFLOW_CTX_DAG_ID='dag_pythonoperator' AIRFLOW_CTX_TASK_ID='first_task' AIRFLOW_CTX_EXECUTION_DATE='2023-06-03T00:00:00+00:00' AIRFLOW_CTX_TRY_NUMBER='1' AIRFLOW_CTX_DAG_RUN_ID='scheduled__2023-06-03T00:00:00+00:00'
[2023-06-10T16:27:31.620+0000] {logging_mixin.py:149} INFO - Hai this first python_operator dag
[2023-06-10T16:27:31.694+0000] {python.py:183} INFO - Done. Returned value was: None
[2023-06-10T16:27:33.215+0000] {taskinstance.py:1350} INFO - Marking task as SUCCESS. dag_id=dag_pythonoperator, task_id=first_task, execution_date=20230603T000000, start_date=20230610T162632, end_date=20230610T162733
[2023-06-10T16:27:33.933+0000] {local_task_job_runner.py:225} INFO - Task exited with return code 0
[2023-06-10T16:27:36.766+0000] {taskinstance.py:2651} INFO - 2 downstream tasks scheduled from follow-on schedule check
[2023-06-11T04:43:28.306+0000] {taskinstance.py:1103} INFO - Dependencies all met for dep_context=non-requeueable deps ti=<TaskInstance: dag_pythonoperator.first_task scheduled__2023-06-03T00:00:00+00:00 [queued]>
[2023-06-11T04:43:28.734+0000] {taskinstance.py:1103} INFO - Dependencies all met for dep_context=requeueable deps ti=<TaskInstance: dag_pythonoperator.first_task scheduled__2023-06-03T00:00:00+00:00 [queued]>
[2023-06-11T04:43:28.734+0000] {taskinstance.py:1308} INFO - Starting attempt 1 of 6
[2023-06-11T04:43:29.448+0000] {taskinstance.py:1327} INFO - Executing <Task(PythonOperator): first_task> on 2023-06-03 00:00:00+00:00
[2023-06-11T04:43:29.474+0000] {standard_task_runner.py:57} INFO - Started process 101 to run task
[2023-06-11T04:43:29.487+0000] {standard_task_runner.py:84} INFO - Running: ['***', 'tasks', 'run', 'dag_pythonoperator', 'first_task', 'scheduled__2023-06-03T00:00:00+00:00', '--job-id', '16', '--raw', '--subdir', 'DAGS_FOLDER/python_operator_dag.py', '--cfg-path', '/tmp/tmpgpcdkiui']
[2023-06-11T04:43:29.498+0000] {standard_task_runner.py:85} INFO - Job 16: Subtask first_task
[2023-06-11T04:43:30.592+0000] {task_command.py:410} INFO - Running <TaskInstance: dag_pythonoperator.first_task scheduled__2023-06-03T00:00:00+00:00 [running]> on host 4b1b5d40d165
[2023-06-11T04:43:34.814+0000] {taskinstance.py:1547} INFO - Exporting env vars: AIRFLOW_CTX_DAG_OWNER='Raja' AIRFLOW_CTX_DAG_ID='dag_pythonoperator' AIRFLOW_CTX_TASK_ID='first_task' AIRFLOW_CTX_EXECUTION_DATE='2023-06-03T00:00:00+00:00' AIRFLOW_CTX_TRY_NUMBER='1' AIRFLOW_CTX_DAG_RUN_ID='scheduled__2023-06-03T00:00:00+00:00'
[2023-06-11T04:43:34.820+0000] {logging_mixin.py:149} INFO - Hai this first python_operator dag
[2023-06-11T04:43:34.822+0000] {python.py:183} INFO - Done. Returned value was: None
[2023-06-11T04:43:34.920+0000] {taskinstance.py:1350} INFO - Marking task as SUCCESS. dag_id=dag_pythonoperator, task_id=first_task, execution_date=20230603T000000, start_date=20230611T044328, end_date=20230611T044334
[2023-06-11T04:43:36.052+0000] {local_task_job_runner.py:225} INFO - Task exited with return code 0
[2023-06-11T04:43:36.524+0000] {taskinstance.py:2651} INFO - 2 downstream tasks scheduled from follow-on schedule check
