[2023-06-11T05:20:12.720+0000] {taskinstance.py:1103} INFO - Dependencies all met for dep_context=non-requeueable deps ti=<TaskInstance: dag_catchip_01.task1 scheduled__2023-05-09T00:00:00+00:00 [queued]>
[2023-06-11T05:20:12.810+0000] {taskinstance.py:1103} INFO - Dependencies all met for dep_context=requeueable deps ti=<TaskInstance: dag_catchip_01.task1 scheduled__2023-05-09T00:00:00+00:00 [queued]>
[2023-06-11T05:20:12.811+0000] {taskinstance.py:1308} INFO - Starting attempt 1 of 6
[2023-06-11T05:20:12.991+0000] {taskinstance.py:1327} INFO - Executing <Task(BashOperator): task1> on 2023-05-09 00:00:00+00:00
[2023-06-11T05:20:13.054+0000] {standard_task_runner.py:57} INFO - Started process 714 to run task
[2023-06-11T05:20:13.123+0000] {standard_task_runner.py:84} INFO - Running: ['***', 'tasks', 'run', 'dag_catchip_01', 'task1', 'scheduled__2023-05-09T00:00:00+00:00', '--job-id', '194', '--raw', '--subdir', 'DAGS_FOLDER/dag_catchup.py', '--cfg-path', '/tmp/tmpoaep0dcx']
[2023-06-11T05:20:13.124+0000] {standard_task_runner.py:85} INFO - Job 194: Subtask task1
[2023-06-11T05:20:13.754+0000] {task_command.py:410} INFO - Running <TaskInstance: dag_catchip_01.task1 scheduled__2023-05-09T00:00:00+00:00 [running]> on host 69e374580eab
[2023-06-11T05:20:14.437+0000] {taskinstance.py:1547} INFO - Exporting env vars: AIRFLOW_CTX_DAG_OWNER='Raja' AIRFLOW_CTX_DAG_ID='dag_catchip_01' AIRFLOW_CTX_TASK_ID='task1' AIRFLOW_CTX_EXECUTION_DATE='2023-05-09T00:00:00+00:00' AIRFLOW_CTX_TRY_NUMBER='1' AIRFLOW_CTX_DAG_RUN_ID='scheduled__2023-05-09T00:00:00+00:00'
[2023-06-11T05:20:14.440+0000] {subprocess.py:63} INFO - Tmp dir root location: 
 /tmp
[2023-06-11T05:20:14.441+0000] {subprocess.py:75} INFO - Running command: ['/bin/bash', '-c', 'echo Hai how are you']
[2023-06-11T05:20:14.462+0000] {subprocess.py:86} INFO - Output:
[2023-06-11T05:20:14.467+0000] {subprocess.py:93} INFO - Hai how are you
[2023-06-11T05:20:14.468+0000] {subprocess.py:97} INFO - Command exited with return code 0
[2023-06-11T05:20:14.529+0000] {taskinstance.py:1350} INFO - Marking task as SUCCESS. dag_id=dag_catchip_01, task_id=task1, execution_date=20230509T000000, start_date=20230611T052012, end_date=20230611T052014
[2023-06-11T05:20:14.609+0000] {local_task_job_runner.py:225} INFO - Task exited with return code 0
[2023-06-11T05:20:14.693+0000] {taskinstance.py:2651} INFO - 0 downstream tasks scheduled from follow-on schedule check
[2023-06-11T08:22:04.197+0000] {taskinstance.py:1103} INFO - Dependencies all met for dep_context=non-requeueable deps ti=<TaskInstance: dag_catchip_01.task1 scheduled__2023-05-09T00:00:00+00:00 [queued]>
[2023-06-11T08:22:04.866+0000] {taskinstance.py:1103} INFO - Dependencies all met for dep_context=requeueable deps ti=<TaskInstance: dag_catchip_01.task1 scheduled__2023-05-09T00:00:00+00:00 [queued]>
[2023-06-11T08:22:04.959+0000] {taskinstance.py:1308} INFO - Starting attempt 1 of 6
[2023-06-11T08:22:06.360+0000] {taskinstance.py:1327} INFO - Executing <Task(BashOperator): task1> on 2023-05-09 00:00:00+00:00
[2023-06-11T08:22:06.748+0000] {standard_task_runner.py:57} INFO - Started process 767 to run task
[2023-06-11T08:22:06.915+0000] {standard_task_runner.py:84} INFO - Running: ['***', 'tasks', 'run', 'dag_catchip_01', 'task1', 'scheduled__2023-05-09T00:00:00+00:00', '--job-id', '243', '--raw', '--subdir', 'DAGS_FOLDER/dag_catchup.py', '--cfg-path', '/tmp/tmpff2wtgtd']
[2023-06-11T08:22:06.916+0000] {standard_task_runner.py:85} INFO - Job 243: Subtask task1
[2023-06-11T08:22:08.148+0000] {task_command.py:410} INFO - Running <TaskInstance: dag_catchip_01.task1 scheduled__2023-05-09T00:00:00+00:00 [running]> on host 492037cdd057
[2023-06-11T08:22:14.925+0000] {taskinstance.py:1547} INFO - Exporting env vars: AIRFLOW_CTX_DAG_OWNER='Raja' AIRFLOW_CTX_DAG_ID='dag_catchip_01' AIRFLOW_CTX_TASK_ID='task1' AIRFLOW_CTX_EXECUTION_DATE='2023-05-09T00:00:00+00:00' AIRFLOW_CTX_TRY_NUMBER='1' AIRFLOW_CTX_DAG_RUN_ID='scheduled__2023-05-09T00:00:00+00:00'
[2023-06-11T08:22:14.942+0000] {subprocess.py:63} INFO - Tmp dir root location: 
 /tmp
[2023-06-11T08:22:14.987+0000] {subprocess.py:75} INFO - Running command: ['/bin/bash', '-c', 'echo Hai how are you']
[2023-06-11T08:22:15.924+0000] {subprocess.py:86} INFO - Output:
[2023-06-11T08:22:15.955+0000] {subprocess.py:93} INFO - Hai how are you
[2023-06-11T08:22:15.979+0000] {subprocess.py:97} INFO - Command exited with return code 0
[2023-06-11T08:22:17.804+0000] {taskinstance.py:1350} INFO - Marking task as SUCCESS. dag_id=dag_catchip_01, task_id=task1, execution_date=20230509T000000, start_date=20230611T082204, end_date=20230611T082217
[2023-06-11T08:22:19.968+0000] {local_task_job_runner.py:225} INFO - Task exited with return code 0
[2023-06-11T08:22:20.720+0000] {taskinstance.py:2651} INFO - 0 downstream tasks scheduled from follow-on schedule check
