[2023-06-11T04:49:08.903+0000] {taskinstance.py:1103} INFO - Dependencies all met for dep_context=non-requeueable deps ti=<TaskInstance: first_dag_02.first_task scheduled__2021-09-20T00:00:00+00:00 [queued]>
[2023-06-11T04:49:10.679+0000] {taskinstance.py:1103} INFO - Dependencies all met for dep_context=requeueable deps ti=<TaskInstance: first_dag_02.first_task scheduled__2021-09-20T00:00:00+00:00 [queued]>
[2023-06-11T04:49:10.679+0000] {taskinstance.py:1308} INFO - Starting attempt 1 of 6
[2023-06-11T04:49:11.720+0000] {taskinstance.py:1327} INFO - Executing <Task(BashOperator): first_task> on 2021-09-20 00:00:00+00:00
[2023-06-11T04:49:11.786+0000] {standard_task_runner.py:57} INFO - Started process 693 to run task
[2023-06-11T04:49:11.798+0000] {standard_task_runner.py:84} INFO - Running: ['***', 'tasks', 'run', 'first_dag_02', 'first_task', 'scheduled__2021-09-20T00:00:00+00:00', '--job-id', '197', '--raw', '--subdir', 'DAGS_FOLDER/First_dag.py', '--cfg-path', '/tmp/tmphpq6jy3u']
[2023-06-11T04:49:11.800+0000] {standard_task_runner.py:85} INFO - Job 197: Subtask first_task
[2023-06-11T04:49:13.018+0000] {task_command.py:410} INFO - Running <TaskInstance: first_dag_02.first_task scheduled__2021-09-20T00:00:00+00:00 [running]> on host 4b1b5d40d165
[2023-06-11T04:49:15.958+0000] {taskinstance.py:1547} INFO - Exporting env vars: AIRFLOW_CTX_DAG_OWNER='Raja' AIRFLOW_CTX_DAG_ID='first_dag_02' AIRFLOW_CTX_TASK_ID='first_task' AIRFLOW_CTX_EXECUTION_DATE='2021-09-20T00:00:00+00:00' AIRFLOW_CTX_TRY_NUMBER='1' AIRFLOW_CTX_DAG_RUN_ID='scheduled__2021-09-20T00:00:00+00:00'
[2023-06-11T04:49:16.198+0000] {subprocess.py:63} INFO - Tmp dir root location: 
 /tmp
[2023-06-11T04:49:16.219+0000] {subprocess.py:75} INFO - Running command: ['/bin/bash', '-c', 'echo hello world, this is the first task!']
[2023-06-11T04:49:17.150+0000] {subprocess.py:86} INFO - Output:
[2023-06-11T04:49:17.265+0000] {subprocess.py:93} INFO - hello world, this is the first task!
[2023-06-11T04:49:17.267+0000] {subprocess.py:97} INFO - Command exited with return code 0
[2023-06-11T04:49:18.554+0000] {taskinstance.py:1350} INFO - Marking task as SUCCESS. dag_id=first_dag_02, task_id=first_task, execution_date=20210920T000000, start_date=20230611T044908, end_date=20230611T044918
[2023-06-11T04:49:19.518+0000] {local_task_job_runner.py:225} INFO - Task exited with return code 0
[2023-06-11T04:49:19.717+0000] {taskinstance.py:2651} INFO - 2 downstream tasks scheduled from follow-on schedule check
[2023-06-11T08:25:15.465+0000] {taskinstance.py:1103} INFO - Dependencies all met for dep_context=non-requeueable deps ti=<TaskInstance: first_dag_02.first_task scheduled__2021-09-20T00:00:00+00:00 [queued]>
[2023-06-11T08:25:15.532+0000] {taskinstance.py:1103} INFO - Dependencies all met for dep_context=requeueable deps ti=<TaskInstance: first_dag_02.first_task scheduled__2021-09-20T00:00:00+00:00 [queued]>
[2023-06-11T08:25:15.533+0000] {taskinstance.py:1308} INFO - Starting attempt 1 of 6
[2023-06-11T08:25:15.679+0000] {taskinstance.py:1327} INFO - Executing <Task(BashOperator): first_task> on 2021-09-20 00:00:00+00:00
[2023-06-11T08:25:15.727+0000] {standard_task_runner.py:57} INFO - Started process 1054 to run task
[2023-06-11T08:25:15.821+0000] {standard_task_runner.py:84} INFO - Running: ['***', 'tasks', 'run', 'first_dag_02', 'first_task', 'scheduled__2021-09-20T00:00:00+00:00', '--job-id', '328', '--raw', '--subdir', 'DAGS_FOLDER/First_dag.py', '--cfg-path', '/tmp/tmp6huehy7a']
[2023-06-11T08:25:15.822+0000] {standard_task_runner.py:85} INFO - Job 328: Subtask first_task
[2023-06-11T08:25:17.426+0000] {task_command.py:410} INFO - Running <TaskInstance: first_dag_02.first_task scheduled__2021-09-20T00:00:00+00:00 [running]> on host 492037cdd057
[2023-06-11T08:25:23.496+0000] {taskinstance.py:1547} INFO - Exporting env vars: AIRFLOW_CTX_DAG_OWNER='Raja' AIRFLOW_CTX_DAG_ID='first_dag_02' AIRFLOW_CTX_TASK_ID='first_task' AIRFLOW_CTX_EXECUTION_DATE='2021-09-20T00:00:00+00:00' AIRFLOW_CTX_TRY_NUMBER='1' AIRFLOW_CTX_DAG_RUN_ID='scheduled__2021-09-20T00:00:00+00:00'
[2023-06-11T08:25:23.500+0000] {subprocess.py:63} INFO - Tmp dir root location: 
 /tmp
[2023-06-11T08:25:23.509+0000] {subprocess.py:75} INFO - Running command: ['/bin/bash', '-c', 'echo hello world, this is the first task!']
[2023-06-11T08:25:23.611+0000] {subprocess.py:86} INFO - Output:
[2023-06-11T08:25:23.613+0000] {subprocess.py:93} INFO - hello world, this is the first task!
[2023-06-11T08:25:23.616+0000] {subprocess.py:97} INFO - Command exited with return code 0
[2023-06-11T08:25:24.286+0000] {taskinstance.py:1350} INFO - Marking task as SUCCESS. dag_id=first_dag_02, task_id=first_task, execution_date=20210920T000000, start_date=20230611T082515, end_date=20230611T082524
[2023-06-11T08:25:24.794+0000] {local_task_job_runner.py:225} INFO - Task exited with return code 0
[2023-06-11T08:25:26.227+0000] {taskinstance.py:2651} INFO - 0 downstream tasks scheduled from follow-on schedule check
[2023-06-11T08:50:34.405+0000] {taskinstance.py:1103} INFO - Dependencies all met for dep_context=non-requeueable deps ti=<TaskInstance: first_dag_02.first_task scheduled__2021-09-20T00:00:00+00:00 [queued]>
[2023-06-11T08:50:34.558+0000] {taskinstance.py:1103} INFO - Dependencies all met for dep_context=requeueable deps ti=<TaskInstance: first_dag_02.first_task scheduled__2021-09-20T00:00:00+00:00 [queued]>
[2023-06-11T08:50:34.558+0000] {taskinstance.py:1308} INFO - Starting attempt 1 of 6
[2023-06-11T08:50:35.175+0000] {taskinstance.py:1327} INFO - Executing <Task(BashOperator): first_task> on 2021-09-20 00:00:00+00:00
[2023-06-11T08:50:35.198+0000] {standard_task_runner.py:57} INFO - Started process 919 to run task
[2023-06-11T08:50:35.339+0000] {standard_task_runner.py:84} INFO - Running: ['***', 'tasks', 'run', 'first_dag_02', 'first_task', 'scheduled__2021-09-20T00:00:00+00:00', '--job-id', '281', '--raw', '--subdir', 'DAGS_FOLDER/First_dag.py', '--cfg-path', '/tmp/tmprrsgemzq']
[2023-06-11T08:50:35.392+0000] {standard_task_runner.py:85} INFO - Job 281: Subtask first_task
[2023-06-11T08:50:36.464+0000] {task_command.py:410} INFO - Running <TaskInstance: first_dag_02.first_task scheduled__2021-09-20T00:00:00+00:00 [running]> on host 964e508aad03
[2023-06-11T08:50:38.365+0000] {taskinstance.py:1547} INFO - Exporting env vars: AIRFLOW_CTX_DAG_OWNER='Raja' AIRFLOW_CTX_DAG_ID='first_dag_02' AIRFLOW_CTX_TASK_ID='first_task' AIRFLOW_CTX_EXECUTION_DATE='2021-09-20T00:00:00+00:00' AIRFLOW_CTX_TRY_NUMBER='1' AIRFLOW_CTX_DAG_RUN_ID='scheduled__2021-09-20T00:00:00+00:00'
[2023-06-11T08:50:38.366+0000] {subprocess.py:63} INFO - Tmp dir root location: 
 /tmp
[2023-06-11T08:50:38.367+0000] {subprocess.py:75} INFO - Running command: ['/bin/bash', '-c', 'echo hello world, this is the first task!']
[2023-06-11T08:50:38.545+0000] {subprocess.py:86} INFO - Output:
[2023-06-11T08:50:38.555+0000] {subprocess.py:93} INFO - hello world, this is the first task!
[2023-06-11T08:50:38.580+0000] {subprocess.py:97} INFO - Command exited with return code 0
[2023-06-11T08:50:39.202+0000] {taskinstance.py:1350} INFO - Marking task as SUCCESS. dag_id=first_dag_02, task_id=first_task, execution_date=20210920T000000, start_date=20230611T085034, end_date=20230611T085039
[2023-06-11T08:50:39.747+0000] {local_task_job_runner.py:225} INFO - Task exited with return code 0
[2023-06-11T08:50:40.269+0000] {taskinstance.py:2651} INFO - 0 downstream tasks scheduled from follow-on schedule check
