[2023-06-11T04:46:54.998+0000] {taskinstance.py:1103} INFO - Dependencies all met for dep_context=non-requeueable deps ti=<TaskInstance: first_dag_02.thrid_task scheduled__2021-08-24T00:00:00+00:00 [queued]>
[2023-06-11T04:46:55.696+0000] {taskinstance.py:1103} INFO - Dependencies all met for dep_context=requeueable deps ti=<TaskInstance: first_dag_02.thrid_task scheduled__2021-08-24T00:00:00+00:00 [queued]>
[2023-06-11T04:46:55.697+0000] {taskinstance.py:1308} INFO - Starting attempt 1 of 6
[2023-06-11T04:46:56.831+0000] {taskinstance.py:1327} INFO - Executing <Task(BashOperator): thrid_task> on 2021-08-24 00:00:00+00:00
[2023-06-11T04:46:57.022+0000] {standard_task_runner.py:57} INFO - Started process 456 to run task
[2023-06-11T04:46:57.122+0000] {standard_task_runner.py:84} INFO - Running: ['***', 'tasks', 'run', 'first_dag_02', 'thrid_task', 'scheduled__2021-08-24T00:00:00+00:00', '--job-id', '129', '--raw', '--subdir', 'DAGS_FOLDER/First_dag.py', '--cfg-path', '/tmp/tmp2_e5mqid']
[2023-06-11T04:46:57.147+0000] {standard_task_runner.py:85} INFO - Job 129: Subtask thrid_task
[2023-06-11T04:46:58.390+0000] {task_command.py:410} INFO - Running <TaskInstance: first_dag_02.thrid_task scheduled__2021-08-24T00:00:00+00:00 [running]> on host 4b1b5d40d165
[2023-06-11T04:47:03.074+0000] {taskinstance.py:1547} INFO - Exporting env vars: AIRFLOW_CTX_DAG_OWNER='Raja' AIRFLOW_CTX_DAG_ID='first_dag_02' AIRFLOW_CTX_TASK_ID='thrid_task' AIRFLOW_CTX_EXECUTION_DATE='2021-08-24T00:00:00+00:00' AIRFLOW_CTX_TRY_NUMBER='1' AIRFLOW_CTX_DAG_RUN_ID='scheduled__2021-08-24T00:00:00+00:00'
[2023-06-11T04:47:03.253+0000] {subprocess.py:63} INFO - Tmp dir root location: 
 /tmp
[2023-06-11T04:47:03.329+0000] {subprocess.py:75} INFO - Running command: ['/bin/bash', '-c', 'echo hey, I am task3 and will be running after task1 at the same time as task2!']
[2023-06-11T04:47:03.952+0000] {subprocess.py:86} INFO - Output:
[2023-06-11T04:47:03.978+0000] {subprocess.py:93} INFO - hey, I am task3 and will be running after task1 at the same time as task2!
[2023-06-11T04:47:03.996+0000] {subprocess.py:97} INFO - Command exited with return code 0
[2023-06-11T04:47:04.470+0000] {taskinstance.py:1350} INFO - Marking task as SUCCESS. dag_id=first_dag_02, task_id=thrid_task, execution_date=20210824T000000, start_date=20230611T044654, end_date=20230611T044704
[2023-06-11T04:47:05.906+0000] {local_task_job_runner.py:225} INFO - Task exited with return code 0
[2023-06-11T04:47:06.631+0000] {taskinstance.py:2651} INFO - 0 downstream tasks scheduled from follow-on schedule check
[2023-06-11T05:16:47.436+0000] {taskinstance.py:1103} INFO - Dependencies all met for dep_context=non-requeueable deps ti=<TaskInstance: first_dag_02.thrid_task scheduled__2021-08-24T00:00:00+00:00 [queued]>
[2023-06-11T05:16:47.505+0000] {taskinstance.py:1103} INFO - Dependencies all met for dep_context=requeueable deps ti=<TaskInstance: first_dag_02.thrid_task scheduled__2021-08-24T00:00:00+00:00 [queued]>
[2023-06-11T05:16:47.505+0000] {taskinstance.py:1308} INFO - Starting attempt 1 of 6
[2023-06-11T05:16:47.661+0000] {taskinstance.py:1327} INFO - Executing <Task(BashOperator): thrid_task> on 2021-08-24 00:00:00+00:00
[2023-06-11T05:16:47.696+0000] {standard_task_runner.py:57} INFO - Started process 417 to run task
[2023-06-11T05:16:47.728+0000] {standard_task_runner.py:84} INFO - Running: ['***', 'tasks', 'run', 'first_dag_02', 'thrid_task', 'scheduled__2021-08-24T00:00:00+00:00', '--job-id', '107', '--raw', '--subdir', 'DAGS_FOLDER/First_dag.py', '--cfg-path', '/tmp/tmpg6q7_dy3']
[2023-06-11T05:16:47.734+0000] {standard_task_runner.py:85} INFO - Job 107: Subtask thrid_task
[2023-06-11T05:16:47.970+0000] {task_command.py:410} INFO - Running <TaskInstance: first_dag_02.thrid_task scheduled__2021-08-24T00:00:00+00:00 [running]> on host 69e374580eab
[2023-06-11T05:16:48.867+0000] {taskinstance.py:1547} INFO - Exporting env vars: AIRFLOW_CTX_DAG_OWNER='Raja' AIRFLOW_CTX_DAG_ID='first_dag_02' AIRFLOW_CTX_TASK_ID='thrid_task' AIRFLOW_CTX_EXECUTION_DATE='2021-08-24T00:00:00+00:00' AIRFLOW_CTX_TRY_NUMBER='1' AIRFLOW_CTX_DAG_RUN_ID='scheduled__2021-08-24T00:00:00+00:00'
[2023-06-11T05:16:48.869+0000] {subprocess.py:63} INFO - Tmp dir root location: 
 /tmp
[2023-06-11T05:16:48.874+0000] {subprocess.py:75} INFO - Running command: ['/bin/bash', '-c', 'echo hey, I am task3 and will be running after task1 at the same time as task2!']
[2023-06-11T05:16:48.954+0000] {subprocess.py:86} INFO - Output:
[2023-06-11T05:16:48.993+0000] {subprocess.py:93} INFO - hey, I am task3 and will be running after task1 at the same time as task2!
[2023-06-11T05:16:48.996+0000] {subprocess.py:97} INFO - Command exited with return code 0
[2023-06-11T05:16:49.368+0000] {taskinstance.py:1350} INFO - Marking task as SUCCESS. dag_id=first_dag_02, task_id=thrid_task, execution_date=20210824T000000, start_date=20230611T051647, end_date=20230611T051649
[2023-06-11T05:16:49.539+0000] {local_task_job_runner.py:225} INFO - Task exited with return code 0
[2023-06-11T05:16:49.868+0000] {taskinstance.py:2651} INFO - 0 downstream tasks scheduled from follow-on schedule check
[2023-06-11T08:21:39.309+0000] {taskinstance.py:1103} INFO - Dependencies all met for dep_context=non-requeueable deps ti=<TaskInstance: first_dag_02.thrid_task scheduled__2021-08-24T00:00:00+00:00 [queued]>
[2023-06-11T08:21:39.680+0000] {taskinstance.py:1103} INFO - Dependencies all met for dep_context=requeueable deps ti=<TaskInstance: first_dag_02.thrid_task scheduled__2021-08-24T00:00:00+00:00 [queued]>
[2023-06-11T08:21:39.681+0000] {taskinstance.py:1308} INFO - Starting attempt 1 of 6
[2023-06-11T08:21:41.467+0000] {taskinstance.py:1327} INFO - Executing <Task(BashOperator): thrid_task> on 2021-08-24 00:00:00+00:00
[2023-06-11T08:21:42.021+0000] {standard_task_runner.py:57} INFO - Started process 715 to run task
[2023-06-11T08:21:42.264+0000] {standard_task_runner.py:84} INFO - Running: ['***', 'tasks', 'run', 'first_dag_02', 'thrid_task', 'scheduled__2021-08-24T00:00:00+00:00', '--job-id', '230', '--raw', '--subdir', 'DAGS_FOLDER/First_dag.py', '--cfg-path', '/tmp/tmpq9d8m2qt']
[2023-06-11T08:21:42.265+0000] {standard_task_runner.py:85} INFO - Job 230: Subtask thrid_task
[2023-06-11T08:21:43.782+0000] {task_command.py:410} INFO - Running <TaskInstance: first_dag_02.thrid_task scheduled__2021-08-24T00:00:00+00:00 [running]> on host 492037cdd057
[2023-06-11T08:21:49.292+0000] {taskinstance.py:1547} INFO - Exporting env vars: AIRFLOW_CTX_DAG_OWNER='Raja' AIRFLOW_CTX_DAG_ID='first_dag_02' AIRFLOW_CTX_TASK_ID='thrid_task' AIRFLOW_CTX_EXECUTION_DATE='2021-08-24T00:00:00+00:00' AIRFLOW_CTX_TRY_NUMBER='1' AIRFLOW_CTX_DAG_RUN_ID='scheduled__2021-08-24T00:00:00+00:00'
[2023-06-11T08:21:49.506+0000] {subprocess.py:63} INFO - Tmp dir root location: 
 /tmp
[2023-06-11T08:21:49.540+0000] {subprocess.py:75} INFO - Running command: ['/bin/bash', '-c', 'echo hey, I am task3 and will be running after task1 at the same time as task2!']
[2023-06-11T08:21:49.935+0000] {subprocess.py:86} INFO - Output:
[2023-06-11T08:21:49.969+0000] {subprocess.py:93} INFO - hey, I am task3 and will be running after task1 at the same time as task2!
[2023-06-11T08:21:49.978+0000] {subprocess.py:97} INFO - Command exited with return code 0
[2023-06-11T08:21:50.361+0000] {taskinstance.py:1350} INFO - Marking task as SUCCESS. dag_id=first_dag_02, task_id=thrid_task, execution_date=20210824T000000, start_date=20230611T082139, end_date=20230611T082150
[2023-06-11T08:21:50.868+0000] {local_task_job_runner.py:225} INFO - Task exited with return code 0
[2023-06-11T08:21:51.685+0000] {taskinstance.py:2651} INFO - 0 downstream tasks scheduled from follow-on schedule check
[2023-06-11T08:48:49.723+0000] {taskinstance.py:1103} INFO - Dependencies all met for dep_context=non-requeueable deps ti=<TaskInstance: first_dag_02.thrid_task scheduled__2021-08-24T00:00:00+00:00 [queued]>
[2023-06-11T08:48:49.989+0000] {taskinstance.py:1103} INFO - Dependencies all met for dep_context=requeueable deps ti=<TaskInstance: first_dag_02.thrid_task scheduled__2021-08-24T00:00:00+00:00 [queued]>
[2023-06-11T08:48:49.989+0000] {taskinstance.py:1308} INFO - Starting attempt 1 of 6
[2023-06-11T08:48:50.537+0000] {taskinstance.py:1327} INFO - Executing <Task(BashOperator): thrid_task> on 2021-08-24 00:00:00+00:00
[2023-06-11T08:48:50.636+0000] {standard_task_runner.py:57} INFO - Started process 528 to run task
[2023-06-11T08:48:50.638+0000] {standard_task_runner.py:84} INFO - Running: ['***', 'tasks', 'run', 'first_dag_02', 'thrid_task', 'scheduled__2021-08-24T00:00:00+00:00', '--job-id', '158', '--raw', '--subdir', 'DAGS_FOLDER/First_dag.py', '--cfg-path', '/tmp/tmpmdk0byf3']
[2023-06-11T08:48:50.673+0000] {standard_task_runner.py:85} INFO - Job 158: Subtask thrid_task
[2023-06-11T08:48:51.487+0000] {task_command.py:410} INFO - Running <TaskInstance: first_dag_02.thrid_task scheduled__2021-08-24T00:00:00+00:00 [running]> on host 964e508aad03
[2023-06-11T08:48:53.612+0000] {taskinstance.py:1547} INFO - Exporting env vars: AIRFLOW_CTX_DAG_OWNER='Raja' AIRFLOW_CTX_DAG_ID='first_dag_02' AIRFLOW_CTX_TASK_ID='thrid_task' AIRFLOW_CTX_EXECUTION_DATE='2021-08-24T00:00:00+00:00' AIRFLOW_CTX_TRY_NUMBER='1' AIRFLOW_CTX_DAG_RUN_ID='scheduled__2021-08-24T00:00:00+00:00'
[2023-06-11T08:48:53.623+0000] {subprocess.py:63} INFO - Tmp dir root location: 
 /tmp
[2023-06-11T08:48:53.628+0000] {subprocess.py:75} INFO - Running command: ['/bin/bash', '-c', 'echo hey, I am task3 and will be running after task1 at the same time as task2!']
[2023-06-11T08:48:53.770+0000] {subprocess.py:86} INFO - Output:
[2023-06-11T08:48:53.819+0000] {subprocess.py:93} INFO - hey, I am task3 and will be running after task1 at the same time as task2!
[2023-06-11T08:48:53.821+0000] {subprocess.py:97} INFO - Command exited with return code 0
[2023-06-11T08:48:54.214+0000] {taskinstance.py:1350} INFO - Marking task as SUCCESS. dag_id=first_dag_02, task_id=thrid_task, execution_date=20210824T000000, start_date=20230611T084849, end_date=20230611T084854
[2023-06-11T08:48:54.506+0000] {local_task_job_runner.py:225} INFO - Task exited with return code 0
[2023-06-11T08:48:55.022+0000] {taskinstance.py:2651} INFO - 0 downstream tasks scheduled from follow-on schedule check
[2023-06-11T10:41:29.007+0000] {taskinstance.py:1103} INFO - Dependencies all met for dep_context=non-requeueable deps ti=<TaskInstance: first_dag_02.thrid_task scheduled__2021-08-24T00:00:00+00:00 [queued]>
[2023-06-11T10:41:29.258+0000] {taskinstance.py:1103} INFO - Dependencies all met for dep_context=requeueable deps ti=<TaskInstance: first_dag_02.thrid_task scheduled__2021-08-24T00:00:00+00:00 [queued]>
[2023-06-11T10:41:29.258+0000] {taskinstance.py:1308} INFO - Starting attempt 1 of 6
[2023-06-11T10:41:30.491+0000] {taskinstance.py:1327} INFO - Executing <Task(BashOperator): thrid_task> on 2021-08-24 00:00:00+00:00
[2023-06-11T10:41:30.857+0000] {standard_task_runner.py:57} INFO - Started process 620 to run task
[2023-06-11T10:41:30.897+0000] {standard_task_runner.py:84} INFO - Running: ['***', 'tasks', 'run', 'first_dag_02', 'thrid_task', 'scheduled__2021-08-24T00:00:00+00:00', '--job-id', '170', '--raw', '--subdir', 'DAGS_FOLDER/First_dag.py', '--cfg-path', '/tmp/tmpmzuhiyse']
[2023-06-11T10:41:30.924+0000] {standard_task_runner.py:85} INFO - Job 170: Subtask thrid_task
[2023-06-11T10:41:32.405+0000] {task_command.py:410} INFO - Running <TaskInstance: first_dag_02.thrid_task scheduled__2021-08-24T00:00:00+00:00 [running]> on host 7586ce0070ac
[2023-06-11T10:41:39.010+0000] {taskinstance.py:1547} INFO - Exporting env vars: AIRFLOW_CTX_DAG_OWNER='Raja' AIRFLOW_CTX_DAG_ID='first_dag_02' AIRFLOW_CTX_TASK_ID='thrid_task' AIRFLOW_CTX_EXECUTION_DATE='2021-08-24T00:00:00+00:00' AIRFLOW_CTX_TRY_NUMBER='1' AIRFLOW_CTX_DAG_RUN_ID='scheduled__2021-08-24T00:00:00+00:00'
[2023-06-11T10:41:39.057+0000] {subprocess.py:63} INFO - Tmp dir root location: 
 /tmp
[2023-06-11T10:41:39.059+0000] {subprocess.py:75} INFO - Running command: ['/bin/bash', '-c', 'echo hey, I am task3 and will be running after task1 at the same time as task2!']
[2023-06-11T10:41:39.277+0000] {subprocess.py:86} INFO - Output:
[2023-06-11T10:41:39.809+0000] {subprocess.py:93} INFO - hey, I am task3 and will be running after task1 at the same time as task2!
[2023-06-11T10:41:39.821+0000] {subprocess.py:97} INFO - Command exited with return code 0
[2023-06-11T10:41:42.286+0000] {taskinstance.py:1350} INFO - Marking task as SUCCESS. dag_id=first_dag_02, task_id=thrid_task, execution_date=20210824T000000, start_date=20230611T104129, end_date=20230611T104142
[2023-06-11T10:41:42.989+0000] {local_task_job_runner.py:225} INFO - Task exited with return code 0
[2023-06-11T10:41:44.478+0000] {taskinstance.py:2651} INFO - 0 downstream tasks scheduled from follow-on schedule check
