[2023-06-11T04:51:56.322+0000] {taskinstance.py:1103} INFO - Dependencies all met for dep_context=non-requeueable deps ti=<TaskInstance: dag_pythonoperator_00.second_task scheduled__2023-06-09T00:00:00+00:00 [queued]>
[2023-06-11T04:51:56.618+0000] {taskinstance.py:1103} INFO - Dependencies all met for dep_context=requeueable deps ti=<TaskInstance: dag_pythonoperator_00.second_task scheduled__2023-06-09T00:00:00+00:00 [queued]>
[2023-06-11T04:51:56.618+0000] {taskinstance.py:1308} INFO - Starting attempt 1 of 6
[2023-06-11T04:51:57.958+0000] {taskinstance.py:1327} INFO - Executing <Task(PythonOperator): second_task> on 2023-06-09 00:00:00+00:00
[2023-06-11T04:51:58.058+0000] {standard_task_runner.py:57} INFO - Started process 901 to run task
[2023-06-11T04:51:58.175+0000] {standard_task_runner.py:84} INFO - Running: ['***', 'tasks', 'run', 'dag_pythonoperator_00', 'second_task', 'scheduled__2023-06-09T00:00:00+00:00', '--job-id', '266', '--raw', '--subdir', 'DAGS_FOLDER/python_operator_dag.py', '--cfg-path', '/tmp/tmpg5yyck63']
[2023-06-11T04:51:58.176+0000] {standard_task_runner.py:85} INFO - Job 266: Subtask second_task
[2023-06-11T04:52:00.644+0000] {task_command.py:410} INFO - Running <TaskInstance: dag_pythonoperator_00.second_task scheduled__2023-06-09T00:00:00+00:00 [running]> on host 4b1b5d40d165
[2023-06-11T04:52:04.876+0000] {taskinstance.py:1547} INFO - Exporting env vars: AIRFLOW_CTX_DAG_OWNER='Raja' AIRFLOW_CTX_DAG_ID='dag_pythonoperator_00' AIRFLOW_CTX_TASK_ID='second_task' AIRFLOW_CTX_EXECUTION_DATE='2023-06-09T00:00:00+00:00' AIRFLOW_CTX_TRY_NUMBER='1' AIRFLOW_CTX_DAG_RUN_ID='scheduled__2023-06-09T00:00:00+00:00'
[2023-06-11T04:52:04.974+0000] {taskinstance.py:1824} ERROR - Task failed with exception
Traceback (most recent call last):
  File "/home/airflow/.local/lib/python3.7/site-packages/airflow/operators/python.py", line 181, in execute
    return_value = self.execute_callable()
  File "/home/airflow/.local/lib/python3.7/site-packages/airflow/operators/python.py", line 198, in execute_callable
    return self.python_callable(*self.op_args, **self.op_kwargs)
  File "/opt/airflow/dags/python_operator_dag.py", line 16, in retur_values
    first_name=ti.xcom_pull(task_ids=get_name,key='first_name')
  File "/home/airflow/.local/lib/python3.7/site-packages/airflow/utils/session.py", line 76, in wrapper
    return func(*args, session=session, **kwargs)
  File "/home/airflow/.local/lib/python3.7/site-packages/airflow/models/taskinstance.py", line 2441, in xcom_pull
    task_id_whens = {tid: i for i, tid in enumerate(task_ids)}
TypeError: 'function' object is not iterable
[2023-06-11T04:52:05.347+0000] {taskinstance.py:1350} INFO - Marking task as UP_FOR_RETRY. dag_id=dag_pythonoperator_00, task_id=second_task, execution_date=20230609T000000, start_date=20230611T045156, end_date=20230611T045205
[2023-06-11T04:52:06.344+0000] {standard_task_runner.py:109} ERROR - Failed to execute job 266 for task second_task ('function' object is not iterable; 901)
[2023-06-11T04:52:06.575+0000] {local_task_job_runner.py:225} INFO - Task exited with return code 1
[2023-06-11T04:52:07.046+0000] {taskinstance.py:2651} INFO - 0 downstream tasks scheduled from follow-on schedule check
[2023-06-11T05:22:17.083+0000] {taskinstance.py:1103} INFO - Dependencies all met for dep_context=non-requeueable deps ti=<TaskInstance: dag_pythonoperator_00.second_task scheduled__2023-06-09T00:00:00+00:00 [queued]>
[2023-06-11T05:22:17.256+0000] {taskinstance.py:1103} INFO - Dependencies all met for dep_context=requeueable deps ti=<TaskInstance: dag_pythonoperator_00.second_task scheduled__2023-06-09T00:00:00+00:00 [queued]>
[2023-06-11T05:22:17.256+0000] {taskinstance.py:1308} INFO - Starting attempt 1 of 6
[2023-06-11T05:22:17.439+0000] {taskinstance.py:1327} INFO - Executing <Task(PythonOperator): second_task> on 2023-06-09 00:00:00+00:00
[2023-06-11T05:22:17.469+0000] {standard_task_runner.py:57} INFO - Started process 912 to run task
[2023-06-11T05:22:17.507+0000] {standard_task_runner.py:84} INFO - Running: ['***', 'tasks', 'run', 'dag_pythonoperator_00', 'second_task', 'scheduled__2023-06-09T00:00:00+00:00', '--job-id', '263', '--raw', '--subdir', 'DAGS_FOLDER/python_operator_dag.py', '--cfg-path', '/tmp/tmppl0va6v3']
[2023-06-11T05:22:17.512+0000] {standard_task_runner.py:85} INFO - Job 263: Subtask second_task
[2023-06-11T05:22:17.966+0000] {task_command.py:410} INFO - Running <TaskInstance: dag_pythonoperator_00.second_task scheduled__2023-06-09T00:00:00+00:00 [running]> on host 69e374580eab
[2023-06-11T05:22:18.555+0000] {taskinstance.py:1547} INFO - Exporting env vars: AIRFLOW_CTX_DAG_OWNER='Raja' AIRFLOW_CTX_DAG_ID='dag_pythonoperator_00' AIRFLOW_CTX_TASK_ID='second_task' AIRFLOW_CTX_EXECUTION_DATE='2023-06-09T00:00:00+00:00' AIRFLOW_CTX_TRY_NUMBER='1' AIRFLOW_CTX_DAG_RUN_ID='scheduled__2023-06-09T00:00:00+00:00'
[2023-06-11T05:22:18.568+0000] {taskinstance.py:1824} ERROR - Task failed with exception
Traceback (most recent call last):
  File "/home/airflow/.local/lib/python3.7/site-packages/airflow/operators/python.py", line 181, in execute
    return_value = self.execute_callable()
  File "/home/airflow/.local/lib/python3.7/site-packages/airflow/operators/python.py", line 198, in execute_callable
    return self.python_callable(*self.op_args, **self.op_kwargs)
  File "/opt/airflow/dags/python_operator_dag.py", line 16, in retur_values
    first_name=ti.xcom_pull(task_ids=get_name,key='first_name')
  File "/home/airflow/.local/lib/python3.7/site-packages/airflow/utils/session.py", line 76, in wrapper
    return func(*args, session=session, **kwargs)
  File "/home/airflow/.local/lib/python3.7/site-packages/airflow/models/taskinstance.py", line 2441, in xcom_pull
    task_id_whens = {tid: i for i, tid in enumerate(task_ids)}
TypeError: 'function' object is not iterable
[2023-06-11T05:22:18.676+0000] {taskinstance.py:1350} INFO - Marking task as UP_FOR_RETRY. dag_id=dag_pythonoperator_00, task_id=second_task, execution_date=20230609T000000, start_date=20230611T052217, end_date=20230611T052218
[2023-06-11T05:22:18.849+0000] {standard_task_runner.py:109} ERROR - Failed to execute job 263 for task second_task ('function' object is not iterable; 912)
[2023-06-11T05:22:18.992+0000] {local_task_job_runner.py:225} INFO - Task exited with return code 1
[2023-06-11T05:22:19.668+0000] {taskinstance.py:2651} INFO - 0 downstream tasks scheduled from follow-on schedule check
