[2023-06-11T09:41:26.094+0000] {taskinstance.py:1103} INFO - Dependencies all met for dep_context=non-requeueable deps ti=<TaskInstance: first_dag_02.first_task scheduled__2022-04-18T00:00:00+00:00 [queued]>
[2023-06-11T09:41:27.337+0000] {taskinstance.py:1103} INFO - Dependencies all met for dep_context=requeueable deps ti=<TaskInstance: first_dag_02.first_task scheduled__2022-04-18T00:00:00+00:00 [queued]>
[2023-06-11T09:41:27.338+0000] {taskinstance.py:1308} INFO - Starting attempt 1 of 6
[2023-06-11T09:41:30.016+0000] {taskinstance.py:1327} INFO - Executing <Task(BashOperator): first_task> on 2022-04-18 00:00:00+00:00
[2023-06-11T09:41:30.273+0000] {standard_task_runner.py:57} INFO - Started process 4069 to run task
[2023-06-11T09:41:30.656+0000] {standard_task_runner.py:84} INFO - Running: ['***', 'tasks', 'run', 'first_dag_02', 'first_task', 'scheduled__2022-04-18T00:00:00+00:00', '--job-id', '1249', '--raw', '--subdir', 'DAGS_FOLDER/First_dag.py', '--cfg-path', '/tmp/tmplpp72fk7']
[2023-06-11T09:41:30.657+0000] {standard_task_runner.py:85} INFO - Job 1249: Subtask first_task
[2023-06-11T09:41:33.121+0000] {task_command.py:410} INFO - Running <TaskInstance: first_dag_02.first_task scheduled__2022-04-18T00:00:00+00:00 [running]> on host 964e508aad03
[2023-06-11T09:41:36.062+0000] {taskinstance.py:1547} INFO - Exporting env vars: AIRFLOW_CTX_DAG_OWNER='Raja' AIRFLOW_CTX_DAG_ID='first_dag_02' AIRFLOW_CTX_TASK_ID='first_task' AIRFLOW_CTX_EXECUTION_DATE='2022-04-18T00:00:00+00:00' AIRFLOW_CTX_TRY_NUMBER='1' AIRFLOW_CTX_DAG_RUN_ID='scheduled__2022-04-18T00:00:00+00:00'
[2023-06-11T09:41:36.087+0000] {subprocess.py:63} INFO - Tmp dir root location: 
 /tmp
[2023-06-11T09:41:36.089+0000] {subprocess.py:75} INFO - Running command: ['/bin/bash', '-c', 'echo hello world, this is the first task!']
[2023-06-11T09:41:36.463+0000] {subprocess.py:86} INFO - Output:
[2023-06-11T09:41:36.843+0000] {subprocess.py:93} INFO - hello world, this is the first task!
[2023-06-11T09:41:36.844+0000] {subprocess.py:97} INFO - Command exited with return code 0
[2023-06-11T09:41:38.067+0000] {taskinstance.py:1350} INFO - Marking task as SUCCESS. dag_id=first_dag_02, task_id=first_task, execution_date=20220418T000000, start_date=20230611T094126, end_date=20230611T094138
[2023-06-11T09:41:39.226+0000] {local_task_job_runner.py:225} INFO - Task exited with return code 0
[2023-06-11T09:41:40.302+0000] {taskinstance.py:2651} INFO - 2 downstream tasks scheduled from follow-on schedule check
[2023-06-11T15:29:04.742+0000] {taskinstance.py:1103} INFO - Dependencies all met for dep_context=non-requeueable deps ti=<TaskInstance: first_dag_02.first_task scheduled__2022-04-18T00:00:00+00:00 [queued]>
[2023-06-11T15:29:05.348+0000] {taskinstance.py:1103} INFO - Dependencies all met for dep_context=requeueable deps ti=<TaskInstance: first_dag_02.first_task scheduled__2022-04-18T00:00:00+00:00 [queued]>
[2023-06-11T15:29:05.348+0000] {taskinstance.py:1308} INFO - Starting attempt 1 of 6
[2023-06-11T15:29:06.074+0000] {taskinstance.py:1327} INFO - Executing <Task(BashOperator): first_task> on 2022-04-18 00:00:00+00:00
[2023-06-11T15:29:06.295+0000] {standard_task_runner.py:57} INFO - Started process 679 to run task
[2023-06-11T15:29:06.460+0000] {standard_task_runner.py:84} INFO - Running: ['***', 'tasks', 'run', 'first_dag_02', 'first_task', 'scheduled__2022-04-18T00:00:00+00:00', '--job-id', '1293', '--raw', '--subdir', 'DAGS_FOLDER/First_dag.py', '--cfg-path', '/tmp/tmpb2yvy745']
[2023-06-11T15:29:06.461+0000] {standard_task_runner.py:85} INFO - Job 1293: Subtask first_task
[2023-06-11T15:29:07.209+0000] {task_command.py:410} INFO - Running <TaskInstance: first_dag_02.first_task scheduled__2022-04-18T00:00:00+00:00 [running]> on host 7586ce0070ac
[2023-06-11T15:29:09.637+0000] {taskinstance.py:1547} INFO - Exporting env vars: AIRFLOW_CTX_DAG_OWNER='Raja' AIRFLOW_CTX_DAG_ID='first_dag_02' AIRFLOW_CTX_TASK_ID='first_task' AIRFLOW_CTX_EXECUTION_DATE='2022-04-18T00:00:00+00:00' AIRFLOW_CTX_TRY_NUMBER='1' AIRFLOW_CTX_DAG_RUN_ID='scheduled__2022-04-18T00:00:00+00:00'
[2023-06-11T15:29:09.656+0000] {subprocess.py:63} INFO - Tmp dir root location: 
 /tmp
[2023-06-11T15:29:09.657+0000] {subprocess.py:75} INFO - Running command: ['/bin/bash', '-c', 'echo hello world, this is the first task!']
[2023-06-11T15:29:09.750+0000] {subprocess.py:86} INFO - Output:
[2023-06-11T15:29:09.765+0000] {subprocess.py:93} INFO - hello world, this is the first task!
[2023-06-11T15:29:09.766+0000] {subprocess.py:97} INFO - Command exited with return code 0
[2023-06-11T15:29:10.146+0000] {taskinstance.py:1350} INFO - Marking task as SUCCESS. dag_id=first_dag_02, task_id=first_task, execution_date=20220418T000000, start_date=20230611T152904, end_date=20230611T152910
[2023-06-11T15:29:10.833+0000] {local_task_job_runner.py:225} INFO - Task exited with return code 0
[2023-06-11T15:29:11.468+0000] {taskinstance.py:2651} INFO - 2 downstream tasks scheduled from follow-on schedule check
