[2023-06-11T09:47:20.045+0000] {taskinstance.py:1103} INFO - Dependencies all met for dep_context=non-requeueable deps ti=<TaskInstance: dag_cron_expression_03.task1 scheduled__2022-03-20T03:00:00+00:00 [queued]>
[2023-06-11T09:47:20.653+0000] {taskinstance.py:1103} INFO - Dependencies all met for dep_context=requeueable deps ti=<TaskInstance: dag_cron_expression_03.task1 scheduled__2022-03-20T03:00:00+00:00 [queued]>
[2023-06-11T09:47:20.654+0000] {taskinstance.py:1308} INFO - Starting attempt 1 of 6
[2023-06-11T09:47:20.838+0000] {taskinstance.py:1327} INFO - Executing <Task(BashOperator): task1> on 2022-03-20 03:00:00+00:00
[2023-06-11T09:47:20.958+0000] {standard_task_runner.py:84} INFO - Running: ['***', 'tasks', 'run', 'dag_cron_expression_03', 'task1', 'scheduled__2022-03-20T03:00:00+00:00', '--job-id', '1551', '--raw', '--subdir', 'DAGS_FOLDER/dag_corn.py', '--cfg-path', '/tmp/tmpgcehfaa_']
[2023-06-11T09:47:20.959+0000] {standard_task_runner.py:85} INFO - Job 1551: Subtask task1
[2023-06-11T09:47:20.943+0000] {standard_task_runner.py:57} INFO - Started process 5064 to run task
[2023-06-11T09:47:21.712+0000] {task_command.py:410} INFO - Running <TaskInstance: dag_cron_expression_03.task1 scheduled__2022-03-20T03:00:00+00:00 [running]> on host 964e508aad03
[2023-06-11T09:47:24.431+0000] {taskinstance.py:1547} INFO - Exporting env vars: AIRFLOW_CTX_DAG_OWNER='Raja' AIRFLOW_CTX_DAG_ID='dag_cron_expression_03' AIRFLOW_CTX_TASK_ID='task1' AIRFLOW_CTX_EXECUTION_DATE='2022-03-20T03:00:00+00:00' AIRFLOW_CTX_TRY_NUMBER='1' AIRFLOW_CTX_DAG_RUN_ID='scheduled__2022-03-20T03:00:00+00:00'
[2023-06-11T09:47:24.457+0000] {subprocess.py:63} INFO - Tmp dir root location: 
 /tmp
[2023-06-11T09:47:24.458+0000] {subprocess.py:75} INFO - Running command: ['/bin/bash', '-c', 'echo dag with cron expression!']
[2023-06-11T09:47:24.656+0000] {subprocess.py:86} INFO - Output:
[2023-06-11T09:47:24.659+0000] {subprocess.py:93} INFO - dag with cron expression!
[2023-06-11T09:47:24.718+0000] {subprocess.py:97} INFO - Command exited with return code 0
[2023-06-11T09:47:25.240+0000] {taskinstance.py:1350} INFO - Marking task as SUCCESS. dag_id=dag_cron_expression_03, task_id=task1, execution_date=20220320T030000, start_date=20230611T094720, end_date=20230611T094725
[2023-06-11T09:47:25.621+0000] {local_task_job_runner.py:225} INFO - Task exited with return code 0
[2023-06-11T09:47:25.900+0000] {taskinstance.py:2651} INFO - 0 downstream tasks scheduled from follow-on schedule check
[2023-06-11T10:59:13.211+0000] {taskinstance.py:1103} INFO - Dependencies all met for dep_context=non-requeueable deps ti=<TaskInstance: dag_cron_expression_03.task1 scheduled__2022-03-20T03:00:00+00:00 [queued]>
[2023-06-11T10:59:13.501+0000] {taskinstance.py:1103} INFO - Dependencies all met for dep_context=requeueable deps ti=<TaskInstance: dag_cron_expression_03.task1 scheduled__2022-03-20T03:00:00+00:00 [queued]>
[2023-06-11T10:59:13.502+0000] {taskinstance.py:1308} INFO - Starting attempt 1 of 6
[2023-06-11T10:59:14.620+0000] {taskinstance.py:1327} INFO - Executing <Task(BashOperator): task1> on 2022-03-20 03:00:00+00:00
[2023-06-11T10:59:14.904+0000] {standard_task_runner.py:84} INFO - Running: ['***', 'tasks', 'run', 'dag_cron_expression_03', 'task1', 'scheduled__2022-03-20T03:00:00+00:00', '--job-id', '402', '--raw', '--subdir', 'DAGS_FOLDER/dag_cron.py', '--cfg-path', '/tmp/tmpcwcjo5oi']
[2023-06-11T10:59:14.906+0000] {standard_task_runner.py:85} INFO - Job 402: Subtask task1
[2023-06-11T10:59:14.805+0000] {standard_task_runner.py:57} INFO - Started process 1447 to run task
[2023-06-11T10:59:16.450+0000] {task_command.py:410} INFO - Running <TaskInstance: dag_cron_expression_03.task1 scheduled__2022-03-20T03:00:00+00:00 [running]> on host 7586ce0070ac
[2023-06-11T10:59:19.665+0000] {taskinstance.py:1547} INFO - Exporting env vars: AIRFLOW_CTX_DAG_OWNER='Raja' AIRFLOW_CTX_DAG_ID='dag_cron_expression_03' AIRFLOW_CTX_TASK_ID='task1' AIRFLOW_CTX_EXECUTION_DATE='2022-03-20T03:00:00+00:00' AIRFLOW_CTX_TRY_NUMBER='1' AIRFLOW_CTX_DAG_RUN_ID='scheduled__2022-03-20T03:00:00+00:00'
[2023-06-11T10:59:19.756+0000] {subprocess.py:63} INFO - Tmp dir root location: 
 /tmp
[2023-06-11T10:59:19.763+0000] {subprocess.py:75} INFO - Running command: ['/bin/bash', '-c', 'echo dag with cron expression!']
[2023-06-11T10:59:19.972+0000] {subprocess.py:86} INFO - Output:
[2023-06-11T10:59:19.977+0000] {subprocess.py:93} INFO - dag with cron expression!
[2023-06-11T10:59:19.979+0000] {subprocess.py:97} INFO - Command exited with return code 0
[2023-06-11T10:59:20.294+0000] {taskinstance.py:1350} INFO - Marking task as SUCCESS. dag_id=dag_cron_expression_03, task_id=task1, execution_date=20220320T030000, start_date=20230611T105913, end_date=20230611T105920
[2023-06-11T10:59:21.101+0000] {local_task_job_runner.py:225} INFO - Task exited with return code 0
[2023-06-11T10:59:22.062+0000] {taskinstance.py:2651} INFO - 0 downstream tasks scheduled from follow-on schedule check
