[2023-06-11T04:47:09.816+0000] {taskinstance.py:1103} INFO - Dependencies all met for dep_context=non-requeueable deps ti=<TaskInstance: first_dag_02.thrid_task scheduled__2021-08-28T00:00:00+00:00 [queued]>
[2023-06-11T04:47:10.335+0000] {taskinstance.py:1103} INFO - Dependencies all met for dep_context=requeueable deps ti=<TaskInstance: first_dag_02.thrid_task scheduled__2021-08-28T00:00:00+00:00 [queued]>
[2023-06-11T04:47:10.347+0000] {taskinstance.py:1308} INFO - Starting attempt 1 of 6
[2023-06-11T04:47:10.999+0000] {taskinstance.py:1327} INFO - Executing <Task(BashOperator): thrid_task> on 2021-08-28 00:00:00+00:00
[2023-06-11T04:47:11.412+0000] {standard_task_runner.py:57} INFO - Started process 486 to run task
[2023-06-11T04:47:12.052+0000] {standard_task_runner.py:84} INFO - Running: ['***', 'tasks', 'run', 'first_dag_02', 'thrid_task', 'scheduled__2021-08-28T00:00:00+00:00', '--job-id', '139', '--raw', '--subdir', 'DAGS_FOLDER/First_dag.py', '--cfg-path', '/tmp/tmpbcx39s6z']
[2023-06-11T04:47:12.199+0000] {standard_task_runner.py:85} INFO - Job 139: Subtask thrid_task
[2023-06-11T04:47:14.173+0000] {task_command.py:410} INFO - Running <TaskInstance: first_dag_02.thrid_task scheduled__2021-08-28T00:00:00+00:00 [running]> on host 4b1b5d40d165
[2023-06-11T04:47:20.400+0000] {taskinstance.py:1547} INFO - Exporting env vars: AIRFLOW_CTX_DAG_OWNER='Raja' AIRFLOW_CTX_DAG_ID='first_dag_02' AIRFLOW_CTX_TASK_ID='thrid_task' AIRFLOW_CTX_EXECUTION_DATE='2021-08-28T00:00:00+00:00' AIRFLOW_CTX_TRY_NUMBER='1' AIRFLOW_CTX_DAG_RUN_ID='scheduled__2021-08-28T00:00:00+00:00'
[2023-06-11T04:47:20.562+0000] {subprocess.py:63} INFO - Tmp dir root location: 
 /tmp
[2023-06-11T04:47:20.563+0000] {subprocess.py:75} INFO - Running command: ['/bin/bash', '-c', 'echo hey, I am task3 and will be running after task1 at the same time as task2!']
[2023-06-11T04:47:20.595+0000] {subprocess.py:86} INFO - Output:
[2023-06-11T04:47:20.600+0000] {subprocess.py:93} INFO - hey, I am task3 and will be running after task1 at the same time as task2!
[2023-06-11T04:47:20.602+0000] {subprocess.py:97} INFO - Command exited with return code 0
[2023-06-11T04:47:20.936+0000] {taskinstance.py:1350} INFO - Marking task as SUCCESS. dag_id=first_dag_02, task_id=thrid_task, execution_date=20210828T000000, start_date=20230611T044709, end_date=20230611T044720
[2023-06-11T04:47:21.028+0000] {local_task_job_runner.py:225} INFO - Task exited with return code 0
[2023-06-11T04:47:21.351+0000] {taskinstance.py:2651} INFO - 0 downstream tasks scheduled from follow-on schedule check
[2023-06-11T05:17:46.675+0000] {taskinstance.py:1103} INFO - Dependencies all met for dep_context=non-requeueable deps ti=<TaskInstance: first_dag_02.thrid_task scheduled__2021-08-28T00:00:00+00:00 [queued]>
[2023-06-11T05:17:47.027+0000] {taskinstance.py:1103} INFO - Dependencies all met for dep_context=requeueable deps ti=<TaskInstance: first_dag_02.thrid_task scheduled__2021-08-28T00:00:00+00:00 [queued]>
[2023-06-11T05:17:47.027+0000] {taskinstance.py:1308} INFO - Starting attempt 1 of 6
[2023-06-11T05:17:48.547+0000] {taskinstance.py:1327} INFO - Executing <Task(BashOperator): thrid_task> on 2021-08-28 00:00:00+00:00
[2023-06-11T05:17:50.142+0000] {standard_task_runner.py:57} INFO - Started process 519 to run task
[2023-06-11T05:17:50.180+0000] {standard_task_runner.py:84} INFO - Running: ['***', 'tasks', 'run', 'first_dag_02', 'thrid_task', 'scheduled__2021-08-28T00:00:00+00:00', '--job-id', '132', '--raw', '--subdir', 'DAGS_FOLDER/First_dag.py', '--cfg-path', '/tmp/tmpuloerq2d']
[2023-06-11T05:17:50.185+0000] {standard_task_runner.py:85} INFO - Job 132: Subtask thrid_task
[2023-06-11T05:17:52.807+0000] {task_command.py:410} INFO - Running <TaskInstance: first_dag_02.thrid_task scheduled__2021-08-28T00:00:00+00:00 [running]> on host 69e374580eab
[2023-06-11T05:17:57.419+0000] {taskinstance.py:1547} INFO - Exporting env vars: AIRFLOW_CTX_DAG_OWNER='Raja' AIRFLOW_CTX_DAG_ID='first_dag_02' AIRFLOW_CTX_TASK_ID='thrid_task' AIRFLOW_CTX_EXECUTION_DATE='2021-08-28T00:00:00+00:00' AIRFLOW_CTX_TRY_NUMBER='1' AIRFLOW_CTX_DAG_RUN_ID='scheduled__2021-08-28T00:00:00+00:00'
[2023-06-11T05:17:57.487+0000] {subprocess.py:63} INFO - Tmp dir root location: 
 /tmp
[2023-06-11T05:17:57.511+0000] {subprocess.py:75} INFO - Running command: ['/bin/bash', '-c', 'echo hey, I am task3 and will be running after task1 at the same time as task2!']
[2023-06-11T05:17:57.605+0000] {subprocess.py:86} INFO - Output:
[2023-06-11T05:17:57.791+0000] {subprocess.py:93} INFO - hey, I am task3 and will be running after task1 at the same time as task2!
[2023-06-11T05:17:57.802+0000] {subprocess.py:97} INFO - Command exited with return code 0
[2023-06-11T05:17:59.639+0000] {taskinstance.py:1350} INFO - Marking task as SUCCESS. dag_id=first_dag_02, task_id=thrid_task, execution_date=20210828T000000, start_date=20230611T051746, end_date=20230611T051759
[2023-06-11T05:18:00.259+0000] {local_task_job_runner.py:225} INFO - Task exited with return code 0
[2023-06-11T05:18:03.608+0000] {taskinstance.py:2651} INFO - 0 downstream tasks scheduled from follow-on schedule check
[2023-06-11T08:22:03.848+0000] {taskinstance.py:1103} INFO - Dependencies all met for dep_context=non-requeueable deps ti=<TaskInstance: first_dag_02.thrid_task scheduled__2021-08-28T00:00:00+00:00 [queued]>
[2023-06-11T08:22:04.183+0000] {taskinstance.py:1103} INFO - Dependencies all met for dep_context=requeueable deps ti=<TaskInstance: first_dag_02.thrid_task scheduled__2021-08-28T00:00:00+00:00 [queued]>
[2023-06-11T08:22:04.183+0000] {taskinstance.py:1308} INFO - Starting attempt 1 of 6
[2023-06-11T08:22:04.857+0000] {taskinstance.py:1327} INFO - Executing <Task(BashOperator): thrid_task> on 2021-08-28 00:00:00+00:00
[2023-06-11T08:22:05.225+0000] {standard_task_runner.py:57} INFO - Started process 763 to run task
[2023-06-11T08:22:05.298+0000] {standard_task_runner.py:84} INFO - Running: ['***', 'tasks', 'run', 'first_dag_02', 'thrid_task', 'scheduled__2021-08-28T00:00:00+00:00', '--job-id', '242', '--raw', '--subdir', 'DAGS_FOLDER/First_dag.py', '--cfg-path', '/tmp/tmpft8m6xpd']
[2023-06-11T08:22:05.431+0000] {standard_task_runner.py:85} INFO - Job 242: Subtask thrid_task
[2023-06-11T08:22:07.025+0000] {task_command.py:410} INFO - Running <TaskInstance: first_dag_02.thrid_task scheduled__2021-08-28T00:00:00+00:00 [running]> on host 492037cdd057
[2023-06-11T08:22:09.299+0000] {taskinstance.py:1547} INFO - Exporting env vars: AIRFLOW_CTX_DAG_OWNER='Raja' AIRFLOW_CTX_DAG_ID='first_dag_02' AIRFLOW_CTX_TASK_ID='thrid_task' AIRFLOW_CTX_EXECUTION_DATE='2021-08-28T00:00:00+00:00' AIRFLOW_CTX_TRY_NUMBER='1' AIRFLOW_CTX_DAG_RUN_ID='scheduled__2021-08-28T00:00:00+00:00'
[2023-06-11T08:22:09.302+0000] {subprocess.py:63} INFO - Tmp dir root location: 
 /tmp
[2023-06-11T08:22:09.317+0000] {subprocess.py:75} INFO - Running command: ['/bin/bash', '-c', 'echo hey, I am task3 and will be running after task1 at the same time as task2!']
[2023-06-11T08:22:09.700+0000] {subprocess.py:86} INFO - Output:
[2023-06-11T08:22:09.775+0000] {subprocess.py:93} INFO - hey, I am task3 and will be running after task1 at the same time as task2!
[2023-06-11T08:22:09.777+0000] {subprocess.py:97} INFO - Command exited with return code 0
[2023-06-11T08:22:10.309+0000] {taskinstance.py:1350} INFO - Marking task as SUCCESS. dag_id=first_dag_02, task_id=thrid_task, execution_date=20210828T000000, start_date=20230611T082203, end_date=20230611T082210
[2023-06-11T08:22:10.886+0000] {local_task_job_runner.py:225} INFO - Task exited with return code 0
[2023-06-11T08:22:11.440+0000] {taskinstance.py:2651} INFO - 0 downstream tasks scheduled from follow-on schedule check
[2023-06-11T08:49:17.905+0000] {taskinstance.py:1103} INFO - Dependencies all met for dep_context=non-requeueable deps ti=<TaskInstance: first_dag_02.thrid_task scheduled__2021-08-28T00:00:00+00:00 [queued]>
[2023-06-11T08:49:18.113+0000] {taskinstance.py:1103} INFO - Dependencies all met for dep_context=requeueable deps ti=<TaskInstance: first_dag_02.thrid_task scheduled__2021-08-28T00:00:00+00:00 [queued]>
[2023-06-11T08:49:18.113+0000] {taskinstance.py:1308} INFO - Starting attempt 1 of 6
[2023-06-11T08:49:18.641+0000] {taskinstance.py:1327} INFO - Executing <Task(BashOperator): thrid_task> on 2021-08-28 00:00:00+00:00
[2023-06-11T08:49:18.702+0000] {standard_task_runner.py:57} INFO - Started process 633 to run task
[2023-06-11T08:49:18.733+0000] {standard_task_runner.py:84} INFO - Running: ['***', 'tasks', 'run', 'first_dag_02', 'thrid_task', 'scheduled__2021-08-28T00:00:00+00:00', '--job-id', '194', '--raw', '--subdir', 'DAGS_FOLDER/First_dag.py', '--cfg-path', '/tmp/tmpaagbjzyx']
[2023-06-11T08:49:18.734+0000] {standard_task_runner.py:85} INFO - Job 194: Subtask thrid_task
[2023-06-11T08:49:20.046+0000] {task_command.py:410} INFO - Running <TaskInstance: first_dag_02.thrid_task scheduled__2021-08-28T00:00:00+00:00 [running]> on host 964e508aad03
[2023-06-11T08:49:23.268+0000] {taskinstance.py:1547} INFO - Exporting env vars: AIRFLOW_CTX_DAG_OWNER='Raja' AIRFLOW_CTX_DAG_ID='first_dag_02' AIRFLOW_CTX_TASK_ID='thrid_task' AIRFLOW_CTX_EXECUTION_DATE='2021-08-28T00:00:00+00:00' AIRFLOW_CTX_TRY_NUMBER='1' AIRFLOW_CTX_DAG_RUN_ID='scheduled__2021-08-28T00:00:00+00:00'
[2023-06-11T08:49:23.270+0000] {subprocess.py:63} INFO - Tmp dir root location: 
 /tmp
[2023-06-11T08:49:23.271+0000] {subprocess.py:75} INFO - Running command: ['/bin/bash', '-c', 'echo hey, I am task3 and will be running after task1 at the same time as task2!']
[2023-06-11T08:49:23.456+0000] {subprocess.py:86} INFO - Output:
[2023-06-11T08:49:23.503+0000] {subprocess.py:93} INFO - hey, I am task3 and will be running after task1 at the same time as task2!
[2023-06-11T08:49:23.503+0000] {subprocess.py:97} INFO - Command exited with return code 0
[2023-06-11T08:49:23.791+0000] {taskinstance.py:1350} INFO - Marking task as SUCCESS. dag_id=first_dag_02, task_id=thrid_task, execution_date=20210828T000000, start_date=20230611T084917, end_date=20230611T084923
[2023-06-11T08:49:24.101+0000] {local_task_job_runner.py:225} INFO - Task exited with return code 0
[2023-06-11T08:49:24.535+0000] {taskinstance.py:2651} INFO - 0 downstream tasks scheduled from follow-on schedule check
[2023-06-11T10:42:18.833+0000] {taskinstance.py:1103} INFO - Dependencies all met for dep_context=non-requeueable deps ti=<TaskInstance: first_dag_02.thrid_task scheduled__2021-08-28T00:00:00+00:00 [queued]>
[2023-06-11T10:42:19.870+0000] {taskinstance.py:1103} INFO - Dependencies all met for dep_context=requeueable deps ti=<TaskInstance: first_dag_02.thrid_task scheduled__2021-08-28T00:00:00+00:00 [queued]>
[2023-06-11T10:42:19.958+0000] {taskinstance.py:1308} INFO - Starting attempt 1 of 6
[2023-06-11T10:42:21.049+0000] {taskinstance.py:1327} INFO - Executing <Task(BashOperator): thrid_task> on 2021-08-28 00:00:00+00:00
[2023-06-11T10:42:21.058+0000] {standard_task_runner.py:57} INFO - Started process 679 to run task
[2023-06-11T10:42:21.071+0000] {standard_task_runner.py:84} INFO - Running: ['***', 'tasks', 'run', 'first_dag_02', 'thrid_task', 'scheduled__2021-08-28T00:00:00+00:00', '--job-id', '188', '--raw', '--subdir', 'DAGS_FOLDER/First_dag.py', '--cfg-path', '/tmp/tmp18mdusli']
[2023-06-11T10:42:21.072+0000] {standard_task_runner.py:85} INFO - Job 188: Subtask thrid_task
[2023-06-11T10:42:22.781+0000] {task_command.py:410} INFO - Running <TaskInstance: first_dag_02.thrid_task scheduled__2021-08-28T00:00:00+00:00 [running]> on host 7586ce0070ac
[2023-06-11T10:42:26.929+0000] {taskinstance.py:1547} INFO - Exporting env vars: AIRFLOW_CTX_DAG_OWNER='Raja' AIRFLOW_CTX_DAG_ID='first_dag_02' AIRFLOW_CTX_TASK_ID='thrid_task' AIRFLOW_CTX_EXECUTION_DATE='2021-08-28T00:00:00+00:00' AIRFLOW_CTX_TRY_NUMBER='1' AIRFLOW_CTX_DAG_RUN_ID='scheduled__2021-08-28T00:00:00+00:00'
[2023-06-11T10:42:26.948+0000] {subprocess.py:63} INFO - Tmp dir root location: 
 /tmp
[2023-06-11T10:42:26.969+0000] {subprocess.py:75} INFO - Running command: ['/bin/bash', '-c', 'echo hey, I am task3 and will be running after task1 at the same time as task2!']
[2023-06-11T10:42:27.388+0000] {subprocess.py:86} INFO - Output:
[2023-06-11T10:42:27.604+0000] {subprocess.py:93} INFO - hey, I am task3 and will be running after task1 at the same time as task2!
[2023-06-11T10:42:27.607+0000] {subprocess.py:97} INFO - Command exited with return code 0
[2023-06-11T10:42:29.369+0000] {taskinstance.py:1350} INFO - Marking task as SUCCESS. dag_id=first_dag_02, task_id=thrid_task, execution_date=20210828T000000, start_date=20230611T104218, end_date=20230611T104229
[2023-06-11T10:42:29.620+0000] {local_task_job_runner.py:225} INFO - Task exited with return code 0
[2023-06-11T10:42:31.567+0000] {taskinstance.py:2651} INFO - 0 downstream tasks scheduled from follow-on schedule check
