[2023-06-11T05:19:56.391+0000] {taskinstance.py:1103} INFO - Dependencies all met for dep_context=non-requeueable deps ti=<TaskInstance: dag_catchip_01.task1 scheduled__2023-05-05T00:00:00+00:00 [queued]>
[2023-06-11T05:19:56.958+0000] {taskinstance.py:1103} INFO - Dependencies all met for dep_context=requeueable deps ti=<TaskInstance: dag_catchip_01.task1 scheduled__2023-05-05T00:00:00+00:00 [queued]>
[2023-06-11T05:19:56.964+0000] {taskinstance.py:1308} INFO - Starting attempt 1 of 6
[2023-06-11T05:19:57.135+0000] {taskinstance.py:1327} INFO - Executing <Task(BashOperator): task1> on 2023-05-05 00:00:00+00:00
[2023-06-11T05:19:57.144+0000] {standard_task_runner.py:57} INFO - Started process 688 to run task
[2023-06-11T05:19:57.225+0000] {standard_task_runner.py:84} INFO - Running: ['***', 'tasks', 'run', 'dag_catchip_01', 'task1', 'scheduled__2023-05-05T00:00:00+00:00', '--job-id', '181', '--raw', '--subdir', 'DAGS_FOLDER/dag_catchup.py', '--cfg-path', '/tmp/tmplkygwks7']
[2023-06-11T05:19:57.235+0000] {standard_task_runner.py:85} INFO - Job 181: Subtask task1
[2023-06-11T05:19:57.471+0000] {task_command.py:410} INFO - Running <TaskInstance: dag_catchip_01.task1 scheduled__2023-05-05T00:00:00+00:00 [running]> on host 69e374580eab
[2023-06-11T05:20:00.638+0000] {taskinstance.py:1547} INFO - Exporting env vars: AIRFLOW_CTX_DAG_OWNER='Raja' AIRFLOW_CTX_DAG_ID='dag_catchip_01' AIRFLOW_CTX_TASK_ID='task1' AIRFLOW_CTX_EXECUTION_DATE='2023-05-05T00:00:00+00:00' AIRFLOW_CTX_TRY_NUMBER='1' AIRFLOW_CTX_DAG_RUN_ID='scheduled__2023-05-05T00:00:00+00:00'
[2023-06-11T05:20:00.647+0000] {subprocess.py:63} INFO - Tmp dir root location: 
 /tmp
[2023-06-11T05:20:00.648+0000] {subprocess.py:75} INFO - Running command: ['/bin/bash', '-c', 'echo Hai how are you']
[2023-06-11T05:20:01.078+0000] {subprocess.py:86} INFO - Output:
[2023-06-11T05:20:01.091+0000] {subprocess.py:93} INFO - Hai how are you
[2023-06-11T05:20:01.109+0000] {subprocess.py:97} INFO - Command exited with return code 0
[2023-06-11T05:20:02.035+0000] {taskinstance.py:1350} INFO - Marking task as SUCCESS. dag_id=dag_catchip_01, task_id=task1, execution_date=20230505T000000, start_date=20230611T051956, end_date=20230611T052002
[2023-06-11T05:20:03.020+0000] {local_task_job_runner.py:225} INFO - Task exited with return code 0
[2023-06-11T05:20:04.515+0000] {taskinstance.py:2651} INFO - 0 downstream tasks scheduled from follow-on schedule check
[2023-06-11T08:19:57.286+0000] {taskinstance.py:1103} INFO - Dependencies all met for dep_context=non-requeueable deps ti=<TaskInstance: dag_catchip_01.task1 scheduled__2023-05-05T00:00:00+00:00 [queued]>
[2023-06-11T08:19:58.303+0000] {taskinstance.py:1103} INFO - Dependencies all met for dep_context=requeueable deps ti=<TaskInstance: dag_catchip_01.task1 scheduled__2023-05-05T00:00:00+00:00 [queued]>
[2023-06-11T08:19:58.304+0000] {taskinstance.py:1308} INFO - Starting attempt 1 of 6
[2023-06-11T08:19:59.274+0000] {taskinstance.py:1327} INFO - Executing <Task(BashOperator): task1> on 2023-05-05 00:00:00+00:00
[2023-06-11T08:19:59.406+0000] {standard_task_runner.py:57} INFO - Started process 579 to run task
[2023-06-11T08:19:59.499+0000] {standard_task_runner.py:84} INFO - Running: ['***', 'tasks', 'run', 'dag_catchip_01', 'task1', 'scheduled__2023-05-05T00:00:00+00:00', '--job-id', '191', '--raw', '--subdir', 'DAGS_FOLDER/dag_catchup.py', '--cfg-path', '/tmp/tmpjbow7zqw']
[2023-06-11T08:19:59.600+0000] {standard_task_runner.py:85} INFO - Job 191: Subtask task1
[2023-06-11T08:20:01.520+0000] {task_command.py:410} INFO - Running <TaskInstance: dag_catchip_01.task1 scheduled__2023-05-05T00:00:00+00:00 [running]> on host 492037cdd057
[2023-06-11T08:20:09.053+0000] {taskinstance.py:1547} INFO - Exporting env vars: AIRFLOW_CTX_DAG_OWNER='Raja' AIRFLOW_CTX_DAG_ID='dag_catchip_01' AIRFLOW_CTX_TASK_ID='task1' AIRFLOW_CTX_EXECUTION_DATE='2023-05-05T00:00:00+00:00' AIRFLOW_CTX_TRY_NUMBER='1' AIRFLOW_CTX_DAG_RUN_ID='scheduled__2023-05-05T00:00:00+00:00'
[2023-06-11T08:20:09.309+0000] {subprocess.py:63} INFO - Tmp dir root location: 
 /tmp
[2023-06-11T08:20:09.540+0000] {subprocess.py:75} INFO - Running command: ['/bin/bash', '-c', 'echo Hai how are you']
[2023-06-11T08:20:09.763+0000] {subprocess.py:86} INFO - Output:
[2023-06-11T08:20:09.770+0000] {subprocess.py:93} INFO - Hai how are you
[2023-06-11T08:20:09.778+0000] {subprocess.py:97} INFO - Command exited with return code 0
[2023-06-11T08:20:12.124+0000] {taskinstance.py:1350} INFO - Marking task as SUCCESS. dag_id=dag_catchip_01, task_id=task1, execution_date=20230505T000000, start_date=20230611T081957, end_date=20230611T082012
[2023-06-11T08:20:12.910+0000] {local_task_job_runner.py:225} INFO - Task exited with return code 0
[2023-06-11T08:20:13.512+0000] {taskinstance.py:2651} INFO - 0 downstream tasks scheduled from follow-on schedule check
