[2023-06-11T09:46:26.911+0000] {taskinstance.py:1103} INFO - Dependencies all met for dep_context=non-requeueable deps ti=<TaskInstance: dag_cron_expression_03.task1 scheduled__2022-02-22T03:00:00+00:00 [queued]>
[2023-06-11T09:46:27.041+0000] {taskinstance.py:1103} INFO - Dependencies all met for dep_context=requeueable deps ti=<TaskInstance: dag_cron_expression_03.task1 scheduled__2022-02-22T03:00:00+00:00 [queued]>
[2023-06-11T09:46:27.041+0000] {taskinstance.py:1308} INFO - Starting attempt 1 of 6
[2023-06-11T09:46:27.924+0000] {taskinstance.py:1327} INFO - Executing <Task(BashOperator): task1> on 2022-02-22 03:00:00+00:00
[2023-06-11T09:46:27.978+0000] {standard_task_runner.py:84} INFO - Running: ['***', 'tasks', 'run', 'dag_cron_expression_03', 'task1', 'scheduled__2022-02-22T03:00:00+00:00', '--job-id', '1502', '--raw', '--subdir', 'DAGS_FOLDER/dag_corn.py', '--cfg-path', '/tmp/tmp1psv5hsj']
[2023-06-11T09:46:27.989+0000] {standard_task_runner.py:85} INFO - Job 1502: Subtask task1
[2023-06-11T09:46:27.943+0000] {standard_task_runner.py:57} INFO - Started process 4899 to run task
[2023-06-11T09:46:29.322+0000] {task_command.py:410} INFO - Running <TaskInstance: dag_cron_expression_03.task1 scheduled__2022-02-22T03:00:00+00:00 [running]> on host 964e508aad03
[2023-06-11T09:46:33.250+0000] {taskinstance.py:1547} INFO - Exporting env vars: AIRFLOW_CTX_DAG_OWNER='Raja' AIRFLOW_CTX_DAG_ID='dag_cron_expression_03' AIRFLOW_CTX_TASK_ID='task1' AIRFLOW_CTX_EXECUTION_DATE='2022-02-22T03:00:00+00:00' AIRFLOW_CTX_TRY_NUMBER='1' AIRFLOW_CTX_DAG_RUN_ID='scheduled__2022-02-22T03:00:00+00:00'
[2023-06-11T09:46:33.319+0000] {subprocess.py:63} INFO - Tmp dir root location: 
 /tmp
[2023-06-11T09:46:33.344+0000] {subprocess.py:75} INFO - Running command: ['/bin/bash', '-c', 'echo dag with cron expression!']
[2023-06-11T09:46:33.486+0000] {subprocess.py:86} INFO - Output:
[2023-06-11T09:46:33.527+0000] {subprocess.py:93} INFO - dag with cron expression!
[2023-06-11T09:46:33.543+0000] {subprocess.py:97} INFO - Command exited with return code 0
[2023-06-11T09:46:34.281+0000] {taskinstance.py:1350} INFO - Marking task as SUCCESS. dag_id=dag_cron_expression_03, task_id=task1, execution_date=20220222T030000, start_date=20230611T094626, end_date=20230611T094634
[2023-06-11T09:46:34.960+0000] {local_task_job_runner.py:225} INFO - Task exited with return code 0
[2023-06-11T09:46:35.702+0000] {taskinstance.py:2651} INFO - 0 downstream tasks scheduled from follow-on schedule check
[2023-06-11T10:57:15.820+0000] {taskinstance.py:1103} INFO - Dependencies all met for dep_context=non-requeueable deps ti=<TaskInstance: dag_cron_expression_03.task1 scheduled__2022-02-22T03:00:00+00:00 [queued]>
[2023-06-11T10:57:16.145+0000] {taskinstance.py:1103} INFO - Dependencies all met for dep_context=requeueable deps ti=<TaskInstance: dag_cron_expression_03.task1 scheduled__2022-02-22T03:00:00+00:00 [queued]>
[2023-06-11T10:57:16.145+0000] {taskinstance.py:1308} INFO - Starting attempt 1 of 6
[2023-06-11T10:57:16.639+0000] {taskinstance.py:1327} INFO - Executing <Task(BashOperator): task1> on 2022-02-22 03:00:00+00:00
[2023-06-11T10:57:16.738+0000] {standard_task_runner.py:57} INFO - Started process 1210 to run task
[2023-06-11T10:57:17.055+0000] {standard_task_runner.py:84} INFO - Running: ['***', 'tasks', 'run', 'dag_cron_expression_03', 'task1', 'scheduled__2022-02-22T03:00:00+00:00', '--job-id', '330', '--raw', '--subdir', 'DAGS_FOLDER/dag_cron.py', '--cfg-path', '/tmp/tmpvdy9_il4']
[2023-06-11T10:57:17.106+0000] {standard_task_runner.py:85} INFO - Job 330: Subtask task1
[2023-06-11T10:57:19.151+0000] {task_command.py:410} INFO - Running <TaskInstance: dag_cron_expression_03.task1 scheduled__2022-02-22T03:00:00+00:00 [running]> on host 7586ce0070ac
[2023-06-11T10:57:23.612+0000] {taskinstance.py:1547} INFO - Exporting env vars: AIRFLOW_CTX_DAG_OWNER='Raja' AIRFLOW_CTX_DAG_ID='dag_cron_expression_03' AIRFLOW_CTX_TASK_ID='task1' AIRFLOW_CTX_EXECUTION_DATE='2022-02-22T03:00:00+00:00' AIRFLOW_CTX_TRY_NUMBER='1' AIRFLOW_CTX_DAG_RUN_ID='scheduled__2022-02-22T03:00:00+00:00'
[2023-06-11T10:57:23.621+0000] {subprocess.py:63} INFO - Tmp dir root location: 
 /tmp
[2023-06-11T10:57:23.630+0000] {subprocess.py:75} INFO - Running command: ['/bin/bash', '-c', 'echo dag with cron expression!']
[2023-06-11T10:57:23.737+0000] {subprocess.py:86} INFO - Output:
[2023-06-11T10:57:23.742+0000] {subprocess.py:93} INFO - dag with cron expression!
[2023-06-11T10:57:23.748+0000] {subprocess.py:97} INFO - Command exited with return code 0
[2023-06-11T10:57:24.078+0000] {taskinstance.py:1350} INFO - Marking task as SUCCESS. dag_id=dag_cron_expression_03, task_id=task1, execution_date=20220222T030000, start_date=20230611T105715, end_date=20230611T105724
[2023-06-11T10:57:24.207+0000] {local_task_job_runner.py:225} INFO - Task exited with return code 0
[2023-06-11T10:57:25.089+0000] {taskinstance.py:2651} INFO - 0 downstream tasks scheduled from follow-on schedule check
