[2023-06-11T08:58:11.228+0000] {taskinstance.py:1103} INFO - Dependencies all met for dep_context=non-requeueable deps ti=<TaskInstance: first_dag_02.thrid_task scheduled__2022-01-14T00:00:00+00:00 [queued]>
[2023-06-11T08:58:11.584+0000] {taskinstance.py:1103} INFO - Dependencies all met for dep_context=requeueable deps ti=<TaskInstance: first_dag_02.thrid_task scheduled__2022-01-14T00:00:00+00:00 [queued]>
[2023-06-11T08:58:11.591+0000] {taskinstance.py:1308} INFO - Starting attempt 1 of 6
[2023-06-11T08:58:12.055+0000] {taskinstance.py:1327} INFO - Executing <Task(BashOperator): thrid_task> on 2022-01-14 00:00:00+00:00
[2023-06-11T08:58:12.091+0000] {standard_task_runner.py:57} INFO - Started process 2657 to run task
[2023-06-11T08:58:12.106+0000] {standard_task_runner.py:84} INFO - Running: ['***', 'tasks', 'run', 'first_dag_02', 'thrid_task', 'scheduled__2022-01-14T00:00:00+00:00', '--job-id', '826', '--raw', '--subdir', 'DAGS_FOLDER/First_dag.py', '--cfg-path', '/tmp/tmpc4nicp5q']
[2023-06-11T08:58:12.112+0000] {standard_task_runner.py:85} INFO - Job 826: Subtask thrid_task
[2023-06-11T08:58:12.437+0000] {task_command.py:410} INFO - Running <TaskInstance: first_dag_02.thrid_task scheduled__2022-01-14T00:00:00+00:00 [running]> on host 964e508aad03
[2023-06-11T08:58:13.705+0000] {taskinstance.py:1547} INFO - Exporting env vars: AIRFLOW_CTX_DAG_OWNER='Raja' AIRFLOW_CTX_DAG_ID='first_dag_02' AIRFLOW_CTX_TASK_ID='thrid_task' AIRFLOW_CTX_EXECUTION_DATE='2022-01-14T00:00:00+00:00' AIRFLOW_CTX_TRY_NUMBER='1' AIRFLOW_CTX_DAG_RUN_ID='scheduled__2022-01-14T00:00:00+00:00'
[2023-06-11T08:58:13.707+0000] {subprocess.py:63} INFO - Tmp dir root location: 
 /tmp
[2023-06-11T08:58:13.710+0000] {subprocess.py:75} INFO - Running command: ['/bin/bash', '-c', 'echo hey, I am task3 and will be running after task1 at the same time as task2!']
[2023-06-11T08:58:13.802+0000] {subprocess.py:86} INFO - Output:
[2023-06-11T08:58:13.807+0000] {subprocess.py:93} INFO - hey, I am task3 and will be running after task1 at the same time as task2!
[2023-06-11T08:58:13.828+0000] {subprocess.py:97} INFO - Command exited with return code 0
[2023-06-11T08:58:14.073+0000] {taskinstance.py:1350} INFO - Marking task as SUCCESS. dag_id=first_dag_02, task_id=thrid_task, execution_date=20220114T000000, start_date=20230611T085811, end_date=20230611T085814
[2023-06-11T08:58:14.415+0000] {local_task_job_runner.py:225} INFO - Task exited with return code 0
[2023-06-11T08:58:14.834+0000] {taskinstance.py:2651} INFO - 0 downstream tasks scheduled from follow-on schedule check
[2023-06-11T11:29:36.973+0000] {taskinstance.py:1103} INFO - Dependencies all met for dep_context=non-requeueable deps ti=<TaskInstance: first_dag_02.thrid_task scheduled__2022-01-14T00:00:00+00:00 [queued]>
[2023-06-11T11:29:37.327+0000] {taskinstance.py:1103} INFO - Dependencies all met for dep_context=requeueable deps ti=<TaskInstance: first_dag_02.thrid_task scheduled__2022-01-14T00:00:00+00:00 [queued]>
[2023-06-11T11:29:37.328+0000] {taskinstance.py:1308} INFO - Starting attempt 1 of 6
[2023-06-11T11:29:38.455+0000] {taskinstance.py:1327} INFO - Executing <Task(BashOperator): thrid_task> on 2022-01-14 00:00:00+00:00
[2023-06-11T11:29:38.597+0000] {standard_task_runner.py:57} INFO - Started process 156 to run task
[2023-06-11T11:29:38.921+0000] {standard_task_runner.py:84} INFO - Running: ['***', 'tasks', 'run', 'first_dag_02', 'thrid_task', 'scheduled__2022-01-14T00:00:00+00:00', '--job-id', '856', '--raw', '--subdir', 'DAGS_FOLDER/First_dag.py', '--cfg-path', '/tmp/tmpy03stz70']
[2023-06-11T11:29:38.922+0000] {standard_task_runner.py:85} INFO - Job 856: Subtask thrid_task
[2023-06-11T11:29:40.025+0000] {task_command.py:410} INFO - Running <TaskInstance: first_dag_02.thrid_task scheduled__2022-01-14T00:00:00+00:00 [running]> on host 7586ce0070ac
[2023-06-11T11:29:44.655+0000] {taskinstance.py:1547} INFO - Exporting env vars: AIRFLOW_CTX_DAG_OWNER='Raja' AIRFLOW_CTX_DAG_ID='first_dag_02' AIRFLOW_CTX_TASK_ID='thrid_task' AIRFLOW_CTX_EXECUTION_DATE='2022-01-14T00:00:00+00:00' AIRFLOW_CTX_TRY_NUMBER='1' AIRFLOW_CTX_DAG_RUN_ID='scheduled__2022-01-14T00:00:00+00:00'
[2023-06-11T11:29:44.657+0000] {subprocess.py:63} INFO - Tmp dir root location: 
 /tmp
[2023-06-11T11:29:44.669+0000] {subprocess.py:75} INFO - Running command: ['/bin/bash', '-c', 'echo hey, I am task3 and will be running after task1 at the same time as task2!']
[2023-06-11T11:29:44.768+0000] {subprocess.py:86} INFO - Output:
[2023-06-11T11:29:44.800+0000] {subprocess.py:93} INFO - hey, I am task3 and will be running after task1 at the same time as task2!
[2023-06-11T11:29:44.826+0000] {subprocess.py:97} INFO - Command exited with return code 0
[2023-06-11T11:29:45.587+0000] {taskinstance.py:1350} INFO - Marking task as SUCCESS. dag_id=first_dag_02, task_id=thrid_task, execution_date=20220114T000000, start_date=20230611T112937, end_date=20230611T112945
[2023-06-11T11:29:46.048+0000] {local_task_job_runner.py:225} INFO - Task exited with return code 0
[2023-06-11T11:29:46.553+0000] {taskinstance.py:2651} INFO - 0 downstream tasks scheduled from follow-on schedule check
