[2023-06-11T04:47:06.748+0000] {taskinstance.py:1103} INFO - Dependencies all met for dep_context=non-requeueable deps ti=<TaskInstance: first_dag_02.thrid_task scheduled__2021-08-27T00:00:00+00:00 [queued]>
[2023-06-11T04:47:07.332+0000] {taskinstance.py:1103} INFO - Dependencies all met for dep_context=requeueable deps ti=<TaskInstance: first_dag_02.thrid_task scheduled__2021-08-27T00:00:00+00:00 [queued]>
[2023-06-11T04:47:07.333+0000] {taskinstance.py:1308} INFO - Starting attempt 1 of 6
[2023-06-11T04:47:09.035+0000] {taskinstance.py:1327} INFO - Executing <Task(BashOperator): thrid_task> on 2021-08-27 00:00:00+00:00
[2023-06-11T04:47:09.184+0000] {standard_task_runner.py:84} INFO - Running: ['***', 'tasks', 'run', 'first_dag_02', 'thrid_task', 'scheduled__2021-08-27T00:00:00+00:00', '--job-id', '135', '--raw', '--subdir', 'DAGS_FOLDER/First_dag.py', '--cfg-path', '/tmp/tmpw403018v']
[2023-06-11T04:47:09.188+0000] {standard_task_runner.py:85} INFO - Job 135: Subtask thrid_task
[2023-06-11T04:47:09.168+0000] {standard_task_runner.py:57} INFO - Started process 483 to run task
[2023-06-11T04:47:11.930+0000] {task_command.py:410} INFO - Running <TaskInstance: first_dag_02.thrid_task scheduled__2021-08-27T00:00:00+00:00 [running]> on host 4b1b5d40d165
[2023-06-11T04:47:21.207+0000] {taskinstance.py:1547} INFO - Exporting env vars: AIRFLOW_CTX_DAG_OWNER='Raja' AIRFLOW_CTX_DAG_ID='first_dag_02' AIRFLOW_CTX_TASK_ID='thrid_task' AIRFLOW_CTX_EXECUTION_DATE='2021-08-27T00:00:00+00:00' AIRFLOW_CTX_TRY_NUMBER='1' AIRFLOW_CTX_DAG_RUN_ID='scheduled__2021-08-27T00:00:00+00:00'
[2023-06-11T04:47:21.234+0000] {subprocess.py:63} INFO - Tmp dir root location: 
 /tmp
[2023-06-11T04:47:21.236+0000] {subprocess.py:75} INFO - Running command: ['/bin/bash', '-c', 'echo hey, I am task3 and will be running after task1 at the same time as task2!']
[2023-06-11T04:47:21.659+0000] {subprocess.py:86} INFO - Output:
[2023-06-11T04:47:21.663+0000] {subprocess.py:93} INFO - hey, I am task3 and will be running after task1 at the same time as task2!
[2023-06-11T04:47:21.666+0000] {subprocess.py:97} INFO - Command exited with return code 0
[2023-06-11T04:47:22.444+0000] {taskinstance.py:1350} INFO - Marking task as SUCCESS. dag_id=first_dag_02, task_id=thrid_task, execution_date=20210827T000000, start_date=20230611T044706, end_date=20230611T044722
[2023-06-11T04:47:24.268+0000] {local_task_job_runner.py:225} INFO - Task exited with return code 0
[2023-06-11T04:47:24.492+0000] {taskinstance.py:2651} INFO - 0 downstream tasks scheduled from follow-on schedule check
[2023-06-11T05:17:11.490+0000] {taskinstance.py:1103} INFO - Dependencies all met for dep_context=non-requeueable deps ti=<TaskInstance: first_dag_02.thrid_task scheduled__2021-08-27T00:00:00+00:00 [queued]>
[2023-06-11T05:17:11.831+0000] {taskinstance.py:1103} INFO - Dependencies all met for dep_context=requeueable deps ti=<TaskInstance: first_dag_02.thrid_task scheduled__2021-08-27T00:00:00+00:00 [queued]>
[2023-06-11T05:17:11.832+0000] {taskinstance.py:1308} INFO - Starting attempt 1 of 6
[2023-06-11T05:17:13.402+0000] {taskinstance.py:1327} INFO - Executing <Task(BashOperator): thrid_task> on 2021-08-27 00:00:00+00:00
[2023-06-11T05:17:13.435+0000] {standard_task_runner.py:57} INFO - Started process 465 to run task
[2023-06-11T05:17:13.456+0000] {standard_task_runner.py:84} INFO - Running: ['***', 'tasks', 'run', 'first_dag_02', 'thrid_task', 'scheduled__2021-08-27T00:00:00+00:00', '--job-id', '119', '--raw', '--subdir', 'DAGS_FOLDER/First_dag.py', '--cfg-path', '/tmp/tmpchrstjtk']
[2023-06-11T05:17:13.470+0000] {standard_task_runner.py:85} INFO - Job 119: Subtask thrid_task
[2023-06-11T05:17:14.514+0000] {task_command.py:410} INFO - Running <TaskInstance: first_dag_02.thrid_task scheduled__2021-08-27T00:00:00+00:00 [running]> on host 69e374580eab
[2023-06-11T05:17:18.287+0000] {taskinstance.py:1547} INFO - Exporting env vars: AIRFLOW_CTX_DAG_OWNER='Raja' AIRFLOW_CTX_DAG_ID='first_dag_02' AIRFLOW_CTX_TASK_ID='thrid_task' AIRFLOW_CTX_EXECUTION_DATE='2021-08-27T00:00:00+00:00' AIRFLOW_CTX_TRY_NUMBER='1' AIRFLOW_CTX_DAG_RUN_ID='scheduled__2021-08-27T00:00:00+00:00'
[2023-06-11T05:17:18.299+0000] {subprocess.py:63} INFO - Tmp dir root location: 
 /tmp
[2023-06-11T05:17:18.303+0000] {subprocess.py:75} INFO - Running command: ['/bin/bash', '-c', 'echo hey, I am task3 and will be running after task1 at the same time as task2!']
[2023-06-11T05:17:18.492+0000] {subprocess.py:86} INFO - Output:
[2023-06-11T05:17:18.502+0000] {subprocess.py:93} INFO - hey, I am task3 and will be running after task1 at the same time as task2!
[2023-06-11T05:17:18.506+0000] {subprocess.py:97} INFO - Command exited with return code 0
[2023-06-11T05:17:18.687+0000] {taskinstance.py:1350} INFO - Marking task as SUCCESS. dag_id=first_dag_02, task_id=thrid_task, execution_date=20210827T000000, start_date=20230611T051711, end_date=20230611T051718
[2023-06-11T05:17:19.412+0000] {local_task_job_runner.py:225} INFO - Task exited with return code 0
[2023-06-11T05:17:19.542+0000] {taskinstance.py:2651} INFO - 0 downstream tasks scheduled from follow-on schedule check
[2023-06-11T08:21:58.700+0000] {taskinstance.py:1103} INFO - Dependencies all met for dep_context=non-requeueable deps ti=<TaskInstance: first_dag_02.thrid_task scheduled__2021-08-27T00:00:00+00:00 [queued]>
[2023-06-11T08:21:58.951+0000] {taskinstance.py:1103} INFO - Dependencies all met for dep_context=requeueable deps ti=<TaskInstance: first_dag_02.thrid_task scheduled__2021-08-27T00:00:00+00:00 [queued]>
[2023-06-11T08:21:58.951+0000] {taskinstance.py:1308} INFO - Starting attempt 1 of 6
[2023-06-11T08:21:59.613+0000] {taskinstance.py:1327} INFO - Executing <Task(BashOperator): thrid_task> on 2021-08-27 00:00:00+00:00
[2023-06-11T08:21:59.637+0000] {standard_task_runner.py:57} INFO - Started process 747 to run task
[2023-06-11T08:21:59.789+0000] {standard_task_runner.py:84} INFO - Running: ['***', 'tasks', 'run', 'first_dag_02', 'thrid_task', 'scheduled__2021-08-27T00:00:00+00:00', '--job-id', '239', '--raw', '--subdir', 'DAGS_FOLDER/First_dag.py', '--cfg-path', '/tmp/tmpi8w4y6tt']
[2023-06-11T08:21:59.796+0000] {standard_task_runner.py:85} INFO - Job 239: Subtask thrid_task
[2023-06-11T08:22:01.047+0000] {task_command.py:410} INFO - Running <TaskInstance: first_dag_02.thrid_task scheduled__2021-08-27T00:00:00+00:00 [running]> on host 492037cdd057
[2023-06-11T08:22:01.940+0000] {taskinstance.py:1547} INFO - Exporting env vars: AIRFLOW_CTX_DAG_OWNER='Raja' AIRFLOW_CTX_DAG_ID='first_dag_02' AIRFLOW_CTX_TASK_ID='thrid_task' AIRFLOW_CTX_EXECUTION_DATE='2021-08-27T00:00:00+00:00' AIRFLOW_CTX_TRY_NUMBER='1' AIRFLOW_CTX_DAG_RUN_ID='scheduled__2021-08-27T00:00:00+00:00'
[2023-06-11T08:22:01.969+0000] {subprocess.py:63} INFO - Tmp dir root location: 
 /tmp
[2023-06-11T08:22:01.970+0000] {subprocess.py:75} INFO - Running command: ['/bin/bash', '-c', 'echo hey, I am task3 and will be running after task1 at the same time as task2!']
[2023-06-11T08:22:02.189+0000] {subprocess.py:86} INFO - Output:
[2023-06-11T08:22:02.331+0000] {subprocess.py:93} INFO - hey, I am task3 and will be running after task1 at the same time as task2!
[2023-06-11T08:22:02.364+0000] {subprocess.py:97} INFO - Command exited with return code 0
[2023-06-11T08:22:03.543+0000] {taskinstance.py:1350} INFO - Marking task as SUCCESS. dag_id=first_dag_02, task_id=thrid_task, execution_date=20210827T000000, start_date=20230611T082158, end_date=20230611T082203
[2023-06-11T08:22:03.965+0000] {local_task_job_runner.py:225} INFO - Task exited with return code 0
[2023-06-11T08:22:04.710+0000] {taskinstance.py:2651} INFO - 0 downstream tasks scheduled from follow-on schedule check
[2023-06-11T08:49:16.140+0000] {taskinstance.py:1103} INFO - Dependencies all met for dep_context=non-requeueable deps ti=<TaskInstance: first_dag_02.thrid_task scheduled__2021-08-27T00:00:00+00:00 [queued]>
[2023-06-11T08:49:16.417+0000] {taskinstance.py:1103} INFO - Dependencies all met for dep_context=requeueable deps ti=<TaskInstance: first_dag_02.thrid_task scheduled__2021-08-27T00:00:00+00:00 [queued]>
[2023-06-11T08:49:16.421+0000] {taskinstance.py:1308} INFO - Starting attempt 1 of 6
[2023-06-11T08:49:16.697+0000] {taskinstance.py:1327} INFO - Executing <Task(BashOperator): thrid_task> on 2021-08-27 00:00:00+00:00
[2023-06-11T08:49:16.747+0000] {standard_task_runner.py:57} INFO - Started process 627 to run task
[2023-06-11T08:49:16.806+0000] {standard_task_runner.py:84} INFO - Running: ['***', 'tasks', 'run', 'first_dag_02', 'thrid_task', 'scheduled__2021-08-27T00:00:00+00:00', '--job-id', '192', '--raw', '--subdir', 'DAGS_FOLDER/First_dag.py', '--cfg-path', '/tmp/tmp_1gk9apa']
[2023-06-11T08:49:16.807+0000] {standard_task_runner.py:85} INFO - Job 192: Subtask thrid_task
[2023-06-11T08:49:17.437+0000] {task_command.py:410} INFO - Running <TaskInstance: first_dag_02.thrid_task scheduled__2021-08-27T00:00:00+00:00 [running]> on host 964e508aad03
[2023-06-11T08:49:19.158+0000] {taskinstance.py:1547} INFO - Exporting env vars: AIRFLOW_CTX_DAG_OWNER='Raja' AIRFLOW_CTX_DAG_ID='first_dag_02' AIRFLOW_CTX_TASK_ID='thrid_task' AIRFLOW_CTX_EXECUTION_DATE='2021-08-27T00:00:00+00:00' AIRFLOW_CTX_TRY_NUMBER='1' AIRFLOW_CTX_DAG_RUN_ID='scheduled__2021-08-27T00:00:00+00:00'
[2023-06-11T08:49:19.160+0000] {subprocess.py:63} INFO - Tmp dir root location: 
 /tmp
[2023-06-11T08:49:19.173+0000] {subprocess.py:75} INFO - Running command: ['/bin/bash', '-c', 'echo hey, I am task3 and will be running after task1 at the same time as task2!']
[2023-06-11T08:49:19.401+0000] {subprocess.py:86} INFO - Output:
[2023-06-11T08:49:19.536+0000] {subprocess.py:93} INFO - hey, I am task3 and will be running after task1 at the same time as task2!
[2023-06-11T08:49:19.537+0000] {subprocess.py:97} INFO - Command exited with return code 0
[2023-06-11T08:49:20.254+0000] {taskinstance.py:1350} INFO - Marking task as SUCCESS. dag_id=first_dag_02, task_id=thrid_task, execution_date=20210827T000000, start_date=20230611T084916, end_date=20230611T084920
[2023-06-11T08:49:20.704+0000] {local_task_job_runner.py:225} INFO - Task exited with return code 0
[2023-06-11T08:49:21.289+0000] {taskinstance.py:2651} INFO - 0 downstream tasks scheduled from follow-on schedule check
[2023-06-11T10:42:00.269+0000] {taskinstance.py:1103} INFO - Dependencies all met for dep_context=non-requeueable deps ti=<TaskInstance: first_dag_02.thrid_task scheduled__2021-08-27T00:00:00+00:00 [queued]>
[2023-06-11T10:42:01.150+0000] {taskinstance.py:1103} INFO - Dependencies all met for dep_context=requeueable deps ti=<TaskInstance: first_dag_02.thrid_task scheduled__2021-08-27T00:00:00+00:00 [queued]>
[2023-06-11T10:42:01.151+0000] {taskinstance.py:1308} INFO - Starting attempt 1 of 6
[2023-06-11T10:42:01.343+0000] {taskinstance.py:1327} INFO - Executing <Task(BashOperator): thrid_task> on 2021-08-27 00:00:00+00:00
[2023-06-11T10:42:01.432+0000] {standard_task_runner.py:57} INFO - Started process 664 to run task
[2023-06-11T10:42:01.510+0000] {standard_task_runner.py:84} INFO - Running: ['***', 'tasks', 'run', 'first_dag_02', 'thrid_task', 'scheduled__2021-08-27T00:00:00+00:00', '--job-id', '183', '--raw', '--subdir', 'DAGS_FOLDER/First_dag.py', '--cfg-path', '/tmp/tmpxutjxzuy']
[2023-06-11T10:42:01.516+0000] {standard_task_runner.py:85} INFO - Job 183: Subtask thrid_task
[2023-06-11T10:42:03.053+0000] {task_command.py:410} INFO - Running <TaskInstance: first_dag_02.thrid_task scheduled__2021-08-27T00:00:00+00:00 [running]> on host 7586ce0070ac
[2023-06-11T10:42:06.089+0000] {taskinstance.py:1547} INFO - Exporting env vars: AIRFLOW_CTX_DAG_OWNER='Raja' AIRFLOW_CTX_DAG_ID='first_dag_02' AIRFLOW_CTX_TASK_ID='thrid_task' AIRFLOW_CTX_EXECUTION_DATE='2021-08-27T00:00:00+00:00' AIRFLOW_CTX_TRY_NUMBER='1' AIRFLOW_CTX_DAG_RUN_ID='scheduled__2021-08-27T00:00:00+00:00'
[2023-06-11T10:42:06.096+0000] {subprocess.py:63} INFO - Tmp dir root location: 
 /tmp
[2023-06-11T10:42:06.100+0000] {subprocess.py:75} INFO - Running command: ['/bin/bash', '-c', 'echo hey, I am task3 and will be running after task1 at the same time as task2!']
[2023-06-11T10:42:06.668+0000] {subprocess.py:86} INFO - Output:
[2023-06-11T10:42:06.700+0000] {subprocess.py:93} INFO - hey, I am task3 and will be running after task1 at the same time as task2!
[2023-06-11T10:42:06.721+0000] {subprocess.py:97} INFO - Command exited with return code 0
[2023-06-11T10:42:08.585+0000] {taskinstance.py:1350} INFO - Marking task as SUCCESS. dag_id=first_dag_02, task_id=thrid_task, execution_date=20210827T000000, start_date=20230611T104200, end_date=20230611T104208
[2023-06-11T10:42:09.688+0000] {local_task_job_runner.py:225} INFO - Task exited with return code 0
[2023-06-11T10:42:09.920+0000] {taskinstance.py:2651} INFO - 0 downstream tasks scheduled from follow-on schedule check
