[2023-06-11T08:55:10.366+0000] {taskinstance.py:1103} INFO - Dependencies all met for dep_context=non-requeueable deps ti=<TaskInstance: first_dag_02.first_task scheduled__2021-12-06T00:00:00+00:00 [queued]>
[2023-06-11T08:55:10.453+0000] {taskinstance.py:1103} INFO - Dependencies all met for dep_context=requeueable deps ti=<TaskInstance: first_dag_02.first_task scheduled__2021-12-06T00:00:00+00:00 [queued]>
[2023-06-11T08:55:10.453+0000] {taskinstance.py:1308} INFO - Starting attempt 1 of 6
[2023-06-11T08:55:10.700+0000] {taskinstance.py:1327} INFO - Executing <Task(BashOperator): first_task> on 2021-12-06 00:00:00+00:00
[2023-06-11T08:55:10.762+0000] {standard_task_runner.py:57} INFO - Started process 1970 to run task
[2023-06-11T08:55:10.821+0000] {standard_task_runner.py:84} INFO - Running: ['***', 'tasks', 'run', 'first_dag_02', 'first_task', 'scheduled__2021-12-06T00:00:00+00:00', '--job-id', '612', '--raw', '--subdir', 'DAGS_FOLDER/First_dag.py', '--cfg-path', '/tmp/tmp48p1dlvw']
[2023-06-11T08:55:10.822+0000] {standard_task_runner.py:85} INFO - Job 612: Subtask first_task
[2023-06-11T08:55:11.542+0000] {task_command.py:410} INFO - Running <TaskInstance: first_dag_02.first_task scheduled__2021-12-06T00:00:00+00:00 [running]> on host 964e508aad03
[2023-06-11T08:55:13.816+0000] {taskinstance.py:1547} INFO - Exporting env vars: AIRFLOW_CTX_DAG_OWNER='Raja' AIRFLOW_CTX_DAG_ID='first_dag_02' AIRFLOW_CTX_TASK_ID='first_task' AIRFLOW_CTX_EXECUTION_DATE='2021-12-06T00:00:00+00:00' AIRFLOW_CTX_TRY_NUMBER='1' AIRFLOW_CTX_DAG_RUN_ID='scheduled__2021-12-06T00:00:00+00:00'
[2023-06-11T08:55:13.819+0000] {subprocess.py:63} INFO - Tmp dir root location: 
 /tmp
[2023-06-11T08:55:13.819+0000] {subprocess.py:75} INFO - Running command: ['/bin/bash', '-c', 'echo hello world, this is the first task!']
[2023-06-11T08:55:14.098+0000] {subprocess.py:86} INFO - Output:
[2023-06-11T08:55:14.169+0000] {subprocess.py:93} INFO - hello world, this is the first task!
[2023-06-11T08:55:14.170+0000] {subprocess.py:97} INFO - Command exited with return code 0
[2023-06-11T08:55:14.661+0000] {taskinstance.py:1350} INFO - Marking task as SUCCESS. dag_id=first_dag_02, task_id=first_task, execution_date=20211206T000000, start_date=20230611T085510, end_date=20230611T085514
[2023-06-11T08:55:14.883+0000] {local_task_job_runner.py:225} INFO - Task exited with return code 0
[2023-06-11T08:55:15.442+0000] {taskinstance.py:2651} INFO - 0 downstream tasks scheduled from follow-on schedule check
[2023-06-11T11:18:05.440+0000] {taskinstance.py:1103} INFO - Dependencies all met for dep_context=non-requeueable deps ti=<TaskInstance: first_dag_02.first_task scheduled__2021-12-06T00:00:00+00:00 [queued]>
[2023-06-11T11:18:05.489+0000] {taskinstance.py:1103} INFO - Dependencies all met for dep_context=requeueable deps ti=<TaskInstance: first_dag_02.first_task scheduled__2021-12-06T00:00:00+00:00 [queued]>
[2023-06-11T11:18:05.489+0000] {taskinstance.py:1308} INFO - Starting attempt 1 of 6
[2023-06-11T11:18:05.554+0000] {taskinstance.py:1327} INFO - Executing <Task(BashOperator): first_task> on 2021-12-06 00:00:00+00:00
[2023-06-11T11:18:05.578+0000] {standard_task_runner.py:57} INFO - Started process 666 to run task
[2023-06-11T11:18:05.596+0000] {standard_task_runner.py:84} INFO - Running: ['***', 'tasks', 'run', 'first_dag_02', 'first_task', 'scheduled__2021-12-06T00:00:00+00:00', '--job-id', '658', '--raw', '--subdir', 'DAGS_FOLDER/First_dag.py', '--cfg-path', '/tmp/tmpq4q0c581']
[2023-06-11T11:18:05.596+0000] {standard_task_runner.py:85} INFO - Job 658: Subtask first_task
[2023-06-11T11:18:06.298+0000] {task_command.py:410} INFO - Running <TaskInstance: first_dag_02.first_task scheduled__2021-12-06T00:00:00+00:00 [running]> on host 7586ce0070ac
[2023-06-11T11:18:08.907+0000] {taskinstance.py:1547} INFO - Exporting env vars: AIRFLOW_CTX_DAG_OWNER='Raja' AIRFLOW_CTX_DAG_ID='first_dag_02' AIRFLOW_CTX_TASK_ID='first_task' AIRFLOW_CTX_EXECUTION_DATE='2021-12-06T00:00:00+00:00' AIRFLOW_CTX_TRY_NUMBER='1' AIRFLOW_CTX_DAG_RUN_ID='scheduled__2021-12-06T00:00:00+00:00'
[2023-06-11T11:18:09.114+0000] {subprocess.py:63} INFO - Tmp dir root location: 
 /tmp
[2023-06-11T11:18:09.115+0000] {subprocess.py:75} INFO - Running command: ['/bin/bash', '-c', 'echo hello world, this is the first task!']
[2023-06-11T11:18:09.469+0000] {subprocess.py:86} INFO - Output:
[2023-06-11T11:18:09.565+0000] {subprocess.py:93} INFO - hello world, this is the first task!
[2023-06-11T11:18:09.567+0000] {subprocess.py:97} INFO - Command exited with return code 0
[2023-06-11T11:18:10.522+0000] {taskinstance.py:1350} INFO - Marking task as SUCCESS. dag_id=first_dag_02, task_id=first_task, execution_date=20211206T000000, start_date=20230611T111805, end_date=20230611T111810
[2023-06-11T11:18:11.747+0000] {local_task_job_runner.py:225} INFO - Task exited with return code 0
[2023-06-11T11:18:12.601+0000] {taskinstance.py:2651} INFO - 2 downstream tasks scheduled from follow-on schedule check
