[2023-06-11T09:39:17.828+0000] {taskinstance.py:1103} INFO - Dependencies all met for dep_context=non-requeueable deps ti=<TaskInstance: first_dag_02.second_task scheduled__2022-04-02T00:00:00+00:00 [queued]>
[2023-06-11T09:39:18.378+0000] {taskinstance.py:1103} INFO - Dependencies all met for dep_context=requeueable deps ti=<TaskInstance: first_dag_02.second_task scheduled__2022-04-02T00:00:00+00:00 [queued]>
[2023-06-11T09:39:18.379+0000] {taskinstance.py:1308} INFO - Starting attempt 1 of 6
[2023-06-11T09:39:18.885+0000] {taskinstance.py:1327} INFO - Executing <Task(BashOperator): second_task> on 2022-04-02 00:00:00+00:00
[2023-06-11T09:39:18.965+0000] {standard_task_runner.py:57} INFO - Started process 3849 to run task
[2023-06-11T09:39:19.043+0000] {standard_task_runner.py:84} INFO - Running: ['***', 'tasks', 'run', 'first_dag_02', 'second_task', 'scheduled__2022-04-02T00:00:00+00:00', '--job-id', '1191', '--raw', '--subdir', 'DAGS_FOLDER/First_dag.py', '--cfg-path', '/tmp/tmp7qunukel']
[2023-06-11T09:39:19.064+0000] {standard_task_runner.py:85} INFO - Job 1191: Subtask second_task
[2023-06-11T09:39:20.739+0000] {task_command.py:410} INFO - Running <TaskInstance: first_dag_02.second_task scheduled__2022-04-02T00:00:00+00:00 [running]> on host 964e508aad03
[2023-06-11T09:39:24.806+0000] {taskinstance.py:1547} INFO - Exporting env vars: AIRFLOW_CTX_DAG_OWNER='Raja' AIRFLOW_CTX_DAG_ID='first_dag_02' AIRFLOW_CTX_TASK_ID='second_task' AIRFLOW_CTX_EXECUTION_DATE='2022-04-02T00:00:00+00:00' AIRFLOW_CTX_TRY_NUMBER='1' AIRFLOW_CTX_DAG_RUN_ID='scheduled__2022-04-02T00:00:00+00:00'
[2023-06-11T09:39:24.817+0000] {subprocess.py:63} INFO - Tmp dir root location: 
 /tmp
[2023-06-11T09:39:24.818+0000] {subprocess.py:75} INFO - Running command: ['/bin/bash', '-c', 'echo hey, I am task2 and will be running after task1!']
[2023-06-11T09:39:25.526+0000] {subprocess.py:86} INFO - Output:
[2023-06-11T09:39:25.577+0000] {subprocess.py:93} INFO - hey, I am task2 and will be running after task1!
[2023-06-11T09:39:25.579+0000] {subprocess.py:97} INFO - Command exited with return code 0
[2023-06-11T09:39:26.166+0000] {taskinstance.py:1350} INFO - Marking task as SUCCESS. dag_id=first_dag_02, task_id=second_task, execution_date=20220402T000000, start_date=20230611T093917, end_date=20230611T093926
[2023-06-11T09:39:26.545+0000] {local_task_job_runner.py:225} INFO - Task exited with return code 0
[2023-06-11T09:39:27.987+0000] {taskinstance.py:2651} INFO - 0 downstream tasks scheduled from follow-on schedule check
[2023-06-11T15:28:10.973+0000] {taskinstance.py:1103} INFO - Dependencies all met for dep_context=non-requeueable deps ti=<TaskInstance: first_dag_02.second_task scheduled__2022-04-02T00:00:00+00:00 [queued]>
[2023-06-11T15:28:11.257+0000] {taskinstance.py:1103} INFO - Dependencies all met for dep_context=requeueable deps ti=<TaskInstance: first_dag_02.second_task scheduled__2022-04-02T00:00:00+00:00 [queued]>
[2023-06-11T15:28:11.259+0000] {taskinstance.py:1308} INFO - Starting attempt 1 of 6
[2023-06-11T15:28:12.354+0000] {taskinstance.py:1327} INFO - Executing <Task(BashOperator): second_task> on 2022-04-02 00:00:00+00:00
[2023-06-11T15:28:12.397+0000] {standard_task_runner.py:57} INFO - Started process 539 to run task
[2023-06-11T15:28:12.447+0000] {standard_task_runner.py:84} INFO - Running: ['***', 'tasks', 'run', 'first_dag_02', 'second_task', 'scheduled__2022-04-02T00:00:00+00:00', '--job-id', '1250', '--raw', '--subdir', 'DAGS_FOLDER/First_dag.py', '--cfg-path', '/tmp/tmp8wbiy8vb']
[2023-06-11T15:28:12.547+0000] {standard_task_runner.py:85} INFO - Job 1250: Subtask second_task
[2023-06-11T15:28:13.456+0000] {task_command.py:410} INFO - Running <TaskInstance: first_dag_02.second_task scheduled__2022-04-02T00:00:00+00:00 [running]> on host 7586ce0070ac
[2023-06-11T15:28:15.623+0000] {taskinstance.py:1547} INFO - Exporting env vars: AIRFLOW_CTX_DAG_OWNER='Raja' AIRFLOW_CTX_DAG_ID='first_dag_02' AIRFLOW_CTX_TASK_ID='second_task' AIRFLOW_CTX_EXECUTION_DATE='2022-04-02T00:00:00+00:00' AIRFLOW_CTX_TRY_NUMBER='1' AIRFLOW_CTX_DAG_RUN_ID='scheduled__2022-04-02T00:00:00+00:00'
[2023-06-11T15:28:15.629+0000] {subprocess.py:63} INFO - Tmp dir root location: 
 /tmp
[2023-06-11T15:28:15.630+0000] {subprocess.py:75} INFO - Running command: ['/bin/bash', '-c', 'echo hey, I am task2 and will be running after task1!']
[2023-06-11T15:28:15.671+0000] {subprocess.py:86} INFO - Output:
[2023-06-11T15:28:15.675+0000] {subprocess.py:93} INFO - hey, I am task2 and will be running after task1!
[2023-06-11T15:28:15.676+0000] {subprocess.py:97} INFO - Command exited with return code 0
[2023-06-11T15:28:15.869+0000] {taskinstance.py:1350} INFO - Marking task as SUCCESS. dag_id=first_dag_02, task_id=second_task, execution_date=20220402T000000, start_date=20230611T152811, end_date=20230611T152815
[2023-06-11T15:28:16.394+0000] {local_task_job_runner.py:225} INFO - Task exited with return code 0
[2023-06-11T15:28:17.217+0000] {taskinstance.py:2651} INFO - 0 downstream tasks scheduled from follow-on schedule check
