[2023-06-11T09:37:21.729+0000] {taskinstance.py:1103} INFO - Dependencies all met for dep_context=non-requeueable deps ti=<TaskInstance: first_dag_02.second_task scheduled__2022-03-18T00:00:00+00:00 [queued]>
[2023-06-11T09:37:21.788+0000] {taskinstance.py:1103} INFO - Dependencies all met for dep_context=requeueable deps ti=<TaskInstance: first_dag_02.second_task scheduled__2022-03-18T00:00:00+00:00 [queued]>
[2023-06-11T09:37:21.788+0000] {taskinstance.py:1308} INFO - Starting attempt 1 of 6
[2023-06-11T09:37:22.305+0000] {taskinstance.py:1327} INFO - Executing <Task(BashOperator): second_task> on 2022-03-18 00:00:00+00:00
[2023-06-11T09:37:22.319+0000] {standard_task_runner.py:57} INFO - Started process 3653 to run task
[2023-06-11T09:37:22.394+0000] {standard_task_runner.py:84} INFO - Running: ['***', 'tasks', 'run', 'first_dag_02', 'second_task', 'scheduled__2022-03-18T00:00:00+00:00', '--job-id', '1134', '--raw', '--subdir', 'DAGS_FOLDER/First_dag.py', '--cfg-path', '/tmp/tmpz9mhklk9']
[2023-06-11T09:37:22.395+0000] {standard_task_runner.py:85} INFO - Job 1134: Subtask second_task
[2023-06-11T09:37:24.128+0000] {task_command.py:410} INFO - Running <TaskInstance: first_dag_02.second_task scheduled__2022-03-18T00:00:00+00:00 [running]> on host 964e508aad03
[2023-06-11T09:37:31.150+0000] {taskinstance.py:1547} INFO - Exporting env vars: AIRFLOW_CTX_DAG_OWNER='Raja' AIRFLOW_CTX_DAG_ID='first_dag_02' AIRFLOW_CTX_TASK_ID='second_task' AIRFLOW_CTX_EXECUTION_DATE='2022-03-18T00:00:00+00:00' AIRFLOW_CTX_TRY_NUMBER='1' AIRFLOW_CTX_DAG_RUN_ID='scheduled__2022-03-18T00:00:00+00:00'
[2023-06-11T09:37:31.164+0000] {subprocess.py:63} INFO - Tmp dir root location: 
 /tmp
[2023-06-11T09:37:31.167+0000] {subprocess.py:75} INFO - Running command: ['/bin/bash', '-c', 'echo hey, I am task2 and will be running after task1!']
[2023-06-11T09:37:31.194+0000] {subprocess.py:86} INFO - Output:
[2023-06-11T09:37:31.205+0000] {subprocess.py:93} INFO - hey, I am task2 and will be running after task1!
[2023-06-11T09:37:31.208+0000] {subprocess.py:97} INFO - Command exited with return code 0
[2023-06-11T09:37:32.404+0000] {taskinstance.py:1350} INFO - Marking task as SUCCESS. dag_id=first_dag_02, task_id=second_task, execution_date=20220318T000000, start_date=20230611T093721, end_date=20230611T093732
[2023-06-11T09:37:33.222+0000] {local_task_job_runner.py:225} INFO - Task exited with return code 0
[2023-06-11T09:37:34.550+0000] {taskinstance.py:2651} INFO - 0 downstream tasks scheduled from follow-on schedule check
[2023-06-11T15:26:41.092+0000] {taskinstance.py:1103} INFO - Dependencies all met for dep_context=non-requeueable deps ti=<TaskInstance: first_dag_02.second_task scheduled__2022-03-18T00:00:00+00:00 [queued]>
[2023-06-11T15:26:41.163+0000] {taskinstance.py:1103} INFO - Dependencies all met for dep_context=requeueable deps ti=<TaskInstance: first_dag_02.second_task scheduled__2022-03-18T00:00:00+00:00 [queued]>
[2023-06-11T15:26:41.164+0000] {taskinstance.py:1308} INFO - Starting attempt 1 of 6
[2023-06-11T15:26:41.254+0000] {taskinstance.py:1327} INFO - Executing <Task(BashOperator): second_task> on 2022-03-18 00:00:00+00:00
[2023-06-11T15:26:41.288+0000] {standard_task_runner.py:57} INFO - Started process 246 to run task
[2023-06-11T15:26:41.321+0000] {standard_task_runner.py:84} INFO - Running: ['***', 'tasks', 'run', 'first_dag_02', 'second_task', 'scheduled__2022-03-18T00:00:00+00:00', '--job-id', '1162', '--raw', '--subdir', 'DAGS_FOLDER/First_dag.py', '--cfg-path', '/tmp/tmpau8ust1q']
[2023-06-11T15:26:41.328+0000] {standard_task_runner.py:85} INFO - Job 1162: Subtask second_task
[2023-06-11T15:26:42.022+0000] {task_command.py:410} INFO - Running <TaskInstance: first_dag_02.second_task scheduled__2022-03-18T00:00:00+00:00 [running]> on host 7586ce0070ac
[2023-06-11T15:26:43.389+0000] {taskinstance.py:1547} INFO - Exporting env vars: AIRFLOW_CTX_DAG_OWNER='Raja' AIRFLOW_CTX_DAG_ID='first_dag_02' AIRFLOW_CTX_TASK_ID='second_task' AIRFLOW_CTX_EXECUTION_DATE='2022-03-18T00:00:00+00:00' AIRFLOW_CTX_TRY_NUMBER='1' AIRFLOW_CTX_DAG_RUN_ID='scheduled__2022-03-18T00:00:00+00:00'
[2023-06-11T15:26:43.391+0000] {subprocess.py:63} INFO - Tmp dir root location: 
 /tmp
[2023-06-11T15:26:43.394+0000] {subprocess.py:75} INFO - Running command: ['/bin/bash', '-c', 'echo hey, I am task2 and will be running after task1!']
[2023-06-11T15:26:43.448+0000] {subprocess.py:86} INFO - Output:
[2023-06-11T15:26:43.448+0000] {subprocess.py:93} INFO - hey, I am task2 and will be running after task1!
[2023-06-11T15:26:43.449+0000] {subprocess.py:97} INFO - Command exited with return code 0
[2023-06-11T15:26:43.816+0000] {taskinstance.py:1350} INFO - Marking task as SUCCESS. dag_id=first_dag_02, task_id=second_task, execution_date=20220318T000000, start_date=20230611T152641, end_date=20230611T152643
[2023-06-11T15:26:44.300+0000] {local_task_job_runner.py:225} INFO - Task exited with return code 0
[2023-06-11T15:26:44.706+0000] {taskinstance.py:2651} INFO - 0 downstream tasks scheduled from follow-on schedule check
