[2023-06-11T09:43:13.703+0000] {taskinstance.py:1103} INFO - Dependencies all met for dep_context=non-requeueable deps ti=<TaskInstance: first_dag_02.first_task scheduled__2022-05-04T00:00:00+00:00 [queued]>
[2023-06-11T09:43:13.913+0000] {taskinstance.py:1103} INFO - Dependencies all met for dep_context=requeueable deps ti=<TaskInstance: first_dag_02.first_task scheduled__2022-05-04T00:00:00+00:00 [queued]>
[2023-06-11T09:43:13.932+0000] {taskinstance.py:1308} INFO - Starting attempt 1 of 6
[2023-06-11T09:43:14.736+0000] {taskinstance.py:1327} INFO - Executing <Task(BashOperator): first_task> on 2022-05-04 00:00:00+00:00
[2023-06-11T09:43:14.848+0000] {standard_task_runner.py:57} INFO - Started process 4247 to run task
[2023-06-11T09:43:14.922+0000] {standard_task_runner.py:84} INFO - Running: ['***', 'tasks', 'run', 'first_dag_02', 'first_task', 'scheduled__2022-05-04T00:00:00+00:00', '--job-id', '1300', '--raw', '--subdir', 'DAGS_FOLDER/First_dag.py', '--cfg-path', '/tmp/tmpncjuhdim']
[2023-06-11T09:43:14.923+0000] {standard_task_runner.py:85} INFO - Job 1300: Subtask first_task
[2023-06-11T09:43:16.646+0000] {task_command.py:410} INFO - Running <TaskInstance: first_dag_02.first_task scheduled__2022-05-04T00:00:00+00:00 [running]> on host 964e508aad03
[2023-06-11T09:43:20.771+0000] {taskinstance.py:1547} INFO - Exporting env vars: AIRFLOW_CTX_DAG_OWNER='Raja' AIRFLOW_CTX_DAG_ID='first_dag_02' AIRFLOW_CTX_TASK_ID='first_task' AIRFLOW_CTX_EXECUTION_DATE='2022-05-04T00:00:00+00:00' AIRFLOW_CTX_TRY_NUMBER='1' AIRFLOW_CTX_DAG_RUN_ID='scheduled__2022-05-04T00:00:00+00:00'
[2023-06-11T09:43:20.780+0000] {subprocess.py:63} INFO - Tmp dir root location: 
 /tmp
[2023-06-11T09:43:20.781+0000] {subprocess.py:75} INFO - Running command: ['/bin/bash', '-c', 'echo hello world, this is the first task!']
[2023-06-11T09:43:21.176+0000] {subprocess.py:86} INFO - Output:
[2023-06-11T09:43:21.237+0000] {subprocess.py:93} INFO - hello world, this is the first task!
[2023-06-11T09:43:21.237+0000] {subprocess.py:97} INFO - Command exited with return code 0
[2023-06-11T09:43:22.450+0000] {taskinstance.py:1350} INFO - Marking task as SUCCESS. dag_id=first_dag_02, task_id=first_task, execution_date=20220504T000000, start_date=20230611T094313, end_date=20230611T094322
[2023-06-11T09:43:23.286+0000] {local_task_job_runner.py:225} INFO - Task exited with return code 0
[2023-06-11T09:43:23.929+0000] {taskinstance.py:2651} INFO - 2 downstream tasks scheduled from follow-on schedule check
[2023-06-11T15:30:36.906+0000] {taskinstance.py:1103} INFO - Dependencies all met for dep_context=non-requeueable deps ti=<TaskInstance: first_dag_02.first_task scheduled__2022-05-04T00:00:00+00:00 [queued]>
[2023-06-11T15:30:36.975+0000] {taskinstance.py:1103} INFO - Dependencies all met for dep_context=requeueable deps ti=<TaskInstance: first_dag_02.first_task scheduled__2022-05-04T00:00:00+00:00 [queued]>
[2023-06-11T15:30:36.975+0000] {taskinstance.py:1308} INFO - Starting attempt 1 of 6
[2023-06-11T15:30:37.861+0000] {taskinstance.py:1327} INFO - Executing <Task(BashOperator): first_task> on 2022-05-04 00:00:00+00:00
[2023-06-11T15:30:37.927+0000] {standard_task_runner.py:57} INFO - Started process 937 to run task
[2023-06-11T15:30:37.951+0000] {standard_task_runner.py:84} INFO - Running: ['***', 'tasks', 'run', 'first_dag_02', 'first_task', 'scheduled__2022-05-04T00:00:00+00:00', '--job-id', '1372', '--raw', '--subdir', 'DAGS_FOLDER/First_dag.py', '--cfg-path', '/tmp/tmpdmopgl7k']
[2023-06-11T15:30:37.952+0000] {standard_task_runner.py:85} INFO - Job 1372: Subtask first_task
[2023-06-11T15:30:38.497+0000] {task_command.py:410} INFO - Running <TaskInstance: first_dag_02.first_task scheduled__2022-05-04T00:00:00+00:00 [running]> on host 7586ce0070ac
[2023-06-11T15:30:41.307+0000] {taskinstance.py:1547} INFO - Exporting env vars: AIRFLOW_CTX_DAG_OWNER='Raja' AIRFLOW_CTX_DAG_ID='first_dag_02' AIRFLOW_CTX_TASK_ID='first_task' AIRFLOW_CTX_EXECUTION_DATE='2022-05-04T00:00:00+00:00' AIRFLOW_CTX_TRY_NUMBER='1' AIRFLOW_CTX_DAG_RUN_ID='scheduled__2022-05-04T00:00:00+00:00'
[2023-06-11T15:30:41.314+0000] {subprocess.py:63} INFO - Tmp dir root location: 
 /tmp
[2023-06-11T15:30:41.335+0000] {subprocess.py:75} INFO - Running command: ['/bin/bash', '-c', 'echo hello world, this is the first task!']
[2023-06-11T15:30:41.405+0000] {subprocess.py:86} INFO - Output:
[2023-06-11T15:30:41.409+0000] {subprocess.py:93} INFO - hello world, this is the first task!
[2023-06-11T15:30:41.413+0000] {subprocess.py:97} INFO - Command exited with return code 0
[2023-06-11T15:30:41.869+0000] {taskinstance.py:1350} INFO - Marking task as SUCCESS. dag_id=first_dag_02, task_id=first_task, execution_date=20220504T000000, start_date=20230611T153036, end_date=20230611T153041
[2023-06-11T15:30:42.498+0000] {local_task_job_runner.py:225} INFO - Task exited with return code 0
[2023-06-11T15:30:43.256+0000] {taskinstance.py:2651} INFO - 2 downstream tasks scheduled from follow-on schedule check
