[2023-06-11T08:54:27.223+0000] {taskinstance.py:1103} INFO - Dependencies all met for dep_context=non-requeueable deps ti=<TaskInstance: first_dag_02.second_task scheduled__2021-11-20T00:00:00+00:00 [queued]>
[2023-06-11T08:54:27.366+0000] {taskinstance.py:1103} INFO - Dependencies all met for dep_context=requeueable deps ti=<TaskInstance: first_dag_02.second_task scheduled__2021-11-20T00:00:00+00:00 [queued]>
[2023-06-11T08:54:27.366+0000] {taskinstance.py:1308} INFO - Starting attempt 1 of 6
[2023-06-11T08:54:28.219+0000] {taskinstance.py:1327} INFO - Executing <Task(BashOperator): second_task> on 2021-11-20 00:00:00+00:00
[2023-06-11T08:54:28.354+0000] {standard_task_runner.py:57} INFO - Started process 1811 to run task
[2023-06-11T08:54:28.465+0000] {standard_task_runner.py:84} INFO - Running: ['***', 'tasks', 'run', 'first_dag_02', 'second_task', 'scheduled__2021-11-20T00:00:00+00:00', '--job-id', '563', '--raw', '--subdir', 'DAGS_FOLDER/First_dag.py', '--cfg-path', '/tmp/tmpm_bcwny3']
[2023-06-11T08:54:28.484+0000] {standard_task_runner.py:85} INFO - Job 563: Subtask second_task
[2023-06-11T08:54:29.900+0000] {task_command.py:410} INFO - Running <TaskInstance: first_dag_02.second_task scheduled__2021-11-20T00:00:00+00:00 [running]> on host 964e508aad03
[2023-06-11T08:54:30.733+0000] {taskinstance.py:1547} INFO - Exporting env vars: AIRFLOW_CTX_DAG_OWNER='Raja' AIRFLOW_CTX_DAG_ID='first_dag_02' AIRFLOW_CTX_TASK_ID='second_task' AIRFLOW_CTX_EXECUTION_DATE='2021-11-20T00:00:00+00:00' AIRFLOW_CTX_TRY_NUMBER='1' AIRFLOW_CTX_DAG_RUN_ID='scheduled__2021-11-20T00:00:00+00:00'
[2023-06-11T08:54:30.748+0000] {subprocess.py:63} INFO - Tmp dir root location: 
 /tmp
[2023-06-11T08:54:30.759+0000] {subprocess.py:75} INFO - Running command: ['/bin/bash', '-c', 'echo hey, I am task2 and will be running after task1!']
[2023-06-11T08:54:30.888+0000] {subprocess.py:86} INFO - Output:
[2023-06-11T08:54:30.916+0000] {subprocess.py:93} INFO - hey, I am task2 and will be running after task1!
[2023-06-11T08:54:30.917+0000] {subprocess.py:97} INFO - Command exited with return code 0
[2023-06-11T08:54:31.406+0000] {taskinstance.py:1350} INFO - Marking task as SUCCESS. dag_id=first_dag_02, task_id=second_task, execution_date=20211120T000000, start_date=20230611T085427, end_date=20230611T085431
[2023-06-11T08:54:31.561+0000] {local_task_job_runner.py:225} INFO - Task exited with return code 0
[2023-06-11T08:54:31.642+0000] {taskinstance.py:2651} INFO - 0 downstream tasks scheduled from follow-on schedule check
[2023-06-11T11:16:59.763+0000] {taskinstance.py:1103} INFO - Dependencies all met for dep_context=non-requeueable deps ti=<TaskInstance: first_dag_02.second_task scheduled__2021-11-20T00:00:00+00:00 [queued]>
[2023-06-11T11:17:00.014+0000] {taskinstance.py:1103} INFO - Dependencies all met for dep_context=requeueable deps ti=<TaskInstance: first_dag_02.second_task scheduled__2021-11-20T00:00:00+00:00 [queued]>
[2023-06-11T11:17:00.057+0000] {taskinstance.py:1308} INFO - Starting attempt 1 of 6
[2023-06-11T11:17:03.413+0000] {taskinstance.py:1327} INFO - Executing <Task(BashOperator): second_task> on 2021-11-20 00:00:00+00:00
[2023-06-11T11:17:03.720+0000] {standard_task_runner.py:57} INFO - Started process 523 to run task
[2023-06-11T11:17:03.735+0000] {standard_task_runner.py:84} INFO - Running: ['***', 'tasks', 'run', 'first_dag_02', 'second_task', 'scheduled__2021-11-20T00:00:00+00:00', '--job-id', '614', '--raw', '--subdir', 'DAGS_FOLDER/First_dag.py', '--cfg-path', '/tmp/tmpj336biq5']
[2023-06-11T11:17:03.748+0000] {standard_task_runner.py:85} INFO - Job 614: Subtask second_task
[2023-06-11T11:17:04.904+0000] {task_command.py:410} INFO - Running <TaskInstance: first_dag_02.second_task scheduled__2021-11-20T00:00:00+00:00 [running]> on host 7586ce0070ac
[2023-06-11T11:17:11.159+0000] {taskinstance.py:1547} INFO - Exporting env vars: AIRFLOW_CTX_DAG_OWNER='Raja' AIRFLOW_CTX_DAG_ID='first_dag_02' AIRFLOW_CTX_TASK_ID='second_task' AIRFLOW_CTX_EXECUTION_DATE='2021-11-20T00:00:00+00:00' AIRFLOW_CTX_TRY_NUMBER='1' AIRFLOW_CTX_DAG_RUN_ID='scheduled__2021-11-20T00:00:00+00:00'
[2023-06-11T11:17:11.168+0000] {subprocess.py:63} INFO - Tmp dir root location: 
 /tmp
[2023-06-11T11:17:11.242+0000] {subprocess.py:75} INFO - Running command: ['/bin/bash', '-c', 'echo hey, I am task2 and will be running after task1!']
[2023-06-11T11:17:11.631+0000] {subprocess.py:86} INFO - Output:
[2023-06-11T11:17:11.695+0000] {subprocess.py:93} INFO - hey, I am task2 and will be running after task1!
[2023-06-11T11:17:11.696+0000] {subprocess.py:97} INFO - Command exited with return code 0
[2023-06-11T11:17:12.918+0000] {taskinstance.py:1350} INFO - Marking task as SUCCESS. dag_id=first_dag_02, task_id=second_task, execution_date=20211120T000000, start_date=20230611T111659, end_date=20230611T111712
[2023-06-11T11:17:13.309+0000] {local_task_job_runner.py:225} INFO - Task exited with return code 0
[2023-06-11T11:17:14.036+0000] {taskinstance.py:2651} INFO - 0 downstream tasks scheduled from follow-on schedule check
