[2023-06-11T09:46:16.827+0000] {taskinstance.py:1103} INFO - Dependencies all met for dep_context=non-requeueable deps ti=<TaskInstance: first_dag_02.first_task scheduled__2022-06-09T00:00:00+00:00 [queued]>
[2023-06-11T09:46:16.979+0000] {taskinstance.py:1103} INFO - Dependencies all met for dep_context=requeueable deps ti=<TaskInstance: first_dag_02.first_task scheduled__2022-06-09T00:00:00+00:00 [queued]>
[2023-06-11T09:46:16.979+0000] {taskinstance.py:1308} INFO - Starting attempt 1 of 6
[2023-06-11T09:46:17.323+0000] {taskinstance.py:1327} INFO - Executing <Task(BashOperator): first_task> on 2022-06-09 00:00:00+00:00
[2023-06-11T09:46:17.397+0000] {standard_task_runner.py:57} INFO - Started process 4862 to run task
[2023-06-11T09:46:17.473+0000] {standard_task_runner.py:84} INFO - Running: ['***', 'tasks', 'run', 'first_dag_02', 'first_task', 'scheduled__2022-06-09T00:00:00+00:00', '--job-id', '1493', '--raw', '--subdir', 'DAGS_FOLDER/First_dag.py', '--cfg-path', '/tmp/tmphg1nmb3l']
[2023-06-11T09:46:17.474+0000] {standard_task_runner.py:85} INFO - Job 1493: Subtask first_task
[2023-06-11T09:46:18.332+0000] {task_command.py:410} INFO - Running <TaskInstance: first_dag_02.first_task scheduled__2022-06-09T00:00:00+00:00 [running]> on host 964e508aad03
[2023-06-11T09:46:20.576+0000] {taskinstance.py:1547} INFO - Exporting env vars: AIRFLOW_CTX_DAG_OWNER='Raja' AIRFLOW_CTX_DAG_ID='first_dag_02' AIRFLOW_CTX_TASK_ID='first_task' AIRFLOW_CTX_EXECUTION_DATE='2022-06-09T00:00:00+00:00' AIRFLOW_CTX_TRY_NUMBER='1' AIRFLOW_CTX_DAG_RUN_ID='scheduled__2022-06-09T00:00:00+00:00'
[2023-06-11T09:46:20.610+0000] {subprocess.py:63} INFO - Tmp dir root location: 
 /tmp
[2023-06-11T09:46:20.611+0000] {subprocess.py:75} INFO - Running command: ['/bin/bash', '-c', 'echo hello world, this is the first task!']
[2023-06-11T09:46:21.157+0000] {subprocess.py:86} INFO - Output:
[2023-06-11T09:46:21.288+0000] {subprocess.py:93} INFO - hello world, this is the first task!
[2023-06-11T09:46:21.332+0000] {subprocess.py:97} INFO - Command exited with return code 0
[2023-06-11T09:46:21.818+0000] {taskinstance.py:1350} INFO - Marking task as SUCCESS. dag_id=first_dag_02, task_id=first_task, execution_date=20220609T000000, start_date=20230611T094616, end_date=20230611T094621
[2023-06-11T09:46:22.178+0000] {local_task_job_runner.py:225} INFO - Task exited with return code 0
[2023-06-11T09:46:22.774+0000] {taskinstance.py:2651} INFO - 2 downstream tasks scheduled from follow-on schedule check
[2023-06-11T15:33:12.826+0000] {taskinstance.py:1103} INFO - Dependencies all met for dep_context=non-requeueable deps ti=<TaskInstance: first_dag_02.first_task scheduled__2022-06-09T00:00:00+00:00 [queued]>
[2023-06-11T15:33:12.991+0000] {taskinstance.py:1103} INFO - Dependencies all met for dep_context=requeueable deps ti=<TaskInstance: first_dag_02.first_task scheduled__2022-06-09T00:00:00+00:00 [queued]>
[2023-06-11T15:33:12.998+0000] {taskinstance.py:1308} INFO - Starting attempt 1 of 6
[2023-06-11T15:33:13.367+0000] {taskinstance.py:1327} INFO - Executing <Task(BashOperator): first_task> on 2022-06-09 00:00:00+00:00
[2023-06-11T15:33:13.434+0000] {standard_task_runner.py:57} INFO - Started process 1458 to run task
[2023-06-11T15:33:13.506+0000] {standard_task_runner.py:84} INFO - Running: ['***', 'tasks', 'run', 'first_dag_02', 'first_task', 'scheduled__2022-06-09T00:00:00+00:00', '--job-id', '1532', '--raw', '--subdir', 'DAGS_FOLDER/First_dag.py', '--cfg-path', '/tmp/tmpsz8g49pw']
[2023-06-11T15:33:13.507+0000] {standard_task_runner.py:85} INFO - Job 1532: Subtask first_task
[2023-06-11T15:33:14.184+0000] {task_command.py:410} INFO - Running <TaskInstance: first_dag_02.first_task scheduled__2022-06-09T00:00:00+00:00 [running]> on host 7586ce0070ac
[2023-06-11T15:33:15.474+0000] {taskinstance.py:1547} INFO - Exporting env vars: AIRFLOW_CTX_DAG_OWNER='Raja' AIRFLOW_CTX_DAG_ID='first_dag_02' AIRFLOW_CTX_TASK_ID='first_task' AIRFLOW_CTX_EXECUTION_DATE='2022-06-09T00:00:00+00:00' AIRFLOW_CTX_TRY_NUMBER='1' AIRFLOW_CTX_DAG_RUN_ID='scheduled__2022-06-09T00:00:00+00:00'
[2023-06-11T15:33:15.476+0000] {subprocess.py:63} INFO - Tmp dir root location: 
 /tmp
[2023-06-11T15:33:15.505+0000] {subprocess.py:75} INFO - Running command: ['/bin/bash', '-c', 'echo hello world, this is the first task!']
[2023-06-11T15:33:15.687+0000] {subprocess.py:86} INFO - Output:
[2023-06-11T15:33:15.751+0000] {subprocess.py:93} INFO - hello world, this is the first task!
[2023-06-11T15:33:15.784+0000] {subprocess.py:97} INFO - Command exited with return code 0
[2023-06-11T15:33:16.177+0000] {taskinstance.py:1350} INFO - Marking task as SUCCESS. dag_id=first_dag_02, task_id=first_task, execution_date=20220609T000000, start_date=20230611T153312, end_date=20230611T153316
[2023-06-11T15:33:16.638+0000] {local_task_job_runner.py:225} INFO - Task exited with return code 0
[2023-06-11T15:33:17.021+0000] {taskinstance.py:2651} INFO - 2 downstream tasks scheduled from follow-on schedule check
