[2023-06-11T08:53:59.118+0000] {taskinstance.py:1103} INFO - Dependencies all met for dep_context=non-requeueable deps ti=<TaskInstance: first_dag_02.thrid_task scheduled__2021-11-08T00:00:00+00:00 [queued]>
[2023-06-11T08:53:59.445+0000] {taskinstance.py:1103} INFO - Dependencies all met for dep_context=requeueable deps ti=<TaskInstance: first_dag_02.thrid_task scheduled__2021-11-08T00:00:00+00:00 [queued]>
[2023-06-11T08:53:59.445+0000] {taskinstance.py:1308} INFO - Starting attempt 1 of 6
[2023-06-11T08:53:59.743+0000] {taskinstance.py:1327} INFO - Executing <Task(BashOperator): thrid_task> on 2021-11-08 00:00:00+00:00
[2023-06-11T08:53:59.821+0000] {standard_task_runner.py:57} INFO - Started process 1689 to run task
[2023-06-11T08:53:59.853+0000] {standard_task_runner.py:84} INFO - Running: ['***', 'tasks', 'run', 'first_dag_02', 'thrid_task', 'scheduled__2021-11-08T00:00:00+00:00', '--job-id', '525', '--raw', '--subdir', 'DAGS_FOLDER/First_dag.py', '--cfg-path', '/tmp/tmphmtfbkmq']
[2023-06-11T08:53:59.882+0000] {standard_task_runner.py:85} INFO - Job 525: Subtask thrid_task
[2023-06-11T08:54:00.717+0000] {task_command.py:410} INFO - Running <TaskInstance: first_dag_02.thrid_task scheduled__2021-11-08T00:00:00+00:00 [running]> on host 964e508aad03
[2023-06-11T08:54:02.836+0000] {taskinstance.py:1547} INFO - Exporting env vars: AIRFLOW_CTX_DAG_OWNER='Raja' AIRFLOW_CTX_DAG_ID='first_dag_02' AIRFLOW_CTX_TASK_ID='thrid_task' AIRFLOW_CTX_EXECUTION_DATE='2021-11-08T00:00:00+00:00' AIRFLOW_CTX_TRY_NUMBER='1' AIRFLOW_CTX_DAG_RUN_ID='scheduled__2021-11-08T00:00:00+00:00'
[2023-06-11T08:54:02.838+0000] {subprocess.py:63} INFO - Tmp dir root location: 
 /tmp
[2023-06-11T08:54:02.839+0000] {subprocess.py:75} INFO - Running command: ['/bin/bash', '-c', 'echo hey, I am task3 and will be running after task1 at the same time as task2!']
[2023-06-11T08:54:02.997+0000] {subprocess.py:86} INFO - Output:
[2023-06-11T08:54:03.017+0000] {subprocess.py:93} INFO - hey, I am task3 and will be running after task1 at the same time as task2!
[2023-06-11T08:54:03.020+0000] {subprocess.py:97} INFO - Command exited with return code 0
[2023-06-11T08:54:03.459+0000] {taskinstance.py:1350} INFO - Marking task as SUCCESS. dag_id=first_dag_02, task_id=thrid_task, execution_date=20211108T000000, start_date=20230611T085359, end_date=20230611T085403
[2023-06-11T08:54:03.726+0000] {local_task_job_runner.py:225} INFO - Task exited with return code 0
[2023-06-11T08:54:04.007+0000] {taskinstance.py:2651} INFO - 0 downstream tasks scheduled from follow-on schedule check
[2023-06-11T11:15:15.977+0000] {taskinstance.py:1103} INFO - Dependencies all met for dep_context=non-requeueable deps ti=<TaskInstance: first_dag_02.thrid_task scheduled__2021-11-08T00:00:00+00:00 [queued]>
[2023-06-11T11:15:16.026+0000] {taskinstance.py:1103} INFO - Dependencies all met for dep_context=requeueable deps ti=<TaskInstance: first_dag_02.thrid_task scheduled__2021-11-08T00:00:00+00:00 [queued]>
[2023-06-11T11:15:16.028+0000] {taskinstance.py:1308} INFO - Starting attempt 1 of 6
[2023-06-11T11:15:16.175+0000] {taskinstance.py:1327} INFO - Executing <Task(BashOperator): thrid_task> on 2021-11-08 00:00:00+00:00
[2023-06-11T11:15:16.184+0000] {standard_task_runner.py:57} INFO - Started process 290 to run task
[2023-06-11T11:15:16.212+0000] {standard_task_runner.py:84} INFO - Running: ['***', 'tasks', 'run', 'first_dag_02', 'thrid_task', 'scheduled__2021-11-08T00:00:00+00:00', '--job-id', '548', '--raw', '--subdir', 'DAGS_FOLDER/First_dag.py', '--cfg-path', '/tmp/tmpfzayq28p']
[2023-06-11T11:15:16.221+0000] {standard_task_runner.py:85} INFO - Job 548: Subtask thrid_task
[2023-06-11T11:15:16.647+0000] {task_command.py:410} INFO - Running <TaskInstance: first_dag_02.thrid_task scheduled__2021-11-08T00:00:00+00:00 [running]> on host 7586ce0070ac
[2023-06-11T11:15:19.110+0000] {taskinstance.py:1547} INFO - Exporting env vars: AIRFLOW_CTX_DAG_OWNER='Raja' AIRFLOW_CTX_DAG_ID='first_dag_02' AIRFLOW_CTX_TASK_ID='thrid_task' AIRFLOW_CTX_EXECUTION_DATE='2021-11-08T00:00:00+00:00' AIRFLOW_CTX_TRY_NUMBER='1' AIRFLOW_CTX_DAG_RUN_ID='scheduled__2021-11-08T00:00:00+00:00'
[2023-06-11T11:15:19.117+0000] {subprocess.py:63} INFO - Tmp dir root location: 
 /tmp
[2023-06-11T11:15:19.138+0000] {subprocess.py:75} INFO - Running command: ['/bin/bash', '-c', 'echo hey, I am task3 and will be running after task1 at the same time as task2!']
[2023-06-11T11:15:19.440+0000] {subprocess.py:86} INFO - Output:
[2023-06-11T11:15:19.509+0000] {subprocess.py:93} INFO - hey, I am task3 and will be running after task1 at the same time as task2!
[2023-06-11T11:15:19.518+0000] {subprocess.py:97} INFO - Command exited with return code 0
[2023-06-11T11:15:20.048+0000] {taskinstance.py:1350} INFO - Marking task as SUCCESS. dag_id=first_dag_02, task_id=thrid_task, execution_date=20211108T000000, start_date=20230611T111515, end_date=20230611T111520
[2023-06-11T11:15:20.682+0000] {local_task_job_runner.py:225} INFO - Task exited with return code 0
[2023-06-11T11:15:21.538+0000] {taskinstance.py:2651} INFO - 0 downstream tasks scheduled from follow-on schedule check
