[2023-06-11T09:46:16.888+0000] {taskinstance.py:1103} INFO - Dependencies all met for dep_context=non-requeueable deps ti=<TaskInstance: first_dag_02.second_task scheduled__2022-06-02T00:00:00+00:00 [queued]>
[2023-06-11T09:46:17.162+0000] {taskinstance.py:1103} INFO - Dependencies all met for dep_context=requeueable deps ti=<TaskInstance: first_dag_02.second_task scheduled__2022-06-02T00:00:00+00:00 [queued]>
[2023-06-11T09:46:17.163+0000] {taskinstance.py:1308} INFO - Starting attempt 1 of 6
[2023-06-11T09:46:17.584+0000] {taskinstance.py:1327} INFO - Executing <Task(BashOperator): second_task> on 2022-06-02 00:00:00+00:00
[2023-06-11T09:46:17.674+0000] {standard_task_runner.py:57} INFO - Started process 4865 to run task
[2023-06-11T09:46:17.768+0000] {standard_task_runner.py:84} INFO - Running: ['***', 'tasks', 'run', 'first_dag_02', 'second_task', 'scheduled__2022-06-02T00:00:00+00:00', '--job-id', '1492', '--raw', '--subdir', 'DAGS_FOLDER/First_dag.py', '--cfg-path', '/tmp/tmpdux922vy']
[2023-06-11T09:46:17.769+0000] {standard_task_runner.py:85} INFO - Job 1492: Subtask second_task
[2023-06-11T09:46:18.279+0000] {task_command.py:410} INFO - Running <TaskInstance: first_dag_02.second_task scheduled__2022-06-02T00:00:00+00:00 [running]> on host 964e508aad03
[2023-06-11T09:46:21.184+0000] {taskinstance.py:1547} INFO - Exporting env vars: AIRFLOW_CTX_DAG_OWNER='Raja' AIRFLOW_CTX_DAG_ID='first_dag_02' AIRFLOW_CTX_TASK_ID='second_task' AIRFLOW_CTX_EXECUTION_DATE='2022-06-02T00:00:00+00:00' AIRFLOW_CTX_TRY_NUMBER='1' AIRFLOW_CTX_DAG_RUN_ID='scheduled__2022-06-02T00:00:00+00:00'
[2023-06-11T09:46:21.187+0000] {subprocess.py:63} INFO - Tmp dir root location: 
 /tmp
[2023-06-11T09:46:21.187+0000] {subprocess.py:75} INFO - Running command: ['/bin/bash', '-c', 'echo hey, I am task2 and will be running after task1!']
[2023-06-11T09:46:21.262+0000] {subprocess.py:86} INFO - Output:
[2023-06-11T09:46:21.285+0000] {subprocess.py:93} INFO - hey, I am task2 and will be running after task1!
[2023-06-11T09:46:21.286+0000] {subprocess.py:97} INFO - Command exited with return code 0
[2023-06-11T09:46:21.930+0000] {taskinstance.py:1350} INFO - Marking task as SUCCESS. dag_id=first_dag_02, task_id=second_task, execution_date=20220602T000000, start_date=20230611T094616, end_date=20230611T094621
[2023-06-11T09:46:22.347+0000] {local_task_job_runner.py:225} INFO - Task exited with return code 0
[2023-06-11T09:46:22.671+0000] {taskinstance.py:2651} INFO - 0 downstream tasks scheduled from follow-on schedule check
[2023-06-11T15:32:58.886+0000] {taskinstance.py:1103} INFO - Dependencies all met for dep_context=non-requeueable deps ti=<TaskInstance: first_dag_02.second_task scheduled__2022-06-02T00:00:00+00:00 [queued]>
[2023-06-11T15:32:58.920+0000] {taskinstance.py:1103} INFO - Dependencies all met for dep_context=requeueable deps ti=<TaskInstance: first_dag_02.second_task scheduled__2022-06-02T00:00:00+00:00 [queued]>
[2023-06-11T15:32:58.920+0000] {taskinstance.py:1308} INFO - Starting attempt 1 of 6
[2023-06-11T15:32:58.971+0000] {taskinstance.py:1327} INFO - Executing <Task(BashOperator): second_task> on 2022-06-02 00:00:00+00:00
[2023-06-11T15:32:59.008+0000] {standard_task_runner.py:84} INFO - Running: ['***', 'tasks', 'run', 'first_dag_02', 'second_task', 'scheduled__2022-06-02T00:00:00+00:00', '--job-id', '1518', '--raw', '--subdir', 'DAGS_FOLDER/First_dag.py', '--cfg-path', '/tmp/tmpd48pteuz']
[2023-06-11T15:32:59.018+0000] {standard_task_runner.py:85} INFO - Job 1518: Subtask second_task
[2023-06-11T15:32:59.035+0000] {standard_task_runner.py:57} INFO - Started process 1405 to run task
[2023-06-11T15:32:59.454+0000] {task_command.py:410} INFO - Running <TaskInstance: first_dag_02.second_task scheduled__2022-06-02T00:00:00+00:00 [running]> on host 7586ce0070ac
[2023-06-11T15:33:01.223+0000] {taskinstance.py:1547} INFO - Exporting env vars: AIRFLOW_CTX_DAG_OWNER='Raja' AIRFLOW_CTX_DAG_ID='first_dag_02' AIRFLOW_CTX_TASK_ID='second_task' AIRFLOW_CTX_EXECUTION_DATE='2022-06-02T00:00:00+00:00' AIRFLOW_CTX_TRY_NUMBER='1' AIRFLOW_CTX_DAG_RUN_ID='scheduled__2022-06-02T00:00:00+00:00'
[2023-06-11T15:33:01.235+0000] {subprocess.py:63} INFO - Tmp dir root location: 
 /tmp
[2023-06-11T15:33:01.240+0000] {subprocess.py:75} INFO - Running command: ['/bin/bash', '-c', 'echo hey, I am task2 and will be running after task1!']
[2023-06-11T15:33:01.312+0000] {subprocess.py:86} INFO - Output:
[2023-06-11T15:33:01.316+0000] {subprocess.py:93} INFO - hey, I am task2 and will be running after task1!
[2023-06-11T15:33:01.336+0000] {subprocess.py:97} INFO - Command exited with return code 0
[2023-06-11T15:33:01.545+0000] {taskinstance.py:1350} INFO - Marking task as SUCCESS. dag_id=first_dag_02, task_id=second_task, execution_date=20220602T000000, start_date=20230611T153258, end_date=20230611T153301
[2023-06-11T15:33:01.843+0000] {local_task_job_runner.py:225} INFO - Task exited with return code 0
[2023-06-11T15:33:02.180+0000] {taskinstance.py:2651} INFO - 0 downstream tasks scheduled from follow-on schedule check
