[2023-06-11T09:43:45.015+0000] {taskinstance.py:1103} INFO - Dependencies all met for dep_context=non-requeueable deps ti=<TaskInstance: dag_cron_expression_03.task1 scheduled__2021-12-08T03:00:00+00:00 [queued]>
[2023-06-11T09:43:45.210+0000] {taskinstance.py:1103} INFO - Dependencies all met for dep_context=requeueable deps ti=<TaskInstance: dag_cron_expression_03.task1 scheduled__2021-12-08T03:00:00+00:00 [queued]>
[2023-06-11T09:43:45.210+0000] {taskinstance.py:1308} INFO - Starting attempt 1 of 6
[2023-06-11T09:43:45.763+0000] {taskinstance.py:1327} INFO - Executing <Task(BashOperator): task1> on 2021-12-08 03:00:00+00:00
[2023-06-11T09:43:45.832+0000] {standard_task_runner.py:57} INFO - Started process 4353 to run task
[2023-06-11T09:43:45.896+0000] {standard_task_runner.py:84} INFO - Running: ['***', 'tasks', 'run', 'dag_cron_expression_03', 'task1', 'scheduled__2021-12-08T03:00:00+00:00', '--job-id', '1332', '--raw', '--subdir', 'DAGS_FOLDER/dag_corn.py', '--cfg-path', '/tmp/tmpwvevslun']
[2023-06-11T09:43:45.913+0000] {standard_task_runner.py:85} INFO - Job 1332: Subtask task1
[2023-06-11T09:43:46.990+0000] {task_command.py:410} INFO - Running <TaskInstance: dag_cron_expression_03.task1 scheduled__2021-12-08T03:00:00+00:00 [running]> on host 964e508aad03
[2023-06-11T09:43:48.051+0000] {taskinstance.py:1547} INFO - Exporting env vars: AIRFLOW_CTX_DAG_OWNER='Raja' AIRFLOW_CTX_DAG_ID='dag_cron_expression_03' AIRFLOW_CTX_TASK_ID='task1' AIRFLOW_CTX_EXECUTION_DATE='2021-12-08T03:00:00+00:00' AIRFLOW_CTX_TRY_NUMBER='1' AIRFLOW_CTX_DAG_RUN_ID='scheduled__2021-12-08T03:00:00+00:00'
[2023-06-11T09:43:48.057+0000] {subprocess.py:63} INFO - Tmp dir root location: 
 /tmp
[2023-06-11T09:43:48.058+0000] {subprocess.py:75} INFO - Running command: ['/bin/bash', '-c', 'echo dag with cron expression!']
[2023-06-11T09:43:48.173+0000] {subprocess.py:86} INFO - Output:
[2023-06-11T09:43:48.188+0000] {subprocess.py:93} INFO - dag with cron expression!
[2023-06-11T09:43:48.190+0000] {subprocess.py:97} INFO - Command exited with return code 0
[2023-06-11T09:43:48.655+0000] {taskinstance.py:1350} INFO - Marking task as SUCCESS. dag_id=dag_cron_expression_03, task_id=task1, execution_date=20211208T030000, start_date=20230611T094345, end_date=20230611T094348
[2023-06-11T09:43:49.113+0000] {local_task_job_runner.py:225} INFO - Task exited with return code 0
[2023-06-11T09:43:49.503+0000] {taskinstance.py:2651} INFO - 0 downstream tasks scheduled from follow-on schedule check
[2023-06-11T10:39:28.770+0000] {taskinstance.py:1103} INFO - Dependencies all met for dep_context=non-requeueable deps ti=<TaskInstance: dag_cron_expression_03.task1 scheduled__2021-12-08T03:00:00+00:00 [queued]>
[2023-06-11T10:39:28.867+0000] {taskinstance.py:1103} INFO - Dependencies all met for dep_context=requeueable deps ti=<TaskInstance: dag_cron_expression_03.task1 scheduled__2021-12-08T03:00:00+00:00 [queued]>
[2023-06-11T10:39:28.868+0000] {taskinstance.py:1308} INFO - Starting attempt 1 of 6
[2023-06-11T10:39:29.387+0000] {taskinstance.py:1327} INFO - Executing <Task(BashOperator): task1> on 2021-12-08 03:00:00+00:00
[2023-06-11T10:39:29.555+0000] {standard_task_runner.py:57} INFO - Started process 454 to run task
[2023-06-11T10:39:29.671+0000] {standard_task_runner.py:84} INFO - Running: ['***', 'tasks', 'run', 'dag_cron_expression_03', 'task1', 'scheduled__2021-12-08T03:00:00+00:00', '--job-id', '123', '--raw', '--subdir', 'DAGS_FOLDER/dag_corn.py', '--cfg-path', '/tmp/tmpanfdhuoy']
[2023-06-11T10:39:29.683+0000] {standard_task_runner.py:85} INFO - Job 123: Subtask task1
[2023-06-11T10:39:31.999+0000] {task_command.py:410} INFO - Running <TaskInstance: dag_cron_expression_03.task1 scheduled__2021-12-08T03:00:00+00:00 [running]> on host 7586ce0070ac
[2023-06-11T10:39:37.661+0000] {taskinstance.py:1547} INFO - Exporting env vars: AIRFLOW_CTX_DAG_OWNER='Raja' AIRFLOW_CTX_DAG_ID='dag_cron_expression_03' AIRFLOW_CTX_TASK_ID='task1' AIRFLOW_CTX_EXECUTION_DATE='2021-12-08T03:00:00+00:00' AIRFLOW_CTX_TRY_NUMBER='1' AIRFLOW_CTX_DAG_RUN_ID='scheduled__2021-12-08T03:00:00+00:00'
[2023-06-11T10:39:37.730+0000] {subprocess.py:63} INFO - Tmp dir root location: 
 /tmp
[2023-06-11T10:39:37.738+0000] {subprocess.py:75} INFO - Running command: ['/bin/bash', '-c', 'echo dag with cron expression!']
[2023-06-11T10:39:37.775+0000] {subprocess.py:86} INFO - Output:
[2023-06-11T10:39:37.783+0000] {subprocess.py:93} INFO - dag with cron expression!
[2023-06-11T10:39:37.784+0000] {subprocess.py:97} INFO - Command exited with return code 0
[2023-06-11T10:39:38.940+0000] {taskinstance.py:1350} INFO - Marking task as SUCCESS. dag_id=dag_cron_expression_03, task_id=task1, execution_date=20211208T030000, start_date=20230611T103928, end_date=20230611T103938
[2023-06-11T10:39:39.339+0000] {local_task_job_runner.py:225} INFO - Task exited with return code 0
[2023-06-11T10:39:39.964+0000] {taskinstance.py:2651} INFO - 0 downstream tasks scheduled from follow-on schedule check
