[2023-06-11T08:59:48.585+0000] {taskinstance.py:1103} INFO - Dependencies all met for dep_context=non-requeueable deps ti=<TaskInstance: first_dag_02.first_task scheduled__2022-02-14T00:00:00+00:00 [queued]>
[2023-06-11T08:59:48.823+0000] {taskinstance.py:1103} INFO - Dependencies all met for dep_context=requeueable deps ti=<TaskInstance: first_dag_02.first_task scheduled__2022-02-14T00:00:00+00:00 [queued]>
[2023-06-11T08:59:48.826+0000] {taskinstance.py:1308} INFO - Starting attempt 1 of 6
[2023-06-11T08:59:49.408+0000] {taskinstance.py:1327} INFO - Executing <Task(BashOperator): first_task> on 2022-02-14 00:00:00+00:00
[2023-06-11T08:59:49.479+0000] {standard_task_runner.py:57} INFO - Started process 3027 to run task
[2023-06-11T08:59:49.510+0000] {standard_task_runner.py:84} INFO - Running: ['***', 'tasks', 'run', 'first_dag_02', 'first_task', 'scheduled__2022-02-14T00:00:00+00:00', '--job-id', '945', '--raw', '--subdir', 'DAGS_FOLDER/First_dag.py', '--cfg-path', '/tmp/tmpphaklbcm']
[2023-06-11T08:59:49.511+0000] {standard_task_runner.py:85} INFO - Job 945: Subtask first_task
[2023-06-11T08:59:50.165+0000] {task_command.py:410} INFO - Running <TaskInstance: first_dag_02.first_task scheduled__2022-02-14T00:00:00+00:00 [running]> on host 964e508aad03
[2023-06-11T08:59:52.353+0000] {taskinstance.py:1547} INFO - Exporting env vars: AIRFLOW_CTX_DAG_OWNER='Raja' AIRFLOW_CTX_DAG_ID='first_dag_02' AIRFLOW_CTX_TASK_ID='first_task' AIRFLOW_CTX_EXECUTION_DATE='2022-02-14T00:00:00+00:00' AIRFLOW_CTX_TRY_NUMBER='1' AIRFLOW_CTX_DAG_RUN_ID='scheduled__2022-02-14T00:00:00+00:00'
[2023-06-11T08:59:52.358+0000] {subprocess.py:63} INFO - Tmp dir root location: 
 /tmp
[2023-06-11T08:59:52.358+0000] {subprocess.py:75} INFO - Running command: ['/bin/bash', '-c', 'echo hello world, this is the first task!']
[2023-06-11T08:59:52.491+0000] {subprocess.py:86} INFO - Output:
[2023-06-11T08:59:52.494+0000] {subprocess.py:93} INFO - hello world, this is the first task!
[2023-06-11T08:59:52.495+0000] {subprocess.py:97} INFO - Command exited with return code 0
[2023-06-11T08:59:52.857+0000] {taskinstance.py:1350} INFO - Marking task as SUCCESS. dag_id=first_dag_02, task_id=first_task, execution_date=20220214T000000, start_date=20230611T085948, end_date=20230611T085952
[2023-06-11T08:59:53.203+0000] {local_task_job_runner.py:225} INFO - Task exited with return code 0
[2023-06-11T08:59:53.827+0000] {taskinstance.py:2651} INFO - 0 downstream tasks scheduled from follow-on schedule check
[2023-06-11T11:33:42.894+0000] {taskinstance.py:1103} INFO - Dependencies all met for dep_context=non-requeueable deps ti=<TaskInstance: first_dag_02.first_task scheduled__2022-02-14T00:00:00+00:00 [queued]>
[2023-06-11T11:33:43.028+0000] {taskinstance.py:1103} INFO - Dependencies all met for dep_context=requeueable deps ti=<TaskInstance: first_dag_02.first_task scheduled__2022-02-14T00:00:00+00:00 [queued]>
[2023-06-11T11:33:43.035+0000] {taskinstance.py:1308} INFO - Starting attempt 1 of 6
[2023-06-11T11:33:43.234+0000] {taskinstance.py:1327} INFO - Executing <Task(BashOperator): first_task> on 2022-02-14 00:00:00+00:00
[2023-06-11T11:33:43.272+0000] {standard_task_runner.py:57} INFO - Started process 555 to run task
[2023-06-11T11:33:43.301+0000] {standard_task_runner.py:84} INFO - Running: ['***', 'tasks', 'run', 'first_dag_02', 'first_task', 'scheduled__2022-02-14T00:00:00+00:00', '--job-id', '971', '--raw', '--subdir', 'DAGS_FOLDER/First_dag.py', '--cfg-path', '/tmp/tmpbd6jsdfu']
[2023-06-11T11:33:43.302+0000] {standard_task_runner.py:85} INFO - Job 971: Subtask first_task
[2023-06-11T11:33:43.536+0000] {task_command.py:410} INFO - Running <TaskInstance: first_dag_02.first_task scheduled__2022-02-14T00:00:00+00:00 [running]> on host 7586ce0070ac
[2023-06-11T11:33:44.485+0000] {taskinstance.py:1547} INFO - Exporting env vars: AIRFLOW_CTX_DAG_OWNER='Raja' AIRFLOW_CTX_DAG_ID='first_dag_02' AIRFLOW_CTX_TASK_ID='first_task' AIRFLOW_CTX_EXECUTION_DATE='2022-02-14T00:00:00+00:00' AIRFLOW_CTX_TRY_NUMBER='1' AIRFLOW_CTX_DAG_RUN_ID='scheduled__2022-02-14T00:00:00+00:00'
[2023-06-11T11:33:44.497+0000] {subprocess.py:63} INFO - Tmp dir root location: 
 /tmp
[2023-06-11T11:33:44.499+0000] {subprocess.py:75} INFO - Running command: ['/bin/bash', '-c', 'echo hello world, this is the first task!']
[2023-06-11T11:33:44.626+0000] {subprocess.py:86} INFO - Output:
[2023-06-11T11:33:44.661+0000] {subprocess.py:93} INFO - hello world, this is the first task!
[2023-06-11T11:33:44.670+0000] {subprocess.py:97} INFO - Command exited with return code 0
[2023-06-11T11:33:45.049+0000] {taskinstance.py:1350} INFO - Marking task as SUCCESS. dag_id=first_dag_02, task_id=first_task, execution_date=20220214T000000, start_date=20230611T113342, end_date=20230611T113345
[2023-06-11T11:33:45.150+0000] {local_task_job_runner.py:225} INFO - Task exited with return code 0
[2023-06-11T11:33:45.438+0000] {taskinstance.py:2651} INFO - 2 downstream tasks scheduled from follow-on schedule check
