[2023-06-11T08:58:11.519+0000] {taskinstance.py:1103} INFO - Dependencies all met for dep_context=non-requeueable deps ti=<TaskInstance: first_dag_02.second_task scheduled__2022-01-15T00:00:00+00:00 [queued]>
[2023-06-11T08:58:11.781+0000] {taskinstance.py:1103} INFO - Dependencies all met for dep_context=requeueable deps ti=<TaskInstance: first_dag_02.second_task scheduled__2022-01-15T00:00:00+00:00 [queued]>
[2023-06-11T08:58:11.784+0000] {taskinstance.py:1308} INFO - Starting attempt 1 of 6
[2023-06-11T08:58:12.158+0000] {taskinstance.py:1327} INFO - Executing <Task(BashOperator): second_task> on 2022-01-15 00:00:00+00:00
[2023-06-11T08:58:12.242+0000] {standard_task_runner.py:84} INFO - Running: ['***', 'tasks', 'run', 'first_dag_02', 'second_task', 'scheduled__2022-01-15T00:00:00+00:00', '--job-id', '828', '--raw', '--subdir', 'DAGS_FOLDER/First_dag.py', '--cfg-path', '/tmp/tmp_325oe_j']
[2023-06-11T08:58:12.249+0000] {standard_task_runner.py:57} INFO - Started process 2659 to run task
[2023-06-11T08:58:12.264+0000] {standard_task_runner.py:85} INFO - Job 828: Subtask second_task
[2023-06-11T08:58:12.674+0000] {task_command.py:410} INFO - Running <TaskInstance: first_dag_02.second_task scheduled__2022-01-15T00:00:00+00:00 [running]> on host 964e508aad03
[2023-06-11T08:58:14.140+0000] {taskinstance.py:1547} INFO - Exporting env vars: AIRFLOW_CTX_DAG_OWNER='Raja' AIRFLOW_CTX_DAG_ID='first_dag_02' AIRFLOW_CTX_TASK_ID='second_task' AIRFLOW_CTX_EXECUTION_DATE='2022-01-15T00:00:00+00:00' AIRFLOW_CTX_TRY_NUMBER='1' AIRFLOW_CTX_DAG_RUN_ID='scheduled__2022-01-15T00:00:00+00:00'
[2023-06-11T08:58:14.143+0000] {subprocess.py:63} INFO - Tmp dir root location: 
 /tmp
[2023-06-11T08:58:14.143+0000] {subprocess.py:75} INFO - Running command: ['/bin/bash', '-c', 'echo hey, I am task2 and will be running after task1!']
[2023-06-11T08:58:14.292+0000] {subprocess.py:86} INFO - Output:
[2023-06-11T08:58:14.295+0000] {subprocess.py:93} INFO - hey, I am task2 and will be running after task1!
[2023-06-11T08:58:14.312+0000] {subprocess.py:97} INFO - Command exited with return code 0
[2023-06-11T08:58:14.559+0000] {taskinstance.py:1350} INFO - Marking task as SUCCESS. dag_id=first_dag_02, task_id=second_task, execution_date=20220115T000000, start_date=20230611T085811, end_date=20230611T085814
[2023-06-11T08:58:14.645+0000] {local_task_job_runner.py:225} INFO - Task exited with return code 0
[2023-06-11T08:58:14.801+0000] {taskinstance.py:2651} INFO - 0 downstream tasks scheduled from follow-on schedule check
[2023-06-11T11:29:43.516+0000] {taskinstance.py:1103} INFO - Dependencies all met for dep_context=non-requeueable deps ti=<TaskInstance: first_dag_02.second_task scheduled__2022-01-15T00:00:00+00:00 [queued]>
[2023-06-11T11:29:44.101+0000] {taskinstance.py:1103} INFO - Dependencies all met for dep_context=requeueable deps ti=<TaskInstance: first_dag_02.second_task scheduled__2022-01-15T00:00:00+00:00 [queued]>
[2023-06-11T11:29:44.102+0000] {taskinstance.py:1308} INFO - Starting attempt 1 of 6
[2023-06-11T11:29:45.332+0000] {taskinstance.py:1327} INFO - Executing <Task(BashOperator): second_task> on 2022-01-15 00:00:00+00:00
[2023-06-11T11:29:45.428+0000] {standard_task_runner.py:84} INFO - Running: ['***', 'tasks', 'run', 'first_dag_02', 'second_task', 'scheduled__2022-01-15T00:00:00+00:00', '--job-id', '860', '--raw', '--subdir', 'DAGS_FOLDER/First_dag.py', '--cfg-path', '/tmp/tmpix0t_ecx']
[2023-06-11T11:29:45.429+0000] {standard_task_runner.py:85} INFO - Job 860: Subtask second_task
[2023-06-11T11:29:45.469+0000] {standard_task_runner.py:57} INFO - Started process 169 to run task
[2023-06-11T11:29:46.765+0000] {task_command.py:410} INFO - Running <TaskInstance: first_dag_02.second_task scheduled__2022-01-15T00:00:00+00:00 [running]> on host 7586ce0070ac
[2023-06-11T11:29:48.735+0000] {taskinstance.py:1547} INFO - Exporting env vars: AIRFLOW_CTX_DAG_OWNER='Raja' AIRFLOW_CTX_DAG_ID='first_dag_02' AIRFLOW_CTX_TASK_ID='second_task' AIRFLOW_CTX_EXECUTION_DATE='2022-01-15T00:00:00+00:00' AIRFLOW_CTX_TRY_NUMBER='1' AIRFLOW_CTX_DAG_RUN_ID='scheduled__2022-01-15T00:00:00+00:00'
[2023-06-11T11:29:48.759+0000] {subprocess.py:63} INFO - Tmp dir root location: 
 /tmp
[2023-06-11T11:29:48.768+0000] {subprocess.py:75} INFO - Running command: ['/bin/bash', '-c', 'echo hey, I am task2 and will be running after task1!']
[2023-06-11T11:29:48.828+0000] {subprocess.py:86} INFO - Output:
[2023-06-11T11:29:48.842+0000] {subprocess.py:93} INFO - hey, I am task2 and will be running after task1!
[2023-06-11T11:29:48.846+0000] {subprocess.py:97} INFO - Command exited with return code 0
[2023-06-11T11:29:49.114+0000] {taskinstance.py:1350} INFO - Marking task as SUCCESS. dag_id=first_dag_02, task_id=second_task, execution_date=20220115T000000, start_date=20230611T112943, end_date=20230611T112949
[2023-06-11T11:29:49.377+0000] {local_task_job_runner.py:225} INFO - Task exited with return code 0
[2023-06-11T11:29:49.546+0000] {taskinstance.py:2651} INFO - 0 downstream tasks scheduled from follow-on schedule check
