[2023-06-11T09:48:52.371+0000] {taskinstance.py:1103} INFO - Dependencies all met for dep_context=non-requeueable deps ti=<TaskInstance: first_dag_02.first_task scheduled__2022-07-10T00:00:00+00:00 [queued]>
[2023-06-11T09:48:53.627+0000] {taskinstance.py:1103} INFO - Dependencies all met for dep_context=requeueable deps ti=<TaskInstance: first_dag_02.first_task scheduled__2022-07-10T00:00:00+00:00 [queued]>
[2023-06-11T09:48:53.688+0000] {taskinstance.py:1308} INFO - Starting attempt 1 of 6
[2023-06-11T09:48:54.739+0000] {taskinstance.py:1327} INFO - Executing <Task(BashOperator): first_task> on 2022-07-10 00:00:00+00:00
[2023-06-11T09:48:54.874+0000] {standard_task_runner.py:57} INFO - Started process 5289 to run task
[2023-06-11T09:48:54.987+0000] {standard_task_runner.py:84} INFO - Running: ['***', 'tasks', 'run', 'first_dag_02', 'first_task', 'scheduled__2022-07-10T00:00:00+00:00', '--job-id', '1623', '--raw', '--subdir', 'DAGS_FOLDER/First_dag.py', '--cfg-path', '/tmp/tmpyf6mcwk6']
[2023-06-11T09:48:54.988+0000] {standard_task_runner.py:85} INFO - Job 1623: Subtask first_task
[2023-06-11T09:48:56.300+0000] {task_command.py:410} INFO - Running <TaskInstance: first_dag_02.first_task scheduled__2022-07-10T00:00:00+00:00 [running]> on host 964e508aad03
[2023-06-11T09:49:01.351+0000] {taskinstance.py:1547} INFO - Exporting env vars: AIRFLOW_CTX_DAG_OWNER='Raja' AIRFLOW_CTX_DAG_ID='first_dag_02' AIRFLOW_CTX_TASK_ID='first_task' AIRFLOW_CTX_EXECUTION_DATE='2022-07-10T00:00:00+00:00' AIRFLOW_CTX_TRY_NUMBER='1' AIRFLOW_CTX_DAG_RUN_ID='scheduled__2022-07-10T00:00:00+00:00'
[2023-06-11T09:49:01.667+0000] {subprocess.py:63} INFO - Tmp dir root location: 
 /tmp
[2023-06-11T09:49:01.755+0000] {subprocess.py:75} INFO - Running command: ['/bin/bash', '-c', 'echo hello world, this is the first task!']
[2023-06-11T09:49:02.337+0000] {subprocess.py:86} INFO - Output:
[2023-06-11T09:49:02.400+0000] {subprocess.py:93} INFO - hello world, this is the first task!
[2023-06-11T09:49:02.400+0000] {subprocess.py:97} INFO - Command exited with return code 0
[2023-06-11T09:49:04.623+0000] {taskinstance.py:1350} INFO - Marking task as SUCCESS. dag_id=first_dag_02, task_id=first_task, execution_date=20220710T000000, start_date=20230611T094852, end_date=20230611T094904
[2023-06-11T09:49:06.038+0000] {local_task_job_runner.py:225} INFO - Task exited with return code 0
[2023-06-11T09:49:06.461+0000] {taskinstance.py:2651} INFO - 2 downstream tasks scheduled from follow-on schedule check
[2023-06-11T15:35:24.101+0000] {taskinstance.py:1103} INFO - Dependencies all met for dep_context=non-requeueable deps ti=<TaskInstance: first_dag_02.first_task scheduled__2022-07-10T00:00:00+00:00 [queued]>
[2023-06-11T15:35:24.268+0000] {taskinstance.py:1103} INFO - Dependencies all met for dep_context=requeueable deps ti=<TaskInstance: first_dag_02.first_task scheduled__2022-07-10T00:00:00+00:00 [queued]>
[2023-06-11T15:35:24.276+0000] {taskinstance.py:1308} INFO - Starting attempt 1 of 6
[2023-06-11T15:35:25.021+0000] {taskinstance.py:1327} INFO - Executing <Task(BashOperator): first_task> on 2022-07-10 00:00:00+00:00
[2023-06-11T15:35:25.069+0000] {standard_task_runner.py:57} INFO - Started process 1928 to run task
[2023-06-11T15:35:25.162+0000] {standard_task_runner.py:84} INFO - Running: ['***', 'tasks', 'run', 'first_dag_02', 'first_task', 'scheduled__2022-07-10T00:00:00+00:00', '--job-id', '1680', '--raw', '--subdir', 'DAGS_FOLDER/First_dag.py', '--cfg-path', '/tmp/tmpptogj5t2']
[2023-06-11T15:35:25.201+0000] {standard_task_runner.py:85} INFO - Job 1680: Subtask first_task
[2023-06-11T15:35:26.085+0000] {task_command.py:410} INFO - Running <TaskInstance: first_dag_02.first_task scheduled__2022-07-10T00:00:00+00:00 [running]> on host 7586ce0070ac
[2023-06-11T15:35:28.601+0000] {taskinstance.py:1547} INFO - Exporting env vars: AIRFLOW_CTX_DAG_OWNER='Raja' AIRFLOW_CTX_DAG_ID='first_dag_02' AIRFLOW_CTX_TASK_ID='first_task' AIRFLOW_CTX_EXECUTION_DATE='2022-07-10T00:00:00+00:00' AIRFLOW_CTX_TRY_NUMBER='1' AIRFLOW_CTX_DAG_RUN_ID='scheduled__2022-07-10T00:00:00+00:00'
[2023-06-11T15:35:28.614+0000] {subprocess.py:63} INFO - Tmp dir root location: 
 /tmp
[2023-06-11T15:35:28.615+0000] {subprocess.py:75} INFO - Running command: ['/bin/bash', '-c', 'echo hello world, this is the first task!']
[2023-06-11T15:35:28.956+0000] {subprocess.py:86} INFO - Output:
[2023-06-11T15:35:29.016+0000] {subprocess.py:93} INFO - hello world, this is the first task!
[2023-06-11T15:35:29.016+0000] {subprocess.py:97} INFO - Command exited with return code 0
[2023-06-11T15:35:29.221+0000] {taskinstance.py:1350} INFO - Marking task as SUCCESS. dag_id=first_dag_02, task_id=first_task, execution_date=20220710T000000, start_date=20230611T153524, end_date=20230611T153529
[2023-06-11T15:35:29.532+0000] {local_task_job_runner.py:225} INFO - Task exited with return code 0
[2023-06-11T15:35:29.980+0000] {taskinstance.py:2651} INFO - 2 downstream tasks scheduled from follow-on schedule check
