[2023-06-11T09:46:11.832+0000] {taskinstance.py:1103} INFO - Dependencies all met for dep_context=non-requeueable deps ti=<TaskInstance: dag_cron_expression_03.task1 scheduled__2022-02-19T03:00:00+00:00 [queued]>
[2023-06-11T09:46:12.074+0000] {taskinstance.py:1103} INFO - Dependencies all met for dep_context=requeueable deps ti=<TaskInstance: dag_cron_expression_03.task1 scheduled__2022-02-19T03:00:00+00:00 [queued]>
[2023-06-11T09:46:12.074+0000] {taskinstance.py:1308} INFO - Starting attempt 1 of 6
[2023-06-11T09:46:12.711+0000] {taskinstance.py:1327} INFO - Executing <Task(BashOperator): task1> on 2022-02-19 03:00:00+00:00
[2023-06-11T09:46:12.753+0000] {standard_task_runner.py:57} INFO - Started process 4847 to run task
[2023-06-11T09:46:12.835+0000] {standard_task_runner.py:84} INFO - Running: ['***', 'tasks', 'run', 'dag_cron_expression_03', 'task1', 'scheduled__2022-02-19T03:00:00+00:00', '--job-id', '1484', '--raw', '--subdir', 'DAGS_FOLDER/dag_corn.py', '--cfg-path', '/tmp/tmpvqwryiiv']
[2023-06-11T09:46:12.835+0000] {standard_task_runner.py:85} INFO - Job 1484: Subtask task1
[2023-06-11T09:46:13.606+0000] {task_command.py:410} INFO - Running <TaskInstance: dag_cron_expression_03.task1 scheduled__2022-02-19T03:00:00+00:00 [running]> on host 964e508aad03
[2023-06-11T09:46:15.520+0000] {taskinstance.py:1547} INFO - Exporting env vars: AIRFLOW_CTX_DAG_OWNER='Raja' AIRFLOW_CTX_DAG_ID='dag_cron_expression_03' AIRFLOW_CTX_TASK_ID='task1' AIRFLOW_CTX_EXECUTION_DATE='2022-02-19T03:00:00+00:00' AIRFLOW_CTX_TRY_NUMBER='1' AIRFLOW_CTX_DAG_RUN_ID='scheduled__2022-02-19T03:00:00+00:00'
[2023-06-11T09:46:15.524+0000] {subprocess.py:63} INFO - Tmp dir root location: 
 /tmp
[2023-06-11T09:46:15.525+0000] {subprocess.py:75} INFO - Running command: ['/bin/bash', '-c', 'echo dag with cron expression!']
[2023-06-11T09:46:15.630+0000] {subprocess.py:86} INFO - Output:
[2023-06-11T09:46:15.653+0000] {subprocess.py:93} INFO - dag with cron expression!
[2023-06-11T09:46:15.654+0000] {subprocess.py:97} INFO - Command exited with return code 0
[2023-06-11T09:46:15.995+0000] {taskinstance.py:1350} INFO - Marking task as SUCCESS. dag_id=dag_cron_expression_03, task_id=task1, execution_date=20220219T030000, start_date=20230611T094611, end_date=20230611T094615
[2023-06-11T09:46:16.535+0000] {local_task_job_runner.py:225} INFO - Task exited with return code 0
[2023-06-11T09:46:17.088+0000] {taskinstance.py:2651} INFO - 0 downstream tasks scheduled from follow-on schedule check
[2023-06-11T10:57:10.941+0000] {taskinstance.py:1103} INFO - Dependencies all met for dep_context=non-requeueable deps ti=<TaskInstance: dag_cron_expression_03.task1 scheduled__2022-02-19T03:00:00+00:00 [queued]>
[2023-06-11T10:57:11.453+0000] {taskinstance.py:1103} INFO - Dependencies all met for dep_context=requeueable deps ti=<TaskInstance: dag_cron_expression_03.task1 scheduled__2022-02-19T03:00:00+00:00 [queued]>
[2023-06-11T10:57:11.454+0000] {taskinstance.py:1308} INFO - Starting attempt 1 of 6
[2023-06-11T10:57:12.997+0000] {taskinstance.py:1327} INFO - Executing <Task(BashOperator): task1> on 2022-02-19 03:00:00+00:00
[2023-06-11T10:57:13.099+0000] {standard_task_runner.py:57} INFO - Started process 1204 to run task
[2023-06-11T10:57:13.133+0000] {standard_task_runner.py:84} INFO - Running: ['***', 'tasks', 'run', 'dag_cron_expression_03', 'task1', 'scheduled__2022-02-19T03:00:00+00:00', '--job-id', '327', '--raw', '--subdir', 'DAGS_FOLDER/dag_cron.py', '--cfg-path', '/tmp/tmp78sv232_']
[2023-06-11T10:57:13.134+0000] {standard_task_runner.py:85} INFO - Job 327: Subtask task1
[2023-06-11T10:57:14.820+0000] {task_command.py:410} INFO - Running <TaskInstance: dag_cron_expression_03.task1 scheduled__2022-02-19T03:00:00+00:00 [running]> on host 7586ce0070ac
[2023-06-11T10:57:17.334+0000] {taskinstance.py:1547} INFO - Exporting env vars: AIRFLOW_CTX_DAG_OWNER='Raja' AIRFLOW_CTX_DAG_ID='dag_cron_expression_03' AIRFLOW_CTX_TASK_ID='task1' AIRFLOW_CTX_EXECUTION_DATE='2022-02-19T03:00:00+00:00' AIRFLOW_CTX_TRY_NUMBER='1' AIRFLOW_CTX_DAG_RUN_ID='scheduled__2022-02-19T03:00:00+00:00'
[2023-06-11T10:57:17.389+0000] {subprocess.py:63} INFO - Tmp dir root location: 
 /tmp
[2023-06-11T10:57:17.537+0000] {subprocess.py:75} INFO - Running command: ['/bin/bash', '-c', 'echo dag with cron expression!']
[2023-06-11T10:57:17.927+0000] {subprocess.py:86} INFO - Output:
[2023-06-11T10:57:18.254+0000] {subprocess.py:93} INFO - dag with cron expression!
[2023-06-11T10:57:18.257+0000] {subprocess.py:97} INFO - Command exited with return code 0
[2023-06-11T10:57:19.442+0000] {taskinstance.py:1350} INFO - Marking task as SUCCESS. dag_id=dag_cron_expression_03, task_id=task1, execution_date=20220219T030000, start_date=20230611T105710, end_date=20230611T105719
[2023-06-11T10:57:20.499+0000] {local_task_job_runner.py:225} INFO - Task exited with return code 0
[2023-06-11T10:57:20.977+0000] {taskinstance.py:2651} INFO - 0 downstream tasks scheduled from follow-on schedule check
