[2023-06-11T09:48:23.767+0000] {taskinstance.py:1103} INFO - Dependencies all met for dep_context=non-requeueable deps ti=<TaskInstance: first_dag_02.first_task scheduled__2022-07-03T00:00:00+00:00 [queued]>
[2023-06-11T09:48:24.381+0000] {taskinstance.py:1103} INFO - Dependencies all met for dep_context=requeueable deps ti=<TaskInstance: first_dag_02.first_task scheduled__2022-07-03T00:00:00+00:00 [queued]>
[2023-06-11T09:48:24.382+0000] {taskinstance.py:1308} INFO - Starting attempt 1 of 6
[2023-06-11T09:48:25.307+0000] {taskinstance.py:1327} INFO - Executing <Task(BashOperator): first_task> on 2022-07-03 00:00:00+00:00
[2023-06-11T09:48:25.585+0000] {standard_task_runner.py:57} INFO - Started process 5237 to run task
[2023-06-11T09:48:25.610+0000] {standard_task_runner.py:84} INFO - Running: ['***', 'tasks', 'run', 'first_dag_02', 'first_task', 'scheduled__2022-07-03T00:00:00+00:00', '--job-id', '1607', '--raw', '--subdir', 'DAGS_FOLDER/First_dag.py', '--cfg-path', '/tmp/tmpsb5st7p1']
[2023-06-11T09:48:25.611+0000] {standard_task_runner.py:85} INFO - Job 1607: Subtask first_task
[2023-06-11T09:48:27.654+0000] {task_command.py:410} INFO - Running <TaskInstance: first_dag_02.first_task scheduled__2022-07-03T00:00:00+00:00 [running]> on host 964e508aad03
[2023-06-11T09:48:32.809+0000] {taskinstance.py:1547} INFO - Exporting env vars: AIRFLOW_CTX_DAG_OWNER='Raja' AIRFLOW_CTX_DAG_ID='first_dag_02' AIRFLOW_CTX_TASK_ID='first_task' AIRFLOW_CTX_EXECUTION_DATE='2022-07-03T00:00:00+00:00' AIRFLOW_CTX_TRY_NUMBER='1' AIRFLOW_CTX_DAG_RUN_ID='scheduled__2022-07-03T00:00:00+00:00'
[2023-06-11T09:48:32.853+0000] {subprocess.py:63} INFO - Tmp dir root location: 
 /tmp
[2023-06-11T09:48:32.854+0000] {subprocess.py:75} INFO - Running command: ['/bin/bash', '-c', 'echo hello world, this is the first task!']
[2023-06-11T09:48:33.405+0000] {subprocess.py:86} INFO - Output:
[2023-06-11T09:48:33.471+0000] {subprocess.py:93} INFO - hello world, this is the first task!
[2023-06-11T09:48:33.476+0000] {subprocess.py:97} INFO - Command exited with return code 0
[2023-06-11T09:48:34.579+0000] {taskinstance.py:1350} INFO - Marking task as SUCCESS. dag_id=first_dag_02, task_id=first_task, execution_date=20220703T000000, start_date=20230611T094823, end_date=20230611T094834
[2023-06-11T09:48:35.436+0000] {local_task_job_runner.py:225} INFO - Task exited with return code 0
[2023-06-11T09:48:36.479+0000] {taskinstance.py:2651} INFO - 0 downstream tasks scheduled from follow-on schedule check
[2023-06-11T15:34:29.696+0000] {taskinstance.py:1103} INFO - Dependencies all met for dep_context=non-requeueable deps ti=<TaskInstance: first_dag_02.first_task scheduled__2022-07-03T00:00:00+00:00 [queued]>
[2023-06-11T15:34:29.750+0000] {taskinstance.py:1103} INFO - Dependencies all met for dep_context=requeueable deps ti=<TaskInstance: first_dag_02.first_task scheduled__2022-07-03T00:00:00+00:00 [queued]>
[2023-06-11T15:34:29.750+0000] {taskinstance.py:1308} INFO - Starting attempt 1 of 6
[2023-06-11T15:34:29.891+0000] {taskinstance.py:1327} INFO - Executing <Task(BashOperator): first_task> on 2022-07-03 00:00:00+00:00
[2023-06-11T15:34:29.908+0000] {standard_task_runner.py:57} INFO - Started process 1731 to run task
[2023-06-11T15:34:29.948+0000] {standard_task_runner.py:84} INFO - Running: ['***', 'tasks', 'run', 'first_dag_02', 'first_task', 'scheduled__2022-07-03T00:00:00+00:00', '--job-id', '1619', '--raw', '--subdir', 'DAGS_FOLDER/First_dag.py', '--cfg-path', '/tmp/tmphcrf7cal']
[2023-06-11T15:34:29.949+0000] {standard_task_runner.py:85} INFO - Job 1619: Subtask first_task
[2023-06-11T15:34:30.734+0000] {task_command.py:410} INFO - Running <TaskInstance: first_dag_02.first_task scheduled__2022-07-03T00:00:00+00:00 [running]> on host 7586ce0070ac
[2023-06-11T15:34:32.337+0000] {taskinstance.py:1547} INFO - Exporting env vars: AIRFLOW_CTX_DAG_OWNER='Raja' AIRFLOW_CTX_DAG_ID='first_dag_02' AIRFLOW_CTX_TASK_ID='first_task' AIRFLOW_CTX_EXECUTION_DATE='2022-07-03T00:00:00+00:00' AIRFLOW_CTX_TRY_NUMBER='1' AIRFLOW_CTX_DAG_RUN_ID='scheduled__2022-07-03T00:00:00+00:00'
[2023-06-11T15:34:32.340+0000] {subprocess.py:63} INFO - Tmp dir root location: 
 /tmp
[2023-06-11T15:34:32.341+0000] {subprocess.py:75} INFO - Running command: ['/bin/bash', '-c', 'echo hello world, this is the first task!']
[2023-06-11T15:34:32.504+0000] {subprocess.py:86} INFO - Output:
[2023-06-11T15:34:32.513+0000] {subprocess.py:93} INFO - hello world, this is the first task!
[2023-06-11T15:34:32.514+0000] {subprocess.py:97} INFO - Command exited with return code 0
[2023-06-11T15:34:32.660+0000] {taskinstance.py:1350} INFO - Marking task as SUCCESS. dag_id=first_dag_02, task_id=first_task, execution_date=20220703T000000, start_date=20230611T153429, end_date=20230611T153432
[2023-06-11T15:34:33.251+0000] {local_task_job_runner.py:225} INFO - Task exited with return code 0
[2023-06-11T15:34:33.852+0000] {taskinstance.py:2651} INFO - 2 downstream tasks scheduled from follow-on schedule check
