[2023-06-11T08:55:15.581+0000] {taskinstance.py:1103} INFO - Dependencies all met for dep_context=non-requeueable deps ti=<TaskInstance: first_dag_02.first_task scheduled__2021-12-05T00:00:00+00:00 [queued]>
[2023-06-11T08:55:15.877+0000] {taskinstance.py:1103} INFO - Dependencies all met for dep_context=requeueable deps ti=<TaskInstance: first_dag_02.first_task scheduled__2021-12-05T00:00:00+00:00 [queued]>
[2023-06-11T08:55:15.878+0000] {taskinstance.py:1308} INFO - Starting attempt 1 of 6
[2023-06-11T08:55:16.423+0000] {taskinstance.py:1327} INFO - Executing <Task(BashOperator): first_task> on 2021-12-05 00:00:00+00:00
[2023-06-11T08:55:16.489+0000] {standard_task_runner.py:84} INFO - Running: ['***', 'tasks', 'run', 'first_dag_02', 'first_task', 'scheduled__2021-12-05T00:00:00+00:00', '--job-id', '615', '--raw', '--subdir', 'DAGS_FOLDER/First_dag.py', '--cfg-path', '/tmp/tmpys2ub6ly']
[2023-06-11T08:55:16.490+0000] {standard_task_runner.py:85} INFO - Job 615: Subtask first_task
[2023-06-11T08:55:16.464+0000] {standard_task_runner.py:57} INFO - Started process 1983 to run task
[2023-06-11T08:55:17.200+0000] {task_command.py:410} INFO - Running <TaskInstance: first_dag_02.first_task scheduled__2021-12-05T00:00:00+00:00 [running]> on host 964e508aad03
[2023-06-11T08:55:19.320+0000] {taskinstance.py:1547} INFO - Exporting env vars: AIRFLOW_CTX_DAG_OWNER='Raja' AIRFLOW_CTX_DAG_ID='first_dag_02' AIRFLOW_CTX_TASK_ID='first_task' AIRFLOW_CTX_EXECUTION_DATE='2021-12-05T00:00:00+00:00' AIRFLOW_CTX_TRY_NUMBER='1' AIRFLOW_CTX_DAG_RUN_ID='scheduled__2021-12-05T00:00:00+00:00'
[2023-06-11T08:55:19.353+0000] {subprocess.py:63} INFO - Tmp dir root location: 
 /tmp
[2023-06-11T08:55:19.353+0000] {subprocess.py:75} INFO - Running command: ['/bin/bash', '-c', 'echo hello world, this is the first task!']
[2023-06-11T08:55:19.480+0000] {subprocess.py:86} INFO - Output:
[2023-06-11T08:55:19.492+0000] {subprocess.py:93} INFO - hello world, this is the first task!
[2023-06-11T08:55:19.500+0000] {subprocess.py:97} INFO - Command exited with return code 0
[2023-06-11T08:55:20.075+0000] {taskinstance.py:1350} INFO - Marking task as SUCCESS. dag_id=first_dag_02, task_id=first_task, execution_date=20211205T000000, start_date=20230611T085515, end_date=20230611T085520
[2023-06-11T08:55:20.747+0000] {local_task_job_runner.py:225} INFO - Task exited with return code 0
[2023-06-11T08:55:21.078+0000] {taskinstance.py:2651} INFO - 0 downstream tasks scheduled from follow-on schedule check
[2023-06-11T11:18:03.102+0000] {taskinstance.py:1103} INFO - Dependencies all met for dep_context=non-requeueable deps ti=<TaskInstance: first_dag_02.first_task scheduled__2021-12-05T00:00:00+00:00 [queued]>
[2023-06-11T11:18:03.350+0000] {taskinstance.py:1103} INFO - Dependencies all met for dep_context=requeueable deps ti=<TaskInstance: first_dag_02.first_task scheduled__2021-12-05T00:00:00+00:00 [queued]>
[2023-06-11T11:18:03.358+0000] {taskinstance.py:1308} INFO - Starting attempt 1 of 6
[2023-06-11T11:18:03.933+0000] {taskinstance.py:1327} INFO - Executing <Task(BashOperator): first_task> on 2021-12-05 00:00:00+00:00
[2023-06-11T11:18:04.089+0000] {standard_task_runner.py:57} INFO - Started process 657 to run task
[2023-06-11T11:18:04.224+0000] {standard_task_runner.py:84} INFO - Running: ['***', 'tasks', 'run', 'first_dag_02', 'first_task', 'scheduled__2021-12-05T00:00:00+00:00', '--job-id', '656', '--raw', '--subdir', 'DAGS_FOLDER/First_dag.py', '--cfg-path', '/tmp/tmpevxo9wgb']
[2023-06-11T11:18:04.225+0000] {standard_task_runner.py:85} INFO - Job 656: Subtask first_task
[2023-06-11T11:18:05.535+0000] {task_command.py:410} INFO - Running <TaskInstance: first_dag_02.first_task scheduled__2021-12-05T00:00:00+00:00 [running]> on host 7586ce0070ac
[2023-06-11T11:18:08.489+0000] {taskinstance.py:1547} INFO - Exporting env vars: AIRFLOW_CTX_DAG_OWNER='Raja' AIRFLOW_CTX_DAG_ID='first_dag_02' AIRFLOW_CTX_TASK_ID='first_task' AIRFLOW_CTX_EXECUTION_DATE='2021-12-05T00:00:00+00:00' AIRFLOW_CTX_TRY_NUMBER='1' AIRFLOW_CTX_DAG_RUN_ID='scheduled__2021-12-05T00:00:00+00:00'
[2023-06-11T11:18:08.511+0000] {subprocess.py:63} INFO - Tmp dir root location: 
 /tmp
[2023-06-11T11:18:08.556+0000] {subprocess.py:75} INFO - Running command: ['/bin/bash', '-c', 'echo hello world, this is the first task!']
[2023-06-11T11:18:08.995+0000] {subprocess.py:86} INFO - Output:
[2023-06-11T11:18:09.016+0000] {subprocess.py:93} INFO - hello world, this is the first task!
[2023-06-11T11:18:09.016+0000] {subprocess.py:97} INFO - Command exited with return code 0
[2023-06-11T11:18:10.389+0000] {taskinstance.py:1350} INFO - Marking task as SUCCESS. dag_id=first_dag_02, task_id=first_task, execution_date=20211205T000000, start_date=20230611T111803, end_date=20230611T111810
[2023-06-11T11:18:11.367+0000] {local_task_job_runner.py:225} INFO - Task exited with return code 0
[2023-06-11T11:18:12.663+0000] {taskinstance.py:2651} INFO - 2 downstream tasks scheduled from follow-on schedule check
