[2023-06-11T09:03:12.095+0000] {taskinstance.py:1103} INFO - Dependencies all met for dep_context=non-requeueable deps ti=<TaskInstance: first_dag_02.second_task scheduled__2022-03-14T00:00:00+00:00 [queued]>
[2023-06-11T09:03:12.694+0000] {taskinstance.py:1103} INFO - Dependencies all met for dep_context=requeueable deps ti=<TaskInstance: first_dag_02.second_task scheduled__2022-03-14T00:00:00+00:00 [queued]>
[2023-06-11T09:03:12.694+0000] {taskinstance.py:1308} INFO - Starting attempt 1 of 6
[2023-06-11T09:03:15.166+0000] {taskinstance.py:1327} INFO - Executing <Task(BashOperator): second_task> on 2022-03-14 00:00:00+00:00
[2023-06-11T09:03:15.529+0000] {standard_task_runner.py:57} INFO - Started process 3576 to run task
[2023-06-11T09:03:15.661+0000] {standard_task_runner.py:84} INFO - Running: ['***', 'tasks', 'run', 'first_dag_02', 'second_task', 'scheduled__2022-03-14T00:00:00+00:00', '--job-id', '1112', '--raw', '--subdir', 'DAGS_FOLDER/First_dag.py', '--cfg-path', '/tmp/tmpehs250q9']
[2023-06-11T09:03:15.674+0000] {standard_task_runner.py:85} INFO - Job 1112: Subtask second_task
[2023-06-11T09:03:18.219+0000] {task_command.py:410} INFO - Running <TaskInstance: first_dag_02.second_task scheduled__2022-03-14T00:00:00+00:00 [running]> on host 964e508aad03
[2023-06-11T09:36:53.368+0000] {taskinstance.py:1547} INFO - Exporting env vars: AIRFLOW_CTX_DAG_OWNER='Raja' AIRFLOW_CTX_DAG_ID='first_dag_02' AIRFLOW_CTX_TASK_ID='second_task' AIRFLOW_CTX_EXECUTION_DATE='2022-03-14T00:00:00+00:00' AIRFLOW_CTX_TRY_NUMBER='1' AIRFLOW_CTX_DAG_RUN_ID='scheduled__2022-03-14T00:00:00+00:00'
[2023-06-11T09:36:53.370+0000] {subprocess.py:63} INFO - Tmp dir root location: 
 /tmp
[2023-06-11T09:36:53.371+0000] {subprocess.py:75} INFO - Running command: ['/bin/bash', '-c', 'echo hey, I am task2 and will be running after task1!']
[2023-06-11T09:36:53.403+0000] {subprocess.py:86} INFO - Output:
[2023-06-11T09:36:53.406+0000] {subprocess.py:93} INFO - hey, I am task2 and will be running after task1!
[2023-06-11T09:36:53.407+0000] {subprocess.py:97} INFO - Command exited with return code 0
[2023-06-11T09:36:53.893+0000] {taskinstance.py:1350} INFO - Marking task as SUCCESS. dag_id=first_dag_02, task_id=second_task, execution_date=20220314T000000, start_date=20230611T090312, end_date=20230611T093653
[2023-06-11T09:36:54.033+0000] {local_task_job_runner.py:225} INFO - Task exited with return code 0
[2023-06-11T09:36:54.878+0000] {taskinstance.py:2651} INFO - 0 downstream tasks scheduled from follow-on schedule check
[2023-06-11T15:26:09.710+0000] {taskinstance.py:1103} INFO - Dependencies all met for dep_context=non-requeueable deps ti=<TaskInstance: first_dag_02.second_task scheduled__2022-03-14T00:00:00+00:00 [queued]>
[2023-06-11T15:26:09.815+0000] {taskinstance.py:1103} INFO - Dependencies all met for dep_context=requeueable deps ti=<TaskInstance: first_dag_02.second_task scheduled__2022-03-14T00:00:00+00:00 [queued]>
[2023-06-11T15:26:09.816+0000] {taskinstance.py:1308} INFO - Starting attempt 1 of 6
[2023-06-11T15:26:10.353+0000] {taskinstance.py:1327} INFO - Executing <Task(BashOperator): second_task> on 2022-03-14 00:00:00+00:00
[2023-06-11T15:26:10.366+0000] {standard_task_runner.py:57} INFO - Started process 164 to run task
[2023-06-11T15:26:10.449+0000] {standard_task_runner.py:84} INFO - Running: ['***', 'tasks', 'run', 'first_dag_02', 'second_task', 'scheduled__2022-03-14T00:00:00+00:00', '--job-id', '1133', '--raw', '--subdir', 'DAGS_FOLDER/First_dag.py', '--cfg-path', '/tmp/tmpxl826y31']
[2023-06-11T15:26:10.465+0000] {standard_task_runner.py:85} INFO - Job 1133: Subtask second_task
[2023-06-11T15:26:11.168+0000] {task_command.py:410} INFO - Running <TaskInstance: first_dag_02.second_task scheduled__2022-03-14T00:00:00+00:00 [running]> on host 7586ce0070ac
[2023-06-11T15:26:14.595+0000] {taskinstance.py:1547} INFO - Exporting env vars: AIRFLOW_CTX_DAG_OWNER='Raja' AIRFLOW_CTX_DAG_ID='first_dag_02' AIRFLOW_CTX_TASK_ID='second_task' AIRFLOW_CTX_EXECUTION_DATE='2022-03-14T00:00:00+00:00' AIRFLOW_CTX_TRY_NUMBER='1' AIRFLOW_CTX_DAG_RUN_ID='scheduled__2022-03-14T00:00:00+00:00'
[2023-06-11T15:26:14.689+0000] {subprocess.py:63} INFO - Tmp dir root location: 
 /tmp
[2023-06-11T15:26:14.788+0000] {subprocess.py:75} INFO - Running command: ['/bin/bash', '-c', 'echo hey, I am task2 and will be running after task1!']
[2023-06-11T15:26:15.039+0000] {subprocess.py:86} INFO - Output:
[2023-06-11T15:26:15.045+0000] {subprocess.py:93} INFO - hey, I am task2 and will be running after task1!
[2023-06-11T15:26:15.047+0000] {subprocess.py:97} INFO - Command exited with return code 0
[2023-06-11T15:26:15.681+0000] {taskinstance.py:1350} INFO - Marking task as SUCCESS. dag_id=first_dag_02, task_id=second_task, execution_date=20220314T000000, start_date=20230611T152609, end_date=20230611T152615
[2023-06-11T15:26:16.213+0000] {local_task_job_runner.py:225} INFO - Task exited with return code 0
[2023-06-11T15:26:16.553+0000] {taskinstance.py:2651} INFO - 0 downstream tasks scheduled from follow-on schedule check
