[2023-06-11T09:46:03.263+0000] {taskinstance.py:1103} INFO - Dependencies all met for dep_context=non-requeueable deps ti=<TaskInstance: first_dag_02.thrid_task scheduled__2022-05-29T00:00:00+00:00 [queued]>
[2023-06-11T09:46:03.467+0000] {taskinstance.py:1103} INFO - Dependencies all met for dep_context=requeueable deps ti=<TaskInstance: first_dag_02.thrid_task scheduled__2022-05-29T00:00:00+00:00 [queued]>
[2023-06-11T09:46:03.468+0000] {taskinstance.py:1308} INFO - Starting attempt 1 of 6
[2023-06-11T09:46:03.981+0000] {taskinstance.py:1327} INFO - Executing <Task(BashOperator): thrid_task> on 2022-05-29 00:00:00+00:00
[2023-06-11T09:46:04.001+0000] {standard_task_runner.py:57} INFO - Started process 4811 to run task
[2023-06-11T09:46:04.150+0000] {standard_task_runner.py:84} INFO - Running: ['***', 'tasks', 'run', 'first_dag_02', 'thrid_task', 'scheduled__2022-05-29T00:00:00+00:00', '--job-id', '1475', '--raw', '--subdir', 'DAGS_FOLDER/First_dag.py', '--cfg-path', '/tmp/tmpobhde2_r']
[2023-06-11T09:46:04.151+0000] {standard_task_runner.py:85} INFO - Job 1475: Subtask thrid_task
[2023-06-11T09:46:04.490+0000] {task_command.py:410} INFO - Running <TaskInstance: first_dag_02.thrid_task scheduled__2022-05-29T00:00:00+00:00 [running]> on host 964e508aad03
[2023-06-11T09:46:06.339+0000] {taskinstance.py:1547} INFO - Exporting env vars: AIRFLOW_CTX_DAG_OWNER='Raja' AIRFLOW_CTX_DAG_ID='first_dag_02' AIRFLOW_CTX_TASK_ID='thrid_task' AIRFLOW_CTX_EXECUTION_DATE='2022-05-29T00:00:00+00:00' AIRFLOW_CTX_TRY_NUMBER='1' AIRFLOW_CTX_DAG_RUN_ID='scheduled__2022-05-29T00:00:00+00:00'
[2023-06-11T09:46:06.353+0000] {subprocess.py:63} INFO - Tmp dir root location: 
 /tmp
[2023-06-11T09:46:06.354+0000] {subprocess.py:75} INFO - Running command: ['/bin/bash', '-c', 'echo hey, I am task3 and will be running after task1 at the same time as task2!']
[2023-06-11T09:46:06.616+0000] {subprocess.py:86} INFO - Output:
[2023-06-11T09:46:06.629+0000] {subprocess.py:93} INFO - hey, I am task3 and will be running after task1 at the same time as task2!
[2023-06-11T09:46:06.632+0000] {subprocess.py:97} INFO - Command exited with return code 0
[2023-06-11T09:46:07.069+0000] {taskinstance.py:1350} INFO - Marking task as SUCCESS. dag_id=first_dag_02, task_id=thrid_task, execution_date=20220529T000000, start_date=20230611T094603, end_date=20230611T094607
[2023-06-11T09:46:07.398+0000] {local_task_job_runner.py:225} INFO - Task exited with return code 0
[2023-06-11T09:46:07.913+0000] {taskinstance.py:2651} INFO - 0 downstream tasks scheduled from follow-on schedule check
[2023-06-11T15:32:38.622+0000] {taskinstance.py:1103} INFO - Dependencies all met for dep_context=non-requeueable deps ti=<TaskInstance: first_dag_02.thrid_task scheduled__2022-05-29T00:00:00+00:00 [queued]>
[2023-06-11T15:32:38.756+0000] {taskinstance.py:1103} INFO - Dependencies all met for dep_context=requeueable deps ti=<TaskInstance: first_dag_02.thrid_task scheduled__2022-05-29T00:00:00+00:00 [queued]>
[2023-06-11T15:32:38.757+0000] {taskinstance.py:1308} INFO - Starting attempt 1 of 6
[2023-06-11T15:32:39.012+0000] {taskinstance.py:1327} INFO - Executing <Task(BashOperator): thrid_task> on 2022-05-29 00:00:00+00:00
[2023-06-11T15:32:39.077+0000] {standard_task_runner.py:57} INFO - Started process 1354 to run task
[2023-06-11T15:32:39.182+0000] {standard_task_runner.py:84} INFO - Running: ['***', 'tasks', 'run', 'first_dag_02', 'thrid_task', 'scheduled__2022-05-29T00:00:00+00:00', '--job-id', '1503', '--raw', '--subdir', 'DAGS_FOLDER/First_dag.py', '--cfg-path', '/tmp/tmpxwh2pl9f']
[2023-06-11T15:32:39.207+0000] {standard_task_runner.py:85} INFO - Job 1503: Subtask thrid_task
[2023-06-11T15:32:40.288+0000] {task_command.py:410} INFO - Running <TaskInstance: first_dag_02.thrid_task scheduled__2022-05-29T00:00:00+00:00 [running]> on host 7586ce0070ac
[2023-06-11T15:32:43.287+0000] {taskinstance.py:1547} INFO - Exporting env vars: AIRFLOW_CTX_DAG_OWNER='Raja' AIRFLOW_CTX_DAG_ID='first_dag_02' AIRFLOW_CTX_TASK_ID='thrid_task' AIRFLOW_CTX_EXECUTION_DATE='2022-05-29T00:00:00+00:00' AIRFLOW_CTX_TRY_NUMBER='1' AIRFLOW_CTX_DAG_RUN_ID='scheduled__2022-05-29T00:00:00+00:00'
[2023-06-11T15:32:43.344+0000] {subprocess.py:63} INFO - Tmp dir root location: 
 /tmp
[2023-06-11T15:32:43.345+0000] {subprocess.py:75} INFO - Running command: ['/bin/bash', '-c', 'echo hey, I am task3 and will be running after task1 at the same time as task2!']
[2023-06-11T15:32:43.520+0000] {subprocess.py:86} INFO - Output:
[2023-06-11T15:32:43.573+0000] {subprocess.py:93} INFO - hey, I am task3 and will be running after task1 at the same time as task2!
[2023-06-11T15:32:43.574+0000] {subprocess.py:97} INFO - Command exited with return code 0
[2023-06-11T15:32:44.417+0000] {taskinstance.py:1350} INFO - Marking task as SUCCESS. dag_id=first_dag_02, task_id=thrid_task, execution_date=20220529T000000, start_date=20230611T153238, end_date=20230611T153244
[2023-06-11T15:32:44.767+0000] {local_task_job_runner.py:225} INFO - Task exited with return code 0
[2023-06-11T15:32:45.438+0000] {taskinstance.py:2651} INFO - 0 downstream tasks scheduled from follow-on schedule check
