[2023-06-11T09:44:05.784+0000] {taskinstance.py:1103} INFO - Dependencies all met for dep_context=non-requeueable deps ti=<TaskInstance: dag_cron_expression_03.task1 scheduled__2021-12-18T03:00:00+00:00 [queued]>
[2023-06-11T09:44:05.928+0000] {taskinstance.py:1103} INFO - Dependencies all met for dep_context=requeueable deps ti=<TaskInstance: dag_cron_expression_03.task1 scheduled__2021-12-18T03:00:00+00:00 [queued]>
[2023-06-11T09:44:05.928+0000] {taskinstance.py:1308} INFO - Starting attempt 1 of 6
[2023-06-11T09:44:06.082+0000] {taskinstance.py:1327} INFO - Executing <Task(BashOperator): task1> on 2021-12-18 03:00:00+00:00
[2023-06-11T09:44:06.133+0000] {standard_task_runner.py:57} INFO - Started process 4421 to run task
[2023-06-11T09:44:06.163+0000] {standard_task_runner.py:84} INFO - Running: ['***', 'tasks', 'run', 'dag_cron_expression_03', 'task1', 'scheduled__2021-12-18T03:00:00+00:00', '--job-id', '1355', '--raw', '--subdir', 'DAGS_FOLDER/dag_corn.py', '--cfg-path', '/tmp/tmpjuk2hbd1']
[2023-06-11T09:44:06.176+0000] {standard_task_runner.py:85} INFO - Job 1355: Subtask task1
[2023-06-11T09:44:06.762+0000] {task_command.py:410} INFO - Running <TaskInstance: dag_cron_expression_03.task1 scheduled__2021-12-18T03:00:00+00:00 [running]> on host 964e508aad03
[2023-06-11T09:44:08.748+0000] {taskinstance.py:1547} INFO - Exporting env vars: AIRFLOW_CTX_DAG_OWNER='Raja' AIRFLOW_CTX_DAG_ID='dag_cron_expression_03' AIRFLOW_CTX_TASK_ID='task1' AIRFLOW_CTX_EXECUTION_DATE='2021-12-18T03:00:00+00:00' AIRFLOW_CTX_TRY_NUMBER='1' AIRFLOW_CTX_DAG_RUN_ID='scheduled__2021-12-18T03:00:00+00:00'
[2023-06-11T09:44:08.750+0000] {subprocess.py:63} INFO - Tmp dir root location: 
 /tmp
[2023-06-11T09:44:08.750+0000] {subprocess.py:75} INFO - Running command: ['/bin/bash', '-c', 'echo dag with cron expression!']
[2023-06-11T09:44:08.874+0000] {subprocess.py:86} INFO - Output:
[2023-06-11T09:44:08.917+0000] {subprocess.py:93} INFO - dag with cron expression!
[2023-06-11T09:44:08.918+0000] {subprocess.py:97} INFO - Command exited with return code 0
[2023-06-11T09:44:09.137+0000] {taskinstance.py:1350} INFO - Marking task as SUCCESS. dag_id=dag_cron_expression_03, task_id=task1, execution_date=20211218T030000, start_date=20230611T094405, end_date=20230611T094409
[2023-06-11T09:44:09.309+0000] {local_task_job_runner.py:225} INFO - Task exited with return code 0
[2023-06-11T09:44:09.639+0000] {taskinstance.py:2651} INFO - 0 downstream tasks scheduled from follow-on schedule check
[2023-06-11T10:40:46.260+0000] {taskinstance.py:1103} INFO - Dependencies all met for dep_context=non-requeueable deps ti=<TaskInstance: dag_cron_expression_03.task1 scheduled__2021-12-18T03:00:00+00:00 [queued]>
[2023-06-11T10:40:46.779+0000] {taskinstance.py:1103} INFO - Dependencies all met for dep_context=requeueable deps ti=<TaskInstance: dag_cron_expression_03.task1 scheduled__2021-12-18T03:00:00+00:00 [queued]>
[2023-06-11T10:40:46.785+0000] {taskinstance.py:1308} INFO - Starting attempt 1 of 6
[2023-06-11T10:40:47.572+0000] {taskinstance.py:1327} INFO - Executing <Task(BashOperator): task1> on 2021-12-18 03:00:00+00:00
[2023-06-11T10:40:48.056+0000] {standard_task_runner.py:57} INFO - Started process 569 to run task
[2023-06-11T10:40:48.088+0000] {standard_task_runner.py:84} INFO - Running: ['***', 'tasks', 'run', 'dag_cron_expression_03', 'task1', 'scheduled__2021-12-18T03:00:00+00:00', '--job-id', '159', '--raw', '--subdir', 'DAGS_FOLDER/dag_cron.py', '--cfg-path', '/tmp/tmp_s_fw2fj']
[2023-06-11T10:40:48.090+0000] {standard_task_runner.py:85} INFO - Job 159: Subtask task1
[2023-06-11T10:40:51.833+0000] {task_command.py:410} INFO - Running <TaskInstance: dag_cron_expression_03.task1 scheduled__2021-12-18T03:00:00+00:00 [running]> on host 7586ce0070ac
[2023-06-11T10:40:56.406+0000] {taskinstance.py:1547} INFO - Exporting env vars: AIRFLOW_CTX_DAG_OWNER='Raja' AIRFLOW_CTX_DAG_ID='dag_cron_expression_03' AIRFLOW_CTX_TASK_ID='task1' AIRFLOW_CTX_EXECUTION_DATE='2021-12-18T03:00:00+00:00' AIRFLOW_CTX_TRY_NUMBER='1' AIRFLOW_CTX_DAG_RUN_ID='scheduled__2021-12-18T03:00:00+00:00'
[2023-06-11T10:40:56.420+0000] {subprocess.py:63} INFO - Tmp dir root location: 
 /tmp
[2023-06-11T10:40:56.423+0000] {subprocess.py:75} INFO - Running command: ['/bin/bash', '-c', 'echo dag with cron expression!']
[2023-06-11T10:40:56.463+0000] {subprocess.py:86} INFO - Output:
[2023-06-11T10:40:56.488+0000] {subprocess.py:93} INFO - dag with cron expression!
[2023-06-11T10:40:56.498+0000] {subprocess.py:97} INFO - Command exited with return code 0
[2023-06-11T10:40:59.291+0000] {taskinstance.py:1350} INFO - Marking task as SUCCESS. dag_id=dag_cron_expression_03, task_id=task1, execution_date=20211218T030000, start_date=20230611T104046, end_date=20230611T104059
[2023-06-11T10:41:00.813+0000] {local_task_job_runner.py:225} INFO - Task exited with return code 0
[2023-06-11T10:41:01.076+0000] {taskinstance.py:2651} INFO - 0 downstream tasks scheduled from follow-on schedule check
