[2023-06-11T04:52:24.271+0000] {taskinstance.py:1103} INFO - Dependencies all met for dep_context=non-requeueable deps ti=<TaskInstance: first_dag_02.second_task scheduled__2021-10-03T00:00:00+00:00 [queued]>
[2023-06-11T04:52:24.385+0000] {taskinstance.py:1103} INFO - Dependencies all met for dep_context=requeueable deps ti=<TaskInstance: first_dag_02.second_task scheduled__2021-10-03T00:00:00+00:00 [queued]>
[2023-06-11T04:52:24.413+0000] {taskinstance.py:1308} INFO - Starting attempt 1 of 6
[2023-06-11T04:52:26.194+0000] {taskinstance.py:1327} INFO - Executing <Task(BashOperator): second_task> on 2021-10-03 00:00:00+00:00
[2023-06-11T04:52:26.238+0000] {standard_task_runner.py:57} INFO - Started process 940 to run task
[2023-06-11T04:52:26.268+0000] {standard_task_runner.py:84} INFO - Running: ['***', 'tasks', 'run', 'first_dag_02', 'second_task', 'scheduled__2021-10-03T00:00:00+00:00', '--job-id', '279', '--raw', '--subdir', 'DAGS_FOLDER/First_dag.py', '--cfg-path', '/tmp/tmp1_wf3zio']
[2023-06-11T04:52:26.273+0000] {standard_task_runner.py:85} INFO - Job 279: Subtask second_task
[2023-06-11T04:52:27.335+0000] {task_command.py:410} INFO - Running <TaskInstance: first_dag_02.second_task scheduled__2021-10-03T00:00:00+00:00 [running]> on host 4b1b5d40d165
[2023-06-11T04:52:30.249+0000] {taskinstance.py:1547} INFO - Exporting env vars: AIRFLOW_CTX_DAG_OWNER='Raja' AIRFLOW_CTX_DAG_ID='first_dag_02' AIRFLOW_CTX_TASK_ID='second_task' AIRFLOW_CTX_EXECUTION_DATE='2021-10-03T00:00:00+00:00' AIRFLOW_CTX_TRY_NUMBER='1' AIRFLOW_CTX_DAG_RUN_ID='scheduled__2021-10-03T00:00:00+00:00'
[2023-06-11T04:52:30.262+0000] {subprocess.py:63} INFO - Tmp dir root location: 
 /tmp
[2023-06-11T04:52:30.272+0000] {subprocess.py:75} INFO - Running command: ['/bin/bash', '-c', 'echo hey, I am task2 and will be running after task1!']
[2023-06-11T04:52:30.416+0000] {subprocess.py:86} INFO - Output:
[2023-06-11T04:52:30.425+0000] {subprocess.py:93} INFO - hey, I am task2 and will be running after task1!
[2023-06-11T04:52:30.466+0000] {subprocess.py:97} INFO - Command exited with return code 0
[2023-06-11T04:52:31.090+0000] {taskinstance.py:1350} INFO - Marking task as SUCCESS. dag_id=first_dag_02, task_id=second_task, execution_date=20211003T000000, start_date=20230611T045224, end_date=20230611T045231
[2023-06-11T04:52:31.937+0000] {local_task_job_runner.py:225} INFO - Task exited with return code 0
[2023-06-11T04:52:32.921+0000] {taskinstance.py:2651} INFO - 0 downstream tasks scheduled from follow-on schedule check
[2023-06-11T08:29:10.087+0000] {taskinstance.py:1103} INFO - Dependencies all met for dep_context=non-requeueable deps ti=<TaskInstance: first_dag_02.second_task scheduled__2021-10-03T00:00:00+00:00 [queued]>
[2023-06-11T08:29:11.807+0000] {taskinstance.py:1103} INFO - Dependencies all met for dep_context=requeueable deps ti=<TaskInstance: first_dag_02.second_task scheduled__2021-10-03T00:00:00+00:00 [queued]>
[2023-06-11T08:29:11.810+0000] {taskinstance.py:1308} INFO - Starting attempt 1 of 6
[2023-06-11T08:29:13.503+0000] {taskinstance.py:1327} INFO - Executing <Task(BashOperator): second_task> on 2021-10-03 00:00:00+00:00
[2023-06-11T08:29:13.594+0000] {standard_task_runner.py:57} INFO - Started process 1297 to run task
[2023-06-11T08:29:14.115+0000] {standard_task_runner.py:84} INFO - Running: ['***', 'tasks', 'run', 'first_dag_02', 'second_task', 'scheduled__2021-10-03T00:00:00+00:00', '--job-id', '398', '--raw', '--subdir', 'DAGS_FOLDER/First_dag.py', '--cfg-path', '/tmp/tmpwq5ltrjv']
[2023-06-11T08:29:14.360+0000] {standard_task_runner.py:85} INFO - Job 398: Subtask second_task
[2023-06-11T08:29:17.425+0000] {task_command.py:410} INFO - Running <TaskInstance: first_dag_02.second_task scheduled__2021-10-03T00:00:00+00:00 [running]> on host 492037cdd057
[2023-06-11T08:29:21.750+0000] {taskinstance.py:1547} INFO - Exporting env vars: AIRFLOW_CTX_DAG_OWNER='Raja' AIRFLOW_CTX_DAG_ID='first_dag_02' AIRFLOW_CTX_TASK_ID='second_task' AIRFLOW_CTX_EXECUTION_DATE='2021-10-03T00:00:00+00:00' AIRFLOW_CTX_TRY_NUMBER='1' AIRFLOW_CTX_DAG_RUN_ID='scheduled__2021-10-03T00:00:00+00:00'
[2023-06-11T08:29:21.754+0000] {subprocess.py:63} INFO - Tmp dir root location: 
 /tmp
[2023-06-11T08:29:21.809+0000] {subprocess.py:75} INFO - Running command: ['/bin/bash', '-c', 'echo hey, I am task2 and will be running after task1!']
[2023-06-11T08:29:22.063+0000] {subprocess.py:86} INFO - Output:
[2023-06-11T08:29:22.082+0000] {subprocess.py:93} INFO - hey, I am task2 and will be running after task1!
[2023-06-11T08:29:22.123+0000] {subprocess.py:97} INFO - Command exited with return code 0
[2023-06-11T08:29:22.492+0000] {taskinstance.py:1350} INFO - Marking task as SUCCESS. dag_id=first_dag_02, task_id=second_task, execution_date=20211003T000000, start_date=20230611T082910, end_date=20230611T082922
[2023-06-11T08:29:22.859+0000] {local_task_job_runner.py:225} INFO - Task exited with return code 0
[2023-06-11T08:29:23.204+0000] {taskinstance.py:2651} INFO - 0 downstream tasks scheduled from follow-on schedule check
[2023-06-11T08:51:46.122+0000] {taskinstance.py:1103} INFO - Dependencies all met for dep_context=non-requeueable deps ti=<TaskInstance: first_dag_02.second_task scheduled__2021-10-03T00:00:00+00:00 [queued]>
[2023-06-11T08:51:46.326+0000] {taskinstance.py:1103} INFO - Dependencies all met for dep_context=requeueable deps ti=<TaskInstance: first_dag_02.second_task scheduled__2021-10-03T00:00:00+00:00 [queued]>
[2023-06-11T08:51:46.327+0000] {taskinstance.py:1308} INFO - Starting attempt 1 of 6
[2023-06-11T08:51:46.665+0000] {taskinstance.py:1327} INFO - Executing <Task(BashOperator): second_task> on 2021-10-03 00:00:00+00:00
[2023-06-11T08:51:46.776+0000] {standard_task_runner.py:57} INFO - Started process 1189 to run task
[2023-06-11T08:51:46.813+0000] {standard_task_runner.py:84} INFO - Running: ['***', 'tasks', 'run', 'first_dag_02', 'second_task', 'scheduled__2021-10-03T00:00:00+00:00', '--job-id', '365', '--raw', '--subdir', 'DAGS_FOLDER/First_dag.py', '--cfg-path', '/tmp/tmp1wg98q4v']
[2023-06-11T08:51:46.814+0000] {standard_task_runner.py:85} INFO - Job 365: Subtask second_task
[2023-06-11T08:51:47.485+0000] {task_command.py:410} INFO - Running <TaskInstance: first_dag_02.second_task scheduled__2021-10-03T00:00:00+00:00 [running]> on host 964e508aad03
[2023-06-11T08:51:49.763+0000] {taskinstance.py:1547} INFO - Exporting env vars: AIRFLOW_CTX_DAG_OWNER='Raja' AIRFLOW_CTX_DAG_ID='first_dag_02' AIRFLOW_CTX_TASK_ID='second_task' AIRFLOW_CTX_EXECUTION_DATE='2021-10-03T00:00:00+00:00' AIRFLOW_CTX_TRY_NUMBER='1' AIRFLOW_CTX_DAG_RUN_ID='scheduled__2021-10-03T00:00:00+00:00'
[2023-06-11T08:51:49.770+0000] {subprocess.py:63} INFO - Tmp dir root location: 
 /tmp
[2023-06-11T08:51:49.771+0000] {subprocess.py:75} INFO - Running command: ['/bin/bash', '-c', 'echo hey, I am task2 and will be running after task1!']
[2023-06-11T08:51:49.879+0000] {subprocess.py:86} INFO - Output:
[2023-06-11T08:51:49.989+0000] {subprocess.py:93} INFO - hey, I am task2 and will be running after task1!
[2023-06-11T08:51:49.990+0000] {subprocess.py:97} INFO - Command exited with return code 0
[2023-06-11T08:51:50.430+0000] {taskinstance.py:1350} INFO - Marking task as SUCCESS. dag_id=first_dag_02, task_id=second_task, execution_date=20211003T000000, start_date=20230611T085146, end_date=20230611T085150
[2023-06-11T08:51:50.848+0000] {local_task_job_runner.py:225} INFO - Task exited with return code 0
[2023-06-11T08:51:51.439+0000] {taskinstance.py:2651} INFO - 0 downstream tasks scheduled from follow-on schedule check
[2023-06-11T10:57:53.987+0000] {taskinstance.py:1103} INFO - Dependencies all met for dep_context=non-requeueable deps ti=<TaskInstance: first_dag_02.second_task scheduled__2021-10-03T00:00:00+00:00 [queued]>
[2023-06-11T10:57:54.493+0000] {taskinstance.py:1103} INFO - Dependencies all met for dep_context=requeueable deps ti=<TaskInstance: first_dag_02.second_task scheduled__2021-10-03T00:00:00+00:00 [queued]>
[2023-06-11T10:57:54.506+0000] {taskinstance.py:1308} INFO - Starting attempt 1 of 6
[2023-06-11T10:57:54.801+0000] {taskinstance.py:1327} INFO - Executing <Task(BashOperator): second_task> on 2021-10-03 00:00:00+00:00
[2023-06-11T10:57:54.813+0000] {standard_task_runner.py:57} INFO - Started process 1291 to run task
[2023-06-11T10:57:54.989+0000] {standard_task_runner.py:84} INFO - Running: ['***', 'tasks', 'run', 'first_dag_02', 'second_task', 'scheduled__2021-10-03T00:00:00+00:00', '--job-id', '355', '--raw', '--subdir', 'DAGS_FOLDER/First_dag.py', '--cfg-path', '/tmp/tmp3swphqbp']
[2023-06-11T10:57:54.996+0000] {standard_task_runner.py:85} INFO - Job 355: Subtask second_task
[2023-06-11T10:57:57.413+0000] {task_command.py:410} INFO - Running <TaskInstance: first_dag_02.second_task scheduled__2021-10-03T00:00:00+00:00 [running]> on host 7586ce0070ac
[2023-06-11T10:58:01.376+0000] {taskinstance.py:1547} INFO - Exporting env vars: AIRFLOW_CTX_DAG_OWNER='Raja' AIRFLOW_CTX_DAG_ID='first_dag_02' AIRFLOW_CTX_TASK_ID='second_task' AIRFLOW_CTX_EXECUTION_DATE='2021-10-03T00:00:00+00:00' AIRFLOW_CTX_TRY_NUMBER='1' AIRFLOW_CTX_DAG_RUN_ID='scheduled__2021-10-03T00:00:00+00:00'
[2023-06-11T10:58:01.421+0000] {subprocess.py:63} INFO - Tmp dir root location: 
 /tmp
[2023-06-11T10:58:01.493+0000] {subprocess.py:75} INFO - Running command: ['/bin/bash', '-c', 'echo hey, I am task2 and will be running after task1!']
[2023-06-11T10:58:02.078+0000] {subprocess.py:86} INFO - Output:
[2023-06-11T10:58:02.338+0000] {subprocess.py:93} INFO - hey, I am task2 and will be running after task1!
[2023-06-11T10:58:02.342+0000] {subprocess.py:97} INFO - Command exited with return code 0
[2023-06-11T10:58:02.432+0000] {taskinstance.py:1350} INFO - Marking task as SUCCESS. dag_id=first_dag_02, task_id=second_task, execution_date=20211003T000000, start_date=20230611T105753, end_date=20230611T105802
[2023-06-11T10:58:03.085+0000] {local_task_job_runner.py:225} INFO - Task exited with return code 0
[2023-06-11T10:58:03.841+0000] {taskinstance.py:2651} INFO - 0 downstream tasks scheduled from follow-on schedule check
