[2023-06-11T05:19:57.327+0000] {taskinstance.py:1103} INFO - Dependencies all met for dep_context=non-requeueable deps ti=<TaskInstance: dag_catchip_01.task1 scheduled__2023-05-08T00:00:00+00:00 [queued]>
[2023-06-11T05:19:57.644+0000] {taskinstance.py:1103} INFO - Dependencies all met for dep_context=requeueable deps ti=<TaskInstance: dag_catchip_01.task1 scheduled__2023-05-08T00:00:00+00:00 [queued]>
[2023-06-11T05:19:57.645+0000] {taskinstance.py:1308} INFO - Starting attempt 1 of 6
[2023-06-11T05:19:59.234+0000] {taskinstance.py:1327} INFO - Executing <Task(BashOperator): task1> on 2023-05-08 00:00:00+00:00
[2023-06-11T05:19:59.379+0000] {standard_task_runner.py:57} INFO - Started process 694 to run task
[2023-06-11T05:19:59.523+0000] {standard_task_runner.py:84} INFO - Running: ['***', 'tasks', 'run', 'dag_catchip_01', 'task1', 'scheduled__2023-05-08T00:00:00+00:00', '--job-id', '183', '--raw', '--subdir', 'DAGS_FOLDER/dag_catchup.py', '--cfg-path', '/tmp/tmp02tsixw_']
[2023-06-11T05:19:59.524+0000] {standard_task_runner.py:85} INFO - Job 183: Subtask task1
[2023-06-11T05:20:00.775+0000] {task_command.py:410} INFO - Running <TaskInstance: dag_catchip_01.task1 scheduled__2023-05-08T00:00:00+00:00 [running]> on host 69e374580eab
[2023-06-11T05:20:03.798+0000] {taskinstance.py:1547} INFO - Exporting env vars: AIRFLOW_CTX_DAG_OWNER='Raja' AIRFLOW_CTX_DAG_ID='dag_catchip_01' AIRFLOW_CTX_TASK_ID='task1' AIRFLOW_CTX_EXECUTION_DATE='2023-05-08T00:00:00+00:00' AIRFLOW_CTX_TRY_NUMBER='1' AIRFLOW_CTX_DAG_RUN_ID='scheduled__2023-05-08T00:00:00+00:00'
[2023-06-11T05:20:03.864+0000] {subprocess.py:63} INFO - Tmp dir root location: 
 /tmp
[2023-06-11T05:20:03.878+0000] {subprocess.py:75} INFO - Running command: ['/bin/bash', '-c', 'echo Hai how are you']
[2023-06-11T05:20:03.951+0000] {subprocess.py:86} INFO - Output:
[2023-06-11T05:20:03.964+0000] {subprocess.py:93} INFO - Hai how are you
[2023-06-11T05:20:03.966+0000] {subprocess.py:97} INFO - Command exited with return code 0
[2023-06-11T05:20:04.365+0000] {taskinstance.py:1350} INFO - Marking task as SUCCESS. dag_id=dag_catchip_01, task_id=task1, execution_date=20230508T000000, start_date=20230611T051957, end_date=20230611T052004
[2023-06-11T05:20:05.287+0000] {local_task_job_runner.py:225} INFO - Task exited with return code 0
[2023-06-11T05:20:05.873+0000] {taskinstance.py:2651} INFO - 0 downstream tasks scheduled from follow-on schedule check
[2023-06-11T08:22:07.648+0000] {taskinstance.py:1103} INFO - Dependencies all met for dep_context=non-requeueable deps ti=<TaskInstance: dag_catchip_01.task1 scheduled__2023-05-08T00:00:00+00:00 [queued]>
[2023-06-11T08:22:07.966+0000] {taskinstance.py:1103} INFO - Dependencies all met for dep_context=requeueable deps ti=<TaskInstance: dag_catchip_01.task1 scheduled__2023-05-08T00:00:00+00:00 [queued]>
[2023-06-11T08:22:07.974+0000] {taskinstance.py:1308} INFO - Starting attempt 1 of 6
[2023-06-11T08:22:09.651+0000] {taskinstance.py:1327} INFO - Executing <Task(BashOperator): task1> on 2023-05-08 00:00:00+00:00
[2023-06-11T08:22:09.741+0000] {standard_task_runner.py:57} INFO - Started process 774 to run task
[2023-06-11T08:22:09.813+0000] {standard_task_runner.py:84} INFO - Running: ['***', 'tasks', 'run', 'dag_catchip_01', 'task1', 'scheduled__2023-05-08T00:00:00+00:00', '--job-id', '245', '--raw', '--subdir', 'DAGS_FOLDER/dag_catchup.py', '--cfg-path', '/tmp/tmp1ss3en6x']
[2023-06-11T08:22:09.837+0000] {standard_task_runner.py:85} INFO - Job 245: Subtask task1
[2023-06-11T08:22:10.374+0000] {task_command.py:410} INFO - Running <TaskInstance: dag_catchip_01.task1 scheduled__2023-05-08T00:00:00+00:00 [running]> on host 492037cdd057
[2023-06-11T08:22:12.971+0000] {taskinstance.py:1547} INFO - Exporting env vars: AIRFLOW_CTX_DAG_OWNER='Raja' AIRFLOW_CTX_DAG_ID='dag_catchip_01' AIRFLOW_CTX_TASK_ID='task1' AIRFLOW_CTX_EXECUTION_DATE='2023-05-08T00:00:00+00:00' AIRFLOW_CTX_TRY_NUMBER='1' AIRFLOW_CTX_DAG_RUN_ID='scheduled__2023-05-08T00:00:00+00:00'
[2023-06-11T08:22:13.120+0000] {subprocess.py:63} INFO - Tmp dir root location: 
 /tmp
[2023-06-11T08:22:13.393+0000] {subprocess.py:75} INFO - Running command: ['/bin/bash', '-c', 'echo Hai how are you']
[2023-06-11T08:22:13.618+0000] {subprocess.py:86} INFO - Output:
[2023-06-11T08:22:13.633+0000] {subprocess.py:93} INFO - Hai how are you
[2023-06-11T08:22:13.635+0000] {subprocess.py:97} INFO - Command exited with return code 0
[2023-06-11T08:22:15.697+0000] {taskinstance.py:1350} INFO - Marking task as SUCCESS. dag_id=dag_catchip_01, task_id=task1, execution_date=20230508T000000, start_date=20230611T082207, end_date=20230611T082215
[2023-06-11T08:22:17.906+0000] {local_task_job_runner.py:225} INFO - Task exited with return code 0
[2023-06-11T08:22:19.768+0000] {taskinstance.py:2651} INFO - 0 downstream tasks scheduled from follow-on schedule check
