[2023-06-11T08:56:37.309+0000] {taskinstance.py:1103} INFO - Dependencies all met for dep_context=non-requeueable deps ti=<TaskInstance: first_dag_02.thrid_task scheduled__2021-12-22T00:00:00+00:00 [queued]>
[2023-06-11T08:56:37.557+0000] {taskinstance.py:1103} INFO - Dependencies all met for dep_context=requeueable deps ti=<TaskInstance: first_dag_02.thrid_task scheduled__2021-12-22T00:00:00+00:00 [queued]>
[2023-06-11T08:56:37.564+0000] {taskinstance.py:1308} INFO - Starting attempt 1 of 6
[2023-06-11T08:56:37.906+0000] {taskinstance.py:1327} INFO - Executing <Task(BashOperator): thrid_task> on 2021-12-22 00:00:00+00:00
[2023-06-11T08:56:37.948+0000] {standard_task_runner.py:57} INFO - Started process 2292 to run task
[2023-06-11T08:56:37.979+0000] {standard_task_runner.py:84} INFO - Running: ['***', 'tasks', 'run', 'first_dag_02', 'thrid_task', 'scheduled__2021-12-22T00:00:00+00:00', '--job-id', '715', '--raw', '--subdir', 'DAGS_FOLDER/First_dag.py', '--cfg-path', '/tmp/tmpyvqmgvk0']
[2023-06-11T08:56:37.980+0000] {standard_task_runner.py:85} INFO - Job 715: Subtask thrid_task
[2023-06-11T08:56:38.752+0000] {task_command.py:410} INFO - Running <TaskInstance: first_dag_02.thrid_task scheduled__2021-12-22T00:00:00+00:00 [running]> on host 964e508aad03
[2023-06-11T08:56:41.012+0000] {taskinstance.py:1547} INFO - Exporting env vars: AIRFLOW_CTX_DAG_OWNER='Raja' AIRFLOW_CTX_DAG_ID='first_dag_02' AIRFLOW_CTX_TASK_ID='thrid_task' AIRFLOW_CTX_EXECUTION_DATE='2021-12-22T00:00:00+00:00' AIRFLOW_CTX_TRY_NUMBER='1' AIRFLOW_CTX_DAG_RUN_ID='scheduled__2021-12-22T00:00:00+00:00'
[2023-06-11T08:56:41.014+0000] {subprocess.py:63} INFO - Tmp dir root location: 
 /tmp
[2023-06-11T08:56:41.015+0000] {subprocess.py:75} INFO - Running command: ['/bin/bash', '-c', 'echo hey, I am task3 and will be running after task1 at the same time as task2!']
[2023-06-11T08:56:41.049+0000] {subprocess.py:86} INFO - Output:
[2023-06-11T08:56:41.055+0000] {subprocess.py:93} INFO - hey, I am task3 and will be running after task1 at the same time as task2!
[2023-06-11T08:56:41.057+0000] {subprocess.py:97} INFO - Command exited with return code 0
[2023-06-11T08:56:41.118+0000] {taskinstance.py:1350} INFO - Marking task as SUCCESS. dag_id=first_dag_02, task_id=thrid_task, execution_date=20211222T000000, start_date=20230611T085637, end_date=20230611T085641
[2023-06-11T08:56:41.193+0000] {local_task_job_runner.py:225} INFO - Task exited with return code 0
[2023-06-11T08:56:41.648+0000] {taskinstance.py:2651} INFO - 0 downstream tasks scheduled from follow-on schedule check
[2023-06-11T11:22:00.088+0000] {taskinstance.py:1103} INFO - Dependencies all met for dep_context=non-requeueable deps ti=<TaskInstance: first_dag_02.thrid_task scheduled__2021-12-22T00:00:00+00:00 [queued]>
[2023-06-11T11:22:00.381+0000] {taskinstance.py:1103} INFO - Dependencies all met for dep_context=requeueable deps ti=<TaskInstance: first_dag_02.thrid_task scheduled__2021-12-22T00:00:00+00:00 [queued]>
[2023-06-11T11:22:00.381+0000] {taskinstance.py:1308} INFO - Starting attempt 1 of 6
[2023-06-11T11:22:01.135+0000] {taskinstance.py:1327} INFO - Executing <Task(BashOperator): thrid_task> on 2021-12-22 00:00:00+00:00
[2023-06-11T11:22:01.144+0000] {standard_task_runner.py:57} INFO - Started process 1066 to run task
[2023-06-11T11:22:01.188+0000] {standard_task_runner.py:84} INFO - Running: ['***', 'tasks', 'run', 'first_dag_02', 'thrid_task', 'scheduled__2021-12-22T00:00:00+00:00', '--job-id', '775', '--raw', '--subdir', 'DAGS_FOLDER/First_dag.py', '--cfg-path', '/tmp/tmpc5sd0dyg']
[2023-06-11T11:22:01.190+0000] {standard_task_runner.py:85} INFO - Job 775: Subtask thrid_task
[2023-06-11T11:22:02.524+0000] {task_command.py:410} INFO - Running <TaskInstance: first_dag_02.thrid_task scheduled__2021-12-22T00:00:00+00:00 [running]> on host 7586ce0070ac
[2023-06-11T11:22:08.008+0000] {taskinstance.py:1547} INFO - Exporting env vars: AIRFLOW_CTX_DAG_OWNER='Raja' AIRFLOW_CTX_DAG_ID='first_dag_02' AIRFLOW_CTX_TASK_ID='thrid_task' AIRFLOW_CTX_EXECUTION_DATE='2021-12-22T00:00:00+00:00' AIRFLOW_CTX_TRY_NUMBER='1' AIRFLOW_CTX_DAG_RUN_ID='scheduled__2021-12-22T00:00:00+00:00'
[2023-06-11T11:22:08.027+0000] {subprocess.py:63} INFO - Tmp dir root location: 
 /tmp
[2023-06-11T11:22:08.046+0000] {subprocess.py:75} INFO - Running command: ['/bin/bash', '-c', 'echo hey, I am task3 and will be running after task1 at the same time as task2!']
[2023-06-11T11:22:08.574+0000] {subprocess.py:86} INFO - Output:
[2023-06-11T11:22:08.592+0000] {subprocess.py:93} INFO - hey, I am task3 and will be running after task1 at the same time as task2!
[2023-06-11T11:22:08.608+0000] {subprocess.py:97} INFO - Command exited with return code 0
[2023-06-11T11:22:08.970+0000] {taskinstance.py:1350} INFO - Marking task as SUCCESS. dag_id=first_dag_02, task_id=thrid_task, execution_date=20211222T000000, start_date=20230611T112200, end_date=20230611T112208
[2023-06-11T11:22:09.311+0000] {local_task_job_runner.py:225} INFO - Task exited with return code 0
[2023-06-11T11:22:09.591+0000] {taskinstance.py:2651} INFO - 0 downstream tasks scheduled from follow-on schedule check
