[2023-06-11T09:01:48.517+0000] {taskinstance.py:1103} INFO - Dependencies all met for dep_context=non-requeueable deps ti=<TaskInstance: first_dag_02.second_task scheduled__2022-03-02T00:00:00+00:00 [queued]>
[2023-06-11T09:01:48.664+0000] {taskinstance.py:1103} INFO - Dependencies all met for dep_context=requeueable deps ti=<TaskInstance: first_dag_02.second_task scheduled__2022-03-02T00:00:00+00:00 [queued]>
[2023-06-11T09:01:48.675+0000] {taskinstance.py:1308} INFO - Starting attempt 1 of 6
[2023-06-11T09:01:48.961+0000] {taskinstance.py:1327} INFO - Executing <Task(BashOperator): second_task> on 2022-03-02 00:00:00+00:00
[2023-06-11T09:01:48.999+0000] {standard_task_runner.py:57} INFO - Started process 3390 to run task
[2023-06-11T09:01:49.020+0000] {standard_task_runner.py:84} INFO - Running: ['***', 'tasks', 'run', 'first_dag_02', 'second_task', 'scheduled__2022-03-02T00:00:00+00:00', '--job-id', '1055', '--raw', '--subdir', 'DAGS_FOLDER/First_dag.py', '--cfg-path', '/tmp/tmpxhhrc8s1']
[2023-06-11T09:01:49.052+0000] {standard_task_runner.py:85} INFO - Job 1055: Subtask second_task
[2023-06-11T09:01:49.705+0000] {task_command.py:410} INFO - Running <TaskInstance: first_dag_02.second_task scheduled__2022-03-02T00:00:00+00:00 [running]> on host 964e508aad03
[2023-06-11T09:01:51.179+0000] {taskinstance.py:1547} INFO - Exporting env vars: AIRFLOW_CTX_DAG_OWNER='Raja' AIRFLOW_CTX_DAG_ID='first_dag_02' AIRFLOW_CTX_TASK_ID='second_task' AIRFLOW_CTX_EXECUTION_DATE='2022-03-02T00:00:00+00:00' AIRFLOW_CTX_TRY_NUMBER='1' AIRFLOW_CTX_DAG_RUN_ID='scheduled__2022-03-02T00:00:00+00:00'
[2023-06-11T09:01:51.182+0000] {subprocess.py:63} INFO - Tmp dir root location: 
 /tmp
[2023-06-11T09:01:51.201+0000] {subprocess.py:75} INFO - Running command: ['/bin/bash', '-c', 'echo hey, I am task2 and will be running after task1!']
[2023-06-11T09:01:51.304+0000] {subprocess.py:86} INFO - Output:
[2023-06-11T09:01:51.306+0000] {subprocess.py:93} INFO - hey, I am task2 and will be running after task1!
[2023-06-11T09:01:51.310+0000] {subprocess.py:97} INFO - Command exited with return code 0
[2023-06-11T09:01:51.595+0000] {taskinstance.py:1350} INFO - Marking task as SUCCESS. dag_id=first_dag_02, task_id=second_task, execution_date=20220302T000000, start_date=20230611T090148, end_date=20230611T090151
[2023-06-11T09:01:52.189+0000] {local_task_job_runner.py:225} INFO - Task exited with return code 0
[2023-06-11T09:01:52.561+0000] {taskinstance.py:2651} INFO - 0 downstream tasks scheduled from follow-on schedule check
[2023-06-11T11:36:44.294+0000] {taskinstance.py:1103} INFO - Dependencies all met for dep_context=non-requeueable deps ti=<TaskInstance: first_dag_02.second_task scheduled__2022-03-02T00:00:00+00:00 [queued]>
[2023-06-11T11:36:44.378+0000] {taskinstance.py:1103} INFO - Dependencies all met for dep_context=requeueable deps ti=<TaskInstance: first_dag_02.second_task scheduled__2022-03-02T00:00:00+00:00 [queued]>
[2023-06-11T11:36:44.387+0000] {taskinstance.py:1308} INFO - Starting attempt 1 of 6
[2023-06-11T11:36:45.915+0000] {taskinstance.py:1327} INFO - Executing <Task(BashOperator): second_task> on 2022-03-02 00:00:00+00:00
[2023-06-11T11:36:45.925+0000] {standard_task_runner.py:57} INFO - Started process 826 to run task
[2023-06-11T11:36:45.947+0000] {standard_task_runner.py:84} INFO - Running: ['***', 'tasks', 'run', 'first_dag_02', 'second_task', 'scheduled__2022-03-02T00:00:00+00:00', '--job-id', '1047', '--raw', '--subdir', 'DAGS_FOLDER/First_dag.py', '--cfg-path', '/tmp/tmpc2bc6mn9']
[2023-06-11T11:36:45.952+0000] {standard_task_runner.py:85} INFO - Job 1047: Subtask second_task
[2023-06-11T11:36:48.701+0000] {task_command.py:410} INFO - Running <TaskInstance: first_dag_02.second_task scheduled__2022-03-02T00:00:00+00:00 [running]> on host 7586ce0070ac
[2023-06-11T11:36:52.947+0000] {taskinstance.py:1547} INFO - Exporting env vars: AIRFLOW_CTX_DAG_OWNER='Raja' AIRFLOW_CTX_DAG_ID='first_dag_02' AIRFLOW_CTX_TASK_ID='second_task' AIRFLOW_CTX_EXECUTION_DATE='2022-03-02T00:00:00+00:00' AIRFLOW_CTX_TRY_NUMBER='1' AIRFLOW_CTX_DAG_RUN_ID='scheduled__2022-03-02T00:00:00+00:00'
[2023-06-11T11:36:52.967+0000] {subprocess.py:63} INFO - Tmp dir root location: 
 /tmp
[2023-06-11T11:36:52.968+0000] {subprocess.py:75} INFO - Running command: ['/bin/bash', '-c', 'echo hey, I am task2 and will be running after task1!']
[2023-06-11T11:36:53.539+0000] {subprocess.py:86} INFO - Output:
[2023-06-11T11:36:53.545+0000] {subprocess.py:93} INFO - hey, I am task2 and will be running after task1!
[2023-06-11T11:36:53.547+0000] {subprocess.py:97} INFO - Command exited with return code 0
[2023-06-11T11:36:54.846+0000] {taskinstance.py:1350} INFO - Marking task as SUCCESS. dag_id=first_dag_02, task_id=second_task, execution_date=20220302T000000, start_date=20230611T113644, end_date=20230611T113654
[2023-06-11T11:36:55.027+0000] {local_task_job_runner.py:225} INFO - Task exited with return code 0
[2023-06-11T11:36:55.462+0000] {taskinstance.py:2651} INFO - 0 downstream tasks scheduled from follow-on schedule check
