[2023-06-11T08:54:22.499+0000] {taskinstance.py:1103} INFO - Dependencies all met for dep_context=non-requeueable deps ti=<TaskInstance: first_dag_02.second_task scheduled__2021-11-17T00:00:00+00:00 [queued]>
[2023-06-11T08:54:22.679+0000] {taskinstance.py:1103} INFO - Dependencies all met for dep_context=requeueable deps ti=<TaskInstance: first_dag_02.second_task scheduled__2021-11-17T00:00:00+00:00 [queued]>
[2023-06-11T08:54:22.680+0000] {taskinstance.py:1308} INFO - Starting attempt 1 of 6
[2023-06-11T08:54:23.071+0000] {taskinstance.py:1327} INFO - Executing <Task(BashOperator): second_task> on 2021-11-17 00:00:00+00:00
[2023-06-11T08:54:23.155+0000] {standard_task_runner.py:57} INFO - Started process 1791 to run task
[2023-06-11T08:54:23.299+0000] {standard_task_runner.py:84} INFO - Running: ['***', 'tasks', 'run', 'first_dag_02', 'second_task', 'scheduled__2021-11-17T00:00:00+00:00', '--job-id', '554', '--raw', '--subdir', 'DAGS_FOLDER/First_dag.py', '--cfg-path', '/tmp/tmpvyyj5vbk']
[2023-06-11T08:54:23.304+0000] {standard_task_runner.py:85} INFO - Job 554: Subtask second_task
[2023-06-11T08:54:24.083+0000] {task_command.py:410} INFO - Running <TaskInstance: first_dag_02.second_task scheduled__2021-11-17T00:00:00+00:00 [running]> on host 964e508aad03
[2023-06-11T08:54:26.713+0000] {taskinstance.py:1547} INFO - Exporting env vars: AIRFLOW_CTX_DAG_OWNER='Raja' AIRFLOW_CTX_DAG_ID='first_dag_02' AIRFLOW_CTX_TASK_ID='second_task' AIRFLOW_CTX_EXECUTION_DATE='2021-11-17T00:00:00+00:00' AIRFLOW_CTX_TRY_NUMBER='1' AIRFLOW_CTX_DAG_RUN_ID='scheduled__2021-11-17T00:00:00+00:00'
[2023-06-11T08:54:26.715+0000] {subprocess.py:63} INFO - Tmp dir root location: 
 /tmp
[2023-06-11T08:54:26.716+0000] {subprocess.py:75} INFO - Running command: ['/bin/bash', '-c', 'echo hey, I am task2 and will be running after task1!']
[2023-06-11T08:54:26.796+0000] {subprocess.py:86} INFO - Output:
[2023-06-11T08:54:26.802+0000] {subprocess.py:93} INFO - hey, I am task2 and will be running after task1!
[2023-06-11T08:54:26.806+0000] {subprocess.py:97} INFO - Command exited with return code 0
[2023-06-11T08:54:27.079+0000] {taskinstance.py:1350} INFO - Marking task as SUCCESS. dag_id=first_dag_02, task_id=second_task, execution_date=20211117T000000, start_date=20230611T085422, end_date=20230611T085427
[2023-06-11T08:54:27.614+0000] {local_task_job_runner.py:225} INFO - Task exited with return code 0
[2023-06-11T08:54:28.042+0000] {taskinstance.py:2651} INFO - 0 downstream tasks scheduled from follow-on schedule check
[2023-06-11T11:16:00.328+0000] {taskinstance.py:1103} INFO - Dependencies all met for dep_context=non-requeueable deps ti=<TaskInstance: first_dag_02.second_task scheduled__2021-11-17T00:00:00+00:00 [queued]>
[2023-06-11T11:16:01.631+0000] {taskinstance.py:1103} INFO - Dependencies all met for dep_context=requeueable deps ti=<TaskInstance: first_dag_02.second_task scheduled__2021-11-17T00:00:00+00:00 [queued]>
[2023-06-11T11:16:01.631+0000] {taskinstance.py:1308} INFO - Starting attempt 1 of 6
[2023-06-11T11:16:03.646+0000] {taskinstance.py:1327} INFO - Executing <Task(BashOperator): second_task> on 2021-11-17 00:00:00+00:00
[2023-06-11T11:16:04.243+0000] {standard_task_runner.py:57} INFO - Started process 431 to run task
[2023-06-11T11:16:04.505+0000] {standard_task_runner.py:84} INFO - Running: ['***', 'tasks', 'run', 'first_dag_02', 'second_task', 'scheduled__2021-11-17T00:00:00+00:00', '--job-id', '588', '--raw', '--subdir', 'DAGS_FOLDER/First_dag.py', '--cfg-path', '/tmp/tmpjfxfz6tg']
[2023-06-11T11:16:04.505+0000] {standard_task_runner.py:85} INFO - Job 588: Subtask second_task
[2023-06-11T11:16:05.475+0000] {task_command.py:410} INFO - Running <TaskInstance: first_dag_02.second_task scheduled__2021-11-17T00:00:00+00:00 [running]> on host 7586ce0070ac
[2023-06-11T11:16:11.675+0000] {taskinstance.py:1547} INFO - Exporting env vars: AIRFLOW_CTX_DAG_OWNER='Raja' AIRFLOW_CTX_DAG_ID='first_dag_02' AIRFLOW_CTX_TASK_ID='second_task' AIRFLOW_CTX_EXECUTION_DATE='2021-11-17T00:00:00+00:00' AIRFLOW_CTX_TRY_NUMBER='1' AIRFLOW_CTX_DAG_RUN_ID='scheduled__2021-11-17T00:00:00+00:00'
[2023-06-11T11:16:11.750+0000] {subprocess.py:63} INFO - Tmp dir root location: 
 /tmp
[2023-06-11T11:16:11.852+0000] {subprocess.py:75} INFO - Running command: ['/bin/bash', '-c', 'echo hey, I am task2 and will be running after task1!']
[2023-06-11T11:16:12.122+0000] {subprocess.py:86} INFO - Output:
[2023-06-11T11:16:12.175+0000] {subprocess.py:93} INFO - hey, I am task2 and will be running after task1!
[2023-06-11T11:16:12.177+0000] {subprocess.py:97} INFO - Command exited with return code 0
[2023-06-11T11:16:13.634+0000] {taskinstance.py:1350} INFO - Marking task as SUCCESS. dag_id=first_dag_02, task_id=second_task, execution_date=20211117T000000, start_date=20230611T111600, end_date=20230611T111613
[2023-06-11T11:16:14.199+0000] {local_task_job_runner.py:225} INFO - Task exited with return code 0
[2023-06-11T11:16:15.255+0000] {taskinstance.py:2651} INFO - 0 downstream tasks scheduled from follow-on schedule check
