[2023-06-11T09:48:29.195+0000] {taskinstance.py:1103} INFO - Dependencies all met for dep_context=non-requeueable deps ti=<TaskInstance: first_dag_02.second_task scheduled__2022-06-30T00:00:00+00:00 [queued]>
[2023-06-11T09:48:29.415+0000] {taskinstance.py:1103} INFO - Dependencies all met for dep_context=requeueable deps ti=<TaskInstance: first_dag_02.second_task scheduled__2022-06-30T00:00:00+00:00 [queued]>
[2023-06-11T09:48:29.415+0000] {taskinstance.py:1308} INFO - Starting attempt 1 of 6
[2023-06-11T09:48:29.771+0000] {taskinstance.py:1327} INFO - Executing <Task(BashOperator): second_task> on 2022-06-30 00:00:00+00:00
[2023-06-11T09:48:29.916+0000] {standard_task_runner.py:57} INFO - Started process 5250 to run task
[2023-06-11T09:48:29.971+0000] {standard_task_runner.py:84} INFO - Running: ['***', 'tasks', 'run', 'first_dag_02', 'second_task', 'scheduled__2022-06-30T00:00:00+00:00', '--job-id', '1613', '--raw', '--subdir', 'DAGS_FOLDER/First_dag.py', '--cfg-path', '/tmp/tmpcty9ilze']
[2023-06-11T09:48:30.049+0000] {standard_task_runner.py:85} INFO - Job 1613: Subtask second_task
[2023-06-11T09:48:32.990+0000] {task_command.py:410} INFO - Running <TaskInstance: first_dag_02.second_task scheduled__2022-06-30T00:00:00+00:00 [running]> on host 964e508aad03
[2023-06-11T09:48:36.546+0000] {taskinstance.py:1547} INFO - Exporting env vars: AIRFLOW_CTX_DAG_OWNER='Raja' AIRFLOW_CTX_DAG_ID='first_dag_02' AIRFLOW_CTX_TASK_ID='second_task' AIRFLOW_CTX_EXECUTION_DATE='2022-06-30T00:00:00+00:00' AIRFLOW_CTX_TRY_NUMBER='1' AIRFLOW_CTX_DAG_RUN_ID='scheduled__2022-06-30T00:00:00+00:00'
[2023-06-11T09:48:36.559+0000] {subprocess.py:63} INFO - Tmp dir root location: 
 /tmp
[2023-06-11T09:48:36.559+0000] {subprocess.py:75} INFO - Running command: ['/bin/bash', '-c', 'echo hey, I am task2 and will be running after task1!']
[2023-06-11T09:48:36.834+0000] {subprocess.py:86} INFO - Output:
[2023-06-11T09:48:36.886+0000] {subprocess.py:93} INFO - hey, I am task2 and will be running after task1!
[2023-06-11T09:48:36.888+0000] {subprocess.py:97} INFO - Command exited with return code 0
[2023-06-11T09:48:39.069+0000] {taskinstance.py:1350} INFO - Marking task as SUCCESS. dag_id=first_dag_02, task_id=second_task, execution_date=20220630T000000, start_date=20230611T094829, end_date=20230611T094839
[2023-06-11T09:48:40.214+0000] {local_task_job_runner.py:225} INFO - Task exited with return code 0
[2023-06-11T09:48:41.326+0000] {taskinstance.py:2651} INFO - 0 downstream tasks scheduled from follow-on schedule check
[2023-06-11T15:34:45.221+0000] {taskinstance.py:1103} INFO - Dependencies all met for dep_context=non-requeueable deps ti=<TaskInstance: first_dag_02.second_task scheduled__2022-06-30T00:00:00+00:00 [queued]>
[2023-06-11T15:34:45.657+0000] {taskinstance.py:1103} INFO - Dependencies all met for dep_context=requeueable deps ti=<TaskInstance: first_dag_02.second_task scheduled__2022-06-30T00:00:00+00:00 [queued]>
[2023-06-11T15:34:45.657+0000] {taskinstance.py:1308} INFO - Starting attempt 1 of 6
[2023-06-11T15:34:46.651+0000] {taskinstance.py:1327} INFO - Executing <Task(BashOperator): second_task> on 2022-06-30 00:00:00+00:00
[2023-06-11T15:34:46.697+0000] {standard_task_runner.py:57} INFO - Started process 1790 to run task
[2023-06-11T15:34:46.722+0000] {standard_task_runner.py:84} INFO - Running: ['***', 'tasks', 'run', 'first_dag_02', 'second_task', 'scheduled__2022-06-30T00:00:00+00:00', '--job-id', '1638', '--raw', '--subdir', 'DAGS_FOLDER/First_dag.py', '--cfg-path', '/tmp/tmpju0au3wa']
[2023-06-11T15:34:46.756+0000] {standard_task_runner.py:85} INFO - Job 1638: Subtask second_task
[2023-06-11T15:34:47.736+0000] {task_command.py:410} INFO - Running <TaskInstance: first_dag_02.second_task scheduled__2022-06-30T00:00:00+00:00 [running]> on host 7586ce0070ac
[2023-06-11T15:34:50.358+0000] {taskinstance.py:1547} INFO - Exporting env vars: AIRFLOW_CTX_DAG_OWNER='Raja' AIRFLOW_CTX_DAG_ID='first_dag_02' AIRFLOW_CTX_TASK_ID='second_task' AIRFLOW_CTX_EXECUTION_DATE='2022-06-30T00:00:00+00:00' AIRFLOW_CTX_TRY_NUMBER='1' AIRFLOW_CTX_DAG_RUN_ID='scheduled__2022-06-30T00:00:00+00:00'
[2023-06-11T15:34:50.382+0000] {subprocess.py:63} INFO - Tmp dir root location: 
 /tmp
[2023-06-11T15:34:50.383+0000] {subprocess.py:75} INFO - Running command: ['/bin/bash', '-c', 'echo hey, I am task2 and will be running after task1!']
[2023-06-11T15:34:50.859+0000] {subprocess.py:86} INFO - Output:
[2023-06-11T15:34:50.920+0000] {subprocess.py:93} INFO - hey, I am task2 and will be running after task1!
[2023-06-11T15:34:50.921+0000] {subprocess.py:97} INFO - Command exited with return code 0
[2023-06-11T15:34:51.662+0000] {taskinstance.py:1350} INFO - Marking task as SUCCESS. dag_id=first_dag_02, task_id=second_task, execution_date=20220630T000000, start_date=20230611T153445, end_date=20230611T153451
[2023-06-11T15:34:52.297+0000] {local_task_job_runner.py:225} INFO - Task exited with return code 0
[2023-06-11T15:34:52.808+0000] {taskinstance.py:2651} INFO - 0 downstream tasks scheduled from follow-on schedule check
