[2023-06-11T04:49:00.994+0000] {taskinstance.py:1103} INFO - Dependencies all met for dep_context=non-requeueable deps ti=<TaskInstance: first_dag_02.second_task scheduled__2021-09-15T00:00:00+00:00 [queued]>
[2023-06-11T04:49:02.093+0000] {taskinstance.py:1103} INFO - Dependencies all met for dep_context=requeueable deps ti=<TaskInstance: first_dag_02.second_task scheduled__2021-09-15T00:00:00+00:00 [queued]>
[2023-06-11T04:49:02.130+0000] {taskinstance.py:1308} INFO - Starting attempt 1 of 6
[2023-06-11T04:49:03.114+0000] {taskinstance.py:1327} INFO - Executing <Task(BashOperator): second_task> on 2021-09-15 00:00:00+00:00
[2023-06-11T04:49:03.148+0000] {standard_task_runner.py:57} INFO - Started process 679 to run task
[2023-06-11T04:49:03.412+0000] {standard_task_runner.py:84} INFO - Running: ['***', 'tasks', 'run', 'first_dag_02', 'second_task', 'scheduled__2021-09-15T00:00:00+00:00', '--job-id', '194', '--raw', '--subdir', 'DAGS_FOLDER/First_dag.py', '--cfg-path', '/tmp/tmpycn9rga3']
[2023-06-11T04:49:03.478+0000] {standard_task_runner.py:85} INFO - Job 194: Subtask second_task
[2023-06-11T04:49:06.548+0000] {task_command.py:410} INFO - Running <TaskInstance: first_dag_02.second_task scheduled__2021-09-15T00:00:00+00:00 [running]> on host 4b1b5d40d165
[2023-06-11T04:49:11.744+0000] {taskinstance.py:1547} INFO - Exporting env vars: AIRFLOW_CTX_DAG_OWNER='Raja' AIRFLOW_CTX_DAG_ID='first_dag_02' AIRFLOW_CTX_TASK_ID='second_task' AIRFLOW_CTX_EXECUTION_DATE='2021-09-15T00:00:00+00:00' AIRFLOW_CTX_TRY_NUMBER='1' AIRFLOW_CTX_DAG_RUN_ID='scheduled__2021-09-15T00:00:00+00:00'
[2023-06-11T04:49:11.924+0000] {subprocess.py:63} INFO - Tmp dir root location: 
 /tmp
[2023-06-11T04:49:12.058+0000] {subprocess.py:75} INFO - Running command: ['/bin/bash', '-c', 'echo hey, I am task2 and will be running after task1!']
[2023-06-11T04:49:12.942+0000] {subprocess.py:86} INFO - Output:
[2023-06-11T04:49:12.985+0000] {subprocess.py:93} INFO - hey, I am task2 and will be running after task1!
[2023-06-11T04:49:12.986+0000] {subprocess.py:97} INFO - Command exited with return code 0
[2023-06-11T04:49:13.535+0000] {taskinstance.py:1350} INFO - Marking task as SUCCESS. dag_id=first_dag_02, task_id=second_task, execution_date=20210915T000000, start_date=20230611T044901, end_date=20230611T044913
[2023-06-11T04:49:15.851+0000] {local_task_job_runner.py:225} INFO - Task exited with return code 0
[2023-06-11T04:49:18.838+0000] {taskinstance.py:2651} INFO - 0 downstream tasks scheduled from follow-on schedule check
[2023-06-11T08:25:51.417+0000] {taskinstance.py:1103} INFO - Dependencies all met for dep_context=non-requeueable deps ti=<TaskInstance: first_dag_02.second_task scheduled__2021-09-15T00:00:00+00:00 [queued]>
[2023-06-11T08:25:52.211+0000] {taskinstance.py:1103} INFO - Dependencies all met for dep_context=requeueable deps ti=<TaskInstance: first_dag_02.second_task scheduled__2021-09-15T00:00:00+00:00 [queued]>
[2023-06-11T08:25:52.213+0000] {taskinstance.py:1308} INFO - Starting attempt 1 of 6
[2023-06-11T08:25:54.418+0000] {taskinstance.py:1327} INFO - Executing <Task(BashOperator): second_task> on 2021-09-15 00:00:00+00:00
[2023-06-11T08:25:54.614+0000] {standard_task_runner.py:57} INFO - Started process 1105 to run task
[2023-06-11T08:25:54.961+0000] {standard_task_runner.py:84} INFO - Running: ['***', 'tasks', 'run', 'first_dag_02', 'second_task', 'scheduled__2021-09-15T00:00:00+00:00', '--job-id', '340', '--raw', '--subdir', 'DAGS_FOLDER/First_dag.py', '--cfg-path', '/tmp/tmpu8103km9']
[2023-06-11T08:25:54.974+0000] {standard_task_runner.py:85} INFO - Job 340: Subtask second_task
[2023-06-11T08:25:56.601+0000] {task_command.py:410} INFO - Running <TaskInstance: first_dag_02.second_task scheduled__2021-09-15T00:00:00+00:00 [running]> on host 492037cdd057
[2023-06-11T08:26:10.987+0000] {taskinstance.py:1547} INFO - Exporting env vars: AIRFLOW_CTX_DAG_OWNER='Raja' AIRFLOW_CTX_DAG_ID='first_dag_02' AIRFLOW_CTX_TASK_ID='second_task' AIRFLOW_CTX_EXECUTION_DATE='2021-09-15T00:00:00+00:00' AIRFLOW_CTX_TRY_NUMBER='1' AIRFLOW_CTX_DAG_RUN_ID='scheduled__2021-09-15T00:00:00+00:00'
[2023-06-11T08:26:11.004+0000] {subprocess.py:63} INFO - Tmp dir root location: 
 /tmp
[2023-06-11T08:26:11.005+0000] {subprocess.py:75} INFO - Running command: ['/bin/bash', '-c', 'echo hey, I am task2 and will be running after task1!']
[2023-06-11T08:26:12.684+0000] {subprocess.py:86} INFO - Output:
[2023-06-11T08:26:13.047+0000] {subprocess.py:93} INFO - hey, I am task2 and will be running after task1!
[2023-06-11T08:26:13.051+0000] {subprocess.py:97} INFO - Command exited with return code 0
[2023-06-11T08:26:14.922+0000] {taskinstance.py:1350} INFO - Marking task as SUCCESS. dag_id=first_dag_02, task_id=second_task, execution_date=20210915T000000, start_date=20230611T082551, end_date=20230611T082614
[2023-06-11T08:26:16.303+0000] {local_task_job_runner.py:225} INFO - Task exited with return code 0
[2023-06-11T08:26:17.716+0000] {taskinstance.py:2651} INFO - 0 downstream tasks scheduled from follow-on schedule check
[2023-06-11T08:50:25.307+0000] {taskinstance.py:1103} INFO - Dependencies all met for dep_context=non-requeueable deps ti=<TaskInstance: first_dag_02.second_task scheduled__2021-09-15T00:00:00+00:00 [queued]>
[2023-06-11T08:50:25.722+0000] {taskinstance.py:1103} INFO - Dependencies all met for dep_context=requeueable deps ti=<TaskInstance: first_dag_02.second_task scheduled__2021-09-15T00:00:00+00:00 [queued]>
[2023-06-11T08:50:25.739+0000] {taskinstance.py:1308} INFO - Starting attempt 1 of 6
[2023-06-11T08:50:26.384+0000] {taskinstance.py:1327} INFO - Executing <Task(BashOperator): second_task> on 2021-09-15 00:00:00+00:00
[2023-06-11T08:50:26.474+0000] {standard_task_runner.py:57} INFO - Started process 886 to run task
[2023-06-11T08:50:26.506+0000] {standard_task_runner.py:84} INFO - Running: ['***', 'tasks', 'run', 'first_dag_02', 'second_task', 'scheduled__2021-09-15T00:00:00+00:00', '--job-id', '272', '--raw', '--subdir', 'DAGS_FOLDER/First_dag.py', '--cfg-path', '/tmp/tmp048drl53']
[2023-06-11T08:50:26.507+0000] {standard_task_runner.py:85} INFO - Job 272: Subtask second_task
[2023-06-11T08:50:27.199+0000] {task_command.py:410} INFO - Running <TaskInstance: first_dag_02.second_task scheduled__2021-09-15T00:00:00+00:00 [running]> on host 964e508aad03
[2023-06-11T08:50:29.537+0000] {taskinstance.py:1547} INFO - Exporting env vars: AIRFLOW_CTX_DAG_OWNER='Raja' AIRFLOW_CTX_DAG_ID='first_dag_02' AIRFLOW_CTX_TASK_ID='second_task' AIRFLOW_CTX_EXECUTION_DATE='2021-09-15T00:00:00+00:00' AIRFLOW_CTX_TRY_NUMBER='1' AIRFLOW_CTX_DAG_RUN_ID='scheduled__2021-09-15T00:00:00+00:00'
[2023-06-11T08:50:29.539+0000] {subprocess.py:63} INFO - Tmp dir root location: 
 /tmp
[2023-06-11T08:50:29.540+0000] {subprocess.py:75} INFO - Running command: ['/bin/bash', '-c', 'echo hey, I am task2 and will be running after task1!']
[2023-06-11T08:50:29.601+0000] {subprocess.py:86} INFO - Output:
[2023-06-11T08:50:29.613+0000] {subprocess.py:93} INFO - hey, I am task2 and will be running after task1!
[2023-06-11T08:50:29.636+0000] {subprocess.py:97} INFO - Command exited with return code 0
[2023-06-11T08:50:29.939+0000] {taskinstance.py:1350} INFO - Marking task as SUCCESS. dag_id=first_dag_02, task_id=second_task, execution_date=20210915T000000, start_date=20230611T085025, end_date=20230611T085029
[2023-06-11T08:50:30.188+0000] {local_task_job_runner.py:225} INFO - Task exited with return code 0
[2023-06-11T08:50:30.733+0000] {taskinstance.py:2651} INFO - 0 downstream tasks scheduled from follow-on schedule check
[2023-06-11T10:52:46.853+0000] {taskinstance.py:1097} INFO - Dependencies not met for <TaskInstance: first_dag_02.second_task scheduled__2021-09-15T00:00:00+00:00 [scheduled]>, dependency 'Task Instance State' FAILED: Task is in the 'scheduled' state.
[2023-06-11T10:52:47.402+0000] {local_task_job_runner.py:154} INFO - Task is not able to be run
[2023-06-11T10:53:57.761+0000] {taskinstance.py:1103} INFO - Dependencies all met for dep_context=non-requeueable deps ti=<TaskInstance: first_dag_02.second_task scheduled__2021-09-15T00:00:00+00:00 [queued]>
[2023-06-11T10:53:58.249+0000] {taskinstance.py:1103} INFO - Dependencies all met for dep_context=requeueable deps ti=<TaskInstance: first_dag_02.second_task scheduled__2021-09-15T00:00:00+00:00 [queued]>
[2023-06-11T10:53:58.664+0000] {taskinstance.py:1308} INFO - Starting attempt 1 of 6
[2023-06-11T10:54:10.258+0000] {taskinstance.py:1327} INFO - Executing <Task(BashOperator): second_task> on 2021-09-15 00:00:00+00:00
[2023-06-11T10:54:10.307+0000] {standard_task_runner.py:57} INFO - Started process 1024 to run task
[2023-06-11T10:54:10.553+0000] {standard_task_runner.py:84} INFO - Running: ['***', 'tasks', 'run', 'first_dag_02', 'second_task', 'scheduled__2021-09-15T00:00:00+00:00', '--job-id', '280', '--raw', '--subdir', 'DAGS_FOLDER/First_dag.py', '--cfg-path', '/tmp/tmpssibvyz2']
[2023-06-11T10:54:10.554+0000] {standard_task_runner.py:85} INFO - Job 280: Subtask second_task
[2023-06-11T10:54:11.842+0000] {task_command.py:410} INFO - Running <TaskInstance: first_dag_02.second_task scheduled__2021-09-15T00:00:00+00:00 [running]> on host 7586ce0070ac
[2023-06-11T10:54:16.751+0000] {taskinstance.py:1547} INFO - Exporting env vars: AIRFLOW_CTX_DAG_OWNER='Raja' AIRFLOW_CTX_DAG_ID='first_dag_02' AIRFLOW_CTX_TASK_ID='second_task' AIRFLOW_CTX_EXECUTION_DATE='2021-09-15T00:00:00+00:00' AIRFLOW_CTX_TRY_NUMBER='1' AIRFLOW_CTX_DAG_RUN_ID='scheduled__2021-09-15T00:00:00+00:00'
[2023-06-11T10:54:16.778+0000] {subprocess.py:63} INFO - Tmp dir root location: 
 /tmp
[2023-06-11T10:54:16.783+0000] {subprocess.py:75} INFO - Running command: ['/bin/bash', '-c', 'echo hey, I am task2 and will be running after task1!']
[2023-06-11T10:54:17.442+0000] {subprocess.py:86} INFO - Output:
[2023-06-11T10:54:17.601+0000] {subprocess.py:93} INFO - hey, I am task2 and will be running after task1!
[2023-06-11T10:54:17.604+0000] {subprocess.py:97} INFO - Command exited with return code 0
[2023-06-11T10:54:18.432+0000] {taskinstance.py:1350} INFO - Marking task as SUCCESS. dag_id=first_dag_02, task_id=second_task, execution_date=20210915T000000, start_date=20230611T105357, end_date=20230611T105418
[2023-06-11T10:54:19.271+0000] {local_task_job_runner.py:225} INFO - Task exited with return code 0
[2023-06-11T10:54:19.752+0000] {taskinstance.py:2651} INFO - 0 downstream tasks scheduled from follow-on schedule check
