[2023-06-11T08:57:30.527+0000] {taskinstance.py:1103} INFO - Dependencies all met for dep_context=non-requeueable deps ti=<TaskInstance: first_dag_02.first_task scheduled__2022-01-08T00:00:00+00:00 [queued]>
[2023-06-11T08:57:30.773+0000] {taskinstance.py:1103} INFO - Dependencies all met for dep_context=requeueable deps ti=<TaskInstance: first_dag_02.first_task scheduled__2022-01-08T00:00:00+00:00 [queued]>
[2023-06-11T08:57:30.774+0000] {taskinstance.py:1308} INFO - Starting attempt 1 of 6
[2023-06-11T08:57:31.249+0000] {taskinstance.py:1327} INFO - Executing <Task(BashOperator): first_task> on 2022-01-08 00:00:00+00:00
[2023-06-11T08:57:31.391+0000] {standard_task_runner.py:84} INFO - Running: ['***', 'tasks', 'run', 'first_dag_02', 'first_task', 'scheduled__2022-01-08T00:00:00+00:00', '--job-id', '778', '--raw', '--subdir', 'DAGS_FOLDER/First_dag.py', '--cfg-path', '/tmp/tmplxlh12it']
[2023-06-11T08:57:31.392+0000] {standard_task_runner.py:85} INFO - Job 778: Subtask first_task
[2023-06-11T08:57:31.295+0000] {standard_task_runner.py:57} INFO - Started process 2500 to run task
[2023-06-11T08:57:31.749+0000] {task_command.py:410} INFO - Running <TaskInstance: first_dag_02.first_task scheduled__2022-01-08T00:00:00+00:00 [running]> on host 964e508aad03
[2023-06-11T08:57:33.153+0000] {taskinstance.py:1547} INFO - Exporting env vars: AIRFLOW_CTX_DAG_OWNER='Raja' AIRFLOW_CTX_DAG_ID='first_dag_02' AIRFLOW_CTX_TASK_ID='first_task' AIRFLOW_CTX_EXECUTION_DATE='2022-01-08T00:00:00+00:00' AIRFLOW_CTX_TRY_NUMBER='1' AIRFLOW_CTX_DAG_RUN_ID='scheduled__2022-01-08T00:00:00+00:00'
[2023-06-11T08:57:33.166+0000] {subprocess.py:63} INFO - Tmp dir root location: 
 /tmp
[2023-06-11T08:57:33.167+0000] {subprocess.py:75} INFO - Running command: ['/bin/bash', '-c', 'echo hello world, this is the first task!']
[2023-06-11T08:57:33.352+0000] {subprocess.py:86} INFO - Output:
[2023-06-11T08:57:33.438+0000] {subprocess.py:93} INFO - hello world, this is the first task!
[2023-06-11T08:57:33.438+0000] {subprocess.py:97} INFO - Command exited with return code 0
[2023-06-11T08:57:33.853+0000] {taskinstance.py:1350} INFO - Marking task as SUCCESS. dag_id=first_dag_02, task_id=first_task, execution_date=20220108T000000, start_date=20230611T085730, end_date=20230611T085733
[2023-06-11T08:57:34.221+0000] {local_task_job_runner.py:225} INFO - Task exited with return code 0
[2023-06-11T08:57:34.765+0000] {taskinstance.py:2651} INFO - 2 downstream tasks scheduled from follow-on schedule check
[2023-06-11T11:28:38.627+0000] {taskinstance.py:1103} INFO - Dependencies all met for dep_context=non-requeueable deps ti=<TaskInstance: first_dag_02.first_task scheduled__2022-01-08T00:00:00+00:00 [queued]>
[2023-06-11T11:28:38.928+0000] {taskinstance.py:1103} INFO - Dependencies all met for dep_context=requeueable deps ti=<TaskInstance: first_dag_02.first_task scheduled__2022-01-08T00:00:00+00:00 [queued]>
[2023-06-11T11:28:38.928+0000] {taskinstance.py:1308} INFO - Starting attempt 1 of 6
[2023-06-11T11:28:39.551+0000] {taskinstance.py:1327} INFO - Executing <Task(BashOperator): first_task> on 2022-01-08 00:00:00+00:00
[2023-06-11T11:28:39.844+0000] {standard_task_runner.py:57} INFO - Started process 94 to run task
[2023-06-11T11:28:40.211+0000] {standard_task_runner.py:84} INFO - Running: ['***', 'tasks', 'run', 'first_dag_02', 'first_task', 'scheduled__2022-01-08T00:00:00+00:00', '--job-id', '837', '--raw', '--subdir', 'DAGS_FOLDER/First_dag.py', '--cfg-path', '/tmp/tmpg0g4si6w']
[2023-06-11T11:28:40.212+0000] {standard_task_runner.py:85} INFO - Job 837: Subtask first_task
[2023-06-11T11:28:41.733+0000] {task_command.py:410} INFO - Running <TaskInstance: first_dag_02.first_task scheduled__2022-01-08T00:00:00+00:00 [running]> on host 7586ce0070ac
[2023-06-11T11:28:43.437+0000] {taskinstance.py:1547} INFO - Exporting env vars: AIRFLOW_CTX_DAG_OWNER='Raja' AIRFLOW_CTX_DAG_ID='first_dag_02' AIRFLOW_CTX_TASK_ID='first_task' AIRFLOW_CTX_EXECUTION_DATE='2022-01-08T00:00:00+00:00' AIRFLOW_CTX_TRY_NUMBER='1' AIRFLOW_CTX_DAG_RUN_ID='scheduled__2022-01-08T00:00:00+00:00'
[2023-06-11T11:28:43.454+0000] {subprocess.py:63} INFO - Tmp dir root location: 
 /tmp
[2023-06-11T11:28:43.456+0000] {subprocess.py:75} INFO - Running command: ['/bin/bash', '-c', 'echo hello world, this is the first task!']
[2023-06-11T11:28:43.517+0000] {subprocess.py:86} INFO - Output:
[2023-06-11T11:28:43.518+0000] {subprocess.py:93} INFO - hello world, this is the first task!
[2023-06-11T11:28:43.518+0000] {subprocess.py:97} INFO - Command exited with return code 0
[2023-06-11T11:28:43.945+0000] {taskinstance.py:1350} INFO - Marking task as SUCCESS. dag_id=first_dag_02, task_id=first_task, execution_date=20220108T000000, start_date=20230611T112838, end_date=20230611T112843
[2023-06-11T11:28:44.469+0000] {local_task_job_runner.py:225} INFO - Task exited with return code 0
[2023-06-11T11:28:45.291+0000] {taskinstance.py:2651} INFO - 2 downstream tasks scheduled from follow-on schedule check
