[2023-06-11T06:15:18.059+0000] {taskinstance.py:1103} INFO - Dependencies all met for dep_context=non-requeueable deps ti=<TaskInstance: dag_pythonoperator_18.get_age scheduled__2023-06-03T00:00:00+00:00 [queued]>
[2023-06-11T06:15:18.180+0000] {taskinstance.py:1103} INFO - Dependencies all met for dep_context=requeueable deps ti=<TaskInstance: dag_pythonoperator_18.get_age scheduled__2023-06-03T00:00:00+00:00 [queued]>
[2023-06-11T06:15:18.181+0000] {taskinstance.py:1308} INFO - Starting attempt 1 of 6
[2023-06-11T06:15:18.323+0000] {taskinstance.py:1327} INFO - Executing <Task(PythonOperator): get_age> on 2023-06-03 00:00:00+00:00
[2023-06-11T06:15:18.351+0000] {standard_task_runner.py:57} INFO - Started process 529 to run task
[2023-06-11T06:15:18.361+0000] {standard_task_runner.py:84} INFO - Running: ['***', 'tasks', 'run', 'dag_pythonoperator_18', 'get_age', 'scheduled__2023-06-03T00:00:00+00:00', '--job-id', '697', '--raw', '--subdir', 'DAGS_FOLDER/python_operator_dag.py', '--cfg-path', '/tmp/tmpwxafdmye']
[2023-06-11T06:15:18.362+0000] {standard_task_runner.py:85} INFO - Job 697: Subtask get_age
[2023-06-11T06:15:19.056+0000] {task_command.py:410} INFO - Running <TaskInstance: dag_pythonoperator_18.get_age scheduled__2023-06-03T00:00:00+00:00 [running]> on host 69e374580eab
[2023-06-11T06:15:22.038+0000] {taskinstance.py:1547} INFO - Exporting env vars: AIRFLOW_CTX_DAG_OWNER='Raja' AIRFLOW_CTX_DAG_ID='dag_pythonoperator_18' AIRFLOW_CTX_TASK_ID='get_age' AIRFLOW_CTX_EXECUTION_DATE='2023-06-03T00:00:00+00:00' AIRFLOW_CTX_TRY_NUMBER='1' AIRFLOW_CTX_DAG_RUN_ID='scheduled__2023-06-03T00:00:00+00:00'
[2023-06-11T06:15:22.179+0000] {python.py:183} INFO - Done. Returned value was: None
[2023-06-11T06:15:22.310+0000] {taskinstance.py:1350} INFO - Marking task as SUCCESS. dag_id=dag_pythonoperator_18, task_id=get_age, execution_date=20230603T000000, start_date=20230611T061518, end_date=20230611T061522
[2023-06-11T06:15:22.494+0000] {local_task_job_runner.py:225} INFO - Task exited with return code 0
[2023-06-11T06:15:23.133+0000] {taskinstance.py:2651} INFO - 1 downstream tasks scheduled from follow-on schedule check
[2023-06-11T08:16:34.955+0000] {taskinstance.py:1103} INFO - Dependencies all met for dep_context=non-requeueable deps ti=<TaskInstance: dag_pythonoperator_18.get_age scheduled__2023-06-03T00:00:00+00:00 [queued]>
[2023-06-11T08:16:35.675+0000] {taskinstance.py:1103} INFO - Dependencies all met for dep_context=requeueable deps ti=<TaskInstance: dag_pythonoperator_18.get_age scheduled__2023-06-03T00:00:00+00:00 [queued]>
[2023-06-11T08:16:35.678+0000] {taskinstance.py:1308} INFO - Starting attempt 1 of 6
[2023-06-11T08:16:37.141+0000] {taskinstance.py:1327} INFO - Executing <Task(PythonOperator): get_age> on 2023-06-03 00:00:00+00:00
[2023-06-11T08:16:37.169+0000] {standard_task_runner.py:57} INFO - Started process 306 to run task
[2023-06-11T08:16:37.192+0000] {standard_task_runner.py:84} INFO - Running: ['***', 'tasks', 'run', 'dag_pythonoperator_18', 'get_age', 'scheduled__2023-06-03T00:00:00+00:00', '--job-id', '112', '--raw', '--subdir', 'DAGS_FOLDER/python_operator_dag.py', '--cfg-path', '/tmp/tmpxc40tfk2']
[2023-06-11T08:16:37.193+0000] {standard_task_runner.py:85} INFO - Job 112: Subtask get_age
[2023-06-11T08:16:38.770+0000] {task_command.py:410} INFO - Running <TaskInstance: dag_pythonoperator_18.get_age scheduled__2023-06-03T00:00:00+00:00 [running]> on host 492037cdd057
[2023-06-11T08:16:45.273+0000] {taskinstance.py:1547} INFO - Exporting env vars: AIRFLOW_CTX_DAG_OWNER='Raja' AIRFLOW_CTX_DAG_ID='dag_pythonoperator_18' AIRFLOW_CTX_TASK_ID='get_age' AIRFLOW_CTX_EXECUTION_DATE='2023-06-03T00:00:00+00:00' AIRFLOW_CTX_TRY_NUMBER='1' AIRFLOW_CTX_DAG_RUN_ID='scheduled__2023-06-03T00:00:00+00:00'
[2023-06-11T08:16:45.400+0000] {python.py:183} INFO - Done. Returned value was: None
[2023-06-11T08:16:46.980+0000] {taskinstance.py:1350} INFO - Marking task as SUCCESS. dag_id=dag_pythonoperator_18, task_id=get_age, execution_date=20230603T000000, start_date=20230611T081634, end_date=20230611T081646
[2023-06-11T08:16:48.234+0000] {local_task_job_runner.py:225} INFO - Task exited with return code 0
[2023-06-11T08:16:50.011+0000] {taskinstance.py:2651} INFO - 0 downstream tasks scheduled from follow-on schedule check
[2023-06-11T08:47:35.367+0000] {taskinstance.py:1103} INFO - Dependencies all met for dep_context=non-requeueable deps ti=<TaskInstance: dag_pythonoperator_18.get_age scheduled__2023-06-03T00:00:00+00:00 [queued]>
[2023-06-11T08:47:35.698+0000] {taskinstance.py:1103} INFO - Dependencies all met for dep_context=requeueable deps ti=<TaskInstance: dag_pythonoperator_18.get_age scheduled__2023-06-03T00:00:00+00:00 [queued]>
[2023-06-11T08:47:35.699+0000] {taskinstance.py:1308} INFO - Starting attempt 1 of 6
[2023-06-11T08:47:36.055+0000] {taskinstance.py:1327} INFO - Executing <Task(PythonOperator): get_age> on 2023-06-03 00:00:00+00:00
[2023-06-11T08:47:36.094+0000] {standard_task_runner.py:57} INFO - Started process 263 to run task
[2023-06-11T08:47:36.131+0000] {standard_task_runner.py:84} INFO - Running: ['***', 'tasks', 'run', 'dag_pythonoperator_18', 'get_age', 'scheduled__2023-06-03T00:00:00+00:00', '--job-id', '69', '--raw', '--subdir', 'DAGS_FOLDER/python_operator_dag.py', '--cfg-path', '/tmp/tmp2z__ji48']
[2023-06-11T08:47:36.152+0000] {standard_task_runner.py:85} INFO - Job 69: Subtask get_age
[2023-06-11T08:47:36.761+0000] {task_command.py:410} INFO - Running <TaskInstance: dag_pythonoperator_18.get_age scheduled__2023-06-03T00:00:00+00:00 [running]> on host 964e508aad03
[2023-06-11T08:47:38.325+0000] {taskinstance.py:1547} INFO - Exporting env vars: AIRFLOW_CTX_DAG_OWNER='Raja' AIRFLOW_CTX_DAG_ID='dag_pythonoperator_18' AIRFLOW_CTX_TASK_ID='get_age' AIRFLOW_CTX_EXECUTION_DATE='2023-06-03T00:00:00+00:00' AIRFLOW_CTX_TRY_NUMBER='1' AIRFLOW_CTX_DAG_RUN_ID='scheduled__2023-06-03T00:00:00+00:00'
[2023-06-11T08:47:38.516+0000] {python.py:183} INFO - Done. Returned value was: None
[2023-06-11T08:47:38.662+0000] {taskinstance.py:1350} INFO - Marking task as SUCCESS. dag_id=dag_pythonoperator_18, task_id=get_age, execution_date=20230603T000000, start_date=20230611T084735, end_date=20230611T084738
[2023-06-11T08:47:38.820+0000] {local_task_job_runner.py:225} INFO - Task exited with return code 0
[2023-06-11T08:47:39.149+0000] {taskinstance.py:2651} INFO - 1 downstream tasks scheduled from follow-on schedule check
[2023-06-11T10:37:42.731+0000] {taskinstance.py:1103} INFO - Dependencies all met for dep_context=non-requeueable deps ti=<TaskInstance: dag_pythonoperator_18.get_age scheduled__2023-06-03T00:00:00+00:00 [queued]>
[2023-06-11T10:37:43.256+0000] {taskinstance.py:1103} INFO - Dependencies all met for dep_context=requeueable deps ti=<TaskInstance: dag_pythonoperator_18.get_age scheduled__2023-06-03T00:00:00+00:00 [queued]>
[2023-06-11T10:37:43.257+0000] {taskinstance.py:1308} INFO - Starting attempt 1 of 6
[2023-06-11T10:37:44.606+0000] {taskinstance.py:1327} INFO - Executing <Task(PythonOperator): get_age> on 2023-06-03 00:00:00+00:00
[2023-06-11T10:37:44.620+0000] {standard_task_runner.py:57} INFO - Started process 283 to run task
[2023-06-11T10:37:44.655+0000] {standard_task_runner.py:84} INFO - Running: ['***', 'tasks', 'run', 'dag_pythonoperator_18', 'get_age', 'scheduled__2023-06-03T00:00:00+00:00', '--job-id', '67', '--raw', '--subdir', 'DAGS_FOLDER/python_operator_dag.py', '--cfg-path', '/tmp/tmp9iy0ogv2']
[2023-06-11T10:37:44.661+0000] {standard_task_runner.py:85} INFO - Job 67: Subtask get_age
[2023-06-11T10:37:47.997+0000] {task_command.py:410} INFO - Running <TaskInstance: dag_pythonoperator_18.get_age scheduled__2023-06-03T00:00:00+00:00 [running]> on host 7586ce0070ac
[2023-06-11T10:37:58.279+0000] {taskinstance.py:1547} INFO - Exporting env vars: AIRFLOW_CTX_DAG_OWNER='Raja' AIRFLOW_CTX_DAG_ID='dag_pythonoperator_18' AIRFLOW_CTX_TASK_ID='get_age' AIRFLOW_CTX_EXECUTION_DATE='2023-06-03T00:00:00+00:00' AIRFLOW_CTX_TRY_NUMBER='1' AIRFLOW_CTX_DAG_RUN_ID='scheduled__2023-06-03T00:00:00+00:00'
[2023-06-11T10:37:58.979+0000] {python.py:183} INFO - Done. Returned value was: None
[2023-06-11T10:37:59.295+0000] {taskinstance.py:1350} INFO - Marking task as SUCCESS. dag_id=dag_pythonoperator_18, task_id=get_age, execution_date=20230603T000000, start_date=20230611T103743, end_date=20230611T103759
[2023-06-11T10:38:00.168+0000] {local_task_job_runner.py:225} INFO - Task exited with return code 0
[2023-06-11T10:38:01.128+0000] {taskinstance.py:2651} INFO - 1 downstream tasks scheduled from follow-on schedule check
[2023-06-12T03:34:30.917+0000] {taskinstance.py:1103} INFO - Dependencies all met for dep_context=non-requeueable deps ti=<TaskInstance: dag_pythonoperator_18.get_age scheduled__2023-06-03T00:00:00+00:00 [queued]>
[2023-06-12T03:34:30.980+0000] {taskinstance.py:1103} INFO - Dependencies all met for dep_context=requeueable deps ti=<TaskInstance: dag_pythonoperator_18.get_age scheduled__2023-06-03T00:00:00+00:00 [queued]>
[2023-06-12T03:34:30.986+0000] {taskinstance.py:1308} INFO - Starting attempt 1 of 6
[2023-06-12T03:34:31.225+0000] {taskinstance.py:1327} INFO - Executing <Task(PythonOperator): get_age> on 2023-06-03 00:00:00+00:00
[2023-06-12T03:34:31.368+0000] {standard_task_runner.py:57} INFO - Started process 291 to run task
[2023-06-12T03:34:31.537+0000] {standard_task_runner.py:84} INFO - Running: ['***', 'tasks', 'run', 'dag_pythonoperator_18', 'get_age', 'scheduled__2023-06-03T00:00:00+00:00', '--job-id', '68', '--raw', '--subdir', 'DAGS_FOLDER/python_operator_dag.py', '--cfg-path', '/tmp/tmpeu_6jij3']
[2023-06-12T03:34:31.606+0000] {standard_task_runner.py:85} INFO - Job 68: Subtask get_age
[2023-06-12T03:34:32.897+0000] {task_command.py:410} INFO - Running <TaskInstance: dag_pythonoperator_18.get_age scheduled__2023-06-03T00:00:00+00:00 [running]> on host 03cd9a7904e9
[2023-06-12T03:34:35.171+0000] {taskinstance.py:1547} INFO - Exporting env vars: AIRFLOW_CTX_DAG_OWNER='Raja' AIRFLOW_CTX_DAG_ID='dag_pythonoperator_18' AIRFLOW_CTX_TASK_ID='get_age' AIRFLOW_CTX_EXECUTION_DATE='2023-06-03T00:00:00+00:00' AIRFLOW_CTX_TRY_NUMBER='1' AIRFLOW_CTX_DAG_RUN_ID='scheduled__2023-06-03T00:00:00+00:00'
[2023-06-12T03:34:35.420+0000] {python.py:183} INFO - Done. Returned value was: None
[2023-06-12T03:34:35.620+0000] {taskinstance.py:1350} INFO - Marking task as SUCCESS. dag_id=dag_pythonoperator_18, task_id=get_age, execution_date=20230603T000000, start_date=20230612T033430, end_date=20230612T033435
[2023-06-12T03:34:36.113+0000] {local_task_job_runner.py:225} INFO - Task exited with return code 0
[2023-06-12T03:34:36.933+0000] {taskinstance.py:2651} INFO - 0 downstream tasks scheduled from follow-on schedule check
