[2023-06-11T04:53:29.234+0000] {taskinstance.py:1103} INFO - Dependencies all met for dep_context=non-requeueable deps ti=<TaskInstance: first_dag_02.second_task scheduled__2021-10-12T00:00:00+00:00 [queued]>
[2023-06-11T04:53:29.425+0000] {taskinstance.py:1103} INFO - Dependencies all met for dep_context=requeueable deps ti=<TaskInstance: first_dag_02.second_task scheduled__2021-10-12T00:00:00+00:00 [queued]>
[2023-06-11T04:53:29.427+0000] {taskinstance.py:1308} INFO - Starting attempt 1 of 6
[2023-06-11T04:53:32.274+0000] {taskinstance.py:1327} INFO - Executing <Task(BashOperator): second_task> on 2021-10-12 00:00:00+00:00
[2023-06-11T04:53:32.332+0000] {standard_task_runner.py:57} INFO - Started process 1058 to run task
[2023-06-11T04:53:32.749+0000] {standard_task_runner.py:84} INFO - Running: ['***', 'tasks', 'run', 'first_dag_02', 'second_task', 'scheduled__2021-10-12T00:00:00+00:00', '--job-id', '314', '--raw', '--subdir', 'DAGS_FOLDER/First_dag.py', '--cfg-path', '/tmp/tmptdxortfy']
[2023-06-11T04:53:32.750+0000] {standard_task_runner.py:85} INFO - Job 314: Subtask second_task
[2023-06-11T04:53:34.924+0000] {task_command.py:410} INFO - Running <TaskInstance: first_dag_02.second_task scheduled__2021-10-12T00:00:00+00:00 [running]> on host 4b1b5d40d165
[2023-06-11T04:53:39.071+0000] {taskinstance.py:1547} INFO - Exporting env vars: AIRFLOW_CTX_DAG_OWNER='Raja' AIRFLOW_CTX_DAG_ID='first_dag_02' AIRFLOW_CTX_TASK_ID='second_task' AIRFLOW_CTX_EXECUTION_DATE='2021-10-12T00:00:00+00:00' AIRFLOW_CTX_TRY_NUMBER='1' AIRFLOW_CTX_DAG_RUN_ID='scheduled__2021-10-12T00:00:00+00:00'
[2023-06-11T04:53:39.100+0000] {subprocess.py:63} INFO - Tmp dir root location: 
 /tmp
[2023-06-11T04:53:39.102+0000] {subprocess.py:75} INFO - Running command: ['/bin/bash', '-c', 'echo hey, I am task2 and will be running after task1!']
[2023-06-11T04:53:39.206+0000] {subprocess.py:86} INFO - Output:
[2023-06-11T04:53:39.224+0000] {subprocess.py:93} INFO - hey, I am task2 and will be running after task1!
[2023-06-11T04:53:39.225+0000] {subprocess.py:97} INFO - Command exited with return code 0
[2023-06-11T04:53:39.826+0000] {taskinstance.py:1350} INFO - Marking task as SUCCESS. dag_id=first_dag_02, task_id=second_task, execution_date=20211012T000000, start_date=20230611T045329, end_date=20230611T045339
[2023-06-11T04:53:41.891+0000] {local_task_job_runner.py:225} INFO - Task exited with return code 0
[2023-06-11T04:53:42.773+0000] {taskinstance.py:2651} INFO - 0 downstream tasks scheduled from follow-on schedule check
[2023-06-11T08:30:09.610+0000] {taskinstance.py:1103} INFO - Dependencies all met for dep_context=non-requeueable deps ti=<TaskInstance: first_dag_02.second_task scheduled__2021-10-12T00:00:00+00:00 [queued]>
[2023-06-11T08:30:10.536+0000] {taskinstance.py:1103} INFO - Dependencies all met for dep_context=requeueable deps ti=<TaskInstance: first_dag_02.second_task scheduled__2021-10-12T00:00:00+00:00 [queued]>
[2023-06-11T08:30:10.537+0000] {taskinstance.py:1308} INFO - Starting attempt 1 of 6
[2023-06-11T08:30:13.108+0000] {taskinstance.py:1327} INFO - Executing <Task(BashOperator): second_task> on 2021-10-12 00:00:00+00:00
[2023-06-11T08:30:13.308+0000] {standard_task_runner.py:57} INFO - Started process 1434 to run task
[2023-06-11T08:30:13.487+0000] {standard_task_runner.py:84} INFO - Running: ['***', 'tasks', 'run', 'first_dag_02', 'second_task', 'scheduled__2021-10-12T00:00:00+00:00', '--job-id', '438', '--raw', '--subdir', 'DAGS_FOLDER/First_dag.py', '--cfg-path', '/tmp/tmpp6l4w12n']
[2023-06-11T08:30:13.495+0000] {standard_task_runner.py:85} INFO - Job 438: Subtask second_task
[2023-06-11T08:30:15.654+0000] {task_command.py:410} INFO - Running <TaskInstance: first_dag_02.second_task scheduled__2021-10-12T00:00:00+00:00 [running]> on host 492037cdd057
[2023-06-11T08:30:23.684+0000] {taskinstance.py:1547} INFO - Exporting env vars: AIRFLOW_CTX_DAG_OWNER='Raja' AIRFLOW_CTX_DAG_ID='first_dag_02' AIRFLOW_CTX_TASK_ID='second_task' AIRFLOW_CTX_EXECUTION_DATE='2021-10-12T00:00:00+00:00' AIRFLOW_CTX_TRY_NUMBER='1' AIRFLOW_CTX_DAG_RUN_ID='scheduled__2021-10-12T00:00:00+00:00'
[2023-06-11T08:30:23.926+0000] {subprocess.py:63} INFO - Tmp dir root location: 
 /tmp
[2023-06-11T08:30:23.941+0000] {subprocess.py:75} INFO - Running command: ['/bin/bash', '-c', 'echo hey, I am task2 and will be running after task1!']
[2023-06-11T08:30:24.113+0000] {subprocess.py:86} INFO - Output:
[2023-06-11T08:30:24.191+0000] {subprocess.py:93} INFO - hey, I am task2 and will be running after task1!
[2023-06-11T08:30:24.194+0000] {subprocess.py:97} INFO - Command exited with return code 0
[2023-06-11T08:30:25.304+0000] {taskinstance.py:1350} INFO - Marking task as SUCCESS. dag_id=first_dag_02, task_id=second_task, execution_date=20211012T000000, start_date=20230611T083009, end_date=20230611T083025
[2023-06-11T08:30:26.072+0000] {local_task_job_runner.py:225} INFO - Task exited with return code 0
[2023-06-11T08:30:26.989+0000] {taskinstance.py:2651} INFO - 0 downstream tasks scheduled from follow-on schedule check
[2023-06-11T08:52:08.663+0000] {taskinstance.py:1103} INFO - Dependencies all met for dep_context=non-requeueable deps ti=<TaskInstance: first_dag_02.second_task scheduled__2021-10-12T00:00:00+00:00 [queued]>
[2023-06-11T08:52:08.861+0000] {taskinstance.py:1103} INFO - Dependencies all met for dep_context=requeueable deps ti=<TaskInstance: first_dag_02.second_task scheduled__2021-10-12T00:00:00+00:00 [queued]>
[2023-06-11T08:52:08.864+0000] {taskinstance.py:1308} INFO - Starting attempt 1 of 6
[2023-06-11T08:52:09.130+0000] {taskinstance.py:1327} INFO - Executing <Task(BashOperator): second_task> on 2021-10-12 00:00:00+00:00
[2023-06-11T08:52:09.189+0000] {standard_task_runner.py:57} INFO - Started process 1271 to run task
[2023-06-11T08:52:09.201+0000] {standard_task_runner.py:84} INFO - Running: ['***', 'tasks', 'run', 'first_dag_02', 'second_task', 'scheduled__2021-10-12T00:00:00+00:00', '--job-id', '394', '--raw', '--subdir', 'DAGS_FOLDER/First_dag.py', '--cfg-path', '/tmp/tmpfe2enw25']
[2023-06-11T08:52:09.203+0000] {standard_task_runner.py:85} INFO - Job 394: Subtask second_task
[2023-06-11T08:52:09.511+0000] {task_command.py:410} INFO - Running <TaskInstance: first_dag_02.second_task scheduled__2021-10-12T00:00:00+00:00 [running]> on host 964e508aad03
[2023-06-11T08:52:10.485+0000] {taskinstance.py:1547} INFO - Exporting env vars: AIRFLOW_CTX_DAG_OWNER='Raja' AIRFLOW_CTX_DAG_ID='first_dag_02' AIRFLOW_CTX_TASK_ID='second_task' AIRFLOW_CTX_EXECUTION_DATE='2021-10-12T00:00:00+00:00' AIRFLOW_CTX_TRY_NUMBER='1' AIRFLOW_CTX_DAG_RUN_ID='scheduled__2021-10-12T00:00:00+00:00'
[2023-06-11T08:52:10.487+0000] {subprocess.py:63} INFO - Tmp dir root location: 
 /tmp
[2023-06-11T08:52:10.487+0000] {subprocess.py:75} INFO - Running command: ['/bin/bash', '-c', 'echo hey, I am task2 and will be running after task1!']
[2023-06-11T08:52:10.582+0000] {subprocess.py:86} INFO - Output:
[2023-06-11T08:52:10.582+0000] {subprocess.py:93} INFO - hey, I am task2 and will be running after task1!
[2023-06-11T08:52:10.583+0000] {subprocess.py:97} INFO - Command exited with return code 0
[2023-06-11T08:52:10.685+0000] {taskinstance.py:1350} INFO - Marking task as SUCCESS. dag_id=first_dag_02, task_id=second_task, execution_date=20211012T000000, start_date=20230611T085208, end_date=20230611T085210
[2023-06-11T08:52:10.789+0000] {local_task_job_runner.py:225} INFO - Task exited with return code 0
[2023-06-11T08:52:10.906+0000] {taskinstance.py:2651} INFO - 0 downstream tasks scheduled from follow-on schedule check
[2023-06-11T10:58:50.675+0000] {taskinstance.py:1103} INFO - Dependencies all met for dep_context=non-requeueable deps ti=<TaskInstance: first_dag_02.second_task scheduled__2021-10-12T00:00:00+00:00 [queued]>
[2023-06-11T10:58:51.704+0000] {taskinstance.py:1103} INFO - Dependencies all met for dep_context=requeueable deps ti=<TaskInstance: first_dag_02.second_task scheduled__2021-10-12T00:00:00+00:00 [queued]>
[2023-06-11T10:58:51.726+0000] {taskinstance.py:1308} INFO - Starting attempt 1 of 6
[2023-06-11T10:58:53.251+0000] {taskinstance.py:1327} INFO - Executing <Task(BashOperator): second_task> on 2021-10-12 00:00:00+00:00
[2023-06-11T10:58:53.609+0000] {standard_task_runner.py:57} INFO - Started process 1416 to run task
[2023-06-11T10:58:53.646+0000] {standard_task_runner.py:84} INFO - Running: ['***', 'tasks', 'run', 'first_dag_02', 'second_task', 'scheduled__2021-10-12T00:00:00+00:00', '--job-id', '392', '--raw', '--subdir', 'DAGS_FOLDER/First_dag.py', '--cfg-path', '/tmp/tmpjy889ota']
[2023-06-11T10:58:53.649+0000] {standard_task_runner.py:85} INFO - Job 392: Subtask second_task
[2023-06-11T10:58:56.594+0000] {task_command.py:410} INFO - Running <TaskInstance: first_dag_02.second_task scheduled__2021-10-12T00:00:00+00:00 [running]> on host 7586ce0070ac
[2023-06-11T10:59:03.366+0000] {taskinstance.py:1547} INFO - Exporting env vars: AIRFLOW_CTX_DAG_OWNER='Raja' AIRFLOW_CTX_DAG_ID='first_dag_02' AIRFLOW_CTX_TASK_ID='second_task' AIRFLOW_CTX_EXECUTION_DATE='2021-10-12T00:00:00+00:00' AIRFLOW_CTX_TRY_NUMBER='1' AIRFLOW_CTX_DAG_RUN_ID='scheduled__2021-10-12T00:00:00+00:00'
[2023-06-11T10:59:03.420+0000] {subprocess.py:63} INFO - Tmp dir root location: 
 /tmp
[2023-06-11T10:59:03.452+0000] {subprocess.py:75} INFO - Running command: ['/bin/bash', '-c', 'echo hey, I am task2 and will be running after task1!']
[2023-06-11T10:59:03.556+0000] {subprocess.py:86} INFO - Output:
[2023-06-11T10:59:03.629+0000] {subprocess.py:93} INFO - hey, I am task2 and will be running after task1!
[2023-06-11T10:59:03.644+0000] {subprocess.py:97} INFO - Command exited with return code 0
[2023-06-11T10:59:03.838+0000] {taskinstance.py:1350} INFO - Marking task as SUCCESS. dag_id=first_dag_02, task_id=second_task, execution_date=20211012T000000, start_date=20230611T105850, end_date=20230611T105903
[2023-06-11T10:59:04.256+0000] {local_task_job_runner.py:225} INFO - Task exited with return code 0
[2023-06-11T10:59:04.942+0000] {taskinstance.py:2651} INFO - 0 downstream tasks scheduled from follow-on schedule check
