[2023-06-11T09:00:32.578+0000] {taskinstance.py:1103} INFO - Dependencies all met for dep_context=non-requeueable deps ti=<TaskInstance: first_dag_02.second_task scheduled__2022-02-20T00:00:00+00:00 [queued]>
[2023-06-11T09:00:32.671+0000] {taskinstance.py:1103} INFO - Dependencies all met for dep_context=requeueable deps ti=<TaskInstance: first_dag_02.second_task scheduled__2022-02-20T00:00:00+00:00 [queued]>
[2023-06-11T09:00:32.672+0000] {taskinstance.py:1308} INFO - Starting attempt 1 of 6
[2023-06-11T09:00:32.868+0000] {taskinstance.py:1327} INFO - Executing <Task(BashOperator): second_task> on 2022-02-20 00:00:00+00:00
[2023-06-11T09:00:32.894+0000] {standard_task_runner.py:57} INFO - Started process 3195 to run task
[2023-06-11T09:00:32.913+0000] {standard_task_runner.py:84} INFO - Running: ['***', 'tasks', 'run', 'first_dag_02', 'second_task', 'scheduled__2022-02-20T00:00:00+00:00', '--job-id', '997', '--raw', '--subdir', 'DAGS_FOLDER/First_dag.py', '--cfg-path', '/tmp/tmp6jvo9uqs']
[2023-06-11T09:00:32.929+0000] {standard_task_runner.py:85} INFO - Job 997: Subtask second_task
[2023-06-11T09:00:33.446+0000] {task_command.py:410} INFO - Running <TaskInstance: first_dag_02.second_task scheduled__2022-02-20T00:00:00+00:00 [running]> on host 964e508aad03
[2023-06-11T09:00:34.803+0000] {taskinstance.py:1547} INFO - Exporting env vars: AIRFLOW_CTX_DAG_OWNER='Raja' AIRFLOW_CTX_DAG_ID='first_dag_02' AIRFLOW_CTX_TASK_ID='second_task' AIRFLOW_CTX_EXECUTION_DATE='2022-02-20T00:00:00+00:00' AIRFLOW_CTX_TRY_NUMBER='1' AIRFLOW_CTX_DAG_RUN_ID='scheduled__2022-02-20T00:00:00+00:00'
[2023-06-11T09:00:34.805+0000] {subprocess.py:63} INFO - Tmp dir root location: 
 /tmp
[2023-06-11T09:00:34.806+0000] {subprocess.py:75} INFO - Running command: ['/bin/bash', '-c', 'echo hey, I am task2 and will be running after task1!']
[2023-06-11T09:00:34.880+0000] {subprocess.py:86} INFO - Output:
[2023-06-11T09:00:34.901+0000] {subprocess.py:93} INFO - hey, I am task2 and will be running after task1!
[2023-06-11T09:00:34.902+0000] {subprocess.py:97} INFO - Command exited with return code 0
[2023-06-11T09:00:35.030+0000] {taskinstance.py:1350} INFO - Marking task as SUCCESS. dag_id=first_dag_02, task_id=second_task, execution_date=20220220T000000, start_date=20230611T090032, end_date=20230611T090035
[2023-06-11T09:00:35.154+0000] {local_task_job_runner.py:225} INFO - Task exited with return code 0
[2023-06-11T09:00:35.348+0000] {taskinstance.py:2651} INFO - 0 downstream tasks scheduled from follow-on schedule check
[2023-06-11T11:34:55.880+0000] {taskinstance.py:1103} INFO - Dependencies all met for dep_context=non-requeueable deps ti=<TaskInstance: first_dag_02.second_task scheduled__2022-02-20T00:00:00+00:00 [queued]>
[2023-06-11T11:34:56.238+0000] {taskinstance.py:1103} INFO - Dependencies all met for dep_context=requeueable deps ti=<TaskInstance: first_dag_02.second_task scheduled__2022-02-20T00:00:00+00:00 [queued]>
[2023-06-11T11:34:56.240+0000] {taskinstance.py:1308} INFO - Starting attempt 1 of 6
[2023-06-11T11:34:56.305+0000] {taskinstance.py:1327} INFO - Executing <Task(BashOperator): second_task> on 2022-02-20 00:00:00+00:00
[2023-06-11T11:34:56.313+0000] {standard_task_runner.py:57} INFO - Started process 670 to run task
[2023-06-11T11:34:56.442+0000] {standard_task_runner.py:84} INFO - Running: ['***', 'tasks', 'run', 'first_dag_02', 'second_task', 'scheduled__2022-02-20T00:00:00+00:00', '--job-id', '1006', '--raw', '--subdir', 'DAGS_FOLDER/First_dag.py', '--cfg-path', '/tmp/tmpe_u_iarg']
[2023-06-11T11:34:56.457+0000] {standard_task_runner.py:85} INFO - Job 1006: Subtask second_task
[2023-06-11T11:34:58.033+0000] {task_command.py:410} INFO - Running <TaskInstance: first_dag_02.second_task scheduled__2022-02-20T00:00:00+00:00 [running]> on host 7586ce0070ac
[2023-06-11T11:35:02.111+0000] {taskinstance.py:1547} INFO - Exporting env vars: AIRFLOW_CTX_DAG_OWNER='Raja' AIRFLOW_CTX_DAG_ID='first_dag_02' AIRFLOW_CTX_TASK_ID='second_task' AIRFLOW_CTX_EXECUTION_DATE='2022-02-20T00:00:00+00:00' AIRFLOW_CTX_TRY_NUMBER='1' AIRFLOW_CTX_DAG_RUN_ID='scheduled__2022-02-20T00:00:00+00:00'
[2023-06-11T11:35:02.113+0000] {subprocess.py:63} INFO - Tmp dir root location: 
 /tmp
[2023-06-11T11:35:02.113+0000] {subprocess.py:75} INFO - Running command: ['/bin/bash', '-c', 'echo hey, I am task2 and will be running after task1!']
[2023-06-11T11:35:02.565+0000] {subprocess.py:86} INFO - Output:
[2023-06-11T11:35:02.575+0000] {subprocess.py:93} INFO - hey, I am task2 and will be running after task1!
[2023-06-11T11:35:02.577+0000] {subprocess.py:97} INFO - Command exited with return code 0
[2023-06-11T11:35:03.024+0000] {taskinstance.py:1350} INFO - Marking task as SUCCESS. dag_id=first_dag_02, task_id=second_task, execution_date=20220220T000000, start_date=20230611T113456, end_date=20230611T113503
[2023-06-11T11:35:03.667+0000] {local_task_job_runner.py:225} INFO - Task exited with return code 0
[2023-06-11T11:35:03.764+0000] {taskinstance.py:2651} INFO - 0 downstream tasks scheduled from follow-on schedule check
