[2023-06-11T09:47:03.683+0000] {taskinstance.py:1103} INFO - Dependencies all met for dep_context=non-requeueable deps ti=<TaskInstance: dag_cron_expression_03.task1 scheduled__2022-03-12T03:00:00+00:00 [queued]>
[2023-06-11T09:47:03.791+0000] {taskinstance.py:1103} INFO - Dependencies all met for dep_context=requeueable deps ti=<TaskInstance: dag_cron_expression_03.task1 scheduled__2022-03-12T03:00:00+00:00 [queued]>
[2023-06-11T09:47:03.792+0000] {taskinstance.py:1308} INFO - Starting attempt 1 of 6
[2023-06-11T09:47:04.040+0000] {taskinstance.py:1327} INFO - Executing <Task(BashOperator): task1> on 2022-03-12 03:00:00+00:00
[2023-06-11T09:47:04.078+0000] {standard_task_runner.py:57} INFO - Started process 5007 to run task
[2023-06-11T09:47:04.099+0000] {standard_task_runner.py:84} INFO - Running: ['***', 'tasks', 'run', 'dag_cron_expression_03', 'task1', 'scheduled__2022-03-12T03:00:00+00:00', '--job-id', '1535', '--raw', '--subdir', 'DAGS_FOLDER/dag_corn.py', '--cfg-path', '/tmp/tmpdnl71_z5']
[2023-06-11T09:47:04.100+0000] {standard_task_runner.py:85} INFO - Job 1535: Subtask task1
[2023-06-11T09:47:04.697+0000] {task_command.py:410} INFO - Running <TaskInstance: dag_cron_expression_03.task1 scheduled__2022-03-12T03:00:00+00:00 [running]> on host 964e508aad03
[2023-06-11T09:47:06.536+0000] {taskinstance.py:1547} INFO - Exporting env vars: AIRFLOW_CTX_DAG_OWNER='Raja' AIRFLOW_CTX_DAG_ID='dag_cron_expression_03' AIRFLOW_CTX_TASK_ID='task1' AIRFLOW_CTX_EXECUTION_DATE='2022-03-12T03:00:00+00:00' AIRFLOW_CTX_TRY_NUMBER='1' AIRFLOW_CTX_DAG_RUN_ID='scheduled__2022-03-12T03:00:00+00:00'
[2023-06-11T09:47:06.590+0000] {subprocess.py:63} INFO - Tmp dir root location: 
 /tmp
[2023-06-11T09:47:06.591+0000] {subprocess.py:75} INFO - Running command: ['/bin/bash', '-c', 'echo dag with cron expression!']
[2023-06-11T09:47:06.625+0000] {subprocess.py:86} INFO - Output:
[2023-06-11T09:47:06.644+0000] {subprocess.py:93} INFO - dag with cron expression!
[2023-06-11T09:47:06.650+0000] {subprocess.py:97} INFO - Command exited with return code 0
[2023-06-11T09:47:06.957+0000] {taskinstance.py:1350} INFO - Marking task as SUCCESS. dag_id=dag_cron_expression_03, task_id=task1, execution_date=20220312T030000, start_date=20230611T094703, end_date=20230611T094706
[2023-06-11T09:47:07.396+0000] {local_task_job_runner.py:225} INFO - Task exited with return code 0
[2023-06-11T09:47:07.570+0000] {taskinstance.py:2651} INFO - 0 downstream tasks scheduled from follow-on schedule check
[2023-06-11T10:58:36.177+0000] {taskinstance.py:1103} INFO - Dependencies all met for dep_context=non-requeueable deps ti=<TaskInstance: dag_cron_expression_03.task1 scheduled__2022-03-12T03:00:00+00:00 [queued]>
[2023-06-11T10:58:36.469+0000] {taskinstance.py:1103} INFO - Dependencies all met for dep_context=requeueable deps ti=<TaskInstance: dag_cron_expression_03.task1 scheduled__2022-03-12T03:00:00+00:00 [queued]>
[2023-06-11T10:58:36.477+0000] {taskinstance.py:1308} INFO - Starting attempt 1 of 6
[2023-06-11T10:58:36.920+0000] {taskinstance.py:1327} INFO - Executing <Task(BashOperator): task1> on 2022-03-12 03:00:00+00:00
[2023-06-11T10:58:36.949+0000] {standard_task_runner.py:57} INFO - Started process 1384 to run task
[2023-06-11T10:58:37.004+0000] {standard_task_runner.py:84} INFO - Running: ['***', 'tasks', 'run', 'dag_cron_expression_03', 'task1', 'scheduled__2022-03-12T03:00:00+00:00', '--job-id', '384', '--raw', '--subdir', 'DAGS_FOLDER/dag_cron.py', '--cfg-path', '/tmp/tmpljko0enp']
[2023-06-11T10:58:37.009+0000] {standard_task_runner.py:85} INFO - Job 384: Subtask task1
[2023-06-11T10:58:39.535+0000] {task_command.py:410} INFO - Running <TaskInstance: dag_cron_expression_03.task1 scheduled__2022-03-12T03:00:00+00:00 [running]> on host 7586ce0070ac
[2023-06-11T10:58:44.675+0000] {taskinstance.py:1547} INFO - Exporting env vars: AIRFLOW_CTX_DAG_OWNER='Raja' AIRFLOW_CTX_DAG_ID='dag_cron_expression_03' AIRFLOW_CTX_TASK_ID='task1' AIRFLOW_CTX_EXECUTION_DATE='2022-03-12T03:00:00+00:00' AIRFLOW_CTX_TRY_NUMBER='1' AIRFLOW_CTX_DAG_RUN_ID='scheduled__2022-03-12T03:00:00+00:00'
[2023-06-11T10:58:44.683+0000] {subprocess.py:63} INFO - Tmp dir root location: 
 /tmp
[2023-06-11T10:58:44.686+0000] {subprocess.py:75} INFO - Running command: ['/bin/bash', '-c', 'echo dag with cron expression!']
[2023-06-11T10:58:45.062+0000] {subprocess.py:86} INFO - Output:
[2023-06-11T10:58:45.114+0000] {subprocess.py:93} INFO - dag with cron expression!
[2023-06-11T10:58:45.114+0000] {subprocess.py:97} INFO - Command exited with return code 0
[2023-06-11T10:58:45.747+0000] {taskinstance.py:1350} INFO - Marking task as SUCCESS. dag_id=dag_cron_expression_03, task_id=task1, execution_date=20220312T030000, start_date=20230611T105836, end_date=20230611T105845
[2023-06-11T10:58:47.225+0000] {local_task_job_runner.py:225} INFO - Task exited with return code 0
[2023-06-11T10:58:47.833+0000] {taskinstance.py:2651} INFO - 0 downstream tasks scheduled from follow-on schedule check
