[2023-06-11T08:58:18.720+0000] {taskinstance.py:1103} INFO - Dependencies all met for dep_context=non-requeueable deps ti=<TaskInstance: first_dag_02.thrid_task scheduled__2022-01-17T00:00:00+00:00 [queued]>
[2023-06-11T08:58:18.749+0000] {taskinstance.py:1103} INFO - Dependencies all met for dep_context=requeueable deps ti=<TaskInstance: first_dag_02.thrid_task scheduled__2022-01-17T00:00:00+00:00 [queued]>
[2023-06-11T08:58:18.750+0000] {taskinstance.py:1308} INFO - Starting attempt 1 of 6
[2023-06-11T08:58:18.793+0000] {taskinstance.py:1327} INFO - Executing <Task(BashOperator): thrid_task> on 2022-01-17 00:00:00+00:00
[2023-06-11T08:58:18.803+0000] {standard_task_runner.py:57} INFO - Started process 2685 to run task
[2023-06-11T08:58:18.812+0000] {standard_task_runner.py:84} INFO - Running: ['***', 'tasks', 'run', 'first_dag_02', 'thrid_task', 'scheduled__2022-01-17T00:00:00+00:00', '--job-id', '838', '--raw', '--subdir', 'DAGS_FOLDER/First_dag.py', '--cfg-path', '/tmp/tmp9t3qcy_q']
[2023-06-11T08:58:18.813+0000] {standard_task_runner.py:85} INFO - Job 838: Subtask thrid_task
[2023-06-11T08:58:19.066+0000] {task_command.py:410} INFO - Running <TaskInstance: first_dag_02.thrid_task scheduled__2022-01-17T00:00:00+00:00 [running]> on host 964e508aad03
[2023-06-11T08:58:19.807+0000] {taskinstance.py:1547} INFO - Exporting env vars: AIRFLOW_CTX_DAG_OWNER='Raja' AIRFLOW_CTX_DAG_ID='first_dag_02' AIRFLOW_CTX_TASK_ID='thrid_task' AIRFLOW_CTX_EXECUTION_DATE='2022-01-17T00:00:00+00:00' AIRFLOW_CTX_TRY_NUMBER='1' AIRFLOW_CTX_DAG_RUN_ID='scheduled__2022-01-17T00:00:00+00:00'
[2023-06-11T08:58:19.813+0000] {subprocess.py:63} INFO - Tmp dir root location: 
 /tmp
[2023-06-11T08:58:19.815+0000] {subprocess.py:75} INFO - Running command: ['/bin/bash', '-c', 'echo hey, I am task3 and will be running after task1 at the same time as task2!']
[2023-06-11T08:58:19.887+0000] {subprocess.py:86} INFO - Output:
[2023-06-11T08:58:19.892+0000] {subprocess.py:93} INFO - hey, I am task3 and will be running after task1 at the same time as task2!
[2023-06-11T08:58:19.898+0000] {subprocess.py:97} INFO - Command exited with return code 0
[2023-06-11T08:58:20.041+0000] {taskinstance.py:1350} INFO - Marking task as SUCCESS. dag_id=first_dag_02, task_id=thrid_task, execution_date=20220117T000000, start_date=20230611T085818, end_date=20230611T085820
[2023-06-11T08:58:20.180+0000] {local_task_job_runner.py:225} INFO - Task exited with return code 0
[2023-06-11T08:58:20.396+0000] {taskinstance.py:2651} INFO - 0 downstream tasks scheduled from follow-on schedule check
[2023-06-11T11:30:32.680+0000] {taskinstance.py:1103} INFO - Dependencies all met for dep_context=non-requeueable deps ti=<TaskInstance: first_dag_02.thrid_task scheduled__2022-01-17T00:00:00+00:00 [queued]>
[2023-06-11T11:30:33.033+0000] {taskinstance.py:1103} INFO - Dependencies all met for dep_context=requeueable deps ti=<TaskInstance: first_dag_02.thrid_task scheduled__2022-01-17T00:00:00+00:00 [queued]>
[2023-06-11T11:30:33.033+0000] {taskinstance.py:1308} INFO - Starting attempt 1 of 6
[2023-06-11T11:30:33.776+0000] {taskinstance.py:1327} INFO - Executing <Task(BashOperator): thrid_task> on 2022-01-17 00:00:00+00:00
[2023-06-11T11:30:33.847+0000] {standard_task_runner.py:57} INFO - Started process 229 to run task
[2023-06-11T11:30:33.939+0000] {standard_task_runner.py:84} INFO - Running: ['***', 'tasks', 'run', 'first_dag_02', 'thrid_task', 'scheduled__2022-01-17T00:00:00+00:00', '--job-id', '875', '--raw', '--subdir', 'DAGS_FOLDER/First_dag.py', '--cfg-path', '/tmp/tmpdtrtkobg']
[2023-06-11T11:30:33.964+0000] {standard_task_runner.py:85} INFO - Job 875: Subtask thrid_task
[2023-06-11T11:30:34.684+0000] {task_command.py:410} INFO - Running <TaskInstance: first_dag_02.thrid_task scheduled__2022-01-17T00:00:00+00:00 [running]> on host 7586ce0070ac
[2023-06-11T11:30:36.716+0000] {taskinstance.py:1547} INFO - Exporting env vars: AIRFLOW_CTX_DAG_OWNER='Raja' AIRFLOW_CTX_DAG_ID='first_dag_02' AIRFLOW_CTX_TASK_ID='thrid_task' AIRFLOW_CTX_EXECUTION_DATE='2022-01-17T00:00:00+00:00' AIRFLOW_CTX_TRY_NUMBER='1' AIRFLOW_CTX_DAG_RUN_ID='scheduled__2022-01-17T00:00:00+00:00'
[2023-06-11T11:30:36.801+0000] {subprocess.py:63} INFO - Tmp dir root location: 
 /tmp
[2023-06-11T11:30:36.808+0000] {subprocess.py:75} INFO - Running command: ['/bin/bash', '-c', 'echo hey, I am task3 and will be running after task1 at the same time as task2!']
[2023-06-11T11:30:37.079+0000] {subprocess.py:86} INFO - Output:
[2023-06-11T11:30:37.097+0000] {subprocess.py:93} INFO - hey, I am task3 and will be running after task1 at the same time as task2!
[2023-06-11T11:30:37.123+0000] {subprocess.py:97} INFO - Command exited with return code 0
[2023-06-11T11:30:37.429+0000] {taskinstance.py:1350} INFO - Marking task as SUCCESS. dag_id=first_dag_02, task_id=thrid_task, execution_date=20220117T000000, start_date=20230611T113032, end_date=20230611T113037
[2023-06-11T11:30:37.993+0000] {local_task_job_runner.py:225} INFO - Task exited with return code 0
[2023-06-11T11:30:38.251+0000] {taskinstance.py:2651} INFO - 0 downstream tasks scheduled from follow-on schedule check
