[2023-06-11T09:41:39.164+0000] {taskinstance.py:1103} INFO - Dependencies all met for dep_context=non-requeueable deps ti=<TaskInstance: first_dag_02.thrid_task scheduled__2022-04-17T00:00:00+00:00 [queued]>
[2023-06-11T09:41:39.995+0000] {taskinstance.py:1103} INFO - Dependencies all met for dep_context=requeueable deps ti=<TaskInstance: first_dag_02.thrid_task scheduled__2022-04-17T00:00:00+00:00 [queued]>
[2023-06-11T09:41:40.002+0000] {taskinstance.py:1308} INFO - Starting attempt 1 of 6
[2023-06-11T09:41:42.295+0000] {taskinstance.py:1327} INFO - Executing <Task(BashOperator): thrid_task> on 2022-04-17 00:00:00+00:00
[2023-06-11T09:41:42.535+0000] {standard_task_runner.py:57} INFO - Started process 4091 to run task
[2023-06-11T09:41:42.896+0000] {standard_task_runner.py:84} INFO - Running: ['***', 'tasks', 'run', 'first_dag_02', 'thrid_task', 'scheduled__2022-04-17T00:00:00+00:00', '--job-id', '1256', '--raw', '--subdir', 'DAGS_FOLDER/First_dag.py', '--cfg-path', '/tmp/tmpsmv306sk']
[2023-06-11T09:41:42.897+0000] {standard_task_runner.py:85} INFO - Job 1256: Subtask thrid_task
[2023-06-11T09:41:45.451+0000] {task_command.py:410} INFO - Running <TaskInstance: first_dag_02.thrid_task scheduled__2022-04-17T00:00:00+00:00 [running]> on host 964e508aad03
[2023-06-11T09:41:51.275+0000] {taskinstance.py:1547} INFO - Exporting env vars: AIRFLOW_CTX_DAG_OWNER='Raja' AIRFLOW_CTX_DAG_ID='first_dag_02' AIRFLOW_CTX_TASK_ID='thrid_task' AIRFLOW_CTX_EXECUTION_DATE='2022-04-17T00:00:00+00:00' AIRFLOW_CTX_TRY_NUMBER='1' AIRFLOW_CTX_DAG_RUN_ID='scheduled__2022-04-17T00:00:00+00:00'
[2023-06-11T09:41:51.379+0000] {subprocess.py:63} INFO - Tmp dir root location: 
 /tmp
[2023-06-11T09:41:51.408+0000] {subprocess.py:75} INFO - Running command: ['/bin/bash', '-c', 'echo hey, I am task3 and will be running after task1 at the same time as task2!']
[2023-06-11T09:41:52.583+0000] {subprocess.py:86} INFO - Output:
[2023-06-11T09:41:52.857+0000] {subprocess.py:93} INFO - hey, I am task3 and will be running after task1 at the same time as task2!
[2023-06-11T09:41:52.860+0000] {subprocess.py:97} INFO - Command exited with return code 0
[2023-06-11T09:41:55.973+0000] {taskinstance.py:1350} INFO - Marking task as SUCCESS. dag_id=first_dag_02, task_id=thrid_task, execution_date=20220417T000000, start_date=20230611T094139, end_date=20230611T094155
[2023-06-11T09:41:56.124+0000] {local_task_job_runner.py:225} INFO - Task exited with return code 0
[2023-06-11T09:41:56.525+0000] {taskinstance.py:2651} INFO - 0 downstream tasks scheduled from follow-on schedule check
[2023-06-11T15:29:20.626+0000] {taskinstance.py:1103} INFO - Dependencies all met for dep_context=non-requeueable deps ti=<TaskInstance: first_dag_02.thrid_task scheduled__2022-04-17T00:00:00+00:00 [queued]>
[2023-06-11T15:29:20.932+0000] {taskinstance.py:1103} INFO - Dependencies all met for dep_context=requeueable deps ti=<TaskInstance: first_dag_02.thrid_task scheduled__2022-04-17T00:00:00+00:00 [queued]>
[2023-06-11T15:29:20.933+0000] {taskinstance.py:1308} INFO - Starting attempt 1 of 6
[2023-06-11T15:29:21.259+0000] {taskinstance.py:1327} INFO - Executing <Task(BashOperator): thrid_task> on 2022-04-17 00:00:00+00:00
[2023-06-11T15:29:21.328+0000] {standard_task_runner.py:57} INFO - Started process 737 to run task
[2023-06-11T15:29:21.355+0000] {standard_task_runner.py:84} INFO - Running: ['***', 'tasks', 'run', 'first_dag_02', 'thrid_task', 'scheduled__2022-04-17T00:00:00+00:00', '--job-id', '1310', '--raw', '--subdir', 'DAGS_FOLDER/First_dag.py', '--cfg-path', '/tmp/tmpphhltw08']
[2023-06-11T15:29:21.385+0000] {standard_task_runner.py:85} INFO - Job 1310: Subtask thrid_task
[2023-06-11T15:29:22.144+0000] {task_command.py:410} INFO - Running <TaskInstance: first_dag_02.thrid_task scheduled__2022-04-17T00:00:00+00:00 [running]> on host 7586ce0070ac
[2023-06-11T15:29:25.047+0000] {taskinstance.py:1547} INFO - Exporting env vars: AIRFLOW_CTX_DAG_OWNER='Raja' AIRFLOW_CTX_DAG_ID='first_dag_02' AIRFLOW_CTX_TASK_ID='thrid_task' AIRFLOW_CTX_EXECUTION_DATE='2022-04-17T00:00:00+00:00' AIRFLOW_CTX_TRY_NUMBER='1' AIRFLOW_CTX_DAG_RUN_ID='scheduled__2022-04-17T00:00:00+00:00'
[2023-06-11T15:29:25.066+0000] {subprocess.py:63} INFO - Tmp dir root location: 
 /tmp
[2023-06-11T15:29:25.071+0000] {subprocess.py:75} INFO - Running command: ['/bin/bash', '-c', 'echo hey, I am task3 and will be running after task1 at the same time as task2!']
[2023-06-11T15:29:25.166+0000] {subprocess.py:86} INFO - Output:
[2023-06-11T15:29:25.168+0000] {subprocess.py:93} INFO - hey, I am task3 and will be running after task1 at the same time as task2!
[2023-06-11T15:29:25.256+0000] {subprocess.py:97} INFO - Command exited with return code 0
[2023-06-11T15:29:26.047+0000] {taskinstance.py:1350} INFO - Marking task as SUCCESS. dag_id=first_dag_02, task_id=thrid_task, execution_date=20220417T000000, start_date=20230611T152920, end_date=20230611T152926
[2023-06-11T15:29:27.056+0000] {local_task_job_runner.py:225} INFO - Task exited with return code 0
[2023-06-11T15:29:27.813+0000] {taskinstance.py:2651} INFO - 0 downstream tasks scheduled from follow-on schedule check
