[2023-06-11T04:52:35.910+0000] {taskinstance.py:1103} INFO - Dependencies all met for dep_context=non-requeueable deps ti=<TaskInstance: first_dag_02.second_task scheduled__2021-10-07T00:00:00+00:00 [queued]>
[2023-06-11T04:52:36.356+0000] {taskinstance.py:1103} INFO - Dependencies all met for dep_context=requeueable deps ti=<TaskInstance: first_dag_02.second_task scheduled__2021-10-07T00:00:00+00:00 [queued]>
[2023-06-11T04:52:36.369+0000] {taskinstance.py:1308} INFO - Starting attempt 1 of 6
[2023-06-11T04:52:37.195+0000] {taskinstance.py:1327} INFO - Executing <Task(BashOperator): second_task> on 2021-10-07 00:00:00+00:00
[2023-06-11T04:52:37.296+0000] {standard_task_runner.py:57} INFO - Started process 966 to run task
[2023-06-11T04:52:37.484+0000] {standard_task_runner.py:84} INFO - Running: ['***', 'tasks', 'run', 'first_dag_02', 'second_task', 'scheduled__2021-10-07T00:00:00+00:00', '--job-id', '286', '--raw', '--subdir', 'DAGS_FOLDER/First_dag.py', '--cfg-path', '/tmp/tmpr7_n3g5c']
[2023-06-11T04:52:37.486+0000] {standard_task_runner.py:85} INFO - Job 286: Subtask second_task
[2023-06-11T04:52:38.505+0000] {task_command.py:410} INFO - Running <TaskInstance: first_dag_02.second_task scheduled__2021-10-07T00:00:00+00:00 [running]> on host 4b1b5d40d165
[2023-06-11T04:52:42.827+0000] {taskinstance.py:1547} INFO - Exporting env vars: AIRFLOW_CTX_DAG_OWNER='Raja' AIRFLOW_CTX_DAG_ID='first_dag_02' AIRFLOW_CTX_TASK_ID='second_task' AIRFLOW_CTX_EXECUTION_DATE='2021-10-07T00:00:00+00:00' AIRFLOW_CTX_TRY_NUMBER='1' AIRFLOW_CTX_DAG_RUN_ID='scheduled__2021-10-07T00:00:00+00:00'
[2023-06-11T04:52:42.834+0000] {subprocess.py:63} INFO - Tmp dir root location: 
 /tmp
[2023-06-11T04:52:42.834+0000] {subprocess.py:75} INFO - Running command: ['/bin/bash', '-c', 'echo hey, I am task2 and will be running after task1!']
[2023-06-11T04:52:43.026+0000] {subprocess.py:86} INFO - Output:
[2023-06-11T04:52:43.029+0000] {subprocess.py:93} INFO - hey, I am task2 and will be running after task1!
[2023-06-11T04:52:43.130+0000] {subprocess.py:97} INFO - Command exited with return code 0
[2023-06-11T04:52:43.526+0000] {taskinstance.py:1350} INFO - Marking task as SUCCESS. dag_id=first_dag_02, task_id=second_task, execution_date=20211007T000000, start_date=20230611T045235, end_date=20230611T045243
[2023-06-11T04:52:44.155+0000] {local_task_job_runner.py:225} INFO - Task exited with return code 0
[2023-06-11T04:52:44.568+0000] {taskinstance.py:2651} INFO - 0 downstream tasks scheduled from follow-on schedule check
[2023-06-11T08:29:35.229+0000] {taskinstance.py:1103} INFO - Dependencies all met for dep_context=non-requeueable deps ti=<TaskInstance: first_dag_02.second_task scheduled__2021-10-07T00:00:00+00:00 [queued]>
[2023-06-11T08:29:35.257+0000] {taskinstance.py:1103} INFO - Dependencies all met for dep_context=requeueable deps ti=<TaskInstance: first_dag_02.second_task scheduled__2021-10-07T00:00:00+00:00 [queued]>
[2023-06-11T08:29:35.258+0000] {taskinstance.py:1308} INFO - Starting attempt 1 of 6
[2023-06-11T08:29:35.354+0000] {taskinstance.py:1327} INFO - Executing <Task(BashOperator): second_task> on 2021-10-07 00:00:00+00:00
[2023-06-11T08:29:35.382+0000] {standard_task_runner.py:57} INFO - Started process 1343 to run task
[2023-06-11T08:29:35.409+0000] {standard_task_runner.py:84} INFO - Running: ['***', 'tasks', 'run', 'first_dag_02', 'second_task', 'scheduled__2021-10-07T00:00:00+00:00', '--job-id', '411', '--raw', '--subdir', 'DAGS_FOLDER/First_dag.py', '--cfg-path', '/tmp/tmpxjva7xcy']
[2023-06-11T08:29:35.410+0000] {standard_task_runner.py:85} INFO - Job 411: Subtask second_task
[2023-06-11T08:29:35.794+0000] {task_command.py:410} INFO - Running <TaskInstance: first_dag_02.second_task scheduled__2021-10-07T00:00:00+00:00 [running]> on host 492037cdd057
[2023-06-11T08:29:37.413+0000] {taskinstance.py:1547} INFO - Exporting env vars: AIRFLOW_CTX_DAG_OWNER='Raja' AIRFLOW_CTX_DAG_ID='first_dag_02' AIRFLOW_CTX_TASK_ID='second_task' AIRFLOW_CTX_EXECUTION_DATE='2021-10-07T00:00:00+00:00' AIRFLOW_CTX_TRY_NUMBER='1' AIRFLOW_CTX_DAG_RUN_ID='scheduled__2021-10-07T00:00:00+00:00'
[2023-06-11T08:29:37.434+0000] {subprocess.py:63} INFO - Tmp dir root location: 
 /tmp
[2023-06-11T08:29:37.443+0000] {subprocess.py:75} INFO - Running command: ['/bin/bash', '-c', 'echo hey, I am task2 and will be running after task1!']
[2023-06-11T08:29:37.768+0000] {subprocess.py:86} INFO - Output:
[2023-06-11T08:29:37.788+0000] {subprocess.py:93} INFO - hey, I am task2 and will be running after task1!
[2023-06-11T08:29:37.788+0000] {subprocess.py:97} INFO - Command exited with return code 0
[2023-06-11T08:29:38.452+0000] {taskinstance.py:1350} INFO - Marking task as SUCCESS. dag_id=first_dag_02, task_id=second_task, execution_date=20211007T000000, start_date=20230611T082935, end_date=20230611T082938
[2023-06-11T08:29:38.689+0000] {local_task_job_runner.py:225} INFO - Task exited with return code 0
[2023-06-11T08:29:39.109+0000] {taskinstance.py:2651} INFO - 0 downstream tasks scheduled from follow-on schedule check
[2023-06-11T08:51:50.475+0000] {taskinstance.py:1103} INFO - Dependencies all met for dep_context=non-requeueable deps ti=<TaskInstance: first_dag_02.second_task scheduled__2021-10-07T00:00:00+00:00 [queued]>
[2023-06-11T08:51:50.804+0000] {taskinstance.py:1103} INFO - Dependencies all met for dep_context=requeueable deps ti=<TaskInstance: first_dag_02.second_task scheduled__2021-10-07T00:00:00+00:00 [queued]>
[2023-06-11T08:51:50.805+0000] {taskinstance.py:1308} INFO - Starting attempt 1 of 6
[2023-06-11T08:51:51.751+0000] {taskinstance.py:1327} INFO - Executing <Task(BashOperator): second_task> on 2021-10-07 00:00:00+00:00
[2023-06-11T08:51:51.908+0000] {standard_task_runner.py:84} INFO - Running: ['***', 'tasks', 'run', 'first_dag_02', 'second_task', 'scheduled__2021-10-07T00:00:00+00:00', '--job-id', '371', '--raw', '--subdir', 'DAGS_FOLDER/First_dag.py', '--cfg-path', '/tmp/tmpnhvqdxxe']
[2023-06-11T08:51:51.909+0000] {standard_task_runner.py:85} INFO - Job 371: Subtask second_task
[2023-06-11T08:51:51.933+0000] {standard_task_runner.py:57} INFO - Started process 1202 to run task
[2023-06-11T08:51:52.806+0000] {task_command.py:410} INFO - Running <TaskInstance: first_dag_02.second_task scheduled__2021-10-07T00:00:00+00:00 [running]> on host 964e508aad03
[2023-06-11T08:51:54.645+0000] {taskinstance.py:1547} INFO - Exporting env vars: AIRFLOW_CTX_DAG_OWNER='Raja' AIRFLOW_CTX_DAG_ID='first_dag_02' AIRFLOW_CTX_TASK_ID='second_task' AIRFLOW_CTX_EXECUTION_DATE='2021-10-07T00:00:00+00:00' AIRFLOW_CTX_TRY_NUMBER='1' AIRFLOW_CTX_DAG_RUN_ID='scheduled__2021-10-07T00:00:00+00:00'
[2023-06-11T08:51:54.647+0000] {subprocess.py:63} INFO - Tmp dir root location: 
 /tmp
[2023-06-11T08:51:54.648+0000] {subprocess.py:75} INFO - Running command: ['/bin/bash', '-c', 'echo hey, I am task2 and will be running after task1!']
[2023-06-11T08:51:55.049+0000] {subprocess.py:86} INFO - Output:
[2023-06-11T08:51:55.075+0000] {subprocess.py:93} INFO - hey, I am task2 and will be running after task1!
[2023-06-11T08:51:55.112+0000] {subprocess.py:97} INFO - Command exited with return code 0
[2023-06-11T08:51:55.981+0000] {taskinstance.py:1350} INFO - Marking task as SUCCESS. dag_id=first_dag_02, task_id=second_task, execution_date=20211007T000000, start_date=20230611T085150, end_date=20230611T085155
[2023-06-11T08:51:56.463+0000] {local_task_job_runner.py:225} INFO - Task exited with return code 0
[2023-06-11T08:51:56.749+0000] {taskinstance.py:2651} INFO - 0 downstream tasks scheduled from follow-on schedule check
[2023-06-11T10:58:17.108+0000] {taskinstance.py:1103} INFO - Dependencies all met for dep_context=non-requeueable deps ti=<TaskInstance: first_dag_02.second_task scheduled__2021-10-07T00:00:00+00:00 [queued]>
[2023-06-11T10:58:17.723+0000] {taskinstance.py:1103} INFO - Dependencies all met for dep_context=requeueable deps ti=<TaskInstance: first_dag_02.second_task scheduled__2021-10-07T00:00:00+00:00 [queued]>
[2023-06-11T10:58:17.724+0000] {taskinstance.py:1308} INFO - Starting attempt 1 of 6
[2023-06-11T10:58:17.900+0000] {taskinstance.py:1327} INFO - Executing <Task(BashOperator): second_task> on 2021-10-07 00:00:00+00:00
[2023-06-11T10:58:17.918+0000] {standard_task_runner.py:57} INFO - Started process 1335 to run task
[2023-06-11T10:58:18.109+0000] {standard_task_runner.py:84} INFO - Running: ['***', 'tasks', 'run', 'first_dag_02', 'second_task', 'scheduled__2021-10-07T00:00:00+00:00', '--job-id', '369', '--raw', '--subdir', 'DAGS_FOLDER/First_dag.py', '--cfg-path', '/tmp/tmpa3sdtjn6']
[2023-06-11T10:58:18.110+0000] {standard_task_runner.py:85} INFO - Job 369: Subtask second_task
[2023-06-11T10:58:18.968+0000] {task_command.py:410} INFO - Running <TaskInstance: first_dag_02.second_task scheduled__2021-10-07T00:00:00+00:00 [running]> on host 7586ce0070ac
[2023-06-11T10:58:20.662+0000] {taskinstance.py:1547} INFO - Exporting env vars: AIRFLOW_CTX_DAG_OWNER='Raja' AIRFLOW_CTX_DAG_ID='first_dag_02' AIRFLOW_CTX_TASK_ID='second_task' AIRFLOW_CTX_EXECUTION_DATE='2021-10-07T00:00:00+00:00' AIRFLOW_CTX_TRY_NUMBER='1' AIRFLOW_CTX_DAG_RUN_ID='scheduled__2021-10-07T00:00:00+00:00'
[2023-06-11T10:58:20.666+0000] {subprocess.py:63} INFO - Tmp dir root location: 
 /tmp
[2023-06-11T10:58:20.667+0000] {subprocess.py:75} INFO - Running command: ['/bin/bash', '-c', 'echo hey, I am task2 and will be running after task1!']
[2023-06-11T10:58:20.693+0000] {subprocess.py:86} INFO - Output:
[2023-06-11T10:58:20.697+0000] {subprocess.py:93} INFO - hey, I am task2 and will be running after task1!
[2023-06-11T10:58:20.699+0000] {subprocess.py:97} INFO - Command exited with return code 0
[2023-06-11T10:58:21.014+0000] {taskinstance.py:1350} INFO - Marking task as SUCCESS. dag_id=first_dag_02, task_id=second_task, execution_date=20211007T000000, start_date=20230611T105817, end_date=20230611T105821
[2023-06-11T10:58:22.537+0000] {local_task_job_runner.py:225} INFO - Task exited with return code 0
[2023-06-11T10:58:24.272+0000] {taskinstance.py:2651} INFO - 0 downstream tasks scheduled from follow-on schedule check
