[2023-06-11T09:43:17.059+0000] {taskinstance.py:1103} INFO - Dependencies all met for dep_context=non-requeueable deps ti=<TaskInstance: first_dag_02.first_task scheduled__2022-05-02T00:00:00+00:00 [queued]>
[2023-06-11T09:43:17.656+0000] {taskinstance.py:1103} INFO - Dependencies all met for dep_context=requeueable deps ti=<TaskInstance: first_dag_02.first_task scheduled__2022-05-02T00:00:00+00:00 [queued]>
[2023-06-11T09:43:17.657+0000] {taskinstance.py:1308} INFO - Starting attempt 1 of 6
[2023-06-11T09:43:18.394+0000] {taskinstance.py:1327} INFO - Executing <Task(BashOperator): first_task> on 2022-05-02 00:00:00+00:00
[2023-06-11T09:43:18.640+0000] {standard_task_runner.py:57} INFO - Started process 4259 to run task
[2023-06-11T09:43:18.679+0000] {standard_task_runner.py:84} INFO - Running: ['***', 'tasks', 'run', 'first_dag_02', 'first_task', 'scheduled__2022-05-02T00:00:00+00:00', '--job-id', '1303', '--raw', '--subdir', 'DAGS_FOLDER/First_dag.py', '--cfg-path', '/tmp/tmp44pio4b6']
[2023-06-11T09:43:18.730+0000] {standard_task_runner.py:85} INFO - Job 1303: Subtask first_task
[2023-06-11T09:43:19.869+0000] {task_command.py:410} INFO - Running <TaskInstance: first_dag_02.first_task scheduled__2022-05-02T00:00:00+00:00 [running]> on host 964e508aad03
[2023-06-11T09:43:23.680+0000] {taskinstance.py:1547} INFO - Exporting env vars: AIRFLOW_CTX_DAG_OWNER='Raja' AIRFLOW_CTX_DAG_ID='first_dag_02' AIRFLOW_CTX_TASK_ID='first_task' AIRFLOW_CTX_EXECUTION_DATE='2022-05-02T00:00:00+00:00' AIRFLOW_CTX_TRY_NUMBER='1' AIRFLOW_CTX_DAG_RUN_ID='scheduled__2022-05-02T00:00:00+00:00'
[2023-06-11T09:43:23.698+0000] {subprocess.py:63} INFO - Tmp dir root location: 
 /tmp
[2023-06-11T09:43:23.699+0000] {subprocess.py:75} INFO - Running command: ['/bin/bash', '-c', 'echo hello world, this is the first task!']
[2023-06-11T09:43:24.054+0000] {subprocess.py:86} INFO - Output:
[2023-06-11T09:43:24.095+0000] {subprocess.py:93} INFO - hello world, this is the first task!
[2023-06-11T09:43:24.099+0000] {subprocess.py:97} INFO - Command exited with return code 0
[2023-06-11T09:43:24.755+0000] {taskinstance.py:1350} INFO - Marking task as SUCCESS. dag_id=first_dag_02, task_id=first_task, execution_date=20220502T000000, start_date=20230611T094317, end_date=20230611T094324
[2023-06-11T09:43:25.141+0000] {local_task_job_runner.py:225} INFO - Task exited with return code 0
[2023-06-11T09:43:25.880+0000] {taskinstance.py:2651} INFO - 2 downstream tasks scheduled from follow-on schedule check
[2023-06-11T15:30:35.303+0000] {taskinstance.py:1103} INFO - Dependencies all met for dep_context=non-requeueable deps ti=<TaskInstance: first_dag_02.first_task scheduled__2022-05-02T00:00:00+00:00 [queued]>
[2023-06-11T15:30:35.576+0000] {taskinstance.py:1103} INFO - Dependencies all met for dep_context=requeueable deps ti=<TaskInstance: first_dag_02.first_task scheduled__2022-05-02T00:00:00+00:00 [queued]>
[2023-06-11T15:30:35.576+0000] {taskinstance.py:1308} INFO - Starting attempt 1 of 6
[2023-06-11T15:30:36.159+0000] {taskinstance.py:1327} INFO - Executing <Task(BashOperator): first_task> on 2022-05-02 00:00:00+00:00
[2023-06-11T15:30:36.168+0000] {standard_task_runner.py:57} INFO - Started process 933 to run task
[2023-06-11T15:30:36.183+0000] {standard_task_runner.py:84} INFO - Running: ['***', 'tasks', 'run', 'first_dag_02', 'first_task', 'scheduled__2022-05-02T00:00:00+00:00', '--job-id', '1368', '--raw', '--subdir', 'DAGS_FOLDER/First_dag.py', '--cfg-path', '/tmp/tmp_owk6021']
[2023-06-11T15:30:36.185+0000] {standard_task_runner.py:85} INFO - Job 1368: Subtask first_task
[2023-06-11T15:30:36.485+0000] {task_command.py:410} INFO - Running <TaskInstance: first_dag_02.first_task scheduled__2022-05-02T00:00:00+00:00 [running]> on host 7586ce0070ac
[2023-06-11T15:30:39.280+0000] {taskinstance.py:1547} INFO - Exporting env vars: AIRFLOW_CTX_DAG_OWNER='Raja' AIRFLOW_CTX_DAG_ID='first_dag_02' AIRFLOW_CTX_TASK_ID='first_task' AIRFLOW_CTX_EXECUTION_DATE='2022-05-02T00:00:00+00:00' AIRFLOW_CTX_TRY_NUMBER='1' AIRFLOW_CTX_DAG_RUN_ID='scheduled__2022-05-02T00:00:00+00:00'
[2023-06-11T15:30:39.316+0000] {subprocess.py:63} INFO - Tmp dir root location: 
 /tmp
[2023-06-11T15:30:39.329+0000] {subprocess.py:75} INFO - Running command: ['/bin/bash', '-c', 'echo hello world, this is the first task!']
[2023-06-11T15:30:39.507+0000] {subprocess.py:86} INFO - Output:
[2023-06-11T15:30:39.518+0000] {subprocess.py:93} INFO - hello world, this is the first task!
[2023-06-11T15:30:39.520+0000] {subprocess.py:97} INFO - Command exited with return code 0
[2023-06-11T15:30:39.689+0000] {taskinstance.py:1350} INFO - Marking task as SUCCESS. dag_id=first_dag_02, task_id=first_task, execution_date=20220502T000000, start_date=20230611T153035, end_date=20230611T153039
[2023-06-11T15:30:40.314+0000] {local_task_job_runner.py:225} INFO - Task exited with return code 0
[2023-06-11T15:30:40.899+0000] {taskinstance.py:2651} INFO - 2 downstream tasks scheduled from follow-on schedule check
