[2023-06-11T09:43:08.519+0000] {taskinstance.py:1103} INFO - Dependencies all met for dep_context=non-requeueable deps ti=<TaskInstance: first_dag_02.first_task scheduled__2022-04-29T00:00:00+00:00 [queued]>
[2023-06-11T09:43:09.120+0000] {taskinstance.py:1103} INFO - Dependencies all met for dep_context=requeueable deps ti=<TaskInstance: first_dag_02.first_task scheduled__2022-04-29T00:00:00+00:00 [queued]>
[2023-06-11T09:43:09.121+0000] {taskinstance.py:1308} INFO - Starting attempt 1 of 6
[2023-06-11T09:43:09.822+0000] {taskinstance.py:1327} INFO - Executing <Task(BashOperator): first_task> on 2022-04-29 00:00:00+00:00
[2023-06-11T09:43:09.865+0000] {standard_task_runner.py:57} INFO - Started process 4231 to run task
[2023-06-11T09:43:09.919+0000] {standard_task_runner.py:84} INFO - Running: ['***', 'tasks', 'run', 'first_dag_02', 'first_task', 'scheduled__2022-04-29T00:00:00+00:00', '--job-id', '1294', '--raw', '--subdir', 'DAGS_FOLDER/First_dag.py', '--cfg-path', '/tmp/tmpc8fe1nq9']
[2023-06-11T09:43:09.947+0000] {standard_task_runner.py:85} INFO - Job 1294: Subtask first_task
[2023-06-11T09:43:11.306+0000] {task_command.py:410} INFO - Running <TaskInstance: first_dag_02.first_task scheduled__2022-04-29T00:00:00+00:00 [running]> on host 964e508aad03
[2023-06-11T09:43:14.750+0000] {taskinstance.py:1547} INFO - Exporting env vars: AIRFLOW_CTX_DAG_OWNER='Raja' AIRFLOW_CTX_DAG_ID='first_dag_02' AIRFLOW_CTX_TASK_ID='first_task' AIRFLOW_CTX_EXECUTION_DATE='2022-04-29T00:00:00+00:00' AIRFLOW_CTX_TRY_NUMBER='1' AIRFLOW_CTX_DAG_RUN_ID='scheduled__2022-04-29T00:00:00+00:00'
[2023-06-11T09:43:14.758+0000] {subprocess.py:63} INFO - Tmp dir root location: 
 /tmp
[2023-06-11T09:43:14.758+0000] {subprocess.py:75} INFO - Running command: ['/bin/bash', '-c', 'echo hello world, this is the first task!']
[2023-06-11T09:43:15.097+0000] {subprocess.py:86} INFO - Output:
[2023-06-11T09:43:15.108+0000] {subprocess.py:93} INFO - hello world, this is the first task!
[2023-06-11T09:43:15.108+0000] {subprocess.py:97} INFO - Command exited with return code 0
[2023-06-11T09:43:15.777+0000] {taskinstance.py:1350} INFO - Marking task as SUCCESS. dag_id=first_dag_02, task_id=first_task, execution_date=20220429T000000, start_date=20230611T094308, end_date=20230611T094315
[2023-06-11T09:43:16.579+0000] {local_task_job_runner.py:225} INFO - Task exited with return code 0
[2023-06-11T09:43:17.960+0000] {taskinstance.py:2651} INFO - 2 downstream tasks scheduled from follow-on schedule check
[2023-06-11T15:30:01.270+0000] {taskinstance.py:1103} INFO - Dependencies all met for dep_context=non-requeueable deps ti=<TaskInstance: first_dag_02.first_task scheduled__2022-04-29T00:00:00+00:00 [queued]>
[2023-06-11T15:30:01.492+0000] {taskinstance.py:1103} INFO - Dependencies all met for dep_context=requeueable deps ti=<TaskInstance: first_dag_02.first_task scheduled__2022-04-29T00:00:00+00:00 [queued]>
[2023-06-11T15:30:01.522+0000] {taskinstance.py:1308} INFO - Starting attempt 1 of 6
[2023-06-11T15:30:01.935+0000] {taskinstance.py:1327} INFO - Executing <Task(BashOperator): first_task> on 2022-04-29 00:00:00+00:00
[2023-06-11T15:30:01.963+0000] {standard_task_runner.py:57} INFO - Started process 873 to run task
[2023-06-11T15:30:02.005+0000] {standard_task_runner.py:84} INFO - Running: ['***', 'tasks', 'run', 'first_dag_02', 'first_task', 'scheduled__2022-04-29T00:00:00+00:00', '--job-id', '1351', '--raw', '--subdir', 'DAGS_FOLDER/First_dag.py', '--cfg-path', '/tmp/tmp4k_8yl26']
[2023-06-11T15:30:02.018+0000] {standard_task_runner.py:85} INFO - Job 1351: Subtask first_task
[2023-06-11T15:30:02.646+0000] {task_command.py:410} INFO - Running <TaskInstance: first_dag_02.first_task scheduled__2022-04-29T00:00:00+00:00 [running]> on host 7586ce0070ac
[2023-06-11T15:30:05.735+0000] {taskinstance.py:1547} INFO - Exporting env vars: AIRFLOW_CTX_DAG_OWNER='Raja' AIRFLOW_CTX_DAG_ID='first_dag_02' AIRFLOW_CTX_TASK_ID='first_task' AIRFLOW_CTX_EXECUTION_DATE='2022-04-29T00:00:00+00:00' AIRFLOW_CTX_TRY_NUMBER='1' AIRFLOW_CTX_DAG_RUN_ID='scheduled__2022-04-29T00:00:00+00:00'
[2023-06-11T15:30:05.881+0000] {subprocess.py:63} INFO - Tmp dir root location: 
 /tmp
[2023-06-11T15:30:05.884+0000] {subprocess.py:75} INFO - Running command: ['/bin/bash', '-c', 'echo hello world, this is the first task!']
[2023-06-11T15:30:06.177+0000] {subprocess.py:86} INFO - Output:
[2023-06-11T15:30:06.260+0000] {subprocess.py:93} INFO - hello world, this is the first task!
[2023-06-11T15:30:06.270+0000] {subprocess.py:97} INFO - Command exited with return code 0
[2023-06-11T15:30:07.545+0000] {taskinstance.py:1350} INFO - Marking task as SUCCESS. dag_id=first_dag_02, task_id=first_task, execution_date=20220429T000000, start_date=20230611T153001, end_date=20230611T153007
[2023-06-11T15:30:08.764+0000] {local_task_job_runner.py:225} INFO - Task exited with return code 0
[2023-06-11T15:30:10.580+0000] {taskinstance.py:2651} INFO - 2 downstream tasks scheduled from follow-on schedule check
