[2023-06-11T09:49:13.615+0000] {taskinstance.py:1103} INFO - Dependencies all met for dep_context=non-requeueable deps ti=<TaskInstance: first_dag_02.second_task scheduled__2022-07-06T00:00:00+00:00 [queued]>
[2023-06-11T09:49:15.123+0000] {taskinstance.py:1103} INFO - Dependencies all met for dep_context=requeueable deps ti=<TaskInstance: first_dag_02.second_task scheduled__2022-07-06T00:00:00+00:00 [queued]>
[2023-06-11T09:49:15.123+0000] {taskinstance.py:1308} INFO - Starting attempt 1 of 6
[2023-06-11T09:49:16.163+0000] {taskinstance.py:1327} INFO - Executing <Task(BashOperator): second_task> on 2022-07-06 00:00:00+00:00
[2023-06-11T09:49:16.254+0000] {standard_task_runner.py:57} INFO - Started process 5325 to run task
[2023-06-11T09:49:16.269+0000] {standard_task_runner.py:84} INFO - Running: ['***', 'tasks', 'run', 'first_dag_02', 'second_task', 'scheduled__2022-07-06T00:00:00+00:00', '--job-id', '1631', '--raw', '--subdir', 'DAGS_FOLDER/First_dag.py', '--cfg-path', '/tmp/tmpik1exdzv']
[2023-06-11T09:49:16.347+0000] {standard_task_runner.py:85} INFO - Job 1631: Subtask second_task
[2023-06-11T09:49:18.331+0000] {task_command.py:410} INFO - Running <TaskInstance: first_dag_02.second_task scheduled__2022-07-06T00:00:00+00:00 [running]> on host 964e508aad03
[2023-06-11T15:35:03.227+0000] {taskinstance.py:1103} INFO - Dependencies all met for dep_context=non-requeueable deps ti=<TaskInstance: first_dag_02.second_task scheduled__2022-07-06T00:00:00+00:00 [queued]>
[2023-06-11T15:35:03.495+0000] {taskinstance.py:1103} INFO - Dependencies all met for dep_context=requeueable deps ti=<TaskInstance: first_dag_02.second_task scheduled__2022-07-06T00:00:00+00:00 [queued]>
[2023-06-11T15:35:03.495+0000] {taskinstance.py:1308} INFO - Starting attempt 1 of 6
[2023-06-11T15:35:03.849+0000] {taskinstance.py:1327} INFO - Executing <Task(BashOperator): second_task> on 2022-07-06 00:00:00+00:00
[2023-06-11T15:35:03.905+0000] {standard_task_runner.py:57} INFO - Started process 1856 to run task
[2023-06-11T15:35:04.017+0000] {standard_task_runner.py:84} INFO - Running: ['***', 'tasks', 'run', 'first_dag_02', 'second_task', 'scheduled__2022-07-06T00:00:00+00:00', '--job-id', '1658', '--raw', '--subdir', 'DAGS_FOLDER/First_dag.py', '--cfg-path', '/tmp/tmpeyiytidx']
[2023-06-11T15:35:04.017+0000] {standard_task_runner.py:85} INFO - Job 1658: Subtask second_task
[2023-06-11T15:35:04.821+0000] {task_command.py:410} INFO - Running <TaskInstance: first_dag_02.second_task scheduled__2022-07-06T00:00:00+00:00 [running]> on host 7586ce0070ac
[2023-06-11T15:35:07.113+0000] {taskinstance.py:1547} INFO - Exporting env vars: AIRFLOW_CTX_DAG_OWNER='Raja' AIRFLOW_CTX_DAG_ID='first_dag_02' AIRFLOW_CTX_TASK_ID='second_task' AIRFLOW_CTX_EXECUTION_DATE='2022-07-06T00:00:00+00:00' AIRFLOW_CTX_TRY_NUMBER='1' AIRFLOW_CTX_DAG_RUN_ID='scheduled__2022-07-06T00:00:00+00:00'
[2023-06-11T15:35:07.115+0000] {subprocess.py:63} INFO - Tmp dir root location: 
 /tmp
[2023-06-11T15:35:07.116+0000] {subprocess.py:75} INFO - Running command: ['/bin/bash', '-c', 'echo hey, I am task2 and will be running after task1!']
[2023-06-11T15:35:07.224+0000] {subprocess.py:86} INFO - Output:
[2023-06-11T15:35:07.269+0000] {subprocess.py:93} INFO - hey, I am task2 and will be running after task1!
[2023-06-11T15:35:07.269+0000] {subprocess.py:97} INFO - Command exited with return code 0
[2023-06-11T15:35:07.589+0000] {taskinstance.py:1350} INFO - Marking task as SUCCESS. dag_id=first_dag_02, task_id=second_task, execution_date=20220706T000000, start_date=20230611T153503, end_date=20230611T153507
[2023-06-11T15:35:07.982+0000] {local_task_job_runner.py:225} INFO - Task exited with return code 0
[2023-06-11T15:35:08.312+0000] {taskinstance.py:2651} INFO - 0 downstream tasks scheduled from follow-on schedule check
