[2023-06-11T09:39:36.002+0000] {taskinstance.py:1103} INFO - Dependencies all met for dep_context=non-requeueable deps ti=<TaskInstance: first_dag_02.thrid_task scheduled__2022-04-06T00:00:00+00:00 [queued]>
[2023-06-11T09:39:36.522+0000] {taskinstance.py:1103} INFO - Dependencies all met for dep_context=requeueable deps ti=<TaskInstance: first_dag_02.thrid_task scheduled__2022-04-06T00:00:00+00:00 [queued]>
[2023-06-11T09:39:36.522+0000] {taskinstance.py:1308} INFO - Starting attempt 1 of 6
[2023-06-11T09:39:37.311+0000] {taskinstance.py:1327} INFO - Executing <Task(BashOperator): thrid_task> on 2022-04-06 00:00:00+00:00
[2023-06-11T09:39:37.528+0000] {standard_task_runner.py:84} INFO - Running: ['***', 'tasks', 'run', 'first_dag_02', 'thrid_task', 'scheduled__2022-04-06T00:00:00+00:00', '--job-id', '1206', '--raw', '--subdir', 'DAGS_FOLDER/First_dag.py', '--cfg-path', '/tmp/tmptan77isk']
[2023-06-11T09:39:37.570+0000] {standard_task_runner.py:85} INFO - Job 1206: Subtask thrid_task
[2023-06-11T09:39:37.488+0000] {standard_task_runner.py:57} INFO - Started process 3896 to run task
[2023-06-11T09:39:40.713+0000] {task_command.py:410} INFO - Running <TaskInstance: first_dag_02.thrid_task scheduled__2022-04-06T00:00:00+00:00 [running]> on host 964e508aad03
[2023-06-11T09:39:47.420+0000] {taskinstance.py:1547} INFO - Exporting env vars: AIRFLOW_CTX_DAG_OWNER='Raja' AIRFLOW_CTX_DAG_ID='first_dag_02' AIRFLOW_CTX_TASK_ID='thrid_task' AIRFLOW_CTX_EXECUTION_DATE='2022-04-06T00:00:00+00:00' AIRFLOW_CTX_TRY_NUMBER='1' AIRFLOW_CTX_DAG_RUN_ID='scheduled__2022-04-06T00:00:00+00:00'
[2023-06-11T09:39:47.438+0000] {subprocess.py:63} INFO - Tmp dir root location: 
 /tmp
[2023-06-11T09:39:47.444+0000] {subprocess.py:75} INFO - Running command: ['/bin/bash', '-c', 'echo hey, I am task3 and will be running after task1 at the same time as task2!']
[2023-06-11T09:39:47.952+0000] {subprocess.py:86} INFO - Output:
[2023-06-11T09:39:47.979+0000] {subprocess.py:93} INFO - hey, I am task3 and will be running after task1 at the same time as task2!
[2023-06-11T09:39:48.055+0000] {subprocess.py:97} INFO - Command exited with return code 0
[2023-06-11T09:39:49.682+0000] {taskinstance.py:1350} INFO - Marking task as SUCCESS. dag_id=first_dag_02, task_id=thrid_task, execution_date=20220406T000000, start_date=20230611T093936, end_date=20230611T093949
[2023-06-11T09:39:50.367+0000] {local_task_job_runner.py:225} INFO - Task exited with return code 0
[2023-06-11T09:39:51.335+0000] {taskinstance.py:2651} INFO - 0 downstream tasks scheduled from follow-on schedule check
[2023-06-11T15:28:24.674+0000] {taskinstance.py:1103} INFO - Dependencies all met for dep_context=non-requeueable deps ti=<TaskInstance: first_dag_02.thrid_task scheduled__2022-04-06T00:00:00+00:00 [queued]>
[2023-06-11T15:28:24.892+0000] {taskinstance.py:1103} INFO - Dependencies all met for dep_context=requeueable deps ti=<TaskInstance: first_dag_02.thrid_task scheduled__2022-04-06T00:00:00+00:00 [queued]>
[2023-06-11T15:28:24.942+0000] {taskinstance.py:1308} INFO - Starting attempt 1 of 6
[2023-06-11T15:28:25.376+0000] {taskinstance.py:1327} INFO - Executing <Task(BashOperator): thrid_task> on 2022-04-06 00:00:00+00:00
[2023-06-11T15:28:25.484+0000] {standard_task_runner.py:57} INFO - Started process 582 to run task
[2023-06-11T15:28:25.513+0000] {standard_task_runner.py:84} INFO - Running: ['***', 'tasks', 'run', 'first_dag_02', 'thrid_task', 'scheduled__2022-04-06T00:00:00+00:00', '--job-id', '1260', '--raw', '--subdir', 'DAGS_FOLDER/First_dag.py', '--cfg-path', '/tmp/tmpa_jnxw87']
[2023-06-11T15:28:25.542+0000] {standard_task_runner.py:85} INFO - Job 1260: Subtask thrid_task
[2023-06-11T15:28:26.040+0000] {task_command.py:410} INFO - Running <TaskInstance: first_dag_02.thrid_task scheduled__2022-04-06T00:00:00+00:00 [running]> on host 7586ce0070ac
[2023-06-11T15:28:27.936+0000] {taskinstance.py:1547} INFO - Exporting env vars: AIRFLOW_CTX_DAG_OWNER='Raja' AIRFLOW_CTX_DAG_ID='first_dag_02' AIRFLOW_CTX_TASK_ID='thrid_task' AIRFLOW_CTX_EXECUTION_DATE='2022-04-06T00:00:00+00:00' AIRFLOW_CTX_TRY_NUMBER='1' AIRFLOW_CTX_DAG_RUN_ID='scheduled__2022-04-06T00:00:00+00:00'
[2023-06-11T15:28:27.949+0000] {subprocess.py:63} INFO - Tmp dir root location: 
 /tmp
[2023-06-11T15:28:27.976+0000] {subprocess.py:75} INFO - Running command: ['/bin/bash', '-c', 'echo hey, I am task3 and will be running after task1 at the same time as task2!']
[2023-06-11T15:28:28.192+0000] {subprocess.py:86} INFO - Output:
[2023-06-11T15:28:28.196+0000] {subprocess.py:93} INFO - hey, I am task3 and will be running after task1 at the same time as task2!
[2023-06-11T15:28:28.218+0000] {subprocess.py:97} INFO - Command exited with return code 0
[2023-06-11T15:28:28.655+0000] {taskinstance.py:1350} INFO - Marking task as SUCCESS. dag_id=first_dag_02, task_id=thrid_task, execution_date=20220406T000000, start_date=20230611T152824, end_date=20230611T152828
[2023-06-11T15:28:29.175+0000] {local_task_job_runner.py:225} INFO - Task exited with return code 0
[2023-06-11T15:28:29.521+0000] {taskinstance.py:2651} INFO - 0 downstream tasks scheduled from follow-on schedule check
