[2023-06-11T04:47:05.179+0000] {taskinstance.py:1103} INFO - Dependencies all met for dep_context=non-requeueable deps ti=<TaskInstance: first_dag_02.thrid_task scheduled__2021-08-26T00:00:00+00:00 [queued]>
[2023-06-11T04:47:06.506+0000] {taskinstance.py:1103} INFO - Dependencies all met for dep_context=requeueable deps ti=<TaskInstance: first_dag_02.thrid_task scheduled__2021-08-26T00:00:00+00:00 [queued]>
[2023-06-11T04:47:06.507+0000] {taskinstance.py:1308} INFO - Starting attempt 1 of 6
[2023-06-11T04:47:07.800+0000] {taskinstance.py:1327} INFO - Executing <Task(BashOperator): thrid_task> on 2021-08-26 00:00:00+00:00
[2023-06-11T04:47:07.812+0000] {standard_task_runner.py:57} INFO - Started process 479 to run task
[2023-06-11T04:47:07.871+0000] {standard_task_runner.py:84} INFO - Running: ['***', 'tasks', 'run', 'first_dag_02', 'thrid_task', 'scheduled__2021-08-26T00:00:00+00:00', '--job-id', '136', '--raw', '--subdir', 'DAGS_FOLDER/First_dag.py', '--cfg-path', '/tmp/tmpfodf7n06']
[2023-06-11T04:47:07.872+0000] {standard_task_runner.py:85} INFO - Job 136: Subtask thrid_task
[2023-06-11T04:47:10.975+0000] {task_command.py:410} INFO - Running <TaskInstance: first_dag_02.thrid_task scheduled__2021-08-26T00:00:00+00:00 [running]> on host 4b1b5d40d165
[2023-06-11T04:47:17.102+0000] {taskinstance.py:1547} INFO - Exporting env vars: AIRFLOW_CTX_DAG_OWNER='Raja' AIRFLOW_CTX_DAG_ID='first_dag_02' AIRFLOW_CTX_TASK_ID='thrid_task' AIRFLOW_CTX_EXECUTION_DATE='2021-08-26T00:00:00+00:00' AIRFLOW_CTX_TRY_NUMBER='1' AIRFLOW_CTX_DAG_RUN_ID='scheduled__2021-08-26T00:00:00+00:00'
[2023-06-11T04:47:17.478+0000] {subprocess.py:63} INFO - Tmp dir root location: 
 /tmp
[2023-06-11T04:47:17.594+0000] {subprocess.py:75} INFO - Running command: ['/bin/bash', '-c', 'echo hey, I am task3 and will be running after task1 at the same time as task2!']
[2023-06-11T04:47:18.199+0000] {subprocess.py:86} INFO - Output:
[2023-06-11T04:47:18.215+0000] {subprocess.py:93} INFO - hey, I am task3 and will be running after task1 at the same time as task2!
[2023-06-11T04:47:18.218+0000] {subprocess.py:97} INFO - Command exited with return code 0
[2023-06-11T04:47:20.121+0000] {taskinstance.py:1350} INFO - Marking task as SUCCESS. dag_id=first_dag_02, task_id=thrid_task, execution_date=20210826T000000, start_date=20230611T044705, end_date=20230611T044720
[2023-06-11T04:47:21.338+0000] {local_task_job_runner.py:225} INFO - Task exited with return code 0
[2023-06-11T04:47:21.433+0000] {taskinstance.py:2651} INFO - 0 downstream tasks scheduled from follow-on schedule check
[2023-06-11T05:17:06.168+0000] {taskinstance.py:1103} INFO - Dependencies all met for dep_context=non-requeueable deps ti=<TaskInstance: first_dag_02.thrid_task scheduled__2021-08-26T00:00:00+00:00 [queued]>
[2023-06-11T05:17:06.328+0000] {taskinstance.py:1103} INFO - Dependencies all met for dep_context=requeueable deps ti=<TaskInstance: first_dag_02.thrid_task scheduled__2021-08-26T00:00:00+00:00 [queued]>
[2023-06-11T05:17:06.328+0000] {taskinstance.py:1308} INFO - Starting attempt 1 of 6
[2023-06-11T05:17:07.504+0000] {taskinstance.py:1327} INFO - Executing <Task(BashOperator): thrid_task> on 2021-08-26 00:00:00+00:00
[2023-06-11T05:17:07.614+0000] {standard_task_runner.py:57} INFO - Started process 454 to run task
[2023-06-11T05:17:07.699+0000] {standard_task_runner.py:84} INFO - Running: ['***', 'tasks', 'run', 'first_dag_02', 'thrid_task', 'scheduled__2021-08-26T00:00:00+00:00', '--job-id', '114', '--raw', '--subdir', 'DAGS_FOLDER/First_dag.py', '--cfg-path', '/tmp/tmpcrc3fp_b']
[2023-06-11T05:17:07.707+0000] {standard_task_runner.py:85} INFO - Job 114: Subtask thrid_task
[2023-06-11T05:17:08.389+0000] {task_command.py:410} INFO - Running <TaskInstance: first_dag_02.thrid_task scheduled__2021-08-26T00:00:00+00:00 [running]> on host 69e374580eab
[2023-06-11T05:17:11.779+0000] {taskinstance.py:1547} INFO - Exporting env vars: AIRFLOW_CTX_DAG_OWNER='Raja' AIRFLOW_CTX_DAG_ID='first_dag_02' AIRFLOW_CTX_TASK_ID='thrid_task' AIRFLOW_CTX_EXECUTION_DATE='2021-08-26T00:00:00+00:00' AIRFLOW_CTX_TRY_NUMBER='1' AIRFLOW_CTX_DAG_RUN_ID='scheduled__2021-08-26T00:00:00+00:00'
[2023-06-11T05:17:11.807+0000] {subprocess.py:63} INFO - Tmp dir root location: 
 /tmp
[2023-06-11T05:17:11.820+0000] {subprocess.py:75} INFO - Running command: ['/bin/bash', '-c', 'echo hey, I am task3 and will be running after task1 at the same time as task2!']
[2023-06-11T05:17:11.932+0000] {subprocess.py:86} INFO - Output:
[2023-06-11T05:17:11.942+0000] {subprocess.py:93} INFO - hey, I am task3 and will be running after task1 at the same time as task2!
[2023-06-11T05:17:11.945+0000] {subprocess.py:97} INFO - Command exited with return code 0
[2023-06-11T05:17:12.205+0000] {taskinstance.py:1350} INFO - Marking task as SUCCESS. dag_id=first_dag_02, task_id=thrid_task, execution_date=20210826T000000, start_date=20230611T051706, end_date=20230611T051712
[2023-06-11T05:17:13.860+0000] {local_task_job_runner.py:225} INFO - Task exited with return code 0
[2023-06-11T05:17:14.405+0000] {taskinstance.py:2651} INFO - 0 downstream tasks scheduled from follow-on schedule check
[2023-06-11T08:21:36.673+0000] {taskinstance.py:1103} INFO - Dependencies all met for dep_context=non-requeueable deps ti=<TaskInstance: first_dag_02.thrid_task scheduled__2021-08-26T00:00:00+00:00 [queued]>
[2023-06-11T08:21:38.147+0000] {taskinstance.py:1103} INFO - Dependencies all met for dep_context=requeueable deps ti=<TaskInstance: first_dag_02.thrid_task scheduled__2021-08-26T00:00:00+00:00 [queued]>
[2023-06-11T08:21:38.148+0000] {taskinstance.py:1308} INFO - Starting attempt 1 of 6
[2023-06-11T08:21:39.159+0000] {taskinstance.py:1327} INFO - Executing <Task(BashOperator): thrid_task> on 2021-08-26 00:00:00+00:00
[2023-06-11T08:21:39.236+0000] {standard_task_runner.py:57} INFO - Started process 709 to run task
[2023-06-11T08:21:39.600+0000] {standard_task_runner.py:84} INFO - Running: ['***', 'tasks', 'run', 'first_dag_02', 'thrid_task', 'scheduled__2021-08-26T00:00:00+00:00', '--job-id', '228', '--raw', '--subdir', 'DAGS_FOLDER/First_dag.py', '--cfg-path', '/tmp/tmp08akjgn4']
[2023-06-11T08:21:39.602+0000] {standard_task_runner.py:85} INFO - Job 228: Subtask thrid_task
[2023-06-11T08:21:41.171+0000] {task_command.py:410} INFO - Running <TaskInstance: first_dag_02.thrid_task scheduled__2021-08-26T00:00:00+00:00 [running]> on host 492037cdd057
[2023-06-11T08:21:47.480+0000] {taskinstance.py:1547} INFO - Exporting env vars: AIRFLOW_CTX_DAG_OWNER='Raja' AIRFLOW_CTX_DAG_ID='first_dag_02' AIRFLOW_CTX_TASK_ID='thrid_task' AIRFLOW_CTX_EXECUTION_DATE='2021-08-26T00:00:00+00:00' AIRFLOW_CTX_TRY_NUMBER='1' AIRFLOW_CTX_DAG_RUN_ID='scheduled__2021-08-26T00:00:00+00:00'
[2023-06-11T08:21:47.611+0000] {subprocess.py:63} INFO - Tmp dir root location: 
 /tmp
[2023-06-11T08:21:47.794+0000] {subprocess.py:75} INFO - Running command: ['/bin/bash', '-c', 'echo hey, I am task3 and will be running after task1 at the same time as task2!']
[2023-06-11T08:21:48.552+0000] {subprocess.py:86} INFO - Output:
[2023-06-11T08:21:48.661+0000] {subprocess.py:93} INFO - hey, I am task3 and will be running after task1 at the same time as task2!
[2023-06-11T08:21:48.692+0000] {subprocess.py:97} INFO - Command exited with return code 0
[2023-06-11T08:21:50.099+0000] {taskinstance.py:1350} INFO - Marking task as SUCCESS. dag_id=first_dag_02, task_id=thrid_task, execution_date=20210826T000000, start_date=20230611T082136, end_date=20230611T082150
[2023-06-11T08:21:50.318+0000] {local_task_job_runner.py:225} INFO - Task exited with return code 0
[2023-06-11T08:21:50.935+0000] {taskinstance.py:2651} INFO - 0 downstream tasks scheduled from follow-on schedule check
[2023-06-11T08:49:13.262+0000] {taskinstance.py:1103} INFO - Dependencies all met for dep_context=non-requeueable deps ti=<TaskInstance: first_dag_02.thrid_task scheduled__2021-08-26T00:00:00+00:00 [queued]>
[2023-06-11T08:49:13.525+0000] {taskinstance.py:1103} INFO - Dependencies all met for dep_context=requeueable deps ti=<TaskInstance: first_dag_02.thrid_task scheduled__2021-08-26T00:00:00+00:00 [queued]>
[2023-06-11T08:49:13.525+0000] {taskinstance.py:1308} INFO - Starting attempt 1 of 6
[2023-06-11T08:49:14.542+0000] {taskinstance.py:1327} INFO - Executing <Task(BashOperator): thrid_task> on 2021-08-26 00:00:00+00:00
[2023-06-11T08:49:14.660+0000] {standard_task_runner.py:57} INFO - Started process 619 to run task
[2023-06-11T08:49:14.702+0000] {standard_task_runner.py:84} INFO - Running: ['***', 'tasks', 'run', 'first_dag_02', 'thrid_task', 'scheduled__2021-08-26T00:00:00+00:00', '--job-id', '187', '--raw', '--subdir', 'DAGS_FOLDER/First_dag.py', '--cfg-path', '/tmp/tmp67gor1vv']
[2023-06-11T08:49:14.703+0000] {standard_task_runner.py:85} INFO - Job 187: Subtask thrid_task
[2023-06-11T08:49:15.304+0000] {task_command.py:410} INFO - Running <TaskInstance: first_dag_02.thrid_task scheduled__2021-08-26T00:00:00+00:00 [running]> on host 964e508aad03
[2023-06-11T08:49:17.507+0000] {taskinstance.py:1547} INFO - Exporting env vars: AIRFLOW_CTX_DAG_OWNER='Raja' AIRFLOW_CTX_DAG_ID='first_dag_02' AIRFLOW_CTX_TASK_ID='thrid_task' AIRFLOW_CTX_EXECUTION_DATE='2021-08-26T00:00:00+00:00' AIRFLOW_CTX_TRY_NUMBER='1' AIRFLOW_CTX_DAG_RUN_ID='scheduled__2021-08-26T00:00:00+00:00'
[2023-06-11T08:49:17.510+0000] {subprocess.py:63} INFO - Tmp dir root location: 
 /tmp
[2023-06-11T08:49:17.522+0000] {subprocess.py:75} INFO - Running command: ['/bin/bash', '-c', 'echo hey, I am task3 and will be running after task1 at the same time as task2!']
[2023-06-11T08:49:17.705+0000] {subprocess.py:86} INFO - Output:
[2023-06-11T08:49:17.708+0000] {subprocess.py:93} INFO - hey, I am task3 and will be running after task1 at the same time as task2!
[2023-06-11T08:49:17.724+0000] {subprocess.py:97} INFO - Command exited with return code 0
[2023-06-11T08:49:17.969+0000] {taskinstance.py:1350} INFO - Marking task as SUCCESS. dag_id=first_dag_02, task_id=thrid_task, execution_date=20210826T000000, start_date=20230611T084913, end_date=20230611T084917
[2023-06-11T08:49:18.257+0000] {local_task_job_runner.py:225} INFO - Task exited with return code 0
[2023-06-11T08:49:18.794+0000] {taskinstance.py:2651} INFO - 0 downstream tasks scheduled from follow-on schedule check
[2023-06-11T10:42:01.261+0000] {taskinstance.py:1103} INFO - Dependencies all met for dep_context=non-requeueable deps ti=<TaskInstance: first_dag_02.thrid_task scheduled__2021-08-26T00:00:00+00:00 [queued]>
[2023-06-11T10:42:01.447+0000] {taskinstance.py:1103} INFO - Dependencies all met for dep_context=requeueable deps ti=<TaskInstance: first_dag_02.thrid_task scheduled__2021-08-26T00:00:00+00:00 [queued]>
[2023-06-11T10:42:01.447+0000] {taskinstance.py:1308} INFO - Starting attempt 1 of 6
[2023-06-11T10:42:01.738+0000] {taskinstance.py:1327} INFO - Executing <Task(BashOperator): thrid_task> on 2021-08-26 00:00:00+00:00
[2023-06-11T10:42:01.930+0000] {standard_task_runner.py:57} INFO - Started process 665 to run task
[2023-06-11T10:42:02.083+0000] {standard_task_runner.py:84} INFO - Running: ['***', 'tasks', 'run', 'first_dag_02', 'thrid_task', 'scheduled__2021-08-26T00:00:00+00:00', '--job-id', '184', '--raw', '--subdir', 'DAGS_FOLDER/First_dag.py', '--cfg-path', '/tmp/tmpz7uyoy06']
[2023-06-11T10:42:02.140+0000] {standard_task_runner.py:85} INFO - Job 184: Subtask thrid_task
[2023-06-11T10:42:04.387+0000] {task_command.py:410} INFO - Running <TaskInstance: first_dag_02.thrid_task scheduled__2021-08-26T00:00:00+00:00 [running]> on host 7586ce0070ac
[2023-06-11T10:42:09.640+0000] {taskinstance.py:1547} INFO - Exporting env vars: AIRFLOW_CTX_DAG_OWNER='Raja' AIRFLOW_CTX_DAG_ID='first_dag_02' AIRFLOW_CTX_TASK_ID='thrid_task' AIRFLOW_CTX_EXECUTION_DATE='2021-08-26T00:00:00+00:00' AIRFLOW_CTX_TRY_NUMBER='1' AIRFLOW_CTX_DAG_RUN_ID='scheduled__2021-08-26T00:00:00+00:00'
[2023-06-11T10:42:09.687+0000] {subprocess.py:63} INFO - Tmp dir root location: 
 /tmp
[2023-06-11T10:42:09.691+0000] {subprocess.py:75} INFO - Running command: ['/bin/bash', '-c', 'echo hey, I am task3 and will be running after task1 at the same time as task2!']
[2023-06-11T10:42:10.289+0000] {subprocess.py:86} INFO - Output:
[2023-06-11T10:42:10.503+0000] {subprocess.py:93} INFO - hey, I am task3 and will be running after task1 at the same time as task2!
[2023-06-11T10:42:10.586+0000] {subprocess.py:97} INFO - Command exited with return code 0
[2023-06-11T10:42:12.173+0000] {taskinstance.py:1350} INFO - Marking task as SUCCESS. dag_id=first_dag_02, task_id=thrid_task, execution_date=20210826T000000, start_date=20230611T104201, end_date=20230611T104212
[2023-06-11T10:42:13.539+0000] {local_task_job_runner.py:225} INFO - Task exited with return code 0
[2023-06-11T10:42:14.085+0000] {taskinstance.py:2651} INFO - 0 downstream tasks scheduled from follow-on schedule check
