[2023-06-11T15:25:30.019+0000] {taskinstance.py:1097} INFO - Dependencies not met for <TaskInstance: first_dag_02.second_task scheduled__2022-01-07T00:00:00+00:00 [up_for_retry]>, dependency 'Not In Retry Period' FAILED: Task is not ready for retry yet but will be retried automatically. Current date is 2023-06-11T15:25:30.019447+00:00 and task will be retried at 2023-06-11T15:26:50.682746+00:00.
[2023-06-11T15:25:30.309+0000] {local_task_job_runner.py:154} INFO - Task is not able to be run
[2023-06-11T15:27:08.288+0000] {taskinstance.py:1103} INFO - Dependencies all met for dep_context=non-requeueable deps ti=<TaskInstance: first_dag_02.second_task scheduled__2022-01-07T00:00:00+00:00 [queued]>
[2023-06-11T15:27:08.711+0000] {taskinstance.py:1103} INFO - Dependencies all met for dep_context=requeueable deps ti=<TaskInstance: first_dag_02.second_task scheduled__2022-01-07T00:00:00+00:00 [queued]>
[2023-06-11T15:27:08.711+0000] {taskinstance.py:1308} INFO - Starting attempt 2 of 6
[2023-06-11T15:27:08.989+0000] {taskinstance.py:1327} INFO - Executing <Task(BashOperator): second_task> on 2022-01-07 00:00:00+00:00
[2023-06-11T15:27:09.001+0000] {standard_task_runner.py:57} INFO - Started process 341 to run task
[2023-06-11T15:27:09.012+0000] {standard_task_runner.py:84} INFO - Running: ['***', 'tasks', 'run', 'first_dag_02', 'second_task', 'scheduled__2022-01-07T00:00:00+00:00', '--job-id', '1186', '--raw', '--subdir', 'DAGS_FOLDER/First_dag.py', '--cfg-path', '/tmp/tmppaqewy9w']
[2023-06-11T15:27:09.014+0000] {standard_task_runner.py:85} INFO - Job 1186: Subtask second_task
[2023-06-11T15:27:09.393+0000] {task_command.py:410} INFO - Running <TaskInstance: first_dag_02.second_task scheduled__2022-01-07T00:00:00+00:00 [running]> on host 7586ce0070ac
[2023-06-11T15:27:10.891+0000] {taskinstance.py:1547} INFO - Exporting env vars: AIRFLOW_CTX_DAG_OWNER='Raja' AIRFLOW_CTX_DAG_ID='first_dag_02' AIRFLOW_CTX_TASK_ID='second_task' AIRFLOW_CTX_EXECUTION_DATE='2022-01-07T00:00:00+00:00' AIRFLOW_CTX_TRY_NUMBER='2' AIRFLOW_CTX_DAG_RUN_ID='scheduled__2022-01-07T00:00:00+00:00'
[2023-06-11T15:27:10.892+0000] {subprocess.py:63} INFO - Tmp dir root location: 
 /tmp
[2023-06-11T15:27:10.893+0000] {subprocess.py:75} INFO - Running command: ['/bin/bash', '-c', 'echo hey, I am task2 and will be running after task1!']
[2023-06-11T15:27:11.060+0000] {subprocess.py:86} INFO - Output:
[2023-06-11T15:27:11.095+0000] {subprocess.py:93} INFO - hey, I am task2 and will be running after task1!
[2023-06-11T15:27:11.095+0000] {subprocess.py:97} INFO - Command exited with return code 0
[2023-06-11T15:27:11.310+0000] {taskinstance.py:1350} INFO - Marking task as SUCCESS. dag_id=first_dag_02, task_id=second_task, execution_date=20220107T000000, start_date=20230611T152708, end_date=20230611T152711
[2023-06-11T15:27:11.825+0000] {local_task_job_runner.py:225} INFO - Task exited with return code 0
[2023-06-11T15:27:12.667+0000] {taskinstance.py:2651} INFO - 0 downstream tasks scheduled from follow-on schedule check
