[2023-06-11T06:15:13.670+0000] {taskinstance.py:1103} INFO - Dependencies all met for dep_context=non-requeueable deps ti=<TaskInstance: dag_pythonoperator_18.first_task scheduled__2023-06-08T00:00:00+00:00 [queued]>
[2023-06-11T06:15:14.104+0000] {taskinstance.py:1103} INFO - Dependencies all met for dep_context=requeueable deps ti=<TaskInstance: dag_pythonoperator_18.first_task scheduled__2023-06-08T00:00:00+00:00 [queued]>
[2023-06-11T06:15:14.127+0000] {taskinstance.py:1308} INFO - Starting attempt 1 of 6
[2023-06-11T06:15:14.265+0000] {taskinstance.py:1327} INFO - Executing <Task(PythonOperator): first_task> on 2023-06-08 00:00:00+00:00
[2023-06-11T06:15:14.450+0000] {standard_task_runner.py:84} INFO - Running: ['***', 'tasks', 'run', 'dag_pythonoperator_18', 'first_task', 'scheduled__2023-06-08T00:00:00+00:00', '--job-id', '694', '--raw', '--subdir', 'DAGS_FOLDER/python_operator_dag.py', '--cfg-path', '/tmp/tmpo8vr9mdb']
[2023-06-11T06:15:14.451+0000] {standard_task_runner.py:85} INFO - Job 694: Subtask first_task
[2023-06-11T06:15:14.372+0000] {standard_task_runner.py:57} INFO - Started process 525 to run task
[2023-06-11T06:15:14.644+0000] {task_command.py:410} INFO - Running <TaskInstance: dag_pythonoperator_18.first_task scheduled__2023-06-08T00:00:00+00:00 [running]> on host 69e374580eab
[2023-06-11T06:15:17.211+0000] {taskinstance.py:1547} INFO - Exporting env vars: AIRFLOW_CTX_DAG_OWNER='Raja' AIRFLOW_CTX_DAG_ID='dag_pythonoperator_18' AIRFLOW_CTX_TASK_ID='first_task' AIRFLOW_CTX_EXECUTION_DATE='2023-06-08T00:00:00+00:00' AIRFLOW_CTX_TRY_NUMBER='1' AIRFLOW_CTX_DAG_RUN_ID='scheduled__2023-06-08T00:00:00+00:00'
[2023-06-11T06:15:17.212+0000] {logging_mixin.py:149} INFO - Hai this first python_operator dag
[2023-06-11T06:15:17.212+0000] {python.py:183} INFO - Done. Returned value was: None
[2023-06-11T06:15:17.325+0000] {taskinstance.py:1350} INFO - Marking task as SUCCESS. dag_id=dag_pythonoperator_18, task_id=first_task, execution_date=20230608T000000, start_date=20230611T061513, end_date=20230611T061517
[2023-06-11T06:15:17.439+0000] {local_task_job_runner.py:225} INFO - Task exited with return code 0
[2023-06-11T06:15:17.784+0000] {taskinstance.py:2651} INFO - 1 downstream tasks scheduled from follow-on schedule check
[2023-06-11T08:14:43.008+0000] {taskinstance.py:1103} INFO - Dependencies all met for dep_context=non-requeueable deps ti=<TaskInstance: dag_pythonoperator_18.first_task scheduled__2023-06-08T00:00:00+00:00 [queued]>
[2023-06-11T08:14:43.887+0000] {taskinstance.py:1103} INFO - Dependencies all met for dep_context=requeueable deps ti=<TaskInstance: dag_pythonoperator_18.first_task scheduled__2023-06-08T00:00:00+00:00 [queued]>
[2023-06-11T08:14:43.889+0000] {taskinstance.py:1308} INFO - Starting attempt 1 of 6
[2023-06-11T08:14:46.016+0000] {taskinstance.py:1327} INFO - Executing <Task(PythonOperator): first_task> on 2023-06-08 00:00:00+00:00
[2023-06-11T08:14:46.181+0000] {standard_task_runner.py:57} INFO - Started process 145 to run task
[2023-06-11T08:14:46.360+0000] {standard_task_runner.py:84} INFO - Running: ['***', 'tasks', 'run', 'dag_pythonoperator_18', 'first_task', 'scheduled__2023-06-08T00:00:00+00:00', '--job-id', '62', '--raw', '--subdir', 'DAGS_FOLDER/python_operator_dag.py', '--cfg-path', '/tmp/tmpgd3xoe7m']
[2023-06-11T08:14:46.492+0000] {standard_task_runner.py:85} INFO - Job 62: Subtask first_task
[2023-06-11T08:14:49.260+0000] {task_command.py:410} INFO - Running <TaskInstance: dag_pythonoperator_18.first_task scheduled__2023-06-08T00:00:00+00:00 [running]> on host 492037cdd057
[2023-06-11T08:14:54.348+0000] {taskinstance.py:1547} INFO - Exporting env vars: AIRFLOW_CTX_DAG_OWNER='Raja' AIRFLOW_CTX_DAG_ID='dag_pythonoperator_18' AIRFLOW_CTX_TASK_ID='first_task' AIRFLOW_CTX_EXECUTION_DATE='2023-06-08T00:00:00+00:00' AIRFLOW_CTX_TRY_NUMBER='1' AIRFLOW_CTX_DAG_RUN_ID='scheduled__2023-06-08T00:00:00+00:00'
[2023-06-11T08:14:54.363+0000] {logging_mixin.py:149} INFO - Hai this first python_operator dag
[2023-06-11T08:14:54.364+0000] {python.py:183} INFO - Done. Returned value was: None
[2023-06-11T08:14:54.528+0000] {taskinstance.py:1350} INFO - Marking task as SUCCESS. dag_id=dag_pythonoperator_18, task_id=first_task, execution_date=20230608T000000, start_date=20230611T081443, end_date=20230611T081454
[2023-06-11T08:14:55.473+0000] {local_task_job_runner.py:225} INFO - Task exited with return code 0
[2023-06-11T08:14:57.031+0000] {taskinstance.py:2651} INFO - 1 downstream tasks scheduled from follow-on schedule check
[2023-06-11T08:46:57.646+0000] {taskinstance.py:1103} INFO - Dependencies all met for dep_context=non-requeueable deps ti=<TaskInstance: dag_pythonoperator_18.first_task scheduled__2023-06-08T00:00:00+00:00 [queued]>
[2023-06-11T08:46:58.052+0000] {taskinstance.py:1103} INFO - Dependencies all met for dep_context=requeueable deps ti=<TaskInstance: dag_pythonoperator_18.first_task scheduled__2023-06-08T00:00:00+00:00 [queued]>
[2023-06-11T08:46:58.053+0000] {taskinstance.py:1308} INFO - Starting attempt 1 of 6
[2023-06-11T08:46:58.495+0000] {taskinstance.py:1327} INFO - Executing <Task(PythonOperator): first_task> on 2023-06-08 00:00:00+00:00
[2023-06-11T08:46:58.586+0000] {standard_task_runner.py:57} INFO - Started process 139 to run task
[2023-06-11T08:46:58.641+0000] {standard_task_runner.py:84} INFO - Running: ['***', 'tasks', 'run', 'dag_pythonoperator_18', 'first_task', 'scheduled__2023-06-08T00:00:00+00:00', '--job-id', '29', '--raw', '--subdir', 'DAGS_FOLDER/python_operator_dag.py', '--cfg-path', '/tmp/tmpt2ole_86']
[2023-06-11T08:46:58.694+0000] {standard_task_runner.py:85} INFO - Job 29: Subtask first_task
[2023-06-11T08:46:59.193+0000] {task_command.py:410} INFO - Running <TaskInstance: dag_pythonoperator_18.first_task scheduled__2023-06-08T00:00:00+00:00 [running]> on host 964e508aad03
[2023-06-11T08:47:00.545+0000] {taskinstance.py:1547} INFO - Exporting env vars: AIRFLOW_CTX_DAG_OWNER='Raja' AIRFLOW_CTX_DAG_ID='dag_pythonoperator_18' AIRFLOW_CTX_TASK_ID='first_task' AIRFLOW_CTX_EXECUTION_DATE='2023-06-08T00:00:00+00:00' AIRFLOW_CTX_TRY_NUMBER='1' AIRFLOW_CTX_DAG_RUN_ID='scheduled__2023-06-08T00:00:00+00:00'
[2023-06-11T08:47:00.548+0000] {logging_mixin.py:149} INFO - Hai this first python_operator dag
[2023-06-11T08:47:00.548+0000] {python.py:183} INFO - Done. Returned value was: None
[2023-06-11T08:47:00.645+0000] {taskinstance.py:1350} INFO - Marking task as SUCCESS. dag_id=dag_pythonoperator_18, task_id=first_task, execution_date=20230608T000000, start_date=20230611T084657, end_date=20230611T084700
[2023-06-11T08:47:01.162+0000] {local_task_job_runner.py:225} INFO - Task exited with return code 0
[2023-06-11T08:47:01.491+0000] {taskinstance.py:2651} INFO - 1 downstream tasks scheduled from follow-on schedule check
[2023-06-11T10:35:55.212+0000] {taskinstance.py:1103} INFO - Dependencies all met for dep_context=non-requeueable deps ti=<TaskInstance: dag_pythonoperator_18.first_task scheduled__2023-06-08T00:00:00+00:00 [queued]>
[2023-06-11T10:35:55.497+0000] {taskinstance.py:1103} INFO - Dependencies all met for dep_context=requeueable deps ti=<TaskInstance: dag_pythonoperator_18.first_task scheduled__2023-06-08T00:00:00+00:00 [queued]>
[2023-06-11T10:35:55.498+0000] {taskinstance.py:1308} INFO - Starting attempt 1 of 6
[2023-06-11T10:35:55.630+0000] {taskinstance.py:1327} INFO - Executing <Task(PythonOperator): first_task> on 2023-06-08 00:00:00+00:00
[2023-06-11T10:35:55.655+0000] {standard_task_runner.py:57} INFO - Started process 137 to run task
[2023-06-11T10:35:55.682+0000] {standard_task_runner.py:84} INFO - Running: ['***', 'tasks', 'run', 'dag_pythonoperator_18', 'first_task', 'scheduled__2023-06-08T00:00:00+00:00', '--job-id', '23', '--raw', '--subdir', 'DAGS_FOLDER/python_operator_dag.py', '--cfg-path', '/tmp/tmpf2qn9moc']
[2023-06-11T10:35:55.709+0000] {standard_task_runner.py:85} INFO - Job 23: Subtask first_task
[2023-06-11T10:35:58.305+0000] {task_command.py:410} INFO - Running <TaskInstance: dag_pythonoperator_18.first_task scheduled__2023-06-08T00:00:00+00:00 [running]> on host 7586ce0070ac
[2023-06-11T10:36:03.454+0000] {taskinstance.py:1547} INFO - Exporting env vars: AIRFLOW_CTX_DAG_OWNER='Raja' AIRFLOW_CTX_DAG_ID='dag_pythonoperator_18' AIRFLOW_CTX_TASK_ID='first_task' AIRFLOW_CTX_EXECUTION_DATE='2023-06-08T00:00:00+00:00' AIRFLOW_CTX_TRY_NUMBER='1' AIRFLOW_CTX_DAG_RUN_ID='scheduled__2023-06-08T00:00:00+00:00'
[2023-06-11T10:36:03.477+0000] {logging_mixin.py:149} INFO - Hai this first python_operator dag
[2023-06-11T10:36:03.477+0000] {python.py:183} INFO - Done. Returned value was: None
[2023-06-11T10:36:04.305+0000] {taskinstance.py:1350} INFO - Marking task as SUCCESS. dag_id=dag_pythonoperator_18, task_id=first_task, execution_date=20230608T000000, start_date=20230611T103555, end_date=20230611T103604
[2023-06-11T10:36:04.785+0000] {local_task_job_runner.py:225} INFO - Task exited with return code 0
[2023-06-11T10:36:06.496+0000] {taskinstance.py:2651} INFO - 1 downstream tasks scheduled from follow-on schedule check
[2023-06-12T03:33:11.170+0000] {taskinstance.py:1103} INFO - Dependencies all met for dep_context=non-requeueable deps ti=<TaskInstance: dag_pythonoperator_18.first_task scheduled__2023-06-08T00:00:00+00:00 [queued]>
[2023-06-12T03:33:11.240+0000] {taskinstance.py:1103} INFO - Dependencies all met for dep_context=requeueable deps ti=<TaskInstance: dag_pythonoperator_18.first_task scheduled__2023-06-08T00:00:00+00:00 [queued]>
[2023-06-12T03:33:11.241+0000] {taskinstance.py:1308} INFO - Starting attempt 1 of 6
[2023-06-12T03:33:11.312+0000] {taskinstance.py:1327} INFO - Executing <Task(PythonOperator): first_task> on 2023-06-08 00:00:00+00:00
[2023-06-12T03:33:11.325+0000] {standard_task_runner.py:57} INFO - Started process 175 to run task
[2023-06-12T03:33:11.342+0000] {standard_task_runner.py:84} INFO - Running: ['***', 'tasks', 'run', 'dag_pythonoperator_18', 'first_task', 'scheduled__2023-06-08T00:00:00+00:00', '--job-id', '32', '--raw', '--subdir', 'DAGS_FOLDER/python_operator_dag.py', '--cfg-path', '/tmp/tmprv2aw9q7']
[2023-06-12T03:33:11.345+0000] {standard_task_runner.py:85} INFO - Job 32: Subtask first_task
[2023-06-12T03:33:14.368+0000] {task_command.py:410} INFO - Running <TaskInstance: dag_pythonoperator_18.first_task scheduled__2023-06-08T00:00:00+00:00 [running]> on host 03cd9a7904e9
[2023-06-12T03:33:17.581+0000] {taskinstance.py:1547} INFO - Exporting env vars: AIRFLOW_CTX_DAG_OWNER='Raja' AIRFLOW_CTX_DAG_ID='dag_pythonoperator_18' AIRFLOW_CTX_TASK_ID='first_task' AIRFLOW_CTX_EXECUTION_DATE='2023-06-08T00:00:00+00:00' AIRFLOW_CTX_TRY_NUMBER='1' AIRFLOW_CTX_DAG_RUN_ID='scheduled__2023-06-08T00:00:00+00:00'
[2023-06-12T03:33:17.587+0000] {logging_mixin.py:149} INFO - Hai this first python_operator dag
[2023-06-12T03:33:17.607+0000] {python.py:183} INFO - Done. Returned value was: None
[2023-06-12T03:33:18.442+0000] {taskinstance.py:1350} INFO - Marking task as SUCCESS. dag_id=dag_pythonoperator_18, task_id=first_task, execution_date=20230608T000000, start_date=20230612T033311, end_date=20230612T033318
[2023-06-12T03:33:18.555+0000] {local_task_job_runner.py:225} INFO - Task exited with return code 0
[2023-06-12T03:33:22.909+0000] {taskinstance.py:2651} INFO - 0 downstream tasks scheduled from follow-on schedule check
