[2023-06-11T09:45:47.723+0000] {taskinstance.py:1103} INFO - Dependencies all met for dep_context=non-requeueable deps ti=<TaskInstance: first_dag_02.first_task scheduled__2022-06-04T00:00:00+00:00 [queued]>
[2023-06-11T09:45:48.143+0000] {taskinstance.py:1103} INFO - Dependencies all met for dep_context=requeueable deps ti=<TaskInstance: first_dag_02.first_task scheduled__2022-06-04T00:00:00+00:00 [queued]>
[2023-06-11T09:45:48.206+0000] {taskinstance.py:1308} INFO - Starting attempt 1 of 6
[2023-06-11T09:45:49.038+0000] {taskinstance.py:1327} INFO - Executing <Task(BashOperator): first_task> on 2022-06-04 00:00:00+00:00
[2023-06-11T09:45:49.289+0000] {standard_task_runner.py:84} INFO - Running: ['***', 'tasks', 'run', 'first_dag_02', 'first_task', 'scheduled__2022-06-04T00:00:00+00:00', '--job-id', '1462', '--raw', '--subdir', 'DAGS_FOLDER/First_dag.py', '--cfg-path', '/tmp/tmpbf7w0l6d']
[2023-06-11T09:45:49.292+0000] {standard_task_runner.py:85} INFO - Job 1462: Subtask first_task
[2023-06-11T09:45:49.327+0000] {standard_task_runner.py:57} INFO - Started process 4763 to run task
[2023-06-11T09:45:50.103+0000] {task_command.py:410} INFO - Running <TaskInstance: first_dag_02.first_task scheduled__2022-06-04T00:00:00+00:00 [running]> on host 964e508aad03
[2023-06-11T09:45:52.232+0000] {taskinstance.py:1547} INFO - Exporting env vars: AIRFLOW_CTX_DAG_OWNER='Raja' AIRFLOW_CTX_DAG_ID='first_dag_02' AIRFLOW_CTX_TASK_ID='first_task' AIRFLOW_CTX_EXECUTION_DATE='2022-06-04T00:00:00+00:00' AIRFLOW_CTX_TRY_NUMBER='1' AIRFLOW_CTX_DAG_RUN_ID='scheduled__2022-06-04T00:00:00+00:00'
[2023-06-11T09:45:52.234+0000] {subprocess.py:63} INFO - Tmp dir root location: 
 /tmp
[2023-06-11T09:45:52.235+0000] {subprocess.py:75} INFO - Running command: ['/bin/bash', '-c', 'echo hello world, this is the first task!']
[2023-06-11T09:45:52.274+0000] {subprocess.py:86} INFO - Output:
[2023-06-11T09:45:52.285+0000] {subprocess.py:93} INFO - hello world, this is the first task!
[2023-06-11T09:45:52.287+0000] {subprocess.py:97} INFO - Command exited with return code 0
[2023-06-11T09:45:52.827+0000] {taskinstance.py:1350} INFO - Marking task as SUCCESS. dag_id=first_dag_02, task_id=first_task, execution_date=20220604T000000, start_date=20230611T094547, end_date=20230611T094552
[2023-06-11T09:45:53.303+0000] {local_task_job_runner.py:225} INFO - Task exited with return code 0
[2023-06-11T09:45:54.307+0000] {taskinstance.py:2651} INFO - 0 downstream tasks scheduled from follow-on schedule check
[2023-06-11T15:32:24.463+0000] {taskinstance.py:1103} INFO - Dependencies all met for dep_context=non-requeueable deps ti=<TaskInstance: first_dag_02.first_task scheduled__2022-06-04T00:00:00+00:00 [queued]>
[2023-06-11T15:32:24.936+0000] {taskinstance.py:1103} INFO - Dependencies all met for dep_context=requeueable deps ti=<TaskInstance: first_dag_02.first_task scheduled__2022-06-04T00:00:00+00:00 [queued]>
[2023-06-11T15:32:24.948+0000] {taskinstance.py:1308} INFO - Starting attempt 1 of 6
[2023-06-11T15:32:25.616+0000] {taskinstance.py:1327} INFO - Executing <Task(BashOperator): first_task> on 2022-06-04 00:00:00+00:00
[2023-06-11T15:32:25.664+0000] {standard_task_runner.py:57} INFO - Started process 1309 to run task
[2023-06-11T15:32:25.689+0000] {standard_task_runner.py:84} INFO - Running: ['***', 'tasks', 'run', 'first_dag_02', 'first_task', 'scheduled__2022-06-04T00:00:00+00:00', '--job-id', '1488', '--raw', '--subdir', 'DAGS_FOLDER/First_dag.py', '--cfg-path', '/tmp/tmp7v2xqh57']
[2023-06-11T15:32:25.690+0000] {standard_task_runner.py:85} INFO - Job 1488: Subtask first_task
[2023-06-11T15:32:26.397+0000] {task_command.py:410} INFO - Running <TaskInstance: first_dag_02.first_task scheduled__2022-06-04T00:00:00+00:00 [running]> on host 7586ce0070ac
[2023-06-11T15:32:28.511+0000] {taskinstance.py:1547} INFO - Exporting env vars: AIRFLOW_CTX_DAG_OWNER='Raja' AIRFLOW_CTX_DAG_ID='first_dag_02' AIRFLOW_CTX_TASK_ID='first_task' AIRFLOW_CTX_EXECUTION_DATE='2022-06-04T00:00:00+00:00' AIRFLOW_CTX_TRY_NUMBER='1' AIRFLOW_CTX_DAG_RUN_ID='scheduled__2022-06-04T00:00:00+00:00'
[2023-06-11T15:32:28.532+0000] {subprocess.py:63} INFO - Tmp dir root location: 
 /tmp
[2023-06-11T15:32:28.533+0000] {subprocess.py:75} INFO - Running command: ['/bin/bash', '-c', 'echo hello world, this is the first task!']
[2023-06-11T15:32:28.606+0000] {subprocess.py:86} INFO - Output:
[2023-06-11T15:32:28.610+0000] {subprocess.py:93} INFO - hello world, this is the first task!
[2023-06-11T15:32:28.612+0000] {subprocess.py:97} INFO - Command exited with return code 0
[2023-06-11T15:32:28.971+0000] {taskinstance.py:1350} INFO - Marking task as SUCCESS. dag_id=first_dag_02, task_id=first_task, execution_date=20220604T000000, start_date=20230611T153224, end_date=20230611T153228
[2023-06-11T15:32:29.380+0000] {local_task_job_runner.py:225} INFO - Task exited with return code 0
[2023-06-11T15:32:29.835+0000] {taskinstance.py:2651} INFO - 2 downstream tasks scheduled from follow-on schedule check
