[2023-06-11T04:48:11.309+0000] {taskinstance.py:1103} INFO - Dependencies all met for dep_context=non-requeueable deps ti=<TaskInstance: first_dag_02.first_task scheduled__2021-09-10T00:00:00+00:00 [queued]>
[2023-06-11T04:48:11.479+0000] {taskinstance.py:1103} INFO - Dependencies all met for dep_context=requeueable deps ti=<TaskInstance: first_dag_02.first_task scheduled__2021-09-10T00:00:00+00:00 [queued]>
[2023-06-11T04:48:11.479+0000] {taskinstance.py:1308} INFO - Starting attempt 1 of 6
[2023-06-11T04:48:11.677+0000] {taskinstance.py:1327} INFO - Executing <Task(BashOperator): first_task> on 2021-09-10 00:00:00+00:00
[2023-06-11T04:48:11.695+0000] {standard_task_runner.py:57} INFO - Started process 591 to run task
[2023-06-11T04:48:11.727+0000] {standard_task_runner.py:84} INFO - Running: ['***', 'tasks', 'run', 'first_dag_02', 'first_task', 'scheduled__2021-09-10T00:00:00+00:00', '--job-id', '169', '--raw', '--subdir', 'DAGS_FOLDER/First_dag.py', '--cfg-path', '/tmp/tmpx6hj60ga']
[2023-06-11T04:48:11.728+0000] {standard_task_runner.py:85} INFO - Job 169: Subtask first_task
[2023-06-11T04:48:12.160+0000] {task_command.py:410} INFO - Running <TaskInstance: first_dag_02.first_task scheduled__2021-09-10T00:00:00+00:00 [running]> on host 4b1b5d40d165
[2023-06-11T04:48:13.345+0000] {taskinstance.py:1547} INFO - Exporting env vars: AIRFLOW_CTX_DAG_OWNER='Raja' AIRFLOW_CTX_DAG_ID='first_dag_02' AIRFLOW_CTX_TASK_ID='first_task' AIRFLOW_CTX_EXECUTION_DATE='2021-09-10T00:00:00+00:00' AIRFLOW_CTX_TRY_NUMBER='1' AIRFLOW_CTX_DAG_RUN_ID='scheduled__2021-09-10T00:00:00+00:00'
[2023-06-11T04:48:13.370+0000] {subprocess.py:63} INFO - Tmp dir root location: 
 /tmp
[2023-06-11T04:48:13.371+0000] {subprocess.py:75} INFO - Running command: ['/bin/bash', '-c', 'echo hello world, this is the first task!']
[2023-06-11T04:48:13.514+0000] {subprocess.py:86} INFO - Output:
[2023-06-11T04:48:13.533+0000] {subprocess.py:93} INFO - hello world, this is the first task!
[2023-06-11T04:48:13.534+0000] {subprocess.py:97} INFO - Command exited with return code 0
[2023-06-11T04:48:13.736+0000] {taskinstance.py:1350} INFO - Marking task as SUCCESS. dag_id=first_dag_02, task_id=first_task, execution_date=20210910T000000, start_date=20230611T044811, end_date=20230611T044813
[2023-06-11T04:48:14.138+0000] {local_task_job_runner.py:225} INFO - Task exited with return code 0
[2023-06-11T04:48:14.409+0000] {taskinstance.py:2651} INFO - 2 downstream tasks scheduled from follow-on schedule check
[2023-06-11T05:18:35.041+0000] {taskinstance.py:1103} INFO - Dependencies all met for dep_context=non-requeueable deps ti=<TaskInstance: first_dag_02.first_task scheduled__2021-09-10T00:00:00+00:00 [queued]>
[2023-06-11T05:18:36.612+0000] {taskinstance.py:1103} INFO - Dependencies all met for dep_context=requeueable deps ti=<TaskInstance: first_dag_02.first_task scheduled__2021-09-10T00:00:00+00:00 [queued]>
[2023-06-11T05:18:36.614+0000] {taskinstance.py:1308} INFO - Starting attempt 1 of 6
[2023-06-11T05:18:38.396+0000] {taskinstance.py:1327} INFO - Executing <Task(BashOperator): first_task> on 2021-09-10 00:00:00+00:00
[2023-06-11T05:18:38.448+0000] {standard_task_runner.py:57} INFO - Started process 578 to run task
[2023-06-11T05:18:39.081+0000] {standard_task_runner.py:84} INFO - Running: ['***', 'tasks', 'run', 'first_dag_02', 'first_task', 'scheduled__2021-09-10T00:00:00+00:00', '--job-id', '153', '--raw', '--subdir', 'DAGS_FOLDER/First_dag.py', '--cfg-path', '/tmp/tmpk8rk8ecv']
[2023-06-11T05:18:39.083+0000] {standard_task_runner.py:85} INFO - Job 153: Subtask first_task
[2023-06-11T05:18:41.629+0000] {task_command.py:410} INFO - Running <TaskInstance: first_dag_02.first_task scheduled__2021-09-10T00:00:00+00:00 [running]> on host 69e374580eab
[2023-06-11T05:18:45.401+0000] {taskinstance.py:1547} INFO - Exporting env vars: AIRFLOW_CTX_DAG_OWNER='Raja' AIRFLOW_CTX_DAG_ID='first_dag_02' AIRFLOW_CTX_TASK_ID='first_task' AIRFLOW_CTX_EXECUTION_DATE='2021-09-10T00:00:00+00:00' AIRFLOW_CTX_TRY_NUMBER='1' AIRFLOW_CTX_DAG_RUN_ID='scheduled__2021-09-10T00:00:00+00:00'
[2023-06-11T05:18:45.407+0000] {subprocess.py:63} INFO - Tmp dir root location: 
 /tmp
[2023-06-11T05:18:45.408+0000] {subprocess.py:75} INFO - Running command: ['/bin/bash', '-c', 'echo hello world, this is the first task!']
[2023-06-11T05:18:45.704+0000] {subprocess.py:86} INFO - Output:
[2023-06-11T05:18:46.412+0000] {subprocess.py:93} INFO - hello world, this is the first task!
[2023-06-11T05:18:46.418+0000] {subprocess.py:97} INFO - Command exited with return code 0
[2023-06-11T05:18:47.987+0000] {taskinstance.py:1350} INFO - Marking task as SUCCESS. dag_id=first_dag_02, task_id=first_task, execution_date=20210910T000000, start_date=20230611T051835, end_date=20230611T051847
[2023-06-11T05:18:48.435+0000] {local_task_job_runner.py:225} INFO - Task exited with return code 0
[2023-06-11T05:18:50.260+0000] {taskinstance.py:2651} INFO - 0 downstream tasks scheduled from follow-on schedule check
[2023-06-11T08:22:58.250+0000] {taskinstance.py:1103} INFO - Dependencies all met for dep_context=non-requeueable deps ti=<TaskInstance: first_dag_02.first_task scheduled__2021-09-10T00:00:00+00:00 [queued]>
[2023-06-11T08:23:00.189+0000] {taskinstance.py:1103} INFO - Dependencies all met for dep_context=requeueable deps ti=<TaskInstance: first_dag_02.first_task scheduled__2021-09-10T00:00:00+00:00 [queued]>
[2023-06-11T08:23:00.235+0000] {taskinstance.py:1308} INFO - Starting attempt 1 of 6
[2023-06-11T08:23:02.007+0000] {taskinstance.py:1327} INFO - Executing <Task(BashOperator): first_task> on 2021-09-10 00:00:00+00:00
[2023-06-11T08:23:02.366+0000] {standard_task_runner.py:57} INFO - Started process 862 to run task
[2023-06-11T08:23:02.577+0000] {standard_task_runner.py:84} INFO - Running: ['***', 'tasks', 'run', 'first_dag_02', 'first_task', 'scheduled__2021-09-10T00:00:00+00:00', '--job-id', '273', '--raw', '--subdir', 'DAGS_FOLDER/First_dag.py', '--cfg-path', '/tmp/tmpzm49w154']
[2023-06-11T08:23:02.675+0000] {standard_task_runner.py:85} INFO - Job 273: Subtask first_task
[2023-06-11T08:23:06.205+0000] {task_command.py:410} INFO - Running <TaskInstance: first_dag_02.first_task scheduled__2021-09-10T00:00:00+00:00 [running]> on host 492037cdd057
[2023-06-11T08:23:12.888+0000] {taskinstance.py:1547} INFO - Exporting env vars: AIRFLOW_CTX_DAG_OWNER='Raja' AIRFLOW_CTX_DAG_ID='first_dag_02' AIRFLOW_CTX_TASK_ID='first_task' AIRFLOW_CTX_EXECUTION_DATE='2021-09-10T00:00:00+00:00' AIRFLOW_CTX_TRY_NUMBER='1' AIRFLOW_CTX_DAG_RUN_ID='scheduled__2021-09-10T00:00:00+00:00'
[2023-06-11T08:23:12.947+0000] {subprocess.py:63} INFO - Tmp dir root location: 
 /tmp
[2023-06-11T08:23:12.952+0000] {subprocess.py:75} INFO - Running command: ['/bin/bash', '-c', 'echo hello world, this is the first task!']
[2023-06-11T08:23:12.979+0000] {subprocess.py:86} INFO - Output:
[2023-06-11T08:23:13.195+0000] {subprocess.py:93} INFO - hello world, this is the first task!
[2023-06-11T08:23:13.197+0000] {subprocess.py:97} INFO - Command exited with return code 0
[2023-06-11T08:23:14.484+0000] {taskinstance.py:1350} INFO - Marking task as SUCCESS. dag_id=first_dag_02, task_id=first_task, execution_date=20210910T000000, start_date=20230611T082258, end_date=20230611T082314
[2023-06-11T08:23:16.243+0000] {local_task_job_runner.py:225} INFO - Task exited with return code 0
[2023-06-11T08:23:17.610+0000] {taskinstance.py:2651} INFO - 2 downstream tasks scheduled from follow-on schedule check
[2023-06-11T08:49:56.830+0000] {taskinstance.py:1103} INFO - Dependencies all met for dep_context=non-requeueable deps ti=<TaskInstance: first_dag_02.first_task scheduled__2021-09-10T00:00:00+00:00 [queued]>
[2023-06-11T08:49:57.248+0000] {taskinstance.py:1103} INFO - Dependencies all met for dep_context=requeueable deps ti=<TaskInstance: first_dag_02.first_task scheduled__2021-09-10T00:00:00+00:00 [queued]>
[2023-06-11T08:49:57.279+0000] {taskinstance.py:1308} INFO - Starting attempt 1 of 6
[2023-06-11T08:49:57.833+0000] {taskinstance.py:1327} INFO - Executing <Task(BashOperator): first_task> on 2021-09-10 00:00:00+00:00
[2023-06-11T08:49:57.905+0000] {standard_task_runner.py:57} INFO - Started process 784 to run task
[2023-06-11T08:49:57.922+0000] {standard_task_runner.py:84} INFO - Running: ['***', 'tasks', 'run', 'first_dag_02', 'first_task', 'scheduled__2021-09-10T00:00:00+00:00', '--job-id', '242', '--raw', '--subdir', 'DAGS_FOLDER/First_dag.py', '--cfg-path', '/tmp/tmpkax15qfu']
[2023-06-11T08:49:57.923+0000] {standard_task_runner.py:85} INFO - Job 242: Subtask first_task
[2023-06-11T08:49:58.242+0000] {task_command.py:410} INFO - Running <TaskInstance: first_dag_02.first_task scheduled__2021-09-10T00:00:00+00:00 [running]> on host 964e508aad03
[2023-06-11T08:49:59.941+0000] {taskinstance.py:1547} INFO - Exporting env vars: AIRFLOW_CTX_DAG_OWNER='Raja' AIRFLOW_CTX_DAG_ID='first_dag_02' AIRFLOW_CTX_TASK_ID='first_task' AIRFLOW_CTX_EXECUTION_DATE='2021-09-10T00:00:00+00:00' AIRFLOW_CTX_TRY_NUMBER='1' AIRFLOW_CTX_DAG_RUN_ID='scheduled__2021-09-10T00:00:00+00:00'
[2023-06-11T08:49:59.944+0000] {subprocess.py:63} INFO - Tmp dir root location: 
 /tmp
[2023-06-11T08:49:59.944+0000] {subprocess.py:75} INFO - Running command: ['/bin/bash', '-c', 'echo hello world, this is the first task!']
[2023-06-11T08:50:00.034+0000] {subprocess.py:86} INFO - Output:
[2023-06-11T08:50:00.051+0000] {subprocess.py:93} INFO - hello world, this is the first task!
[2023-06-11T08:50:00.052+0000] {subprocess.py:97} INFO - Command exited with return code 0
[2023-06-11T08:50:00.382+0000] {taskinstance.py:1350} INFO - Marking task as SUCCESS. dag_id=first_dag_02, task_id=first_task, execution_date=20210910T000000, start_date=20230611T084956, end_date=20230611T085000
[2023-06-11T08:50:00.503+0000] {local_task_job_runner.py:225} INFO - Task exited with return code 0
[2023-06-11T08:50:00.857+0000] {taskinstance.py:2651} INFO - 0 downstream tasks scheduled from follow-on schedule check
[2023-06-11T10:44:38.998+0000] {taskinstance.py:1103} INFO - Dependencies all met for dep_context=non-requeueable deps ti=<TaskInstance: first_dag_02.first_task scheduled__2021-09-10T00:00:00+00:00 [queued]>
[2023-06-11T10:44:39.426+0000] {taskinstance.py:1103} INFO - Dependencies all met for dep_context=requeueable deps ti=<TaskInstance: first_dag_02.first_task scheduled__2021-09-10T00:00:00+00:00 [queued]>
[2023-06-11T10:44:39.479+0000] {taskinstance.py:1308} INFO - Starting attempt 1 of 6
[2023-06-11T10:44:40.043+0000] {taskinstance.py:1327} INFO - Executing <Task(BashOperator): first_task> on 2021-09-10 00:00:00+00:00
[2023-06-11T10:44:40.093+0000] {standard_task_runner.py:57} INFO - Started process 849 to run task
[2023-06-11T10:44:40.107+0000] {standard_task_runner.py:84} INFO - Running: ['***', 'tasks', 'run', 'first_dag_02', 'first_task', 'scheduled__2021-09-10T00:00:00+00:00', '--job-id', '235', '--raw', '--subdir', 'DAGS_FOLDER/First_dag.py', '--cfg-path', '/tmp/tmp4a23t2i0']
[2023-06-11T10:44:40.113+0000] {standard_task_runner.py:85} INFO - Job 235: Subtask first_task
[2023-06-11T10:44:41.053+0000] {task_command.py:410} INFO - Running <TaskInstance: first_dag_02.first_task scheduled__2021-09-10T00:00:00+00:00 [running]> on host 7586ce0070ac
[2023-06-11T10:44:44.159+0000] {taskinstance.py:1547} INFO - Exporting env vars: AIRFLOW_CTX_DAG_OWNER='Raja' AIRFLOW_CTX_DAG_ID='first_dag_02' AIRFLOW_CTX_TASK_ID='first_task' AIRFLOW_CTX_EXECUTION_DATE='2021-09-10T00:00:00+00:00' AIRFLOW_CTX_TRY_NUMBER='1' AIRFLOW_CTX_DAG_RUN_ID='scheduled__2021-09-10T00:00:00+00:00'
[2023-06-11T10:44:44.167+0000] {subprocess.py:63} INFO - Tmp dir root location: 
 /tmp
[2023-06-11T10:44:44.169+0000] {subprocess.py:75} INFO - Running command: ['/bin/bash', '-c', 'echo hello world, this is the first task!']
[2023-06-11T10:44:44.372+0000] {subprocess.py:86} INFO - Output:
[2023-06-11T10:44:44.466+0000] {subprocess.py:93} INFO - hello world, this is the first task!
[2023-06-11T10:44:44.472+0000] {subprocess.py:97} INFO - Command exited with return code 0
[2023-06-11T10:44:45.018+0000] {taskinstance.py:1350} INFO - Marking task as SUCCESS. dag_id=first_dag_02, task_id=first_task, execution_date=20210910T000000, start_date=20230611T104439, end_date=20230611T104445
[2023-06-11T10:44:45.863+0000] {local_task_job_runner.py:225} INFO - Task exited with return code 0
[2023-06-11T10:44:45.997+0000] {taskinstance.py:2651} INFO - 2 downstream tasks scheduled from follow-on schedule check
