[2023-06-11T09:43:54.314+0000] {taskinstance.py:1103} INFO - Dependencies all met for dep_context=non-requeueable deps ti=<TaskInstance: first_dag_02.thrid_task scheduled__2022-05-05T00:00:00+00:00 [queued]>
[2023-06-11T09:43:54.421+0000] {taskinstance.py:1103} INFO - Dependencies all met for dep_context=requeueable deps ti=<TaskInstance: first_dag_02.thrid_task scheduled__2022-05-05T00:00:00+00:00 [queued]>
[2023-06-11T09:43:54.421+0000] {taskinstance.py:1308} INFO - Starting attempt 1 of 6
[2023-06-11T09:43:54.535+0000] {taskinstance.py:1327} INFO - Executing <Task(BashOperator): thrid_task> on 2022-05-05 00:00:00+00:00
[2023-06-11T09:43:54.565+0000] {standard_task_runner.py:57} INFO - Started process 4375 to run task
[2023-06-11T09:43:54.592+0000] {standard_task_runner.py:84} INFO - Running: ['***', 'tasks', 'run', 'first_dag_02', 'thrid_task', 'scheduled__2022-05-05T00:00:00+00:00', '--job-id', '1342', '--raw', '--subdir', 'DAGS_FOLDER/First_dag.py', '--cfg-path', '/tmp/tmpcl3mtfc1']
[2023-06-11T09:43:54.593+0000] {standard_task_runner.py:85} INFO - Job 1342: Subtask thrid_task
[2023-06-11T09:43:54.801+0000] {task_command.py:410} INFO - Running <TaskInstance: first_dag_02.thrid_task scheduled__2022-05-05T00:00:00+00:00 [running]> on host 964e508aad03
[2023-06-11T09:43:56.131+0000] {taskinstance.py:1547} INFO - Exporting env vars: AIRFLOW_CTX_DAG_OWNER='Raja' AIRFLOW_CTX_DAG_ID='first_dag_02' AIRFLOW_CTX_TASK_ID='thrid_task' AIRFLOW_CTX_EXECUTION_DATE='2022-05-05T00:00:00+00:00' AIRFLOW_CTX_TRY_NUMBER='1' AIRFLOW_CTX_DAG_RUN_ID='scheduled__2022-05-05T00:00:00+00:00'
[2023-06-11T09:43:56.141+0000] {subprocess.py:63} INFO - Tmp dir root location: 
 /tmp
[2023-06-11T09:43:56.160+0000] {subprocess.py:75} INFO - Running command: ['/bin/bash', '-c', 'echo hey, I am task3 and will be running after task1 at the same time as task2!']
[2023-06-11T09:43:56.266+0000] {subprocess.py:86} INFO - Output:
[2023-06-11T09:43:56.270+0000] {subprocess.py:93} INFO - hey, I am task3 and will be running after task1 at the same time as task2!
[2023-06-11T09:43:56.285+0000] {subprocess.py:97} INFO - Command exited with return code 0
[2023-06-11T09:43:56.491+0000] {taskinstance.py:1350} INFO - Marking task as SUCCESS. dag_id=first_dag_02, task_id=thrid_task, execution_date=20220505T000000, start_date=20230611T094354, end_date=20230611T094356
[2023-06-11T09:43:56.646+0000] {local_task_job_runner.py:225} INFO - Task exited with return code 0
[2023-06-11T09:43:56.758+0000] {taskinstance.py:2651} INFO - 0 downstream tasks scheduled from follow-on schedule check
[2023-06-11T15:31:06.279+0000] {taskinstance.py:1103} INFO - Dependencies all met for dep_context=non-requeueable deps ti=<TaskInstance: first_dag_02.thrid_task scheduled__2022-05-05T00:00:00+00:00 [queued]>
[2023-06-11T15:31:06.634+0000] {taskinstance.py:1103} INFO - Dependencies all met for dep_context=requeueable deps ti=<TaskInstance: first_dag_02.thrid_task scheduled__2022-05-05T00:00:00+00:00 [queued]>
[2023-06-11T15:31:06.663+0000] {taskinstance.py:1308} INFO - Starting attempt 1 of 6
[2023-06-11T15:31:07.053+0000] {taskinstance.py:1327} INFO - Executing <Task(BashOperator): thrid_task> on 2022-05-05 00:00:00+00:00
[2023-06-11T15:31:07.104+0000] {standard_task_runner.py:57} INFO - Started process 1035 to run task
[2023-06-11T15:31:07.176+0000] {standard_task_runner.py:84} INFO - Running: ['***', 'tasks', 'run', 'first_dag_02', 'thrid_task', 'scheduled__2022-05-05T00:00:00+00:00', '--job-id', '1400', '--raw', '--subdir', 'DAGS_FOLDER/First_dag.py', '--cfg-path', '/tmp/tmpuxs23mno']
[2023-06-11T15:31:07.190+0000] {standard_task_runner.py:85} INFO - Job 1400: Subtask thrid_task
[2023-06-11T15:31:07.745+0000] {task_command.py:410} INFO - Running <TaskInstance: first_dag_02.thrid_task scheduled__2022-05-05T00:00:00+00:00 [running]> on host 7586ce0070ac
[2023-06-11T15:31:09.756+0000] {taskinstance.py:1547} INFO - Exporting env vars: AIRFLOW_CTX_DAG_OWNER='Raja' AIRFLOW_CTX_DAG_ID='first_dag_02' AIRFLOW_CTX_TASK_ID='thrid_task' AIRFLOW_CTX_EXECUTION_DATE='2022-05-05T00:00:00+00:00' AIRFLOW_CTX_TRY_NUMBER='1' AIRFLOW_CTX_DAG_RUN_ID='scheduled__2022-05-05T00:00:00+00:00'
[2023-06-11T15:31:09.830+0000] {subprocess.py:63} INFO - Tmp dir root location: 
 /tmp
[2023-06-11T15:31:09.831+0000] {subprocess.py:75} INFO - Running command: ['/bin/bash', '-c', 'echo hey, I am task3 and will be running after task1 at the same time as task2!']
[2023-06-11T15:31:10.120+0000] {subprocess.py:86} INFO - Output:
[2023-06-11T15:31:10.140+0000] {subprocess.py:93} INFO - hey, I am task3 and will be running after task1 at the same time as task2!
[2023-06-11T15:31:10.140+0000] {subprocess.py:97} INFO - Command exited with return code 0
[2023-06-11T15:31:10.499+0000] {taskinstance.py:1350} INFO - Marking task as SUCCESS. dag_id=first_dag_02, task_id=thrid_task, execution_date=20220505T000000, start_date=20230611T153106, end_date=20230611T153110
[2023-06-11T15:31:11.050+0000] {local_task_job_runner.py:225} INFO - Task exited with return code 0
[2023-06-11T15:31:11.610+0000] {taskinstance.py:2651} INFO - 0 downstream tasks scheduled from follow-on schedule check
