[2023-06-11T09:46:05.079+0000] {taskinstance.py:1103} INFO - Dependencies all met for dep_context=non-requeueable deps ti=<TaskInstance: first_dag_02.second_task scheduled__2022-05-30T00:00:00+00:00 [queued]>
[2023-06-11T09:46:05.223+0000] {taskinstance.py:1103} INFO - Dependencies all met for dep_context=requeueable deps ti=<TaskInstance: first_dag_02.second_task scheduled__2022-05-30T00:00:00+00:00 [queued]>
[2023-06-11T09:46:05.224+0000] {taskinstance.py:1308} INFO - Starting attempt 1 of 6
[2023-06-11T09:46:06.066+0000] {taskinstance.py:1327} INFO - Executing <Task(BashOperator): second_task> on 2022-05-30 00:00:00+00:00
[2023-06-11T09:46:06.161+0000] {standard_task_runner.py:57} INFO - Started process 4821 to run task
[2023-06-11T09:46:06.241+0000] {standard_task_runner.py:84} INFO - Running: ['***', 'tasks', 'run', 'first_dag_02', 'second_task', 'scheduled__2022-05-30T00:00:00+00:00', '--job-id', '1479', '--raw', '--subdir', 'DAGS_FOLDER/First_dag.py', '--cfg-path', '/tmp/tmp_3mqv8yx']
[2023-06-11T09:46:06.242+0000] {standard_task_runner.py:85} INFO - Job 1479: Subtask second_task
[2023-06-11T09:46:06.867+0000] {task_command.py:410} INFO - Running <TaskInstance: first_dag_02.second_task scheduled__2022-05-30T00:00:00+00:00 [running]> on host 964e508aad03
[2023-06-11T09:46:09.732+0000] {taskinstance.py:1547} INFO - Exporting env vars: AIRFLOW_CTX_DAG_OWNER='Raja' AIRFLOW_CTX_DAG_ID='first_dag_02' AIRFLOW_CTX_TASK_ID='second_task' AIRFLOW_CTX_EXECUTION_DATE='2022-05-30T00:00:00+00:00' AIRFLOW_CTX_TRY_NUMBER='1' AIRFLOW_CTX_DAG_RUN_ID='scheduled__2022-05-30T00:00:00+00:00'
[2023-06-11T09:46:09.734+0000] {subprocess.py:63} INFO - Tmp dir root location: 
 /tmp
[2023-06-11T09:46:09.735+0000] {subprocess.py:75} INFO - Running command: ['/bin/bash', '-c', 'echo hey, I am task2 and will be running after task1!']
[2023-06-11T09:46:09.831+0000] {subprocess.py:86} INFO - Output:
[2023-06-11T09:46:09.855+0000] {subprocess.py:93} INFO - hey, I am task2 and will be running after task1!
[2023-06-11T09:46:09.856+0000] {subprocess.py:97} INFO - Command exited with return code 0
[2023-06-11T09:46:10.299+0000] {taskinstance.py:1350} INFO - Marking task as SUCCESS. dag_id=first_dag_02, task_id=second_task, execution_date=20220530T000000, start_date=20230611T094605, end_date=20230611T094610
[2023-06-11T09:46:10.531+0000] {local_task_job_runner.py:225} INFO - Task exited with return code 0
[2023-06-11T09:46:10.923+0000] {taskinstance.py:2651} INFO - 0 downstream tasks scheduled from follow-on schedule check
[2023-06-11T15:32:47.227+0000] {taskinstance.py:1103} INFO - Dependencies all met for dep_context=non-requeueable deps ti=<TaskInstance: first_dag_02.second_task scheduled__2022-05-30T00:00:00+00:00 [queued]>
[2023-06-11T15:32:47.626+0000] {taskinstance.py:1103} INFO - Dependencies all met for dep_context=requeueable deps ti=<TaskInstance: first_dag_02.second_task scheduled__2022-05-30T00:00:00+00:00 [queued]>
[2023-06-11T15:32:47.627+0000] {taskinstance.py:1308} INFO - Starting attempt 1 of 6
[2023-06-11T15:32:48.066+0000] {taskinstance.py:1327} INFO - Executing <Task(BashOperator): second_task> on 2022-05-30 00:00:00+00:00
[2023-06-11T15:32:48.134+0000] {standard_task_runner.py:57} INFO - Started process 1379 to run task
[2023-06-11T15:32:48.258+0000] {standard_task_runner.py:84} INFO - Running: ['***', 'tasks', 'run', 'first_dag_02', 'second_task', 'scheduled__2022-05-30T00:00:00+00:00', '--job-id', '1507', '--raw', '--subdir', 'DAGS_FOLDER/First_dag.py', '--cfg-path', '/tmp/tmpwg3hhw8o']
[2023-06-11T15:32:48.394+0000] {standard_task_runner.py:85} INFO - Job 1507: Subtask second_task
[2023-06-11T15:32:49.003+0000] {task_command.py:410} INFO - Running <TaskInstance: first_dag_02.second_task scheduled__2022-05-30T00:00:00+00:00 [running]> on host 7586ce0070ac
[2023-06-11T15:32:53.026+0000] {taskinstance.py:1547} INFO - Exporting env vars: AIRFLOW_CTX_DAG_OWNER='Raja' AIRFLOW_CTX_DAG_ID='first_dag_02' AIRFLOW_CTX_TASK_ID='second_task' AIRFLOW_CTX_EXECUTION_DATE='2022-05-30T00:00:00+00:00' AIRFLOW_CTX_TRY_NUMBER='1' AIRFLOW_CTX_DAG_RUN_ID='scheduled__2022-05-30T00:00:00+00:00'
[2023-06-11T15:32:53.038+0000] {subprocess.py:63} INFO - Tmp dir root location: 
 /tmp
[2023-06-11T15:32:53.039+0000] {subprocess.py:75} INFO - Running command: ['/bin/bash', '-c', 'echo hey, I am task2 and will be running after task1!']
[2023-06-11T15:32:53.520+0000] {subprocess.py:86} INFO - Output:
[2023-06-11T15:32:53.535+0000] {subprocess.py:93} INFO - hey, I am task2 and will be running after task1!
[2023-06-11T15:32:53.537+0000] {subprocess.py:97} INFO - Command exited with return code 0
[2023-06-11T15:32:54.387+0000] {taskinstance.py:1350} INFO - Marking task as SUCCESS. dag_id=first_dag_02, task_id=second_task, execution_date=20220530T000000, start_date=20230611T153247, end_date=20230611T153254
[2023-06-11T15:32:55.163+0000] {local_task_job_runner.py:225} INFO - Task exited with return code 0
[2023-06-11T15:32:55.569+0000] {taskinstance.py:2651} INFO - 0 downstream tasks scheduled from follow-on schedule check
