[2023-06-11T09:46:07.285+0000] {taskinstance.py:1103} INFO - Dependencies all met for dep_context=non-requeueable deps ti=<TaskInstance: dag_cron_expression_03.task1 scheduled__2022-02-17T03:00:00+00:00 [queued]>
[2023-06-11T09:46:07.495+0000] {taskinstance.py:1103} INFO - Dependencies all met for dep_context=requeueable deps ti=<TaskInstance: dag_cron_expression_03.task1 scheduled__2022-02-17T03:00:00+00:00 [queued]>
[2023-06-11T09:46:07.501+0000] {taskinstance.py:1308} INFO - Starting attempt 1 of 6
[2023-06-11T09:46:08.027+0000] {taskinstance.py:1327} INFO - Executing <Task(BashOperator): task1> on 2022-02-17 03:00:00+00:00
[2023-06-11T09:46:08.169+0000] {standard_task_runner.py:84} INFO - Running: ['***', 'tasks', 'run', 'dag_cron_expression_03', 'task1', 'scheduled__2022-02-17T03:00:00+00:00', '--job-id', '1481', '--raw', '--subdir', 'DAGS_FOLDER/dag_corn.py', '--cfg-path', '/tmp/tmpobpb91xt']
[2023-06-11T09:46:08.170+0000] {standard_task_runner.py:85} INFO - Job 1481: Subtask task1
[2023-06-11T09:46:08.139+0000] {standard_task_runner.py:57} INFO - Started process 4832 to run task
[2023-06-11T09:46:09.203+0000] {task_command.py:410} INFO - Running <TaskInstance: dag_cron_expression_03.task1 scheduled__2022-02-17T03:00:00+00:00 [running]> on host 964e508aad03
[2023-06-11T09:46:11.023+0000] {taskinstance.py:1547} INFO - Exporting env vars: AIRFLOW_CTX_DAG_OWNER='Raja' AIRFLOW_CTX_DAG_ID='dag_cron_expression_03' AIRFLOW_CTX_TASK_ID='task1' AIRFLOW_CTX_EXECUTION_DATE='2022-02-17T03:00:00+00:00' AIRFLOW_CTX_TRY_NUMBER='1' AIRFLOW_CTX_DAG_RUN_ID='scheduled__2022-02-17T03:00:00+00:00'
[2023-06-11T09:46:11.029+0000] {subprocess.py:63} INFO - Tmp dir root location: 
 /tmp
[2023-06-11T09:46:11.037+0000] {subprocess.py:75} INFO - Running command: ['/bin/bash', '-c', 'echo dag with cron expression!']
[2023-06-11T09:46:11.172+0000] {subprocess.py:86} INFO - Output:
[2023-06-11T09:46:11.187+0000] {subprocess.py:93} INFO - dag with cron expression!
[2023-06-11T09:46:11.188+0000] {subprocess.py:97} INFO - Command exited with return code 0
[2023-06-11T09:46:11.617+0000] {taskinstance.py:1350} INFO - Marking task as SUCCESS. dag_id=dag_cron_expression_03, task_id=task1, execution_date=20220217T030000, start_date=20230611T094607, end_date=20230611T094611
[2023-06-11T09:46:11.963+0000] {local_task_job_runner.py:225} INFO - Task exited with return code 0
[2023-06-11T09:46:12.325+0000] {taskinstance.py:2651} INFO - 0 downstream tasks scheduled from follow-on schedule check
[2023-06-11T10:57:03.003+0000] {taskinstance.py:1103} INFO - Dependencies all met for dep_context=non-requeueable deps ti=<TaskInstance: dag_cron_expression_03.task1 scheduled__2022-02-17T03:00:00+00:00 [queued]>
[2023-06-11T10:57:03.381+0000] {taskinstance.py:1103} INFO - Dependencies all met for dep_context=requeueable deps ti=<TaskInstance: dag_cron_expression_03.task1 scheduled__2022-02-17T03:00:00+00:00 [queued]>
[2023-06-11T10:57:03.381+0000] {taskinstance.py:1308} INFO - Starting attempt 1 of 6
[2023-06-11T10:57:07.295+0000] {taskinstance.py:1327} INFO - Executing <Task(BashOperator): task1> on 2022-02-17 03:00:00+00:00
[2023-06-11T10:57:07.531+0000] {standard_task_runner.py:57} INFO - Started process 1198 to run task
[2023-06-11T10:57:07.934+0000] {standard_task_runner.py:84} INFO - Running: ['***', 'tasks', 'run', 'dag_cron_expression_03', 'task1', 'scheduled__2022-02-17T03:00:00+00:00', '--job-id', '326', '--raw', '--subdir', 'DAGS_FOLDER/dag_cron.py', '--cfg-path', '/tmp/tmpvdtj_m_t']
[2023-06-11T10:57:07.935+0000] {standard_task_runner.py:85} INFO - Job 326: Subtask task1
[2023-06-11T10:57:10.352+0000] {task_command.py:410} INFO - Running <TaskInstance: dag_cron_expression_03.task1 scheduled__2022-02-17T03:00:00+00:00 [running]> on host 7586ce0070ac
[2023-06-11T10:57:15.037+0000] {taskinstance.py:1547} INFO - Exporting env vars: AIRFLOW_CTX_DAG_OWNER='Raja' AIRFLOW_CTX_DAG_ID='dag_cron_expression_03' AIRFLOW_CTX_TASK_ID='task1' AIRFLOW_CTX_EXECUTION_DATE='2022-02-17T03:00:00+00:00' AIRFLOW_CTX_TRY_NUMBER='1' AIRFLOW_CTX_DAG_RUN_ID='scheduled__2022-02-17T03:00:00+00:00'
[2023-06-11T10:57:15.070+0000] {subprocess.py:63} INFO - Tmp dir root location: 
 /tmp
[2023-06-11T10:57:15.072+0000] {subprocess.py:75} INFO - Running command: ['/bin/bash', '-c', 'echo dag with cron expression!']
[2023-06-11T10:57:15.096+0000] {subprocess.py:86} INFO - Output:
[2023-06-11T10:57:15.160+0000] {subprocess.py:93} INFO - dag with cron expression!
[2023-06-11T10:57:15.161+0000] {subprocess.py:97} INFO - Command exited with return code 0
[2023-06-11T10:57:15.755+0000] {taskinstance.py:1350} INFO - Marking task as SUCCESS. dag_id=dag_cron_expression_03, task_id=task1, execution_date=20220217T030000, start_date=20230611T105703, end_date=20230611T105715
[2023-06-11T10:57:16.132+0000] {local_task_job_runner.py:225} INFO - Task exited with return code 0
[2023-06-11T10:57:16.503+0000] {taskinstance.py:2651} INFO - 0 downstream tasks scheduled from follow-on schedule check
