[2023-06-11T04:50:15.598+0000] {taskinstance.py:1103} INFO - Dependencies all met for dep_context=non-requeueable deps ti=<TaskInstance: dag_pythonoperator_00.third_task scheduled__2023-06-07T00:00:00+00:00 [queued]>
[2023-06-11T04:50:15.771+0000] {taskinstance.py:1103} INFO - Dependencies all met for dep_context=requeueable deps ti=<TaskInstance: dag_pythonoperator_00.third_task scheduled__2023-06-07T00:00:00+00:00 [queued]>
[2023-06-11T04:50:15.776+0000] {taskinstance.py:1308} INFO - Starting attempt 1 of 6
[2023-06-11T04:50:16.734+0000] {taskinstance.py:1327} INFO - Executing <Task(PythonOperator): third_task> on 2023-06-07 00:00:00+00:00
[2023-06-11T04:50:16.934+0000] {standard_task_runner.py:57} INFO - Started process 781 to run task
[2023-06-11T04:50:17.034+0000] {standard_task_runner.py:84} INFO - Running: ['***', 'tasks', 'run', 'dag_pythonoperator_00', 'third_task', 'scheduled__2023-06-07T00:00:00+00:00', '--job-id', '228', '--raw', '--subdir', 'DAGS_FOLDER/python_operator_dag.py', '--cfg-path', '/tmp/tmpk8r3mopx']
[2023-06-11T04:50:17.062+0000] {standard_task_runner.py:85} INFO - Job 228: Subtask third_task
[2023-06-11T04:50:18.637+0000] {task_command.py:410} INFO - Running <TaskInstance: dag_pythonoperator_00.third_task scheduled__2023-06-07T00:00:00+00:00 [running]> on host 4b1b5d40d165
[2023-06-11T04:50:21.372+0000] {taskinstance.py:1547} INFO - Exporting env vars: AIRFLOW_CTX_DAG_OWNER='Raja' AIRFLOW_CTX_DAG_ID='dag_pythonoperator_00' AIRFLOW_CTX_TASK_ID='third_task' AIRFLOW_CTX_EXECUTION_DATE='2023-06-07T00:00:00+00:00' AIRFLOW_CTX_TRY_NUMBER='1' AIRFLOW_CTX_DAG_RUN_ID='scheduled__2023-06-07T00:00:00+00:00'
[2023-06-11T04:50:22.122+0000] {python.py:183} INFO - Done. Returned value was: None
[2023-06-11T04:50:22.655+0000] {taskinstance.py:1350} INFO - Marking task as SUCCESS. dag_id=dag_pythonoperator_00, task_id=third_task, execution_date=20230607T000000, start_date=20230611T045015, end_date=20230611T045022
[2023-06-11T04:50:23.683+0000] {local_task_job_runner.py:225} INFO - Task exited with return code 0
[2023-06-11T04:50:26.036+0000] {taskinstance.py:2651} INFO - 0 downstream tasks scheduled from follow-on schedule check
[2023-06-11T05:21:30.485+0000] {taskinstance.py:1103} INFO - Dependencies all met for dep_context=non-requeueable deps ti=<TaskInstance: dag_pythonoperator_00.third_task scheduled__2023-06-07T00:00:00+00:00 [queued]>
[2023-06-11T05:21:30.626+0000] {taskinstance.py:1103} INFO - Dependencies all met for dep_context=requeueable deps ti=<TaskInstance: dag_pythonoperator_00.third_task scheduled__2023-06-07T00:00:00+00:00 [queued]>
[2023-06-11T05:21:30.627+0000] {taskinstance.py:1308} INFO - Starting attempt 1 of 6
[2023-06-11T05:21:31.696+0000] {taskinstance.py:1327} INFO - Executing <Task(PythonOperator): third_task> on 2023-06-07 00:00:00+00:00
[2023-06-11T05:21:31.779+0000] {standard_task_runner.py:57} INFO - Started process 869 to run task
[2023-06-11T05:21:31.794+0000] {standard_task_runner.py:84} INFO - Running: ['***', 'tasks', 'run', 'dag_pythonoperator_00', 'third_task', 'scheduled__2023-06-07T00:00:00+00:00', '--job-id', '244', '--raw', '--subdir', 'DAGS_FOLDER/python_operator_dag.py', '--cfg-path', '/tmp/tmp2muz9xyb']
[2023-06-11T05:21:31.796+0000] {standard_task_runner.py:85} INFO - Job 244: Subtask third_task
[2023-06-11T05:21:33.128+0000] {task_command.py:410} INFO - Running <TaskInstance: dag_pythonoperator_00.third_task scheduled__2023-06-07T00:00:00+00:00 [running]> on host 69e374580eab
[2023-06-11T05:21:35.543+0000] {taskinstance.py:1547} INFO - Exporting env vars: AIRFLOW_CTX_DAG_OWNER='Raja' AIRFLOW_CTX_DAG_ID='dag_pythonoperator_00' AIRFLOW_CTX_TASK_ID='third_task' AIRFLOW_CTX_EXECUTION_DATE='2023-06-07T00:00:00+00:00' AIRFLOW_CTX_TRY_NUMBER='1' AIRFLOW_CTX_DAG_RUN_ID='scheduled__2023-06-07T00:00:00+00:00'
[2023-06-11T05:21:36.315+0000] {python.py:183} INFO - Done. Returned value was: None
[2023-06-11T05:21:36.654+0000] {taskinstance.py:1350} INFO - Marking task as SUCCESS. dag_id=dag_pythonoperator_00, task_id=third_task, execution_date=20230607T000000, start_date=20230611T052130, end_date=20230611T052136
[2023-06-11T05:21:37.487+0000] {local_task_job_runner.py:225} INFO - Task exited with return code 0
[2023-06-11T05:21:38.269+0000] {taskinstance.py:2651} INFO - 1 downstream tasks scheduled from follow-on schedule check
