[2023-06-11T08:58:55.655+0000] {taskinstance.py:1103} INFO - Dependencies all met for dep_context=non-requeueable deps ti=<TaskInstance: first_dag_02.second_task scheduled__2022-01-23T00:00:00+00:00 [queued]>
[2023-06-11T08:58:55.956+0000] {taskinstance.py:1103} INFO - Dependencies all met for dep_context=requeueable deps ti=<TaskInstance: first_dag_02.second_task scheduled__2022-01-23T00:00:00+00:00 [queued]>
[2023-06-11T08:58:55.957+0000] {taskinstance.py:1308} INFO - Starting attempt 1 of 6
[2023-06-11T08:58:56.457+0000] {taskinstance.py:1327} INFO - Executing <Task(BashOperator): second_task> on 2022-01-23 00:00:00+00:00
[2023-06-11T08:58:56.538+0000] {standard_task_runner.py:57} INFO - Started process 2829 to run task
[2023-06-11T08:58:56.567+0000] {standard_task_runner.py:84} INFO - Running: ['***', 'tasks', 'run', 'first_dag_02', 'second_task', 'scheduled__2022-01-23T00:00:00+00:00', '--job-id', '880', '--raw', '--subdir', 'DAGS_FOLDER/First_dag.py', '--cfg-path', '/tmp/tmpzp_503qp']
[2023-06-11T08:58:56.584+0000] {standard_task_runner.py:85} INFO - Job 880: Subtask second_task
[2023-06-11T08:58:57.552+0000] {task_command.py:410} INFO - Running <TaskInstance: first_dag_02.second_task scheduled__2022-01-23T00:00:00+00:00 [running]> on host 964e508aad03
[2023-06-11T08:59:00.893+0000] {taskinstance.py:1547} INFO - Exporting env vars: AIRFLOW_CTX_DAG_OWNER='Raja' AIRFLOW_CTX_DAG_ID='first_dag_02' AIRFLOW_CTX_TASK_ID='second_task' AIRFLOW_CTX_EXECUTION_DATE='2022-01-23T00:00:00+00:00' AIRFLOW_CTX_TRY_NUMBER='1' AIRFLOW_CTX_DAG_RUN_ID='scheduled__2022-01-23T00:00:00+00:00'
[2023-06-11T08:59:00.895+0000] {subprocess.py:63} INFO - Tmp dir root location: 
 /tmp
[2023-06-11T08:59:00.921+0000] {subprocess.py:75} INFO - Running command: ['/bin/bash', '-c', 'echo hey, I am task2 and will be running after task1!']
[2023-06-11T08:59:01.052+0000] {subprocess.py:86} INFO - Output:
[2023-06-11T08:59:01.090+0000] {subprocess.py:93} INFO - hey, I am task2 and will be running after task1!
[2023-06-11T08:59:01.091+0000] {subprocess.py:97} INFO - Command exited with return code 0
[2023-06-11T08:59:01.580+0000] {taskinstance.py:1350} INFO - Marking task as SUCCESS. dag_id=first_dag_02, task_id=second_task, execution_date=20220123T000000, start_date=20230611T085855, end_date=20230611T085901
[2023-06-11T08:59:02.402+0000] {local_task_job_runner.py:225} INFO - Task exited with return code 0
[2023-06-11T08:59:03.130+0000] {taskinstance.py:2651} INFO - 0 downstream tasks scheduled from follow-on schedule check
[2023-06-11T11:31:03.509+0000] {taskinstance.py:1103} INFO - Dependencies all met for dep_context=non-requeueable deps ti=<TaskInstance: first_dag_02.second_task scheduled__2022-01-23T00:00:00+00:00 [queued]>
[2023-06-11T11:31:03.779+0000] {taskinstance.py:1103} INFO - Dependencies all met for dep_context=requeueable deps ti=<TaskInstance: first_dag_02.second_task scheduled__2022-01-23T00:00:00+00:00 [queued]>
[2023-06-11T11:31:03.780+0000] {taskinstance.py:1308} INFO - Starting attempt 1 of 6
[2023-06-11T11:31:04.177+0000] {taskinstance.py:1327} INFO - Executing <Task(BashOperator): second_task> on 2022-01-23 00:00:00+00:00
[2023-06-11T11:31:04.251+0000] {standard_task_runner.py:57} INFO - Started process 278 to run task
[2023-06-11T11:31:04.264+0000] {standard_task_runner.py:84} INFO - Running: ['***', 'tasks', 'run', 'first_dag_02', 'second_task', 'scheduled__2022-01-23T00:00:00+00:00', '--job-id', '891', '--raw', '--subdir', 'DAGS_FOLDER/First_dag.py', '--cfg-path', '/tmp/tmp8qqu6poc']
[2023-06-11T11:31:04.271+0000] {standard_task_runner.py:85} INFO - Job 891: Subtask second_task
[2023-06-11T11:31:04.826+0000] {task_command.py:410} INFO - Running <TaskInstance: first_dag_02.second_task scheduled__2022-01-23T00:00:00+00:00 [running]> on host 7586ce0070ac
[2023-06-11T11:31:05.780+0000] {taskinstance.py:1547} INFO - Exporting env vars: AIRFLOW_CTX_DAG_OWNER='Raja' AIRFLOW_CTX_DAG_ID='first_dag_02' AIRFLOW_CTX_TASK_ID='second_task' AIRFLOW_CTX_EXECUTION_DATE='2022-01-23T00:00:00+00:00' AIRFLOW_CTX_TRY_NUMBER='1' AIRFLOW_CTX_DAG_RUN_ID='scheduled__2022-01-23T00:00:00+00:00'
[2023-06-11T11:31:05.800+0000] {subprocess.py:63} INFO - Tmp dir root location: 
 /tmp
[2023-06-11T11:31:05.800+0000] {subprocess.py:75} INFO - Running command: ['/bin/bash', '-c', 'echo hey, I am task2 and will be running after task1!']
[2023-06-11T11:31:05.894+0000] {subprocess.py:86} INFO - Output:
[2023-06-11T11:31:05.909+0000] {subprocess.py:93} INFO - hey, I am task2 and will be running after task1!
[2023-06-11T11:31:05.910+0000] {subprocess.py:97} INFO - Command exited with return code 0
[2023-06-11T11:31:06.316+0000] {taskinstance.py:1350} INFO - Marking task as SUCCESS. dag_id=first_dag_02, task_id=second_task, execution_date=20220123T000000, start_date=20230611T113103, end_date=20230611T113106
[2023-06-11T11:31:06.690+0000] {local_task_job_runner.py:225} INFO - Task exited with return code 0
[2023-06-11T11:31:06.929+0000] {taskinstance.py:2651} INFO - 0 downstream tasks scheduled from follow-on schedule check
