[2023-06-11T04:48:05.231+0000] {taskinstance.py:1103} INFO - Dependencies all met for dep_context=non-requeueable deps ti=<TaskInstance: first_dag_02.first_task scheduled__2021-09-09T00:00:00+00:00 [queued]>
[2023-06-11T04:48:05.297+0000] {taskinstance.py:1103} INFO - Dependencies all met for dep_context=requeueable deps ti=<TaskInstance: first_dag_02.first_task scheduled__2021-09-09T00:00:00+00:00 [queued]>
[2023-06-11T04:48:05.298+0000] {taskinstance.py:1308} INFO - Starting attempt 1 of 6
[2023-06-11T04:48:05.382+0000] {taskinstance.py:1327} INFO - Executing <Task(BashOperator): first_task> on 2021-09-09 00:00:00+00:00
[2023-06-11T04:48:05.408+0000] {standard_task_runner.py:57} INFO - Started process 577 to run task
[2023-06-11T04:48:05.468+0000] {standard_task_runner.py:84} INFO - Running: ['***', 'tasks', 'run', 'first_dag_02', 'first_task', 'scheduled__2021-09-09T00:00:00+00:00', '--job-id', '166', '--raw', '--subdir', 'DAGS_FOLDER/First_dag.py', '--cfg-path', '/tmp/tmpr2qvvbpr']
[2023-06-11T04:48:05.469+0000] {standard_task_runner.py:85} INFO - Job 166: Subtask first_task
[2023-06-11T04:48:05.690+0000] {task_command.py:410} INFO - Running <TaskInstance: first_dag_02.first_task scheduled__2021-09-09T00:00:00+00:00 [running]> on host 4b1b5d40d165
[2023-06-11T04:48:06.383+0000] {taskinstance.py:1547} INFO - Exporting env vars: AIRFLOW_CTX_DAG_OWNER='Raja' AIRFLOW_CTX_DAG_ID='first_dag_02' AIRFLOW_CTX_TASK_ID='first_task' AIRFLOW_CTX_EXECUTION_DATE='2021-09-09T00:00:00+00:00' AIRFLOW_CTX_TRY_NUMBER='1' AIRFLOW_CTX_DAG_RUN_ID='scheduled__2021-09-09T00:00:00+00:00'
[2023-06-11T04:48:06.386+0000] {subprocess.py:63} INFO - Tmp dir root location: 
 /tmp
[2023-06-11T04:48:06.387+0000] {subprocess.py:75} INFO - Running command: ['/bin/bash', '-c', 'echo hello world, this is the first task!']
[2023-06-11T04:48:06.432+0000] {subprocess.py:86} INFO - Output:
[2023-06-11T04:48:06.440+0000] {subprocess.py:93} INFO - hello world, this is the first task!
[2023-06-11T04:48:06.440+0000] {subprocess.py:97} INFO - Command exited with return code 0
[2023-06-11T04:48:06.720+0000] {taskinstance.py:1350} INFO - Marking task as SUCCESS. dag_id=first_dag_02, task_id=first_task, execution_date=20210909T000000, start_date=20230611T044805, end_date=20230611T044806
[2023-06-11T04:48:06.866+0000] {local_task_job_runner.py:225} INFO - Task exited with return code 0
[2023-06-11T04:48:07.111+0000] {taskinstance.py:2651} INFO - 2 downstream tasks scheduled from follow-on schedule check
[2023-06-11T05:18:28.783+0000] {taskinstance.py:1103} INFO - Dependencies all met for dep_context=non-requeueable deps ti=<TaskInstance: first_dag_02.first_task scheduled__2021-09-09T00:00:00+00:00 [queued]>
[2023-06-11T05:18:28.981+0000] {taskinstance.py:1103} INFO - Dependencies all met for dep_context=requeueable deps ti=<TaskInstance: first_dag_02.first_task scheduled__2021-09-09T00:00:00+00:00 [queued]>
[2023-06-11T05:18:28.989+0000] {taskinstance.py:1308} INFO - Starting attempt 1 of 6
[2023-06-11T05:18:32.867+0000] {taskinstance.py:1327} INFO - Executing <Task(BashOperator): first_task> on 2021-09-09 00:00:00+00:00
[2023-06-11T05:18:33.581+0000] {standard_task_runner.py:57} INFO - Started process 572 to run task
[2023-06-11T05:18:33.724+0000] {standard_task_runner.py:84} INFO - Running: ['***', 'tasks', 'run', 'first_dag_02', 'first_task', 'scheduled__2021-09-09T00:00:00+00:00', '--job-id', '148', '--raw', '--subdir', 'DAGS_FOLDER/First_dag.py', '--cfg-path', '/tmp/tmpjrdh0mug']
[2023-06-11T05:18:33.750+0000] {standard_task_runner.py:85} INFO - Job 148: Subtask first_task
[2023-06-11T05:18:35.029+0000] {task_command.py:410} INFO - Running <TaskInstance: first_dag_02.first_task scheduled__2021-09-09T00:00:00+00:00 [running]> on host 69e374580eab
[2023-06-11T05:18:45.889+0000] {taskinstance.py:1547} INFO - Exporting env vars: AIRFLOW_CTX_DAG_OWNER='Raja' AIRFLOW_CTX_DAG_ID='first_dag_02' AIRFLOW_CTX_TASK_ID='first_task' AIRFLOW_CTX_EXECUTION_DATE='2021-09-09T00:00:00+00:00' AIRFLOW_CTX_TRY_NUMBER='1' AIRFLOW_CTX_DAG_RUN_ID='scheduled__2021-09-09T00:00:00+00:00'
[2023-06-11T05:18:45.988+0000] {subprocess.py:63} INFO - Tmp dir root location: 
 /tmp
[2023-06-11T05:18:46.106+0000] {subprocess.py:75} INFO - Running command: ['/bin/bash', '-c', 'echo hello world, this is the first task!']
[2023-06-11T05:18:47.303+0000] {subprocess.py:86} INFO - Output:
[2023-06-11T05:18:47.320+0000] {subprocess.py:93} INFO - hello world, this is the first task!
[2023-06-11T05:18:47.321+0000] {subprocess.py:97} INFO - Command exited with return code 0
[2023-06-11T05:18:48.225+0000] {taskinstance.py:1350} INFO - Marking task as SUCCESS. dag_id=first_dag_02, task_id=first_task, execution_date=20210909T000000, start_date=20230611T051828, end_date=20230611T051848
[2023-06-11T05:18:48.612+0000] {local_task_job_runner.py:225} INFO - Task exited with return code 0
[2023-06-11T05:18:49.332+0000] {taskinstance.py:2651} INFO - 2 downstream tasks scheduled from follow-on schedule check
[2023-06-11T08:22:35.358+0000] {taskinstance.py:1103} INFO - Dependencies all met for dep_context=non-requeueable deps ti=<TaskInstance: first_dag_02.first_task scheduled__2021-09-09T00:00:00+00:00 [queued]>
[2023-06-11T08:22:35.439+0000] {taskinstance.py:1103} INFO - Dependencies all met for dep_context=requeueable deps ti=<TaskInstance: first_dag_02.first_task scheduled__2021-09-09T00:00:00+00:00 [queued]>
[2023-06-11T08:22:35.439+0000] {taskinstance.py:1308} INFO - Starting attempt 1 of 6
[2023-06-11T08:22:35.768+0000] {taskinstance.py:1327} INFO - Executing <Task(BashOperator): first_task> on 2021-09-09 00:00:00+00:00
[2023-06-11T08:22:35.798+0000] {standard_task_runner.py:57} INFO - Started process 826 to run task
[2023-06-11T08:22:35.837+0000] {standard_task_runner.py:84} INFO - Running: ['***', 'tasks', 'run', 'first_dag_02', 'first_task', 'scheduled__2021-09-09T00:00:00+00:00', '--job-id', '260', '--raw', '--subdir', 'DAGS_FOLDER/First_dag.py', '--cfg-path', '/tmp/tmpr_tzcz4d']
[2023-06-11T08:22:35.843+0000] {standard_task_runner.py:85} INFO - Job 260: Subtask first_task
[2023-06-11T08:22:36.350+0000] {task_command.py:410} INFO - Running <TaskInstance: first_dag_02.first_task scheduled__2021-09-09T00:00:00+00:00 [running]> on host 492037cdd057
[2023-06-11T08:22:39.821+0000] {taskinstance.py:1547} INFO - Exporting env vars: AIRFLOW_CTX_DAG_OWNER='Raja' AIRFLOW_CTX_DAG_ID='first_dag_02' AIRFLOW_CTX_TASK_ID='first_task' AIRFLOW_CTX_EXECUTION_DATE='2021-09-09T00:00:00+00:00' AIRFLOW_CTX_TRY_NUMBER='1' AIRFLOW_CTX_DAG_RUN_ID='scheduled__2021-09-09T00:00:00+00:00'
[2023-06-11T08:22:39.861+0000] {subprocess.py:63} INFO - Tmp dir root location: 
 /tmp
[2023-06-11T08:22:39.862+0000] {subprocess.py:75} INFO - Running command: ['/bin/bash', '-c', 'echo hello world, this is the first task!']
[2023-06-11T08:22:40.197+0000] {subprocess.py:86} INFO - Output:
[2023-06-11T08:22:40.353+0000] {subprocess.py:93} INFO - hello world, this is the first task!
[2023-06-11T08:22:40.354+0000] {subprocess.py:97} INFO - Command exited with return code 0
[2023-06-11T08:22:40.513+0000] {taskinstance.py:1350} INFO - Marking task as SUCCESS. dag_id=first_dag_02, task_id=first_task, execution_date=20210909T000000, start_date=20230611T082235, end_date=20230611T082240
[2023-06-11T08:22:41.329+0000] {local_task_job_runner.py:225} INFO - Task exited with return code 0
[2023-06-11T08:22:42.263+0000] {taskinstance.py:2651} INFO - 2 downstream tasks scheduled from follow-on schedule check
[2023-06-11T08:49:32.141+0000] {taskinstance.py:1103} INFO - Dependencies all met for dep_context=non-requeueable deps ti=<TaskInstance: first_dag_02.first_task scheduled__2021-09-09T00:00:00+00:00 [queued]>
[2023-06-11T08:49:32.362+0000] {taskinstance.py:1103} INFO - Dependencies all met for dep_context=requeueable deps ti=<TaskInstance: first_dag_02.first_task scheduled__2021-09-09T00:00:00+00:00 [queued]>
[2023-06-11T08:49:32.372+0000] {taskinstance.py:1308} INFO - Starting attempt 1 of 6
[2023-06-11T08:49:32.853+0000] {taskinstance.py:1327} INFO - Executing <Task(BashOperator): first_task> on 2021-09-09 00:00:00+00:00
[2023-06-11T08:49:32.900+0000] {standard_task_runner.py:57} INFO - Started process 686 to run task
[2023-06-11T08:49:32.936+0000] {standard_task_runner.py:84} INFO - Running: ['***', 'tasks', 'run', 'first_dag_02', 'first_task', 'scheduled__2021-09-09T00:00:00+00:00', '--job-id', '210', '--raw', '--subdir', 'DAGS_FOLDER/First_dag.py', '--cfg-path', '/tmp/tmpn5fuirgb']
[2023-06-11T08:49:32.975+0000] {standard_task_runner.py:85} INFO - Job 210: Subtask first_task
[2023-06-11T08:49:33.962+0000] {task_command.py:410} INFO - Running <TaskInstance: first_dag_02.first_task scheduled__2021-09-09T00:00:00+00:00 [running]> on host 964e508aad03
[2023-06-11T08:49:35.381+0000] {taskinstance.py:1547} INFO - Exporting env vars: AIRFLOW_CTX_DAG_OWNER='Raja' AIRFLOW_CTX_DAG_ID='first_dag_02' AIRFLOW_CTX_TASK_ID='first_task' AIRFLOW_CTX_EXECUTION_DATE='2021-09-09T00:00:00+00:00' AIRFLOW_CTX_TRY_NUMBER='1' AIRFLOW_CTX_DAG_RUN_ID='scheduled__2021-09-09T00:00:00+00:00'
[2023-06-11T08:49:35.383+0000] {subprocess.py:63} INFO - Tmp dir root location: 
 /tmp
[2023-06-11T08:49:35.384+0000] {subprocess.py:75} INFO - Running command: ['/bin/bash', '-c', 'echo hello world, this is the first task!']
[2023-06-11T08:49:35.415+0000] {subprocess.py:86} INFO - Output:
[2023-06-11T08:49:35.420+0000] {subprocess.py:93} INFO - hello world, this is the first task!
[2023-06-11T08:49:35.421+0000] {subprocess.py:97} INFO - Command exited with return code 0
[2023-06-11T08:49:35.584+0000] {taskinstance.py:1350} INFO - Marking task as SUCCESS. dag_id=first_dag_02, task_id=first_task, execution_date=20210909T000000, start_date=20230611T084932, end_date=20230611T084935
[2023-06-11T08:49:35.977+0000] {local_task_job_runner.py:225} INFO - Task exited with return code 0
[2023-06-11T08:49:36.441+0000] {taskinstance.py:2651} INFO - 2 downstream tasks scheduled from follow-on schedule check
[2023-06-11T10:43:49.300+0000] {taskinstance.py:1103} INFO - Dependencies all met for dep_context=non-requeueable deps ti=<TaskInstance: first_dag_02.first_task scheduled__2021-09-09T00:00:00+00:00 [queued]>
[2023-06-11T10:43:50.589+0000] {taskinstance.py:1103} INFO - Dependencies all met for dep_context=requeueable deps ti=<TaskInstance: first_dag_02.first_task scheduled__2021-09-09T00:00:00+00:00 [queued]>
[2023-06-11T10:43:50.589+0000] {taskinstance.py:1308} INFO - Starting attempt 1 of 6
[2023-06-11T10:43:51.572+0000] {taskinstance.py:1327} INFO - Executing <Task(BashOperator): first_task> on 2021-09-09 00:00:00+00:00
[2023-06-11T10:43:51.838+0000] {standard_task_runner.py:57} INFO - Started process 792 to run task
[2023-06-11T10:43:52.387+0000] {standard_task_runner.py:84} INFO - Running: ['***', 'tasks', 'run', 'first_dag_02', 'first_task', 'scheduled__2021-09-09T00:00:00+00:00', '--job-id', '216', '--raw', '--subdir', 'DAGS_FOLDER/First_dag.py', '--cfg-path', '/tmp/tmpx_52lxhi']
[2023-06-11T10:43:52.389+0000] {standard_task_runner.py:85} INFO - Job 216: Subtask first_task
[2023-06-11T10:43:54.749+0000] {task_command.py:410} INFO - Running <TaskInstance: first_dag_02.first_task scheduled__2021-09-09T00:00:00+00:00 [running]> on host 7586ce0070ac
[2023-06-11T10:43:59.253+0000] {taskinstance.py:1547} INFO - Exporting env vars: AIRFLOW_CTX_DAG_OWNER='Raja' AIRFLOW_CTX_DAG_ID='first_dag_02' AIRFLOW_CTX_TASK_ID='first_task' AIRFLOW_CTX_EXECUTION_DATE='2021-09-09T00:00:00+00:00' AIRFLOW_CTX_TRY_NUMBER='1' AIRFLOW_CTX_DAG_RUN_ID='scheduled__2021-09-09T00:00:00+00:00'
[2023-06-11T10:43:59.380+0000] {subprocess.py:63} INFO - Tmp dir root location: 
 /tmp
[2023-06-11T10:43:59.462+0000] {subprocess.py:75} INFO - Running command: ['/bin/bash', '-c', 'echo hello world, this is the first task!']
[2023-06-11T10:44:00.334+0000] {subprocess.py:86} INFO - Output:
[2023-06-11T10:44:01.425+0000] {subprocess.py:93} INFO - hello world, this is the first task!
[2023-06-11T10:44:02.237+0000] {subprocess.py:97} INFO - Command exited with return code 0
[2023-06-11T10:44:03.556+0000] {taskinstance.py:1350} INFO - Marking task as SUCCESS. dag_id=first_dag_02, task_id=first_task, execution_date=20210909T000000, start_date=20230611T104349, end_date=20230611T104403
[2023-06-11T10:44:06.541+0000] {local_task_job_runner.py:225} INFO - Task exited with return code 0
[2023-06-11T10:44:09.258+0000] {taskinstance.py:2651} INFO - 0 downstream tasks scheduled from follow-on schedule check
