[2023-06-11T04:51:59.416+0000] {taskinstance.py:1103} INFO - Dependencies all met for dep_context=non-requeueable deps ti=<TaskInstance: first_dag_02.first_task scheduled__2021-10-02T00:00:00+00:00 [queued]>
[2023-06-11T04:51:59.538+0000] {taskinstance.py:1103} INFO - Dependencies all met for dep_context=requeueable deps ti=<TaskInstance: first_dag_02.first_task scheduled__2021-10-02T00:00:00+00:00 [queued]>
[2023-06-11T04:51:59.538+0000] {taskinstance.py:1308} INFO - Starting attempt 1 of 6
[2023-06-11T04:52:01.293+0000] {taskinstance.py:1327} INFO - Executing <Task(BashOperator): first_task> on 2021-10-02 00:00:00+00:00
[2023-06-11T04:52:01.307+0000] {standard_task_runner.py:57} INFO - Started process 908 to run task
[2023-06-11T04:52:01.334+0000] {standard_task_runner.py:84} INFO - Running: ['***', 'tasks', 'run', 'first_dag_02', 'first_task', 'scheduled__2021-10-02T00:00:00+00:00', '--job-id', '268', '--raw', '--subdir', 'DAGS_FOLDER/First_dag.py', '--cfg-path', '/tmp/tmpp9ujjrgg']
[2023-06-11T04:52:01.339+0000] {standard_task_runner.py:85} INFO - Job 268: Subtask first_task
[2023-06-11T04:52:02.579+0000] {task_command.py:410} INFO - Running <TaskInstance: first_dag_02.first_task scheduled__2021-10-02T00:00:00+00:00 [running]> on host 4b1b5d40d165
[2023-06-11T04:52:08.291+0000] {taskinstance.py:1547} INFO - Exporting env vars: AIRFLOW_CTX_DAG_OWNER='Raja' AIRFLOW_CTX_DAG_ID='first_dag_02' AIRFLOW_CTX_TASK_ID='first_task' AIRFLOW_CTX_EXECUTION_DATE='2021-10-02T00:00:00+00:00' AIRFLOW_CTX_TRY_NUMBER='1' AIRFLOW_CTX_DAG_RUN_ID='scheduled__2021-10-02T00:00:00+00:00'
[2023-06-11T04:52:08.379+0000] {subprocess.py:63} INFO - Tmp dir root location: 
 /tmp
[2023-06-11T04:52:08.380+0000] {subprocess.py:75} INFO - Running command: ['/bin/bash', '-c', 'echo hello world, this is the first task!']
[2023-06-11T04:52:08.608+0000] {subprocess.py:86} INFO - Output:
[2023-06-11T04:52:08.620+0000] {subprocess.py:93} INFO - hello world, this is the first task!
[2023-06-11T04:52:08.624+0000] {subprocess.py:97} INFO - Command exited with return code 0
[2023-06-11T04:52:09.977+0000] {taskinstance.py:1350} INFO - Marking task as SUCCESS. dag_id=first_dag_02, task_id=first_task, execution_date=20211002T000000, start_date=20230611T045159, end_date=20230611T045209
[2023-06-11T04:52:11.847+0000] {local_task_job_runner.py:225} INFO - Task exited with return code 0
[2023-06-11T04:52:13.318+0000] {taskinstance.py:2651} INFO - 2 downstream tasks scheduled from follow-on schedule check
[2023-06-11T08:28:15.284+0000] {taskinstance.py:1103} INFO - Dependencies all met for dep_context=non-requeueable deps ti=<TaskInstance: first_dag_02.first_task scheduled__2021-10-02T00:00:00+00:00 [queued]>
[2023-06-11T08:28:19.463+0000] {taskinstance.py:1103} INFO - Dependencies all met for dep_context=requeueable deps ti=<TaskInstance: first_dag_02.first_task scheduled__2021-10-02T00:00:00+00:00 [queued]>
[2023-06-11T08:28:19.466+0000] {taskinstance.py:1308} INFO - Starting attempt 1 of 6
[2023-06-11T08:28:24.613+0000] {taskinstance.py:1327} INFO - Executing <Task(BashOperator): first_task> on 2021-10-02 00:00:00+00:00
[2023-06-11T08:28:26.158+0000] {standard_task_runner.py:84} INFO - Running: ['***', 'tasks', 'run', 'first_dag_02', 'first_task', 'scheduled__2021-10-02T00:00:00+00:00', '--job-id', '383', '--raw', '--subdir', 'DAGS_FOLDER/First_dag.py', '--cfg-path', '/tmp/tmp9ubx_lda']
[2023-06-11T08:28:26.188+0000] {standard_task_runner.py:85} INFO - Job 383: Subtask first_task
[2023-06-11T08:28:26.336+0000] {standard_task_runner.py:57} INFO - Started process 1243 to run task
[2023-06-11T08:28:38.657+0000] {task_command.py:410} INFO - Running <TaskInstance: first_dag_02.first_task scheduled__2021-10-02T00:00:00+00:00 [running]> on host 492037cdd057
[2023-06-11T08:28:46.298+0000] {taskinstance.py:1547} INFO - Exporting env vars: AIRFLOW_CTX_DAG_OWNER='Raja' AIRFLOW_CTX_DAG_ID='first_dag_02' AIRFLOW_CTX_TASK_ID='first_task' AIRFLOW_CTX_EXECUTION_DATE='2021-10-02T00:00:00+00:00' AIRFLOW_CTX_TRY_NUMBER='1' AIRFLOW_CTX_DAG_RUN_ID='scheduled__2021-10-02T00:00:00+00:00'
[2023-06-11T08:28:46.307+0000] {subprocess.py:63} INFO - Tmp dir root location: 
 /tmp
[2023-06-11T08:28:46.310+0000] {subprocess.py:75} INFO - Running command: ['/bin/bash', '-c', 'echo hello world, this is the first task!']
[2023-06-11T08:28:46.668+0000] {subprocess.py:86} INFO - Output:
[2023-06-11T08:28:46.674+0000] {subprocess.py:93} INFO - hello world, this is the first task!
[2023-06-11T08:28:46.679+0000] {subprocess.py:97} INFO - Command exited with return code 0
[2023-06-11T08:28:48.515+0000] {taskinstance.py:1350} INFO - Marking task as SUCCESS. dag_id=first_dag_02, task_id=first_task, execution_date=20211002T000000, start_date=20230611T082815, end_date=20230611T082848
[2023-06-11T08:28:49.781+0000] {local_task_job_runner.py:225} INFO - Task exited with return code 0
[2023-06-11T08:28:51.439+0000] {taskinstance.py:2651} INFO - 2 downstream tasks scheduled from follow-on schedule check
[2023-06-11T08:51:21.170+0000] {taskinstance.py:1103} INFO - Dependencies all met for dep_context=non-requeueable deps ti=<TaskInstance: first_dag_02.first_task scheduled__2021-10-02T00:00:00+00:00 [queued]>
[2023-06-11T08:51:21.413+0000] {taskinstance.py:1103} INFO - Dependencies all met for dep_context=requeueable deps ti=<TaskInstance: first_dag_02.first_task scheduled__2021-10-02T00:00:00+00:00 [queued]>
[2023-06-11T08:51:21.414+0000] {taskinstance.py:1308} INFO - Starting attempt 1 of 6
[2023-06-11T08:51:22.096+0000] {taskinstance.py:1327} INFO - Executing <Task(BashOperator): first_task> on 2021-10-02 00:00:00+00:00
[2023-06-11T08:51:22.194+0000] {standard_task_runner.py:57} INFO - Started process 1086 to run task
[2023-06-11T08:51:22.273+0000] {standard_task_runner.py:84} INFO - Running: ['***', 'tasks', 'run', 'first_dag_02', 'first_task', 'scheduled__2021-10-02T00:00:00+00:00', '--job-id', '335', '--raw', '--subdir', 'DAGS_FOLDER/First_dag.py', '--cfg-path', '/tmp/tmp_mgnj0fq']
[2023-06-11T08:51:22.274+0000] {standard_task_runner.py:85} INFO - Job 335: Subtask first_task
[2023-06-11T08:51:23.441+0000] {task_command.py:410} INFO - Running <TaskInstance: first_dag_02.first_task scheduled__2021-10-02T00:00:00+00:00 [running]> on host 964e508aad03
[2023-06-11T08:51:26.561+0000] {taskinstance.py:1547} INFO - Exporting env vars: AIRFLOW_CTX_DAG_OWNER='Raja' AIRFLOW_CTX_DAG_ID='first_dag_02' AIRFLOW_CTX_TASK_ID='first_task' AIRFLOW_CTX_EXECUTION_DATE='2021-10-02T00:00:00+00:00' AIRFLOW_CTX_TRY_NUMBER='1' AIRFLOW_CTX_DAG_RUN_ID='scheduled__2021-10-02T00:00:00+00:00'
[2023-06-11T08:51:26.563+0000] {subprocess.py:63} INFO - Tmp dir root location: 
 /tmp
[2023-06-11T08:51:26.563+0000] {subprocess.py:75} INFO - Running command: ['/bin/bash', '-c', 'echo hello world, this is the first task!']
[2023-06-11T08:51:26.829+0000] {subprocess.py:86} INFO - Output:
[2023-06-11T08:51:26.862+0000] {subprocess.py:93} INFO - hello world, this is the first task!
[2023-06-11T08:51:26.863+0000] {subprocess.py:97} INFO - Command exited with return code 0
[2023-06-11T08:51:27.508+0000] {taskinstance.py:1350} INFO - Marking task as SUCCESS. dag_id=first_dag_02, task_id=first_task, execution_date=20211002T000000, start_date=20230611T085121, end_date=20230611T085127
[2023-06-11T08:51:28.081+0000] {local_task_job_runner.py:225} INFO - Task exited with return code 0
[2023-06-11T08:51:28.566+0000] {taskinstance.py:2651} INFO - 2 downstream tasks scheduled from follow-on schedule check
[2023-06-11T10:57:15.839+0000] {taskinstance.py:1103} INFO - Dependencies all met for dep_context=non-requeueable deps ti=<TaskInstance: first_dag_02.first_task scheduled__2021-10-02T00:00:00+00:00 [queued]>
[2023-06-11T10:57:16.183+0000] {taskinstance.py:1103} INFO - Dependencies all met for dep_context=requeueable deps ti=<TaskInstance: first_dag_02.first_task scheduled__2021-10-02T00:00:00+00:00 [queued]>
[2023-06-11T10:57:16.194+0000] {taskinstance.py:1308} INFO - Starting attempt 1 of 6
[2023-06-11T10:57:16.816+0000] {taskinstance.py:1327} INFO - Executing <Task(BashOperator): first_task> on 2021-10-02 00:00:00+00:00
[2023-06-11T10:57:17.133+0000] {standard_task_runner.py:57} INFO - Started process 1219 to run task
[2023-06-11T10:57:17.391+0000] {standard_task_runner.py:84} INFO - Running: ['***', 'tasks', 'run', 'first_dag_02', 'first_task', 'scheduled__2021-10-02T00:00:00+00:00', '--job-id', '329', '--raw', '--subdir', 'DAGS_FOLDER/First_dag.py', '--cfg-path', '/tmp/tmpyl6s44zi']
[2023-06-11T10:57:17.454+0000] {standard_task_runner.py:85} INFO - Job 329: Subtask first_task
[2023-06-11T10:57:18.802+0000] {task_command.py:410} INFO - Running <TaskInstance: first_dag_02.first_task scheduled__2021-10-02T00:00:00+00:00 [running]> on host 7586ce0070ac
[2023-06-11T10:57:21.150+0000] {taskinstance.py:1547} INFO - Exporting env vars: AIRFLOW_CTX_DAG_OWNER='Raja' AIRFLOW_CTX_DAG_ID='first_dag_02' AIRFLOW_CTX_TASK_ID='first_task' AIRFLOW_CTX_EXECUTION_DATE='2021-10-02T00:00:00+00:00' AIRFLOW_CTX_TRY_NUMBER='1' AIRFLOW_CTX_DAG_RUN_ID='scheduled__2021-10-02T00:00:00+00:00'
[2023-06-11T10:57:21.169+0000] {subprocess.py:63} INFO - Tmp dir root location: 
 /tmp
[2023-06-11T10:57:21.169+0000] {subprocess.py:75} INFO - Running command: ['/bin/bash', '-c', 'echo hello world, this is the first task!']
[2023-06-11T10:57:21.763+0000] {subprocess.py:86} INFO - Output:
[2023-06-11T10:57:22.048+0000] {subprocess.py:93} INFO - hello world, this is the first task!
[2023-06-11T10:57:22.084+0000] {subprocess.py:97} INFO - Command exited with return code 0
[2023-06-11T10:57:23.283+0000] {taskinstance.py:1350} INFO - Marking task as SUCCESS. dag_id=first_dag_02, task_id=first_task, execution_date=20211002T000000, start_date=20230611T105715, end_date=20230611T105723
[2023-06-11T10:57:24.360+0000] {local_task_job_runner.py:225} INFO - Task exited with return code 0
[2023-06-11T10:57:25.522+0000] {taskinstance.py:2651} INFO - 2 downstream tasks scheduled from follow-on schedule check
