[2023-06-11T09:41:02.919+0000] {taskinstance.py:1103} INFO - Dependencies all met for dep_context=non-requeueable deps ti=<TaskInstance: first_dag_02.thrid_task scheduled__2022-04-15T00:00:00+00:00 [queued]>
[2023-06-11T09:41:03.187+0000] {taskinstance.py:1103} INFO - Dependencies all met for dep_context=requeueable deps ti=<TaskInstance: first_dag_02.thrid_task scheduled__2022-04-15T00:00:00+00:00 [queued]>
[2023-06-11T09:41:03.322+0000] {taskinstance.py:1308} INFO - Starting attempt 1 of 6
[2023-06-11T09:41:03.420+0000] {taskinstance.py:1327} INFO - Executing <Task(BashOperator): thrid_task> on 2022-04-15 00:00:00+00:00
[2023-06-11T09:41:03.501+0000] {standard_task_runner.py:57} INFO - Started process 4022 to run task
[2023-06-11T09:41:03.509+0000] {standard_task_runner.py:84} INFO - Running: ['***', 'tasks', 'run', 'first_dag_02', 'thrid_task', 'scheduled__2022-04-15T00:00:00+00:00', '--job-id', '1243', '--raw', '--subdir', 'DAGS_FOLDER/First_dag.py', '--cfg-path', '/tmp/tmp3h19a5nr']
[2023-06-11T09:41:03.510+0000] {standard_task_runner.py:85} INFO - Job 1243: Subtask thrid_task
[2023-06-11T09:41:05.724+0000] {task_command.py:410} INFO - Running <TaskInstance: first_dag_02.thrid_task scheduled__2022-04-15T00:00:00+00:00 [running]> on host 964e508aad03
[2023-06-11T09:41:11.503+0000] {taskinstance.py:1547} INFO - Exporting env vars: AIRFLOW_CTX_DAG_OWNER='Raja' AIRFLOW_CTX_DAG_ID='first_dag_02' AIRFLOW_CTX_TASK_ID='thrid_task' AIRFLOW_CTX_EXECUTION_DATE='2022-04-15T00:00:00+00:00' AIRFLOW_CTX_TRY_NUMBER='1' AIRFLOW_CTX_DAG_RUN_ID='scheduled__2022-04-15T00:00:00+00:00'
[2023-06-11T09:41:11.507+0000] {subprocess.py:63} INFO - Tmp dir root location: 
 /tmp
[2023-06-11T09:41:11.526+0000] {subprocess.py:75} INFO - Running command: ['/bin/bash', '-c', 'echo hey, I am task3 and will be running after task1 at the same time as task2!']
[2023-06-11T09:41:12.466+0000] {subprocess.py:86} INFO - Output:
[2023-06-11T09:41:12.541+0000] {subprocess.py:93} INFO - hey, I am task3 and will be running after task1 at the same time as task2!
[2023-06-11T09:41:12.552+0000] {subprocess.py:97} INFO - Command exited with return code 0
[2023-06-11T09:41:14.523+0000] {taskinstance.py:1350} INFO - Marking task as SUCCESS. dag_id=first_dag_02, task_id=thrid_task, execution_date=20220415T000000, start_date=20230611T094102, end_date=20230611T094114
[2023-06-11T09:41:15.782+0000] {local_task_job_runner.py:225} INFO - Task exited with return code 0
[2023-06-11T09:41:16.623+0000] {taskinstance.py:2651} INFO - 0 downstream tasks scheduled from follow-on schedule check
[2023-06-11T15:29:16.822+0000] {taskinstance.py:1103} INFO - Dependencies all met for dep_context=non-requeueable deps ti=<TaskInstance: first_dag_02.thrid_task scheduled__2022-04-15T00:00:00+00:00 [queued]>
[2023-06-11T15:29:17.054+0000] {taskinstance.py:1103} INFO - Dependencies all met for dep_context=requeueable deps ti=<TaskInstance: first_dag_02.thrid_task scheduled__2022-04-15T00:00:00+00:00 [queued]>
[2023-06-11T15:29:17.055+0000] {taskinstance.py:1308} INFO - Starting attempt 1 of 6
[2023-06-11T15:29:17.585+0000] {taskinstance.py:1327} INFO - Executing <Task(BashOperator): thrid_task> on 2022-04-15 00:00:00+00:00
[2023-06-11T15:29:17.661+0000] {standard_task_runner.py:57} INFO - Started process 722 to run task
[2023-06-11T15:29:17.750+0000] {standard_task_runner.py:84} INFO - Running: ['***', 'tasks', 'run', 'first_dag_02', 'thrid_task', 'scheduled__2022-04-15T00:00:00+00:00', '--job-id', '1305', '--raw', '--subdir', 'DAGS_FOLDER/First_dag.py', '--cfg-path', '/tmp/tmpog40jyha']
[2023-06-11T15:29:17.756+0000] {standard_task_runner.py:85} INFO - Job 1305: Subtask thrid_task
[2023-06-11T15:29:18.655+0000] {task_command.py:410} INFO - Running <TaskInstance: first_dag_02.thrid_task scheduled__2022-04-15T00:00:00+00:00 [running]> on host 7586ce0070ac
[2023-06-11T15:29:20.460+0000] {taskinstance.py:1547} INFO - Exporting env vars: AIRFLOW_CTX_DAG_OWNER='Raja' AIRFLOW_CTX_DAG_ID='first_dag_02' AIRFLOW_CTX_TASK_ID='thrid_task' AIRFLOW_CTX_EXECUTION_DATE='2022-04-15T00:00:00+00:00' AIRFLOW_CTX_TRY_NUMBER='1' AIRFLOW_CTX_DAG_RUN_ID='scheduled__2022-04-15T00:00:00+00:00'
[2023-06-11T15:29:20.466+0000] {subprocess.py:63} INFO - Tmp dir root location: 
 /tmp
[2023-06-11T15:29:20.484+0000] {subprocess.py:75} INFO - Running command: ['/bin/bash', '-c', 'echo hey, I am task3 and will be running after task1 at the same time as task2!']
[2023-06-11T15:29:20.629+0000] {subprocess.py:86} INFO - Output:
[2023-06-11T15:29:20.630+0000] {subprocess.py:93} INFO - hey, I am task3 and will be running after task1 at the same time as task2!
[2023-06-11T15:29:20.632+0000] {subprocess.py:97} INFO - Command exited with return code 0
[2023-06-11T15:29:21.006+0000] {taskinstance.py:1350} INFO - Marking task as SUCCESS. dag_id=first_dag_02, task_id=thrid_task, execution_date=20220415T000000, start_date=20230611T152916, end_date=20230611T152921
[2023-06-11T15:29:21.160+0000] {local_task_job_runner.py:225} INFO - Task exited with return code 0
[2023-06-11T15:29:21.819+0000] {taskinstance.py:2651} INFO - 0 downstream tasks scheduled from follow-on schedule check
