[2023-06-11T04:55:01.997+0000] {taskinstance.py:1103} INFO - Dependencies all met for dep_context=non-requeueable deps ti=<TaskInstance: first_dag_02.first_task scheduled__2021-11-01T00:00:00+00:00 [queued]>
[2023-06-11T04:55:02.211+0000] {taskinstance.py:1103} INFO - Dependencies all met for dep_context=requeueable deps ti=<TaskInstance: first_dag_02.first_task scheduled__2021-11-01T00:00:00+00:00 [queued]>
[2023-06-11T04:55:02.211+0000] {taskinstance.py:1308} INFO - Starting attempt 1 of 6
[2023-06-11T04:55:03.936+0000] {taskinstance.py:1327} INFO - Executing <Task(BashOperator): first_task> on 2021-11-01 00:00:00+00:00
[2023-06-11T04:55:04.186+0000] {standard_task_runner.py:57} INFO - Started process 1198 to run task
[2023-06-11T04:55:04.350+0000] {standard_task_runner.py:84} INFO - Running: ['***', 'tasks', 'run', 'first_dag_02', 'first_task', 'scheduled__2021-11-01T00:00:00+00:00', '--job-id', '353', '--raw', '--subdir', 'DAGS_FOLDER/First_dag.py', '--cfg-path', '/tmp/tmpdkxydqhq']
[2023-06-11T04:55:04.351+0000] {standard_task_runner.py:85} INFO - Job 353: Subtask first_task
[2023-06-11T04:55:06.010+0000] {task_command.py:410} INFO - Running <TaskInstance: first_dag_02.first_task scheduled__2021-11-01T00:00:00+00:00 [running]> on host 4b1b5d40d165
[2023-06-11T04:55:12.517+0000] {taskinstance.py:1547} INFO - Exporting env vars: AIRFLOW_CTX_DAG_OWNER='Raja' AIRFLOW_CTX_DAG_ID='first_dag_02' AIRFLOW_CTX_TASK_ID='first_task' AIRFLOW_CTX_EXECUTION_DATE='2021-11-01T00:00:00+00:00' AIRFLOW_CTX_TRY_NUMBER='1' AIRFLOW_CTX_DAG_RUN_ID='scheduled__2021-11-01T00:00:00+00:00'
[2023-06-11T04:55:12.553+0000] {subprocess.py:63} INFO - Tmp dir root location: 
 /tmp
[2023-06-11T04:55:12.569+0000] {subprocess.py:75} INFO - Running command: ['/bin/bash', '-c', 'echo hello world, this is the first task!']
[2023-06-11T04:55:12.936+0000] {subprocess.py:86} INFO - Output:
[2023-06-11T04:55:12.986+0000] {subprocess.py:93} INFO - hello world, this is the first task!
[2023-06-11T04:55:12.987+0000] {subprocess.py:97} INFO - Command exited with return code 0
[2023-06-11T04:55:14.004+0000] {taskinstance.py:1350} INFO - Marking task as SUCCESS. dag_id=first_dag_02, task_id=first_task, execution_date=20211101T000000, start_date=20230611T045502, end_date=20230611T045513
[2023-06-11T04:55:14.570+0000] {local_task_job_runner.py:225} INFO - Task exited with return code 0
[2023-06-11T04:55:15.992+0000] {taskinstance.py:2651} INFO - 2 downstream tasks scheduled from follow-on schedule check
[2023-06-11T08:53:11.700+0000] {taskinstance.py:1103} INFO - Dependencies all met for dep_context=non-requeueable deps ti=<TaskInstance: first_dag_02.first_task scheduled__2021-11-01T00:00:00+00:00 [queued]>
[2023-06-11T08:53:11.896+0000] {taskinstance.py:1103} INFO - Dependencies all met for dep_context=requeueable deps ti=<TaskInstance: first_dag_02.first_task scheduled__2021-11-01T00:00:00+00:00 [queued]>
[2023-06-11T08:53:11.897+0000] {taskinstance.py:1308} INFO - Starting attempt 1 of 6
[2023-06-11T08:53:12.361+0000] {taskinstance.py:1327} INFO - Executing <Task(BashOperator): first_task> on 2021-11-01 00:00:00+00:00
[2023-06-11T08:53:12.395+0000] {standard_task_runner.py:57} INFO - Started process 1514 to run task
[2023-06-11T08:53:12.421+0000] {standard_task_runner.py:84} INFO - Running: ['***', 'tasks', 'run', 'first_dag_02', 'first_task', 'scheduled__2021-11-01T00:00:00+00:00', '--job-id', '471', '--raw', '--subdir', 'DAGS_FOLDER/First_dag.py', '--cfg-path', '/tmp/tmp4607397w']
[2023-06-11T08:53:12.425+0000] {standard_task_runner.py:85} INFO - Job 471: Subtask first_task
[2023-06-11T08:53:12.819+0000] {task_command.py:410} INFO - Running <TaskInstance: first_dag_02.first_task scheduled__2021-11-01T00:00:00+00:00 [running]> on host 964e508aad03
[2023-06-11T08:53:14.340+0000] {taskinstance.py:1547} INFO - Exporting env vars: AIRFLOW_CTX_DAG_OWNER='Raja' AIRFLOW_CTX_DAG_ID='first_dag_02' AIRFLOW_CTX_TASK_ID='first_task' AIRFLOW_CTX_EXECUTION_DATE='2021-11-01T00:00:00+00:00' AIRFLOW_CTX_TRY_NUMBER='1' AIRFLOW_CTX_DAG_RUN_ID='scheduled__2021-11-01T00:00:00+00:00'
[2023-06-11T08:53:14.342+0000] {subprocess.py:63} INFO - Tmp dir root location: 
 /tmp
[2023-06-11T08:53:14.343+0000] {subprocess.py:75} INFO - Running command: ['/bin/bash', '-c', 'echo hello world, this is the first task!']
[2023-06-11T08:53:14.426+0000] {subprocess.py:86} INFO - Output:
[2023-06-11T08:53:14.452+0000] {subprocess.py:93} INFO - hello world, this is the first task!
[2023-06-11T08:53:14.453+0000] {subprocess.py:97} INFO - Command exited with return code 0
[2023-06-11T08:53:14.674+0000] {taskinstance.py:1350} INFO - Marking task as SUCCESS. dag_id=first_dag_02, task_id=first_task, execution_date=20211101T000000, start_date=20230611T085311, end_date=20230611T085314
[2023-06-11T08:53:14.849+0000] {local_task_job_runner.py:225} INFO - Task exited with return code 0
[2023-06-11T08:53:15.148+0000] {taskinstance.py:2651} INFO - 2 downstream tasks scheduled from follow-on schedule check
