[2023-06-11T09:38:45.472+0000] {taskinstance.py:1103} INFO - Dependencies all met for dep_context=non-requeueable deps ti=<TaskInstance: first_dag_02.first_task scheduled__2022-04-02T00:00:00+00:00 [queued]>
[2023-06-11T09:38:45.703+0000] {taskinstance.py:1103} INFO - Dependencies all met for dep_context=requeueable deps ti=<TaskInstance: first_dag_02.first_task scheduled__2022-04-02T00:00:00+00:00 [queued]>
[2023-06-11T09:38:45.703+0000] {taskinstance.py:1308} INFO - Starting attempt 1 of 6
[2023-06-11T09:38:46.680+0000] {taskinstance.py:1327} INFO - Executing <Task(BashOperator): first_task> on 2022-04-02 00:00:00+00:00
[2023-06-11T09:38:47.465+0000] {standard_task_runner.py:84} INFO - Running: ['***', 'tasks', 'run', 'first_dag_02', 'first_task', 'scheduled__2022-04-02T00:00:00+00:00', '--job-id', '1176', '--raw', '--subdir', 'DAGS_FOLDER/First_dag.py', '--cfg-path', '/tmp/tmp6vr4u26w']
[2023-06-11T09:38:47.466+0000] {standard_task_runner.py:85} INFO - Job 1176: Subtask first_task
[2023-06-11T09:38:47.246+0000] {standard_task_runner.py:57} INFO - Started process 3794 to run task
[2023-06-11T09:38:48.274+0000] {task_command.py:410} INFO - Running <TaskInstance: first_dag_02.first_task scheduled__2022-04-02T00:00:00+00:00 [running]> on host 964e508aad03
[2023-06-11T09:38:51.988+0000] {taskinstance.py:1547} INFO - Exporting env vars: AIRFLOW_CTX_DAG_OWNER='Raja' AIRFLOW_CTX_DAG_ID='first_dag_02' AIRFLOW_CTX_TASK_ID='first_task' AIRFLOW_CTX_EXECUTION_DATE='2022-04-02T00:00:00+00:00' AIRFLOW_CTX_TRY_NUMBER='1' AIRFLOW_CTX_DAG_RUN_ID='scheduled__2022-04-02T00:00:00+00:00'
[2023-06-11T09:38:52.000+0000] {subprocess.py:63} INFO - Tmp dir root location: 
 /tmp
[2023-06-11T09:38:52.002+0000] {subprocess.py:75} INFO - Running command: ['/bin/bash', '-c', 'echo hello world, this is the first task!']
[2023-06-11T09:38:52.035+0000] {subprocess.py:86} INFO - Output:
[2023-06-11T09:38:52.165+0000] {subprocess.py:93} INFO - hello world, this is the first task!
[2023-06-11T09:38:52.167+0000] {subprocess.py:97} INFO - Command exited with return code 0
[2023-06-11T09:38:53.266+0000] {taskinstance.py:1350} INFO - Marking task as SUCCESS. dag_id=first_dag_02, task_id=first_task, execution_date=20220402T000000, start_date=20230611T093845, end_date=20230611T093853
[2023-06-11T09:38:53.543+0000] {local_task_job_runner.py:225} INFO - Task exited with return code 0
[2023-06-11T09:38:54.263+0000] {taskinstance.py:2651} INFO - 2 downstream tasks scheduled from follow-on schedule check
[2023-06-11T15:27:38.181+0000] {taskinstance.py:1103} INFO - Dependencies all met for dep_context=non-requeueable deps ti=<TaskInstance: first_dag_02.first_task scheduled__2022-04-02T00:00:00+00:00 [queued]>
[2023-06-11T15:27:38.636+0000] {taskinstance.py:1103} INFO - Dependencies all met for dep_context=requeueable deps ti=<TaskInstance: first_dag_02.first_task scheduled__2022-04-02T00:00:00+00:00 [queued]>
[2023-06-11T15:27:38.655+0000] {taskinstance.py:1308} INFO - Starting attempt 1 of 6
[2023-06-11T15:27:39.106+0000] {taskinstance.py:1327} INFO - Executing <Task(BashOperator): first_task> on 2022-04-02 00:00:00+00:00
[2023-06-11T15:27:39.151+0000] {standard_task_runner.py:57} INFO - Started process 444 to run task
[2023-06-11T15:27:39.216+0000] {standard_task_runner.py:84} INFO - Running: ['***', 'tasks', 'run', 'first_dag_02', 'first_task', 'scheduled__2022-04-02T00:00:00+00:00', '--job-id', '1221', '--raw', '--subdir', 'DAGS_FOLDER/First_dag.py', '--cfg-path', '/tmp/tmp337u9vm5']
[2023-06-11T15:27:39.217+0000] {standard_task_runner.py:85} INFO - Job 1221: Subtask first_task
[2023-06-11T15:27:39.819+0000] {task_command.py:410} INFO - Running <TaskInstance: first_dag_02.first_task scheduled__2022-04-02T00:00:00+00:00 [running]> on host 7586ce0070ac
[2023-06-11T15:27:41.483+0000] {taskinstance.py:1547} INFO - Exporting env vars: AIRFLOW_CTX_DAG_OWNER='Raja' AIRFLOW_CTX_DAG_ID='first_dag_02' AIRFLOW_CTX_TASK_ID='first_task' AIRFLOW_CTX_EXECUTION_DATE='2022-04-02T00:00:00+00:00' AIRFLOW_CTX_TRY_NUMBER='1' AIRFLOW_CTX_DAG_RUN_ID='scheduled__2022-04-02T00:00:00+00:00'
[2023-06-11T15:27:41.496+0000] {subprocess.py:63} INFO - Tmp dir root location: 
 /tmp
[2023-06-11T15:27:41.500+0000] {subprocess.py:75} INFO - Running command: ['/bin/bash', '-c', 'echo hello world, this is the first task!']
[2023-06-11T15:27:41.654+0000] {subprocess.py:86} INFO - Output:
[2023-06-11T15:27:41.670+0000] {subprocess.py:93} INFO - hello world, this is the first task!
[2023-06-11T15:27:41.671+0000] {subprocess.py:97} INFO - Command exited with return code 0
[2023-06-11T15:27:42.256+0000] {taskinstance.py:1350} INFO - Marking task as SUCCESS. dag_id=first_dag_02, task_id=first_task, execution_date=20220402T000000, start_date=20230611T152738, end_date=20230611T152742
[2023-06-11T15:27:42.797+0000] {local_task_job_runner.py:225} INFO - Task exited with return code 0
[2023-06-11T15:27:42.989+0000] {taskinstance.py:2651} INFO - 2 downstream tasks scheduled from follow-on schedule check
