[2023-06-11T09:40:49.300+0000] {taskinstance.py:1103} INFO - Dependencies all met for dep_context=non-requeueable deps ti=<TaskInstance: first_dag_02.thrid_task scheduled__2022-04-12T00:00:00+00:00 [queued]>
[2023-06-11T09:40:49.917+0000] {taskinstance.py:1103} INFO - Dependencies all met for dep_context=requeueable deps ti=<TaskInstance: first_dag_02.thrid_task scheduled__2022-04-12T00:00:00+00:00 [queued]>
[2023-06-11T09:40:49.917+0000] {taskinstance.py:1308} INFO - Starting attempt 1 of 6
[2023-06-11T09:40:51.576+0000] {taskinstance.py:1327} INFO - Executing <Task(BashOperator): thrid_task> on 2022-04-12 00:00:00+00:00
[2023-06-11T09:40:51.984+0000] {standard_task_runner.py:57} INFO - Started process 4006 to run task
[2023-06-11T09:40:52.319+0000] {standard_task_runner.py:84} INFO - Running: ['***', 'tasks', 'run', 'first_dag_02', 'thrid_task', 'scheduled__2022-04-12T00:00:00+00:00', '--job-id', '1237', '--raw', '--subdir', 'DAGS_FOLDER/First_dag.py', '--cfg-path', '/tmp/tmpkulc9vgh']
[2023-06-11T09:40:52.401+0000] {standard_task_runner.py:85} INFO - Job 1237: Subtask thrid_task
[2023-06-11T09:40:54.462+0000] {task_command.py:410} INFO - Running <TaskInstance: first_dag_02.thrid_task scheduled__2022-04-12T00:00:00+00:00 [running]> on host 964e508aad03
[2023-06-11T09:41:01.941+0000] {taskinstance.py:1547} INFO - Exporting env vars: AIRFLOW_CTX_DAG_OWNER='Raja' AIRFLOW_CTX_DAG_ID='first_dag_02' AIRFLOW_CTX_TASK_ID='thrid_task' AIRFLOW_CTX_EXECUTION_DATE='2022-04-12T00:00:00+00:00' AIRFLOW_CTX_TRY_NUMBER='1' AIRFLOW_CTX_DAG_RUN_ID='scheduled__2022-04-12T00:00:00+00:00'
[2023-06-11T09:41:01.987+0000] {subprocess.py:63} INFO - Tmp dir root location: 
 /tmp
[2023-06-11T09:41:02.047+0000] {subprocess.py:75} INFO - Running command: ['/bin/bash', '-c', 'echo hey, I am task3 and will be running after task1 at the same time as task2!']
[2023-06-11T09:41:02.267+0000] {subprocess.py:86} INFO - Output:
[2023-06-11T09:41:02.397+0000] {subprocess.py:93} INFO - hey, I am task3 and will be running after task1 at the same time as task2!
[2023-06-11T09:41:02.398+0000] {subprocess.py:97} INFO - Command exited with return code 0
[2023-06-11T09:41:04.429+0000] {taskinstance.py:1350} INFO - Marking task as SUCCESS. dag_id=first_dag_02, task_id=thrid_task, execution_date=20220412T000000, start_date=20230611T094049, end_date=20230611T094104
[2023-06-11T09:41:05.405+0000] {local_task_job_runner.py:225} INFO - Task exited with return code 0
[2023-06-11T09:41:06.282+0000] {taskinstance.py:2651} INFO - 0 downstream tasks scheduled from follow-on schedule check
[2023-06-11T15:28:52.281+0000] {taskinstance.py:1103} INFO - Dependencies all met for dep_context=non-requeueable deps ti=<TaskInstance: first_dag_02.thrid_task scheduled__2022-04-12T00:00:00+00:00 [queued]>
[2023-06-11T15:28:52.311+0000] {taskinstance.py:1103} INFO - Dependencies all met for dep_context=requeueable deps ti=<TaskInstance: first_dag_02.thrid_task scheduled__2022-04-12T00:00:00+00:00 [queued]>
[2023-06-11T15:28:52.312+0000] {taskinstance.py:1308} INFO - Starting attempt 1 of 6
[2023-06-11T15:28:52.407+0000] {taskinstance.py:1327} INFO - Executing <Task(BashOperator): thrid_task> on 2022-04-12 00:00:00+00:00
[2023-06-11T15:28:52.773+0000] {standard_task_runner.py:57} INFO - Started process 661 to run task
[2023-06-11T15:28:52.807+0000] {standard_task_runner.py:84} INFO - Running: ['***', 'tasks', 'run', 'first_dag_02', 'thrid_task', 'scheduled__2022-04-12T00:00:00+00:00', '--job-id', '1285', '--raw', '--subdir', 'DAGS_FOLDER/First_dag.py', '--cfg-path', '/tmp/tmp249g6rbc']
[2023-06-11T15:28:52.812+0000] {standard_task_runner.py:85} INFO - Job 1285: Subtask thrid_task
[2023-06-11T15:28:53.269+0000] {task_command.py:410} INFO - Running <TaskInstance: first_dag_02.thrid_task scheduled__2022-04-12T00:00:00+00:00 [running]> on host 7586ce0070ac
[2023-06-11T15:28:59.053+0000] {taskinstance.py:1547} INFO - Exporting env vars: AIRFLOW_CTX_DAG_OWNER='Raja' AIRFLOW_CTX_DAG_ID='first_dag_02' AIRFLOW_CTX_TASK_ID='thrid_task' AIRFLOW_CTX_EXECUTION_DATE='2022-04-12T00:00:00+00:00' AIRFLOW_CTX_TRY_NUMBER='1' AIRFLOW_CTX_DAG_RUN_ID='scheduled__2022-04-12T00:00:00+00:00'
[2023-06-11T15:28:59.169+0000] {subprocess.py:63} INFO - Tmp dir root location: 
 /tmp
[2023-06-11T15:28:59.233+0000] {subprocess.py:75} INFO - Running command: ['/bin/bash', '-c', 'echo hey, I am task3 and will be running after task1 at the same time as task2!']
[2023-06-11T15:28:59.468+0000] {subprocess.py:86} INFO - Output:
[2023-06-11T15:28:59.485+0000] {subprocess.py:93} INFO - hey, I am task3 and will be running after task1 at the same time as task2!
[2023-06-11T15:28:59.497+0000] {subprocess.py:97} INFO - Command exited with return code 0
[2023-06-11T15:28:59.922+0000] {taskinstance.py:1350} INFO - Marking task as SUCCESS. dag_id=first_dag_02, task_id=thrid_task, execution_date=20220412T000000, start_date=20230611T152852, end_date=20230611T152859
[2023-06-11T15:29:00.302+0000] {local_task_job_runner.py:225} INFO - Task exited with return code 0
[2023-06-11T15:29:01.154+0000] {taskinstance.py:2651} INFO - 0 downstream tasks scheduled from follow-on schedule check
