[2023-06-11T04:46:53.795+0000] {taskinstance.py:1103} INFO - Dependencies all met for dep_context=non-requeueable deps ti=<TaskInstance: first_dag_02.thrid_task scheduled__2021-08-25T00:00:00+00:00 [queued]>
[2023-06-11T04:46:54.319+0000] {taskinstance.py:1103} INFO - Dependencies all met for dep_context=requeueable deps ti=<TaskInstance: first_dag_02.thrid_task scheduled__2021-08-25T00:00:00+00:00 [queued]>
[2023-06-11T04:46:54.326+0000] {taskinstance.py:1308} INFO - Starting attempt 1 of 6
[2023-06-11T04:46:56.758+0000] {taskinstance.py:1327} INFO - Executing <Task(BashOperator): thrid_task> on 2021-08-25 00:00:00+00:00
[2023-06-11T04:46:57.026+0000] {standard_task_runner.py:57} INFO - Started process 457 to run task
[2023-06-11T04:46:57.163+0000] {standard_task_runner.py:84} INFO - Running: ['***', 'tasks', 'run', 'first_dag_02', 'thrid_task', 'scheduled__2021-08-25T00:00:00+00:00', '--job-id', '128', '--raw', '--subdir', 'DAGS_FOLDER/First_dag.py', '--cfg-path', '/tmp/tmpg83pwxlx']
[2023-06-11T04:46:57.165+0000] {standard_task_runner.py:85} INFO - Job 128: Subtask thrid_task
[2023-06-11T04:46:58.493+0000] {task_command.py:410} INFO - Running <TaskInstance: first_dag_02.thrid_task scheduled__2021-08-25T00:00:00+00:00 [running]> on host 4b1b5d40d165
[2023-06-11T04:47:03.434+0000] {taskinstance.py:1547} INFO - Exporting env vars: AIRFLOW_CTX_DAG_OWNER='Raja' AIRFLOW_CTX_DAG_ID='first_dag_02' AIRFLOW_CTX_TASK_ID='thrid_task' AIRFLOW_CTX_EXECUTION_DATE='2021-08-25T00:00:00+00:00' AIRFLOW_CTX_TRY_NUMBER='1' AIRFLOW_CTX_DAG_RUN_ID='scheduled__2021-08-25T00:00:00+00:00'
[2023-06-11T04:47:03.460+0000] {subprocess.py:63} INFO - Tmp dir root location: 
 /tmp
[2023-06-11T04:47:03.462+0000] {subprocess.py:75} INFO - Running command: ['/bin/bash', '-c', 'echo hey, I am task3 and will be running after task1 at the same time as task2!']
[2023-06-11T04:47:03.508+0000] {subprocess.py:86} INFO - Output:
[2023-06-11T04:47:03.739+0000] {subprocess.py:93} INFO - hey, I am task3 and will be running after task1 at the same time as task2!
[2023-06-11T04:47:03.793+0000] {subprocess.py:97} INFO - Command exited with return code 0
[2023-06-11T04:47:04.362+0000] {taskinstance.py:1350} INFO - Marking task as SUCCESS. dag_id=first_dag_02, task_id=thrid_task, execution_date=20210825T000000, start_date=20230611T044653, end_date=20230611T044704
[2023-06-11T04:47:06.340+0000] {local_task_job_runner.py:225} INFO - Task exited with return code 0
[2023-06-11T04:47:06.512+0000] {taskinstance.py:2651} INFO - 0 downstream tasks scheduled from follow-on schedule check
[2023-06-11T05:17:07.413+0000] {taskinstance.py:1103} INFO - Dependencies all met for dep_context=non-requeueable deps ti=<TaskInstance: first_dag_02.thrid_task scheduled__2021-08-25T00:00:00+00:00 [queued]>
[2023-06-11T05:17:07.569+0000] {taskinstance.py:1103} INFO - Dependencies all met for dep_context=requeueable deps ti=<TaskInstance: first_dag_02.thrid_task scheduled__2021-08-25T00:00:00+00:00 [queued]>
[2023-06-11T05:17:07.569+0000] {taskinstance.py:1308} INFO - Starting attempt 1 of 6
[2023-06-11T05:17:09.163+0000] {taskinstance.py:1327} INFO - Executing <Task(BashOperator): thrid_task> on 2021-08-25 00:00:00+00:00
[2023-06-11T05:17:09.176+0000] {standard_task_runner.py:57} INFO - Started process 459 to run task
[2023-06-11T05:17:09.192+0000] {standard_task_runner.py:84} INFO - Running: ['***', 'tasks', 'run', 'first_dag_02', 'thrid_task', 'scheduled__2021-08-25T00:00:00+00:00', '--job-id', '118', '--raw', '--subdir', 'DAGS_FOLDER/First_dag.py', '--cfg-path', '/tmp/tmpzqmd1btc']
[2023-06-11T05:17:09.193+0000] {standard_task_runner.py:85} INFO - Job 118: Subtask thrid_task
[2023-06-11T05:17:11.128+0000] {task_command.py:410} INFO - Running <TaskInstance: first_dag_02.thrid_task scheduled__2021-08-25T00:00:00+00:00 [running]> on host 69e374580eab
[2023-06-11T05:17:14.739+0000] {taskinstance.py:1547} INFO - Exporting env vars: AIRFLOW_CTX_DAG_OWNER='Raja' AIRFLOW_CTX_DAG_ID='first_dag_02' AIRFLOW_CTX_TASK_ID='thrid_task' AIRFLOW_CTX_EXECUTION_DATE='2021-08-25T00:00:00+00:00' AIRFLOW_CTX_TRY_NUMBER='1' AIRFLOW_CTX_DAG_RUN_ID='scheduled__2021-08-25T00:00:00+00:00'
[2023-06-11T05:17:14.755+0000] {subprocess.py:63} INFO - Tmp dir root location: 
 /tmp
[2023-06-11T05:17:14.758+0000] {subprocess.py:75} INFO - Running command: ['/bin/bash', '-c', 'echo hey, I am task3 and will be running after task1 at the same time as task2!']
[2023-06-11T05:17:14.801+0000] {subprocess.py:86} INFO - Output:
[2023-06-11T05:17:14.808+0000] {subprocess.py:93} INFO - hey, I am task3 and will be running after task1 at the same time as task2!
[2023-06-11T05:17:14.811+0000] {subprocess.py:97} INFO - Command exited with return code 0
[2023-06-11T05:17:15.171+0000] {taskinstance.py:1350} INFO - Marking task as SUCCESS. dag_id=first_dag_02, task_id=thrid_task, execution_date=20210825T000000, start_date=20230611T051707, end_date=20230611T051715
[2023-06-11T05:17:15.297+0000] {local_task_job_runner.py:225} INFO - Task exited with return code 0
[2023-06-11T05:17:17.033+0000] {taskinstance.py:2651} INFO - 0 downstream tasks scheduled from follow-on schedule check
[2023-06-11T08:20:51.215+0000] {taskinstance.py:1103} INFO - Dependencies all met for dep_context=non-requeueable deps ti=<TaskInstance: first_dag_02.thrid_task scheduled__2021-08-25T00:00:00+00:00 [queued]>
[2023-06-11T08:20:51.555+0000] {taskinstance.py:1103} INFO - Dependencies all met for dep_context=requeueable deps ti=<TaskInstance: first_dag_02.thrid_task scheduled__2021-08-25T00:00:00+00:00 [queued]>
[2023-06-11T08:20:51.557+0000] {taskinstance.py:1308} INFO - Starting attempt 1 of 6
[2023-06-11T08:20:53.853+0000] {taskinstance.py:1327} INFO - Executing <Task(BashOperator): thrid_task> on 2021-08-25 00:00:00+00:00
[2023-06-11T08:20:54.362+0000] {standard_task_runner.py:57} INFO - Started process 651 to run task
[2023-06-11T08:20:54.839+0000] {standard_task_runner.py:84} INFO - Running: ['***', 'tasks', 'run', 'first_dag_02', 'thrid_task', 'scheduled__2021-08-25T00:00:00+00:00', '--job-id', '211', '--raw', '--subdir', 'DAGS_FOLDER/First_dag.py', '--cfg-path', '/tmp/tmph0sw1w1j']
[2023-06-11T08:20:54.863+0000] {standard_task_runner.py:85} INFO - Job 211: Subtask thrid_task
[2023-06-11T08:20:56.734+0000] {task_command.py:410} INFO - Running <TaskInstance: first_dag_02.thrid_task scheduled__2021-08-25T00:00:00+00:00 [running]> on host 492037cdd057
[2023-06-11T08:21:05.436+0000] {taskinstance.py:1547} INFO - Exporting env vars: AIRFLOW_CTX_DAG_OWNER='Raja' AIRFLOW_CTX_DAG_ID='first_dag_02' AIRFLOW_CTX_TASK_ID='thrid_task' AIRFLOW_CTX_EXECUTION_DATE='2021-08-25T00:00:00+00:00' AIRFLOW_CTX_TRY_NUMBER='1' AIRFLOW_CTX_DAG_RUN_ID='scheduled__2021-08-25T00:00:00+00:00'
[2023-06-11T08:21:05.453+0000] {subprocess.py:63} INFO - Tmp dir root location: 
 /tmp
[2023-06-11T08:21:05.461+0000] {subprocess.py:75} INFO - Running command: ['/bin/bash', '-c', 'echo hey, I am task3 and will be running after task1 at the same time as task2!']
[2023-06-11T08:21:05.764+0000] {subprocess.py:86} INFO - Output:
[2023-06-11T08:21:05.834+0000] {subprocess.py:93} INFO - hey, I am task3 and will be running after task1 at the same time as task2!
[2023-06-11T08:21:05.844+0000] {subprocess.py:97} INFO - Command exited with return code 0
[2023-06-11T08:21:07.651+0000] {taskinstance.py:1350} INFO - Marking task as SUCCESS. dag_id=first_dag_02, task_id=thrid_task, execution_date=20210825T000000, start_date=20230611T082051, end_date=20230611T082107
[2023-06-11T08:21:08.676+0000] {local_task_job_runner.py:225} INFO - Task exited with return code 0
[2023-06-11T08:21:10.092+0000] {taskinstance.py:2651} INFO - 0 downstream tasks scheduled from follow-on schedule check
[2023-06-11T08:48:51.808+0000] {taskinstance.py:1103} INFO - Dependencies all met for dep_context=non-requeueable deps ti=<TaskInstance: first_dag_02.thrid_task scheduled__2021-08-25T00:00:00+00:00 [queued]>
[2023-06-11T08:48:51.890+0000] {taskinstance.py:1103} INFO - Dependencies all met for dep_context=requeueable deps ti=<TaskInstance: first_dag_02.thrid_task scheduled__2021-08-25T00:00:00+00:00 [queued]>
[2023-06-11T08:48:51.895+0000] {taskinstance.py:1308} INFO - Starting attempt 1 of 6
[2023-06-11T08:48:52.314+0000] {taskinstance.py:1327} INFO - Executing <Task(BashOperator): thrid_task> on 2021-08-25 00:00:00+00:00
[2023-06-11T08:48:52.437+0000] {standard_task_runner.py:57} INFO - Started process 533 to run task
[2023-06-11T08:48:52.516+0000] {standard_task_runner.py:84} INFO - Running: ['***', 'tasks', 'run', 'first_dag_02', 'thrid_task', 'scheduled__2021-08-25T00:00:00+00:00', '--job-id', '160', '--raw', '--subdir', 'DAGS_FOLDER/First_dag.py', '--cfg-path', '/tmp/tmpnwqg6f1s']
[2023-06-11T08:48:52.542+0000] {standard_task_runner.py:85} INFO - Job 160: Subtask thrid_task
[2023-06-11T08:48:52.875+0000] {task_command.py:410} INFO - Running <TaskInstance: first_dag_02.thrid_task scheduled__2021-08-25T00:00:00+00:00 [running]> on host 964e508aad03
[2023-06-11T08:48:54.344+0000] {taskinstance.py:1547} INFO - Exporting env vars: AIRFLOW_CTX_DAG_OWNER='Raja' AIRFLOW_CTX_DAG_ID='first_dag_02' AIRFLOW_CTX_TASK_ID='thrid_task' AIRFLOW_CTX_EXECUTION_DATE='2021-08-25T00:00:00+00:00' AIRFLOW_CTX_TRY_NUMBER='1' AIRFLOW_CTX_DAG_RUN_ID='scheduled__2021-08-25T00:00:00+00:00'
[2023-06-11T08:48:54.346+0000] {subprocess.py:63} INFO - Tmp dir root location: 
 /tmp
[2023-06-11T08:48:54.349+0000] {subprocess.py:75} INFO - Running command: ['/bin/bash', '-c', 'echo hey, I am task3 and will be running after task1 at the same time as task2!']
[2023-06-11T08:48:54.555+0000] {subprocess.py:86} INFO - Output:
[2023-06-11T08:48:54.597+0000] {subprocess.py:93} INFO - hey, I am task3 and will be running after task1 at the same time as task2!
[2023-06-11T08:48:54.610+0000] {subprocess.py:97} INFO - Command exited with return code 0
[2023-06-11T08:48:55.316+0000] {taskinstance.py:1350} INFO - Marking task as SUCCESS. dag_id=first_dag_02, task_id=thrid_task, execution_date=20210825T000000, start_date=20230611T084851, end_date=20230611T084855
[2023-06-11T08:48:55.684+0000] {local_task_job_runner.py:225} INFO - Task exited with return code 0
[2023-06-11T08:48:56.012+0000] {taskinstance.py:2651} INFO - 0 downstream tasks scheduled from follow-on schedule check
[2023-06-11T10:41:49.129+0000] {taskinstance.py:1103} INFO - Dependencies all met for dep_context=non-requeueable deps ti=<TaskInstance: first_dag_02.thrid_task scheduled__2021-08-25T00:00:00+00:00 [queued]>
[2023-06-11T10:41:50.267+0000] {taskinstance.py:1103} INFO - Dependencies all met for dep_context=requeueable deps ti=<TaskInstance: first_dag_02.thrid_task scheduled__2021-08-25T00:00:00+00:00 [queued]>
[2023-06-11T10:41:50.268+0000] {taskinstance.py:1308} INFO - Starting attempt 1 of 6
[2023-06-11T10:41:51.719+0000] {taskinstance.py:1327} INFO - Executing <Task(BashOperator): thrid_task> on 2021-08-25 00:00:00+00:00
[2023-06-11T10:41:52.234+0000] {standard_task_runner.py:84} INFO - Running: ['***', 'tasks', 'run', 'first_dag_02', 'thrid_task', 'scheduled__2021-08-25T00:00:00+00:00', '--job-id', '180', '--raw', '--subdir', 'DAGS_FOLDER/First_dag.py', '--cfg-path', '/tmp/tmpxh0a6swf']
[2023-06-11T10:41:52.245+0000] {standard_task_runner.py:85} INFO - Job 180: Subtask thrid_task
[2023-06-11T10:41:51.798+0000] {standard_task_runner.py:57} INFO - Started process 641 to run task
[2023-06-11T10:41:55.021+0000] {task_command.py:410} INFO - Running <TaskInstance: first_dag_02.thrid_task scheduled__2021-08-25T00:00:00+00:00 [running]> on host 7586ce0070ac
[2023-06-11T10:41:59.169+0000] {taskinstance.py:1547} INFO - Exporting env vars: AIRFLOW_CTX_DAG_OWNER='Raja' AIRFLOW_CTX_DAG_ID='first_dag_02' AIRFLOW_CTX_TASK_ID='thrid_task' AIRFLOW_CTX_EXECUTION_DATE='2021-08-25T00:00:00+00:00' AIRFLOW_CTX_TRY_NUMBER='1' AIRFLOW_CTX_DAG_RUN_ID='scheduled__2021-08-25T00:00:00+00:00'
[2023-06-11T10:41:59.390+0000] {subprocess.py:63} INFO - Tmp dir root location: 
 /tmp
[2023-06-11T10:41:59.734+0000] {subprocess.py:75} INFO - Running command: ['/bin/bash', '-c', 'echo hey, I am task3 and will be running after task1 at the same time as task2!']
[2023-06-11T10:42:00.662+0000] {subprocess.py:86} INFO - Output:
[2023-06-11T10:42:00.671+0000] {subprocess.py:93} INFO - hey, I am task3 and will be running after task1 at the same time as task2!
[2023-06-11T10:42:00.681+0000] {subprocess.py:97} INFO - Command exited with return code 0
[2023-06-11T10:42:02.109+0000] {taskinstance.py:1350} INFO - Marking task as SUCCESS. dag_id=first_dag_02, task_id=thrid_task, execution_date=20210825T000000, start_date=20230611T104149, end_date=20230611T104202
[2023-06-11T10:42:03.344+0000] {local_task_job_runner.py:225} INFO - Task exited with return code 0
[2023-06-11T10:42:03.612+0000] {taskinstance.py:2651} INFO - 0 downstream tasks scheduled from follow-on schedule check
