[2023-06-11T08:58:51.834+0000] {taskinstance.py:1103} INFO - Dependencies all met for dep_context=non-requeueable deps ti=<TaskInstance: first_dag_02.first_task scheduled__2022-02-02T00:00:00+00:00 [queued]>
[2023-06-11T08:58:51.989+0000] {taskinstance.py:1103} INFO - Dependencies all met for dep_context=requeueable deps ti=<TaskInstance: first_dag_02.first_task scheduled__2022-02-02T00:00:00+00:00 [queued]>
[2023-06-11T08:58:51.990+0000] {taskinstance.py:1308} INFO - Starting attempt 1 of 6
[2023-06-11T08:58:52.461+0000] {taskinstance.py:1327} INFO - Executing <Task(BashOperator): first_task> on 2022-02-02 00:00:00+00:00
[2023-06-11T08:58:52.539+0000] {standard_task_runner.py:57} INFO - Started process 2812 to run task
[2023-06-11T08:58:52.600+0000] {standard_task_runner.py:84} INFO - Running: ['***', 'tasks', 'run', 'first_dag_02', 'first_task', 'scheduled__2022-02-02T00:00:00+00:00', '--job-id', '875', '--raw', '--subdir', 'DAGS_FOLDER/First_dag.py', '--cfg-path', '/tmp/tmpapyhyg4k']
[2023-06-11T08:58:52.653+0000] {standard_task_runner.py:85} INFO - Job 875: Subtask first_task
[2023-06-11T08:58:53.352+0000] {task_command.py:410} INFO - Running <TaskInstance: first_dag_02.first_task scheduled__2022-02-02T00:00:00+00:00 [running]> on host 964e508aad03
[2023-06-11T08:58:55.255+0000] {taskinstance.py:1547} INFO - Exporting env vars: AIRFLOW_CTX_DAG_OWNER='Raja' AIRFLOW_CTX_DAG_ID='first_dag_02' AIRFLOW_CTX_TASK_ID='first_task' AIRFLOW_CTX_EXECUTION_DATE='2022-02-02T00:00:00+00:00' AIRFLOW_CTX_TRY_NUMBER='1' AIRFLOW_CTX_DAG_RUN_ID='scheduled__2022-02-02T00:00:00+00:00'
[2023-06-11T08:58:55.258+0000] {subprocess.py:63} INFO - Tmp dir root location: 
 /tmp
[2023-06-11T08:58:55.265+0000] {subprocess.py:75} INFO - Running command: ['/bin/bash', '-c', 'echo hello world, this is the first task!']
[2023-06-11T08:58:55.393+0000] {subprocess.py:86} INFO - Output:
[2023-06-11T08:58:55.455+0000] {subprocess.py:93} INFO - hello world, this is the first task!
[2023-06-11T08:58:55.471+0000] {subprocess.py:97} INFO - Command exited with return code 0
[2023-06-11T08:58:56.022+0000] {taskinstance.py:1350} INFO - Marking task as SUCCESS. dag_id=first_dag_02, task_id=first_task, execution_date=20220202T000000, start_date=20230611T085851, end_date=20230611T085856
[2023-06-11T08:58:56.505+0000] {local_task_job_runner.py:225} INFO - Task exited with return code 0
[2023-06-11T08:58:57.035+0000] {taskinstance.py:2651} INFO - 2 downstream tasks scheduled from follow-on schedule check
[2023-06-11T11:32:10.850+0000] {taskinstance.py:1103} INFO - Dependencies all met for dep_context=non-requeueable deps ti=<TaskInstance: first_dag_02.first_task scheduled__2022-02-02T00:00:00+00:00 [queued]>
[2023-06-11T11:32:11.278+0000] {taskinstance.py:1103} INFO - Dependencies all met for dep_context=requeueable deps ti=<TaskInstance: first_dag_02.first_task scheduled__2022-02-02T00:00:00+00:00 [queued]>
[2023-06-11T11:32:11.278+0000] {taskinstance.py:1308} INFO - Starting attempt 1 of 6
[2023-06-11T11:32:12.288+0000] {taskinstance.py:1327} INFO - Executing <Task(BashOperator): first_task> on 2022-02-02 00:00:00+00:00
[2023-06-11T11:32:12.447+0000] {standard_task_runner.py:57} INFO - Started process 394 to run task
[2023-06-11T11:32:12.534+0000] {standard_task_runner.py:84} INFO - Running: ['***', 'tasks', 'run', 'first_dag_02', 'first_task', 'scheduled__2022-02-02T00:00:00+00:00', '--job-id', '921', '--raw', '--subdir', 'DAGS_FOLDER/First_dag.py', '--cfg-path', '/tmp/tmp4q6a5lxn']
[2023-06-11T11:32:12.659+0000] {standard_task_runner.py:85} INFO - Job 921: Subtask first_task
[2023-06-11T11:32:14.709+0000] {task_command.py:410} INFO - Running <TaskInstance: first_dag_02.first_task scheduled__2022-02-02T00:00:00+00:00 [running]> on host 7586ce0070ac
[2023-06-11T11:32:20.587+0000] {taskinstance.py:1547} INFO - Exporting env vars: AIRFLOW_CTX_DAG_OWNER='Raja' AIRFLOW_CTX_DAG_ID='first_dag_02' AIRFLOW_CTX_TASK_ID='first_task' AIRFLOW_CTX_EXECUTION_DATE='2022-02-02T00:00:00+00:00' AIRFLOW_CTX_TRY_NUMBER='1' AIRFLOW_CTX_DAG_RUN_ID='scheduled__2022-02-02T00:00:00+00:00'
[2023-06-11T11:32:20.597+0000] {subprocess.py:63} INFO - Tmp dir root location: 
 /tmp
[2023-06-11T11:32:20.607+0000] {subprocess.py:75} INFO - Running command: ['/bin/bash', '-c', 'echo hello world, this is the first task!']
[2023-06-11T11:32:20.726+0000] {subprocess.py:86} INFO - Output:
[2023-06-11T11:32:20.742+0000] {subprocess.py:93} INFO - hello world, this is the first task!
[2023-06-11T11:32:20.760+0000] {subprocess.py:97} INFO - Command exited with return code 0
[2023-06-11T11:32:21.343+0000] {taskinstance.py:1350} INFO - Marking task as SUCCESS. dag_id=first_dag_02, task_id=first_task, execution_date=20220202T000000, start_date=20230611T113210, end_date=20230611T113221
[2023-06-11T11:32:21.927+0000] {local_task_job_runner.py:225} INFO - Task exited with return code 0
[2023-06-11T11:32:22.890+0000] {taskinstance.py:2651} INFO - 2 downstream tasks scheduled from follow-on schedule check
