[2023-06-11T08:59:35.623+0000] {taskinstance.py:1103} INFO - Dependencies all met for dep_context=non-requeueable deps ti=<TaskInstance: first_dag_02.second_task scheduled__2022-02-06T00:00:00+00:00 [queued]>
[2023-06-11T08:59:35.758+0000] {taskinstance.py:1103} INFO - Dependencies all met for dep_context=requeueable deps ti=<TaskInstance: first_dag_02.second_task scheduled__2022-02-06T00:00:00+00:00 [queued]>
[2023-06-11T08:59:35.759+0000] {taskinstance.py:1308} INFO - Starting attempt 1 of 6
[2023-06-11T08:59:36.062+0000] {taskinstance.py:1327} INFO - Executing <Task(BashOperator): second_task> on 2022-02-06 00:00:00+00:00
[2023-06-11T08:59:36.100+0000] {standard_task_runner.py:57} INFO - Started process 2988 to run task
[2023-06-11T08:59:36.142+0000] {standard_task_runner.py:84} INFO - Running: ['***', 'tasks', 'run', 'first_dag_02', 'second_task', 'scheduled__2022-02-06T00:00:00+00:00', '--job-id', '930', '--raw', '--subdir', 'DAGS_FOLDER/First_dag.py', '--cfg-path', '/tmp/tmpw3ogmakb']
[2023-06-11T08:59:36.143+0000] {standard_task_runner.py:85} INFO - Job 930: Subtask second_task
[2023-06-11T08:59:36.736+0000] {task_command.py:410} INFO - Running <TaskInstance: first_dag_02.second_task scheduled__2022-02-06T00:00:00+00:00 [running]> on host 964e508aad03
[2023-06-11T08:59:39.607+0000] {taskinstance.py:1547} INFO - Exporting env vars: AIRFLOW_CTX_DAG_OWNER='Raja' AIRFLOW_CTX_DAG_ID='first_dag_02' AIRFLOW_CTX_TASK_ID='second_task' AIRFLOW_CTX_EXECUTION_DATE='2022-02-06T00:00:00+00:00' AIRFLOW_CTX_TRY_NUMBER='1' AIRFLOW_CTX_DAG_RUN_ID='scheduled__2022-02-06T00:00:00+00:00'
[2023-06-11T08:59:39.637+0000] {subprocess.py:63} INFO - Tmp dir root location: 
 /tmp
[2023-06-11T08:59:39.648+0000] {subprocess.py:75} INFO - Running command: ['/bin/bash', '-c', 'echo hey, I am task2 and will be running after task1!']
[2023-06-11T08:59:39.863+0000] {subprocess.py:86} INFO - Output:
[2023-06-11T08:59:39.902+0000] {subprocess.py:93} INFO - hey, I am task2 and will be running after task1!
[2023-06-11T08:59:39.903+0000] {subprocess.py:97} INFO - Command exited with return code 0
[2023-06-11T08:59:40.539+0000] {taskinstance.py:1350} INFO - Marking task as SUCCESS. dag_id=first_dag_02, task_id=second_task, execution_date=20220206T000000, start_date=20230611T085935, end_date=20230611T085940
[2023-06-11T08:59:41.042+0000] {local_task_job_runner.py:225} INFO - Task exited with return code 0
[2023-06-11T08:59:41.626+0000] {taskinstance.py:2651} INFO - 0 downstream tasks scheduled from follow-on schedule check
[2023-06-11T11:33:02.736+0000] {taskinstance.py:1103} INFO - Dependencies all met for dep_context=non-requeueable deps ti=<TaskInstance: first_dag_02.second_task scheduled__2022-02-06T00:00:00+00:00 [queued]>
[2023-06-11T11:33:02.905+0000] {taskinstance.py:1103} INFO - Dependencies all met for dep_context=requeueable deps ti=<TaskInstance: first_dag_02.second_task scheduled__2022-02-06T00:00:00+00:00 [queued]>
[2023-06-11T11:33:02.907+0000] {taskinstance.py:1308} INFO - Starting attempt 1 of 6
[2023-06-11T11:33:03.357+0000] {taskinstance.py:1327} INFO - Executing <Task(BashOperator): second_task> on 2022-02-06 00:00:00+00:00
[2023-06-11T11:33:03.378+0000] {standard_task_runner.py:57} INFO - Started process 477 to run task
[2023-06-11T11:33:03.402+0000] {standard_task_runner.py:84} INFO - Running: ['***', 'tasks', 'run', 'first_dag_02', 'second_task', 'scheduled__2022-02-06T00:00:00+00:00', '--job-id', '948', '--raw', '--subdir', 'DAGS_FOLDER/First_dag.py', '--cfg-path', '/tmp/tmpqrrokpcd']
[2023-06-11T11:33:03.408+0000] {standard_task_runner.py:85} INFO - Job 948: Subtask second_task
[2023-06-11T11:33:04.061+0000] {task_command.py:410} INFO - Running <TaskInstance: first_dag_02.second_task scheduled__2022-02-06T00:00:00+00:00 [running]> on host 7586ce0070ac
[2023-06-11T11:33:06.177+0000] {taskinstance.py:1547} INFO - Exporting env vars: AIRFLOW_CTX_DAG_OWNER='Raja' AIRFLOW_CTX_DAG_ID='first_dag_02' AIRFLOW_CTX_TASK_ID='second_task' AIRFLOW_CTX_EXECUTION_DATE='2022-02-06T00:00:00+00:00' AIRFLOW_CTX_TRY_NUMBER='1' AIRFLOW_CTX_DAG_RUN_ID='scheduled__2022-02-06T00:00:00+00:00'
[2023-06-11T11:33:06.185+0000] {subprocess.py:63} INFO - Tmp dir root location: 
 /tmp
[2023-06-11T11:33:06.189+0000] {subprocess.py:75} INFO - Running command: ['/bin/bash', '-c', 'echo hey, I am task2 and will be running after task1!']
[2023-06-11T11:33:06.289+0000] {subprocess.py:86} INFO - Output:
[2023-06-11T11:33:06.310+0000] {subprocess.py:93} INFO - hey, I am task2 and will be running after task1!
[2023-06-11T11:33:06.352+0000] {subprocess.py:97} INFO - Command exited with return code 0
[2023-06-11T11:33:07.039+0000] {taskinstance.py:1350} INFO - Marking task as SUCCESS. dag_id=first_dag_02, task_id=second_task, execution_date=20220206T000000, start_date=20230611T113302, end_date=20230611T113307
[2023-06-11T11:33:07.723+0000] {local_task_job_runner.py:225} INFO - Task exited with return code 0
[2023-06-11T11:33:08.319+0000] {taskinstance.py:2651} INFO - 0 downstream tasks scheduled from follow-on schedule check
