[2023-06-11T05:18:29.475+0000] {taskinstance.py:1103} INFO - Dependencies all met for dep_context=non-requeueable deps ti=<TaskInstance: dag_catchip_01.task1 scheduled__2023-04-19T00:00:00+00:00 [queued]>
[2023-06-11T05:18:30.303+0000] {taskinstance.py:1103} INFO - Dependencies all met for dep_context=requeueable deps ti=<TaskInstance: dag_catchip_01.task1 scheduled__2023-04-19T00:00:00+00:00 [queued]>
[2023-06-11T05:18:30.304+0000] {taskinstance.py:1308} INFO - Starting attempt 1 of 6
[2023-06-11T05:18:32.253+0000] {taskinstance.py:1327} INFO - Executing <Task(BashOperator): task1> on 2023-04-19 00:00:00+00:00
[2023-06-11T05:18:32.656+0000] {standard_task_runner.py:57} INFO - Started process 569 to run task
[2023-06-11T05:18:32.887+0000] {standard_task_runner.py:84} INFO - Running: ['***', 'tasks', 'run', 'dag_catchip_01', 'task1', 'scheduled__2023-04-19T00:00:00+00:00', '--job-id', '149', '--raw', '--subdir', 'DAGS_FOLDER/dag_catchup.py', '--cfg-path', '/tmp/tmpu3qm9o4l']
[2023-06-11T05:18:32.888+0000] {standard_task_runner.py:85} INFO - Job 149: Subtask task1
[2023-06-11T05:18:36.960+0000] {task_command.py:410} INFO - Running <TaskInstance: dag_catchip_01.task1 scheduled__2023-04-19T00:00:00+00:00 [running]> on host 69e374580eab
[2023-06-11T05:18:45.732+0000] {taskinstance.py:1547} INFO - Exporting env vars: AIRFLOW_CTX_DAG_OWNER='Raja' AIRFLOW_CTX_DAG_ID='dag_catchip_01' AIRFLOW_CTX_TASK_ID='task1' AIRFLOW_CTX_EXECUTION_DATE='2023-04-19T00:00:00+00:00' AIRFLOW_CTX_TRY_NUMBER='1' AIRFLOW_CTX_DAG_RUN_ID='scheduled__2023-04-19T00:00:00+00:00'
[2023-06-11T05:18:45.756+0000] {subprocess.py:63} INFO - Tmp dir root location: 
 /tmp
[2023-06-11T05:18:45.851+0000] {subprocess.py:75} INFO - Running command: ['/bin/bash', '-c', 'echo Hai how are you']
[2023-06-11T05:18:46.910+0000] {subprocess.py:86} INFO - Output:
[2023-06-11T05:18:46.920+0000] {subprocess.py:93} INFO - Hai how are you
[2023-06-11T05:18:46.921+0000] {subprocess.py:97} INFO - Command exited with return code 0
[2023-06-11T05:18:48.110+0000] {taskinstance.py:1350} INFO - Marking task as SUCCESS. dag_id=dag_catchip_01, task_id=task1, execution_date=20230419T000000, start_date=20230611T051829, end_date=20230611T051848
[2023-06-11T05:18:49.804+0000] {local_task_job_runner.py:225} INFO - Task exited with return code 0
[2023-06-11T05:18:50.030+0000] {taskinstance.py:2651} INFO - 0 downstream tasks scheduled from follow-on schedule check
[2023-06-11T08:14:44.488+0000] {taskinstance.py:1103} INFO - Dependencies all met for dep_context=non-requeueable deps ti=<TaskInstance: dag_catchip_01.task1 scheduled__2023-04-19T00:00:00+00:00 [queued]>
[2023-06-11T08:14:45.277+0000] {taskinstance.py:1103} INFO - Dependencies all met for dep_context=requeueable deps ti=<TaskInstance: dag_catchip_01.task1 scheduled__2023-04-19T00:00:00+00:00 [queued]>
[2023-06-11T08:14:45.314+0000] {taskinstance.py:1308} INFO - Starting attempt 1 of 6
[2023-06-11T08:14:46.822+0000] {taskinstance.py:1327} INFO - Executing <Task(BashOperator): task1> on 2023-04-19 00:00:00+00:00
[2023-06-11T08:14:46.929+0000] {standard_task_runner.py:57} INFO - Started process 146 to run task
[2023-06-11T08:14:47.478+0000] {standard_task_runner.py:84} INFO - Running: ['***', 'tasks', 'run', 'dag_catchip_01', 'task1', 'scheduled__2023-04-19T00:00:00+00:00', '--job-id', '63', '--raw', '--subdir', 'DAGS_FOLDER/dag_catchup.py', '--cfg-path', '/tmp/tmpntlrwtcv']
[2023-06-11T08:14:47.479+0000] {standard_task_runner.py:85} INFO - Job 63: Subtask task1
[2023-06-11T08:14:50.160+0000] {task_command.py:410} INFO - Running <TaskInstance: dag_catchip_01.task1 scheduled__2023-04-19T00:00:00+00:00 [running]> on host 492037cdd057
[2023-06-11T08:14:57.334+0000] {taskinstance.py:1547} INFO - Exporting env vars: AIRFLOW_CTX_DAG_OWNER='Raja' AIRFLOW_CTX_DAG_ID='dag_catchip_01' AIRFLOW_CTX_TASK_ID='task1' AIRFLOW_CTX_EXECUTION_DATE='2023-04-19T00:00:00+00:00' AIRFLOW_CTX_TRY_NUMBER='1' AIRFLOW_CTX_DAG_RUN_ID='scheduled__2023-04-19T00:00:00+00:00'
[2023-06-11T08:14:57.340+0000] {subprocess.py:63} INFO - Tmp dir root location: 
 /tmp
[2023-06-11T08:14:57.360+0000] {subprocess.py:75} INFO - Running command: ['/bin/bash', '-c', 'echo Hai how are you']
[2023-06-11T08:14:58.051+0000] {subprocess.py:86} INFO - Output:
[2023-06-11T08:14:58.064+0000] {subprocess.py:93} INFO - Hai how are you
[2023-06-11T08:14:58.065+0000] {subprocess.py:97} INFO - Command exited with return code 0
[2023-06-11T08:14:59.964+0000] {taskinstance.py:1350} INFO - Marking task as SUCCESS. dag_id=dag_catchip_01, task_id=task1, execution_date=20230419T000000, start_date=20230611T081444, end_date=20230611T081459
[2023-06-11T08:15:01.491+0000] {local_task_job_runner.py:225} INFO - Task exited with return code 0
[2023-06-11T08:15:03.367+0000] {taskinstance.py:2651} INFO - 0 downstream tasks scheduled from follow-on schedule check
