[2023-06-11T09:01:42.324+0000] {taskinstance.py:1103} INFO - Dependencies all met for dep_context=non-requeueable deps ti=<TaskInstance: first_dag_02.thrid_task scheduled__2022-02-27T00:00:00+00:00 [queued]>
[2023-06-11T09:01:42.445+0000] {taskinstance.py:1103} INFO - Dependencies all met for dep_context=requeueable deps ti=<TaskInstance: first_dag_02.thrid_task scheduled__2022-02-27T00:00:00+00:00 [queued]>
[2023-06-11T09:01:42.445+0000] {taskinstance.py:1308} INFO - Starting attempt 1 of 6
[2023-06-11T09:01:43.442+0000] {taskinstance.py:1327} INFO - Executing <Task(BashOperator): thrid_task> on 2022-02-27 00:00:00+00:00
[2023-06-11T09:01:43.519+0000] {standard_task_runner.py:57} INFO - Started process 3363 to run task
[2023-06-11T09:01:43.556+0000] {standard_task_runner.py:84} INFO - Running: ['***', 'tasks', 'run', 'first_dag_02', 'thrid_task', 'scheduled__2022-02-27T00:00:00+00:00', '--job-id', '1047', '--raw', '--subdir', 'DAGS_FOLDER/First_dag.py', '--cfg-path', '/tmp/tmp8d9twlx9']
[2023-06-11T09:01:43.563+0000] {standard_task_runner.py:85} INFO - Job 1047: Subtask thrid_task
[2023-06-11T09:01:43.950+0000] {task_command.py:410} INFO - Running <TaskInstance: first_dag_02.thrid_task scheduled__2022-02-27T00:00:00+00:00 [running]> on host 964e508aad03
[2023-06-11T09:01:45.913+0000] {taskinstance.py:1547} INFO - Exporting env vars: AIRFLOW_CTX_DAG_OWNER='Raja' AIRFLOW_CTX_DAG_ID='first_dag_02' AIRFLOW_CTX_TASK_ID='thrid_task' AIRFLOW_CTX_EXECUTION_DATE='2022-02-27T00:00:00+00:00' AIRFLOW_CTX_TRY_NUMBER='1' AIRFLOW_CTX_DAG_RUN_ID='scheduled__2022-02-27T00:00:00+00:00'
[2023-06-11T09:01:45.915+0000] {subprocess.py:63} INFO - Tmp dir root location: 
 /tmp
[2023-06-11T09:01:45.925+0000] {subprocess.py:75} INFO - Running command: ['/bin/bash', '-c', 'echo hey, I am task3 and will be running after task1 at the same time as task2!']
[2023-06-11T09:01:46.032+0000] {subprocess.py:86} INFO - Output:
[2023-06-11T09:01:46.035+0000] {subprocess.py:93} INFO - hey, I am task3 and will be running after task1 at the same time as task2!
[2023-06-11T09:01:46.035+0000] {subprocess.py:97} INFO - Command exited with return code 0
[2023-06-11T09:01:46.251+0000] {taskinstance.py:1350} INFO - Marking task as SUCCESS. dag_id=first_dag_02, task_id=thrid_task, execution_date=20220227T000000, start_date=20230611T090142, end_date=20230611T090146
[2023-06-11T09:01:46.392+0000] {local_task_job_runner.py:225} INFO - Task exited with return code 0
[2023-06-11T09:01:46.668+0000] {taskinstance.py:2651} INFO - 0 downstream tasks scheduled from follow-on schedule check
[2023-06-11T11:36:18.384+0000] {taskinstance.py:1103} INFO - Dependencies all met for dep_context=non-requeueable deps ti=<TaskInstance: first_dag_02.thrid_task scheduled__2022-02-27T00:00:00+00:00 [queued]>
[2023-06-11T11:36:19.092+0000] {taskinstance.py:1103} INFO - Dependencies all met for dep_context=requeueable deps ti=<TaskInstance: first_dag_02.thrid_task scheduled__2022-02-27T00:00:00+00:00 [queued]>
[2023-06-11T11:36:19.125+0000] {taskinstance.py:1308} INFO - Starting attempt 1 of 6
[2023-06-11T11:36:20.433+0000] {taskinstance.py:1327} INFO - Executing <Task(BashOperator): thrid_task> on 2022-02-27 00:00:00+00:00
[2023-06-11T11:36:20.703+0000] {standard_task_runner.py:57} INFO - Started process 791 to run task
[2023-06-11T11:36:20.821+0000] {standard_task_runner.py:84} INFO - Running: ['***', 'tasks', 'run', 'first_dag_02', 'thrid_task', 'scheduled__2022-02-27T00:00:00+00:00', '--job-id', '1037', '--raw', '--subdir', 'DAGS_FOLDER/First_dag.py', '--cfg-path', '/tmp/tmpn4ekjfd2']
[2023-06-11T11:36:20.934+0000] {standard_task_runner.py:85} INFO - Job 1037: Subtask thrid_task
[2023-06-11T11:36:22.537+0000] {task_command.py:410} INFO - Running <TaskInstance: first_dag_02.thrid_task scheduled__2022-02-27T00:00:00+00:00 [running]> on host 7586ce0070ac
[2023-06-11T11:36:34.722+0000] {taskinstance.py:1547} INFO - Exporting env vars: AIRFLOW_CTX_DAG_OWNER='Raja' AIRFLOW_CTX_DAG_ID='first_dag_02' AIRFLOW_CTX_TASK_ID='thrid_task' AIRFLOW_CTX_EXECUTION_DATE='2022-02-27T00:00:00+00:00' AIRFLOW_CTX_TRY_NUMBER='1' AIRFLOW_CTX_DAG_RUN_ID='scheduled__2022-02-27T00:00:00+00:00'
[2023-06-11T11:36:35.079+0000] {subprocess.py:63} INFO - Tmp dir root location: 
 /tmp
[2023-06-11T11:36:35.080+0000] {subprocess.py:75} INFO - Running command: ['/bin/bash', '-c', 'echo hey, I am task3 and will be running after task1 at the same time as task2!']
[2023-06-11T11:36:35.105+0000] {subprocess.py:86} INFO - Output:
[2023-06-11T11:36:35.265+0000] {subprocess.py:93} INFO - hey, I am task3 and will be running after task1 at the same time as task2!
[2023-06-11T11:36:35.269+0000] {subprocess.py:97} INFO - Command exited with return code 0
[2023-06-11T11:36:36.463+0000] {taskinstance.py:1350} INFO - Marking task as SUCCESS. dag_id=first_dag_02, task_id=thrid_task, execution_date=20220227T000000, start_date=20230611T113618, end_date=20230611T113636
[2023-06-11T11:36:36.936+0000] {local_task_job_runner.py:225} INFO - Task exited with return code 0
[2023-06-11T11:36:38.914+0000] {taskinstance.py:2651} INFO - 0 downstream tasks scheduled from follow-on schedule check
