[2023-06-11T09:45:23.859+0000] {taskinstance.py:1103} INFO - Dependencies all met for dep_context=non-requeueable deps ti=<TaskInstance: first_dag_02.thrid_task scheduled__2022-05-24T00:00:00+00:00 [queued]>
[2023-06-11T09:45:23.993+0000] {taskinstance.py:1103} INFO - Dependencies all met for dep_context=requeueable deps ti=<TaskInstance: first_dag_02.thrid_task scheduled__2022-05-24T00:00:00+00:00 [queued]>
[2023-06-11T09:45:24.000+0000] {taskinstance.py:1308} INFO - Starting attempt 1 of 6
[2023-06-11T09:45:24.855+0000] {taskinstance.py:1327} INFO - Executing <Task(BashOperator): thrid_task> on 2022-05-24 00:00:00+00:00
[2023-06-11T09:45:24.980+0000] {standard_task_runner.py:57} INFO - Started process 4680 to run task
[2023-06-11T09:45:25.037+0000] {standard_task_runner.py:84} INFO - Running: ['***', 'tasks', 'run', 'first_dag_02', 'thrid_task', 'scheduled__2022-05-24T00:00:00+00:00', '--job-id', '1435', '--raw', '--subdir', 'DAGS_FOLDER/First_dag.py', '--cfg-path', '/tmp/tmpauqd55ug']
[2023-06-11T09:45:25.038+0000] {standard_task_runner.py:85} INFO - Job 1435: Subtask thrid_task
[2023-06-11T09:45:26.076+0000] {task_command.py:410} INFO - Running <TaskInstance: first_dag_02.thrid_task scheduled__2022-05-24T00:00:00+00:00 [running]> on host 964e508aad03
[2023-06-11T09:45:28.300+0000] {taskinstance.py:1547} INFO - Exporting env vars: AIRFLOW_CTX_DAG_OWNER='Raja' AIRFLOW_CTX_DAG_ID='first_dag_02' AIRFLOW_CTX_TASK_ID='thrid_task' AIRFLOW_CTX_EXECUTION_DATE='2022-05-24T00:00:00+00:00' AIRFLOW_CTX_TRY_NUMBER='1' AIRFLOW_CTX_DAG_RUN_ID='scheduled__2022-05-24T00:00:00+00:00'
[2023-06-11T09:45:28.303+0000] {subprocess.py:63} INFO - Tmp dir root location: 
 /tmp
[2023-06-11T09:45:28.304+0000] {subprocess.py:75} INFO - Running command: ['/bin/bash', '-c', 'echo hey, I am task3 and will be running after task1 at the same time as task2!']
[2023-06-11T09:45:28.336+0000] {subprocess.py:86} INFO - Output:
[2023-06-11T09:45:28.339+0000] {subprocess.py:93} INFO - hey, I am task3 and will be running after task1 at the same time as task2!
[2023-06-11T09:45:28.339+0000] {subprocess.py:97} INFO - Command exited with return code 0
[2023-06-11T09:45:28.458+0000] {taskinstance.py:1350} INFO - Marking task as SUCCESS. dag_id=first_dag_02, task_id=thrid_task, execution_date=20220524T000000, start_date=20230611T094523, end_date=20230611T094528
[2023-06-11T09:45:28.640+0000] {local_task_job_runner.py:225} INFO - Task exited with return code 0
[2023-06-11T09:45:28.945+0000] {taskinstance.py:2651} INFO - 0 downstream tasks scheduled from follow-on schedule check
[2023-06-11T15:32:24.808+0000] {taskinstance.py:1103} INFO - Dependencies all met for dep_context=non-requeueable deps ti=<TaskInstance: first_dag_02.thrid_task scheduled__2022-05-24T00:00:00+00:00 [queued]>
[2023-06-11T15:32:24.833+0000] {taskinstance.py:1103} INFO - Dependencies all met for dep_context=requeueable deps ti=<TaskInstance: first_dag_02.thrid_task scheduled__2022-05-24T00:00:00+00:00 [queued]>
[2023-06-11T15:32:24.833+0000] {taskinstance.py:1308} INFO - Starting attempt 1 of 6
[2023-06-11T15:32:24.969+0000] {taskinstance.py:1327} INFO - Executing <Task(BashOperator): thrid_task> on 2022-05-24 00:00:00+00:00
[2023-06-11T15:32:25.080+0000] {standard_task_runner.py:57} INFO - Started process 1306 to run task
[2023-06-11T15:32:25.187+0000] {standard_task_runner.py:84} INFO - Running: ['***', 'tasks', 'run', 'first_dag_02', 'thrid_task', 'scheduled__2022-05-24T00:00:00+00:00', '--job-id', '1489', '--raw', '--subdir', 'DAGS_FOLDER/First_dag.py', '--cfg-path', '/tmp/tmp2kegbg28']
[2023-06-11T15:32:25.232+0000] {standard_task_runner.py:85} INFO - Job 1489: Subtask thrid_task
[2023-06-11T15:32:26.150+0000] {task_command.py:410} INFO - Running <TaskInstance: first_dag_02.thrid_task scheduled__2022-05-24T00:00:00+00:00 [running]> on host 7586ce0070ac
[2023-06-11T15:32:28.177+0000] {taskinstance.py:1547} INFO - Exporting env vars: AIRFLOW_CTX_DAG_OWNER='Raja' AIRFLOW_CTX_DAG_ID='first_dag_02' AIRFLOW_CTX_TASK_ID='thrid_task' AIRFLOW_CTX_EXECUTION_DATE='2022-05-24T00:00:00+00:00' AIRFLOW_CTX_TRY_NUMBER='1' AIRFLOW_CTX_DAG_RUN_ID='scheduled__2022-05-24T00:00:00+00:00'
[2023-06-11T15:32:28.232+0000] {subprocess.py:63} INFO - Tmp dir root location: 
 /tmp
[2023-06-11T15:32:28.233+0000] {subprocess.py:75} INFO - Running command: ['/bin/bash', '-c', 'echo hey, I am task3 and will be running after task1 at the same time as task2!']
[2023-06-11T15:32:28.413+0000] {subprocess.py:86} INFO - Output:
[2023-06-11T15:32:28.436+0000] {subprocess.py:93} INFO - hey, I am task3 and will be running after task1 at the same time as task2!
[2023-06-11T15:32:28.457+0000] {subprocess.py:97} INFO - Command exited with return code 0
[2023-06-11T15:32:28.990+0000] {taskinstance.py:1350} INFO - Marking task as SUCCESS. dag_id=first_dag_02, task_id=thrid_task, execution_date=20220524T000000, start_date=20230611T153224, end_date=20230611T153228
[2023-06-11T15:32:29.350+0000] {local_task_job_runner.py:225} INFO - Task exited with return code 0
[2023-06-11T15:32:29.904+0000] {taskinstance.py:2651} INFO - 0 downstream tasks scheduled from follow-on schedule check
