[2023-06-11T09:45:34.387+0000] {taskinstance.py:1103} INFO - Dependencies all met for dep_context=non-requeueable deps ti=<TaskInstance: first_dag_02.thrid_task scheduled__2022-05-26T00:00:00+00:00 [queued]>
[2023-06-11T09:45:34.568+0000] {taskinstance.py:1103} INFO - Dependencies all met for dep_context=requeueable deps ti=<TaskInstance: first_dag_02.thrid_task scheduled__2022-05-26T00:00:00+00:00 [queued]>
[2023-06-11T09:45:34.570+0000] {taskinstance.py:1308} INFO - Starting attempt 1 of 6
[2023-06-11T09:45:34.760+0000] {taskinstance.py:1327} INFO - Executing <Task(BashOperator): thrid_task> on 2022-05-26 00:00:00+00:00
[2023-06-11T09:45:34.790+0000] {standard_task_runner.py:57} INFO - Started process 4718 to run task
[2023-06-11T09:45:34.822+0000] {standard_task_runner.py:84} INFO - Running: ['***', 'tasks', 'run', 'first_dag_02', 'thrid_task', 'scheduled__2022-05-26T00:00:00+00:00', '--job-id', '1446', '--raw', '--subdir', 'DAGS_FOLDER/First_dag.py', '--cfg-path', '/tmp/tmpyfhtto88']
[2023-06-11T09:45:34.838+0000] {standard_task_runner.py:85} INFO - Job 1446: Subtask thrid_task
[2023-06-11T09:45:35.506+0000] {task_command.py:410} INFO - Running <TaskInstance: first_dag_02.thrid_task scheduled__2022-05-26T00:00:00+00:00 [running]> on host 964e508aad03
[2023-06-11T09:45:37.808+0000] {taskinstance.py:1547} INFO - Exporting env vars: AIRFLOW_CTX_DAG_OWNER='Raja' AIRFLOW_CTX_DAG_ID='first_dag_02' AIRFLOW_CTX_TASK_ID='thrid_task' AIRFLOW_CTX_EXECUTION_DATE='2022-05-26T00:00:00+00:00' AIRFLOW_CTX_TRY_NUMBER='1' AIRFLOW_CTX_DAG_RUN_ID='scheduled__2022-05-26T00:00:00+00:00'
[2023-06-11T09:45:37.811+0000] {subprocess.py:63} INFO - Tmp dir root location: 
 /tmp
[2023-06-11T09:45:37.811+0000] {subprocess.py:75} INFO - Running command: ['/bin/bash', '-c', 'echo hey, I am task3 and will be running after task1 at the same time as task2!']
[2023-06-11T09:45:37.969+0000] {subprocess.py:86} INFO - Output:
[2023-06-11T09:45:37.981+0000] {subprocess.py:93} INFO - hey, I am task3 and will be running after task1 at the same time as task2!
[2023-06-11T09:45:37.981+0000] {subprocess.py:97} INFO - Command exited with return code 0
[2023-06-11T09:45:38.718+0000] {taskinstance.py:1350} INFO - Marking task as SUCCESS. dag_id=first_dag_02, task_id=thrid_task, execution_date=20220526T000000, start_date=20230611T094534, end_date=20230611T094538
[2023-06-11T09:45:39.098+0000] {local_task_job_runner.py:225} INFO - Task exited with return code 0
[2023-06-11T09:45:39.530+0000] {taskinstance.py:2651} INFO - 0 downstream tasks scheduled from follow-on schedule check
[2023-06-11T15:32:32.816+0000] {taskinstance.py:1103} INFO - Dependencies all met for dep_context=non-requeueable deps ti=<TaskInstance: first_dag_02.thrid_task scheduled__2022-05-26T00:00:00+00:00 [queued]>
[2023-06-11T15:32:32.959+0000] {taskinstance.py:1103} INFO - Dependencies all met for dep_context=requeueable deps ti=<TaskInstance: first_dag_02.thrid_task scheduled__2022-05-26T00:00:00+00:00 [queued]>
[2023-06-11T15:32:32.961+0000] {taskinstance.py:1308} INFO - Starting attempt 1 of 6
[2023-06-11T15:32:33.445+0000] {taskinstance.py:1327} INFO - Executing <Task(BashOperator): thrid_task> on 2022-05-26 00:00:00+00:00
[2023-06-11T15:32:33.499+0000] {standard_task_runner.py:57} INFO - Started process 1335 to run task
[2023-06-11T15:32:33.511+0000] {standard_task_runner.py:84} INFO - Running: ['***', 'tasks', 'run', 'first_dag_02', 'thrid_task', 'scheduled__2022-05-26T00:00:00+00:00', '--job-id', '1493', '--raw', '--subdir', 'DAGS_FOLDER/First_dag.py', '--cfg-path', '/tmp/tmpbkumyjuo']
[2023-06-11T15:32:33.538+0000] {standard_task_runner.py:85} INFO - Job 1493: Subtask thrid_task
[2023-06-11T15:32:34.075+0000] {task_command.py:410} INFO - Running <TaskInstance: first_dag_02.thrid_task scheduled__2022-05-26T00:00:00+00:00 [running]> on host 7586ce0070ac
[2023-06-11T15:32:35.600+0000] {taskinstance.py:1547} INFO - Exporting env vars: AIRFLOW_CTX_DAG_OWNER='Raja' AIRFLOW_CTX_DAG_ID='first_dag_02' AIRFLOW_CTX_TASK_ID='thrid_task' AIRFLOW_CTX_EXECUTION_DATE='2022-05-26T00:00:00+00:00' AIRFLOW_CTX_TRY_NUMBER='1' AIRFLOW_CTX_DAG_RUN_ID='scheduled__2022-05-26T00:00:00+00:00'
[2023-06-11T15:32:35.638+0000] {subprocess.py:63} INFO - Tmp dir root location: 
 /tmp
[2023-06-11T15:32:35.639+0000] {subprocess.py:75} INFO - Running command: ['/bin/bash', '-c', 'echo hey, I am task3 and will be running after task1 at the same time as task2!']
[2023-06-11T15:32:35.944+0000] {subprocess.py:86} INFO - Output:
[2023-06-11T15:32:35.947+0000] {subprocess.py:93} INFO - hey, I am task3 and will be running after task1 at the same time as task2!
[2023-06-11T15:32:36.004+0000] {subprocess.py:97} INFO - Command exited with return code 0
[2023-06-11T15:32:36.672+0000] {taskinstance.py:1350} INFO - Marking task as SUCCESS. dag_id=first_dag_02, task_id=thrid_task, execution_date=20220526T000000, start_date=20230611T153232, end_date=20230611T153236
[2023-06-11T15:32:36.855+0000] {local_task_job_runner.py:225} INFO - Task exited with return code 0
[2023-06-11T15:32:37.234+0000] {taskinstance.py:2651} INFO - 0 downstream tasks scheduled from follow-on schedule check
