[2023-06-11T08:57:32.734+0000] {taskinstance.py:1103} INFO - Dependencies all met for dep_context=non-requeueable deps ti=<TaskInstance: first_dag_02.first_task scheduled__2022-01-10T00:00:00+00:00 [queued]>
[2023-06-11T08:57:33.069+0000] {taskinstance.py:1103} INFO - Dependencies all met for dep_context=requeueable deps ti=<TaskInstance: first_dag_02.first_task scheduled__2022-01-10T00:00:00+00:00 [queued]>
[2023-06-11T08:57:33.084+0000] {taskinstance.py:1308} INFO - Starting attempt 1 of 6
[2023-06-11T08:57:33.561+0000] {taskinstance.py:1327} INFO - Executing <Task(BashOperator): first_task> on 2022-01-10 00:00:00+00:00
[2023-06-11T08:57:33.627+0000] {standard_task_runner.py:84} INFO - Running: ['***', 'tasks', 'run', 'first_dag_02', 'first_task', 'scheduled__2022-01-10T00:00:00+00:00', '--job-id', '780', '--raw', '--subdir', 'DAGS_FOLDER/First_dag.py', '--cfg-path', '/tmp/tmp5lnbi3vd']
[2023-06-11T08:57:33.631+0000] {standard_task_runner.py:85} INFO - Job 780: Subtask first_task
[2023-06-11T08:57:33.600+0000] {standard_task_runner.py:57} INFO - Started process 2509 to run task
[2023-06-11T08:57:34.047+0000] {task_command.py:410} INFO - Running <TaskInstance: first_dag_02.first_task scheduled__2022-01-10T00:00:00+00:00 [running]> on host 964e508aad03
[2023-06-11T08:57:35.893+0000] {taskinstance.py:1547} INFO - Exporting env vars: AIRFLOW_CTX_DAG_OWNER='Raja' AIRFLOW_CTX_DAG_ID='first_dag_02' AIRFLOW_CTX_TASK_ID='first_task' AIRFLOW_CTX_EXECUTION_DATE='2022-01-10T00:00:00+00:00' AIRFLOW_CTX_TRY_NUMBER='1' AIRFLOW_CTX_DAG_RUN_ID='scheduled__2022-01-10T00:00:00+00:00'
[2023-06-11T08:57:35.894+0000] {subprocess.py:63} INFO - Tmp dir root location: 
 /tmp
[2023-06-11T08:57:35.895+0000] {subprocess.py:75} INFO - Running command: ['/bin/bash', '-c', 'echo hello world, this is the first task!']
[2023-06-11T08:57:36.062+0000] {subprocess.py:86} INFO - Output:
[2023-06-11T08:57:36.109+0000] {subprocess.py:93} INFO - hello world, this is the first task!
[2023-06-11T08:57:36.110+0000] {subprocess.py:97} INFO - Command exited with return code 0
[2023-06-11T08:57:36.596+0000] {taskinstance.py:1350} INFO - Marking task as SUCCESS. dag_id=first_dag_02, task_id=first_task, execution_date=20220110T000000, start_date=20230611T085732, end_date=20230611T085736
[2023-06-11T08:57:37.309+0000] {local_task_job_runner.py:225} INFO - Task exited with return code 0
[2023-06-11T08:57:37.817+0000] {taskinstance.py:2651} INFO - 2 downstream tasks scheduled from follow-on schedule check
[2023-06-11T11:28:35.714+0000] {taskinstance.py:1103} INFO - Dependencies all met for dep_context=non-requeueable deps ti=<TaskInstance: first_dag_02.first_task scheduled__2022-01-10T00:00:00+00:00 [queued]>
[2023-06-11T11:28:35.779+0000] {taskinstance.py:1103} INFO - Dependencies all met for dep_context=requeueable deps ti=<TaskInstance: first_dag_02.first_task scheduled__2022-01-10T00:00:00+00:00 [queued]>
[2023-06-11T11:28:35.837+0000] {taskinstance.py:1308} INFO - Starting attempt 1 of 6
[2023-06-11T11:28:36.194+0000] {taskinstance.py:1327} INFO - Executing <Task(BashOperator): first_task> on 2022-01-10 00:00:00+00:00
[2023-06-11T11:28:36.302+0000] {standard_task_runner.py:57} INFO - Started process 77 to run task
[2023-06-11T11:28:36.485+0000] {standard_task_runner.py:84} INFO - Running: ['***', 'tasks', 'run', 'first_dag_02', 'first_task', 'scheduled__2022-01-10T00:00:00+00:00', '--job-id', '830', '--raw', '--subdir', 'DAGS_FOLDER/First_dag.py', '--cfg-path', '/tmp/tmp8ygfdnu3']
[2023-06-11T11:28:36.487+0000] {standard_task_runner.py:85} INFO - Job 830: Subtask first_task
[2023-06-11T11:28:36.996+0000] {task_command.py:410} INFO - Running <TaskInstance: first_dag_02.first_task scheduled__2022-01-10T00:00:00+00:00 [running]> on host 7586ce0070ac
[2023-06-11T11:28:39.163+0000] {taskinstance.py:1547} INFO - Exporting env vars: AIRFLOW_CTX_DAG_OWNER='Raja' AIRFLOW_CTX_DAG_ID='first_dag_02' AIRFLOW_CTX_TASK_ID='first_task' AIRFLOW_CTX_EXECUTION_DATE='2022-01-10T00:00:00+00:00' AIRFLOW_CTX_TRY_NUMBER='1' AIRFLOW_CTX_DAG_RUN_ID='scheduled__2022-01-10T00:00:00+00:00'
[2023-06-11T11:28:39.165+0000] {subprocess.py:63} INFO - Tmp dir root location: 
 /tmp
[2023-06-11T11:28:39.165+0000] {subprocess.py:75} INFO - Running command: ['/bin/bash', '-c', 'echo hello world, this is the first task!']
[2023-06-11T11:28:39.296+0000] {subprocess.py:86} INFO - Output:
[2023-06-11T11:28:39.395+0000] {subprocess.py:93} INFO - hello world, this is the first task!
[2023-06-11T11:28:39.396+0000] {subprocess.py:97} INFO - Command exited with return code 0
[2023-06-11T11:28:40.943+0000] {taskinstance.py:1350} INFO - Marking task as SUCCESS. dag_id=first_dag_02, task_id=first_task, execution_date=20220110T000000, start_date=20230611T112835, end_date=20230611T112840
[2023-06-11T11:28:41.994+0000] {local_task_job_runner.py:225} INFO - Task exited with return code 0
[2023-06-11T11:28:43.280+0000] {taskinstance.py:2651} INFO - 0 downstream tasks scheduled from follow-on schedule check
