[2023-06-11T09:43:40.994+0000] {taskinstance.py:1103} INFO - Dependencies all met for dep_context=non-requeueable deps ti=<TaskInstance: dag_cron_expression_03.task1 scheduled__2021-12-03T03:00:00+00:00 [queued]>
[2023-06-11T09:43:41.068+0000] {taskinstance.py:1103} INFO - Dependencies all met for dep_context=requeueable deps ti=<TaskInstance: dag_cron_expression_03.task1 scheduled__2021-12-03T03:00:00+00:00 [queued]>
[2023-06-11T09:43:41.068+0000] {taskinstance.py:1308} INFO - Starting attempt 1 of 6
[2023-06-11T09:43:41.658+0000] {taskinstance.py:1327} INFO - Executing <Task(BashOperator): task1> on 2021-12-03 03:00:00+00:00
[2023-06-11T09:43:41.682+0000] {standard_task_runner.py:57} INFO - Started process 4337 to run task
[2023-06-11T09:43:41.711+0000] {standard_task_runner.py:84} INFO - Running: ['***', 'tasks', 'run', 'dag_cron_expression_03', 'task1', 'scheduled__2021-12-03T03:00:00+00:00', '--job-id', '1328', '--raw', '--subdir', 'DAGS_FOLDER/dag_corn.py', '--cfg-path', '/tmp/tmpta_nwaff']
[2023-06-11T09:43:41.728+0000] {standard_task_runner.py:85} INFO - Job 1328: Subtask task1
[2023-06-11T09:43:42.372+0000] {task_command.py:410} INFO - Running <TaskInstance: dag_cron_expression_03.task1 scheduled__2021-12-03T03:00:00+00:00 [running]> on host 964e508aad03
[2023-06-11T09:43:44.345+0000] {taskinstance.py:1547} INFO - Exporting env vars: AIRFLOW_CTX_DAG_OWNER='Raja' AIRFLOW_CTX_DAG_ID='dag_cron_expression_03' AIRFLOW_CTX_TASK_ID='task1' AIRFLOW_CTX_EXECUTION_DATE='2021-12-03T03:00:00+00:00' AIRFLOW_CTX_TRY_NUMBER='1' AIRFLOW_CTX_DAG_RUN_ID='scheduled__2021-12-03T03:00:00+00:00'
[2023-06-11T09:43:44.369+0000] {subprocess.py:63} INFO - Tmp dir root location: 
 /tmp
[2023-06-11T09:43:44.370+0000] {subprocess.py:75} INFO - Running command: ['/bin/bash', '-c', 'echo dag with cron expression!']
[2023-06-11T09:43:44.449+0000] {subprocess.py:86} INFO - Output:
[2023-06-11T09:43:44.469+0000] {subprocess.py:93} INFO - dag with cron expression!
[2023-06-11T09:43:44.470+0000] {subprocess.py:97} INFO - Command exited with return code 0
[2023-06-11T09:43:44.863+0000] {taskinstance.py:1350} INFO - Marking task as SUCCESS. dag_id=dag_cron_expression_03, task_id=task1, execution_date=20211203T030000, start_date=20230611T094340, end_date=20230611T094344
[2023-06-11T09:43:45.141+0000] {local_task_job_runner.py:225} INFO - Task exited with return code 0
[2023-06-11T09:43:45.682+0000] {taskinstance.py:2651} INFO - 0 downstream tasks scheduled from follow-on schedule check
[2023-06-11T10:39:05.627+0000] {taskinstance.py:1103} INFO - Dependencies all met for dep_context=non-requeueable deps ti=<TaskInstance: dag_cron_expression_03.task1 scheduled__2021-12-03T03:00:00+00:00 [queued]>
[2023-06-11T10:39:06.013+0000] {taskinstance.py:1103} INFO - Dependencies all met for dep_context=requeueable deps ti=<TaskInstance: dag_cron_expression_03.task1 scheduled__2021-12-03T03:00:00+00:00 [queued]>
[2023-06-11T10:39:06.014+0000] {taskinstance.py:1308} INFO - Starting attempt 1 of 6
[2023-06-11T10:39:06.376+0000] {taskinstance.py:1327} INFO - Executing <Task(BashOperator): task1> on 2021-12-03 03:00:00+00:00
[2023-06-11T10:39:06.759+0000] {standard_task_runner.py:57} INFO - Started process 403 to run task
[2023-06-11T10:39:07.081+0000] {standard_task_runner.py:84} INFO - Running: ['***', 'tasks', 'run', 'dag_cron_expression_03', 'task1', 'scheduled__2021-12-03T03:00:00+00:00', '--job-id', '111', '--raw', '--subdir', 'DAGS_FOLDER/dag_corn.py', '--cfg-path', '/tmp/tmp_ppps0i1']
[2023-06-11T10:39:07.082+0000] {standard_task_runner.py:85} INFO - Job 111: Subtask task1
[2023-06-11T10:39:08.277+0000] {task_command.py:410} INFO - Running <TaskInstance: dag_cron_expression_03.task1 scheduled__2021-12-03T03:00:00+00:00 [running]> on host 7586ce0070ac
[2023-06-11T10:39:12.614+0000] {taskinstance.py:1547} INFO - Exporting env vars: AIRFLOW_CTX_DAG_OWNER='Raja' AIRFLOW_CTX_DAG_ID='dag_cron_expression_03' AIRFLOW_CTX_TASK_ID='task1' AIRFLOW_CTX_EXECUTION_DATE='2021-12-03T03:00:00+00:00' AIRFLOW_CTX_TRY_NUMBER='1' AIRFLOW_CTX_DAG_RUN_ID='scheduled__2021-12-03T03:00:00+00:00'
[2023-06-11T10:39:12.623+0000] {subprocess.py:63} INFO - Tmp dir root location: 
 /tmp
[2023-06-11T10:39:12.634+0000] {subprocess.py:75} INFO - Running command: ['/bin/bash', '-c', 'echo dag with cron expression!']
[2023-06-11T10:39:13.347+0000] {subprocess.py:86} INFO - Output:
[2023-06-11T10:39:13.399+0000] {subprocess.py:93} INFO - dag with cron expression!
[2023-06-11T10:39:13.403+0000] {subprocess.py:97} INFO - Command exited with return code 0
[2023-06-11T10:39:14.219+0000] {taskinstance.py:1350} INFO - Marking task as SUCCESS. dag_id=dag_cron_expression_03, task_id=task1, execution_date=20211203T030000, start_date=20230611T103905, end_date=20230611T103914
[2023-06-11T10:39:15.386+0000] {local_task_job_runner.py:225} INFO - Task exited with return code 0
[2023-06-11T10:39:16.226+0000] {taskinstance.py:2651} INFO - 0 downstream tasks scheduled from follow-on schedule check
