[2023-06-11T09:38:55.034+0000] {taskinstance.py:1103} INFO - Dependencies all met for dep_context=non-requeueable deps ti=<TaskInstance: first_dag_02.first_task scheduled__2022-04-06T00:00:00+00:00 [queued]>
[2023-06-11T09:38:55.190+0000] {taskinstance.py:1103} INFO - Dependencies all met for dep_context=requeueable deps ti=<TaskInstance: first_dag_02.first_task scheduled__2022-04-06T00:00:00+00:00 [queued]>
[2023-06-11T09:38:55.263+0000] {taskinstance.py:1308} INFO - Starting attempt 1 of 6
[2023-06-11T09:38:56.320+0000] {taskinstance.py:1327} INFO - Executing <Task(BashOperator): first_task> on 2022-04-06 00:00:00+00:00
[2023-06-11T09:38:56.371+0000] {standard_task_runner.py:57} INFO - Started process 3810 to run task
[2023-06-11T09:38:56.536+0000] {standard_task_runner.py:84} INFO - Running: ['***', 'tasks', 'run', 'first_dag_02', 'first_task', 'scheduled__2022-04-06T00:00:00+00:00', '--job-id', '1182', '--raw', '--subdir', 'DAGS_FOLDER/First_dag.py', '--cfg-path', '/tmp/tmpu833ow3t']
[2023-06-11T09:38:56.537+0000] {standard_task_runner.py:85} INFO - Job 1182: Subtask first_task
[2023-06-11T09:38:57.939+0000] {task_command.py:410} INFO - Running <TaskInstance: first_dag_02.first_task scheduled__2022-04-06T00:00:00+00:00 [running]> on host 964e508aad03
[2023-06-11T09:39:00.105+0000] {taskinstance.py:1547} INFO - Exporting env vars: AIRFLOW_CTX_DAG_OWNER='Raja' AIRFLOW_CTX_DAG_ID='first_dag_02' AIRFLOW_CTX_TASK_ID='first_task' AIRFLOW_CTX_EXECUTION_DATE='2022-04-06T00:00:00+00:00' AIRFLOW_CTX_TRY_NUMBER='1' AIRFLOW_CTX_DAG_RUN_ID='scheduled__2022-04-06T00:00:00+00:00'
[2023-06-11T09:39:00.128+0000] {subprocess.py:63} INFO - Tmp dir root location: 
 /tmp
[2023-06-11T09:39:00.133+0000] {subprocess.py:75} INFO - Running command: ['/bin/bash', '-c', 'echo hello world, this is the first task!']
[2023-06-11T09:39:00.204+0000] {subprocess.py:86} INFO - Output:
[2023-06-11T09:39:00.211+0000] {subprocess.py:93} INFO - hello world, this is the first task!
[2023-06-11T09:39:00.213+0000] {subprocess.py:97} INFO - Command exited with return code 0
[2023-06-11T09:39:00.398+0000] {taskinstance.py:1350} INFO - Marking task as SUCCESS. dag_id=first_dag_02, task_id=first_task, execution_date=20220406T000000, start_date=20230611T093855, end_date=20230611T093900
[2023-06-11T09:39:00.860+0000] {local_task_job_runner.py:225} INFO - Task exited with return code 0
[2023-06-11T09:39:01.926+0000] {taskinstance.py:2651} INFO - 2 downstream tasks scheduled from follow-on schedule check
[2023-06-11T15:27:44.509+0000] {taskinstance.py:1103} INFO - Dependencies all met for dep_context=non-requeueable deps ti=<TaskInstance: first_dag_02.first_task scheduled__2022-04-06T00:00:00+00:00 [queued]>
[2023-06-11T15:27:44.677+0000] {taskinstance.py:1103} INFO - Dependencies all met for dep_context=requeueable deps ti=<TaskInstance: first_dag_02.first_task scheduled__2022-04-06T00:00:00+00:00 [queued]>
[2023-06-11T15:27:44.678+0000] {taskinstance.py:1308} INFO - Starting attempt 1 of 6
[2023-06-11T15:27:44.743+0000] {taskinstance.py:1327} INFO - Executing <Task(BashOperator): first_task> on 2022-04-06 00:00:00+00:00
[2023-06-11T15:27:44.760+0000] {standard_task_runner.py:57} INFO - Started process 466 to run task
[2023-06-11T15:27:44.823+0000] {standard_task_runner.py:84} INFO - Running: ['***', 'tasks', 'run', 'first_dag_02', 'first_task', 'scheduled__2022-04-06T00:00:00+00:00', '--job-id', '1224', '--raw', '--subdir', 'DAGS_FOLDER/First_dag.py', '--cfg-path', '/tmp/tmpx8lga5py']
[2023-06-11T15:27:44.824+0000] {standard_task_runner.py:85} INFO - Job 1224: Subtask first_task
[2023-06-11T15:27:45.460+0000] {task_command.py:410} INFO - Running <TaskInstance: first_dag_02.first_task scheduled__2022-04-06T00:00:00+00:00 [running]> on host 7586ce0070ac
[2023-06-11T15:27:47.749+0000] {taskinstance.py:1547} INFO - Exporting env vars: AIRFLOW_CTX_DAG_OWNER='Raja' AIRFLOW_CTX_DAG_ID='first_dag_02' AIRFLOW_CTX_TASK_ID='first_task' AIRFLOW_CTX_EXECUTION_DATE='2022-04-06T00:00:00+00:00' AIRFLOW_CTX_TRY_NUMBER='1' AIRFLOW_CTX_DAG_RUN_ID='scheduled__2022-04-06T00:00:00+00:00'
[2023-06-11T15:27:47.751+0000] {subprocess.py:63} INFO - Tmp dir root location: 
 /tmp
[2023-06-11T15:27:47.765+0000] {subprocess.py:75} INFO - Running command: ['/bin/bash', '-c', 'echo hello world, this is the first task!']
[2023-06-11T15:27:47.898+0000] {subprocess.py:86} INFO - Output:
[2023-06-11T15:27:47.930+0000] {subprocess.py:93} INFO - hello world, this is the first task!
[2023-06-11T15:27:47.937+0000] {subprocess.py:97} INFO - Command exited with return code 0
[2023-06-11T15:27:48.447+0000] {taskinstance.py:1350} INFO - Marking task as SUCCESS. dag_id=first_dag_02, task_id=first_task, execution_date=20220406T000000, start_date=20230611T152744, end_date=20230611T152748
[2023-06-11T15:27:48.782+0000] {local_task_job_runner.py:225} INFO - Task exited with return code 0
[2023-06-11T15:27:49.368+0000] {taskinstance.py:2651} INFO - 2 downstream tasks scheduled from follow-on schedule check
