[2023-06-11T09:43:18.755+0000] {taskinstance.py:1103} INFO - Dependencies all met for dep_context=non-requeueable deps ti=<TaskInstance: first_dag_02.first_task scheduled__2022-05-05T00:00:00+00:00 [queued]>
[2023-06-11T09:43:19.207+0000] {taskinstance.py:1103} INFO - Dependencies all met for dep_context=requeueable deps ti=<TaskInstance: first_dag_02.first_task scheduled__2022-05-05T00:00:00+00:00 [queued]>
[2023-06-11T09:43:19.210+0000] {taskinstance.py:1308} INFO - Starting attempt 1 of 6
[2023-06-11T09:43:19.925+0000] {taskinstance.py:1327} INFO - Executing <Task(BashOperator): first_task> on 2022-05-05 00:00:00+00:00
[2023-06-11T09:43:19.954+0000] {standard_task_runner.py:57} INFO - Started process 4263 to run task
[2023-06-11T09:43:19.991+0000] {standard_task_runner.py:84} INFO - Running: ['***', 'tasks', 'run', 'first_dag_02', 'first_task', 'scheduled__2022-05-05T00:00:00+00:00', '--job-id', '1305', '--raw', '--subdir', 'DAGS_FOLDER/First_dag.py', '--cfg-path', '/tmp/tmpknaqcp2c']
[2023-06-11T09:43:20.000+0000] {standard_task_runner.py:85} INFO - Job 1305: Subtask first_task
[2023-06-11T09:43:20.406+0000] {task_command.py:410} INFO - Running <TaskInstance: first_dag_02.first_task scheduled__2022-05-05T00:00:00+00:00 [running]> on host 964e508aad03
[2023-06-11T09:43:21.894+0000] {taskinstance.py:1547} INFO - Exporting env vars: AIRFLOW_CTX_DAG_OWNER='Raja' AIRFLOW_CTX_DAG_ID='first_dag_02' AIRFLOW_CTX_TASK_ID='first_task' AIRFLOW_CTX_EXECUTION_DATE='2022-05-05T00:00:00+00:00' AIRFLOW_CTX_TRY_NUMBER='1' AIRFLOW_CTX_DAG_RUN_ID='scheduled__2022-05-05T00:00:00+00:00'
[2023-06-11T09:43:22.018+0000] {subprocess.py:63} INFO - Tmp dir root location: 
 /tmp
[2023-06-11T09:43:22.019+0000] {subprocess.py:75} INFO - Running command: ['/bin/bash', '-c', 'echo hello world, this is the first task!']
[2023-06-11T09:43:22.647+0000] {subprocess.py:86} INFO - Output:
[2023-06-11T09:43:22.711+0000] {subprocess.py:93} INFO - hello world, this is the first task!
[2023-06-11T09:43:22.714+0000] {subprocess.py:97} INFO - Command exited with return code 0
[2023-06-11T09:43:23.317+0000] {taskinstance.py:1350} INFO - Marking task as SUCCESS. dag_id=first_dag_02, task_id=first_task, execution_date=20220505T000000, start_date=20230611T094318, end_date=20230611T094323
[2023-06-11T09:43:23.447+0000] {local_task_job_runner.py:225} INFO - Task exited with return code 0
[2023-06-11T09:43:24.162+0000] {taskinstance.py:2651} INFO - 2 downstream tasks scheduled from follow-on schedule check
[2023-06-11T15:30:37.682+0000] {taskinstance.py:1103} INFO - Dependencies all met for dep_context=non-requeueable deps ti=<TaskInstance: first_dag_02.first_task scheduled__2022-05-05T00:00:00+00:00 [queued]>
[2023-06-11T15:30:38.179+0000] {taskinstance.py:1103} INFO - Dependencies all met for dep_context=requeueable deps ti=<TaskInstance: first_dag_02.first_task scheduled__2022-05-05T00:00:00+00:00 [queued]>
[2023-06-11T15:30:38.189+0000] {taskinstance.py:1308} INFO - Starting attempt 1 of 6
[2023-06-11T15:30:38.288+0000] {taskinstance.py:1327} INFO - Executing <Task(BashOperator): first_task> on 2022-05-05 00:00:00+00:00
[2023-06-11T15:30:38.296+0000] {standard_task_runner.py:57} INFO - Started process 938 to run task
[2023-06-11T15:30:38.304+0000] {standard_task_runner.py:84} INFO - Running: ['***', 'tasks', 'run', 'first_dag_02', 'first_task', 'scheduled__2022-05-05T00:00:00+00:00', '--job-id', '1374', '--raw', '--subdir', 'DAGS_FOLDER/First_dag.py', '--cfg-path', '/tmp/tmpsziwfpxz']
[2023-06-11T15:30:38.305+0000] {standard_task_runner.py:85} INFO - Job 1374: Subtask first_task
[2023-06-11T15:30:38.760+0000] {task_command.py:410} INFO - Running <TaskInstance: first_dag_02.first_task scheduled__2022-05-05T00:00:00+00:00 [running]> on host 7586ce0070ac
[2023-06-11T15:30:40.107+0000] {taskinstance.py:1547} INFO - Exporting env vars: AIRFLOW_CTX_DAG_OWNER='Raja' AIRFLOW_CTX_DAG_ID='first_dag_02' AIRFLOW_CTX_TASK_ID='first_task' AIRFLOW_CTX_EXECUTION_DATE='2022-05-05T00:00:00+00:00' AIRFLOW_CTX_TRY_NUMBER='1' AIRFLOW_CTX_DAG_RUN_ID='scheduled__2022-05-05T00:00:00+00:00'
[2023-06-11T15:30:40.117+0000] {subprocess.py:63} INFO - Tmp dir root location: 
 /tmp
[2023-06-11T15:30:40.123+0000] {subprocess.py:75} INFO - Running command: ['/bin/bash', '-c', 'echo hello world, this is the first task!']
[2023-06-11T15:30:40.325+0000] {subprocess.py:86} INFO - Output:
[2023-06-11T15:30:40.357+0000] {subprocess.py:93} INFO - hello world, this is the first task!
[2023-06-11T15:30:40.357+0000] {subprocess.py:97} INFO - Command exited with return code 0
[2023-06-11T15:30:40.857+0000] {taskinstance.py:1350} INFO - Marking task as SUCCESS. dag_id=first_dag_02, task_id=first_task, execution_date=20220505T000000, start_date=20230611T153037, end_date=20230611T153040
[2023-06-11T15:30:41.371+0000] {local_task_job_runner.py:225} INFO - Task exited with return code 0
[2023-06-11T15:30:42.044+0000] {taskinstance.py:2651} INFO - 2 downstream tasks scheduled from follow-on schedule check
