[2023-06-11T08:56:23.809+0000] {taskinstance.py:1103} INFO - Dependencies all met for dep_context=non-requeueable deps ti=<TaskInstance: first_dag_02.second_task scheduled__2021-12-16T00:00:00+00:00 [queued]>
[2023-06-11T08:56:24.093+0000] {taskinstance.py:1103} INFO - Dependencies all met for dep_context=requeueable deps ti=<TaskInstance: first_dag_02.second_task scheduled__2021-12-16T00:00:00+00:00 [queued]>
[2023-06-11T08:56:24.108+0000] {taskinstance.py:1308} INFO - Starting attempt 1 of 6
[2023-06-11T08:56:24.777+0000] {taskinstance.py:1327} INFO - Executing <Task(BashOperator): second_task> on 2021-12-16 00:00:00+00:00
[2023-06-11T08:56:24.889+0000] {standard_task_runner.py:57} INFO - Started process 2252 to run task
[2023-06-11T08:56:25.037+0000] {standard_task_runner.py:84} INFO - Running: ['***', 'tasks', 'run', 'first_dag_02', 'second_task', 'scheduled__2021-12-16T00:00:00+00:00', '--job-id', '700', '--raw', '--subdir', 'DAGS_FOLDER/First_dag.py', '--cfg-path', '/tmp/tmpaclaztet']
[2023-06-11T08:56:25.038+0000] {standard_task_runner.py:85} INFO - Job 700: Subtask second_task
[2023-06-11T08:56:25.671+0000] {task_command.py:410} INFO - Running <TaskInstance: first_dag_02.second_task scheduled__2021-12-16T00:00:00+00:00 [running]> on host 964e508aad03
[2023-06-11T08:56:29.281+0000] {taskinstance.py:1547} INFO - Exporting env vars: AIRFLOW_CTX_DAG_OWNER='Raja' AIRFLOW_CTX_DAG_ID='first_dag_02' AIRFLOW_CTX_TASK_ID='second_task' AIRFLOW_CTX_EXECUTION_DATE='2021-12-16T00:00:00+00:00' AIRFLOW_CTX_TRY_NUMBER='1' AIRFLOW_CTX_DAG_RUN_ID='scheduled__2021-12-16T00:00:00+00:00'
[2023-06-11T08:56:29.286+0000] {subprocess.py:63} INFO - Tmp dir root location: 
 /tmp
[2023-06-11T08:56:29.299+0000] {subprocess.py:75} INFO - Running command: ['/bin/bash', '-c', 'echo hey, I am task2 and will be running after task1!']
[2023-06-11T08:56:29.554+0000] {subprocess.py:86} INFO - Output:
[2023-06-11T08:56:29.640+0000] {subprocess.py:93} INFO - hey, I am task2 and will be running after task1!
[2023-06-11T08:56:29.641+0000] {subprocess.py:97} INFO - Command exited with return code 0
[2023-06-11T08:56:30.405+0000] {taskinstance.py:1350} INFO - Marking task as SUCCESS. dag_id=first_dag_02, task_id=second_task, execution_date=20211216T000000, start_date=20230611T085623, end_date=20230611T085630
[2023-06-11T08:56:30.909+0000] {local_task_job_runner.py:225} INFO - Task exited with return code 0
[2023-06-11T08:56:31.444+0000] {taskinstance.py:2651} INFO - 0 downstream tasks scheduled from follow-on schedule check
[2023-06-11T11:21:10.523+0000] {taskinstance.py:1103} INFO - Dependencies all met for dep_context=non-requeueable deps ti=<TaskInstance: first_dag_02.second_task scheduled__2021-12-16T00:00:00+00:00 [queued]>
[2023-06-11T11:21:11.308+0000] {taskinstance.py:1103} INFO - Dependencies all met for dep_context=requeueable deps ti=<TaskInstance: first_dag_02.second_task scheduled__2021-12-16T00:00:00+00:00 [queued]>
[2023-06-11T11:21:11.309+0000] {taskinstance.py:1308} INFO - Starting attempt 1 of 6
[2023-06-11T11:21:13.467+0000] {taskinstance.py:1327} INFO - Executing <Task(BashOperator): second_task> on 2021-12-16 00:00:00+00:00
[2023-06-11T11:21:13.480+0000] {standard_task_runner.py:57} INFO - Started process 954 to run task
[2023-06-11T11:21:13.495+0000] {standard_task_runner.py:84} INFO - Running: ['***', 'tasks', 'run', 'first_dag_02', 'second_task', 'scheduled__2021-12-16T00:00:00+00:00', '--job-id', '741', '--raw', '--subdir', 'DAGS_FOLDER/First_dag.py', '--cfg-path', '/tmp/tmpr9z54t2k']
[2023-06-11T11:21:13.497+0000] {standard_task_runner.py:85} INFO - Job 741: Subtask second_task
[2023-06-11T11:21:16.996+0000] {task_command.py:410} INFO - Running <TaskInstance: first_dag_02.second_task scheduled__2021-12-16T00:00:00+00:00 [running]> on host 7586ce0070ac
[2023-06-11T11:21:23.626+0000] {taskinstance.py:1547} INFO - Exporting env vars: AIRFLOW_CTX_DAG_OWNER='Raja' AIRFLOW_CTX_DAG_ID='first_dag_02' AIRFLOW_CTX_TASK_ID='second_task' AIRFLOW_CTX_EXECUTION_DATE='2021-12-16T00:00:00+00:00' AIRFLOW_CTX_TRY_NUMBER='1' AIRFLOW_CTX_DAG_RUN_ID='scheduled__2021-12-16T00:00:00+00:00'
[2023-06-11T11:21:23.630+0000] {subprocess.py:63} INFO - Tmp dir root location: 
 /tmp
[2023-06-11T11:21:23.632+0000] {subprocess.py:75} INFO - Running command: ['/bin/bash', '-c', 'echo hey, I am task2 and will be running after task1!']
[2023-06-11T11:21:24.024+0000] {subprocess.py:86} INFO - Output:
[2023-06-11T11:21:24.145+0000] {subprocess.py:93} INFO - hey, I am task2 and will be running after task1!
[2023-06-11T11:21:24.155+0000] {subprocess.py:97} INFO - Command exited with return code 0
[2023-06-11T11:21:25.630+0000] {taskinstance.py:1350} INFO - Marking task as SUCCESS. dag_id=first_dag_02, task_id=second_task, execution_date=20211216T000000, start_date=20230611T112110, end_date=20230611T112125
[2023-06-11T11:21:27.699+0000] {local_task_job_runner.py:225} INFO - Task exited with return code 0
[2023-06-11T11:21:28.067+0000] {taskinstance.py:2651} INFO - 0 downstream tasks scheduled from follow-on schedule check
