[2023-06-11T09:42:16.125+0000] {taskinstance.py:1103} INFO - Dependencies all met for dep_context=non-requeueable deps ti=<TaskInstance: first_dag_02.thrid_task scheduled__2022-04-18T00:00:00+00:00 [queued]>
[2023-06-11T09:42:16.818+0000] {taskinstance.py:1103} INFO - Dependencies all met for dep_context=requeueable deps ti=<TaskInstance: first_dag_02.thrid_task scheduled__2022-04-18T00:00:00+00:00 [queued]>
[2023-06-11T09:42:16.819+0000] {taskinstance.py:1308} INFO - Starting attempt 1 of 6
[2023-06-11T09:42:17.403+0000] {taskinstance.py:1327} INFO - Executing <Task(BashOperator): thrid_task> on 2022-04-18 00:00:00+00:00
[2023-06-11T09:42:17.508+0000] {standard_task_runner.py:57} INFO - Started process 4141 to run task
[2023-06-11T09:42:17.731+0000] {standard_task_runner.py:84} INFO - Running: ['***', 'tasks', 'run', 'first_dag_02', 'thrid_task', 'scheduled__2022-04-18T00:00:00+00:00', '--job-id', '1270', '--raw', '--subdir', 'DAGS_FOLDER/First_dag.py', '--cfg-path', '/tmp/tmphb_nhb0r']
[2023-06-11T09:42:17.733+0000] {standard_task_runner.py:85} INFO - Job 1270: Subtask thrid_task
[2023-06-11T09:42:19.639+0000] {task_command.py:410} INFO - Running <TaskInstance: first_dag_02.thrid_task scheduled__2022-04-18T00:00:00+00:00 [running]> on host 964e508aad03
[2023-06-11T09:42:23.322+0000] {taskinstance.py:1547} INFO - Exporting env vars: AIRFLOW_CTX_DAG_OWNER='Raja' AIRFLOW_CTX_DAG_ID='first_dag_02' AIRFLOW_CTX_TASK_ID='thrid_task' AIRFLOW_CTX_EXECUTION_DATE='2022-04-18T00:00:00+00:00' AIRFLOW_CTX_TRY_NUMBER='1' AIRFLOW_CTX_DAG_RUN_ID='scheduled__2022-04-18T00:00:00+00:00'
[2023-06-11T09:42:23.349+0000] {subprocess.py:63} INFO - Tmp dir root location: 
 /tmp
[2023-06-11T09:42:23.379+0000] {subprocess.py:75} INFO - Running command: ['/bin/bash', '-c', 'echo hey, I am task3 and will be running after task1 at the same time as task2!']
[2023-06-11T09:42:23.579+0000] {subprocess.py:86} INFO - Output:
[2023-06-11T09:42:23.605+0000] {subprocess.py:93} INFO - hey, I am task3 and will be running after task1 at the same time as task2!
[2023-06-11T09:42:23.609+0000] {subprocess.py:97} INFO - Command exited with return code 0
[2023-06-11T09:42:23.914+0000] {taskinstance.py:1350} INFO - Marking task as SUCCESS. dag_id=first_dag_02, task_id=thrid_task, execution_date=20220418T000000, start_date=20230611T094216, end_date=20230611T094223
[2023-06-11T09:42:24.379+0000] {local_task_job_runner.py:225} INFO - Task exited with return code 0
[2023-06-11T09:42:24.734+0000] {taskinstance.py:2651} INFO - 0 downstream tasks scheduled from follow-on schedule check
[2023-06-11T15:29:27.394+0000] {taskinstance.py:1103} INFO - Dependencies all met for dep_context=non-requeueable deps ti=<TaskInstance: first_dag_02.thrid_task scheduled__2022-04-18T00:00:00+00:00 [queued]>
[2023-06-11T15:29:27.627+0000] {taskinstance.py:1103} INFO - Dependencies all met for dep_context=requeueable deps ti=<TaskInstance: first_dag_02.thrid_task scheduled__2022-04-18T00:00:00+00:00 [queued]>
[2023-06-11T15:29:27.649+0000] {taskinstance.py:1308} INFO - Starting attempt 1 of 6
[2023-06-11T15:29:28.214+0000] {taskinstance.py:1327} INFO - Executing <Task(BashOperator): thrid_task> on 2022-04-18 00:00:00+00:00
[2023-06-11T15:29:28.292+0000] {standard_task_runner.py:57} INFO - Started process 754 to run task
[2023-06-11T15:29:28.327+0000] {standard_task_runner.py:84} INFO - Running: ['***', 'tasks', 'run', 'first_dag_02', 'thrid_task', 'scheduled__2022-04-18T00:00:00+00:00', '--job-id', '1316', '--raw', '--subdir', 'DAGS_FOLDER/First_dag.py', '--cfg-path', '/tmp/tmp6y0nelz_']
[2023-06-11T15:29:28.355+0000] {standard_task_runner.py:85} INFO - Job 1316: Subtask thrid_task
[2023-06-11T15:29:29.082+0000] {task_command.py:410} INFO - Running <TaskInstance: first_dag_02.thrid_task scheduled__2022-04-18T00:00:00+00:00 [running]> on host 7586ce0070ac
[2023-06-11T15:29:32.527+0000] {taskinstance.py:1547} INFO - Exporting env vars: AIRFLOW_CTX_DAG_OWNER='Raja' AIRFLOW_CTX_DAG_ID='first_dag_02' AIRFLOW_CTX_TASK_ID='thrid_task' AIRFLOW_CTX_EXECUTION_DATE='2022-04-18T00:00:00+00:00' AIRFLOW_CTX_TRY_NUMBER='1' AIRFLOW_CTX_DAG_RUN_ID='scheduled__2022-04-18T00:00:00+00:00'
[2023-06-11T15:29:32.541+0000] {subprocess.py:63} INFO - Tmp dir root location: 
 /tmp
[2023-06-11T15:29:32.576+0000] {subprocess.py:75} INFO - Running command: ['/bin/bash', '-c', 'echo hey, I am task3 and will be running after task1 at the same time as task2!']
[2023-06-11T15:29:32.780+0000] {subprocess.py:86} INFO - Output:
[2023-06-11T15:29:32.787+0000] {subprocess.py:93} INFO - hey, I am task3 and will be running after task1 at the same time as task2!
[2023-06-11T15:29:32.821+0000] {subprocess.py:97} INFO - Command exited with return code 0
[2023-06-11T15:29:33.488+0000] {taskinstance.py:1350} INFO - Marking task as SUCCESS. dag_id=first_dag_02, task_id=thrid_task, execution_date=20220418T000000, start_date=20230611T152927, end_date=20230611T152933
[2023-06-11T15:29:34.088+0000] {local_task_job_runner.py:225} INFO - Task exited with return code 0
[2023-06-11T15:29:34.416+0000] {taskinstance.py:2651} INFO - 0 downstream tasks scheduled from follow-on schedule check
