[2023-06-11T04:48:08.290+0000] {taskinstance.py:1103} INFO - Dependencies all met for dep_context=non-requeueable deps ti=<TaskInstance: first_dag_02.second_task scheduled__2021-09-08T00:00:00+00:00 [queued]>
[2023-06-11T04:48:08.365+0000] {taskinstance.py:1103} INFO - Dependencies all met for dep_context=requeueable deps ti=<TaskInstance: first_dag_02.second_task scheduled__2021-09-08T00:00:00+00:00 [queued]>
[2023-06-11T04:48:08.370+0000] {taskinstance.py:1308} INFO - Starting attempt 1 of 6
[2023-06-11T04:48:08.582+0000] {taskinstance.py:1327} INFO - Executing <Task(BashOperator): second_task> on 2021-09-08 00:00:00+00:00
[2023-06-11T04:48:08.644+0000] {standard_task_runner.py:57} INFO - Started process 585 to run task
[2023-06-11T04:48:08.683+0000] {standard_task_runner.py:84} INFO - Running: ['***', 'tasks', 'run', 'first_dag_02', 'second_task', 'scheduled__2021-09-08T00:00:00+00:00', '--job-id', '167', '--raw', '--subdir', 'DAGS_FOLDER/First_dag.py', '--cfg-path', '/tmp/tmpgecxlqhu']
[2023-06-11T04:48:08.695+0000] {standard_task_runner.py:85} INFO - Job 167: Subtask second_task
[2023-06-11T04:48:09.078+0000] {task_command.py:410} INFO - Running <TaskInstance: first_dag_02.second_task scheduled__2021-09-08T00:00:00+00:00 [running]> on host 4b1b5d40d165
[2023-06-11T04:48:10.944+0000] {taskinstance.py:1547} INFO - Exporting env vars: AIRFLOW_CTX_DAG_OWNER='Raja' AIRFLOW_CTX_DAG_ID='first_dag_02' AIRFLOW_CTX_TASK_ID='second_task' AIRFLOW_CTX_EXECUTION_DATE='2021-09-08T00:00:00+00:00' AIRFLOW_CTX_TRY_NUMBER='1' AIRFLOW_CTX_DAG_RUN_ID='scheduled__2021-09-08T00:00:00+00:00'
[2023-06-11T04:48:10.954+0000] {subprocess.py:63} INFO - Tmp dir root location: 
 /tmp
[2023-06-11T04:48:10.974+0000] {subprocess.py:75} INFO - Running command: ['/bin/bash', '-c', 'echo hey, I am task2 and will be running after task1!']
[2023-06-11T04:48:11.083+0000] {subprocess.py:86} INFO - Output:
[2023-06-11T04:48:11.094+0000] {subprocess.py:93} INFO - hey, I am task2 and will be running after task1!
[2023-06-11T04:48:11.095+0000] {subprocess.py:97} INFO - Command exited with return code 0
[2023-06-11T04:48:11.444+0000] {taskinstance.py:1350} INFO - Marking task as SUCCESS. dag_id=first_dag_02, task_id=second_task, execution_date=20210908T000000, start_date=20230611T044808, end_date=20230611T044811
[2023-06-11T04:48:11.729+0000] {local_task_job_runner.py:225} INFO - Task exited with return code 0
[2023-06-11T04:48:11.979+0000] {taskinstance.py:2651} INFO - 0 downstream tasks scheduled from follow-on schedule check
[2023-06-11T05:19:43.849+0000] {taskinstance.py:1103} INFO - Dependencies all met for dep_context=non-requeueable deps ti=<TaskInstance: first_dag_02.second_task scheduled__2021-09-08T00:00:00+00:00 [queued]>
[2023-06-11T05:19:44.555+0000] {taskinstance.py:1103} INFO - Dependencies all met for dep_context=requeueable deps ti=<TaskInstance: first_dag_02.second_task scheduled__2021-09-08T00:00:00+00:00 [queued]>
[2023-06-11T05:19:44.556+0000] {taskinstance.py:1308} INFO - Starting attempt 1 of 6
[2023-06-11T05:19:45.376+0000] {taskinstance.py:1327} INFO - Executing <Task(BashOperator): second_task> on 2021-09-08 00:00:00+00:00
[2023-06-11T05:19:45.442+0000] {standard_task_runner.py:57} INFO - Started process 672 to run task
[2023-06-11T05:19:45.524+0000] {standard_task_runner.py:84} INFO - Running: ['***', 'tasks', 'run', 'first_dag_02', 'second_task', 'scheduled__2021-09-08T00:00:00+00:00', '--job-id', '175', '--raw', '--subdir', 'DAGS_FOLDER/First_dag.py', '--cfg-path', '/tmp/tmp8x9blw4l']
[2023-06-11T05:19:45.525+0000] {standard_task_runner.py:85} INFO - Job 175: Subtask second_task
[2023-06-11T05:19:48.340+0000] {task_command.py:410} INFO - Running <TaskInstance: first_dag_02.second_task scheduled__2021-09-08T00:00:00+00:00 [running]> on host 69e374580eab
[2023-06-11T05:19:53.758+0000] {taskinstance.py:1547} INFO - Exporting env vars: AIRFLOW_CTX_DAG_OWNER='Raja' AIRFLOW_CTX_DAG_ID='first_dag_02' AIRFLOW_CTX_TASK_ID='second_task' AIRFLOW_CTX_EXECUTION_DATE='2021-09-08T00:00:00+00:00' AIRFLOW_CTX_TRY_NUMBER='1' AIRFLOW_CTX_DAG_RUN_ID='scheduled__2021-09-08T00:00:00+00:00'
[2023-06-11T05:19:53.766+0000] {subprocess.py:63} INFO - Tmp dir root location: 
 /tmp
[2023-06-11T05:19:53.772+0000] {subprocess.py:75} INFO - Running command: ['/bin/bash', '-c', 'echo hey, I am task2 and will be running after task1!']
[2023-06-11T05:19:53.799+0000] {subprocess.py:86} INFO - Output:
[2023-06-11T05:19:53.880+0000] {subprocess.py:93} INFO - hey, I am task2 and will be running after task1!
[2023-06-11T05:19:54.133+0000] {subprocess.py:97} INFO - Command exited with return code 0
[2023-06-11T05:19:55.232+0000] {taskinstance.py:1350} INFO - Marking task as SUCCESS. dag_id=first_dag_02, task_id=second_task, execution_date=20210908T000000, start_date=20230611T051943, end_date=20230611T051955
[2023-06-11T05:19:56.272+0000] {local_task_job_runner.py:225} INFO - Task exited with return code 0
[2023-06-11T05:19:56.328+0000] {taskinstance.py:2651} INFO - 0 downstream tasks scheduled from follow-on schedule check
[2023-06-11T08:24:10.567+0000] {taskinstance.py:1103} INFO - Dependencies all met for dep_context=non-requeueable deps ti=<TaskInstance: first_dag_02.second_task scheduled__2021-09-08T00:00:00+00:00 [queued]>
[2023-06-11T08:24:11.074+0000] {taskinstance.py:1103} INFO - Dependencies all met for dep_context=requeueable deps ti=<TaskInstance: first_dag_02.second_task scheduled__2021-09-08T00:00:00+00:00 [queued]>
[2023-06-11T08:24:11.075+0000] {taskinstance.py:1308} INFO - Starting attempt 1 of 6
[2023-06-11T08:24:13.740+0000] {taskinstance.py:1327} INFO - Executing <Task(BashOperator): second_task> on 2021-09-08 00:00:00+00:00
[2023-06-11T08:24:13.974+0000] {standard_task_runner.py:57} INFO - Started process 955 to run task
[2023-06-11T08:24:14.394+0000] {standard_task_runner.py:84} INFO - Running: ['***', 'tasks', 'run', 'first_dag_02', 'second_task', 'scheduled__2021-09-08T00:00:00+00:00', '--job-id', '296', '--raw', '--subdir', 'DAGS_FOLDER/First_dag.py', '--cfg-path', '/tmp/tmporm84lmd']
[2023-06-11T08:24:14.461+0000] {standard_task_runner.py:85} INFO - Job 296: Subtask second_task
[2023-06-11T08:24:16.915+0000] {task_command.py:410} INFO - Running <TaskInstance: first_dag_02.second_task scheduled__2021-09-08T00:00:00+00:00 [running]> on host 492037cdd057
[2023-06-11T08:24:26.002+0000] {taskinstance.py:1547} INFO - Exporting env vars: AIRFLOW_CTX_DAG_OWNER='Raja' AIRFLOW_CTX_DAG_ID='first_dag_02' AIRFLOW_CTX_TASK_ID='second_task' AIRFLOW_CTX_EXECUTION_DATE='2021-09-08T00:00:00+00:00' AIRFLOW_CTX_TRY_NUMBER='1' AIRFLOW_CTX_DAG_RUN_ID='scheduled__2021-09-08T00:00:00+00:00'
[2023-06-11T08:24:26.078+0000] {subprocess.py:63} INFO - Tmp dir root location: 
 /tmp
[2023-06-11T08:24:26.079+0000] {subprocess.py:75} INFO - Running command: ['/bin/bash', '-c', 'echo hey, I am task2 and will be running after task1!']
[2023-06-11T08:24:26.262+0000] {subprocess.py:86} INFO - Output:
[2023-06-11T08:24:26.435+0000] {subprocess.py:93} INFO - hey, I am task2 and will be running after task1!
[2023-06-11T08:24:26.458+0000] {subprocess.py:97} INFO - Command exited with return code 0
[2023-06-11T08:24:27.945+0000] {taskinstance.py:1350} INFO - Marking task as SUCCESS. dag_id=first_dag_02, task_id=second_task, execution_date=20210908T000000, start_date=20230611T082410, end_date=20230611T082427
[2023-06-11T08:24:30.074+0000] {local_task_job_runner.py:225} INFO - Task exited with return code 0
[2023-06-11T08:24:30.156+0000] {taskinstance.py:2651} INFO - 0 downstream tasks scheduled from follow-on schedule check
[2023-06-11T08:49:57.092+0000] {taskinstance.py:1103} INFO - Dependencies all met for dep_context=non-requeueable deps ti=<TaskInstance: first_dag_02.second_task scheduled__2021-09-08T00:00:00+00:00 [queued]>
[2023-06-11T08:49:57.382+0000] {taskinstance.py:1103} INFO - Dependencies all met for dep_context=requeueable deps ti=<TaskInstance: first_dag_02.second_task scheduled__2021-09-08T00:00:00+00:00 [queued]>
[2023-06-11T08:49:57.401+0000] {taskinstance.py:1308} INFO - Starting attempt 1 of 6
[2023-06-11T08:49:57.877+0000] {taskinstance.py:1327} INFO - Executing <Task(BashOperator): second_task> on 2021-09-08 00:00:00+00:00
[2023-06-11T08:49:57.948+0000] {standard_task_runner.py:84} INFO - Running: ['***', 'tasks', 'run', 'first_dag_02', 'second_task', 'scheduled__2021-09-08T00:00:00+00:00', '--job-id', '243', '--raw', '--subdir', 'DAGS_FOLDER/First_dag.py', '--cfg-path', '/tmp/tmpuo2khl2u']
[2023-06-11T08:49:57.966+0000] {standard_task_runner.py:85} INFO - Job 243: Subtask second_task
[2023-06-11T08:49:57.972+0000] {standard_task_runner.py:57} INFO - Started process 785 to run task
[2023-06-11T08:49:58.389+0000] {task_command.py:410} INFO - Running <TaskInstance: first_dag_02.second_task scheduled__2021-09-08T00:00:00+00:00 [running]> on host 964e508aad03
[2023-06-11T08:50:00.104+0000] {taskinstance.py:1547} INFO - Exporting env vars: AIRFLOW_CTX_DAG_OWNER='Raja' AIRFLOW_CTX_DAG_ID='first_dag_02' AIRFLOW_CTX_TASK_ID='second_task' AIRFLOW_CTX_EXECUTION_DATE='2021-09-08T00:00:00+00:00' AIRFLOW_CTX_TRY_NUMBER='1' AIRFLOW_CTX_DAG_RUN_ID='scheduled__2021-09-08T00:00:00+00:00'
[2023-06-11T08:50:00.107+0000] {subprocess.py:63} INFO - Tmp dir root location: 
 /tmp
[2023-06-11T08:50:00.107+0000] {subprocess.py:75} INFO - Running command: ['/bin/bash', '-c', 'echo hey, I am task2 and will be running after task1!']
[2023-06-11T08:50:00.258+0000] {subprocess.py:86} INFO - Output:
[2023-06-11T08:50:00.281+0000] {subprocess.py:93} INFO - hey, I am task2 and will be running after task1!
[2023-06-11T08:50:00.293+0000] {subprocess.py:97} INFO - Command exited with return code 0
[2023-06-11T08:50:00.609+0000] {taskinstance.py:1350} INFO - Marking task as SUCCESS. dag_id=first_dag_02, task_id=second_task, execution_date=20210908T000000, start_date=20230611T084957, end_date=20230611T085000
[2023-06-11T08:50:00.952+0000] {local_task_job_runner.py:225} INFO - Task exited with return code 0
[2023-06-11T08:50:01.277+0000] {taskinstance.py:2651} INFO - 0 downstream tasks scheduled from follow-on schedule check
[2023-06-11T10:44:22.737+0000] {taskinstance.py:1103} INFO - Dependencies all met for dep_context=non-requeueable deps ti=<TaskInstance: first_dag_02.second_task scheduled__2021-09-08T00:00:00+00:00 [queued]>
[2023-06-11T10:44:23.790+0000] {taskinstance.py:1103} INFO - Dependencies all met for dep_context=requeueable deps ti=<TaskInstance: first_dag_02.second_task scheduled__2021-09-08T00:00:00+00:00 [queued]>
[2023-06-11T10:44:23.801+0000] {taskinstance.py:1308} INFO - Starting attempt 1 of 6
[2023-06-11T10:44:27.371+0000] {taskinstance.py:1327} INFO - Executing <Task(BashOperator): second_task> on 2021-09-08 00:00:00+00:00
[2023-06-11T10:44:27.387+0000] {standard_task_runner.py:57} INFO - Started process 833 to run task
[2023-06-11T10:44:27.403+0000] {standard_task_runner.py:84} INFO - Running: ['***', 'tasks', 'run', 'first_dag_02', 'second_task', 'scheduled__2021-09-08T00:00:00+00:00', '--job-id', '230', '--raw', '--subdir', 'DAGS_FOLDER/First_dag.py', '--cfg-path', '/tmp/tmpat1c6bo2']
[2023-06-11T10:44:27.404+0000] {standard_task_runner.py:85} INFO - Job 230: Subtask second_task
[2023-06-11T10:44:30.295+0000] {task_command.py:410} INFO - Running <TaskInstance: first_dag_02.second_task scheduled__2021-09-08T00:00:00+00:00 [running]> on host 7586ce0070ac
[2023-06-11T10:44:35.212+0000] {taskinstance.py:1547} INFO - Exporting env vars: AIRFLOW_CTX_DAG_OWNER='Raja' AIRFLOW_CTX_DAG_ID='first_dag_02' AIRFLOW_CTX_TASK_ID='second_task' AIRFLOW_CTX_EXECUTION_DATE='2021-09-08T00:00:00+00:00' AIRFLOW_CTX_TRY_NUMBER='1' AIRFLOW_CTX_DAG_RUN_ID='scheduled__2021-09-08T00:00:00+00:00'
[2023-06-11T10:44:35.262+0000] {subprocess.py:63} INFO - Tmp dir root location: 
 /tmp
[2023-06-11T10:44:35.291+0000] {subprocess.py:75} INFO - Running command: ['/bin/bash', '-c', 'echo hey, I am task2 and will be running after task1!']
[2023-06-11T10:44:35.627+0000] {subprocess.py:86} INFO - Output:
[2023-06-11T10:44:35.638+0000] {subprocess.py:93} INFO - hey, I am task2 and will be running after task1!
[2023-06-11T10:44:35.642+0000] {subprocess.py:97} INFO - Command exited with return code 0
[2023-06-11T10:44:37.236+0000] {taskinstance.py:1350} INFO - Marking task as SUCCESS. dag_id=first_dag_02, task_id=second_task, execution_date=20210908T000000, start_date=20230611T104422, end_date=20230611T104437
[2023-06-11T10:44:38.587+0000] {local_task_job_runner.py:225} INFO - Task exited with return code 0
[2023-06-11T10:44:39.423+0000] {taskinstance.py:2651} INFO - 0 downstream tasks scheduled from follow-on schedule check
