[2023-06-11T04:53:58.773+0000] {taskinstance.py:1103} INFO - Dependencies all met for dep_context=non-requeueable deps ti=<TaskInstance: first_dag_02.second_task scheduled__2021-10-17T00:00:00+00:00 [queued]>
[2023-06-11T04:53:59.279+0000] {taskinstance.py:1103} INFO - Dependencies all met for dep_context=requeueable deps ti=<TaskInstance: first_dag_02.second_task scheduled__2021-10-17T00:00:00+00:00 [queued]>
[2023-06-11T04:53:59.310+0000] {taskinstance.py:1308} INFO - Starting attempt 1 of 6
[2023-06-11T04:54:01.459+0000] {taskinstance.py:1327} INFO - Executing <Task(BashOperator): second_task> on 2021-10-17 00:00:00+00:00
[2023-06-11T04:54:01.476+0000] {standard_task_runner.py:57} INFO - Started process 1105 to run task
[2023-06-11T04:54:01.740+0000] {standard_task_runner.py:84} INFO - Running: ['***', 'tasks', 'run', 'first_dag_02', 'second_task', 'scheduled__2021-10-17T00:00:00+00:00', '--job-id', '325', '--raw', '--subdir', 'DAGS_FOLDER/First_dag.py', '--cfg-path', '/tmp/tmp38frx9_b']
[2023-06-11T04:54:01.741+0000] {standard_task_runner.py:85} INFO - Job 325: Subtask second_task
[2023-06-11T04:54:03.442+0000] {task_command.py:410} INFO - Running <TaskInstance: first_dag_02.second_task scheduled__2021-10-17T00:00:00+00:00 [running]> on host 4b1b5d40d165
[2023-06-11T04:54:08.730+0000] {taskinstance.py:1547} INFO - Exporting env vars: AIRFLOW_CTX_DAG_OWNER='Raja' AIRFLOW_CTX_DAG_ID='first_dag_02' AIRFLOW_CTX_TASK_ID='second_task' AIRFLOW_CTX_EXECUTION_DATE='2021-10-17T00:00:00+00:00' AIRFLOW_CTX_TRY_NUMBER='1' AIRFLOW_CTX_DAG_RUN_ID='scheduled__2021-10-17T00:00:00+00:00'
[2023-06-11T04:54:08.771+0000] {subprocess.py:63} INFO - Tmp dir root location: 
 /tmp
[2023-06-11T04:54:08.792+0000] {subprocess.py:75} INFO - Running command: ['/bin/bash', '-c', 'echo hey, I am task2 and will be running after task1!']
[2023-06-11T04:54:09.415+0000] {subprocess.py:86} INFO - Output:
[2023-06-11T04:54:09.620+0000] {subprocess.py:93} INFO - hey, I am task2 and will be running after task1!
[2023-06-11T04:54:09.622+0000] {subprocess.py:97} INFO - Command exited with return code 0
[2023-06-11T04:54:10.290+0000] {taskinstance.py:1350} INFO - Marking task as SUCCESS. dag_id=first_dag_02, task_id=second_task, execution_date=20211017T000000, start_date=20230611T045358, end_date=20230611T045410
[2023-06-11T04:54:10.602+0000] {local_task_job_runner.py:225} INFO - Task exited with return code 0
[2023-06-11T04:54:12.270+0000] {taskinstance.py:2651} INFO - 0 downstream tasks scheduled from follow-on schedule check
[2023-06-11T08:30:30.703+0000] {taskinstance.py:1103} INFO - Dependencies all met for dep_context=non-requeueable deps ti=<TaskInstance: first_dag_02.second_task scheduled__2021-10-17T00:00:00+00:00 [queued]>
[2023-06-11T08:30:30.801+0000] {taskinstance.py:1103} INFO - Dependencies all met for dep_context=requeueable deps ti=<TaskInstance: first_dag_02.second_task scheduled__2021-10-17T00:00:00+00:00 [queued]>
[2023-06-11T08:30:30.801+0000] {taskinstance.py:1308} INFO - Starting attempt 1 of 6
[2023-06-11T08:30:31.424+0000] {taskinstance.py:1327} INFO - Executing <Task(BashOperator): second_task> on 2021-10-17 00:00:00+00:00
[2023-06-11T08:30:31.612+0000] {standard_task_runner.py:84} INFO - Running: ['***', 'tasks', 'run', 'first_dag_02', 'second_task', 'scheduled__2021-10-17T00:00:00+00:00', '--job-id', '448', '--raw', '--subdir', 'DAGS_FOLDER/First_dag.py', '--cfg-path', '/tmp/tmpb26w2cfr']
[2023-06-11T08:30:31.614+0000] {standard_task_runner.py:85} INFO - Job 448: Subtask second_task
[2023-06-11T08:30:31.633+0000] {standard_task_runner.py:57} INFO - Started process 1470 to run task
[2023-06-11T08:30:33.705+0000] {task_command.py:410} INFO - Running <TaskInstance: first_dag_02.second_task scheduled__2021-10-17T00:00:00+00:00 [running]> on host 492037cdd057
[2023-06-11T08:30:36.377+0000] {taskinstance.py:1547} INFO - Exporting env vars: AIRFLOW_CTX_DAG_OWNER='Raja' AIRFLOW_CTX_DAG_ID='first_dag_02' AIRFLOW_CTX_TASK_ID='second_task' AIRFLOW_CTX_EXECUTION_DATE='2021-10-17T00:00:00+00:00' AIRFLOW_CTX_TRY_NUMBER='1' AIRFLOW_CTX_DAG_RUN_ID='scheduled__2021-10-17T00:00:00+00:00'
[2023-06-11T08:30:36.572+0000] {subprocess.py:63} INFO - Tmp dir root location: 
 /tmp
[2023-06-11T08:30:36.573+0000] {subprocess.py:75} INFO - Running command: ['/bin/bash', '-c', 'echo hey, I am task2 and will be running after task1!']
[2023-06-11T08:30:36.658+0000] {subprocess.py:86} INFO - Output:
[2023-06-11T08:30:36.671+0000] {subprocess.py:93} INFO - hey, I am task2 and will be running after task1!
[2023-06-11T08:30:36.674+0000] {subprocess.py:97} INFO - Command exited with return code 0
[2023-06-11T08:30:37.529+0000] {taskinstance.py:1350} INFO - Marking task as SUCCESS. dag_id=first_dag_02, task_id=second_task, execution_date=20211017T000000, start_date=20230611T083030, end_date=20230611T083037
[2023-06-11T08:30:38.931+0000] {local_task_job_runner.py:225} INFO - Task exited with return code 0
[2023-06-11T08:30:39.715+0000] {taskinstance.py:2651} INFO - 0 downstream tasks scheduled from follow-on schedule check
[2023-06-11T08:52:35.718+0000] {taskinstance.py:1103} INFO - Dependencies all met for dep_context=non-requeueable deps ti=<TaskInstance: first_dag_02.second_task scheduled__2021-10-17T00:00:00+00:00 [queued]>
[2023-06-11T08:52:36.005+0000] {taskinstance.py:1103} INFO - Dependencies all met for dep_context=requeueable deps ti=<TaskInstance: first_dag_02.second_task scheduled__2021-10-17T00:00:00+00:00 [queued]>
[2023-06-11T08:52:36.005+0000] {taskinstance.py:1308} INFO - Starting attempt 1 of 6
[2023-06-11T08:52:36.884+0000] {taskinstance.py:1327} INFO - Executing <Task(BashOperator): second_task> on 2021-10-17 00:00:00+00:00
[2023-06-11T08:52:36.983+0000] {standard_task_runner.py:57} INFO - Started process 1372 to run task
[2023-06-11T08:52:37.072+0000] {standard_task_runner.py:84} INFO - Running: ['***', 'tasks', 'run', 'first_dag_02', 'second_task', 'scheduled__2021-10-17T00:00:00+00:00', '--job-id', '425', '--raw', '--subdir', 'DAGS_FOLDER/First_dag.py', '--cfg-path', '/tmp/tmpywmh2nkk']
[2023-06-11T08:52:37.136+0000] {standard_task_runner.py:85} INFO - Job 425: Subtask second_task
[2023-06-11T08:52:37.641+0000] {task_command.py:410} INFO - Running <TaskInstance: first_dag_02.second_task scheduled__2021-10-17T00:00:00+00:00 [running]> on host 964e508aad03
[2023-06-11T08:52:40.381+0000] {taskinstance.py:1547} INFO - Exporting env vars: AIRFLOW_CTX_DAG_OWNER='Raja' AIRFLOW_CTX_DAG_ID='first_dag_02' AIRFLOW_CTX_TASK_ID='second_task' AIRFLOW_CTX_EXECUTION_DATE='2021-10-17T00:00:00+00:00' AIRFLOW_CTX_TRY_NUMBER='1' AIRFLOW_CTX_DAG_RUN_ID='scheduled__2021-10-17T00:00:00+00:00'
[2023-06-11T08:52:40.383+0000] {subprocess.py:63} INFO - Tmp dir root location: 
 /tmp
[2023-06-11T08:52:40.383+0000] {subprocess.py:75} INFO - Running command: ['/bin/bash', '-c', 'echo hey, I am task2 and will be running after task1!']
[2023-06-11T08:52:40.612+0000] {subprocess.py:86} INFO - Output:
[2023-06-11T08:52:40.654+0000] {subprocess.py:93} INFO - hey, I am task2 and will be running after task1!
[2023-06-11T08:52:40.669+0000] {subprocess.py:97} INFO - Command exited with return code 0
[2023-06-11T08:52:41.063+0000] {taskinstance.py:1350} INFO - Marking task as SUCCESS. dag_id=first_dag_02, task_id=second_task, execution_date=20211017T000000, start_date=20230611T085235, end_date=20230611T085241
[2023-06-11T08:52:41.278+0000] {local_task_job_runner.py:225} INFO - Task exited with return code 0
[2023-06-11T08:52:41.850+0000] {taskinstance.py:2651} INFO - 0 downstream tasks scheduled from follow-on schedule check
[2023-06-11T10:59:17.034+0000] {taskinstance.py:1103} INFO - Dependencies all met for dep_context=non-requeueable deps ti=<TaskInstance: first_dag_02.second_task scheduled__2021-10-17T00:00:00+00:00 [queued]>
[2023-06-11T10:59:17.079+0000] {taskinstance.py:1103} INFO - Dependencies all met for dep_context=requeueable deps ti=<TaskInstance: first_dag_02.second_task scheduled__2021-10-17T00:00:00+00:00 [queued]>
[2023-06-11T10:59:17.079+0000] {taskinstance.py:1308} INFO - Starting attempt 1 of 6
[2023-06-11T10:59:17.131+0000] {taskinstance.py:1327} INFO - Executing <Task(BashOperator): second_task> on 2021-10-17 00:00:00+00:00
[2023-06-11T10:59:17.149+0000] {standard_task_runner.py:57} INFO - Started process 1454 to run task
[2023-06-11T10:59:17.249+0000] {standard_task_runner.py:84} INFO - Running: ['***', 'tasks', 'run', 'first_dag_02', 'second_task', 'scheduled__2021-10-17T00:00:00+00:00', '--job-id', '405', '--raw', '--subdir', 'DAGS_FOLDER/First_dag.py', '--cfg-path', '/tmp/tmpse8p1pvm']
[2023-06-11T10:59:17.288+0000] {standard_task_runner.py:85} INFO - Job 405: Subtask second_task
[2023-06-11T10:59:19.193+0000] {task_command.py:410} INFO - Running <TaskInstance: first_dag_02.second_task scheduled__2021-10-17T00:00:00+00:00 [running]> on host 7586ce0070ac
[2023-06-11T10:59:26.333+0000] {taskinstance.py:1547} INFO - Exporting env vars: AIRFLOW_CTX_DAG_OWNER='Raja' AIRFLOW_CTX_DAG_ID='first_dag_02' AIRFLOW_CTX_TASK_ID='second_task' AIRFLOW_CTX_EXECUTION_DATE='2021-10-17T00:00:00+00:00' AIRFLOW_CTX_TRY_NUMBER='1' AIRFLOW_CTX_DAG_RUN_ID='scheduled__2021-10-17T00:00:00+00:00'
[2023-06-11T10:59:26.397+0000] {subprocess.py:63} INFO - Tmp dir root location: 
 /tmp
[2023-06-11T10:59:26.399+0000] {subprocess.py:75} INFO - Running command: ['/bin/bash', '-c', 'echo hey, I am task2 and will be running after task1!']
[2023-06-11T10:59:26.799+0000] {subprocess.py:86} INFO - Output:
[2023-06-11T10:59:26.809+0000] {subprocess.py:93} INFO - hey, I am task2 and will be running after task1!
[2023-06-11T10:59:26.810+0000] {subprocess.py:97} INFO - Command exited with return code 0
[2023-06-11T10:59:28.542+0000] {taskinstance.py:1350} INFO - Marking task as SUCCESS. dag_id=first_dag_02, task_id=second_task, execution_date=20211017T000000, start_date=20230611T105917, end_date=20230611T105928
[2023-06-11T10:59:29.106+0000] {local_task_job_runner.py:225} INFO - Task exited with return code 0
[2023-06-11T10:59:29.296+0000] {taskinstance.py:2651} INFO - 0 downstream tasks scheduled from follow-on schedule check
