[2023-06-11T04:52:25.780+0000] {taskinstance.py:1103} INFO - Dependencies all met for dep_context=non-requeueable deps ti=<TaskInstance: first_dag_02.second_task scheduled__2021-10-02T00:00:00+00:00 [queued]>
[2023-06-11T04:52:25.962+0000] {taskinstance.py:1103} INFO - Dependencies all met for dep_context=requeueable deps ti=<TaskInstance: first_dag_02.second_task scheduled__2021-10-02T00:00:00+00:00 [queued]>
[2023-06-11T04:52:25.963+0000] {taskinstance.py:1308} INFO - Starting attempt 1 of 6
[2023-06-11T04:52:26.311+0000] {taskinstance.py:1327} INFO - Executing <Task(BashOperator): second_task> on 2021-10-02 00:00:00+00:00
[2023-06-11T04:52:26.366+0000] {standard_task_runner.py:57} INFO - Started process 942 to run task
[2023-06-11T04:52:26.422+0000] {standard_task_runner.py:84} INFO - Running: ['***', 'tasks', 'run', 'first_dag_02', 'second_task', 'scheduled__2021-10-02T00:00:00+00:00', '--job-id', '281', '--raw', '--subdir', 'DAGS_FOLDER/First_dag.py', '--cfg-path', '/tmp/tmpm4yx297_']
[2023-06-11T04:52:26.438+0000] {standard_task_runner.py:85} INFO - Job 281: Subtask second_task
[2023-06-11T04:52:27.266+0000] {task_command.py:410} INFO - Running <TaskInstance: first_dag_02.second_task scheduled__2021-10-02T00:00:00+00:00 [running]> on host 4b1b5d40d165
[2023-06-11T04:52:31.071+0000] {taskinstance.py:1547} INFO - Exporting env vars: AIRFLOW_CTX_DAG_OWNER='Raja' AIRFLOW_CTX_DAG_ID='first_dag_02' AIRFLOW_CTX_TASK_ID='second_task' AIRFLOW_CTX_EXECUTION_DATE='2021-10-02T00:00:00+00:00' AIRFLOW_CTX_TRY_NUMBER='1' AIRFLOW_CTX_DAG_RUN_ID='scheduled__2021-10-02T00:00:00+00:00'
[2023-06-11T04:52:31.100+0000] {subprocess.py:63} INFO - Tmp dir root location: 
 /tmp
[2023-06-11T04:52:31.101+0000] {subprocess.py:75} INFO - Running command: ['/bin/bash', '-c', 'echo hey, I am task2 and will be running after task1!']
[2023-06-11T04:52:31.260+0000] {subprocess.py:86} INFO - Output:
[2023-06-11T04:52:31.309+0000] {subprocess.py:93} INFO - hey, I am task2 and will be running after task1!
[2023-06-11T04:52:31.323+0000] {subprocess.py:97} INFO - Command exited with return code 0
[2023-06-11T04:52:32.183+0000] {taskinstance.py:1350} INFO - Marking task as SUCCESS. dag_id=first_dag_02, task_id=second_task, execution_date=20211002T000000, start_date=20230611T045225, end_date=20230611T045232
[2023-06-11T04:52:32.925+0000] {local_task_job_runner.py:225} INFO - Task exited with return code 0
[2023-06-11T04:52:33.181+0000] {taskinstance.py:2651} INFO - 0 downstream tasks scheduled from follow-on schedule check
[2023-06-11T08:29:17.816+0000] {taskinstance.py:1103} INFO - Dependencies all met for dep_context=non-requeueable deps ti=<TaskInstance: first_dag_02.second_task scheduled__2021-10-02T00:00:00+00:00 [queued]>
[2023-06-11T08:29:17.904+0000] {taskinstance.py:1103} INFO - Dependencies all met for dep_context=requeueable deps ti=<TaskInstance: first_dag_02.second_task scheduled__2021-10-02T00:00:00+00:00 [queued]>
[2023-06-11T08:29:17.905+0000] {taskinstance.py:1308} INFO - Starting attempt 1 of 6
[2023-06-11T08:29:18.799+0000] {taskinstance.py:1327} INFO - Executing <Task(BashOperator): second_task> on 2021-10-02 00:00:00+00:00
[2023-06-11T08:29:18.939+0000] {standard_task_runner.py:57} INFO - Started process 1304 to run task
[2023-06-11T08:29:19.066+0000] {standard_task_runner.py:84} INFO - Running: ['***', 'tasks', 'run', 'first_dag_02', 'second_task', 'scheduled__2021-10-02T00:00:00+00:00', '--job-id', '401', '--raw', '--subdir', 'DAGS_FOLDER/First_dag.py', '--cfg-path', '/tmp/tmpswxje9yt']
[2023-06-11T08:29:19.067+0000] {standard_task_runner.py:85} INFO - Job 401: Subtask second_task
[2023-06-11T08:29:20.088+0000] {task_command.py:410} INFO - Running <TaskInstance: first_dag_02.second_task scheduled__2021-10-02T00:00:00+00:00 [running]> on host 492037cdd057
[2023-06-11T08:29:23.033+0000] {taskinstance.py:1547} INFO - Exporting env vars: AIRFLOW_CTX_DAG_OWNER='Raja' AIRFLOW_CTX_DAG_ID='first_dag_02' AIRFLOW_CTX_TASK_ID='second_task' AIRFLOW_CTX_EXECUTION_DATE='2021-10-02T00:00:00+00:00' AIRFLOW_CTX_TRY_NUMBER='1' AIRFLOW_CTX_DAG_RUN_ID='scheduled__2021-10-02T00:00:00+00:00'
[2023-06-11T08:29:23.060+0000] {subprocess.py:63} INFO - Tmp dir root location: 
 /tmp
[2023-06-11T08:29:23.061+0000] {subprocess.py:75} INFO - Running command: ['/bin/bash', '-c', 'echo hey, I am task2 and will be running after task1!']
[2023-06-11T08:29:23.284+0000] {subprocess.py:86} INFO - Output:
[2023-06-11T08:29:23.336+0000] {subprocess.py:93} INFO - hey, I am task2 and will be running after task1!
[2023-06-11T08:29:23.336+0000] {subprocess.py:97} INFO - Command exited with return code 0
[2023-06-11T08:29:23.555+0000] {taskinstance.py:1350} INFO - Marking task as SUCCESS. dag_id=first_dag_02, task_id=second_task, execution_date=20211002T000000, start_date=20230611T082917, end_date=20230611T082923
[2023-06-11T08:29:23.888+0000] {local_task_job_runner.py:225} INFO - Task exited with return code 0
[2023-06-11T08:29:24.314+0000] {taskinstance.py:2651} INFO - 0 downstream tasks scheduled from follow-on schedule check
[2023-06-11T08:51:40.330+0000] {taskinstance.py:1103} INFO - Dependencies all met for dep_context=non-requeueable deps ti=<TaskInstance: first_dag_02.second_task scheduled__2021-10-02T00:00:00+00:00 [queued]>
[2023-06-11T08:51:40.504+0000] {taskinstance.py:1103} INFO - Dependencies all met for dep_context=requeueable deps ti=<TaskInstance: first_dag_02.second_task scheduled__2021-10-02T00:00:00+00:00 [queued]>
[2023-06-11T08:51:40.504+0000] {taskinstance.py:1308} INFO - Starting attempt 1 of 6
[2023-06-11T08:51:40.727+0000] {taskinstance.py:1327} INFO - Executing <Task(BashOperator): second_task> on 2021-10-02 00:00:00+00:00
[2023-06-11T08:51:40.744+0000] {standard_task_runner.py:57} INFO - Started process 1167 to run task
[2023-06-11T08:51:40.862+0000] {standard_task_runner.py:84} INFO - Running: ['***', 'tasks', 'run', 'first_dag_02', 'second_task', 'scheduled__2021-10-02T00:00:00+00:00', '--job-id', '361', '--raw', '--subdir', 'DAGS_FOLDER/First_dag.py', '--cfg-path', '/tmp/tmpc00130rv']
[2023-06-11T08:51:40.863+0000] {standard_task_runner.py:85} INFO - Job 361: Subtask second_task
[2023-06-11T08:51:41.579+0000] {task_command.py:410} INFO - Running <TaskInstance: first_dag_02.second_task scheduled__2021-10-02T00:00:00+00:00 [running]> on host 964e508aad03
[2023-06-11T08:51:42.922+0000] {taskinstance.py:1547} INFO - Exporting env vars: AIRFLOW_CTX_DAG_OWNER='Raja' AIRFLOW_CTX_DAG_ID='first_dag_02' AIRFLOW_CTX_TASK_ID='second_task' AIRFLOW_CTX_EXECUTION_DATE='2021-10-02T00:00:00+00:00' AIRFLOW_CTX_TRY_NUMBER='1' AIRFLOW_CTX_DAG_RUN_ID='scheduled__2021-10-02T00:00:00+00:00'
[2023-06-11T08:51:42.926+0000] {subprocess.py:63} INFO - Tmp dir root location: 
 /tmp
[2023-06-11T08:51:42.933+0000] {subprocess.py:75} INFO - Running command: ['/bin/bash', '-c', 'echo hey, I am task2 and will be running after task1!']
[2023-06-11T08:51:43.078+0000] {subprocess.py:86} INFO - Output:
[2023-06-11T08:51:43.106+0000] {subprocess.py:93} INFO - hey, I am task2 and will be running after task1!
[2023-06-11T08:51:43.107+0000] {subprocess.py:97} INFO - Command exited with return code 0
[2023-06-11T08:51:43.426+0000] {taskinstance.py:1350} INFO - Marking task as SUCCESS. dag_id=first_dag_02, task_id=second_task, execution_date=20211002T000000, start_date=20230611T085140, end_date=20230611T085143
[2023-06-11T08:51:43.799+0000] {local_task_job_runner.py:225} INFO - Task exited with return code 0
[2023-06-11T08:51:44.191+0000] {taskinstance.py:2651} INFO - 0 downstream tasks scheduled from follow-on schedule check
[2023-06-11T10:57:45.573+0000] {taskinstance.py:1103} INFO - Dependencies all met for dep_context=non-requeueable deps ti=<TaskInstance: first_dag_02.second_task scheduled__2021-10-02T00:00:00+00:00 [queued]>
[2023-06-11T10:57:45.629+0000] {taskinstance.py:1103} INFO - Dependencies all met for dep_context=requeueable deps ti=<TaskInstance: first_dag_02.second_task scheduled__2021-10-02T00:00:00+00:00 [queued]>
[2023-06-11T10:57:45.631+0000] {taskinstance.py:1308} INFO - Starting attempt 1 of 6
[2023-06-11T10:57:45.997+0000] {taskinstance.py:1327} INFO - Executing <Task(BashOperator): second_task> on 2021-10-02 00:00:00+00:00
[2023-06-11T10:57:46.050+0000] {standard_task_runner.py:57} INFO - Started process 1271 to run task
[2023-06-11T10:57:46.683+0000] {standard_task_runner.py:84} INFO - Running: ['***', 'tasks', 'run', 'first_dag_02', 'second_task', 'scheduled__2021-10-02T00:00:00+00:00', '--job-id', '348', '--raw', '--subdir', 'DAGS_FOLDER/First_dag.py', '--cfg-path', '/tmp/tmpbvqne5_z']
[2023-06-11T10:57:46.685+0000] {standard_task_runner.py:85} INFO - Job 348: Subtask second_task
[2023-06-11T10:57:47.551+0000] {task_command.py:410} INFO - Running <TaskInstance: first_dag_02.second_task scheduled__2021-10-02T00:00:00+00:00 [running]> on host 7586ce0070ac
[2023-06-11T10:57:51.323+0000] {taskinstance.py:1547} INFO - Exporting env vars: AIRFLOW_CTX_DAG_OWNER='Raja' AIRFLOW_CTX_DAG_ID='first_dag_02' AIRFLOW_CTX_TASK_ID='second_task' AIRFLOW_CTX_EXECUTION_DATE='2021-10-02T00:00:00+00:00' AIRFLOW_CTX_TRY_NUMBER='1' AIRFLOW_CTX_DAG_RUN_ID='scheduled__2021-10-02T00:00:00+00:00'
[2023-06-11T10:57:51.338+0000] {subprocess.py:63} INFO - Tmp dir root location: 
 /tmp
[2023-06-11T10:57:51.342+0000] {subprocess.py:75} INFO - Running command: ['/bin/bash', '-c', 'echo hey, I am task2 and will be running after task1!']
[2023-06-11T10:57:51.561+0000] {subprocess.py:86} INFO - Output:
[2023-06-11T10:57:51.662+0000] {subprocess.py:93} INFO - hey, I am task2 and will be running after task1!
[2023-06-11T10:57:51.672+0000] {subprocess.py:97} INFO - Command exited with return code 0
[2023-06-11T10:57:52.287+0000] {taskinstance.py:1350} INFO - Marking task as SUCCESS. dag_id=first_dag_02, task_id=second_task, execution_date=20211002T000000, start_date=20230611T105745, end_date=20230611T105752
[2023-06-11T10:57:52.919+0000] {local_task_job_runner.py:225} INFO - Task exited with return code 0
[2023-06-11T10:57:52.991+0000] {taskinstance.py:2651} INFO - 0 downstream tasks scheduled from follow-on schedule check
