[2023-06-11T09:42:58.456+0000] {taskinstance.py:1103} INFO - Dependencies all met for dep_context=non-requeueable deps ti=<TaskInstance: dag_cron_expression_03.task1 scheduled__2021-11-18T03:00:00+00:00 [queued]>
[2023-06-11T09:42:58.543+0000] {taskinstance.py:1103} INFO - Dependencies all met for dep_context=requeueable deps ti=<TaskInstance: dag_cron_expression_03.task1 scheduled__2021-11-18T03:00:00+00:00 [queued]>
[2023-06-11T09:42:58.544+0000] {taskinstance.py:1308} INFO - Starting attempt 1 of 6
[2023-06-11T09:42:58.741+0000] {taskinstance.py:1327} INFO - Executing <Task(BashOperator): task1> on 2021-11-18 03:00:00+00:00
[2023-06-11T09:42:58.841+0000] {standard_task_runner.py:57} INFO - Started process 4197 to run task
[2023-06-11T09:42:58.907+0000] {standard_task_runner.py:84} INFO - Running: ['***', 'tasks', 'run', 'dag_cron_expression_03', 'task1', 'scheduled__2021-11-18T03:00:00+00:00', '--job-id', '1288', '--raw', '--subdir', 'DAGS_FOLDER/dag_corn.py', '--cfg-path', '/tmp/tmp4n1bm_md']
[2023-06-11T09:42:58.976+0000] {standard_task_runner.py:85} INFO - Job 1288: Subtask task1
[2023-06-11T09:43:00.289+0000] {task_command.py:410} INFO - Running <TaskInstance: dag_cron_expression_03.task1 scheduled__2021-11-18T03:00:00+00:00 [running]> on host 964e508aad03
[2023-06-11T09:43:04.474+0000] {taskinstance.py:1547} INFO - Exporting env vars: AIRFLOW_CTX_DAG_OWNER='Raja' AIRFLOW_CTX_DAG_ID='dag_cron_expression_03' AIRFLOW_CTX_TASK_ID='task1' AIRFLOW_CTX_EXECUTION_DATE='2021-11-18T03:00:00+00:00' AIRFLOW_CTX_TRY_NUMBER='1' AIRFLOW_CTX_DAG_RUN_ID='scheduled__2021-11-18T03:00:00+00:00'
[2023-06-11T09:43:04.488+0000] {subprocess.py:63} INFO - Tmp dir root location: 
 /tmp
[2023-06-11T09:43:04.489+0000] {subprocess.py:75} INFO - Running command: ['/bin/bash', '-c', 'echo dag with cron expression!']
[2023-06-11T09:43:04.695+0000] {subprocess.py:86} INFO - Output:
[2023-06-11T09:43:04.753+0000] {subprocess.py:93} INFO - dag with cron expression!
[2023-06-11T09:43:04.753+0000] {subprocess.py:97} INFO - Command exited with return code 0
[2023-06-11T09:43:05.303+0000] {taskinstance.py:1350} INFO - Marking task as SUCCESS. dag_id=dag_cron_expression_03, task_id=task1, execution_date=20211118T030000, start_date=20230611T094258, end_date=20230611T094305
[2023-06-11T09:43:05.542+0000] {local_task_job_runner.py:225} INFO - Task exited with return code 0
[2023-06-11T09:43:05.953+0000] {taskinstance.py:2651} INFO - 0 downstream tasks scheduled from follow-on schedule check
[2023-06-11T10:37:19.763+0000] {taskinstance.py:1103} INFO - Dependencies all met for dep_context=non-requeueable deps ti=<TaskInstance: dag_cron_expression_03.task1 scheduled__2021-11-18T03:00:00+00:00 [queued]>
[2023-06-11T10:37:20.267+0000] {taskinstance.py:1103} INFO - Dependencies all met for dep_context=requeueable deps ti=<TaskInstance: dag_cron_expression_03.task1 scheduled__2021-11-18T03:00:00+00:00 [queued]>
[2023-06-11T10:37:20.269+0000] {taskinstance.py:1308} INFO - Starting attempt 1 of 6
[2023-06-11T10:37:20.723+0000] {taskinstance.py:1327} INFO - Executing <Task(BashOperator): task1> on 2021-11-18 03:00:00+00:00
[2023-06-11T10:37:20.813+0000] {standard_task_runner.py:57} INFO - Started process 247 to run task
[2023-06-11T10:37:21.133+0000] {standard_task_runner.py:84} INFO - Running: ['***', 'tasks', 'run', 'dag_cron_expression_03', 'task1', 'scheduled__2021-11-18T03:00:00+00:00', '--job-id', '60', '--raw', '--subdir', 'DAGS_FOLDER/dag_corn.py', '--cfg-path', '/tmp/tmp7v21g9zy']
[2023-06-11T10:37:21.165+0000] {standard_task_runner.py:85} INFO - Job 60: Subtask task1
[2023-06-11T10:37:22.462+0000] {task_command.py:410} INFO - Running <TaskInstance: dag_cron_expression_03.task1 scheduled__2021-11-18T03:00:00+00:00 [running]> on host 7586ce0070ac
[2023-06-11T10:37:27.577+0000] {taskinstance.py:1547} INFO - Exporting env vars: AIRFLOW_CTX_DAG_OWNER='Raja' AIRFLOW_CTX_DAG_ID='dag_cron_expression_03' AIRFLOW_CTX_TASK_ID='task1' AIRFLOW_CTX_EXECUTION_DATE='2021-11-18T03:00:00+00:00' AIRFLOW_CTX_TRY_NUMBER='1' AIRFLOW_CTX_DAG_RUN_ID='scheduled__2021-11-18T03:00:00+00:00'
[2023-06-11T10:37:27.611+0000] {subprocess.py:63} INFO - Tmp dir root location: 
 /tmp
[2023-06-11T10:37:27.614+0000] {subprocess.py:75} INFO - Running command: ['/bin/bash', '-c', 'echo dag with cron expression!']
[2023-06-11T10:37:27.779+0000] {subprocess.py:86} INFO - Output:
[2023-06-11T10:37:27.789+0000] {subprocess.py:93} INFO - dag with cron expression!
[2023-06-11T10:37:27.812+0000] {subprocess.py:97} INFO - Command exited with return code 0
[2023-06-11T10:37:28.016+0000] {taskinstance.py:1350} INFO - Marking task as SUCCESS. dag_id=dag_cron_expression_03, task_id=task1, execution_date=20211118T030000, start_date=20230611T103720, end_date=20230611T103728
[2023-06-11T10:37:29.138+0000] {local_task_job_runner.py:225} INFO - Task exited with return code 0
[2023-06-11T10:37:30.254+0000] {taskinstance.py:2651} INFO - 0 downstream tasks scheduled from follow-on schedule check
[2023-06-12T03:35:03.930+0000] {taskinstance.py:1103} INFO - Dependencies all met for dep_context=non-requeueable deps ti=<TaskInstance: dag_cron_expression_03.task1 scheduled__2021-11-18T03:00:00+00:00 [queued]>
[2023-06-12T03:35:04.635+0000] {taskinstance.py:1103} INFO - Dependencies all met for dep_context=requeueable deps ti=<TaskInstance: dag_cron_expression_03.task1 scheduled__2021-11-18T03:00:00+00:00 [queued]>
[2023-06-12T03:35:04.659+0000] {taskinstance.py:1308} INFO - Starting attempt 1 of 6
[2023-06-12T03:35:05.391+0000] {taskinstance.py:1327} INFO - Executing <Task(BashOperator): task1> on 2021-11-18 03:00:00+00:00
[2023-06-12T03:35:05.423+0000] {standard_task_runner.py:57} INFO - Started process 359 to run task
[2023-06-12T03:35:05.441+0000] {standard_task_runner.py:84} INFO - Running: ['***', 'tasks', 'run', 'dag_cron_expression_03', 'task1', 'scheduled__2021-11-18T03:00:00+00:00', '--job-id', '93', '--raw', '--subdir', 'DAGS_FOLDER/dag_cron.py', '--cfg-path', '/tmp/tmp6u7puq30']
[2023-06-12T03:35:05.442+0000] {standard_task_runner.py:85} INFO - Job 93: Subtask task1
[2023-06-12T03:35:06.974+0000] {task_command.py:410} INFO - Running <TaskInstance: dag_cron_expression_03.task1 scheduled__2021-11-18T03:00:00+00:00 [running]> on host 03cd9a7904e9
[2023-06-12T03:35:09.321+0000] {taskinstance.py:1547} INFO - Exporting env vars: AIRFLOW_CTX_DAG_OWNER='Raja' AIRFLOW_CTX_DAG_ID='dag_cron_expression_03' AIRFLOW_CTX_TASK_ID='task1' AIRFLOW_CTX_EXECUTION_DATE='2021-11-18T03:00:00+00:00' AIRFLOW_CTX_TRY_NUMBER='1' AIRFLOW_CTX_DAG_RUN_ID='scheduled__2021-11-18T03:00:00+00:00'
[2023-06-12T03:35:09.330+0000] {subprocess.py:63} INFO - Tmp dir root location: 
 /tmp
[2023-06-12T03:35:09.339+0000] {subprocess.py:75} INFO - Running command: ['/bin/bash', '-c', 'echo dag with cron expression!']
[2023-06-12T03:35:09.383+0000] {subprocess.py:86} INFO - Output:
[2023-06-12T03:35:09.386+0000] {subprocess.py:93} INFO - dag with cron expression!
[2023-06-12T03:35:09.387+0000] {subprocess.py:97} INFO - Command exited with return code 0
[2023-06-12T03:35:09.853+0000] {taskinstance.py:1350} INFO - Marking task as SUCCESS. dag_id=dag_cron_expression_03, task_id=task1, execution_date=20211118T030000, start_date=20230612T033504, end_date=20230612T033509
[2023-06-12T03:35:10.419+0000] {local_task_job_runner.py:225} INFO - Task exited with return code 0
[2023-06-12T03:35:11.595+0000] {taskinstance.py:2651} INFO - 0 downstream tasks scheduled from follow-on schedule check
