[2023-06-11T05:20:41.097+0000] {taskinstance.py:1103} INFO - Dependencies all met for dep_context=non-requeueable deps ti=<TaskInstance: dag_catchip_01.task1 scheduled__2023-05-26T00:00:00+00:00 [queued]>
[2023-06-11T05:20:41.126+0000] {taskinstance.py:1103} INFO - Dependencies all met for dep_context=requeueable deps ti=<TaskInstance: dag_catchip_01.task1 scheduled__2023-05-26T00:00:00+00:00 [queued]>
[2023-06-11T05:20:41.127+0000] {taskinstance.py:1308} INFO - Starting attempt 1 of 6
[2023-06-11T05:20:41.258+0000] {taskinstance.py:1327} INFO - Executing <Task(BashOperator): task1> on 2023-05-26 00:00:00+00:00
[2023-06-11T05:20:41.288+0000] {standard_task_runner.py:57} INFO - Started process 780 to run task
[2023-06-11T05:20:41.293+0000] {standard_task_runner.py:84} INFO - Running: ['***', 'tasks', 'run', 'dag_catchip_01', 'task1', 'scheduled__2023-05-26T00:00:00+00:00', '--job-id', '213', '--raw', '--subdir', 'DAGS_FOLDER/dag_catchup.py', '--cfg-path', '/tmp/tmpqjnw0s0a']
[2023-06-11T05:20:41.294+0000] {standard_task_runner.py:85} INFO - Job 213: Subtask task1
[2023-06-11T05:20:41.445+0000] {task_command.py:410} INFO - Running <TaskInstance: dag_catchip_01.task1 scheduled__2023-05-26T00:00:00+00:00 [running]> on host 69e374580eab
[2023-06-11T05:20:41.795+0000] {taskinstance.py:1547} INFO - Exporting env vars: AIRFLOW_CTX_DAG_OWNER='Raja' AIRFLOW_CTX_DAG_ID='dag_catchip_01' AIRFLOW_CTX_TASK_ID='task1' AIRFLOW_CTX_EXECUTION_DATE='2023-05-26T00:00:00+00:00' AIRFLOW_CTX_TRY_NUMBER='1' AIRFLOW_CTX_DAG_RUN_ID='scheduled__2023-05-26T00:00:00+00:00'
[2023-06-11T05:20:41.797+0000] {subprocess.py:63} INFO - Tmp dir root location: 
 /tmp
[2023-06-11T05:20:41.797+0000] {subprocess.py:75} INFO - Running command: ['/bin/bash', '-c', 'echo Hai how are you']
[2023-06-11T05:20:41.829+0000] {subprocess.py:86} INFO - Output:
[2023-06-11T05:20:41.833+0000] {subprocess.py:93} INFO - Hai how are you
[2023-06-11T05:20:41.834+0000] {subprocess.py:97} INFO - Command exited with return code 0
[2023-06-11T05:20:41.946+0000] {taskinstance.py:1350} INFO - Marking task as SUCCESS. dag_id=dag_catchip_01, task_id=task1, execution_date=20230526T000000, start_date=20230611T052041, end_date=20230611T052041
[2023-06-11T05:20:42.049+0000] {local_task_job_runner.py:225} INFO - Task exited with return code 0
[2023-06-11T05:20:42.124+0000] {taskinstance.py:2651} INFO - 0 downstream tasks scheduled from follow-on schedule check
[2023-06-11T08:24:33.362+0000] {taskinstance.py:1103} INFO - Dependencies all met for dep_context=non-requeueable deps ti=<TaskInstance: dag_catchip_01.task1 scheduled__2023-05-26T00:00:00+00:00 [queued]>
[2023-06-11T08:24:34.094+0000] {taskinstance.py:1103} INFO - Dependencies all met for dep_context=requeueable deps ti=<TaskInstance: dag_catchip_01.task1 scheduled__2023-05-26T00:00:00+00:00 [queued]>
[2023-06-11T08:24:34.106+0000] {taskinstance.py:1308} INFO - Starting attempt 1 of 6
[2023-06-11T08:24:35.638+0000] {taskinstance.py:1327} INFO - Executing <Task(BashOperator): task1> on 2023-05-26 00:00:00+00:00
[2023-06-11T08:24:35.659+0000] {standard_task_runner.py:57} INFO - Started process 985 to run task
[2023-06-11T08:24:35.780+0000] {standard_task_runner.py:84} INFO - Running: ['***', 'tasks', 'run', 'dag_catchip_01', 'task1', 'scheduled__2023-05-26T00:00:00+00:00', '--job-id', '307', '--raw', '--subdir', 'DAGS_FOLDER/dag_catchup.py', '--cfg-path', '/tmp/tmpm7drji01']
[2023-06-11T08:24:35.790+0000] {standard_task_runner.py:85} INFO - Job 307: Subtask task1
[2023-06-11T08:24:36.547+0000] {task_command.py:410} INFO - Running <TaskInstance: dag_catchip_01.task1 scheduled__2023-05-26T00:00:00+00:00 [running]> on host 492037cdd057
[2023-06-11T08:24:38.971+0000] {taskinstance.py:1547} INFO - Exporting env vars: AIRFLOW_CTX_DAG_OWNER='Raja' AIRFLOW_CTX_DAG_ID='dag_catchip_01' AIRFLOW_CTX_TASK_ID='task1' AIRFLOW_CTX_EXECUTION_DATE='2023-05-26T00:00:00+00:00' AIRFLOW_CTX_TRY_NUMBER='1' AIRFLOW_CTX_DAG_RUN_ID='scheduled__2023-05-26T00:00:00+00:00'
[2023-06-11T08:24:38.973+0000] {subprocess.py:63} INFO - Tmp dir root location: 
 /tmp
[2023-06-11T08:24:38.974+0000] {subprocess.py:75} INFO - Running command: ['/bin/bash', '-c', 'echo Hai how are you']
[2023-06-11T08:24:39.060+0000] {subprocess.py:86} INFO - Output:
[2023-06-11T08:24:39.140+0000] {subprocess.py:93} INFO - Hai how are you
[2023-06-11T08:24:39.141+0000] {subprocess.py:97} INFO - Command exited with return code 0
[2023-06-11T08:24:39.597+0000] {taskinstance.py:1350} INFO - Marking task as SUCCESS. dag_id=dag_catchip_01, task_id=task1, execution_date=20230526T000000, start_date=20230611T082433, end_date=20230611T082439
[2023-06-11T08:24:40.064+0000] {local_task_job_runner.py:225} INFO - Task exited with return code 0
[2023-06-11T08:24:40.725+0000] {taskinstance.py:2651} INFO - 0 downstream tasks scheduled from follow-on schedule check
