[2023-06-11T09:44:12.584+0000] {taskinstance.py:1103} INFO - Dependencies all met for dep_context=non-requeueable deps ti=<TaskInstance: first_dag_02.first_task scheduled__2022-05-14T00:00:00+00:00 [queued]>
[2023-06-11T09:44:12.692+0000] {taskinstance.py:1103} INFO - Dependencies all met for dep_context=requeueable deps ti=<TaskInstance: first_dag_02.first_task scheduled__2022-05-14T00:00:00+00:00 [queued]>
[2023-06-11T09:44:12.692+0000] {taskinstance.py:1308} INFO - Starting attempt 1 of 6
[2023-06-11T09:44:12.928+0000] {taskinstance.py:1327} INFO - Executing <Task(BashOperator): first_task> on 2022-05-14 00:00:00+00:00
[2023-06-11T09:44:13.008+0000] {standard_task_runner.py:57} INFO - Started process 4450 to run task
[2023-06-11T09:44:13.075+0000] {standard_task_runner.py:84} INFO - Running: ['***', 'tasks', 'run', 'first_dag_02', 'first_task', 'scheduled__2022-05-14T00:00:00+00:00', '--job-id', '1365', '--raw', '--subdir', 'DAGS_FOLDER/First_dag.py', '--cfg-path', '/tmp/tmpjbi1kbxg']
[2023-06-11T09:44:13.076+0000] {standard_task_runner.py:85} INFO - Job 1365: Subtask first_task
[2023-06-11T09:44:13.717+0000] {task_command.py:410} INFO - Running <TaskInstance: first_dag_02.first_task scheduled__2022-05-14T00:00:00+00:00 [running]> on host 964e508aad03
[2023-06-11T09:44:14.977+0000] {taskinstance.py:1547} INFO - Exporting env vars: AIRFLOW_CTX_DAG_OWNER='Raja' AIRFLOW_CTX_DAG_ID='first_dag_02' AIRFLOW_CTX_TASK_ID='first_task' AIRFLOW_CTX_EXECUTION_DATE='2022-05-14T00:00:00+00:00' AIRFLOW_CTX_TRY_NUMBER='1' AIRFLOW_CTX_DAG_RUN_ID='scheduled__2022-05-14T00:00:00+00:00'
[2023-06-11T09:44:15.005+0000] {subprocess.py:63} INFO - Tmp dir root location: 
 /tmp
[2023-06-11T09:44:15.006+0000] {subprocess.py:75} INFO - Running command: ['/bin/bash', '-c', 'echo hello world, this is the first task!']
[2023-06-11T09:44:15.123+0000] {subprocess.py:86} INFO - Output:
[2023-06-11T09:44:15.128+0000] {subprocess.py:93} INFO - hello world, this is the first task!
[2023-06-11T09:44:15.132+0000] {subprocess.py:97} INFO - Command exited with return code 0
[2023-06-11T09:44:15.776+0000] {taskinstance.py:1350} INFO - Marking task as SUCCESS. dag_id=first_dag_02, task_id=first_task, execution_date=20220514T000000, start_date=20230611T094412, end_date=20230611T094415
[2023-06-11T09:44:16.171+0000] {local_task_job_runner.py:225} INFO - Task exited with return code 0
[2023-06-11T09:44:16.647+0000] {taskinstance.py:2651} INFO - 2 downstream tasks scheduled from follow-on schedule check
[2023-06-11T15:31:11.966+0000] {taskinstance.py:1103} INFO - Dependencies all met for dep_context=non-requeueable deps ti=<TaskInstance: first_dag_02.first_task scheduled__2022-05-14T00:00:00+00:00 [queued]>
[2023-06-11T15:31:12.254+0000] {taskinstance.py:1103} INFO - Dependencies all met for dep_context=requeueable deps ti=<TaskInstance: first_dag_02.first_task scheduled__2022-05-14T00:00:00+00:00 [queued]>
[2023-06-11T15:31:12.268+0000] {taskinstance.py:1308} INFO - Starting attempt 1 of 6
[2023-06-11T15:31:12.844+0000] {taskinstance.py:1327} INFO - Executing <Task(BashOperator): first_task> on 2022-05-14 00:00:00+00:00
[2023-06-11T15:31:12.875+0000] {standard_task_runner.py:57} INFO - Started process 1060 to run task
[2023-06-11T15:31:12.887+0000] {standard_task_runner.py:84} INFO - Running: ['***', 'tasks', 'run', 'first_dag_02', 'first_task', 'scheduled__2022-05-14T00:00:00+00:00', '--job-id', '1410', '--raw', '--subdir', 'DAGS_FOLDER/First_dag.py', '--cfg-path', '/tmp/tmp5vieqpzm']
[2023-06-11T15:31:12.950+0000] {standard_task_runner.py:85} INFO - Job 1410: Subtask first_task
[2023-06-11T15:31:13.732+0000] {task_command.py:410} INFO - Running <TaskInstance: first_dag_02.first_task scheduled__2022-05-14T00:00:00+00:00 [running]> on host 7586ce0070ac
[2023-06-11T15:31:16.443+0000] {taskinstance.py:1547} INFO - Exporting env vars: AIRFLOW_CTX_DAG_OWNER='Raja' AIRFLOW_CTX_DAG_ID='first_dag_02' AIRFLOW_CTX_TASK_ID='first_task' AIRFLOW_CTX_EXECUTION_DATE='2022-05-14T00:00:00+00:00' AIRFLOW_CTX_TRY_NUMBER='1' AIRFLOW_CTX_DAG_RUN_ID='scheduled__2022-05-14T00:00:00+00:00'
[2023-06-11T15:31:16.476+0000] {subprocess.py:63} INFO - Tmp dir root location: 
 /tmp
[2023-06-11T15:31:16.480+0000] {subprocess.py:75} INFO - Running command: ['/bin/bash', '-c', 'echo hello world, this is the first task!']
[2023-06-11T15:31:16.624+0000] {subprocess.py:86} INFO - Output:
[2023-06-11T15:31:16.624+0000] {subprocess.py:93} INFO - hello world, this is the first task!
[2023-06-11T15:31:16.625+0000] {subprocess.py:97} INFO - Command exited with return code 0
[2023-06-11T15:31:17.107+0000] {taskinstance.py:1350} INFO - Marking task as SUCCESS. dag_id=first_dag_02, task_id=first_task, execution_date=20220514T000000, start_date=20230611T153112, end_date=20230611T153117
[2023-06-11T15:31:17.579+0000] {local_task_job_runner.py:225} INFO - Task exited with return code 0
[2023-06-11T15:31:17.748+0000] {taskinstance.py:2651} INFO - 2 downstream tasks scheduled from follow-on schedule check
