[2023-06-11T09:00:55.031+0000] {taskinstance.py:1103} INFO - Dependencies all met for dep_context=non-requeueable deps ti=<TaskInstance: first_dag_02.first_task scheduled__2022-02-28T00:00:00+00:00 [queued]>
[2023-06-11T09:00:55.278+0000] {taskinstance.py:1103} INFO - Dependencies all met for dep_context=requeueable deps ti=<TaskInstance: first_dag_02.first_task scheduled__2022-02-28T00:00:00+00:00 [queued]>
[2023-06-11T09:00:55.278+0000] {taskinstance.py:1308} INFO - Starting attempt 1 of 6
[2023-06-11T09:00:55.930+0000] {taskinstance.py:1327} INFO - Executing <Task(BashOperator): first_task> on 2022-02-28 00:00:00+00:00
[2023-06-11T09:00:56.031+0000] {standard_task_runner.py:57} INFO - Started process 3288 to run task
[2023-06-11T09:00:56.056+0000] {standard_task_runner.py:84} INFO - Running: ['***', 'tasks', 'run', 'first_dag_02', 'first_task', 'scheduled__2022-02-28T00:00:00+00:00', '--job-id', '1024', '--raw', '--subdir', 'DAGS_FOLDER/First_dag.py', '--cfg-path', '/tmp/tmp1nu6e_gn']
[2023-06-11T09:00:56.115+0000] {standard_task_runner.py:85} INFO - Job 1024: Subtask first_task
[2023-06-11T09:00:57.132+0000] {task_command.py:410} INFO - Running <TaskInstance: first_dag_02.first_task scheduled__2022-02-28T00:00:00+00:00 [running]> on host 964e508aad03
[2023-06-11T09:00:59.134+0000] {taskinstance.py:1547} INFO - Exporting env vars: AIRFLOW_CTX_DAG_OWNER='Raja' AIRFLOW_CTX_DAG_ID='first_dag_02' AIRFLOW_CTX_TASK_ID='first_task' AIRFLOW_CTX_EXECUTION_DATE='2022-02-28T00:00:00+00:00' AIRFLOW_CTX_TRY_NUMBER='1' AIRFLOW_CTX_DAG_RUN_ID='scheduled__2022-02-28T00:00:00+00:00'
[2023-06-11T09:00:59.135+0000] {subprocess.py:63} INFO - Tmp dir root location: 
 /tmp
[2023-06-11T09:00:59.147+0000] {subprocess.py:75} INFO - Running command: ['/bin/bash', '-c', 'echo hello world, this is the first task!']
[2023-06-11T09:00:59.282+0000] {subprocess.py:86} INFO - Output:
[2023-06-11T09:00:59.303+0000] {subprocess.py:93} INFO - hello world, this is the first task!
[2023-06-11T09:00:59.304+0000] {subprocess.py:97} INFO - Command exited with return code 0
[2023-06-11T09:00:59.814+0000] {taskinstance.py:1350} INFO - Marking task as SUCCESS. dag_id=first_dag_02, task_id=first_task, execution_date=20220228T000000, start_date=20230611T090055, end_date=20230611T090059
[2023-06-11T09:01:00.062+0000] {local_task_job_runner.py:225} INFO - Task exited with return code 0
[2023-06-11T09:01:00.555+0000] {taskinstance.py:2651} INFO - 2 downstream tasks scheduled from follow-on schedule check
[2023-06-11T11:35:52.680+0000] {taskinstance.py:1103} INFO - Dependencies all met for dep_context=non-requeueable deps ti=<TaskInstance: first_dag_02.first_task scheduled__2022-02-28T00:00:00+00:00 [queued]>
[2023-06-11T11:35:53.345+0000] {taskinstance.py:1103} INFO - Dependencies all met for dep_context=requeueable deps ti=<TaskInstance: first_dag_02.first_task scheduled__2022-02-28T00:00:00+00:00 [queued]>
[2023-06-11T11:35:53.351+0000] {taskinstance.py:1308} INFO - Starting attempt 1 of 6
[2023-06-11T11:35:54.405+0000] {taskinstance.py:1327} INFO - Executing <Task(BashOperator): first_task> on 2022-02-28 00:00:00+00:00
[2023-06-11T11:35:54.429+0000] {standard_task_runner.py:57} INFO - Started process 754 to run task
[2023-06-11T11:35:54.567+0000] {standard_task_runner.py:84} INFO - Running: ['***', 'tasks', 'run', 'first_dag_02', 'first_task', 'scheduled__2022-02-28T00:00:00+00:00', '--job-id', '1027', '--raw', '--subdir', 'DAGS_FOLDER/First_dag.py', '--cfg-path', '/tmp/tmpgvl7si5x']
[2023-06-11T11:35:54.587+0000] {standard_task_runner.py:85} INFO - Job 1027: Subtask first_task
[2023-06-11T11:35:55.587+0000] {task_command.py:410} INFO - Running <TaskInstance: first_dag_02.first_task scheduled__2022-02-28T00:00:00+00:00 [running]> on host 7586ce0070ac
[2023-06-11T11:35:57.638+0000] {taskinstance.py:1547} INFO - Exporting env vars: AIRFLOW_CTX_DAG_OWNER='Raja' AIRFLOW_CTX_DAG_ID='first_dag_02' AIRFLOW_CTX_TASK_ID='first_task' AIRFLOW_CTX_EXECUTION_DATE='2022-02-28T00:00:00+00:00' AIRFLOW_CTX_TRY_NUMBER='1' AIRFLOW_CTX_DAG_RUN_ID='scheduled__2022-02-28T00:00:00+00:00'
[2023-06-11T11:35:57.656+0000] {subprocess.py:63} INFO - Tmp dir root location: 
 /tmp
[2023-06-11T11:35:57.658+0000] {subprocess.py:75} INFO - Running command: ['/bin/bash', '-c', 'echo hello world, this is the first task!']
[2023-06-11T11:35:58.010+0000] {subprocess.py:86} INFO - Output:
[2023-06-11T11:35:58.110+0000] {subprocess.py:93} INFO - hello world, this is the first task!
[2023-06-11T11:35:58.158+0000] {subprocess.py:97} INFO - Command exited with return code 0
[2023-06-11T11:35:59.085+0000] {taskinstance.py:1350} INFO - Marking task as SUCCESS. dag_id=first_dag_02, task_id=first_task, execution_date=20220228T000000, start_date=20230611T113552, end_date=20230611T113559
[2023-06-11T11:36:00.594+0000] {local_task_job_runner.py:225} INFO - Task exited with return code 0
[2023-06-11T11:36:01.241+0000] {taskinstance.py:2651} INFO - 2 downstream tasks scheduled from follow-on schedule check
