[2023-06-11T09:48:27.974+0000] {taskinstance.py:1103} INFO - Dependencies all met for dep_context=non-requeueable deps ti=<TaskInstance: dag_cron_expression_03.task1 scheduled__2022-04-05T03:00:00+00:00 [queued]>
[2023-06-11T09:48:28.032+0000] {taskinstance.py:1103} INFO - Dependencies all met for dep_context=requeueable deps ti=<TaskInstance: dag_cron_expression_03.task1 scheduled__2022-04-05T03:00:00+00:00 [queued]>
[2023-06-11T09:48:28.032+0000] {taskinstance.py:1308} INFO - Starting attempt 1 of 6
[2023-06-11T09:48:29.094+0000] {taskinstance.py:1327} INFO - Executing <Task(BashOperator): task1> on 2022-04-05 03:00:00+00:00
[2023-06-11T09:48:29.121+0000] {standard_task_runner.py:57} INFO - Started process 5245 to run task
[2023-06-11T09:48:29.192+0000] {standard_task_runner.py:84} INFO - Running: ['***', 'tasks', 'run', 'dag_cron_expression_03', 'task1', 'scheduled__2022-04-05T03:00:00+00:00', '--job-id', '1612', '--raw', '--subdir', 'DAGS_FOLDER/dag_corn.py', '--cfg-path', '/tmp/tmpl6fpfdsf']
[2023-06-11T09:48:29.193+0000] {standard_task_runner.py:85} INFO - Job 1612: Subtask task1
[2023-06-11T09:48:30.850+0000] {task_command.py:410} INFO - Running <TaskInstance: dag_cron_expression_03.task1 scheduled__2022-04-05T03:00:00+00:00 [running]> on host 964e508aad03
[2023-06-11T09:48:35.785+0000] {taskinstance.py:1547} INFO - Exporting env vars: AIRFLOW_CTX_DAG_OWNER='Raja' AIRFLOW_CTX_DAG_ID='dag_cron_expression_03' AIRFLOW_CTX_TASK_ID='task1' AIRFLOW_CTX_EXECUTION_DATE='2022-04-05T03:00:00+00:00' AIRFLOW_CTX_TRY_NUMBER='1' AIRFLOW_CTX_DAG_RUN_ID='scheduled__2022-04-05T03:00:00+00:00'
[2023-06-11T09:48:35.798+0000] {subprocess.py:63} INFO - Tmp dir root location: 
 /tmp
[2023-06-11T09:48:35.824+0000] {subprocess.py:75} INFO - Running command: ['/bin/bash', '-c', 'echo dag with cron expression!']
[2023-06-11T09:48:35.957+0000] {subprocess.py:86} INFO - Output:
[2023-06-11T09:48:35.974+0000] {subprocess.py:93} INFO - dag with cron expression!
[2023-06-11T09:48:35.976+0000] {subprocess.py:97} INFO - Command exited with return code 0
[2023-06-11T09:48:37.030+0000] {taskinstance.py:1350} INFO - Marking task as SUCCESS. dag_id=dag_cron_expression_03, task_id=task1, execution_date=20220405T030000, start_date=20230611T094827, end_date=20230611T094837
[2023-06-11T09:48:37.709+0000] {local_task_job_runner.py:225} INFO - Task exited with return code 0
[2023-06-11T09:48:39.035+0000] {taskinstance.py:2651} INFO - 0 downstream tasks scheduled from follow-on schedule check
[2023-06-11T11:00:09.981+0000] {taskinstance.py:1103} INFO - Dependencies all met for dep_context=non-requeueable deps ti=<TaskInstance: dag_cron_expression_03.task1 scheduled__2022-04-05T03:00:00+00:00 [queued]>
[2023-06-11T11:00:10.411+0000] {taskinstance.py:1103} INFO - Dependencies all met for dep_context=requeueable deps ti=<TaskInstance: dag_cron_expression_03.task1 scheduled__2022-04-05T03:00:00+00:00 [queued]>
[2023-06-11T11:00:10.413+0000] {taskinstance.py:1308} INFO - Starting attempt 1 of 6
[2023-06-11T11:00:11.100+0000] {taskinstance.py:1327} INFO - Executing <Task(BashOperator): task1> on 2022-04-05 03:00:00+00:00
[2023-06-11T11:00:11.144+0000] {standard_task_runner.py:57} INFO - Started process 1536 to run task
[2023-06-11T11:00:11.191+0000] {standard_task_runner.py:84} INFO - Running: ['***', 'tasks', 'run', 'dag_cron_expression_03', 'task1', 'scheduled__2022-04-05T03:00:00+00:00', '--job-id', '425', '--raw', '--subdir', 'DAGS_FOLDER/dag_cron.py', '--cfg-path', '/tmp/tmpvqqv69_l']
[2023-06-11T11:00:11.202+0000] {standard_task_runner.py:85} INFO - Job 425: Subtask task1
[2023-06-11T11:00:11.814+0000] {task_command.py:410} INFO - Running <TaskInstance: dag_cron_expression_03.task1 scheduled__2022-04-05T03:00:00+00:00 [running]> on host 7586ce0070ac
[2023-06-11T11:00:16.041+0000] {taskinstance.py:1547} INFO - Exporting env vars: AIRFLOW_CTX_DAG_OWNER='Raja' AIRFLOW_CTX_DAG_ID='dag_cron_expression_03' AIRFLOW_CTX_TASK_ID='task1' AIRFLOW_CTX_EXECUTION_DATE='2022-04-05T03:00:00+00:00' AIRFLOW_CTX_TRY_NUMBER='1' AIRFLOW_CTX_DAG_RUN_ID='scheduled__2022-04-05T03:00:00+00:00'
[2023-06-11T11:00:16.141+0000] {subprocess.py:63} INFO - Tmp dir root location: 
 /tmp
[2023-06-11T11:00:16.168+0000] {subprocess.py:75} INFO - Running command: ['/bin/bash', '-c', 'echo dag with cron expression!']
[2023-06-11T11:00:19.364+0000] {subprocess.py:86} INFO - Output:
[2023-06-11T11:00:22.901+0000] {subprocess.py:93} INFO - dag with cron expression!
[2023-06-11T11:00:23.007+0000] {subprocess.py:97} INFO - Command exited with return code 0
[2023-06-11T11:00:27.563+0000] {taskinstance.py:1350} INFO - Marking task as SUCCESS. dag_id=dag_cron_expression_03, task_id=task1, execution_date=20220405T030000, start_date=20230611T110010, end_date=20230611T110027
[2023-06-11T11:00:32.631+0000] {local_task_job_runner.py:225} INFO - Task exited with return code 0
[2023-06-11T11:00:35.516+0000] {taskinstance.py:2651} INFO - 0 downstream tasks scheduled from follow-on schedule check
