[2023-06-11T09:40:47.668+0000] {taskinstance.py:1103} INFO - Dependencies all met for dep_context=non-requeueable deps ti=<TaskInstance: first_dag_02.second_task scheduled__2022-04-11T00:00:00+00:00 [queued]>
[2023-06-11T09:40:48.198+0000] {taskinstance.py:1103} INFO - Dependencies all met for dep_context=requeueable deps ti=<TaskInstance: first_dag_02.second_task scheduled__2022-04-11T00:00:00+00:00 [queued]>
[2023-06-11T09:40:48.199+0000] {taskinstance.py:1308} INFO - Starting attempt 1 of 6
[2023-06-11T09:40:50.894+0000] {taskinstance.py:1327} INFO - Executing <Task(BashOperator): second_task> on 2022-04-11 00:00:00+00:00
[2023-06-11T09:40:51.016+0000] {standard_task_runner.py:84} INFO - Running: ['***', 'tasks', 'run', 'first_dag_02', 'second_task', 'scheduled__2022-04-11T00:00:00+00:00', '--job-id', '1236', '--raw', '--subdir', 'DAGS_FOLDER/First_dag.py', '--cfg-path', '/tmp/tmp9bbqvoxp']
[2023-06-11T09:40:51.023+0000] {standard_task_runner.py:85} INFO - Job 1236: Subtask second_task
[2023-06-11T09:40:50.995+0000] {standard_task_runner.py:57} INFO - Started process 4004 to run task
[2023-06-11T09:40:53.598+0000] {task_command.py:410} INFO - Running <TaskInstance: first_dag_02.second_task scheduled__2022-04-11T00:00:00+00:00 [running]> on host 964e508aad03
[2023-06-11T09:40:58.520+0000] {taskinstance.py:1547} INFO - Exporting env vars: AIRFLOW_CTX_DAG_OWNER='Raja' AIRFLOW_CTX_DAG_ID='first_dag_02' AIRFLOW_CTX_TASK_ID='second_task' AIRFLOW_CTX_EXECUTION_DATE='2022-04-11T00:00:00+00:00' AIRFLOW_CTX_TRY_NUMBER='1' AIRFLOW_CTX_DAG_RUN_ID='scheduled__2022-04-11T00:00:00+00:00'
[2023-06-11T09:40:58.586+0000] {subprocess.py:63} INFO - Tmp dir root location: 
 /tmp
[2023-06-11T09:40:58.588+0000] {subprocess.py:75} INFO - Running command: ['/bin/bash', '-c', 'echo hey, I am task2 and will be running after task1!']
[2023-06-11T09:40:58.923+0000] {subprocess.py:86} INFO - Output:
[2023-06-11T09:40:59.332+0000] {subprocess.py:93} INFO - hey, I am task2 and will be running after task1!
[2023-06-11T09:40:59.333+0000] {subprocess.py:97} INFO - Command exited with return code 0
[2023-06-11T09:41:01.410+0000] {taskinstance.py:1350} INFO - Marking task as SUCCESS. dag_id=first_dag_02, task_id=second_task, execution_date=20220411T000000, start_date=20230611T094047, end_date=20230611T094101
[2023-06-11T09:41:03.519+0000] {local_task_job_runner.py:225} INFO - Task exited with return code 0
[2023-06-11T09:41:04.069+0000] {taskinstance.py:2651} INFO - 0 downstream tasks scheduled from follow-on schedule check
[2023-06-11T15:28:36.152+0000] {taskinstance.py:1103} INFO - Dependencies all met for dep_context=non-requeueable deps ti=<TaskInstance: first_dag_02.second_task scheduled__2022-04-11T00:00:00+00:00 [queued]>
[2023-06-11T15:28:36.228+0000] {taskinstance.py:1103} INFO - Dependencies all met for dep_context=requeueable deps ti=<TaskInstance: first_dag_02.second_task scheduled__2022-04-11T00:00:00+00:00 [queued]>
[2023-06-11T15:28:36.229+0000] {taskinstance.py:1308} INFO - Starting attempt 1 of 6
[2023-06-11T15:28:36.668+0000] {taskinstance.py:1327} INFO - Executing <Task(BashOperator): second_task> on 2022-04-11 00:00:00+00:00
[2023-06-11T15:28:36.736+0000] {standard_task_runner.py:57} INFO - Started process 621 to run task
[2023-06-11T15:28:36.745+0000] {standard_task_runner.py:84} INFO - Running: ['***', 'tasks', 'run', 'first_dag_02', 'second_task', 'scheduled__2022-04-11T00:00:00+00:00', '--job-id', '1276', '--raw', '--subdir', 'DAGS_FOLDER/First_dag.py', '--cfg-path', '/tmp/tmppx44p7e4']
[2023-06-11T15:28:36.746+0000] {standard_task_runner.py:85} INFO - Job 1276: Subtask second_task
[2023-06-11T15:28:37.132+0000] {task_command.py:410} INFO - Running <TaskInstance: first_dag_02.second_task scheduled__2022-04-11T00:00:00+00:00 [running]> on host 7586ce0070ac
[2023-06-11T15:28:38.135+0000] {taskinstance.py:1547} INFO - Exporting env vars: AIRFLOW_CTX_DAG_OWNER='Raja' AIRFLOW_CTX_DAG_ID='first_dag_02' AIRFLOW_CTX_TASK_ID='second_task' AIRFLOW_CTX_EXECUTION_DATE='2022-04-11T00:00:00+00:00' AIRFLOW_CTX_TRY_NUMBER='1' AIRFLOW_CTX_DAG_RUN_ID='scheduled__2022-04-11T00:00:00+00:00'
[2023-06-11T15:28:38.138+0000] {subprocess.py:63} INFO - Tmp dir root location: 
 /tmp
[2023-06-11T15:28:38.148+0000] {subprocess.py:75} INFO - Running command: ['/bin/bash', '-c', 'echo hey, I am task2 and will be running after task1!']
[2023-06-11T15:28:38.272+0000] {subprocess.py:86} INFO - Output:
[2023-06-11T15:28:38.275+0000] {subprocess.py:93} INFO - hey, I am task2 and will be running after task1!
[2023-06-11T15:28:38.289+0000] {subprocess.py:97} INFO - Command exited with return code 0
[2023-06-11T15:28:38.522+0000] {taskinstance.py:1350} INFO - Marking task as SUCCESS. dag_id=first_dag_02, task_id=second_task, execution_date=20220411T000000, start_date=20230611T152836, end_date=20230611T152838
[2023-06-11T15:28:38.606+0000] {local_task_job_runner.py:225} INFO - Task exited with return code 0
[2023-06-11T15:28:38.885+0000] {taskinstance.py:2651} INFO - 0 downstream tasks scheduled from follow-on schedule check
