[2023-06-11T08:59:27.947+0000] {taskinstance.py:1103} INFO - Dependencies all met for dep_context=non-requeueable deps ti=<TaskInstance: first_dag_02.first_task scheduled__2022-02-06T00:00:00+00:00 [queued]>
[2023-06-11T08:59:28.077+0000] {taskinstance.py:1103} INFO - Dependencies all met for dep_context=requeueable deps ti=<TaskInstance: first_dag_02.first_task scheduled__2022-02-06T00:00:00+00:00 [queued]>
[2023-06-11T08:59:28.077+0000] {taskinstance.py:1308} INFO - Starting attempt 1 of 6
[2023-06-11T08:59:28.312+0000] {taskinstance.py:1327} INFO - Executing <Task(BashOperator): first_task> on 2022-02-06 00:00:00+00:00
[2023-06-11T08:59:28.354+0000] {standard_task_runner.py:57} INFO - Started process 2948 to run task
[2023-06-11T08:59:28.392+0000] {standard_task_runner.py:84} INFO - Running: ['***', 'tasks', 'run', 'first_dag_02', 'first_task', 'scheduled__2022-02-06T00:00:00+00:00', '--job-id', '921', '--raw', '--subdir', 'DAGS_FOLDER/First_dag.py', '--cfg-path', '/tmp/tmpxxs3_9eh']
[2023-06-11T08:59:28.425+0000] {standard_task_runner.py:85} INFO - Job 921: Subtask first_task
[2023-06-11T08:59:28.981+0000] {task_command.py:410} INFO - Running <TaskInstance: first_dag_02.first_task scheduled__2022-02-06T00:00:00+00:00 [running]> on host 964e508aad03
[2023-06-11T08:59:30.156+0000] {taskinstance.py:1547} INFO - Exporting env vars: AIRFLOW_CTX_DAG_OWNER='Raja' AIRFLOW_CTX_DAG_ID='first_dag_02' AIRFLOW_CTX_TASK_ID='first_task' AIRFLOW_CTX_EXECUTION_DATE='2022-02-06T00:00:00+00:00' AIRFLOW_CTX_TRY_NUMBER='1' AIRFLOW_CTX_DAG_RUN_ID='scheduled__2022-02-06T00:00:00+00:00'
[2023-06-11T08:59:30.158+0000] {subprocess.py:63} INFO - Tmp dir root location: 
 /tmp
[2023-06-11T08:59:30.159+0000] {subprocess.py:75} INFO - Running command: ['/bin/bash', '-c', 'echo hello world, this is the first task!']
[2023-06-11T08:59:30.266+0000] {subprocess.py:86} INFO - Output:
[2023-06-11T08:59:30.269+0000] {subprocess.py:93} INFO - hello world, this is the first task!
[2023-06-11T08:59:30.271+0000] {subprocess.py:97} INFO - Command exited with return code 0
[2023-06-11T08:59:30.476+0000] {taskinstance.py:1350} INFO - Marking task as SUCCESS. dag_id=first_dag_02, task_id=first_task, execution_date=20220206T000000, start_date=20230611T085927, end_date=20230611T085930
[2023-06-11T08:59:30.698+0000] {local_task_job_runner.py:225} INFO - Task exited with return code 0
[2023-06-11T08:59:30.941+0000] {taskinstance.py:2651} INFO - 2 downstream tasks scheduled from follow-on schedule check
[2023-06-11T11:32:39.697+0000] {taskinstance.py:1103} INFO - Dependencies all met for dep_context=non-requeueable deps ti=<TaskInstance: first_dag_02.first_task scheduled__2022-02-06T00:00:00+00:00 [queued]>
[2023-06-11T11:32:40.109+0000] {taskinstance.py:1103} INFO - Dependencies all met for dep_context=requeueable deps ti=<TaskInstance: first_dag_02.first_task scheduled__2022-02-06T00:00:00+00:00 [queued]>
[2023-06-11T11:32:40.110+0000] {taskinstance.py:1308} INFO - Starting attempt 1 of 6
[2023-06-11T11:32:40.949+0000] {taskinstance.py:1327} INFO - Executing <Task(BashOperator): first_task> on 2022-02-06 00:00:00+00:00
[2023-06-11T11:32:41.137+0000] {standard_task_runner.py:84} INFO - Running: ['***', 'tasks', 'run', 'first_dag_02', 'first_task', 'scheduled__2022-02-06T00:00:00+00:00', '--job-id', '935', '--raw', '--subdir', 'DAGS_FOLDER/First_dag.py', '--cfg-path', '/tmp/tmpuie7tgay']
[2023-06-11T11:32:41.139+0000] {standard_task_runner.py:85} INFO - Job 935: Subtask first_task
[2023-06-11T11:32:41.110+0000] {standard_task_runner.py:57} INFO - Started process 433 to run task
[2023-06-11T11:32:41.640+0000] {task_command.py:410} INFO - Running <TaskInstance: first_dag_02.first_task scheduled__2022-02-06T00:00:00+00:00 [running]> on host 7586ce0070ac
[2023-06-11T11:32:44.791+0000] {taskinstance.py:1547} INFO - Exporting env vars: AIRFLOW_CTX_DAG_OWNER='Raja' AIRFLOW_CTX_DAG_ID='first_dag_02' AIRFLOW_CTX_TASK_ID='first_task' AIRFLOW_CTX_EXECUTION_DATE='2022-02-06T00:00:00+00:00' AIRFLOW_CTX_TRY_NUMBER='1' AIRFLOW_CTX_DAG_RUN_ID='scheduled__2022-02-06T00:00:00+00:00'
[2023-06-11T11:32:44.811+0000] {subprocess.py:63} INFO - Tmp dir root location: 
 /tmp
[2023-06-11T11:32:44.813+0000] {subprocess.py:75} INFO - Running command: ['/bin/bash', '-c', 'echo hello world, this is the first task!']
[2023-06-11T11:32:44.960+0000] {subprocess.py:86} INFO - Output:
[2023-06-11T11:32:44.972+0000] {subprocess.py:93} INFO - hello world, this is the first task!
[2023-06-11T11:32:44.973+0000] {subprocess.py:97} INFO - Command exited with return code 0
[2023-06-11T11:32:45.501+0000] {taskinstance.py:1350} INFO - Marking task as SUCCESS. dag_id=first_dag_02, task_id=first_task, execution_date=20220206T000000, start_date=20230611T113239, end_date=20230611T113245
[2023-06-11T11:32:45.795+0000] {local_task_job_runner.py:225} INFO - Task exited with return code 0
[2023-06-11T11:32:46.437+0000] {taskinstance.py:2651} INFO - 2 downstream tasks scheduled from follow-on schedule check
