[2023-06-11T09:37:21.669+0000] {taskinstance.py:1103} INFO - Dependencies all met for dep_context=non-requeueable deps ti=<TaskInstance: first_dag_02.second_task scheduled__2022-03-19T00:00:00+00:00 [queued]>
[2023-06-11T09:37:21.831+0000] {taskinstance.py:1103} INFO - Dependencies all met for dep_context=requeueable deps ti=<TaskInstance: first_dag_02.second_task scheduled__2022-03-19T00:00:00+00:00 [queued]>
[2023-06-11T09:37:21.835+0000] {taskinstance.py:1308} INFO - Starting attempt 1 of 6
[2023-06-11T09:37:22.373+0000] {taskinstance.py:1327} INFO - Executing <Task(BashOperator): second_task> on 2022-03-19 00:00:00+00:00
[2023-06-11T09:37:22.414+0000] {standard_task_runner.py:57} INFO - Started process 3655 to run task
[2023-06-11T09:37:22.542+0000] {standard_task_runner.py:84} INFO - Running: ['***', 'tasks', 'run', 'first_dag_02', 'second_task', 'scheduled__2022-03-19T00:00:00+00:00', '--job-id', '1136', '--raw', '--subdir', 'DAGS_FOLDER/First_dag.py', '--cfg-path', '/tmp/tmp0g6c9kcj']
[2023-06-11T09:37:22.608+0000] {standard_task_runner.py:85} INFO - Job 1136: Subtask second_task
[2023-06-11T09:37:25.377+0000] {task_command.py:410} INFO - Running <TaskInstance: first_dag_02.second_task scheduled__2022-03-19T00:00:00+00:00 [running]> on host 964e508aad03
[2023-06-11T09:37:31.343+0000] {taskinstance.py:1547} INFO - Exporting env vars: AIRFLOW_CTX_DAG_OWNER='Raja' AIRFLOW_CTX_DAG_ID='first_dag_02' AIRFLOW_CTX_TASK_ID='second_task' AIRFLOW_CTX_EXECUTION_DATE='2022-03-19T00:00:00+00:00' AIRFLOW_CTX_TRY_NUMBER='1' AIRFLOW_CTX_DAG_RUN_ID='scheduled__2022-03-19T00:00:00+00:00'
[2023-06-11T09:37:31.362+0000] {subprocess.py:63} INFO - Tmp dir root location: 
 /tmp
[2023-06-11T09:37:31.413+0000] {subprocess.py:75} INFO - Running command: ['/bin/bash', '-c', 'echo hey, I am task2 and will be running after task1!']
[2023-06-11T09:37:31.912+0000] {subprocess.py:86} INFO - Output:
[2023-06-11T09:37:31.916+0000] {subprocess.py:93} INFO - hey, I am task2 and will be running after task1!
[2023-06-11T09:37:31.923+0000] {subprocess.py:97} INFO - Command exited with return code 0
[2023-06-11T09:37:32.953+0000] {taskinstance.py:1350} INFO - Marking task as SUCCESS. dag_id=first_dag_02, task_id=second_task, execution_date=20220319T000000, start_date=20230611T093721, end_date=20230611T093732
[2023-06-11T09:37:33.007+0000] {local_task_job_runner.py:225} INFO - Task exited with return code 0
[2023-06-11T09:37:35.501+0000] {taskinstance.py:2651} INFO - 0 downstream tasks scheduled from follow-on schedule check
[2023-06-11T15:26:51.059+0000] {taskinstance.py:1103} INFO - Dependencies all met for dep_context=non-requeueable deps ti=<TaskInstance: first_dag_02.second_task scheduled__2022-03-19T00:00:00+00:00 [queued]>
[2023-06-11T15:26:51.384+0000] {taskinstance.py:1103} INFO - Dependencies all met for dep_context=requeueable deps ti=<TaskInstance: first_dag_02.second_task scheduled__2022-03-19T00:00:00+00:00 [queued]>
[2023-06-11T15:26:51.397+0000] {taskinstance.py:1308} INFO - Starting attempt 1 of 6
[2023-06-11T15:26:52.159+0000] {taskinstance.py:1327} INFO - Executing <Task(BashOperator): second_task> on 2022-03-19 00:00:00+00:00
[2023-06-11T15:26:52.207+0000] {standard_task_runner.py:57} INFO - Started process 283 to run task
[2023-06-11T15:26:52.306+0000] {standard_task_runner.py:84} INFO - Running: ['***', 'tasks', 'run', 'first_dag_02', 'second_task', 'scheduled__2022-03-19T00:00:00+00:00', '--job-id', '1166', '--raw', '--subdir', 'DAGS_FOLDER/First_dag.py', '--cfg-path', '/tmp/tmpqjq1dwgz']
[2023-06-11T15:26:52.322+0000] {standard_task_runner.py:85} INFO - Job 1166: Subtask second_task
[2023-06-11T15:26:52.820+0000] {task_command.py:410} INFO - Running <TaskInstance: first_dag_02.second_task scheduled__2022-03-19T00:00:00+00:00 [running]> on host 7586ce0070ac
[2023-06-11T15:26:55.226+0000] {taskinstance.py:1547} INFO - Exporting env vars: AIRFLOW_CTX_DAG_OWNER='Raja' AIRFLOW_CTX_DAG_ID='first_dag_02' AIRFLOW_CTX_TASK_ID='second_task' AIRFLOW_CTX_EXECUTION_DATE='2022-03-19T00:00:00+00:00' AIRFLOW_CTX_TRY_NUMBER='1' AIRFLOW_CTX_DAG_RUN_ID='scheduled__2022-03-19T00:00:00+00:00'
[2023-06-11T15:26:55.231+0000] {subprocess.py:63} INFO - Tmp dir root location: 
 /tmp
[2023-06-11T15:26:55.252+0000] {subprocess.py:75} INFO - Running command: ['/bin/bash', '-c', 'echo hey, I am task2 and will be running after task1!']
[2023-06-11T15:26:55.359+0000] {subprocess.py:86} INFO - Output:
[2023-06-11T15:26:55.393+0000] {subprocess.py:93} INFO - hey, I am task2 and will be running after task1!
[2023-06-11T15:26:55.400+0000] {subprocess.py:97} INFO - Command exited with return code 0
[2023-06-11T15:26:55.663+0000] {taskinstance.py:1350} INFO - Marking task as SUCCESS. dag_id=first_dag_02, task_id=second_task, execution_date=20220319T000000, start_date=20230611T152651, end_date=20230611T152655
[2023-06-11T15:26:55.841+0000] {local_task_job_runner.py:225} INFO - Task exited with return code 0
[2023-06-11T15:26:56.016+0000] {taskinstance.py:2651} INFO - 0 downstream tasks scheduled from follow-on schedule check
