[2023-06-11T09:46:40.931+0000] {taskinstance.py:1103} INFO - Dependencies all met for dep_context=non-requeueable deps ti=<TaskInstance: first_dag_02.thrid_task scheduled__2022-06-09T00:00:00+00:00 [queued]>
[2023-06-11T09:46:41.561+0000] {taskinstance.py:1103} INFO - Dependencies all met for dep_context=requeueable deps ti=<TaskInstance: first_dag_02.thrid_task scheduled__2022-06-09T00:00:00+00:00 [queued]>
[2023-06-11T09:46:41.562+0000] {taskinstance.py:1308} INFO - Starting attempt 1 of 6
[2023-06-11T09:46:42.177+0000] {taskinstance.py:1327} INFO - Executing <Task(BashOperator): thrid_task> on 2022-06-09 00:00:00+00:00
[2023-06-11T09:46:42.244+0000] {standard_task_runner.py:57} INFO - Started process 4930 to run task
[2023-06-11T09:46:42.313+0000] {standard_task_runner.py:84} INFO - Running: ['***', 'tasks', 'run', 'first_dag_02', 'thrid_task', 'scheduled__2022-06-09T00:00:00+00:00', '--job-id', '1514', '--raw', '--subdir', 'DAGS_FOLDER/First_dag.py', '--cfg-path', '/tmp/tmpgugefo6g']
[2023-06-11T09:46:42.313+0000] {standard_task_runner.py:85} INFO - Job 1514: Subtask thrid_task
[2023-06-11T09:46:43.906+0000] {task_command.py:410} INFO - Running <TaskInstance: first_dag_02.thrid_task scheduled__2022-06-09T00:00:00+00:00 [running]> on host 964e508aad03
[2023-06-11T09:46:46.236+0000] {taskinstance.py:1547} INFO - Exporting env vars: AIRFLOW_CTX_DAG_OWNER='Raja' AIRFLOW_CTX_DAG_ID='first_dag_02' AIRFLOW_CTX_TASK_ID='thrid_task' AIRFLOW_CTX_EXECUTION_DATE='2022-06-09T00:00:00+00:00' AIRFLOW_CTX_TRY_NUMBER='1' AIRFLOW_CTX_DAG_RUN_ID='scheduled__2022-06-09T00:00:00+00:00'
[2023-06-11T09:46:46.238+0000] {subprocess.py:63} INFO - Tmp dir root location: 
 /tmp
[2023-06-11T09:46:46.239+0000] {subprocess.py:75} INFO - Running command: ['/bin/bash', '-c', 'echo hey, I am task3 and will be running after task1 at the same time as task2!']
[2023-06-11T09:46:46.465+0000] {subprocess.py:86} INFO - Output:
[2023-06-11T09:46:46.482+0000] {subprocess.py:93} INFO - hey, I am task3 and will be running after task1 at the same time as task2!
[2023-06-11T09:46:46.482+0000] {subprocess.py:97} INFO - Command exited with return code 0
[2023-06-11T09:46:47.146+0000] {taskinstance.py:1350} INFO - Marking task as SUCCESS. dag_id=first_dag_02, task_id=thrid_task, execution_date=20220609T000000, start_date=20230611T094640, end_date=20230611T094647
[2023-06-11T09:46:47.504+0000] {local_task_job_runner.py:225} INFO - Task exited with return code 0
[2023-06-11T09:46:47.774+0000] {taskinstance.py:2651} INFO - 0 downstream tasks scheduled from follow-on schedule check
[2023-06-11T15:33:38.403+0000] {taskinstance.py:1103} INFO - Dependencies all met for dep_context=non-requeueable deps ti=<TaskInstance: first_dag_02.thrid_task scheduled__2022-06-09T00:00:00+00:00 [queued]>
[2023-06-11T15:33:38.676+0000] {taskinstance.py:1103} INFO - Dependencies all met for dep_context=requeueable deps ti=<TaskInstance: first_dag_02.thrid_task scheduled__2022-06-09T00:00:00+00:00 [queued]>
[2023-06-11T15:33:38.676+0000] {taskinstance.py:1308} INFO - Starting attempt 1 of 6
[2023-06-11T15:33:39.284+0000] {taskinstance.py:1327} INFO - Executing <Task(BashOperator): thrid_task> on 2022-06-09 00:00:00+00:00
[2023-06-11T15:33:39.337+0000] {standard_task_runner.py:57} INFO - Started process 1549 to run task
[2023-06-11T15:33:39.427+0000] {standard_task_runner.py:84} INFO - Running: ['***', 'tasks', 'run', 'first_dag_02', 'thrid_task', 'scheduled__2022-06-09T00:00:00+00:00', '--job-id', '1561', '--raw', '--subdir', 'DAGS_FOLDER/First_dag.py', '--cfg-path', '/tmp/tmpg5cawqbu']
[2023-06-11T15:33:39.440+0000] {standard_task_runner.py:85} INFO - Job 1561: Subtask thrid_task
[2023-06-11T15:33:40.250+0000] {task_command.py:410} INFO - Running <TaskInstance: first_dag_02.thrid_task scheduled__2022-06-09T00:00:00+00:00 [running]> on host 7586ce0070ac
[2023-06-11T15:33:41.603+0000] {taskinstance.py:1547} INFO - Exporting env vars: AIRFLOW_CTX_DAG_OWNER='Raja' AIRFLOW_CTX_DAG_ID='first_dag_02' AIRFLOW_CTX_TASK_ID='thrid_task' AIRFLOW_CTX_EXECUTION_DATE='2022-06-09T00:00:00+00:00' AIRFLOW_CTX_TRY_NUMBER='1' AIRFLOW_CTX_DAG_RUN_ID='scheduled__2022-06-09T00:00:00+00:00'
[2023-06-11T15:33:41.605+0000] {subprocess.py:63} INFO - Tmp dir root location: 
 /tmp
[2023-06-11T15:33:41.606+0000] {subprocess.py:75} INFO - Running command: ['/bin/bash', '-c', 'echo hey, I am task3 and will be running after task1 at the same time as task2!']
[2023-06-11T15:33:41.735+0000] {subprocess.py:86} INFO - Output:
[2023-06-11T15:33:41.743+0000] {subprocess.py:93} INFO - hey, I am task3 and will be running after task1 at the same time as task2!
[2023-06-11T15:33:41.743+0000] {subprocess.py:97} INFO - Command exited with return code 0
[2023-06-11T15:33:42.126+0000] {taskinstance.py:1350} INFO - Marking task as SUCCESS. dag_id=first_dag_02, task_id=thrid_task, execution_date=20220609T000000, start_date=20230611T153338, end_date=20230611T153342
[2023-06-11T15:33:42.344+0000] {local_task_job_runner.py:225} INFO - Task exited with return code 0
[2023-06-11T15:33:42.788+0000] {taskinstance.py:2651} INFO - 0 downstream tasks scheduled from follow-on schedule check
