[2023-06-11T05:20:42.188+0000] {taskinstance.py:1103} INFO - Dependencies all met for dep_context=non-requeueable deps ti=<TaskInstance: dag_catchip_01.task1 scheduled__2023-05-28T00:00:00+00:00 [queued]>
[2023-06-11T05:20:42.247+0000] {taskinstance.py:1103} INFO - Dependencies all met for dep_context=requeueable deps ti=<TaskInstance: dag_catchip_01.task1 scheduled__2023-05-28T00:00:00+00:00 [queued]>
[2023-06-11T05:20:42.248+0000] {taskinstance.py:1308} INFO - Starting attempt 1 of 6
[2023-06-11T05:20:42.317+0000] {taskinstance.py:1327} INFO - Executing <Task(BashOperator): task1> on 2023-05-28 00:00:00+00:00
[2023-06-11T05:20:42.348+0000] {standard_task_runner.py:57} INFO - Started process 784 to run task
[2023-06-11T05:20:42.362+0000] {standard_task_runner.py:84} INFO - Running: ['***', 'tasks', 'run', 'dag_catchip_01', 'task1', 'scheduled__2023-05-28T00:00:00+00:00', '--job-id', '215', '--raw', '--subdir', 'DAGS_FOLDER/dag_catchup.py', '--cfg-path', '/tmp/tmpgny9p8y4']
[2023-06-11T05:20:42.367+0000] {standard_task_runner.py:85} INFO - Job 215: Subtask task1
[2023-06-11T05:20:42.564+0000] {task_command.py:410} INFO - Running <TaskInstance: dag_catchip_01.task1 scheduled__2023-05-28T00:00:00+00:00 [running]> on host 69e374580eab
[2023-06-11T05:20:43.088+0000] {taskinstance.py:1547} INFO - Exporting env vars: AIRFLOW_CTX_DAG_OWNER='Raja' AIRFLOW_CTX_DAG_ID='dag_catchip_01' AIRFLOW_CTX_TASK_ID='task1' AIRFLOW_CTX_EXECUTION_DATE='2023-05-28T00:00:00+00:00' AIRFLOW_CTX_TRY_NUMBER='1' AIRFLOW_CTX_DAG_RUN_ID='scheduled__2023-05-28T00:00:00+00:00'
[2023-06-11T05:20:43.092+0000] {subprocess.py:63} INFO - Tmp dir root location: 
 /tmp
[2023-06-11T05:20:43.095+0000] {subprocess.py:75} INFO - Running command: ['/bin/bash', '-c', 'echo Hai how are you']
[2023-06-11T05:20:43.125+0000] {subprocess.py:86} INFO - Output:
[2023-06-11T05:20:43.126+0000] {subprocess.py:93} INFO - Hai how are you
[2023-06-11T05:20:43.127+0000] {subprocess.py:97} INFO - Command exited with return code 0
[2023-06-11T05:20:43.199+0000] {taskinstance.py:1350} INFO - Marking task as SUCCESS. dag_id=dag_catchip_01, task_id=task1, execution_date=20230528T000000, start_date=20230611T052042, end_date=20230611T052043
[2023-06-11T05:20:43.282+0000] {local_task_job_runner.py:225} INFO - Task exited with return code 0
[2023-06-11T05:20:43.412+0000] {taskinstance.py:2651} INFO - 0 downstream tasks scheduled from follow-on schedule check
[2023-06-11T08:24:37.956+0000] {taskinstance.py:1103} INFO - Dependencies all met for dep_context=non-requeueable deps ti=<TaskInstance: dag_catchip_01.task1 scheduled__2023-05-28T00:00:00+00:00 [queued]>
[2023-06-11T08:24:38.320+0000] {taskinstance.py:1103} INFO - Dependencies all met for dep_context=requeueable deps ti=<TaskInstance: dag_catchip_01.task1 scheduled__2023-05-28T00:00:00+00:00 [queued]>
[2023-06-11T08:24:38.321+0000] {taskinstance.py:1308} INFO - Starting attempt 1 of 6
[2023-06-11T08:24:39.272+0000] {taskinstance.py:1327} INFO - Executing <Task(BashOperator): task1> on 2023-05-28 00:00:00+00:00
[2023-06-11T08:24:39.286+0000] {standard_task_runner.py:57} INFO - Started process 999 to run task
[2023-06-11T08:24:39.310+0000] {standard_task_runner.py:84} INFO - Running: ['***', 'tasks', 'run', 'dag_catchip_01', 'task1', 'scheduled__2023-05-28T00:00:00+00:00', '--job-id', '311', '--raw', '--subdir', 'DAGS_FOLDER/dag_catchup.py', '--cfg-path', '/tmp/tmpsyg_l9aj']
[2023-06-11T08:24:39.331+0000] {standard_task_runner.py:85} INFO - Job 311: Subtask task1
[2023-06-11T08:24:39.955+0000] {task_command.py:410} INFO - Running <TaskInstance: dag_catchip_01.task1 scheduled__2023-05-28T00:00:00+00:00 [running]> on host 492037cdd057
[2023-06-11T08:24:42.762+0000] {taskinstance.py:1547} INFO - Exporting env vars: AIRFLOW_CTX_DAG_OWNER='Raja' AIRFLOW_CTX_DAG_ID='dag_catchip_01' AIRFLOW_CTX_TASK_ID='task1' AIRFLOW_CTX_EXECUTION_DATE='2023-05-28T00:00:00+00:00' AIRFLOW_CTX_TRY_NUMBER='1' AIRFLOW_CTX_DAG_RUN_ID='scheduled__2023-05-28T00:00:00+00:00'
[2023-06-11T08:24:42.844+0000] {subprocess.py:63} INFO - Tmp dir root location: 
 /tmp
[2023-06-11T08:24:42.862+0000] {subprocess.py:75} INFO - Running command: ['/bin/bash', '-c', 'echo Hai how are you']
[2023-06-11T08:24:43.130+0000] {subprocess.py:86} INFO - Output:
[2023-06-11T08:24:43.223+0000] {subprocess.py:93} INFO - Hai how are you
[2023-06-11T08:24:43.249+0000] {subprocess.py:97} INFO - Command exited with return code 0
[2023-06-11T08:24:43.955+0000] {taskinstance.py:1350} INFO - Marking task as SUCCESS. dag_id=dag_catchip_01, task_id=task1, execution_date=20230528T000000, start_date=20230611T082437, end_date=20230611T082443
[2023-06-11T08:24:44.282+0000] {local_task_job_runner.py:225} INFO - Task exited with return code 0
[2023-06-11T08:24:45.947+0000] {taskinstance.py:2651} INFO - 0 downstream tasks scheduled from follow-on schedule check
