[2023-06-11T09:42:16.116+0000] {taskinstance.py:1103} INFO - Dependencies all met for dep_context=non-requeueable deps ti=<TaskInstance: dag_cron_expression_03.task1 scheduled__2021-11-11T03:00:00+00:00 [queued]>
[2023-06-11T09:42:16.545+0000] {taskinstance.py:1103} INFO - Dependencies all met for dep_context=requeueable deps ti=<TaskInstance: dag_cron_expression_03.task1 scheduled__2021-11-11T03:00:00+00:00 [queued]>
[2023-06-11T09:42:16.550+0000] {taskinstance.py:1308} INFO - Starting attempt 1 of 6
[2023-06-11T09:42:17.000+0000] {taskinstance.py:1327} INFO - Executing <Task(BashOperator): task1> on 2021-11-11 03:00:00+00:00
[2023-06-11T09:42:17.013+0000] {standard_task_runner.py:57} INFO - Started process 4139 to run task
[2023-06-11T09:42:17.028+0000] {standard_task_runner.py:84} INFO - Running: ['***', 'tasks', 'run', 'dag_cron_expression_03', 'task1', 'scheduled__2021-11-11T03:00:00+00:00', '--job-id', '1269', '--raw', '--subdir', 'DAGS_FOLDER/dag_corn.py', '--cfg-path', '/tmp/tmph8jt5sas']
[2023-06-11T09:42:17.029+0000] {standard_task_runner.py:85} INFO - Job 1269: Subtask task1
[2023-06-11T09:42:18.660+0000] {task_command.py:410} INFO - Running <TaskInstance: dag_cron_expression_03.task1 scheduled__2021-11-11T03:00:00+00:00 [running]> on host 964e508aad03
[2023-06-11T09:42:21.989+0000] {taskinstance.py:1547} INFO - Exporting env vars: AIRFLOW_CTX_DAG_OWNER='Raja' AIRFLOW_CTX_DAG_ID='dag_cron_expression_03' AIRFLOW_CTX_TASK_ID='task1' AIRFLOW_CTX_EXECUTION_DATE='2021-11-11T03:00:00+00:00' AIRFLOW_CTX_TRY_NUMBER='1' AIRFLOW_CTX_DAG_RUN_ID='scheduled__2021-11-11T03:00:00+00:00'
[2023-06-11T09:42:22.021+0000] {subprocess.py:63} INFO - Tmp dir root location: 
 /tmp
[2023-06-11T09:42:22.022+0000] {subprocess.py:75} INFO - Running command: ['/bin/bash', '-c', 'echo dag with cron expression!']
[2023-06-11T09:42:22.199+0000] {subprocess.py:86} INFO - Output:
[2023-06-11T09:42:22.394+0000] {subprocess.py:93} INFO - dag with cron expression!
[2023-06-11T09:42:22.513+0000] {subprocess.py:97} INFO - Command exited with return code 0
[2023-06-11T09:42:23.107+0000] {taskinstance.py:1350} INFO - Marking task as SUCCESS. dag_id=dag_cron_expression_03, task_id=task1, execution_date=20211111T030000, start_date=20230611T094216, end_date=20230611T094223
[2023-06-11T09:42:23.518+0000] {local_task_job_runner.py:225} INFO - Task exited with return code 0
[2023-06-11T09:42:23.802+0000] {taskinstance.py:2651} INFO - 0 downstream tasks scheduled from follow-on schedule check
[2023-06-11T10:35:54.385+0000] {taskinstance.py:1103} INFO - Dependencies all met for dep_context=non-requeueable deps ti=<TaskInstance: dag_cron_expression_03.task1 scheduled__2021-11-11T03:00:00+00:00 [queued]>
[2023-06-11T10:35:54.533+0000] {taskinstance.py:1103} INFO - Dependencies all met for dep_context=requeueable deps ti=<TaskInstance: dag_cron_expression_03.task1 scheduled__2021-11-11T03:00:00+00:00 [queued]>
[2023-06-11T10:35:54.534+0000] {taskinstance.py:1308} INFO - Starting attempt 1 of 6
[2023-06-11T10:35:54.822+0000] {taskinstance.py:1327} INFO - Executing <Task(BashOperator): task1> on 2021-11-11 03:00:00+00:00
[2023-06-11T10:35:54.977+0000] {standard_task_runner.py:57} INFO - Started process 136 to run task
[2023-06-11T10:35:55.568+0000] {standard_task_runner.py:84} INFO - Running: ['***', 'tasks', 'run', 'dag_cron_expression_03', 'task1', 'scheduled__2021-11-11T03:00:00+00:00', '--job-id', '24', '--raw', '--subdir', 'DAGS_FOLDER/dag_corn.py', '--cfg-path', '/tmp/tmpd9vmlnlx']
[2023-06-11T10:35:55.689+0000] {standard_task_runner.py:85} INFO - Job 24: Subtask task1
[2023-06-11T10:35:57.167+0000] {task_command.py:410} INFO - Running <TaskInstance: dag_cron_expression_03.task1 scheduled__2021-11-11T03:00:00+00:00 [running]> on host 7586ce0070ac
[2023-06-11T10:36:07.244+0000] {taskinstance.py:1547} INFO - Exporting env vars: AIRFLOW_CTX_DAG_OWNER='Raja' AIRFLOW_CTX_DAG_ID='dag_cron_expression_03' AIRFLOW_CTX_TASK_ID='task1' AIRFLOW_CTX_EXECUTION_DATE='2021-11-11T03:00:00+00:00' AIRFLOW_CTX_TRY_NUMBER='1' AIRFLOW_CTX_DAG_RUN_ID='scheduled__2021-11-11T03:00:00+00:00'
[2023-06-11T10:36:07.276+0000] {subprocess.py:63} INFO - Tmp dir root location: 
 /tmp
[2023-06-11T10:36:07.297+0000] {subprocess.py:75} INFO - Running command: ['/bin/bash', '-c', 'echo dag with cron expression!']
[2023-06-11T10:36:09.042+0000] {subprocess.py:86} INFO - Output:
[2023-06-11T10:36:09.619+0000] {subprocess.py:93} INFO - dag with cron expression!
[2023-06-11T10:36:09.627+0000] {subprocess.py:97} INFO - Command exited with return code 0
[2023-06-11T10:36:11.725+0000] {taskinstance.py:1350} INFO - Marking task as SUCCESS. dag_id=dag_cron_expression_03, task_id=task1, execution_date=20211111T030000, start_date=20230611T103554, end_date=20230611T103611
[2023-06-11T10:36:12.968+0000] {local_task_job_runner.py:225} INFO - Task exited with return code 0
[2023-06-11T10:36:13.859+0000] {taskinstance.py:2651} INFO - 0 downstream tasks scheduled from follow-on schedule check
[2023-06-12T03:34:11.698+0000] {taskinstance.py:1103} INFO - Dependencies all met for dep_context=non-requeueable deps ti=<TaskInstance: dag_cron_expression_03.task1 scheduled__2021-11-11T03:00:00+00:00 [queued]>
[2023-06-12T03:34:12.375+0000] {taskinstance.py:1103} INFO - Dependencies all met for dep_context=requeueable deps ti=<TaskInstance: dag_cron_expression_03.task1 scheduled__2021-11-11T03:00:00+00:00 [queued]>
[2023-06-12T03:34:12.375+0000] {taskinstance.py:1308} INFO - Starting attempt 1 of 6
[2023-06-12T03:34:14.249+0000] {taskinstance.py:1327} INFO - Executing <Task(BashOperator): task1> on 2021-11-11 03:00:00+00:00
[2023-06-12T03:34:14.549+0000] {standard_task_runner.py:57} INFO - Started process 264 to run task
[2023-06-12T03:34:14.585+0000] {standard_task_runner.py:84} INFO - Running: ['***', 'tasks', 'run', 'dag_cron_expression_03', 'task1', 'scheduled__2021-11-11T03:00:00+00:00', '--job-id', '61', '--raw', '--subdir', 'DAGS_FOLDER/dag_cron.py', '--cfg-path', '/tmp/tmprjxgf_fd']
[2023-06-12T03:34:14.586+0000] {standard_task_runner.py:85} INFO - Job 61: Subtask task1
[2023-06-12T03:34:15.673+0000] {task_command.py:410} INFO - Running <TaskInstance: dag_cron_expression_03.task1 scheduled__2021-11-11T03:00:00+00:00 [running]> on host 03cd9a7904e9
[2023-06-12T03:34:18.889+0000] {taskinstance.py:1547} INFO - Exporting env vars: AIRFLOW_CTX_DAG_OWNER='Raja' AIRFLOW_CTX_DAG_ID='dag_cron_expression_03' AIRFLOW_CTX_TASK_ID='task1' AIRFLOW_CTX_EXECUTION_DATE='2021-11-11T03:00:00+00:00' AIRFLOW_CTX_TRY_NUMBER='1' AIRFLOW_CTX_DAG_RUN_ID='scheduled__2021-11-11T03:00:00+00:00'
[2023-06-12T03:34:18.897+0000] {subprocess.py:63} INFO - Tmp dir root location: 
 /tmp
[2023-06-12T03:34:18.900+0000] {subprocess.py:75} INFO - Running command: ['/bin/bash', '-c', 'echo dag with cron expression!']
[2023-06-12T03:34:18.979+0000] {subprocess.py:86} INFO - Output:
[2023-06-12T03:34:19.049+0000] {subprocess.py:93} INFO - dag with cron expression!
[2023-06-12T03:34:19.059+0000] {subprocess.py:97} INFO - Command exited with return code 0
[2023-06-12T03:34:20.818+0000] {taskinstance.py:1350} INFO - Marking task as SUCCESS. dag_id=dag_cron_expression_03, task_id=task1, execution_date=20211111T030000, start_date=20230612T033411, end_date=20230612T033420
[2023-06-12T03:34:21.291+0000] {local_task_job_runner.py:225} INFO - Task exited with return code 0
[2023-06-12T03:34:22.069+0000] {taskinstance.py:2651} INFO - 0 downstream tasks scheduled from follow-on schedule check
