[2023-06-11T04:51:23.667+0000] {taskinstance.py:1103} INFO - Dependencies all met for dep_context=non-requeueable deps ti=<TaskInstance: dag_pythonoperator_00.fourth_task scheduled__2023-06-08T00:00:00+00:00 [queued]>
[2023-06-11T04:51:24.230+0000] {taskinstance.py:1103} INFO - Dependencies all met for dep_context=requeueable deps ti=<TaskInstance: dag_pythonoperator_00.fourth_task scheduled__2023-06-08T00:00:00+00:00 [queued]>
[2023-06-11T04:51:24.233+0000] {taskinstance.py:1308} INFO - Starting attempt 1 of 6
[2023-06-11T04:51:25.216+0000] {taskinstance.py:1327} INFO - Executing <Task(PythonOperator): fourth_task> on 2023-06-08 00:00:00+00:00
[2023-06-11T04:51:25.615+0000] {standard_task_runner.py:57} INFO - Started process 872 to run task
[2023-06-11T04:51:25.681+0000] {standard_task_runner.py:84} INFO - Running: ['***', 'tasks', 'run', 'dag_pythonoperator_00', 'fourth_task', 'scheduled__2023-06-08T00:00:00+00:00', '--job-id', '254', '--raw', '--subdir', 'DAGS_FOLDER/python_operator_dag.py', '--cfg-path', '/tmp/tmp4y2xut5i']
[2023-06-11T04:51:25.692+0000] {standard_task_runner.py:85} INFO - Job 254: Subtask fourth_task
[2023-06-11T04:51:29.093+0000] {task_command.py:410} INFO - Running <TaskInstance: dag_pythonoperator_00.fourth_task scheduled__2023-06-08T00:00:00+00:00 [running]> on host 4b1b5d40d165
[2023-06-11T04:51:35.243+0000] {taskinstance.py:1547} INFO - Exporting env vars: AIRFLOW_CTX_DAG_OWNER='Raja' AIRFLOW_CTX_DAG_ID='dag_pythonoperator_00' AIRFLOW_CTX_TASK_ID='fourth_task' AIRFLOW_CTX_EXECUTION_DATE='2023-06-08T00:00:00+00:00' AIRFLOW_CTX_TRY_NUMBER='1' AIRFLOW_CTX_DAG_RUN_ID='scheduled__2023-06-08T00:00:00+00:00'
[2023-06-11T04:51:35.617+0000] {python.py:183} INFO - Done. Returned value was: None
[2023-06-11T04:51:36.587+0000] {taskinstance.py:1350} INFO - Marking task as SUCCESS. dag_id=dag_pythonoperator_00, task_id=fourth_task, execution_date=20230608T000000, start_date=20230611T045123, end_date=20230611T045136
[2023-06-11T04:51:38.771+0000] {local_task_job_runner.py:225} INFO - Task exited with return code 0
[2023-06-11T04:51:39.758+0000] {taskinstance.py:2651} INFO - 1 downstream tasks scheduled from follow-on schedule check
[2023-06-11T05:22:02.073+0000] {taskinstance.py:1103} INFO - Dependencies all met for dep_context=non-requeueable deps ti=<TaskInstance: dag_pythonoperator_00.fourth_task scheduled__2023-06-08T00:00:00+00:00 [queued]>
[2023-06-11T05:22:03.239+0000] {taskinstance.py:1103} INFO - Dependencies all met for dep_context=requeueable deps ti=<TaskInstance: dag_pythonoperator_00.fourth_task scheduled__2023-06-08T00:00:00+00:00 [queued]>
[2023-06-11T05:22:03.240+0000] {taskinstance.py:1308} INFO - Starting attempt 1 of 6
[2023-06-11T05:22:04.400+0000] {taskinstance.py:1327} INFO - Executing <Task(PythonOperator): fourth_task> on 2023-06-08 00:00:00+00:00
[2023-06-11T05:22:04.616+0000] {standard_task_runner.py:57} INFO - Started process 902 to run task
[2023-06-11T05:22:04.650+0000] {standard_task_runner.py:84} INFO - Running: ['***', 'tasks', 'run', 'dag_pythonoperator_00', 'fourth_task', 'scheduled__2023-06-08T00:00:00+00:00', '--job-id', '257', '--raw', '--subdir', 'DAGS_FOLDER/python_operator_dag.py', '--cfg-path', '/tmp/tmpteteshk6']
[2023-06-11T05:22:04.651+0000] {standard_task_runner.py:85} INFO - Job 257: Subtask fourth_task
[2023-06-11T05:22:05.794+0000] {task_command.py:410} INFO - Running <TaskInstance: dag_pythonoperator_00.fourth_task scheduled__2023-06-08T00:00:00+00:00 [running]> on host 69e374580eab
[2023-06-11T05:22:07.349+0000] {taskinstance.py:1547} INFO - Exporting env vars: AIRFLOW_CTX_DAG_OWNER='Raja' AIRFLOW_CTX_DAG_ID='dag_pythonoperator_00' AIRFLOW_CTX_TASK_ID='fourth_task' AIRFLOW_CTX_EXECUTION_DATE='2023-06-08T00:00:00+00:00' AIRFLOW_CTX_TRY_NUMBER='1' AIRFLOW_CTX_DAG_RUN_ID='scheduled__2023-06-08T00:00:00+00:00'
[2023-06-11T05:22:07.541+0000] {python.py:183} INFO - Done. Returned value was: None
[2023-06-11T05:22:07.618+0000] {taskinstance.py:1350} INFO - Marking task as SUCCESS. dag_id=dag_pythonoperator_00, task_id=fourth_task, execution_date=20230608T000000, start_date=20230611T052202, end_date=20230611T052207
[2023-06-11T05:22:09.093+0000] {local_task_job_runner.py:225} INFO - Task exited with return code 0
[2023-06-11T05:22:09.445+0000] {taskinstance.py:2651} INFO - 1 downstream tasks scheduled from follow-on schedule check
