[2023-06-12T03:10:56.610+0000] {taskinstance.py:1103} INFO - Dependencies all met for dep_context=non-requeueable deps ti=<TaskInstance: dag_catchup_03.task1 scheduled__2023-06-11T00:00:00+00:00 [queued]>
[2023-06-12T03:10:56.745+0000] {taskinstance.py:1103} INFO - Dependencies all met for dep_context=requeueable deps ti=<TaskInstance: dag_catchup_03.task1 scheduled__2023-06-11T00:00:00+00:00 [queued]>
[2023-06-12T03:10:56.746+0000] {taskinstance.py:1308} INFO - Starting attempt 1 of 6
[2023-06-12T03:10:56.895+0000] {taskinstance.py:1327} INFO - Executing <Task(BashOperator): task1> on 2023-06-11 00:00:00+00:00
[2023-06-12T03:10:56.928+0000] {standard_task_runner.py:57} INFO - Started process 159 to run task
[2023-06-12T03:10:56.946+0000] {standard_task_runner.py:84} INFO - Running: ['***', 'tasks', 'run', 'dag_catchup_03', 'task1', 'scheduled__2023-06-11T00:00:00+00:00', '--job-id', '2817', '--raw', '--subdir', 'DAGS_FOLDER/dag_catchup.py', '--cfg-path', '/tmp/tmp0nb6eege']
[2023-06-12T03:10:56.953+0000] {standard_task_runner.py:85} INFO - Job 2817: Subtask task1
[2023-06-12T03:10:57.618+0000] {task_command.py:410} INFO - Running <TaskInstance: dag_catchup_03.task1 scheduled__2023-06-11T00:00:00+00:00 [running]> on host 7586ce0070ac
[2023-06-12T03:10:59.531+0000] {taskinstance.py:1547} INFO - Exporting env vars: AIRFLOW_CTX_DAG_OWNER='Raja' AIRFLOW_CTX_DAG_ID='dag_catchup_03' AIRFLOW_CTX_TASK_ID='task1' AIRFLOW_CTX_EXECUTION_DATE='2023-06-11T00:00:00+00:00' AIRFLOW_CTX_TRY_NUMBER='1' AIRFLOW_CTX_DAG_RUN_ID='scheduled__2023-06-11T00:00:00+00:00'
[2023-06-12T03:10:59.590+0000] {subprocess.py:63} INFO - Tmp dir root location: 
 /tmp
[2023-06-12T03:10:59.596+0000] {subprocess.py:75} INFO - Running command: ['/bin/bash', '-c', 'echo This is a simple bash command!']
[2023-06-12T03:10:59.675+0000] {subprocess.py:86} INFO - Output:
[2023-06-12T03:10:59.707+0000] {subprocess.py:93} INFO - This is a simple bash command!
[2023-06-12T03:10:59.733+0000] {subprocess.py:97} INFO - Command exited with return code 0
[2023-06-12T03:11:00.009+0000] {taskinstance.py:1350} INFO - Marking task as SUCCESS. dag_id=dag_catchup_03, task_id=task1, execution_date=20230611T000000, start_date=20230612T031056, end_date=20230612T031100
[2023-06-12T03:11:00.269+0000] {local_task_job_runner.py:225} INFO - Task exited with return code 0
[2023-06-12T03:32:19.669+0000] {taskinstance.py:1103} INFO - Dependencies all met for dep_context=non-requeueable deps ti=<TaskInstance: dag_catchup_03.task1 scheduled__2023-06-11T00:00:00+00:00 [queued]>
[2023-06-12T03:32:20.439+0000] {taskinstance.py:1103} INFO - Dependencies all met for dep_context=requeueable deps ti=<TaskInstance: dag_catchup_03.task1 scheduled__2023-06-11T00:00:00+00:00 [queued]>
[2023-06-12T03:32:20.443+0000] {taskinstance.py:1308} INFO - Starting attempt 1 of 6
[2023-06-12T03:32:22.064+0000] {taskinstance.py:1327} INFO - Executing <Task(BashOperator): task1> on 2023-06-11 00:00:00+00:00
[2023-06-12T03:32:22.105+0000] {standard_task_runner.py:57} INFO - Started process 124 to run task
[2023-06-12T03:32:22.897+0000] {standard_task_runner.py:84} INFO - Running: ['***', 'tasks', 'run', 'dag_catchup_03', 'task1', 'scheduled__2023-06-11T00:00:00+00:00', '--job-id', '18', '--raw', '--subdir', 'DAGS_FOLDER/dag_catchup.py', '--cfg-path', '/tmp/tmpwo9zqyzc']
[2023-06-12T03:32:22.924+0000] {standard_task_runner.py:85} INFO - Job 18: Subtask task1
[2023-06-12T03:32:26.852+0000] {task_command.py:410} INFO - Running <TaskInstance: dag_catchup_03.task1 scheduled__2023-06-11T00:00:00+00:00 [running]> on host 03cd9a7904e9
[2023-06-12T03:32:34.129+0000] {taskinstance.py:1547} INFO - Exporting env vars: AIRFLOW_CTX_DAG_OWNER='Raja' AIRFLOW_CTX_DAG_ID='dag_catchup_03' AIRFLOW_CTX_TASK_ID='task1' AIRFLOW_CTX_EXECUTION_DATE='2023-06-11T00:00:00+00:00' AIRFLOW_CTX_TRY_NUMBER='1' AIRFLOW_CTX_DAG_RUN_ID='scheduled__2023-06-11T00:00:00+00:00'
[2023-06-12T03:32:34.743+0000] {subprocess.py:63} INFO - Tmp dir root location: 
 /tmp
[2023-06-12T03:32:35.048+0000] {subprocess.py:75} INFO - Running command: ['/bin/bash', '-c', 'echo This is a simple bash command!']
[2023-06-12T03:32:35.944+0000] {subprocess.py:86} INFO - Output:
[2023-06-12T03:32:35.971+0000] {subprocess.py:93} INFO - This is a simple bash command!
[2023-06-12T03:32:35.974+0000] {subprocess.py:97} INFO - Command exited with return code 0
[2023-06-12T03:32:37.202+0000] {taskinstance.py:1350} INFO - Marking task as SUCCESS. dag_id=dag_catchup_03, task_id=task1, execution_date=20230611T000000, start_date=20230612T033219, end_date=20230612T033237
[2023-06-12T03:32:38.040+0000] {local_task_job_runner.py:225} INFO - Task exited with return code 0
[2023-06-12T03:32:39.343+0000] {taskinstance.py:2651} INFO - 0 downstream tasks scheduled from follow-on schedule check
