[2023-06-11T08:55:00.418+0000] {taskinstance.py:1103} INFO - Dependencies all met for dep_context=non-requeueable deps ti=<TaskInstance: first_dag_02.second_task scheduled__2021-11-25T00:00:00+00:00 [queued]>
[2023-06-11T08:55:00.514+0000] {taskinstance.py:1103} INFO - Dependencies all met for dep_context=requeueable deps ti=<TaskInstance: first_dag_02.second_task scheduled__2021-11-25T00:00:00+00:00 [queued]>
[2023-06-11T08:55:00.514+0000] {taskinstance.py:1308} INFO - Starting attempt 1 of 6
[2023-06-11T08:55:00.701+0000] {taskinstance.py:1327} INFO - Executing <Task(BashOperator): second_task> on 2021-11-25 00:00:00+00:00
[2023-06-11T08:55:00.769+0000] {standard_task_runner.py:57} INFO - Started process 1933 to run task
[2023-06-11T08:55:00.810+0000] {standard_task_runner.py:84} INFO - Running: ['***', 'tasks', 'run', 'first_dag_02', 'second_task', 'scheduled__2021-11-25T00:00:00+00:00', '--job-id', '600', '--raw', '--subdir', 'DAGS_FOLDER/First_dag.py', '--cfg-path', '/tmp/tmpf1924npk']
[2023-06-11T08:55:00.819+0000] {standard_task_runner.py:85} INFO - Job 600: Subtask second_task
[2023-06-11T08:55:01.536+0000] {task_command.py:410} INFO - Running <TaskInstance: first_dag_02.second_task scheduled__2021-11-25T00:00:00+00:00 [running]> on host 964e508aad03
[2023-06-11T08:55:03.250+0000] {taskinstance.py:1547} INFO - Exporting env vars: AIRFLOW_CTX_DAG_OWNER='Raja' AIRFLOW_CTX_DAG_ID='first_dag_02' AIRFLOW_CTX_TASK_ID='second_task' AIRFLOW_CTX_EXECUTION_DATE='2021-11-25T00:00:00+00:00' AIRFLOW_CTX_TRY_NUMBER='1' AIRFLOW_CTX_DAG_RUN_ID='scheduled__2021-11-25T00:00:00+00:00'
[2023-06-11T08:55:03.255+0000] {subprocess.py:63} INFO - Tmp dir root location: 
 /tmp
[2023-06-11T08:55:03.277+0000] {subprocess.py:75} INFO - Running command: ['/bin/bash', '-c', 'echo hey, I am task2 and will be running after task1!']
[2023-06-11T08:55:03.418+0000] {subprocess.py:86} INFO - Output:
[2023-06-11T08:55:03.434+0000] {subprocess.py:93} INFO - hey, I am task2 and will be running after task1!
[2023-06-11T08:55:03.461+0000] {subprocess.py:97} INFO - Command exited with return code 0
[2023-06-11T08:55:04.005+0000] {taskinstance.py:1350} INFO - Marking task as SUCCESS. dag_id=first_dag_02, task_id=second_task, execution_date=20211125T000000, start_date=20230611T085500, end_date=20230611T085504
[2023-06-11T08:55:04.452+0000] {local_task_job_runner.py:225} INFO - Task exited with return code 0
[2023-06-11T08:55:04.864+0000] {taskinstance.py:2651} INFO - 0 downstream tasks scheduled from follow-on schedule check
[2023-06-11T11:17:53.325+0000] {taskinstance.py:1103} INFO - Dependencies all met for dep_context=non-requeueable deps ti=<TaskInstance: first_dag_02.second_task scheduled__2021-11-25T00:00:00+00:00 [queued]>
[2023-06-11T11:17:53.539+0000] {taskinstance.py:1103} INFO - Dependencies all met for dep_context=requeueable deps ti=<TaskInstance: first_dag_02.second_task scheduled__2021-11-25T00:00:00+00:00 [queued]>
[2023-06-11T11:17:53.539+0000] {taskinstance.py:1308} INFO - Starting attempt 1 of 6
[2023-06-11T11:17:54.134+0000] {taskinstance.py:1327} INFO - Executing <Task(BashOperator): second_task> on 2021-11-25 00:00:00+00:00
[2023-06-11T11:17:54.206+0000] {standard_task_runner.py:57} INFO - Started process 623 to run task
[2023-06-11T11:17:54.283+0000] {standard_task_runner.py:84} INFO - Running: ['***', 'tasks', 'run', 'first_dag_02', 'second_task', 'scheduled__2021-11-25T00:00:00+00:00', '--job-id', '644', '--raw', '--subdir', 'DAGS_FOLDER/First_dag.py', '--cfg-path', '/tmp/tmpm_jfw4ol']
[2023-06-11T11:17:54.307+0000] {standard_task_runner.py:85} INFO - Job 644: Subtask second_task
[2023-06-11T11:17:54.991+0000] {task_command.py:410} INFO - Running <TaskInstance: first_dag_02.second_task scheduled__2021-11-25T00:00:00+00:00 [running]> on host 7586ce0070ac
[2023-06-11T11:17:57.287+0000] {taskinstance.py:1547} INFO - Exporting env vars: AIRFLOW_CTX_DAG_OWNER='Raja' AIRFLOW_CTX_DAG_ID='first_dag_02' AIRFLOW_CTX_TASK_ID='second_task' AIRFLOW_CTX_EXECUTION_DATE='2021-11-25T00:00:00+00:00' AIRFLOW_CTX_TRY_NUMBER='1' AIRFLOW_CTX_DAG_RUN_ID='scheduled__2021-11-25T00:00:00+00:00'
[2023-06-11T11:17:57.315+0000] {subprocess.py:63} INFO - Tmp dir root location: 
 /tmp
[2023-06-11T11:17:57.316+0000] {subprocess.py:75} INFO - Running command: ['/bin/bash', '-c', 'echo hey, I am task2 and will be running after task1!']
[2023-06-11T11:17:57.509+0000] {subprocess.py:86} INFO - Output:
[2023-06-11T11:17:57.526+0000] {subprocess.py:93} INFO - hey, I am task2 and will be running after task1!
[2023-06-11T11:17:57.526+0000] {subprocess.py:97} INFO - Command exited with return code 0
[2023-06-11T11:17:57.982+0000] {taskinstance.py:1350} INFO - Marking task as SUCCESS. dag_id=first_dag_02, task_id=second_task, execution_date=20211125T000000, start_date=20230611T111753, end_date=20230611T111757
[2023-06-11T11:17:58.558+0000] {local_task_job_runner.py:225} INFO - Task exited with return code 0
[2023-06-11T11:17:59.305+0000] {taskinstance.py:2651} INFO - 0 downstream tasks scheduled from follow-on schedule check
