[2023-06-11T09:45:06.732+0000] {taskinstance.py:1103} INFO - Dependencies all met for dep_context=non-requeueable deps ti=<TaskInstance: first_dag_02.thrid_task scheduled__2022-05-19T00:00:00+00:00 [queued]>
[2023-06-11T09:45:07.156+0000] {taskinstance.py:1103} INFO - Dependencies all met for dep_context=requeueable deps ti=<TaskInstance: first_dag_02.thrid_task scheduled__2022-05-19T00:00:00+00:00 [queued]>
[2023-06-11T09:45:07.156+0000] {taskinstance.py:1308} INFO - Starting attempt 1 of 6
[2023-06-11T09:45:07.893+0000] {taskinstance.py:1327} INFO - Executing <Task(BashOperator): thrid_task> on 2022-05-19 00:00:00+00:00
[2023-06-11T09:45:07.983+0000] {standard_task_runner.py:57} INFO - Started process 4622 to run task
[2023-06-11T09:45:08.055+0000] {standard_task_runner.py:84} INFO - Running: ['***', 'tasks', 'run', 'first_dag_02', 'thrid_task', 'scheduled__2022-05-19T00:00:00+00:00', '--job-id', '1417', '--raw', '--subdir', 'DAGS_FOLDER/First_dag.py', '--cfg-path', '/tmp/tmpa84pkhew']
[2023-06-11T09:45:08.068+0000] {standard_task_runner.py:85} INFO - Job 1417: Subtask thrid_task
[2023-06-11T09:45:08.927+0000] {task_command.py:410} INFO - Running <TaskInstance: first_dag_02.thrid_task scheduled__2022-05-19T00:00:00+00:00 [running]> on host 964e508aad03
[2023-06-11T09:45:11.309+0000] {taskinstance.py:1547} INFO - Exporting env vars: AIRFLOW_CTX_DAG_OWNER='Raja' AIRFLOW_CTX_DAG_ID='first_dag_02' AIRFLOW_CTX_TASK_ID='thrid_task' AIRFLOW_CTX_EXECUTION_DATE='2022-05-19T00:00:00+00:00' AIRFLOW_CTX_TRY_NUMBER='1' AIRFLOW_CTX_DAG_RUN_ID='scheduled__2022-05-19T00:00:00+00:00'
[2023-06-11T09:45:11.317+0000] {subprocess.py:63} INFO - Tmp dir root location: 
 /tmp
[2023-06-11T09:45:11.318+0000] {subprocess.py:75} INFO - Running command: ['/bin/bash', '-c', 'echo hey, I am task3 and will be running after task1 at the same time as task2!']
[2023-06-11T09:45:11.365+0000] {subprocess.py:86} INFO - Output:
[2023-06-11T09:45:11.372+0000] {subprocess.py:93} INFO - hey, I am task3 and will be running after task1 at the same time as task2!
[2023-06-11T09:45:11.381+0000] {subprocess.py:97} INFO - Command exited with return code 0
[2023-06-11T09:45:12.021+0000] {taskinstance.py:1350} INFO - Marking task as SUCCESS. dag_id=first_dag_02, task_id=thrid_task, execution_date=20220519T000000, start_date=20230611T094506, end_date=20230611T094512
[2023-06-11T09:45:12.365+0000] {local_task_job_runner.py:225} INFO - Task exited with return code 0
[2023-06-11T09:45:12.870+0000] {taskinstance.py:2651} INFO - 0 downstream tasks scheduled from follow-on schedule check
[2023-06-11T15:31:46.430+0000] {taskinstance.py:1103} INFO - Dependencies all met for dep_context=non-requeueable deps ti=<TaskInstance: first_dag_02.thrid_task scheduled__2022-05-19T00:00:00+00:00 [queued]>
[2023-06-11T15:31:46.617+0000] {taskinstance.py:1103} INFO - Dependencies all met for dep_context=requeueable deps ti=<TaskInstance: first_dag_02.thrid_task scheduled__2022-05-19T00:00:00+00:00 [queued]>
[2023-06-11T15:31:46.618+0000] {taskinstance.py:1308} INFO - Starting attempt 1 of 6
[2023-06-11T15:31:47.037+0000] {taskinstance.py:1327} INFO - Executing <Task(BashOperator): thrid_task> on 2022-05-19 00:00:00+00:00
[2023-06-11T15:31:47.122+0000] {standard_task_runner.py:57} INFO - Started process 1182 to run task
[2023-06-11T15:31:47.142+0000] {standard_task_runner.py:84} INFO - Running: ['***', 'tasks', 'run', 'first_dag_02', 'thrid_task', 'scheduled__2022-05-19T00:00:00+00:00', '--job-id', '1445', '--raw', '--subdir', 'DAGS_FOLDER/First_dag.py', '--cfg-path', '/tmp/tmpnsd99wje']
[2023-06-11T15:31:47.161+0000] {standard_task_runner.py:85} INFO - Job 1445: Subtask thrid_task
[2023-06-11T15:31:48.067+0000] {task_command.py:410} INFO - Running <TaskInstance: first_dag_02.thrid_task scheduled__2022-05-19T00:00:00+00:00 [running]> on host 7586ce0070ac
[2023-06-11T15:31:49.220+0000] {taskinstance.py:1547} INFO - Exporting env vars: AIRFLOW_CTX_DAG_OWNER='Raja' AIRFLOW_CTX_DAG_ID='first_dag_02' AIRFLOW_CTX_TASK_ID='thrid_task' AIRFLOW_CTX_EXECUTION_DATE='2022-05-19T00:00:00+00:00' AIRFLOW_CTX_TRY_NUMBER='1' AIRFLOW_CTX_DAG_RUN_ID='scheduled__2022-05-19T00:00:00+00:00'
[2023-06-11T15:31:49.222+0000] {subprocess.py:63} INFO - Tmp dir root location: 
 /tmp
[2023-06-11T15:31:49.223+0000] {subprocess.py:75} INFO - Running command: ['/bin/bash', '-c', 'echo hey, I am task3 and will be running after task1 at the same time as task2!']
[2023-06-11T15:31:49.382+0000] {subprocess.py:86} INFO - Output:
[2023-06-11T15:31:49.414+0000] {subprocess.py:93} INFO - hey, I am task3 and will be running after task1 at the same time as task2!
[2023-06-11T15:31:49.415+0000] {subprocess.py:97} INFO - Command exited with return code 0
[2023-06-11T15:31:49.841+0000] {taskinstance.py:1350} INFO - Marking task as SUCCESS. dag_id=first_dag_02, task_id=thrid_task, execution_date=20220519T000000, start_date=20230611T153146, end_date=20230611T153149
[2023-06-11T15:31:50.137+0000] {local_task_job_runner.py:225} INFO - Task exited with return code 0
[2023-06-11T15:31:50.285+0000] {taskinstance.py:2651} INFO - 0 downstream tasks scheduled from follow-on schedule check
