[2023-06-11T08:59:17.435+0000] {taskinstance.py:1103} INFO - Dependencies all met for dep_context=non-requeueable deps ti=<TaskInstance: first_dag_02.thrid_task scheduled__2022-01-31T00:00:00+00:00 [queued]>
[2023-06-11T08:59:17.574+0000] {taskinstance.py:1103} INFO - Dependencies all met for dep_context=requeueable deps ti=<TaskInstance: first_dag_02.thrid_task scheduled__2022-01-31T00:00:00+00:00 [queued]>
[2023-06-11T08:59:17.576+0000] {taskinstance.py:1308} INFO - Starting attempt 1 of 6
[2023-06-11T08:59:17.826+0000] {taskinstance.py:1327} INFO - Executing <Task(BashOperator): thrid_task> on 2022-01-31 00:00:00+00:00
[2023-06-11T08:59:17.864+0000] {standard_task_runner.py:57} INFO - Started process 2903 to run task
[2023-06-11T08:59:17.878+0000] {standard_task_runner.py:84} INFO - Running: ['***', 'tasks', 'run', 'first_dag_02', 'thrid_task', 'scheduled__2022-01-31T00:00:00+00:00', '--job-id', '905', '--raw', '--subdir', 'DAGS_FOLDER/First_dag.py', '--cfg-path', '/tmp/tmpf24w1cyo']
[2023-06-11T08:59:17.878+0000] {standard_task_runner.py:85} INFO - Job 905: Subtask thrid_task
[2023-06-11T08:59:18.287+0000] {task_command.py:410} INFO - Running <TaskInstance: first_dag_02.thrid_task scheduled__2022-01-31T00:00:00+00:00 [running]> on host 964e508aad03
[2023-06-11T08:59:19.620+0000] {taskinstance.py:1547} INFO - Exporting env vars: AIRFLOW_CTX_DAG_OWNER='Raja' AIRFLOW_CTX_DAG_ID='first_dag_02' AIRFLOW_CTX_TASK_ID='thrid_task' AIRFLOW_CTX_EXECUTION_DATE='2022-01-31T00:00:00+00:00' AIRFLOW_CTX_TRY_NUMBER='1' AIRFLOW_CTX_DAG_RUN_ID='scheduled__2022-01-31T00:00:00+00:00'
[2023-06-11T08:59:19.622+0000] {subprocess.py:63} INFO - Tmp dir root location: 
 /tmp
[2023-06-11T08:59:19.623+0000] {subprocess.py:75} INFO - Running command: ['/bin/bash', '-c', 'echo hey, I am task3 and will be running after task1 at the same time as task2!']
[2023-06-11T08:59:19.679+0000] {subprocess.py:86} INFO - Output:
[2023-06-11T08:59:19.700+0000] {subprocess.py:93} INFO - hey, I am task3 and will be running after task1 at the same time as task2!
[2023-06-11T08:59:19.701+0000] {subprocess.py:97} INFO - Command exited with return code 0
[2023-06-11T08:59:19.908+0000] {taskinstance.py:1350} INFO - Marking task as SUCCESS. dag_id=first_dag_02, task_id=thrid_task, execution_date=20220131T000000, start_date=20230611T085917, end_date=20230611T085919
[2023-06-11T08:59:20.172+0000] {local_task_job_runner.py:225} INFO - Task exited with return code 0
[2023-06-11T08:59:20.447+0000] {taskinstance.py:2651} INFO - 0 downstream tasks scheduled from follow-on schedule check
[2023-06-11T11:32:41.517+0000] {taskinstance.py:1103} INFO - Dependencies all met for dep_context=non-requeueable deps ti=<TaskInstance: first_dag_02.thrid_task scheduled__2022-01-31T00:00:00+00:00 [queued]>
[2023-06-11T11:32:41.789+0000] {taskinstance.py:1103} INFO - Dependencies all met for dep_context=requeueable deps ti=<TaskInstance: first_dag_02.thrid_task scheduled__2022-01-31T00:00:00+00:00 [queued]>
[2023-06-11T11:32:41.790+0000] {taskinstance.py:1308} INFO - Starting attempt 1 of 6
[2023-06-11T11:32:42.138+0000] {taskinstance.py:1327} INFO - Executing <Task(BashOperator): thrid_task> on 2022-01-31 00:00:00+00:00
[2023-06-11T11:32:42.281+0000] {standard_task_runner.py:57} INFO - Started process 434 to run task
[2023-06-11T11:32:42.462+0000] {standard_task_runner.py:84} INFO - Running: ['***', 'tasks', 'run', 'first_dag_02', 'thrid_task', 'scheduled__2022-01-31T00:00:00+00:00', '--job-id', '937', '--raw', '--subdir', 'DAGS_FOLDER/First_dag.py', '--cfg-path', '/tmp/tmpp2s1q_21']
[2023-06-11T11:32:42.547+0000] {standard_task_runner.py:85} INFO - Job 937: Subtask thrid_task
[2023-06-11T11:32:44.029+0000] {task_command.py:410} INFO - Running <TaskInstance: first_dag_02.thrid_task scheduled__2022-01-31T00:00:00+00:00 [running]> on host 7586ce0070ac
[2023-06-11T11:32:47.819+0000] {taskinstance.py:1547} INFO - Exporting env vars: AIRFLOW_CTX_DAG_OWNER='Raja' AIRFLOW_CTX_DAG_ID='first_dag_02' AIRFLOW_CTX_TASK_ID='thrid_task' AIRFLOW_CTX_EXECUTION_DATE='2022-01-31T00:00:00+00:00' AIRFLOW_CTX_TRY_NUMBER='1' AIRFLOW_CTX_DAG_RUN_ID='scheduled__2022-01-31T00:00:00+00:00'
[2023-06-11T11:32:47.879+0000] {subprocess.py:63} INFO - Tmp dir root location: 
 /tmp
[2023-06-11T11:32:47.883+0000] {subprocess.py:75} INFO - Running command: ['/bin/bash', '-c', 'echo hey, I am task3 and will be running after task1 at the same time as task2!']
[2023-06-11T11:32:48.031+0000] {subprocess.py:86} INFO - Output:
[2023-06-11T11:32:48.036+0000] {subprocess.py:93} INFO - hey, I am task3 and will be running after task1 at the same time as task2!
[2023-06-11T11:32:48.039+0000] {subprocess.py:97} INFO - Command exited with return code 0
[2023-06-11T11:32:48.630+0000] {taskinstance.py:1350} INFO - Marking task as SUCCESS. dag_id=first_dag_02, task_id=thrid_task, execution_date=20220131T000000, start_date=20230611T113241, end_date=20230611T113248
[2023-06-11T11:32:49.069+0000] {local_task_job_runner.py:225} INFO - Task exited with return code 0
[2023-06-11T11:32:49.357+0000] {taskinstance.py:2651} INFO - 0 downstream tasks scheduled from follow-on schedule check
