[2023-06-11T09:38:12.404+0000] {taskinstance.py:1103} INFO - Dependencies all met for dep_context=non-requeueable deps ti=<TaskInstance: first_dag_02.second_task scheduled__2022-03-27T00:00:00+00:00 [queued]>
[2023-06-11T09:38:12.962+0000] {taskinstance.py:1103} INFO - Dependencies all met for dep_context=requeueable deps ti=<TaskInstance: first_dag_02.second_task scheduled__2022-03-27T00:00:00+00:00 [queued]>
[2023-06-11T09:38:12.979+0000] {taskinstance.py:1308} INFO - Starting attempt 1 of 6
[2023-06-11T09:38:14.483+0000] {taskinstance.py:1327} INFO - Executing <Task(BashOperator): second_task> on 2022-03-27 00:00:00+00:00
[2023-06-11T09:38:14.504+0000] {standard_task_runner.py:57} INFO - Started process 3722 to run task
[2023-06-11T09:38:14.528+0000] {standard_task_runner.py:84} INFO - Running: ['***', 'tasks', 'run', 'first_dag_02', 'second_task', 'scheduled__2022-03-27T00:00:00+00:00', '--job-id', '1157', '--raw', '--subdir', 'DAGS_FOLDER/First_dag.py', '--cfg-path', '/tmp/tmpsmmfwj_2']
[2023-06-11T09:38:14.530+0000] {standard_task_runner.py:85} INFO - Job 1157: Subtask second_task
[2023-06-11T09:38:15.194+0000] {task_command.py:410} INFO - Running <TaskInstance: first_dag_02.second_task scheduled__2022-03-27T00:00:00+00:00 [running]> on host 964e508aad03
[2023-06-11T09:38:17.799+0000] {taskinstance.py:1547} INFO - Exporting env vars: AIRFLOW_CTX_DAG_OWNER='Raja' AIRFLOW_CTX_DAG_ID='first_dag_02' AIRFLOW_CTX_TASK_ID='second_task' AIRFLOW_CTX_EXECUTION_DATE='2022-03-27T00:00:00+00:00' AIRFLOW_CTX_TRY_NUMBER='1' AIRFLOW_CTX_DAG_RUN_ID='scheduled__2022-03-27T00:00:00+00:00'
[2023-06-11T09:38:17.882+0000] {subprocess.py:63} INFO - Tmp dir root location: 
 /tmp
[2023-06-11T09:38:18.020+0000] {subprocess.py:75} INFO - Running command: ['/bin/bash', '-c', 'echo hey, I am task2 and will be running after task1!']
[2023-06-11T09:38:18.441+0000] {subprocess.py:86} INFO - Output:
[2023-06-11T09:38:18.517+0000] {subprocess.py:93} INFO - hey, I am task2 and will be running after task1!
[2023-06-11T09:38:18.518+0000] {subprocess.py:97} INFO - Command exited with return code 0
[2023-06-11T09:38:19.035+0000] {taskinstance.py:1350} INFO - Marking task as SUCCESS. dag_id=first_dag_02, task_id=second_task, execution_date=20220327T000000, start_date=20230611T093812, end_date=20230611T093819
[2023-06-11T09:38:19.194+0000] {local_task_job_runner.py:225} INFO - Task exited with return code 0
[2023-06-11T09:38:19.403+0000] {taskinstance.py:2651} INFO - 0 downstream tasks scheduled from follow-on schedule check
[2023-06-11T15:27:48.895+0000] {taskinstance.py:1103} INFO - Dependencies all met for dep_context=non-requeueable deps ti=<TaskInstance: first_dag_02.second_task scheduled__2022-03-27T00:00:00+00:00 [queued]>
[2023-06-11T15:27:49.077+0000] {taskinstance.py:1103} INFO - Dependencies all met for dep_context=requeueable deps ti=<TaskInstance: first_dag_02.second_task scheduled__2022-03-27T00:00:00+00:00 [queued]>
[2023-06-11T15:27:49.078+0000] {taskinstance.py:1308} INFO - Starting attempt 1 of 6
[2023-06-11T15:27:49.642+0000] {taskinstance.py:1327} INFO - Executing <Task(BashOperator): second_task> on 2022-03-27 00:00:00+00:00
[2023-06-11T15:27:49.681+0000] {standard_task_runner.py:57} INFO - Started process 478 to run task
[2023-06-11T15:27:49.754+0000] {standard_task_runner.py:84} INFO - Running: ['***', 'tasks', 'run', 'first_dag_02', 'second_task', 'scheduled__2022-03-27T00:00:00+00:00', '--job-id', '1232', '--raw', '--subdir', 'DAGS_FOLDER/First_dag.py', '--cfg-path', '/tmp/tmpb89fp746']
[2023-06-11T15:27:49.769+0000] {standard_task_runner.py:85} INFO - Job 1232: Subtask second_task
[2023-06-11T15:27:50.305+0000] {task_command.py:410} INFO - Running <TaskInstance: first_dag_02.second_task scheduled__2022-03-27T00:00:00+00:00 [running]> on host 7586ce0070ac
[2023-06-11T15:27:52.864+0000] {taskinstance.py:1547} INFO - Exporting env vars: AIRFLOW_CTX_DAG_OWNER='Raja' AIRFLOW_CTX_DAG_ID='first_dag_02' AIRFLOW_CTX_TASK_ID='second_task' AIRFLOW_CTX_EXECUTION_DATE='2022-03-27T00:00:00+00:00' AIRFLOW_CTX_TRY_NUMBER='1' AIRFLOW_CTX_DAG_RUN_ID='scheduled__2022-03-27T00:00:00+00:00'
[2023-06-11T15:27:52.894+0000] {subprocess.py:63} INFO - Tmp dir root location: 
 /tmp
[2023-06-11T15:27:52.912+0000] {subprocess.py:75} INFO - Running command: ['/bin/bash', '-c', 'echo hey, I am task2 and will be running after task1!']
[2023-06-11T15:27:53.090+0000] {subprocess.py:86} INFO - Output:
[2023-06-11T15:27:53.115+0000] {subprocess.py:93} INFO - hey, I am task2 and will be running after task1!
[2023-06-11T15:27:53.126+0000] {subprocess.py:97} INFO - Command exited with return code 0
[2023-06-11T15:27:53.478+0000] {taskinstance.py:1350} INFO - Marking task as SUCCESS. dag_id=first_dag_02, task_id=second_task, execution_date=20220327T000000, start_date=20230611T152748, end_date=20230611T152753
[2023-06-11T15:27:54.414+0000] {local_task_job_runner.py:225} INFO - Task exited with return code 0
[2023-06-11T15:27:55.893+0000] {taskinstance.py:2651} INFO - 0 downstream tasks scheduled from follow-on schedule check
