[2023-06-11T09:46:03.030+0000] {taskinstance.py:1103} INFO - Dependencies all met for dep_context=non-requeueable deps ti=<TaskInstance: dag_cron_expression_03.task1 scheduled__2022-02-15T03:00:00+00:00 [queued]>
[2023-06-11T09:46:03.077+0000] {taskinstance.py:1103} INFO - Dependencies all met for dep_context=requeueable deps ti=<TaskInstance: dag_cron_expression_03.task1 scheduled__2022-02-15T03:00:00+00:00 [queued]>
[2023-06-11T09:46:03.078+0000] {taskinstance.py:1308} INFO - Starting attempt 1 of 6
[2023-06-11T09:46:03.267+0000] {taskinstance.py:1327} INFO - Executing <Task(BashOperator): task1> on 2022-02-15 03:00:00+00:00
[2023-06-11T09:46:03.369+0000] {standard_task_runner.py:57} INFO - Started process 4808 to run task
[2023-06-11T09:46:03.408+0000] {standard_task_runner.py:84} INFO - Running: ['***', 'tasks', 'run', 'dag_cron_expression_03', 'task1', 'scheduled__2022-02-15T03:00:00+00:00', '--job-id', '1477', '--raw', '--subdir', 'DAGS_FOLDER/dag_corn.py', '--cfg-path', '/tmp/tmp0iiqomsc']
[2023-06-11T09:46:03.453+0000] {standard_task_runner.py:85} INFO - Job 1477: Subtask task1
[2023-06-11T09:46:04.308+0000] {task_command.py:410} INFO - Running <TaskInstance: dag_cron_expression_03.task1 scheduled__2022-02-15T03:00:00+00:00 [running]> on host 964e508aad03
[2023-06-11T09:46:06.637+0000] {taskinstance.py:1547} INFO - Exporting env vars: AIRFLOW_CTX_DAG_OWNER='Raja' AIRFLOW_CTX_DAG_ID='dag_cron_expression_03' AIRFLOW_CTX_TASK_ID='task1' AIRFLOW_CTX_EXECUTION_DATE='2022-02-15T03:00:00+00:00' AIRFLOW_CTX_TRY_NUMBER='1' AIRFLOW_CTX_DAG_RUN_ID='scheduled__2022-02-15T03:00:00+00:00'
[2023-06-11T09:46:06.640+0000] {subprocess.py:63} INFO - Tmp dir root location: 
 /tmp
[2023-06-11T09:46:06.641+0000] {subprocess.py:75} INFO - Running command: ['/bin/bash', '-c', 'echo dag with cron expression!']
[2023-06-11T09:46:06.701+0000] {subprocess.py:86} INFO - Output:
[2023-06-11T09:46:06.718+0000] {subprocess.py:93} INFO - dag with cron expression!
[2023-06-11T09:46:06.729+0000] {subprocess.py:97} INFO - Command exited with return code 0
[2023-06-11T09:46:07.208+0000] {taskinstance.py:1350} INFO - Marking task as SUCCESS. dag_id=dag_cron_expression_03, task_id=task1, execution_date=20220215T030000, start_date=20230611T094603, end_date=20230611T094607
[2023-06-11T09:46:08.110+0000] {local_task_job_runner.py:225} INFO - Task exited with return code 0
[2023-06-11T09:46:08.558+0000] {taskinstance.py:2651} INFO - 0 downstream tasks scheduled from follow-on schedule check
[2023-06-11T10:56:56.636+0000] {taskinstance.py:1103} INFO - Dependencies all met for dep_context=non-requeueable deps ti=<TaskInstance: dag_cron_expression_03.task1 scheduled__2022-02-15T03:00:00+00:00 [queued]>
[2023-06-11T10:56:57.270+0000] {taskinstance.py:1103} INFO - Dependencies all met for dep_context=requeueable deps ti=<TaskInstance: dag_cron_expression_03.task1 scheduled__2022-02-15T03:00:00+00:00 [queued]>
[2023-06-11T10:56:57.281+0000] {taskinstance.py:1308} INFO - Starting attempt 1 of 6
[2023-06-11T10:56:58.279+0000] {taskinstance.py:1327} INFO - Executing <Task(BashOperator): task1> on 2022-02-15 03:00:00+00:00
[2023-06-11T10:56:58.320+0000] {standard_task_runner.py:57} INFO - Started process 1192 to run task
[2023-06-11T10:56:58.571+0000] {standard_task_runner.py:84} INFO - Running: ['***', 'tasks', 'run', 'dag_cron_expression_03', 'task1', 'scheduled__2022-02-15T03:00:00+00:00', '--job-id', '325', '--raw', '--subdir', 'DAGS_FOLDER/dag_cron.py', '--cfg-path', '/tmp/tmpp1pkbkmf']
[2023-06-11T10:56:58.572+0000] {standard_task_runner.py:85} INFO - Job 325: Subtask task1
[2023-06-11T10:57:01.245+0000] {task_command.py:410} INFO - Running <TaskInstance: dag_cron_expression_03.task1 scheduled__2022-02-15T03:00:00+00:00 [running]> on host 7586ce0070ac
[2023-06-11T10:57:06.907+0000] {taskinstance.py:1547} INFO - Exporting env vars: AIRFLOW_CTX_DAG_OWNER='Raja' AIRFLOW_CTX_DAG_ID='dag_cron_expression_03' AIRFLOW_CTX_TASK_ID='task1' AIRFLOW_CTX_EXECUTION_DATE='2022-02-15T03:00:00+00:00' AIRFLOW_CTX_TRY_NUMBER='1' AIRFLOW_CTX_DAG_RUN_ID='scheduled__2022-02-15T03:00:00+00:00'
[2023-06-11T10:57:07.284+0000] {subprocess.py:63} INFO - Tmp dir root location: 
 /tmp
[2023-06-11T10:57:07.290+0000] {subprocess.py:75} INFO - Running command: ['/bin/bash', '-c', 'echo dag with cron expression!']
[2023-06-11T10:57:08.227+0000] {subprocess.py:86} INFO - Output:
[2023-06-11T10:57:08.253+0000] {subprocess.py:93} INFO - dag with cron expression!
[2023-06-11T10:57:08.267+0000] {subprocess.py:97} INFO - Command exited with return code 0
[2023-06-11T10:57:09.516+0000] {taskinstance.py:1350} INFO - Marking task as SUCCESS. dag_id=dag_cron_expression_03, task_id=task1, execution_date=20220215T030000, start_date=20230611T105656, end_date=20230611T105709
[2023-06-11T10:57:10.662+0000] {local_task_job_runner.py:225} INFO - Task exited with return code 0
[2023-06-11T10:57:11.140+0000] {taskinstance.py:2651} INFO - 0 downstream tasks scheduled from follow-on schedule check
