[2023-06-10T17:27:28.353+0000] {taskinstance.py:1103} INFO - Dependencies all met for dep_context=non-requeueable deps ti=<TaskInstance: first_dag_02.thrid_task scheduled__2021-08-06T00:00:00+00:00 [queued]>
[2023-06-10T17:27:28.470+0000] {taskinstance.py:1103} INFO - Dependencies all met for dep_context=requeueable deps ti=<TaskInstance: first_dag_02.thrid_task scheduled__2021-08-06T00:00:00+00:00 [queued]>
[2023-06-10T17:27:28.471+0000] {taskinstance.py:1308} INFO - Starting attempt 1 of 6
[2023-06-10T17:27:30.170+0000] {taskinstance.py:1327} INFO - Executing <Task(BashOperator): thrid_task> on 2021-08-06 00:00:00+00:00
[2023-06-10T17:27:30.349+0000] {standard_task_runner.py:57} INFO - Started process 963 to run task
[2023-06-10T17:27:30.438+0000] {standard_task_runner.py:84} INFO - Running: ['***', 'tasks', 'run', 'first_dag_02', 'thrid_task', 'scheduled__2021-08-06T00:00:00+00:00', '--job-id', '1831', '--raw', '--subdir', 'DAGS_FOLDER/First_dag.py', '--cfg-path', '/tmp/tmp0nmeag13']
[2023-06-10T17:27:30.569+0000] {standard_task_runner.py:85} INFO - Job 1831: Subtask thrid_task
[2023-06-10T17:27:33.931+0000] {task_command.py:410} INFO - Running <TaskInstance: first_dag_02.thrid_task scheduled__2021-08-06T00:00:00+00:00 [running]> on host e326d5f70fa9
[2023-06-10T17:27:45.861+0000] {taskinstance.py:1547} INFO - Exporting env vars: AIRFLOW_CTX_DAG_OWNER='Raja' AIRFLOW_CTX_DAG_ID='first_dag_02' AIRFLOW_CTX_TASK_ID='thrid_task' AIRFLOW_CTX_EXECUTION_DATE='2021-08-06T00:00:00+00:00' AIRFLOW_CTX_TRY_NUMBER='1' AIRFLOW_CTX_DAG_RUN_ID='scheduled__2021-08-06T00:00:00+00:00'
[2023-06-10T17:27:46.420+0000] {subprocess.py:63} INFO - Tmp dir root location: 
 /tmp
[2023-06-10T17:27:46.496+0000] {subprocess.py:75} INFO - Running command: ['/bin/bash', '-c', 'echo hey, I am task3 and will be running after task1 at the same time as task2!']
[2023-06-10T17:27:46.615+0000] {subprocess.py:86} INFO - Output:
[2023-06-10T17:27:51.245+0000] {subprocess.py:93} INFO - hey, I am task3 and will be running after task1 at the same time as task2!
[2023-06-10T17:27:51.339+0000] {subprocess.py:97} INFO - Command exited with return code 0
[2023-06-10T17:28:04.954+0000] {taskinstance.py:1350} INFO - Marking task as SUCCESS. dag_id=first_dag_02, task_id=thrid_task, execution_date=20210806T000000, start_date=20230610T172728, end_date=20230610T172804
[2023-06-10T17:28:05.274+0000] {local_task_job_runner.py:225} INFO - Task exited with return code 0
[2023-06-10T17:28:06.064+0000] {taskinstance.py:2651} INFO - 0 downstream tasks scheduled from follow-on schedule check
[2023-06-11T04:45:08.391+0000] {taskinstance.py:1103} INFO - Dependencies all met for dep_context=non-requeueable deps ti=<TaskInstance: first_dag_02.thrid_task scheduled__2021-08-06T00:00:00+00:00 [queued]>
[2023-06-11T04:45:08.903+0000] {taskinstance.py:1103} INFO - Dependencies all met for dep_context=requeueable deps ti=<TaskInstance: first_dag_02.thrid_task scheduled__2021-08-06T00:00:00+00:00 [queued]>
[2023-06-11T04:45:08.923+0000] {taskinstance.py:1308} INFO - Starting attempt 1 of 6
[2023-06-11T04:45:09.796+0000] {taskinstance.py:1327} INFO - Executing <Task(BashOperator): thrid_task> on 2021-08-06 00:00:00+00:00
[2023-06-11T04:45:09.812+0000] {standard_task_runner.py:57} INFO - Started process 240 to run task
[2023-06-11T04:45:09.850+0000] {standard_task_runner.py:84} INFO - Running: ['***', 'tasks', 'run', 'first_dag_02', 'thrid_task', 'scheduled__2021-08-06T00:00:00+00:00', '--job-id', '59', '--raw', '--subdir', 'DAGS_FOLDER/First_dag.py', '--cfg-path', '/tmp/tmp8586anld']
[2023-06-11T04:45:09.852+0000] {standard_task_runner.py:85} INFO - Job 59: Subtask thrid_task
[2023-06-11T04:45:11.419+0000] {task_command.py:410} INFO - Running <TaskInstance: first_dag_02.thrid_task scheduled__2021-08-06T00:00:00+00:00 [running]> on host 4b1b5d40d165
[2023-06-11T04:45:14.419+0000] {taskinstance.py:1547} INFO - Exporting env vars: AIRFLOW_CTX_DAG_OWNER='Raja' AIRFLOW_CTX_DAG_ID='first_dag_02' AIRFLOW_CTX_TASK_ID='thrid_task' AIRFLOW_CTX_EXECUTION_DATE='2021-08-06T00:00:00+00:00' AIRFLOW_CTX_TRY_NUMBER='1' AIRFLOW_CTX_DAG_RUN_ID='scheduled__2021-08-06T00:00:00+00:00'
[2023-06-11T04:45:14.516+0000] {subprocess.py:63} INFO - Tmp dir root location: 
 /tmp
[2023-06-11T04:45:14.586+0000] {subprocess.py:75} INFO - Running command: ['/bin/bash', '-c', 'echo hey, I am task3 and will be running after task1 at the same time as task2!']
[2023-06-11T04:45:15.036+0000] {subprocess.py:86} INFO - Output:
[2023-06-11T04:45:15.077+0000] {subprocess.py:93} INFO - hey, I am task3 and will be running after task1 at the same time as task2!
[2023-06-11T04:45:15.090+0000] {subprocess.py:97} INFO - Command exited with return code 0
[2023-06-11T04:45:15.938+0000] {taskinstance.py:1350} INFO - Marking task as SUCCESS. dag_id=first_dag_02, task_id=thrid_task, execution_date=20210806T000000, start_date=20230611T044508, end_date=20230611T044515
[2023-06-11T04:45:17.140+0000] {local_task_job_runner.py:225} INFO - Task exited with return code 0
[2023-06-11T04:45:19.103+0000] {taskinstance.py:2651} INFO - 0 downstream tasks scheduled from follow-on schedule check
[2023-06-11T05:15:20.771+0000] {taskinstance.py:1103} INFO - Dependencies all met for dep_context=non-requeueable deps ti=<TaskInstance: first_dag_02.thrid_task scheduled__2021-08-06T00:00:00+00:00 [queued]>
[2023-06-11T05:15:20.863+0000] {taskinstance.py:1103} INFO - Dependencies all met for dep_context=requeueable deps ti=<TaskInstance: first_dag_02.thrid_task scheduled__2021-08-06T00:00:00+00:00 [queued]>
[2023-06-11T05:15:20.864+0000] {taskinstance.py:1308} INFO - Starting attempt 1 of 6
[2023-06-11T05:15:22.522+0000] {taskinstance.py:1327} INFO - Executing <Task(BashOperator): thrid_task> on 2021-08-06 00:00:00+00:00
[2023-06-11T05:15:22.656+0000] {standard_task_runner.py:57} INFO - Started process 265 to run task
[2023-06-11T05:15:22.943+0000] {standard_task_runner.py:84} INFO - Running: ['***', 'tasks', 'run', 'first_dag_02', 'thrid_task', 'scheduled__2021-08-06T00:00:00+00:00', '--job-id', '61', '--raw', '--subdir', 'DAGS_FOLDER/First_dag.py', '--cfg-path', '/tmp/tmpg3s3cskh']
[2023-06-11T05:15:22.952+0000] {standard_task_runner.py:85} INFO - Job 61: Subtask thrid_task
[2023-06-11T05:15:24.385+0000] {task_command.py:410} INFO - Running <TaskInstance: first_dag_02.thrid_task scheduled__2021-08-06T00:00:00+00:00 [running]> on host 69e374580eab
[2023-06-11T05:15:30.091+0000] {taskinstance.py:1547} INFO - Exporting env vars: AIRFLOW_CTX_DAG_OWNER='Raja' AIRFLOW_CTX_DAG_ID='first_dag_02' AIRFLOW_CTX_TASK_ID='thrid_task' AIRFLOW_CTX_EXECUTION_DATE='2021-08-06T00:00:00+00:00' AIRFLOW_CTX_TRY_NUMBER='1' AIRFLOW_CTX_DAG_RUN_ID='scheduled__2021-08-06T00:00:00+00:00'
[2023-06-11T05:15:30.108+0000] {subprocess.py:63} INFO - Tmp dir root location: 
 /tmp
[2023-06-11T05:15:30.120+0000] {subprocess.py:75} INFO - Running command: ['/bin/bash', '-c', 'echo hey, I am task3 and will be running after task1 at the same time as task2!']
[2023-06-11T05:15:30.493+0000] {subprocess.py:86} INFO - Output:
[2023-06-11T05:15:30.527+0000] {subprocess.py:93} INFO - hey, I am task3 and will be running after task1 at the same time as task2!
[2023-06-11T05:15:30.547+0000] {subprocess.py:97} INFO - Command exited with return code 0
[2023-06-11T05:15:31.731+0000] {taskinstance.py:1350} INFO - Marking task as SUCCESS. dag_id=first_dag_02, task_id=thrid_task, execution_date=20210806T000000, start_date=20230611T051520, end_date=20230611T051531
[2023-06-11T05:15:32.969+0000] {local_task_job_runner.py:225} INFO - Task exited with return code 0
[2023-06-11T05:15:33.086+0000] {taskinstance.py:2651} INFO - 0 downstream tasks scheduled from follow-on schedule check
[2023-06-11T08:16:30.458+0000] {taskinstance.py:1103} INFO - Dependencies all met for dep_context=non-requeueable deps ti=<TaskInstance: first_dag_02.thrid_task scheduled__2021-08-06T00:00:00+00:00 [queued]>
[2023-06-11T08:16:31.066+0000] {taskinstance.py:1103} INFO - Dependencies all met for dep_context=requeueable deps ti=<TaskInstance: first_dag_02.thrid_task scheduled__2021-08-06T00:00:00+00:00 [queued]>
[2023-06-11T08:16:31.069+0000] {taskinstance.py:1308} INFO - Starting attempt 1 of 6
[2023-06-11T08:16:32.824+0000] {taskinstance.py:1327} INFO - Executing <Task(BashOperator): thrid_task> on 2021-08-06 00:00:00+00:00
[2023-06-11T08:16:33.163+0000] {standard_task_runner.py:57} INFO - Started process 297 to run task
[2023-06-11T08:16:33.379+0000] {standard_task_runner.py:84} INFO - Running: ['***', 'tasks', 'run', 'first_dag_02', 'thrid_task', 'scheduled__2021-08-06T00:00:00+00:00', '--job-id', '108', '--raw', '--subdir', 'DAGS_FOLDER/First_dag.py', '--cfg-path', '/tmp/tmps59b4cds']
[2023-06-11T08:16:33.410+0000] {standard_task_runner.py:85} INFO - Job 108: Subtask thrid_task
[2023-06-11T08:16:35.409+0000] {task_command.py:410} INFO - Running <TaskInstance: first_dag_02.thrid_task scheduled__2021-08-06T00:00:00+00:00 [running]> on host 492037cdd057
[2023-06-11T08:16:41.568+0000] {taskinstance.py:1547} INFO - Exporting env vars: AIRFLOW_CTX_DAG_OWNER='Raja' AIRFLOW_CTX_DAG_ID='first_dag_02' AIRFLOW_CTX_TASK_ID='thrid_task' AIRFLOW_CTX_EXECUTION_DATE='2021-08-06T00:00:00+00:00' AIRFLOW_CTX_TRY_NUMBER='1' AIRFLOW_CTX_DAG_RUN_ID='scheduled__2021-08-06T00:00:00+00:00'
[2023-06-11T08:16:41.668+0000] {subprocess.py:63} INFO - Tmp dir root location: 
 /tmp
[2023-06-11T08:16:41.812+0000] {subprocess.py:75} INFO - Running command: ['/bin/bash', '-c', 'echo hey, I am task3 and will be running after task1 at the same time as task2!']
[2023-06-11T08:16:42.041+0000] {subprocess.py:86} INFO - Output:
[2023-06-11T08:16:42.056+0000] {subprocess.py:93} INFO - hey, I am task3 and will be running after task1 at the same time as task2!
[2023-06-11T08:16:42.064+0000] {subprocess.py:97} INFO - Command exited with return code 0
[2023-06-11T08:16:43.421+0000] {taskinstance.py:1350} INFO - Marking task as SUCCESS. dag_id=first_dag_02, task_id=thrid_task, execution_date=20210806T000000, start_date=20230611T081630, end_date=20230611T081643
[2023-06-11T08:16:44.457+0000] {local_task_job_runner.py:225} INFO - Task exited with return code 0
[2023-06-11T08:16:45.993+0000] {taskinstance.py:2651} INFO - 0 downstream tasks scheduled from follow-on schedule check
[2023-06-11T08:47:40.197+0000] {taskinstance.py:1103} INFO - Dependencies all met for dep_context=non-requeueable deps ti=<TaskInstance: first_dag_02.thrid_task scheduled__2021-08-06T00:00:00+00:00 [queued]>
[2023-06-11T08:47:40.498+0000] {taskinstance.py:1103} INFO - Dependencies all met for dep_context=requeueable deps ti=<TaskInstance: first_dag_02.thrid_task scheduled__2021-08-06T00:00:00+00:00 [queued]>
[2023-06-11T08:47:40.516+0000] {taskinstance.py:1308} INFO - Starting attempt 1 of 6
[2023-06-11T08:47:40.884+0000] {taskinstance.py:1327} INFO - Executing <Task(BashOperator): thrid_task> on 2021-08-06 00:00:00+00:00
[2023-06-11T08:47:41.057+0000] {standard_task_runner.py:57} INFO - Started process 281 to run task
[2023-06-11T08:47:41.215+0000] {standard_task_runner.py:84} INFO - Running: ['***', 'tasks', 'run', 'first_dag_02', 'thrid_task', 'scheduled__2021-08-06T00:00:00+00:00', '--job-id', '76', '--raw', '--subdir', 'DAGS_FOLDER/First_dag.py', '--cfg-path', '/tmp/tmp582ecb89']
[2023-06-11T08:47:41.216+0000] {standard_task_runner.py:85} INFO - Job 76: Subtask thrid_task
[2023-06-11T08:47:41.956+0000] {task_command.py:410} INFO - Running <TaskInstance: first_dag_02.thrid_task scheduled__2021-08-06T00:00:00+00:00 [running]> on host 964e508aad03
[2023-06-11T08:47:44.402+0000] {taskinstance.py:1547} INFO - Exporting env vars: AIRFLOW_CTX_DAG_OWNER='Raja' AIRFLOW_CTX_DAG_ID='first_dag_02' AIRFLOW_CTX_TASK_ID='thrid_task' AIRFLOW_CTX_EXECUTION_DATE='2021-08-06T00:00:00+00:00' AIRFLOW_CTX_TRY_NUMBER='1' AIRFLOW_CTX_DAG_RUN_ID='scheduled__2021-08-06T00:00:00+00:00'
[2023-06-11T08:47:44.404+0000] {subprocess.py:63} INFO - Tmp dir root location: 
 /tmp
[2023-06-11T08:47:44.453+0000] {subprocess.py:75} INFO - Running command: ['/bin/bash', '-c', 'echo hey, I am task3 and will be running after task1 at the same time as task2!']
[2023-06-11T08:47:44.590+0000] {subprocess.py:86} INFO - Output:
[2023-06-11T08:47:44.601+0000] {subprocess.py:93} INFO - hey, I am task3 and will be running after task1 at the same time as task2!
[2023-06-11T08:47:44.601+0000] {subprocess.py:97} INFO - Command exited with return code 0
[2023-06-11T08:47:45.081+0000] {taskinstance.py:1350} INFO - Marking task as SUCCESS. dag_id=first_dag_02, task_id=thrid_task, execution_date=20210806T000000, start_date=20230611T084740, end_date=20230611T084745
[2023-06-11T08:47:45.505+0000] {local_task_job_runner.py:225} INFO - Task exited with return code 0
[2023-06-11T08:47:45.913+0000] {taskinstance.py:2651} INFO - 0 downstream tasks scheduled from follow-on schedule check
[2023-06-11T10:37:48.353+0000] {taskinstance.py:1103} INFO - Dependencies all met for dep_context=non-requeueable deps ti=<TaskInstance: first_dag_02.thrid_task scheduled__2021-08-06T00:00:00+00:00 [queued]>
[2023-06-11T10:37:48.914+0000] {taskinstance.py:1103} INFO - Dependencies all met for dep_context=requeueable deps ti=<TaskInstance: first_dag_02.thrid_task scheduled__2021-08-06T00:00:00+00:00 [queued]>
[2023-06-11T10:37:48.914+0000] {taskinstance.py:1308} INFO - Starting attempt 1 of 6
[2023-06-11T10:37:49.304+0000] {taskinstance.py:1327} INFO - Executing <Task(BashOperator): thrid_task> on 2021-08-06 00:00:00+00:00
[2023-06-11T10:37:49.381+0000] {standard_task_runner.py:57} INFO - Started process 293 to run task
[2023-06-11T10:37:49.532+0000] {standard_task_runner.py:84} INFO - Running: ['***', 'tasks', 'run', 'first_dag_02', 'thrid_task', 'scheduled__2021-08-06T00:00:00+00:00', '--job-id', '70', '--raw', '--subdir', 'DAGS_FOLDER/First_dag.py', '--cfg-path', '/tmp/tmpd4bk39hj']
[2023-06-11T10:37:49.534+0000] {standard_task_runner.py:85} INFO - Job 70: Subtask thrid_task
[2023-06-11T10:37:51.911+0000] {task_command.py:410} INFO - Running <TaskInstance: first_dag_02.thrid_task scheduled__2021-08-06T00:00:00+00:00 [running]> on host 7586ce0070ac
[2023-06-11T10:37:59.193+0000] {taskinstance.py:1547} INFO - Exporting env vars: AIRFLOW_CTX_DAG_OWNER='Raja' AIRFLOW_CTX_DAG_ID='first_dag_02' AIRFLOW_CTX_TASK_ID='thrid_task' AIRFLOW_CTX_EXECUTION_DATE='2021-08-06T00:00:00+00:00' AIRFLOW_CTX_TRY_NUMBER='1' AIRFLOW_CTX_DAG_RUN_ID='scheduled__2021-08-06T00:00:00+00:00'
[2023-06-11T10:37:59.505+0000] {subprocess.py:63} INFO - Tmp dir root location: 
 /tmp
[2023-06-11T10:37:59.536+0000] {subprocess.py:75} INFO - Running command: ['/bin/bash', '-c', 'echo hey, I am task3 and will be running after task1 at the same time as task2!']
[2023-06-11T10:37:59.720+0000] {subprocess.py:86} INFO - Output:
[2023-06-11T10:37:59.765+0000] {subprocess.py:93} INFO - hey, I am task3 and will be running after task1 at the same time as task2!
[2023-06-11T10:37:59.772+0000] {subprocess.py:97} INFO - Command exited with return code 0
[2023-06-11T10:38:00.659+0000] {taskinstance.py:1350} INFO - Marking task as SUCCESS. dag_id=first_dag_02, task_id=thrid_task, execution_date=20210806T000000, start_date=20230611T103748, end_date=20230611T103800
[2023-06-11T10:38:00.744+0000] {local_task_job_runner.py:225} INFO - Task exited with return code 0
[2023-06-11T10:38:01.582+0000] {taskinstance.py:2651} INFO - 0 downstream tasks scheduled from follow-on schedule check
