[2023-06-11T09:44:45.038+0000] {taskinstance.py:1103} INFO - Dependencies all met for dep_context=non-requeueable deps ti=<TaskInstance: first_dag_02.second_task scheduled__2022-05-16T00:00:00+00:00 [queued]>
[2023-06-11T09:44:45.088+0000] {taskinstance.py:1103} INFO - Dependencies all met for dep_context=requeueable deps ti=<TaskInstance: first_dag_02.second_task scheduled__2022-05-16T00:00:00+00:00 [queued]>
[2023-06-11T09:44:45.089+0000] {taskinstance.py:1308} INFO - Starting attempt 1 of 6
[2023-06-11T09:44:45.392+0000] {taskinstance.py:1327} INFO - Executing <Task(BashOperator): second_task> on 2022-05-16 00:00:00+00:00
[2023-06-11T09:44:45.441+0000] {standard_task_runner.py:57} INFO - Started process 4568 to run task
[2023-06-11T09:44:45.517+0000] {standard_task_runner.py:84} INFO - Running: ['***', 'tasks', 'run', 'first_dag_02', 'second_task', 'scheduled__2022-05-16T00:00:00+00:00', '--job-id', '1398', '--raw', '--subdir', 'DAGS_FOLDER/First_dag.py', '--cfg-path', '/tmp/tmpbg6770qc']
[2023-06-11T09:44:45.518+0000] {standard_task_runner.py:85} INFO - Job 1398: Subtask second_task
[2023-06-11T09:44:45.829+0000] {task_command.py:410} INFO - Running <TaskInstance: first_dag_02.second_task scheduled__2022-05-16T00:00:00+00:00 [running]> on host 964e508aad03
[2023-06-11T09:44:47.899+0000] {taskinstance.py:1547} INFO - Exporting env vars: AIRFLOW_CTX_DAG_OWNER='Raja' AIRFLOW_CTX_DAG_ID='first_dag_02' AIRFLOW_CTX_TASK_ID='second_task' AIRFLOW_CTX_EXECUTION_DATE='2022-05-16T00:00:00+00:00' AIRFLOW_CTX_TRY_NUMBER='1' AIRFLOW_CTX_DAG_RUN_ID='scheduled__2022-05-16T00:00:00+00:00'
[2023-06-11T09:44:47.912+0000] {subprocess.py:63} INFO - Tmp dir root location: 
 /tmp
[2023-06-11T09:44:47.913+0000] {subprocess.py:75} INFO - Running command: ['/bin/bash', '-c', 'echo hey, I am task2 and will be running after task1!']
[2023-06-11T09:44:48.118+0000] {subprocess.py:86} INFO - Output:
[2023-06-11T09:44:48.193+0000] {subprocess.py:93} INFO - hey, I am task2 and will be running after task1!
[2023-06-11T09:44:48.214+0000] {subprocess.py:97} INFO - Command exited with return code 0
[2023-06-11T09:44:48.587+0000] {taskinstance.py:1350} INFO - Marking task as SUCCESS. dag_id=first_dag_02, task_id=second_task, execution_date=20220516T000000, start_date=20230611T094445, end_date=20230611T094448
[2023-06-11T09:44:49.494+0000] {local_task_job_runner.py:225} INFO - Task exited with return code 0
[2023-06-11T09:44:50.298+0000] {taskinstance.py:2651} INFO - 0 downstream tasks scheduled from follow-on schedule check
[2023-06-11T15:31:35.728+0000] {taskinstance.py:1103} INFO - Dependencies all met for dep_context=non-requeueable deps ti=<TaskInstance: first_dag_02.second_task scheduled__2022-05-16T00:00:00+00:00 [queued]>
[2023-06-11T15:31:35.884+0000] {taskinstance.py:1103} INFO - Dependencies all met for dep_context=requeueable deps ti=<TaskInstance: first_dag_02.second_task scheduled__2022-05-16T00:00:00+00:00 [queued]>
[2023-06-11T15:31:35.887+0000] {taskinstance.py:1308} INFO - Starting attempt 1 of 6
[2023-06-11T15:31:36.350+0000] {taskinstance.py:1327} INFO - Executing <Task(BashOperator): second_task> on 2022-05-16 00:00:00+00:00
[2023-06-11T15:31:36.423+0000] {standard_task_runner.py:84} INFO - Running: ['***', 'tasks', 'run', 'first_dag_02', 'second_task', 'scheduled__2022-05-16T00:00:00+00:00', '--job-id', '1434', '--raw', '--subdir', 'DAGS_FOLDER/First_dag.py', '--cfg-path', '/tmp/tmpog5gxrvz']
[2023-06-11T15:31:36.432+0000] {standard_task_runner.py:85} INFO - Job 1434: Subtask second_task
[2023-06-11T15:31:36.404+0000] {standard_task_runner.py:57} INFO - Started process 1139 to run task
[2023-06-11T15:31:36.856+0000] {task_command.py:410} INFO - Running <TaskInstance: first_dag_02.second_task scheduled__2022-05-16T00:00:00+00:00 [running]> on host 7586ce0070ac
[2023-06-11T15:31:38.886+0000] {taskinstance.py:1547} INFO - Exporting env vars: AIRFLOW_CTX_DAG_OWNER='Raja' AIRFLOW_CTX_DAG_ID='first_dag_02' AIRFLOW_CTX_TASK_ID='second_task' AIRFLOW_CTX_EXECUTION_DATE='2022-05-16T00:00:00+00:00' AIRFLOW_CTX_TRY_NUMBER='1' AIRFLOW_CTX_DAG_RUN_ID='scheduled__2022-05-16T00:00:00+00:00'
[2023-06-11T15:31:38.887+0000] {subprocess.py:63} INFO - Tmp dir root location: 
 /tmp
[2023-06-11T15:31:38.888+0000] {subprocess.py:75} INFO - Running command: ['/bin/bash', '-c', 'echo hey, I am task2 and will be running after task1!']
[2023-06-11T15:31:38.929+0000] {subprocess.py:86} INFO - Output:
[2023-06-11T15:31:38.933+0000] {subprocess.py:93} INFO - hey, I am task2 and will be running after task1!
[2023-06-11T15:31:38.935+0000] {subprocess.py:97} INFO - Command exited with return code 0
[2023-06-11T15:31:39.074+0000] {taskinstance.py:1350} INFO - Marking task as SUCCESS. dag_id=first_dag_02, task_id=second_task, execution_date=20220516T000000, start_date=20230611T153135, end_date=20230611T153139
[2023-06-11T15:31:39.356+0000] {local_task_job_runner.py:225} INFO - Task exited with return code 0
[2023-06-11T15:31:39.565+0000] {taskinstance.py:2651} INFO - 0 downstream tasks scheduled from follow-on schedule check
