[2023-06-10T17:29:20.296+0000] {taskinstance.py:1103} INFO - Dependencies all met for dep_context=non-requeueable deps ti=<TaskInstance: first_dag_02.first_task scheduled__2021-08-21T00:00:00+00:00 [queued]>
[2023-06-10T17:29:21.178+0000] {taskinstance.py:1103} INFO - Dependencies all met for dep_context=requeueable deps ti=<TaskInstance: first_dag_02.first_task scheduled__2021-08-21T00:00:00+00:00 [queued]>
[2023-06-10T17:29:21.179+0000] {taskinstance.py:1308} INFO - Starting attempt 1 of 6
[2023-06-10T17:29:22.850+0000] {taskinstance.py:1327} INFO - Executing <Task(BashOperator): first_task> on 2021-08-21 00:00:00+00:00
[2023-06-10T17:29:22.896+0000] {standard_task_runner.py:57} INFO - Started process 1067 to run task
[2023-06-10T17:29:23.353+0000] {standard_task_runner.py:84} INFO - Running: ['***', 'tasks', 'run', 'first_dag_02', 'first_task', 'scheduled__2021-08-21T00:00:00+00:00', '--job-id', '1854', '--raw', '--subdir', 'DAGS_FOLDER/First_dag.py', '--cfg-path', '/tmp/tmp80nxkh1w']
[2023-06-10T17:29:23.442+0000] {standard_task_runner.py:85} INFO - Job 1854: Subtask first_task
[2023-06-10T17:29:26.332+0000] {task_command.py:410} INFO - Running <TaskInstance: first_dag_02.first_task scheduled__2021-08-21T00:00:00+00:00 [running]> on host e326d5f70fa9
[2023-06-10T17:29:29.838+0000] {taskinstance.py:1547} INFO - Exporting env vars: AIRFLOW_CTX_DAG_OWNER='Raja' AIRFLOW_CTX_DAG_ID='first_dag_02' AIRFLOW_CTX_TASK_ID='first_task' AIRFLOW_CTX_EXECUTION_DATE='2021-08-21T00:00:00+00:00' AIRFLOW_CTX_TRY_NUMBER='1' AIRFLOW_CTX_DAG_RUN_ID='scheduled__2021-08-21T00:00:00+00:00'
[2023-06-10T17:29:30.049+0000] {subprocess.py:63} INFO - Tmp dir root location: 
 /tmp
[2023-06-10T17:29:30.093+0000] {subprocess.py:75} INFO - Running command: ['/bin/bash', '-c', 'echo hello world, this is the first task!']
[2023-06-10T17:29:31.674+0000] {subprocess.py:86} INFO - Output:
[2023-06-10T17:29:31.840+0000] {subprocess.py:93} INFO - hello world, this is the first task!
[2023-06-10T17:29:31.891+0000] {subprocess.py:97} INFO - Command exited with return code 0
[2023-06-10T17:29:35.724+0000] {taskinstance.py:1350} INFO - Marking task as SUCCESS. dag_id=first_dag_02, task_id=first_task, execution_date=20210821T000000, start_date=20230610T172920, end_date=20230610T172935
[2023-06-10T17:30:13.278+0000] {local_task_job_runner.py:225} INFO - Task exited with return code 0
[2023-06-10T17:30:13.308+0000] {taskinstance.py:2660} INFO - Skipping mini scheduling run due to exception: None
Traceback (most recent call last):
  File "/home/airflow/.local/lib/python3.7/site-packages/sqlalchemy/engine/base.py", line 3366, in _wrap_pool_connect
    return fn()
  File "/home/airflow/.local/lib/python3.7/site-packages/sqlalchemy/pool/base.py", line 327, in connect
    return _ConnectionFairy._checkout(self)
  File "/home/airflow/.local/lib/python3.7/site-packages/sqlalchemy/pool/base.py", line 894, in _checkout
    fairy = _ConnectionRecord.checkout(pool)
  File "/home/airflow/.local/lib/python3.7/site-packages/sqlalchemy/pool/base.py", line 493, in checkout
    rec = pool._do_get()
  File "/home/airflow/.local/lib/python3.7/site-packages/sqlalchemy/pool/impl.py", line 256, in _do_get
    return self._create_connection()
  File "/home/airflow/.local/lib/python3.7/site-packages/sqlalchemy/pool/base.py", line 273, in _create_connection
    return _ConnectionRecord(self)
  File "/home/airflow/.local/lib/python3.7/site-packages/sqlalchemy/pool/base.py", line 388, in __init__
    self.__connect()
  File "/home/airflow/.local/lib/python3.7/site-packages/sqlalchemy/pool/base.py", line 691, in __connect
    pool.logger.debug("Error on connect(): %s", e)
  File "/home/airflow/.local/lib/python3.7/site-packages/sqlalchemy/util/langhelpers.py", line 72, in __exit__
    with_traceback=exc_tb,
  File "/home/airflow/.local/lib/python3.7/site-packages/sqlalchemy/util/compat.py", line 211, in raise_
    raise exception
  File "/home/airflow/.local/lib/python3.7/site-packages/sqlalchemy/pool/base.py", line 686, in __connect
    self.dbapi_connection = connection = pool._invoke_creator(self)
  File "/home/airflow/.local/lib/python3.7/site-packages/sqlalchemy/engine/create.py", line 574, in connect
    return dialect.connect(*cargs, **cparams)
  File "/home/airflow/.local/lib/python3.7/site-packages/sqlalchemy/engine/default.py", line 598, in connect
    return self.dbapi.connect(*cargs, **cparams)
  File "/home/airflow/.local/lib/python3.7/site-packages/psycopg2/__init__.py", line 122, in connect
    conn = _connect(dsn, connection_factory=connection_factory, **kwasync)
psycopg2.OperationalError: could not translate host name "postgres" to address: Temporary failure in name resolution


The above exception was the direct cause of the following exception:

Traceback (most recent call last):
  File "/home/airflow/.local/lib/python3.7/site-packages/airflow/models/taskinstance.py", line 2611, in schedule_downstream_tasks
    session=session,
  File "/home/airflow/.local/lib/python3.7/site-packages/sqlalchemy/orm/query.py", line 2870, in one
    return self._iter().one()
  File "/home/airflow/.local/lib/python3.7/site-packages/sqlalchemy/orm/query.py", line 2919, in _iter
    execution_options={"_sa_orm_load_options": self.load_options},
  File "/home/airflow/.local/lib/python3.7/site-packages/sqlalchemy/orm/session.py", line 1716, in execute
    conn = self._connection_for_bind(bind)
  File "/home/airflow/.local/lib/python3.7/site-packages/sqlalchemy/orm/session.py", line 1556, in _connection_for_bind
    engine, execution_options
  File "/home/airflow/.local/lib/python3.7/site-packages/sqlalchemy/orm/session.py", line 750, in _connection_for_bind
    conn = bind.connect()
  File "/home/airflow/.local/lib/python3.7/site-packages/sqlalchemy/engine/base.py", line 3320, in connect
    return self._connection_cls(self, close_with_result=close_with_result)
  File "/home/airflow/.local/lib/python3.7/site-packages/sqlalchemy/engine/base.py", line 96, in __init__
    else engine.raw_connection()
  File "/home/airflow/.local/lib/python3.7/site-packages/sqlalchemy/engine/base.py", line 3399, in raw_connection
    return self._wrap_pool_connect(self.pool.connect, _connection)
  File "/home/airflow/.local/lib/python3.7/site-packages/sqlalchemy/engine/base.py", line 3370, in _wrap_pool_connect
    e, dialect, self
  File "/home/airflow/.local/lib/python3.7/site-packages/sqlalchemy/engine/base.py", line 2204, in _handle_dbapi_exception_noconnection
    sqlalchemy_exception, with_traceback=exc_info[2], from_=e
  File "/home/airflow/.local/lib/python3.7/site-packages/sqlalchemy/util/compat.py", line 211, in raise_
    raise exception
  File "/home/airflow/.local/lib/python3.7/site-packages/sqlalchemy/engine/base.py", line 3366, in _wrap_pool_connect
    return fn()
  File "/home/airflow/.local/lib/python3.7/site-packages/sqlalchemy/pool/base.py", line 327, in connect
    return _ConnectionFairy._checkout(self)
  File "/home/airflow/.local/lib/python3.7/site-packages/sqlalchemy/pool/base.py", line 894, in _checkout
    fairy = _ConnectionRecord.checkout(pool)
  File "/home/airflow/.local/lib/python3.7/site-packages/sqlalchemy/pool/base.py", line 493, in checkout
    rec = pool._do_get()
  File "/home/airflow/.local/lib/python3.7/site-packages/sqlalchemy/pool/impl.py", line 256, in _do_get
    return self._create_connection()
  File "/home/airflow/.local/lib/python3.7/site-packages/sqlalchemy/pool/base.py", line 273, in _create_connection
    return _ConnectionRecord(self)
  File "/home/airflow/.local/lib/python3.7/site-packages/sqlalchemy/pool/base.py", line 388, in __init__
    self.__connect()
  File "/home/airflow/.local/lib/python3.7/site-packages/sqlalchemy/pool/base.py", line 691, in __connect
    pool.logger.debug("Error on connect(): %s", e)
  File "/home/airflow/.local/lib/python3.7/site-packages/sqlalchemy/util/langhelpers.py", line 72, in __exit__
    with_traceback=exc_tb,
  File "/home/airflow/.local/lib/python3.7/site-packages/sqlalchemy/util/compat.py", line 211, in raise_
    raise exception
  File "/home/airflow/.local/lib/python3.7/site-packages/sqlalchemy/pool/base.py", line 686, in __connect
    self.dbapi_connection = connection = pool._invoke_creator(self)
  File "/home/airflow/.local/lib/python3.7/site-packages/sqlalchemy/engine/create.py", line 574, in connect
    return dialect.connect(*cargs, **cparams)
  File "/home/airflow/.local/lib/python3.7/site-packages/sqlalchemy/engine/default.py", line 598, in connect
    return self.dbapi.connect(*cargs, **cparams)
  File "/home/airflow/.local/lib/python3.7/site-packages/psycopg2/__init__.py", line 122, in connect
    conn = _connect(dsn, connection_factory=connection_factory, **kwasync)
sqlalchemy.exc.OperationalError: (psycopg2.OperationalError) could not translate host name "postgres" to address: Temporary failure in name resolution

(Background on this error at: https://sqlalche.me/e/14/e3q8)
[2023-06-11T04:46:11.658+0000] {taskinstance.py:1103} INFO - Dependencies all met for dep_context=non-requeueable deps ti=<TaskInstance: first_dag_02.first_task scheduled__2021-08-21T00:00:00+00:00 [queued]>
[2023-06-11T04:46:11.691+0000] {taskinstance.py:1103} INFO - Dependencies all met for dep_context=requeueable deps ti=<TaskInstance: first_dag_02.first_task scheduled__2021-08-21T00:00:00+00:00 [queued]>
[2023-06-11T04:46:11.692+0000] {taskinstance.py:1308} INFO - Starting attempt 1 of 6
[2023-06-11T04:46:11.870+0000] {taskinstance.py:1327} INFO - Executing <Task(BashOperator): first_task> on 2021-08-21 00:00:00+00:00
[2023-06-11T04:46:11.955+0000] {standard_task_runner.py:57} INFO - Started process 374 to run task
[2023-06-11T04:46:12.031+0000] {standard_task_runner.py:84} INFO - Running: ['***', 'tasks', 'run', 'first_dag_02', 'first_task', 'scheduled__2021-08-21T00:00:00+00:00', '--job-id', '107', '--raw', '--subdir', 'DAGS_FOLDER/First_dag.py', '--cfg-path', '/tmp/tmpld85ld2p']
[2023-06-11T04:46:12.032+0000] {standard_task_runner.py:85} INFO - Job 107: Subtask first_task
[2023-06-11T04:46:12.308+0000] {task_command.py:410} INFO - Running <TaskInstance: first_dag_02.first_task scheduled__2021-08-21T00:00:00+00:00 [running]> on host 4b1b5d40d165
[2023-06-11T04:46:13.011+0000] {taskinstance.py:1547} INFO - Exporting env vars: AIRFLOW_CTX_DAG_OWNER='Raja' AIRFLOW_CTX_DAG_ID='first_dag_02' AIRFLOW_CTX_TASK_ID='first_task' AIRFLOW_CTX_EXECUTION_DATE='2021-08-21T00:00:00+00:00' AIRFLOW_CTX_TRY_NUMBER='1' AIRFLOW_CTX_DAG_RUN_ID='scheduled__2021-08-21T00:00:00+00:00'
[2023-06-11T04:46:13.015+0000] {subprocess.py:63} INFO - Tmp dir root location: 
 /tmp
[2023-06-11T04:46:13.017+0000] {subprocess.py:75} INFO - Running command: ['/bin/bash', '-c', 'echo hello world, this is the first task!']
[2023-06-11T04:46:13.034+0000] {subprocess.py:86} INFO - Output:
[2023-06-11T04:46:13.038+0000] {subprocess.py:93} INFO - hello world, this is the first task!
[2023-06-11T04:46:13.039+0000] {subprocess.py:97} INFO - Command exited with return code 0
[2023-06-11T04:46:13.112+0000] {taskinstance.py:1350} INFO - Marking task as SUCCESS. dag_id=first_dag_02, task_id=first_task, execution_date=20210821T000000, start_date=20230611T044611, end_date=20230611T044613
[2023-06-11T04:46:13.173+0000] {local_task_job_runner.py:225} INFO - Task exited with return code 0
[2023-06-11T04:46:13.309+0000] {taskinstance.py:2651} INFO - 2 downstream tasks scheduled from follow-on schedule check
[2023-06-11T05:16:33.501+0000] {taskinstance.py:1103} INFO - Dependencies all met for dep_context=non-requeueable deps ti=<TaskInstance: first_dag_02.first_task scheduled__2021-08-21T00:00:00+00:00 [queued]>
[2023-06-11T05:16:33.528+0000] {taskinstance.py:1103} INFO - Dependencies all met for dep_context=requeueable deps ti=<TaskInstance: first_dag_02.first_task scheduled__2021-08-21T00:00:00+00:00 [queued]>
[2023-06-11T05:16:33.528+0000] {taskinstance.py:1308} INFO - Starting attempt 1 of 6
[2023-06-11T05:16:33.598+0000] {taskinstance.py:1327} INFO - Executing <Task(BashOperator): first_task> on 2021-08-21 00:00:00+00:00
[2023-06-11T05:16:33.610+0000] {standard_task_runner.py:57} INFO - Started process 387 to run task
[2023-06-11T05:16:33.621+0000] {standard_task_runner.py:84} INFO - Running: ['***', 'tasks', 'run', 'first_dag_02', 'first_task', 'scheduled__2021-08-21T00:00:00+00:00', '--job-id', '98', '--raw', '--subdir', 'DAGS_FOLDER/First_dag.py', '--cfg-path', '/tmp/tmpnyopzymb']
[2023-06-11T05:16:33.622+0000] {standard_task_runner.py:85} INFO - Job 98: Subtask first_task
[2023-06-11T05:16:33.732+0000] {task_command.py:410} INFO - Running <TaskInstance: first_dag_02.first_task scheduled__2021-08-21T00:00:00+00:00 [running]> on host 69e374580eab
[2023-06-11T05:16:34.451+0000] {taskinstance.py:1547} INFO - Exporting env vars: AIRFLOW_CTX_DAG_OWNER='Raja' AIRFLOW_CTX_DAG_ID='first_dag_02' AIRFLOW_CTX_TASK_ID='first_task' AIRFLOW_CTX_EXECUTION_DATE='2021-08-21T00:00:00+00:00' AIRFLOW_CTX_TRY_NUMBER='1' AIRFLOW_CTX_DAG_RUN_ID='scheduled__2021-08-21T00:00:00+00:00'
[2023-06-11T05:16:34.454+0000] {subprocess.py:63} INFO - Tmp dir root location: 
 /tmp
[2023-06-11T05:16:34.455+0000] {subprocess.py:75} INFO - Running command: ['/bin/bash', '-c', 'echo hello world, this is the first task!']
[2023-06-11T05:16:34.478+0000] {subprocess.py:86} INFO - Output:
[2023-06-11T05:16:34.481+0000] {subprocess.py:93} INFO - hello world, this is the first task!
[2023-06-11T05:16:34.482+0000] {subprocess.py:97} INFO - Command exited with return code 0
[2023-06-11T05:16:34.558+0000] {taskinstance.py:1350} INFO - Marking task as SUCCESS. dag_id=first_dag_02, task_id=first_task, execution_date=20210821T000000, start_date=20230611T051633, end_date=20230611T051634
[2023-06-11T05:16:34.656+0000] {local_task_job_runner.py:225} INFO - Task exited with return code 0
[2023-06-11T05:16:34.989+0000] {taskinstance.py:2651} INFO - 2 downstream tasks scheduled from follow-on schedule check
[2023-06-11T08:18:18.195+0000] {taskinstance.py:1103} INFO - Dependencies all met for dep_context=non-requeueable deps ti=<TaskInstance: first_dag_02.first_task scheduled__2021-08-21T00:00:00+00:00 [queued]>
[2023-06-11T08:18:19.268+0000] {taskinstance.py:1103} INFO - Dependencies all met for dep_context=requeueable deps ti=<TaskInstance: first_dag_02.first_task scheduled__2021-08-21T00:00:00+00:00 [queued]>
[2023-06-11T08:18:19.268+0000] {taskinstance.py:1308} INFO - Starting attempt 1 of 6
[2023-06-11T08:18:21.172+0000] {taskinstance.py:1327} INFO - Executing <Task(BashOperator): first_task> on 2021-08-21 00:00:00+00:00
[2023-06-11T08:18:21.469+0000] {standard_task_runner.py:84} INFO - Running: ['***', 'tasks', 'run', 'first_dag_02', 'first_task', 'scheduled__2021-08-21T00:00:00+00:00', '--job-id', '151', '--raw', '--subdir', 'DAGS_FOLDER/First_dag.py', '--cfg-path', '/tmp/tmpwyhqev_7']
[2023-06-11T08:18:21.573+0000] {standard_task_runner.py:85} INFO - Job 151: Subtask first_task
[2023-06-11T08:18:21.593+0000] {standard_task_runner.py:57} INFO - Started process 443 to run task
[2023-06-11T08:18:23.960+0000] {task_command.py:410} INFO - Running <TaskInstance: first_dag_02.first_task scheduled__2021-08-21T00:00:00+00:00 [running]> on host 492037cdd057
[2023-06-11T08:18:28.574+0000] {taskinstance.py:1547} INFO - Exporting env vars: AIRFLOW_CTX_DAG_OWNER='Raja' AIRFLOW_CTX_DAG_ID='first_dag_02' AIRFLOW_CTX_TASK_ID='first_task' AIRFLOW_CTX_EXECUTION_DATE='2021-08-21T00:00:00+00:00' AIRFLOW_CTX_TRY_NUMBER='1' AIRFLOW_CTX_DAG_RUN_ID='scheduled__2021-08-21T00:00:00+00:00'
[2023-06-11T08:18:28.648+0000] {subprocess.py:63} INFO - Tmp dir root location: 
 /tmp
[2023-06-11T08:18:28.711+0000] {subprocess.py:75} INFO - Running command: ['/bin/bash', '-c', 'echo hello world, this is the first task!']
[2023-06-11T08:18:29.332+0000] {subprocess.py:86} INFO - Output:
[2023-06-11T08:18:29.420+0000] {subprocess.py:93} INFO - hello world, this is the first task!
[2023-06-11T08:18:29.431+0000] {subprocess.py:97} INFO - Command exited with return code 0
[2023-06-11T08:18:30.627+0000] {taskinstance.py:1350} INFO - Marking task as SUCCESS. dag_id=first_dag_02, task_id=first_task, execution_date=20210821T000000, start_date=20230611T081818, end_date=20230611T081830
[2023-06-11T08:18:31.938+0000] {local_task_job_runner.py:225} INFO - Task exited with return code 0
[2023-06-11T08:18:33.380+0000] {taskinstance.py:2651} INFO - 2 downstream tasks scheduled from follow-on schedule check
[2023-06-11T08:48:31.060+0000] {taskinstance.py:1103} INFO - Dependencies all met for dep_context=non-requeueable deps ti=<TaskInstance: first_dag_02.first_task scheduled__2021-08-21T00:00:00+00:00 [queued]>
[2023-06-11T08:48:31.114+0000] {taskinstance.py:1103} INFO - Dependencies all met for dep_context=requeueable deps ti=<TaskInstance: first_dag_02.first_task scheduled__2021-08-21T00:00:00+00:00 [queued]>
[2023-06-11T08:48:31.115+0000] {taskinstance.py:1308} INFO - Starting attempt 1 of 6
[2023-06-11T08:48:31.637+0000] {taskinstance.py:1327} INFO - Executing <Task(BashOperator): first_task> on 2021-08-21 00:00:00+00:00
[2023-06-11T08:48:31.681+0000] {standard_task_runner.py:57} INFO - Started process 459 to run task
[2023-06-11T08:48:31.731+0000] {standard_task_runner.py:84} INFO - Running: ['***', 'tasks', 'run', 'first_dag_02', 'first_task', 'scheduled__2021-08-21T00:00:00+00:00', '--job-id', '138', '--raw', '--subdir', 'DAGS_FOLDER/First_dag.py', '--cfg-path', '/tmp/tmpt6_nz6ki']
[2023-06-11T08:48:31.731+0000] {standard_task_runner.py:85} INFO - Job 138: Subtask first_task
[2023-06-11T08:48:32.168+0000] {task_command.py:410} INFO - Running <TaskInstance: first_dag_02.first_task scheduled__2021-08-21T00:00:00+00:00 [running]> on host 964e508aad03
[2023-06-11T08:48:34.081+0000] {taskinstance.py:1547} INFO - Exporting env vars: AIRFLOW_CTX_DAG_OWNER='Raja' AIRFLOW_CTX_DAG_ID='first_dag_02' AIRFLOW_CTX_TASK_ID='first_task' AIRFLOW_CTX_EXECUTION_DATE='2021-08-21T00:00:00+00:00' AIRFLOW_CTX_TRY_NUMBER='1' AIRFLOW_CTX_DAG_RUN_ID='scheduled__2021-08-21T00:00:00+00:00'
[2023-06-11T08:48:34.083+0000] {subprocess.py:63} INFO - Tmp dir root location: 
 /tmp
[2023-06-11T08:48:34.099+0000] {subprocess.py:75} INFO - Running command: ['/bin/bash', '-c', 'echo hello world, this is the first task!']
[2023-06-11T08:48:34.231+0000] {subprocess.py:86} INFO - Output:
[2023-06-11T08:48:34.261+0000] {subprocess.py:93} INFO - hello world, this is the first task!
[2023-06-11T08:48:34.262+0000] {subprocess.py:97} INFO - Command exited with return code 0
[2023-06-11T08:48:34.484+0000] {taskinstance.py:1350} INFO - Marking task as SUCCESS. dag_id=first_dag_02, task_id=first_task, execution_date=20210821T000000, start_date=20230611T084831, end_date=20230611T084834
[2023-06-11T08:48:34.955+0000] {local_task_job_runner.py:225} INFO - Task exited with return code 0
[2023-06-11T08:48:35.410+0000] {taskinstance.py:2651} INFO - 2 downstream tasks scheduled from follow-on schedule check
[2023-06-11T10:39:25.276+0000] {taskinstance.py:1103} INFO - Dependencies all met for dep_context=non-requeueable deps ti=<TaskInstance: first_dag_02.first_task scheduled__2021-08-21T00:00:00+00:00 [queued]>
[2023-06-11T10:39:26.154+0000] {taskinstance.py:1103} INFO - Dependencies all met for dep_context=requeueable deps ti=<TaskInstance: first_dag_02.first_task scheduled__2021-08-21T00:00:00+00:00 [queued]>
[2023-06-11T10:39:26.160+0000] {taskinstance.py:1308} INFO - Starting attempt 1 of 6
[2023-06-11T10:39:26.267+0000] {taskinstance.py:1327} INFO - Executing <Task(BashOperator): first_task> on 2021-08-21 00:00:00+00:00
[2023-06-11T10:39:26.501+0000] {standard_task_runner.py:57} INFO - Started process 448 to run task
[2023-06-11T10:39:26.533+0000] {standard_task_runner.py:84} INFO - Running: ['***', 'tasks', 'run', 'first_dag_02', 'first_task', 'scheduled__2021-08-21T00:00:00+00:00', '--job-id', '119', '--raw', '--subdir', 'DAGS_FOLDER/First_dag.py', '--cfg-path', '/tmp/tmpwz6b0hw7']
[2023-06-11T10:39:26.535+0000] {standard_task_runner.py:85} INFO - Job 119: Subtask first_task
[2023-06-11T10:39:27.991+0000] {task_command.py:410} INFO - Running <TaskInstance: first_dag_02.first_task scheduled__2021-08-21T00:00:00+00:00 [running]> on host 7586ce0070ac
[2023-06-11T10:39:33.004+0000] {taskinstance.py:1547} INFO - Exporting env vars: AIRFLOW_CTX_DAG_OWNER='Raja' AIRFLOW_CTX_DAG_ID='first_dag_02' AIRFLOW_CTX_TASK_ID='first_task' AIRFLOW_CTX_EXECUTION_DATE='2021-08-21T00:00:00+00:00' AIRFLOW_CTX_TRY_NUMBER='1' AIRFLOW_CTX_DAG_RUN_ID='scheduled__2021-08-21T00:00:00+00:00'
[2023-06-11T10:39:33.014+0000] {subprocess.py:63} INFO - Tmp dir root location: 
 /tmp
[2023-06-11T10:39:33.019+0000] {subprocess.py:75} INFO - Running command: ['/bin/bash', '-c', 'echo hello world, this is the first task!']
[2023-06-11T10:39:33.069+0000] {subprocess.py:86} INFO - Output:
[2023-06-11T10:39:33.074+0000] {subprocess.py:93} INFO - hello world, this is the first task!
[2023-06-11T10:39:33.075+0000] {subprocess.py:97} INFO - Command exited with return code 0
[2023-06-11T10:39:33.428+0000] {taskinstance.py:1350} INFO - Marking task as SUCCESS. dag_id=first_dag_02, task_id=first_task, execution_date=20210821T000000, start_date=20230611T103925, end_date=20230611T103933
[2023-06-11T10:39:33.836+0000] {local_task_job_runner.py:225} INFO - Task exited with return code 0
[2023-06-11T10:39:34.463+0000] {taskinstance.py:2651} INFO - 2 downstream tasks scheduled from follow-on schedule check
