[2023-06-11T09:47:42.322+0000] {taskinstance.py:1103} INFO - Dependencies all met for dep_context=non-requeueable deps ti=<TaskInstance: dag_cron_expression_03.task1 scheduled__2022-03-24T03:00:00+00:00 [queued]>
[2023-06-11T09:47:42.563+0000] {taskinstance.py:1103} INFO - Dependencies all met for dep_context=requeueable deps ti=<TaskInstance: dag_cron_expression_03.task1 scheduled__2022-03-24T03:00:00+00:00 [queued]>
[2023-06-11T09:47:42.580+0000] {taskinstance.py:1308} INFO - Starting attempt 1 of 6
[2023-06-11T09:47:42.961+0000] {taskinstance.py:1327} INFO - Executing <Task(BashOperator): task1> on 2022-03-24 03:00:00+00:00
[2023-06-11T09:47:43.005+0000] {standard_task_runner.py:57} INFO - Started process 5142 to run task
[2023-06-11T09:47:43.026+0000] {standard_task_runner.py:84} INFO - Running: ['***', 'tasks', 'run', 'dag_cron_expression_03', 'task1', 'scheduled__2022-03-24T03:00:00+00:00', '--job-id', '1577', '--raw', '--subdir', 'DAGS_FOLDER/dag_corn.py', '--cfg-path', '/tmp/tmpndct4bjm']
[2023-06-11T09:47:43.027+0000] {standard_task_runner.py:85} INFO - Job 1577: Subtask task1
[2023-06-11T09:47:43.476+0000] {task_command.py:410} INFO - Running <TaskInstance: dag_cron_expression_03.task1 scheduled__2022-03-24T03:00:00+00:00 [running]> on host 964e508aad03
[2023-06-11T09:47:45.419+0000] {taskinstance.py:1547} INFO - Exporting env vars: AIRFLOW_CTX_DAG_OWNER='Raja' AIRFLOW_CTX_DAG_ID='dag_cron_expression_03' AIRFLOW_CTX_TASK_ID='task1' AIRFLOW_CTX_EXECUTION_DATE='2022-03-24T03:00:00+00:00' AIRFLOW_CTX_TRY_NUMBER='1' AIRFLOW_CTX_DAG_RUN_ID='scheduled__2022-03-24T03:00:00+00:00'
[2023-06-11T09:47:45.445+0000] {subprocess.py:63} INFO - Tmp dir root location: 
 /tmp
[2023-06-11T09:47:45.445+0000] {subprocess.py:75} INFO - Running command: ['/bin/bash', '-c', 'echo dag with cron expression!']
[2023-06-11T09:47:45.597+0000] {subprocess.py:86} INFO - Output:
[2023-06-11T09:47:45.603+0000] {subprocess.py:93} INFO - dag with cron expression!
[2023-06-11T09:47:45.604+0000] {subprocess.py:97} INFO - Command exited with return code 0
[2023-06-11T09:47:45.788+0000] {taskinstance.py:1350} INFO - Marking task as SUCCESS. dag_id=dag_cron_expression_03, task_id=task1, execution_date=20220324T030000, start_date=20230611T094742, end_date=20230611T094745
[2023-06-11T09:47:46.315+0000] {local_task_job_runner.py:225} INFO - Task exited with return code 0
[2023-06-11T09:47:46.625+0000] {taskinstance.py:2651} INFO - 0 downstream tasks scheduled from follow-on schedule check
[2023-06-11T10:59:34.460+0000] {taskinstance.py:1103} INFO - Dependencies all met for dep_context=non-requeueable deps ti=<TaskInstance: dag_cron_expression_03.task1 scheduled__2022-03-24T03:00:00+00:00 [queued]>
[2023-06-11T10:59:35.200+0000] {taskinstance.py:1103} INFO - Dependencies all met for dep_context=requeueable deps ti=<TaskInstance: dag_cron_expression_03.task1 scheduled__2022-03-24T03:00:00+00:00 [queued]>
[2023-06-11T10:59:35.207+0000] {taskinstance.py:1308} INFO - Starting attempt 1 of 6
[2023-06-11T10:59:35.869+0000] {taskinstance.py:1327} INFO - Executing <Task(BashOperator): task1> on 2022-03-24 03:00:00+00:00
[2023-06-11T10:59:36.493+0000] {standard_task_runner.py:84} INFO - Running: ['***', 'tasks', 'run', 'dag_cron_expression_03', 'task1', 'scheduled__2022-03-24T03:00:00+00:00', '--job-id', '410', '--raw', '--subdir', 'DAGS_FOLDER/dag_cron.py', '--cfg-path', '/tmp/tmpmq4kay7w']
[2023-06-11T10:59:36.498+0000] {standard_task_runner.py:85} INFO - Job 410: Subtask task1
[2023-06-11T10:59:36.652+0000] {standard_task_runner.py:57} INFO - Started process 1484 to run task
[2023-06-11T10:59:39.949+0000] {task_command.py:410} INFO - Running <TaskInstance: dag_cron_expression_03.task1 scheduled__2022-03-24T03:00:00+00:00 [running]> on host 7586ce0070ac
[2023-06-11T10:59:44.530+0000] {taskinstance.py:1547} INFO - Exporting env vars: AIRFLOW_CTX_DAG_OWNER='Raja' AIRFLOW_CTX_DAG_ID='dag_cron_expression_03' AIRFLOW_CTX_TASK_ID='task1' AIRFLOW_CTX_EXECUTION_DATE='2022-03-24T03:00:00+00:00' AIRFLOW_CTX_TRY_NUMBER='1' AIRFLOW_CTX_DAG_RUN_ID='scheduled__2022-03-24T03:00:00+00:00'
[2023-06-11T10:59:44.556+0000] {subprocess.py:63} INFO - Tmp dir root location: 
 /tmp
[2023-06-11T10:59:44.561+0000] {subprocess.py:75} INFO - Running command: ['/bin/bash', '-c', 'echo dag with cron expression!']
[2023-06-11T10:59:45.576+0000] {subprocess.py:86} INFO - Output:
[2023-06-11T10:59:45.631+0000] {subprocess.py:93} INFO - dag with cron expression!
[2023-06-11T10:59:45.648+0000] {subprocess.py:97} INFO - Command exited with return code 0
[2023-06-11T10:59:47.194+0000] {taskinstance.py:1350} INFO - Marking task as SUCCESS. dag_id=dag_cron_expression_03, task_id=task1, execution_date=20220324T030000, start_date=20230611T105934, end_date=20230611T105947
[2023-06-11T10:59:47.809+0000] {local_task_job_runner.py:225} INFO - Task exited with return code 0
[2023-06-11T10:59:47.969+0000] {taskinstance.py:2651} INFO - 0 downstream tasks scheduled from follow-on schedule check
