[2023-06-11T08:54:59.962+0000] {taskinstance.py:1103} INFO - Dependencies all met for dep_context=non-requeueable deps ti=<TaskInstance: first_dag_02.thrid_task scheduled__2021-11-26T00:00:00+00:00 [queued]>
[2023-06-11T08:55:00.217+0000] {taskinstance.py:1103} INFO - Dependencies all met for dep_context=requeueable deps ti=<TaskInstance: first_dag_02.thrid_task scheduled__2021-11-26T00:00:00+00:00 [queued]>
[2023-06-11T08:55:00.217+0000] {taskinstance.py:1308} INFO - Starting attempt 1 of 6
[2023-06-11T08:55:00.386+0000] {taskinstance.py:1327} INFO - Executing <Task(BashOperator): thrid_task> on 2021-11-26 00:00:00+00:00
[2023-06-11T08:55:00.422+0000] {standard_task_runner.py:57} INFO - Started process 1932 to run task
[2023-06-11T08:55:00.467+0000] {standard_task_runner.py:84} INFO - Running: ['***', 'tasks', 'run', 'first_dag_02', 'thrid_task', 'scheduled__2021-11-26T00:00:00+00:00', '--job-id', '598', '--raw', '--subdir', 'DAGS_FOLDER/First_dag.py', '--cfg-path', '/tmp/tmphrsbqqi4']
[2023-06-11T08:55:00.468+0000] {standard_task_runner.py:85} INFO - Job 598: Subtask thrid_task
[2023-06-11T08:55:01.233+0000] {task_command.py:410} INFO - Running <TaskInstance: first_dag_02.thrid_task scheduled__2021-11-26T00:00:00+00:00 [running]> on host 964e508aad03
[2023-06-11T08:55:03.772+0000] {taskinstance.py:1547} INFO - Exporting env vars: AIRFLOW_CTX_DAG_OWNER='Raja' AIRFLOW_CTX_DAG_ID='first_dag_02' AIRFLOW_CTX_TASK_ID='thrid_task' AIRFLOW_CTX_EXECUTION_DATE='2021-11-26T00:00:00+00:00' AIRFLOW_CTX_TRY_NUMBER='1' AIRFLOW_CTX_DAG_RUN_ID='scheduled__2021-11-26T00:00:00+00:00'
[2023-06-11T08:55:03.774+0000] {subprocess.py:63} INFO - Tmp dir root location: 
 /tmp
[2023-06-11T08:55:03.775+0000] {subprocess.py:75} INFO - Running command: ['/bin/bash', '-c', 'echo hey, I am task3 and will be running after task1 at the same time as task2!']
[2023-06-11T08:55:03.893+0000] {subprocess.py:86} INFO - Output:
[2023-06-11T08:55:03.903+0000] {subprocess.py:93} INFO - hey, I am task3 and will be running after task1 at the same time as task2!
[2023-06-11T08:55:03.951+0000] {subprocess.py:97} INFO - Command exited with return code 0
[2023-06-11T08:55:04.406+0000] {taskinstance.py:1350} INFO - Marking task as SUCCESS. dag_id=first_dag_02, task_id=thrid_task, execution_date=20211126T000000, start_date=20230611T085459, end_date=20230611T085504
[2023-06-11T08:55:04.756+0000] {local_task_job_runner.py:225} INFO - Task exited with return code 0
[2023-06-11T08:55:05.609+0000] {taskinstance.py:2651} INFO - 0 downstream tasks scheduled from follow-on schedule check
[2023-06-11T11:17:54.501+0000] {taskinstance.py:1103} INFO - Dependencies all met for dep_context=non-requeueable deps ti=<TaskInstance: first_dag_02.thrid_task scheduled__2021-11-26T00:00:00+00:00 [queued]>
[2023-06-11T11:17:54.598+0000] {taskinstance.py:1103} INFO - Dependencies all met for dep_context=requeueable deps ti=<TaskInstance: first_dag_02.thrid_task scheduled__2021-11-26T00:00:00+00:00 [queued]>
[2023-06-11T11:17:54.599+0000] {taskinstance.py:1308} INFO - Starting attempt 1 of 6
[2023-06-11T11:17:55.119+0000] {taskinstance.py:1327} INFO - Executing <Task(BashOperator): thrid_task> on 2021-11-26 00:00:00+00:00
[2023-06-11T11:17:55.284+0000] {standard_task_runner.py:57} INFO - Started process 627 to run task
[2023-06-11T11:17:55.434+0000] {standard_task_runner.py:84} INFO - Running: ['***', 'tasks', 'run', 'first_dag_02', 'thrid_task', 'scheduled__2021-11-26T00:00:00+00:00', '--job-id', '647', '--raw', '--subdir', 'DAGS_FOLDER/First_dag.py', '--cfg-path', '/tmp/tmpi1_9c3rz']
[2023-06-11T11:17:55.444+0000] {standard_task_runner.py:85} INFO - Job 647: Subtask thrid_task
[2023-06-11T11:17:56.007+0000] {task_command.py:410} INFO - Running <TaskInstance: first_dag_02.thrid_task scheduled__2021-11-26T00:00:00+00:00 [running]> on host 7586ce0070ac
[2023-06-11T11:17:58.763+0000] {taskinstance.py:1547} INFO - Exporting env vars: AIRFLOW_CTX_DAG_OWNER='Raja' AIRFLOW_CTX_DAG_ID='first_dag_02' AIRFLOW_CTX_TASK_ID='thrid_task' AIRFLOW_CTX_EXECUTION_DATE='2021-11-26T00:00:00+00:00' AIRFLOW_CTX_TRY_NUMBER='1' AIRFLOW_CTX_DAG_RUN_ID='scheduled__2021-11-26T00:00:00+00:00'
[2023-06-11T11:17:58.780+0000] {subprocess.py:63} INFO - Tmp dir root location: 
 /tmp
[2023-06-11T11:17:58.781+0000] {subprocess.py:75} INFO - Running command: ['/bin/bash', '-c', 'echo hey, I am task3 and will be running after task1 at the same time as task2!']
[2023-06-11T11:17:58.878+0000] {subprocess.py:86} INFO - Output:
[2023-06-11T11:17:58.900+0000] {subprocess.py:93} INFO - hey, I am task3 and will be running after task1 at the same time as task2!
[2023-06-11T11:17:58.916+0000] {subprocess.py:97} INFO - Command exited with return code 0
[2023-06-11T11:17:59.220+0000] {taskinstance.py:1350} INFO - Marking task as SUCCESS. dag_id=first_dag_02, task_id=thrid_task, execution_date=20211126T000000, start_date=20230611T111754, end_date=20230611T111759
[2023-06-11T11:17:59.731+0000] {local_task_job_runner.py:225} INFO - Task exited with return code 0
[2023-06-11T11:18:00.442+0000] {taskinstance.py:2651} INFO - 0 downstream tasks scheduled from follow-on schedule check
