[2023-06-11T04:50:58.106+0000] {taskinstance.py:1103} INFO - Dependencies all met for dep_context=non-requeueable deps ti=<TaskInstance: first_dag_02.thrid_task scheduled__2021-09-26T00:00:00+00:00 [queued]>
[2023-06-11T04:50:58.805+0000] {taskinstance.py:1103} INFO - Dependencies all met for dep_context=requeueable deps ti=<TaskInstance: first_dag_02.thrid_task scheduled__2021-09-26T00:00:00+00:00 [queued]>
[2023-06-11T04:50:59.308+0000] {taskinstance.py:1308} INFO - Starting attempt 1 of 6
[2023-06-11T04:50:59.852+0000] {taskinstance.py:1327} INFO - Executing <Task(BashOperator): thrid_task> on 2021-09-26 00:00:00+00:00
[2023-06-11T04:50:59.915+0000] {standard_task_runner.py:57} INFO - Started process 838 to run task
[2023-06-11T04:51:00.460+0000] {standard_task_runner.py:84} INFO - Running: ['***', 'tasks', 'run', 'first_dag_02', 'thrid_task', 'scheduled__2021-09-26T00:00:00+00:00', '--job-id', '244', '--raw', '--subdir', 'DAGS_FOLDER/First_dag.py', '--cfg-path', '/tmp/tmp60d6lnbu']
[2023-06-11T04:51:00.647+0000] {standard_task_runner.py:85} INFO - Job 244: Subtask thrid_task
[2023-06-11T04:51:03.349+0000] {task_command.py:410} INFO - Running <TaskInstance: first_dag_02.thrid_task scheduled__2021-09-26T00:00:00+00:00 [running]> on host 4b1b5d40d165
[2023-06-11T04:51:10.151+0000] {taskinstance.py:1547} INFO - Exporting env vars: AIRFLOW_CTX_DAG_OWNER='Raja' AIRFLOW_CTX_DAG_ID='first_dag_02' AIRFLOW_CTX_TASK_ID='thrid_task' AIRFLOW_CTX_EXECUTION_DATE='2021-09-26T00:00:00+00:00' AIRFLOW_CTX_TRY_NUMBER='1' AIRFLOW_CTX_DAG_RUN_ID='scheduled__2021-09-26T00:00:00+00:00'
[2023-06-11T04:51:10.168+0000] {subprocess.py:63} INFO - Tmp dir root location: 
 /tmp
[2023-06-11T04:51:10.175+0000] {subprocess.py:75} INFO - Running command: ['/bin/bash', '-c', 'echo hey, I am task3 and will be running after task1 at the same time as task2!']
[2023-06-11T04:51:10.307+0000] {subprocess.py:86} INFO - Output:
[2023-06-11T04:51:10.334+0000] {subprocess.py:93} INFO - hey, I am task3 and will be running after task1 at the same time as task2!
[2023-06-11T04:51:10.345+0000] {subprocess.py:97} INFO - Command exited with return code 0
[2023-06-11T04:51:11.971+0000] {taskinstance.py:1350} INFO - Marking task as SUCCESS. dag_id=first_dag_02, task_id=thrid_task, execution_date=20210926T000000, start_date=20230611T045058, end_date=20230611T045111
[2023-06-11T04:51:12.704+0000] {local_task_job_runner.py:225} INFO - Task exited with return code 0
[2023-06-11T04:51:13.253+0000] {taskinstance.py:2651} INFO - 0 downstream tasks scheduled from follow-on schedule check
[2023-06-11T08:28:44.881+0000] {taskinstance.py:1103} INFO - Dependencies all met for dep_context=non-requeueable deps ti=<TaskInstance: first_dag_02.thrid_task scheduled__2021-09-26T00:00:00+00:00 [queued]>
[2023-06-11T08:28:45.477+0000] {taskinstance.py:1103} INFO - Dependencies all met for dep_context=requeueable deps ti=<TaskInstance: first_dag_02.thrid_task scheduled__2021-09-26T00:00:00+00:00 [queued]>
[2023-06-11T08:28:45.478+0000] {taskinstance.py:1308} INFO - Starting attempt 1 of 6
[2023-06-11T08:28:46.496+0000] {taskinstance.py:1327} INFO - Executing <Task(BashOperator): thrid_task> on 2021-09-26 00:00:00+00:00
[2023-06-11T08:28:46.594+0000] {standard_task_runner.py:57} INFO - Started process 1256 to run task
[2023-06-11T08:28:46.778+0000] {standard_task_runner.py:84} INFO - Running: ['***', 'tasks', 'run', 'first_dag_02', 'thrid_task', 'scheduled__2021-09-26T00:00:00+00:00', '--job-id', '388', '--raw', '--subdir', 'DAGS_FOLDER/First_dag.py', '--cfg-path', '/tmp/tmpa07he7ei']
[2023-06-11T08:28:46.779+0000] {standard_task_runner.py:85} INFO - Job 388: Subtask thrid_task
[2023-06-11T08:28:48.376+0000] {task_command.py:410} INFO - Running <TaskInstance: first_dag_02.thrid_task scheduled__2021-09-26T00:00:00+00:00 [running]> on host 492037cdd057
[2023-06-11T08:28:53.722+0000] {taskinstance.py:1547} INFO - Exporting env vars: AIRFLOW_CTX_DAG_OWNER='Raja' AIRFLOW_CTX_DAG_ID='first_dag_02' AIRFLOW_CTX_TASK_ID='thrid_task' AIRFLOW_CTX_EXECUTION_DATE='2021-09-26T00:00:00+00:00' AIRFLOW_CTX_TRY_NUMBER='1' AIRFLOW_CTX_DAG_RUN_ID='scheduled__2021-09-26T00:00:00+00:00'
[2023-06-11T08:28:53.911+0000] {subprocess.py:63} INFO - Tmp dir root location: 
 /tmp
[2023-06-11T08:28:53.920+0000] {subprocess.py:75} INFO - Running command: ['/bin/bash', '-c', 'echo hey, I am task3 and will be running after task1 at the same time as task2!']
[2023-06-11T08:28:54.083+0000] {subprocess.py:86} INFO - Output:
[2023-06-11T08:28:54.101+0000] {subprocess.py:93} INFO - hey, I am task3 and will be running after task1 at the same time as task2!
[2023-06-11T08:28:54.150+0000] {subprocess.py:97} INFO - Command exited with return code 0
[2023-06-11T08:28:54.788+0000] {taskinstance.py:1350} INFO - Marking task as SUCCESS. dag_id=first_dag_02, task_id=thrid_task, execution_date=20210926T000000, start_date=20230611T082844, end_date=20230611T082854
[2023-06-11T08:28:55.815+0000] {local_task_job_runner.py:225} INFO - Task exited with return code 0
[2023-06-11T08:28:58.042+0000] {taskinstance.py:2651} INFO - 0 downstream tasks scheduled from follow-on schedule check
[2023-06-11T08:51:05.995+0000] {taskinstance.py:1103} INFO - Dependencies all met for dep_context=non-requeueable deps ti=<TaskInstance: first_dag_02.thrid_task scheduled__2021-09-26T00:00:00+00:00 [queued]>
[2023-06-11T08:51:06.184+0000] {taskinstance.py:1103} INFO - Dependencies all met for dep_context=requeueable deps ti=<TaskInstance: first_dag_02.thrid_task scheduled__2021-09-26T00:00:00+00:00 [queued]>
[2023-06-11T08:51:06.185+0000] {taskinstance.py:1308} INFO - Starting attempt 1 of 6
[2023-06-11T08:51:06.307+0000] {taskinstance.py:1327} INFO - Executing <Task(BashOperator): thrid_task> on 2021-09-26 00:00:00+00:00
[2023-06-11T08:51:06.340+0000] {standard_task_runner.py:57} INFO - Started process 1035 to run task
[2023-06-11T08:51:06.382+0000] {standard_task_runner.py:84} INFO - Running: ['***', 'tasks', 'run', 'first_dag_02', 'thrid_task', 'scheduled__2021-09-26T00:00:00+00:00', '--job-id', '321', '--raw', '--subdir', 'DAGS_FOLDER/First_dag.py', '--cfg-path', '/tmp/tmphz53ezf4']
[2023-06-11T08:51:06.383+0000] {standard_task_runner.py:85} INFO - Job 321: Subtask thrid_task
[2023-06-11T08:51:06.829+0000] {task_command.py:410} INFO - Running <TaskInstance: first_dag_02.thrid_task scheduled__2021-09-26T00:00:00+00:00 [running]> on host 964e508aad03
[2023-06-11T08:51:07.607+0000] {taskinstance.py:1547} INFO - Exporting env vars: AIRFLOW_CTX_DAG_OWNER='Raja' AIRFLOW_CTX_DAG_ID='first_dag_02' AIRFLOW_CTX_TASK_ID='thrid_task' AIRFLOW_CTX_EXECUTION_DATE='2021-09-26T00:00:00+00:00' AIRFLOW_CTX_TRY_NUMBER='1' AIRFLOW_CTX_DAG_RUN_ID='scheduled__2021-09-26T00:00:00+00:00'
[2023-06-11T08:51:07.610+0000] {subprocess.py:63} INFO - Tmp dir root location: 
 /tmp
[2023-06-11T08:51:07.611+0000] {subprocess.py:75} INFO - Running command: ['/bin/bash', '-c', 'echo hey, I am task3 and will be running after task1 at the same time as task2!']
[2023-06-11T08:51:07.657+0000] {subprocess.py:86} INFO - Output:
[2023-06-11T08:51:07.667+0000] {subprocess.py:93} INFO - hey, I am task3 and will be running after task1 at the same time as task2!
[2023-06-11T08:51:07.672+0000] {subprocess.py:97} INFO - Command exited with return code 0
[2023-06-11T08:51:07.764+0000] {taskinstance.py:1350} INFO - Marking task as SUCCESS. dag_id=first_dag_02, task_id=thrid_task, execution_date=20210926T000000, start_date=20230611T085106, end_date=20230611T085107
[2023-06-11T08:51:07.821+0000] {local_task_job_runner.py:225} INFO - Task exited with return code 0
[2023-06-11T08:51:08.006+0000] {taskinstance.py:2651} INFO - 0 downstream tasks scheduled from follow-on schedule check
[2023-06-11T10:56:00.011+0000] {taskinstance.py:1103} INFO - Dependencies all met for dep_context=non-requeueable deps ti=<TaskInstance: first_dag_02.thrid_task scheduled__2021-09-26T00:00:00+00:00 [queued]>
[2023-06-11T10:56:00.307+0000] {taskinstance.py:1103} INFO - Dependencies all met for dep_context=requeueable deps ti=<TaskInstance: first_dag_02.thrid_task scheduled__2021-09-26T00:00:00+00:00 [queued]>
[2023-06-11T10:56:00.307+0000] {taskinstance.py:1308} INFO - Starting attempt 1 of 6
[2023-06-11T10:56:03.646+0000] {taskinstance.py:1327} INFO - Executing <Task(BashOperator): thrid_task> on 2021-09-26 00:00:00+00:00
[2023-06-11T10:56:03.845+0000] {standard_task_runner.py:57} INFO - Started process 1126 to run task
[2023-06-11T10:56:04.054+0000] {standard_task_runner.py:84} INFO - Running: ['***', 'tasks', 'run', 'first_dag_02', 'thrid_task', 'scheduled__2021-09-26T00:00:00+00:00', '--job-id', '306', '--raw', '--subdir', 'DAGS_FOLDER/First_dag.py', '--cfg-path', '/tmp/tmplbnwoei_']
[2023-06-11T10:56:04.060+0000] {standard_task_runner.py:85} INFO - Job 306: Subtask thrid_task
[2023-06-11T10:56:06.885+0000] {task_command.py:410} INFO - Running <TaskInstance: first_dag_02.thrid_task scheduled__2021-09-26T00:00:00+00:00 [running]> on host 7586ce0070ac
[2023-06-11T10:56:09.554+0000] {taskinstance.py:1547} INFO - Exporting env vars: AIRFLOW_CTX_DAG_OWNER='Raja' AIRFLOW_CTX_DAG_ID='first_dag_02' AIRFLOW_CTX_TASK_ID='thrid_task' AIRFLOW_CTX_EXECUTION_DATE='2021-09-26T00:00:00+00:00' AIRFLOW_CTX_TRY_NUMBER='1' AIRFLOW_CTX_DAG_RUN_ID='scheduled__2021-09-26T00:00:00+00:00'
[2023-06-11T10:56:09.571+0000] {subprocess.py:63} INFO - Tmp dir root location: 
 /tmp
[2023-06-11T10:56:09.574+0000] {subprocess.py:75} INFO - Running command: ['/bin/bash', '-c', 'echo hey, I am task3 and will be running after task1 at the same time as task2!']
[2023-06-11T10:56:09.947+0000] {subprocess.py:86} INFO - Output:
[2023-06-11T10:56:10.119+0000] {subprocess.py:93} INFO - hey, I am task3 and will be running after task1 at the same time as task2!
[2023-06-11T10:56:10.128+0000] {subprocess.py:97} INFO - Command exited with return code 0
[2023-06-11T10:56:11.738+0000] {taskinstance.py:1350} INFO - Marking task as SUCCESS. dag_id=first_dag_02, task_id=thrid_task, execution_date=20210926T000000, start_date=20230611T105600, end_date=20230611T105611
[2023-06-11T10:56:13.297+0000] {local_task_job_runner.py:225} INFO - Task exited with return code 0
[2023-06-11T10:56:15.938+0000] {taskinstance.py:2651} INFO - 0 downstream tasks scheduled from follow-on schedule check
