[2023-06-11T09:37:14.391+0000] {taskinstance.py:1103} INFO - Dependencies all met for dep_context=non-requeueable deps ti=<TaskInstance: first_dag_02.second_task scheduled__2022-03-16T00:00:00+00:00 [queued]>
[2023-06-11T09:37:15.195+0000] {taskinstance.py:1103} INFO - Dependencies all met for dep_context=requeueable deps ti=<TaskInstance: first_dag_02.second_task scheduled__2022-03-16T00:00:00+00:00 [queued]>
[2023-06-11T09:37:15.221+0000] {taskinstance.py:1308} INFO - Starting attempt 1 of 6
[2023-06-11T09:37:15.499+0000] {taskinstance.py:1327} INFO - Executing <Task(BashOperator): second_task> on 2022-03-16 00:00:00+00:00
[2023-06-11T09:37:15.510+0000] {standard_task_runner.py:57} INFO - Started process 3640 to run task
[2023-06-11T09:37:15.527+0000] {standard_task_runner.py:84} INFO - Running: ['***', 'tasks', 'run', 'first_dag_02', 'second_task', 'scheduled__2022-03-16T00:00:00+00:00', '--job-id', '1128', '--raw', '--subdir', 'DAGS_FOLDER/First_dag.py', '--cfg-path', '/tmp/tmpov12_bfb']
[2023-06-11T09:37:15.530+0000] {standard_task_runner.py:85} INFO - Job 1128: Subtask second_task
[2023-06-11T09:37:16.071+0000] {task_command.py:410} INFO - Running <TaskInstance: first_dag_02.second_task scheduled__2022-03-16T00:00:00+00:00 [running]> on host 964e508aad03
[2023-06-11T09:37:18.389+0000] {taskinstance.py:1547} INFO - Exporting env vars: AIRFLOW_CTX_DAG_OWNER='Raja' AIRFLOW_CTX_DAG_ID='first_dag_02' AIRFLOW_CTX_TASK_ID='second_task' AIRFLOW_CTX_EXECUTION_DATE='2022-03-16T00:00:00+00:00' AIRFLOW_CTX_TRY_NUMBER='1' AIRFLOW_CTX_DAG_RUN_ID='scheduled__2022-03-16T00:00:00+00:00'
[2023-06-11T09:37:18.401+0000] {subprocess.py:63} INFO - Tmp dir root location: 
 /tmp
[2023-06-11T09:37:18.401+0000] {subprocess.py:75} INFO - Running command: ['/bin/bash', '-c', 'echo hey, I am task2 and will be running after task1!']
[2023-06-11T09:37:18.715+0000] {subprocess.py:86} INFO - Output:
[2023-06-11T09:37:18.716+0000] {subprocess.py:93} INFO - hey, I am task2 and will be running after task1!
[2023-06-11T09:37:18.759+0000] {subprocess.py:97} INFO - Command exited with return code 0
[2023-06-11T09:37:19.637+0000] {taskinstance.py:1350} INFO - Marking task as SUCCESS. dag_id=first_dag_02, task_id=second_task, execution_date=20220316T000000, start_date=20230611T093714, end_date=20230611T093719
[2023-06-11T09:37:20.250+0000] {local_task_job_runner.py:225} INFO - Task exited with return code 0
[2023-06-11T09:37:21.453+0000] {taskinstance.py:2651} INFO - 0 downstream tasks scheduled from follow-on schedule check
[2023-06-11T15:26:18.227+0000] {taskinstance.py:1103} INFO - Dependencies all met for dep_context=non-requeueable deps ti=<TaskInstance: first_dag_02.second_task scheduled__2022-03-16T00:00:00+00:00 [queued]>
[2023-06-11T15:26:18.613+0000] {taskinstance.py:1103} INFO - Dependencies all met for dep_context=requeueable deps ti=<TaskInstance: first_dag_02.second_task scheduled__2022-03-16T00:00:00+00:00 [queued]>
[2023-06-11T15:26:18.613+0000] {taskinstance.py:1308} INFO - Starting attempt 1 of 6
[2023-06-11T15:26:18.911+0000] {taskinstance.py:1327} INFO - Executing <Task(BashOperator): second_task> on 2022-03-16 00:00:00+00:00
[2023-06-11T15:26:18.945+0000] {standard_task_runner.py:84} INFO - Running: ['***', 'tasks', 'run', 'first_dag_02', 'second_task', 'scheduled__2022-03-16T00:00:00+00:00', '--job-id', '1138', '--raw', '--subdir', 'DAGS_FOLDER/First_dag.py', '--cfg-path', '/tmp/tmpskemzai0']
[2023-06-11T15:26:18.946+0000] {standard_task_runner.py:85} INFO - Job 1138: Subtask second_task
[2023-06-11T15:26:18.945+0000] {standard_task_runner.py:57} INFO - Started process 179 to run task
[2023-06-11T15:26:19.690+0000] {task_command.py:410} INFO - Running <TaskInstance: first_dag_02.second_task scheduled__2022-03-16T00:00:00+00:00 [running]> on host 7586ce0070ac
[2023-06-11T15:26:20.591+0000] {taskinstance.py:1547} INFO - Exporting env vars: AIRFLOW_CTX_DAG_OWNER='Raja' AIRFLOW_CTX_DAG_ID='first_dag_02' AIRFLOW_CTX_TASK_ID='second_task' AIRFLOW_CTX_EXECUTION_DATE='2022-03-16T00:00:00+00:00' AIRFLOW_CTX_TRY_NUMBER='1' AIRFLOW_CTX_DAG_RUN_ID='scheduled__2022-03-16T00:00:00+00:00'
[2023-06-11T15:26:20.593+0000] {subprocess.py:63} INFO - Tmp dir root location: 
 /tmp
[2023-06-11T15:26:20.594+0000] {subprocess.py:75} INFO - Running command: ['/bin/bash', '-c', 'echo hey, I am task2 and will be running after task1!']
[2023-06-11T15:26:20.653+0000] {subprocess.py:86} INFO - Output:
[2023-06-11T15:26:20.656+0000] {subprocess.py:93} INFO - hey, I am task2 and will be running after task1!
[2023-06-11T15:26:20.657+0000] {subprocess.py:97} INFO - Command exited with return code 0
[2023-06-11T15:26:20.907+0000] {taskinstance.py:1350} INFO - Marking task as SUCCESS. dag_id=first_dag_02, task_id=second_task, execution_date=20220316T000000, start_date=20230611T152618, end_date=20230611T152620
[2023-06-11T15:26:21.086+0000] {local_task_job_runner.py:225} INFO - Task exited with return code 0
[2023-06-11T15:26:21.277+0000] {taskinstance.py:2651} INFO - 0 downstream tasks scheduled from follow-on schedule check
