[2023-06-11T08:56:14.701+0000] {taskinstance.py:1103} INFO - Dependencies all met for dep_context=non-requeueable deps ti=<TaskInstance: first_dag_02.second_task scheduled__2021-12-11T00:00:00+00:00 [queued]>
[2023-06-11T08:56:14.932+0000] {taskinstance.py:1103} INFO - Dependencies all met for dep_context=requeueable deps ti=<TaskInstance: first_dag_02.second_task scheduled__2021-12-11T00:00:00+00:00 [queued]>
[2023-06-11T08:56:14.933+0000] {taskinstance.py:1308} INFO - Starting attempt 1 of 6
[2023-06-11T08:56:15.278+0000] {taskinstance.py:1327} INFO - Executing <Task(BashOperator): second_task> on 2021-12-11 00:00:00+00:00
[2023-06-11T08:56:15.322+0000] {standard_task_runner.py:57} INFO - Started process 2216 to run task
[2023-06-11T08:56:15.352+0000] {standard_task_runner.py:84} INFO - Running: ['***', 'tasks', 'run', 'first_dag_02', 'second_task', 'scheduled__2021-12-11T00:00:00+00:00', '--job-id', '688', '--raw', '--subdir', 'DAGS_FOLDER/First_dag.py', '--cfg-path', '/tmp/tmpbt38yqpf']
[2023-06-11T08:56:15.375+0000] {standard_task_runner.py:85} INFO - Job 688: Subtask second_task
[2023-06-11T08:56:15.897+0000] {task_command.py:410} INFO - Running <TaskInstance: first_dag_02.second_task scheduled__2021-12-11T00:00:00+00:00 [running]> on host 964e508aad03
[2023-06-11T08:56:17.899+0000] {taskinstance.py:1547} INFO - Exporting env vars: AIRFLOW_CTX_DAG_OWNER='Raja' AIRFLOW_CTX_DAG_ID='first_dag_02' AIRFLOW_CTX_TASK_ID='second_task' AIRFLOW_CTX_EXECUTION_DATE='2021-12-11T00:00:00+00:00' AIRFLOW_CTX_TRY_NUMBER='1' AIRFLOW_CTX_DAG_RUN_ID='scheduled__2021-12-11T00:00:00+00:00'
[2023-06-11T08:56:17.902+0000] {subprocess.py:63} INFO - Tmp dir root location: 
 /tmp
[2023-06-11T08:56:17.923+0000] {subprocess.py:75} INFO - Running command: ['/bin/bash', '-c', 'echo hey, I am task2 and will be running after task1!']
[2023-06-11T08:56:18.074+0000] {subprocess.py:86} INFO - Output:
[2023-06-11T08:56:18.123+0000] {subprocess.py:93} INFO - hey, I am task2 and will be running after task1!
[2023-06-11T08:56:18.125+0000] {subprocess.py:97} INFO - Command exited with return code 0
[2023-06-11T08:56:18.453+0000] {taskinstance.py:1350} INFO - Marking task as SUCCESS. dag_id=first_dag_02, task_id=second_task, execution_date=20211211T000000, start_date=20230611T085614, end_date=20230611T085618
[2023-06-11T08:56:18.613+0000] {local_task_job_runner.py:225} INFO - Task exited with return code 0
[2023-06-11T08:56:19.288+0000] {taskinstance.py:2651} INFO - 0 downstream tasks scheduled from follow-on schedule check
[2023-06-11T11:19:44.028+0000] {taskinstance.py:1103} INFO - Dependencies all met for dep_context=non-requeueable deps ti=<TaskInstance: first_dag_02.second_task scheduled__2021-12-11T00:00:00+00:00 [queued]>
[2023-06-11T11:19:45.477+0000] {taskinstance.py:1103} INFO - Dependencies all met for dep_context=requeueable deps ti=<TaskInstance: first_dag_02.second_task scheduled__2021-12-11T00:00:00+00:00 [queued]>
[2023-06-11T11:19:45.571+0000] {taskinstance.py:1308} INFO - Starting attempt 1 of 6
[2023-06-11T11:19:49.111+0000] {taskinstance.py:1327} INFO - Executing <Task(BashOperator): second_task> on 2021-12-11 00:00:00+00:00
[2023-06-11T11:19:49.322+0000] {standard_task_runner.py:57} INFO - Started process 837 to run task
[2023-06-11T11:19:49.686+0000] {standard_task_runner.py:84} INFO - Running: ['***', 'tasks', 'run', 'first_dag_02', 'second_task', 'scheduled__2021-12-11T00:00:00+00:00', '--job-id', '708', '--raw', '--subdir', 'DAGS_FOLDER/First_dag.py', '--cfg-path', '/tmp/tmpyvqdjqfi']
[2023-06-11T11:19:49.728+0000] {standard_task_runner.py:85} INFO - Job 708: Subtask second_task
[2023-06-11T11:19:51.891+0000] {task_command.py:410} INFO - Running <TaskInstance: first_dag_02.second_task scheduled__2021-12-11T00:00:00+00:00 [running]> on host 7586ce0070ac
[2023-06-11T11:19:59.242+0000] {taskinstance.py:1547} INFO - Exporting env vars: AIRFLOW_CTX_DAG_OWNER='Raja' AIRFLOW_CTX_DAG_ID='first_dag_02' AIRFLOW_CTX_TASK_ID='second_task' AIRFLOW_CTX_EXECUTION_DATE='2021-12-11T00:00:00+00:00' AIRFLOW_CTX_TRY_NUMBER='1' AIRFLOW_CTX_DAG_RUN_ID='scheduled__2021-12-11T00:00:00+00:00'
[2023-06-11T11:19:59.254+0000] {subprocess.py:63} INFO - Tmp dir root location: 
 /tmp
[2023-06-11T11:19:59.256+0000] {subprocess.py:75} INFO - Running command: ['/bin/bash', '-c', 'echo hey, I am task2 and will be running after task1!']
[2023-06-11T11:19:59.408+0000] {subprocess.py:86} INFO - Output:
[2023-06-11T11:19:59.545+0000] {subprocess.py:93} INFO - hey, I am task2 and will be running after task1!
[2023-06-11T11:19:59.548+0000] {subprocess.py:97} INFO - Command exited with return code 0
[2023-06-11T11:20:00.788+0000] {taskinstance.py:1350} INFO - Marking task as SUCCESS. dag_id=first_dag_02, task_id=second_task, execution_date=20211211T000000, start_date=20230611T111944, end_date=20230611T112000
[2023-06-11T11:20:02.130+0000] {local_task_job_runner.py:225} INFO - Task exited with return code 0
[2023-06-11T11:20:03.615+0000] {taskinstance.py:2651} INFO - 0 downstream tasks scheduled from follow-on schedule check
