[2023-06-11T08:57:15.007+0000] {taskinstance.py:1103} INFO - Dependencies all met for dep_context=non-requeueable deps ti=<TaskInstance: first_dag_02.first_task scheduled__2022-01-01T00:00:00+00:00 [queued]>
[2023-06-11T08:57:15.222+0000] {taskinstance.py:1103} INFO - Dependencies all met for dep_context=requeueable deps ti=<TaskInstance: first_dag_02.first_task scheduled__2022-01-01T00:00:00+00:00 [queued]>
[2023-06-11T08:57:15.222+0000] {taskinstance.py:1308} INFO - Starting attempt 1 of 6
[2023-06-11T08:57:15.610+0000] {taskinstance.py:1327} INFO - Executing <Task(BashOperator): first_task> on 2022-01-01 00:00:00+00:00
[2023-06-11T08:57:15.648+0000] {standard_task_runner.py:57} INFO - Started process 2435 to run task
[2023-06-11T08:57:15.671+0000] {standard_task_runner.py:84} INFO - Running: ['***', 'tasks', 'run', 'first_dag_02', 'first_task', 'scheduled__2022-01-01T00:00:00+00:00', '--job-id', '757', '--raw', '--subdir', 'DAGS_FOLDER/First_dag.py', '--cfg-path', '/tmp/tmplvrhfoja']
[2023-06-11T08:57:15.745+0000] {standard_task_runner.py:85} INFO - Job 757: Subtask first_task
[2023-06-11T08:57:16.391+0000] {task_command.py:410} INFO - Running <TaskInstance: first_dag_02.first_task scheduled__2022-01-01T00:00:00+00:00 [running]> on host 964e508aad03
[2023-06-11T08:57:18.739+0000] {taskinstance.py:1547} INFO - Exporting env vars: AIRFLOW_CTX_DAG_OWNER='Raja' AIRFLOW_CTX_DAG_ID='first_dag_02' AIRFLOW_CTX_TASK_ID='first_task' AIRFLOW_CTX_EXECUTION_DATE='2022-01-01T00:00:00+00:00' AIRFLOW_CTX_TRY_NUMBER='1' AIRFLOW_CTX_DAG_RUN_ID='scheduled__2022-01-01T00:00:00+00:00'
[2023-06-11T08:57:18.765+0000] {subprocess.py:63} INFO - Tmp dir root location: 
 /tmp
[2023-06-11T08:57:18.766+0000] {subprocess.py:75} INFO - Running command: ['/bin/bash', '-c', 'echo hello world, this is the first task!']
[2023-06-11T08:57:18.851+0000] {subprocess.py:86} INFO - Output:
[2023-06-11T08:57:18.883+0000] {subprocess.py:93} INFO - hello world, this is the first task!
[2023-06-11T08:57:18.900+0000] {subprocess.py:97} INFO - Command exited with return code 0
[2023-06-11T08:57:19.338+0000] {taskinstance.py:1350} INFO - Marking task as SUCCESS. dag_id=first_dag_02, task_id=first_task, execution_date=20220101T000000, start_date=20230611T085715, end_date=20230611T085719
[2023-06-11T08:57:19.826+0000] {local_task_job_runner.py:225} INFO - Task exited with return code 0
[2023-06-11T08:57:20.384+0000] {taskinstance.py:2651} INFO - 2 downstream tasks scheduled from follow-on schedule check
[2023-06-11T11:22:06.935+0000] {taskinstance.py:1103} INFO - Dependencies all met for dep_context=non-requeueable deps ti=<TaskInstance: first_dag_02.first_task scheduled__2022-01-01T00:00:00+00:00 [queued]>
[2023-06-11T11:22:07.208+0000] {taskinstance.py:1103} INFO - Dependencies all met for dep_context=requeueable deps ti=<TaskInstance: first_dag_02.first_task scheduled__2022-01-01T00:00:00+00:00 [queued]>
[2023-06-11T11:22:07.210+0000] {taskinstance.py:1308} INFO - Starting attempt 1 of 6
[2023-06-11T11:22:08.223+0000] {taskinstance.py:1327} INFO - Executing <Task(BashOperator): first_task> on 2022-01-01 00:00:00+00:00
[2023-06-11T11:22:08.351+0000] {standard_task_runner.py:57} INFO - Started process 1077 to run task
[2023-06-11T11:22:08.468+0000] {standard_task_runner.py:84} INFO - Running: ['***', 'tasks', 'run', 'first_dag_02', 'first_task', 'scheduled__2022-01-01T00:00:00+00:00', '--job-id', '780', '--raw', '--subdir', 'DAGS_FOLDER/First_dag.py', '--cfg-path', '/tmp/tmpg9l9up59']
[2023-06-11T11:22:08.530+0000] {standard_task_runner.py:85} INFO - Job 780: Subtask first_task
[2023-06-11T11:22:09.423+0000] {task_command.py:410} INFO - Running <TaskInstance: first_dag_02.first_task scheduled__2022-01-01T00:00:00+00:00 [running]> on host 7586ce0070ac
[2023-06-11T11:22:11.432+0000] {taskinstance.py:1547} INFO - Exporting env vars: AIRFLOW_CTX_DAG_OWNER='Raja' AIRFLOW_CTX_DAG_ID='first_dag_02' AIRFLOW_CTX_TASK_ID='first_task' AIRFLOW_CTX_EXECUTION_DATE='2022-01-01T00:00:00+00:00' AIRFLOW_CTX_TRY_NUMBER='1' AIRFLOW_CTX_DAG_RUN_ID='scheduled__2022-01-01T00:00:00+00:00'
[2023-06-11T11:22:11.443+0000] {subprocess.py:63} INFO - Tmp dir root location: 
 /tmp
[2023-06-11T11:22:11.445+0000] {subprocess.py:75} INFO - Running command: ['/bin/bash', '-c', 'echo hello world, this is the first task!']
[2023-06-11T11:22:11.488+0000] {subprocess.py:86} INFO - Output:
[2023-06-11T11:22:11.492+0000] {subprocess.py:93} INFO - hello world, this is the first task!
[2023-06-11T11:22:11.493+0000] {subprocess.py:97} INFO - Command exited with return code 0
[2023-06-11T11:22:11.639+0000] {taskinstance.py:1350} INFO - Marking task as SUCCESS. dag_id=first_dag_02, task_id=first_task, execution_date=20220101T000000, start_date=20230611T112206, end_date=20230611T112211
[2023-06-11T11:22:11.807+0000] {local_task_job_runner.py:225} INFO - Task exited with return code 0
[2023-06-11T11:22:12.434+0000] {taskinstance.py:2651} INFO - 2 downstream tasks scheduled from follow-on schedule check
