[2023-06-11T04:51:34.851+0000] {taskinstance.py:1103} INFO - Dependencies all met for dep_context=non-requeueable deps ti=<TaskInstance: first_dag_02.first_task scheduled__2021-10-01T00:00:00+00:00 [queued]>
[2023-06-11T04:51:35.788+0000] {taskinstance.py:1103} INFO - Dependencies all met for dep_context=requeueable deps ti=<TaskInstance: first_dag_02.first_task scheduled__2021-10-01T00:00:00+00:00 [queued]>
[2023-06-11T04:51:35.818+0000] {taskinstance.py:1308} INFO - Starting attempt 1 of 6
[2023-06-11T04:51:38.768+0000] {taskinstance.py:1327} INFO - Executing <Task(BashOperator): first_task> on 2021-10-01 00:00:00+00:00
[2023-06-11T04:51:38.991+0000] {standard_task_runner.py:84} INFO - Running: ['***', 'tasks', 'run', 'first_dag_02', 'first_task', 'scheduled__2021-10-01T00:00:00+00:00', '--job-id', '258', '--raw', '--subdir', 'DAGS_FOLDER/First_dag.py', '--cfg-path', '/tmp/tmpxgqk0uqg']
[2023-06-11T04:51:38.992+0000] {standard_task_runner.py:85} INFO - Job 258: Subtask first_task
[2023-06-11T04:51:38.986+0000] {standard_task_runner.py:57} INFO - Started process 882 to run task
[2023-06-11T04:51:39.936+0000] {task_command.py:410} INFO - Running <TaskInstance: first_dag_02.first_task scheduled__2021-10-01T00:00:00+00:00 [running]> on host 4b1b5d40d165
[2023-06-11T04:51:48.576+0000] {taskinstance.py:1547} INFO - Exporting env vars: AIRFLOW_CTX_DAG_OWNER='Raja' AIRFLOW_CTX_DAG_ID='first_dag_02' AIRFLOW_CTX_TASK_ID='first_task' AIRFLOW_CTX_EXECUTION_DATE='2021-10-01T00:00:00+00:00' AIRFLOW_CTX_TRY_NUMBER='1' AIRFLOW_CTX_DAG_RUN_ID='scheduled__2021-10-01T00:00:00+00:00'
[2023-06-11T04:51:49.584+0000] {subprocess.py:63} INFO - Tmp dir root location: 
 /tmp
[2023-06-11T04:51:49.611+0000] {subprocess.py:75} INFO - Running command: ['/bin/bash', '-c', 'echo hello world, this is the first task!']
[2023-06-11T04:51:51.315+0000] {subprocess.py:86} INFO - Output:
[2023-06-11T04:51:54.095+0000] {subprocess.py:93} INFO - hello world, this is the first task!
[2023-06-11T04:51:54.114+0000] {subprocess.py:97} INFO - Command exited with return code 0
[2023-06-11T04:51:55.900+0000] {taskinstance.py:1350} INFO - Marking task as SUCCESS. dag_id=first_dag_02, task_id=first_task, execution_date=20211001T000000, start_date=20230611T045134, end_date=20230611T045155
[2023-06-11T04:51:56.707+0000] {local_task_job_runner.py:225} INFO - Task exited with return code 0
[2023-06-11T04:51:58.348+0000] {taskinstance.py:2651} INFO - 0 downstream tasks scheduled from follow-on schedule check
[2023-06-11T08:27:40.587+0000] {taskinstance.py:1103} INFO - Dependencies all met for dep_context=non-requeueable deps ti=<TaskInstance: first_dag_02.first_task scheduled__2021-10-01T00:00:00+00:00 [queued]>
[2023-06-11T08:27:42.056+0000] {taskinstance.py:1103} INFO - Dependencies all met for dep_context=requeueable deps ti=<TaskInstance: first_dag_02.first_task scheduled__2021-10-01T00:00:00+00:00 [queued]>
[2023-06-11T08:27:42.069+0000] {taskinstance.py:1308} INFO - Starting attempt 1 of 6
[2023-06-11T08:27:46.457+0000] {taskinstance.py:1327} INFO - Executing <Task(BashOperator): first_task> on 2021-10-01 00:00:00+00:00
[2023-06-11T08:27:46.485+0000] {standard_task_runner.py:57} INFO - Started process 1209 to run task
[2023-06-11T08:27:46.521+0000] {standard_task_runner.py:84} INFO - Running: ['***', 'tasks', 'run', 'first_dag_02', 'first_task', 'scheduled__2021-10-01T00:00:00+00:00', '--job-id', '373', '--raw', '--subdir', 'DAGS_FOLDER/First_dag.py', '--cfg-path', '/tmp/tmp99cshhjr']
[2023-06-11T08:27:46.529+0000] {standard_task_runner.py:85} INFO - Job 373: Subtask first_task
[2023-06-11T08:27:49.451+0000] {task_command.py:410} INFO - Running <TaskInstance: first_dag_02.first_task scheduled__2021-10-01T00:00:00+00:00 [running]> on host 492037cdd057
[2023-06-11T08:27:57.155+0000] {taskinstance.py:1547} INFO - Exporting env vars: AIRFLOW_CTX_DAG_OWNER='Raja' AIRFLOW_CTX_DAG_ID='first_dag_02' AIRFLOW_CTX_TASK_ID='first_task' AIRFLOW_CTX_EXECUTION_DATE='2021-10-01T00:00:00+00:00' AIRFLOW_CTX_TRY_NUMBER='1' AIRFLOW_CTX_DAG_RUN_ID='scheduled__2021-10-01T00:00:00+00:00'
[2023-06-11T08:27:57.212+0000] {subprocess.py:63} INFO - Tmp dir root location: 
 /tmp
[2023-06-11T08:27:57.212+0000] {subprocess.py:75} INFO - Running command: ['/bin/bash', '-c', 'echo hello world, this is the first task!']
[2023-06-11T08:27:57.811+0000] {subprocess.py:86} INFO - Output:
[2023-06-11T08:27:58.194+0000] {subprocess.py:93} INFO - hello world, this is the first task!
[2023-06-11T08:27:58.198+0000] {subprocess.py:97} INFO - Command exited with return code 0
[2023-06-11T08:28:00.670+0000] {taskinstance.py:1350} INFO - Marking task as SUCCESS. dag_id=first_dag_02, task_id=first_task, execution_date=20211001T000000, start_date=20230611T082740, end_date=20230611T082800
[2023-06-11T08:28:01.330+0000] {local_task_job_runner.py:225} INFO - Task exited with return code 0
[2023-06-11T08:28:08.137+0000] {taskinstance.py:2651} INFO - 0 downstream tasks scheduled from follow-on schedule check
[2023-06-11T08:51:19.611+0000] {taskinstance.py:1103} INFO - Dependencies all met for dep_context=non-requeueable deps ti=<TaskInstance: first_dag_02.first_task scheduled__2021-10-01T00:00:00+00:00 [queued]>
[2023-06-11T08:51:19.957+0000] {taskinstance.py:1103} INFO - Dependencies all met for dep_context=requeueable deps ti=<TaskInstance: first_dag_02.first_task scheduled__2021-10-01T00:00:00+00:00 [queued]>
[2023-06-11T08:51:19.957+0000] {taskinstance.py:1308} INFO - Starting attempt 1 of 6
[2023-06-11T08:51:20.859+0000] {taskinstance.py:1327} INFO - Executing <Task(BashOperator): first_task> on 2021-10-01 00:00:00+00:00
[2023-06-11T08:51:20.928+0000] {standard_task_runner.py:57} INFO - Started process 1081 to run task
[2023-06-11T08:51:21.009+0000] {standard_task_runner.py:84} INFO - Running: ['***', 'tasks', 'run', 'first_dag_02', 'first_task', 'scheduled__2021-10-01T00:00:00+00:00', '--job-id', '332', '--raw', '--subdir', 'DAGS_FOLDER/First_dag.py', '--cfg-path', '/tmp/tmpd60wm9_u']
[2023-06-11T08:51:21.010+0000] {standard_task_runner.py:85} INFO - Job 332: Subtask first_task
[2023-06-11T08:51:21.924+0000] {task_command.py:410} INFO - Running <TaskInstance: first_dag_02.first_task scheduled__2021-10-01T00:00:00+00:00 [running]> on host 964e508aad03
[2023-06-11T08:51:24.832+0000] {taskinstance.py:1547} INFO - Exporting env vars: AIRFLOW_CTX_DAG_OWNER='Raja' AIRFLOW_CTX_DAG_ID='first_dag_02' AIRFLOW_CTX_TASK_ID='first_task' AIRFLOW_CTX_EXECUTION_DATE='2021-10-01T00:00:00+00:00' AIRFLOW_CTX_TRY_NUMBER='1' AIRFLOW_CTX_DAG_RUN_ID='scheduled__2021-10-01T00:00:00+00:00'
[2023-06-11T08:51:24.837+0000] {subprocess.py:63} INFO - Tmp dir root location: 
 /tmp
[2023-06-11T08:51:24.837+0000] {subprocess.py:75} INFO - Running command: ['/bin/bash', '-c', 'echo hello world, this is the first task!']
[2023-06-11T08:51:25.124+0000] {subprocess.py:86} INFO - Output:
[2023-06-11T08:51:25.154+0000] {subprocess.py:93} INFO - hello world, this is the first task!
[2023-06-11T08:51:25.154+0000] {subprocess.py:97} INFO - Command exited with return code 0
[2023-06-11T08:51:25.305+0000] {taskinstance.py:1350} INFO - Marking task as SUCCESS. dag_id=first_dag_02, task_id=first_task, execution_date=20211001T000000, start_date=20230611T085119, end_date=20230611T085125
[2023-06-11T08:51:25.624+0000] {local_task_job_runner.py:225} INFO - Task exited with return code 0
[2023-06-11T08:51:26.188+0000] {taskinstance.py:2651} INFO - 2 downstream tasks scheduled from follow-on schedule check
[2023-06-11T10:56:30.201+0000] {taskinstance.py:1103} INFO - Dependencies all met for dep_context=non-requeueable deps ti=<TaskInstance: first_dag_02.first_task scheduled__2021-10-01T00:00:00+00:00 [queued]>
[2023-06-11T10:56:30.397+0000] {taskinstance.py:1103} INFO - Dependencies all met for dep_context=requeueable deps ti=<TaskInstance: first_dag_02.first_task scheduled__2021-10-01T00:00:00+00:00 [queued]>
[2023-06-11T10:56:30.398+0000] {taskinstance.py:1308} INFO - Starting attempt 1 of 6
[2023-06-11T10:56:32.738+0000] {taskinstance.py:1327} INFO - Executing <Task(BashOperator): first_task> on 2021-10-01 00:00:00+00:00
[2023-06-11T10:56:32.762+0000] {standard_task_runner.py:57} INFO - Started process 1153 to run task
[2023-06-11T10:56:32.941+0000] {standard_task_runner.py:84} INFO - Running: ['***', 'tasks', 'run', 'first_dag_02', 'first_task', 'scheduled__2021-10-01T00:00:00+00:00', '--job-id', '313', '--raw', '--subdir', 'DAGS_FOLDER/First_dag.py', '--cfg-path', '/tmp/tmp1_wg6uqw']
[2023-06-11T10:56:32.952+0000] {standard_task_runner.py:85} INFO - Job 313: Subtask first_task
[2023-06-11T10:56:35.470+0000] {task_command.py:410} INFO - Running <TaskInstance: first_dag_02.first_task scheduled__2021-10-01T00:00:00+00:00 [running]> on host 7586ce0070ac
[2023-06-11T10:56:44.860+0000] {taskinstance.py:1547} INFO - Exporting env vars: AIRFLOW_CTX_DAG_OWNER='Raja' AIRFLOW_CTX_DAG_ID='first_dag_02' AIRFLOW_CTX_TASK_ID='first_task' AIRFLOW_CTX_EXECUTION_DATE='2021-10-01T00:00:00+00:00' AIRFLOW_CTX_TRY_NUMBER='1' AIRFLOW_CTX_DAG_RUN_ID='scheduled__2021-10-01T00:00:00+00:00'
[2023-06-11T10:56:45.968+0000] {subprocess.py:63} INFO - Tmp dir root location: 
 /tmp
[2023-06-11T10:56:45.972+0000] {subprocess.py:75} INFO - Running command: ['/bin/bash', '-c', 'echo hello world, this is the first task!']
[2023-06-11T10:56:47.430+0000] {subprocess.py:86} INFO - Output:
[2023-06-11T10:56:47.683+0000] {subprocess.py:93} INFO - hello world, this is the first task!
[2023-06-11T10:56:47.695+0000] {subprocess.py:97} INFO - Command exited with return code 0
[2023-06-11T10:56:49.065+0000] {taskinstance.py:1350} INFO - Marking task as SUCCESS. dag_id=first_dag_02, task_id=first_task, execution_date=20211001T000000, start_date=20230611T105630, end_date=20230611T105649
[2023-06-11T10:56:51.106+0000] {local_task_job_runner.py:225} INFO - Task exited with return code 0
[2023-06-11T10:56:53.060+0000] {taskinstance.py:2651} INFO - 2 downstream tasks scheduled from follow-on schedule check
