[2023-06-11T09:47:36.305+0000] {taskinstance.py:1103} INFO - Dependencies all met for dep_context=non-requeueable deps ti=<TaskInstance: first_dag_02.second_task scheduled__2022-06-18T00:00:00+00:00 [queued]>
[2023-06-11T09:47:36.628+0000] {taskinstance.py:1103} INFO - Dependencies all met for dep_context=requeueable deps ti=<TaskInstance: first_dag_02.second_task scheduled__2022-06-18T00:00:00+00:00 [queued]>
[2023-06-11T09:47:36.635+0000] {taskinstance.py:1308} INFO - Starting attempt 1 of 6
[2023-06-11T09:47:37.165+0000] {taskinstance.py:1327} INFO - Executing <Task(BashOperator): second_task> on 2022-06-18 00:00:00+00:00
[2023-06-11T09:47:37.272+0000] {standard_task_runner.py:57} INFO - Started process 5119 to run task
[2023-06-11T09:47:37.291+0000] {standard_task_runner.py:84} INFO - Running: ['***', 'tasks', 'run', 'first_dag_02', 'second_task', 'scheduled__2022-06-18T00:00:00+00:00', '--job-id', '1570', '--raw', '--subdir', 'DAGS_FOLDER/First_dag.py', '--cfg-path', '/tmp/tmptwf0c39d']
[2023-06-11T09:47:37.324+0000] {standard_task_runner.py:85} INFO - Job 1570: Subtask second_task
[2023-06-11T09:47:37.706+0000] {task_command.py:410} INFO - Running <TaskInstance: first_dag_02.second_task scheduled__2022-06-18T00:00:00+00:00 [running]> on host 964e508aad03
[2023-06-11T09:47:39.536+0000] {taskinstance.py:1547} INFO - Exporting env vars: AIRFLOW_CTX_DAG_OWNER='Raja' AIRFLOW_CTX_DAG_ID='first_dag_02' AIRFLOW_CTX_TASK_ID='second_task' AIRFLOW_CTX_EXECUTION_DATE='2022-06-18T00:00:00+00:00' AIRFLOW_CTX_TRY_NUMBER='1' AIRFLOW_CTX_DAG_RUN_ID='scheduled__2022-06-18T00:00:00+00:00'
[2023-06-11T09:47:39.545+0000] {subprocess.py:63} INFO - Tmp dir root location: 
 /tmp
[2023-06-11T09:47:39.549+0000] {subprocess.py:75} INFO - Running command: ['/bin/bash', '-c', 'echo hey, I am task2 and will be running after task1!']
[2023-06-11T09:47:39.653+0000] {subprocess.py:86} INFO - Output:
[2023-06-11T09:47:39.660+0000] {subprocess.py:93} INFO - hey, I am task2 and will be running after task1!
[2023-06-11T09:47:39.677+0000] {subprocess.py:97} INFO - Command exited with return code 0
[2023-06-11T09:47:39.953+0000] {taskinstance.py:1350} INFO - Marking task as SUCCESS. dag_id=first_dag_02, task_id=second_task, execution_date=20220618T000000, start_date=20230611T094736, end_date=20230611T094739
[2023-06-11T09:47:40.511+0000] {local_task_job_runner.py:225} INFO - Task exited with return code 0
[2023-06-11T09:47:40.923+0000] {taskinstance.py:2651} INFO - 0 downstream tasks scheduled from follow-on schedule check
[2023-06-11T15:33:56.218+0000] {taskinstance.py:1103} INFO - Dependencies all met for dep_context=non-requeueable deps ti=<TaskInstance: first_dag_02.second_task scheduled__2022-06-18T00:00:00+00:00 [queued]>
[2023-06-11T15:33:56.392+0000] {taskinstance.py:1103} INFO - Dependencies all met for dep_context=requeueable deps ti=<TaskInstance: first_dag_02.second_task scheduled__2022-06-18T00:00:00+00:00 [queued]>
[2023-06-11T15:33:56.393+0000] {taskinstance.py:1308} INFO - Starting attempt 1 of 6
[2023-06-11T15:33:56.597+0000] {taskinstance.py:1327} INFO - Executing <Task(BashOperator): second_task> on 2022-06-18 00:00:00+00:00
[2023-06-11T15:33:56.614+0000] {standard_task_runner.py:57} INFO - Started process 1615 to run task
[2023-06-11T15:33:56.682+0000] {standard_task_runner.py:84} INFO - Running: ['***', 'tasks', 'run', 'first_dag_02', 'second_task', 'scheduled__2022-06-18T00:00:00+00:00', '--job-id', '1584', '--raw', '--subdir', 'DAGS_FOLDER/First_dag.py', '--cfg-path', '/tmp/tmpt_je0ndx']
[2023-06-11T15:33:56.689+0000] {standard_task_runner.py:85} INFO - Job 1584: Subtask second_task
[2023-06-11T15:33:57.422+0000] {task_command.py:410} INFO - Running <TaskInstance: first_dag_02.second_task scheduled__2022-06-18T00:00:00+00:00 [running]> on host 7586ce0070ac
[2023-06-11T15:33:59.300+0000] {taskinstance.py:1547} INFO - Exporting env vars: AIRFLOW_CTX_DAG_OWNER='Raja' AIRFLOW_CTX_DAG_ID='first_dag_02' AIRFLOW_CTX_TASK_ID='second_task' AIRFLOW_CTX_EXECUTION_DATE='2022-06-18T00:00:00+00:00' AIRFLOW_CTX_TRY_NUMBER='1' AIRFLOW_CTX_DAG_RUN_ID='scheduled__2022-06-18T00:00:00+00:00'
[2023-06-11T15:33:59.302+0000] {subprocess.py:63} INFO - Tmp dir root location: 
 /tmp
[2023-06-11T15:33:59.303+0000] {subprocess.py:75} INFO - Running command: ['/bin/bash', '-c', 'echo hey, I am task2 and will be running after task1!']
[2023-06-11T15:33:59.440+0000] {subprocess.py:86} INFO - Output:
[2023-06-11T15:33:59.467+0000] {subprocess.py:93} INFO - hey, I am task2 and will be running after task1!
[2023-06-11T15:33:59.468+0000] {subprocess.py:97} INFO - Command exited with return code 0
[2023-06-11T15:33:59.669+0000] {taskinstance.py:1350} INFO - Marking task as SUCCESS. dag_id=first_dag_02, task_id=second_task, execution_date=20220618T000000, start_date=20230611T153356, end_date=20230611T153359
[2023-06-11T15:33:59.754+0000] {local_task_job_runner.py:225} INFO - Task exited with return code 0
[2023-06-11T15:33:59.934+0000] {taskinstance.py:2651} INFO - 0 downstream tasks scheduled from follow-on schedule check
