[2023-06-11T08:56:16.201+0000] {taskinstance.py:1103} INFO - Dependencies all met for dep_context=non-requeueable deps ti=<TaskInstance: first_dag_02.second_task scheduled__2021-12-14T00:00:00+00:00 [queued]>
[2023-06-11T08:56:16.427+0000] {taskinstance.py:1103} INFO - Dependencies all met for dep_context=requeueable deps ti=<TaskInstance: first_dag_02.second_task scheduled__2021-12-14T00:00:00+00:00 [queued]>
[2023-06-11T08:56:16.433+0000] {taskinstance.py:1308} INFO - Starting attempt 1 of 6
[2023-06-11T08:56:16.685+0000] {taskinstance.py:1327} INFO - Executing <Task(BashOperator): second_task> on 2021-12-14 00:00:00+00:00
[2023-06-11T08:56:16.731+0000] {standard_task_runner.py:57} INFO - Started process 2222 to run task
[2023-06-11T08:56:16.771+0000] {standard_task_runner.py:84} INFO - Running: ['***', 'tasks', 'run', 'first_dag_02', 'second_task', 'scheduled__2021-12-14T00:00:00+00:00', '--job-id', '690', '--raw', '--subdir', 'DAGS_FOLDER/First_dag.py', '--cfg-path', '/tmp/tmppy8_aa0l']
[2023-06-11T08:56:16.772+0000] {standard_task_runner.py:85} INFO - Job 690: Subtask second_task
[2023-06-11T08:56:17.208+0000] {task_command.py:410} INFO - Running <TaskInstance: first_dag_02.second_task scheduled__2021-12-14T00:00:00+00:00 [running]> on host 964e508aad03
[2023-06-11T08:56:18.678+0000] {taskinstance.py:1547} INFO - Exporting env vars: AIRFLOW_CTX_DAG_OWNER='Raja' AIRFLOW_CTX_DAG_ID='first_dag_02' AIRFLOW_CTX_TASK_ID='second_task' AIRFLOW_CTX_EXECUTION_DATE='2021-12-14T00:00:00+00:00' AIRFLOW_CTX_TRY_NUMBER='1' AIRFLOW_CTX_DAG_RUN_ID='scheduled__2021-12-14T00:00:00+00:00'
[2023-06-11T08:56:18.680+0000] {subprocess.py:63} INFO - Tmp dir root location: 
 /tmp
[2023-06-11T08:56:18.681+0000] {subprocess.py:75} INFO - Running command: ['/bin/bash', '-c', 'echo hey, I am task2 and will be running after task1!']
[2023-06-11T08:56:18.857+0000] {subprocess.py:86} INFO - Output:
[2023-06-11T08:56:18.904+0000] {subprocess.py:93} INFO - hey, I am task2 and will be running after task1!
[2023-06-11T08:56:18.905+0000] {subprocess.py:97} INFO - Command exited with return code 0
[2023-06-11T08:56:19.252+0000] {taskinstance.py:1350} INFO - Marking task as SUCCESS. dag_id=first_dag_02, task_id=second_task, execution_date=20211214T000000, start_date=20230611T085616, end_date=20230611T085619
[2023-06-11T08:56:19.577+0000] {local_task_job_runner.py:225} INFO - Task exited with return code 0
[2023-06-11T08:56:19.924+0000] {taskinstance.py:2651} INFO - 0 downstream tasks scheduled from follow-on schedule check
[2023-06-11T11:20:07.370+0000] {taskinstance.py:1103} INFO - Dependencies all met for dep_context=non-requeueable deps ti=<TaskInstance: first_dag_02.second_task scheduled__2021-12-14T00:00:00+00:00 [queued]>
[2023-06-11T11:20:08.083+0000] {taskinstance.py:1103} INFO - Dependencies all met for dep_context=requeueable deps ti=<TaskInstance: first_dag_02.second_task scheduled__2021-12-14T00:00:00+00:00 [queued]>
[2023-06-11T11:20:08.093+0000] {taskinstance.py:1308} INFO - Starting attempt 1 of 6
[2023-06-11T11:20:08.963+0000] {taskinstance.py:1327} INFO - Executing <Task(BashOperator): second_task> on 2021-12-14 00:00:00+00:00
[2023-06-11T11:20:09.050+0000] {standard_task_runner.py:57} INFO - Started process 877 to run task
[2023-06-11T11:20:09.217+0000] {standard_task_runner.py:84} INFO - Running: ['***', 'tasks', 'run', 'first_dag_02', 'second_task', 'scheduled__2021-12-14T00:00:00+00:00', '--job-id', '717', '--raw', '--subdir', 'DAGS_FOLDER/First_dag.py', '--cfg-path', '/tmp/tmp44x18cgb']
[2023-06-11T11:20:09.250+0000] {standard_task_runner.py:85} INFO - Job 717: Subtask second_task
[2023-06-11T11:20:11.784+0000] {task_command.py:410} INFO - Running <TaskInstance: first_dag_02.second_task scheduled__2021-12-14T00:00:00+00:00 [running]> on host 7586ce0070ac
[2023-06-11T11:20:19.038+0000] {taskinstance.py:1547} INFO - Exporting env vars: AIRFLOW_CTX_DAG_OWNER='Raja' AIRFLOW_CTX_DAG_ID='first_dag_02' AIRFLOW_CTX_TASK_ID='second_task' AIRFLOW_CTX_EXECUTION_DATE='2021-12-14T00:00:00+00:00' AIRFLOW_CTX_TRY_NUMBER='1' AIRFLOW_CTX_DAG_RUN_ID='scheduled__2021-12-14T00:00:00+00:00'
[2023-06-11T11:20:19.052+0000] {subprocess.py:63} INFO - Tmp dir root location: 
 /tmp
[2023-06-11T11:20:19.058+0000] {subprocess.py:75} INFO - Running command: ['/bin/bash', '-c', 'echo hey, I am task2 and will be running after task1!']
[2023-06-11T11:20:19.428+0000] {subprocess.py:86} INFO - Output:
[2023-06-11T11:20:19.473+0000] {subprocess.py:93} INFO - hey, I am task2 and will be running after task1!
[2023-06-11T11:20:19.474+0000] {subprocess.py:97} INFO - Command exited with return code 0
[2023-06-11T11:20:20.520+0000] {taskinstance.py:1350} INFO - Marking task as SUCCESS. dag_id=first_dag_02, task_id=second_task, execution_date=20211214T000000, start_date=20230611T112007, end_date=20230611T112020
[2023-06-11T11:20:21.379+0000] {local_task_job_runner.py:225} INFO - Task exited with return code 0
[2023-06-11T11:20:21.733+0000] {taskinstance.py:2651} INFO - 0 downstream tasks scheduled from follow-on schedule check
