[2023-06-11T06:15:06.743+0000] {taskinstance.py:1103} INFO - Dependencies all met for dep_context=non-requeueable deps ti=<TaskInstance: dag_pythonoperator_18.get_name scheduled__2023-06-03T00:00:00+00:00 [queued]>
[2023-06-11T06:15:06.784+0000] {taskinstance.py:1103} INFO - Dependencies all met for dep_context=requeueable deps ti=<TaskInstance: dag_pythonoperator_18.get_name scheduled__2023-06-03T00:00:00+00:00 [queued]>
[2023-06-11T06:15:06.785+0000] {taskinstance.py:1308} INFO - Starting attempt 1 of 6
[2023-06-11T06:15:06.909+0000] {taskinstance.py:1327} INFO - Executing <Task(PythonOperator): get_name> on 2023-06-03 00:00:00+00:00
[2023-06-11T06:15:06.932+0000] {standard_task_runner.py:57} INFO - Started process 513 to run task
[2023-06-11T06:15:07.012+0000] {standard_task_runner.py:84} INFO - Running: ['***', 'tasks', 'run', 'dag_pythonoperator_18', 'get_name', 'scheduled__2023-06-03T00:00:00+00:00', '--job-id', '689', '--raw', '--subdir', 'DAGS_FOLDER/python_operator_dag.py', '--cfg-path', '/tmp/tmpus98b2p_']
[2023-06-11T06:15:07.013+0000] {standard_task_runner.py:85} INFO - Job 689: Subtask get_name
[2023-06-11T06:15:08.181+0000] {task_command.py:410} INFO - Running <TaskInstance: dag_pythonoperator_18.get_name scheduled__2023-06-03T00:00:00+00:00 [running]> on host 69e374580eab
[2023-06-11T06:15:09.124+0000] {taskinstance.py:1547} INFO - Exporting env vars: AIRFLOW_CTX_DAG_OWNER='Raja' AIRFLOW_CTX_DAG_ID='dag_pythonoperator_18' AIRFLOW_CTX_TASK_ID='get_name' AIRFLOW_CTX_EXECUTION_DATE='2023-06-03T00:00:00+00:00' AIRFLOW_CTX_TRY_NUMBER='1' AIRFLOW_CTX_DAG_RUN_ID='scheduled__2023-06-03T00:00:00+00:00'
[2023-06-11T06:15:09.293+0000] {python.py:183} INFO - Done. Returned value was: None
[2023-06-11T06:15:09.377+0000] {taskinstance.py:1350} INFO - Marking task as SUCCESS. dag_id=dag_pythonoperator_18, task_id=get_name, execution_date=20230603T000000, start_date=20230611T061506, end_date=20230611T061509
[2023-06-11T06:15:09.576+0000] {local_task_job_runner.py:225} INFO - Task exited with return code 0
[2023-06-11T06:15:09.954+0000] {taskinstance.py:2651} INFO - 1 downstream tasks scheduled from follow-on schedule check
[2023-06-11T08:15:31.628+0000] {taskinstance.py:1103} INFO - Dependencies all met for dep_context=non-requeueable deps ti=<TaskInstance: dag_pythonoperator_18.get_name scheduled__2023-06-03T00:00:00+00:00 [queued]>
[2023-06-11T08:15:32.225+0000] {taskinstance.py:1103} INFO - Dependencies all met for dep_context=requeueable deps ti=<TaskInstance: dag_pythonoperator_18.get_name scheduled__2023-06-03T00:00:00+00:00 [queued]>
[2023-06-11T08:15:32.228+0000] {taskinstance.py:1308} INFO - Starting attempt 1 of 6
[2023-06-11T08:15:33.649+0000] {taskinstance.py:1327} INFO - Executing <Task(PythonOperator): get_name> on 2023-06-03 00:00:00+00:00
[2023-06-11T08:15:33.952+0000] {standard_task_runner.py:84} INFO - Running: ['***', 'tasks', 'run', 'dag_pythonoperator_18', 'get_name', 'scheduled__2023-06-03T00:00:00+00:00', '--job-id', '81', '--raw', '--subdir', 'DAGS_FOLDER/python_operator_dag.py', '--cfg-path', '/tmp/tmpvjce3qv7']
[2023-06-11T08:15:33.954+0000] {standard_task_runner.py:85} INFO - Job 81: Subtask get_name
[2023-06-11T08:15:33.967+0000] {standard_task_runner.py:57} INFO - Started process 217 to run task
[2023-06-11T08:15:35.182+0000] {task_command.py:410} INFO - Running <TaskInstance: dag_pythonoperator_18.get_name scheduled__2023-06-03T00:00:00+00:00 [running]> on host 492037cdd057
[2023-06-11T08:15:42.109+0000] {taskinstance.py:1547} INFO - Exporting env vars: AIRFLOW_CTX_DAG_OWNER='Raja' AIRFLOW_CTX_DAG_ID='dag_pythonoperator_18' AIRFLOW_CTX_TASK_ID='get_name' AIRFLOW_CTX_EXECUTION_DATE='2023-06-03T00:00:00+00:00' AIRFLOW_CTX_TRY_NUMBER='1' AIRFLOW_CTX_DAG_RUN_ID='scheduled__2023-06-03T00:00:00+00:00'
[2023-06-11T08:15:44.196+0000] {python.py:183} INFO - Done. Returned value was: None
[2023-06-11T08:15:45.258+0000] {taskinstance.py:1350} INFO - Marking task as SUCCESS. dag_id=dag_pythonoperator_18, task_id=get_name, execution_date=20230603T000000, start_date=20230611T081531, end_date=20230611T081545
[2023-06-11T08:15:47.015+0000] {local_task_job_runner.py:225} INFO - Task exited with return code 0
[2023-06-11T08:15:48.932+0000] {taskinstance.py:2651} INFO - 0 downstream tasks scheduled from follow-on schedule check
[2023-06-11T08:47:09.566+0000] {taskinstance.py:1103} INFO - Dependencies all met for dep_context=non-requeueable deps ti=<TaskInstance: dag_pythonoperator_18.get_name scheduled__2023-06-03T00:00:00+00:00 [queued]>
[2023-06-11T08:47:09.801+0000] {taskinstance.py:1103} INFO - Dependencies all met for dep_context=requeueable deps ti=<TaskInstance: dag_pythonoperator_18.get_name scheduled__2023-06-03T00:00:00+00:00 [queued]>
[2023-06-11T08:47:09.801+0000] {taskinstance.py:1308} INFO - Starting attempt 1 of 6
[2023-06-11T08:47:10.317+0000] {taskinstance.py:1327} INFO - Executing <Task(PythonOperator): get_name> on 2023-06-03 00:00:00+00:00
[2023-06-11T08:47:10.435+0000] {standard_task_runner.py:57} INFO - Started process 178 to run task
[2023-06-11T08:47:10.572+0000] {standard_task_runner.py:84} INFO - Running: ['***', 'tasks', 'run', 'dag_pythonoperator_18', 'get_name', 'scheduled__2023-06-03T00:00:00+00:00', '--job-id', '42', '--raw', '--subdir', 'DAGS_FOLDER/python_operator_dag.py', '--cfg-path', '/tmp/tmp8_ev5651']
[2023-06-11T08:47:10.573+0000] {standard_task_runner.py:85} INFO - Job 42: Subtask get_name
[2023-06-11T08:47:11.834+0000] {task_command.py:410} INFO - Running <TaskInstance: dag_pythonoperator_18.get_name scheduled__2023-06-03T00:00:00+00:00 [running]> on host 964e508aad03
[2023-06-11T08:47:14.022+0000] {taskinstance.py:1547} INFO - Exporting env vars: AIRFLOW_CTX_DAG_OWNER='Raja' AIRFLOW_CTX_DAG_ID='dag_pythonoperator_18' AIRFLOW_CTX_TASK_ID='get_name' AIRFLOW_CTX_EXECUTION_DATE='2023-06-03T00:00:00+00:00' AIRFLOW_CTX_TRY_NUMBER='1' AIRFLOW_CTX_DAG_RUN_ID='scheduled__2023-06-03T00:00:00+00:00'
[2023-06-11T08:47:14.454+0000] {python.py:183} INFO - Done. Returned value was: None
[2023-06-11T08:47:14.515+0000] {taskinstance.py:1350} INFO - Marking task as SUCCESS. dag_id=dag_pythonoperator_18, task_id=get_name, execution_date=20230603T000000, start_date=20230611T084709, end_date=20230611T084714
[2023-06-11T08:47:14.661+0000] {local_task_job_runner.py:225} INFO - Task exited with return code 0
[2023-06-11T08:47:15.950+0000] {taskinstance.py:2651} INFO - 0 downstream tasks scheduled from follow-on schedule check
[2023-06-11T10:36:46.673+0000] {taskinstance.py:1103} INFO - Dependencies all met for dep_context=non-requeueable deps ti=<TaskInstance: dag_pythonoperator_18.get_name scheduled__2023-06-03T00:00:00+00:00 [queued]>
[2023-06-11T10:36:47.250+0000] {taskinstance.py:1103} INFO - Dependencies all met for dep_context=requeueable deps ti=<TaskInstance: dag_pythonoperator_18.get_name scheduled__2023-06-03T00:00:00+00:00 [queued]>
[2023-06-11T10:36:47.255+0000] {taskinstance.py:1308} INFO - Starting attempt 1 of 6
[2023-06-11T10:36:48.434+0000] {taskinstance.py:1327} INFO - Executing <Task(PythonOperator): get_name> on 2023-06-03 00:00:00+00:00
[2023-06-11T10:36:48.452+0000] {standard_task_runner.py:57} INFO - Started process 199 to run task
[2023-06-11T10:36:48.897+0000] {standard_task_runner.py:84} INFO - Running: ['***', 'tasks', 'run', 'dag_pythonoperator_18', 'get_name', 'scheduled__2023-06-03T00:00:00+00:00', '--job-id', '46', '--raw', '--subdir', 'DAGS_FOLDER/python_operator_dag.py', '--cfg-path', '/tmp/tmpwjd87gy3']
[2023-06-11T10:36:48.902+0000] {standard_task_runner.py:85} INFO - Job 46: Subtask get_name
[2023-06-11T10:36:49.916+0000] {task_command.py:410} INFO - Running <TaskInstance: dag_pythonoperator_18.get_name scheduled__2023-06-03T00:00:00+00:00 [running]> on host 7586ce0070ac
[2023-06-11T10:36:51.265+0000] {taskinstance.py:1547} INFO - Exporting env vars: AIRFLOW_CTX_DAG_OWNER='Raja' AIRFLOW_CTX_DAG_ID='dag_pythonoperator_18' AIRFLOW_CTX_TASK_ID='get_name' AIRFLOW_CTX_EXECUTION_DATE='2023-06-03T00:00:00+00:00' AIRFLOW_CTX_TRY_NUMBER='1' AIRFLOW_CTX_DAG_RUN_ID='scheduled__2023-06-03T00:00:00+00:00'
[2023-06-11T10:36:52.183+0000] {python.py:183} INFO - Done. Returned value was: None
[2023-06-11T10:36:52.450+0000] {taskinstance.py:1350} INFO - Marking task as SUCCESS. dag_id=dag_pythonoperator_18, task_id=get_name, execution_date=20230603T000000, start_date=20230611T103646, end_date=20230611T103652
[2023-06-11T10:36:52.799+0000] {local_task_job_runner.py:225} INFO - Task exited with return code 0
[2023-06-11T10:36:55.283+0000] {taskinstance.py:2651} INFO - 0 downstream tasks scheduled from follow-on schedule check
[2023-06-12T03:33:34.428+0000] {taskinstance.py:1103} INFO - Dependencies all met for dep_context=non-requeueable deps ti=<TaskInstance: dag_pythonoperator_18.get_name scheduled__2023-06-03T00:00:00+00:00 [queued]>
[2023-06-12T03:33:35.267+0000] {taskinstance.py:1103} INFO - Dependencies all met for dep_context=requeueable deps ti=<TaskInstance: dag_pythonoperator_18.get_name scheduled__2023-06-03T00:00:00+00:00 [queued]>
[2023-06-12T03:33:35.268+0000] {taskinstance.py:1308} INFO - Starting attempt 1 of 6
[2023-06-12T03:33:36.857+0000] {taskinstance.py:1327} INFO - Executing <Task(PythonOperator): get_name> on 2023-06-03 00:00:00+00:00
[2023-06-12T03:33:36.930+0000] {standard_task_runner.py:57} INFO - Started process 207 to run task
[2023-06-12T03:33:36.997+0000] {standard_task_runner.py:84} INFO - Running: ['***', 'tasks', 'run', 'dag_pythonoperator_18', 'get_name', 'scheduled__2023-06-03T00:00:00+00:00', '--job-id', '41', '--raw', '--subdir', 'DAGS_FOLDER/python_operator_dag.py', '--cfg-path', '/tmp/tmpup252wg2']
[2023-06-12T03:33:37.116+0000] {standard_task_runner.py:85} INFO - Job 41: Subtask get_name
[2023-06-12T03:33:39.577+0000] {task_command.py:410} INFO - Running <TaskInstance: dag_pythonoperator_18.get_name scheduled__2023-06-03T00:00:00+00:00 [running]> on host 03cd9a7904e9
[2023-06-12T03:33:42.437+0000] {taskinstance.py:1547} INFO - Exporting env vars: AIRFLOW_CTX_DAG_OWNER='Raja' AIRFLOW_CTX_DAG_ID='dag_pythonoperator_18' AIRFLOW_CTX_TASK_ID='get_name' AIRFLOW_CTX_EXECUTION_DATE='2023-06-03T00:00:00+00:00' AIRFLOW_CTX_TRY_NUMBER='1' AIRFLOW_CTX_DAG_RUN_ID='scheduled__2023-06-03T00:00:00+00:00'
[2023-06-12T03:33:42.728+0000] {python.py:183} INFO - Done. Returned value was: None
[2023-06-12T03:33:43.070+0000] {taskinstance.py:1350} INFO - Marking task as SUCCESS. dag_id=dag_pythonoperator_18, task_id=get_name, execution_date=20230603T000000, start_date=20230612T033334, end_date=20230612T033343
[2023-06-12T03:33:44.747+0000] {local_task_job_runner.py:225} INFO - Task exited with return code 0
[2023-06-12T03:33:47.896+0000] {taskinstance.py:2651} INFO - 0 downstream tasks scheduled from follow-on schedule check
