[2023-06-11T04:48:04.459+0000] {taskinstance.py:1103} INFO - Dependencies all met for dep_context=non-requeueable deps ti=<TaskInstance: first_dag_02.first_task scheduled__2021-09-08T00:00:00+00:00 [queued]>
[2023-06-11T04:48:04.498+0000] {taskinstance.py:1103} INFO - Dependencies all met for dep_context=requeueable deps ti=<TaskInstance: first_dag_02.first_task scheduled__2021-09-08T00:00:00+00:00 [queued]>
[2023-06-11T04:48:04.499+0000] {taskinstance.py:1308} INFO - Starting attempt 1 of 6
[2023-06-11T04:48:04.553+0000] {taskinstance.py:1327} INFO - Executing <Task(BashOperator): first_task> on 2021-09-08 00:00:00+00:00
[2023-06-11T04:48:04.572+0000] {standard_task_runner.py:57} INFO - Started process 575 to run task
[2023-06-11T04:48:04.589+0000] {standard_task_runner.py:84} INFO - Running: ['***', 'tasks', 'run', 'first_dag_02', 'first_task', 'scheduled__2021-09-08T00:00:00+00:00', '--job-id', '165', '--raw', '--subdir', 'DAGS_FOLDER/First_dag.py', '--cfg-path', '/tmp/tmp_asw5v1a']
[2023-06-11T04:48:04.590+0000] {standard_task_runner.py:85} INFO - Job 165: Subtask first_task
[2023-06-11T04:48:04.712+0000] {task_command.py:410} INFO - Running <TaskInstance: first_dag_02.first_task scheduled__2021-09-08T00:00:00+00:00 [running]> on host 4b1b5d40d165
[2023-06-11T04:48:05.147+0000] {taskinstance.py:1547} INFO - Exporting env vars: AIRFLOW_CTX_DAG_OWNER='Raja' AIRFLOW_CTX_DAG_ID='first_dag_02' AIRFLOW_CTX_TASK_ID='first_task' AIRFLOW_CTX_EXECUTION_DATE='2021-09-08T00:00:00+00:00' AIRFLOW_CTX_TRY_NUMBER='1' AIRFLOW_CTX_DAG_RUN_ID='scheduled__2021-09-08T00:00:00+00:00'
[2023-06-11T04:48:05.149+0000] {subprocess.py:63} INFO - Tmp dir root location: 
 /tmp
[2023-06-11T04:48:05.150+0000] {subprocess.py:75} INFO - Running command: ['/bin/bash', '-c', 'echo hello world, this is the first task!']
[2023-06-11T04:48:05.169+0000] {subprocess.py:86} INFO - Output:
[2023-06-11T04:48:05.175+0000] {subprocess.py:93} INFO - hello world, this is the first task!
[2023-06-11T04:48:05.177+0000] {subprocess.py:97} INFO - Command exited with return code 0
[2023-06-11T04:48:05.293+0000] {taskinstance.py:1350} INFO - Marking task as SUCCESS. dag_id=first_dag_02, task_id=first_task, execution_date=20210908T000000, start_date=20230611T044804, end_date=20230611T044805
[2023-06-11T04:48:05.412+0000] {local_task_job_runner.py:225} INFO - Task exited with return code 0
[2023-06-11T04:48:05.689+0000] {taskinstance.py:2651} INFO - 2 downstream tasks scheduled from follow-on schedule check
[2023-06-11T05:18:16.367+0000] {taskinstance.py:1103} INFO - Dependencies all met for dep_context=non-requeueable deps ti=<TaskInstance: first_dag_02.first_task scheduled__2021-09-08T00:00:00+00:00 [queued]>
[2023-06-11T05:18:18.205+0000] {taskinstance.py:1103} INFO - Dependencies all met for dep_context=requeueable deps ti=<TaskInstance: first_dag_02.first_task scheduled__2021-09-08T00:00:00+00:00 [queued]>
[2023-06-11T05:18:18.292+0000] {taskinstance.py:1308} INFO - Starting attempt 1 of 6
[2023-06-11T05:18:20.677+0000] {taskinstance.py:1327} INFO - Executing <Task(BashOperator): first_task> on 2021-09-08 00:00:00+00:00
[2023-06-11T05:18:21.182+0000] {standard_task_runner.py:57} INFO - Started process 563 to run task
[2023-06-11T05:18:21.371+0000] {standard_task_runner.py:84} INFO - Running: ['***', 'tasks', 'run', 'first_dag_02', 'first_task', 'scheduled__2021-09-08T00:00:00+00:00', '--job-id', '144', '--raw', '--subdir', 'DAGS_FOLDER/First_dag.py', '--cfg-path', '/tmp/tmpmtxqzl2y']
[2023-06-11T05:18:21.372+0000] {standard_task_runner.py:85} INFO - Job 144: Subtask first_task
[2023-06-11T05:18:24.241+0000] {task_command.py:410} INFO - Running <TaskInstance: first_dag_02.first_task scheduled__2021-09-08T00:00:00+00:00 [running]> on host 69e374580eab
[2023-06-11T05:18:32.262+0000] {taskinstance.py:1547} INFO - Exporting env vars: AIRFLOW_CTX_DAG_OWNER='Raja' AIRFLOW_CTX_DAG_ID='first_dag_02' AIRFLOW_CTX_TASK_ID='first_task' AIRFLOW_CTX_EXECUTION_DATE='2021-09-08T00:00:00+00:00' AIRFLOW_CTX_TRY_NUMBER='1' AIRFLOW_CTX_DAG_RUN_ID='scheduled__2021-09-08T00:00:00+00:00'
[2023-06-11T05:18:32.364+0000] {subprocess.py:63} INFO - Tmp dir root location: 
 /tmp
[2023-06-11T05:18:32.374+0000] {subprocess.py:75} INFO - Running command: ['/bin/bash', '-c', 'echo hello world, this is the first task!']
[2023-06-11T05:18:33.051+0000] {subprocess.py:86} INFO - Output:
[2023-06-11T05:18:33.638+0000] {subprocess.py:93} INFO - hello world, this is the first task!
[2023-06-11T05:18:33.639+0000] {subprocess.py:97} INFO - Command exited with return code 0
[2023-06-11T05:18:35.167+0000] {taskinstance.py:1350} INFO - Marking task as SUCCESS. dag_id=first_dag_02, task_id=first_task, execution_date=20210908T000000, start_date=20230611T051816, end_date=20230611T051835
[2023-06-11T05:18:39.886+0000] {local_task_job_runner.py:225} INFO - Task exited with return code 0
[2023-06-11T05:18:40.645+0000] {taskinstance.py:2651} INFO - 2 downstream tasks scheduled from follow-on schedule check
[2023-06-11T08:22:21.704+0000] {taskinstance.py:1103} INFO - Dependencies all met for dep_context=non-requeueable deps ti=<TaskInstance: first_dag_02.first_task scheduled__2021-09-08T00:00:00+00:00 [queued]>
[2023-06-11T08:22:22.447+0000] {taskinstance.py:1103} INFO - Dependencies all met for dep_context=requeueable deps ti=<TaskInstance: first_dag_02.first_task scheduled__2021-09-08T00:00:00+00:00 [queued]>
[2023-06-11T08:22:22.481+0000] {taskinstance.py:1308} INFO - Starting attempt 1 of 6
[2023-06-11T08:22:23.229+0000] {taskinstance.py:1327} INFO - Executing <Task(BashOperator): first_task> on 2021-09-08 00:00:00+00:00
[2023-06-11T08:22:23.340+0000] {standard_task_runner.py:57} INFO - Started process 789 to run task
[2023-06-11T08:22:23.690+0000] {standard_task_runner.py:84} INFO - Running: ['***', 'tasks', 'run', 'first_dag_02', 'first_task', 'scheduled__2021-09-08T00:00:00+00:00', '--job-id', '252', '--raw', '--subdir', 'DAGS_FOLDER/First_dag.py', '--cfg-path', '/tmp/tmpomjv09qd']
[2023-06-11T08:22:23.777+0000] {standard_task_runner.py:85} INFO - Job 252: Subtask first_task
[2023-06-11T08:22:25.752+0000] {task_command.py:410} INFO - Running <TaskInstance: first_dag_02.first_task scheduled__2021-09-08T00:00:00+00:00 [running]> on host 492037cdd057
[2023-06-11T08:22:29.264+0000] {taskinstance.py:1547} INFO - Exporting env vars: AIRFLOW_CTX_DAG_OWNER='Raja' AIRFLOW_CTX_DAG_ID='first_dag_02' AIRFLOW_CTX_TASK_ID='first_task' AIRFLOW_CTX_EXECUTION_DATE='2021-09-08T00:00:00+00:00' AIRFLOW_CTX_TRY_NUMBER='1' AIRFLOW_CTX_DAG_RUN_ID='scheduled__2021-09-08T00:00:00+00:00'
[2023-06-11T08:22:29.268+0000] {subprocess.py:63} INFO - Tmp dir root location: 
 /tmp
[2023-06-11T08:22:29.268+0000] {subprocess.py:75} INFO - Running command: ['/bin/bash', '-c', 'echo hello world, this is the first task!']
[2023-06-11T08:22:29.317+0000] {subprocess.py:86} INFO - Output:
[2023-06-11T08:22:29.333+0000] {subprocess.py:93} INFO - hello world, this is the first task!
[2023-06-11T08:22:29.334+0000] {subprocess.py:97} INFO - Command exited with return code 0
[2023-06-11T08:22:29.873+0000] {taskinstance.py:1350} INFO - Marking task as SUCCESS. dag_id=first_dag_02, task_id=first_task, execution_date=20210908T000000, start_date=20230611T082221, end_date=20230611T082229
[2023-06-11T08:22:30.165+0000] {local_task_job_runner.py:225} INFO - Task exited with return code 0
[2023-06-11T08:22:30.757+0000] {taskinstance.py:2651} INFO - 2 downstream tasks scheduled from follow-on schedule check
[2023-06-11T08:49:34.591+0000] {taskinstance.py:1103} INFO - Dependencies all met for dep_context=non-requeueable deps ti=<TaskInstance: first_dag_02.first_task scheduled__2021-09-08T00:00:00+00:00 [queued]>
[2023-06-11T08:49:34.774+0000] {taskinstance.py:1103} INFO - Dependencies all met for dep_context=requeueable deps ti=<TaskInstance: first_dag_02.first_task scheduled__2021-09-08T00:00:00+00:00 [queued]>
[2023-06-11T08:49:34.774+0000] {taskinstance.py:1308} INFO - Starting attempt 1 of 6
[2023-06-11T08:49:35.522+0000] {taskinstance.py:1327} INFO - Executing <Task(BashOperator): first_task> on 2021-09-08 00:00:00+00:00
[2023-06-11T08:49:35.637+0000] {standard_task_runner.py:57} INFO - Started process 700 to run task
[2023-06-11T08:49:35.656+0000] {standard_task_runner.py:84} INFO - Running: ['***', 'tasks', 'run', 'first_dag_02', 'first_task', 'scheduled__2021-09-08T00:00:00+00:00', '--job-id', '212', '--raw', '--subdir', 'DAGS_FOLDER/First_dag.py', '--cfg-path', '/tmp/tmpzfun2mvw']
[2023-06-11T08:49:35.657+0000] {standard_task_runner.py:85} INFO - Job 212: Subtask first_task
[2023-06-11T08:49:36.343+0000] {task_command.py:410} INFO - Running <TaskInstance: first_dag_02.first_task scheduled__2021-09-08T00:00:00+00:00 [running]> on host 964e508aad03
[2023-06-11T08:49:38.282+0000] {taskinstance.py:1547} INFO - Exporting env vars: AIRFLOW_CTX_DAG_OWNER='Raja' AIRFLOW_CTX_DAG_ID='first_dag_02' AIRFLOW_CTX_TASK_ID='first_task' AIRFLOW_CTX_EXECUTION_DATE='2021-09-08T00:00:00+00:00' AIRFLOW_CTX_TRY_NUMBER='1' AIRFLOW_CTX_DAG_RUN_ID='scheduled__2021-09-08T00:00:00+00:00'
[2023-06-11T08:49:38.289+0000] {subprocess.py:63} INFO - Tmp dir root location: 
 /tmp
[2023-06-11T08:49:38.289+0000] {subprocess.py:75} INFO - Running command: ['/bin/bash', '-c', 'echo hello world, this is the first task!']
[2023-06-11T08:49:38.471+0000] {subprocess.py:86} INFO - Output:
[2023-06-11T08:49:38.507+0000] {subprocess.py:93} INFO - hello world, this is the first task!
[2023-06-11T08:49:38.508+0000] {subprocess.py:97} INFO - Command exited with return code 0
[2023-06-11T08:49:39.051+0000] {taskinstance.py:1350} INFO - Marking task as SUCCESS. dag_id=first_dag_02, task_id=first_task, execution_date=20210908T000000, start_date=20230611T084934, end_date=20230611T084939
[2023-06-11T08:49:39.311+0000] {local_task_job_runner.py:225} INFO - Task exited with return code 0
[2023-06-11T08:49:39.569+0000] {taskinstance.py:2651} INFO - 2 downstream tasks scheduled from follow-on schedule check
[2023-06-11T10:43:05.122+0000] {taskinstance.py:1103} INFO - Dependencies all met for dep_context=non-requeueable deps ti=<TaskInstance: first_dag_02.first_task scheduled__2021-09-08T00:00:00+00:00 [queued]>
[2023-06-11T10:43:05.184+0000] {taskinstance.py:1103} INFO - Dependencies all met for dep_context=requeueable deps ti=<TaskInstance: first_dag_02.first_task scheduled__2021-09-08T00:00:00+00:00 [queued]>
[2023-06-11T10:43:05.185+0000] {taskinstance.py:1308} INFO - Starting attempt 1 of 6
[2023-06-11T10:43:05.335+0000] {taskinstance.py:1327} INFO - Executing <Task(BashOperator): first_task> on 2021-09-08 00:00:00+00:00
[2023-06-11T10:43:05.454+0000] {standard_task_runner.py:57} INFO - Started process 736 to run task
[2023-06-11T10:43:05.706+0000] {standard_task_runner.py:84} INFO - Running: ['***', 'tasks', 'run', 'first_dag_02', 'first_task', 'scheduled__2021-09-08T00:00:00+00:00', '--job-id', '207', '--raw', '--subdir', 'DAGS_FOLDER/First_dag.py', '--cfg-path', '/tmp/tmpfvspakgk']
[2023-06-11T10:43:05.787+0000] {standard_task_runner.py:85} INFO - Job 207: Subtask first_task
[2023-06-11T10:43:09.072+0000] {task_command.py:410} INFO - Running <TaskInstance: first_dag_02.first_task scheduled__2021-09-08T00:00:00+00:00 [running]> on host 7586ce0070ac
[2023-06-11T10:43:17.285+0000] {taskinstance.py:1547} INFO - Exporting env vars: AIRFLOW_CTX_DAG_OWNER='Raja' AIRFLOW_CTX_DAG_ID='first_dag_02' AIRFLOW_CTX_TASK_ID='first_task' AIRFLOW_CTX_EXECUTION_DATE='2021-09-08T00:00:00+00:00' AIRFLOW_CTX_TRY_NUMBER='1' AIRFLOW_CTX_DAG_RUN_ID='scheduled__2021-09-08T00:00:00+00:00'
[2023-06-11T10:43:18.567+0000] {subprocess.py:63} INFO - Tmp dir root location: 
 /tmp
[2023-06-11T10:43:18.581+0000] {subprocess.py:75} INFO - Running command: ['/bin/bash', '-c', 'echo hello world, this is the first task!']
[2023-06-11T10:43:21.374+0000] {subprocess.py:86} INFO - Output:
[2023-06-11T10:43:22.369+0000] {subprocess.py:93} INFO - hello world, this is the first task!
[2023-06-11T10:43:22.388+0000] {subprocess.py:97} INFO - Command exited with return code 0
[2023-06-11T10:43:23.969+0000] {taskinstance.py:1350} INFO - Marking task as SUCCESS. dag_id=first_dag_02, task_id=first_task, execution_date=20210908T000000, start_date=20230611T104305, end_date=20230611T104323
[2023-06-11T10:43:25.968+0000] {local_task_job_runner.py:225} INFO - Task exited with return code 0
[2023-06-11T10:43:26.272+0000] {taskinstance.py:2651} INFO - 2 downstream tasks scheduled from follow-on schedule check
