[2023-06-11T08:55:06.314+0000] {taskinstance.py:1103} INFO - Dependencies all met for dep_context=non-requeueable deps ti=<TaskInstance: first_dag_02.second_task scheduled__2021-11-27T00:00:00+00:00 [queued]>
[2023-06-11T08:55:06.449+0000] {taskinstance.py:1103} INFO - Dependencies all met for dep_context=requeueable deps ti=<TaskInstance: first_dag_02.second_task scheduled__2021-11-27T00:00:00+00:00 [queued]>
[2023-06-11T08:55:06.449+0000] {taskinstance.py:1308} INFO - Starting attempt 1 of 6
[2023-06-11T08:55:06.729+0000] {taskinstance.py:1327} INFO - Executing <Task(BashOperator): second_task> on 2021-11-27 00:00:00+00:00
[2023-06-11T08:55:06.903+0000] {standard_task_runner.py:57} INFO - Started process 1959 to run task
[2023-06-11T08:55:06.988+0000] {standard_task_runner.py:84} INFO - Running: ['***', 'tasks', 'run', 'first_dag_02', 'second_task', 'scheduled__2021-11-27T00:00:00+00:00', '--job-id', '609', '--raw', '--subdir', 'DAGS_FOLDER/First_dag.py', '--cfg-path', '/tmp/tmpfx5bwg16']
[2023-06-11T08:55:07.050+0000] {standard_task_runner.py:85} INFO - Job 609: Subtask second_task
[2023-06-11T08:55:07.838+0000] {task_command.py:410} INFO - Running <TaskInstance: first_dag_02.second_task scheduled__2021-11-27T00:00:00+00:00 [running]> on host 964e508aad03
[2023-06-11T08:55:10.931+0000] {taskinstance.py:1547} INFO - Exporting env vars: AIRFLOW_CTX_DAG_OWNER='Raja' AIRFLOW_CTX_DAG_ID='first_dag_02' AIRFLOW_CTX_TASK_ID='second_task' AIRFLOW_CTX_EXECUTION_DATE='2021-11-27T00:00:00+00:00' AIRFLOW_CTX_TRY_NUMBER='1' AIRFLOW_CTX_DAG_RUN_ID='scheduled__2021-11-27T00:00:00+00:00'
[2023-06-11T08:55:10.935+0000] {subprocess.py:63} INFO - Tmp dir root location: 
 /tmp
[2023-06-11T08:55:10.943+0000] {subprocess.py:75} INFO - Running command: ['/bin/bash', '-c', 'echo hey, I am task2 and will be running after task1!']
[2023-06-11T08:55:11.115+0000] {subprocess.py:86} INFO - Output:
[2023-06-11T08:55:11.142+0000] {subprocess.py:93} INFO - hey, I am task2 and will be running after task1!
[2023-06-11T08:55:11.143+0000] {subprocess.py:97} INFO - Command exited with return code 0
[2023-06-11T08:55:11.638+0000] {taskinstance.py:1350} INFO - Marking task as SUCCESS. dag_id=first_dag_02, task_id=second_task, execution_date=20211127T000000, start_date=20230611T085506, end_date=20230611T085511
[2023-06-11T08:55:12.381+0000] {local_task_job_runner.py:225} INFO - Task exited with return code 0
[2023-06-11T08:55:12.951+0000] {taskinstance.py:2651} INFO - 0 downstream tasks scheduled from follow-on schedule check
[2023-06-11T11:17:56.357+0000] {taskinstance.py:1103} INFO - Dependencies all met for dep_context=non-requeueable deps ti=<TaskInstance: first_dag_02.second_task scheduled__2021-11-27T00:00:00+00:00 [queued]>
[2023-06-11T11:17:56.615+0000] {taskinstance.py:1103} INFO - Dependencies all met for dep_context=requeueable deps ti=<TaskInstance: first_dag_02.second_task scheduled__2021-11-27T00:00:00+00:00 [queued]>
[2023-06-11T11:17:56.616+0000] {taskinstance.py:1308} INFO - Starting attempt 1 of 6
[2023-06-11T11:17:57.211+0000] {taskinstance.py:1327} INFO - Executing <Task(BashOperator): second_task> on 2021-11-27 00:00:00+00:00
[2023-06-11T11:17:57.260+0000] {standard_task_runner.py:57} INFO - Started process 631 to run task
[2023-06-11T11:17:57.323+0000] {standard_task_runner.py:84} INFO - Running: ['***', 'tasks', 'run', 'first_dag_02', 'second_task', 'scheduled__2021-11-27T00:00:00+00:00', '--job-id', '649', '--raw', '--subdir', 'DAGS_FOLDER/First_dag.py', '--cfg-path', '/tmp/tmppvrru7m9']
[2023-06-11T11:17:57.323+0000] {standard_task_runner.py:85} INFO - Job 649: Subtask second_task
[2023-06-11T11:17:58.153+0000] {task_command.py:410} INFO - Running <TaskInstance: first_dag_02.second_task scheduled__2021-11-27T00:00:00+00:00 [running]> on host 7586ce0070ac
[2023-06-11T11:18:00.329+0000] {taskinstance.py:1547} INFO - Exporting env vars: AIRFLOW_CTX_DAG_OWNER='Raja' AIRFLOW_CTX_DAG_ID='first_dag_02' AIRFLOW_CTX_TASK_ID='second_task' AIRFLOW_CTX_EXECUTION_DATE='2021-11-27T00:00:00+00:00' AIRFLOW_CTX_TRY_NUMBER='1' AIRFLOW_CTX_DAG_RUN_ID='scheduled__2021-11-27T00:00:00+00:00'
[2023-06-11T11:18:00.347+0000] {subprocess.py:63} INFO - Tmp dir root location: 
 /tmp
[2023-06-11T11:18:00.372+0000] {subprocess.py:75} INFO - Running command: ['/bin/bash', '-c', 'echo hey, I am task2 and will be running after task1!']
[2023-06-11T11:18:00.539+0000] {subprocess.py:86} INFO - Output:
[2023-06-11T11:18:00.555+0000] {subprocess.py:93} INFO - hey, I am task2 and will be running after task1!
[2023-06-11T11:18:00.556+0000] {subprocess.py:97} INFO - Command exited with return code 0
[2023-06-11T11:18:01.071+0000] {taskinstance.py:1350} INFO - Marking task as SUCCESS. dag_id=first_dag_02, task_id=second_task, execution_date=20211127T000000, start_date=20230611T111756, end_date=20230611T111801
[2023-06-11T11:18:01.549+0000] {local_task_job_runner.py:225} INFO - Task exited with return code 0
[2023-06-11T11:18:01.835+0000] {taskinstance.py:2651} INFO - 0 downstream tasks scheduled from follow-on schedule check
