[2023-06-11T04:51:40.268+0000] {taskinstance.py:1103} INFO - Dependencies all met for dep_context=non-requeueable deps ti=<TaskInstance: first_dag_02.second_task scheduled__2021-09-29T00:00:00+00:00 [queued]>
[2023-06-11T04:51:41.090+0000] {taskinstance.py:1103} INFO - Dependencies all met for dep_context=requeueable deps ti=<TaskInstance: first_dag_02.second_task scheduled__2021-09-29T00:00:00+00:00 [queued]>
[2023-06-11T04:51:41.090+0000] {taskinstance.py:1308} INFO - Starting attempt 1 of 6
[2023-06-11T04:51:42.786+0000] {taskinstance.py:1327} INFO - Executing <Task(BashOperator): second_task> on 2021-09-29 00:00:00+00:00
[2023-06-11T04:51:42.818+0000] {standard_task_runner.py:57} INFO - Started process 890 to run task
[2023-06-11T04:51:42.909+0000] {standard_task_runner.py:84} INFO - Running: ['***', 'tasks', 'run', 'first_dag_02', 'second_task', 'scheduled__2021-09-29T00:00:00+00:00', '--job-id', '263', '--raw', '--subdir', 'DAGS_FOLDER/First_dag.py', '--cfg-path', '/tmp/tmpi22qauyl']
[2023-06-11T04:51:42.955+0000] {standard_task_runner.py:85} INFO - Job 263: Subtask second_task
[2023-06-11T04:51:48.820+0000] {task_command.py:410} INFO - Running <TaskInstance: first_dag_02.second_task scheduled__2021-09-29T00:00:00+00:00 [running]> on host 4b1b5d40d165
[2023-06-11T04:51:59.233+0000] {taskinstance.py:1547} INFO - Exporting env vars: AIRFLOW_CTX_DAG_OWNER='Raja' AIRFLOW_CTX_DAG_ID='first_dag_02' AIRFLOW_CTX_TASK_ID='second_task' AIRFLOW_CTX_EXECUTION_DATE='2021-09-29T00:00:00+00:00' AIRFLOW_CTX_TRY_NUMBER='1' AIRFLOW_CTX_DAG_RUN_ID='scheduled__2021-09-29T00:00:00+00:00'
[2023-06-11T04:51:59.298+0000] {subprocess.py:63} INFO - Tmp dir root location: 
 /tmp
[2023-06-11T04:51:59.299+0000] {subprocess.py:75} INFO - Running command: ['/bin/bash', '-c', 'echo hey, I am task2 and will be running after task1!']
[2023-06-11T04:51:59.737+0000] {subprocess.py:86} INFO - Output:
[2023-06-11T04:51:59.879+0000] {subprocess.py:93} INFO - hey, I am task2 and will be running after task1!
[2023-06-11T04:51:59.890+0000] {subprocess.py:97} INFO - Command exited with return code 0
[2023-06-11T04:52:00.925+0000] {taskinstance.py:1350} INFO - Marking task as SUCCESS. dag_id=first_dag_02, task_id=second_task, execution_date=20210929T000000, start_date=20230611T045140, end_date=20230611T045200
[2023-06-11T04:52:01.442+0000] {local_task_job_runner.py:225} INFO - Task exited with return code 0
[2023-06-11T04:52:02.235+0000] {taskinstance.py:2651} INFO - 0 downstream tasks scheduled from follow-on schedule check
[2023-06-11T08:29:00.203+0000] {taskinstance.py:1103} INFO - Dependencies all met for dep_context=non-requeueable deps ti=<TaskInstance: first_dag_02.second_task scheduled__2021-09-29T00:00:00+00:00 [queued]>
[2023-06-11T08:29:00.331+0000] {taskinstance.py:1103} INFO - Dependencies all met for dep_context=requeueable deps ti=<TaskInstance: first_dag_02.second_task scheduled__2021-09-29T00:00:00+00:00 [queued]>
[2023-06-11T08:29:00.331+0000] {taskinstance.py:1308} INFO - Starting attempt 1 of 6
[2023-06-11T08:29:01.007+0000] {taskinstance.py:1327} INFO - Executing <Task(BashOperator): second_task> on 2021-09-29 00:00:00+00:00
[2023-06-11T08:29:01.031+0000] {standard_task_runner.py:57} INFO - Started process 1283 to run task
[2023-06-11T08:29:01.073+0000] {standard_task_runner.py:84} INFO - Running: ['***', 'tasks', 'run', 'first_dag_02', 'second_task', 'scheduled__2021-09-29T00:00:00+00:00', '--job-id', '389', '--raw', '--subdir', 'DAGS_FOLDER/First_dag.py', '--cfg-path', '/tmp/tmpuyqyqrjq']
[2023-06-11T08:29:01.076+0000] {standard_task_runner.py:85} INFO - Job 389: Subtask second_task
[2023-06-11T08:29:01.951+0000] {task_command.py:410} INFO - Running <TaskInstance: first_dag_02.second_task scheduled__2021-09-29T00:00:00+00:00 [running]> on host 492037cdd057
[2023-06-11T08:29:06.857+0000] {taskinstance.py:1547} INFO - Exporting env vars: AIRFLOW_CTX_DAG_OWNER='Raja' AIRFLOW_CTX_DAG_ID='first_dag_02' AIRFLOW_CTX_TASK_ID='second_task' AIRFLOW_CTX_EXECUTION_DATE='2021-09-29T00:00:00+00:00' AIRFLOW_CTX_TRY_NUMBER='1' AIRFLOW_CTX_DAG_RUN_ID='scheduled__2021-09-29T00:00:00+00:00'
[2023-06-11T08:29:07.041+0000] {subprocess.py:63} INFO - Tmp dir root location: 
 /tmp
[2023-06-11T08:29:07.072+0000] {subprocess.py:75} INFO - Running command: ['/bin/bash', '-c', 'echo hey, I am task2 and will be running after task1!']
[2023-06-11T08:29:07.141+0000] {subprocess.py:86} INFO - Output:
[2023-06-11T08:29:07.158+0000] {subprocess.py:93} INFO - hey, I am task2 and will be running after task1!
[2023-06-11T08:29:07.160+0000] {subprocess.py:97} INFO - Command exited with return code 0
[2023-06-11T08:29:08.071+0000] {taskinstance.py:1350} INFO - Marking task as SUCCESS. dag_id=first_dag_02, task_id=second_task, execution_date=20210929T000000, start_date=20230611T082900, end_date=20230611T082908
[2023-06-11T08:29:10.339+0000] {local_task_job_runner.py:225} INFO - Task exited with return code 0
[2023-06-11T08:29:12.295+0000] {taskinstance.py:2651} INFO - 0 downstream tasks scheduled from follow-on schedule check
[2023-06-11T08:51:29.325+0000] {taskinstance.py:1103} INFO - Dependencies all met for dep_context=non-requeueable deps ti=<TaskInstance: first_dag_02.second_task scheduled__2021-09-29T00:00:00+00:00 [queued]>
[2023-06-11T08:51:29.401+0000] {taskinstance.py:1103} INFO - Dependencies all met for dep_context=requeueable deps ti=<TaskInstance: first_dag_02.second_task scheduled__2021-09-29T00:00:00+00:00 [queued]>
[2023-06-11T08:51:29.402+0000] {taskinstance.py:1308} INFO - Starting attempt 1 of 6
[2023-06-11T08:51:29.718+0000] {taskinstance.py:1327} INFO - Executing <Task(BashOperator): second_task> on 2021-09-29 00:00:00+00:00
[2023-06-11T08:51:29.764+0000] {standard_task_runner.py:84} INFO - Running: ['***', 'tasks', 'run', 'first_dag_02', 'second_task', 'scheduled__2021-09-29T00:00:00+00:00', '--job-id', '346', '--raw', '--subdir', 'DAGS_FOLDER/First_dag.py', '--cfg-path', '/tmp/tmp3ebp6zdj']
[2023-06-11T08:51:29.769+0000] {standard_task_runner.py:85} INFO - Job 346: Subtask second_task
[2023-06-11T08:51:29.747+0000] {standard_task_runner.py:57} INFO - Started process 1123 to run task
[2023-06-11T08:51:30.119+0000] {task_command.py:410} INFO - Running <TaskInstance: first_dag_02.second_task scheduled__2021-09-29T00:00:00+00:00 [running]> on host 964e508aad03
[2023-06-11T08:51:32.358+0000] {taskinstance.py:1547} INFO - Exporting env vars: AIRFLOW_CTX_DAG_OWNER='Raja' AIRFLOW_CTX_DAG_ID='first_dag_02' AIRFLOW_CTX_TASK_ID='second_task' AIRFLOW_CTX_EXECUTION_DATE='2021-09-29T00:00:00+00:00' AIRFLOW_CTX_TRY_NUMBER='1' AIRFLOW_CTX_DAG_RUN_ID='scheduled__2021-09-29T00:00:00+00:00'
[2023-06-11T08:51:32.360+0000] {subprocess.py:63} INFO - Tmp dir root location: 
 /tmp
[2023-06-11T08:51:32.385+0000] {subprocess.py:75} INFO - Running command: ['/bin/bash', '-c', 'echo hey, I am task2 and will be running after task1!']
[2023-06-11T08:51:32.504+0000] {subprocess.py:86} INFO - Output:
[2023-06-11T08:51:32.506+0000] {subprocess.py:93} INFO - hey, I am task2 and will be running after task1!
[2023-06-11T08:51:32.507+0000] {subprocess.py:97} INFO - Command exited with return code 0
[2023-06-11T08:51:32.806+0000] {taskinstance.py:1350} INFO - Marking task as SUCCESS. dag_id=first_dag_02, task_id=second_task, execution_date=20210929T000000, start_date=20230611T085129, end_date=20230611T085132
[2023-06-11T08:51:33.075+0000] {local_task_job_runner.py:225} INFO - Task exited with return code 0
[2023-06-11T08:51:33.404+0000] {taskinstance.py:2651} INFO - 0 downstream tasks scheduled from follow-on schedule check
[2023-06-11T10:56:35.725+0000] {taskinstance.py:1103} INFO - Dependencies all met for dep_context=non-requeueable deps ti=<TaskInstance: first_dag_02.second_task scheduled__2021-09-29T00:00:00+00:00 [queued]>
[2023-06-11T10:56:37.733+0000] {taskinstance.py:1103} INFO - Dependencies all met for dep_context=requeueable deps ti=<TaskInstance: first_dag_02.second_task scheduled__2021-09-29T00:00:00+00:00 [queued]>
[2023-06-11T10:56:37.733+0000] {taskinstance.py:1308} INFO - Starting attempt 1 of 6
[2023-06-11T10:56:39.004+0000] {taskinstance.py:1327} INFO - Executing <Task(BashOperator): second_task> on 2021-09-29 00:00:00+00:00
[2023-06-11T10:56:39.743+0000] {standard_task_runner.py:84} INFO - Running: ['***', 'tasks', 'run', 'first_dag_02', 'second_task', 'scheduled__2021-09-29T00:00:00+00:00', '--job-id', '320', '--raw', '--subdir', 'DAGS_FOLDER/First_dag.py', '--cfg-path', '/tmp/tmpjvi4cigy']
[2023-06-11T10:56:39.746+0000] {standard_task_runner.py:85} INFO - Job 320: Subtask second_task
[2023-06-11T10:56:39.510+0000] {standard_task_runner.py:57} INFO - Started process 1169 to run task
[2023-06-11T10:56:42.678+0000] {task_command.py:410} INFO - Running <TaskInstance: first_dag_02.second_task scheduled__2021-09-29T00:00:00+00:00 [running]> on host 7586ce0070ac
[2023-06-11T10:56:48.761+0000] {taskinstance.py:1547} INFO - Exporting env vars: AIRFLOW_CTX_DAG_OWNER='Raja' AIRFLOW_CTX_DAG_ID='first_dag_02' AIRFLOW_CTX_TASK_ID='second_task' AIRFLOW_CTX_EXECUTION_DATE='2021-09-29T00:00:00+00:00' AIRFLOW_CTX_TRY_NUMBER='1' AIRFLOW_CTX_DAG_RUN_ID='scheduled__2021-09-29T00:00:00+00:00'
[2023-06-11T10:56:48.877+0000] {subprocess.py:63} INFO - Tmp dir root location: 
 /tmp
[2023-06-11T10:56:48.950+0000] {subprocess.py:75} INFO - Running command: ['/bin/bash', '-c', 'echo hey, I am task2 and will be running after task1!']
[2023-06-11T10:56:49.082+0000] {subprocess.py:86} INFO - Output:
[2023-06-11T10:56:49.088+0000] {subprocess.py:93} INFO - hey, I am task2 and will be running after task1!
[2023-06-11T10:56:49.093+0000] {subprocess.py:97} INFO - Command exited with return code 0
[2023-06-11T10:56:50.636+0000] {taskinstance.py:1350} INFO - Marking task as SUCCESS. dag_id=first_dag_02, task_id=second_task, execution_date=20210929T000000, start_date=20230611T105635, end_date=20230611T105650
[2023-06-11T10:56:52.237+0000] {local_task_job_runner.py:225} INFO - Task exited with return code 0
[2023-06-11T10:56:55.026+0000] {taskinstance.py:2651} INFO - 0 downstream tasks scheduled from follow-on schedule check
