[2023-06-11T09:43:34.147+0000] {taskinstance.py:1103} INFO - Dependencies all met for dep_context=non-requeueable deps ti=<TaskInstance: first_dag_02.thrid_task scheduled__2022-04-29T00:00:00+00:00 [queued]>
[2023-06-11T09:43:34.446+0000] {taskinstance.py:1103} INFO - Dependencies all met for dep_context=requeueable deps ti=<TaskInstance: first_dag_02.thrid_task scheduled__2022-04-29T00:00:00+00:00 [queued]>
[2023-06-11T09:43:34.446+0000] {taskinstance.py:1308} INFO - Starting attempt 1 of 6
[2023-06-11T09:43:34.965+0000] {taskinstance.py:1327} INFO - Executing <Task(BashOperator): thrid_task> on 2022-04-29 00:00:00+00:00
[2023-06-11T09:43:35.097+0000] {standard_task_runner.py:57} INFO - Started process 4311 to run task
[2023-06-11T09:43:35.154+0000] {standard_task_runner.py:84} INFO - Running: ['***', 'tasks', 'run', 'first_dag_02', 'thrid_task', 'scheduled__2022-04-29T00:00:00+00:00', '--job-id', '1318', '--raw', '--subdir', 'DAGS_FOLDER/First_dag.py', '--cfg-path', '/tmp/tmp8_0ccudp']
[2023-06-11T09:43:35.155+0000] {standard_task_runner.py:85} INFO - Job 1318: Subtask thrid_task
[2023-06-11T09:43:35.750+0000] {task_command.py:410} INFO - Running <TaskInstance: first_dag_02.thrid_task scheduled__2022-04-29T00:00:00+00:00 [running]> on host 964e508aad03
[2023-06-11T09:43:37.141+0000] {taskinstance.py:1547} INFO - Exporting env vars: AIRFLOW_CTX_DAG_OWNER='Raja' AIRFLOW_CTX_DAG_ID='first_dag_02' AIRFLOW_CTX_TASK_ID='thrid_task' AIRFLOW_CTX_EXECUTION_DATE='2022-04-29T00:00:00+00:00' AIRFLOW_CTX_TRY_NUMBER='1' AIRFLOW_CTX_DAG_RUN_ID='scheduled__2022-04-29T00:00:00+00:00'
[2023-06-11T09:43:37.161+0000] {subprocess.py:63} INFO - Tmp dir root location: 
 /tmp
[2023-06-11T09:43:37.162+0000] {subprocess.py:75} INFO - Running command: ['/bin/bash', '-c', 'echo hey, I am task3 and will be running after task1 at the same time as task2!']
[2023-06-11T09:43:37.289+0000] {subprocess.py:86} INFO - Output:
[2023-06-11T09:43:37.291+0000] {subprocess.py:93} INFO - hey, I am task3 and will be running after task1 at the same time as task2!
[2023-06-11T09:43:37.292+0000] {subprocess.py:97} INFO - Command exited with return code 0
[2023-06-11T09:43:37.933+0000] {taskinstance.py:1350} INFO - Marking task as SUCCESS. dag_id=first_dag_02, task_id=thrid_task, execution_date=20220429T000000, start_date=20230611T094334, end_date=20230611T094337
[2023-06-11T09:43:38.273+0000] {local_task_job_runner.py:225} INFO - Task exited with return code 0
[2023-06-11T09:43:38.620+0000] {taskinstance.py:2651} INFO - 0 downstream tasks scheduled from follow-on schedule check
[2023-06-11T15:30:35.329+0000] {taskinstance.py:1103} INFO - Dependencies all met for dep_context=non-requeueable deps ti=<TaskInstance: first_dag_02.thrid_task scheduled__2022-04-29T00:00:00+00:00 [queued]>
[2023-06-11T15:30:35.459+0000] {taskinstance.py:1103} INFO - Dependencies all met for dep_context=requeueable deps ti=<TaskInstance: first_dag_02.thrid_task scheduled__2022-04-29T00:00:00+00:00 [queued]>
[2023-06-11T15:30:35.468+0000] {taskinstance.py:1308} INFO - Starting attempt 1 of 6
[2023-06-11T15:30:35.902+0000] {taskinstance.py:1327} INFO - Executing <Task(BashOperator): thrid_task> on 2022-04-29 00:00:00+00:00
[2023-06-11T15:30:35.946+0000] {standard_task_runner.py:57} INFO - Started process 932 to run task
[2023-06-11T15:30:36.004+0000] {standard_task_runner.py:84} INFO - Running: ['***', 'tasks', 'run', 'first_dag_02', 'thrid_task', 'scheduled__2022-04-29T00:00:00+00:00', '--job-id', '1370', '--raw', '--subdir', 'DAGS_FOLDER/First_dag.py', '--cfg-path', '/tmp/tmppvcvk60t']
[2023-06-11T15:30:36.005+0000] {standard_task_runner.py:85} INFO - Job 1370: Subtask thrid_task
[2023-06-11T15:30:36.464+0000] {task_command.py:410} INFO - Running <TaskInstance: first_dag_02.thrid_task scheduled__2022-04-29T00:00:00+00:00 [running]> on host 7586ce0070ac
[2023-06-11T15:30:39.083+0000] {taskinstance.py:1547} INFO - Exporting env vars: AIRFLOW_CTX_DAG_OWNER='Raja' AIRFLOW_CTX_DAG_ID='first_dag_02' AIRFLOW_CTX_TASK_ID='thrid_task' AIRFLOW_CTX_EXECUTION_DATE='2022-04-29T00:00:00+00:00' AIRFLOW_CTX_TRY_NUMBER='1' AIRFLOW_CTX_DAG_RUN_ID='scheduled__2022-04-29T00:00:00+00:00'
[2023-06-11T15:30:39.112+0000] {subprocess.py:63} INFO - Tmp dir root location: 
 /tmp
[2023-06-11T15:30:39.116+0000] {subprocess.py:75} INFO - Running command: ['/bin/bash', '-c', 'echo hey, I am task3 and will be running after task1 at the same time as task2!']
[2023-06-11T15:30:39.314+0000] {subprocess.py:86} INFO - Output:
[2023-06-11T15:30:39.360+0000] {subprocess.py:93} INFO - hey, I am task3 and will be running after task1 at the same time as task2!
[2023-06-11T15:30:39.362+0000] {subprocess.py:97} INFO - Command exited with return code 0
[2023-06-11T15:30:39.701+0000] {taskinstance.py:1350} INFO - Marking task as SUCCESS. dag_id=first_dag_02, task_id=thrid_task, execution_date=20220429T000000, start_date=20230611T153035, end_date=20230611T153039
[2023-06-11T15:30:39.908+0000] {local_task_job_runner.py:225} INFO - Task exited with return code 0
[2023-06-11T15:30:40.560+0000] {taskinstance.py:2651} INFO - 0 downstream tasks scheduled from follow-on schedule check
