[2023-06-11T04:52:56.798+0000] {taskinstance.py:1103} INFO - Dependencies all met for dep_context=non-requeueable deps ti=<TaskInstance: first_dag_02.first_task scheduled__2021-10-10T00:00:00+00:00 [queued]>
[2023-06-11T04:52:57.043+0000] {taskinstance.py:1103} INFO - Dependencies all met for dep_context=requeueable deps ti=<TaskInstance: first_dag_02.first_task scheduled__2021-10-10T00:00:00+00:00 [queued]>
[2023-06-11T04:52:57.044+0000] {taskinstance.py:1308} INFO - Starting attempt 1 of 6
[2023-06-11T04:52:57.283+0000] {taskinstance.py:1327} INFO - Executing <Task(BashOperator): first_task> on 2021-10-10 00:00:00+00:00
[2023-06-11T04:52:57.301+0000] {standard_task_runner.py:57} INFO - Started process 998 to run task
[2023-06-11T04:52:57.393+0000] {standard_task_runner.py:84} INFO - Running: ['***', 'tasks', 'run', 'first_dag_02', 'first_task', 'scheduled__2021-10-10T00:00:00+00:00', '--job-id', '295', '--raw', '--subdir', 'DAGS_FOLDER/First_dag.py', '--cfg-path', '/tmp/tmptdzq_3pn']
[2023-06-11T04:52:57.394+0000] {standard_task_runner.py:85} INFO - Job 295: Subtask first_task
[2023-06-11T04:52:57.911+0000] {task_command.py:410} INFO - Running <TaskInstance: first_dag_02.first_task scheduled__2021-10-10T00:00:00+00:00 [running]> on host 4b1b5d40d165
[2023-06-11T04:52:59.721+0000] {taskinstance.py:1547} INFO - Exporting env vars: AIRFLOW_CTX_DAG_OWNER='Raja' AIRFLOW_CTX_DAG_ID='first_dag_02' AIRFLOW_CTX_TASK_ID='first_task' AIRFLOW_CTX_EXECUTION_DATE='2021-10-10T00:00:00+00:00' AIRFLOW_CTX_TRY_NUMBER='1' AIRFLOW_CTX_DAG_RUN_ID='scheduled__2021-10-10T00:00:00+00:00'
[2023-06-11T04:52:59.734+0000] {subprocess.py:63} INFO - Tmp dir root location: 
 /tmp
[2023-06-11T04:52:59.735+0000] {subprocess.py:75} INFO - Running command: ['/bin/bash', '-c', 'echo hello world, this is the first task!']
[2023-06-11T04:52:59.915+0000] {subprocess.py:86} INFO - Output:
[2023-06-11T04:52:59.933+0000] {subprocess.py:93} INFO - hello world, this is the first task!
[2023-06-11T04:52:59.934+0000] {subprocess.py:97} INFO - Command exited with return code 0
[2023-06-11T04:53:01.074+0000] {taskinstance.py:1350} INFO - Marking task as SUCCESS. dag_id=first_dag_02, task_id=first_task, execution_date=20211010T000000, start_date=20230611T045256, end_date=20230611T045301
[2023-06-11T04:53:01.819+0000] {local_task_job_runner.py:225} INFO - Task exited with return code 0
[2023-06-11T04:53:02.323+0000] {taskinstance.py:2651} INFO - 2 downstream tasks scheduled from follow-on schedule check
[2023-06-11T08:29:39.673+0000] {taskinstance.py:1103} INFO - Dependencies all met for dep_context=non-requeueable deps ti=<TaskInstance: first_dag_02.first_task scheduled__2021-10-10T00:00:00+00:00 [queued]>
[2023-06-11T08:29:39.807+0000] {taskinstance.py:1103} INFO - Dependencies all met for dep_context=requeueable deps ti=<TaskInstance: first_dag_02.first_task scheduled__2021-10-10T00:00:00+00:00 [queued]>
[2023-06-11T08:29:39.807+0000] {taskinstance.py:1308} INFO - Starting attempt 1 of 6
[2023-06-11T08:29:40.493+0000] {taskinstance.py:1327} INFO - Executing <Task(BashOperator): first_task> on 2021-10-10 00:00:00+00:00
[2023-06-11T08:29:40.619+0000] {standard_task_runner.py:57} INFO - Started process 1360 to run task
[2023-06-11T08:29:40.747+0000] {standard_task_runner.py:84} INFO - Running: ['***', 'tasks', 'run', 'first_dag_02', 'first_task', 'scheduled__2021-10-10T00:00:00+00:00', '--job-id', '414', '--raw', '--subdir', 'DAGS_FOLDER/First_dag.py', '--cfg-path', '/tmp/tmppklv0znt']
[2023-06-11T08:29:40.749+0000] {standard_task_runner.py:85} INFO - Job 414: Subtask first_task
[2023-06-11T08:29:41.397+0000] {task_command.py:410} INFO - Running <TaskInstance: first_dag_02.first_task scheduled__2021-10-10T00:00:00+00:00 [running]> on host 492037cdd057
[2023-06-11T08:29:43.377+0000] {taskinstance.py:1547} INFO - Exporting env vars: AIRFLOW_CTX_DAG_OWNER='Raja' AIRFLOW_CTX_DAG_ID='first_dag_02' AIRFLOW_CTX_TASK_ID='first_task' AIRFLOW_CTX_EXECUTION_DATE='2021-10-10T00:00:00+00:00' AIRFLOW_CTX_TRY_NUMBER='1' AIRFLOW_CTX_DAG_RUN_ID='scheduled__2021-10-10T00:00:00+00:00'
[2023-06-11T08:29:43.379+0000] {subprocess.py:63} INFO - Tmp dir root location: 
 /tmp
[2023-06-11T08:29:43.380+0000] {subprocess.py:75} INFO - Running command: ['/bin/bash', '-c', 'echo hello world, this is the first task!']
[2023-06-11T08:29:43.456+0000] {subprocess.py:86} INFO - Output:
[2023-06-11T08:29:43.459+0000] {subprocess.py:93} INFO - hello world, this is the first task!
[2023-06-11T08:29:43.459+0000] {subprocess.py:97} INFO - Command exited with return code 0
[2023-06-11T08:29:43.879+0000] {taskinstance.py:1350} INFO - Marking task as SUCCESS. dag_id=first_dag_02, task_id=first_task, execution_date=20211010T000000, start_date=20230611T082939, end_date=20230611T082943
[2023-06-11T08:29:44.144+0000] {local_task_job_runner.py:225} INFO - Task exited with return code 0
[2023-06-11T08:29:44.805+0000] {taskinstance.py:2651} INFO - 0 downstream tasks scheduled from follow-on schedule check
[2023-06-11T08:51:37.377+0000] {taskinstance.py:1103} INFO - Dependencies all met for dep_context=non-requeueable deps ti=<TaskInstance: first_dag_02.first_task scheduled__2021-10-10T00:00:00+00:00 [queued]>
[2023-06-11T08:51:37.609+0000] {taskinstance.py:1103} INFO - Dependencies all met for dep_context=requeueable deps ti=<TaskInstance: first_dag_02.first_task scheduled__2021-10-10T00:00:00+00:00 [queued]>
[2023-06-11T08:51:37.633+0000] {taskinstance.py:1308} INFO - Starting attempt 1 of 6
[2023-06-11T08:51:38.145+0000] {taskinstance.py:1327} INFO - Executing <Task(BashOperator): first_task> on 2021-10-10 00:00:00+00:00
[2023-06-11T08:51:38.198+0000] {standard_task_runner.py:57} INFO - Started process 1155 to run task
[2023-06-11T08:51:38.258+0000] {standard_task_runner.py:84} INFO - Running: ['***', 'tasks', 'run', 'first_dag_02', 'first_task', 'scheduled__2021-10-10T00:00:00+00:00', '--job-id', '356', '--raw', '--subdir', 'DAGS_FOLDER/First_dag.py', '--cfg-path', '/tmp/tmp13e6emkw']
[2023-06-11T08:51:38.259+0000] {standard_task_runner.py:85} INFO - Job 356: Subtask first_task
[2023-06-11T08:51:38.714+0000] {task_command.py:410} INFO - Running <TaskInstance: first_dag_02.first_task scheduled__2021-10-10T00:00:00+00:00 [running]> on host 964e508aad03
[2023-06-11T08:51:40.629+0000] {taskinstance.py:1547} INFO - Exporting env vars: AIRFLOW_CTX_DAG_OWNER='Raja' AIRFLOW_CTX_DAG_ID='first_dag_02' AIRFLOW_CTX_TASK_ID='first_task' AIRFLOW_CTX_EXECUTION_DATE='2021-10-10T00:00:00+00:00' AIRFLOW_CTX_TRY_NUMBER='1' AIRFLOW_CTX_DAG_RUN_ID='scheduled__2021-10-10T00:00:00+00:00'
[2023-06-11T08:51:40.645+0000] {subprocess.py:63} INFO - Tmp dir root location: 
 /tmp
[2023-06-11T08:51:40.650+0000] {subprocess.py:75} INFO - Running command: ['/bin/bash', '-c', 'echo hello world, this is the first task!']
[2023-06-11T08:51:40.923+0000] {subprocess.py:86} INFO - Output:
[2023-06-11T08:51:40.970+0000] {subprocess.py:93} INFO - hello world, this is the first task!
[2023-06-11T08:51:40.971+0000] {subprocess.py:97} INFO - Command exited with return code 0
[2023-06-11T08:51:41.182+0000] {taskinstance.py:1350} INFO - Marking task as SUCCESS. dag_id=first_dag_02, task_id=first_task, execution_date=20211010T000000, start_date=20230611T085137, end_date=20230611T085141
[2023-06-11T08:51:41.536+0000] {local_task_job_runner.py:225} INFO - Task exited with return code 0
[2023-06-11T08:51:42.109+0000] {taskinstance.py:2651} INFO - 2 downstream tasks scheduled from follow-on schedule check
[2023-06-11T10:57:46.713+0000] {taskinstance.py:1103} INFO - Dependencies all met for dep_context=non-requeueable deps ti=<TaskInstance: first_dag_02.first_task scheduled__2021-10-10T00:00:00+00:00 [queued]>
[2023-06-11T10:57:47.030+0000] {taskinstance.py:1103} INFO - Dependencies all met for dep_context=requeueable deps ti=<TaskInstance: first_dag_02.first_task scheduled__2021-10-10T00:00:00+00:00 [queued]>
[2023-06-11T10:57:47.030+0000] {taskinstance.py:1308} INFO - Starting attempt 1 of 6
[2023-06-11T10:57:48.046+0000] {taskinstance.py:1327} INFO - Executing <Task(BashOperator): first_task> on 2021-10-10 00:00:00+00:00
[2023-06-11T10:57:48.190+0000] {standard_task_runner.py:57} INFO - Started process 1274 to run task
[2023-06-11T10:57:48.247+0000] {standard_task_runner.py:84} INFO - Running: ['***', 'tasks', 'run', 'first_dag_02', 'first_task', 'scheduled__2021-10-10T00:00:00+00:00', '--job-id', '349', '--raw', '--subdir', 'DAGS_FOLDER/First_dag.py', '--cfg-path', '/tmp/tmp8mci0o1q']
[2023-06-11T10:57:48.248+0000] {standard_task_runner.py:85} INFO - Job 349: Subtask first_task
[2023-06-11T10:57:49.434+0000] {task_command.py:410} INFO - Running <TaskInstance: first_dag_02.first_task scheduled__2021-10-10T00:00:00+00:00 [running]> on host 7586ce0070ac
[2023-06-11T10:57:54.250+0000] {taskinstance.py:1547} INFO - Exporting env vars: AIRFLOW_CTX_DAG_OWNER='Raja' AIRFLOW_CTX_DAG_ID='first_dag_02' AIRFLOW_CTX_TASK_ID='first_task' AIRFLOW_CTX_EXECUTION_DATE='2021-10-10T00:00:00+00:00' AIRFLOW_CTX_TRY_NUMBER='1' AIRFLOW_CTX_DAG_RUN_ID='scheduled__2021-10-10T00:00:00+00:00'
[2023-06-11T10:57:54.341+0000] {subprocess.py:63} INFO - Tmp dir root location: 
 /tmp
[2023-06-11T10:57:54.344+0000] {subprocess.py:75} INFO - Running command: ['/bin/bash', '-c', 'echo hello world, this is the first task!']
[2023-06-11T10:57:54.373+0000] {subprocess.py:86} INFO - Output:
[2023-06-11T10:57:54.391+0000] {subprocess.py:93} INFO - hello world, this is the first task!
[2023-06-11T10:57:54.393+0000] {subprocess.py:97} INFO - Command exited with return code 0
[2023-06-11T10:57:54.964+0000] {taskinstance.py:1350} INFO - Marking task as SUCCESS. dag_id=first_dag_02, task_id=first_task, execution_date=20211010T000000, start_date=20230611T105746, end_date=20230611T105754
[2023-06-11T10:57:55.518+0000] {local_task_job_runner.py:225} INFO - Task exited with return code 0
[2023-06-11T10:57:56.556+0000] {taskinstance.py:2651} INFO - 2 downstream tasks scheduled from follow-on schedule check
