[2023-06-11T09:00:08.559+0000] {taskinstance.py:1103} INFO - Dependencies all met for dep_context=non-requeueable deps ti=<TaskInstance: first_dag_02.second_task scheduled__2022-02-13T00:00:00+00:00 [queued]>
[2023-06-11T09:00:08.760+0000] {taskinstance.py:1103} INFO - Dependencies all met for dep_context=requeueable deps ti=<TaskInstance: first_dag_02.second_task scheduled__2022-02-13T00:00:00+00:00 [queued]>
[2023-06-11T09:00:08.760+0000] {taskinstance.py:1308} INFO - Starting attempt 1 of 6
[2023-06-11T09:00:09.292+0000] {taskinstance.py:1327} INFO - Executing <Task(BashOperator): second_task> on 2022-02-13 00:00:00+00:00
[2023-06-11T09:00:09.303+0000] {standard_task_runner.py:57} INFO - Started process 3100 to run task
[2023-06-11T09:00:09.314+0000] {standard_task_runner.py:84} INFO - Running: ['***', 'tasks', 'run', 'first_dag_02', 'second_task', 'scheduled__2022-02-13T00:00:00+00:00', '--job-id', '967', '--raw', '--subdir', 'DAGS_FOLDER/First_dag.py', '--cfg-path', '/tmp/tmpb4e9h0ct']
[2023-06-11T09:00:09.315+0000] {standard_task_runner.py:85} INFO - Job 967: Subtask second_task
[2023-06-11T09:00:10.172+0000] {task_command.py:410} INFO - Running <TaskInstance: first_dag_02.second_task scheduled__2022-02-13T00:00:00+00:00 [running]> on host 964e508aad03
[2023-06-11T09:00:12.309+0000] {taskinstance.py:1547} INFO - Exporting env vars: AIRFLOW_CTX_DAG_OWNER='Raja' AIRFLOW_CTX_DAG_ID='first_dag_02' AIRFLOW_CTX_TASK_ID='second_task' AIRFLOW_CTX_EXECUTION_DATE='2022-02-13T00:00:00+00:00' AIRFLOW_CTX_TRY_NUMBER='1' AIRFLOW_CTX_DAG_RUN_ID='scheduled__2022-02-13T00:00:00+00:00'
[2023-06-11T09:00:12.311+0000] {subprocess.py:63} INFO - Tmp dir root location: 
 /tmp
[2023-06-11T09:00:12.314+0000] {subprocess.py:75} INFO - Running command: ['/bin/bash', '-c', 'echo hey, I am task2 and will be running after task1!']
[2023-06-11T09:00:12.417+0000] {subprocess.py:86} INFO - Output:
[2023-06-11T09:00:12.420+0000] {subprocess.py:93} INFO - hey, I am task2 and will be running after task1!
[2023-06-11T09:00:12.421+0000] {subprocess.py:97} INFO - Command exited with return code 0
[2023-06-11T09:00:12.938+0000] {taskinstance.py:1350} INFO - Marking task as SUCCESS. dag_id=first_dag_02, task_id=second_task, execution_date=20220213T000000, start_date=20230611T090008, end_date=20230611T090012
[2023-06-11T09:00:13.235+0000] {local_task_job_runner.py:225} INFO - Task exited with return code 0
[2023-06-11T09:00:13.852+0000] {taskinstance.py:2651} INFO - 0 downstream tasks scheduled from follow-on schedule check
[2023-06-11T11:34:20.171+0000] {taskinstance.py:1103} INFO - Dependencies all met for dep_context=non-requeueable deps ti=<TaskInstance: first_dag_02.second_task scheduled__2022-02-13T00:00:00+00:00 [queued]>
[2023-06-11T11:34:20.672+0000] {taskinstance.py:1103} INFO - Dependencies all met for dep_context=requeueable deps ti=<TaskInstance: first_dag_02.second_task scheduled__2022-02-13T00:00:00+00:00 [queued]>
[2023-06-11T11:34:20.673+0000] {taskinstance.py:1308} INFO - Starting attempt 1 of 6
[2023-06-11T11:34:21.469+0000] {taskinstance.py:1327} INFO - Executing <Task(BashOperator): second_task> on 2022-02-13 00:00:00+00:00
[2023-06-11T11:34:21.485+0000] {standard_task_runner.py:57} INFO - Started process 619 to run task
[2023-06-11T11:34:21.517+0000] {standard_task_runner.py:84} INFO - Running: ['***', 'tasks', 'run', 'first_dag_02', 'second_task', 'scheduled__2022-02-13T00:00:00+00:00', '--job-id', '987', '--raw', '--subdir', 'DAGS_FOLDER/First_dag.py', '--cfg-path', '/tmp/tmpakj9lwvh']
[2023-06-11T11:34:21.519+0000] {standard_task_runner.py:85} INFO - Job 987: Subtask second_task
[2023-06-11T11:34:23.372+0000] {task_command.py:410} INFO - Running <TaskInstance: first_dag_02.second_task scheduled__2022-02-13T00:00:00+00:00 [running]> on host 7586ce0070ac
[2023-06-11T11:34:29.094+0000] {taskinstance.py:1547} INFO - Exporting env vars: AIRFLOW_CTX_DAG_OWNER='Raja' AIRFLOW_CTX_DAG_ID='first_dag_02' AIRFLOW_CTX_TASK_ID='second_task' AIRFLOW_CTX_EXECUTION_DATE='2022-02-13T00:00:00+00:00' AIRFLOW_CTX_TRY_NUMBER='1' AIRFLOW_CTX_DAG_RUN_ID='scheduled__2022-02-13T00:00:00+00:00'
[2023-06-11T11:34:29.114+0000] {subprocess.py:63} INFO - Tmp dir root location: 
 /tmp
[2023-06-11T11:34:29.116+0000] {subprocess.py:75} INFO - Running command: ['/bin/bash', '-c', 'echo hey, I am task2 and will be running after task1!']
[2023-06-11T11:34:29.562+0000] {subprocess.py:86} INFO - Output:
[2023-06-11T11:34:29.569+0000] {subprocess.py:93} INFO - hey, I am task2 and will be running after task1!
[2023-06-11T11:34:29.576+0000] {subprocess.py:97} INFO - Command exited with return code 0
[2023-06-11T11:34:29.882+0000] {taskinstance.py:1350} INFO - Marking task as SUCCESS. dag_id=first_dag_02, task_id=second_task, execution_date=20220213T000000, start_date=20230611T113420, end_date=20230611T113429
[2023-06-11T11:34:30.015+0000] {local_task_job_runner.py:225} INFO - Task exited with return code 0
[2023-06-11T11:34:30.852+0000] {taskinstance.py:2651} INFO - 0 downstream tasks scheduled from follow-on schedule check
