[2023-06-11T08:53:48.610+0000] {taskinstance.py:1103} INFO - Dependencies all met for dep_context=non-requeueable deps ti=<TaskInstance: first_dag_02.second_task scheduled__2021-11-04T00:00:00+00:00 [queued]>
[2023-06-11T08:53:48.967+0000] {taskinstance.py:1103} INFO - Dependencies all met for dep_context=requeueable deps ti=<TaskInstance: first_dag_02.second_task scheduled__2021-11-04T00:00:00+00:00 [queued]>
[2023-06-11T08:53:48.972+0000] {taskinstance.py:1308} INFO - Starting attempt 1 of 6
[2023-06-11T08:53:49.562+0000] {taskinstance.py:1327} INFO - Executing <Task(BashOperator): second_task> on 2021-11-04 00:00:00+00:00
[2023-06-11T08:53:49.663+0000] {standard_task_runner.py:57} INFO - Started process 1664 to run task
[2023-06-11T08:53:49.768+0000] {standard_task_runner.py:84} INFO - Running: ['***', 'tasks', 'run', 'first_dag_02', 'second_task', 'scheduled__2021-11-04T00:00:00+00:00', '--job-id', '516', '--raw', '--subdir', 'DAGS_FOLDER/First_dag.py', '--cfg-path', '/tmp/tmpky3v3fl0']
[2023-06-11T08:53:49.798+0000] {standard_task_runner.py:85} INFO - Job 516: Subtask second_task
[2023-06-11T08:53:50.730+0000] {task_command.py:410} INFO - Running <TaskInstance: first_dag_02.second_task scheduled__2021-11-04T00:00:00+00:00 [running]> on host 964e508aad03
[2023-06-11T08:53:53.654+0000] {taskinstance.py:1547} INFO - Exporting env vars: AIRFLOW_CTX_DAG_OWNER='Raja' AIRFLOW_CTX_DAG_ID='first_dag_02' AIRFLOW_CTX_TASK_ID='second_task' AIRFLOW_CTX_EXECUTION_DATE='2021-11-04T00:00:00+00:00' AIRFLOW_CTX_TRY_NUMBER='1' AIRFLOW_CTX_DAG_RUN_ID='scheduled__2021-11-04T00:00:00+00:00'
[2023-06-11T08:53:53.672+0000] {subprocess.py:63} INFO - Tmp dir root location: 
 /tmp
[2023-06-11T08:53:53.673+0000] {subprocess.py:75} INFO - Running command: ['/bin/bash', '-c', 'echo hey, I am task2 and will be running after task1!']
[2023-06-11T08:53:53.884+0000] {subprocess.py:86} INFO - Output:
[2023-06-11T08:53:53.969+0000] {subprocess.py:93} INFO - hey, I am task2 and will be running after task1!
[2023-06-11T08:53:53.970+0000] {subprocess.py:97} INFO - Command exited with return code 0
[2023-06-11T08:53:54.502+0000] {taskinstance.py:1350} INFO - Marking task as SUCCESS. dag_id=first_dag_02, task_id=second_task, execution_date=20211104T000000, start_date=20230611T085348, end_date=20230611T085354
[2023-06-11T08:53:55.574+0000] {local_task_job_runner.py:225} INFO - Task exited with return code 0
[2023-06-11T08:53:56.118+0000] {taskinstance.py:2651} INFO - 0 downstream tasks scheduled from follow-on schedule check
[2023-06-11T11:14:21.342+0000] {taskinstance.py:1103} INFO - Dependencies all met for dep_context=non-requeueable deps ti=<TaskInstance: first_dag_02.second_task scheduled__2021-11-04T00:00:00+00:00 [queued]>
[2023-06-11T11:14:21.812+0000] {taskinstance.py:1103} INFO - Dependencies all met for dep_context=requeueable deps ti=<TaskInstance: first_dag_02.second_task scheduled__2021-11-04T00:00:00+00:00 [queued]>
[2023-06-11T11:14:21.819+0000] {taskinstance.py:1308} INFO - Starting attempt 1 of 6
[2023-06-11T11:14:22.585+0000] {taskinstance.py:1327} INFO - Executing <Task(BashOperator): second_task> on 2021-11-04 00:00:00+00:00
[2023-06-11T11:14:22.882+0000] {standard_task_runner.py:57} INFO - Started process 165 to run task
[2023-06-11T11:14:22.950+0000] {standard_task_runner.py:84} INFO - Running: ['***', 'tasks', 'run', 'first_dag_02', 'second_task', 'scheduled__2021-11-04T00:00:00+00:00', '--job-id', '507', '--raw', '--subdir', 'DAGS_FOLDER/First_dag.py', '--cfg-path', '/tmp/tmpt2mb7og3']
[2023-06-11T11:14:22.957+0000] {standard_task_runner.py:85} INFO - Job 507: Subtask second_task
[2023-06-11T11:14:25.749+0000] {task_command.py:410} INFO - Running <TaskInstance: first_dag_02.second_task scheduled__2021-11-04T00:00:00+00:00 [running]> on host 7586ce0070ac
[2023-06-11T11:14:29.220+0000] {taskinstance.py:1547} INFO - Exporting env vars: AIRFLOW_CTX_DAG_OWNER='Raja' AIRFLOW_CTX_DAG_ID='first_dag_02' AIRFLOW_CTX_TASK_ID='second_task' AIRFLOW_CTX_EXECUTION_DATE='2021-11-04T00:00:00+00:00' AIRFLOW_CTX_TRY_NUMBER='1' AIRFLOW_CTX_DAG_RUN_ID='scheduled__2021-11-04T00:00:00+00:00'
[2023-06-11T11:14:29.224+0000] {subprocess.py:63} INFO - Tmp dir root location: 
 /tmp
[2023-06-11T11:14:29.227+0000] {subprocess.py:75} INFO - Running command: ['/bin/bash', '-c', 'echo hey, I am task2 and will be running after task1!']
[2023-06-11T11:14:29.254+0000] {subprocess.py:86} INFO - Output:
[2023-06-11T11:14:29.263+0000] {subprocess.py:93} INFO - hey, I am task2 and will be running after task1!
[2023-06-11T11:14:29.268+0000] {subprocess.py:97} INFO - Command exited with return code 0
[2023-06-11T11:14:30.107+0000] {taskinstance.py:1350} INFO - Marking task as SUCCESS. dag_id=first_dag_02, task_id=second_task, execution_date=20211104T000000, start_date=20230611T111421, end_date=20230611T111430
[2023-06-11T11:14:30.658+0000] {local_task_job_runner.py:225} INFO - Task exited with return code 0
[2023-06-11T11:14:31.899+0000] {taskinstance.py:2651} INFO - 0 downstream tasks scheduled from follow-on schedule check
