[2023-06-11T09:46:51.375+0000] {taskinstance.py:1103} INFO - Dependencies all met for dep_context=non-requeueable deps ti=<TaskInstance: dag_cron_expression_03.task1 scheduled__2022-03-05T03:00:00+00:00 [queued]>
[2023-06-11T09:46:51.526+0000] {taskinstance.py:1103} INFO - Dependencies all met for dep_context=requeueable deps ti=<TaskInstance: dag_cron_expression_03.task1 scheduled__2022-03-05T03:00:00+00:00 [queued]>
[2023-06-11T09:46:51.526+0000] {taskinstance.py:1308} INFO - Starting attempt 1 of 6
[2023-06-11T09:46:51.859+0000] {taskinstance.py:1327} INFO - Executing <Task(BashOperator): task1> on 2022-03-05 03:00:00+00:00
[2023-06-11T09:46:51.902+0000] {standard_task_runner.py:57} INFO - Started process 4968 to run task
[2023-06-11T09:46:51.959+0000] {standard_task_runner.py:84} INFO - Running: ['***', 'tasks', 'run', 'dag_cron_expression_03', 'task1', 'scheduled__2022-03-05T03:00:00+00:00', '--job-id', '1527', '--raw', '--subdir', 'DAGS_FOLDER/dag_corn.py', '--cfg-path', '/tmp/tmp4s26hsor']
[2023-06-11T09:46:51.961+0000] {standard_task_runner.py:85} INFO - Job 1527: Subtask task1
[2023-06-11T09:46:52.598+0000] {task_command.py:410} INFO - Running <TaskInstance: dag_cron_expression_03.task1 scheduled__2022-03-05T03:00:00+00:00 [running]> on host 964e508aad03
[2023-06-11T09:46:53.997+0000] {taskinstance.py:1547} INFO - Exporting env vars: AIRFLOW_CTX_DAG_OWNER='Raja' AIRFLOW_CTX_DAG_ID='dag_cron_expression_03' AIRFLOW_CTX_TASK_ID='task1' AIRFLOW_CTX_EXECUTION_DATE='2022-03-05T03:00:00+00:00' AIRFLOW_CTX_TRY_NUMBER='1' AIRFLOW_CTX_DAG_RUN_ID='scheduled__2022-03-05T03:00:00+00:00'
[2023-06-11T09:46:53.999+0000] {subprocess.py:63} INFO - Tmp dir root location: 
 /tmp
[2023-06-11T09:46:54.000+0000] {subprocess.py:75} INFO - Running command: ['/bin/bash', '-c', 'echo dag with cron expression!']
[2023-06-11T09:46:54.116+0000] {subprocess.py:86} INFO - Output:
[2023-06-11T09:46:54.157+0000] {subprocess.py:93} INFO - dag with cron expression!
[2023-06-11T09:46:54.168+0000] {subprocess.py:97} INFO - Command exited with return code 0
[2023-06-11T09:46:54.365+0000] {taskinstance.py:1350} INFO - Marking task as SUCCESS. dag_id=dag_cron_expression_03, task_id=task1, execution_date=20220305T030000, start_date=20230611T094651, end_date=20230611T094654
[2023-06-11T09:46:54.678+0000] {local_task_job_runner.py:225} INFO - Task exited with return code 0
[2023-06-11T09:46:55.064+0000] {taskinstance.py:2651} INFO - 0 downstream tasks scheduled from follow-on schedule check
[2023-06-11T10:58:13.813+0000] {taskinstance.py:1103} INFO - Dependencies all met for dep_context=non-requeueable deps ti=<TaskInstance: dag_cron_expression_03.task1 scheduled__2022-03-05T03:00:00+00:00 [queued]>
[2023-06-11T10:58:13.923+0000] {taskinstance.py:1103} INFO - Dependencies all met for dep_context=requeueable deps ti=<TaskInstance: dag_cron_expression_03.task1 scheduled__2022-03-05T03:00:00+00:00 [queued]>
[2023-06-11T10:58:13.927+0000] {taskinstance.py:1308} INFO - Starting attempt 1 of 6
[2023-06-11T10:58:14.435+0000] {taskinstance.py:1327} INFO - Executing <Task(BashOperator): task1> on 2022-03-05 03:00:00+00:00
[2023-06-11T10:58:14.443+0000] {standard_task_runner.py:57} INFO - Started process 1328 to run task
[2023-06-11T10:58:14.454+0000] {standard_task_runner.py:84} INFO - Running: ['***', 'tasks', 'run', 'dag_cron_expression_03', 'task1', 'scheduled__2022-03-05T03:00:00+00:00', '--job-id', '366', '--raw', '--subdir', 'DAGS_FOLDER/dag_cron.py', '--cfg-path', '/tmp/tmpua9m_mum']
[2023-06-11T10:58:14.455+0000] {standard_task_runner.py:85} INFO - Job 366: Subtask task1
[2023-06-11T10:58:15.186+0000] {task_command.py:410} INFO - Running <TaskInstance: dag_cron_expression_03.task1 scheduled__2022-03-05T03:00:00+00:00 [running]> on host 7586ce0070ac
[2023-06-11T10:58:18.501+0000] {taskinstance.py:1547} INFO - Exporting env vars: AIRFLOW_CTX_DAG_OWNER='Raja' AIRFLOW_CTX_DAG_ID='dag_cron_expression_03' AIRFLOW_CTX_TASK_ID='task1' AIRFLOW_CTX_EXECUTION_DATE='2022-03-05T03:00:00+00:00' AIRFLOW_CTX_TRY_NUMBER='1' AIRFLOW_CTX_DAG_RUN_ID='scheduled__2022-03-05T03:00:00+00:00'
[2023-06-11T10:58:18.508+0000] {subprocess.py:63} INFO - Tmp dir root location: 
 /tmp
[2023-06-11T10:58:18.512+0000] {subprocess.py:75} INFO - Running command: ['/bin/bash', '-c', 'echo dag with cron expression!']
[2023-06-11T10:58:18.698+0000] {subprocess.py:86} INFO - Output:
[2023-06-11T10:58:18.711+0000] {subprocess.py:93} INFO - dag with cron expression!
[2023-06-11T10:58:18.712+0000] {subprocess.py:97} INFO - Command exited with return code 0
[2023-06-11T10:58:18.896+0000] {taskinstance.py:1350} INFO - Marking task as SUCCESS. dag_id=dag_cron_expression_03, task_id=task1, execution_date=20220305T030000, start_date=20230611T105813, end_date=20230611T105818
[2023-06-11T10:58:19.590+0000] {local_task_job_runner.py:225} INFO - Task exited with return code 0
[2023-06-11T10:58:19.755+0000] {taskinstance.py:2651} INFO - 0 downstream tasks scheduled from follow-on schedule check
