[2023-06-11T08:57:57.531+0000] {taskinstance.py:1103} INFO - Dependencies all met for dep_context=non-requeueable deps ti=<TaskInstance: first_dag_02.thrid_task scheduled__2022-01-08T00:00:00+00:00 [queued]>
[2023-06-11T08:57:57.807+0000] {taskinstance.py:1103} INFO - Dependencies all met for dep_context=requeueable deps ti=<TaskInstance: first_dag_02.thrid_task scheduled__2022-01-08T00:00:00+00:00 [queued]>
[2023-06-11T08:57:57.808+0000] {taskinstance.py:1308} INFO - Starting attempt 1 of 6
[2023-06-11T08:57:58.180+0000] {taskinstance.py:1327} INFO - Executing <Task(BashOperator): thrid_task> on 2022-01-08 00:00:00+00:00
[2023-06-11T08:57:58.226+0000] {standard_task_runner.py:57} INFO - Started process 2595 to run task
[2023-06-11T08:57:58.271+0000] {standard_task_runner.py:84} INFO - Running: ['***', 'tasks', 'run', 'first_dag_02', 'thrid_task', 'scheduled__2022-01-08T00:00:00+00:00', '--job-id', '809', '--raw', '--subdir', 'DAGS_FOLDER/First_dag.py', '--cfg-path', '/tmp/tmplool_r5n']
[2023-06-11T08:57:58.287+0000] {standard_task_runner.py:85} INFO - Job 809: Subtask thrid_task
[2023-06-11T08:57:59.195+0000] {task_command.py:410} INFO - Running <TaskInstance: first_dag_02.thrid_task scheduled__2022-01-08T00:00:00+00:00 [running]> on host 964e508aad03
[2023-06-11T08:58:01.410+0000] {taskinstance.py:1547} INFO - Exporting env vars: AIRFLOW_CTX_DAG_OWNER='Raja' AIRFLOW_CTX_DAG_ID='first_dag_02' AIRFLOW_CTX_TASK_ID='thrid_task' AIRFLOW_CTX_EXECUTION_DATE='2022-01-08T00:00:00+00:00' AIRFLOW_CTX_TRY_NUMBER='1' AIRFLOW_CTX_DAG_RUN_ID='scheduled__2022-01-08T00:00:00+00:00'
[2023-06-11T08:58:01.414+0000] {subprocess.py:63} INFO - Tmp dir root location: 
 /tmp
[2023-06-11T08:58:01.414+0000] {subprocess.py:75} INFO - Running command: ['/bin/bash', '-c', 'echo hey, I am task3 and will be running after task1 at the same time as task2!']
[2023-06-11T08:58:01.482+0000] {subprocess.py:86} INFO - Output:
[2023-06-11T08:58:01.485+0000] {subprocess.py:93} INFO - hey, I am task3 and will be running after task1 at the same time as task2!
[2023-06-11T08:58:01.486+0000] {subprocess.py:97} INFO - Command exited with return code 0
[2023-06-11T08:58:01.736+0000] {taskinstance.py:1350} INFO - Marking task as SUCCESS. dag_id=first_dag_02, task_id=thrid_task, execution_date=20220108T000000, start_date=20230611T085757, end_date=20230611T085801
[2023-06-11T08:58:02.156+0000] {local_task_job_runner.py:225} INFO - Task exited with return code 0
[2023-06-11T08:58:02.401+0000] {taskinstance.py:2651} INFO - 0 downstream tasks scheduled from follow-on schedule check
[2023-06-11T11:29:08.508+0000] {taskinstance.py:1103} INFO - Dependencies all met for dep_context=non-requeueable deps ti=<TaskInstance: first_dag_02.thrid_task scheduled__2022-01-08T00:00:00+00:00 [queued]>
[2023-06-11T11:29:09.059+0000] {taskinstance.py:1103} INFO - Dependencies all met for dep_context=requeueable deps ti=<TaskInstance: first_dag_02.thrid_task scheduled__2022-01-08T00:00:00+00:00 [queued]>
[2023-06-11T11:29:09.059+0000] {taskinstance.py:1308} INFO - Starting attempt 1 of 6
[2023-06-11T11:29:09.807+0000] {taskinstance.py:1327} INFO - Executing <Task(BashOperator): thrid_task> on 2022-01-08 00:00:00+00:00
[2023-06-11T11:29:09.882+0000] {standard_task_runner.py:57} INFO - Started process 127 to run task
[2023-06-11T11:29:10.172+0000] {standard_task_runner.py:84} INFO - Running: ['***', 'tasks', 'run', 'first_dag_02', 'thrid_task', 'scheduled__2022-01-08T00:00:00+00:00', '--job-id', '849', '--raw', '--subdir', 'DAGS_FOLDER/First_dag.py', '--cfg-path', '/tmp/tmpjn12jfp5']
[2023-06-11T11:29:10.173+0000] {standard_task_runner.py:85} INFO - Job 849: Subtask thrid_task
[2023-06-11T11:29:11.027+0000] {task_command.py:410} INFO - Running <TaskInstance: first_dag_02.thrid_task scheduled__2022-01-08T00:00:00+00:00 [running]> on host 7586ce0070ac
[2023-06-11T11:29:13.407+0000] {taskinstance.py:1547} INFO - Exporting env vars: AIRFLOW_CTX_DAG_OWNER='Raja' AIRFLOW_CTX_DAG_ID='first_dag_02' AIRFLOW_CTX_TASK_ID='thrid_task' AIRFLOW_CTX_EXECUTION_DATE='2022-01-08T00:00:00+00:00' AIRFLOW_CTX_TRY_NUMBER='1' AIRFLOW_CTX_DAG_RUN_ID='scheduled__2022-01-08T00:00:00+00:00'
[2023-06-11T11:29:13.426+0000] {subprocess.py:63} INFO - Tmp dir root location: 
 /tmp
[2023-06-11T11:29:13.428+0000] {subprocess.py:75} INFO - Running command: ['/bin/bash', '-c', 'echo hey, I am task3 and will be running after task1 at the same time as task2!']
[2023-06-11T11:29:13.611+0000] {subprocess.py:86} INFO - Output:
[2023-06-11T11:29:13.618+0000] {subprocess.py:93} INFO - hey, I am task3 and will be running after task1 at the same time as task2!
[2023-06-11T11:29:13.620+0000] {subprocess.py:97} INFO - Command exited with return code 0
[2023-06-11T11:29:14.681+0000] {taskinstance.py:1350} INFO - Marking task as SUCCESS. dag_id=first_dag_02, task_id=thrid_task, execution_date=20220108T000000, start_date=20230611T112908, end_date=20230611T112914
[2023-06-11T11:29:15.484+0000] {local_task_job_runner.py:225} INFO - Task exited with return code 0
[2023-06-11T11:29:16.521+0000] {taskinstance.py:2651} INFO - 0 downstream tasks scheduled from follow-on schedule check
