[2023-06-11T04:50:35.037+0000] {taskinstance.py:1103} INFO - Dependencies all met for dep_context=non-requeueable deps ti=<TaskInstance: dag_pythonoperator_00.fourth_task scheduled__2023-06-02T00:00:00+00:00 [queued]>
[2023-06-11T04:50:37.251+0000] {taskinstance.py:1103} INFO - Dependencies all met for dep_context=requeueable deps ti=<TaskInstance: dag_pythonoperator_00.fourth_task scheduled__2023-06-02T00:00:00+00:00 [queued]>
[2023-06-11T04:50:37.252+0000] {taskinstance.py:1308} INFO - Starting attempt 1 of 6
[2023-06-11T04:50:38.899+0000] {taskinstance.py:1327} INFO - Executing <Task(PythonOperator): fourth_task> on 2023-06-02 00:00:00+00:00
[2023-06-11T04:50:39.232+0000] {standard_task_runner.py:57} INFO - Started process 819 to run task
[2023-06-11T04:50:39.690+0000] {standard_task_runner.py:84} INFO - Running: ['***', 'tasks', 'run', 'dag_pythonoperator_00', 'fourth_task', 'scheduled__2023-06-02T00:00:00+00:00', '--job-id', '238', '--raw', '--subdir', 'DAGS_FOLDER/python_operator_dag.py', '--cfg-path', '/tmp/tmp2bo7z_se']
[2023-06-11T04:50:39.690+0000] {standard_task_runner.py:85} INFO - Job 238: Subtask fourth_task
[2023-06-11T04:50:42.562+0000] {task_command.py:410} INFO - Running <TaskInstance: dag_pythonoperator_00.fourth_task scheduled__2023-06-02T00:00:00+00:00 [running]> on host 4b1b5d40d165
[2023-06-11T04:50:47.541+0000] {taskinstance.py:1547} INFO - Exporting env vars: AIRFLOW_CTX_DAG_OWNER='Raja' AIRFLOW_CTX_DAG_ID='dag_pythonoperator_00' AIRFLOW_CTX_TASK_ID='fourth_task' AIRFLOW_CTX_EXECUTION_DATE='2023-06-02T00:00:00+00:00' AIRFLOW_CTX_TRY_NUMBER='1' AIRFLOW_CTX_DAG_RUN_ID='scheduled__2023-06-02T00:00:00+00:00'
[2023-06-11T04:50:49.372+0000] {python.py:183} INFO - Done. Returned value was: None
[2023-06-11T04:50:49.903+0000] {taskinstance.py:1350} INFO - Marking task as SUCCESS. dag_id=dag_pythonoperator_00, task_id=fourth_task, execution_date=20230602T000000, start_date=20230611T045035, end_date=20230611T045049
[2023-06-11T04:50:52.202+0000] {local_task_job_runner.py:225} INFO - Task exited with return code 0
[2023-06-11T04:50:52.831+0000] {taskinstance.py:2651} INFO - 1 downstream tasks scheduled from follow-on schedule check
[2023-06-11T05:21:39.743+0000] {taskinstance.py:1103} INFO - Dependencies all met for dep_context=non-requeueable deps ti=<TaskInstance: dag_pythonoperator_00.fourth_task scheduled__2023-06-02T00:00:00+00:00 [queued]>
[2023-06-11T05:21:40.158+0000] {taskinstance.py:1103} INFO - Dependencies all met for dep_context=requeueable deps ti=<TaskInstance: dag_pythonoperator_00.fourth_task scheduled__2023-06-02T00:00:00+00:00 [queued]>
[2023-06-11T05:21:40.158+0000] {taskinstance.py:1308} INFO - Starting attempt 1 of 6
[2023-06-11T05:21:40.578+0000] {taskinstance.py:1327} INFO - Executing <Task(PythonOperator): fourth_task> on 2023-06-02 00:00:00+00:00
[2023-06-11T05:21:40.756+0000] {standard_task_runner.py:57} INFO - Started process 878 to run task
[2023-06-11T05:21:40.911+0000] {standard_task_runner.py:84} INFO - Running: ['***', 'tasks', 'run', 'dag_pythonoperator_00', 'fourth_task', 'scheduled__2023-06-02T00:00:00+00:00', '--job-id', '249', '--raw', '--subdir', 'DAGS_FOLDER/python_operator_dag.py', '--cfg-path', '/tmp/tmpo1rfwuhs']
[2023-06-11T05:21:40.915+0000] {standard_task_runner.py:85} INFO - Job 249: Subtask fourth_task
[2023-06-11T05:21:41.719+0000] {task_command.py:410} INFO - Running <TaskInstance: dag_pythonoperator_00.fourth_task scheduled__2023-06-02T00:00:00+00:00 [running]> on host 69e374580eab
[2023-06-11T05:21:44.058+0000] {taskinstance.py:1547} INFO - Exporting env vars: AIRFLOW_CTX_DAG_OWNER='Raja' AIRFLOW_CTX_DAG_ID='dag_pythonoperator_00' AIRFLOW_CTX_TASK_ID='fourth_task' AIRFLOW_CTX_EXECUTION_DATE='2023-06-02T00:00:00+00:00' AIRFLOW_CTX_TRY_NUMBER='1' AIRFLOW_CTX_DAG_RUN_ID='scheduled__2023-06-02T00:00:00+00:00'
[2023-06-11T05:21:45.147+0000] {python.py:183} INFO - Done. Returned value was: None
[2023-06-11T05:21:45.433+0000] {taskinstance.py:1350} INFO - Marking task as SUCCESS. dag_id=dag_pythonoperator_00, task_id=fourth_task, execution_date=20230602T000000, start_date=20230611T052139, end_date=20230611T052145
[2023-06-11T05:21:47.495+0000] {local_task_job_runner.py:225} INFO - Task exited with return code 0
[2023-06-11T05:21:49.176+0000] {taskinstance.py:2651} INFO - 1 downstream tasks scheduled from follow-on schedule check
