[2023-06-11T09:00:36.392+0000] {taskinstance.py:1103} INFO - Dependencies all met for dep_context=non-requeueable deps ti=<TaskInstance: first_dag_02.thrid_task scheduled__2022-02-24T00:00:00+00:00 [queued]>
[2023-06-11T09:00:36.593+0000] {taskinstance.py:1103} INFO - Dependencies all met for dep_context=requeueable deps ti=<TaskInstance: first_dag_02.thrid_task scheduled__2022-02-24T00:00:00+00:00 [queued]>
[2023-06-11T09:00:36.600+0000] {taskinstance.py:1308} INFO - Starting attempt 1 of 6
[2023-06-11T09:00:37.035+0000] {taskinstance.py:1327} INFO - Executing <Task(BashOperator): thrid_task> on 2022-02-24 00:00:00+00:00
[2023-06-11T09:00:37.108+0000] {standard_task_runner.py:57} INFO - Started process 3212 to run task
[2023-06-11T09:00:37.153+0000] {standard_task_runner.py:84} INFO - Running: ['***', 'tasks', 'run', 'first_dag_02', 'thrid_task', 'scheduled__2022-02-24T00:00:00+00:00', '--job-id', '1003', '--raw', '--subdir', 'DAGS_FOLDER/First_dag.py', '--cfg-path', '/tmp/tmpa5z25bv7']
[2023-06-11T09:00:37.163+0000] {standard_task_runner.py:85} INFO - Job 1003: Subtask thrid_task
[2023-06-11T09:00:37.756+0000] {task_command.py:410} INFO - Running <TaskInstance: first_dag_02.thrid_task scheduled__2022-02-24T00:00:00+00:00 [running]> on host 964e508aad03
[2023-06-11T09:00:39.489+0000] {taskinstance.py:1547} INFO - Exporting env vars: AIRFLOW_CTX_DAG_OWNER='Raja' AIRFLOW_CTX_DAG_ID='first_dag_02' AIRFLOW_CTX_TASK_ID='thrid_task' AIRFLOW_CTX_EXECUTION_DATE='2022-02-24T00:00:00+00:00' AIRFLOW_CTX_TRY_NUMBER='1' AIRFLOW_CTX_DAG_RUN_ID='scheduled__2022-02-24T00:00:00+00:00'
[2023-06-11T09:00:39.491+0000] {subprocess.py:63} INFO - Tmp dir root location: 
 /tmp
[2023-06-11T09:00:39.493+0000] {subprocess.py:75} INFO - Running command: ['/bin/bash', '-c', 'echo hey, I am task3 and will be running after task1 at the same time as task2!']
[2023-06-11T09:00:39.621+0000] {subprocess.py:86} INFO - Output:
[2023-06-11T09:00:39.653+0000] {subprocess.py:93} INFO - hey, I am task3 and will be running after task1 at the same time as task2!
[2023-06-11T09:00:39.654+0000] {subprocess.py:97} INFO - Command exited with return code 0
[2023-06-11T09:00:39.923+0000] {taskinstance.py:1350} INFO - Marking task as SUCCESS. dag_id=first_dag_02, task_id=thrid_task, execution_date=20220224T000000, start_date=20230611T090036, end_date=20230611T090039
[2023-06-11T09:00:40.362+0000] {local_task_job_runner.py:225} INFO - Task exited with return code 0
[2023-06-11T09:00:40.681+0000] {taskinstance.py:2651} INFO - 0 downstream tasks scheduled from follow-on schedule check
[2023-06-11T11:35:40.796+0000] {taskinstance.py:1103} INFO - Dependencies all met for dep_context=non-requeueable deps ti=<TaskInstance: first_dag_02.thrid_task scheduled__2022-02-24T00:00:00+00:00 [queued]>
[2023-06-11T11:35:41.232+0000] {taskinstance.py:1103} INFO - Dependencies all met for dep_context=requeueable deps ti=<TaskInstance: first_dag_02.thrid_task scheduled__2022-02-24T00:00:00+00:00 [queued]>
[2023-06-11T11:35:41.234+0000] {taskinstance.py:1308} INFO - Starting attempt 1 of 6
[2023-06-11T11:35:41.560+0000] {taskinstance.py:1327} INFO - Executing <Task(BashOperator): thrid_task> on 2022-02-24 00:00:00+00:00
[2023-06-11T11:35:41.589+0000] {standard_task_runner.py:57} INFO - Started process 738 to run task
[2023-06-11T11:35:41.615+0000] {standard_task_runner.py:84} INFO - Running: ['***', 'tasks', 'run', 'first_dag_02', 'thrid_task', 'scheduled__2022-02-24T00:00:00+00:00', '--job-id', '1024', '--raw', '--subdir', 'DAGS_FOLDER/First_dag.py', '--cfg-path', '/tmp/tmp7kg22dmp']
[2023-06-11T11:35:41.617+0000] {standard_task_runner.py:85} INFO - Job 1024: Subtask thrid_task
[2023-06-11T11:35:44.397+0000] {task_command.py:410} INFO - Running <TaskInstance: first_dag_02.thrid_task scheduled__2022-02-24T00:00:00+00:00 [running]> on host 7586ce0070ac
[2023-06-11T11:35:49.315+0000] {taskinstance.py:1547} INFO - Exporting env vars: AIRFLOW_CTX_DAG_OWNER='Raja' AIRFLOW_CTX_DAG_ID='first_dag_02' AIRFLOW_CTX_TASK_ID='thrid_task' AIRFLOW_CTX_EXECUTION_DATE='2022-02-24T00:00:00+00:00' AIRFLOW_CTX_TRY_NUMBER='1' AIRFLOW_CTX_DAG_RUN_ID='scheduled__2022-02-24T00:00:00+00:00'
[2023-06-11T11:35:49.372+0000] {subprocess.py:63} INFO - Tmp dir root location: 
 /tmp
[2023-06-11T11:35:49.373+0000] {subprocess.py:75} INFO - Running command: ['/bin/bash', '-c', 'echo hey, I am task3 and will be running after task1 at the same time as task2!']
[2023-06-11T11:35:49.450+0000] {subprocess.py:86} INFO - Output:
[2023-06-11T11:35:49.475+0000] {subprocess.py:93} INFO - hey, I am task3 and will be running after task1 at the same time as task2!
[2023-06-11T11:35:49.481+0000] {subprocess.py:97} INFO - Command exited with return code 0
[2023-06-11T11:35:50.428+0000] {taskinstance.py:1350} INFO - Marking task as SUCCESS. dag_id=first_dag_02, task_id=thrid_task, execution_date=20220224T000000, start_date=20230611T113540, end_date=20230611T113550
[2023-06-11T11:35:50.682+0000] {local_task_job_runner.py:225} INFO - Task exited with return code 0
[2023-06-11T11:35:51.485+0000] {taskinstance.py:2651} INFO - 0 downstream tasks scheduled from follow-on schedule check
