[2023-06-11T06:15:25.954+0000] {taskinstance.py:1103} INFO - Dependencies all met for dep_context=non-requeueable deps ti=<TaskInstance: dag_pythonoperator_18.get_name scheduled__2023-06-07T00:00:00+00:00 [queued]>
[2023-06-11T06:15:26.253+0000] {taskinstance.py:1103} INFO - Dependencies all met for dep_context=requeueable deps ti=<TaskInstance: dag_pythonoperator_18.get_name scheduled__2023-06-07T00:00:00+00:00 [queued]>
[2023-06-11T06:15:26.254+0000] {taskinstance.py:1308} INFO - Starting attempt 1 of 6
[2023-06-11T06:15:26.555+0000] {taskinstance.py:1327} INFO - Executing <Task(PythonOperator): get_name> on 2023-06-07 00:00:00+00:00
[2023-06-11T06:15:26.585+0000] {standard_task_runner.py:57} INFO - Started process 541 to run task
[2023-06-11T06:15:26.629+0000] {standard_task_runner.py:84} INFO - Running: ['***', 'tasks', 'run', 'dag_pythonoperator_18', 'get_name', 'scheduled__2023-06-07T00:00:00+00:00', '--job-id', '701', '--raw', '--subdir', 'DAGS_FOLDER/python_operator_dag.py', '--cfg-path', '/tmp/tmpozwlkh17']
[2023-06-11T06:15:26.646+0000] {standard_task_runner.py:85} INFO - Job 701: Subtask get_name
[2023-06-11T06:15:27.535+0000] {task_command.py:410} INFO - Running <TaskInstance: dag_pythonoperator_18.get_name scheduled__2023-06-07T00:00:00+00:00 [running]> on host 69e374580eab
[2023-06-11T06:15:29.702+0000] {taskinstance.py:1547} INFO - Exporting env vars: AIRFLOW_CTX_DAG_OWNER='Raja' AIRFLOW_CTX_DAG_ID='dag_pythonoperator_18' AIRFLOW_CTX_TASK_ID='get_name' AIRFLOW_CTX_EXECUTION_DATE='2023-06-07T00:00:00+00:00' AIRFLOW_CTX_TRY_NUMBER='1' AIRFLOW_CTX_DAG_RUN_ID='scheduled__2023-06-07T00:00:00+00:00'
[2023-06-11T06:15:29.847+0000] {python.py:183} INFO - Done. Returned value was: None
[2023-06-11T06:15:29.922+0000] {taskinstance.py:1350} INFO - Marking task as SUCCESS. dag_id=dag_pythonoperator_18, task_id=get_name, execution_date=20230607T000000, start_date=20230611T061526, end_date=20230611T061529
[2023-06-11T06:15:30.012+0000] {local_task_job_runner.py:225} INFO - Task exited with return code 0
[2023-06-11T06:15:30.614+0000] {taskinstance.py:2651} INFO - 1 downstream tasks scheduled from follow-on schedule check
[2023-06-11T08:15:35.725+0000] {taskinstance.py:1103} INFO - Dependencies all met for dep_context=non-requeueable deps ti=<TaskInstance: dag_pythonoperator_18.get_name scheduled__2023-06-07T00:00:00+00:00 [queued]>
[2023-06-11T08:15:35.828+0000] {taskinstance.py:1103} INFO - Dependencies all met for dep_context=requeueable deps ti=<TaskInstance: dag_pythonoperator_18.get_name scheduled__2023-06-07T00:00:00+00:00 [queued]>
[2023-06-11T08:15:35.829+0000] {taskinstance.py:1308} INFO - Starting attempt 1 of 6
[2023-06-11T08:15:36.836+0000] {taskinstance.py:1327} INFO - Executing <Task(PythonOperator): get_name> on 2023-06-07 00:00:00+00:00
[2023-06-11T08:15:36.956+0000] {standard_task_runner.py:57} INFO - Started process 220 to run task
[2023-06-11T08:15:36.990+0000] {standard_task_runner.py:84} INFO - Running: ['***', 'tasks', 'run', 'dag_pythonoperator_18', 'get_name', 'scheduled__2023-06-07T00:00:00+00:00', '--job-id', '82', '--raw', '--subdir', 'DAGS_FOLDER/python_operator_dag.py', '--cfg-path', '/tmp/tmp1g_x9z7e']
[2023-06-11T08:15:36.992+0000] {standard_task_runner.py:85} INFO - Job 82: Subtask get_name
[2023-06-11T08:15:39.358+0000] {task_command.py:410} INFO - Running <TaskInstance: dag_pythonoperator_18.get_name scheduled__2023-06-07T00:00:00+00:00 [running]> on host 492037cdd057
[2023-06-11T08:15:43.767+0000] {taskinstance.py:1547} INFO - Exporting env vars: AIRFLOW_CTX_DAG_OWNER='Raja' AIRFLOW_CTX_DAG_ID='dag_pythonoperator_18' AIRFLOW_CTX_TASK_ID='get_name' AIRFLOW_CTX_EXECUTION_DATE='2023-06-07T00:00:00+00:00' AIRFLOW_CTX_TRY_NUMBER='1' AIRFLOW_CTX_DAG_RUN_ID='scheduled__2023-06-07T00:00:00+00:00'
[2023-06-11T08:15:44.095+0000] {python.py:183} INFO - Done. Returned value was: None
[2023-06-11T08:15:45.444+0000] {taskinstance.py:1350} INFO - Marking task as SUCCESS. dag_id=dag_pythonoperator_18, task_id=get_name, execution_date=20230607T000000, start_date=20230611T081535, end_date=20230611T081545
[2023-06-11T08:15:46.274+0000] {local_task_job_runner.py:225} INFO - Task exited with return code 0
[2023-06-11T08:15:48.040+0000] {taskinstance.py:2651} INFO - 0 downstream tasks scheduled from follow-on schedule check
[2023-06-11T08:47:19.009+0000] {taskinstance.py:1103} INFO - Dependencies all met for dep_context=non-requeueable deps ti=<TaskInstance: dag_pythonoperator_18.get_name scheduled__2023-06-07T00:00:00+00:00 [queued]>
[2023-06-11T08:47:19.281+0000] {taskinstance.py:1103} INFO - Dependencies all met for dep_context=requeueable deps ti=<TaskInstance: dag_pythonoperator_18.get_name scheduled__2023-06-07T00:00:00+00:00 [queued]>
[2023-06-11T08:47:19.288+0000] {taskinstance.py:1308} INFO - Starting attempt 1 of 6
[2023-06-11T08:47:19.650+0000] {taskinstance.py:1327} INFO - Executing <Task(PythonOperator): get_name> on 2023-06-07 00:00:00+00:00
[2023-06-11T08:47:19.701+0000] {standard_task_runner.py:57} INFO - Started process 213 to run task
[2023-06-11T08:47:19.728+0000] {standard_task_runner.py:84} INFO - Running: ['***', 'tasks', 'run', 'dag_pythonoperator_18', 'get_name', 'scheduled__2023-06-07T00:00:00+00:00', '--job-id', '53', '--raw', '--subdir', 'DAGS_FOLDER/python_operator_dag.py', '--cfg-path', '/tmp/tmpcld2jm09']
[2023-06-11T08:47:19.729+0000] {standard_task_runner.py:85} INFO - Job 53: Subtask get_name
[2023-06-11T08:47:20.634+0000] {task_command.py:410} INFO - Running <TaskInstance: dag_pythonoperator_18.get_name scheduled__2023-06-07T00:00:00+00:00 [running]> on host 964e508aad03
[2023-06-11T08:47:23.033+0000] {taskinstance.py:1547} INFO - Exporting env vars: AIRFLOW_CTX_DAG_OWNER='Raja' AIRFLOW_CTX_DAG_ID='dag_pythonoperator_18' AIRFLOW_CTX_TASK_ID='get_name' AIRFLOW_CTX_EXECUTION_DATE='2023-06-07T00:00:00+00:00' AIRFLOW_CTX_TRY_NUMBER='1' AIRFLOW_CTX_DAG_RUN_ID='scheduled__2023-06-07T00:00:00+00:00'
[2023-06-11T08:47:23.370+0000] {python.py:183} INFO - Done. Returned value was: None
[2023-06-11T08:47:23.747+0000] {taskinstance.py:1350} INFO - Marking task as SUCCESS. dag_id=dag_pythonoperator_18, task_id=get_name, execution_date=20230607T000000, start_date=20230611T084719, end_date=20230611T084723
[2023-06-11T08:47:24.085+0000] {local_task_job_runner.py:225} INFO - Task exited with return code 0
[2023-06-11T08:47:25.092+0000] {taskinstance.py:2651} INFO - 1 downstream tasks scheduled from follow-on schedule check
[2023-06-11T10:36:52.451+0000] {taskinstance.py:1103} INFO - Dependencies all met for dep_context=non-requeueable deps ti=<TaskInstance: dag_pythonoperator_18.get_name scheduled__2023-06-07T00:00:00+00:00 [queued]>
[2023-06-11T10:36:52.818+0000] {taskinstance.py:1103} INFO - Dependencies all met for dep_context=requeueable deps ti=<TaskInstance: dag_pythonoperator_18.get_name scheduled__2023-06-07T00:00:00+00:00 [queued]>
[2023-06-11T10:36:52.847+0000] {taskinstance.py:1308} INFO - Starting attempt 1 of 6
[2023-06-11T10:36:53.535+0000] {taskinstance.py:1327} INFO - Executing <Task(PythonOperator): get_name> on 2023-06-07 00:00:00+00:00
[2023-06-11T10:36:53.554+0000] {standard_task_runner.py:57} INFO - Started process 210 to run task
[2023-06-11T10:36:53.562+0000] {standard_task_runner.py:84} INFO - Running: ['***', 'tasks', 'run', 'dag_pythonoperator_18', 'get_name', 'scheduled__2023-06-07T00:00:00+00:00', '--job-id', '48', '--raw', '--subdir', 'DAGS_FOLDER/python_operator_dag.py', '--cfg-path', '/tmp/tmptapg_nrm']
[2023-06-11T10:36:53.565+0000] {standard_task_runner.py:85} INFO - Job 48: Subtask get_name
[2023-06-11T10:36:55.312+0000] {task_command.py:410} INFO - Running <TaskInstance: dag_pythonoperator_18.get_name scheduled__2023-06-07T00:00:00+00:00 [running]> on host 7586ce0070ac
[2023-06-11T10:36:59.340+0000] {taskinstance.py:1547} INFO - Exporting env vars: AIRFLOW_CTX_DAG_OWNER='Raja' AIRFLOW_CTX_DAG_ID='dag_pythonoperator_18' AIRFLOW_CTX_TASK_ID='get_name' AIRFLOW_CTX_EXECUTION_DATE='2023-06-07T00:00:00+00:00' AIRFLOW_CTX_TRY_NUMBER='1' AIRFLOW_CTX_DAG_RUN_ID='scheduled__2023-06-07T00:00:00+00:00'
[2023-06-11T10:36:59.802+0000] {python.py:183} INFO - Done. Returned value was: None
[2023-06-11T10:37:00.497+0000] {taskinstance.py:1350} INFO - Marking task as SUCCESS. dag_id=dag_pythonoperator_18, task_id=get_name, execution_date=20230607T000000, start_date=20230611T103652, end_date=20230611T103700
[2023-06-11T10:37:02.608+0000] {local_task_job_runner.py:225} INFO - Task exited with return code 0
[2023-06-11T10:37:04.816+0000] {taskinstance.py:2651} INFO - 0 downstream tasks scheduled from follow-on schedule check
[2023-06-12T03:34:10.460+0000] {taskinstance.py:1103} INFO - Dependencies all met for dep_context=non-requeueable deps ti=<TaskInstance: dag_pythonoperator_18.get_name scheduled__2023-06-07T00:00:00+00:00 [queued]>
[2023-06-12T03:34:10.668+0000] {taskinstance.py:1103} INFO - Dependencies all met for dep_context=requeueable deps ti=<TaskInstance: dag_pythonoperator_18.get_name scheduled__2023-06-07T00:00:00+00:00 [queued]>
[2023-06-12T03:34:10.676+0000] {taskinstance.py:1308} INFO - Starting attempt 1 of 6
[2023-06-12T03:34:11.092+0000] {taskinstance.py:1327} INFO - Executing <Task(PythonOperator): get_name> on 2023-06-07 00:00:00+00:00
[2023-06-12T03:34:11.206+0000] {standard_task_runner.py:57} INFO - Started process 256 to run task
[2023-06-12T03:34:11.612+0000] {standard_task_runner.py:84} INFO - Running: ['***', 'tasks', 'run', 'dag_pythonoperator_18', 'get_name', 'scheduled__2023-06-07T00:00:00+00:00', '--job-id', '60', '--raw', '--subdir', 'DAGS_FOLDER/python_operator_dag.py', '--cfg-path', '/tmp/tmp28tr7nmg']
[2023-06-12T03:34:11.619+0000] {standard_task_runner.py:85} INFO - Job 60: Subtask get_name
[2023-06-12T03:34:15.820+0000] {task_command.py:410} INFO - Running <TaskInstance: dag_pythonoperator_18.get_name scheduled__2023-06-07T00:00:00+00:00 [running]> on host 03cd9a7904e9
[2023-06-12T03:34:22.173+0000] {taskinstance.py:1547} INFO - Exporting env vars: AIRFLOW_CTX_DAG_OWNER='Raja' AIRFLOW_CTX_DAG_ID='dag_pythonoperator_18' AIRFLOW_CTX_TASK_ID='get_name' AIRFLOW_CTX_EXECUTION_DATE='2023-06-07T00:00:00+00:00' AIRFLOW_CTX_TRY_NUMBER='1' AIRFLOW_CTX_DAG_RUN_ID='scheduled__2023-06-07T00:00:00+00:00'
[2023-06-12T03:34:23.429+0000] {python.py:183} INFO - Done. Returned value was: None
[2023-06-12T03:34:24.330+0000] {taskinstance.py:1350} INFO - Marking task as SUCCESS. dag_id=dag_pythonoperator_18, task_id=get_name, execution_date=20230607T000000, start_date=20230612T033410, end_date=20230612T033424
[2023-06-12T03:34:25.047+0000] {local_task_job_runner.py:225} INFO - Task exited with return code 0
[2023-06-12T03:34:27.413+0000] {taskinstance.py:2651} INFO - 0 downstream tasks scheduled from follow-on schedule check
