[2023-06-11T09:40:49.822+0000] {taskinstance.py:1103} INFO - Dependencies all met for dep_context=non-requeueable deps ti=<TaskInstance: first_dag_02.thrid_task scheduled__2022-04-11T00:00:00+00:00 [queued]>
[2023-06-11T09:40:50.652+0000] {taskinstance.py:1103} INFO - Dependencies all met for dep_context=requeueable deps ti=<TaskInstance: first_dag_02.thrid_task scheduled__2022-04-11T00:00:00+00:00 [queued]>
[2023-06-11T09:40:50.653+0000] {taskinstance.py:1308} INFO - Starting attempt 1 of 6
[2023-06-11T09:40:51.777+0000] {taskinstance.py:1327} INFO - Executing <Task(BashOperator): thrid_task> on 2022-04-11 00:00:00+00:00
[2023-06-11T09:40:52.619+0000] {standard_task_runner.py:57} INFO - Started process 4007 to run task
[2023-06-11T09:40:53.023+0000] {standard_task_runner.py:84} INFO - Running: ['***', 'tasks', 'run', 'first_dag_02', 'thrid_task', 'scheduled__2022-04-11T00:00:00+00:00', '--job-id', '1239', '--raw', '--subdir', 'DAGS_FOLDER/First_dag.py', '--cfg-path', '/tmp/tmpdpt91v0i']
[2023-06-11T09:40:53.093+0000] {standard_task_runner.py:85} INFO - Job 1239: Subtask thrid_task
[2023-06-11T09:40:55.289+0000] {task_command.py:410} INFO - Running <TaskInstance: first_dag_02.thrid_task scheduled__2022-04-11T00:00:00+00:00 [running]> on host 964e508aad03
[2023-06-11T09:41:01.781+0000] {taskinstance.py:1547} INFO - Exporting env vars: AIRFLOW_CTX_DAG_OWNER='Raja' AIRFLOW_CTX_DAG_ID='first_dag_02' AIRFLOW_CTX_TASK_ID='thrid_task' AIRFLOW_CTX_EXECUTION_DATE='2022-04-11T00:00:00+00:00' AIRFLOW_CTX_TRY_NUMBER='1' AIRFLOW_CTX_DAG_RUN_ID='scheduled__2022-04-11T00:00:00+00:00'
[2023-06-11T09:41:01.811+0000] {subprocess.py:63} INFO - Tmp dir root location: 
 /tmp
[2023-06-11T09:41:01.825+0000] {subprocess.py:75} INFO - Running command: ['/bin/bash', '-c', 'echo hey, I am task3 and will be running after task1 at the same time as task2!']
[2023-06-11T09:41:01.845+0000] {subprocess.py:86} INFO - Output:
[2023-06-11T09:41:01.848+0000] {subprocess.py:93} INFO - hey, I am task3 and will be running after task1 at the same time as task2!
[2023-06-11T09:41:01.849+0000] {subprocess.py:97} INFO - Command exited with return code 0
[2023-06-11T09:41:02.059+0000] {taskinstance.py:1350} INFO - Marking task as SUCCESS. dag_id=first_dag_02, task_id=thrid_task, execution_date=20220411T000000, start_date=20230611T094049, end_date=20230611T094102
[2023-06-11T09:41:03.727+0000] {local_task_job_runner.py:225} INFO - Task exited with return code 0
[2023-06-11T09:41:04.394+0000] {taskinstance.py:2651} INFO - 0 downstream tasks scheduled from follow-on schedule check
[2023-06-11T15:28:32.076+0000] {taskinstance.py:1103} INFO - Dependencies all met for dep_context=non-requeueable deps ti=<TaskInstance: first_dag_02.thrid_task scheduled__2022-04-11T00:00:00+00:00 [queued]>
[2023-06-11T15:28:32.146+0000] {taskinstance.py:1103} INFO - Dependencies all met for dep_context=requeueable deps ti=<TaskInstance: first_dag_02.thrid_task scheduled__2022-04-11T00:00:00+00:00 [queued]>
[2023-06-11T15:28:32.147+0000] {taskinstance.py:1308} INFO - Starting attempt 1 of 6
[2023-06-11T15:28:32.218+0000] {taskinstance.py:1327} INFO - Executing <Task(BashOperator): thrid_task> on 2022-04-11 00:00:00+00:00
[2023-06-11T15:28:32.229+0000] {standard_task_runner.py:57} INFO - Started process 610 to run task
[2023-06-11T15:28:32.335+0000] {standard_task_runner.py:84} INFO - Running: ['***', 'tasks', 'run', 'first_dag_02', 'thrid_task', 'scheduled__2022-04-11T00:00:00+00:00', '--job-id', '1271', '--raw', '--subdir', 'DAGS_FOLDER/First_dag.py', '--cfg-path', '/tmp/tmpxso1p_it']
[2023-06-11T15:28:32.376+0000] {standard_task_runner.py:85} INFO - Job 1271: Subtask thrid_task
[2023-06-11T15:28:33.068+0000] {task_command.py:410} INFO - Running <TaskInstance: first_dag_02.thrid_task scheduled__2022-04-11T00:00:00+00:00 [running]> on host 7586ce0070ac
[2023-06-11T15:28:34.632+0000] {taskinstance.py:1547} INFO - Exporting env vars: AIRFLOW_CTX_DAG_OWNER='Raja' AIRFLOW_CTX_DAG_ID='first_dag_02' AIRFLOW_CTX_TASK_ID='thrid_task' AIRFLOW_CTX_EXECUTION_DATE='2022-04-11T00:00:00+00:00' AIRFLOW_CTX_TRY_NUMBER='1' AIRFLOW_CTX_DAG_RUN_ID='scheduled__2022-04-11T00:00:00+00:00'
[2023-06-11T15:28:34.636+0000] {subprocess.py:63} INFO - Tmp dir root location: 
 /tmp
[2023-06-11T15:28:34.637+0000] {subprocess.py:75} INFO - Running command: ['/bin/bash', '-c', 'echo hey, I am task3 and will be running after task1 at the same time as task2!']
[2023-06-11T15:28:34.772+0000] {subprocess.py:86} INFO - Output:
[2023-06-11T15:28:34.779+0000] {subprocess.py:93} INFO - hey, I am task3 and will be running after task1 at the same time as task2!
[2023-06-11T15:28:34.804+0000] {subprocess.py:97} INFO - Command exited with return code 0
[2023-06-11T15:28:35.206+0000] {taskinstance.py:1350} INFO - Marking task as SUCCESS. dag_id=first_dag_02, task_id=thrid_task, execution_date=20220411T000000, start_date=20230611T152832, end_date=20230611T152835
[2023-06-11T15:28:35.560+0000] {local_task_job_runner.py:225} INFO - Task exited with return code 0
[2023-06-11T15:28:36.042+0000] {taskinstance.py:2651} INFO - 0 downstream tasks scheduled from follow-on schedule check
