[2023-06-11T04:49:10.956+0000] {taskinstance.py:1103} INFO - Dependencies all met for dep_context=non-requeueable deps ti=<TaskInstance: first_dag_02.first_task scheduled__2021-09-22T00:00:00+00:00 [queued]>
[2023-06-11T04:49:11.611+0000] {taskinstance.py:1103} INFO - Dependencies all met for dep_context=requeueable deps ti=<TaskInstance: first_dag_02.first_task scheduled__2021-09-22T00:00:00+00:00 [queued]>
[2023-06-11T04:49:11.612+0000] {taskinstance.py:1308} INFO - Starting attempt 1 of 6
[2023-06-11T04:49:11.983+0000] {taskinstance.py:1327} INFO - Executing <Task(BashOperator): first_task> on 2021-09-22 00:00:00+00:00
[2023-06-11T04:49:12.019+0000] {standard_task_runner.py:57} INFO - Started process 694 to run task
[2023-06-11T04:49:12.041+0000] {standard_task_runner.py:84} INFO - Running: ['***', 'tasks', 'run', 'first_dag_02', 'first_task', 'scheduled__2021-09-22T00:00:00+00:00', '--job-id', '199', '--raw', '--subdir', 'DAGS_FOLDER/First_dag.py', '--cfg-path', '/tmp/tmpjjagnjv_']
[2023-06-11T04:49:12.055+0000] {standard_task_runner.py:85} INFO - Job 199: Subtask first_task
[2023-06-11T04:49:14.051+0000] {task_command.py:410} INFO - Running <TaskInstance: first_dag_02.first_task scheduled__2021-09-22T00:00:00+00:00 [running]> on host 4b1b5d40d165
[2023-06-11T04:49:24.393+0000] {taskinstance.py:1547} INFO - Exporting env vars: AIRFLOW_CTX_DAG_OWNER='Raja' AIRFLOW_CTX_DAG_ID='first_dag_02' AIRFLOW_CTX_TASK_ID='first_task' AIRFLOW_CTX_EXECUTION_DATE='2021-09-22T00:00:00+00:00' AIRFLOW_CTX_TRY_NUMBER='1' AIRFLOW_CTX_DAG_RUN_ID='scheduled__2021-09-22T00:00:00+00:00'
[2023-06-11T04:49:24.402+0000] {subprocess.py:63} INFO - Tmp dir root location: 
 /tmp
[2023-06-11T04:49:24.403+0000] {subprocess.py:75} INFO - Running command: ['/bin/bash', '-c', 'echo hello world, this is the first task!']
[2023-06-11T04:49:24.512+0000] {subprocess.py:86} INFO - Output:
[2023-06-11T04:49:24.593+0000] {subprocess.py:93} INFO - hello world, this is the first task!
[2023-06-11T04:49:24.753+0000] {subprocess.py:97} INFO - Command exited with return code 0
[2023-06-11T04:49:25.903+0000] {taskinstance.py:1350} INFO - Marking task as SUCCESS. dag_id=first_dag_02, task_id=first_task, execution_date=20210922T000000, start_date=20230611T044910, end_date=20230611T044925
[2023-06-11T04:49:28.158+0000] {local_task_job_runner.py:225} INFO - Task exited with return code 0
[2023-06-11T04:49:28.456+0000] {taskinstance.py:2651} INFO - 2 downstream tasks scheduled from follow-on schedule check
[2023-06-11T08:25:52.293+0000] {taskinstance.py:1103} INFO - Dependencies all met for dep_context=non-requeueable deps ti=<TaskInstance: first_dag_02.first_task scheduled__2021-09-22T00:00:00+00:00 [queued]>
[2023-06-11T08:25:52.575+0000] {taskinstance.py:1103} INFO - Dependencies all met for dep_context=requeueable deps ti=<TaskInstance: first_dag_02.first_task scheduled__2021-09-22T00:00:00+00:00 [queued]>
[2023-06-11T08:25:52.669+0000] {taskinstance.py:1308} INFO - Starting attempt 1 of 6
[2023-06-11T08:25:55.608+0000] {taskinstance.py:1327} INFO - Executing <Task(BashOperator): first_task> on 2021-09-22 00:00:00+00:00
[2023-06-11T08:25:56.078+0000] {standard_task_runner.py:57} INFO - Started process 1109 to run task
[2023-06-11T08:25:56.144+0000] {standard_task_runner.py:84} INFO - Running: ['***', 'tasks', 'run', 'first_dag_02', 'first_task', 'scheduled__2021-09-22T00:00:00+00:00', '--job-id', '343', '--raw', '--subdir', 'DAGS_FOLDER/First_dag.py', '--cfg-path', '/tmp/tmpsbyekg5c']
[2023-06-11T08:25:56.172+0000] {standard_task_runner.py:85} INFO - Job 343: Subtask first_task
[2023-06-11T08:25:58.409+0000] {task_command.py:410} INFO - Running <TaskInstance: first_dag_02.first_task scheduled__2021-09-22T00:00:00+00:00 [running]> on host 492037cdd057
[2023-06-11T08:26:10.118+0000] {taskinstance.py:1547} INFO - Exporting env vars: AIRFLOW_CTX_DAG_OWNER='Raja' AIRFLOW_CTX_DAG_ID='first_dag_02' AIRFLOW_CTX_TASK_ID='first_task' AIRFLOW_CTX_EXECUTION_DATE='2021-09-22T00:00:00+00:00' AIRFLOW_CTX_TRY_NUMBER='1' AIRFLOW_CTX_DAG_RUN_ID='scheduled__2021-09-22T00:00:00+00:00'
[2023-06-11T08:26:10.310+0000] {subprocess.py:63} INFO - Tmp dir root location: 
 /tmp
[2023-06-11T08:26:10.389+0000] {subprocess.py:75} INFO - Running command: ['/bin/bash', '-c', 'echo hello world, this is the first task!']
[2023-06-11T08:26:11.270+0000] {subprocess.py:86} INFO - Output:
[2023-06-11T08:26:13.058+0000] {subprocess.py:93} INFO - hello world, this is the first task!
[2023-06-11T08:26:13.112+0000] {subprocess.py:97} INFO - Command exited with return code 0
[2023-06-11T08:26:14.928+0000] {taskinstance.py:1350} INFO - Marking task as SUCCESS. dag_id=first_dag_02, task_id=first_task, execution_date=20210922T000000, start_date=20230611T082552, end_date=20230611T082614
[2023-06-11T08:26:16.357+0000] {local_task_job_runner.py:225} INFO - Task exited with return code 0
[2023-06-11T08:26:18.432+0000] {taskinstance.py:2651} INFO - 2 downstream tasks scheduled from follow-on schedule check
[2023-06-11T08:50:35.783+0000] {taskinstance.py:1103} INFO - Dependencies all met for dep_context=non-requeueable deps ti=<TaskInstance: first_dag_02.first_task scheduled__2021-09-22T00:00:00+00:00 [queued]>
[2023-06-11T08:50:36.085+0000] {taskinstance.py:1103} INFO - Dependencies all met for dep_context=requeueable deps ti=<TaskInstance: first_dag_02.first_task scheduled__2021-09-22T00:00:00+00:00 [queued]>
[2023-06-11T08:50:36.085+0000] {taskinstance.py:1308} INFO - Starting attempt 1 of 6
[2023-06-11T08:50:36.975+0000] {taskinstance.py:1327} INFO - Executing <Task(BashOperator): first_task> on 2021-09-22 00:00:00+00:00
[2023-06-11T08:50:37.071+0000] {standard_task_runner.py:57} INFO - Started process 925 to run task
[2023-06-11T08:50:37.146+0000] {standard_task_runner.py:84} INFO - Running: ['***', 'tasks', 'run', 'first_dag_02', 'first_task', 'scheduled__2021-09-22T00:00:00+00:00', '--job-id', '284', '--raw', '--subdir', 'DAGS_FOLDER/First_dag.py', '--cfg-path', '/tmp/tmplbz8ss62']
[2023-06-11T08:50:37.175+0000] {standard_task_runner.py:85} INFO - Job 284: Subtask first_task
[2023-06-11T08:50:38.054+0000] {task_command.py:410} INFO - Running <TaskInstance: first_dag_02.first_task scheduled__2021-09-22T00:00:00+00:00 [running]> on host 964e508aad03
[2023-06-11T08:50:40.586+0000] {taskinstance.py:1547} INFO - Exporting env vars: AIRFLOW_CTX_DAG_OWNER='Raja' AIRFLOW_CTX_DAG_ID='first_dag_02' AIRFLOW_CTX_TASK_ID='first_task' AIRFLOW_CTX_EXECUTION_DATE='2021-09-22T00:00:00+00:00' AIRFLOW_CTX_TRY_NUMBER='1' AIRFLOW_CTX_DAG_RUN_ID='scheduled__2021-09-22T00:00:00+00:00'
[2023-06-11T08:50:40.612+0000] {subprocess.py:63} INFO - Tmp dir root location: 
 /tmp
[2023-06-11T08:50:40.637+0000] {subprocess.py:75} INFO - Running command: ['/bin/bash', '-c', 'echo hello world, this is the first task!']
[2023-06-11T08:50:40.797+0000] {subprocess.py:86} INFO - Output:
[2023-06-11T08:50:40.800+0000] {subprocess.py:93} INFO - hello world, this is the first task!
[2023-06-11T08:50:40.804+0000] {subprocess.py:97} INFO - Command exited with return code 0
[2023-06-11T08:50:41.463+0000] {taskinstance.py:1350} INFO - Marking task as SUCCESS. dag_id=first_dag_02, task_id=first_task, execution_date=20210922T000000, start_date=20230611T085035, end_date=20230611T085041
[2023-06-11T08:50:41.733+0000] {local_task_job_runner.py:225} INFO - Task exited with return code 0
[2023-06-11T08:50:42.422+0000] {taskinstance.py:2651} INFO - 2 downstream tasks scheduled from follow-on schedule check
