[2023-06-11T06:15:39.866+0000] {taskinstance.py:1103} INFO - Dependencies all met for dep_context=non-requeueable deps ti=<TaskInstance: dag_pythonoperator_18.greet scheduled__2023-06-05T00:00:00+00:00 [queued]>
[2023-06-11T06:15:39.976+0000] {taskinstance.py:1103} INFO - Dependencies all met for dep_context=requeueable deps ti=<TaskInstance: dag_pythonoperator_18.greet scheduled__2023-06-05T00:00:00+00:00 [queued]>
[2023-06-11T06:15:39.986+0000] {taskinstance.py:1308} INFO - Starting attempt 1 of 6
[2023-06-11T06:15:40.145+0000] {taskinstance.py:1327} INFO - Executing <Task(PythonOperator): greet> on 2023-06-05 00:00:00+00:00
[2023-06-11T06:15:40.156+0000] {standard_task_runner.py:57} INFO - Started process 577 to run task
[2023-06-11T06:15:40.226+0000] {standard_task_runner.py:84} INFO - Running: ['***', 'tasks', 'run', 'dag_pythonoperator_18', 'greet', 'scheduled__2023-06-05T00:00:00+00:00', '--job-id', '715', '--raw', '--subdir', 'DAGS_FOLDER/python_operator_dag.py', '--cfg-path', '/tmp/tmpz34mlubi']
[2023-06-11T06:15:40.230+0000] {standard_task_runner.py:85} INFO - Job 715: Subtask greet
[2023-06-11T06:15:40.591+0000] {task_command.py:410} INFO - Running <TaskInstance: dag_pythonoperator_18.greet scheduled__2023-06-05T00:00:00+00:00 [running]> on host 69e374580eab
[2023-06-11T06:15:41.406+0000] {taskinstance.py:1547} INFO - Exporting env vars: AIRFLOW_CTX_DAG_OWNER='Raja' AIRFLOW_CTX_DAG_ID='dag_pythonoperator_18' AIRFLOW_CTX_TASK_ID='greet' AIRFLOW_CTX_EXECUTION_DATE='2023-06-05T00:00:00+00:00' AIRFLOW_CTX_TRY_NUMBER='1' AIRFLOW_CTX_DAG_RUN_ID='scheduled__2023-06-05T00:00:00+00:00'
[2023-06-11T06:15:41.551+0000] {logging_mixin.py:149} INFO - Hello World! My name is Raja sekhar, and I am 19 years old!
[2023-06-11T06:15:41.551+0000] {python.py:183} INFO - Done. Returned value was: None
[2023-06-11T06:15:41.628+0000] {taskinstance.py:1350} INFO - Marking task as SUCCESS. dag_id=dag_pythonoperator_18, task_id=greet, execution_date=20230605T000000, start_date=20230611T061539, end_date=20230611T061541
[2023-06-11T06:15:41.757+0000] {local_task_job_runner.py:225} INFO - Task exited with return code 0
[2023-06-11T06:15:41.854+0000] {taskinstance.py:2651} INFO - 0 downstream tasks scheduled from follow-on schedule check
[2023-06-11T08:25:08.010+0000] {taskinstance.py:1103} INFO - Dependencies all met for dep_context=non-requeueable deps ti=<TaskInstance: dag_pythonoperator_18.greet scheduled__2023-06-05T00:00:00+00:00 [queued]>
[2023-06-11T08:25:08.280+0000] {taskinstance.py:1103} INFO - Dependencies all met for dep_context=requeueable deps ti=<TaskInstance: dag_pythonoperator_18.greet scheduled__2023-06-05T00:00:00+00:00 [queued]>
[2023-06-11T08:25:08.280+0000] {taskinstance.py:1308} INFO - Starting attempt 1 of 6
[2023-06-11T08:25:09.139+0000] {taskinstance.py:1327} INFO - Executing <Task(PythonOperator): greet> on 2023-06-05 00:00:00+00:00
[2023-06-11T08:25:09.588+0000] {standard_task_runner.py:57} INFO - Started process 1042 to run task
[2023-06-11T08:25:09.764+0000] {standard_task_runner.py:84} INFO - Running: ['***', 'tasks', 'run', 'dag_pythonoperator_18', 'greet', 'scheduled__2023-06-05T00:00:00+00:00', '--job-id', '325', '--raw', '--subdir', 'DAGS_FOLDER/python_operator_dag.py', '--cfg-path', '/tmp/tmp9my_l9q8']
[2023-06-11T08:25:09.773+0000] {standard_task_runner.py:85} INFO - Job 325: Subtask greet
[2023-06-11T08:25:13.024+0000] {task_command.py:410} INFO - Running <TaskInstance: dag_pythonoperator_18.greet scheduled__2023-06-05T00:00:00+00:00 [running]> on host 492037cdd057
[2023-06-11T08:25:18.856+0000] {taskinstance.py:1547} INFO - Exporting env vars: AIRFLOW_CTX_DAG_OWNER='Raja' AIRFLOW_CTX_DAG_ID='dag_pythonoperator_18' AIRFLOW_CTX_TASK_ID='greet' AIRFLOW_CTX_EXECUTION_DATE='2023-06-05T00:00:00+00:00' AIRFLOW_CTX_TRY_NUMBER='1' AIRFLOW_CTX_DAG_RUN_ID='scheduled__2023-06-05T00:00:00+00:00'
[2023-06-11T08:25:20.076+0000] {logging_mixin.py:149} INFO - Hello World! My name is Raja sekhar, and I am 19 years old!
[2023-06-11T08:25:20.078+0000] {python.py:183} INFO - Done. Returned value was: None
[2023-06-11T08:25:20.364+0000] {taskinstance.py:1350} INFO - Marking task as SUCCESS. dag_id=dag_pythonoperator_18, task_id=greet, execution_date=20230605T000000, start_date=20230611T082508, end_date=20230611T082520
[2023-06-11T08:25:20.425+0000] {local_task_job_runner.py:225} INFO - Task exited with return code 0
[2023-06-11T08:25:21.073+0000] {taskinstance.py:2651} INFO - 0 downstream tasks scheduled from follow-on schedule check
[2023-06-11T08:48:15.757+0000] {taskinstance.py:1103} INFO - Dependencies all met for dep_context=non-requeueable deps ti=<TaskInstance: dag_pythonoperator_18.greet scheduled__2023-06-05T00:00:00+00:00 [queued]>
[2023-06-11T08:48:16.016+0000] {taskinstance.py:1103} INFO - Dependencies all met for dep_context=requeueable deps ti=<TaskInstance: dag_pythonoperator_18.greet scheduled__2023-06-05T00:00:00+00:00 [queued]>
[2023-06-11T08:48:16.026+0000] {taskinstance.py:1308} INFO - Starting attempt 1 of 6
[2023-06-11T08:48:16.684+0000] {taskinstance.py:1327} INFO - Executing <Task(PythonOperator): greet> on 2023-06-05 00:00:00+00:00
[2023-06-11T08:48:16.761+0000] {standard_task_runner.py:57} INFO - Started process 408 to run task
[2023-06-11T08:48:16.886+0000] {standard_task_runner.py:84} INFO - Running: ['***', 'tasks', 'run', 'dag_pythonoperator_18', 'greet', 'scheduled__2023-06-05T00:00:00+00:00', '--job-id', '119', '--raw', '--subdir', 'DAGS_FOLDER/python_operator_dag.py', '--cfg-path', '/tmp/tmp12rwt8kx']
[2023-06-11T08:48:16.887+0000] {standard_task_runner.py:85} INFO - Job 119: Subtask greet
[2023-06-11T08:48:17.827+0000] {task_command.py:410} INFO - Running <TaskInstance: dag_pythonoperator_18.greet scheduled__2023-06-05T00:00:00+00:00 [running]> on host 964e508aad03
[2023-06-11T08:48:19.740+0000] {taskinstance.py:1547} INFO - Exporting env vars: AIRFLOW_CTX_DAG_OWNER='Raja' AIRFLOW_CTX_DAG_ID='dag_pythonoperator_18' AIRFLOW_CTX_TASK_ID='greet' AIRFLOW_CTX_EXECUTION_DATE='2023-06-05T00:00:00+00:00' AIRFLOW_CTX_TRY_NUMBER='1' AIRFLOW_CTX_DAG_RUN_ID='scheduled__2023-06-05T00:00:00+00:00'
[2023-06-11T08:48:20.082+0000] {logging_mixin.py:149} INFO - Hello World! My name is Raja sekhar, and I am 19 years old!
[2023-06-11T08:48:20.082+0000] {python.py:183} INFO - Done. Returned value was: None
[2023-06-11T08:48:20.176+0000] {taskinstance.py:1350} INFO - Marking task as SUCCESS. dag_id=dag_pythonoperator_18, task_id=greet, execution_date=20230605T000000, start_date=20230611T084815, end_date=20230611T084820
[2023-06-11T08:48:20.580+0000] {local_task_job_runner.py:225} INFO - Task exited with return code 0
[2023-06-11T08:48:20.968+0000] {taskinstance.py:2651} INFO - 0 downstream tasks scheduled from follow-on schedule check
[2023-06-11T10:39:39.383+0000] {taskinstance.py:1103} INFO - Dependencies all met for dep_context=non-requeueable deps ti=<TaskInstance: dag_pythonoperator_18.greet scheduled__2023-06-05T00:00:00+00:00 [queued]>
[2023-06-11T10:39:40.172+0000] {taskinstance.py:1103} INFO - Dependencies all met for dep_context=requeueable deps ti=<TaskInstance: dag_pythonoperator_18.greet scheduled__2023-06-05T00:00:00+00:00 [queued]>
[2023-06-11T10:39:40.192+0000] {taskinstance.py:1308} INFO - Starting attempt 1 of 6
[2023-06-11T10:39:40.960+0000] {taskinstance.py:1327} INFO - Executing <Task(PythonOperator): greet> on 2023-06-05 00:00:00+00:00
[2023-06-11T10:39:41.386+0000] {standard_task_runner.py:57} INFO - Started process 477 to run task
[2023-06-11T10:39:41.640+0000] {standard_task_runner.py:84} INFO - Running: ['***', 'tasks', 'run', 'dag_pythonoperator_18', 'greet', 'scheduled__2023-06-05T00:00:00+00:00', '--job-id', '128', '--raw', '--subdir', 'DAGS_FOLDER/python_operator_dag.py', '--cfg-path', '/tmp/tmp173b_tva']
[2023-06-11T10:39:41.657+0000] {standard_task_runner.py:85} INFO - Job 128: Subtask greet
[2023-06-11T10:39:43.261+0000] {task_command.py:410} INFO - Running <TaskInstance: dag_pythonoperator_18.greet scheduled__2023-06-05T00:00:00+00:00 [running]> on host 7586ce0070ac
[2023-06-11T10:39:45.208+0000] {taskinstance.py:1547} INFO - Exporting env vars: AIRFLOW_CTX_DAG_OWNER='Raja' AIRFLOW_CTX_DAG_ID='dag_pythonoperator_18' AIRFLOW_CTX_TASK_ID='greet' AIRFLOW_CTX_EXECUTION_DATE='2023-06-05T00:00:00+00:00' AIRFLOW_CTX_TRY_NUMBER='1' AIRFLOW_CTX_DAG_RUN_ID='scheduled__2023-06-05T00:00:00+00:00'
[2023-06-11T10:39:45.992+0000] {logging_mixin.py:149} INFO - Hello World! My name is Raja sekhar, and I am 19 years old!
[2023-06-11T10:39:45.993+0000] {python.py:183} INFO - Done. Returned value was: None
[2023-06-11T10:39:46.473+0000] {taskinstance.py:1350} INFO - Marking task as SUCCESS. dag_id=dag_pythonoperator_18, task_id=greet, execution_date=20230605T000000, start_date=20230611T103939, end_date=20230611T103946
[2023-06-11T10:39:47.929+0000] {local_task_job_runner.py:225} INFO - Task exited with return code 0
[2023-06-11T10:39:48.444+0000] {taskinstance.py:2651} INFO - 0 downstream tasks scheduled from follow-on schedule check
