[2023-06-11T09:43:48.671+0000] {taskinstance.py:1103} INFO - Dependencies all met for dep_context=non-requeueable deps ti=<TaskInstance: dag_cron_expression_03.task1 scheduled__2021-12-10T03:00:00+00:00 [queued]>
[2023-06-11T09:43:49.060+0000] {taskinstance.py:1103} INFO - Dependencies all met for dep_context=requeueable deps ti=<TaskInstance: dag_cron_expression_03.task1 scheduled__2021-12-10T03:00:00+00:00 [queued]>
[2023-06-11T09:43:49.060+0000] {taskinstance.py:1308} INFO - Starting attempt 1 of 6
[2023-06-11T09:43:49.744+0000] {taskinstance.py:1327} INFO - Executing <Task(BashOperator): task1> on 2021-12-10 03:00:00+00:00
[2023-06-11T09:43:49.781+0000] {standard_task_runner.py:57} INFO - Started process 4363 to run task
[2023-06-11T09:43:49.836+0000] {standard_task_runner.py:84} INFO - Running: ['***', 'tasks', 'run', 'dag_cron_expression_03', 'task1', 'scheduled__2021-12-10T03:00:00+00:00', '--job-id', '1338', '--raw', '--subdir', 'DAGS_FOLDER/dag_corn.py', '--cfg-path', '/tmp/tmpar9dpt0k']
[2023-06-11T09:43:49.843+0000] {standard_task_runner.py:85} INFO - Job 1338: Subtask task1
[2023-06-11T09:43:50.373+0000] {task_command.py:410} INFO - Running <TaskInstance: dag_cron_expression_03.task1 scheduled__2021-12-10T03:00:00+00:00 [running]> on host 964e508aad03
[2023-06-11T09:43:51.538+0000] {taskinstance.py:1547} INFO - Exporting env vars: AIRFLOW_CTX_DAG_OWNER='Raja' AIRFLOW_CTX_DAG_ID='dag_cron_expression_03' AIRFLOW_CTX_TASK_ID='task1' AIRFLOW_CTX_EXECUTION_DATE='2021-12-10T03:00:00+00:00' AIRFLOW_CTX_TRY_NUMBER='1' AIRFLOW_CTX_DAG_RUN_ID='scheduled__2021-12-10T03:00:00+00:00'
[2023-06-11T09:43:51.543+0000] {subprocess.py:63} INFO - Tmp dir root location: 
 /tmp
[2023-06-11T09:43:51.544+0000] {subprocess.py:75} INFO - Running command: ['/bin/bash', '-c', 'echo dag with cron expression!']
[2023-06-11T09:43:51.626+0000] {subprocess.py:86} INFO - Output:
[2023-06-11T09:43:51.631+0000] {subprocess.py:93} INFO - dag with cron expression!
[2023-06-11T09:43:51.632+0000] {subprocess.py:97} INFO - Command exited with return code 0
[2023-06-11T09:43:51.799+0000] {taskinstance.py:1350} INFO - Marking task as SUCCESS. dag_id=dag_cron_expression_03, task_id=task1, execution_date=20211210T030000, start_date=20230611T094348, end_date=20230611T094351
[2023-06-11T09:43:51.960+0000] {local_task_job_runner.py:225} INFO - Task exited with return code 0
[2023-06-11T09:43:52.221+0000] {taskinstance.py:2651} INFO - 0 downstream tasks scheduled from follow-on schedule check
[2023-06-11T10:39:33.443+0000] {taskinstance.py:1103} INFO - Dependencies all met for dep_context=non-requeueable deps ti=<TaskInstance: dag_cron_expression_03.task1 scheduled__2021-12-10T03:00:00+00:00 [queued]>
[2023-06-11T10:39:33.848+0000] {taskinstance.py:1103} INFO - Dependencies all met for dep_context=requeueable deps ti=<TaskInstance: dag_cron_expression_03.task1 scheduled__2021-12-10T03:00:00+00:00 [queued]>
[2023-06-11T10:39:33.849+0000] {taskinstance.py:1308} INFO - Starting attempt 1 of 6
[2023-06-11T10:39:35.778+0000] {taskinstance.py:1327} INFO - Executing <Task(BashOperator): task1> on 2021-12-10 03:00:00+00:00
[2023-06-11T10:39:35.987+0000] {standard_task_runner.py:57} INFO - Started process 467 to run task
[2023-06-11T10:39:36.219+0000] {standard_task_runner.py:84} INFO - Running: ['***', 'tasks', 'run', 'dag_cron_expression_03', 'task1', 'scheduled__2021-12-10T03:00:00+00:00', '--job-id', '127', '--raw', '--subdir', 'DAGS_FOLDER/dag_corn.py', '--cfg-path', '/tmp/tmpombdt3mc']
[2023-06-11T10:39:36.220+0000] {standard_task_runner.py:85} INFO - Job 127: Subtask task1
[2023-06-11T10:39:37.813+0000] {task_command.py:410} INFO - Running <TaskInstance: dag_cron_expression_03.task1 scheduled__2021-12-10T03:00:00+00:00 [running]> on host 7586ce0070ac
[2023-06-11T10:39:41.659+0000] {taskinstance.py:1547} INFO - Exporting env vars: AIRFLOW_CTX_DAG_OWNER='Raja' AIRFLOW_CTX_DAG_ID='dag_cron_expression_03' AIRFLOW_CTX_TASK_ID='task1' AIRFLOW_CTX_EXECUTION_DATE='2021-12-10T03:00:00+00:00' AIRFLOW_CTX_TRY_NUMBER='1' AIRFLOW_CTX_DAG_RUN_ID='scheduled__2021-12-10T03:00:00+00:00'
[2023-06-11T10:39:41.662+0000] {subprocess.py:63} INFO - Tmp dir root location: 
 /tmp
[2023-06-11T10:39:41.663+0000] {subprocess.py:75} INFO - Running command: ['/bin/bash', '-c', 'echo dag with cron expression!']
[2023-06-11T10:39:41.915+0000] {subprocess.py:86} INFO - Output:
[2023-06-11T10:39:41.926+0000] {subprocess.py:93} INFO - dag with cron expression!
[2023-06-11T10:39:41.931+0000] {subprocess.py:97} INFO - Command exited with return code 0
[2023-06-11T10:39:42.149+0000] {taskinstance.py:1350} INFO - Marking task as SUCCESS. dag_id=dag_cron_expression_03, task_id=task1, execution_date=20211210T030000, start_date=20230611T103933, end_date=20230611T103942
[2023-06-11T10:39:42.257+0000] {local_task_job_runner.py:225} INFO - Task exited with return code 0
[2023-06-11T10:39:42.625+0000] {taskinstance.py:2651} INFO - 0 downstream tasks scheduled from follow-on schedule check
