[2023-06-11T08:58:46.964+0000] {taskinstance.py:1103} INFO - Dependencies all met for dep_context=non-requeueable deps ti=<TaskInstance: first_dag_02.second_task scheduled__2022-01-19T00:00:00+00:00 [queued]>
[2023-06-11T08:58:47.209+0000] {taskinstance.py:1103} INFO - Dependencies all met for dep_context=requeueable deps ti=<TaskInstance: first_dag_02.second_task scheduled__2022-01-19T00:00:00+00:00 [queued]>
[2023-06-11T08:58:47.210+0000] {taskinstance.py:1308} INFO - Starting attempt 1 of 6
[2023-06-11T08:58:47.492+0000] {taskinstance.py:1327} INFO - Executing <Task(BashOperator): second_task> on 2022-01-19 00:00:00+00:00
[2023-06-11T08:58:47.565+0000] {standard_task_runner.py:57} INFO - Started process 2787 to run task
[2023-06-11T08:58:47.624+0000] {standard_task_runner.py:84} INFO - Running: ['***', 'tasks', 'run', 'first_dag_02', 'second_task', 'scheduled__2022-01-19T00:00:00+00:00', '--job-id', '870', '--raw', '--subdir', 'DAGS_FOLDER/First_dag.py', '--cfg-path', '/tmp/tmppn0wacue']
[2023-06-11T08:58:47.638+0000] {standard_task_runner.py:85} INFO - Job 870: Subtask second_task
[2023-06-11T08:58:48.206+0000] {task_command.py:410} INFO - Running <TaskInstance: first_dag_02.second_task scheduled__2022-01-19T00:00:00+00:00 [running]> on host 964e508aad03
[2023-06-11T08:58:50.008+0000] {taskinstance.py:1547} INFO - Exporting env vars: AIRFLOW_CTX_DAG_OWNER='Raja' AIRFLOW_CTX_DAG_ID='first_dag_02' AIRFLOW_CTX_TASK_ID='second_task' AIRFLOW_CTX_EXECUTION_DATE='2022-01-19T00:00:00+00:00' AIRFLOW_CTX_TRY_NUMBER='1' AIRFLOW_CTX_DAG_RUN_ID='scheduled__2022-01-19T00:00:00+00:00'
[2023-06-11T08:58:50.009+0000] {subprocess.py:63} INFO - Tmp dir root location: 
 /tmp
[2023-06-11T08:58:50.010+0000] {subprocess.py:75} INFO - Running command: ['/bin/bash', '-c', 'echo hey, I am task2 and will be running after task1!']
[2023-06-11T08:58:50.135+0000] {subprocess.py:86} INFO - Output:
[2023-06-11T08:58:50.172+0000] {subprocess.py:93} INFO - hey, I am task2 and will be running after task1!
[2023-06-11T08:58:50.175+0000] {subprocess.py:97} INFO - Command exited with return code 0
[2023-06-11T08:58:50.490+0000] {taskinstance.py:1350} INFO - Marking task as SUCCESS. dag_id=first_dag_02, task_id=second_task, execution_date=20220119T000000, start_date=20230611T085847, end_date=20230611T085850
[2023-06-11T08:58:50.743+0000] {local_task_job_runner.py:225} INFO - Task exited with return code 0
[2023-06-11T08:58:50.886+0000] {taskinstance.py:2651} INFO - 0 downstream tasks scheduled from follow-on schedule check
[2023-06-11T11:30:42.897+0000] {taskinstance.py:1103} INFO - Dependencies all met for dep_context=non-requeueable deps ti=<TaskInstance: first_dag_02.second_task scheduled__2022-01-19T00:00:00+00:00 [queued]>
[2023-06-11T11:30:43.454+0000] {taskinstance.py:1103} INFO - Dependencies all met for dep_context=requeueable deps ti=<TaskInstance: first_dag_02.second_task scheduled__2022-01-19T00:00:00+00:00 [queued]>
[2023-06-11T11:30:43.462+0000] {taskinstance.py:1308} INFO - Starting attempt 1 of 6
[2023-06-11T11:30:44.051+0000] {taskinstance.py:1327} INFO - Executing <Task(BashOperator): second_task> on 2022-01-19 00:00:00+00:00
[2023-06-11T11:30:44.177+0000] {standard_task_runner.py:57} INFO - Started process 255 to run task
[2023-06-11T11:30:44.328+0000] {standard_task_runner.py:84} INFO - Running: ['***', 'tasks', 'run', 'first_dag_02', 'second_task', 'scheduled__2022-01-19T00:00:00+00:00', '--job-id', '883', '--raw', '--subdir', 'DAGS_FOLDER/First_dag.py', '--cfg-path', '/tmp/tmp31c6llyi']
[2023-06-11T11:30:44.329+0000] {standard_task_runner.py:85} INFO - Job 883: Subtask second_task
[2023-06-11T11:30:44.877+0000] {task_command.py:410} INFO - Running <TaskInstance: first_dag_02.second_task scheduled__2022-01-19T00:00:00+00:00 [running]> on host 7586ce0070ac
[2023-06-11T11:30:48.171+0000] {taskinstance.py:1547} INFO - Exporting env vars: AIRFLOW_CTX_DAG_OWNER='Raja' AIRFLOW_CTX_DAG_ID='first_dag_02' AIRFLOW_CTX_TASK_ID='second_task' AIRFLOW_CTX_EXECUTION_DATE='2022-01-19T00:00:00+00:00' AIRFLOW_CTX_TRY_NUMBER='1' AIRFLOW_CTX_DAG_RUN_ID='scheduled__2022-01-19T00:00:00+00:00'
[2023-06-11T11:30:48.174+0000] {subprocess.py:63} INFO - Tmp dir root location: 
 /tmp
[2023-06-11T11:30:48.229+0000] {subprocess.py:75} INFO - Running command: ['/bin/bash', '-c', 'echo hey, I am task2 and will be running after task1!']
[2023-06-11T11:30:48.652+0000] {subprocess.py:86} INFO - Output:
[2023-06-11T11:30:48.790+0000] {subprocess.py:93} INFO - hey, I am task2 and will be running after task1!
[2023-06-11T11:30:48.814+0000] {subprocess.py:97} INFO - Command exited with return code 0
[2023-06-11T11:30:49.504+0000] {taskinstance.py:1350} INFO - Marking task as SUCCESS. dag_id=first_dag_02, task_id=second_task, execution_date=20220119T000000, start_date=20230611T113042, end_date=20230611T113049
[2023-06-11T11:30:50.503+0000] {local_task_job_runner.py:225} INFO - Task exited with return code 0
[2023-06-11T11:30:50.997+0000] {taskinstance.py:2651} INFO - 0 downstream tasks scheduled from follow-on schedule check
