[2023-06-11T09:43:12.915+0000] {taskinstance.py:1103} INFO - Dependencies all met for dep_context=non-requeueable deps ti=<TaskInstance: first_dag_02.second_task scheduled__2022-04-25T00:00:00+00:00 [queued]>
[2023-06-11T09:43:13.221+0000] {taskinstance.py:1103} INFO - Dependencies all met for dep_context=requeueable deps ti=<TaskInstance: first_dag_02.second_task scheduled__2022-04-25T00:00:00+00:00 [queued]>
[2023-06-11T09:43:13.224+0000] {taskinstance.py:1308} INFO - Starting attempt 1 of 6
[2023-06-11T09:43:13.516+0000] {taskinstance.py:1327} INFO - Executing <Task(BashOperator): second_task> on 2022-04-25 00:00:00+00:00
[2023-06-11T09:43:13.725+0000] {standard_task_runner.py:57} INFO - Started process 4239 to run task
[2023-06-11T09:43:13.775+0000] {standard_task_runner.py:84} INFO - Running: ['***', 'tasks', 'run', 'first_dag_02', 'second_task', 'scheduled__2022-04-25T00:00:00+00:00', '--job-id', '1299', '--raw', '--subdir', 'DAGS_FOLDER/First_dag.py', '--cfg-path', '/tmp/tmpcxm6mo0l']
[2023-06-11T09:43:13.812+0000] {standard_task_runner.py:85} INFO - Job 1299: Subtask second_task
[2023-06-11T09:43:14.834+0000] {task_command.py:410} INFO - Running <TaskInstance: first_dag_02.second_task scheduled__2022-04-25T00:00:00+00:00 [running]> on host 964e508aad03
[2023-06-11T09:43:17.801+0000] {taskinstance.py:1547} INFO - Exporting env vars: AIRFLOW_CTX_DAG_OWNER='Raja' AIRFLOW_CTX_DAG_ID='first_dag_02' AIRFLOW_CTX_TASK_ID='second_task' AIRFLOW_CTX_EXECUTION_DATE='2022-04-25T00:00:00+00:00' AIRFLOW_CTX_TRY_NUMBER='1' AIRFLOW_CTX_DAG_RUN_ID='scheduled__2022-04-25T00:00:00+00:00'
[2023-06-11T09:43:17.846+0000] {subprocess.py:63} INFO - Tmp dir root location: 
 /tmp
[2023-06-11T09:43:17.854+0000] {subprocess.py:75} INFO - Running command: ['/bin/bash', '-c', 'echo hey, I am task2 and will be running after task1!']
[2023-06-11T09:43:18.016+0000] {subprocess.py:86} INFO - Output:
[2023-06-11T09:43:18.077+0000] {subprocess.py:93} INFO - hey, I am task2 and will be running after task1!
[2023-06-11T09:43:18.079+0000] {subprocess.py:97} INFO - Command exited with return code 0
[2023-06-11T09:43:18.644+0000] {taskinstance.py:1350} INFO - Marking task as SUCCESS. dag_id=first_dag_02, task_id=second_task, execution_date=20220425T000000, start_date=20230611T094312, end_date=20230611T094318
[2023-06-11T09:43:19.209+0000] {local_task_job_runner.py:225} INFO - Task exited with return code 0
[2023-06-11T09:43:20.049+0000] {taskinstance.py:2651} INFO - 0 downstream tasks scheduled from follow-on schedule check
[2023-06-11T15:29:50.535+0000] {taskinstance.py:1103} INFO - Dependencies all met for dep_context=non-requeueable deps ti=<TaskInstance: first_dag_02.second_task scheduled__2022-04-25T00:00:00+00:00 [queued]>
[2023-06-11T15:29:50.678+0000] {taskinstance.py:1103} INFO - Dependencies all met for dep_context=requeueable deps ti=<TaskInstance: first_dag_02.second_task scheduled__2022-04-25T00:00:00+00:00 [queued]>
[2023-06-11T15:29:50.678+0000] {taskinstance.py:1308} INFO - Starting attempt 1 of 6
[2023-06-11T15:29:50.800+0000] {taskinstance.py:1327} INFO - Executing <Task(BashOperator): second_task> on 2022-04-25 00:00:00+00:00
[2023-06-11T15:29:50.824+0000] {standard_task_runner.py:57} INFO - Started process 842 to run task
[2023-06-11T15:29:50.915+0000] {standard_task_runner.py:84} INFO - Running: ['***', 'tasks', 'run', 'first_dag_02', 'second_task', 'scheduled__2022-04-25T00:00:00+00:00', '--job-id', '1343', '--raw', '--subdir', 'DAGS_FOLDER/First_dag.py', '--cfg-path', '/tmp/tmpuvfmfd2t']
[2023-06-11T15:29:50.917+0000] {standard_task_runner.py:85} INFO - Job 1343: Subtask second_task
[2023-06-11T15:29:51.733+0000] {task_command.py:410} INFO - Running <TaskInstance: first_dag_02.second_task scheduled__2022-04-25T00:00:00+00:00 [running]> on host 7586ce0070ac
[2023-06-11T15:29:53.740+0000] {taskinstance.py:1547} INFO - Exporting env vars: AIRFLOW_CTX_DAG_OWNER='Raja' AIRFLOW_CTX_DAG_ID='first_dag_02' AIRFLOW_CTX_TASK_ID='second_task' AIRFLOW_CTX_EXECUTION_DATE='2022-04-25T00:00:00+00:00' AIRFLOW_CTX_TRY_NUMBER='1' AIRFLOW_CTX_DAG_RUN_ID='scheduled__2022-04-25T00:00:00+00:00'
[2023-06-11T15:29:53.742+0000] {subprocess.py:63} INFO - Tmp dir root location: 
 /tmp
[2023-06-11T15:29:53.742+0000] {subprocess.py:75} INFO - Running command: ['/bin/bash', '-c', 'echo hey, I am task2 and will be running after task1!']
[2023-06-11T15:29:54.071+0000] {subprocess.py:86} INFO - Output:
[2023-06-11T15:29:54.192+0000] {subprocess.py:93} INFO - hey, I am task2 and will be running after task1!
[2023-06-11T15:29:54.230+0000] {subprocess.py:97} INFO - Command exited with return code 0
[2023-06-11T15:29:54.580+0000] {taskinstance.py:1350} INFO - Marking task as SUCCESS. dag_id=first_dag_02, task_id=second_task, execution_date=20220425T000000, start_date=20230611T152950, end_date=20230611T152954
[2023-06-11T15:29:55.098+0000] {local_task_job_runner.py:225} INFO - Task exited with return code 0
[2023-06-11T15:29:55.693+0000] {taskinstance.py:2651} INFO - 0 downstream tasks scheduled from follow-on schedule check
