[2023-06-11T08:56:20.243+0000] {taskinstance.py:1103} INFO - Dependencies all met for dep_context=non-requeueable deps ti=<TaskInstance: first_dag_02.second_task scheduled__2021-12-13T00:00:00+00:00 [queued]>
[2023-06-11T08:56:20.380+0000] {taskinstance.py:1103} INFO - Dependencies all met for dep_context=requeueable deps ti=<TaskInstance: first_dag_02.second_task scheduled__2021-12-13T00:00:00+00:00 [queued]>
[2023-06-11T08:56:20.381+0000] {taskinstance.py:1308} INFO - Starting attempt 1 of 6
[2023-06-11T08:56:20.583+0000] {taskinstance.py:1327} INFO - Executing <Task(BashOperator): second_task> on 2021-12-13 00:00:00+00:00
[2023-06-11T08:56:20.676+0000] {standard_task_runner.py:84} INFO - Running: ['***', 'tasks', 'run', 'first_dag_02', 'second_task', 'scheduled__2021-12-13T00:00:00+00:00', '--job-id', '695', '--raw', '--subdir', 'DAGS_FOLDER/First_dag.py', '--cfg-path', '/tmp/tmpejderbyb']
[2023-06-11T08:56:20.683+0000] {standard_task_runner.py:85} INFO - Job 695: Subtask second_task
[2023-06-11T08:56:20.651+0000] {standard_task_runner.py:57} INFO - Started process 2239 to run task
[2023-06-11T08:56:21.174+0000] {task_command.py:410} INFO - Running <TaskInstance: first_dag_02.second_task scheduled__2021-12-13T00:00:00+00:00 [running]> on host 964e508aad03
[2023-06-11T08:56:23.499+0000] {taskinstance.py:1547} INFO - Exporting env vars: AIRFLOW_CTX_DAG_OWNER='Raja' AIRFLOW_CTX_DAG_ID='first_dag_02' AIRFLOW_CTX_TASK_ID='second_task' AIRFLOW_CTX_EXECUTION_DATE='2021-12-13T00:00:00+00:00' AIRFLOW_CTX_TRY_NUMBER='1' AIRFLOW_CTX_DAG_RUN_ID='scheduled__2021-12-13T00:00:00+00:00'
[2023-06-11T08:56:23.505+0000] {subprocess.py:63} INFO - Tmp dir root location: 
 /tmp
[2023-06-11T08:56:23.506+0000] {subprocess.py:75} INFO - Running command: ['/bin/bash', '-c', 'echo hey, I am task2 and will be running after task1!']
[2023-06-11T08:56:23.521+0000] {subprocess.py:86} INFO - Output:
[2023-06-11T08:56:23.524+0000] {subprocess.py:93} INFO - hey, I am task2 and will be running after task1!
[2023-06-11T08:56:23.525+0000] {subprocess.py:97} INFO - Command exited with return code 0
[2023-06-11T08:56:23.800+0000] {taskinstance.py:1350} INFO - Marking task as SUCCESS. dag_id=first_dag_02, task_id=second_task, execution_date=20211213T000000, start_date=20230611T085620, end_date=20230611T085623
[2023-06-11T08:56:24.241+0000] {local_task_job_runner.py:225} INFO - Task exited with return code 0
[2023-06-11T08:56:24.717+0000] {taskinstance.py:2651} INFO - 0 downstream tasks scheduled from follow-on schedule check
[2023-06-11T11:20:06.752+0000] {taskinstance.py:1103} INFO - Dependencies all met for dep_context=non-requeueable deps ti=<TaskInstance: first_dag_02.second_task scheduled__2021-12-13T00:00:00+00:00 [queued]>
[2023-06-11T11:20:06.885+0000] {taskinstance.py:1103} INFO - Dependencies all met for dep_context=requeueable deps ti=<TaskInstance: first_dag_02.second_task scheduled__2021-12-13T00:00:00+00:00 [queued]>
[2023-06-11T11:20:06.886+0000] {taskinstance.py:1308} INFO - Starting attempt 1 of 6
[2023-06-11T11:20:07.539+0000] {taskinstance.py:1327} INFO - Executing <Task(BashOperator): second_task> on 2021-12-13 00:00:00+00:00
[2023-06-11T11:20:07.832+0000] {standard_task_runner.py:57} INFO - Started process 875 to run task
[2023-06-11T11:20:07.974+0000] {standard_task_runner.py:84} INFO - Running: ['***', 'tasks', 'run', 'first_dag_02', 'second_task', 'scheduled__2021-12-13T00:00:00+00:00', '--job-id', '716', '--raw', '--subdir', 'DAGS_FOLDER/First_dag.py', '--cfg-path', '/tmp/tmpqad2x9t9']
[2023-06-11T11:20:07.975+0000] {standard_task_runner.py:85} INFO - Job 716: Subtask second_task
[2023-06-11T11:20:08.693+0000] {task_command.py:410} INFO - Running <TaskInstance: first_dag_02.second_task scheduled__2021-12-13T00:00:00+00:00 [running]> on host 7586ce0070ac
[2023-06-11T11:20:14.871+0000] {taskinstance.py:1547} INFO - Exporting env vars: AIRFLOW_CTX_DAG_OWNER='Raja' AIRFLOW_CTX_DAG_ID='first_dag_02' AIRFLOW_CTX_TASK_ID='second_task' AIRFLOW_CTX_EXECUTION_DATE='2021-12-13T00:00:00+00:00' AIRFLOW_CTX_TRY_NUMBER='1' AIRFLOW_CTX_DAG_RUN_ID='scheduled__2021-12-13T00:00:00+00:00'
[2023-06-11T11:20:14.873+0000] {subprocess.py:63} INFO - Tmp dir root location: 
 /tmp
[2023-06-11T11:20:14.920+0000] {subprocess.py:75} INFO - Running command: ['/bin/bash', '-c', 'echo hey, I am task2 and will be running after task1!']
[2023-06-11T11:20:15.296+0000] {subprocess.py:86} INFO - Output:
[2023-06-11T11:20:15.306+0000] {subprocess.py:93} INFO - hey, I am task2 and will be running after task1!
[2023-06-11T11:20:15.415+0000] {subprocess.py:97} INFO - Command exited with return code 0
[2023-06-11T11:20:16.912+0000] {taskinstance.py:1350} INFO - Marking task as SUCCESS. dag_id=first_dag_02, task_id=second_task, execution_date=20211213T000000, start_date=20230611T112006, end_date=20230611T112016
[2023-06-11T11:20:18.120+0000] {local_task_job_runner.py:225} INFO - Task exited with return code 0
[2023-06-11T11:20:18.704+0000] {taskinstance.py:2651} INFO - 0 downstream tasks scheduled from follow-on schedule check
