[2023-06-11T09:01:07.243+0000] {taskinstance.py:1103} INFO - Dependencies all met for dep_context=non-requeueable deps ti=<TaskInstance: first_dag_02.first_task scheduled__2022-03-06T00:00:00+00:00 [queued]>
[2023-06-11T09:01:09.391+0000] {taskinstance.py:1103} INFO - Dependencies all met for dep_context=requeueable deps ti=<TaskInstance: first_dag_02.first_task scheduled__2022-03-06T00:00:00+00:00 [queued]>
[2023-06-11T09:01:09.437+0000] {taskinstance.py:1308} INFO - Starting attempt 1 of 6
[2023-06-11T09:01:13.170+0000] {taskinstance.py:1327} INFO - Executing <Task(BashOperator): first_task> on 2022-03-06 00:00:00+00:00
[2023-06-11T09:01:13.491+0000] {standard_task_runner.py:57} INFO - Started process 3303 to run task
[2023-06-11T09:01:13.781+0000] {standard_task_runner.py:84} INFO - Running: ['***', 'tasks', 'run', 'first_dag_02', 'first_task', 'scheduled__2022-03-06T00:00:00+00:00', '--job-id', '1030', '--raw', '--subdir', 'DAGS_FOLDER/First_dag.py', '--cfg-path', '/tmp/tmp_l0862sv']
[2023-06-11T09:01:13.824+0000] {standard_task_runner.py:85} INFO - Job 1030: Subtask first_task
[2023-06-11T09:01:15.764+0000] {task_command.py:410} INFO - Running <TaskInstance: first_dag_02.first_task scheduled__2022-03-06T00:00:00+00:00 [running]> on host 964e508aad03
[2023-06-11T09:01:23.664+0000] {taskinstance.py:1547} INFO - Exporting env vars: AIRFLOW_CTX_DAG_OWNER='Raja' AIRFLOW_CTX_DAG_ID='first_dag_02' AIRFLOW_CTX_TASK_ID='first_task' AIRFLOW_CTX_EXECUTION_DATE='2022-03-06T00:00:00+00:00' AIRFLOW_CTX_TRY_NUMBER='1' AIRFLOW_CTX_DAG_RUN_ID='scheduled__2022-03-06T00:00:00+00:00'
[2023-06-11T09:01:23.668+0000] {subprocess.py:63} INFO - Tmp dir root location: 
 /tmp
[2023-06-11T09:01:23.709+0000] {subprocess.py:75} INFO - Running command: ['/bin/bash', '-c', 'echo hello world, this is the first task!']
[2023-06-11T09:01:24.103+0000] {subprocess.py:86} INFO - Output:
[2023-06-11T09:01:24.201+0000] {subprocess.py:93} INFO - hello world, this is the first task!
[2023-06-11T09:01:24.203+0000] {subprocess.py:97} INFO - Command exited with return code 0
[2023-06-11T09:01:25.089+0000] {taskinstance.py:1350} INFO - Marking task as SUCCESS. dag_id=first_dag_02, task_id=first_task, execution_date=20220306T000000, start_date=20230611T090107, end_date=20230611T090125
[2023-06-11T09:01:25.750+0000] {local_task_job_runner.py:225} INFO - Task exited with return code 0
[2023-06-11T09:01:26.656+0000] {taskinstance.py:2651} INFO - 2 downstream tasks scheduled from follow-on schedule check
[2023-06-11T11:36:53.276+0000] {taskinstance.py:1103} INFO - Dependencies all met for dep_context=non-requeueable deps ti=<TaskInstance: first_dag_02.first_task scheduled__2022-03-06T00:00:00+00:00 [queued]>
[2023-06-11T11:36:54.364+0000] {taskinstance.py:1103} INFO - Dependencies all met for dep_context=requeueable deps ti=<TaskInstance: first_dag_02.first_task scheduled__2022-03-06T00:00:00+00:00 [queued]>
[2023-06-11T11:36:54.365+0000] {taskinstance.py:1308} INFO - Starting attempt 1 of 6
[2023-06-11T11:36:56.893+0000] {taskinstance.py:1327} INFO - Executing <Task(BashOperator): first_task> on 2022-03-06 00:00:00+00:00
[2023-06-11T11:36:56.918+0000] {standard_task_runner.py:57} INFO - Started process 844 to run task
[2023-06-11T11:36:57.107+0000] {standard_task_runner.py:84} INFO - Running: ['***', 'tasks', 'run', 'first_dag_02', 'first_task', 'scheduled__2022-03-06T00:00:00+00:00', '--job-id', '1048', '--raw', '--subdir', 'DAGS_FOLDER/First_dag.py', '--cfg-path', '/tmp/tmp8htchjcq']
[2023-06-11T11:36:57.118+0000] {standard_task_runner.py:85} INFO - Job 1048: Subtask first_task
[2023-06-11T11:36:57.443+0000] {task_command.py:410} INFO - Running <TaskInstance: first_dag_02.first_task scheduled__2022-03-06T00:00:00+00:00 [running]> on host 7586ce0070ac
[2023-06-11T11:37:00.856+0000] {taskinstance.py:1547} INFO - Exporting env vars: AIRFLOW_CTX_DAG_OWNER='Raja' AIRFLOW_CTX_DAG_ID='first_dag_02' AIRFLOW_CTX_TASK_ID='first_task' AIRFLOW_CTX_EXECUTION_DATE='2022-03-06T00:00:00+00:00' AIRFLOW_CTX_TRY_NUMBER='1' AIRFLOW_CTX_DAG_RUN_ID='scheduled__2022-03-06T00:00:00+00:00'
[2023-06-11T11:37:00.960+0000] {subprocess.py:63} INFO - Tmp dir root location: 
 /tmp
[2023-06-11T11:37:00.961+0000] {subprocess.py:75} INFO - Running command: ['/bin/bash', '-c', 'echo hello world, this is the first task!']
[2023-06-11T11:37:01.327+0000] {subprocess.py:86} INFO - Output:
[2023-06-11T11:37:01.622+0000] {subprocess.py:93} INFO - hello world, this is the first task!
[2023-06-11T11:37:01.671+0000] {subprocess.py:97} INFO - Command exited with return code 0
[2023-06-11T11:37:02.661+0000] {taskinstance.py:1350} INFO - Marking task as SUCCESS. dag_id=first_dag_02, task_id=first_task, execution_date=20220306T000000, start_date=20230611T113653, end_date=20230611T113702
[2023-06-11T11:37:02.892+0000] {local_task_job_runner.py:225} INFO - Task exited with return code 0
[2023-06-11T11:37:03.500+0000] {taskinstance.py:2651} INFO - 2 downstream tasks scheduled from follow-on schedule check
