[2023-06-11T09:46:13.930+0000] {taskinstance.py:1103} INFO - Dependencies all met for dep_context=non-requeueable deps ti=<TaskInstance: first_dag_02.second_task scheduled__2022-05-31T00:00:00+00:00 [queued]>
[2023-06-11T09:46:14.000+0000] {taskinstance.py:1103} INFO - Dependencies all met for dep_context=requeueable deps ti=<TaskInstance: first_dag_02.second_task scheduled__2022-05-31T00:00:00+00:00 [queued]>
[2023-06-11T09:46:14.000+0000] {taskinstance.py:1308} INFO - Starting attempt 1 of 6
[2023-06-11T09:46:14.192+0000] {taskinstance.py:1327} INFO - Executing <Task(BashOperator): second_task> on 2022-05-31 00:00:00+00:00
[2023-06-11T09:46:14.231+0000] {standard_task_runner.py:57} INFO - Started process 4853 to run task
[2023-06-11T09:46:14.279+0000] {standard_task_runner.py:84} INFO - Running: ['***', 'tasks', 'run', 'first_dag_02', 'second_task', 'scheduled__2022-05-31T00:00:00+00:00', '--job-id', '1486', '--raw', '--subdir', 'DAGS_FOLDER/First_dag.py', '--cfg-path', '/tmp/tmpd0n4t5th']
[2023-06-11T09:46:14.280+0000] {standard_task_runner.py:85} INFO - Job 1486: Subtask second_task
[2023-06-11T09:46:14.904+0000] {task_command.py:410} INFO - Running <TaskInstance: first_dag_02.second_task scheduled__2022-05-31T00:00:00+00:00 [running]> on host 964e508aad03
[2023-06-11T09:46:16.403+0000] {taskinstance.py:1547} INFO - Exporting env vars: AIRFLOW_CTX_DAG_OWNER='Raja' AIRFLOW_CTX_DAG_ID='first_dag_02' AIRFLOW_CTX_TASK_ID='second_task' AIRFLOW_CTX_EXECUTION_DATE='2022-05-31T00:00:00+00:00' AIRFLOW_CTX_TRY_NUMBER='1' AIRFLOW_CTX_DAG_RUN_ID='scheduled__2022-05-31T00:00:00+00:00'
[2023-06-11T09:46:16.406+0000] {subprocess.py:63} INFO - Tmp dir root location: 
 /tmp
[2023-06-11T09:46:16.407+0000] {subprocess.py:75} INFO - Running command: ['/bin/bash', '-c', 'echo hey, I am task2 and will be running after task1!']
[2023-06-11T09:46:16.635+0000] {subprocess.py:86} INFO - Output:
[2023-06-11T09:46:16.680+0000] {subprocess.py:93} INFO - hey, I am task2 and will be running after task1!
[2023-06-11T09:46:16.681+0000] {subprocess.py:97} INFO - Command exited with return code 0
[2023-06-11T09:46:17.118+0000] {taskinstance.py:1350} INFO - Marking task as SUCCESS. dag_id=first_dag_02, task_id=second_task, execution_date=20220531T000000, start_date=20230611T094613, end_date=20230611T094617
[2023-06-11T09:46:17.372+0000] {local_task_job_runner.py:225} INFO - Task exited with return code 0
[2023-06-11T09:46:17.618+0000] {taskinstance.py:2651} INFO - 0 downstream tasks scheduled from follow-on schedule check
[2023-06-11T15:32:49.993+0000] {taskinstance.py:1103} INFO - Dependencies all met for dep_context=non-requeueable deps ti=<TaskInstance: first_dag_02.second_task scheduled__2022-05-31T00:00:00+00:00 [queued]>
[2023-06-11T15:32:50.102+0000] {taskinstance.py:1103} INFO - Dependencies all met for dep_context=requeueable deps ti=<TaskInstance: first_dag_02.second_task scheduled__2022-05-31T00:00:00+00:00 [queued]>
[2023-06-11T15:32:50.108+0000] {taskinstance.py:1308} INFO - Starting attempt 1 of 6
[2023-06-11T15:32:50.601+0000] {taskinstance.py:1327} INFO - Executing <Task(BashOperator): second_task> on 2022-05-31 00:00:00+00:00
[2023-06-11T15:32:50.657+0000] {standard_task_runner.py:57} INFO - Started process 1382 to run task
[2023-06-11T15:32:50.684+0000] {standard_task_runner.py:84} INFO - Running: ['***', 'tasks', 'run', 'first_dag_02', 'second_task', 'scheduled__2022-05-31T00:00:00+00:00', '--job-id', '1510', '--raw', '--subdir', 'DAGS_FOLDER/First_dag.py', '--cfg-path', '/tmp/tmpqjzmtfnt']
[2023-06-11T15:32:50.685+0000] {standard_task_runner.py:85} INFO - Job 1510: Subtask second_task
[2023-06-11T15:32:51.866+0000] {task_command.py:410} INFO - Running <TaskInstance: first_dag_02.second_task scheduled__2022-05-31T00:00:00+00:00 [running]> on host 7586ce0070ac
[2023-06-11T15:32:54.352+0000] {taskinstance.py:1547} INFO - Exporting env vars: AIRFLOW_CTX_DAG_OWNER='Raja' AIRFLOW_CTX_DAG_ID='first_dag_02' AIRFLOW_CTX_TASK_ID='second_task' AIRFLOW_CTX_EXECUTION_DATE='2022-05-31T00:00:00+00:00' AIRFLOW_CTX_TRY_NUMBER='1' AIRFLOW_CTX_DAG_RUN_ID='scheduled__2022-05-31T00:00:00+00:00'
[2023-06-11T15:32:54.378+0000] {subprocess.py:63} INFO - Tmp dir root location: 
 /tmp
[2023-06-11T15:32:54.378+0000] {subprocess.py:75} INFO - Running command: ['/bin/bash', '-c', 'echo hey, I am task2 and will be running after task1!']
[2023-06-11T15:32:54.538+0000] {subprocess.py:86} INFO - Output:
[2023-06-11T15:32:54.762+0000] {subprocess.py:93} INFO - hey, I am task2 and will be running after task1!
[2023-06-11T15:32:54.763+0000] {subprocess.py:97} INFO - Command exited with return code 0
[2023-06-11T15:32:55.917+0000] {taskinstance.py:1350} INFO - Marking task as SUCCESS. dag_id=first_dag_02, task_id=second_task, execution_date=20220531T000000, start_date=20230611T153250, end_date=20230611T153255
[2023-06-11T15:32:56.276+0000] {local_task_job_runner.py:225} INFO - Task exited with return code 0
[2023-06-11T15:32:56.550+0000] {taskinstance.py:2651} INFO - 0 downstream tasks scheduled from follow-on schedule check
