[2023-06-11T09:46:16.361+0000] {taskinstance.py:1103} INFO - Dependencies all met for dep_context=non-requeueable deps ti=<TaskInstance: first_dag_02.first_task scheduled__2022-06-11T00:00:00+00:00 [queued]>
[2023-06-11T09:46:16.837+0000] {taskinstance.py:1103} INFO - Dependencies all met for dep_context=requeueable deps ti=<TaskInstance: first_dag_02.first_task scheduled__2022-06-11T00:00:00+00:00 [queued]>
[2023-06-11T09:46:16.838+0000] {taskinstance.py:1308} INFO - Starting attempt 1 of 6
[2023-06-11T09:46:17.248+0000] {taskinstance.py:1327} INFO - Executing <Task(BashOperator): first_task> on 2022-06-11 00:00:00+00:00
[2023-06-11T09:46:17.345+0000] {standard_task_runner.py:57} INFO - Started process 4861 to run task
[2023-06-11T09:46:17.414+0000] {standard_task_runner.py:84} INFO - Running: ['***', 'tasks', 'run', 'first_dag_02', 'first_task', 'scheduled__2022-06-11T00:00:00+00:00', '--job-id', '1491', '--raw', '--subdir', 'DAGS_FOLDER/First_dag.py', '--cfg-path', '/tmp/tmpdqcvedma']
[2023-06-11T09:46:17.415+0000] {standard_task_runner.py:85} INFO - Job 1491: Subtask first_task
[2023-06-11T09:46:18.358+0000] {task_command.py:410} INFO - Running <TaskInstance: first_dag_02.first_task scheduled__2022-06-11T00:00:00+00:00 [running]> on host 964e508aad03
[2023-06-11T09:46:20.932+0000] {taskinstance.py:1547} INFO - Exporting env vars: AIRFLOW_CTX_DAG_OWNER='Raja' AIRFLOW_CTX_DAG_ID='first_dag_02' AIRFLOW_CTX_TASK_ID='first_task' AIRFLOW_CTX_EXECUTION_DATE='2022-06-11T00:00:00+00:00' AIRFLOW_CTX_TRY_NUMBER='1' AIRFLOW_CTX_DAG_RUN_ID='scheduled__2022-06-11T00:00:00+00:00'
[2023-06-11T09:46:20.958+0000] {subprocess.py:63} INFO - Tmp dir root location: 
 /tmp
[2023-06-11T09:46:20.959+0000] {subprocess.py:75} INFO - Running command: ['/bin/bash', '-c', 'echo hello world, this is the first task!']
[2023-06-11T09:46:21.342+0000] {subprocess.py:86} INFO - Output:
[2023-06-11T09:46:21.346+0000] {subprocess.py:93} INFO - hello world, this is the first task!
[2023-06-11T09:46:21.347+0000] {subprocess.py:97} INFO - Command exited with return code 0
[2023-06-11T09:46:21.717+0000] {taskinstance.py:1350} INFO - Marking task as SUCCESS. dag_id=first_dag_02, task_id=first_task, execution_date=20220611T000000, start_date=20230611T094616, end_date=20230611T094621
[2023-06-11T09:46:22.085+0000] {local_task_job_runner.py:225} INFO - Task exited with return code 0
[2023-06-11T09:46:22.588+0000] {taskinstance.py:2651} INFO - 2 downstream tasks scheduled from follow-on schedule check
[2023-06-11T15:33:16.770+0000] {taskinstance.py:1103} INFO - Dependencies all met for dep_context=non-requeueable deps ti=<TaskInstance: first_dag_02.first_task scheduled__2022-06-11T00:00:00+00:00 [queued]>
[2023-06-11T15:33:16.973+0000] {taskinstance.py:1103} INFO - Dependencies all met for dep_context=requeueable deps ti=<TaskInstance: first_dag_02.first_task scheduled__2022-06-11T00:00:00+00:00 [queued]>
[2023-06-11T15:33:16.974+0000] {taskinstance.py:1308} INFO - Starting attempt 1 of 6
[2023-06-11T15:33:17.721+0000] {taskinstance.py:1327} INFO - Executing <Task(BashOperator): first_task> on 2022-06-11 00:00:00+00:00
[2023-06-11T15:33:17.804+0000] {standard_task_runner.py:57} INFO - Started process 1470 to run task
[2023-06-11T15:33:17.855+0000] {standard_task_runner.py:84} INFO - Running: ['***', 'tasks', 'run', 'first_dag_02', 'first_task', 'scheduled__2022-06-11T00:00:00+00:00', '--job-id', '1537', '--raw', '--subdir', 'DAGS_FOLDER/First_dag.py', '--cfg-path', '/tmp/tmp_dzta5gr']
[2023-06-11T15:33:17.876+0000] {standard_task_runner.py:85} INFO - Job 1537: Subtask first_task
[2023-06-11T15:33:18.502+0000] {task_command.py:410} INFO - Running <TaskInstance: first_dag_02.first_task scheduled__2022-06-11T00:00:00+00:00 [running]> on host 7586ce0070ac
[2023-06-11T15:33:21.055+0000] {taskinstance.py:1547} INFO - Exporting env vars: AIRFLOW_CTX_DAG_OWNER='Raja' AIRFLOW_CTX_DAG_ID='first_dag_02' AIRFLOW_CTX_TASK_ID='first_task' AIRFLOW_CTX_EXECUTION_DATE='2022-06-11T00:00:00+00:00' AIRFLOW_CTX_TRY_NUMBER='1' AIRFLOW_CTX_DAG_RUN_ID='scheduled__2022-06-11T00:00:00+00:00'
[2023-06-11T15:33:21.060+0000] {subprocess.py:63} INFO - Tmp dir root location: 
 /tmp
[2023-06-11T15:33:21.061+0000] {subprocess.py:75} INFO - Running command: ['/bin/bash', '-c', 'echo hello world, this is the first task!']
[2023-06-11T15:33:21.127+0000] {subprocess.py:86} INFO - Output:
[2023-06-11T15:33:21.156+0000] {subprocess.py:93} INFO - hello world, this is the first task!
[2023-06-11T15:33:21.158+0000] {subprocess.py:97} INFO - Command exited with return code 0
[2023-06-11T15:33:21.518+0000] {taskinstance.py:1350} INFO - Marking task as SUCCESS. dag_id=first_dag_02, task_id=first_task, execution_date=20220611T000000, start_date=20230611T153316, end_date=20230611T153321
[2023-06-11T15:33:21.993+0000] {local_task_job_runner.py:225} INFO - Task exited with return code 0
[2023-06-11T15:33:22.307+0000] {taskinstance.py:2651} INFO - 2 downstream tasks scheduled from follow-on schedule check
