[2023-06-11T04:51:27.769+0000] {taskinstance.py:1103} INFO - Dependencies all met for dep_context=non-requeueable deps ti=<TaskInstance: dag_pythonoperator_00.fourth_task scheduled__2023-06-10T00:00:00+00:00 [queued]>
[2023-06-11T04:51:28.269+0000] {taskinstance.py:1103} INFO - Dependencies all met for dep_context=requeueable deps ti=<TaskInstance: dag_pythonoperator_00.fourth_task scheduled__2023-06-10T00:00:00+00:00 [queued]>
[2023-06-11T04:51:28.270+0000] {taskinstance.py:1308} INFO - Starting attempt 1 of 6
[2023-06-11T04:51:29.253+0000] {taskinstance.py:1327} INFO - Executing <Task(PythonOperator): fourth_task> on 2023-06-10 00:00:00+00:00
[2023-06-11T04:51:29.542+0000] {standard_task_runner.py:57} INFO - Started process 875 to run task
[2023-06-11T04:51:29.609+0000] {standard_task_runner.py:84} INFO - Running: ['***', 'tasks', 'run', 'dag_pythonoperator_00', 'fourth_task', 'scheduled__2023-06-10T00:00:00+00:00', '--job-id', '255', '--raw', '--subdir', 'DAGS_FOLDER/python_operator_dag.py', '--cfg-path', '/tmp/tmpqu5gbhx7']
[2023-06-11T04:51:29.610+0000] {standard_task_runner.py:85} INFO - Job 255: Subtask fourth_task
[2023-06-11T04:51:32.470+0000] {task_command.py:410} INFO - Running <TaskInstance: dag_pythonoperator_00.fourth_task scheduled__2023-06-10T00:00:00+00:00 [running]> on host 4b1b5d40d165
[2023-06-11T04:51:35.523+0000] {taskinstance.py:1547} INFO - Exporting env vars: AIRFLOW_CTX_DAG_OWNER='Raja' AIRFLOW_CTX_DAG_ID='dag_pythonoperator_00' AIRFLOW_CTX_TASK_ID='fourth_task' AIRFLOW_CTX_EXECUTION_DATE='2023-06-10T00:00:00+00:00' AIRFLOW_CTX_TRY_NUMBER='1' AIRFLOW_CTX_DAG_RUN_ID='scheduled__2023-06-10T00:00:00+00:00'
[2023-06-11T04:51:36.165+0000] {python.py:183} INFO - Done. Returned value was: None
[2023-06-11T04:51:37.119+0000] {taskinstance.py:1350} INFO - Marking task as SUCCESS. dag_id=dag_pythonoperator_00, task_id=fourth_task, execution_date=20230610T000000, start_date=20230611T045127, end_date=20230611T045137
[2023-06-11T04:51:38.406+0000] {local_task_job_runner.py:225} INFO - Task exited with return code 0
[2023-06-11T04:51:39.576+0000] {taskinstance.py:2651} INFO - 1 downstream tasks scheduled from follow-on schedule check
[2023-06-11T05:21:57.987+0000] {taskinstance.py:1103} INFO - Dependencies all met for dep_context=non-requeueable deps ti=<TaskInstance: dag_pythonoperator_00.fourth_task scheduled__2023-06-10T00:00:00+00:00 [queued]>
[2023-06-11T05:21:58.180+0000] {taskinstance.py:1103} INFO - Dependencies all met for dep_context=requeueable deps ti=<TaskInstance: dag_pythonoperator_00.fourth_task scheduled__2023-06-10T00:00:00+00:00 [queued]>
[2023-06-11T05:21:58.180+0000] {taskinstance.py:1308} INFO - Starting attempt 1 of 6
[2023-06-11T05:21:59.688+0000] {taskinstance.py:1327} INFO - Executing <Task(PythonOperator): fourth_task> on 2023-06-10 00:00:00+00:00
[2023-06-11T05:21:59.707+0000] {standard_task_runner.py:57} INFO - Started process 900 to run task
[2023-06-11T05:21:59.867+0000] {standard_task_runner.py:84} INFO - Running: ['***', 'tasks', 'run', 'dag_pythonoperator_00', 'fourth_task', 'scheduled__2023-06-10T00:00:00+00:00', '--job-id', '255', '--raw', '--subdir', 'DAGS_FOLDER/python_operator_dag.py', '--cfg-path', '/tmp/tmpq_x3rx_o']
[2023-06-11T05:21:59.868+0000] {standard_task_runner.py:85} INFO - Job 255: Subtask fourth_task
[2023-06-11T05:22:01.728+0000] {task_command.py:410} INFO - Running <TaskInstance: dag_pythonoperator_00.fourth_task scheduled__2023-06-10T00:00:00+00:00 [running]> on host 69e374580eab
[2023-06-11T05:22:03.950+0000] {taskinstance.py:1547} INFO - Exporting env vars: AIRFLOW_CTX_DAG_OWNER='Raja' AIRFLOW_CTX_DAG_ID='dag_pythonoperator_00' AIRFLOW_CTX_TASK_ID='fourth_task' AIRFLOW_CTX_EXECUTION_DATE='2023-06-10T00:00:00+00:00' AIRFLOW_CTX_TRY_NUMBER='1' AIRFLOW_CTX_DAG_RUN_ID='scheduled__2023-06-10T00:00:00+00:00'
[2023-06-11T05:22:04.895+0000] {python.py:183} INFO - Done. Returned value was: None
[2023-06-11T05:22:05.369+0000] {taskinstance.py:1350} INFO - Marking task as SUCCESS. dag_id=dag_pythonoperator_00, task_id=fourth_task, execution_date=20230610T000000, start_date=20230611T052157, end_date=20230611T052205
[2023-06-11T05:22:06.356+0000] {local_task_job_runner.py:225} INFO - Task exited with return code 0
[2023-06-11T05:22:06.761+0000] {taskinstance.py:2651} INFO - 1 downstream tasks scheduled from follow-on schedule check
