[2023-06-11T09:00:58.449+0000] {taskinstance.py:1103} INFO - Dependencies all met for dep_context=non-requeueable deps ti=<TaskInstance: first_dag_02.first_task scheduled__2022-03-02T00:00:00+00:00 [queued]>
[2023-06-11T09:00:59.033+0000] {taskinstance.py:1103} INFO - Dependencies all met for dep_context=requeueable deps ti=<TaskInstance: first_dag_02.first_task scheduled__2022-03-02T00:00:00+00:00 [queued]>
[2023-06-11T09:00:59.033+0000] {taskinstance.py:1308} INFO - Starting attempt 1 of 6
[2023-06-11T09:00:59.721+0000] {taskinstance.py:1327} INFO - Executing <Task(BashOperator): first_task> on 2022-03-02 00:00:00+00:00
[2023-06-11T09:00:59.838+0000] {standard_task_runner.py:57} INFO - Started process 3294 to run task
[2023-06-11T09:00:59.995+0000] {standard_task_runner.py:84} INFO - Running: ['***', 'tasks', 'run', 'first_dag_02', 'first_task', 'scheduled__2022-03-02T00:00:00+00:00', '--job-id', '1026', '--raw', '--subdir', 'DAGS_FOLDER/First_dag.py', '--cfg-path', '/tmp/tmphq84zbir']
[2023-06-11T09:00:59.996+0000] {standard_task_runner.py:85} INFO - Job 1026: Subtask first_task
[2023-06-11T09:01:01.028+0000] {task_command.py:410} INFO - Running <TaskInstance: first_dag_02.first_task scheduled__2022-03-02T00:00:00+00:00 [running]> on host 964e508aad03
[2023-06-11T09:01:14.370+0000] {taskinstance.py:1547} INFO - Exporting env vars: AIRFLOW_CTX_DAG_OWNER='Raja' AIRFLOW_CTX_DAG_ID='first_dag_02' AIRFLOW_CTX_TASK_ID='first_task' AIRFLOW_CTX_EXECUTION_DATE='2022-03-02T00:00:00+00:00' AIRFLOW_CTX_TRY_NUMBER='1' AIRFLOW_CTX_DAG_RUN_ID='scheduled__2022-03-02T00:00:00+00:00'
[2023-06-11T09:01:14.477+0000] {subprocess.py:63} INFO - Tmp dir root location: 
 /tmp
[2023-06-11T09:01:14.549+0000] {subprocess.py:75} INFO - Running command: ['/bin/bash', '-c', 'echo hello world, this is the first task!']
[2023-06-11T09:01:14.845+0000] {subprocess.py:86} INFO - Output:
[2023-06-11T09:01:14.856+0000] {subprocess.py:93} INFO - hello world, this is the first task!
[2023-06-11T09:01:14.858+0000] {subprocess.py:97} INFO - Command exited with return code 0
[2023-06-11T09:01:16.530+0000] {taskinstance.py:1350} INFO - Marking task as SUCCESS. dag_id=first_dag_02, task_id=first_task, execution_date=20220302T000000, start_date=20230611T090058, end_date=20230611T090116
[2023-06-11T09:01:17.638+0000] {local_task_job_runner.py:225} INFO - Task exited with return code 0
[2023-06-11T09:01:19.744+0000] {taskinstance.py:2651} INFO - 2 downstream tasks scheduled from follow-on schedule check
[2023-06-11T11:35:56.345+0000] {taskinstance.py:1103} INFO - Dependencies all met for dep_context=non-requeueable deps ti=<TaskInstance: first_dag_02.first_task scheduled__2022-03-02T00:00:00+00:00 [queued]>
[2023-06-11T11:35:56.528+0000] {taskinstance.py:1103} INFO - Dependencies all met for dep_context=requeueable deps ti=<TaskInstance: first_dag_02.first_task scheduled__2022-03-02T00:00:00+00:00 [queued]>
[2023-06-11T11:35:56.528+0000] {taskinstance.py:1308} INFO - Starting attempt 1 of 6
[2023-06-11T11:35:57.166+0000] {taskinstance.py:1327} INFO - Executing <Task(BashOperator): first_task> on 2022-03-02 00:00:00+00:00
[2023-06-11T11:35:57.242+0000] {standard_task_runner.py:57} INFO - Started process 760 to run task
[2023-06-11T11:35:57.449+0000] {standard_task_runner.py:84} INFO - Running: ['***', 'tasks', 'run', 'first_dag_02', 'first_task', 'scheduled__2022-03-02T00:00:00+00:00', '--job-id', '1031', '--raw', '--subdir', 'DAGS_FOLDER/First_dag.py', '--cfg-path', '/tmp/tmpm7c34xev']
[2023-06-11T11:35:57.579+0000] {standard_task_runner.py:85} INFO - Job 1031: Subtask first_task
[2023-06-11T11:35:58.881+0000] {task_command.py:410} INFO - Running <TaskInstance: first_dag_02.first_task scheduled__2022-03-02T00:00:00+00:00 [running]> on host 7586ce0070ac
[2023-06-11T11:36:00.821+0000] {taskinstance.py:1547} INFO - Exporting env vars: AIRFLOW_CTX_DAG_OWNER='Raja' AIRFLOW_CTX_DAG_ID='first_dag_02' AIRFLOW_CTX_TASK_ID='first_task' AIRFLOW_CTX_EXECUTION_DATE='2022-03-02T00:00:00+00:00' AIRFLOW_CTX_TRY_NUMBER='1' AIRFLOW_CTX_DAG_RUN_ID='scheduled__2022-03-02T00:00:00+00:00'
[2023-06-11T11:36:00.825+0000] {subprocess.py:63} INFO - Tmp dir root location: 
 /tmp
[2023-06-11T11:36:00.826+0000] {subprocess.py:75} INFO - Running command: ['/bin/bash', '-c', 'echo hello world, this is the first task!']
[2023-06-11T11:36:00.989+0000] {subprocess.py:86} INFO - Output:
[2023-06-11T11:36:01.050+0000] {subprocess.py:93} INFO - hello world, this is the first task!
[2023-06-11T11:36:01.088+0000] {subprocess.py:97} INFO - Command exited with return code 0
[2023-06-11T11:36:01.412+0000] {taskinstance.py:1350} INFO - Marking task as SUCCESS. dag_id=first_dag_02, task_id=first_task, execution_date=20220302T000000, start_date=20230611T113556, end_date=20230611T113601
[2023-06-11T11:36:03.681+0000] {local_task_job_runner.py:225} INFO - Task exited with return code 0
[2023-06-11T11:36:04.379+0000] {taskinstance.py:2651} INFO - 2 downstream tasks scheduled from follow-on schedule check
