[2023-06-11T09:00:42.367+0000] {taskinstance.py:1103} INFO - Dependencies all met for dep_context=non-requeueable deps ti=<TaskInstance: first_dag_02.first_task scheduled__2022-02-25T00:00:00+00:00 [queued]>
[2023-06-11T09:00:42.583+0000] {taskinstance.py:1103} INFO - Dependencies all met for dep_context=requeueable deps ti=<TaskInstance: first_dag_02.first_task scheduled__2022-02-25T00:00:00+00:00 [queued]>
[2023-06-11T09:00:42.583+0000] {taskinstance.py:1308} INFO - Starting attempt 1 of 6
[2023-06-11T09:00:42.941+0000] {taskinstance.py:1327} INFO - Executing <Task(BashOperator): first_task> on 2022-02-25 00:00:00+00:00
[2023-06-11T09:00:42.994+0000] {standard_task_runner.py:57} INFO - Started process 3235 to run task
[2023-06-11T09:00:43.090+0000] {standard_task_runner.py:84} INFO - Running: ['***', 'tasks', 'run', 'first_dag_02', 'first_task', 'scheduled__2022-02-25T00:00:00+00:00', '--job-id', '1008', '--raw', '--subdir', 'DAGS_FOLDER/First_dag.py', '--cfg-path', '/tmp/tmpm56r50nf']
[2023-06-11T09:00:43.105+0000] {standard_task_runner.py:85} INFO - Job 1008: Subtask first_task
[2023-06-11T09:00:43.725+0000] {task_command.py:410} INFO - Running <TaskInstance: first_dag_02.first_task scheduled__2022-02-25T00:00:00+00:00 [running]> on host 964e508aad03
[2023-06-11T09:00:45.650+0000] {taskinstance.py:1547} INFO - Exporting env vars: AIRFLOW_CTX_DAG_OWNER='Raja' AIRFLOW_CTX_DAG_ID='first_dag_02' AIRFLOW_CTX_TASK_ID='first_task' AIRFLOW_CTX_EXECUTION_DATE='2022-02-25T00:00:00+00:00' AIRFLOW_CTX_TRY_NUMBER='1' AIRFLOW_CTX_DAG_RUN_ID='scheduled__2022-02-25T00:00:00+00:00'
[2023-06-11T09:00:45.660+0000] {subprocess.py:63} INFO - Tmp dir root location: 
 /tmp
[2023-06-11T09:00:45.677+0000] {subprocess.py:75} INFO - Running command: ['/bin/bash', '-c', 'echo hello world, this is the first task!']
[2023-06-11T09:00:45.791+0000] {subprocess.py:86} INFO - Output:
[2023-06-11T09:00:45.820+0000] {subprocess.py:93} INFO - hello world, this is the first task!
[2023-06-11T09:00:45.821+0000] {subprocess.py:97} INFO - Command exited with return code 0
[2023-06-11T09:00:46.255+0000] {taskinstance.py:1350} INFO - Marking task as SUCCESS. dag_id=first_dag_02, task_id=first_task, execution_date=20220225T000000, start_date=20230611T090042, end_date=20230611T090046
[2023-06-11T09:00:46.556+0000] {local_task_job_runner.py:225} INFO - Task exited with return code 0
[2023-06-11T09:00:46.922+0000] {taskinstance.py:2651} INFO - 2 downstream tasks scheduled from follow-on schedule check
[2023-06-11T11:35:46.910+0000] {taskinstance.py:1103} INFO - Dependencies all met for dep_context=non-requeueable deps ti=<TaskInstance: first_dag_02.first_task scheduled__2022-02-25T00:00:00+00:00 [queued]>
[2023-06-11T11:35:47.668+0000] {taskinstance.py:1103} INFO - Dependencies all met for dep_context=requeueable deps ti=<TaskInstance: first_dag_02.first_task scheduled__2022-02-25T00:00:00+00:00 [queued]>
[2023-06-11T11:35:47.668+0000] {taskinstance.py:1308} INFO - Starting attempt 1 of 6
[2023-06-11T11:35:48.320+0000] {taskinstance.py:1327} INFO - Executing <Task(BashOperator): first_task> on 2022-02-25 00:00:00+00:00
[2023-06-11T11:35:48.503+0000] {standard_task_runner.py:57} INFO - Started process 748 to run task
[2023-06-11T11:35:48.667+0000] {standard_task_runner.py:84} INFO - Running: ['***', 'tasks', 'run', 'first_dag_02', 'first_task', 'scheduled__2022-02-25T00:00:00+00:00', '--job-id', '1025', '--raw', '--subdir', 'DAGS_FOLDER/First_dag.py', '--cfg-path', '/tmp/tmpggarfpkw']
[2023-06-11T11:35:48.701+0000] {standard_task_runner.py:85} INFO - Job 1025: Subtask first_task
[2023-06-11T11:35:50.437+0000] {task_command.py:410} INFO - Running <TaskInstance: first_dag_02.first_task scheduled__2022-02-25T00:00:00+00:00 [running]> on host 7586ce0070ac
[2023-06-11T11:35:53.544+0000] {taskinstance.py:1547} INFO - Exporting env vars: AIRFLOW_CTX_DAG_OWNER='Raja' AIRFLOW_CTX_DAG_ID='first_dag_02' AIRFLOW_CTX_TASK_ID='first_task' AIRFLOW_CTX_EXECUTION_DATE='2022-02-25T00:00:00+00:00' AIRFLOW_CTX_TRY_NUMBER='1' AIRFLOW_CTX_DAG_RUN_ID='scheduled__2022-02-25T00:00:00+00:00'
[2023-06-11T11:35:53.551+0000] {subprocess.py:63} INFO - Tmp dir root location: 
 /tmp
[2023-06-11T11:35:53.555+0000] {subprocess.py:75} INFO - Running command: ['/bin/bash', '-c', 'echo hello world, this is the first task!']
[2023-06-11T11:35:53.649+0000] {subprocess.py:86} INFO - Output:
[2023-06-11T11:35:53.664+0000] {subprocess.py:93} INFO - hello world, this is the first task!
[2023-06-11T11:35:53.703+0000] {subprocess.py:97} INFO - Command exited with return code 0
[2023-06-11T11:35:54.566+0000] {taskinstance.py:1350} INFO - Marking task as SUCCESS. dag_id=first_dag_02, task_id=first_task, execution_date=20220225T000000, start_date=20230611T113547, end_date=20230611T113554
[2023-06-11T11:35:54.915+0000] {local_task_job_runner.py:225} INFO - Task exited with return code 0
[2023-06-11T11:35:55.145+0000] {taskinstance.py:2651} INFO - 2 downstream tasks scheduled from follow-on schedule check
