[2023-06-11T04:51:16.797+0000] {taskinstance.py:1103} INFO - Dependencies all met for dep_context=non-requeueable deps ti=<TaskInstance: first_dag_02.second_task scheduled__2021-09-27T00:00:00+00:00 [queued]>
[2023-06-11T04:51:17.868+0000] {taskinstance.py:1103} INFO - Dependencies all met for dep_context=requeueable deps ti=<TaskInstance: first_dag_02.second_task scheduled__2021-09-27T00:00:00+00:00 [queued]>
[2023-06-11T04:51:17.871+0000] {taskinstance.py:1308} INFO - Starting attempt 1 of 6
[2023-06-11T04:51:19.568+0000] {taskinstance.py:1327} INFO - Executing <Task(BashOperator): second_task> on 2021-09-27 00:00:00+00:00
[2023-06-11T04:51:19.744+0000] {standard_task_runner.py:57} INFO - Started process 868 to run task
[2023-06-11T04:51:20.121+0000] {standard_task_runner.py:84} INFO - Running: ['***', 'tasks', 'run', 'first_dag_02', 'second_task', 'scheduled__2021-09-27T00:00:00+00:00', '--job-id', '253', '--raw', '--subdir', 'DAGS_FOLDER/First_dag.py', '--cfg-path', '/tmp/tmp4an7pk5x']
[2023-06-11T04:51:20.135+0000] {standard_task_runner.py:85} INFO - Job 253: Subtask second_task
[2023-06-11T04:51:20.991+0000] {task_command.py:410} INFO - Running <TaskInstance: first_dag_02.second_task scheduled__2021-09-27T00:00:00+00:00 [running]> on host 4b1b5d40d165
[2023-06-11T04:51:24.287+0000] {taskinstance.py:1547} INFO - Exporting env vars: AIRFLOW_CTX_DAG_OWNER='Raja' AIRFLOW_CTX_DAG_ID='first_dag_02' AIRFLOW_CTX_TASK_ID='second_task' AIRFLOW_CTX_EXECUTION_DATE='2021-09-27T00:00:00+00:00' AIRFLOW_CTX_TRY_NUMBER='1' AIRFLOW_CTX_DAG_RUN_ID='scheduled__2021-09-27T00:00:00+00:00'
[2023-06-11T04:51:24.353+0000] {subprocess.py:63} INFO - Tmp dir root location: 
 /tmp
[2023-06-11T04:51:24.356+0000] {subprocess.py:75} INFO - Running command: ['/bin/bash', '-c', 'echo hey, I am task2 and will be running after task1!']
[2023-06-11T04:51:24.598+0000] {subprocess.py:86} INFO - Output:
[2023-06-11T04:51:24.818+0000] {subprocess.py:93} INFO - hey, I am task2 and will be running after task1!
[2023-06-11T04:51:24.873+0000] {subprocess.py:97} INFO - Command exited with return code 0
[2023-06-11T04:51:25.251+0000] {taskinstance.py:1350} INFO - Marking task as SUCCESS. dag_id=first_dag_02, task_id=second_task, execution_date=20210927T000000, start_date=20230611T045116, end_date=20230611T045125
[2023-06-11T04:51:27.012+0000] {local_task_job_runner.py:225} INFO - Task exited with return code 0
[2023-06-11T04:51:28.422+0000] {taskinstance.py:2651} INFO - 0 downstream tasks scheduled from follow-on schedule check
[2023-06-11T08:29:01.844+0000] {taskinstance.py:1103} INFO - Dependencies all met for dep_context=non-requeueable deps ti=<TaskInstance: first_dag_02.second_task scheduled__2021-09-27T00:00:00+00:00 [queued]>
[2023-06-11T08:29:02.266+0000] {taskinstance.py:1103} INFO - Dependencies all met for dep_context=requeueable deps ti=<TaskInstance: first_dag_02.second_task scheduled__2021-09-27T00:00:00+00:00 [queued]>
[2023-06-11T08:29:02.267+0000] {taskinstance.py:1308} INFO - Starting attempt 1 of 6
[2023-06-11T08:29:02.339+0000] {taskinstance.py:1327} INFO - Executing <Task(BashOperator): second_task> on 2021-09-27 00:00:00+00:00
[2023-06-11T08:29:02.348+0000] {standard_task_runner.py:57} INFO - Started process 1285 to run task
[2023-06-11T08:29:02.360+0000] {standard_task_runner.py:84} INFO - Running: ['***', 'tasks', 'run', 'first_dag_02', 'second_task', 'scheduled__2021-09-27T00:00:00+00:00', '--job-id', '391', '--raw', '--subdir', 'DAGS_FOLDER/First_dag.py', '--cfg-path', '/tmp/tmpseklzj4r']
[2023-06-11T08:29:02.361+0000] {standard_task_runner.py:85} INFO - Job 391: Subtask second_task
[2023-06-11T08:29:02.776+0000] {task_command.py:410} INFO - Running <TaskInstance: first_dag_02.second_task scheduled__2021-09-27T00:00:00+00:00 [running]> on host 492037cdd057
[2023-06-11T08:29:08.256+0000] {taskinstance.py:1547} INFO - Exporting env vars: AIRFLOW_CTX_DAG_OWNER='Raja' AIRFLOW_CTX_DAG_ID='first_dag_02' AIRFLOW_CTX_TASK_ID='second_task' AIRFLOW_CTX_EXECUTION_DATE='2021-09-27T00:00:00+00:00' AIRFLOW_CTX_TRY_NUMBER='1' AIRFLOW_CTX_DAG_RUN_ID='scheduled__2021-09-27T00:00:00+00:00'
[2023-06-11T08:29:09.320+0000] {subprocess.py:63} INFO - Tmp dir root location: 
 /tmp
[2023-06-11T08:29:09.333+0000] {subprocess.py:75} INFO - Running command: ['/bin/bash', '-c', 'echo hey, I am task2 and will be running after task1!']
[2023-06-11T08:29:09.971+0000] {subprocess.py:86} INFO - Output:
[2023-06-11T08:29:10.339+0000] {subprocess.py:93} INFO - hey, I am task2 and will be running after task1!
[2023-06-11T08:29:10.377+0000] {subprocess.py:97} INFO - Command exited with return code 0
[2023-06-11T08:29:13.203+0000] {taskinstance.py:1350} INFO - Marking task as SUCCESS. dag_id=first_dag_02, task_id=second_task, execution_date=20210927T000000, start_date=20230611T082901, end_date=20230611T082913
[2023-06-11T08:29:15.571+0000] {local_task_job_runner.py:225} INFO - Task exited with return code 0
[2023-06-11T08:29:17.728+0000] {taskinstance.py:2651} INFO - 0 downstream tasks scheduled from follow-on schedule check
[2023-06-11T08:51:11.845+0000] {taskinstance.py:1103} INFO - Dependencies all met for dep_context=non-requeueable deps ti=<TaskInstance: first_dag_02.second_task scheduled__2021-09-27T00:00:00+00:00 [queued]>
[2023-06-11T08:51:11.982+0000] {taskinstance.py:1103} INFO - Dependencies all met for dep_context=requeueable deps ti=<TaskInstance: first_dag_02.second_task scheduled__2021-09-27T00:00:00+00:00 [queued]>
[2023-06-11T08:51:11.983+0000] {taskinstance.py:1308} INFO - Starting attempt 1 of 6
[2023-06-11T08:51:12.210+0000] {taskinstance.py:1327} INFO - Executing <Task(BashOperator): second_task> on 2021-09-27 00:00:00+00:00
[2023-06-11T08:51:12.238+0000] {standard_task_runner.py:57} INFO - Started process 1059 to run task
[2023-06-11T08:51:12.266+0000] {standard_task_runner.py:84} INFO - Running: ['***', 'tasks', 'run', 'first_dag_02', 'second_task', 'scheduled__2021-09-27T00:00:00+00:00', '--job-id', '327', '--raw', '--subdir', 'DAGS_FOLDER/First_dag.py', '--cfg-path', '/tmp/tmp0dc2ul81']
[2023-06-11T08:51:12.283+0000] {standard_task_runner.py:85} INFO - Job 327: Subtask second_task
[2023-06-11T08:51:12.845+0000] {task_command.py:410} INFO - Running <TaskInstance: first_dag_02.second_task scheduled__2021-09-27T00:00:00+00:00 [running]> on host 964e508aad03
[2023-06-11T08:51:15.047+0000] {taskinstance.py:1547} INFO - Exporting env vars: AIRFLOW_CTX_DAG_OWNER='Raja' AIRFLOW_CTX_DAG_ID='first_dag_02' AIRFLOW_CTX_TASK_ID='second_task' AIRFLOW_CTX_EXECUTION_DATE='2021-09-27T00:00:00+00:00' AIRFLOW_CTX_TRY_NUMBER='1' AIRFLOW_CTX_DAG_RUN_ID='scheduled__2021-09-27T00:00:00+00:00'
[2023-06-11T08:51:15.061+0000] {subprocess.py:63} INFO - Tmp dir root location: 
 /tmp
[2023-06-11T08:51:15.073+0000] {subprocess.py:75} INFO - Running command: ['/bin/bash', '-c', 'echo hey, I am task2 and will be running after task1!']
[2023-06-11T08:51:15.263+0000] {subprocess.py:86} INFO - Output:
[2023-06-11T08:51:15.302+0000] {subprocess.py:93} INFO - hey, I am task2 and will be running after task1!
[2023-06-11T08:51:15.319+0000] {subprocess.py:97} INFO - Command exited with return code 0
[2023-06-11T08:51:15.697+0000] {taskinstance.py:1350} INFO - Marking task as SUCCESS. dag_id=first_dag_02, task_id=second_task, execution_date=20210927T000000, start_date=20230611T085111, end_date=20230611T085115
[2023-06-11T08:51:16.252+0000] {local_task_job_runner.py:225} INFO - Task exited with return code 0
[2023-06-11T08:51:16.414+0000] {taskinstance.py:2651} INFO - 0 downstream tasks scheduled from follow-on schedule check
[2023-06-11T10:56:18.700+0000] {taskinstance.py:1103} INFO - Dependencies all met for dep_context=non-requeueable deps ti=<TaskInstance: first_dag_02.second_task scheduled__2021-09-27T00:00:00+00:00 [queued]>
[2023-06-11T10:56:19.318+0000] {taskinstance.py:1103} INFO - Dependencies all met for dep_context=requeueable deps ti=<TaskInstance: first_dag_02.second_task scheduled__2021-09-27T00:00:00+00:00 [queued]>
[2023-06-11T10:56:19.319+0000] {taskinstance.py:1308} INFO - Starting attempt 1 of 6
[2023-06-11T10:56:19.899+0000] {taskinstance.py:1327} INFO - Executing <Task(BashOperator): second_task> on 2021-09-27 00:00:00+00:00
[2023-06-11T10:56:19.926+0000] {standard_task_runner.py:57} INFO - Started process 1146 to run task
[2023-06-11T10:56:19.949+0000] {standard_task_runner.py:84} INFO - Running: ['***', 'tasks', 'run', 'first_dag_02', 'second_task', 'scheduled__2021-09-27T00:00:00+00:00', '--job-id', '311', '--raw', '--subdir', 'DAGS_FOLDER/First_dag.py', '--cfg-path', '/tmp/tmpwkjuv6yw']
[2023-06-11T10:56:19.950+0000] {standard_task_runner.py:85} INFO - Job 311: Subtask second_task
[2023-06-11T10:56:21.842+0000] {task_command.py:410} INFO - Running <TaskInstance: first_dag_02.second_task scheduled__2021-09-27T00:00:00+00:00 [running]> on host 7586ce0070ac
[2023-06-11T10:56:28.254+0000] {taskinstance.py:1547} INFO - Exporting env vars: AIRFLOW_CTX_DAG_OWNER='Raja' AIRFLOW_CTX_DAG_ID='first_dag_02' AIRFLOW_CTX_TASK_ID='second_task' AIRFLOW_CTX_EXECUTION_DATE='2021-09-27T00:00:00+00:00' AIRFLOW_CTX_TRY_NUMBER='1' AIRFLOW_CTX_DAG_RUN_ID='scheduled__2021-09-27T00:00:00+00:00'
[2023-06-11T10:56:28.266+0000] {subprocess.py:63} INFO - Tmp dir root location: 
 /tmp
[2023-06-11T10:56:28.271+0000] {subprocess.py:75} INFO - Running command: ['/bin/bash', '-c', 'echo hey, I am task2 and will be running after task1!']
[2023-06-11T10:56:28.869+0000] {subprocess.py:86} INFO - Output:
[2023-06-11T10:56:28.881+0000] {subprocess.py:93} INFO - hey, I am task2 and will be running after task1!
[2023-06-11T10:56:28.885+0000] {subprocess.py:97} INFO - Command exited with return code 0
[2023-06-11T10:56:30.390+0000] {taskinstance.py:1350} INFO - Marking task as SUCCESS. dag_id=first_dag_02, task_id=second_task, execution_date=20210927T000000, start_date=20230611T105618, end_date=20230611T105630
[2023-06-11T10:56:30.673+0000] {local_task_job_runner.py:225} INFO - Task exited with return code 0
[2023-06-11T10:56:33.567+0000] {taskinstance.py:2651} INFO - 0 downstream tasks scheduled from follow-on schedule check
