[2023-06-11T09:02:13.160+0000] {taskinstance.py:1103} INFO - Dependencies all met for dep_context=non-requeueable deps ti=<TaskInstance: first_dag_02.second_task scheduled__2022-03-12T00:00:00+00:00 [queued]>
[2023-06-11T09:02:15.482+0000] {taskinstance.py:1103} INFO - Dependencies all met for dep_context=requeueable deps ti=<TaskInstance: first_dag_02.second_task scheduled__2022-03-12T00:00:00+00:00 [queued]>
[2023-06-11T09:02:15.531+0000] {taskinstance.py:1308} INFO - Starting attempt 1 of 6
[2023-06-11T09:02:16.888+0000] {taskinstance.py:1327} INFO - Executing <Task(BashOperator): second_task> on 2022-03-12 00:00:00+00:00
[2023-06-11T09:02:17.202+0000] {standard_task_runner.py:57} INFO - Started process 3482 to run task
[2023-06-11T09:02:17.450+0000] {standard_task_runner.py:84} INFO - Running: ['***', 'tasks', 'run', 'first_dag_02', 'second_task', 'scheduled__2022-03-12T00:00:00+00:00', '--job-id', '1085', '--raw', '--subdir', 'DAGS_FOLDER/First_dag.py', '--cfg-path', '/tmp/tmpwf1oekvt']
[2023-06-11T09:02:17.451+0000] {standard_task_runner.py:85} INFO - Job 1085: Subtask second_task
[2023-06-11T09:02:19.085+0000] {task_command.py:410} INFO - Running <TaskInstance: first_dag_02.second_task scheduled__2022-03-12T00:00:00+00:00 [running]> on host 964e508aad03
[2023-06-11T09:02:26.967+0000] {taskinstance.py:1547} INFO - Exporting env vars: AIRFLOW_CTX_DAG_OWNER='Raja' AIRFLOW_CTX_DAG_ID='first_dag_02' AIRFLOW_CTX_TASK_ID='second_task' AIRFLOW_CTX_EXECUTION_DATE='2022-03-12T00:00:00+00:00' AIRFLOW_CTX_TRY_NUMBER='1' AIRFLOW_CTX_DAG_RUN_ID='scheduled__2022-03-12T00:00:00+00:00'
[2023-06-11T09:02:27.029+0000] {subprocess.py:63} INFO - Tmp dir root location: 
 /tmp
[2023-06-11T09:02:27.030+0000] {subprocess.py:75} INFO - Running command: ['/bin/bash', '-c', 'echo hey, I am task2 and will be running after task1!']
[2023-06-11T09:02:27.323+0000] {subprocess.py:86} INFO - Output:
[2023-06-11T09:02:27.441+0000] {subprocess.py:93} INFO - hey, I am task2 and will be running after task1!
[2023-06-11T09:02:27.442+0000] {subprocess.py:97} INFO - Command exited with return code 0
[2023-06-11T09:02:28.005+0000] {taskinstance.py:1350} INFO - Marking task as SUCCESS. dag_id=first_dag_02, task_id=second_task, execution_date=20220312T000000, start_date=20230611T090213, end_date=20230611T090227
[2023-06-11T09:02:29.138+0000] {local_task_job_runner.py:225} INFO - Task exited with return code 0
[2023-06-11T09:02:29.848+0000] {taskinstance.py:2651} INFO - 0 downstream tasks scheduled from follow-on schedule check
[2023-06-11T15:26:18.266+0000] {taskinstance.py:1103} INFO - Dependencies all met for dep_context=non-requeueable deps ti=<TaskInstance: first_dag_02.second_task scheduled__2022-03-12T00:00:00+00:00 [queued]>
[2023-06-11T15:26:18.619+0000] {taskinstance.py:1103} INFO - Dependencies all met for dep_context=requeueable deps ti=<TaskInstance: first_dag_02.second_task scheduled__2022-03-12T00:00:00+00:00 [queued]>
[2023-06-11T15:26:18.619+0000] {taskinstance.py:1308} INFO - Starting attempt 1 of 6
[2023-06-11T15:26:19.014+0000] {taskinstance.py:1327} INFO - Executing <Task(BashOperator): second_task> on 2022-03-12 00:00:00+00:00
[2023-06-11T15:26:19.111+0000] {standard_task_runner.py:84} INFO - Running: ['***', 'tasks', 'run', 'first_dag_02', 'second_task', 'scheduled__2022-03-12T00:00:00+00:00', '--job-id', '1137', '--raw', '--subdir', 'DAGS_FOLDER/First_dag.py', '--cfg-path', '/tmp/tmpkznsdtvn']
[2023-06-11T15:26:19.115+0000] {standard_task_runner.py:85} INFO - Job 1137: Subtask second_task
[2023-06-11T15:26:19.091+0000] {standard_task_runner.py:57} INFO - Started process 180 to run task
[2023-06-11T15:26:20.004+0000] {task_command.py:410} INFO - Running <TaskInstance: first_dag_02.second_task scheduled__2022-03-12T00:00:00+00:00 [running]> on host 7586ce0070ac
[2023-06-11T15:26:21.251+0000] {taskinstance.py:1547} INFO - Exporting env vars: AIRFLOW_CTX_DAG_OWNER='Raja' AIRFLOW_CTX_DAG_ID='first_dag_02' AIRFLOW_CTX_TASK_ID='second_task' AIRFLOW_CTX_EXECUTION_DATE='2022-03-12T00:00:00+00:00' AIRFLOW_CTX_TRY_NUMBER='1' AIRFLOW_CTX_DAG_RUN_ID='scheduled__2022-03-12T00:00:00+00:00'
[2023-06-11T15:26:21.253+0000] {subprocess.py:63} INFO - Tmp dir root location: 
 /tmp
[2023-06-11T15:26:21.254+0000] {subprocess.py:75} INFO - Running command: ['/bin/bash', '-c', 'echo hey, I am task2 and will be running after task1!']
[2023-06-11T15:26:21.393+0000] {subprocess.py:86} INFO - Output:
[2023-06-11T15:26:21.426+0000] {subprocess.py:93} INFO - hey, I am task2 and will be running after task1!
[2023-06-11T15:26:21.427+0000] {subprocess.py:97} INFO - Command exited with return code 0
[2023-06-11T15:26:21.826+0000] {taskinstance.py:1350} INFO - Marking task as SUCCESS. dag_id=first_dag_02, task_id=second_task, execution_date=20220312T000000, start_date=20230611T152618, end_date=20230611T152621
[2023-06-11T15:26:22.165+0000] {local_task_job_runner.py:225} INFO - Task exited with return code 0
[2023-06-11T15:26:22.656+0000] {taskinstance.py:2651} INFO - 0 downstream tasks scheduled from follow-on schedule check
