[2023-06-11T08:53:56.227+0000] {taskinstance.py:1103} INFO - Dependencies all met for dep_context=non-requeueable deps ti=<TaskInstance: first_dag_02.thrid_task scheduled__2021-11-07T00:00:00+00:00 [queued]>
[2023-06-11T08:53:56.564+0000] {taskinstance.py:1103} INFO - Dependencies all met for dep_context=requeueable deps ti=<TaskInstance: first_dag_02.thrid_task scheduled__2021-11-07T00:00:00+00:00 [queued]>
[2023-06-11T08:53:56.564+0000] {taskinstance.py:1308} INFO - Starting attempt 1 of 6
[2023-06-11T08:53:57.061+0000] {taskinstance.py:1327} INFO - Executing <Task(BashOperator): thrid_task> on 2021-11-07 00:00:00+00:00
[2023-06-11T08:53:57.144+0000] {standard_task_runner.py:57} INFO - Started process 1680 to run task
[2023-06-11T08:53:57.155+0000] {standard_task_runner.py:84} INFO - Running: ['***', 'tasks', 'run', 'first_dag_02', 'thrid_task', 'scheduled__2021-11-07T00:00:00+00:00', '--job-id', '521', '--raw', '--subdir', 'DAGS_FOLDER/First_dag.py', '--cfg-path', '/tmp/tmplo_t2ech']
[2023-06-11T08:53:57.179+0000] {standard_task_runner.py:85} INFO - Job 521: Subtask thrid_task
[2023-06-11T08:53:57.753+0000] {task_command.py:410} INFO - Running <TaskInstance: first_dag_02.thrid_task scheduled__2021-11-07T00:00:00+00:00 [running]> on host 964e508aad03
[2023-06-11T08:53:59.925+0000] {taskinstance.py:1547} INFO - Exporting env vars: AIRFLOW_CTX_DAG_OWNER='Raja' AIRFLOW_CTX_DAG_ID='first_dag_02' AIRFLOW_CTX_TASK_ID='thrid_task' AIRFLOW_CTX_EXECUTION_DATE='2021-11-07T00:00:00+00:00' AIRFLOW_CTX_TRY_NUMBER='1' AIRFLOW_CTX_DAG_RUN_ID='scheduled__2021-11-07T00:00:00+00:00'
[2023-06-11T08:53:59.930+0000] {subprocess.py:63} INFO - Tmp dir root location: 
 /tmp
[2023-06-11T08:53:59.945+0000] {subprocess.py:75} INFO - Running command: ['/bin/bash', '-c', 'echo hey, I am task3 and will be running after task1 at the same time as task2!']
[2023-06-11T08:54:00.149+0000] {subprocess.py:86} INFO - Output:
[2023-06-11T08:54:00.175+0000] {subprocess.py:93} INFO - hey, I am task3 and will be running after task1 at the same time as task2!
[2023-06-11T08:54:00.185+0000] {subprocess.py:97} INFO - Command exited with return code 0
[2023-06-11T08:54:00.414+0000] {taskinstance.py:1350} INFO - Marking task as SUCCESS. dag_id=first_dag_02, task_id=thrid_task, execution_date=20211107T000000, start_date=20230611T085356, end_date=20230611T085400
[2023-06-11T08:54:00.742+0000] {local_task_job_runner.py:225} INFO - Task exited with return code 0
[2023-06-11T08:54:01.044+0000] {taskinstance.py:2651} INFO - 0 downstream tasks scheduled from follow-on schedule check
[2023-06-11T11:15:13.273+0000] {taskinstance.py:1103} INFO - Dependencies all met for dep_context=non-requeueable deps ti=<TaskInstance: first_dag_02.thrid_task scheduled__2021-11-07T00:00:00+00:00 [queued]>
[2023-06-11T11:15:13.430+0000] {taskinstance.py:1103} INFO - Dependencies all met for dep_context=requeueable deps ti=<TaskInstance: first_dag_02.thrid_task scheduled__2021-11-07T00:00:00+00:00 [queued]>
[2023-06-11T11:15:13.431+0000] {taskinstance.py:1308} INFO - Starting attempt 1 of 6
[2023-06-11T11:15:13.611+0000] {taskinstance.py:1327} INFO - Executing <Task(BashOperator): thrid_task> on 2021-11-07 00:00:00+00:00
[2023-06-11T11:15:13.653+0000] {standard_task_runner.py:57} INFO - Started process 286 to run task
[2023-06-11T11:15:13.759+0000] {standard_task_runner.py:84} INFO - Running: ['***', 'tasks', 'run', 'first_dag_02', 'thrid_task', 'scheduled__2021-11-07T00:00:00+00:00', '--job-id', '543', '--raw', '--subdir', 'DAGS_FOLDER/First_dag.py', '--cfg-path', '/tmp/tmpmlvszygb']
[2023-06-11T11:15:13.780+0000] {standard_task_runner.py:85} INFO - Job 543: Subtask thrid_task
[2023-06-11T11:15:14.707+0000] {task_command.py:410} INFO - Running <TaskInstance: first_dag_02.thrid_task scheduled__2021-11-07T00:00:00+00:00 [running]> on host 7586ce0070ac
[2023-06-11T11:15:16.921+0000] {taskinstance.py:1547} INFO - Exporting env vars: AIRFLOW_CTX_DAG_OWNER='Raja' AIRFLOW_CTX_DAG_ID='first_dag_02' AIRFLOW_CTX_TASK_ID='thrid_task' AIRFLOW_CTX_EXECUTION_DATE='2021-11-07T00:00:00+00:00' AIRFLOW_CTX_TRY_NUMBER='1' AIRFLOW_CTX_DAG_RUN_ID='scheduled__2021-11-07T00:00:00+00:00'
[2023-06-11T11:15:16.923+0000] {subprocess.py:63} INFO - Tmp dir root location: 
 /tmp
[2023-06-11T11:15:16.924+0000] {subprocess.py:75} INFO - Running command: ['/bin/bash', '-c', 'echo hey, I am task3 and will be running after task1 at the same time as task2!']
[2023-06-11T11:15:17.178+0000] {subprocess.py:86} INFO - Output:
[2023-06-11T11:15:17.221+0000] {subprocess.py:93} INFO - hey, I am task3 and will be running after task1 at the same time as task2!
[2023-06-11T11:15:17.223+0000] {subprocess.py:97} INFO - Command exited with return code 0
[2023-06-11T11:15:17.771+0000] {taskinstance.py:1350} INFO - Marking task as SUCCESS. dag_id=first_dag_02, task_id=thrid_task, execution_date=20211107T000000, start_date=20230611T111513, end_date=20230611T111517
[2023-06-11T11:15:18.238+0000] {local_task_job_runner.py:225} INFO - Task exited with return code 0
[2023-06-11T11:15:19.127+0000] {taskinstance.py:2651} INFO - 0 downstream tasks scheduled from follow-on schedule check
