[2023-06-11T09:48:18.670+0000] {taskinstance.py:1103} INFO - Dependencies all met for dep_context=non-requeueable deps ti=<TaskInstance: first_dag_02.thrid_task scheduled__2022-06-29T00:00:00+00:00 [queued]>
[2023-06-11T09:48:19.242+0000] {taskinstance.py:1103} INFO - Dependencies all met for dep_context=requeueable deps ti=<TaskInstance: first_dag_02.thrid_task scheduled__2022-06-29T00:00:00+00:00 [queued]>
[2023-06-11T09:48:19.307+0000] {taskinstance.py:1308} INFO - Starting attempt 1 of 6
[2023-06-11T09:48:21.534+0000] {taskinstance.py:1327} INFO - Executing <Task(BashOperator): thrid_task> on 2022-06-29 00:00:00+00:00
[2023-06-11T09:48:21.874+0000] {standard_task_runner.py:57} INFO - Started process 5228 to run task
[2023-06-11T09:48:22.038+0000] {standard_task_runner.py:84} INFO - Running: ['***', 'tasks', 'run', 'first_dag_02', 'thrid_task', 'scheduled__2022-06-29T00:00:00+00:00', '--job-id', '1605', '--raw', '--subdir', 'DAGS_FOLDER/First_dag.py', '--cfg-path', '/tmp/tmpk9zrnuah']
[2023-06-11T09:48:22.041+0000] {standard_task_runner.py:85} INFO - Job 1605: Subtask thrid_task
[2023-06-11T09:48:23.620+0000] {task_command.py:410} INFO - Running <TaskInstance: first_dag_02.thrid_task scheduled__2022-06-29T00:00:00+00:00 [running]> on host 964e508aad03
[2023-06-11T09:48:26.457+0000] {taskinstance.py:1547} INFO - Exporting env vars: AIRFLOW_CTX_DAG_OWNER='Raja' AIRFLOW_CTX_DAG_ID='first_dag_02' AIRFLOW_CTX_TASK_ID='thrid_task' AIRFLOW_CTX_EXECUTION_DATE='2022-06-29T00:00:00+00:00' AIRFLOW_CTX_TRY_NUMBER='1' AIRFLOW_CTX_DAG_RUN_ID='scheduled__2022-06-29T00:00:00+00:00'
[2023-06-11T09:48:26.460+0000] {subprocess.py:63} INFO - Tmp dir root location: 
 /tmp
[2023-06-11T09:48:26.467+0000] {subprocess.py:75} INFO - Running command: ['/bin/bash', '-c', 'echo hey, I am task3 and will be running after task1 at the same time as task2!']
[2023-06-11T09:48:26.673+0000] {subprocess.py:86} INFO - Output:
[2023-06-11T09:48:26.764+0000] {subprocess.py:93} INFO - hey, I am task3 and will be running after task1 at the same time as task2!
[2023-06-11T09:48:26.771+0000] {subprocess.py:97} INFO - Command exited with return code 0
[2023-06-11T09:48:27.784+0000] {taskinstance.py:1350} INFO - Marking task as SUCCESS. dag_id=first_dag_02, task_id=thrid_task, execution_date=20220629T000000, start_date=20230611T094818, end_date=20230611T094827
[2023-06-11T09:48:28.732+0000] {local_task_job_runner.py:225} INFO - Task exited with return code 0
[2023-06-11T09:48:29.355+0000] {taskinstance.py:2651} INFO - 0 downstream tasks scheduled from follow-on schedule check
[2023-06-11T15:34:45.234+0000] {taskinstance.py:1103} INFO - Dependencies all met for dep_context=non-requeueable deps ti=<TaskInstance: first_dag_02.thrid_task scheduled__2022-06-29T00:00:00+00:00 [queued]>
[2023-06-11T15:34:45.716+0000] {taskinstance.py:1103} INFO - Dependencies all met for dep_context=requeueable deps ti=<TaskInstance: first_dag_02.thrid_task scheduled__2022-06-29T00:00:00+00:00 [queued]>
[2023-06-11T15:34:45.717+0000] {taskinstance.py:1308} INFO - Starting attempt 1 of 6
[2023-06-11T15:34:45.972+0000] {taskinstance.py:1327} INFO - Executing <Task(BashOperator): thrid_task> on 2022-06-29 00:00:00+00:00
[2023-06-11T15:34:46.084+0000] {standard_task_runner.py:57} INFO - Started process 1788 to run task
[2023-06-11T15:34:46.179+0000] {standard_task_runner.py:84} INFO - Running: ['***', 'tasks', 'run', 'first_dag_02', 'thrid_task', 'scheduled__2022-06-29T00:00:00+00:00', '--job-id', '1637', '--raw', '--subdir', 'DAGS_FOLDER/First_dag.py', '--cfg-path', '/tmp/tmps7e8x39w']
[2023-06-11T15:34:46.230+0000] {standard_task_runner.py:85} INFO - Job 1637: Subtask thrid_task
[2023-06-11T15:34:47.479+0000] {task_command.py:410} INFO - Running <TaskInstance: first_dag_02.thrid_task scheduled__2022-06-29T00:00:00+00:00 [running]> on host 7586ce0070ac
[2023-06-11T15:34:49.899+0000] {taskinstance.py:1547} INFO - Exporting env vars: AIRFLOW_CTX_DAG_OWNER='Raja' AIRFLOW_CTX_DAG_ID='first_dag_02' AIRFLOW_CTX_TASK_ID='thrid_task' AIRFLOW_CTX_EXECUTION_DATE='2022-06-29T00:00:00+00:00' AIRFLOW_CTX_TRY_NUMBER='1' AIRFLOW_CTX_DAG_RUN_ID='scheduled__2022-06-29T00:00:00+00:00'
[2023-06-11T15:34:49.906+0000] {subprocess.py:63} INFO - Tmp dir root location: 
 /tmp
[2023-06-11T15:34:49.907+0000] {subprocess.py:75} INFO - Running command: ['/bin/bash', '-c', 'echo hey, I am task3 and will be running after task1 at the same time as task2!']
[2023-06-11T15:34:50.165+0000] {subprocess.py:86} INFO - Output:
[2023-06-11T15:34:50.189+0000] {subprocess.py:93} INFO - hey, I am task3 and will be running after task1 at the same time as task2!
[2023-06-11T15:34:50.190+0000] {subprocess.py:97} INFO - Command exited with return code 0
[2023-06-11T15:34:50.725+0000] {taskinstance.py:1350} INFO - Marking task as SUCCESS. dag_id=first_dag_02, task_id=thrid_task, execution_date=20220629T000000, start_date=20230611T153445, end_date=20230611T153450
[2023-06-11T15:34:51.836+0000] {local_task_job_runner.py:225} INFO - Task exited with return code 0
[2023-06-11T15:34:52.432+0000] {taskinstance.py:2651} INFO - 0 downstream tasks scheduled from follow-on schedule check
