[2023-06-11T09:43:59.828+0000] {taskinstance.py:1103} INFO - Dependencies all met for dep_context=non-requeueable deps ti=<TaskInstance: dag_cron_expression_03.task1 scheduled__2021-12-12T03:00:00+00:00 [queued]>
[2023-06-11T09:44:00.007+0000] {taskinstance.py:1103} INFO - Dependencies all met for dep_context=requeueable deps ti=<TaskInstance: dag_cron_expression_03.task1 scheduled__2021-12-12T03:00:00+00:00 [queued]>
[2023-06-11T09:44:00.033+0000] {taskinstance.py:1308} INFO - Starting attempt 1 of 6
[2023-06-11T09:44:00.403+0000] {taskinstance.py:1327} INFO - Executing <Task(BashOperator): task1> on 2021-12-12 03:00:00+00:00
[2023-06-11T09:44:00.417+0000] {standard_task_runner.py:57} INFO - Started process 4405 to run task
[2023-06-11T09:44:00.453+0000] {standard_task_runner.py:84} INFO - Running: ['***', 'tasks', 'run', 'dag_cron_expression_03', 'task1', 'scheduled__2021-12-12T03:00:00+00:00', '--job-id', '1349', '--raw', '--subdir', 'DAGS_FOLDER/dag_corn.py', '--cfg-path', '/tmp/tmpr88lk95z']
[2023-06-11T09:44:00.455+0000] {standard_task_runner.py:85} INFO - Job 1349: Subtask task1
[2023-06-11T09:44:00.874+0000] {task_command.py:410} INFO - Running <TaskInstance: dag_cron_expression_03.task1 scheduled__2021-12-12T03:00:00+00:00 [running]> on host 964e508aad03
[2023-06-11T09:44:01.784+0000] {taskinstance.py:1547} INFO - Exporting env vars: AIRFLOW_CTX_DAG_OWNER='Raja' AIRFLOW_CTX_DAG_ID='dag_cron_expression_03' AIRFLOW_CTX_TASK_ID='task1' AIRFLOW_CTX_EXECUTION_DATE='2021-12-12T03:00:00+00:00' AIRFLOW_CTX_TRY_NUMBER='1' AIRFLOW_CTX_DAG_RUN_ID='scheduled__2021-12-12T03:00:00+00:00'
[2023-06-11T09:44:01.787+0000] {subprocess.py:63} INFO - Tmp dir root location: 
 /tmp
[2023-06-11T09:44:01.789+0000] {subprocess.py:75} INFO - Running command: ['/bin/bash', '-c', 'echo dag with cron expression!']
[2023-06-11T09:44:01.861+0000] {subprocess.py:86} INFO - Output:
[2023-06-11T09:44:01.879+0000] {subprocess.py:93} INFO - dag with cron expression!
[2023-06-11T09:44:01.896+0000] {subprocess.py:97} INFO - Command exited with return code 0
[2023-06-11T09:44:02.117+0000] {taskinstance.py:1350} INFO - Marking task as SUCCESS. dag_id=dag_cron_expression_03, task_id=task1, execution_date=20211212T030000, start_date=20230611T094359, end_date=20230611T094402
[2023-06-11T09:44:02.396+0000] {local_task_job_runner.py:225} INFO - Task exited with return code 0
[2023-06-11T09:44:02.543+0000] {taskinstance.py:2651} INFO - 0 downstream tasks scheduled from follow-on schedule check
[2023-06-11T10:40:49.334+0000] {taskinstance.py:1103} INFO - Dependencies all met for dep_context=non-requeueable deps ti=<TaskInstance: dag_cron_expression_03.task1 scheduled__2021-12-12T03:00:00+00:00 [queued]>
[2023-06-11T10:40:49.823+0000] {taskinstance.py:1103} INFO - Dependencies all met for dep_context=requeueable deps ti=<TaskInstance: dag_cron_expression_03.task1 scheduled__2021-12-12T03:00:00+00:00 [queued]>
[2023-06-11T10:40:49.840+0000] {taskinstance.py:1308} INFO - Starting attempt 1 of 6
[2023-06-11T10:40:51.468+0000] {taskinstance.py:1327} INFO - Executing <Task(BashOperator): task1> on 2021-12-12 03:00:00+00:00
[2023-06-11T10:40:51.492+0000] {standard_task_runner.py:57} INFO - Started process 572 to run task
[2023-06-11T10:40:52.444+0000] {standard_task_runner.py:84} INFO - Running: ['***', 'tasks', 'run', 'dag_cron_expression_03', 'task1', 'scheduled__2021-12-12T03:00:00+00:00', '--job-id', '160', '--raw', '--subdir', 'DAGS_FOLDER/dag_cron.py', '--cfg-path', '/tmp/tmpb5n0hvzm']
[2023-06-11T10:40:52.541+0000] {standard_task_runner.py:85} INFO - Job 160: Subtask task1
[2023-06-11T10:40:56.243+0000] {task_command.py:410} INFO - Running <TaskInstance: dag_cron_expression_03.task1 scheduled__2021-12-12T03:00:00+00:00 [running]> on host 7586ce0070ac
[2023-06-11T10:41:01.149+0000] {taskinstance.py:1547} INFO - Exporting env vars: AIRFLOW_CTX_DAG_OWNER='Raja' AIRFLOW_CTX_DAG_ID='dag_cron_expression_03' AIRFLOW_CTX_TASK_ID='task1' AIRFLOW_CTX_EXECUTION_DATE='2021-12-12T03:00:00+00:00' AIRFLOW_CTX_TRY_NUMBER='1' AIRFLOW_CTX_DAG_RUN_ID='scheduled__2021-12-12T03:00:00+00:00'
[2023-06-11T10:41:01.174+0000] {subprocess.py:63} INFO - Tmp dir root location: 
 /tmp
[2023-06-11T10:41:01.181+0000] {subprocess.py:75} INFO - Running command: ['/bin/bash', '-c', 'echo dag with cron expression!']
[2023-06-11T10:41:01.893+0000] {subprocess.py:86} INFO - Output:
[2023-06-11T10:41:01.910+0000] {subprocess.py:93} INFO - dag with cron expression!
[2023-06-11T10:41:01.916+0000] {subprocess.py:97} INFO - Command exited with return code 0
[2023-06-11T10:41:03.074+0000] {taskinstance.py:1350} INFO - Marking task as SUCCESS. dag_id=dag_cron_expression_03, task_id=task1, execution_date=20211212T030000, start_date=20230611T104049, end_date=20230611T104103
[2023-06-11T10:41:03.354+0000] {local_task_job_runner.py:225} INFO - Task exited with return code 0
[2023-06-11T10:41:06.164+0000] {taskinstance.py:2651} INFO - 0 downstream tasks scheduled from follow-on schedule check
