[2023-06-11T04:52:17.317+0000] {taskinstance.py:1103} INFO - Dependencies all met for dep_context=non-requeueable deps ti=<TaskInstance: first_dag_02.second_task scheduled__2021-10-01T00:00:00+00:00 [queued]>
[2023-06-11T04:52:17.353+0000] {taskinstance.py:1103} INFO - Dependencies all met for dep_context=requeueable deps ti=<TaskInstance: first_dag_02.second_task scheduled__2021-10-01T00:00:00+00:00 [queued]>
[2023-06-11T04:52:17.353+0000] {taskinstance.py:1308} INFO - Starting attempt 1 of 6
[2023-06-11T04:52:18.562+0000] {taskinstance.py:1327} INFO - Executing <Task(BashOperator): second_task> on 2021-10-01 00:00:00+00:00
[2023-06-11T04:52:18.722+0000] {standard_task_runner.py:57} INFO - Started process 926 to run task
[2023-06-11T04:52:18.763+0000] {standard_task_runner.py:84} INFO - Running: ['***', 'tasks', 'run', 'first_dag_02', 'second_task', 'scheduled__2021-10-01T00:00:00+00:00', '--job-id', '273', '--raw', '--subdir', 'DAGS_FOLDER/First_dag.py', '--cfg-path', '/tmp/tmp4k3kjirz']
[2023-06-11T04:52:18.766+0000] {standard_task_runner.py:85} INFO - Job 273: Subtask second_task
[2023-06-11T04:52:20.076+0000] {task_command.py:410} INFO - Running <TaskInstance: first_dag_02.second_task scheduled__2021-10-01T00:00:00+00:00 [running]> on host 4b1b5d40d165
[2023-06-11T04:52:23.674+0000] {taskinstance.py:1547} INFO - Exporting env vars: AIRFLOW_CTX_DAG_OWNER='Raja' AIRFLOW_CTX_DAG_ID='first_dag_02' AIRFLOW_CTX_TASK_ID='second_task' AIRFLOW_CTX_EXECUTION_DATE='2021-10-01T00:00:00+00:00' AIRFLOW_CTX_TRY_NUMBER='1' AIRFLOW_CTX_DAG_RUN_ID='scheduled__2021-10-01T00:00:00+00:00'
[2023-06-11T04:52:23.679+0000] {subprocess.py:63} INFO - Tmp dir root location: 
 /tmp
[2023-06-11T04:52:23.683+0000] {subprocess.py:75} INFO - Running command: ['/bin/bash', '-c', 'echo hey, I am task2 and will be running after task1!']
[2023-06-11T04:52:23.841+0000] {subprocess.py:86} INFO - Output:
[2023-06-11T04:52:23.864+0000] {subprocess.py:93} INFO - hey, I am task2 and will be running after task1!
[2023-06-11T04:52:23.865+0000] {subprocess.py:97} INFO - Command exited with return code 0
[2023-06-11T04:52:24.343+0000] {taskinstance.py:1350} INFO - Marking task as SUCCESS. dag_id=first_dag_02, task_id=second_task, execution_date=20211001T000000, start_date=20230611T045217, end_date=20230611T045224
[2023-06-11T04:52:24.778+0000] {local_task_job_runner.py:225} INFO - Task exited with return code 0
[2023-06-11T04:52:26.327+0000] {taskinstance.py:2651} INFO - 0 downstream tasks scheduled from follow-on schedule check
[2023-06-11T08:29:15.488+0000] {taskinstance.py:1103} INFO - Dependencies all met for dep_context=non-requeueable deps ti=<TaskInstance: first_dag_02.second_task scheduled__2021-10-01T00:00:00+00:00 [queued]>
[2023-06-11T08:29:16.099+0000] {taskinstance.py:1103} INFO - Dependencies all met for dep_context=requeueable deps ti=<TaskInstance: first_dag_02.second_task scheduled__2021-10-01T00:00:00+00:00 [queued]>
[2023-06-11T08:29:16.101+0000] {taskinstance.py:1308} INFO - Starting attempt 1 of 6
[2023-06-11T08:29:16.835+0000] {taskinstance.py:1327} INFO - Executing <Task(BashOperator): second_task> on 2021-10-01 00:00:00+00:00
[2023-06-11T08:29:16.852+0000] {standard_task_runner.py:57} INFO - Started process 1301 to run task
[2023-06-11T08:29:16.870+0000] {standard_task_runner.py:84} INFO - Running: ['***', 'tasks', 'run', 'first_dag_02', 'second_task', 'scheduled__2021-10-01T00:00:00+00:00', '--job-id', '399', '--raw', '--subdir', 'DAGS_FOLDER/First_dag.py', '--cfg-path', '/tmp/tmpdgb0imbd']
[2023-06-11T08:29:16.908+0000] {standard_task_runner.py:85} INFO - Job 399: Subtask second_task
[2023-06-11T08:29:18.728+0000] {task_command.py:410} INFO - Running <TaskInstance: first_dag_02.second_task scheduled__2021-10-01T00:00:00+00:00 [running]> on host 492037cdd057
[2023-06-11T08:29:21.893+0000] {taskinstance.py:1547} INFO - Exporting env vars: AIRFLOW_CTX_DAG_OWNER='Raja' AIRFLOW_CTX_DAG_ID='first_dag_02' AIRFLOW_CTX_TASK_ID='second_task' AIRFLOW_CTX_EXECUTION_DATE='2021-10-01T00:00:00+00:00' AIRFLOW_CTX_TRY_NUMBER='1' AIRFLOW_CTX_DAG_RUN_ID='scheduled__2021-10-01T00:00:00+00:00'
[2023-06-11T08:29:21.897+0000] {subprocess.py:63} INFO - Tmp dir root location: 
 /tmp
[2023-06-11T08:29:21.898+0000] {subprocess.py:75} INFO - Running command: ['/bin/bash', '-c', 'echo hey, I am task2 and will be running after task1!']
[2023-06-11T08:29:22.030+0000] {subprocess.py:86} INFO - Output:
[2023-06-11T08:29:22.089+0000] {subprocess.py:93} INFO - hey, I am task2 and will be running after task1!
[2023-06-11T08:29:22.090+0000] {subprocess.py:97} INFO - Command exited with return code 0
[2023-06-11T08:29:22.517+0000] {taskinstance.py:1350} INFO - Marking task as SUCCESS. dag_id=first_dag_02, task_id=second_task, execution_date=20211001T000000, start_date=20230611T082915, end_date=20230611T082922
[2023-06-11T08:29:23.266+0000] {local_task_job_runner.py:225} INFO - Task exited with return code 0
[2023-06-11T08:29:23.769+0000] {taskinstance.py:2651} INFO - 0 downstream tasks scheduled from follow-on schedule check
[2023-06-11T08:51:38.195+0000] {taskinstance.py:1103} INFO - Dependencies all met for dep_context=non-requeueable deps ti=<TaskInstance: first_dag_02.second_task scheduled__2021-10-01T00:00:00+00:00 [queued]>
[2023-06-11T08:51:38.450+0000] {taskinstance.py:1103} INFO - Dependencies all met for dep_context=requeueable deps ti=<TaskInstance: first_dag_02.second_task scheduled__2021-10-01T00:00:00+00:00 [queued]>
[2023-06-11T08:51:38.455+0000] {taskinstance.py:1308} INFO - Starting attempt 1 of 6
[2023-06-11T08:51:39.020+0000] {taskinstance.py:1327} INFO - Executing <Task(BashOperator): second_task> on 2021-10-01 00:00:00+00:00
[2023-06-11T08:51:39.068+0000] {standard_task_runner.py:57} INFO - Started process 1158 to run task
[2023-06-11T08:51:39.155+0000] {standard_task_runner.py:84} INFO - Running: ['***', 'tasks', 'run', 'first_dag_02', 'second_task', 'scheduled__2021-10-01T00:00:00+00:00', '--job-id', '357', '--raw', '--subdir', 'DAGS_FOLDER/First_dag.py', '--cfg-path', '/tmp/tmpjn58hsgt']
[2023-06-11T08:51:39.176+0000] {standard_task_runner.py:85} INFO - Job 357: Subtask second_task
[2023-06-11T08:51:39.649+0000] {task_command.py:410} INFO - Running <TaskInstance: first_dag_02.second_task scheduled__2021-10-01T00:00:00+00:00 [running]> on host 964e508aad03
[2023-06-11T08:51:41.605+0000] {taskinstance.py:1547} INFO - Exporting env vars: AIRFLOW_CTX_DAG_OWNER='Raja' AIRFLOW_CTX_DAG_ID='first_dag_02' AIRFLOW_CTX_TASK_ID='second_task' AIRFLOW_CTX_EXECUTION_DATE='2021-10-01T00:00:00+00:00' AIRFLOW_CTX_TRY_NUMBER='1' AIRFLOW_CTX_DAG_RUN_ID='scheduled__2021-10-01T00:00:00+00:00'
[2023-06-11T08:51:41.608+0000] {subprocess.py:63} INFO - Tmp dir root location: 
 /tmp
[2023-06-11T08:51:41.609+0000] {subprocess.py:75} INFO - Running command: ['/bin/bash', '-c', 'echo hey, I am task2 and will be running after task1!']
[2023-06-11T08:51:41.792+0000] {subprocess.py:86} INFO - Output:
[2023-06-11T08:51:41.822+0000] {subprocess.py:93} INFO - hey, I am task2 and will be running after task1!
[2023-06-11T08:51:41.823+0000] {subprocess.py:97} INFO - Command exited with return code 0
[2023-06-11T08:51:42.282+0000] {taskinstance.py:1350} INFO - Marking task as SUCCESS. dag_id=first_dag_02, task_id=second_task, execution_date=20211001T000000, start_date=20230611T085138, end_date=20230611T085142
[2023-06-11T08:51:42.517+0000] {local_task_job_runner.py:225} INFO - Task exited with return code 0
[2023-06-11T08:51:42.746+0000] {taskinstance.py:2651} INFO - 0 downstream tasks scheduled from follow-on schedule check
[2023-06-11T10:57:24.088+0000] {taskinstance.py:1103} INFO - Dependencies all met for dep_context=non-requeueable deps ti=<TaskInstance: first_dag_02.second_task scheduled__2021-10-01T00:00:00+00:00 [queued]>
[2023-06-11T10:57:25.078+0000] {taskinstance.py:1103} INFO - Dependencies all met for dep_context=requeueable deps ti=<TaskInstance: first_dag_02.second_task scheduled__2021-10-01T00:00:00+00:00 [queued]>
[2023-06-11T10:57:25.109+0000] {taskinstance.py:1308} INFO - Starting attempt 1 of 6
[2023-06-11T10:57:25.570+0000] {taskinstance.py:1327} INFO - Executing <Task(BashOperator): second_task> on 2021-10-01 00:00:00+00:00
[2023-06-11T10:57:25.607+0000] {standard_task_runner.py:57} INFO - Started process 1237 to run task
[2023-06-11T10:57:25.678+0000] {standard_task_runner.py:84} INFO - Running: ['***', 'tasks', 'run', 'first_dag_02', 'second_task', 'scheduled__2021-10-01T00:00:00+00:00', '--job-id', '338', '--raw', '--subdir', 'DAGS_FOLDER/First_dag.py', '--cfg-path', '/tmp/tmpc_lpm445']
[2023-06-11T10:57:25.708+0000] {standard_task_runner.py:85} INFO - Job 338: Subtask second_task
[2023-06-11T10:57:27.210+0000] {task_command.py:410} INFO - Running <TaskInstance: first_dag_02.second_task scheduled__2021-10-01T00:00:00+00:00 [running]> on host 7586ce0070ac
[2023-06-11T10:57:30.270+0000] {taskinstance.py:1547} INFO - Exporting env vars: AIRFLOW_CTX_DAG_OWNER='Raja' AIRFLOW_CTX_DAG_ID='first_dag_02' AIRFLOW_CTX_TASK_ID='second_task' AIRFLOW_CTX_EXECUTION_DATE='2021-10-01T00:00:00+00:00' AIRFLOW_CTX_TRY_NUMBER='1' AIRFLOW_CTX_DAG_RUN_ID='scheduled__2021-10-01T00:00:00+00:00'
[2023-06-11T10:57:30.306+0000] {subprocess.py:63} INFO - Tmp dir root location: 
 /tmp
[2023-06-11T10:57:30.310+0000] {subprocess.py:75} INFO - Running command: ['/bin/bash', '-c', 'echo hey, I am task2 and will be running after task1!']
[2023-06-11T10:57:31.253+0000] {subprocess.py:86} INFO - Output:
[2023-06-11T10:57:31.624+0000] {subprocess.py:93} INFO - hey, I am task2 and will be running after task1!
[2023-06-11T10:57:31.628+0000] {subprocess.py:97} INFO - Command exited with return code 0
[2023-06-11T10:57:32.679+0000] {taskinstance.py:1350} INFO - Marking task as SUCCESS. dag_id=first_dag_02, task_id=second_task, execution_date=20211001T000000, start_date=20230611T105724, end_date=20230611T105732
[2023-06-11T10:57:33.282+0000] {local_task_job_runner.py:225} INFO - Task exited with return code 0
[2023-06-11T10:57:34.762+0000] {taskinstance.py:2651} INFO - 0 downstream tasks scheduled from follow-on schedule check
