[2023-06-11T04:54:55.483+0000] {taskinstance.py:1103} INFO - Dependencies all met for dep_context=non-requeueable deps ti=<TaskInstance: first_dag_02.first_task scheduled__2021-10-29T00:00:00+00:00 [queued]>
[2023-06-11T04:54:55.741+0000] {taskinstance.py:1103} INFO - Dependencies all met for dep_context=requeueable deps ti=<TaskInstance: first_dag_02.first_task scheduled__2021-10-29T00:00:00+00:00 [queued]>
[2023-06-11T04:54:55.742+0000] {taskinstance.py:1308} INFO - Starting attempt 1 of 6
[2023-06-11T04:54:56.646+0000] {taskinstance.py:1327} INFO - Executing <Task(BashOperator): first_task> on 2021-10-29 00:00:00+00:00
[2023-06-11T04:54:56.671+0000] {standard_task_runner.py:57} INFO - Started process 1187 to run task
[2023-06-11T04:54:56.701+0000] {standard_task_runner.py:84} INFO - Running: ['***', 'tasks', 'run', 'first_dag_02', 'first_task', 'scheduled__2021-10-29T00:00:00+00:00', '--job-id', '350', '--raw', '--subdir', 'DAGS_FOLDER/First_dag.py', '--cfg-path', '/tmp/tmpl8z5zp_m']
[2023-06-11T04:54:56.702+0000] {standard_task_runner.py:85} INFO - Job 350: Subtask first_task
[2023-06-11T04:54:58.436+0000] {task_command.py:410} INFO - Running <TaskInstance: first_dag_02.first_task scheduled__2021-10-29T00:00:00+00:00 [running]> on host 4b1b5d40d165
[2023-06-11T04:55:02.130+0000] {taskinstance.py:1547} INFO - Exporting env vars: AIRFLOW_CTX_DAG_OWNER='Raja' AIRFLOW_CTX_DAG_ID='first_dag_02' AIRFLOW_CTX_TASK_ID='first_task' AIRFLOW_CTX_EXECUTION_DATE='2021-10-29T00:00:00+00:00' AIRFLOW_CTX_TRY_NUMBER='1' AIRFLOW_CTX_DAG_RUN_ID='scheduled__2021-10-29T00:00:00+00:00'
[2023-06-11T04:55:02.218+0000] {subprocess.py:63} INFO - Tmp dir root location: 
 /tmp
[2023-06-11T04:55:02.219+0000] {subprocess.py:75} INFO - Running command: ['/bin/bash', '-c', 'echo hello world, this is the first task!']
[2023-06-11T04:55:02.435+0000] {subprocess.py:86} INFO - Output:
[2023-06-11T04:55:02.535+0000] {subprocess.py:93} INFO - hello world, this is the first task!
[2023-06-11T04:55:02.549+0000] {subprocess.py:97} INFO - Command exited with return code 0
[2023-06-11T04:55:03.415+0000] {taskinstance.py:1350} INFO - Marking task as SUCCESS. dag_id=first_dag_02, task_id=first_task, execution_date=20211029T000000, start_date=20230611T045455, end_date=20230611T045503
[2023-06-11T04:55:04.088+0000] {local_task_job_runner.py:225} INFO - Task exited with return code 0
[2023-06-11T04:55:04.605+0000] {taskinstance.py:2651} INFO - 2 downstream tasks scheduled from follow-on schedule check
[2023-06-11T08:33:44.483+0000] {taskinstance.py:1103} INFO - Dependencies all met for dep_context=non-requeueable deps ti=<TaskInstance: first_dag_02.first_task scheduled__2021-10-29T00:00:00+00:00 [queued]>
[2023-06-11T08:33:44.682+0000] {taskinstance.py:1103} INFO - Dependencies all met for dep_context=requeueable deps ti=<TaskInstance: first_dag_02.first_task scheduled__2021-10-29T00:00:00+00:00 [queued]>
[2023-06-11T08:33:44.683+0000] {taskinstance.py:1308} INFO - Starting attempt 1 of 6
[2023-06-11T08:33:45.409+0000] {taskinstance.py:1327} INFO - Executing <Task(BashOperator): first_task> on 2021-10-29 00:00:00+00:00
[2023-06-11T08:33:45.447+0000] {standard_task_runner.py:57} INFO - Started process 100 to run task
[2023-06-11T08:33:45.482+0000] {standard_task_runner.py:84} INFO - Running: ['***', 'tasks', 'run', 'first_dag_02', 'first_task', 'scheduled__2021-10-29T00:00:00+00:00', '--job-id', '474', '--raw', '--subdir', 'DAGS_FOLDER/First_dag.py', '--cfg-path', '/tmp/tmpgppnobzx']
[2023-06-11T08:33:45.484+0000] {standard_task_runner.py:85} INFO - Job 474: Subtask first_task
[2023-06-11T08:33:46.967+0000] {task_command.py:410} INFO - Running <TaskInstance: first_dag_02.first_task scheduled__2021-10-29T00:00:00+00:00 [running]> on host 492037cdd057
[2023-06-11T08:33:48.330+0000] {taskinstance.py:1547} INFO - Exporting env vars: AIRFLOW_CTX_DAG_OWNER='Raja' AIRFLOW_CTX_DAG_ID='first_dag_02' AIRFLOW_CTX_TASK_ID='first_task' AIRFLOW_CTX_EXECUTION_DATE='2021-10-29T00:00:00+00:00' AIRFLOW_CTX_TRY_NUMBER='1' AIRFLOW_CTX_DAG_RUN_ID='scheduled__2021-10-29T00:00:00+00:00'
[2023-06-11T08:33:48.345+0000] {subprocess.py:63} INFO - Tmp dir root location: 
 /tmp
[2023-06-11T08:33:48.347+0000] {subprocess.py:75} INFO - Running command: ['/bin/bash', '-c', 'echo hello world, this is the first task!']
[2023-06-11T08:33:48.593+0000] {subprocess.py:86} INFO - Output:
[2023-06-11T08:33:48.633+0000] {subprocess.py:93} INFO - hello world, this is the first task!
[2023-06-11T08:33:48.634+0000] {subprocess.py:97} INFO - Command exited with return code 0
[2023-06-11T08:33:49.015+0000] {taskinstance.py:1350} INFO - Marking task as SUCCESS. dag_id=first_dag_02, task_id=first_task, execution_date=20211029T000000, start_date=20230611T083344, end_date=20230611T083349
[2023-06-11T08:33:49.508+0000] {local_task_job_runner.py:225} INFO - Task exited with return code 0
[2023-06-11T08:33:50.112+0000] {taskinstance.py:2651} INFO - 2 downstream tasks scheduled from follow-on schedule check
[2023-06-11T08:52:36.638+0000] {taskinstance.py:1103} INFO - Dependencies all met for dep_context=non-requeueable deps ti=<TaskInstance: first_dag_02.first_task scheduled__2021-10-29T00:00:00+00:00 [queued]>
[2023-06-11T08:52:37.015+0000] {taskinstance.py:1103} INFO - Dependencies all met for dep_context=requeueable deps ti=<TaskInstance: first_dag_02.first_task scheduled__2021-10-29T00:00:00+00:00 [queued]>
[2023-06-11T08:52:37.016+0000] {taskinstance.py:1308} INFO - Starting attempt 1 of 6
[2023-06-11T08:52:37.847+0000] {taskinstance.py:1327} INFO - Executing <Task(BashOperator): first_task> on 2021-10-29 00:00:00+00:00
[2023-06-11T08:52:37.976+0000] {standard_task_runner.py:57} INFO - Started process 1375 to run task
[2023-06-11T08:52:38.026+0000] {standard_task_runner.py:84} INFO - Running: ['***', 'tasks', 'run', 'first_dag_02', 'first_task', 'scheduled__2021-10-29T00:00:00+00:00', '--job-id', '426', '--raw', '--subdir', 'DAGS_FOLDER/First_dag.py', '--cfg-path', '/tmp/tmpsipvohrl']
[2023-06-11T08:52:38.027+0000] {standard_task_runner.py:85} INFO - Job 426: Subtask first_task
[2023-06-11T08:52:39.095+0000] {task_command.py:410} INFO - Running <TaskInstance: first_dag_02.first_task scheduled__2021-10-29T00:00:00+00:00 [running]> on host 964e508aad03
[2023-06-11T08:52:41.654+0000] {taskinstance.py:1547} INFO - Exporting env vars: AIRFLOW_CTX_DAG_OWNER='Raja' AIRFLOW_CTX_DAG_ID='first_dag_02' AIRFLOW_CTX_TASK_ID='first_task' AIRFLOW_CTX_EXECUTION_DATE='2021-10-29T00:00:00+00:00' AIRFLOW_CTX_TRY_NUMBER='1' AIRFLOW_CTX_DAG_RUN_ID='scheduled__2021-10-29T00:00:00+00:00'
[2023-06-11T08:52:41.656+0000] {subprocess.py:63} INFO - Tmp dir root location: 
 /tmp
[2023-06-11T08:52:41.675+0000] {subprocess.py:75} INFO - Running command: ['/bin/bash', '-c', 'echo hello world, this is the first task!']
[2023-06-11T08:52:41.808+0000] {subprocess.py:86} INFO - Output:
[2023-06-11T08:52:41.850+0000] {subprocess.py:93} INFO - hello world, this is the first task!
[2023-06-11T08:52:41.851+0000] {subprocess.py:97} INFO - Command exited with return code 0
[2023-06-11T08:52:42.295+0000] {taskinstance.py:1350} INFO - Marking task as SUCCESS. dag_id=first_dag_02, task_id=first_task, execution_date=20211029T000000, start_date=20230611T085236, end_date=20230611T085242
[2023-06-11T08:52:42.528+0000] {local_task_job_runner.py:225} INFO - Task exited with return code 0
[2023-06-11T08:52:42.885+0000] {taskinstance.py:2651} INFO - 2 downstream tasks scheduled from follow-on schedule check
[2023-06-11T11:03:06.437+0000] {taskinstance.py:1103} INFO - Dependencies all met for dep_context=non-requeueable deps ti=<TaskInstance: first_dag_02.first_task scheduled__2021-10-29T00:00:00+00:00 [queued]>
[2023-06-11T11:03:06.869+0000] {taskinstance.py:1103} INFO - Dependencies all met for dep_context=requeueable deps ti=<TaskInstance: first_dag_02.first_task scheduled__2021-10-29T00:00:00+00:00 [queued]>
[2023-06-11T11:03:06.873+0000] {taskinstance.py:1308} INFO - Starting attempt 1 of 6
[2023-06-11T11:03:13.260+0000] {taskinstance.py:1327} INFO - Executing <Task(BashOperator): first_task> on 2021-10-29 00:00:00+00:00
[2023-06-11T11:03:13.399+0000] {standard_task_runner.py:57} INFO - Started process 1596 to run task
[2023-06-11T11:03:13.933+0000] {standard_task_runner.py:84} INFO - Running: ['***', 'tasks', 'run', 'first_dag_02', 'first_task', 'scheduled__2021-10-29T00:00:00+00:00', '--job-id', '438', '--raw', '--subdir', 'DAGS_FOLDER/First_dag.py', '--cfg-path', '/tmp/tmpr101b8vk']
[2023-06-11T11:03:13.934+0000] {standard_task_runner.py:85} INFO - Job 438: Subtask first_task
[2023-06-11T11:03:17.978+0000] {task_command.py:410} INFO - Running <TaskInstance: first_dag_02.first_task scheduled__2021-10-29T00:00:00+00:00 [running]> on host 7586ce0070ac
