[2023-06-11T04:46:59.428+0000] {taskinstance.py:1103} INFO - Dependencies all met for dep_context=non-requeueable deps ti=<TaskInstance: first_dag_02.second_task scheduled__2021-08-23T00:00:00+00:00 [queued]>
[2023-06-11T04:46:59.929+0000] {taskinstance.py:1103} INFO - Dependencies all met for dep_context=requeueable deps ti=<TaskInstance: first_dag_02.second_task scheduled__2021-08-23T00:00:00+00:00 [queued]>
[2023-06-11T04:46:59.942+0000] {taskinstance.py:1308} INFO - Starting attempt 1 of 6
[2023-06-11T04:47:02.280+0000] {taskinstance.py:1327} INFO - Executing <Task(BashOperator): second_task> on 2021-08-23 00:00:00+00:00
[2023-06-11T04:47:02.339+0000] {standard_task_runner.py:57} INFO - Started process 472 to run task
[2023-06-11T04:47:02.565+0000] {standard_task_runner.py:84} INFO - Running: ['***', 'tasks', 'run', 'first_dag_02', 'second_task', 'scheduled__2021-08-23T00:00:00+00:00', '--job-id', '132', '--raw', '--subdir', 'DAGS_FOLDER/First_dag.py', '--cfg-path', '/tmp/tmpavqx0jn1']
[2023-06-11T04:47:02.583+0000] {standard_task_runner.py:85} INFO - Job 132: Subtask second_task
[2023-06-11T04:47:04.518+0000] {task_command.py:410} INFO - Running <TaskInstance: first_dag_02.second_task scheduled__2021-08-23T00:00:00+00:00 [running]> on host 4b1b5d40d165
[2023-06-11T04:47:11.150+0000] {taskinstance.py:1547} INFO - Exporting env vars: AIRFLOW_CTX_DAG_OWNER='Raja' AIRFLOW_CTX_DAG_ID='first_dag_02' AIRFLOW_CTX_TASK_ID='second_task' AIRFLOW_CTX_EXECUTION_DATE='2021-08-23T00:00:00+00:00' AIRFLOW_CTX_TRY_NUMBER='1' AIRFLOW_CTX_DAG_RUN_ID='scheduled__2021-08-23T00:00:00+00:00'
[2023-06-11T04:47:11.183+0000] {subprocess.py:63} INFO - Tmp dir root location: 
 /tmp
[2023-06-11T04:47:11.210+0000] {subprocess.py:75} INFO - Running command: ['/bin/bash', '-c', 'echo hey, I am task2 and will be running after task1!']
[2023-06-11T04:47:11.912+0000] {subprocess.py:86} INFO - Output:
[2023-06-11T04:47:12.126+0000] {subprocess.py:93} INFO - hey, I am task2 and will be running after task1!
[2023-06-11T04:47:12.128+0000] {subprocess.py:97} INFO - Command exited with return code 0
[2023-06-11T04:47:14.581+0000] {taskinstance.py:1350} INFO - Marking task as SUCCESS. dag_id=first_dag_02, task_id=second_task, execution_date=20210823T000000, start_date=20230611T044659, end_date=20230611T044714
[2023-06-11T04:47:16.371+0000] {local_task_job_runner.py:225} INFO - Task exited with return code 0
[2023-06-11T04:47:17.601+0000] {taskinstance.py:2651} INFO - 0 downstream tasks scheduled from follow-on schedule check
[2023-06-11T05:16:47.838+0000] {taskinstance.py:1103} INFO - Dependencies all met for dep_context=non-requeueable deps ti=<TaskInstance: first_dag_02.second_task scheduled__2021-08-23T00:00:00+00:00 [queued]>
[2023-06-11T05:16:47.964+0000] {taskinstance.py:1103} INFO - Dependencies all met for dep_context=requeueable deps ti=<TaskInstance: first_dag_02.second_task scheduled__2021-08-23T00:00:00+00:00 [queued]>
[2023-06-11T05:16:47.971+0000] {taskinstance.py:1308} INFO - Starting attempt 1 of 6
[2023-06-11T05:16:48.138+0000] {taskinstance.py:1327} INFO - Executing <Task(BashOperator): second_task> on 2021-08-23 00:00:00+00:00
[2023-06-11T05:16:48.150+0000] {standard_task_runner.py:57} INFO - Started process 418 to run task
[2023-06-11T05:16:48.181+0000] {standard_task_runner.py:84} INFO - Running: ['***', 'tasks', 'run', 'first_dag_02', 'second_task', 'scheduled__2021-08-23T00:00:00+00:00', '--job-id', '108', '--raw', '--subdir', 'DAGS_FOLDER/First_dag.py', '--cfg-path', '/tmp/tmp4l7cyoim']
[2023-06-11T05:16:48.185+0000] {standard_task_runner.py:85} INFO - Job 108: Subtask second_task
[2023-06-11T05:16:48.423+0000] {task_command.py:410} INFO - Running <TaskInstance: first_dag_02.second_task scheduled__2021-08-23T00:00:00+00:00 [running]> on host 69e374580eab
[2023-06-11T05:16:49.214+0000] {taskinstance.py:1547} INFO - Exporting env vars: AIRFLOW_CTX_DAG_OWNER='Raja' AIRFLOW_CTX_DAG_ID='first_dag_02' AIRFLOW_CTX_TASK_ID='second_task' AIRFLOW_CTX_EXECUTION_DATE='2021-08-23T00:00:00+00:00' AIRFLOW_CTX_TRY_NUMBER='1' AIRFLOW_CTX_DAG_RUN_ID='scheduled__2021-08-23T00:00:00+00:00'
[2023-06-11T05:16:49.230+0000] {subprocess.py:63} INFO - Tmp dir root location: 
 /tmp
[2023-06-11T05:16:49.231+0000] {subprocess.py:75} INFO - Running command: ['/bin/bash', '-c', 'echo hey, I am task2 and will be running after task1!']
[2023-06-11T05:16:49.274+0000] {subprocess.py:86} INFO - Output:
[2023-06-11T05:16:49.306+0000] {subprocess.py:93} INFO - hey, I am task2 and will be running after task1!
[2023-06-11T05:16:49.307+0000] {subprocess.py:97} INFO - Command exited with return code 0
[2023-06-11T05:16:49.710+0000] {taskinstance.py:1350} INFO - Marking task as SUCCESS. dag_id=first_dag_02, task_id=second_task, execution_date=20210823T000000, start_date=20230611T051647, end_date=20230611T051649
[2023-06-11T05:16:49.836+0000] {local_task_job_runner.py:225} INFO - Task exited with return code 0
[2023-06-11T05:16:50.141+0000] {taskinstance.py:2651} INFO - 0 downstream tasks scheduled from follow-on schedule check
[2023-06-11T08:20:43.952+0000] {taskinstance.py:1103} INFO - Dependencies all met for dep_context=non-requeueable deps ti=<TaskInstance: first_dag_02.second_task scheduled__2021-08-23T00:00:00+00:00 [queued]>
[2023-06-11T08:20:44.135+0000] {taskinstance.py:1103} INFO - Dependencies all met for dep_context=requeueable deps ti=<TaskInstance: first_dag_02.second_task scheduled__2021-08-23T00:00:00+00:00 [queued]>
[2023-06-11T08:20:44.136+0000] {taskinstance.py:1308} INFO - Starting attempt 1 of 6
[2023-06-11T08:20:45.122+0000] {taskinstance.py:1327} INFO - Executing <Task(BashOperator): second_task> on 2021-08-23 00:00:00+00:00
[2023-06-11T08:20:45.344+0000] {standard_task_runner.py:57} INFO - Started process 640 to run task
[2023-06-11T08:20:45.548+0000] {standard_task_runner.py:84} INFO - Running: ['***', 'tasks', 'run', 'first_dag_02', 'second_task', 'scheduled__2021-08-23T00:00:00+00:00', '--job-id', '208', '--raw', '--subdir', 'DAGS_FOLDER/First_dag.py', '--cfg-path', '/tmp/tmp1lmsv7gx']
[2023-06-11T08:20:45.700+0000] {standard_task_runner.py:85} INFO - Job 208: Subtask second_task
[2023-06-11T08:20:48.437+0000] {task_command.py:410} INFO - Running <TaskInstance: first_dag_02.second_task scheduled__2021-08-23T00:00:00+00:00 [running]> on host 492037cdd057
[2023-06-11T08:20:55.642+0000] {taskinstance.py:1547} INFO - Exporting env vars: AIRFLOW_CTX_DAG_OWNER='Raja' AIRFLOW_CTX_DAG_ID='first_dag_02' AIRFLOW_CTX_TASK_ID='second_task' AIRFLOW_CTX_EXECUTION_DATE='2021-08-23T00:00:00+00:00' AIRFLOW_CTX_TRY_NUMBER='1' AIRFLOW_CTX_DAG_RUN_ID='scheduled__2021-08-23T00:00:00+00:00'
[2023-06-11T08:20:55.675+0000] {subprocess.py:63} INFO - Tmp dir root location: 
 /tmp
[2023-06-11T08:20:55.740+0000] {subprocess.py:75} INFO - Running command: ['/bin/bash', '-c', 'echo hey, I am task2 and will be running after task1!']
[2023-06-11T08:20:56.662+0000] {subprocess.py:86} INFO - Output:
[2023-06-11T08:20:57.030+0000] {subprocess.py:93} INFO - hey, I am task2 and will be running after task1!
[2023-06-11T08:20:57.042+0000] {subprocess.py:97} INFO - Command exited with return code 0
[2023-06-11T08:20:59.826+0000] {taskinstance.py:1350} INFO - Marking task as SUCCESS. dag_id=first_dag_02, task_id=second_task, execution_date=20210823T000000, start_date=20230611T082043, end_date=20230611T082059
[2023-06-11T08:21:00.738+0000] {local_task_job_runner.py:225} INFO - Task exited with return code 0
[2023-06-11T08:21:01.581+0000] {taskinstance.py:2651} INFO - 0 downstream tasks scheduled from follow-on schedule check
[2023-06-11T08:48:51.921+0000] {taskinstance.py:1103} INFO - Dependencies all met for dep_context=non-requeueable deps ti=<TaskInstance: first_dag_02.second_task scheduled__2021-08-23T00:00:00+00:00 [queued]>
[2023-06-11T08:48:52.119+0000] {taskinstance.py:1103} INFO - Dependencies all met for dep_context=requeueable deps ti=<TaskInstance: first_dag_02.second_task scheduled__2021-08-23T00:00:00+00:00 [queued]>
[2023-06-11T08:48:52.119+0000] {taskinstance.py:1308} INFO - Starting attempt 1 of 6
[2023-06-11T08:48:52.770+0000] {taskinstance.py:1327} INFO - Executing <Task(BashOperator): second_task> on 2021-08-23 00:00:00+00:00
[2023-06-11T08:48:52.867+0000] {standard_task_runner.py:57} INFO - Started process 535 to run task
[2023-06-11T08:48:52.923+0000] {standard_task_runner.py:84} INFO - Running: ['***', 'tasks', 'run', 'first_dag_02', 'second_task', 'scheduled__2021-08-23T00:00:00+00:00', '--job-id', '161', '--raw', '--subdir', 'DAGS_FOLDER/First_dag.py', '--cfg-path', '/tmp/tmpn759pbc_']
[2023-06-11T08:48:52.923+0000] {standard_task_runner.py:85} INFO - Job 161: Subtask second_task
[2023-06-11T08:48:53.363+0000] {task_command.py:410} INFO - Running <TaskInstance: first_dag_02.second_task scheduled__2021-08-23T00:00:00+00:00 [running]> on host 964e508aad03
[2023-06-11T08:48:55.111+0000] {taskinstance.py:1547} INFO - Exporting env vars: AIRFLOW_CTX_DAG_OWNER='Raja' AIRFLOW_CTX_DAG_ID='first_dag_02' AIRFLOW_CTX_TASK_ID='second_task' AIRFLOW_CTX_EXECUTION_DATE='2021-08-23T00:00:00+00:00' AIRFLOW_CTX_TRY_NUMBER='1' AIRFLOW_CTX_DAG_RUN_ID='scheduled__2021-08-23T00:00:00+00:00'
[2023-06-11T08:48:55.115+0000] {subprocess.py:63} INFO - Tmp dir root location: 
 /tmp
[2023-06-11T08:48:55.116+0000] {subprocess.py:75} INFO - Running command: ['/bin/bash', '-c', 'echo hey, I am task2 and will be running after task1!']
[2023-06-11T08:48:55.384+0000] {subprocess.py:86} INFO - Output:
[2023-06-11T08:48:55.461+0000] {subprocess.py:93} INFO - hey, I am task2 and will be running after task1!
[2023-06-11T08:48:55.465+0000] {subprocess.py:97} INFO - Command exited with return code 0
[2023-06-11T08:48:55.720+0000] {taskinstance.py:1350} INFO - Marking task as SUCCESS. dag_id=first_dag_02, task_id=second_task, execution_date=20210823T000000, start_date=20230611T084851, end_date=20230611T084855
[2023-06-11T08:48:55.999+0000] {local_task_job_runner.py:225} INFO - Task exited with return code 0
[2023-06-11T08:48:56.235+0000] {taskinstance.py:2651} INFO - 0 downstream tasks scheduled from follow-on schedule check
[2023-06-11T10:41:16.070+0000] {taskinstance.py:1103} INFO - Dependencies all met for dep_context=non-requeueable deps ti=<TaskInstance: first_dag_02.second_task scheduled__2021-08-23T00:00:00+00:00 [queued]>
[2023-06-11T10:41:16.559+0000] {taskinstance.py:1103} INFO - Dependencies all met for dep_context=requeueable deps ti=<TaskInstance: first_dag_02.second_task scheduled__2021-08-23T00:00:00+00:00 [queued]>
[2023-06-11T10:41:16.559+0000] {taskinstance.py:1308} INFO - Starting attempt 1 of 6
[2023-06-11T10:41:19.254+0000] {taskinstance.py:1327} INFO - Executing <Task(BashOperator): second_task> on 2021-08-23 00:00:00+00:00
[2023-06-11T10:41:19.433+0000] {standard_task_runner.py:84} INFO - Running: ['***', 'tasks', 'run', 'first_dag_02', 'second_task', 'scheduled__2021-08-23T00:00:00+00:00', '--job-id', '166', '--raw', '--subdir', 'DAGS_FOLDER/First_dag.py', '--cfg-path', '/tmp/tmpuyx1jch2']
[2023-06-11T10:41:19.435+0000] {standard_task_runner.py:85} INFO - Job 166: Subtask second_task
[2023-06-11T10:41:19.616+0000] {standard_task_runner.py:57} INFO - Started process 610 to run task
[2023-06-11T10:41:21.202+0000] {task_command.py:410} INFO - Running <TaskInstance: first_dag_02.second_task scheduled__2021-08-23T00:00:00+00:00 [running]> on host 7586ce0070ac
[2023-06-11T10:41:24.951+0000] {taskinstance.py:1547} INFO - Exporting env vars: AIRFLOW_CTX_DAG_OWNER='Raja' AIRFLOW_CTX_DAG_ID='first_dag_02' AIRFLOW_CTX_TASK_ID='second_task' AIRFLOW_CTX_EXECUTION_DATE='2021-08-23T00:00:00+00:00' AIRFLOW_CTX_TRY_NUMBER='1' AIRFLOW_CTX_DAG_RUN_ID='scheduled__2021-08-23T00:00:00+00:00'
[2023-06-11T10:41:24.989+0000] {subprocess.py:63} INFO - Tmp dir root location: 
 /tmp
[2023-06-11T10:41:24.991+0000] {subprocess.py:75} INFO - Running command: ['/bin/bash', '-c', 'echo hey, I am task2 and will be running after task1!']
[2023-06-11T10:41:25.227+0000] {subprocess.py:86} INFO - Output:
[2023-06-11T10:41:25.525+0000] {subprocess.py:93} INFO - hey, I am task2 and will be running after task1!
[2023-06-11T10:41:25.528+0000] {subprocess.py:97} INFO - Command exited with return code 0
[2023-06-11T10:41:25.692+0000] {taskinstance.py:1350} INFO - Marking task as SUCCESS. dag_id=first_dag_02, task_id=second_task, execution_date=20210823T000000, start_date=20230611T104116, end_date=20230611T104125
[2023-06-11T10:41:26.522+0000] {local_task_job_runner.py:225} INFO - Task exited with return code 0
[2023-06-11T10:41:27.570+0000] {taskinstance.py:2651} INFO - 0 downstream tasks scheduled from follow-on schedule check
