[2023-06-11T04:51:06.870+0000] {taskinstance.py:1103} INFO - Dependencies all met for dep_context=non-requeueable deps ti=<TaskInstance: first_dag_02.second_task scheduled__2021-09-24T00:00:00+00:00 [queued]>
[2023-06-11T04:51:07.216+0000] {taskinstance.py:1103} INFO - Dependencies all met for dep_context=requeueable deps ti=<TaskInstance: first_dag_02.second_task scheduled__2021-09-24T00:00:00+00:00 [queued]>
[2023-06-11T04:51:07.342+0000] {taskinstance.py:1308} INFO - Starting attempt 1 of 6
[2023-06-11T04:51:08.382+0000] {taskinstance.py:1327} INFO - Executing <Task(BashOperator): second_task> on 2021-09-24 00:00:00+00:00
[2023-06-11T04:51:09.258+0000] {standard_task_runner.py:57} INFO - Started process 854 to run task
[2023-06-11T04:51:09.485+0000] {standard_task_runner.py:84} INFO - Running: ['***', 'tasks', 'run', 'first_dag_02', 'second_task', 'scheduled__2021-09-24T00:00:00+00:00', '--job-id', '250', '--raw', '--subdir', 'DAGS_FOLDER/First_dag.py', '--cfg-path', '/tmp/tmpvdyynt_9']
[2023-06-11T04:51:09.486+0000] {standard_task_runner.py:85} INFO - Job 250: Subtask second_task
[2023-06-11T04:51:12.776+0000] {task_command.py:410} INFO - Running <TaskInstance: first_dag_02.second_task scheduled__2021-09-24T00:00:00+00:00 [running]> on host 4b1b5d40d165
[2023-06-11T04:51:18.537+0000] {taskinstance.py:1547} INFO - Exporting env vars: AIRFLOW_CTX_DAG_OWNER='Raja' AIRFLOW_CTX_DAG_ID='first_dag_02' AIRFLOW_CTX_TASK_ID='second_task' AIRFLOW_CTX_EXECUTION_DATE='2021-09-24T00:00:00+00:00' AIRFLOW_CTX_TRY_NUMBER='1' AIRFLOW_CTX_DAG_RUN_ID='scheduled__2021-09-24T00:00:00+00:00'
[2023-06-11T04:51:18.551+0000] {subprocess.py:63} INFO - Tmp dir root location: 
 /tmp
[2023-06-11T04:51:18.566+0000] {subprocess.py:75} INFO - Running command: ['/bin/bash', '-c', 'echo hey, I am task2 and will be running after task1!']
[2023-06-11T04:51:19.112+0000] {subprocess.py:86} INFO - Output:
[2023-06-11T04:51:19.113+0000] {subprocess.py:93} INFO - hey, I am task2 and will be running after task1!
[2023-06-11T04:51:19.121+0000] {subprocess.py:97} INFO - Command exited with return code 0
[2023-06-11T04:51:20.626+0000] {taskinstance.py:1350} INFO - Marking task as SUCCESS. dag_id=first_dag_02, task_id=second_task, execution_date=20210924T000000, start_date=20230611T045106, end_date=20230611T045120
[2023-06-11T04:51:21.242+0000] {local_task_job_runner.py:225} INFO - Task exited with return code 0
[2023-06-11T04:51:23.435+0000] {taskinstance.py:2651} INFO - 0 downstream tasks scheduled from follow-on schedule check
[2023-06-11T08:28:17.596+0000] {taskinstance.py:1103} INFO - Dependencies all met for dep_context=non-requeueable deps ti=<TaskInstance: first_dag_02.second_task scheduled__2021-09-24T00:00:00+00:00 [queued]>
[2023-06-11T08:28:22.669+0000] {taskinstance.py:1103} INFO - Dependencies all met for dep_context=requeueable deps ti=<TaskInstance: first_dag_02.second_task scheduled__2021-09-24T00:00:00+00:00 [queued]>
[2023-06-11T08:28:22.706+0000] {taskinstance.py:1308} INFO - Starting attempt 1 of 6
[2023-06-11T08:28:25.661+0000] {taskinstance.py:1327} INFO - Executing <Task(BashOperator): second_task> on 2021-09-24 00:00:00+00:00
[2023-06-11T08:28:27.862+0000] {standard_task_runner.py:57} INFO - Started process 1244 to run task
[2023-06-11T08:28:28.062+0000] {standard_task_runner.py:84} INFO - Running: ['***', 'tasks', 'run', 'first_dag_02', 'second_task', 'scheduled__2021-09-24T00:00:00+00:00', '--job-id', '384', '--raw', '--subdir', 'DAGS_FOLDER/First_dag.py', '--cfg-path', '/tmp/tmpenkmqdzr']
[2023-06-11T08:28:28.767+0000] {standard_task_runner.py:85} INFO - Job 384: Subtask second_task
[2023-06-11T08:28:40.289+0000] {task_command.py:410} INFO - Running <TaskInstance: first_dag_02.second_task scheduled__2021-09-24T00:00:00+00:00 [running]> on host 492037cdd057
[2023-06-11T08:28:47.096+0000] {taskinstance.py:1547} INFO - Exporting env vars: AIRFLOW_CTX_DAG_OWNER='Raja' AIRFLOW_CTX_DAG_ID='first_dag_02' AIRFLOW_CTX_TASK_ID='second_task' AIRFLOW_CTX_EXECUTION_DATE='2021-09-24T00:00:00+00:00' AIRFLOW_CTX_TRY_NUMBER='1' AIRFLOW_CTX_DAG_RUN_ID='scheduled__2021-09-24T00:00:00+00:00'
[2023-06-11T08:28:47.177+0000] {subprocess.py:63} INFO - Tmp dir root location: 
 /tmp
[2023-06-11T08:28:47.193+0000] {subprocess.py:75} INFO - Running command: ['/bin/bash', '-c', 'echo hey, I am task2 and will be running after task1!']
[2023-06-11T08:28:47.367+0000] {subprocess.py:86} INFO - Output:
[2023-06-11T08:28:47.400+0000] {subprocess.py:93} INFO - hey, I am task2 and will be running after task1!
[2023-06-11T08:28:47.409+0000] {subprocess.py:97} INFO - Command exited with return code 0
[2023-06-11T08:28:47.693+0000] {taskinstance.py:1350} INFO - Marking task as SUCCESS. dag_id=first_dag_02, task_id=second_task, execution_date=20210924T000000, start_date=20230611T082817, end_date=20230611T082847
[2023-06-11T08:28:48.571+0000] {local_task_job_runner.py:225} INFO - Task exited with return code 0
[2023-06-11T08:28:49.573+0000] {taskinstance.py:2651} INFO - 0 downstream tasks scheduled from follow-on schedule check
[2023-06-11T08:50:53.455+0000] {taskinstance.py:1103} INFO - Dependencies all met for dep_context=non-requeueable deps ti=<TaskInstance: first_dag_02.second_task scheduled__2021-09-24T00:00:00+00:00 [queued]>
[2023-06-11T08:50:53.753+0000] {taskinstance.py:1103} INFO - Dependencies all met for dep_context=requeueable deps ti=<TaskInstance: first_dag_02.second_task scheduled__2021-09-24T00:00:00+00:00 [queued]>
[2023-06-11T08:50:53.754+0000] {taskinstance.py:1308} INFO - Starting attempt 1 of 6
[2023-06-11T08:50:54.491+0000] {taskinstance.py:1327} INFO - Executing <Task(BashOperator): second_task> on 2021-09-24 00:00:00+00:00
[2023-06-11T08:50:54.614+0000] {standard_task_runner.py:57} INFO - Started process 983 to run task
[2023-06-11T08:50:54.661+0000] {standard_task_runner.py:84} INFO - Running: ['***', 'tasks', 'run', 'first_dag_02', 'second_task', 'scheduled__2021-09-24T00:00:00+00:00', '--job-id', '300', '--raw', '--subdir', 'DAGS_FOLDER/First_dag.py', '--cfg-path', '/tmp/tmp6kiwulpm']
[2023-06-11T08:50:54.662+0000] {standard_task_runner.py:85} INFO - Job 300: Subtask second_task
[2023-06-11T08:50:55.028+0000] {task_command.py:410} INFO - Running <TaskInstance: first_dag_02.second_task scheduled__2021-09-24T00:00:00+00:00 [running]> on host 964e508aad03
[2023-06-11T08:50:57.017+0000] {taskinstance.py:1547} INFO - Exporting env vars: AIRFLOW_CTX_DAG_OWNER='Raja' AIRFLOW_CTX_DAG_ID='first_dag_02' AIRFLOW_CTX_TASK_ID='second_task' AIRFLOW_CTX_EXECUTION_DATE='2021-09-24T00:00:00+00:00' AIRFLOW_CTX_TRY_NUMBER='1' AIRFLOW_CTX_DAG_RUN_ID='scheduled__2021-09-24T00:00:00+00:00'
[2023-06-11T08:50:57.019+0000] {subprocess.py:63} INFO - Tmp dir root location: 
 /tmp
[2023-06-11T08:50:57.029+0000] {subprocess.py:75} INFO - Running command: ['/bin/bash', '-c', 'echo hey, I am task2 and will be running after task1!']
[2023-06-11T08:50:57.178+0000] {subprocess.py:86} INFO - Output:
[2023-06-11T08:50:57.179+0000] {subprocess.py:93} INFO - hey, I am task2 and will be running after task1!
[2023-06-11T08:50:57.183+0000] {subprocess.py:97} INFO - Command exited with return code 0
[2023-06-11T08:50:57.477+0000] {taskinstance.py:1350} INFO - Marking task as SUCCESS. dag_id=first_dag_02, task_id=second_task, execution_date=20210924T000000, start_date=20230611T085053, end_date=20230611T085057
[2023-06-11T08:50:57.647+0000] {local_task_job_runner.py:225} INFO - Task exited with return code 0
[2023-06-11T08:50:57.839+0000] {taskinstance.py:2651} INFO - 0 downstream tasks scheduled from follow-on schedule check
[2023-06-11T10:55:03.048+0000] {taskinstance.py:1103} INFO - Dependencies all met for dep_context=non-requeueable deps ti=<TaskInstance: first_dag_02.second_task scheduled__2021-09-24T00:00:00+00:00 [queued]>
[2023-06-11T10:55:04.310+0000] {taskinstance.py:1103} INFO - Dependencies all met for dep_context=requeueable deps ti=<TaskInstance: first_dag_02.second_task scheduled__2021-09-24T00:00:00+00:00 [queued]>
[2023-06-11T10:55:04.318+0000] {taskinstance.py:1308} INFO - Starting attempt 1 of 6
[2023-06-11T10:55:06.519+0000] {taskinstance.py:1327} INFO - Executing <Task(BashOperator): second_task> on 2021-09-24 00:00:00+00:00
[2023-06-11T10:55:06.538+0000] {standard_task_runner.py:57} INFO - Started process 1091 to run task
[2023-06-11T10:55:06.577+0000] {standard_task_runner.py:84} INFO - Running: ['***', 'tasks', 'run', 'first_dag_02', 'second_task', 'scheduled__2021-09-24T00:00:00+00:00', '--job-id', '297', '--raw', '--subdir', 'DAGS_FOLDER/First_dag.py', '--cfg-path', '/tmp/tmpb42j0z34']
[2023-06-11T10:55:06.584+0000] {standard_task_runner.py:85} INFO - Job 297: Subtask second_task
[2023-06-11T10:55:10.220+0000] {task_command.py:410} INFO - Running <TaskInstance: first_dag_02.second_task scheduled__2021-09-24T00:00:00+00:00 [running]> on host 7586ce0070ac
[2023-06-11T10:55:14.482+0000] {taskinstance.py:1547} INFO - Exporting env vars: AIRFLOW_CTX_DAG_OWNER='Raja' AIRFLOW_CTX_DAG_ID='first_dag_02' AIRFLOW_CTX_TASK_ID='second_task' AIRFLOW_CTX_EXECUTION_DATE='2021-09-24T00:00:00+00:00' AIRFLOW_CTX_TRY_NUMBER='1' AIRFLOW_CTX_DAG_RUN_ID='scheduled__2021-09-24T00:00:00+00:00'
[2023-06-11T10:55:14.498+0000] {subprocess.py:63} INFO - Tmp dir root location: 
 /tmp
[2023-06-11T10:55:14.503+0000] {subprocess.py:75} INFO - Running command: ['/bin/bash', '-c', 'echo hey, I am task2 and will be running after task1!']
[2023-06-11T10:55:14.551+0000] {subprocess.py:86} INFO - Output:
[2023-06-11T10:55:14.582+0000] {subprocess.py:93} INFO - hey, I am task2 and will be running after task1!
[2023-06-11T10:55:14.584+0000] {subprocess.py:97} INFO - Command exited with return code 0
[2023-06-11T10:55:15.082+0000] {taskinstance.py:1350} INFO - Marking task as SUCCESS. dag_id=first_dag_02, task_id=second_task, execution_date=20210924T000000, start_date=20230611T105503, end_date=20230611T105515
[2023-06-11T10:55:18.620+0000] {local_task_job_runner.py:225} INFO - Task exited with return code 0
[2023-06-11T10:55:21.247+0000] {taskinstance.py:2651} INFO - 0 downstream tasks scheduled from follow-on schedule check
