[2023-06-11T05:20:42.615+0000] {taskinstance.py:1103} INFO - Dependencies all met for dep_context=non-requeueable deps ti=<TaskInstance: dag_catchip_01.task1 scheduled__2023-05-29T00:00:00+00:00 [queued]>
[2023-06-11T05:20:42.654+0000] {taskinstance.py:1103} INFO - Dependencies all met for dep_context=requeueable deps ti=<TaskInstance: dag_catchip_01.task1 scheduled__2023-05-29T00:00:00+00:00 [queued]>
[2023-06-11T05:20:42.657+0000] {taskinstance.py:1308} INFO - Starting attempt 1 of 6
[2023-06-11T05:20:42.759+0000] {taskinstance.py:1327} INFO - Executing <Task(BashOperator): task1> on 2023-05-29 00:00:00+00:00
[2023-06-11T05:20:42.768+0000] {standard_task_runner.py:57} INFO - Started process 785 to run task
[2023-06-11T05:20:42.780+0000] {standard_task_runner.py:84} INFO - Running: ['***', 'tasks', 'run', 'dag_catchip_01', 'task1', 'scheduled__2023-05-29T00:00:00+00:00', '--job-id', '216', '--raw', '--subdir', 'DAGS_FOLDER/dag_catchup.py', '--cfg-path', '/tmp/tmp00jw0fjx']
[2023-06-11T05:20:42.781+0000] {standard_task_runner.py:85} INFO - Job 216: Subtask task1
[2023-06-11T05:20:43.104+0000] {task_command.py:410} INFO - Running <TaskInstance: dag_catchip_01.task1 scheduled__2023-05-29T00:00:00+00:00 [running]> on host 69e374580eab
[2023-06-11T05:20:43.543+0000] {taskinstance.py:1547} INFO - Exporting env vars: AIRFLOW_CTX_DAG_OWNER='Raja' AIRFLOW_CTX_DAG_ID='dag_catchip_01' AIRFLOW_CTX_TASK_ID='task1' AIRFLOW_CTX_EXECUTION_DATE='2023-05-29T00:00:00+00:00' AIRFLOW_CTX_TRY_NUMBER='1' AIRFLOW_CTX_DAG_RUN_ID='scheduled__2023-05-29T00:00:00+00:00'
[2023-06-11T05:20:43.545+0000] {subprocess.py:63} INFO - Tmp dir root location: 
 /tmp
[2023-06-11T05:20:43.550+0000] {subprocess.py:75} INFO - Running command: ['/bin/bash', '-c', 'echo Hai how are you']
[2023-06-11T05:20:43.569+0000] {subprocess.py:86} INFO - Output:
[2023-06-11T05:20:43.574+0000] {subprocess.py:93} INFO - Hai how are you
[2023-06-11T05:20:43.575+0000] {subprocess.py:97} INFO - Command exited with return code 0
[2023-06-11T05:20:43.666+0000] {taskinstance.py:1350} INFO - Marking task as SUCCESS. dag_id=dag_catchip_01, task_id=task1, execution_date=20230529T000000, start_date=20230611T052042, end_date=20230611T052043
[2023-06-11T05:20:43.714+0000] {local_task_job_runner.py:225} INFO - Task exited with return code 0
[2023-06-11T05:20:43.805+0000] {taskinstance.py:2651} INFO - 0 downstream tasks scheduled from follow-on schedule check
[2023-06-11T08:24:37.752+0000] {taskinstance.py:1103} INFO - Dependencies all met for dep_context=non-requeueable deps ti=<TaskInstance: dag_catchip_01.task1 scheduled__2023-05-29T00:00:00+00:00 [queued]>
[2023-06-11T08:24:38.304+0000] {taskinstance.py:1103} INFO - Dependencies all met for dep_context=requeueable deps ti=<TaskInstance: dag_catchip_01.task1 scheduled__2023-05-29T00:00:00+00:00 [queued]>
[2023-06-11T08:24:38.304+0000] {taskinstance.py:1308} INFO - Starting attempt 1 of 6
[2023-06-11T08:24:39.248+0000] {taskinstance.py:1327} INFO - Executing <Task(BashOperator): task1> on 2023-05-29 00:00:00+00:00
[2023-06-11T08:24:39.408+0000] {standard_task_runner.py:84} INFO - Running: ['***', 'tasks', 'run', 'dag_catchip_01', 'task1', 'scheduled__2023-05-29T00:00:00+00:00', '--job-id', '310', '--raw', '--subdir', 'DAGS_FOLDER/dag_catchup.py', '--cfg-path', '/tmp/tmpyw7wdujl']
[2023-06-11T08:24:39.419+0000] {standard_task_runner.py:85} INFO - Job 310: Subtask task1
[2023-06-11T08:24:39.439+0000] {standard_task_runner.py:57} INFO - Started process 1000 to run task
[2023-06-11T08:24:40.560+0000] {task_command.py:410} INFO - Running <TaskInstance: dag_catchip_01.task1 scheduled__2023-05-29T00:00:00+00:00 [running]> on host 492037cdd057
[2023-06-11T08:24:42.104+0000] {taskinstance.py:1547} INFO - Exporting env vars: AIRFLOW_CTX_DAG_OWNER='Raja' AIRFLOW_CTX_DAG_ID='dag_catchip_01' AIRFLOW_CTX_TASK_ID='task1' AIRFLOW_CTX_EXECUTION_DATE='2023-05-29T00:00:00+00:00' AIRFLOW_CTX_TRY_NUMBER='1' AIRFLOW_CTX_DAG_RUN_ID='scheduled__2023-05-29T00:00:00+00:00'
[2023-06-11T08:24:42.106+0000] {subprocess.py:63} INFO - Tmp dir root location: 
 /tmp
[2023-06-11T08:24:42.175+0000] {subprocess.py:75} INFO - Running command: ['/bin/bash', '-c', 'echo Hai how are you']
[2023-06-11T08:24:42.281+0000] {subprocess.py:86} INFO - Output:
[2023-06-11T08:24:42.307+0000] {subprocess.py:93} INFO - Hai how are you
[2023-06-11T08:24:42.317+0000] {subprocess.py:97} INFO - Command exited with return code 0
[2023-06-11T08:24:43.341+0000] {taskinstance.py:1350} INFO - Marking task as SUCCESS. dag_id=dag_catchip_01, task_id=task1, execution_date=20230529T000000, start_date=20230611T082437, end_date=20230611T082443
[2023-06-11T08:24:44.078+0000] {local_task_job_runner.py:225} INFO - Task exited with return code 0
[2023-06-11T08:24:44.295+0000] {taskinstance.py:2651} INFO - 0 downstream tasks scheduled from follow-on schedule check
