[2023-06-11T08:54:11.502+0000] {taskinstance.py:1103} INFO - Dependencies all met for dep_context=non-requeueable deps ti=<TaskInstance: first_dag_02.first_task scheduled__2021-11-20T00:00:00+00:00 [queued]>
[2023-06-11T08:54:11.789+0000] {taskinstance.py:1103} INFO - Dependencies all met for dep_context=requeueable deps ti=<TaskInstance: first_dag_02.first_task scheduled__2021-11-20T00:00:00+00:00 [queued]>
[2023-06-11T08:54:11.789+0000] {taskinstance.py:1308} INFO - Starting attempt 1 of 6
[2023-06-11T08:54:12.440+0000] {taskinstance.py:1327} INFO - Executing <Task(BashOperator): first_task> on 2021-11-20 00:00:00+00:00
[2023-06-11T08:54:12.475+0000] {standard_task_runner.py:57} INFO - Started process 1748 to run task
[2023-06-11T08:54:12.553+0000] {standard_task_runner.py:84} INFO - Running: ['***', 'tasks', 'run', 'first_dag_02', 'first_task', 'scheduled__2021-11-20T00:00:00+00:00', '--job-id', '542', '--raw', '--subdir', 'DAGS_FOLDER/First_dag.py', '--cfg-path', '/tmp/tmp8xd8kpd_']
[2023-06-11T08:54:12.554+0000] {standard_task_runner.py:85} INFO - Job 542: Subtask first_task
[2023-06-11T08:54:13.214+0000] {task_command.py:410} INFO - Running <TaskInstance: first_dag_02.first_task scheduled__2021-11-20T00:00:00+00:00 [running]> on host 964e508aad03
[2023-06-11T08:54:14.814+0000] {taskinstance.py:1547} INFO - Exporting env vars: AIRFLOW_CTX_DAG_OWNER='Raja' AIRFLOW_CTX_DAG_ID='first_dag_02' AIRFLOW_CTX_TASK_ID='first_task' AIRFLOW_CTX_EXECUTION_DATE='2021-11-20T00:00:00+00:00' AIRFLOW_CTX_TRY_NUMBER='1' AIRFLOW_CTX_DAG_RUN_ID='scheduled__2021-11-20T00:00:00+00:00'
[2023-06-11T08:54:14.848+0000] {subprocess.py:63} INFO - Tmp dir root location: 
 /tmp
[2023-06-11T08:54:14.849+0000] {subprocess.py:75} INFO - Running command: ['/bin/bash', '-c', 'echo hello world, this is the first task!']
[2023-06-11T08:54:14.972+0000] {subprocess.py:86} INFO - Output:
[2023-06-11T08:54:15.002+0000] {subprocess.py:93} INFO - hello world, this is the first task!
[2023-06-11T08:54:15.010+0000] {subprocess.py:97} INFO - Command exited with return code 0
[2023-06-11T08:54:15.742+0000] {taskinstance.py:1350} INFO - Marking task as SUCCESS. dag_id=first_dag_02, task_id=first_task, execution_date=20211120T000000, start_date=20230611T085411, end_date=20230611T085415
[2023-06-11T08:54:16.040+0000] {local_task_job_runner.py:225} INFO - Task exited with return code 0
[2023-06-11T08:54:16.420+0000] {taskinstance.py:2651} INFO - 2 downstream tasks scheduled from follow-on schedule check
[2023-06-11T11:16:33.035+0000] {taskinstance.py:1103} INFO - Dependencies all met for dep_context=non-requeueable deps ti=<TaskInstance: first_dag_02.first_task scheduled__2021-11-20T00:00:00+00:00 [queued]>
[2023-06-11T11:16:33.169+0000] {taskinstance.py:1103} INFO - Dependencies all met for dep_context=requeueable deps ti=<TaskInstance: first_dag_02.first_task scheduled__2021-11-20T00:00:00+00:00 [queued]>
[2023-06-11T11:16:33.170+0000] {taskinstance.py:1308} INFO - Starting attempt 1 of 6
[2023-06-11T11:16:33.390+0000] {taskinstance.py:1327} INFO - Executing <Task(BashOperator): first_task> on 2021-11-20 00:00:00+00:00
[2023-06-11T11:16:33.420+0000] {standard_task_runner.py:57} INFO - Started process 473 to run task
[2023-06-11T11:16:33.710+0000] {standard_task_runner.py:84} INFO - Running: ['***', 'tasks', 'run', 'first_dag_02', 'first_task', 'scheduled__2021-11-20T00:00:00+00:00', '--job-id', '601', '--raw', '--subdir', 'DAGS_FOLDER/First_dag.py', '--cfg-path', '/tmp/tmp8ldw2yef']
[2023-06-11T11:16:33.780+0000] {standard_task_runner.py:85} INFO - Job 601: Subtask first_task
[2023-06-11T11:16:35.196+0000] {task_command.py:410} INFO - Running <TaskInstance: first_dag_02.first_task scheduled__2021-11-20T00:00:00+00:00 [running]> on host 7586ce0070ac
[2023-06-11T11:16:38.550+0000] {taskinstance.py:1547} INFO - Exporting env vars: AIRFLOW_CTX_DAG_OWNER='Raja' AIRFLOW_CTX_DAG_ID='first_dag_02' AIRFLOW_CTX_TASK_ID='first_task' AIRFLOW_CTX_EXECUTION_DATE='2021-11-20T00:00:00+00:00' AIRFLOW_CTX_TRY_NUMBER='1' AIRFLOW_CTX_DAG_RUN_ID='scheduled__2021-11-20T00:00:00+00:00'
[2023-06-11T11:16:38.553+0000] {subprocess.py:63} INFO - Tmp dir root location: 
 /tmp
[2023-06-11T11:16:38.577+0000] {subprocess.py:75} INFO - Running command: ['/bin/bash', '-c', 'echo hello world, this is the first task!']
[2023-06-11T11:16:38.751+0000] {subprocess.py:86} INFO - Output:
[2023-06-11T11:16:38.788+0000] {subprocess.py:93} INFO - hello world, this is the first task!
[2023-06-11T11:16:38.789+0000] {subprocess.py:97} INFO - Command exited with return code 0
[2023-06-11T11:16:39.120+0000] {taskinstance.py:1350} INFO - Marking task as SUCCESS. dag_id=first_dag_02, task_id=first_task, execution_date=20211120T000000, start_date=20230611T111633, end_date=20230611T111639
[2023-06-11T11:16:39.534+0000] {local_task_job_runner.py:225} INFO - Task exited with return code 0
[2023-06-11T11:16:39.949+0000] {taskinstance.py:2651} INFO - 2 downstream tasks scheduled from follow-on schedule check
