[2023-06-11T09:37:25.686+0000] {taskinstance.py:1103} INFO - Dependencies all met for dep_context=non-requeueable deps ti=<TaskInstance: first_dag_02.thrid_task scheduled__2022-03-19T00:00:00+00:00 [queued]>
[2023-06-11T09:37:26.359+0000] {taskinstance.py:1103} INFO - Dependencies all met for dep_context=requeueable deps ti=<TaskInstance: first_dag_02.thrid_task scheduled__2022-03-19T00:00:00+00:00 [queued]>
[2023-06-11T09:37:26.359+0000] {taskinstance.py:1308} INFO - Starting attempt 1 of 6
[2023-06-11T09:37:27.161+0000] {taskinstance.py:1327} INFO - Executing <Task(BashOperator): thrid_task> on 2022-03-19 00:00:00+00:00
[2023-06-11T09:37:27.188+0000] {standard_task_runner.py:57} INFO - Started process 3660 to run task
[2023-06-11T09:37:27.459+0000] {standard_task_runner.py:84} INFO - Running: ['***', 'tasks', 'run', 'first_dag_02', 'thrid_task', 'scheduled__2022-03-19T00:00:00+00:00', '--job-id', '1138', '--raw', '--subdir', 'DAGS_FOLDER/First_dag.py', '--cfg-path', '/tmp/tmp68c5ld5v']
[2023-06-11T09:37:27.460+0000] {standard_task_runner.py:85} INFO - Job 1138: Subtask thrid_task
[2023-06-11T09:37:30.202+0000] {task_command.py:410} INFO - Running <TaskInstance: first_dag_02.thrid_task scheduled__2022-03-19T00:00:00+00:00 [running]> on host 964e508aad03
[2023-06-11T09:37:37.283+0000] {taskinstance.py:1547} INFO - Exporting env vars: AIRFLOW_CTX_DAG_OWNER='Raja' AIRFLOW_CTX_DAG_ID='first_dag_02' AIRFLOW_CTX_TASK_ID='thrid_task' AIRFLOW_CTX_EXECUTION_DATE='2022-03-19T00:00:00+00:00' AIRFLOW_CTX_TRY_NUMBER='1' AIRFLOW_CTX_DAG_RUN_ID='scheduled__2022-03-19T00:00:00+00:00'
[2023-06-11T09:37:37.291+0000] {subprocess.py:63} INFO - Tmp dir root location: 
 /tmp
[2023-06-11T09:37:37.291+0000] {subprocess.py:75} INFO - Running command: ['/bin/bash', '-c', 'echo hey, I am task3 and will be running after task1 at the same time as task2!']
[2023-06-11T09:37:37.464+0000] {subprocess.py:86} INFO - Output:
[2023-06-11T09:37:37.489+0000] {subprocess.py:93} INFO - hey, I am task3 and will be running after task1 at the same time as task2!
[2023-06-11T09:37:37.489+0000] {subprocess.py:97} INFO - Command exited with return code 0
[2023-06-11T09:37:38.963+0000] {taskinstance.py:1350} INFO - Marking task as SUCCESS. dag_id=first_dag_02, task_id=thrid_task, execution_date=20220319T000000, start_date=20230611T093725, end_date=20230611T093738
[2023-06-11T09:37:39.618+0000] {local_task_job_runner.py:225} INFO - Task exited with return code 0
[2023-06-11T09:37:40.390+0000] {taskinstance.py:2651} INFO - 0 downstream tasks scheduled from follow-on schedule check
[2023-06-11T15:26:52.042+0000] {taskinstance.py:1103} INFO - Dependencies all met for dep_context=non-requeueable deps ti=<TaskInstance: first_dag_02.thrid_task scheduled__2022-03-19T00:00:00+00:00 [queued]>
[2023-06-11T15:26:52.179+0000] {taskinstance.py:1103} INFO - Dependencies all met for dep_context=requeueable deps ti=<TaskInstance: first_dag_02.thrid_task scheduled__2022-03-19T00:00:00+00:00 [queued]>
[2023-06-11T15:26:52.192+0000] {taskinstance.py:1308} INFO - Starting attempt 1 of 6
[2023-06-11T15:26:52.444+0000] {taskinstance.py:1327} INFO - Executing <Task(BashOperator): thrid_task> on 2022-03-19 00:00:00+00:00
[2023-06-11T15:26:52.479+0000] {standard_task_runner.py:57} INFO - Started process 284 to run task
[2023-06-11T15:26:52.527+0000] {standard_task_runner.py:84} INFO - Running: ['***', 'tasks', 'run', 'first_dag_02', 'thrid_task', 'scheduled__2022-03-19T00:00:00+00:00', '--job-id', '1167', '--raw', '--subdir', 'DAGS_FOLDER/First_dag.py', '--cfg-path', '/tmp/tmp8kl3qx9w']
[2023-06-11T15:26:52.548+0000] {standard_task_runner.py:85} INFO - Job 1167: Subtask thrid_task
[2023-06-11T15:26:53.345+0000] {task_command.py:410} INFO - Running <TaskInstance: first_dag_02.thrid_task scheduled__2022-03-19T00:00:00+00:00 [running]> on host 7586ce0070ac
[2023-06-11T15:26:55.263+0000] {taskinstance.py:1547} INFO - Exporting env vars: AIRFLOW_CTX_DAG_OWNER='Raja' AIRFLOW_CTX_DAG_ID='first_dag_02' AIRFLOW_CTX_TASK_ID='thrid_task' AIRFLOW_CTX_EXECUTION_DATE='2022-03-19T00:00:00+00:00' AIRFLOW_CTX_TRY_NUMBER='1' AIRFLOW_CTX_DAG_RUN_ID='scheduled__2022-03-19T00:00:00+00:00'
[2023-06-11T15:26:55.265+0000] {subprocess.py:63} INFO - Tmp dir root location: 
 /tmp
[2023-06-11T15:26:55.266+0000] {subprocess.py:75} INFO - Running command: ['/bin/bash', '-c', 'echo hey, I am task3 and will be running after task1 at the same time as task2!']
[2023-06-11T15:26:55.380+0000] {subprocess.py:86} INFO - Output:
[2023-06-11T15:26:55.387+0000] {subprocess.py:93} INFO - hey, I am task3 and will be running after task1 at the same time as task2!
[2023-06-11T15:26:55.387+0000] {subprocess.py:97} INFO - Command exited with return code 0
[2023-06-11T15:26:55.663+0000] {taskinstance.py:1350} INFO - Marking task as SUCCESS. dag_id=first_dag_02, task_id=thrid_task, execution_date=20220319T000000, start_date=20230611T152652, end_date=20230611T152655
[2023-06-11T15:26:55.897+0000] {local_task_job_runner.py:225} INFO - Task exited with return code 0
[2023-06-11T15:26:56.411+0000] {taskinstance.py:2651} INFO - 0 downstream tasks scheduled from follow-on schedule check
