[2023-06-11T08:59:46.286+0000] {taskinstance.py:1103} INFO - Dependencies all met for dep_context=non-requeueable deps ti=<TaskInstance: first_dag_02.first_task scheduled__2022-02-10T00:00:00+00:00 [queued]>
[2023-06-11T08:59:46.513+0000] {taskinstance.py:1103} INFO - Dependencies all met for dep_context=requeueable deps ti=<TaskInstance: first_dag_02.first_task scheduled__2022-02-10T00:00:00+00:00 [queued]>
[2023-06-11T08:59:46.513+0000] {taskinstance.py:1308} INFO - Starting attempt 1 of 6
[2023-06-11T08:59:46.942+0000] {taskinstance.py:1327} INFO - Executing <Task(BashOperator): first_task> on 2022-02-10 00:00:00+00:00
[2023-06-11T08:59:46.979+0000] {standard_task_runner.py:57} INFO - Started process 3014 to run task
[2023-06-11T08:59:47.012+0000] {standard_task_runner.py:84} INFO - Running: ['***', 'tasks', 'run', 'first_dag_02', 'first_task', 'scheduled__2022-02-10T00:00:00+00:00', '--job-id', '939', '--raw', '--subdir', 'DAGS_FOLDER/First_dag.py', '--cfg-path', '/tmp/tmpd3blrwmf']
[2023-06-11T08:59:47.026+0000] {standard_task_runner.py:85} INFO - Job 939: Subtask first_task
[2023-06-11T08:59:47.360+0000] {task_command.py:410} INFO - Running <TaskInstance: first_dag_02.first_task scheduled__2022-02-10T00:00:00+00:00 [running]> on host 964e508aad03
[2023-06-11T08:59:49.108+0000] {taskinstance.py:1547} INFO - Exporting env vars: AIRFLOW_CTX_DAG_OWNER='Raja' AIRFLOW_CTX_DAG_ID='first_dag_02' AIRFLOW_CTX_TASK_ID='first_task' AIRFLOW_CTX_EXECUTION_DATE='2022-02-10T00:00:00+00:00' AIRFLOW_CTX_TRY_NUMBER='1' AIRFLOW_CTX_DAG_RUN_ID='scheduled__2022-02-10T00:00:00+00:00'
[2023-06-11T08:59:49.110+0000] {subprocess.py:63} INFO - Tmp dir root location: 
 /tmp
[2023-06-11T08:59:49.111+0000] {subprocess.py:75} INFO - Running command: ['/bin/bash', '-c', 'echo hello world, this is the first task!']
[2023-06-11T08:59:49.321+0000] {subprocess.py:86} INFO - Output:
[2023-06-11T08:59:49.331+0000] {subprocess.py:93} INFO - hello world, this is the first task!
[2023-06-11T08:59:49.332+0000] {subprocess.py:97} INFO - Command exited with return code 0
[2023-06-11T08:59:49.559+0000] {taskinstance.py:1350} INFO - Marking task as SUCCESS. dag_id=first_dag_02, task_id=first_task, execution_date=20220210T000000, start_date=20230611T085946, end_date=20230611T085949
[2023-06-11T08:59:49.760+0000] {local_task_job_runner.py:225} INFO - Task exited with return code 0
[2023-06-11T08:59:50.028+0000] {taskinstance.py:2651} INFO - 2 downstream tasks scheduled from follow-on schedule check
[2023-06-11T11:33:24.628+0000] {taskinstance.py:1103} INFO - Dependencies all met for dep_context=non-requeueable deps ti=<TaskInstance: first_dag_02.first_task scheduled__2022-02-10T00:00:00+00:00 [queued]>
[2023-06-11T11:33:24.857+0000] {taskinstance.py:1103} INFO - Dependencies all met for dep_context=requeueable deps ti=<TaskInstance: first_dag_02.first_task scheduled__2022-02-10T00:00:00+00:00 [queued]>
[2023-06-11T11:33:24.867+0000] {taskinstance.py:1308} INFO - Starting attempt 1 of 6
[2023-06-11T11:33:25.724+0000] {taskinstance.py:1327} INFO - Executing <Task(BashOperator): first_task> on 2022-02-10 00:00:00+00:00
[2023-06-11T11:33:25.798+0000] {standard_task_runner.py:57} INFO - Started process 519 to run task
[2023-06-11T11:33:25.841+0000] {standard_task_runner.py:84} INFO - Running: ['***', 'tasks', 'run', 'first_dag_02', 'first_task', 'scheduled__2022-02-10T00:00:00+00:00', '--job-id', '961', '--raw', '--subdir', 'DAGS_FOLDER/First_dag.py', '--cfg-path', '/tmp/tmp8xw31eh0']
[2023-06-11T11:33:25.955+0000] {standard_task_runner.py:85} INFO - Job 961: Subtask first_task
[2023-06-11T11:33:27.079+0000] {task_command.py:410} INFO - Running <TaskInstance: first_dag_02.first_task scheduled__2022-02-10T00:00:00+00:00 [running]> on host 7586ce0070ac
[2023-06-11T11:33:29.836+0000] {taskinstance.py:1547} INFO - Exporting env vars: AIRFLOW_CTX_DAG_OWNER='Raja' AIRFLOW_CTX_DAG_ID='first_dag_02' AIRFLOW_CTX_TASK_ID='first_task' AIRFLOW_CTX_EXECUTION_DATE='2022-02-10T00:00:00+00:00' AIRFLOW_CTX_TRY_NUMBER='1' AIRFLOW_CTX_DAG_RUN_ID='scheduled__2022-02-10T00:00:00+00:00'
[2023-06-11T11:33:29.847+0000] {subprocess.py:63} INFO - Tmp dir root location: 
 /tmp
[2023-06-11T11:33:29.847+0000] {subprocess.py:75} INFO - Running command: ['/bin/bash', '-c', 'echo hello world, this is the first task!']
[2023-06-11T11:33:29.979+0000] {subprocess.py:86} INFO - Output:
[2023-06-11T11:33:29.982+0000] {subprocess.py:93} INFO - hello world, this is the first task!
[2023-06-11T11:33:29.991+0000] {subprocess.py:97} INFO - Command exited with return code 0
[2023-06-11T11:33:30.233+0000] {taskinstance.py:1350} INFO - Marking task as SUCCESS. dag_id=first_dag_02, task_id=first_task, execution_date=20220210T000000, start_date=20230611T113324, end_date=20230611T113330
[2023-06-11T11:33:30.518+0000] {local_task_job_runner.py:225} INFO - Task exited with return code 0
[2023-06-11T11:33:31.003+0000] {taskinstance.py:2651} INFO - 2 downstream tasks scheduled from follow-on schedule check
